#
# A fatal error has been detected by the Java Runtime Environment:
#
#  SIGSEGV (0xb) at pc=0x00007f3139a06263, pid=4522, tid=0x00007f3150241700
#
# JRE version: Java(TM) SE Runtime Environment (8.0_111-b14) (build 1.8.0_111-b14)
# Java VM: Java HotSpot(TM) 64-Bit Server VM (25.111-b14 mixed mode linux-amd64 compressed oops)
# Problematic frame:
# C  [libsimgrid.so+0x190263]  xbt_dynar_member+0x23
#
# Failed to write core dump. Core dumps have been disabled. To enable core dumping, try "ulimit -c unlimited" before starting Java again
#
# If you would like to submit a bug report, please visit:
#   http://bugreport.java.com/bugreport/crash.jsp
#

---------------  T H R E A D  ---------------

Current thread (0x00007f3164077800):  VMThread [stack: 0x00007f3150141000,0x00007f3150242000] [id=4531]

siginfo: si_signo: 11 (SIGSEGV), si_code: 1 (SEGV_MAPERR), si_addr: 0x0000000000000000

Registers:
RAX=0x0000000000000000, RBX=0x00007f3139d72700, RCX=0x0000000000000000, RDX=0x00007f3150241a30
RSP=0x00007f3150240610, RBP=0x00007f316416ab30, RSI=0x00007f31502407b8, RDI=0x00007f31502406d0
R8 =0x00007f3164161b40, R9 =0x00007f3164161b40, R10=0x0000000000000c58, R11=0x00007f3139a06240
R12=0x00007f3139d7d790, R13=0x00007f316414ab30, R14=0x00000000000003d8, R15=0x00007f3164026e68
RIP=0x00007f3139a06263, EFLAGS=0x0000000000010202, CSGSFS=0x0000000000000033, ERR=0x0000000000000004
  TRAPNO=0x000000000000000e

Top of Stack: (sp=0x00007f3150240610)
0x00007f3150240610:   0000000000000000 0000000000000000
0x00007f3150240620:   00007f3164161be0 00007f31502407b8
0x00007f3150240630:   0000000000000000 0000000000000000
0x00007f3150240640:   0000000000000000 0000000000000000
0x00007f3150240650:   0000000000000000 0000000000000000
0x00007f3150240660:   0000000000000000 0000000000000000
0x00007f3150240670:   0000000000000000 0000000000000000
0x00007f3150240680:   0000ff00000000ff 00000000ff000000
0x00007f3150240690:   0000000000000000 0000000000000000
0x00007f31502406a0:   0000000000000000 0000000000000000
0x00007f31502406b0:   0000000000000000 0000000000000000
0x00007f31502406c0:   0000000042c80000 0000000000000000
0x00007f31502406d0:   0000000000000000 0000000000000000
0x00007f31502406e0:   0063002f00650067 0034003800650066
0x00007f31502406f0:   0000000000000000 0000000000000000
0x00007f3150240700:   00007f3139d3d400 00007f316416b220
0x00007f3150240710:   00007f316414ab30 00007f31399fca0a
0x00007f3150240720:   00007f3166c28640 00007f3139d3d400
0x00007f3150240730:   00007f316416b220 00007f3139a6c286
0x00007f3150240740:   00007f31641a9010 0000000000000000
0x00007f3150240750:   0000000000000000 00007f31502407b8
0x00007f3150240760:   00007f3164161be0 00007f3164161b40
0x00007f3150240770:   00007f3164161b40 00007f3139d75a98
0x00007f3150240780:   00007f3164163da0 0000000000000001
0x00007f3150240790:   00007f3139d72700 00007f3164149010
0x00007f31502407a0:   00007f3139d72700 00007f3139a2334f
0x00007f31502407b0:   0000000000000000 00007f316416b220
0x00007f31502407c0:   0063002f00650067 0034003800650066
0x00007f31502407d0:   0000000000000000 00007f3139d75a98
0x00007f31502407e0:   00007f3164163da0 0000000000000001
0x00007f31502407f0:   00007f316414ab30 00007f3139a04d37
0x00007f3150240800:   00007f316414ab30 00007f3139d75098 

Instructions: (pc=0x00007f3139a06263)
0x00007f3139a06243:   ec 90 01 00 00 48 8b 05 01 a2 33 00 48 89 7c 24
0x00007f3139a06253:   10 48 89 74 24 18 ff 10 48 8d bc 24 c0 00 00 00
0x00007f3139a06263:   48 8b 08 48 89 04 24 48 89 38 48 89 4c 24 08 e8
0x00007f3139a06273:   79 31 ed ff 85 c0 74 75 48 8b 14 24 c7 42 08 01 

Register to memory mapping:

RAX=0x0000000000000000 is an unknown value
RBX=0x00007f3139d72700: _simgrid_log_category__simix_process+0 in /tmp/simgrid-java6108581619159540532/libsimgrid.so at 0x00007f3139876000
RCX=0x0000000000000000 is an unknown value
RDX=0x00007f3150241a30 is an unknown value
RSP=0x00007f3150240610 is an unknown value
RBP=0x00007f316416ab30 is an unknown value
RSI=0x00007f31502407b8 is an unknown value
RDI=0x00007f31502406d0 is an unknown value
R8 =0x00007f3164161b40 is an unknown value
R9 =0x00007f3164161b40 is an unknown value
R10=0x0000000000000c58 is an unknown value
R11=0x00007f3139a06240: xbt_dynar_member+0 in /tmp/simgrid-java6108581619159540532/libsimgrid.so at 0x00007f3139876000
R12=0x00007f3139d7d790: simix_global+0 in /tmp/simgrid-java6108581619159540532/libsimgrid.so at 0x00007f3139876000
R13=0x00007f316414ab30 is an unknown value
R14=0x00000000000003d8 is an unknown value
R15=0x00007f3164026e68 is an unknown value


Stack: [0x00007f3150141000,0x00007f3150242000],  sp=0x00007f3150240610,  free space=1021k
Native frames: (J=compiled Java code, j=interpreted, Vv=VM code, C=native code)
C  [libsimgrid.so+0x190263]  xbt_dynar_member+0x23

VM_Operation (0x00007f3110ff03d0): Exit, mode: safepoint, requested by thread 0x00007f3128001000


---------------  P R O C E S S  ---------------

Java Threads: ( => current thread )
  0x00007f3128001000 JavaThread "SIGTERM handler" daemon [_thread_blocked, id=4556, stack(0x00007f3110ef1000,0x00007f3110ff2000)]
  0x00007f30cc001000 JavaThread "Thread-13" [_thread_in_native, id=4554, stack(0x00007f31117f3000,0x00007f3111ff4000)]
  0x00007f30c4001000 JavaThread "Thread-15" [_thread_in_native, id=4555, stack(0x00007f3110ff2000,0x00007f31117f3000)]
  0x00007f30dc001000 JavaThread "Thread-14" [_thread_in_native, id=4551, stack(0x00007f3112ff6000,0x00007f31137f7000)]
  0x00007f30d8001000 JavaThread "Thread-16" [_thread_in_native, id=4553, stack(0x00007f3111ff4000,0x00007f31127f5000)]
  0x00007f30d4001000 JavaThread "Thread-12" [_thread_in_native, id=4552, stack(0x00007f31127f5000,0x00007f3112ff6000)]
  0x00007f30e8001000 JavaThread "Thread-11" [_thread_blocked, id=4550, stack(0x00007f31137f7000,0x00007f3113ff8000)]
  0x00007f30e4001000 JavaThread "Thread-10" [_thread_in_native, id=4549, stack(0x00007f3113ff8000,0x00007f31147f9000)]
  0x00007f30f0001000 JavaThread "Thread-9" [_thread_in_native, id=4548, stack(0x00007f31147f9000,0x00007f3114ffa000)]
  0x00007f30ec001000 JavaThread "Thread-8" [_thread_in_native, id=4547, stack(0x00007f3114ffa000,0x00007f31157fb000)]
  0x00007f30f8001000 JavaThread "Thread-7" [_thread_in_native, id=4546, stack(0x00007f31157fb000,0x00007f3115ffc000)]
  0x00007f30f4001000 JavaThread "Thread-6" [_thread_in_native, id=4545, stack(0x00007f3115ffc000,0x00007f31167fd000)]
  0x00007f3100001000 JavaThread "Thread-5" [_thread_in_native, id=4544, stack(0x00007f31167fd000,0x00007f3116ffe000)]
  0x00007f30fc001000 JavaThread "Thread-4" [_thread_in_native, id=4543, stack(0x00007f3116ffe000,0x00007f31177ff000)]
  0x00007f3108001000 JavaThread "Thread-3" [_thread_in_native, id=4542, stack(0x00007f31177ff000,0x00007f3118000000)]
  0x00007f3104001000 JavaThread "Thread-2" [_thread_in_native, id=4541, stack(0x00007f31380c3000,0x00007f31388c4000)]
  0x00007f310c001000 JavaThread "Thread-1" [_thread_in_native, id=4540, stack(0x00007f31388c4000,0x00007f31390c5000)]
  0x00007f31640c0000 JavaThread "Service Thread" daemon [_thread_blocked, id=4538, stack(0x00007f313a5a8000,0x00007f313a6a9000)]
  0x00007f31640bd000 JavaThread "C1 CompilerThread2" daemon [_thread_blocked, id=4537, stack(0x00007f313a6a9000,0x00007f313a7aa000)]
  0x00007f31640bb000 JavaThread "C2 CompilerThread1" daemon [_thread_blocked, id=4536, stack(0x00007f313a7aa000,0x00007f313a8ab000)]
  0x00007f31640b8800 JavaThread "C2 CompilerThread0" daemon [_thread_blocked, id=4535, stack(0x00007f313a8ab000,0x00007f313a9ac000)]
  0x00007f3164084000 JavaThread "Finalizer" daemon [_thread_blocked, id=4533, stack(0x00007f313beff000,0x00007f313c000000)]
  0x00007f316407f000 JavaThread "Reference Handler" daemon [_thread_blocked, id=4532, stack(0x00007f3150040000,0x00007f3150141000)]
  0x00007f316400a000 JavaThread "main" [_thread_in_native, id=4524, stack(0x00007f316a557000,0x00007f316a658000)]

Other Threads:
=>0x00007f3164077800 VMThread [stack: 0x00007f3150141000,0x00007f3150242000] [id=4531]

VM state:at safepoint (shutting down)

VM Mutex/Monitor currently owned by a thread:  ([mutex/lock_event])
[0x00007f31640060d0] Threads_lock - owner thread: 0x00007f3164077800

Heap:
 PSYoungGen      total 64000K, used 45365K [0x00000000ec400000, 0x00000000f0500000, 0x0000000100000000)
  eden space 61440K, 69% used [0x00000000ec400000,0x00000000eedd55a8,0x00000000f0000000)
  from space 2560K, 98% used [0x00000000f0280000,0x00000000f04f8020,0x00000000f0500000)
  to   space 2560K, 0% used [0x00000000f0000000,0x00000000f0000000,0x00000000f0280000)
 ParOldGen       total 40960K, used 18500K [0x00000000c4c00000, 0x00000000c7400000, 0x00000000ec400000)
  object space 40960K, 45% used [0x00000000c4c00000,0x00000000c5e11030,0x00000000c7400000)
 Metaspace       used 3756K, capacity 4704K, committed 4864K, reserved 1056768K
  class space    used 417K, capacity 464K, committed 512K, reserved 1048576K

Card table byte_map: [0x00007f315400a000,0x00007f31541e5000] byte_map_base: 0x00007f31539e4000

Marking Bits: (ParMarkBitMap*) 0x00007f3169a27220
 Begin Bits: [0x00007f3151e2b000, 0x00007f3152cfb000)
 End Bits:   [0x00007f3152cfb000, 0x00007f3153bcb000)

Polling page: 0x00007f316a676000

CodeCache: size=245760Kb used=2829Kb max_used=2871Kb free=242930Kb
 bounds [0x00007f31545a5000, 0x00007f3154885000, 0x00007f31635a5000]
 total_blobs=471 nmethods=208 adapters=177
 compilation: enabled

Compilation events (10 events):
Event: 4.509 Thread 0x00007f31640b8800  204 % !   4       vcube.Node::main @ 59 (1818 bytes)
Event: 5.089 Thread 0x00007f31640b8800 nmethod 204% 0x00007f3154837bd0 code [0x00007f31548386a0, 0x00007f31548425a8]
Event: 5.153 Thread 0x00007f31640bb000  205 % !   4       vcube.Node::main @ 235 (1818 bytes)
Event: 5.780 Thread 0x00007f31640bb000 nmethod 205% 0x00007f31548474d0 code [0x00007f3154847ec0, 0x00007f3154851b58]
Event: 6.368 Thread 0x00007f31640b8800  206 % !   4       vcube.Node::main @ 1731 (1818 bytes)
Event: 7.033 Thread 0x00007f31640b8800 nmethod 206% 0x00007f3154856310 code [0x00007f3154856d80, 0x00007f3154860888]
Event: 10.599 Thread 0x00007f31640bb000  207 % !   4       vcube.Node::main @ 35 (1818 bytes)
Event: 11.145 Thread 0x00007f31640bb000 nmethod 207% 0x00007f3154865310 code [0x00007f3154865d40, 0x00007f315486f528]
Event: 17.653 Thread 0x00007f31640b8800  208 % !   4       vcube.Node::main @ 11 (1818 bytes)
Event: 18.416 Thread 0x00007f31640b8800 nmethod 208% 0x00007f3154873f50 code [0x00007f31548749a0, 0x00007f315487e488]

GC Heap History (8 events):
Event: 0.597 GC heap before
{Heap before GC invocations=1 (full 0):
 PSYoungGen      total 17920K, used 15360K [0x00000000ec400000, 0x00000000ed800000, 0x0000000100000000)
  eden space 15360K, 100% used [0x00000000ec400000,0x00000000ed300000,0x00000000ed300000)
  from space 2560K, 0% used [0x00000000ed580000,0x00000000ed580000,0x00000000ed800000)
  to   space 2560K, 0% used [0x00000000ed300000,0x00000000ed300000,0x00000000ed580000)
 ParOldGen       total 40960K, used 0K [0x00000000c4c00000, 0x00000000c7400000, 0x00000000ec400000)
  object space 40960K, 0% used [0x00000000c4c00000,0x00000000c4c00000,0x00000000c7400000)
 Metaspace       used 3731K, capacity 4704K, committed 4864K, reserved 1056768K
  class space    used 414K, capacity 464K, committed 512K, reserved 1048576K
Event: 0.616 GC heap after
Heap after GC invocations=1 (full 0):
 PSYoungGen      total 17920K, used 2544K [0x00000000ec400000, 0x00000000ee700000, 0x0000000100000000)
  eden space 15360K, 0% used [0x00000000ec400000,0x00000000ec400000,0x00000000ed300000)
  from space 2560K, 99% used [0x00000000ed300000,0x00000000ed57c010,0x00000000ed580000)
  to   space 2560K, 0% used [0x00000000ee480000,0x00000000ee480000,0x00000000ee700000)
 ParOldGen       total 40960K, used 336K [0x00000000c4c00000, 0x00000000c7400000, 0x00000000ec400000)
  object space 40960K, 0% used [0x00000000c4c00000,0x00000000c4c54020,0x00000000c7400000)
 Metaspace       used 3731K, capacity 4704K, committed 4864K, reserved 1056768K
  class space    used 414K, capacity 464K, committed 512K, reserved 1048576K
}
Event: 1.521 GC heap before
{Heap before GC invocations=2 (full 0):
 PSYoungGen      total 17920K, used 17904K [0x00000000ec400000, 0x00000000ee700000, 0x0000000100000000)
  eden space 15360K, 100% used [0x00000000ec400000,0x00000000ed300000,0x00000000ed300000)
  from space 2560K, 99% used [0x00000000ed300000,0x00000000ed57c010,0x00000000ed580000)
  to   space 2560K, 0% used [0x00000000ee480000,0x00000000ee480000,0x00000000ee700000)
 ParOldGen       total 40960K, used 336K [0x00000000c4c00000, 0x00000000c7400000, 0x00000000ec400000)
  object space 40960K, 0% used [0x00000000c4c00000,0x00000000c4c54020,0x00000000c7400000)
 Metaspace       used 3741K, capacity 4704K, committed 4864K, reserved 1056768K
  class space    used 414K, capacity 464K, committed 512K, reserved 1048576K
Event: 1.549 GC heap after
Heap after GC invocations=2 (full 0):
 PSYoungGen      total 33280K, used 2544K [0x00000000ec400000, 0x00000000ee700000, 0x0000000100000000)
  eden space 30720K, 0% used [0x00000000ec400000,0x00000000ec400000,0x00000000ee200000)
  from space 2560K, 99% used [0x00000000ee480000,0x00000000ee6fc010,0x00000000ee700000)
  to   space 2560K, 0% used [0x00000000ee200000,0x00000000ee200000,0x00000000ee480000)
 ParOldGen       total 40960K, used 3220K [0x00000000c4c00000, 0x00000000c7400000, 0x00000000ec400000)
  object space 40960K, 7% used [0x00000000c4c00000,0x00000000c4f25030,0x00000000c7400000)
 Metaspace       used 3741K, capacity 4704K, committed 4864K, reserved 1056768K
  class space    used 414K, capacity 464K, committed 512K, reserved 1048576K
}
Event: 6.874 GC heap before
{Heap before GC invocations=3 (full 0):
 PSYoungGen      total 33280K, used 33264K [0x00000000ec400000, 0x00000000ee700000, 0x0000000100000000)
  eden space 30720K, 100% used [0x00000000ec400000,0x00000000ee200000,0x00000000ee200000)
  from space 2560K, 99% used [0x00000000ee480000,0x00000000ee6fc010,0x00000000ee700000)
  to   space 2560K, 0% used [0x00000000ee200000,0x00000000ee200000,0x00000000ee480000)
 ParOldGen       total 40960K, used 3220K [0x00000000c4c00000, 0x00000000c7400000, 0x00000000ec400000)
  object space 40960K, 7% used [0x00000000c4c00000,0x00000000c4f25030,0x00000000c7400000)
 Metaspace       used 3741K, capacity 4704K, committed 4864K, reserved 1056768K
  class space    used 414K, capacity 464K, committed 512K, reserved 1048576K
Event: 6.940 GC heap after
Heap after GC invocations=3 (full 0):
 PSYoungGen      total 33280K, used 2528K [0x00000000ec400000, 0x00000000f0500000, 0x0000000100000000)
  eden space 30720K, 0% used [0x00000000ec400000,0x00000000ec400000,0x00000000ee200000)
  from space 2560K, 98% used [0x00000000ee200000,0x00000000ee478020,0x00000000ee480000)
  to   space 2560K, 0% used [0x00000000f0280000,0x00000000f0280000,0x00000000f0500000)
 ParOldGen       total 40960K, used 10652K [0x00000000c4c00000, 0x00000000c7400000, 0x00000000ec400000)
  object space 40960K, 26% used [0x00000000c4c00000,0x00000000c5667030,0x00000000c7400000)
 Metaspace       used 3741K, capacity 4704K, committed 4864K, reserved 1056768K
  class space    used 414K, capacity 464K, committed 512K, reserved 1048576K
}
Event: 13.410 GC heap before
{Heap before GC invocations=4 (full 0):
 PSYoungGen      total 33280K, used 33248K [0x00000000ec400000, 0x00000000f0500000, 0x0000000100000000)
  eden space 30720K, 100% used [0x00000000ec400000,0x00000000ee200000,0x00000000ee200000)
  from space 2560K, 98% used [0x00000000ee200000,0x00000000ee478020,0x00000000ee480000)
  to   space 2560K, 0% used [0x00000000f0280000,0x00000000f0280000,0x00000000f0500000)
 ParOldGen       total 40960K, used 10652K [0x00000000c4c00000, 0x00000000c7400000, 0x00000000ec400000)
  object space 40960K, 26% used [0x00000000c4c00000,0x00000000c5667030,0x00000000c7400000)
 Metaspace       used 3741K, capacity 4704K, committed 4864K, reserved 1056768K
  class space    used 414K, capacity 464K, committed 512K, reserved 1048576K
Event: 13.448 GC heap after
Heap after GC invocations=4 (full 0):
 PSYoungGen      total 64000K, used 2528K [0x00000000ec400000, 0x00000000f0500000, 0x0000000100000000)
  eden space 61440K, 0% used [0x00000000ec400000,0x00000000ec400000,0x00000000f0000000)
  from space 2560K, 98% used [0x00000000f0280000,0x00000000f04f8020,0x00000000f0500000)
  to   space 2560K, 0% used [0x00000000f0000000,0x00000000f0000000,0x00000000f0280000)
 ParOldGen       total 40960K, used 18500K [0x00000000c4c00000, 0x00000000c7400000, 0x00000000ec400000)
  object space 40960K, 45% used [0x00000000c4c00000,0x00000000c5e11030,0x00000000c7400000)
 Metaspace       used 3741K, capacity 4704K, committed 4864K, reserved 1056768K
  class space    used 414K, capacity 464K, committed 512K, reserved 1048576K
}

Deoptimization events (9 events):
Event: 0.858 Thread 0x00007f30e4001000 Uncommon trap: reason=predicate action=maybe_recompile pc=0x00007f315479da20 method=java.util.AbstractCollection.toArray([Ljava/lang/Object;)[Ljava/lang/Object; @ 49
Event: 1.939 Thread 0x00007f3104001000 Uncommon trap: reason=unstable_if action=reinterpret pc=0x00007f31547bcab0 method=vcube.Node.main([Ljava/lang/String;)V @ 380
Event: 2.564 Thread 0x00007f3108001000 Uncommon trap: reason=unstable_if action=reinterpret pc=0x00007f31547af3d0 method=vcube.Node.main([Ljava/lang/String;)V @ 380
Event: 2.584 Thread 0x00007f30fc001000 Uncommon trap: reason=unstable_if action=reinterpret pc=0x00007f31547af3d0 method=vcube.Node.main([Ljava/lang/String;)V @ 380
Event: 3.954 Thread 0x00007f30f8001000 Uncommon trap: reason=unstable_if action=reinterpret pc=0x00007f31547bcab0 method=vcube.Node.main([Ljava/lang/String;)V @ 380
Event: 3.998 Thread 0x00007f30ec001000 Uncommon trap: reason=unstable_if action=reinterpret pc=0x00007f31547af3d0 method=vcube.Node.main([Ljava/lang/String;)V @ 380
Event: 6.644 Thread 0x00007f30e8001000 Uncommon trap: reason=unstable_if action=reinterpret pc=0x00007f31547bcab0 method=vcube.Node.main([Ljava/lang/String;)V @ 380
Event: 6.691 Thread 0x00007f30dc001000 Uncommon trap: reason=unstable_if action=reinterpret pc=0x00007f31547af3d0 method=vcube.Node.main([Ljava/lang/String;)V @ 380
Event: 6.816 Thread 0x00007f30d8001000 Uncommon trap: reason=unstable_if action=reinterpret pc=0x00007f31547af3d0 method=vcube.Node.main([Ljava/lang/String;)V @ 380

Internal exceptions (10 events):
Event: 1.843 Thread 0x00007f30f0001000 Exception <a 'java/lang/ArrayIndexOutOfBoundsException'> (0x00000000ec7ab4e0) thrown at [/HUDSON3/workspace/8-2-build-linux-amd64/jdk8u111/7883/hotspot/src/share/vm/runtime/sharedRuntime.cpp, line 605]
Event: 1.843 Thread 0x00007f30e8001000 Exception <a 'java/lang/ArrayIndexOutOfBoundsException'> (0x00000000ec8bd0c8) thrown at [/HUDSON3/workspace/8-2-build-linux-amd64/jdk8u111/7883/hotspot/src/share/vm/runtime/sharedRuntime.cpp, line 605]
Event: 1.843 Thread 0x00007f30f4001000 Exception <a 'java/lang/ArrayIndexOutOfBoundsException'> (0x00000000ec8f2e60) thrown at [/HUDSON3/workspace/8-2-build-linux-amd64/jdk8u111/7883/hotspot/src/share/vm/runtime/sharedRuntime.cpp, line 605]
Event: 1.859 Thread 0x00007f310c001000 Exception <a 'java/lang/ArrayIndexOutOfBoundsException'> (0x00000000eca718f8) thrown at [/HUDSON3/workspace/8-2-build-linux-amd64/jdk8u111/7883/hotspot/src/share/vm/runtime/sharedRuntime.cpp, line 605]
Event: 1.862 Thread 0x00007f30c4001000 Exception <a 'java/lang/ArrayIndexOutOfBoundsException'> (0x00000000ec81bed8) thrown at [/HUDSON3/workspace/8-2-build-linux-amd64/jdk8u111/7883/hotspot/src/share/vm/runtime/sharedRuntime.cpp, line 605]
Event: 1.862 Thread 0x00007f3100001000 Exception <a 'java/lang/ArrayIndexOutOfBoundsException'> (0x00000000eca06938) thrown at [/HUDSON3/workspace/8-2-build-linux-amd64/jdk8u111/7883/hotspot/src/share/vm/runtime/sharedRuntime.cpp, line 605]
Event: 1.862 Thread 0x00007f30f4001000 Exception <a 'java/lang/ArrayIndexOutOfBoundsException'> (0x00000000ec8f6118) thrown at [/HUDSON3/workspace/8-2-build-linux-amd64/jdk8u111/7883/hotspot/src/share/vm/runtime/sharedRuntime.cpp, line 605]
Event: 1.862 Thread 0x00007f30f8001000 Exception <a 'java/lang/ArrayIndexOutOfBoundsException'> (0x00000000ec962a28) thrown at [/HUDSON3/workspace/8-2-build-linux-amd64/jdk8u111/7883/hotspot/src/share/vm/runtime/sharedRuntime.cpp, line 605]
Event: 1.862 Thread 0x00007f30fc001000 Exception <a 'java/lang/ArrayIndexOutOfBoundsException'> (0x00000000ec9cfa58) thrown at [/HUDSON3/workspace/8-2-build-linux-amd64/jdk8u111/7883/hotspot/src/share/vm/runtime/sharedRuntime.cpp, line 605]
Event: 1.862 Thread 0x00007f30f0001000 Exception <a 'java/lang/ArrayIndexOutOfBoundsException'> (0x00000000ec7ae908) thrown at [/HUDSON3/workspace/8-2-build-linux-amd64/jdk8u111/7883/hotspot/src/share/vm/runtime/sharedRuntime.cpp, line 605]

Events (10 events):
Event: 27.808 loading class java/util/IdentityHashMap$KeySet
Event: 27.808 loading class java/util/IdentityHashMap$KeySet done
Event: 27.808 loading class java/util/IdentityHashMap$KeyIterator
Event: 27.808 loading class java/util/IdentityHashMap$IdentityHashMapIterator
Event: 27.808 loading class java/util/IdentityHashMap$IdentityHashMapIterator done
Event: 27.808 loading class java/util/IdentityHashMap$KeyIterator done
Event: 27.808 Thread 0x00007f30c8001000 Thread added: 0x00007f30c8001000
Event: 27.809 Thread 0x00007f30c8001000 Thread exited: 0x00007f30c8001000
Event: 27.809 Executing VM operation: Exit
Event: 27.809 Thread 0x00007f31640b7000 Thread exited: 0x00007f31640b7000


Dynamic libraries:
00400000-00401000 r-xp 00000000 08:01 8784123                            /home/elixandrebaldi/jdk1.8.0_111/bin/java
00600000-00601000 rw-p 00000000 08:01 8784123                            /home/elixandrebaldi/jdk1.8.0_111/bin/java
020af000-020d0000 rw-p 00000000 00:00 0                                  [heap]
c4c00000-c7400000 rw-p 00000000 00:00 0 
c7400000-ec400000 ---p 00000000 00:00 0 
ec400000-f0500000 rw-p 00000000 00:00 0 
f0500000-100000000 ---p 00000000 00:00 0 
100000000-100080000 rw-p 00000000 00:00 0 
100080000-140000000 ---p 00000000 00:00 0 
7f30c4000000-7f30c4ca3000 rw-p 00000000 00:00 0 
7f30c4ca3000-7f30c8000000 ---p 00000000 00:00 0 
7f30c8000000-7f30c8021000 rw-p 00000000 00:00 0 
7f30c8021000-7f30cc000000 ---p 00000000 00:00 0 
7f30cc000000-7f30ccca9000 rw-p 00000000 00:00 0 
7f30ccca9000-7f30d0000000 ---p 00000000 00:00 0 
7f30d4000000-7f30d4ca7000 rw-p 00000000 00:00 0 
7f30d4ca7000-7f30d8000000 ---p 00000000 00:00 0 
7f30d8000000-7f30d8c9d000 rw-p 00000000 00:00 0 
7f30d8c9d000-7f30dc000000 ---p 00000000 00:00 0 
7f30dc000000-7f30dcca6000 rw-p 00000000 00:00 0 
7f30dcca6000-7f30e0000000 ---p 00000000 00:00 0 
7f30e4000000-7f30e4ca1000 rw-p 00000000 00:00 0 
7f30e4ca1000-7f30e8000000 ---p 00000000 00:00 0 
7f30e8000000-7f30e8ca4000 rw-p 00000000 00:00 0 
7f30e8ca4000-7f30ec000000 ---p 00000000 00:00 0 
7f30ec000000-7f30ecca7000 rw-p 00000000 00:00 0 
7f30ecca7000-7f30f0000000 ---p 00000000 00:00 0 
7f30f0000000-7f30f0ca4000 rw-p 00000000 00:00 0 
7f30f0ca4000-7f30f4000000 ---p 00000000 00:00 0 
7f30f4000000-7f30f4ca0000 rw-p 00000000 00:00 0 
7f30f4ca0000-7f30f8000000 ---p 00000000 00:00 0 
7f30f8000000-7f30f8ca6000 rw-p 00000000 00:00 0 
7f30f8ca6000-7f30fc000000 ---p 00000000 00:00 0 
7f30fc000000-7f30fcca7000 rw-p 00000000 00:00 0 
7f30fcca7000-7f3100000000 ---p 00000000 00:00 0 
7f3100000000-7f3100ca3000 rw-p 00000000 00:00 0 
7f3100ca3000-7f3104000000 ---p 00000000 00:00 0 
7f3104000000-7f3104c9f000 rw-p 00000000 00:00 0 
7f3104c9f000-7f3108000000 ---p 00000000 00:00 0 
7f3108000000-7f3108ca1000 rw-p 00000000 00:00 0 
7f3108ca1000-7f310c000000 ---p 00000000 00:00 0 
7f310c000000-7f310cca5000 rw-p 00000000 00:00 0 
7f310cca5000-7f3110000000 ---p 00000000 00:00 0 
7f3110df0000-7f3110df3000 ---p 00000000 00:00 0 
7f3110df3000-7f3110ef1000 rw-p 00000000 00:00 0 
7f3110ef1000-7f3110ef4000 ---p 00000000 00:00 0 
7f3110ef4000-7f3110ff2000 rw-p 00000000 00:00 0 
7f3110ff2000-7f3110ff5000 ---p 00000000 00:00 0 
7f3110ff5000-7f31117f3000 rw-p 00000000 00:00 0 
7f31117f3000-7f31117f6000 ---p 00000000 00:00 0 
7f31117f6000-7f3111ff4000 rw-p 00000000 00:00 0 
7f3111ff4000-7f3111ff7000 ---p 00000000 00:00 0 
7f3111ff7000-7f31127f5000 rw-p 00000000 00:00 0 
7f31127f5000-7f31127f8000 ---p 00000000 00:00 0 
7f31127f8000-7f3112ff6000 rw-p 00000000 00:00 0 
7f3112ff6000-7f3112ff9000 ---p 00000000 00:00 0 
7f3112ff9000-7f31137f7000 rw-p 00000000 00:00 0 
7f31137f7000-7f31137fa000 ---p 00000000 00:00 0 
7f31137fa000-7f3113ff8000 rw-p 00000000 00:00 0 
7f3113ff8000-7f3113ffb000 ---p 00000000 00:00 0 
7f3113ffb000-7f31147f9000 rw-p 00000000 00:00 0 
7f31147f9000-7f31147fc000 ---p 00000000 00:00 0 
7f31147fc000-7f3114ffa000 rw-p 00000000 00:00 0 
7f3114ffa000-7f3114ffd000 ---p 00000000 00:00 0 
7f3114ffd000-7f31157fb000 rw-p 00000000 00:00 0 
7f31157fb000-7f31157fe000 ---p 00000000 00:00 0 
7f31157fe000-7f3115ffc000 rw-p 00000000 00:00 0 
7f3115ffc000-7f3115fff000 ---p 00000000 00:00 0 
7f3115fff000-7f31167fd000 rw-p 00000000 00:00 0 
7f31167fd000-7f3116800000 ---p 00000000 00:00 0 
7f3116800000-7f3116ffe000 rw-p 00000000 00:00 0 
7f3116ffe000-7f3117001000 ---p 00000000 00:00 0 
7f3117001000-7f31177ff000 rw-p 00000000 00:00 0 
7f31177ff000-7f3117802000 ---p 00000000 00:00 0 
7f3117802000-7f3118000000 rw-p 00000000 00:00 0 
7f3118000000-7f3118021000 rw-p 00000000 00:00 0 
7f3118021000-7f311c000000 ---p 00000000 00:00 0 
7f311c000000-7f311c021000 rw-p 00000000 00:00 0 
7f311c021000-7f3120000000 ---p 00000000 00:00 0 
7f3120000000-7f3121b88000 rw-p 00000000 00:00 0 
7f3121b88000-7f3124000000 ---p 00000000 00:00 0 
7f3124000000-7f312440b000 rw-p 00000000 00:00 0 
7f312440b000-7f3128000000 ---p 00000000 00:00 0 
7f3128000000-7f3128021000 rw-p 00000000 00:00 0 
7f3128021000-7f312c000000 ---p 00000000 00:00 0 
7f312c000000-7f312db76000 rw-p 00000000 00:00 0 
7f312db76000-7f3130000000 ---p 00000000 00:00 0 
7f3130000000-7f3130021000 rw-p 00000000 00:00 0 
7f3130021000-7f3134000000 ---p 00000000 00:00 0 
7f3134000000-7f3134021000 rw-p 00000000 00:00 0 
7f3134021000-7f3138000000 ---p 00000000 00:00 0 
7f31380c3000-7f31380c6000 ---p 00000000 00:00 0 
7f31380c6000-7f31388c4000 rw-p 00000000 00:00 0 
7f31388c4000-7f31388c7000 ---p 00000000 00:00 0 
7f31388c7000-7f31390c5000 rw-p 00000000 00:00 0 
7f31390c5000-7f31390dd000 r-xp 00000000 08:01 2359394                    /tmp/simgrid-java6108581619159540532/libsimgrid-java.so (deleted)
7f31390dd000-7f31392dd000 ---p 00018000 08:01 2359394                    /tmp/simgrid-java6108581619159540532/libsimgrid-java.so (deleted)
7f31392dd000-7f31392de000 rw-p 00018000 08:01 2359394                    /tmp/simgrid-java6108581619159540532/libsimgrid-java.so (deleted)
7f31392de000-7f31392f4000 r-xp 00000000 08:01 3936627                    /lib/x86_64-linux-gnu/libgcc_s.so.1
7f31392f4000-7f31394f3000 ---p 00016000 08:01 3936627                    /lib/x86_64-linux-gnu/libgcc_s.so.1
7f31394f3000-7f31394f4000 rw-p 00015000 08:01 3936627                    /lib/x86_64-linux-gnu/libgcc_s.so.1
7f31394f4000-7f3139666000 r-xp 00000000 08:01 23332798                   /usr/lib/x86_64-linux-gnu/libstdc++.so.6.0.21
7f3139666000-7f3139866000 ---p 00172000 08:01 23332798                   /usr/lib/x86_64-linux-gnu/libstdc++.so.6.0.21
7f3139866000-7f3139870000 r--p 00172000 08:01 23332798                   /usr/lib/x86_64-linux-gnu/libstdc++.so.6.0.21
7f3139870000-7f3139872000 rw-p 0017c000 08:01 23332798                   /usr/lib/x86_64-linux-gnu/libstdc++.so.6.0.21
7f3139872000-7f3139876000 rw-p 00000000 00:00 0 
7f3139876000-7f3139b3b000 r-xp 00000000 08:01 2359391                    /tmp/simgrid-java6108581619159540532/libsimgrid.so (deleted)
7f3139b3b000-7f3139d3b000 ---p 002c5000 08:01 2359391                    /tmp/simgrid-java6108581619159540532/libsimgrid.so (deleted)
7f3139d3b000-7f3139d76000 rw-p 002c5000 08:01 2359391                    /tmp/simgrid-java6108581619159540532/libsimgrid.so (deleted)
7f3139d76000-7f313a07f000 rw-p 00000000 00:00 0 
7f313a07f000-7f313a095000 r-xp 00000000 08:01 8783936                    /home/elixandrebaldi/jdk1.8.0_111/jre/lib/amd64/libnet.so
7f313a095000-7f313a295000 ---p 00016000 08:01 8783936                    /home/elixandrebaldi/jdk1.8.0_111/jre/lib/amd64/libnet.so
7f313a295000-7f313a296000 rw-p 00016000 08:01 8783936                    /home/elixandrebaldi/jdk1.8.0_111/jre/lib/amd64/libnet.so
7f313a296000-7f313a2a7000 r-xp 00000000 08:01 8783935                    /home/elixandrebaldi/jdk1.8.0_111/jre/lib/amd64/libnio.so
7f313a2a7000-7f313a4a6000 ---p 00011000 08:01 8783935                    /home/elixandrebaldi/jdk1.8.0_111/jre/lib/amd64/libnio.so
7f313a4a6000-7f313a4a7000 rw-p 00010000 08:01 8783935                    /home/elixandrebaldi/jdk1.8.0_111/jre/lib/amd64/libnio.so
7f313a4a7000-7f313a4a8000 ---p 00000000 00:00 0 
7f313a4a8000-7f313a5a8000 rw-p 00000000 00:00 0 
7f313a5a8000-7f313a5ab000 ---p 00000000 00:00 0 
7f313a5ab000-7f313a6a9000 rw-p 00000000 00:00 0 
7f313a6a9000-7f313a6ac000 ---p 00000000 00:00 0 
7f313a6ac000-7f313a7aa000 rw-p 00000000 00:00 0 
7f313a7aa000-7f313a7ad000 ---p 00000000 00:00 0 
7f313a7ad000-7f313a8ab000 rw-p 00000000 00:00 0 
7f313a8ab000-7f313a8ae000 ---p 00000000 00:00 0 
7f313a8ae000-7f313a9ac000 rw-p 00000000 00:00 0 
7f313a9ac000-7f313a9af000 ---p 00000000 00:00 0 
7f313a9af000-7f313aaad000 rw-p 00000000 00:00 0 
7f313aaad000-7f313beff000 r--p 00000000 08:01 23331759                   /usr/lib/locale/locale-archive
7f313beff000-7f313bf02000 ---p 00000000 00:00 0 
7f313bf02000-7f313c000000 rw-p 00000000 00:00 0 
7f313c000000-7f313c021000 rw-p 00000000 00:00 0 
7f313c021000-7f3140000000 ---p 00000000 00:00 0 
7f3140000000-7f3140021000 rw-p 00000000 00:00 0 
7f3140021000-7f3144000000 ---p 00000000 00:00 0 
7f3144000000-7f3144021000 rw-p 00000000 00:00 0 
7f3144021000-7f3148000000 ---p 00000000 00:00 0 
7f3148000000-7f3148021000 rw-p 00000000 00:00 0 
7f3148021000-7f314c000000 ---p 00000000 00:00 0 
7f314c000000-7f314c021000 rw-p 00000000 00:00 0 
7f314c021000-7f3150000000 ---p 00000000 00:00 0 
7f3150040000-7f3150043000 ---p 00000000 00:00 0 
7f3150043000-7f3150141000 rw-p 00000000 00:00 0 
7f3150141000-7f3150142000 ---p 00000000 00:00 0 
7f3150142000-7f3151203000 rw-p 00000000 00:00 0 
7f3151203000-7f31513db000 r--s 03d2a000 08:01 8784070                    /home/elixandrebaldi/jdk1.8.0_111/jre/lib/rt.jar
7f31513db000-7f3151891000 rw-p 00000000 00:00 0 
7f3151891000-7f3151c51000 ---p 00000000 00:00 0 
7f3151c51000-7f3153bcb000 rw-p 00000000 00:00 0 
7f3153bcb000-7f3153bcc000 ---p 00000000 00:00 0 
7f3153bcc000-7f3153ccc000 rw-p 00000000 00:00 0 
7f3153ccc000-7f3153ccd000 ---p 00000000 00:00 0 
7f3153ccd000-7f3153dcd000 rw-p 00000000 00:00 0 
7f3153dcd000-7f3153dce000 ---p 00000000 00:00 0 
7f3153dce000-7f3153ee2000 rw-p 00000000 00:00 0 
7f3153ee2000-7f315400a000 ---p 00000000 00:00 0 
7f315400a000-7f315401e000 rw-p 00000000 00:00 0 
7f315401e000-7f3154146000 ---p 00000000 00:00 0 
7f3154146000-7f3154167000 rw-p 00000000 00:00 0 
7f3154167000-7f31541e4000 ---p 00000000 00:00 0 
7f31541e4000-7f31541f1000 rw-p 00000000 00:00 0 
7f31541f1000-7f31545a5000 ---p 00000000 00:00 0 
7f31545a5000-7f3154885000 rwxp 00000000 00:00 0 
7f3154885000-7f31635a5000 ---p 00000000 00:00 0 
7f31635a5000-7f31635bf000 r-xp 00000000 08:01 8783934                    /home/elixandrebaldi/jdk1.8.0_111/jre/lib/amd64/libzip.so
7f31635bf000-7f31637bf000 ---p 0001a000 08:01 8783934                    /home/elixandrebaldi/jdk1.8.0_111/jre/lib/amd64/libzip.so
7f31637bf000-7f31637c0000 rw-p 0001a000 08:01 8783934                    /home/elixandrebaldi/jdk1.8.0_111/jre/lib/amd64/libzip.so
7f31637c0000-7f31637cb000 r-xp 00000000 08:01 3932251                    /lib/x86_64-linux-gnu/libnss_files-2.23.so
7f31637cb000-7f31639ca000 ---p 0000b000 08:01 3932251                    /lib/x86_64-linux-gnu/libnss_files-2.23.so
7f31639ca000-7f31639cb000 r--p 0000a000 08:01 3932251                    /lib/x86_64-linux-gnu/libnss_files-2.23.so
7f31639cb000-7f31639cc000 rw-p 0000b000 08:01 3932251                    /lib/x86_64-linux-gnu/libnss_files-2.23.so
7f31639cc000-7f31639d2000 rw-p 00000000 00:00 0 
7f31639d2000-7f31639dd000 r-xp 00000000 08:01 3932244                    /lib/x86_64-linux-gnu/libnss_nis-2.23.so
7f31639dd000-7f3163bdc000 ---p 0000b000 08:01 3932244                    /lib/x86_64-linux-gnu/libnss_nis-2.23.so
7f3163bdc000-7f3163bdd000 r--p 0000a000 08:01 3932244                    /lib/x86_64-linux-gnu/libnss_nis-2.23.so
7f3163bdd000-7f3163bde000 rw-p 0000b000 08:01 3932244                    /lib/x86_64-linux-gnu/libnss_nis-2.23.so
7f3163bde000-7f3163bf4000 r-xp 00000000 08:01 3932246                    /lib/x86_64-linux-gnu/libnsl-2.23.so
7f3163bf4000-7f3163df3000 ---p 00016000 08:01 3932246                    /lib/x86_64-linux-gnu/libnsl-2.23.so
7f3163df3000-7f3163df4000 r--p 00015000 08:01 3932246                    /lib/x86_64-linux-gnu/libnsl-2.23.so
7f3163df4000-7f3163df5000 rw-p 00016000 08:01 3932246                    /lib/x86_64-linux-gnu/libnsl-2.23.so
7f3163df5000-7f3163df7000 rw-p 00000000 00:00 0 
7f3163df7000-7f3163dff000 r-xp 00000000 08:01 3932253                    /lib/x86_64-linux-gnu/libnss_compat-2.23.so
7f3163dff000-7f3163ffe000 ---p 00008000 08:01 3932253                    /lib/x86_64-linux-gnu/libnss_compat-2.23.so
7f3163ffe000-7f3163fff000 r--p 00007000 08:01 3932253                    /lib/x86_64-linux-gnu/libnss_compat-2.23.so
7f3163fff000-7f3164000000 rw-p 00008000 08:01 3932253                    /lib/x86_64-linux-gnu/libnss_compat-2.23.so
7f3164000000-7f3166c39000 rw-p 00000000 00:00 0 
7f3166c39000-7f3168000000 ---p 00000000 00:00 0 
7f3168018000-7f3168019000 ---p 00000000 00:00 0 
7f3168019000-7f3168119000 rw-p 00000000 00:00 0 
7f3168119000-7f3168144000 r-xp 00000000 08:01 8783907                    /home/elixandrebaldi/jdk1.8.0_111/jre/lib/amd64/libjava.so
7f3168144000-7f3168343000 ---p 0002b000 08:01 8783907                    /home/elixandrebaldi/jdk1.8.0_111/jre/lib/amd64/libjava.so
7f3168343000-7f3168345000 rw-p 0002a000 08:01 8783907                    /home/elixandrebaldi/jdk1.8.0_111/jre/lib/amd64/libjava.so
7f3168345000-7f3168352000 r-xp 00000000 08:01 8783870                    /home/elixandrebaldi/jdk1.8.0_111/jre/lib/amd64/libverify.so
7f3168352000-7f3168551000 ---p 0000d000 08:01 8783870                    /home/elixandrebaldi/jdk1.8.0_111/jre/lib/amd64/libverify.so
7f3168551000-7f3168553000 rw-p 0000c000 08:01 8783870                    /home/elixandrebaldi/jdk1.8.0_111/jre/lib/amd64/libverify.so
7f3168553000-7f316855a000 r-xp 00000000 08:01 3932254                    /lib/x86_64-linux-gnu/librt-2.23.so
7f316855a000-7f3168759000 ---p 00007000 08:01 3932254                    /lib/x86_64-linux-gnu/librt-2.23.so
7f3168759000-7f316875a000 r--p 00006000 08:01 3932254                    /lib/x86_64-linux-gnu/librt-2.23.so
7f316875a000-7f316875b000 rw-p 00007000 08:01 3932254                    /lib/x86_64-linux-gnu/librt-2.23.so
7f316875b000-7f3168863000 r-xp 00000000 08:01 3932245                    /lib/x86_64-linux-gnu/libm-2.23.so
7f3168863000-7f3168a62000 ---p 00108000 08:01 3932245                    /lib/x86_64-linux-gnu/libm-2.23.so
7f3168a62000-7f3168a63000 r--p 00107000 08:01 3932245                    /lib/x86_64-linux-gnu/libm-2.23.so
7f3168a63000-7f3168a64000 rw-p 00108000 08:01 3932245                    /lib/x86_64-linux-gnu/libm-2.23.so
7f3168a64000-7f3169731000 r-xp 00000000 08:01 8783785                    /home/elixandrebaldi/jdk1.8.0_111/jre/lib/amd64/server/libjvm.so
7f3169731000-7f3169930000 ---p 00ccd000 08:01 8783785                    /home/elixandrebaldi/jdk1.8.0_111/jre/lib/amd64/server/libjvm.so
7f3169930000-7f3169a09000 rw-p 00ccc000 08:01 8783785                    /home/elixandrebaldi/jdk1.8.0_111/jre/lib/amd64/server/libjvm.so
7f3169a09000-7f3169a54000 rw-p 00000000 00:00 0 
7f3169a54000-7f3169c13000 r-xp 00000000 08:01 3932247                    /lib/x86_64-linux-gnu/libc-2.23.so
7f3169c13000-7f3169e13000 ---p 001bf000 08:01 3932247                    /lib/x86_64-linux-gnu/libc-2.23.so
7f3169e13000-7f3169e17000 r--p 001bf000 08:01 3932247                    /lib/x86_64-linux-gnu/libc-2.23.so
7f3169e17000-7f3169e19000 rw-p 001c3000 08:01 3932247                    /lib/x86_64-linux-gnu/libc-2.23.so
7f3169e19000-7f3169e1d000 rw-p 00000000 00:00 0 
7f3169e1d000-7f3169e20000 r-xp 00000000 08:01 3932243                    /lib/x86_64-linux-gnu/libdl-2.23.so
7f3169e20000-7f316a01f000 ---p 00003000 08:01 3932243                    /lib/x86_64-linux-gnu/libdl-2.23.so
7f316a01f000-7f316a020000 r--p 00002000 08:01 3932243                    /lib/x86_64-linux-gnu/libdl-2.23.so
7f316a020000-7f316a021000 rw-p 00003000 08:01 3932243                    /lib/x86_64-linux-gnu/libdl-2.23.so
7f316a021000-7f316a036000 r-xp 00000000 08:01 8783943                    /home/elixandrebaldi/jdk1.8.0_111/lib/amd64/jli/libjli.so
7f316a036000-7f316a236000 ---p 00015000 08:01 8783943                    /home/elixandrebaldi/jdk1.8.0_111/lib/amd64/jli/libjli.so
7f316a236000-7f316a237000 rw-p 00015000 08:01 8783943                    /home/elixandrebaldi/jdk1.8.0_111/lib/amd64/jli/libjli.so
7f316a237000-7f316a24f000 r-xp 00000000 08:01 3932258                    /lib/x86_64-linux-gnu/libpthread-2.23.so
7f316a24f000-7f316a44e000 ---p 00018000 08:01 3932258                    /lib/x86_64-linux-gnu/libpthread-2.23.so
7f316a44e000-7f316a44f000 r--p 00017000 08:01 3932258                    /lib/x86_64-linux-gnu/libpthread-2.23.so
7f316a44f000-7f316a450000 rw-p 00018000 08:01 3932258                    /lib/x86_64-linux-gnu/libpthread-2.23.so
7f316a450000-7f316a454000 rw-p 00000000 00:00 0 
7f316a454000-7f316a47a000 r-xp 00000000 08:01 3932248                    /lib/x86_64-linux-gnu/ld-2.23.so
7f316a47f000-7f316a557000 rw-p 00000000 00:00 0 
7f316a557000-7f316a55a000 ---p 00000000 00:00 0 
7f316a55a000-7f316a65c000 rw-p 00000000 00:00 0 
7f316a665000-7f316a66a000 r--s 00096000 08:01 8783911                    /home/elixandrebaldi/jdk1.8.0_111/jre/lib/jsse.jar
7f316a66a000-7f316a66d000 r--s 00f76000 08:01 8524426                    /home/elixandrebaldi/Documentos/VCubeDHT/simgrid.jar
7f316a66d000-7f316a675000 rw-s 00000000 08:01 2359380                    /tmp/hsperfdata_elixandrebaldi/4522 (deleted)
7f316a675000-7f316a676000 rw-p 00000000 00:00 0 
7f316a676000-7f316a677000 ---p 00000000 00:00 0 
7f316a677000-7f316a679000 rw-p 00000000 00:00 0 
7f316a679000-7f316a67a000 r--p 00025000 08:01 3932248                    /lib/x86_64-linux-gnu/ld-2.23.so
7f316a67a000-7f316a67b000 rw-p 00026000 08:01 3932248                    /lib/x86_64-linux-gnu/ld-2.23.so
7f316a67b000-7f316a67c000 rw-p 00000000 00:00 0 
7ffd9b91b000-7ffd9b93c000 rw-p 00000000 00:00 0                          [stack]
7ffd9b9b1000-7ffd9b9b3000 r--p 00000000 00:00 0                          [vvar]
7ffd9b9b3000-7ffd9b9b5000 r-xp 00000000 00:00 0                          [vdso]
ffffffffff600000-ffffffffff601000 r-xp 00000000 00:00 0                  [vsyscall]

VM Arguments:
jvm_args: -Dfile.encoding=UTF-8 
java_command: vcube.VCube platform.xml deployment.xml
java_class_path (initial): /home/elixandrebaldi/Documentos/VCubeDHT/simgrid.jar:/home/elixandrebaldi/Documentos/VCubeDHT/VCube/build/classes
Launcher Type: SUN_STANDARD

Environment Variables:
PATH=/home/elixandrebaldi/bin:/home/elixandrebaldi/.local/bin:/usr/local/sbin:/usr/local/bin:/usr/sbin:/usr/bin:/sbin:/bin:/usr/games:/usr/local/games
LD_LIBRARY_PATH=/home/elixandrebaldi/jdk1.8.0_111/jre/lib/amd64:/home/elixandrebaldi/jdk1.8.0_111/jre/lib/i386:
SHELL=/bin/bash
DISPLAY=:0

Signal Handlers:
SIGSEGV: [libjvm.so+0xac64b0], sa_mask[0]=11111111011111111101111111111110, sa_flags=SA_RESTART|SA_SIGINFO
SIGBUS: [libjvm.so+0xac64b0], sa_mask[0]=11111111011111111101111111111110, sa_flags=SA_RESTART|SA_SIGINFO
SIGFPE: [libjvm.so+0x91f950], sa_mask[0]=11111111011111111101111111111110, sa_flags=SA_RESTART|SA_SIGINFO
SIGPIPE: [libjvm.so+0x91f950], sa_mask[0]=11111111011111111101111111111110, sa_flags=SA_RESTART|SA_SIGINFO
SIGXFSZ: [libjvm.so+0x91f950], sa_mask[0]=11111111011111111101111111111110, sa_flags=SA_RESTART|SA_SIGINFO
SIGILL: [libjvm.so+0x91f950], sa_mask[0]=11111111011111111101111111111110, sa_flags=SA_RESTART|SA_SIGINFO
SIGUSR1: SIG_DFL, sa_mask[0]=00000000000000000000000000000000, sa_flags=none
SIGUSR2: [libjvm.so+0x920f80], sa_mask[0]=00100000000000000000000000000000, sa_flags=SA_RESTART|SA_SIGINFO
SIGHUP: [libjvm.so+0x922380], sa_mask[0]=11111111011111111101111111111110, sa_flags=SA_RESTART|SA_SIGINFO
SIGINT: [libsimgrid.so+0x8ff50], sa_mask[0]=01000000000000000000000000000000, sa_flags=SA_RESTART
SIGTERM: [libjvm.so+0x922380], sa_mask[0]=11111111011111111101111111111110, sa_flags=SA_RESTART|SA_SIGINFO
SIGQUIT: [libjvm.so+0x922380], sa_mask[0]=11111111011111111101111111111110, sa_flags=SA_RESTART|SA_SIGINFO


---------------  S Y S T E M  ---------------

OS:DISTRIB_ID="elementary"
DISTRIB_RELEASE=0.4.1
DISTRIB_CODENAME=loki
DISTRIB_DESCRIPTION="elementary OS 0.4.1 Loki"

uname:Linux 4.4.0-79-generic #100-Ubuntu SMP Wed May 17 19:58:14 UTC 2017 x86_64
libc:glibc 2.23 NPTL 2.23 
rlimit: STACK 8192k, CORE 0k, NPROC 14991, NOFILE 65536, AS infinity
load average:1.45 1.53 1.39

/proc/meminfo:
MemTotal:        3878592 kB
MemFree:          150756 kB
MemAvailable:     989456 kB
Buffers:          153700 kB
Cached:          1018388 kB
SwapCached:          140 kB
Active:          2414100 kB
Inactive:        1046212 kB
Active(anon):    1924948 kB
Inactive(anon):   556872 kB
Active(file):     489152 kB
Inactive(file):   489340 kB
Unevictable:          48 kB
Mlocked:              48 kB
SwapTotal:       4025340 kB
SwapFree:        4020376 kB
Dirty:             12104 kB
Writeback:             0 kB
AnonPages:       2288168 kB
Mapped:           409168 kB
Shmem:            193588 kB
Slab:             159548 kB
SReclaimable:     125404 kB
SUnreclaim:        34144 kB
KernelStack:        9504 kB
PageTables:        37900 kB
NFS_Unstable:          0 kB
Bounce:                0 kB
WritebackTmp:          0 kB
CommitLimit:     5964636 kB
Committed_AS:    6397940 kB
VmallocTotal:   34359738367 kB
VmallocUsed:           0 kB
VmallocChunk:          0 kB
HardwareCorrupted:     0 kB
AnonHugePages:    800768 kB
CmaTotal:              0 kB
CmaFree:               0 kB
HugePages_Total:       0
HugePages_Free:        0
HugePages_Rsvd:        0
HugePages_Surp:        0
Hugepagesize:       2048 kB
DirectMap4k:      154360 kB
DirectMap2M:     3872768 kB


CPU:total 4 (2 cores per cpu, 2 threads per core) family 6 model 58 stepping 9, cmov, cx8, fxsr, mmx, sse, sse2, sse3, ssse3, sse4.1, sse4.2, popcnt, avx, clmul, erms, ht, tsc, tscinvbit, tscinv

/proc/cpuinfo:
processor	: 0
vendor_id	: GenuineIntel
cpu family	: 6
model		: 58
model name	: Intel(R) Core(TM) i7-3517U CPU @ 1.90GHz
stepping	: 9
microcode	: 0x12
cpu MHz		: 2626.218
cache size	: 4096 KB
physical id	: 0
siblings	: 4
core id		: 0
cpu cores	: 2
apicid		: 0
initial apicid	: 0
fpu		: yes
fpu_exception	: yes
cpuid level	: 13
wp		: yes
flags		: fpu vme de pse tsc msr pae mce cx8 apic sep mtrr pge mca cmov pat pse36 clflush dts acpi mmx fxsr sse sse2 ss ht tm pbe syscall nx rdtscp lm constant_tsc arch_perfmon pebs bts rep_good nopl xtopology nonstop_tsc aperfmperf eagerfpu pni pclmulqdq dtes64 monitor ds_cpl vmx est tm2 ssse3 cx16 xtpr pdcm pcid sse4_1 sse4_2 x2apic popcnt tsc_deadline_timer xsave avx f16c rdrand lahf_lm epb tpr_shadow vnmi flexpriority ept vpid fsgsbase smep erms xsaveopt dtherm ida arat pln pts
bugs		:
bogomips	: 4788.84
clflush size	: 64
cache_alignment	: 64
address sizes	: 36 bits physical, 48 bits virtual
power management:

processor	: 1
vendor_id	: GenuineIntel
cpu family	: 6
model		: 58
model name	: Intel(R) Core(TM) i7-3517U CPU @ 1.90GHz
stepping	: 9
microcode	: 0x12
cpu MHz		: 2577.000
cache size	: 4096 KB
physical id	: 0
siblings	: 4
core id		: 0
cpu cores	: 2
apicid		: 1
initial apicid	: 1
fpu		: yes
fpu_exception	: yes
cpuid level	: 13
wp		: yes
flags		: fpu vme de pse tsc msr pae mce cx8 apic sep mtrr pge mca cmov pat pse36 clflush dts acpi mmx fxsr sse sse2 ss ht tm pbe syscall nx rdtscp lm constant_tsc arch_perfmon pebs bts rep_good nopl xtopology nonstop_tsc aperfmperf eagerfpu pni pclmulqdq dtes64 monitor ds_cpl vmx est tm2 ssse3 cx16 xtpr pdcm pcid sse4_1 sse4_2 x2apic popcnt tsc_deadline_timer xsave avx f16c rdrand lahf_lm epb tpr_shadow vnmi flexpriority ept vpid fsgsbase smep erms xsaveopt dtherm ida arat pln pts
bugs		:
bogomips	: 4788.84
clflush size	: 64
cache_alignment	: 64
address sizes	: 36 bits physical, 48 bits virtual
power management:

processor	: 2
vendor_id	: GenuineIntel
cpu family	: 6
model		: 58
model name	: Intel(R) Core(TM) i7-3517U CPU @ 1.90GHz
stepping	: 9
microcode	: 0x12
cpu MHz		: 2600.437
cache size	: 4096 KB
physical id	: 0
siblings	: 4
core id		: 1
cpu cores	: 2
apicid		: 2
initial apicid	: 2
fpu		: yes
fpu_exception	: yes
cpuid level	: 13
wp		: yes
flags		: fpu vme de pse tsc msr pae mce cx8 apic sep mtrr pge mca cmov pat pse36 clflush dts acpi mmx fxsr sse sse2 ss ht tm pbe syscall nx rdtscp lm constant_tsc arch_perfmon pebs bts rep_good nopl xtopology nonstop_tsc aperfmperf eagerfpu pni pclmulqdq dtes64 monitor ds_cpl vmx est tm2 ssse3 cx16 xtpr pdcm pcid sse4_1 sse4_2 x2apic popcnt tsc_deadline_timer xsave avx f16c rdrand lahf_lm epb tpr_shadow vnmi flexpriority ept vpid fsgsbase smep erms xsaveopt dtherm ida arat pln pts
bugs		:
bogomips	: 4788.84
clflush size	: 64
cache_alignment	: 64
address sizes	: 36 bits physical, 48 bits virtual
power management:

processor	: 3
vendor_id	: GenuineIntel
cpu family	: 6
model		: 58
model name	: Intel(R) Core(TM) i7-3517U CPU @ 1.90GHz
stepping	: 9
microcode	: 0x12
cpu MHz		: 2911.593
cache size	: 4096 KB
physical id	: 0
siblings	: 4
core id		: 1
cpu cores	: 2
apicid		: 3
initial apicid	: 3
fpu		: yes
fpu_exception	: yes
cpuid level	: 13
wp		: yes
flags		: fpu vme de pse tsc msr pae mce cx8 apic sep mtrr pge mca cmov pat pse36 clflush dts acpi mmx fxsr sse sse2 ss ht tm pbe syscall nx rdtscp lm constant_tsc arch_perfmon pebs bts rep_good nopl xtopology nonstop_tsc aperfmperf eagerfpu pni pclmulqdq dtes64 monitor ds_cpl vmx est tm2 ssse3 cx16 xtpr pdcm pcid sse4_1 sse4_2 x2apic popcnt tsc_deadline_timer xsave avx f16c rdrand lahf_lm epb tpr_shadow vnmi flexpriority ept vpid fsgsbase smep erms xsaveopt dtherm ida arat pln pts
bugs		:
bogomips	: 4788.84
clflush size	: 64
cache_alignment	: 64
address sizes	: 36 bits physical, 48 bits virtual
power management:



Memory: 4k page, physical 3878592k(150756k free), swap 4025340k(4020376k free)

vm_info: Java HotSpot(TM) 64-Bit Server VM (25.111-b14) for linux-amd64 JRE (1.8.0_111-b14), built on Sep 22 2016 16:14:03 by "java_re" with gcc 4.3.0 20080428 (Red Hat 4.3.0-8)

time: Mon Jun 12 13:50:03 2017
elapsed time: 28 seconds (0d 0h 0m 28s)

