#
# A fatal error has been detected by the Java Runtime Environment:
#
#  SIGSEGV (0xb) at pc=0x00007f0822d7b263, pid=2896, tid=139673350776576
#
# JRE version: Java(TM) SE Runtime Environment (7.0_80-b15) (build 1.7.0_80-b15)
# Java VM: Java HotSpot(TM) 64-Bit Server VM (24.80-b11 mixed mode linux-amd64 compressed oops)
# Problematic frame:
# C  [libsimgrid.so+0x190263]  xbt_dynar_member+0x23
#
# Failed to write core dump. Core dumps have been disabled. To enable core dumping, try "ulimit -c unlimited" before starting Java again
#
# If you would like to submit a bug report, please visit:
#   http://bugreport.java.com/bugreport/crash.jsp
#

---------------  T H R E A D  ---------------

Current thread (0x00007f084406a000):  VMThread [stack: 0x00007f083c652000,0x00007f083c753000] [id=2905]

siginfo:si_signo=SIGSEGV: si_errno=0, si_code=1 (SEGV_MAPERR), si_addr=0x0000000000000000

Registers:
RAX=0x0000000000000000, RBX=0x00007f08230e7700, RCX=0x00007f0844152940, RDX=0x00007f083c752a30
RSP=0x00007f083c751710, RBP=0x00007f084414cb00, RSI=0x00007f083c7518b8, RDI=0x00007f083c7517d0
R8 =0x00007f0844143b10, R9 =0x0000000000000000, R10=0x0000000000000c58, R11=0x00007f0822d7b240
R12=0x00007f08230f2790, R13=0x00007f084412cb50, R14=0x00000000000003d8, R15=0x00007f0844027e58
RIP=0x00007f0822d7b263, EFLAGS=0x0000000000010202, CSGSFS=0x0000000000000033, ERR=0x0000000000000004
  TRAPNO=0x000000000000000e

Top of Stack: (sp=0x00007f083c751710)
0x00007f083c751710:   00007f084412b4f0 00007f083c751730
0x00007f083c751720:   00007f0844143bb0 00007f083c7518b8
0x00007f083c751730:   00000000ffffffff 0000000000000008
0x00007f083c751740:   00007f0822c04628 00007f084412b4f0
0x00007f083c751750:   00007f084400390f 00007f084412b850
0x00007f083c751760:   00007f083c7518b0 0000000000000000
0x00007f083c751770:   0000000000000005 0000000000000000
0x00007f083c751780:   00007f083c7518d8 00007f0849fd0c11
0x00007f083c751790:   0000000000000000 0000000000000000
0x00007f083c7517a0:   0000000000000005 00007f08230b6de8
0x00007f083c7517b0:   00007f08230f2790 00007f084412cb50
0x00007f083c7517c0:   00000000000003d8 00007f0844027e58
0x00007f083c7517d0:   0000000000000000 00007f0849fd59ad
0x00007f083c7517e0:   0000000000000005 0000000000000000
0x00007f083c7517f0:   00007f084412b4f0 00007f0822c04628
0x00007f083c751800:   00007f08230e7700 00007f084414cb00
0x00007f083c751810:   00007f08230f2790 00007f0849fdcf30
0x00007f083c751820:   00007f0822bf4308 00007f084412b4f0
0x00007f083c751830:   000000000000054c 000000001ecd924b
0x00007f083c751840:   0000000000000000 00007f084406ac00
0x00007f083c751850:   00007f084406ac00 00007f083c751920
0x00007f083c751860:   00007f0844152940 00007f0844152940
0x00007f083c751870:   0000000000000001 00007f083c7518b8
0x00007f083c751880:   00007f0844143bb0 00007f0844143b10
0x00007f083c751890:   0000000000000000 00007f084412b4f0
0x00007f083c7518a0:   00007f08230e7700 00007f0822d9834f
0x00007f083c7518b0:   0000000000000000 00007f0844152940
0x00007f083c7518c0:   0000000000000005 0000000000000000
0x00007f083c7518d0:   00007f0844027e58 00007f08230eaa98
0x00007f083c7518e0:   00007f0844145d70 0000000000000001
0x00007f083c7518f0:   00007f084412cb50 00007f0822d79d37
0x00007f083c751900:   00007f084412cb50 00007f08230ea098 

Instructions: (pc=0x00007f0822d7b263)
0x00007f0822d7b243:   ec 90 01 00 00 48 8b 05 01 a2 33 00 48 89 7c 24
0x00007f0822d7b253:   10 48 89 74 24 18 ff 10 48 8d bc 24 c0 00 00 00
0x00007f0822d7b263:   48 8b 08 48 89 04 24 48 89 38 48 89 4c 24 08 e8
0x00007f0822d7b273:   79 31 ed ff 85 c0 74 75 48 8b 14 24 c7 42 08 01 

Register to memory mapping:

RAX=0x0000000000000000 is an unknown value
RBX=0x00007f08230e7700: _simgrid_log_category__simix_process+0 in /tmp/simgrid-java8341762532526068391/libsimgrid.so at 0x00007f0822beb000
RCX=0x00007f0844152940 is an unknown value
RDX=0x00007f083c752a30 is an unknown value
RSP=0x00007f083c751710 is an unknown value
RBP=0x00007f084414cb00 is an unknown value
RSI=0x00007f083c7518b8 is an unknown value
RDI=0x00007f083c7517d0 is an unknown value
R8 =0x00007f0844143b10 is an unknown value
R9 =0x0000000000000000 is an unknown value
R10=0x0000000000000c58 is an unknown value
R11=0x00007f0822d7b240: xbt_dynar_member+0 in /tmp/simgrid-java8341762532526068391/libsimgrid.so at 0x00007f0822beb000
R12=0x00007f08230f2790: simix_global+0 in /tmp/simgrid-java8341762532526068391/libsimgrid.so at 0x00007f0822beb000
R13=0x00007f084412cb50 is an unknown value
R14=0x00000000000003d8 is an unknown value
R15=0x00007f0844027e58 is an unknown value


Stack: [0x00007f083c652000,0x00007f083c753000],  sp=0x00007f083c751710,  free space=1021k
Native frames: (J=compiled Java code, j=interpreted, Vv=VM code, C=native code)
C  [libsimgrid.so+0x190263]  xbt_dynar_member+0x23

VM_Operation (0x00007f08204335b0): Exit, mode: safepoint, requested by thread 0x00007f0814001000


---------------  P R O C E S S  ---------------

Java Threads: ( => current thread )
  0x00007f07e4001000 JavaThread "Thread-0" [_thread_blocked, id=2922, stack(0x00007f0820233000,0x00007f0820334000)]
  0x00007f0814001000 JavaThread "SIGTERM handler" daemon [_thread_blocked, id=2921, stack(0x00007f0820334000,0x00007f0820435000)]
  0x00007f07e0001000 JavaThread "Thread-8" [_thread_blocked, id=2919, stack(0x00007f07fa7fd000,0x00007f07faffe000)]
  0x00007f07ec001000 JavaThread "Thread-7" [_thread_in_native, id=2920, stack(0x00007f07f9ffc000,0x00007f07fa7fd000)]
  0x00007f07e8001000 JavaThread "Thread-6" [_thread_in_native, id=2918, stack(0x00007f07faffe000,0x00007f07fb7ff000)]
  0x00007f07f0001000 JavaThread "Thread-4" [_thread_in_native, id=2917, stack(0x00007f07fb7ff000,0x00007f07fc000000)]
  0x00007f07f4001000 JavaThread "Thread-5" [_thread_in_native, id=2916, stack(0x00007f0820435000,0x00007f0820c36000)]
  0x00007f0800001000 JavaThread "Thread-3" [_thread_in_native, id=2915, stack(0x00007f0820c36000,0x00007f0821437000)]
  0x00007f07fc001000 JavaThread "Thread-2" [_thread_in_native, id=2914, stack(0x00007f0821437000,0x00007f0821c38000)]
  0x00007f0808001000 JavaThread "Thread-1" [_thread_in_native, id=2913, stack(0x00007f0821c38000,0x00007f0822439000)]
  0x00007f0844099000 JavaThread "Service Thread" daemon [_thread_blocked, id=2911, stack(0x00007f083c04c000,0x00007f083c14d000)]
  0x00007f0844096800 JavaThread "C2 CompilerThread1" daemon [_thread_blocked, id=2910, stack(0x00007f083c14d000,0x00007f083c24e000)]
  0x00007f0844093800 JavaThread "C2 CompilerThread0" daemon [_thread_blocked, id=2909, stack(0x00007f083c24e000,0x00007f083c34f000)]
  0x00007f0844070800 JavaThread "Finalizer" daemon [_thread_blocked, id=2907, stack(0x00007f083c450000,0x00007f083c551000)]
  0x00007f084406e000 JavaThread "Reference Handler" daemon [_thread_blocked, id=2906, stack(0x00007f083c551000,0x00007f083c652000)]
  0x00007f0844009800 JavaThread "main" [_thread_in_native, id=2899, stack(0x00007f084a0c9000,0x00007f084a1ca000)]

Other Threads:
=>0x00007f084406a000 VMThread [stack: 0x00007f083c652000,0x00007f083c753000] [id=2905]

VM state:at safepoint (shutting down)

VM Mutex/Monitor currently owned by a thread:  ([mutex/lock_event])
[0x00007f08440061b0] Threads_lock - owner thread: 0x00007f084406a000

Heap
 PSYoungGen      total 17920K, used 14749K [0x00000000ec400000, 0x00000000ed800000, 0x0000000100000000)
  eden space 15360K, 96% used [0x00000000ec400000,0x00000000ed267550,0x00000000ed300000)
  from space 2560K, 0% used [0x00000000ed580000,0x00000000ed580000,0x00000000ed800000)
  to   space 2560K, 0% used [0x00000000ed300000,0x00000000ed300000,0x00000000ed580000)
 ParOldGen       total 40448K, used 0K [0x00000000c4c00000, 0x00000000c7380000, 0x00000000ec400000)
  object space 40448K, 0% used [0x00000000c4c00000,0x00000000c4c00000,0x00000000c7380000)
 PSPermGen       total 21504K, used 3675K [0x00000000bfa00000, 0x00000000c0f00000, 0x00000000c4c00000)
  object space 21504K, 17% used [0x00000000bfa00000,0x00000000bfd96f90,0x00000000c0f00000)

Card table byte_map: [0x00007f084017e000,0x00007f0840382000] byte_map_base: 0x00007f083fb81000

Polling page: 0x00007f084a1e6000

Code Cache  [0x00007f0840382000, 0x00007f08405f2000, 0x00007f0843382000)
 total_blobs=269 nmethods=61 adapters=162 free_code_cache=48676Kb largest_free_block=49824960

Compilation events (10 events):
Event: 1.357 Thread 0x00007f0844093800 nmethod 57 0x00007f08403f2590 code [0x00007f08403f26c0, 0x00007f08403f2718]
Event: 1.358 Thread 0x00007f0844096800   58             java.util.regex.Pattern$Node::study (21 bytes)
Event: 1.358 Thread 0x00007f0844093800   59             java.util.regex.Matcher::find (69 bytes)
Event: 1.359 Thread 0x00007f0844096800 nmethod 58 0x00007f08403f6410 code [0x00007f08403f6560, 0x00007f08403f6668]
Event: 1.363 Thread 0x00007f0844093800 nmethod 59 0x00007f08403fb950 code [0x00007f08403fbac0, 0x00007f08403fbdb8]
Event: 1.364 Thread 0x00007f0844096800   60 % !         vcube.Node::main @ 39 (1465 bytes)
Event: 1.418 Thread 0x00007f0844093800   61             java.lang.StringBuilder::append (8 bytes)
Event: 1.423 Thread 0x00007f0844093800 nmethod 61 0x00007f08403f9150 code [0x00007f08403f92c0, 0x00007f08403f9798]
Event: 1.423 Thread 0x00007f0844093800   62             java.lang.AbstractStringBuilder::append (62 bytes)
Event: 1.428 Thread 0x00007f0844093800 nmethod 62 0x00007f08403fd0d0 code [0x00007f08403fd240, 0x00007f08403fd718]

GC Heap History (0 events):
No events

Deoptimization events (1 events):
Event: 1.467 Thread 0x00007f07e4001000 Uncommon trap: reason=unstable_if action=reinterpret pc=0x00007f08403eda70 method=java.lang.ref.Reference.<init>(Ljava/lang/Object;Ljava/lang/ref/ReferenceQueue;)V @ 11

Internal exceptions (10 events):
Event: 1.462 Thread 0x00007f0800001000 Threw 0x00000000ed074ed0 at /HUDSON/workspace/7u-2-build-linux-amd64/jdk7u80/2329/hotspot/src/share/vm/prims/jni.cpp:743
Event: 1.462 Thread 0x00007f07f0001000 Threw 0x00000000ed02b6e8 at /HUDSON/workspace/7u-2-build-linux-amd64/jdk7u80/2329/hotspot/src/share/vm/prims/jni.cpp:743
Event: 1.463 Thread 0x00007f07ec001000 Threw 0x00000000ed0a8458 at /HUDSON/workspace/7u-2-build-linux-amd64/jdk7u80/2329/hotspot/src/share/vm/prims/jni.cpp:743
Event: 1.465 Thread 0x00007f07fc001000 Threw 0x00000000ed13c438 at /HUDSON/workspace/7u-2-build-linux-amd64/jdk7u80/2329/hotspot/src/share/vm/prims/jni.cpp:743
Event: 1.465 Thread 0x00007f0800001000 Threw 0x00000000ed076188 at /HUDSON/workspace/7u-2-build-linux-amd64/jdk7u80/2329/hotspot/src/share/vm/prims/jni.cpp:743
Event: 1.466 Thread 0x00007f07f0001000 Threw 0x00000000ed02c9a0 at /HUDSON/workspace/7u-2-build-linux-amd64/jdk7u80/2329/hotspot/src/share/vm/prims/jni.cpp:743
Event: 1.467 Thread 0x00007f07ec001000 Threw 0x00000000ed0a9710 at /HUDSON/workspace/7u-2-build-linux-amd64/jdk7u80/2329/hotspot/src/share/vm/prims/jni.cpp:743
Event: 1.467 Thread 0x00007f07fc001000 Threw 0x00000000ed13d6f0 at /HUDSON/workspace/7u-2-build-linux-amd64/jdk7u80/2329/hotspot/src/share/vm/prims/jni.cpp:743
Event: 1.467 Thread 0x00007f0800001000 Threw 0x00000000ed077440 at /HUDSON/workspace/7u-2-build-linux-amd64/jdk7u80/2329/hotspot/src/share/vm/prims/jni.cpp:743
Event: 1.468 Thread 0x00007f07f0001000 Threw 0x00000000ed02dc58 at /HUDSON/workspace/7u-2-build-linux-amd64/jdk7u80/2329/hotspot/src/share/vm/prims/jni.cpp:743

Events (10 events):
Event: 1.466 loading class 0x00007f0844114650
Event: 1.466 loading class 0x00007f0844114610
Event: 1.466 loading class 0x00007f0844114610 done
Event: 1.466 loading class 0x00007f0844114650 done
Event: 1.467 Thread 0x00007f07e4001000 Thread added: 0x00007f07e4001000
Event: 1.467 Thread 0x00007f07e4001000 Uncommon trap: trap_request=0xffffff75 fr.pc=0x00007f08403eda70
Event: 1.467 Thread 0x00007f07e4001000 DEOPT PACKING pc=0x00007f08403eda70 sp=0x00007f0820331c20
Event: 1.467 Thread 0x00007f07e4001000 DEOPT UNPACKING pc=0x00007f08403bb445 sp=0x00007f0820331be0 mode 2
Event: 1.468 Thread 0x00007f0844091800 Thread exited: 0x00007f0844091800
Event: 1.468 Executing VM operation: Exit


Dynamic libraries:
00400000-00401000 r-xp 00000000 08:07 663942                             /home/elixandre/jdk1.7.0_80/bin/java
00600000-00601000 rw-p 00000000 08:07 663942                             /home/elixandre/jdk1.7.0_80/bin/java
0063e000-0065f000 rw-p 00000000 00:00 0                                  [heap]
bfa00000-c0f00000 rw-p 00000000 00:00 0 
c0f00000-c4c00000 rw-p 00000000 00:00 0 
c4c00000-c7380000 rw-p 00000000 00:00 0 
c7380000-ec400000 rw-p 00000000 00:00 0 
ec400000-ed800000 rw-p 00000000 00:00 0 
ed800000-100000000 rw-p 00000000 00:00 0 
7f07d8000000-7f07d8021000 rw-p 00000000 00:00 0 
7f07d8021000-7f07dc000000 ---p 00000000 00:00 0 
7f07e0000000-7f07e0210000 rw-p 00000000 00:00 0 
7f07e0210000-7f07e4000000 ---p 00000000 00:00 0 
7f07e4000000-7f07e4021000 rw-p 00000000 00:00 0 
7f07e4021000-7f07e8000000 ---p 00000000 00:00 0 
7f07e8000000-7f07e81ce000 rw-p 00000000 00:00 0 
7f07e81ce000-7f07ec000000 ---p 00000000 00:00 0 
7f07ec000000-7f07ec1f3000 rw-p 00000000 00:00 0 
7f07ec1f3000-7f07f0000000 ---p 00000000 00:00 0 
7f07f0000000-7f07f023c000 rw-p 00000000 00:00 0 
7f07f023c000-7f07f4000000 ---p 00000000 00:00 0 
7f07f4000000-7f07f4206000 rw-p 00000000 00:00 0 
7f07f4206000-7f07f8000000 ---p 00000000 00:00 0 
7f07f9ffc000-7f07f9fff000 ---p 00000000 00:00 0 
7f07f9fff000-7f07fa7fd000 rw-p 00000000 00:00 0 
7f07fa7fd000-7f07fa800000 ---p 00000000 00:00 0 
7f07fa800000-7f07faffe000 rw-p 00000000 00:00 0 
7f07faffe000-7f07fb001000 ---p 00000000 00:00 0 
7f07fb001000-7f07fb7ff000 rw-p 00000000 00:00 0 
7f07fb7ff000-7f07fb802000 ---p 00000000 00:00 0 
7f07fb802000-7f07fc000000 rw-p 00000000 00:00 0 
7f07fc000000-7f07fc1d1000 rw-p 00000000 00:00 0 
7f07fc1d1000-7f0800000000 ---p 00000000 00:00 0 
7f0800000000-7f0800231000 rw-p 00000000 00:00 0 
7f0800231000-7f0804000000 ---p 00000000 00:00 0 
7f0804000000-7f0804021000 rw-p 00000000 00:00 0 
7f0804021000-7f0808000000 ---p 00000000 00:00 0 
7f0808000000-7f0808242000 rw-p 00000000 00:00 0 
7f0808242000-7f080c000000 ---p 00000000 00:00 0 
7f080c000000-7f080c675000 rw-p 00000000 00:00 0 
7f080c675000-7f0810000000 ---p 00000000 00:00 0 
7f0810000000-7f0810021000 rw-p 00000000 00:00 0 
7f0810021000-7f0814000000 ---p 00000000 00:00 0 
7f0814000000-7f0814021000 rw-p 00000000 00:00 0 
7f0814021000-7f0818000000 ---p 00000000 00:00 0 
7f0818000000-7f0818245000 rw-p 00000000 00:00 0 
7f0818245000-7f081c000000 ---p 00000000 00:00 0 
7f081c000000-7f081c021000 rw-p 00000000 00:00 0 
7f081c021000-7f0820000000 ---p 00000000 00:00 0 
7f0820233000-7f0820236000 ---p 00000000 00:00 0 
7f0820236000-7f0820334000 rw-p 00000000 00:00 0 
7f0820334000-7f0820337000 ---p 00000000 00:00 0 
7f0820337000-7f0820435000 rw-p 00000000 00:00 0 
7f0820435000-7f0820438000 ---p 00000000 00:00 0 
7f0820438000-7f0820c36000 rw-p 00000000 00:00 0 
7f0820c36000-7f0820c39000 ---p 00000000 00:00 0 
7f0820c39000-7f0821437000 rw-p 00000000 00:00 0 
7f0821437000-7f082143a000 ---p 00000000 00:00 0 
7f082143a000-7f0821c38000 rw-p 00000000 00:00 0 
7f0821c38000-7f0821c3b000 ---p 00000000 00:00 0 
7f0821c3b000-7f0822439000 rw-p 00000000 00:00 0 
7f0822439000-7f0822451000 r-xp 00000000 08:07 544833                     /tmp/simgrid-java8341762532526068391/libsimgrid-java.so (deleted)
7f0822451000-7f0822651000 ---p 00018000 08:07 544833                     /tmp/simgrid-java8341762532526068391/libsimgrid-java.so (deleted)
7f0822651000-7f0822652000 rw-p 00018000 08:07 544833                     /tmp/simgrid-java8341762532526068391/libsimgrid-java.so (deleted)
7f0822652000-7f0822668000 r-xp 00000000 08:07 528568                     /lib/x86_64-linux-gnu/libgcc_s.so.1
7f0822668000-7f0822867000 ---p 00016000 08:07 528568                     /lib/x86_64-linux-gnu/libgcc_s.so.1
7f0822867000-7f0822868000 r--p 00015000 08:07 528568                     /lib/x86_64-linux-gnu/libgcc_s.so.1
7f0822868000-7f0822869000 rw-p 00016000 08:07 528568                     /lib/x86_64-linux-gnu/libgcc_s.so.1
7f0822869000-7f08229dc000 r-xp 00000000 08:07 1059329                    /usr/lib/x86_64-linux-gnu/libstdc++.so.6.0.21
7f08229dc000-7f0822bdb000 ---p 00173000 08:07 1059329                    /usr/lib/x86_64-linux-gnu/libstdc++.so.6.0.21
7f0822bdb000-7f0822be5000 r--p 00172000 08:07 1059329                    /usr/lib/x86_64-linux-gnu/libstdc++.so.6.0.21
7f0822be5000-7f0822be7000 rw-p 0017c000 08:07 1059329                    /usr/lib/x86_64-linux-gnu/libstdc++.so.6.0.21
7f0822be7000-7f0822beb000 rw-p 00000000 00:00 0 
7f0822beb000-7f0822eb0000 r-xp 00000000 08:07 544831                     /tmp/simgrid-java8341762532526068391/libsimgrid.so (deleted)
7f0822eb0000-7f08230b0000 ---p 002c5000 08:07 544831                     /tmp/simgrid-java8341762532526068391/libsimgrid.so (deleted)
7f08230b0000-7f08230eb000 rw-p 002c5000 08:07 544831                     /tmp/simgrid-java8341762532526068391/libsimgrid.so (deleted)
7f08230eb000-7f08233f4000 rw-p 00000000 00:00 0 
7f08233f4000-7f082340b000 r-xp 00000000 08:07 663689                     /home/elixandre/jdk1.7.0_80/jre/lib/amd64/libnet.so
7f082340b000-7f082360a000 ---p 00017000 08:07 663689                     /home/elixandre/jdk1.7.0_80/jre/lib/amd64/libnet.so
7f082360a000-7f082360b000 rw-p 00016000 08:07 663689                     /home/elixandre/jdk1.7.0_80/jre/lib/amd64/libnet.so
7f082360b000-7f082361b000 r-xp 00000000 08:07 663688                     /home/elixandre/jdk1.7.0_80/jre/lib/amd64/libnio.so
7f082361b000-7f082381b000 ---p 00010000 08:07 663688                     /home/elixandre/jdk1.7.0_80/jre/lib/amd64/libnio.so
7f082381b000-7f082381c000 rw-p 00010000 08:07 663688                     /home/elixandre/jdk1.7.0_80/jre/lib/amd64/libnio.so
7f082381c000-7f082381d000 ---p 00000000 00:00 0 
7f082381d000-7f082391d000 rw-p 00000000 00:00 0 
7f082391d000-7f0824000000 r--p 00000000 08:07 1055607                    /usr/lib/locale/locale-archive
7f0824000000-7f0824021000 rw-p 00000000 00:00 0 
7f0824021000-7f0828000000 ---p 00000000 00:00 0 
7f0828000000-7f0828021000 rw-p 00000000 00:00 0 
7f0828021000-7f082c000000 ---p 00000000 00:00 0 
7f082c000000-7f082c021000 rw-p 00000000 00:00 0 
7f082c021000-7f0830000000 ---p 00000000 00:00 0 
7f0830000000-7f0830021000 rw-p 00000000 00:00 0 
7f0830021000-7f0834000000 ---p 00000000 00:00 0 
7f0834000000-7f0834021000 rw-p 00000000 00:00 0 
7f0834021000-7f0838000000 ---p 00000000 00:00 0 
7f0838000000-7f0838021000 rw-p 00000000 00:00 0 
7f0838021000-7f083c000000 ---p 00000000 00:00 0 
7f083c04c000-7f083c04f000 ---p 00000000 00:00 0 
7f083c04f000-7f083c14d000 rw-p 00000000 00:00 0 
7f083c14d000-7f083c150000 ---p 00000000 00:00 0 
7f083c150000-7f083c24e000 rw-p 00000000 00:00 0 
7f083c24e000-7f083c251000 ---p 00000000 00:00 0 
7f083c251000-7f083c34f000 rw-p 00000000 00:00 0 
7f083c34f000-7f083c352000 ---p 00000000 00:00 0 
7f083c352000-7f083c450000 rw-p 00000000 00:00 0 
7f083c450000-7f083c453000 ---p 00000000 00:00 0 
7f083c453000-7f083c551000 rw-p 00000000 00:00 0 
7f083c551000-7f083c554000 ---p 00000000 00:00 0 
7f083c554000-7f083c652000 rw-p 00000000 00:00 0 
7f083c652000-7f083c653000 ---p 00000000 00:00 0 
7f083c653000-7f083d752000 rw-p 00000000 00:00 0 
7f083d752000-7f083d912000 r--s 039fb000 08:07 663892                     /home/elixandre/jdk1.7.0_80/jre/lib/rt.jar
7f083d912000-7f083fc3e000 rw-p 00000000 00:00 0 
7f083fc3e000-7f083fc3f000 ---p 00000000 00:00 0 
7f083fc3f000-7f083fd3f000 rw-p 00000000 00:00 0 
7f083fd3f000-7f083fd40000 ---p 00000000 00:00 0 
7f083fd40000-7f083fe40000 rw-p 00000000 00:00 0 
7f083fe40000-7f083fe41000 ---p 00000000 00:00 0 
7f083fe41000-7f083ff41000 rw-p 00000000 00:00 0 
7f083ff41000-7f083ff42000 ---p 00000000 00:00 0 
7f083ff42000-7f0840056000 rw-p 00000000 00:00 0 
7f0840056000-7f084017e000 rw-p 00000000 00:00 0 
7f084017e000-7f0840189000 rw-p 00000000 00:00 0 
7f0840189000-7f08401a7000 rw-p 00000000 00:00 0 
7f08401a7000-7f08401bb000 rw-p 00000000 00:00 0 
7f08401bb000-7f08402e3000 rw-p 00000000 00:00 0 
7f08402e3000-7f08402ed000 rw-p 00000000 00:00 0 
7f08402ed000-7f0840381000 rw-p 00000000 00:00 0 
7f0840381000-7f0840382000 rw-p 00000000 00:00 0 
7f0840382000-7f08405f2000 rwxp 00000000 00:00 0 
7f08405f2000-7f0843382000 rw-p 00000000 00:00 0 
7f0843382000-7f0843399000 r-xp 00000000 08:07 663687                     /home/elixandre/jdk1.7.0_80/jre/lib/amd64/libzip.so
7f0843399000-7f0843599000 ---p 00017000 08:07 663687                     /home/elixandre/jdk1.7.0_80/jre/lib/amd64/libzip.so
7f0843599000-7f084359a000 rw-p 00017000 08:07 663687                     /home/elixandre/jdk1.7.0_80/jre/lib/amd64/libzip.so
7f084359a000-7f08435a4000 r-xp 00000000 08:07 529521                     /lib/x86_64-linux-gnu/libnss_files-2.21.so
7f08435a4000-7f08437a4000 ---p 0000a000 08:07 529521                     /lib/x86_64-linux-gnu/libnss_files-2.21.so
7f08437a4000-7f08437a5000 r--p 0000a000 08:07 529521                     /lib/x86_64-linux-gnu/libnss_files-2.21.so
7f08437a5000-7f08437a6000 rw-p 0000b000 08:07 529521                     /lib/x86_64-linux-gnu/libnss_files-2.21.so
7f08437a6000-7f08437b1000 r-xp 00000000 08:07 529535                     /lib/x86_64-linux-gnu/libnss_nis-2.21.so
7f08437b1000-7f08439b0000 ---p 0000b000 08:07 529535                     /lib/x86_64-linux-gnu/libnss_nis-2.21.so
7f08439b0000-7f08439b1000 r--p 0000a000 08:07 529535                     /lib/x86_64-linux-gnu/libnss_nis-2.21.so
7f08439b1000-7f08439b2000 rw-p 0000b000 08:07 529535                     /lib/x86_64-linux-gnu/libnss_nis-2.21.so
7f08439b2000-7f08439c9000 r-xp 00000000 08:07 529538                     /lib/x86_64-linux-gnu/libnsl-2.21.so
7f08439c9000-7f0843bc8000 ---p 00017000 08:07 529538                     /lib/x86_64-linux-gnu/libnsl-2.21.so
7f0843bc8000-7f0843bc9000 r--p 00016000 08:07 529538                     /lib/x86_64-linux-gnu/libnsl-2.21.so
7f0843bc9000-7f0843bca000 rw-p 00017000 08:07 529538                     /lib/x86_64-linux-gnu/libnsl-2.21.so
7f0843bca000-7f0843bcc000 rw-p 00000000 00:00 0 
7f0843bcc000-7f0843bd4000 r-xp 00000000 08:07 529523                     /lib/x86_64-linux-gnu/libnss_compat-2.21.so
7f0843bd4000-7f0843dd3000 ---p 00008000 08:07 529523                     /lib/x86_64-linux-gnu/libnss_compat-2.21.so
7f0843dd3000-7f0843dd4000 r--p 00007000 08:07 529523                     /lib/x86_64-linux-gnu/libnss_compat-2.21.so
7f0843dd4000-7f0843dd5000 rw-p 00008000 08:07 529523                     /lib/x86_64-linux-gnu/libnss_compat-2.21.so
7f0843dd5000-7f0843dfe000 r-xp 00000000 08:07 663623                     /home/elixandre/jdk1.7.0_80/jre/lib/amd64/libjava.so
7f0843dfe000-7f0843ffe000 ---p 00029000 08:07 663623                     /home/elixandre/jdk1.7.0_80/jre/lib/amd64/libjava.so
7f0843ffe000-7f0844000000 rw-p 00029000 08:07 663623                     /home/elixandre/jdk1.7.0_80/jre/lib/amd64/libjava.so
7f0844000000-7f0844403000 rw-p 00000000 00:00 0 
7f0844403000-7f0848000000 ---p 00000000 00:00 0 
7f0848004000-7f084800f000 rw-p 00000000 00:00 0 
7f084800f000-7f084802d000 rw-p 00000000 00:00 0 
7f084802d000-7f084803a000 r-xp 00000000 08:07 663501                     /home/elixandre/jdk1.7.0_80/jre/lib/amd64/libverify.so
7f084803a000-7f0848239000 ---p 0000d000 08:07 663501                     /home/elixandre/jdk1.7.0_80/jre/lib/amd64/libverify.so
7f0848239000-7f084823b000 rw-p 0000c000 08:07 663501                     /home/elixandre/jdk1.7.0_80/jre/lib/amd64/libverify.so
7f084823b000-7f0848242000 r-xp 00000000 08:07 529522                     /lib/x86_64-linux-gnu/librt-2.21.so
7f0848242000-7f0848441000 ---p 00007000 08:07 529522                     /lib/x86_64-linux-gnu/librt-2.21.so
7f0848441000-7f0848442000 r--p 00006000 08:07 529522                     /lib/x86_64-linux-gnu/librt-2.21.so
7f0848442000-7f0848443000 rw-p 00007000 08:07 529522                     /lib/x86_64-linux-gnu/librt-2.21.so
7f0848443000-7f084854a000 r-xp 00000000 08:07 529524                     /lib/x86_64-linux-gnu/libm-2.21.so
7f084854a000-7f0848749000 ---p 00107000 08:07 529524                     /lib/x86_64-linux-gnu/libm-2.21.so
7f0848749000-7f084874a000 r--p 00106000 08:07 529524                     /lib/x86_64-linux-gnu/libm-2.21.so
7f084874a000-7f084874b000 rw-p 00107000 08:07 529524                     /lib/x86_64-linux-gnu/libm-2.21.so
7f084874b000-7f08492c1000 r-xp 00000000 08:07 663273                     /home/elixandre/jdk1.7.0_80/jre/lib/amd64/server/libjvm.so
7f08492c1000-7f08494c0000 ---p 00b76000 08:07 663273                     /home/elixandre/jdk1.7.0_80/jre/lib/amd64/server/libjvm.so
7f08494c0000-7f0849584000 rw-p 00b75000 08:07 663273                     /home/elixandre/jdk1.7.0_80/jre/lib/amd64/server/libjvm.so
7f0849584000-7f08495c5000 rw-p 00000000 00:00 0 
7f08495c5000-7f0849785000 r-xp 00000000 08:07 529541                     /lib/x86_64-linux-gnu/libc-2.21.so
7f0849785000-7f0849985000 ---p 001c0000 08:07 529541                     /lib/x86_64-linux-gnu/libc-2.21.so
7f0849985000-7f0849989000 r--p 001c0000 08:07 529541                     /lib/x86_64-linux-gnu/libc-2.21.so
7f0849989000-7f084998b000 rw-p 001c4000 08:07 529541                     /lib/x86_64-linux-gnu/libc-2.21.so
7f084998b000-7f084998f000 rw-p 00000000 00:00 0 
7f084998f000-7f0849992000 r-xp 00000000 08:07 529528                     /lib/x86_64-linux-gnu/libdl-2.21.so
7f0849992000-7f0849b91000 ---p 00003000 08:07 529528                     /lib/x86_64-linux-gnu/libdl-2.21.so
7f0849b91000-7f0849b92000 r--p 00002000 08:07 529528                     /lib/x86_64-linux-gnu/libdl-2.21.so
7f0849b92000-7f0849b93000 rw-p 00003000 08:07 529528                     /lib/x86_64-linux-gnu/libdl-2.21.so
7f0849b93000-7f0849ba8000 r-xp 00000000 08:07 663695                     /home/elixandre/jdk1.7.0_80/lib/amd64/jli/libjli.so
7f0849ba8000-7f0849da7000 ---p 00015000 08:07 663695                     /home/elixandre/jdk1.7.0_80/lib/amd64/jli/libjli.so
7f0849da7000-7f0849da8000 rw-p 00014000 08:07 663695                     /home/elixandre/jdk1.7.0_80/lib/amd64/jli/libjli.so
7f0849da8000-7f0849dc0000 r-xp 00000000 08:07 529525                     /lib/x86_64-linux-gnu/libpthread-2.21.so
7f0849dc0000-7f0849fc0000 ---p 00018000 08:07 529525                     /lib/x86_64-linux-gnu/libpthread-2.21.so
7f0849fc0000-7f0849fc1000 r--p 00018000 08:07 529525                     /lib/x86_64-linux-gnu/libpthread-2.21.so
7f0849fc1000-7f0849fc2000 rw-p 00019000 08:07 529525                     /lib/x86_64-linux-gnu/libpthread-2.21.so
7f0849fc2000-7f0849fc6000 rw-p 00000000 00:00 0 
7f0849fc6000-7f0849fea000 r-xp 00000000 08:07 529539                     /lib/x86_64-linux-gnu/ld-2.21.so
7f0849ff4000-7f084a013000 rw-p 00000000 00:00 0 
7f084a013000-7f084a0c9000 rw-p 00000000 00:00 0 
7f084a0c9000-7f084a0cc000 ---p 00000000 00:00 0 
7f084a0cc000-7f084a1ce000 rw-p 00000000 00:00 0 
7f084a1d6000-7f084a1da000 r--s 0008b000 08:07 663627                     /home/elixandre/jdk1.7.0_80/jre/lib/jsse.jar
7f084a1da000-7f084a1dd000 r--s 00f76000 08:07 542783                     /home/elixandre/Downloads/simgrid.jar
7f084a1dd000-7f084a1e5000 rw-s 00000000 08:07 544827                     /tmp/hsperfdata_elixandre/2896 (deleted)
7f084a1e5000-7f084a1e6000 rw-p 00000000 00:00 0 
7f084a1e6000-7f084a1e7000 ---p 00000000 00:00 0 
7f084a1e7000-7f084a1e9000 rw-p 00000000 00:00 0 
7f084a1e9000-7f084a1ea000 r--p 00023000 08:07 529539                     /lib/x86_64-linux-gnu/ld-2.21.so
7f084a1ea000-7f084a1eb000 rw-p 00024000 08:07 529539                     /lib/x86_64-linux-gnu/ld-2.21.so
7f084a1eb000-7f084a1ec000 rw-p 00000000 00:00 0 
7ffe99110000-7ffe99131000 rw-p 00000000 00:00 0                          [stack]
7ffe991ee000-7ffe991f0000 r--p 00000000 00:00 0                          [vvar]
7ffe991f0000-7ffe991f2000 r-xp 00000000 00:00 0                          [vdso]
ffffffffff600000-ffffffffff601000 r-xp 00000000 00:00 0                  [vsyscall]

VM Arguments:
jvm_args: -Dfile.encoding=UTF-8 
java_command: vcube.VCube platform.xml deployment.xml
Launcher Type: SUN_STANDARD

Environment Variables:
PATH=/usr/local/sbin:/usr/local/bin:/usr/sbin:/usr/bin:/sbin:/bin:/usr/games:/usr/local/games:/home/elixandre/.rvm/bin
LD_LIBRARY_PATH=/home/elixandre/jdk1.7.0_80/jre/lib/amd64:/home/elixandre/jdk1.7.0_80/jre/lib/i386:
SHELL=/bin/bash
DISPLAY=:0

Signal Handlers:
SIGSEGV: [libjvm.so+0x9a3b20], sa_mask[0]=0x7ffbfeff, sa_flags=0x10000004
SIGBUS: [libjvm.so+0x9a3b20], sa_mask[0]=0x7ffbfeff, sa_flags=0x10000004
SIGFPE: [libjvm.so+0x81e740], sa_mask[0]=0x7ffbfeff, sa_flags=0x10000004
SIGPIPE: [libjvm.so+0x81e740], sa_mask[0]=0x7ffbfeff, sa_flags=0x10000004
SIGXFSZ: [libjvm.so+0x81e740], sa_mask[0]=0x7ffbfeff, sa_flags=0x10000004
SIGILL: [libjvm.so+0x81e740], sa_mask[0]=0x7ffbfeff, sa_flags=0x10000004
SIGUSR1: SIG_DFL, sa_mask[0]=0x00000000, sa_flags=0x00000000
SIGUSR2: [libjvm.so+0x81ffb0], sa_mask[0]=0x00000004, sa_flags=0x10000004
SIGHUP: [libjvm.so+0x8210d0], sa_mask[0]=0x7ffbfeff, sa_flags=0x10000004
SIGINT: [libsimgrid.so+0x8ff50], sa_mask[0]=0x00000002, sa_flags=0x10000000
SIGTERM: [libjvm.so+0x8210d0], sa_mask[0]=0x7ffbfeff, sa_flags=0x10000004
SIGQUIT: [libjvm.so+0x8210d0], sa_mask[0]=0x7ffbfeff, sa_flags=0x10000004


---------------  S Y S T E M  ---------------

OS:jessie/sid

uname:Linux 4.2.0-42-generic #49-Ubuntu SMP Tue Jun 28 21:26:26 UTC 2016 x86_64
libc:glibc 2.21 NPTL 2.21 
rlimit: STACK 8192k, CORE 0k, NPROC 15009, NOFILE 65536, AS infinity
load average:1.09 1.11 0.64

/proc/meminfo:
MemTotal:        3879128 kB
MemFree:         1059608 kB
MemAvailable:    1837064 kB
Buffers:           83040 kB
Cached:          1018772 kB
SwapCached:            0 kB
Active:          1850692 kB
Inactive:         798436 kB
Active(anon):    1549244 kB
Inactive(anon):   175920 kB
Active(file):     301448 kB
Inactive(file):   622516 kB
Unevictable:          48 kB
Mlocked:              48 kB
SwapTotal:        975868 kB
SwapFree:         975868 kB
Dirty:             21192 kB
Writeback:             0 kB
AnonPages:       1547404 kB
Mapped:           340652 kB
Shmem:            177852 kB
Slab:              76100 kB
SReclaimable:      44852 kB
SUnreclaim:        31248 kB
KernelStack:        9408 kB
PageTables:        32996 kB
NFS_Unstable:          0 kB
Bounce:                0 kB
WritebackTmp:          0 kB
CommitLimit:     2915432 kB
Committed_AS:    5583536 kB
VmallocTotal:   34359738367 kB
VmallocUsed:      347648 kB
VmallocChunk:   34358947836 kB
HardwareCorrupted:     0 kB
AnonHugePages:    671744 kB
CmaTotal:              0 kB
CmaFree:               0 kB
HugePages_Total:       0
HugePages_Free:        0
HugePages_Rsvd:        0
HugePages_Surp:        0
Hugepagesize:       2048 kB
DirectMap4k:      117496 kB
DirectMap2M:     3909632 kB


CPU:total 4 (2 cores per cpu, 2 threads per core) family 6 model 58 stepping 9, cmov, cx8, fxsr, mmx, sse, sse2, sse3, ssse3, sse4.1, sse4.2, popcnt, avx, erms, ht, tsc, tscinvbit, tscinv

/proc/cpuinfo:
processor	: 0
vendor_id	: GenuineIntel
cpu family	: 6
model		: 58
model name	: Intel(R) Core(TM) i7-3517U CPU @ 1.90GHz
stepping	: 9
microcode	: 0x12
cpu MHz		: 1558.031
cache size	: 4096 KB
physical id	: 0
siblings	: 4
core id		: 0
cpu cores	: 2
apicid		: 0
initial apicid	: 0
fpu		: yes
fpu_exception	: yes
cpuid level	: 13
wp		: yes
flags		: fpu vme de pse tsc msr pae mce cx8 apic sep mtrr pge mca cmov pat pse36 clflush dts acpi mmx fxsr sse sse2 ss ht tm pbe syscall nx rdtscp lm constant_tsc arch_perfmon pebs bts rep_good nopl xtopology nonstop_tsc aperfmperf eagerfpu pni pclmulqdq dtes64 monitor ds_cpl vmx est tm2 ssse3 cx16 xtpr pdcm pcid sse4_1 sse4_2 x2apic popcnt tsc_deadline_timer xsave avx f16c rdrand lahf_lm ida arat epb pln pts dtherm tpr_shadow vnmi flexpriority ept vpid fsgsbase smep erms xsaveopt
bugs		:
bogomips	: 4789.21
clflush size	: 64
cache_alignment	: 64
address sizes	: 36 bits physical, 48 bits virtual
power management:

processor	: 1
vendor_id	: GenuineIntel
cpu family	: 6
model		: 58
model name	: Intel(R) Core(TM) i7-3517U CPU @ 1.90GHz
stepping	: 9
microcode	: 0x12
cpu MHz		: 1633.406
cache size	: 4096 KB
physical id	: 0
siblings	: 4
core id		: 0
cpu cores	: 2
apicid		: 1
initial apicid	: 1
fpu		: yes
fpu_exception	: yes
cpuid level	: 13
wp		: yes
flags		: fpu vme de pse tsc msr pae mce cx8 apic sep mtrr pge mca cmov pat pse36 clflush dts acpi mmx fxsr sse sse2 ss ht tm pbe syscall nx rdtscp lm constant_tsc arch_perfmon pebs bts rep_good nopl xtopology nonstop_tsc aperfmperf eagerfpu pni pclmulqdq dtes64 monitor ds_cpl vmx est tm2 ssse3 cx16 xtpr pdcm pcid sse4_1 sse4_2 x2apic popcnt tsc_deadline_timer xsave avx f16c rdrand lahf_lm ida arat epb pln pts dtherm tpr_shadow vnmi flexpriority ept vpid fsgsbase smep erms xsaveopt
bugs		:
bogomips	: 4789.21
clflush size	: 64
cache_alignment	: 64
address sizes	: 36 bits physical, 48 bits virtual
power management:

processor	: 2
vendor_id	: GenuineIntel
cpu family	: 6
model		: 58
model name	: Intel(R) Core(TM) i7-3517U CPU @ 1.90GHz
stepping	: 9
microcode	: 0x12
cpu MHz		: 1257.937
cache size	: 4096 KB
physical id	: 0
siblings	: 4
core id		: 1
cpu cores	: 2
apicid		: 2
initial apicid	: 2
fpu		: yes
fpu_exception	: yes
cpuid level	: 13
wp		: yes
flags		: fpu vme de pse tsc msr pae mce cx8 apic sep mtrr pge mca cmov pat pse36 clflush dts acpi mmx fxsr sse sse2 ss ht tm pbe syscall nx rdtscp lm constant_tsc arch_perfmon pebs bts rep_good nopl xtopology nonstop_tsc aperfmperf eagerfpu pni pclmulqdq dtes64 monitor ds_cpl vmx est tm2 ssse3 cx16 xtpr pdcm pcid sse4_1 sse4_2 x2apic popcnt tsc_deadline_timer xsave avx f16c rdrand lahf_lm ida arat epb pln pts dtherm tpr_shadow vnmi flexpriority ept vpid fsgsbase smep erms xsaveopt
bugs		:
bogomips	: 4789.21
clflush size	: 64
cache_alignment	: 64
address sizes	: 36 bits physical, 48 bits virtual
power management:

processor	: 3
vendor_id	: GenuineIntel
cpu family	: 6
model		: 58
model name	: Intel(R) Core(TM) i7-3517U CPU @ 1.90GHz
stepping	: 9
microcode	: 0x12
cpu MHz		: 1664.062
cache size	: 4096 KB
physical id	: 0
siblings	: 4
core id		: 1
cpu cores	: 2
apicid		: 3
initial apicid	: 3
fpu		: yes
fpu_exception	: yes
cpuid level	: 13
wp		: yes
flags		: fpu vme de pse tsc msr pae mce cx8 apic sep mtrr pge mca cmov pat pse36 clflush dts acpi mmx fxsr sse sse2 ss ht tm pbe syscall nx rdtscp lm constant_tsc arch_perfmon pebs bts rep_good nopl xtopology nonstop_tsc aperfmperf eagerfpu pni pclmulqdq dtes64 monitor ds_cpl vmx est tm2 ssse3 cx16 xtpr pdcm pcid sse4_1 sse4_2 x2apic popcnt tsc_deadline_timer xsave avx f16c rdrand lahf_lm ida arat epb pln pts dtherm tpr_shadow vnmi flexpriority ept vpid fsgsbase smep erms xsaveopt
bugs		:
bogomips	: 4789.21
clflush size	: 64
cache_alignment	: 64
address sizes	: 36 bits physical, 48 bits virtual
power management:



Memory: 4k page, physical 3879128k(1059608k free), swap 975868k(975868k free)

vm_info: Java HotSpot(TM) 64-Bit Server VM (24.80-b11) for linux-amd64 JRE (1.7.0_80-b15), built on Apr 10 2015 19:53:14 by "java_re" with gcc 4.3.0 20080428 (Red Hat 4.3.0-8)

time: Fri May  5 15:28:10 2017
elapsed time: 1 seconds

