#
# A fatal error has been detected by the Java Runtime Environment:
#
#  SIGSEGV (0xb) at pc=0x00007f0ca3b6a76b, pid=8106, tid=139692076930816
#
# JRE version: Java(TM) SE Runtime Environment (7.0_80-b15) (build 1.7.0_80-b15)
# Java VM: Java HotSpot(TM) 64-Bit Server VM (24.80-b11 mixed mode linux-amd64 compressed oops)
# Problematic frame:
# C  [libc.so.6+0x8076b]  _IO_str_seekoff+0x299b
#
# Failed to write core dump. Core dumps have been disabled. To enable core dumping, try "ulimit -c unlimited" before starting Java again
#
# If you would like to submit a bug report, please visit:
#   http://bugreport.java.com/bugreport/crash.jsp
# The crash happened outside the Java Virtual Machine in native code.
# See problematic frame for where to report the bug.
#

---------------  T H R E A D  ---------------

Current thread (0x00007f0c9c070800):  JavaThread "Finalizer" daemon [_thread_in_native, id=8118, stack(0x00007f0c988f9000,0x00007f0c989fa000)]

siginfo:si_signo=SIGSEGV: si_errno=0, si_code=1 (SEGV_MAPERR), si_addr=0x00007f7ba064d7d8

Registers:
RAX=0x00007f0c3c1e6310, RBX=0x00007f0c3c036760, RCX=0x00007f0c989f86c0, RDX=0xffffff909b9e8f90
RSP=0x00007f0c989f84e0, RBP=0x0000006f64617070, RSI=0x0000000000000001, RDI=0x0000000000000000
R8 =0x00007f0c4c073eb0, R9 =0x0000000000000001, R10=0x0000000000000006, R11=0x00007f0ca3abfde8
R12=0x00007f7ba064d7d0, R13=0x00007f0c3c000020, R14=0x00007f0c989f86c0, R15=0x00007f0c9c070800
RIP=0x00007f0ca3b6a76b, EFLAGS=0x0000000000010202, CSGSFS=0x0000000000000033, ERR=0x0000000000000004
  TRAPNO=0x000000000000000e

Top of Stack: (sp=0x00007f0c989f84e0)
0x00007f0c989f84e0:   00007f0c9c070800 000000009c0710c0
0x00007f0c989f84f0:   00007f0c9c070d20 00007f0c989f8530
0x00007f0c989f8500:   00000000000000b7 00007f0c4c073fc0
0x00007f0c989f8510:   00007f0c89597ce0 00007f0c4c073f30
0x00007f0c989f8520:   00000000bfd6dd68 00007f0c00000001
0x00007f0c989f8530:   00007f0c4c073fc0 00007f0ca3b6e7ec
0x00007f0c989f8540:   00007f0c9c0710c0 00007f0c9c0710c0
0x00007f0c989f8550:   00007f0cfffffffe 00007f0c3c0366a0
0x00007f0c989f8560:   00007f0c89597ce0 0000000000000000
0x00007f0c989f8570:   00000000bfd6dd68 00007f0c989f86c0
0x00007f0c989f8580:   00007f0c9c070800 00007f0ca3b6e7ec
0x00007f0c989f8590:   0000007f989f85f0 00007f0c4c073fc0
0x00007f0c989f85a0:   00007f0c989f86c0 00007f0c4c073eb0
0x00007f0c989f85b0:   00007f0c89597ce0 00007f0c3c0366a0
0x00007f0c989f85c0:   00007f0c89597ce0 0000000000000000
0x00007f0c989f85d0:   00000000bfd6dd68 00007f0c89120683
0x00007f0c989f85e0:   00007f0c99005310 00007f0c00000000
0x00007f0c989f85f0:   01007f0c989f87d8 00007f0c989f8780
0x00007f0c989f8600:   00007f0c989f8780 00007f0c9c071078
0x00007f0c989f8610:   00007f0c99005310 0000000000000000
0x00007f0c989f8620:   00007f0c989f87d8 00007f0c888f5de7
0x00007f0c989f8630:   0000000000000000 00000000bfd6dd68
0x00007f0c989f8640:   00007f0c989f86a0 00007f0c99012d98
0x00007f0c989f8650:   00007f0c989f87d8 00007f0c989f8780
0x00007f0c989f8660:   00007f0c989f8660 0000000000000000
0x00007f0c989f8670:   00007f0c989f86c0 00000000bfd6f740
0x00007f0c989f8680:   0000000000000000 00000000bfd6dd68
0x00007f0c989f8690:   0000000000000000 00007f0c989f86c0
0x00007f0c989f86a0:   00007f0c989f8708 00007f0c99006058
0x00007f0c989f86b0:   0000000000000000 00007f0c9900ecd8
0x00007f0c989f86c0:   00000000ed55fe30 00007f0c989f86c8
0x00007f0c989f86d0:   00000000bfd6dc81 00007f0c989f8720 

Instructions: (pc=0x00007f0ca3b6a76b)
0x00007f0ca3b6a74b:   4c 8d 24 2e c7 44 24 48 00 00 00 00 48 39 c6 0f
0x00007f0ca3b6a75b:   84 70 09 00 00 41 f6 45 04 02 0f 84 85 08 00 00
0x00007f0ca3b6a76b:   49 8b 44 24 08 a8 01 0f 84 98 08 00 00 49 89 c7
0x00007f0ca3b6a77b:   49 83 e7 f8 48 83 f8 10 0f 86 e7 06 00 00 4d 3b 

Register to memory mapping:

RAX=0x00007f0c3c1e6310 is an unknown value
RBX=0x00007f0c3c036760 is an unknown value
RCX=0x00007f0c989f86c0 is pointing into the stack for thread: 0x00007f0c9c070800
RDX=0xffffff909b9e8f90 is an unknown value
RSP=0x00007f0c989f84e0 is pointing into the stack for thread: 0x00007f0c9c070800
RBP=0x0000006f64617070 is an unknown value
RSI=0x0000000000000001 is an unknown value
RDI=0x0000000000000000 is an unknown value
R8 =0x00007f0c4c073eb0 is an unknown value
R9 =0x0000000000000001 is an unknown value
R10=0x0000000000000006 is an unknown value
R11=0x00007f0ca3abfde8: <offset 0xe4fde8> in /home/elixandre/jdk1.7.0_80/jre/lib/amd64/server/libjvm.so at 0x00007f0ca2c70000
R12=0x00007f7ba064d7d0 is an unknown value
R13=0x00007f0c3c000020 is an unknown value
R14=0x00007f0c989f86c0 is pointing into the stack for thread: 0x00007f0c9c070800
R15=0x00007f0c9c070800 is a thread


Stack: [0x00007f0c988f9000,0x00007f0c989fa000],  sp=0x00007f0c989f84e0,  free space=1021k
Native frames: (J=compiled Java code, j=interpreted, Vv=VM code, C=native code)
C  [libc.so.6+0x8076b]  _IO_str_seekoff+0x299b

[error occurred during error reporting (printing native stack), id 0xb]

Java frames: (J=compiled Java code, j=interpreted, Vv=VM code)
j  org.simgrid.msg.Task.nativeFinalize()V+0
j  org.simgrid.msg.Task.finalize()V+1
j  java.lang.System$2.invokeFinalize(Ljava/lang/Object;)V+1
j  java.lang.ref.Finalizer.runFinalizer(Lsun/misc/JavaLangAccess;)V+46
j  java.lang.ref.Finalizer.access$100(Ljava/lang/ref/Finalizer;Lsun/misc/JavaLangAccess;)V+2
j  java.lang.ref.Finalizer$FinalizerThread.run()V+45
v  ~StubRoutines::call_stub

---------------  P R O C E S S  ---------------

Java Threads: ( => current thread )
  0x00007f0c4c001000 JavaThread "Thread-5" [_thread_in_native, id=8126, stack(0x00007f0c66ffe000,0x00007f0c677ff000)]
  0x00007f0c40001000 JavaThread "Thread-4" [_thread_in_native, id=8124, stack(0x00007f0c880e9000,0x00007f0c888ea000)]
  0x00007f0c3c001000 JavaThread "Thread-6" [_thread_in_vm, id=8131, stack(0x00007f0c647f9000,0x00007f0c64ffa000)]
  0x00007f0c50001000 JavaThread "Thread-8" [_thread_in_native, id=8130, stack(0x00007f0c64ffa000,0x00007f0c657fb000)]
  0x00007f0c44001000 JavaThread "Thread-7" [_thread_in_native, id=8127, stack(0x00007f0c667fd000,0x00007f0c66ffe000)]
  0x00007f0c58001000 JavaThread "Thread-2" [_thread_in_native, id=8125, stack(0x00007f0c677ff000,0x00007f0c68000000)]
  0x00007f0c54001000 JavaThread "Thread-3" [_thread_in_native, id=8129, stack(0x00007f0c657fb000,0x00007f0c65ffc000)]
  0x00007f0c5c001000 JavaThread "Thread-1" [_thread_in_native, id=8128, stack(0x00007f0c65ffc000,0x00007f0c667fd000)]
  0x00007f0c9c0a1000 JavaThread "Service Thread" daemon [_thread_blocked, id=8122, stack(0x00007f0c89dce000,0x00007f0c89ecf000)]
  0x00007f0c9c09e800 JavaThread "C2 CompilerThread1" daemon [_thread_in_native, id=8121, stack(0x00007f0c89ecf000,0x00007f0c89fd0000)]
  0x00007f0c9c09b800 JavaThread "C2 CompilerThread0" daemon [_thread_blocked, id=8120, stack(0x00007f0c98014000,0x00007f0c98115000)]
  0x00007f0c9c099800 JavaThread "Signal Dispatcher" daemon [_thread_blocked, id=8119, stack(0x00007f0c98115000,0x00007f0c98216000)]
=>0x00007f0c9c070800 JavaThread "Finalizer" daemon [_thread_in_native, id=8118, stack(0x00007f0c988f9000,0x00007f0c989fa000)]
  0x00007f0c9c06e000 JavaThread "Reference Handler" daemon [_thread_in_Java, id=8117, stack(0x00007f0c989fa000,0x00007f0c98afb000)]
  0x00007f0c9c009800 JavaThread "main" [_thread_in_native, id=8108, stack(0x00007f0ca45ee000,0x00007f0ca46ef000)]

Other Threads:
  0x00007f0c9c06a000 VMThread [stack: 0x00007f0c98afb000,0x00007f0c98bfc000] [id=8116]
  0x00007f0c9c0ac000 WatcherThread [stack: 0x00007f0c89ccd000,0x00007f0c89dce000] [id=8123]

VM state:not at safepoint (normal execution)

VM Mutex/Monitor currently owned by a thread: None

Heap
 PSYoungGen      total 17920K, used 2875K [0x00000000ec400000, 0x00000000ed800000, 0x0000000100000000)
  eden space 15360K, 2% used [0x00000000ec400000,0x00000000ec452f90,0x00000000ed300000)
  from space 2560K, 99% used [0x00000000ed300000,0x00000000ed57c010,0x00000000ed580000)
  to   space 2560K, 0% used [0x00000000ed580000,0x00000000ed580000,0x00000000ed800000)
 ParOldGen       total 40448K, used 368K [0x00000000c4c00000, 0x00000000c7380000, 0x00000000ec400000)
  object space 40448K, 0% used [0x00000000c4c00000,0x00000000c4c5c000,0x00000000c7380000)
 PSPermGen       total 21504K, used 3584K [0x00000000bfa00000, 0x00000000c0f00000, 0x00000000c4c00000)
  object space 21504K, 16% used [0x00000000bfa00000,0x00000000bfd802b0,0x00000000c0f00000)

Card table byte_map: [0x00007f0ca16d0000,0x00007f0ca18d4000] byte_map_base: 0x00007f0ca10d3000

Polling page: 0x00007f0ca470b000

Code Cache  [0x00007f0c99000000, 0x00007f0c99270000, 0x00007f0c9c000000)
 total_blobs=268 nmethods=62 adapters=160 free_code_cache=48645Kb largest_free_block=49774144

Compilation events (10 events):
Event: 1.954 Thread 0x00007f0c9c09b800 nmethod 58 0x00007f0c99076cd0 code [0x00007f0c99076e00, 0x00007f0c99076e58]
Event: 1.956 Thread 0x00007f0c9c09e800   59             vcube.VCubeTask::getTimestempStatus (5 bytes)
Event: 1.956 Thread 0x00007f0c9c09e800 nmethod 59 0x00007f0c99078450 code [0x00007f0c99078580, 0x00007f0c990785d8]
Event: 1.958 Thread 0x00007f0c9c09b800   60             java.util.regex.Pattern$Node::study (21 bytes)
Event: 1.958 Thread 0x00007f0c9c09e800   61             java.util.regex.Matcher::find (69 bytes)
Event: 1.959 Thread 0x00007f0c9c09b800 nmethod 60 0x00007f0c99073750 code [0x00007f0c990738a0, 0x00007f0c990739a8]
Event: 1.962 Thread 0x00007f0c9c09e800 nmethod 61 0x00007f0c99079390 code [0x00007f0c99079500, 0x00007f0c990797f8]
Event: 1.982 Thread 0x00007f0c9c09b800   62 % !         vcube.Node::main @ 39 (1397 bytes)
Event: 2.185 Thread 0x00007f0c9c09b800 nmethod 62% 0x00007f0c99080050 code [0x00007f0c990806a0, 0x00007f0c99084928]
Event: 2.221 Thread 0x00007f0c9c09e800   63 % !         vcube.Node::main @ 63 (1397 bytes)

GC Heap History (2 events):
Event: 2.230 GC heap before
{Heap before GC invocations=1 (full 0):
 PSYoungGen      total 17920K, used 15360K [0x00000000ec400000, 0x00000000ed800000, 0x0000000100000000)
  eden space 15360K, 100% used [0x00000000ec400000,0x00000000ed300000,0x00000000ed300000)
  from space 2560K, 0% used [0x00000000ed580000,0x00000000ed580000,0x00000000ed800000)
  to   space 2560K, 0% used [0x00000000ed300000,0x00000000ed300000,0x00000000ed580000)
 ParOldGen       total 40448K, used 0K [0x00000000c4c00000, 0x00000000c7380000, 0x00000000ec400000)
  object space 40448K, 0% used [0x00000000c4c00000,0x00000000c4c00000,0x00000000c7380000)
 PSPermGen       total 21504K, used 3584K [0x00000000bfa00000, 0x00000000c0f00000, 0x00000000c4c00000)
  object space 21504K, 16% used [0x00000000bfa00000,0x00000000bfd802b0,0x00000000c0f00000)
Event: 2.237 GC heap after
Heap after GC invocations=1 (full 0):
 PSYoungGen      total 17920K, used 2544K [0x00000000ec400000, 0x00000000ed800000, 0x0000000100000000)
  eden space 15360K, 0% used [0x00000000ec400000,0x00000000ec400000,0x00000000ed300000)
  from space 2560K, 99% used [0x00000000ed300000,0x00000000ed57c010,0x00000000ed580000)
  to   space 2560K, 0% used [0x00000000ed580000,0x00000000ed580000,0x00000000ed800000)
 ParOldGen       total 40448K, used 368K [0x00000000c4c00000, 0x00000000c7380000, 0x00000000ec400000)
  object space 40448K, 0% used [0x00000000c4c00000,0x00000000c4c5c000,0x00000000c7380000)
 PSPermGen       total 21504K, used 3584K [0x00000000bfa00000, 0x00000000c0f00000, 0x00000000c4c00000)
  object space 21504K, 16% used [0x00000000bfa00000,0x00000000bfd802b0,0x00000000c0f00000)
}

Deoptimization events (0 events):
No events

Internal exceptions (10 events):
Event: 2.219 Thread 0x00007f0c5c001000 Threw 0x00000000ed270630 at /HUDSON/workspace/7u-2-build-linux-amd64/jdk7u80/2329/hotspot/src/share/vm/prims/jni.cpp:743
Event: 2.220 Thread 0x00007f0c3c001000 Threw 0x00000000ed17de70 at /HUDSON/workspace/7u-2-build-linux-amd64/jdk7u80/2329/hotspot/src/share/vm/prims/jni.cpp:743
Event: 2.220 Thread 0x00007f0c58001000 Threw 0x00000000ed1c5500 at /HUDSON/workspace/7u-2-build-linux-amd64/jdk7u80/2329/hotspot/src/share/vm/prims/jni.cpp:743
Event: 2.220 Thread 0x00007f0c4c001000 Threw 0x00000000ed132d00 at /HUDSON/workspace/7u-2-build-linux-amd64/jdk7u80/2329/hotspot/src/share/vm/prims/jni.cpp:743
Event: 2.221 Thread 0x00007f0c5c001000 Threw 0x00000000ed2718e8 at /HUDSON/workspace/7u-2-build-linux-amd64/jdk7u80/2329/hotspot/src/share/vm/prims/jni.cpp:743
Event: 2.223 Thread 0x00007f0c3c001000 Threw 0x00000000ed17f128 at /HUDSON/workspace/7u-2-build-linux-amd64/jdk7u80/2329/hotspot/src/share/vm/prims/jni.cpp:743
Event: 2.225 Thread 0x00007f0c58001000 Threw 0x00000000ed1c67b8 at /HUDSON/workspace/7u-2-build-linux-amd64/jdk7u80/2329/hotspot/src/share/vm/prims/jni.cpp:743
Event: 2.225 Thread 0x00007f0c4c001000 Threw 0x00000000ed133ee0 at /HUDSON/workspace/7u-2-build-linux-amd64/jdk7u80/2329/hotspot/src/share/vm/prims/jni.cpp:743
Event: 2.228 Thread 0x00007f0c5c001000 Threw 0x00000000ed272ba0 at /HUDSON/workspace/7u-2-build-linux-amd64/jdk7u80/2329/hotspot/src/share/vm/prims/jni.cpp:743
Event: 2.229 Thread 0x00007f0c3c001000 Threw 0x00000000ed1803e0 at /HUDSON/workspace/7u-2-build-linux-amd64/jdk7u80/2329/hotspot/src/share/vm/prims/jni.cpp:743

Events (10 events):
Event: 0.283 loading class 0x00007f0c40004470
Event: 0.283 loading class 0x00007f0c40004470 done
Event: 0.726 loading class 0x00007f0ca0f105c0
Event: 0.726 loading class 0x00007f0ca0f105c0 done
Event: 0.726 loading class 0x00007f0c9c10c830
Event: 0.726 loading class 0x00007f0ca0f08c90
Event: 0.726 loading class 0x00007f0ca0f08c90 done
Event: 0.726 loading class 0x00007f0c9c10c830 done
Event: 2.230 Executing VM operation: ParallelGCFailedAllocation
Event: 2.238 Executing VM operation: ParallelGCFailedAllocation done


Dynamic libraries:
00400000-00401000 r-xp 00000000 08:07 663942                             /home/elixandre/jdk1.7.0_80/bin/java
00600000-00601000 rw-p 00000000 08:07 663942                             /home/elixandre/jdk1.7.0_80/bin/java
018b5000-018d6000 rw-p 00000000 00:00 0                                  [heap]
bfa00000-c0f00000 rw-p 00000000 00:00 0 
c0f00000-c4c00000 rw-p 00000000 00:00 0 
c4c00000-c7380000 rw-p 00000000 00:00 0 
c7380000-ec400000 rw-p 00000000 00:00 0 
ec400000-ed800000 rw-p 00000000 00:00 0 
ed800000-100000000 rw-p 00000000 00:00 0 
7f0c3c000000-7f0c3c1e7000 rw-p 00000000 00:00 0 
7f0c3c1e7000-7f0c40000000 ---p 00000000 00:00 0 
7f0c40000000-7f0c40237000 rw-p 00000000 00:00 0 
7f0c40237000-7f0c44000000 ---p 00000000 00:00 0 
7f0c44000000-7f0c441f8000 rw-p 00000000 00:00 0 
7f0c441f8000-7f0c48000000 ---p 00000000 00:00 0 
7f0c4c000000-7f0c4c224000 rw-p 00000000 00:00 0 
7f0c4c224000-7f0c50000000 ---p 00000000 00:00 0 
7f0c50000000-7f0c50202000 rw-p 00000000 00:00 0 
7f0c50202000-7f0c54000000 ---p 00000000 00:00 0 
7f0c54000000-7f0c541c0000 rw-p 00000000 00:00 0 
7f0c541c0000-7f0c58000000 ---p 00000000 00:00 0 
7f0c58000000-7f0c581c3000 rw-p 00000000 00:00 0 
7f0c581c3000-7f0c5c000000 ---p 00000000 00:00 0 
7f0c5c000000-7f0c5c22d000 rw-p 00000000 00:00 0 
7f0c5c22d000-7f0c60000000 ---p 00000000 00:00 0 
7f0c60000000-7f0c60021000 rw-p 00000000 00:00 0 
7f0c60021000-7f0c64000000 ---p 00000000 00:00 0 
7f0c647f9000-7f0c647fc000 ---p 00000000 00:00 0 
7f0c647fc000-7f0c64ffa000 rw-p 00000000 00:00 0 
7f0c64ffa000-7f0c64ffd000 ---p 00000000 00:00 0 
7f0c64ffd000-7f0c657fb000 rw-p 00000000 00:00 0 
7f0c657fb000-7f0c657fe000 ---p 00000000 00:00 0 
7f0c657fe000-7f0c65ffc000 rw-p 00000000 00:00 0 
7f0c65ffc000-7f0c65fff000 ---p 00000000 00:00 0 
7f0c65fff000-7f0c667fd000 rw-p 00000000 00:00 0 
7f0c667fd000-7f0c66800000 ---p 00000000 00:00 0 
7f0c66800000-7f0c66ffe000 rw-p 00000000 00:00 0 
7f0c66ffe000-7f0c67001000 ---p 00000000 00:00 0 
7f0c67001000-7f0c677ff000 rw-p 00000000 00:00 0 
7f0c677ff000-7f0c67802000 ---p 00000000 00:00 0 
7f0c67802000-7f0c68000000 rw-p 00000000 00:00 0 
7f0c68000000-7f0c681e1000 rw-p 00000000 00:00 0 
7f0c681e1000-7f0c6c000000 ---p 00000000 00:00 0 
7f0c6c000000-7f0c6c021000 rw-p 00000000 00:00 0 
7f0c6c021000-7f0c70000000 ---p 00000000 00:00 0 
7f0c70000000-7f0c70021000 rw-p 00000000 00:00 0 
7f0c70021000-7f0c74000000 ---p 00000000 00:00 0 
7f0c74000000-7f0c74936000 rw-p 00000000 00:00 0 
7f0c74936000-7f0c78000000 ---p 00000000 00:00 0 
7f0c78000000-7f0c78021000 rw-p 00000000 00:00 0 
7f0c78021000-7f0c7c000000 ---p 00000000 00:00 0 
7f0c7c000000-7f0c7c021000 rw-p 00000000 00:00 0 
7f0c7c021000-7f0c80000000 ---p 00000000 00:00 0 
7f0c80000000-7f0c80021000 rw-p 00000000 00:00 0 
7f0c80021000-7f0c84000000 ---p 00000000 00:00 0 
7f0c84000000-7f0c84021000 rw-p 00000000 00:00 0 
7f0c84021000-7f0c88000000 ---p 00000000 00:00 0 
7f0c880e9000-7f0c880ec000 ---p 00000000 00:00 0 
7f0c880ec000-7f0c888ea000 rw-p 00000000 00:00 0 
7f0c888ea000-7f0c88902000 r-xp 00000000 08:07 544899                     /tmp/simgrid-java2060127278300219101/libsimgrid-java.so
7f0c88902000-7f0c88b02000 ---p 00018000 08:07 544899                     /tmp/simgrid-java2060127278300219101/libsimgrid-java.so
7f0c88b02000-7f0c88b03000 rw-p 00018000 08:07 544899                     /tmp/simgrid-java2060127278300219101/libsimgrid-java.so
7f0c88b03000-7f0c88b19000 r-xp 00000000 08:07 528568                     /lib/x86_64-linux-gnu/libgcc_s.so.1
7f0c88b19000-7f0c88d18000 ---p 00016000 08:07 528568                     /lib/x86_64-linux-gnu/libgcc_s.so.1
7f0c88d18000-7f0c88d19000 r--p 00015000 08:07 528568                     /lib/x86_64-linux-gnu/libgcc_s.so.1
7f0c88d19000-7f0c88d1a000 rw-p 00016000 08:07 528568                     /lib/x86_64-linux-gnu/libgcc_s.so.1
7f0c88d1a000-7f0c88e8d000 r-xp 00000000 08:07 1059329                    /usr/lib/x86_64-linux-gnu/libstdc++.so.6.0.21
7f0c88e8d000-7f0c8908c000 ---p 00173000 08:07 1059329                    /usr/lib/x86_64-linux-gnu/libstdc++.so.6.0.21
7f0c8908c000-7f0c89096000 r--p 00172000 08:07 1059329                    /usr/lib/x86_64-linux-gnu/libstdc++.so.6.0.21
7f0c89096000-7f0c89098000 rw-p 0017c000 08:07 1059329                    /usr/lib/x86_64-linux-gnu/libstdc++.so.6.0.21
7f0c89098000-7f0c8909c000 rw-p 00000000 00:00 0 
7f0c8909c000-7f0c89361000 r-xp 00000000 08:07 544898                     /tmp/simgrid-java2060127278300219101/libsimgrid.so
7f0c89361000-7f0c89561000 ---p 002c5000 08:07 544898                     /tmp/simgrid-java2060127278300219101/libsimgrid.so
7f0c89561000-7f0c8959c000 rw-p 002c5000 08:07 544898                     /tmp/simgrid-java2060127278300219101/libsimgrid.so
7f0c8959c000-7f0c898a5000 rw-p 00000000 00:00 0 
7f0c898a5000-7f0c898bc000 r-xp 00000000 08:07 663689                     /home/elixandre/jdk1.7.0_80/jre/lib/amd64/libnet.so
7f0c898bc000-7f0c89abb000 ---p 00017000 08:07 663689                     /home/elixandre/jdk1.7.0_80/jre/lib/amd64/libnet.so
7f0c89abb000-7f0c89abc000 rw-p 00016000 08:07 663689                     /home/elixandre/jdk1.7.0_80/jre/lib/amd64/libnet.so
7f0c89abc000-7f0c89acc000 r-xp 00000000 08:07 663688                     /home/elixandre/jdk1.7.0_80/jre/lib/amd64/libnio.so
7f0c89acc000-7f0c89ccc000 ---p 00010000 08:07 663688                     /home/elixandre/jdk1.7.0_80/jre/lib/amd64/libnio.so
7f0c89ccc000-7f0c89ccd000 rw-p 00010000 08:07 663688                     /home/elixandre/jdk1.7.0_80/jre/lib/amd64/libnio.so
7f0c89ccd000-7f0c89cce000 ---p 00000000 00:00 0 
7f0c89cce000-7f0c89dce000 rw-p 00000000 00:00 0 
7f0c89dce000-7f0c89dd1000 ---p 00000000 00:00 0 
7f0c89dd1000-7f0c89ecf000 rw-p 00000000 00:00 0 
7f0c89ecf000-7f0c89ed2000 ---p 00000000 00:00 0 
7f0c89ed2000-7f0c8c000000 rw-p 00000000 00:00 0 
7f0c8c000000-7f0c8c021000 rw-p 00000000 00:00 0 
7f0c8c021000-7f0c90000000 ---p 00000000 00:00 0 
7f0c90000000-7f0c90021000 rw-p 00000000 00:00 0 
7f0c90021000-7f0c94000000 ---p 00000000 00:00 0 
7f0c94000000-7f0c94021000 rw-p 00000000 00:00 0 
7f0c94021000-7f0c98000000 ---p 00000000 00:00 0 
7f0c98014000-7f0c98017000 ---p 00000000 00:00 0 
7f0c98017000-7f0c98115000 rw-p 00000000 00:00 0 
7f0c98115000-7f0c98118000 ---p 00000000 00:00 0 
7f0c98118000-7f0c98216000 rw-p 00000000 00:00 0 
7f0c98216000-7f0c988f9000 r--p 00000000 08:07 1055607                    /usr/lib/locale/locale-archive
7f0c988f9000-7f0c988fc000 ---p 00000000 00:00 0 
7f0c988fc000-7f0c989fa000 rw-p 00000000 00:00 0 
7f0c989fa000-7f0c989fd000 ---p 00000000 00:00 0 
7f0c989fd000-7f0c98afb000 rw-p 00000000 00:00 0 
7f0c98afb000-7f0c98afc000 ---p 00000000 00:00 0 
7f0c98afc000-7f0c99000000 rw-p 00000000 00:00 0 
7f0c99000000-7f0c99270000 rwxp 00000000 00:00 0 
7f0c99270000-7f0c9c413000 rw-p 00000000 00:00 0 
7f0c9c413000-7f0ca0000000 ---p 00000000 00:00 0 
7f0ca00b0000-7f0ca0cab000 rw-p 00000000 00:00 0 
7f0ca0cab000-7f0ca0e6b000 r--s 039fb000 08:07 663892                     /home/elixandre/jdk1.7.0_80/jre/lib/rt.jar
7f0ca0e6b000-7f0ca1167000 rw-p 00000000 00:00 0 
7f0ca1167000-7f0ca1168000 ---p 00000000 00:00 0 
7f0ca1168000-7f0ca1268000 rw-p 00000000 00:00 0 
7f0ca1268000-7f0ca1269000 ---p 00000000 00:00 0 
7f0ca1269000-7f0ca1369000 rw-p 00000000 00:00 0 
7f0ca1369000-7f0ca136a000 ---p 00000000 00:00 0 
7f0ca136a000-7f0ca146a000 rw-p 00000000 00:00 0 
7f0ca146a000-7f0ca146b000 ---p 00000000 00:00 0 
7f0ca146b000-7f0ca1576000 rw-p 00000000 00:00 0 
7f0ca1576000-7f0ca1594000 rw-p 00000000 00:00 0 
7f0ca1594000-7f0ca15a8000 rw-p 00000000 00:00 0 
7f0ca15a8000-7f0ca16d0000 rw-p 00000000 00:00 0 
7f0ca16d0000-7f0ca16db000 rw-p 00000000 00:00 0 
7f0ca16db000-7f0ca16f9000 rw-p 00000000 00:00 0 
7f0ca16f9000-7f0ca170d000 rw-p 00000000 00:00 0 
7f0ca170d000-7f0ca1835000 rw-p 00000000 00:00 0 
7f0ca1835000-7f0ca183f000 rw-p 00000000 00:00 0 
7f0ca183f000-7f0ca18d3000 rw-p 00000000 00:00 0 
7f0ca18d3000-7f0ca18d4000 rw-p 00000000 00:00 0 
7f0ca18d4000-7f0ca18eb000 r-xp 00000000 08:07 663687                     /home/elixandre/jdk1.7.0_80/jre/lib/amd64/libzip.so
7f0ca18eb000-7f0ca1aeb000 ---p 00017000 08:07 663687                     /home/elixandre/jdk1.7.0_80/jre/lib/amd64/libzip.so
7f0ca1aeb000-7f0ca1aec000 rw-p 00017000 08:07 663687                     /home/elixandre/jdk1.7.0_80/jre/lib/amd64/libzip.so
7f0ca1aec000-7f0ca1af6000 r-xp 00000000 08:07 529521                     /lib/x86_64-linux-gnu/libnss_files-2.21.so
7f0ca1af6000-7f0ca1cf6000 ---p 0000a000 08:07 529521                     /lib/x86_64-linux-gnu/libnss_files-2.21.so
7f0ca1cf6000-7f0ca1cf7000 r--p 0000a000 08:07 529521                     /lib/x86_64-linux-gnu/libnss_files-2.21.so
7f0ca1cf7000-7f0ca1cf8000 rw-p 0000b000 08:07 529521                     /lib/x86_64-linux-gnu/libnss_files-2.21.so
7f0ca1cf8000-7f0ca1d03000 r-xp 00000000 08:07 529535                     /lib/x86_64-linux-gnu/libnss_nis-2.21.so
7f0ca1d03000-7f0ca1f02000 ---p 0000b000 08:07 529535                     /lib/x86_64-linux-gnu/libnss_nis-2.21.so
7f0ca1f02000-7f0ca1f03000 r--p 0000a000 08:07 529535                     /lib/x86_64-linux-gnu/libnss_nis-2.21.so
7f0ca1f03000-7f0ca1f04000 rw-p 0000b000 08:07 529535                     /lib/x86_64-linux-gnu/libnss_nis-2.21.so
7f0ca1f04000-7f0ca1f1b000 r-xp 00000000 08:07 529538                     /lib/x86_64-linux-gnu/libnsl-2.21.so
7f0ca1f1b000-7f0ca211a000 ---p 00017000 08:07 529538                     /lib/x86_64-linux-gnu/libnsl-2.21.so
7f0ca211a000-7f0ca211b000 r--p 00016000 08:07 529538                     /lib/x86_64-linux-gnu/libnsl-2.21.so
7f0ca211b000-7f0ca211c000 rw-p 00017000 08:07 529538                     /lib/x86_64-linux-gnu/libnsl-2.21.so
7f0ca211c000-7f0ca211e000 rw-p 00000000 00:00 0 
7f0ca211e000-7f0ca2126000 r-xp 00000000 08:07 529523                     /lib/x86_64-linux-gnu/libnss_compat-2.21.so
7f0ca2126000-7f0ca2325000 ---p 00008000 08:07 529523                     /lib/x86_64-linux-gnu/libnss_compat-2.21.so
7f0ca2325000-7f0ca2326000 r--p 00007000 08:07 529523                     /lib/x86_64-linux-gnu/libnss_compat-2.21.so
7f0ca2326000-7f0ca2327000 rw-p 00008000 08:07 529523                     /lib/x86_64-linux-gnu/libnss_compat-2.21.so
7f0ca2327000-7f0ca2350000 r-xp 00000000 08:07 663623                     /home/elixandre/jdk1.7.0_80/jre/lib/amd64/libjava.so
7f0ca2350000-7f0ca2550000 ---p 00029000 08:07 663623                     /home/elixandre/jdk1.7.0_80/jre/lib/amd64/libjava.so
7f0ca2550000-7f0ca2552000 rw-p 00029000 08:07 663623                     /home/elixandre/jdk1.7.0_80/jre/lib/amd64/libjava.so
7f0ca2552000-7f0ca255f000 r-xp 00000000 08:07 663501                     /home/elixandre/jdk1.7.0_80/jre/lib/amd64/libverify.so
7f0ca255f000-7f0ca275e000 ---p 0000d000 08:07 663501                     /home/elixandre/jdk1.7.0_80/jre/lib/amd64/libverify.so
7f0ca275e000-7f0ca2760000 rw-p 0000c000 08:07 663501                     /home/elixandre/jdk1.7.0_80/jre/lib/amd64/libverify.so
7f0ca2760000-7f0ca2767000 r-xp 00000000 08:07 529522                     /lib/x86_64-linux-gnu/librt-2.21.so
7f0ca2767000-7f0ca2966000 ---p 00007000 08:07 529522                     /lib/x86_64-linux-gnu/librt-2.21.so
7f0ca2966000-7f0ca2967000 r--p 00006000 08:07 529522                     /lib/x86_64-linux-gnu/librt-2.21.so
7f0ca2967000-7f0ca2968000 rw-p 00007000 08:07 529522                     /lib/x86_64-linux-gnu/librt-2.21.so
7f0ca2968000-7f0ca2a6f000 r-xp 00000000 08:07 529524                     /lib/x86_64-linux-gnu/libm-2.21.so
7f0ca2a6f000-7f0ca2c6e000 ---p 00107000 08:07 529524                     /lib/x86_64-linux-gnu/libm-2.21.so
7f0ca2c6e000-7f0ca2c6f000 r--p 00106000 08:07 529524                     /lib/x86_64-linux-gnu/libm-2.21.so
7f0ca2c6f000-7f0ca2c70000 rw-p 00107000 08:07 529524                     /lib/x86_64-linux-gnu/libm-2.21.so
7f0ca2c70000-7f0ca37e6000 r-xp 00000000 08:07 663273                     /home/elixandre/jdk1.7.0_80/jre/lib/amd64/server/libjvm.so
7f0ca37e6000-7f0ca39e5000 ---p 00b76000 08:07 663273                     /home/elixandre/jdk1.7.0_80/jre/lib/amd64/server/libjvm.so
7f0ca39e5000-7f0ca3aa9000 rw-p 00b75000 08:07 663273                     /home/elixandre/jdk1.7.0_80/jre/lib/amd64/server/libjvm.so
7f0ca3aa9000-7f0ca3aea000 rw-p 00000000 00:00 0 
7f0ca3aea000-7f0ca3caa000 r-xp 00000000 08:07 529541                     /lib/x86_64-linux-gnu/libc-2.21.so
7f0ca3caa000-7f0ca3eaa000 ---p 001c0000 08:07 529541                     /lib/x86_64-linux-gnu/libc-2.21.so
7f0ca3eaa000-7f0ca3eae000 r--p 001c0000 08:07 529541                     /lib/x86_64-linux-gnu/libc-2.21.so
7f0ca3eae000-7f0ca3eb0000 rw-p 001c4000 08:07 529541                     /lib/x86_64-linux-gnu/libc-2.21.so
7f0ca3eb0000-7f0ca3eb4000 rw-p 00000000 00:00 0 
7f0ca3eb4000-7f0ca3eb7000 r-xp 00000000 08:07 529528                     /lib/x86_64-linux-gnu/libdl-2.21.so
7f0ca3eb7000-7f0ca40b6000 ---p 00003000 08:07 529528                     /lib/x86_64-linux-gnu/libdl-2.21.so
7f0ca40b6000-7f0ca40b7000 r--p 00002000 08:07 529528                     /lib/x86_64-linux-gnu/libdl-2.21.so
7f0ca40b7000-7f0ca40b8000 rw-p 00003000 08:07 529528                     /lib/x86_64-linux-gnu/libdl-2.21.so
7f0ca40b8000-7f0ca40cd000 r-xp 00000000 08:07 663695                     /home/elixandre/jdk1.7.0_80/lib/amd64/jli/libjli.so
7f0ca40cd000-7f0ca42cc000 ---p 00015000 08:07 663695                     /home/elixandre/jdk1.7.0_80/lib/amd64/jli/libjli.so
7f0ca42cc000-7f0ca42cd000 rw-p 00014000 08:07 663695                     /home/elixandre/jdk1.7.0_80/lib/amd64/jli/libjli.so
7f0ca42cd000-7f0ca42e5000 r-xp 00000000 08:07 529525                     /lib/x86_64-linux-gnu/libpthread-2.21.so
7f0ca42e5000-7f0ca44e5000 ---p 00018000 08:07 529525                     /lib/x86_64-linux-gnu/libpthread-2.21.so
7f0ca44e5000-7f0ca44e6000 r--p 00018000 08:07 529525                     /lib/x86_64-linux-gnu/libpthread-2.21.so
7f0ca44e6000-7f0ca44e7000 rw-p 00019000 08:07 529525                     /lib/x86_64-linux-gnu/libpthread-2.21.so
7f0ca44e7000-7f0ca44eb000 rw-p 00000000 00:00 0 
7f0ca44eb000-7f0ca450f000 r-xp 00000000 08:07 529539                     /lib/x86_64-linux-gnu/ld-2.21.so
7f0ca4519000-7f0ca4538000 rw-p 00000000 00:00 0 
7f0ca4538000-7f0ca45ee000 rw-p 00000000 00:00 0 
7f0ca45ee000-7f0ca45f1000 ---p 00000000 00:00 0 
7f0ca45f1000-7f0ca46f3000 rw-p 00000000 00:00 0 
7f0ca46fa000-7f0ca46fb000 rw-p 00000000 00:00 0 
7f0ca46fb000-7f0ca46ff000 r--s 0008b000 08:07 663627                     /home/elixandre/jdk1.7.0_80/jre/lib/jsse.jar
7f0ca46ff000-7f0ca4702000 r--s 00f76000 08:07 542783                     /home/elixandre/Downloads/simgrid.jar
7f0ca4702000-7f0ca470a000 rw-s 00000000 08:07 544865                     /tmp/hsperfdata_elixandre/8106
7f0ca470a000-7f0ca470b000 rw-p 00000000 00:00 0 
7f0ca470b000-7f0ca470c000 r--p 00000000 00:00 0 
7f0ca470c000-7f0ca470e000 rw-p 00000000 00:00 0 
7f0ca470e000-7f0ca470f000 r--p 00023000 08:07 529539                     /lib/x86_64-linux-gnu/ld-2.21.so
7f0ca470f000-7f0ca4710000 rw-p 00024000 08:07 529539                     /lib/x86_64-linux-gnu/ld-2.21.so
7f0ca4710000-7f0ca4711000 rw-p 00000000 00:00 0 
7ffd6700b000-7ffd6702c000 rw-p 00000000 00:00 0                          [stack]
7ffd670e6000-7ffd670e8000 r--p 00000000 00:00 0                          [vvar]
7ffd670e8000-7ffd670ea000 r-xp 00000000 00:00 0                          [vdso]
ffffffffff600000-ffffffffff601000 r-xp 00000000 00:00 0                  [vsyscall]

VM Arguments:
jvm_args: -Dfile.encoding=UTF-8 
java_command: vcube.VCube platform.xml deployment.xml
Launcher Type: SUN_STANDARD

Environment Variables:
PATH=/usr/local/sbin:/usr/local/bin:/usr/sbin:/usr/bin:/sbin:/bin:/usr/games:/usr/local/games:/home/elixandre/.rvm/bin
LD_LIBRARY_PATH=/home/elixandre/jdk1.7.0_80/jre/lib/amd64:/home/elixandre/jdk1.7.0_80/jre/lib/i386:
SHELL=/bin/bash
DISPLAY=:0

Signal Handlers:
SIGSEGV: [libjvm.so+0x9a3b20], sa_mask[0]=0x7ffbfeff, sa_flags=0x10000004
SIGBUS: [libjvm.so+0x9a3b20], sa_mask[0]=0x7ffbfeff, sa_flags=0x10000004
SIGFPE: [libjvm.so+0x81e740], sa_mask[0]=0x7ffbfeff, sa_flags=0x10000004
SIGPIPE: [libjvm.so+0x81e740], sa_mask[0]=0x7ffbfeff, sa_flags=0x10000004
SIGXFSZ: [libjvm.so+0x81e740], sa_mask[0]=0x7ffbfeff, sa_flags=0x10000004
SIGILL: [libjvm.so+0x81e740], sa_mask[0]=0x7ffbfeff, sa_flags=0x10000004
SIGUSR1: SIG_DFL, sa_mask[0]=0x00000000, sa_flags=0x00000000
SIGUSR2: [libjvm.so+0x81ffb0], sa_mask[0]=0x00000004, sa_flags=0x10000004
SIGHUP: [libjvm.so+0x8210d0], sa_mask[0]=0x7ffbfeff, sa_flags=0x10000004
SIGINT: [libsimgrid.so+0x8ff50], sa_mask[0]=0x00000002, sa_flags=0x10000000
SIGTERM: [libjvm.so+0x8210d0], sa_mask[0]=0x7ffbfeff, sa_flags=0x10000004
SIGQUIT: [libjvm.so+0x8210d0], sa_mask[0]=0x7ffbfeff, sa_flags=0x10000004


---------------  S Y S T E M  ---------------

OS:jessie/sid

uname:Linux 4.2.0-42-generic #49-Ubuntu SMP Tue Jun 28 21:26:26 UTC 2016 x86_64
libc:glibc 2.21 NPTL 2.21 
rlimit: STACK 8192k, CORE 0k, NPROC 15009, NOFILE 65536, AS infinity
load average:0.10 0.17 0.27

/proc/meminfo:
MemTotal:        3879128 kB
MemFree:         1400372 kB
MemAvailable:    2131964 kB
Buffers:           58376 kB
Cached:           936788 kB
SwapCached:         6848 kB
Active:          1544252 kB
Inactive:         755884 kB
Active(anon):     884624 kB
Inactive(anon):   540388 kB
Active(file):     659628 kB
Inactive(file):   215496 kB
Unevictable:          32 kB
Mlocked:              32 kB
SwapTotal:        975868 kB
SwapFree:         890664 kB
Dirty:             12636 kB
Writeback:             0 kB
AnonPages:       1302956 kB
Mapped:           203772 kB
Shmem:            120044 kB
Slab:              83824 kB
SReclaimable:      50804 kB
SUnreclaim:        33020 kB
KernelStack:        8656 kB
PageTables:        32076 kB
NFS_Unstable:          0 kB
Bounce:                0 kB
WritebackTmp:          0 kB
CommitLimit:     2915432 kB
Committed_AS:    4852484 kB
VmallocTotal:   34359738367 kB
VmallocUsed:      347648 kB
VmallocChunk:   34358947836 kB
HardwareCorrupted:     0 kB
AnonHugePages:    970752 kB
CmaTotal:              0 kB
CmaFree:               0 kB
HugePages_Total:       0
HugePages_Free:        0
HugePages_Rsvd:        0
HugePages_Surp:        0
Hugepagesize:       2048 kB
DirectMap4k:      127736 kB
DirectMap2M:     3899392 kB


CPU:total 4 (2 cores per cpu, 2 threads per core) family 6 model 58 stepping 9, cmov, cx8, fxsr, mmx, sse, sse2, sse3, ssse3, sse4.1, sse4.2, popcnt, avx, erms, ht, tsc, tscinvbit, tscinv

/proc/cpuinfo:
processor	: 0
vendor_id	: GenuineIntel
cpu family	: 6
model		: 58
model name	: Intel(R) Core(TM) i7-3517U CPU @ 1.90GHz
stepping	: 9
microcode	: 0x12
cpu MHz		: 2799.937
cache size	: 4096 KB
physical id	: 0
siblings	: 4
core id		: 0
cpu cores	: 2
apicid		: 0
initial apicid	: 0
fpu		: yes
fpu_exception	: yes
cpuid level	: 13
wp		: yes
flags		: fpu vme de pse tsc msr pae mce cx8 apic sep mtrr pge mca cmov pat pse36 clflush dts acpi mmx fxsr sse sse2 ss ht tm pbe syscall nx rdtscp lm constant_tsc arch_perfmon pebs bts rep_good nopl xtopology nonstop_tsc aperfmperf eagerfpu pni pclmulqdq dtes64 monitor ds_cpl vmx est tm2 ssse3 cx16 xtpr pdcm pcid sse4_1 sse4_2 x2apic popcnt tsc_deadline_timer xsave avx f16c rdrand lahf_lm ida arat epb pln pts dtherm tpr_shadow vnmi flexpriority ept vpid fsgsbase smep erms xsaveopt
bugs		:
bogomips	: 4788.88
clflush size	: 64
cache_alignment	: 64
address sizes	: 36 bits physical, 48 bits virtual
power management:

processor	: 1
vendor_id	: GenuineIntel
cpu family	: 6
model		: 58
model name	: Intel(R) Core(TM) i7-3517U CPU @ 1.90GHz
stepping	: 9
microcode	: 0x12
cpu MHz		: 2799.937
cache size	: 4096 KB
physical id	: 0
siblings	: 4
core id		: 0
cpu cores	: 2
apicid		: 1
initial apicid	: 1
fpu		: yes
fpu_exception	: yes
cpuid level	: 13
wp		: yes
flags		: fpu vme de pse tsc msr pae mce cx8 apic sep mtrr pge mca cmov pat pse36 clflush dts acpi mmx fxsr sse sse2 ss ht tm pbe syscall nx rdtscp lm constant_tsc arch_perfmon pebs bts rep_good nopl xtopology nonstop_tsc aperfmperf eagerfpu pni pclmulqdq dtes64 monitor ds_cpl vmx est tm2 ssse3 cx16 xtpr pdcm pcid sse4_1 sse4_2 x2apic popcnt tsc_deadline_timer xsave avx f16c rdrand lahf_lm ida arat epb pln pts dtherm tpr_shadow vnmi flexpriority ept vpid fsgsbase smep erms xsaveopt
bugs		:
bogomips	: 4788.88
clflush size	: 64
cache_alignment	: 64
address sizes	: 36 bits physical, 48 bits virtual
power management:

processor	: 2
vendor_id	: GenuineIntel
cpu family	: 6
model		: 58
model name	: Intel(R) Core(TM) i7-3517U CPU @ 1.90GHz
stepping	: 9
microcode	: 0x12
cpu MHz		: 2799.937
cache size	: 4096 KB
physical id	: 0
siblings	: 4
core id		: 1
cpu cores	: 2
apicid		: 2
initial apicid	: 2
fpu		: yes
fpu_exception	: yes
cpuid level	: 13
wp		: yes
flags		: fpu vme de pse tsc msr pae mce cx8 apic sep mtrr pge mca cmov pat pse36 clflush dts acpi mmx fxsr sse sse2 ss ht tm pbe syscall nx rdtscp lm constant_tsc arch_perfmon pebs bts rep_good nopl xtopology nonstop_tsc aperfmperf eagerfpu pni pclmulqdq dtes64 monitor ds_cpl vmx est tm2 ssse3 cx16 xtpr pdcm pcid sse4_1 sse4_2 x2apic popcnt tsc_deadline_timer xsave avx f16c rdrand lahf_lm ida arat epb pln pts dtherm tpr_shadow vnmi flexpriority ept vpid fsgsbase smep erms xsaveopt
bugs		:
bogomips	: 4788.88
clflush size	: 64
cache_alignment	: 64
address sizes	: 36 bits physical, 48 bits virtual
power management:

processor	: 3
vendor_id	: GenuineIntel
cpu family	: 6
model		: 58
model name	: Intel(R) Core(TM) i7-3517U CPU @ 1.90GHz
stepping	: 9
microcode	: 0x12
cpu MHz		: 2799.937
cache size	: 4096 KB
physical id	: 0
siblings	: 4
core id		: 1
cpu cores	: 2
apicid		: 3
initial apicid	: 3
fpu		: yes
fpu_exception	: yes
cpuid level	: 13
wp		: yes
flags		: fpu vme de pse tsc msr pae mce cx8 apic sep mtrr pge mca cmov pat pse36 clflush dts acpi mmx fxsr sse sse2 ss ht tm pbe syscall nx rdtscp lm constant_tsc arch_perfmon pebs bts rep_good nopl xtopology nonstop_tsc aperfmperf eagerfpu pni pclmulqdq dtes64 monitor ds_cpl vmx est tm2 ssse3 cx16 xtpr pdcm pcid sse4_1 sse4_2 x2apic popcnt tsc_deadline_timer xsave avx f16c rdrand lahf_lm ida arat epb pln pts dtherm tpr_shadow vnmi flexpriority ept vpid fsgsbase smep erms xsaveopt
bugs		:
bogomips	: 4788.88
clflush size	: 64
cache_alignment	: 64
address sizes	: 36 bits physical, 48 bits virtual
power management:



Memory: 4k page, physical 3879128k(1400372k free), swap 975868k(890664k free)

vm_info: Java HotSpot(TM) 64-Bit Server VM (24.80-b11) for linux-amd64 JRE (1.7.0_80-b15), built on Apr 10 2015 19:53:14 by "java_re" with gcc 4.3.0 20080428 (Red Hat 4.3.0-8)

time: Mon May  1 16:22:33 2017
elapsed time: 2 seconds

