#
# A fatal error has been detected by the Java Runtime Environment:
#
#  SIGSEGV (0xb) at pc=0x00007f976ca48263, pid=2855, tid=140288468141824
#
# JRE version: Java(TM) SE Runtime Environment (7.0_80-b15) (build 1.7.0_80-b15)
# Java VM: Java HotSpot(TM) 64-Bit Server VM (24.80-b11 mixed mode linux-amd64 compressed oops)
# Problematic frame:
# C  [libsimgrid.so+0x190263]  xbt_dynar_member+0x23
#
# Failed to write core dump. Core dumps have been disabled. To enable core dumping, try "ulimit -c unlimited" before starting Java again
#
# If you would like to submit a bug report, please visit:
#   http://bugreport.java.com/bugreport/crash.jsp
#

---------------  T H R E A D  ---------------

Current thread (0x00007f977806a000):  VMThread [stack: 0x00007f97743f4000,0x00007f97744f5000] [id=2864]

siginfo:si_signo=SIGSEGV: si_errno=0, si_code=1 (SEGV_MAPERR), si_addr=0x0000000000000000

Registers:
RAX=0x0000000000000000, RBX=0x00007f976cdb4700, RCX=0x00007f976cdbf790, RDX=0x00007f97744f4a30
RSP=0x00007f97744f3790, RBP=0x00007f977815cac0, RSI=0x00007f97744f3938, RDI=0x00007f97744f3850
R8 =0x00007f9778153ad0, R9 =0x0000000000000001, R10=0x0000000000000c58, R11=0x00007f976ca48240
R12=0x00007f976cdbf790, R13=0x00007f977813cb40, R14=0x00000000000003d8, R15=0x00007f9778027e58
RIP=0x00007f976ca48263, EFLAGS=0x0000000000010206, CSGSFS=0x0000000000000033, ERR=0x0000000000000004
  TRAPNO=0x000000000000000e

Top of Stack: (sp=0x00007f97744f3790)
0x00007f97744f3790:   00007f977813b4e0 00007f97744f37b0
0x00007f97744f37a0:   00007f9778153b70 00007f97744f3938
0x00007f97744f37b0:   00000000ffffffff 00007f9778266530
0x00007f97744f37c0:   00007f976c8d1628 00007f977813b4e0
0x00007f97744f37d0:   00007f97780037f7 00007f9778266530
0x00007f97744f37e0:   00007f97781641e0 00007f9700000001
0x00007f97744f37f0:   00007f976cdb5840 0000000000000000
0x00007f97744f3800:   00007f9778164310 00007f977813cb40
0x00007f97744f3810:   00000000000003d8 00007f97782672a0
0x00007f97744f3820:   00007f976cd7f400 00007f976cd83de8
0x00007f97744f3830:   00007f976cdbf790 00007f977813cb40
0x00007f97744f3840:   00000000000003d8 00007f9778027e58
0x00007f97744f3850:   0000000000000000 00007f977fd889ad
0x00007f97744f3860:   0000000000000005 0000000000000000
0x00007f97744f3870:   00007f977813cb40 00007f976c8d1628
0x00007f97744f3880:   00007f976cdb4700 00007f977815cac0
0x00007f97744f3890:   00007f976cdbf790 00007f977fd8ff30
0x00007f97744f38a0:   00007f9778237770 00007f976cd7f400
0x00007f97744f38b0:   00007f9778162900 00007f976ca651a7
0x00007f97744f38c0:   00007f977815d768 00007f977815d600
0x00007f97744f38d0:   00007f977815d800 00007f9778150148
0x00007f97744f38e0:   00007f9778180f80 00007f976cdbf790
0x00007f97744f38f0:   00007f9778153ad0 00007f97744f3938
0x00007f97744f3900:   00007f9778153b70 00007f9778153ad0
0x00007f97744f3910:   0000000000000001 00007f977813b4e0
0x00007f97744f3920:   00007f976cdb4700 00007f976ca6534f
0x00007f97744f3930:   0000000000000000 00007f9778162900
0x00007f97744f3940:   0000000000000005 0000000000000000
0x00007f97744f3950:   00007f9778027e58 00007f976cdb7a98
0x00007f97744f3960:   00007f9778155d30 0000000000000001
0x00007f97744f3970:   00007f977813cb40 00007f976ca46d37
0x00007f97744f3980:   00007f977813cb40 00007f976cdb7098 

Instructions: (pc=0x00007f976ca48263)
0x00007f976ca48243:   ec 90 01 00 00 48 8b 05 01 a2 33 00 48 89 7c 24
0x00007f976ca48253:   10 48 89 74 24 18 ff 10 48 8d bc 24 c0 00 00 00
0x00007f976ca48263:   48 8b 08 48 89 04 24 48 89 38 48 89 4c 24 08 e8
0x00007f976ca48273:   79 31 ed ff 85 c0 74 75 48 8b 14 24 c7 42 08 01 

Register to memory mapping:

RAX=0x0000000000000000 is an unknown value
RBX=0x00007f976cdb4700: _simgrid_log_category__simix_process+0 in /tmp/simgrid-java4337687091461590807/libsimgrid.so at 0x00007f976c8b8000
RCX=0x00007f976cdbf790: simix_global+0 in /tmp/simgrid-java4337687091461590807/libsimgrid.so at 0x00007f976c8b8000
RDX=0x00007f97744f4a30 is an unknown value
RSP=0x00007f97744f3790 is an unknown value
RBP=0x00007f977815cac0 is an unknown value
RSI=0x00007f97744f3938 is an unknown value
RDI=0x00007f97744f3850 is an unknown value
R8 =0x00007f9778153ad0 is an unknown value
R9 =0x0000000000000001 is an unknown value
R10=0x0000000000000c58 is an unknown value
R11=0x00007f976ca48240: xbt_dynar_member+0 in /tmp/simgrid-java4337687091461590807/libsimgrid.so at 0x00007f976c8b8000
R12=0x00007f976cdbf790: simix_global+0 in /tmp/simgrid-java4337687091461590807/libsimgrid.so at 0x00007f976c8b8000
R13=0x00007f977813cb40 is an unknown value
R14=0x00000000000003d8 is an unknown value
R15=0x00007f9778027e58 is an unknown value


Stack: [0x00007f97743f4000,0x00007f97744f5000],  sp=0x00007f97744f3790,  free space=1021k
Native frames: (J=compiled Java code, j=interpreted, Vv=VM code, C=native code)
C  [libsimgrid.so+0x190263]  xbt_dynar_member+0x23

VM_Operation (0x00007f976c104630): Exit, mode: safepoint, requested by thread 0x00007f9748001000


---------------  P R O C E S S  ---------------

Java Threads: ( => current thread )
  0x00007f9718001000 JavaThread "Thread-0" [_thread_blocked, id=2881, stack(0x00007f97646f8000,0x00007f97647f9000)]
  0x00007f9748001000 JavaThread "SIGTERM handler" daemon [_thread_blocked, id=2880, stack(0x00007f976c005000,0x00007f976c106000)]
  0x00007f9714001000 JavaThread "Thread-5" [_thread_in_native, id=2879, stack(0x00007f97377ff000,0x00007f9738000000)]
  0x00007f9720001000 JavaThread "Thread-7" [_thread_in_native, id=2878, stack(0x00007f97647f9000,0x00007f9764ffa000)]
  0x00007f971c001000 JavaThread "Thread-6" [_thread_in_native, id=2877, stack(0x00007f9764ffa000,0x00007f97657fb000)]
  0x00007f9728001000 JavaThread "Thread-4" [_thread_in_native, id=2876, stack(0x00007f97657fb000,0x00007f9765ffc000)]
  0x00007f9724001000 JavaThread "Thread-8" [_thread_blocked, id=2874, stack(0x00007f97667fd000,0x00007f9766ffe000)]
  0x00007f972c001000 JavaThread "Thread-2" [_thread_in_native, id=2875, stack(0x00007f9765ffc000,0x00007f97667fd000)]
  0x00007f9730001000 JavaThread "Thread-3" [_thread_in_native, id=2873, stack(0x00007f9766ffe000,0x00007f97677ff000)]
  0x00007f973c001000 JavaThread "Thread-1" [_thread_in_native, id=2872, stack(0x00007f97677ff000,0x00007f9768000000)]
  0x00007f9778099000 JavaThread "Service Thread" daemon [_thread_blocked, id=2870, stack(0x00007f976d5ea000,0x00007f976d6eb000)]
  0x00007f9778096800 JavaThread "C2 CompilerThread1" daemon [_thread_blocked, id=2869, stack(0x00007f976d6eb000,0x00007f976d7ec000)]
  0x00007f9778093800 JavaThread "C2 CompilerThread0" daemon [_thread_blocked, id=2868, stack(0x00007f976d7ec000,0x00007f976d8ed000)]
  0x00007f9778091800 JavaThread "Signal Dispatcher" daemon [_thread_blocked, id=2867, stack(0x00007f97740f1000,0x00007f97741f2000)]
  0x00007f9778070800 JavaThread "Finalizer" daemon [_thread_blocked, id=2866, stack(0x00007f97741f2000,0x00007f97742f3000)]
  0x00007f977806e000 JavaThread "Reference Handler" daemon [_thread_blocked, id=2865, stack(0x00007f97742f3000,0x00007f97743f4000)]
  0x00007f9778009800 JavaThread "main" [_thread_in_native, id=2859, stack(0x00007f977fe7c000,0x00007f977ff7d000)]

Other Threads:
=>0x00007f977806a000 VMThread [stack: 0x00007f97743f4000,0x00007f97744f5000] [id=2864]

VM state:at safepoint (shutting down)

VM Mutex/Monitor currently owned by a thread:  ([mutex/lock_event])
[0x00007f97780061b0] Threads_lock - owner thread: 0x00007f977806a000

Heap
 PSYoungGen      total 17920K, used 15056K [0x00000000ec400000, 0x00000000ed800000, 0x0000000100000000)
  eden space 15360K, 98% used [0x00000000ec400000,0x00000000ed2b4318,0x00000000ed300000)
  from space 2560K, 0% used [0x00000000ed580000,0x00000000ed580000,0x00000000ed800000)
  to   space 2560K, 0% used [0x00000000ed300000,0x00000000ed300000,0x00000000ed580000)
 ParOldGen       total 40448K, used 0K [0x00000000c4c00000, 0x00000000c7380000, 0x00000000ec400000)
  object space 40448K, 0% used [0x00000000c4c00000,0x00000000c4c00000,0x00000000c7380000)
 PSPermGen       total 21504K, used 3675K [0x00000000bfa00000, 0x00000000c0f00000, 0x00000000c4c00000)
  object space 21504K, 17% used [0x00000000bfa00000,0x00000000bfd96f28,0x00000000c0f00000)

Card table byte_map: [0x00007f977cf5e000,0x00007f977d162000] byte_map_base: 0x00007f977c961000

Polling page: 0x00007f977ff99000

Code Cache  [0x00007f9775000000, 0x00007f9775270000, 0x00007f9778000000)
 total_blobs=269 nmethods=61 adapters=162 free_code_cache=48676Kb largest_free_block=49825856

Compilation events (10 events):
Event: 1.470 Thread 0x00007f9778096800 nmethod 57 0x00007f9775075110 code [0x00007f9775075240, 0x00007f9775075298]
Event: 1.470 Thread 0x00007f9778093800   58             java.util.regex.Pattern$Node::study (21 bytes)
Event: 1.471 Thread 0x00007f9778093800 nmethod 58 0x00007f97750781d0 code [0x00007f9775078320, 0x00007f9775078428]
Event: 1.471 Thread 0x00007f9778093800   59             java.util.regex.Matcher::find (69 bytes)
Event: 1.475 Thread 0x00007f9778093800 nmethod 59 0x00007f9775077a10 code [0x00007f9775077b80, 0x00007f9775077e78]
Event: 1.483 Thread 0x00007f9778093800   60 % !         vcube.Node::main @ 39 (1465 bytes)
Event: 1.546 Thread 0x00007f9778096800   61             java.lang.StringBuilder::append (8 bytes)
Event: 1.555 Thread 0x00007f9778096800 nmethod 61 0x00007f9775076ed0 code [0x00007f9775077040, 0x00007f9775077518]
Event: 1.555 Thread 0x00007f9778096800   62             java.lang.AbstractStringBuilder::append (62 bytes)
Event: 1.561 Thread 0x00007f9778096800 nmethod 62 0x00007f9775079150 code [0x00007f97750792c0, 0x00007f9775079798]

GC Heap History (0 events):
No events

Deoptimization events (1 events):
Event: 1.595 Thread 0x00007f9718001000 Uncommon trap: reason=unstable_if action=reinterpret pc=0x00007f977506f330 method=java.lang.ref.Reference.<init>(Ljava/lang/Object;Ljava/lang/ref/ReferenceQueue;)V @ 11

Internal exceptions (10 events):
Event: 1.587 Thread 0x00007f9714001000 Threw 0x00000000ed0f3db0 at /HUDSON/workspace/7u-2-build-linux-amd64/jdk7u80/2329/hotspot/src/share/vm/prims/jni.cpp:743
Event: 1.587 Thread 0x00007f9730001000 Threw 0x00000000ed187f48 at /HUDSON/workspace/7u-2-build-linux-amd64/jdk7u80/2329/hotspot/src/share/vm/prims/jni.cpp:743
Event: 1.587 Thread 0x00007f9724001000 Threw 0x00000000ed0c1dd8 at /HUDSON/workspace/7u-2-build-linux-amd64/jdk7u80/2329/hotspot/src/share/vm/prims/jni.cpp:743
Event: 1.588 Thread 0x00007f9728001000 Threw 0x00000000ed0784c0 at /HUDSON/workspace/7u-2-build-linux-amd64/jdk7u80/2329/hotspot/src/share/vm/prims/jni.cpp:743
Event: 1.589 Thread 0x00007f9714001000 Threw 0x00000000ed0f5068 at /HUDSON/workspace/7u-2-build-linux-amd64/jdk7u80/2329/hotspot/src/share/vm/prims/jni.cpp:743
Event: 1.589 Thread 0x00007f9730001000 Threw 0x00000000ed189200 at /HUDSON/workspace/7u-2-build-linux-amd64/jdk7u80/2329/hotspot/src/share/vm/prims/jni.cpp:743
Event: 1.589 Thread 0x00007f9724001000 Threw 0x00000000ed0c3090 at /HUDSON/workspace/7u-2-build-linux-amd64/jdk7u80/2329/hotspot/src/share/vm/prims/jni.cpp:743
Event: 1.590 Thread 0x00007f9728001000 Threw 0x00000000ed079778 at /HUDSON/workspace/7u-2-build-linux-amd64/jdk7u80/2329/hotspot/src/share/vm/prims/jni.cpp:743
Event: 1.590 Thread 0x00007f9714001000 Threw 0x00000000ed0f6320 at /HUDSON/workspace/7u-2-build-linux-amd64/jdk7u80/2329/hotspot/src/share/vm/prims/jni.cpp:743
Event: 1.593 Thread 0x00007f9730001000 Threw 0x00000000ed18a4b8 at /HUDSON/workspace/7u-2-build-linux-amd64/jdk7u80/2329/hotspot/src/share/vm/prims/jni.cpp:743

Events (10 events):
Event: 1.594 loading class 0x00007f9778114660 done
Event: 1.594 loading class 0x00007f9778114630
Event: 1.594 loading class 0x00007f97781145f0
Event: 1.594 loading class 0x00007f97781145f0 done
Event: 1.594 loading class 0x00007f9778114630 done
Event: 1.595 Thread 0x00007f9718001000 Thread added: 0x00007f9718001000
Event: 1.595 Thread 0x00007f9718001000 Uncommon trap: trap_request=0xffffff75 fr.pc=0x00007f977506f330
Event: 1.595 Thread 0x00007f9718001000 DEOPT PACKING pc=0x00007f977506f330 sp=0x00007f97647f6da0
Event: 1.595 Thread 0x00007f9718001000 DEOPT UNPACKING pc=0x00007f9775039445 sp=0x00007f97647f6d60 mode 2
Event: 1.596 Executing VM operation: Exit


Dynamic libraries:
00400000-00401000 r-xp 00000000 08:07 663942                             /home/elixandre/jdk1.7.0_80/bin/java
00600000-00601000 rw-p 00000000 08:07 663942                             /home/elixandre/jdk1.7.0_80/bin/java
00edd000-00efe000 rw-p 00000000 00:00 0                                  [heap]
bfa00000-c0f00000 rw-p 00000000 00:00 0 
c0f00000-c4c00000 rw-p 00000000 00:00 0 
c4c00000-c7380000 rw-p 00000000 00:00 0 
c7380000-ec400000 rw-p 00000000 00:00 0 
ec400000-ed800000 rw-p 00000000 00:00 0 
ed800000-100000000 rw-p 00000000 00:00 0 
7f970c000000-7f970c021000 rw-p 00000000 00:00 0 
7f970c021000-7f9710000000 ---p 00000000 00:00 0 
7f9714000000-7f97141f3000 rw-p 00000000 00:00 0 
7f97141f3000-7f9718000000 ---p 00000000 00:00 0 
7f9718000000-7f9718021000 rw-p 00000000 00:00 0 
7f9718021000-7f971c000000 ---p 00000000 00:00 0 
7f971c000000-7f971c1cd000 rw-p 00000000 00:00 0 
7f971c1cd000-7f9720000000 ---p 00000000 00:00 0 
7f9720000000-7f972020f000 rw-p 00000000 00:00 0 
7f972020f000-7f9724000000 ---p 00000000 00:00 0 
7f9724000000-7f9724230000 rw-p 00000000 00:00 0 
7f9724230000-7f9728000000 ---p 00000000 00:00 0 
7f9728000000-7f972823b000 rw-p 00000000 00:00 0 
7f972823b000-7f972c000000 ---p 00000000 00:00 0 
7f972c000000-7f972c205000 rw-p 00000000 00:00 0 
7f972c205000-7f9730000000 ---p 00000000 00:00 0 
7f9730000000-7f97301d5000 rw-p 00000000 00:00 0 
7f97301d5000-7f9734000000 ---p 00000000 00:00 0 
7f97377ff000-7f9737802000 ---p 00000000 00:00 0 
7f9737802000-7f9738000000 rw-p 00000000 00:00 0 
7f9738000000-7f9738021000 rw-p 00000000 00:00 0 
7f9738021000-7f973c000000 ---p 00000000 00:00 0 
7f973c000000-7f973c241000 rw-p 00000000 00:00 0 
7f973c241000-7f9740000000 ---p 00000000 00:00 0 
7f9740000000-7f974017a000 rw-p 00000000 00:00 0 
7f974017a000-7f9744000000 ---p 00000000 00:00 0 
7f9744000000-7f9744021000 rw-p 00000000 00:00 0 
7f9744021000-7f9748000000 ---p 00000000 00:00 0 
7f9748000000-7f9748021000 rw-p 00000000 00:00 0 
7f9748021000-7f974c000000 ---p 00000000 00:00 0 
7f974c000000-7f974c759000 rw-p 00000000 00:00 0 
7f974c759000-7f9750000000 ---p 00000000 00:00 0 
7f9750000000-7f9750021000 rw-p 00000000 00:00 0 
7f9750021000-7f9754000000 ---p 00000000 00:00 0 
7f9754000000-7f9754021000 rw-p 00000000 00:00 0 
7f9754021000-7f9758000000 ---p 00000000 00:00 0 
7f9758000000-7f9758021000 rw-p 00000000 00:00 0 
7f9758021000-7f975c000000 ---p 00000000 00:00 0 
7f975c000000-7f975c021000 rw-p 00000000 00:00 0 
7f975c021000-7f9760000000 ---p 00000000 00:00 0 
7f9760000000-7f9760021000 rw-p 00000000 00:00 0 
7f9760021000-7f9764000000 ---p 00000000 00:00 0 
7f97646f8000-7f97646fb000 ---p 00000000 00:00 0 
7f97646fb000-7f97647f9000 rw-p 00000000 00:00 0 
7f97647f9000-7f97647fc000 ---p 00000000 00:00 0 
7f97647fc000-7f9764ffa000 rw-p 00000000 00:00 0 
7f9764ffa000-7f9764ffd000 ---p 00000000 00:00 0 
7f9764ffd000-7f97657fb000 rw-p 00000000 00:00 0 
7f97657fb000-7f97657fe000 ---p 00000000 00:00 0 
7f97657fe000-7f9765ffc000 rw-p 00000000 00:00 0 
7f9765ffc000-7f9765fff000 ---p 00000000 00:00 0 
7f9765fff000-7f97667fd000 rw-p 00000000 00:00 0 
7f97667fd000-7f9766800000 ---p 00000000 00:00 0 
7f9766800000-7f9766ffe000 rw-p 00000000 00:00 0 
7f9766ffe000-7f9767001000 ---p 00000000 00:00 0 
7f9767001000-7f97677ff000 rw-p 00000000 00:00 0 
7f97677ff000-7f9767802000 ---p 00000000 00:00 0 
7f9767802000-7f9768000000 rw-p 00000000 00:00 0 
7f9768000000-7f9768021000 rw-p 00000000 00:00 0 
7f9768021000-7f976c000000 ---p 00000000 00:00 0 
7f976c005000-7f976c008000 ---p 00000000 00:00 0 
7f976c008000-7f976c106000 rw-p 00000000 00:00 0 
7f976c106000-7f976c11e000 r-xp 00000000 08:07 544833                     /tmp/simgrid-java4337687091461590807/libsimgrid-java.so (deleted)
7f976c11e000-7f976c31e000 ---p 00018000 08:07 544833                     /tmp/simgrid-java4337687091461590807/libsimgrid-java.so (deleted)
7f976c31e000-7f976c31f000 rw-p 00018000 08:07 544833                     /tmp/simgrid-java4337687091461590807/libsimgrid-java.so (deleted)
7f976c31f000-7f976c335000 r-xp 00000000 08:07 528568                     /lib/x86_64-linux-gnu/libgcc_s.so.1
7f976c335000-7f976c534000 ---p 00016000 08:07 528568                     /lib/x86_64-linux-gnu/libgcc_s.so.1
7f976c534000-7f976c535000 r--p 00015000 08:07 528568                     /lib/x86_64-linux-gnu/libgcc_s.so.1
7f976c535000-7f976c536000 rw-p 00016000 08:07 528568                     /lib/x86_64-linux-gnu/libgcc_s.so.1
7f976c536000-7f976c6a9000 r-xp 00000000 08:07 1059329                    /usr/lib/x86_64-linux-gnu/libstdc++.so.6.0.21
7f976c6a9000-7f976c8a8000 ---p 00173000 08:07 1059329                    /usr/lib/x86_64-linux-gnu/libstdc++.so.6.0.21
7f976c8a8000-7f976c8b2000 r--p 00172000 08:07 1059329                    /usr/lib/x86_64-linux-gnu/libstdc++.so.6.0.21
7f976c8b2000-7f976c8b4000 rw-p 0017c000 08:07 1059329                    /usr/lib/x86_64-linux-gnu/libstdc++.so.6.0.21
7f976c8b4000-7f976c8b8000 rw-p 00000000 00:00 0 
7f976c8b8000-7f976cb7d000 r-xp 00000000 08:07 544831                     /tmp/simgrid-java4337687091461590807/libsimgrid.so (deleted)
7f976cb7d000-7f976cd7d000 ---p 002c5000 08:07 544831                     /tmp/simgrid-java4337687091461590807/libsimgrid.so (deleted)
7f976cd7d000-7f976cdb8000 rw-p 002c5000 08:07 544831                     /tmp/simgrid-java4337687091461590807/libsimgrid.so (deleted)
7f976cdb8000-7f976d0c1000 rw-p 00000000 00:00 0 
7f976d0c1000-7f976d0d8000 r-xp 00000000 08:07 663689                     /home/elixandre/jdk1.7.0_80/jre/lib/amd64/libnet.so
7f976d0d8000-7f976d2d7000 ---p 00017000 08:07 663689                     /home/elixandre/jdk1.7.0_80/jre/lib/amd64/libnet.so
7f976d2d7000-7f976d2d8000 rw-p 00016000 08:07 663689                     /home/elixandre/jdk1.7.0_80/jre/lib/amd64/libnet.so
7f976d2d8000-7f976d2e8000 r-xp 00000000 08:07 663688                     /home/elixandre/jdk1.7.0_80/jre/lib/amd64/libnio.so
7f976d2e8000-7f976d4e8000 ---p 00010000 08:07 663688                     /home/elixandre/jdk1.7.0_80/jre/lib/amd64/libnio.so
7f976d4e8000-7f976d4e9000 rw-p 00010000 08:07 663688                     /home/elixandre/jdk1.7.0_80/jre/lib/amd64/libnio.so
7f976d4e9000-7f976d4ea000 ---p 00000000 00:00 0 
7f976d4ea000-7f976d5ea000 rw-p 00000000 00:00 0 
7f976d5ea000-7f976d5ed000 ---p 00000000 00:00 0 
7f976d5ed000-7f976d6eb000 rw-p 00000000 00:00 0 
7f976d6eb000-7f976d6ee000 ---p 00000000 00:00 0 
7f976d6ee000-7f976d7ec000 rw-p 00000000 00:00 0 
7f976d7ec000-7f976d7ef000 ---p 00000000 00:00 0 
7f976d7ef000-7f976d8ed000 rw-p 00000000 00:00 0 
7f976d8ed000-7f976dfd0000 r--p 00000000 08:07 1055607                    /usr/lib/locale/locale-archive
7f976dfd0000-7f9770000000 rw-p 00000000 00:00 0 
7f9770000000-7f9770021000 rw-p 00000000 00:00 0 
7f9770021000-7f9774000000 ---p 00000000 00:00 0 
7f97740f1000-7f97740f4000 ---p 00000000 00:00 0 
7f97740f4000-7f97741f2000 rw-p 00000000 00:00 0 
7f97741f2000-7f97741f5000 ---p 00000000 00:00 0 
7f97741f5000-7f97742f3000 rw-p 00000000 00:00 0 
7f97742f3000-7f97742f6000 ---p 00000000 00:00 0 
7f97742f6000-7f97743f4000 rw-p 00000000 00:00 0 
7f97743f4000-7f97743f5000 ---p 00000000 00:00 0 
7f97743f5000-7f9775000000 rw-p 00000000 00:00 0 
7f9775000000-7f9775270000 rwxp 00000000 00:00 0 
7f9775270000-7f9778413000 rw-p 00000000 00:00 0 
7f9778413000-7f977c000000 ---p 00000000 00:00 0 
7f977c045000-7f977c539000 rw-p 00000000 00:00 0 
7f977c539000-7f977c6f9000 r--s 039fb000 08:07 663892                     /home/elixandre/jdk1.7.0_80/jre/lib/rt.jar
7f977c6f9000-7f977c9f5000 rw-p 00000000 00:00 0 
7f977c9f5000-7f977c9f6000 ---p 00000000 00:00 0 
7f977c9f6000-7f977caf6000 rw-p 00000000 00:00 0 
7f977caf6000-7f977caf7000 ---p 00000000 00:00 0 
7f977caf7000-7f977cbf7000 rw-p 00000000 00:00 0 
7f977cbf7000-7f977cbf8000 ---p 00000000 00:00 0 
7f977cbf8000-7f977ccf8000 rw-p 00000000 00:00 0 
7f977ccf8000-7f977ccf9000 ---p 00000000 00:00 0 
7f977ccf9000-7f977ce04000 rw-p 00000000 00:00 0 
7f977ce04000-7f977ce22000 rw-p 00000000 00:00 0 
7f977ce22000-7f977ce36000 rw-p 00000000 00:00 0 
7f977ce36000-7f977cf5e000 rw-p 00000000 00:00 0 
7f977cf5e000-7f977cf69000 rw-p 00000000 00:00 0 
7f977cf69000-7f977cf87000 rw-p 00000000 00:00 0 
7f977cf87000-7f977cf9b000 rw-p 00000000 00:00 0 
7f977cf9b000-7f977d0c3000 rw-p 00000000 00:00 0 
7f977d0c3000-7f977d0cd000 rw-p 00000000 00:00 0 
7f977d0cd000-7f977d161000 rw-p 00000000 00:00 0 
7f977d161000-7f977d162000 rw-p 00000000 00:00 0 
7f977d162000-7f977d179000 r-xp 00000000 08:07 663687                     /home/elixandre/jdk1.7.0_80/jre/lib/amd64/libzip.so
7f977d179000-7f977d379000 ---p 00017000 08:07 663687                     /home/elixandre/jdk1.7.0_80/jre/lib/amd64/libzip.so
7f977d379000-7f977d37a000 rw-p 00017000 08:07 663687                     /home/elixandre/jdk1.7.0_80/jre/lib/amd64/libzip.so
7f977d37a000-7f977d384000 r-xp 00000000 08:07 529521                     /lib/x86_64-linux-gnu/libnss_files-2.21.so
7f977d384000-7f977d584000 ---p 0000a000 08:07 529521                     /lib/x86_64-linux-gnu/libnss_files-2.21.so
7f977d584000-7f977d585000 r--p 0000a000 08:07 529521                     /lib/x86_64-linux-gnu/libnss_files-2.21.so
7f977d585000-7f977d586000 rw-p 0000b000 08:07 529521                     /lib/x86_64-linux-gnu/libnss_files-2.21.so
7f977d586000-7f977d591000 r-xp 00000000 08:07 529535                     /lib/x86_64-linux-gnu/libnss_nis-2.21.so
7f977d591000-7f977d790000 ---p 0000b000 08:07 529535                     /lib/x86_64-linux-gnu/libnss_nis-2.21.so
7f977d790000-7f977d791000 r--p 0000a000 08:07 529535                     /lib/x86_64-linux-gnu/libnss_nis-2.21.so
7f977d791000-7f977d792000 rw-p 0000b000 08:07 529535                     /lib/x86_64-linux-gnu/libnss_nis-2.21.so
7f977d792000-7f977d7a9000 r-xp 00000000 08:07 529538                     /lib/x86_64-linux-gnu/libnsl-2.21.so
7f977d7a9000-7f977d9a8000 ---p 00017000 08:07 529538                     /lib/x86_64-linux-gnu/libnsl-2.21.so
7f977d9a8000-7f977d9a9000 r--p 00016000 08:07 529538                     /lib/x86_64-linux-gnu/libnsl-2.21.so
7f977d9a9000-7f977d9aa000 rw-p 00017000 08:07 529538                     /lib/x86_64-linux-gnu/libnsl-2.21.so
7f977d9aa000-7f977d9ac000 rw-p 00000000 00:00 0 
7f977d9ac000-7f977d9b4000 r-xp 00000000 08:07 529523                     /lib/x86_64-linux-gnu/libnss_compat-2.21.so
7f977d9b4000-7f977dbb3000 ---p 00008000 08:07 529523                     /lib/x86_64-linux-gnu/libnss_compat-2.21.so
7f977dbb3000-7f977dbb4000 r--p 00007000 08:07 529523                     /lib/x86_64-linux-gnu/libnss_compat-2.21.so
7f977dbb4000-7f977dbb5000 rw-p 00008000 08:07 529523                     /lib/x86_64-linux-gnu/libnss_compat-2.21.so
7f977dbb5000-7f977dbde000 r-xp 00000000 08:07 663623                     /home/elixandre/jdk1.7.0_80/jre/lib/amd64/libjava.so
7f977dbde000-7f977ddde000 ---p 00029000 08:07 663623                     /home/elixandre/jdk1.7.0_80/jre/lib/amd64/libjava.so
7f977ddde000-7f977dde0000 rw-p 00029000 08:07 663623                     /home/elixandre/jdk1.7.0_80/jre/lib/amd64/libjava.so
7f977dde0000-7f977dded000 r-xp 00000000 08:07 663501                     /home/elixandre/jdk1.7.0_80/jre/lib/amd64/libverify.so
7f977dded000-7f977dfec000 ---p 0000d000 08:07 663501                     /home/elixandre/jdk1.7.0_80/jre/lib/amd64/libverify.so
7f977dfec000-7f977dfee000 rw-p 0000c000 08:07 663501                     /home/elixandre/jdk1.7.0_80/jre/lib/amd64/libverify.so
7f977dfee000-7f977dff5000 r-xp 00000000 08:07 529522                     /lib/x86_64-linux-gnu/librt-2.21.so
7f977dff5000-7f977e1f4000 ---p 00007000 08:07 529522                     /lib/x86_64-linux-gnu/librt-2.21.so
7f977e1f4000-7f977e1f5000 r--p 00006000 08:07 529522                     /lib/x86_64-linux-gnu/librt-2.21.so
7f977e1f5000-7f977e1f6000 rw-p 00007000 08:07 529522                     /lib/x86_64-linux-gnu/librt-2.21.so
7f977e1f6000-7f977e2fd000 r-xp 00000000 08:07 529524                     /lib/x86_64-linux-gnu/libm-2.21.so
7f977e2fd000-7f977e4fc000 ---p 00107000 08:07 529524                     /lib/x86_64-linux-gnu/libm-2.21.so
7f977e4fc000-7f977e4fd000 r--p 00106000 08:07 529524                     /lib/x86_64-linux-gnu/libm-2.21.so
7f977e4fd000-7f977e4fe000 rw-p 00107000 08:07 529524                     /lib/x86_64-linux-gnu/libm-2.21.so
7f977e4fe000-7f977f074000 r-xp 00000000 08:07 663273                     /home/elixandre/jdk1.7.0_80/jre/lib/amd64/server/libjvm.so
7f977f074000-7f977f273000 ---p 00b76000 08:07 663273                     /home/elixandre/jdk1.7.0_80/jre/lib/amd64/server/libjvm.so
7f977f273000-7f977f337000 rw-p 00b75000 08:07 663273                     /home/elixandre/jdk1.7.0_80/jre/lib/amd64/server/libjvm.so
7f977f337000-7f977f378000 rw-p 00000000 00:00 0 
7f977f378000-7f977f538000 r-xp 00000000 08:07 529541                     /lib/x86_64-linux-gnu/libc-2.21.so
7f977f538000-7f977f738000 ---p 001c0000 08:07 529541                     /lib/x86_64-linux-gnu/libc-2.21.so
7f977f738000-7f977f73c000 r--p 001c0000 08:07 529541                     /lib/x86_64-linux-gnu/libc-2.21.so
7f977f73c000-7f977f73e000 rw-p 001c4000 08:07 529541                     /lib/x86_64-linux-gnu/libc-2.21.so
7f977f73e000-7f977f742000 rw-p 00000000 00:00 0 
7f977f742000-7f977f745000 r-xp 00000000 08:07 529528                     /lib/x86_64-linux-gnu/libdl-2.21.so
7f977f745000-7f977f944000 ---p 00003000 08:07 529528                     /lib/x86_64-linux-gnu/libdl-2.21.so
7f977f944000-7f977f945000 r--p 00002000 08:07 529528                     /lib/x86_64-linux-gnu/libdl-2.21.so
7f977f945000-7f977f946000 rw-p 00003000 08:07 529528                     /lib/x86_64-linux-gnu/libdl-2.21.so
7f977f946000-7f977f95b000 r-xp 00000000 08:07 663695                     /home/elixandre/jdk1.7.0_80/lib/amd64/jli/libjli.so
7f977f95b000-7f977fb5a000 ---p 00015000 08:07 663695                     /home/elixandre/jdk1.7.0_80/lib/amd64/jli/libjli.so
7f977fb5a000-7f977fb5b000 rw-p 00014000 08:07 663695                     /home/elixandre/jdk1.7.0_80/lib/amd64/jli/libjli.so
7f977fb5b000-7f977fb73000 r-xp 00000000 08:07 529525                     /lib/x86_64-linux-gnu/libpthread-2.21.so
7f977fb73000-7f977fd73000 ---p 00018000 08:07 529525                     /lib/x86_64-linux-gnu/libpthread-2.21.so
7f977fd73000-7f977fd74000 r--p 00018000 08:07 529525                     /lib/x86_64-linux-gnu/libpthread-2.21.so
7f977fd74000-7f977fd75000 rw-p 00019000 08:07 529525                     /lib/x86_64-linux-gnu/libpthread-2.21.so
7f977fd75000-7f977fd79000 rw-p 00000000 00:00 0 
7f977fd79000-7f977fd9d000 r-xp 00000000 08:07 529539                     /lib/x86_64-linux-gnu/ld-2.21.so
7f977fda7000-7f977fdc6000 rw-p 00000000 00:00 0 
7f977fdc6000-7f977fe7c000 rw-p 00000000 00:00 0 
7f977fe7c000-7f977fe7f000 ---p 00000000 00:00 0 
7f977fe7f000-7f977ff81000 rw-p 00000000 00:00 0 
7f977ff89000-7f977ff8d000 r--s 0008b000 08:07 663627                     /home/elixandre/jdk1.7.0_80/jre/lib/jsse.jar
7f977ff8d000-7f977ff90000 r--s 00f76000 08:07 542783                     /home/elixandre/Downloads/simgrid.jar
7f977ff90000-7f977ff98000 rw-s 00000000 08:07 544827                     /tmp/hsperfdata_elixandre/2855 (deleted)
7f977ff98000-7f977ff99000 rw-p 00000000 00:00 0 
7f977ff99000-7f977ff9a000 ---p 00000000 00:00 0 
7f977ff9a000-7f977ff9c000 rw-p 00000000 00:00 0 
7f977ff9c000-7f977ff9d000 r--p 00023000 08:07 529539                     /lib/x86_64-linux-gnu/ld-2.21.so
7f977ff9d000-7f977ff9e000 rw-p 00024000 08:07 529539                     /lib/x86_64-linux-gnu/ld-2.21.so
7f977ff9e000-7f977ff9f000 rw-p 00000000 00:00 0 
7fff24c9c000-7fff24cbd000 rw-p 00000000 00:00 0                          [stack]
7fff24dc9000-7fff24dcb000 r--p 00000000 00:00 0                          [vvar]
7fff24dcb000-7fff24dcd000 r-xp 00000000 00:00 0                          [vdso]
ffffffffff600000-ffffffffff601000 r-xp 00000000 00:00 0                  [vsyscall]

VM Arguments:
jvm_args: -Dfile.encoding=UTF-8 
java_command: vcube.VCube platform.xml deployment.xml
Launcher Type: SUN_STANDARD

Environment Variables:
PATH=/usr/local/sbin:/usr/local/bin:/usr/sbin:/usr/bin:/sbin:/bin:/usr/games:/usr/local/games:/home/elixandre/.rvm/bin
LD_LIBRARY_PATH=/home/elixandre/jdk1.7.0_80/jre/lib/amd64:/home/elixandre/jdk1.7.0_80/jre/lib/i386:
SHELL=/bin/bash
DISPLAY=:0

Signal Handlers:
SIGSEGV: [libjvm.so+0x9a3b20], sa_mask[0]=0x7ffbfeff, sa_flags=0x10000004
SIGBUS: [libjvm.so+0x9a3b20], sa_mask[0]=0x7ffbfeff, sa_flags=0x10000004
SIGFPE: [libjvm.so+0x81e740], sa_mask[0]=0x7ffbfeff, sa_flags=0x10000004
SIGPIPE: [libjvm.so+0x81e740], sa_mask[0]=0x7ffbfeff, sa_flags=0x10000004
SIGXFSZ: [libjvm.so+0x81e740], sa_mask[0]=0x7ffbfeff, sa_flags=0x10000004
SIGILL: [libjvm.so+0x81e740], sa_mask[0]=0x7ffbfeff, sa_flags=0x10000004
SIGUSR1: SIG_DFL, sa_mask[0]=0x00000000, sa_flags=0x00000000
SIGUSR2: [libjvm.so+0x81ffb0], sa_mask[0]=0x00000004, sa_flags=0x10000004
SIGHUP: [libjvm.so+0x8210d0], sa_mask[0]=0x7ffbfeff, sa_flags=0x10000004
SIGINT: [libsimgrid.so+0x8ff50], sa_mask[0]=0x00000002, sa_flags=0x10000000
SIGTERM: [libjvm.so+0x8210d0], sa_mask[0]=0x7ffbfeff, sa_flags=0x10000004
SIGQUIT: [libjvm.so+0x8210d0], sa_mask[0]=0x7ffbfeff, sa_flags=0x10000004


---------------  S Y S T E M  ---------------

OS:jessie/sid

uname:Linux 4.2.0-42-generic #49-Ubuntu SMP Tue Jun 28 21:26:26 UTC 2016 x86_64
libc:glibc 2.21 NPTL 2.21 
rlimit: STACK 8192k, CORE 0k, NPROC 15009, NOFILE 65536, AS infinity
load average:0.92 1.11 0.61

/proc/meminfo:
MemTotal:        3879128 kB
MemFree:          954260 kB
MemAvailable:    1725192 kB
Buffers:           82836 kB
Cached:          1008164 kB
SwapCached:            0 kB
Active:          1964852 kB
Inactive:         789524 kB
Active(anon):    1665300 kB
Inactive(anon):   171368 kB
Active(file):     299552 kB
Inactive(file):   618156 kB
Unevictable:          48 kB
Mlocked:              48 kB
SwapTotal:        975868 kB
SwapFree:         975868 kB
Dirty:             20484 kB
Writeback:          5588 kB
AnonPages:       1663476 kB
Mapped:           343624 kB
Shmem:            173296 kB
Slab:              75192 kB
SReclaimable:      44320 kB
SUnreclaim:        30872 kB
KernelStack:        9456 kB
PageTables:        33000 kB
NFS_Unstable:          0 kB
Bounce:                0 kB
WritebackTmp:          0 kB
CommitLimit:     2915432 kB
Committed_AS:    5579572 kB
VmallocTotal:   34359738367 kB
VmallocUsed:      347648 kB
VmallocChunk:   34358947836 kB
HardwareCorrupted:     0 kB
AnonHugePages:    679936 kB
CmaTotal:              0 kB
CmaFree:               0 kB
HugePages_Total:       0
HugePages_Free:        0
HugePages_Rsvd:        0
HugePages_Surp:        0
Hugepagesize:       2048 kB
DirectMap4k:      117496 kB
DirectMap2M:     3909632 kB


CPU:total 4 (2 cores per cpu, 2 threads per core) family 6 model 58 stepping 9, cmov, cx8, fxsr, mmx, sse, sse2, sse3, ssse3, sse4.1, sse4.2, popcnt, avx, erms, ht, tsc, tscinvbit, tscinv

/proc/cpuinfo:
processor	: 0
vendor_id	: GenuineIntel
cpu family	: 6
model		: 58
model name	: Intel(R) Core(TM) i7-3517U CPU @ 1.90GHz
stepping	: 9
microcode	: 0x12
cpu MHz		: 2627.531
cache size	: 4096 KB
physical id	: 0
siblings	: 4
core id		: 0
cpu cores	: 2
apicid		: 0
initial apicid	: 0
fpu		: yes
fpu_exception	: yes
cpuid level	: 13
wp		: yes
flags		: fpu vme de pse tsc msr pae mce cx8 apic sep mtrr pge mca cmov pat pse36 clflush dts acpi mmx fxsr sse sse2 ss ht tm pbe syscall nx rdtscp lm constant_tsc arch_perfmon pebs bts rep_good nopl xtopology nonstop_tsc aperfmperf eagerfpu pni pclmulqdq dtes64 monitor ds_cpl vmx est tm2 ssse3 cx16 xtpr pdcm pcid sse4_1 sse4_2 x2apic popcnt tsc_deadline_timer xsave avx f16c rdrand lahf_lm ida arat epb pln pts dtherm tpr_shadow vnmi flexpriority ept vpid fsgsbase smep erms xsaveopt
bugs		:
bogomips	: 4789.21
clflush size	: 64
cache_alignment	: 64
address sizes	: 36 bits physical, 48 bits virtual
power management:

processor	: 1
vendor_id	: GenuineIntel
cpu family	: 6
model		: 58
model name	: Intel(R) Core(TM) i7-3517U CPU @ 1.90GHz
stepping	: 9
microcode	: 0x12
cpu MHz		: 2659.781
cache size	: 4096 KB
physical id	: 0
siblings	: 4
core id		: 0
cpu cores	: 2
apicid		: 1
initial apicid	: 1
fpu		: yes
fpu_exception	: yes
cpuid level	: 13
wp		: yes
flags		: fpu vme de pse tsc msr pae mce cx8 apic sep mtrr pge mca cmov pat pse36 clflush dts acpi mmx fxsr sse sse2 ss ht tm pbe syscall nx rdtscp lm constant_tsc arch_perfmon pebs bts rep_good nopl xtopology nonstop_tsc aperfmperf eagerfpu pni pclmulqdq dtes64 monitor ds_cpl vmx est tm2 ssse3 cx16 xtpr pdcm pcid sse4_1 sse4_2 x2apic popcnt tsc_deadline_timer xsave avx f16c rdrand lahf_lm ida arat epb pln pts dtherm tpr_shadow vnmi flexpriority ept vpid fsgsbase smep erms xsaveopt
bugs		:
bogomips	: 4789.21
clflush size	: 64
cache_alignment	: 64
address sizes	: 36 bits physical, 48 bits virtual
power management:

processor	: 2
vendor_id	: GenuineIntel
cpu family	: 6
model		: 58
model name	: Intel(R) Core(TM) i7-3517U CPU @ 1.90GHz
stepping	: 9
microcode	: 0x12
cpu MHz		: 2702.906
cache size	: 4096 KB
physical id	: 0
siblings	: 4
core id		: 1
cpu cores	: 2
apicid		: 2
initial apicid	: 2
fpu		: yes
fpu_exception	: yes
cpuid level	: 13
wp		: yes
flags		: fpu vme de pse tsc msr pae mce cx8 apic sep mtrr pge mca cmov pat pse36 clflush dts acpi mmx fxsr sse sse2 ss ht tm pbe syscall nx rdtscp lm constant_tsc arch_perfmon pebs bts rep_good nopl xtopology nonstop_tsc aperfmperf eagerfpu pni pclmulqdq dtes64 monitor ds_cpl vmx est tm2 ssse3 cx16 xtpr pdcm pcid sse4_1 sse4_2 x2apic popcnt tsc_deadline_timer xsave avx f16c rdrand lahf_lm ida arat epb pln pts dtherm tpr_shadow vnmi flexpriority ept vpid fsgsbase smep erms xsaveopt
bugs		:
bogomips	: 4789.21
clflush size	: 64
cache_alignment	: 64
address sizes	: 36 bits physical, 48 bits virtual
power management:

processor	: 3
vendor_id	: GenuineIntel
cpu family	: 6
model		: 58
model name	: Intel(R) Core(TM) i7-3517U CPU @ 1.90GHz
stepping	: 9
microcode	: 0x12
cpu MHz		: 2773.500
cache size	: 4096 KB
physical id	: 0
siblings	: 4
core id		: 1
cpu cores	: 2
apicid		: 3
initial apicid	: 3
fpu		: yes
fpu_exception	: yes
cpuid level	: 13
wp		: yes
flags		: fpu vme de pse tsc msr pae mce cx8 apic sep mtrr pge mca cmov pat pse36 clflush dts acpi mmx fxsr sse sse2 ss ht tm pbe syscall nx rdtscp lm constant_tsc arch_perfmon pebs bts rep_good nopl xtopology nonstop_tsc aperfmperf eagerfpu pni pclmulqdq dtes64 monitor ds_cpl vmx est tm2 ssse3 cx16 xtpr pdcm pcid sse4_1 sse4_2 x2apic popcnt tsc_deadline_timer xsave avx f16c rdrand lahf_lm ida arat epb pln pts dtherm tpr_shadow vnmi flexpriority ept vpid fsgsbase smep erms xsaveopt
bugs		:
bogomips	: 4789.21
clflush size	: 64
cache_alignment	: 64
address sizes	: 36 bits physical, 48 bits virtual
power management:



Memory: 4k page, physical 3879128k(954260k free), swap 975868k(975868k free)

vm_info: Java HotSpot(TM) 64-Bit Server VM (24.80-b11) for linux-amd64 JRE (1.7.0_80-b15), built on Apr 10 2015 19:53:14 by "java_re" with gcc 4.3.0 20080428 (Red Hat 4.3.0-8)

time: Fri May  5 15:27:14 2017
elapsed time: 1 seconds

