#
# A fatal error has been detected by the Java Runtime Environment:
#
#  SIGSEGV (0xb) at pc=0x00007f43032c376b, pid=5998, tid=139925607356160
#
# JRE version: Java(TM) SE Runtime Environment (7.0_80-b15) (build 1.7.0_80-b15)
# Java VM: Java HotSpot(TM) 64-Bit Server VM (24.80-b11 mixed mode linux-amd64 compressed oops)
# Problematic frame:
# C  [libc.so.6+0x8076b]  _IO_str_seekoff+0x299b
#
# Failed to write core dump. Core dumps have been disabled. To enable core dumping, try "ulimit -c unlimited" before starting Java again
#
# If you would like to submit a bug report, please visit:
#   http://bugreport.java.com/bugreport/crash.jsp
# The crash happened outside the Java Virtual Machine in native code.
# See problematic frame for where to report the bug.
#

---------------  T H R E A D  ---------------

Current thread (0x00007f42fc070800):  JavaThread "Finalizer" daemon [_thread_in_native, id=6010, stack(0x00007f42f80f1000,0x00007f42f81f2000)]

siginfo:si_signo=SIGSEGV: si_errno=0, si_code=1 (SEGV_MAPERR), si_addr=0x00007fb2086494f8

Registers:
RAX=0x00007f42a424e2d0, RBX=0x00007f42a4032480, RCX=0x00007f42f81f08c0, RDX=0xffffff909b9e8f90
RSP=0x00007f42f81f06e0, RBP=0x0000006f64617070, RSI=0x0000000000000001, RDI=0x0000000000000000
R8 =0x0000000000001e30, R9 =0x0000000000000001, R10=0x0000000000000006, R11=0x00007f4303218de8
R12=0x00007fb2086494f0, R13=0x00007f42a4000020, R14=0x00007f42f81f08c0, R15=0x00007f42fc070800
RIP=0x00007f43032c376b, EFLAGS=0x0000000000010202, CSGSFS=0x0000000000000033, ERR=0x0000000000000004
  TRAPNO=0x000000000000000e

Top of Stack: (sp=0x00007f42f81f06e0)
0x00007f42f81f06e0:   00007f4303a313f0 0000000000002710
0x00007f42f81f06f0:   00007f42f81f0710 00007f42fc071078
0x00007f42f81f0700:   0000000000002710 00007f42bc083c10
0x00007f42f81f0710:   00007f42e8cb2ce0 00007f42bc083b80
0x00007f42f81f0720:   00000000bfd6f378 00007f4200000001
0x00007f42f81f0730:   00007f42bc083c10 00007f43032c77ec
0x00007f42f81f0740:   00007f42fc071500 00007f42fc071528
0x00007f42f81f0750:   00007f42fc071550 00007f42a40323c0
0x00007f42f81f0760:   00007f42e8cb2ce0 0000000000000000
0x00007f42f81f0770:   00000000bfd6f378 00007f42f81f08c0
0x00007f42f81f0780:   00007f42fc070800 00007f43032c77ec
0x00007f42f81f0790:   0000007f00001e59 00007f42bc083c10
0x00007f42f81f07a0:   00007f42fc06e000 00007f42bc083b00
0x00007f42f81f07b0:   00007f42e8cb2ce0 00007f42a40323c0
0x00007f42f81f07c0:   00007f42e8cb2ce0 0000000000000000
0x00007f42f81f07d0:   00000000bfd6f378 00007f42e883b683
0x00007f42f81f07e0:   ffffffff00000006 00007f42d8004d18
0x00007f42f81f07f0:   01007f42d8004ce0 00007f4302bd7582
0x00007f42f81f0800:   0000000000000a78 00007f42fc071078
0x00007f42f81f0810:   00007f42f81f0870 00007f4302bd799c
0x00007f42f81f0820:   00007f42d8004ce0 00007f42e8010de7
0x00007f42f81f0830:   0000000000000000 00000000bfd6f378
0x00007f42f81f0840:   00007f42f81f08a0 00007f42f9012d98
0x00007f42f81f0850:   00007f42fc070800 00007f42fc070800
0x00007f42f81f0860:   00007f42f81f0860 0000000000000000
0x00007f42f81f0870:   00007f42f81f08c0 00000000bfd70d50
0x00007f42f81f0880:   0000000000000000 00000000bfd6f378
0x00007f42f81f0890:   0000000000000000 00007f42f81f08c0
0x00007f42f81f08a0:   00007f42f81f0908 00007f42f9006058
0x00007f42f81f08b0:   0000000000000000 00007f42f900ecd8
0x00007f42f81f08c0:   00000000ed41d200 00007f42f81f08c8
0x00007f42f81f08d0:   00000000bfd6f291 00007f42f81f0920 

Instructions: (pc=0x00007f43032c376b)
0x00007f43032c374b:   4c 8d 24 2e c7 44 24 48 00 00 00 00 48 39 c6 0f
0x00007f43032c375b:   84 70 09 00 00 41 f6 45 04 02 0f 84 85 08 00 00
0x00007f43032c376b:   49 8b 44 24 08 a8 01 0f 84 98 08 00 00 49 89 c7
0x00007f43032c377b:   49 83 e7 f8 48 83 f8 10 0f 86 e7 06 00 00 4d 3b 

Register to memory mapping:

RAX=0x00007f42a424e2d0 is an unknown value
RBX=0x00007f42a4032480 is an unknown value
RCX=0x00007f42f81f08c0 is pointing into the stack for thread: 0x00007f42fc070800
RDX=0xffffff909b9e8f90 is an unknown value
RSP=0x00007f42f81f06e0 is pointing into the stack for thread: 0x00007f42fc070800
RBP=0x0000006f64617070 is an unknown value
RSI=0x0000000000000001 is an unknown value
RDI=0x0000000000000000 is an unknown value
R8 =0x0000000000001e30 is an unknown value
R9 =0x0000000000000001 is an unknown value
R10=0x0000000000000006 is an unknown value
R11=0x00007f4303218de8: <offset 0xe4fde8> in /home/elixandre/jdk1.7.0_80/jre/lib/amd64/server/libjvm.so at 0x00007f43023c9000
R12=0x00007fb2086494f0 is an unknown value
R13=0x00007f42a4000020 is an unknown value
R14=0x00007f42f81f08c0 is pointing into the stack for thread: 0x00007f42fc070800
R15=0x00007f42fc070800 is a thread


Stack: [0x00007f42f80f1000,0x00007f42f81f2000],  sp=0x00007f42f81f06e0,  free space=1021k
Native frames: (J=compiled Java code, j=interpreted, Vv=VM code, C=native code)
C  [libc.so.6+0x8076b]  _IO_str_seekoff+0x299b

[error occurred during error reporting (printing native stack), id 0xb]

Java frames: (J=compiled Java code, j=interpreted, Vv=VM code)
j  org.simgrid.msg.Task.nativeFinalize()V+0
j  org.simgrid.msg.Task.finalize()V+1
j  java.lang.System$2.invokeFinalize(Ljava/lang/Object;)V+1
j  java.lang.ref.Finalizer.runFinalizer(Lsun/misc/JavaLangAccess;)V+46
j  java.lang.ref.Finalizer.access$100(Ljava/lang/ref/Finalizer;Lsun/misc/JavaLangAccess;)V+2
j  java.lang.ref.Finalizer$FinalizerThread.run()V+45
v  ~StubRoutines::call_stub

---------------  P R O C E S S  ---------------

Java Threads: ( => current thread )
  0x00007f4294001000 JavaThread "Thread-6" [_thread_in_native, id=6020, stack(0x00007f42c57fb000,0x00007f42c5ffc000)]
  0x00007f429c001000 JavaThread "Thread-7" [_thread_in_native, id=6021, stack(0x00007f42c4ffa000,0x00007f42c57fb000)]
  0x00007f42a4001000 JavaThread "Thread-4" [_thread_in_vm, id=6023, stack(0x00007f42ab7ff000,0x00007f42ac000000)]
  0x00007f42b8001000 JavaThread "Thread-5" [_thread_in_native, id=6018, stack(0x00007f42c67fd000,0x00007f42c6ffe000)]
  0x00007f42b0001000 JavaThread "Thread-8" [_thread_in_native, id=6022, stack(0x00007f42c47f9000,0x00007f42c4ffa000)]
  0x00007f42ac001000 JavaThread "Thread-3" [_thread_in_native, id=6019, stack(0x00007f42c5ffc000,0x00007f42c67fd000)]
  0x00007f42b4001000 JavaThread "Thread-2" [_thread_in_native, id=6017, stack(0x00007f42c6ffe000,0x00007f42c77ff000)]
  0x00007f42bc001000 JavaThread "Thread-1" [_thread_in_native, id=6016, stack(0x00007f42c77ff000,0x00007f42c8000000)]
  0x00007f42fc099000 JavaThread "Service Thread" daemon [_thread_blocked, id=6014, stack(0x00007f42e94e9000,0x00007f42e95ea000)]
  0x00007f42fc096800 JavaThread "C2 CompilerThread1" daemon [_thread_blocked, id=6013, stack(0x00007f42e95ea000,0x00007f42e96eb000)]
  0x00007f42fc093800 JavaThread "C2 CompilerThread0" daemon [_thread_in_native, id=6012, stack(0x00007f42e96eb000,0x00007f42e97ec000)]
  0x00007f42fc091800 JavaThread "Signal Dispatcher" daemon [_thread_blocked, id=6011, stack(0x00007f42e97ec000,0x00007f42e98ed000)]
=>0x00007f42fc070800 JavaThread "Finalizer" daemon [_thread_in_native, id=6010, stack(0x00007f42f80f1000,0x00007f42f81f2000)]
  0x00007f42fc06e000 JavaThread "Reference Handler" daemon [_thread_blocked, id=6009, stack(0x00007f42f81f2000,0x00007f42f82f3000)]
  0x00007f42fc009800 JavaThread "main" [_thread_in_native, id=6003, stack(0x00007f4303d47000,0x00007f4303e48000)]

Other Threads:
  0x00007f42fc06a000 VMThread [stack: 0x00007f42f82f3000,0x00007f42f83f4000] [id=6008]
  0x00007f42fc0a3800 WatcherThread [stack: 0x00007f42e93e8000,0x00007f42e94e9000] [id=6015]

VM state:not at safepoint (normal execution)

VM Mutex/Monitor currently owned by a thread: None

Heap
 PSYoungGen      total 17920K, used 4378K [0x00000000ec400000, 0x00000000ed800000, 0x0000000100000000)
  eden space 15360K, 11% used [0x00000000ec400000,0x00000000ec5caa80,0x00000000ed300000)
  from space 2560K, 99% used [0x00000000ed300000,0x00000000ed57c010,0x00000000ed580000)
  to   space 2560K, 0% used [0x00000000ed580000,0x00000000ed580000,0x00000000ed800000)
 ParOldGen       total 40448K, used 848K [0x00000000c4c00000, 0x00000000c7380000, 0x00000000ec400000)
  object space 40448K, 2% used [0x00000000c4c00000,0x00000000c4cd4000,0x00000000c7380000)
 PSPermGen       total 21504K, used 3594K [0x00000000bfa00000, 0x00000000c0f00000, 0x00000000c4c00000)
  object space 21504K, 16% used [0x00000000bfa00000,0x00000000bfd829f0,0x00000000c0f00000)

Card table byte_map: [0x00007f4300e29000,0x00007f430102d000] byte_map_base: 0x00007f430082c000

Polling page: 0x00007f4303e64000

Code Cache  [0x00007f42f9000000, 0x00007f42f9270000, 0x00007f42fc000000)
 total_blobs=273 nmethods=67 adapters=160 free_code_cache=48638Kb largest_free_block=49773888

Compilation events (10 events):
Event: 1.788 Thread 0x00007f42fc093800   62             java.lang.AbstractStringBuilder::append (62 bytes)
Event: 1.796 Thread 0x00007f42fc093800 nmethod 62 0x00007f42f9073750 code [0x00007f42f90738c0, 0x00007f42f9073d98]
Event: 1.934 Thread 0x00007f42fc096800 nmethod 60% 0x00007f42f9080150 code [0x00007f42f90807a0, 0x00007f42f9084a08]
Event: 1.964 Thread 0x00007f42fc093800   63 % !         vcube.Node::main @ 93 (1459 bytes)
Event: 2.051 Thread 0x00007f42fc096800   64             sun.misc.VM::addFinalRefCount (24 bytes)
Event: 2.052 Thread 0x00007f42fc096800 nmethod 64 0x00007f42f9070ed0 code [0x00007f42f9071000, 0x00007f42f9071078]
Event: 2.062 Thread 0x00007f42fc096800   65             java.lang.ref.Reference::access$100 (4 bytes)
Event: 2.062 Thread 0x00007f42fc096800 nmethod 65 0x00007f42f9072910 code [0x00007f42f9072a40, 0x00007f42f9072a98]
Event: 2.062 Thread 0x00007f42fc096800   67   !         java.lang.ref.ReferenceQueue::enqueue (104 bytes)
Event: 2.068 Thread 0x00007f42fc096800 nmethod 67 0x00007f42f907c290 code [0x00007f42f907c400, 0x00007f42f907cb88]

GC Heap History (2 events):
Event: 2.023 GC heap before
{Heap before GC invocations=1 (full 0):
 PSYoungGen      total 17920K, used 15360K [0x00000000ec400000, 0x00000000ed800000, 0x0000000100000000)
  eden space 15360K, 100% used [0x00000000ec400000,0x00000000ed300000,0x00000000ed300000)
  from space 2560K, 0% used [0x00000000ed580000,0x00000000ed580000,0x00000000ed800000)
  to   space 2560K, 0% used [0x00000000ed300000,0x00000000ed300000,0x00000000ed580000)
 ParOldGen       total 40448K, used 0K [0x00000000c4c00000, 0x00000000c7380000, 0x00000000ec400000)
  object space 40448K, 0% used [0x00000000c4c00000,0x00000000c4c00000,0x00000000c7380000)
 PSPermGen       total 21504K, used 3589K [0x00000000bfa00000, 0x00000000c0f00000, 0x00000000c4c00000)
  object space 21504K, 16% used [0x00000000bfa00000,0x00000000bfd81528,0x00000000c0f00000)
Event: 2.037 GC heap after
Heap after GC invocations=1 (full 0):
 PSYoungGen      total 17920K, used 2544K [0x00000000ec400000, 0x00000000ed800000, 0x0000000100000000)
  eden space 15360K, 0% used [0x00000000ec400000,0x00000000ec400000,0x00000000ed300000)
  from space 2560K, 99% used [0x00000000ed300000,0x00000000ed57c010,0x00000000ed580000)
  to   space 2560K, 0% used [0x00000000ed580000,0x00000000ed580000,0x00000000ed800000)
 ParOldGen       total 40448K, used 848K [0x00000000c4c00000, 0x00000000c7380000, 0x00000000ec400000)
  object space 40448K, 2% used [0x00000000c4c00000,0x00000000c4cd4000,0x00000000c7380000)
 PSPermGen       total 21504K, used 3589K [0x00000000bfa00000, 0x00000000c0f00000, 0x00000000c4c00000)
  object space 21504K, 16% used [0x00000000bfa00000,0x00000000bfd81528,0x00000000c0f00000)
}

Deoptimization events (0 events):
No events

Internal exceptions (10 events):
Event: 2.054 Thread 0x00007f42b8001000 Threw 0x00000000ec400880 at /HUDSON/workspace/7u-2-build-linux-amd64/jdk7u80/2329/hotspot/src/share/vm/prims/jni.cpp:743
Event: 2.058 Thread 0x00007f4294001000 Threw 0x00000000ec482e58 at /HUDSON/workspace/7u-2-build-linux-amd64/jdk7u80/2329/hotspot/src/share/vm/prims/jni.cpp:743
Event: 2.059 Thread 0x00007f42a4001000 Threw 0x00000000ec529bf0 at /HUDSON/workspace/7u-2-build-linux-amd64/jdk7u80/2329/hotspot/src/share/vm/prims/jni.cpp:743
Event: 2.059 Thread 0x00007f42b4001000 Threw 0x00000000ec456218 at /HUDSON/workspace/7u-2-build-linux-amd64/jdk7u80/2329/hotspot/src/share/vm/prims/jni.cpp:743
Event: 2.061 Thread 0x00007f42b8001000 Threw 0x00000000ec401b38 at /HUDSON/workspace/7u-2-build-linux-amd64/jdk7u80/2329/hotspot/src/share/vm/prims/jni.cpp:743
Event: 2.062 Thread 0x00007f4294001000 Threw 0x00000000ec483f18 at /HUDSON/workspace/7u-2-build-linux-amd64/jdk7u80/2329/hotspot/src/share/vm/prims/jni.cpp:743
Event: 2.068 Thread 0x00007f42a4001000 Threw 0x00000000ec52aea8 at /HUDSON/workspace/7u-2-build-linux-amd64/jdk7u80/2329/hotspot/src/share/vm/prims/jni.cpp:743
Event: 2.069 Thread 0x00007f42b4001000 Threw 0x00000000ec4574d0 at /HUDSON/workspace/7u-2-build-linux-amd64/jdk7u80/2329/hotspot/src/share/vm/prims/jni.cpp:743
Event: 2.069 Thread 0x00007f42b8001000 Threw 0x00000000ec402df0 at /HUDSON/workspace/7u-2-build-linux-amd64/jdk7u80/2329/hotspot/src/share/vm/prims/jni.cpp:743
Event: 2.069 Thread 0x00007f4294001000 Threw 0x00000000ec484fd8 at /HUDSON/workspace/7u-2-build-linux-amd64/jdk7u80/2329/hotspot/src/share/vm/prims/jni.cpp:743

Events (10 events):
Event: 0.331 loading class 0x00007f42bc004820
Event: 0.331 loading class 0x00007f42bc004820 done
Event: 0.735 loading class 0x00007f43006695c0
Event: 0.735 loading class 0x00007f43006695c0 done
Event: 0.735 loading class 0x00007f42c801dc30
Event: 0.735 loading class 0x00007f4300661c90
Event: 0.735 loading class 0x00007f4300661c90 done
Event: 0.735 loading class 0x00007f42c801dc30 done
Event: 2.023 Executing VM operation: ParallelGCFailedAllocation
Event: 2.037 Executing VM operation: ParallelGCFailedAllocation done


Dynamic libraries:
00400000-00401000 r-xp 00000000 08:07 663942                             /home/elixandre/jdk1.7.0_80/bin/java
00600000-00601000 rw-p 00000000 08:07 663942                             /home/elixandre/jdk1.7.0_80/bin/java
00b7e000-00b9f000 rw-p 00000000 00:00 0                                  [heap]
bfa00000-c0f00000 rw-p 00000000 00:00 0 
c0f00000-c4c00000 rw-p 00000000 00:00 0 
c4c00000-c7380000 rw-p 00000000 00:00 0 
c7380000-ec400000 rw-p 00000000 00:00 0 
ec400000-ed800000 rw-p 00000000 00:00 0 
ed800000-100000000 rw-p 00000000 00:00 0 
7f4294000000-7f4294298000 rw-p 00000000 00:00 0 
7f4294298000-7f4298000000 ---p 00000000 00:00 0 
7f429c000000-7f429c229000 rw-p 00000000 00:00 0 
7f429c229000-7f42a0000000 ---p 00000000 00:00 0 
7f42a4000000-7f42a424f000 rw-p 00000000 00:00 0 
7f42a424f000-7f42a8000000 ---p 00000000 00:00 0 
7f42ab7ff000-7f42ab802000 ---p 00000000 00:00 0 
7f42ab802000-7f42ac000000 rw-p 00000000 00:00 0 
7f42ac000000-7f42ac261000 rw-p 00000000 00:00 0 
7f42ac261000-7f42b0000000 ---p 00000000 00:00 0 
7f42b0000000-7f42b026a000 rw-p 00000000 00:00 0 
7f42b026a000-7f42b4000000 ---p 00000000 00:00 0 
7f42b4000000-7f42b422d000 rw-p 00000000 00:00 0 
7f42b422d000-7f42b8000000 ---p 00000000 00:00 0 
7f42b8000000-7f42b828d000 rw-p 00000000 00:00 0 
7f42b828d000-7f42bc000000 ---p 00000000 00:00 0 
7f42bc000000-7f42bc29d000 rw-p 00000000 00:00 0 
7f42bc29d000-7f42c0000000 ---p 00000000 00:00 0 
7f42c0000000-7f42c0021000 rw-p 00000000 00:00 0 
7f42c0021000-7f42c4000000 ---p 00000000 00:00 0 
7f42c47f9000-7f42c47fc000 ---p 00000000 00:00 0 
7f42c47fc000-7f42c4ffa000 rw-p 00000000 00:00 0 
7f42c4ffa000-7f42c4ffd000 ---p 00000000 00:00 0 
7f42c4ffd000-7f42c57fb000 rw-p 00000000 00:00 0 
7f42c57fb000-7f42c57fe000 ---p 00000000 00:00 0 
7f42c57fe000-7f42c5ffc000 rw-p 00000000 00:00 0 
7f42c5ffc000-7f42c5fff000 ---p 00000000 00:00 0 
7f42c5fff000-7f42c67fd000 rw-p 00000000 00:00 0 
7f42c67fd000-7f42c6800000 ---p 00000000 00:00 0 
7f42c6800000-7f42c6ffe000 rw-p 00000000 00:00 0 
7f42c6ffe000-7f42c7001000 ---p 00000000 00:00 0 
7f42c7001000-7f42c77ff000 rw-p 00000000 00:00 0 
7f42c77ff000-7f42c7802000 ---p 00000000 00:00 0 
7f42c7802000-7f42c8000000 rw-p 00000000 00:00 0 
7f42c8000000-7f42c884e000 rw-p 00000000 00:00 0 
7f42c884e000-7f42cc000000 ---p 00000000 00:00 0 
7f42cc000000-7f42cc021000 rw-p 00000000 00:00 0 
7f42cc021000-7f42d0000000 ---p 00000000 00:00 0 
7f42d0000000-7f42d0021000 rw-p 00000000 00:00 0 
7f42d0021000-7f42d4000000 ---p 00000000 00:00 0 
7f42d4000000-7f42d44a1000 rw-p 00000000 00:00 0 
7f42d44a1000-7f42d8000000 ---p 00000000 00:00 0 
7f42d8000000-7f42d8021000 rw-p 00000000 00:00 0 
7f42d8021000-7f42dc000000 ---p 00000000 00:00 0 
7f42dc000000-7f42dc021000 rw-p 00000000 00:00 0 
7f42dc021000-7f42e0000000 ---p 00000000 00:00 0 
7f42e0000000-7f42e0021000 rw-p 00000000 00:00 0 
7f42e0021000-7f42e4000000 ---p 00000000 00:00 0 
7f42e4000000-7f42e4021000 rw-p 00000000 00:00 0 
7f42e4021000-7f42e8000000 ---p 00000000 00:00 0 
7f42e8005000-7f42e801d000 r-xp 00000000 08:07 821193                     /tmp/simgrid-java8459353576005798777/libsimgrid-java.so
7f42e801d000-7f42e821d000 ---p 00018000 08:07 821193                     /tmp/simgrid-java8459353576005798777/libsimgrid-java.so
7f42e821d000-7f42e821e000 rw-p 00018000 08:07 821193                     /tmp/simgrid-java8459353576005798777/libsimgrid-java.so
7f42e821e000-7f42e8234000 r-xp 00000000 08:07 528568                     /lib/x86_64-linux-gnu/libgcc_s.so.1
7f42e8234000-7f42e8433000 ---p 00016000 08:07 528568                     /lib/x86_64-linux-gnu/libgcc_s.so.1
7f42e8433000-7f42e8434000 r--p 00015000 08:07 528568                     /lib/x86_64-linux-gnu/libgcc_s.so.1
7f42e8434000-7f42e8435000 rw-p 00016000 08:07 528568                     /lib/x86_64-linux-gnu/libgcc_s.so.1
7f42e8435000-7f42e85a8000 r-xp 00000000 08:07 1059329                    /usr/lib/x86_64-linux-gnu/libstdc++.so.6.0.21
7f42e85a8000-7f42e87a7000 ---p 00173000 08:07 1059329                    /usr/lib/x86_64-linux-gnu/libstdc++.so.6.0.21
7f42e87a7000-7f42e87b1000 r--p 00172000 08:07 1059329                    /usr/lib/x86_64-linux-gnu/libstdc++.so.6.0.21
7f42e87b1000-7f42e87b3000 rw-p 0017c000 08:07 1059329                    /usr/lib/x86_64-linux-gnu/libstdc++.so.6.0.21
7f42e87b3000-7f42e87b7000 rw-p 00000000 00:00 0 
7f42e87b7000-7f42e8a7c000 r-xp 00000000 08:07 821189                     /tmp/simgrid-java8459353576005798777/libsimgrid.so
7f42e8a7c000-7f42e8c7c000 ---p 002c5000 08:07 821189                     /tmp/simgrid-java8459353576005798777/libsimgrid.so
7f42e8c7c000-7f42e8cb7000 rw-p 002c5000 08:07 821189                     /tmp/simgrid-java8459353576005798777/libsimgrid.so
7f42e8cb7000-7f42e8fc0000 rw-p 00000000 00:00 0 
7f42e8fc0000-7f42e8fd7000 r-xp 00000000 08:07 663689                     /home/elixandre/jdk1.7.0_80/jre/lib/amd64/libnet.so
7f42e8fd7000-7f42e91d6000 ---p 00017000 08:07 663689                     /home/elixandre/jdk1.7.0_80/jre/lib/amd64/libnet.so
7f42e91d6000-7f42e91d7000 rw-p 00016000 08:07 663689                     /home/elixandre/jdk1.7.0_80/jre/lib/amd64/libnet.so
7f42e91d7000-7f42e91e7000 r-xp 00000000 08:07 663688                     /home/elixandre/jdk1.7.0_80/jre/lib/amd64/libnio.so
7f42e91e7000-7f42e93e7000 ---p 00010000 08:07 663688                     /home/elixandre/jdk1.7.0_80/jre/lib/amd64/libnio.so
7f42e93e7000-7f42e93e8000 rw-p 00010000 08:07 663688                     /home/elixandre/jdk1.7.0_80/jre/lib/amd64/libnio.so
7f42e93e8000-7f42e93e9000 ---p 00000000 00:00 0 
7f42e93e9000-7f42e94e9000 rw-p 00000000 00:00 0 
7f42e94e9000-7f42e94ec000 ---p 00000000 00:00 0 
7f42e94ec000-7f42e95ea000 rw-p 00000000 00:00 0 
7f42e95ea000-7f42e95ed000 ---p 00000000 00:00 0 
7f42e95ed000-7f42e96eb000 rw-p 00000000 00:00 0 
7f42e96eb000-7f42e96ee000 ---p 00000000 00:00 0 
7f42e96ee000-7f42e97ec000 rw-p 00000000 00:00 0 
7f42e97ec000-7f42e97ef000 ---p 00000000 00:00 0 
7f42e97ef000-7f42e98ed000 rw-p 00000000 00:00 0 
7f42e98ed000-7f42e9fd0000 r--p 00000000 08:07 1055607                    /usr/lib/locale/locale-archive
7f42e9fd0000-7f42ec000000 rw-p 00000000 00:00 0 
7f42ec000000-7f42ec021000 rw-p 00000000 00:00 0 
7f42ec021000-7f42f0000000 ---p 00000000 00:00 0 
7f42f0000000-7f42f0021000 rw-p 00000000 00:00 0 
7f42f0021000-7f42f4000000 ---p 00000000 00:00 0 
7f42f4000000-7f42f4021000 rw-p 00000000 00:00 0 
7f42f4021000-7f42f8000000 ---p 00000000 00:00 0 
7f42f80f1000-7f42f80f4000 ---p 00000000 00:00 0 
7f42f80f4000-7f42f81f2000 rw-p 00000000 00:00 0 
7f42f81f2000-7f42f81f5000 ---p 00000000 00:00 0 
7f42f81f5000-7f42f82f3000 rw-p 00000000 00:00 0 
7f42f82f3000-7f42f82f4000 ---p 00000000 00:00 0 
7f42f82f4000-7f42f9000000 rw-p 00000000 00:00 0 
7f42f9000000-7f42f9270000 rwxp 00000000 00:00 0 
7f42f9270000-7f42fc42b000 rw-p 00000000 00:00 0 
7f42fc42b000-7f4300000000 ---p 00000000 00:00 0 
7f4300011000-7f4300404000 rw-p 00000000 00:00 0 
7f4300404000-7f43005c4000 r--s 039fb000 08:07 663892                     /home/elixandre/jdk1.7.0_80/jre/lib/rt.jar
7f43005c4000-7f43008c0000 rw-p 00000000 00:00 0 
7f43008c0000-7f43008c1000 ---p 00000000 00:00 0 
7f43008c1000-7f43009c1000 rw-p 00000000 00:00 0 
7f43009c1000-7f43009c2000 ---p 00000000 00:00 0 
7f43009c2000-7f4300ac2000 rw-p 00000000 00:00 0 
7f4300ac2000-7f4300ac3000 ---p 00000000 00:00 0 
7f4300ac3000-7f4300bc3000 rw-p 00000000 00:00 0 
7f4300bc3000-7f4300bc4000 ---p 00000000 00:00 0 
7f4300bc4000-7f4300ccf000 rw-p 00000000 00:00 0 
7f4300ccf000-7f4300ced000 rw-p 00000000 00:00 0 
7f4300ced000-7f4300d01000 rw-p 00000000 00:00 0 
7f4300d01000-7f4300e29000 rw-p 00000000 00:00 0 
7f4300e29000-7f4300e34000 rw-p 00000000 00:00 0 
7f4300e34000-7f4300e52000 rw-p 00000000 00:00 0 
7f4300e52000-7f4300e66000 rw-p 00000000 00:00 0 
7f4300e66000-7f4300f8e000 rw-p 00000000 00:00 0 
7f4300f8e000-7f4300f98000 rw-p 00000000 00:00 0 
7f4300f98000-7f430102c000 rw-p 00000000 00:00 0 
7f430102c000-7f430102d000 rw-p 00000000 00:00 0 
7f430102d000-7f4301044000 r-xp 00000000 08:07 663687                     /home/elixandre/jdk1.7.0_80/jre/lib/amd64/libzip.so
7f4301044000-7f4301244000 ---p 00017000 08:07 663687                     /home/elixandre/jdk1.7.0_80/jre/lib/amd64/libzip.so
7f4301244000-7f4301245000 rw-p 00017000 08:07 663687                     /home/elixandre/jdk1.7.0_80/jre/lib/amd64/libzip.so
7f4301245000-7f430124f000 r-xp 00000000 08:07 529521                     /lib/x86_64-linux-gnu/libnss_files-2.21.so
7f430124f000-7f430144f000 ---p 0000a000 08:07 529521                     /lib/x86_64-linux-gnu/libnss_files-2.21.so
7f430144f000-7f4301450000 r--p 0000a000 08:07 529521                     /lib/x86_64-linux-gnu/libnss_files-2.21.so
7f4301450000-7f4301451000 rw-p 0000b000 08:07 529521                     /lib/x86_64-linux-gnu/libnss_files-2.21.so
7f4301451000-7f430145c000 r-xp 00000000 08:07 529535                     /lib/x86_64-linux-gnu/libnss_nis-2.21.so
7f430145c000-7f430165b000 ---p 0000b000 08:07 529535                     /lib/x86_64-linux-gnu/libnss_nis-2.21.so
7f430165b000-7f430165c000 r--p 0000a000 08:07 529535                     /lib/x86_64-linux-gnu/libnss_nis-2.21.so
7f430165c000-7f430165d000 rw-p 0000b000 08:07 529535                     /lib/x86_64-linux-gnu/libnss_nis-2.21.so
7f430165d000-7f4301674000 r-xp 00000000 08:07 529538                     /lib/x86_64-linux-gnu/libnsl-2.21.so
7f4301674000-7f4301873000 ---p 00017000 08:07 529538                     /lib/x86_64-linux-gnu/libnsl-2.21.so
7f4301873000-7f4301874000 r--p 00016000 08:07 529538                     /lib/x86_64-linux-gnu/libnsl-2.21.so
7f4301874000-7f4301875000 rw-p 00017000 08:07 529538                     /lib/x86_64-linux-gnu/libnsl-2.21.so
7f4301875000-7f4301877000 rw-p 00000000 00:00 0 
7f4301877000-7f430187f000 r-xp 00000000 08:07 529523                     /lib/x86_64-linux-gnu/libnss_compat-2.21.so
7f430187f000-7f4301a7e000 ---p 00008000 08:07 529523                     /lib/x86_64-linux-gnu/libnss_compat-2.21.so
7f4301a7e000-7f4301a7f000 r--p 00007000 08:07 529523                     /lib/x86_64-linux-gnu/libnss_compat-2.21.so
7f4301a7f000-7f4301a80000 rw-p 00008000 08:07 529523                     /lib/x86_64-linux-gnu/libnss_compat-2.21.so
7f4301a80000-7f4301aa9000 r-xp 00000000 08:07 663623                     /home/elixandre/jdk1.7.0_80/jre/lib/amd64/libjava.so
7f4301aa9000-7f4301ca9000 ---p 00029000 08:07 663623                     /home/elixandre/jdk1.7.0_80/jre/lib/amd64/libjava.so
7f4301ca9000-7f4301cab000 rw-p 00029000 08:07 663623                     /home/elixandre/jdk1.7.0_80/jre/lib/amd64/libjava.so
7f4301cab000-7f4301cb8000 r-xp 00000000 08:07 663501                     /home/elixandre/jdk1.7.0_80/jre/lib/amd64/libverify.so
7f4301cb8000-7f4301eb7000 ---p 0000d000 08:07 663501                     /home/elixandre/jdk1.7.0_80/jre/lib/amd64/libverify.so
7f4301eb7000-7f4301eb9000 rw-p 0000c000 08:07 663501                     /home/elixandre/jdk1.7.0_80/jre/lib/amd64/libverify.so
7f4301eb9000-7f4301ec0000 r-xp 00000000 08:07 529522                     /lib/x86_64-linux-gnu/librt-2.21.so
7f4301ec0000-7f43020bf000 ---p 00007000 08:07 529522                     /lib/x86_64-linux-gnu/librt-2.21.so
7f43020bf000-7f43020c0000 r--p 00006000 08:07 529522                     /lib/x86_64-linux-gnu/librt-2.21.so
7f43020c0000-7f43020c1000 rw-p 00007000 08:07 529522                     /lib/x86_64-linux-gnu/librt-2.21.so
7f43020c1000-7f43021c8000 r-xp 00000000 08:07 529524                     /lib/x86_64-linux-gnu/libm-2.21.so
7f43021c8000-7f43023c7000 ---p 00107000 08:07 529524                     /lib/x86_64-linux-gnu/libm-2.21.so
7f43023c7000-7f43023c8000 r--p 00106000 08:07 529524                     /lib/x86_64-linux-gnu/libm-2.21.so
7f43023c8000-7f43023c9000 rw-p 00107000 08:07 529524                     /lib/x86_64-linux-gnu/libm-2.21.so
7f43023c9000-7f4302f3f000 r-xp 00000000 08:07 663273                     /home/elixandre/jdk1.7.0_80/jre/lib/amd64/server/libjvm.so
7f4302f3f000-7f430313e000 ---p 00b76000 08:07 663273                     /home/elixandre/jdk1.7.0_80/jre/lib/amd64/server/libjvm.so
7f430313e000-7f4303202000 rw-p 00b75000 08:07 663273                     /home/elixandre/jdk1.7.0_80/jre/lib/amd64/server/libjvm.so
7f4303202000-7f4303243000 rw-p 00000000 00:00 0 
7f4303243000-7f4303403000 r-xp 00000000 08:07 529541                     /lib/x86_64-linux-gnu/libc-2.21.so
7f4303403000-7f4303603000 ---p 001c0000 08:07 529541                     /lib/x86_64-linux-gnu/libc-2.21.so
7f4303603000-7f4303607000 r--p 001c0000 08:07 529541                     /lib/x86_64-linux-gnu/libc-2.21.so
7f4303607000-7f4303609000 rw-p 001c4000 08:07 529541                     /lib/x86_64-linux-gnu/libc-2.21.so
7f4303609000-7f430360d000 rw-p 00000000 00:00 0 
7f430360d000-7f4303610000 r-xp 00000000 08:07 529528                     /lib/x86_64-linux-gnu/libdl-2.21.so
7f4303610000-7f430380f000 ---p 00003000 08:07 529528                     /lib/x86_64-linux-gnu/libdl-2.21.so
7f430380f000-7f4303810000 r--p 00002000 08:07 529528                     /lib/x86_64-linux-gnu/libdl-2.21.so
7f4303810000-7f4303811000 rw-p 00003000 08:07 529528                     /lib/x86_64-linux-gnu/libdl-2.21.so
7f4303811000-7f4303826000 r-xp 00000000 08:07 663695                     /home/elixandre/jdk1.7.0_80/lib/amd64/jli/libjli.so
7f4303826000-7f4303a25000 ---p 00015000 08:07 663695                     /home/elixandre/jdk1.7.0_80/lib/amd64/jli/libjli.so
7f4303a25000-7f4303a26000 rw-p 00014000 08:07 663695                     /home/elixandre/jdk1.7.0_80/lib/amd64/jli/libjli.so
7f4303a26000-7f4303a3e000 r-xp 00000000 08:07 529525                     /lib/x86_64-linux-gnu/libpthread-2.21.so
7f4303a3e000-7f4303c3e000 ---p 00018000 08:07 529525                     /lib/x86_64-linux-gnu/libpthread-2.21.so
7f4303c3e000-7f4303c3f000 r--p 00018000 08:07 529525                     /lib/x86_64-linux-gnu/libpthread-2.21.so
7f4303c3f000-7f4303c40000 rw-p 00019000 08:07 529525                     /lib/x86_64-linux-gnu/libpthread-2.21.so
7f4303c40000-7f4303c44000 rw-p 00000000 00:00 0 
7f4303c44000-7f4303c68000 r-xp 00000000 08:07 529539                     /lib/x86_64-linux-gnu/ld-2.21.so
7f4303c72000-7f4303c91000 rw-p 00000000 00:00 0 
7f4303c91000-7f4303d47000 rw-p 00000000 00:00 0 
7f4303d47000-7f4303d4a000 ---p 00000000 00:00 0 
7f4303d4a000-7f4303e4c000 rw-p 00000000 00:00 0 
7f4303e53000-7f4303e54000 rw-p 00000000 00:00 0 
7f4303e54000-7f4303e58000 r--s 0008b000 08:07 663627                     /home/elixandre/jdk1.7.0_80/jre/lib/jsse.jar
7f4303e58000-7f4303e5b000 r--s 00f76000 08:07 542783                     /home/elixandre/Downloads/simgrid.jar
7f4303e5b000-7f4303e63000 rw-s 00000000 08:07 820636                     /tmp/hsperfdata_elixandre/5998
7f4303e63000-7f4303e64000 rw-p 00000000 00:00 0 
7f4303e64000-7f4303e65000 r--p 00000000 00:00 0 
7f4303e65000-7f4303e67000 rw-p 00000000 00:00 0 
7f4303e67000-7f4303e68000 r--p 00023000 08:07 529539                     /lib/x86_64-linux-gnu/ld-2.21.so
7f4303e68000-7f4303e69000 rw-p 00024000 08:07 529539                     /lib/x86_64-linux-gnu/ld-2.21.so
7f4303e69000-7f4303e6a000 rw-p 00000000 00:00 0 
7ffdc1d26000-7ffdc1d47000 rw-p 00000000 00:00 0                          [stack]
7ffdc1d60000-7ffdc1d62000 r--p 00000000 00:00 0                          [vvar]
7ffdc1d62000-7ffdc1d64000 r-xp 00000000 00:00 0                          [vdso]
ffffffffff600000-ffffffffff601000 r-xp 00000000 00:00 0                  [vsyscall]

VM Arguments:
jvm_args: -Dfile.encoding=UTF-8 
java_command: vcube.VCube platform.xml deployment.xml
Launcher Type: SUN_STANDARD

Environment Variables:
PATH=/usr/local/sbin:/usr/local/bin:/usr/sbin:/usr/bin:/sbin:/bin:/usr/games:/usr/local/games:/home/elixandre/.rvm/bin
LD_LIBRARY_PATH=/home/elixandre/jdk1.7.0_80/jre/lib/amd64:/home/elixandre/jdk1.7.0_80/jre/lib/i386:
SHELL=/bin/bash
DISPLAY=:0

Signal Handlers:
SIGSEGV: [libjvm.so+0x9a3b20], sa_mask[0]=0x7ffbfeff, sa_flags=0x10000004
SIGBUS: [libjvm.so+0x9a3b20], sa_mask[0]=0x7ffbfeff, sa_flags=0x10000004
SIGFPE: [libjvm.so+0x81e740], sa_mask[0]=0x7ffbfeff, sa_flags=0x10000004
SIGPIPE: [libjvm.so+0x81e740], sa_mask[0]=0x7ffbfeff, sa_flags=0x10000004
SIGXFSZ: [libjvm.so+0x81e740], sa_mask[0]=0x7ffbfeff, sa_flags=0x10000004
SIGILL: [libjvm.so+0x81e740], sa_mask[0]=0x7ffbfeff, sa_flags=0x10000004
SIGUSR1: SIG_DFL, sa_mask[0]=0x00000000, sa_flags=0x00000000
SIGUSR2: [libjvm.so+0x81ffb0], sa_mask[0]=0x00000004, sa_flags=0x10000004
SIGHUP: [libjvm.so+0x8210d0], sa_mask[0]=0x7ffbfeff, sa_flags=0x10000004
SIGINT: [libsimgrid.so+0x8ff50], sa_mask[0]=0x00000002, sa_flags=0x10000000
SIGTERM: [libjvm.so+0x8210d0], sa_mask[0]=0x7ffbfeff, sa_flags=0x10000004
SIGQUIT: [libjvm.so+0x8210d0], sa_mask[0]=0x7ffbfeff, sa_flags=0x10000004


---------------  S Y S T E M  ---------------

OS:jessie/sid

uname:Linux 4.2.0-42-generic #49-Ubuntu SMP Tue Jun 28 21:26:26 UTC 2016 x86_64
libc:glibc 2.21 NPTL 2.21 
rlimit: STACK 8192k, CORE 0k, NPROC 15009, NOFILE 65536, AS infinity
load average:0.56 0.52 0.35

/proc/meminfo:
MemTotal:        3879128 kB
MemFree:          734884 kB
MemAvailable:    2140608 kB
Buffers:          174368 kB
Cached:          1503088 kB
SwapCached:            0 kB
Active:          2208280 kB
Inactive:         673792 kB
Active(anon):    1178376 kB
Inactive(anon):   197376 kB
Active(file):    1029904 kB
Inactive(file):   476416 kB
Unevictable:          48 kB
Mlocked:              48 kB
SwapTotal:        975868 kB
SwapFree:         975868 kB
Dirty:             12620 kB
Writeback:             0 kB
AnonPages:       1204744 kB
Mapped:           277264 kB
Shmem:            171140 kB
Slab:             169844 kB
SReclaimable:     136676 kB
SUnreclaim:        33168 kB
KernelStack:        8656 kB
PageTables:        31516 kB
NFS_Unstable:          0 kB
Bounce:                0 kB
WritebackTmp:          0 kB
CommitLimit:     2915432 kB
Committed_AS:    4807948 kB
VmallocTotal:   34359738367 kB
VmallocUsed:      347616 kB
VmallocChunk:   34358947836 kB
HardwareCorrupted:     0 kB
AnonHugePages:    737280 kB
CmaTotal:              0 kB
CmaFree:               0 kB
HugePages_Total:       0
HugePages_Free:        0
HugePages_Rsvd:        0
HugePages_Surp:        0
Hugepagesize:       2048 kB
DirectMap4k:      144120 kB
DirectMap2M:     3883008 kB


CPU:total 4 (2 cores per cpu, 2 threads per core) family 6 model 58 stepping 9, cmov, cx8, fxsr, mmx, sse, sse2, sse3, ssse3, sse4.1, sse4.2, popcnt, avx, erms, ht, tsc, tscinvbit, tscinv

/proc/cpuinfo:
processor	: 0
vendor_id	: GenuineIntel
cpu family	: 6
model		: 58
model name	: Intel(R) Core(TM) i7-3517U CPU @ 1.90GHz
stepping	: 9
microcode	: 0x12
cpu MHz		: 2799.937
cache size	: 4096 KB
physical id	: 0
siblings	: 4
core id		: 0
cpu cores	: 2
apicid		: 0
initial apicid	: 0
fpu		: yes
fpu_exception	: yes
cpuid level	: 13
wp		: yes
flags		: fpu vme de pse tsc msr pae mce cx8 apic sep mtrr pge mca cmov pat pse36 clflush dts acpi mmx fxsr sse sse2 ss ht tm pbe syscall nx rdtscp lm constant_tsc arch_perfmon pebs bts rep_good nopl xtopology nonstop_tsc aperfmperf eagerfpu pni pclmulqdq dtes64 monitor ds_cpl vmx est tm2 ssse3 cx16 xtpr pdcm pcid sse4_1 sse4_2 x2apic popcnt tsc_deadline_timer xsave avx f16c rdrand lahf_lm ida arat epb pln pts dtherm tpr_shadow vnmi flexpriority ept vpid fsgsbase smep erms xsaveopt
bugs		:
bogomips	: 4788.90
clflush size	: 64
cache_alignment	: 64
address sizes	: 36 bits physical, 48 bits virtual
power management:

processor	: 1
vendor_id	: GenuineIntel
cpu family	: 6
model		: 58
model name	: Intel(R) Core(TM) i7-3517U CPU @ 1.90GHz
stepping	: 9
microcode	: 0x12
cpu MHz		: 2799.937
cache size	: 4096 KB
physical id	: 0
siblings	: 4
core id		: 0
cpu cores	: 2
apicid		: 1
initial apicid	: 1
fpu		: yes
fpu_exception	: yes
cpuid level	: 13
wp		: yes
flags		: fpu vme de pse tsc msr pae mce cx8 apic sep mtrr pge mca cmov pat pse36 clflush dts acpi mmx fxsr sse sse2 ss ht tm pbe syscall nx rdtscp lm constant_tsc arch_perfmon pebs bts rep_good nopl xtopology nonstop_tsc aperfmperf eagerfpu pni pclmulqdq dtes64 monitor ds_cpl vmx est tm2 ssse3 cx16 xtpr pdcm pcid sse4_1 sse4_2 x2apic popcnt tsc_deadline_timer xsave avx f16c rdrand lahf_lm ida arat epb pln pts dtherm tpr_shadow vnmi flexpriority ept vpid fsgsbase smep erms xsaveopt
bugs		:
bogomips	: 4788.90
clflush size	: 64
cache_alignment	: 64
address sizes	: 36 bits physical, 48 bits virtual
power management:

processor	: 2
vendor_id	: GenuineIntel
cpu family	: 6
model		: 58
model name	: Intel(R) Core(TM) i7-3517U CPU @ 1.90GHz
stepping	: 9
microcode	: 0x12
cpu MHz		: 2799.937
cache size	: 4096 KB
physical id	: 0
siblings	: 4
core id		: 1
cpu cores	: 2
apicid		: 2
initial apicid	: 2
fpu		: yes
fpu_exception	: yes
cpuid level	: 13
wp		: yes
flags		: fpu vme de pse tsc msr pae mce cx8 apic sep mtrr pge mca cmov pat pse36 clflush dts acpi mmx fxsr sse sse2 ss ht tm pbe syscall nx rdtscp lm constant_tsc arch_perfmon pebs bts rep_good nopl xtopology nonstop_tsc aperfmperf eagerfpu pni pclmulqdq dtes64 monitor ds_cpl vmx est tm2 ssse3 cx16 xtpr pdcm pcid sse4_1 sse4_2 x2apic popcnt tsc_deadline_timer xsave avx f16c rdrand lahf_lm ida arat epb pln pts dtherm tpr_shadow vnmi flexpriority ept vpid fsgsbase smep erms xsaveopt
bugs		:
bogomips	: 4788.90
clflush size	: 64
cache_alignment	: 64
address sizes	: 36 bits physical, 48 bits virtual
power management:

processor	: 3
vendor_id	: GenuineIntel
cpu family	: 6
model		: 58
model name	: Intel(R) Core(TM) i7-3517U CPU @ 1.90GHz
stepping	: 9
microcode	: 0x12
cpu MHz		: 2799.937
cache size	: 4096 KB
physical id	: 0
siblings	: 4
core id		: 1
cpu cores	: 2
apicid		: 3
initial apicid	: 3
fpu		: yes
fpu_exception	: yes
cpuid level	: 13
wp		: yes
flags		: fpu vme de pse tsc msr pae mce cx8 apic sep mtrr pge mca cmov pat pse36 clflush dts acpi mmx fxsr sse sse2 ss ht tm pbe syscall nx rdtscp lm constant_tsc arch_perfmon pebs bts rep_good nopl xtopology nonstop_tsc aperfmperf eagerfpu pni pclmulqdq dtes64 monitor ds_cpl vmx est tm2 ssse3 cx16 xtpr pdcm pcid sse4_1 sse4_2 x2apic popcnt tsc_deadline_timer xsave avx f16c rdrand lahf_lm ida arat epb pln pts dtherm tpr_shadow vnmi flexpriority ept vpid fsgsbase smep erms xsaveopt
bugs		:
bogomips	: 4788.90
clflush size	: 64
cache_alignment	: 64
address sizes	: 36 bits physical, 48 bits virtual
power management:



Memory: 4k page, physical 3879128k(734884k free), swap 975868k(975868k free)

vm_info: Java HotSpot(TM) 64-Bit Server VM (24.80-b11) for linux-amd64 JRE (1.7.0_80-b15), built on Apr 10 2015 19:53:14 by "java_re" with gcc 4.3.0 20080428 (Red Hat 4.3.0-8)

time: Wed May  3 23:29:29 2017
elapsed time: 2 seconds

