#
# A fatal error has been detected by the Java Runtime Environment:
#
#  SIGSEGV (0xb) at pc=0x00007fb04d905263, pid=7578, tid=0x00007fb0641f1700
#
# JRE version: Java(TM) SE Runtime Environment (8.0_111-b14) (build 1.8.0_111-b14)
# Java VM: Java HotSpot(TM) 64-Bit Server VM (25.111-b14 mixed mode linux-amd64 compressed oops)
# Problematic frame:
# C  [libsimgrid.so+0x190263]  xbt_dynar_member+0x23
#
# Failed to write core dump. Core dumps have been disabled. To enable core dumping, try "ulimit -c unlimited" before starting Java again
#
# If you would like to submit a bug report, please visit:
#   http://bugreport.java.com/bugreport/crash.jsp
#

---------------  T H R E A D  ---------------

Current thread (0x00007fb078077800):  VMThread [stack: 0x00007fb0640f1000,0x00007fb0641f2000] [id=7588]

siginfo: si_signo: 11 (SIGSEGV), si_code: 1 (SEGV_MAPERR), si_addr: 0x0000000000000000

Registers:
RAX=0x0000000000000000, RBX=0x00007fb04dc71700, RCX=0x0000000000000000, RDX=0x00007fb0641f1a30
RSP=0x00007fb0641f0610, RBP=0x00007fb078142700, RSI=0x00007fb0641f07b8, RDI=0x00007fb0641f06d0
R8 =0x00007fb078139710, R9 =0x00007fb078139710, R10=0x0000000000000c58, R11=0x00007fb04d905240
R12=0x00007fb04dc7c790, R13=0x00007fb078122700, R14=0x00000000000003d8, R15=0x00007fb078026e88
RIP=0x00007fb04d905263, EFLAGS=0x0000000000010202, CSGSFS=0x0000000000000033, ERR=0x0000000000000004
  TRAPNO=0x000000000000000e

Top of Stack: (sp=0x00007fb0641f0610)
0x00007fb0641f0610:   0000000000000000 0000000000000000
0x00007fb0641f0620:   00007fb0781397b0 00007fb0641f07b8
0x00007fb0641f0630:   0000000000000000 0000000000000000
0x00007fb0641f0640:   632d00706d742f00 68732f6e69622f00
0x00007fb0641f0650:   0000000000000000 0000000000000000
0x00007fb0641f0660:   0000000000000000 0000000000000000
0x00007fb0641f0670:   0000000000000000 0000000000000000
0x00007fb0641f0680:   0000ff00000000ff 00000000ff000000
0x00007fb0641f0690:   0000000000000000 0000000000000000
0x00007fb0641f06a0:   48dc8b4c24048b48 4cc38b4950f0e483
0x00007fb0641f06b0:   0000000000000000 0000000000000000
0x00007fb0641f06c0:   00007fb07c48d538 00007fb07c48cd20
0x00007fb0641f06d0:   0000000000000000 0000000000000000
0x00007fb0641f06e0:   00007fb07c48cff0 00007fb07c48d4b0
0x00007fb0641f06f0:   0000000000000000 0000000000000000
0x00007fb0641f0700:   00007fb04dc3c400 00007fb078149570
0x00007fb0641f0710:   00007fb078122700 00007fb04d8fba0a
0x00007fb0641f0720:   00007fb0784fec00 00007fb04dc3c400
0x00007fb0641f0730:   00007fb078149570 00007fb04d96b286
0x00007fb0641f0740:   00007fb078180bc0 0000000000000000
0x00007fb0641f0750:   0000000000000000 00007fb0641f07b8
0x00007fb0641f0760:   00007fb0781397b0 00007fb078139710
0x00007fb0641f0770:   00007fb078139710 00007fb04dc74a98
0x00007fb0641f0780:   00007fb07813b970 0000000000000001
0x00007fb0641f0790:   00007fb04dc71700 00007fb078120be0
0x00007fb0641f07a0:   00007fb04dc71700 00007fb04d92234f
0x00007fb0641f07b0:   0000000000000000 00007fb078149570
0x00007fb0641f07c0:   00007fb07c48cff0 00007fb07c48d4b0
0x00007fb0641f07d0:   0000000000000000 00007fb04dc74a98
0x00007fb0641f07e0:   00007fb07813b970 0000000000000001
0x00007fb0641f07f0:   00007fb078122700 00007fb04d903d37
0x00007fb0641f0800:   00007fb078122700 00007fb04dc74098 

Instructions: (pc=0x00007fb04d905263)
0x00007fb04d905243:   ec 90 01 00 00 48 8b 05 01 a2 33 00 48 89 7c 24
0x00007fb04d905253:   10 48 89 74 24 18 ff 10 48 8d bc 24 c0 00 00 00
0x00007fb04d905263:   48 8b 08 48 89 04 24 48 89 38 48 89 4c 24 08 e8
0x00007fb04d905273:   79 31 ed ff 85 c0 74 75 48 8b 14 24 c7 42 08 01 

Register to memory mapping:

RAX=0x0000000000000000 is an unknown value
RBX=0x00007fb04dc71700: _simgrid_log_category__simix_process+0 in /tmp/simgrid-java1013712586824326518/libsimgrid.so at 0x00007fb04d775000
RCX=0x0000000000000000 is an unknown value
RDX=0x00007fb0641f1a30 is an unknown value
RSP=0x00007fb0641f0610 is an unknown value
RBP=0x00007fb078142700 is an unknown value
RSI=0x00007fb0641f07b8 is an unknown value
RDI=0x00007fb0641f06d0 is an unknown value
R8 =0x00007fb078139710 is an unknown value
R9 =0x00007fb078139710 is an unknown value
R10=0x0000000000000c58 is an unknown value
R11=0x00007fb04d905240: xbt_dynar_member+0 in /tmp/simgrid-java1013712586824326518/libsimgrid.so at 0x00007fb04d775000
R12=0x00007fb04dc7c790: simix_global+0 in /tmp/simgrid-java1013712586824326518/libsimgrid.so at 0x00007fb04d775000
R13=0x00007fb078122700 is an unknown value
R14=0x00000000000003d8 is an unknown value
R15=0x00007fb078026e88 is an unknown value


Stack: [0x00007fb0640f1000,0x00007fb0641f2000],  sp=0x00007fb0641f0610,  free space=1021k
Native frames: (J=compiled Java code, j=interpreted, Vv=VM code, C=native code)
C  [libsimgrid.so+0x190263]  xbt_dynar_member+0x23

VM_Operation (0x00007fb04c7c13d0): Exit, mode: safepoint, requested by thread 0x00007fb044001000


---------------  P R O C E S S  ---------------

Java Threads: ( => current thread )
  0x00007fb044001000 JavaThread "SIGTERM handler" daemon [_thread_blocked, id=7613, stack(0x00007fb04c6c2000,0x00007fb04c7c3000)]
  0x00007fafdc001000 JavaThread "Thread-16" [_thread_in_native, id=7612, stack(0x00007fafef7ff000,0x00007faff0000000)]
  0x00007fafe4001000 JavaThread "Thread-15" [_thread_in_native, id=7611, stack(0x00007fb0087f9000,0x00007fb008ffa000)]
  0x00007fafe8001000 JavaThread "Thread-14" [_thread_in_native, id=7610, stack(0x00007fb008ffa000,0x00007fb0097fb000)]
  0x00007faff4001000 JavaThread "Thread-13" [_thread_blocked, id=7609, stack(0x00007fb0097fb000,0x00007fb009ffc000)]
  0x00007faff0001000 JavaThread "Thread-12" [_thread_in_native, id=7608, stack(0x00007fb009ffc000,0x00007fb00a7fd000)]
  0x00007faffc001000 JavaThread "Thread-11" [_thread_in_native, id=7607, stack(0x00007fb00a7fd000,0x00007fb00affe000)]
  0x00007faff8001000 JavaThread "Thread-10" [_thread_in_native, id=7606, stack(0x00007fb00affe000,0x00007fb00b7ff000)]
  0x00007fb000001000 JavaThread "Thread-8" [_thread_in_native, id=7605, stack(0x00007fb00b7ff000,0x00007fb00c000000)]
  0x00007fb004001000 JavaThread "Thread-9" [_thread_in_native, id=7604, stack(0x00007fb02c7f9000,0x00007fb02cffa000)]
  0x00007fb010001000 JavaThread "Thread-7" [_thread_in_native, id=7603, stack(0x00007fb02cffa000,0x00007fb02d7fb000)]
  0x00007fb00c001000 JavaThread "Thread-4" [_thread_in_native, id=7602, stack(0x00007fb02d7fb000,0x00007fb02dffc000)]
  0x00007fb018001000 JavaThread "Thread-3" [_thread_in_native, id=7601, stack(0x00007fb02dffc000,0x00007fb02e7fd000)]
  0x00007fb020001000 JavaThread "Thread-6" [_thread_in_native, id=7599, stack(0x00007fb02effe000,0x00007fb02f7ff000)]
  0x00007fb014001000 JavaThread "Thread-5" [_thread_in_native, id=7600, stack(0x00007fb02e7fd000,0x00007fb02effe000)]
  0x00007fb01c001000 JavaThread "Thread-1" [_thread_in_native, id=7598, stack(0x00007fb02f7ff000,0x00007fb030000000)]
  0x00007fb024001000 JavaThread "Thread-2" [_thread_in_native, id=7597, stack(0x00007fb04c7c3000,0x00007fb04cfc4000)]
  0x00007fb0780c0000 JavaThread "Service Thread" daemon [_thread_blocked, id=7595, stack(0x00007fb04e4a7000,0x00007fb04e5a8000)]
  0x00007fb0780bd000 JavaThread "C1 CompilerThread2" daemon [_thread_blocked, id=7594, stack(0x00007fb04e5a8000,0x00007fb04e6a9000)]
  0x00007fb0780bb000 JavaThread "C2 CompilerThread1" daemon [_thread_blocked, id=7593, stack(0x00007fb04e6a9000,0x00007fb04e7aa000)]
  0x00007fb0780b8800 JavaThread "C2 CompilerThread0" daemon [_thread_blocked, id=7592, stack(0x00007fb04e7aa000,0x00007fb04e8ab000)]
  0x00007fb078084000 JavaThread "Finalizer" daemon [_thread_blocked, id=7590, stack(0x00007fb04fdfe000,0x00007fb04feff000)]
  0x00007fb07807f000 JavaThread "Reference Handler" daemon [_thread_blocked, id=7589, stack(0x00007fb04feff000,0x00007fb050000000)]
  0x00007fb07800a000 JavaThread "main" [_thread_in_native, id=7583, stack(0x00007fb080d7a000,0x00007fb080e7b000)]

Other Threads:
=>0x00007fb078077800 VMThread [stack: 0x00007fb0640f1000,0x00007fb0641f2000] [id=7588]

VM state:at safepoint (shutting down)

VM Mutex/Monitor currently owned by a thread:  ([mutex/lock_event])
[0x00007fb0780060f0] Threads_lock - owner thread: 0x00007fb078077800

Heap:
 PSYoungGen      total 17920K, used 12917K [0x00000000d5580000, 0x00000000d6980000, 0x0000000100000000)
  eden space 15360K, 84% used [0x00000000d5580000,0x00000000d621d498,0x00000000d6480000)
  from space 2560K, 0% used [0x00000000d6700000,0x00000000d6700000,0x00000000d6980000)
  to   space 2560K, 0% used [0x00000000d6480000,0x00000000d6480000,0x00000000d6700000)
 ParOldGen       total 40960K, used 0K [0x0000000080000000, 0x0000000082800000, 0x00000000d5580000)
  object space 40960K, 0% used [0x0000000080000000,0x0000000080000000,0x0000000082800000)
 Metaspace       used 3755K, capacity 4640K, committed 4864K, reserved 1056768K
  class space    used 418K, capacity 464K, committed 512K, reserved 1048576K

Card table byte_map: [0x00007fb07d720000,0x00007fb07db21000] byte_map_base: 0x00007fb07d320000

Marking Bits: (ParMarkBitMap*) 0x00007fb08024a220
 Begin Bits: [0x00007fb065000000, 0x00007fb067000000)
 End Bits:   [0x00007fb067000000, 0x00007fb069000000)

Polling page: 0x00007fb080e99000

CodeCache: size=245760Kb used=1597Kb max_used=1605Kb free=244162Kb
 bounds [0x00007fb069000000, 0x00007fb069270000, 0x00007fb078000000]
 total_blobs=492 nmethods=229 adapters=177
 compilation: enabled

Compilation events (10 events):
Event: 1.231 Thread 0x00007fb0780bb000  225       4       java.lang.CharacterDataLatin1::digit (91 bytes)
Event: 1.233 Thread 0x00007fb0780bb000 nmethod 225 0x00007fb06917e190 code [0x00007fb06917e2e0, 0x00007fb06917e418]
Event: 1.410 Thread 0x00007fb0780bb000  226       4       java.util.ArrayList$SubList$1::hasNext (20 bytes)
Event: 1.412 Thread 0x00007fb0780bb000 nmethod 226 0x00007fb06915d350 code [0x00007fb06915d4a0, 0x00007fb06915d538]
Event: 1.423 Thread 0x00007fb0780bd000  227       3       java.lang.ThreadLocal::getMap (5 bytes)
Event: 1.424 Thread 0x00007fb0780bd000 nmethod 227 0x00007fb06917f6d0 code [0x00007fb06917f840, 0x00007fb06917f990]
Event: 1.425 Thread 0x00007fb0780bd000  228       3       java.lang.ref.SoftReference::get (29 bytes)
Event: 1.427 Thread 0x00007fb0780bd000 nmethod 228 0x00007fb06917f310 code [0x00007fb06917f480, 0x00007fb06917f670]
Event: 1.427 Thread 0x00007fb0780bd000  229       3       java.lang.ThreadLocal::get (38 bytes)
Event: 1.427 Thread 0x00007fb0780bd000 nmethod 229 0x00007fb06917ec50 code [0x00007fb06917ede0, 0x00007fb06917f168]

GC Heap History (0 events):
No events

Deoptimization events (2 events):
Event: 1.424 Thread 0x00007fb000001000 Uncommon trap: reason=unstable_if action=reinterpret pc=0x00007fb069185bbc method=java.io.BufferedOutputStream.write([BII)V @ 35
Event: 1.425 Thread 0x00007fafe4001000 Uncommon trap: reason=unstable_if action=reinterpret pc=0x00007fb069187914 method=java.io.BufferedOutputStream.write([BII)V @ 35

Internal exceptions (10 events):
Event: 1.425 Thread 0x00007fb000001000 Exception <a 'java/io/IOException'> (0x00000000d5f07760) thrown at [/HUDSON3/workspace/8-2-build-linux-amd64/jdk8u111/7883/hotspot/src/share/vm/prims/jni.cpp, line 709]
Event: 1.425 Thread 0x00007fb000001000 Exception <a 'java/io/IOException'> (0x00000000d5f079d0) thrown at [/HUDSON3/workspace/8-2-build-linux-amd64/jdk8u111/7883/hotspot/src/share/vm/prims/jni.cpp, line 709]
Event: 1.425 Thread 0x00007fafe4001000 Exception <a 'java/io/IOException'> (0x00000000d5e6ea20) thrown at [/HUDSON3/workspace/8-2-build-linux-amd64/jdk8u111/7883/hotspot/src/share/vm/prims/jni.cpp, line 709]
Event: 1.425 Thread 0x00007fafe4001000 Exception <a 'java/io/IOException'> (0x00000000d5e6ecc0) thrown at [/HUDSON3/workspace/8-2-build-linux-amd64/jdk8u111/7883/hotspot/src/share/vm/prims/jni.cpp, line 709]
Event: 1.425 Thread 0x00007fafe4001000 Exception <a 'java/io/IOException'> (0x00000000d5e6ef30) thrown at [/HUDSON3/workspace/8-2-build-linux-amd64/jdk8u111/7883/hotspot/src/share/vm/prims/jni.cpp, line 709]
Event: 1.427 Thread 0x00007fafe8001000 Exception <a 'java/io/IOException'> (0x00000000d5e21d10) thrown at [/HUDSON3/workspace/8-2-build-linux-amd64/jdk8u111/7883/hotspot/src/share/vm/prims/jni.cpp, line 709]
Event: 1.427 Thread 0x00007fafe8001000 Exception <a 'java/io/IOException'> (0x00000000d5e21fb0) thrown at [/HUDSON3/workspace/8-2-build-linux-amd64/jdk8u111/7883/hotspot/src/share/vm/prims/jni.cpp, line 709]
Event: 1.427 Thread 0x00007fafe8001000 Exception <a 'java/io/IOException'> (0x00000000d5e22220) thrown at [/HUDSON3/workspace/8-2-build-linux-amd64/jdk8u111/7883/hotspot/src/share/vm/prims/jni.cpp, line 709]
Event: 1.427 Thread 0x00007faff4001000 Exception <a 'java/io/IOException'> (0x00000000d5d3ba30) thrown at [/HUDSON3/workspace/8-2-build-linux-amd64/jdk8u111/7883/hotspot/src/share/vm/prims/jni.cpp, line 709]
Event: 1.427 Thread 0x00007faff4001000 Exception <a 'java/io/IOException'> (0x00000000d5d3bcd0) thrown at [/HUDSON3/workspace/8-2-build-linux-amd64/jdk8u111/7883/hotspot/src/share/vm/prims/jni.cpp, line 709]

Events (10 events):
Event: 1.424 Thread 0x00007fb000001000 Uncommon trap: trap_request=0xffffff65 fr.pc=0x00007fb069185bbc
Event: 1.424 Thread 0x00007fb000001000 DEOPT PACKING pc=0x00007fb069185bbc sp=0x00007fb00bffe6b0
Event: 1.424 Thread 0x00007fb000001000 DEOPT UNPACKING pc=0x00007fb069005229 sp=0x00007fb00bffe4d0 mode 2
Event: 1.425 Thread 0x00007fafe4001000 Uncommon trap: trap_request=0xffffff65 fr.pc=0x00007fb069187914
Event: 1.425 Thread 0x00007fafe4001000 DEOPT PACKING pc=0x00007fb069187914 sp=0x00007fb008ff85f0
Event: 1.425 Thread 0x00007fafe4001000 DEOPT UNPACKING pc=0x00007fb069005229 sp=0x00007fb008ff84c8 mode 2
Event: 1.425 Thread 0x00007fafe0001000 Thread added: 0x00007fafe0001000
Event: 1.427 Thread 0x00007fafe0001000 Thread exited: 0x00007fafe0001000
Event: 1.427 Thread 0x00007fb0780b7000 Thread exited: 0x00007fb0780b7000
Event: 1.427 Executing VM operation: Exit


Dynamic libraries:
00400000-00401000 r-xp 00000000 08:01 8784123                            /home/elixandrebaldi/jdk1.8.0_111/bin/java
00600000-00601000 rw-p 00000000 08:01 8784123                            /home/elixandrebaldi/jdk1.8.0_111/bin/java
00cae000-00ccf000 rw-p 00000000 00:00 0                                  [heap]
80000000-82800000 rw-p 00000000 00:00 0 
82800000-d5580000 ---p 00000000 00:00 0 
d5580000-d6980000 rw-p 00000000 00:00 0 
d6980000-100000000 ---p 00000000 00:00 0 
100000000-100080000 rw-p 00000000 00:00 0 
100080000-140000000 ---p 00000000 00:00 0 
7fafdc000000-7fafdc06a000 rw-p 00000000 00:00 0 
7fafdc06a000-7fafe0000000 ---p 00000000 00:00 0 
7fafe0000000-7fafe0021000 rw-p 00000000 00:00 0 
7fafe0021000-7fafe4000000 ---p 00000000 00:00 0 
7fafe4000000-7fafe406c000 rw-p 00000000 00:00 0 
7fafe406c000-7fafe8000000 ---p 00000000 00:00 0 
7fafe8000000-7fafe806b000 rw-p 00000000 00:00 0 
7fafe806b000-7fafec000000 ---p 00000000 00:00 0 
7fafef7ff000-7fafef802000 ---p 00000000 00:00 0 
7fafef802000-7faff0000000 rw-p 00000000 00:00 0 
7faff0000000-7faff006b000 rw-p 00000000 00:00 0 
7faff006b000-7faff4000000 ---p 00000000 00:00 0 
7faff4000000-7faff406b000 rw-p 00000000 00:00 0 
7faff406b000-7faff8000000 ---p 00000000 00:00 0 
7faff8000000-7faff806a000 rw-p 00000000 00:00 0 
7faff806a000-7faffc000000 ---p 00000000 00:00 0 
7faffc000000-7faffc06b000 rw-p 00000000 00:00 0 
7faffc06b000-7fb000000000 ---p 00000000 00:00 0 
7fb000000000-7fb00006c000 rw-p 00000000 00:00 0 
7fb00006c000-7fb004000000 ---p 00000000 00:00 0 
7fb004000000-7fb004069000 rw-p 00000000 00:00 0 
7fb004069000-7fb008000000 ---p 00000000 00:00 0 
7fb0087f9000-7fb0087fc000 ---p 00000000 00:00 0 
7fb0087fc000-7fb008ffa000 rw-p 00000000 00:00 0 
7fb008ffa000-7fb008ffd000 ---p 00000000 00:00 0 
7fb008ffd000-7fb0097fb000 rw-p 00000000 00:00 0 
7fb0097fb000-7fb0097fe000 ---p 00000000 00:00 0 
7fb0097fe000-7fb009ffc000 rw-p 00000000 00:00 0 
7fb009ffc000-7fb009fff000 ---p 00000000 00:00 0 
7fb009fff000-7fb00a7fd000 rw-p 00000000 00:00 0 
7fb00a7fd000-7fb00a800000 ---p 00000000 00:00 0 
7fb00a800000-7fb00affe000 rw-p 00000000 00:00 0 
7fb00affe000-7fb00b001000 ---p 00000000 00:00 0 
7fb00b001000-7fb00b7ff000 rw-p 00000000 00:00 0 
7fb00b7ff000-7fb00b802000 ---p 00000000 00:00 0 
7fb00b802000-7fb00c000000 rw-p 00000000 00:00 0 
7fb00c000000-7fb00c06d000 rw-p 00000000 00:00 0 
7fb00c06d000-7fb010000000 ---p 00000000 00:00 0 
7fb010000000-7fb01006a000 rw-p 00000000 00:00 0 
7fb01006a000-7fb014000000 ---p 00000000 00:00 0 
7fb014000000-7fb014068000 rw-p 00000000 00:00 0 
7fb014068000-7fb018000000 ---p 00000000 00:00 0 
7fb018000000-7fb018069000 rw-p 00000000 00:00 0 
7fb018069000-7fb01c000000 ---p 00000000 00:00 0 
7fb01c000000-7fb01c068000 rw-p 00000000 00:00 0 
7fb01c068000-7fb020000000 ---p 00000000 00:00 0 
7fb020000000-7fb020068000 rw-p 00000000 00:00 0 
7fb020068000-7fb024000000 ---p 00000000 00:00 0 
7fb024000000-7fb02406e000 rw-p 00000000 00:00 0 
7fb02406e000-7fb028000000 ---p 00000000 00:00 0 
7fb028000000-7fb028021000 rw-p 00000000 00:00 0 
7fb028021000-7fb02c000000 ---p 00000000 00:00 0 
7fb02c7f9000-7fb02c7fc000 ---p 00000000 00:00 0 
7fb02c7fc000-7fb02cffa000 rw-p 00000000 00:00 0 
7fb02cffa000-7fb02cffd000 ---p 00000000 00:00 0 
7fb02cffd000-7fb02d7fb000 rw-p 00000000 00:00 0 
7fb02d7fb000-7fb02d7fe000 ---p 00000000 00:00 0 
7fb02d7fe000-7fb02dffc000 rw-p 00000000 00:00 0 
7fb02dffc000-7fb02dfff000 ---p 00000000 00:00 0 
7fb02dfff000-7fb02e7fd000 rw-p 00000000 00:00 0 
7fb02e7fd000-7fb02e800000 ---p 00000000 00:00 0 
7fb02e800000-7fb02effe000 rw-p 00000000 00:00 0 
7fb02effe000-7fb02f001000 ---p 00000000 00:00 0 
7fb02f001000-7fb02f7ff000 rw-p 00000000 00:00 0 
7fb02f7ff000-7fb02f802000 ---p 00000000 00:00 0 
7fb02f802000-7fb030000000 rw-p 00000000 00:00 0 
7fb030000000-7fb030104000 rw-p 00000000 00:00 0 
7fb030104000-7fb034000000 ---p 00000000 00:00 0 
7fb034000000-7fb034021000 rw-p 00000000 00:00 0 
7fb034021000-7fb038000000 ---p 00000000 00:00 0 
7fb038000000-7fb038165000 rw-p 00000000 00:00 0 
7fb038165000-7fb03c000000 ---p 00000000 00:00 0 
7fb03c000000-7fb03c1ff000 rw-p 00000000 00:00 0 
7fb03c1ff000-7fb040000000 ---p 00000000 00:00 0 
7fb040000000-7fb040021000 rw-p 00000000 00:00 0 
7fb040021000-7fb044000000 ---p 00000000 00:00 0 
7fb044000000-7fb044021000 rw-p 00000000 00:00 0 
7fb044021000-7fb048000000 ---p 00000000 00:00 0 
7fb048000000-7fb048021000 rw-p 00000000 00:00 0 
7fb048021000-7fb04c000000 ---p 00000000 00:00 0 
7fb04c5c1000-7fb04c5c4000 ---p 00000000 00:00 0 
7fb04c5c4000-7fb04c6c2000 rw-p 00000000 00:00 0 
7fb04c6c2000-7fb04c6c5000 ---p 00000000 00:00 0 
7fb04c6c5000-7fb04c7c3000 rw-p 00000000 00:00 0 
7fb04c7c3000-7fb04c7c6000 ---p 00000000 00:00 0 
7fb04c7c6000-7fb04cfc4000 rw-p 00000000 00:00 0 
7fb04cfc4000-7fb04cfdc000 r-xp 00000000 08:01 2359397                    /tmp/simgrid-java1013712586824326518/libsimgrid-java.so (deleted)
7fb04cfdc000-7fb04d1dc000 ---p 00018000 08:01 2359397                    /tmp/simgrid-java1013712586824326518/libsimgrid-java.so (deleted)
7fb04d1dc000-7fb04d1dd000 rw-p 00018000 08:01 2359397                    /tmp/simgrid-java1013712586824326518/libsimgrid-java.so (deleted)
7fb04d1dd000-7fb04d1f3000 r-xp 00000000 08:01 3936627                    /lib/x86_64-linux-gnu/libgcc_s.so.1
7fb04d1f3000-7fb04d3f2000 ---p 00016000 08:01 3936627                    /lib/x86_64-linux-gnu/libgcc_s.so.1
7fb04d3f2000-7fb04d3f3000 rw-p 00015000 08:01 3936627                    /lib/x86_64-linux-gnu/libgcc_s.so.1
7fb04d3f3000-7fb04d565000 r-xp 00000000 08:01 23332798                   /usr/lib/x86_64-linux-gnu/libstdc++.so.6.0.21
7fb04d565000-7fb04d765000 ---p 00172000 08:01 23332798                   /usr/lib/x86_64-linux-gnu/libstdc++.so.6.0.21
7fb04d765000-7fb04d76f000 r--p 00172000 08:01 23332798                   /usr/lib/x86_64-linux-gnu/libstdc++.so.6.0.21
7fb04d76f000-7fb04d771000 rw-p 0017c000 08:01 23332798                   /usr/lib/x86_64-linux-gnu/libstdc++.so.6.0.21
7fb04d771000-7fb04d775000 rw-p 00000000 00:00 0 
7fb04d775000-7fb04da3a000 r-xp 00000000 08:01 2359396                    /tmp/simgrid-java1013712586824326518/libsimgrid.so (deleted)
7fb04da3a000-7fb04dc3a000 ---p 002c5000 08:01 2359396                    /tmp/simgrid-java1013712586824326518/libsimgrid.so (deleted)
7fb04dc3a000-7fb04dc75000 rw-p 002c5000 08:01 2359396                    /tmp/simgrid-java1013712586824326518/libsimgrid.so (deleted)
7fb04dc75000-7fb04df7e000 rw-p 00000000 00:00 0 
7fb04df7e000-7fb04df94000 r-xp 00000000 08:01 8783936                    /home/elixandrebaldi/jdk1.8.0_111/jre/lib/amd64/libnet.so
7fb04df94000-7fb04e194000 ---p 00016000 08:01 8783936                    /home/elixandrebaldi/jdk1.8.0_111/jre/lib/amd64/libnet.so
7fb04e194000-7fb04e195000 rw-p 00016000 08:01 8783936                    /home/elixandrebaldi/jdk1.8.0_111/jre/lib/amd64/libnet.so
7fb04e195000-7fb04e1a6000 r-xp 00000000 08:01 8783935                    /home/elixandrebaldi/jdk1.8.0_111/jre/lib/amd64/libnio.so
7fb04e1a6000-7fb04e3a5000 ---p 00011000 08:01 8783935                    /home/elixandrebaldi/jdk1.8.0_111/jre/lib/amd64/libnio.so
7fb04e3a5000-7fb04e3a6000 rw-p 00010000 08:01 8783935                    /home/elixandrebaldi/jdk1.8.0_111/jre/lib/amd64/libnio.so
7fb04e3a6000-7fb04e3a7000 ---p 00000000 00:00 0 
7fb04e3a7000-7fb04e4a7000 rw-p 00000000 00:00 0 
7fb04e4a7000-7fb04e4aa000 ---p 00000000 00:00 0 
7fb04e4aa000-7fb04e5a8000 rw-p 00000000 00:00 0 
7fb04e5a8000-7fb04e5ab000 ---p 00000000 00:00 0 
7fb04e5ab000-7fb04e6a9000 rw-p 00000000 00:00 0 
7fb04e6a9000-7fb04e6ac000 ---p 00000000 00:00 0 
7fb04e6ac000-7fb04e7aa000 rw-p 00000000 00:00 0 
7fb04e7aa000-7fb04e7ad000 ---p 00000000 00:00 0 
7fb04e7ad000-7fb04e8ab000 rw-p 00000000 00:00 0 
7fb04e8ab000-7fb04e8ae000 ---p 00000000 00:00 0 
7fb04e8ae000-7fb04e9ac000 rw-p 00000000 00:00 0 
7fb04e9ac000-7fb04fdfe000 r--p 00000000 08:01 23331759                   /usr/lib/locale/locale-archive
7fb04fdfe000-7fb04fe01000 ---p 00000000 00:00 0 
7fb04fe01000-7fb04feff000 rw-p 00000000 00:00 0 
7fb04feff000-7fb04ff02000 ---p 00000000 00:00 0 
7fb04ff02000-7fb050000000 rw-p 00000000 00:00 0 
7fb050000000-7fb050021000 rw-p 00000000 00:00 0 
7fb050021000-7fb054000000 ---p 00000000 00:00 0 
7fb054000000-7fb054021000 rw-p 00000000 00:00 0 
7fb054021000-7fb058000000 ---p 00000000 00:00 0 
7fb058000000-7fb058021000 rw-p 00000000 00:00 0 
7fb058021000-7fb05c000000 ---p 00000000 00:00 0 
7fb05c000000-7fb05c021000 rw-p 00000000 00:00 0 
7fb05c021000-7fb060000000 ---p 00000000 00:00 0 
7fb060000000-7fb060021000 rw-p 00000000 00:00 0 
7fb060021000-7fb064000000 ---p 00000000 00:00 0 
7fb0640f1000-7fb0640f2000 ---p 00000000 00:00 0 
7fb0640f2000-7fb069000000 rw-p 00000000 00:00 0 
7fb069000000-7fb069270000 rwxp 00000000 00:00 0 
7fb069270000-7fb078000000 ---p 00000000 00:00 0 
7fb078000000-7fb07852b000 rw-p 00000000 00:00 0 
7fb07852b000-7fb07c000000 ---p 00000000 00:00 0 
7fb07c02e000-7fb07c04f000 r--p 00000000 08:01 24787980                   /usr/share/locale-langpack/pt_BR/LC_MESSAGES/libc.mo
7fb07c04f000-7fb07c223000 rw-p 00000000 00:00 0 
7fb07c223000-7fb07c3fb000 r--s 03d2a000 08:01 8784070                    /home/elixandrebaldi/jdk1.8.0_111/jre/lib/rt.jar
7fb07c3fb000-7fb07c8b1000 rw-p 00000000 00:00 0 
7fb07c8b1000-7fb07cc71000 ---p 00000000 00:00 0 
7fb07cc71000-7fb07d071000 rw-p 00000000 00:00 0 
7fb07d071000-7fb07d072000 ---p 00000000 00:00 0 
7fb07d072000-7fb07d172000 rw-p 00000000 00:00 0 
7fb07d172000-7fb07d173000 ---p 00000000 00:00 0 
7fb07d173000-7fb07d273000 rw-p 00000000 00:00 0 
7fb07d273000-7fb07d274000 ---p 00000000 00:00 0 
7fb07d274000-7fb07d374000 rw-p 00000000 00:00 0 
7fb07d374000-7fb07d375000 ---p 00000000 00:00 0 
7fb07d375000-7fb07d489000 rw-p 00000000 00:00 0 
7fb07d489000-7fb07d720000 ---p 00000000 00:00 0 
7fb07d720000-7fb07d734000 rw-p 00000000 00:00 0 
7fb07d734000-7fb07d9ca000 ---p 00000000 00:00 0 
7fb07d9ca000-7fb07d9d5000 rw-p 00000000 00:00 0 
7fb07d9d5000-7fb07db20000 ---p 00000000 00:00 0 
7fb07db20000-7fb07db2b000 rw-p 00000000 00:00 0 
7fb07db2b000-7fb07dee1000 ---p 00000000 00:00 0 
7fb07dee1000-7fb07defb000 r-xp 00000000 08:01 8783934                    /home/elixandrebaldi/jdk1.8.0_111/jre/lib/amd64/libzip.so
7fb07defb000-7fb07e0fb000 ---p 0001a000 08:01 8783934                    /home/elixandrebaldi/jdk1.8.0_111/jre/lib/amd64/libzip.so
7fb07e0fb000-7fb07e0fc000 rw-p 0001a000 08:01 8783934                    /home/elixandrebaldi/jdk1.8.0_111/jre/lib/amd64/libzip.so
7fb07e0fc000-7fb07e107000 r-xp 00000000 08:01 3932251                    /lib/x86_64-linux-gnu/libnss_files-2.23.so
7fb07e107000-7fb07e306000 ---p 0000b000 08:01 3932251                    /lib/x86_64-linux-gnu/libnss_files-2.23.so
7fb07e306000-7fb07e307000 r--p 0000a000 08:01 3932251                    /lib/x86_64-linux-gnu/libnss_files-2.23.so
7fb07e307000-7fb07e308000 rw-p 0000b000 08:01 3932251                    /lib/x86_64-linux-gnu/libnss_files-2.23.so
7fb07e308000-7fb07e30e000 rw-p 00000000 00:00 0 
7fb07e30e000-7fb07e319000 r-xp 00000000 08:01 3932244                    /lib/x86_64-linux-gnu/libnss_nis-2.23.so
7fb07e319000-7fb07e518000 ---p 0000b000 08:01 3932244                    /lib/x86_64-linux-gnu/libnss_nis-2.23.so
7fb07e518000-7fb07e519000 r--p 0000a000 08:01 3932244                    /lib/x86_64-linux-gnu/libnss_nis-2.23.so
7fb07e519000-7fb07e51a000 rw-p 0000b000 08:01 3932244                    /lib/x86_64-linux-gnu/libnss_nis-2.23.so
7fb07e51a000-7fb07e530000 r-xp 00000000 08:01 3932246                    /lib/x86_64-linux-gnu/libnsl-2.23.so
7fb07e530000-7fb07e72f000 ---p 00016000 08:01 3932246                    /lib/x86_64-linux-gnu/libnsl-2.23.so
7fb07e72f000-7fb07e730000 r--p 00015000 08:01 3932246                    /lib/x86_64-linux-gnu/libnsl-2.23.so
7fb07e730000-7fb07e731000 rw-p 00016000 08:01 3932246                    /lib/x86_64-linux-gnu/libnsl-2.23.so
7fb07e731000-7fb07e733000 rw-p 00000000 00:00 0 
7fb07e733000-7fb07e73b000 r-xp 00000000 08:01 3932253                    /lib/x86_64-linux-gnu/libnss_compat-2.23.so
7fb07e73b000-7fb07e93a000 ---p 00008000 08:01 3932253                    /lib/x86_64-linux-gnu/libnss_compat-2.23.so
7fb07e93a000-7fb07e93b000 r--p 00007000 08:01 3932253                    /lib/x86_64-linux-gnu/libnss_compat-2.23.so
7fb07e93b000-7fb07e93c000 rw-p 00008000 08:01 3932253                    /lib/x86_64-linux-gnu/libnss_compat-2.23.so
7fb07e93c000-7fb07e967000 r-xp 00000000 08:01 8783907                    /home/elixandrebaldi/jdk1.8.0_111/jre/lib/amd64/libjava.so
7fb07e967000-7fb07eb66000 ---p 0002b000 08:01 8783907                    /home/elixandrebaldi/jdk1.8.0_111/jre/lib/amd64/libjava.so
7fb07eb66000-7fb07eb68000 rw-p 0002a000 08:01 8783907                    /home/elixandrebaldi/jdk1.8.0_111/jre/lib/amd64/libjava.so
7fb07eb68000-7fb07eb75000 r-xp 00000000 08:01 8783870                    /home/elixandrebaldi/jdk1.8.0_111/jre/lib/amd64/libverify.so
7fb07eb75000-7fb07ed74000 ---p 0000d000 08:01 8783870                    /home/elixandrebaldi/jdk1.8.0_111/jre/lib/amd64/libverify.so
7fb07ed74000-7fb07ed76000 rw-p 0000c000 08:01 8783870                    /home/elixandrebaldi/jdk1.8.0_111/jre/lib/amd64/libverify.so
7fb07ed76000-7fb07ed7d000 r-xp 00000000 08:01 3932254                    /lib/x86_64-linux-gnu/librt-2.23.so
7fb07ed7d000-7fb07ef7c000 ---p 00007000 08:01 3932254                    /lib/x86_64-linux-gnu/librt-2.23.so
7fb07ef7c000-7fb07ef7d000 r--p 00006000 08:01 3932254                    /lib/x86_64-linux-gnu/librt-2.23.so
7fb07ef7d000-7fb07ef7e000 rw-p 00007000 08:01 3932254                    /lib/x86_64-linux-gnu/librt-2.23.so
7fb07ef7e000-7fb07f086000 r-xp 00000000 08:01 3932245                    /lib/x86_64-linux-gnu/libm-2.23.so
7fb07f086000-7fb07f285000 ---p 00108000 08:01 3932245                    /lib/x86_64-linux-gnu/libm-2.23.so
7fb07f285000-7fb07f286000 r--p 00107000 08:01 3932245                    /lib/x86_64-linux-gnu/libm-2.23.so
7fb07f286000-7fb07f287000 rw-p 00108000 08:01 3932245                    /lib/x86_64-linux-gnu/libm-2.23.so
7fb07f287000-7fb07ff54000 r-xp 00000000 08:01 8783785                    /home/elixandrebaldi/jdk1.8.0_111/jre/lib/amd64/server/libjvm.so
7fb07ff54000-7fb080153000 ---p 00ccd000 08:01 8783785                    /home/elixandrebaldi/jdk1.8.0_111/jre/lib/amd64/server/libjvm.so
7fb080153000-7fb08022c000 rw-p 00ccc000 08:01 8783785                    /home/elixandrebaldi/jdk1.8.0_111/jre/lib/amd64/server/libjvm.so
7fb08022c000-7fb080277000 rw-p 00000000 00:00 0 
7fb080277000-7fb080436000 r-xp 00000000 08:01 3932247                    /lib/x86_64-linux-gnu/libc-2.23.so
7fb080436000-7fb080636000 ---p 001bf000 08:01 3932247                    /lib/x86_64-linux-gnu/libc-2.23.so
7fb080636000-7fb08063a000 r--p 001bf000 08:01 3932247                    /lib/x86_64-linux-gnu/libc-2.23.so
7fb08063a000-7fb08063c000 rw-p 001c3000 08:01 3932247                    /lib/x86_64-linux-gnu/libc-2.23.so
7fb08063c000-7fb080640000 rw-p 00000000 00:00 0 
7fb080640000-7fb080643000 r-xp 00000000 08:01 3932243                    /lib/x86_64-linux-gnu/libdl-2.23.so
7fb080643000-7fb080842000 ---p 00003000 08:01 3932243                    /lib/x86_64-linux-gnu/libdl-2.23.so
7fb080842000-7fb080843000 r--p 00002000 08:01 3932243                    /lib/x86_64-linux-gnu/libdl-2.23.so
7fb080843000-7fb080844000 rw-p 00003000 08:01 3932243                    /lib/x86_64-linux-gnu/libdl-2.23.so
7fb080844000-7fb080859000 r-xp 00000000 08:01 8783943                    /home/elixandrebaldi/jdk1.8.0_111/lib/amd64/jli/libjli.so
7fb080859000-7fb080a59000 ---p 00015000 08:01 8783943                    /home/elixandrebaldi/jdk1.8.0_111/lib/amd64/jli/libjli.so
7fb080a59000-7fb080a5a000 rw-p 00015000 08:01 8783943                    /home/elixandrebaldi/jdk1.8.0_111/lib/amd64/jli/libjli.so
7fb080a5a000-7fb080a72000 r-xp 00000000 08:01 3932258                    /lib/x86_64-linux-gnu/libpthread-2.23.so
7fb080a72000-7fb080c71000 ---p 00018000 08:01 3932258                    /lib/x86_64-linux-gnu/libpthread-2.23.so
7fb080c71000-7fb080c72000 r--p 00017000 08:01 3932258                    /lib/x86_64-linux-gnu/libpthread-2.23.so
7fb080c72000-7fb080c73000 rw-p 00018000 08:01 3932258                    /lib/x86_64-linux-gnu/libpthread-2.23.so
7fb080c73000-7fb080c77000 rw-p 00000000 00:00 0 
7fb080c77000-7fb080c9d000 r-xp 00000000 08:01 3932248                    /lib/x86_64-linux-gnu/ld-2.23.so
7fb080cae000-7fb080d7a000 rw-p 00000000 00:00 0 
7fb080d7a000-7fb080d7d000 ---p 00000000 00:00 0 
7fb080d7d000-7fb080e7f000 rw-p 00000000 00:00 0 
7fb080e81000-7fb080e88000 r--s 00000000 08:01 23463272                   /usr/lib/x86_64-linux-gnu/gconv/gconv-modules.cache
7fb080e88000-7fb080e8d000 r--s 00096000 08:01 8783911                    /home/elixandrebaldi/jdk1.8.0_111/jre/lib/jsse.jar
7fb080e8d000-7fb080e90000 r--s 00f76000 08:01 8524426                    /home/elixandrebaldi/Documentos/VCubeDHT/simgrid.jar
7fb080e90000-7fb080e98000 rw-s 00000000 08:01 2359392                    /tmp/hsperfdata_elixandrebaldi/7578 (deleted)
7fb080e98000-7fb080e99000 rw-p 00000000 00:00 0 
7fb080e99000-7fb080e9a000 ---p 00000000 00:00 0 
7fb080e9a000-7fb080e9c000 rw-p 00000000 00:00 0 
7fb080e9c000-7fb080e9d000 r--p 00025000 08:01 3932248                    /lib/x86_64-linux-gnu/ld-2.23.so
7fb080e9d000-7fb080e9e000 rw-p 00026000 08:01 3932248                    /lib/x86_64-linux-gnu/ld-2.23.so
7fb080e9e000-7fb080e9f000 rw-p 00000000 00:00 0 
7ffe108a3000-7ffe108c4000 rw-p 00000000 00:00 0                          [stack]
7ffe108ff000-7ffe10901000 r--p 00000000 00:00 0                          [vvar]
7ffe10901000-7ffe10903000 r-xp 00000000 00:00 0                          [vdso]
ffffffffff600000-ffffffffff601000 r-xp 00000000 00:00 0                  [vsyscall]

VM Arguments:
jvm_args: -Dfile.encoding=UTF-8 -Xmx2048m 
java_command: vcube.VCube platform.xml deployment.xml
java_class_path (initial): /home/elixandrebaldi/Documentos/VCubeDHT/simgrid.jar:/home/elixandrebaldi/Documentos/VCubeDHT/VCube/build/classes
Launcher Type: SUN_STANDARD

Environment Variables:
PATH=/home/elixandrebaldi/bin:/home/elixandrebaldi/.local/bin:/usr/local/sbin:/usr/local/bin:/usr/sbin:/usr/bin:/sbin:/bin:/usr/games:/usr/local/games
LD_LIBRARY_PATH=/home/elixandrebaldi/jdk1.8.0_111/jre/lib/amd64:/home/elixandrebaldi/jdk1.8.0_111/jre/lib/i386:
SHELL=/bin/bash
DISPLAY=:0

Signal Handlers:
SIGSEGV: [libjvm.so+0xac64b0], sa_mask[0]=11111111011111111101111111111110, sa_flags=SA_RESTART|SA_SIGINFO
SIGBUS: [libjvm.so+0xac64b0], sa_mask[0]=11111111011111111101111111111110, sa_flags=SA_RESTART|SA_SIGINFO
SIGFPE: [libjvm.so+0x91f950], sa_mask[0]=11111111011111111101111111111110, sa_flags=SA_RESTART|SA_SIGINFO
SIGPIPE: [libjvm.so+0x91f950], sa_mask[0]=11111111011111111101111111111110, sa_flags=SA_RESTART|SA_SIGINFO
SIGXFSZ: [libjvm.so+0x91f950], sa_mask[0]=11111111011111111101111111111110, sa_flags=SA_RESTART|SA_SIGINFO
SIGILL: [libjvm.so+0x91f950], sa_mask[0]=11111111011111111101111111111110, sa_flags=SA_RESTART|SA_SIGINFO
SIGUSR1: SIG_DFL, sa_mask[0]=00000000000000000000000000000000, sa_flags=none
SIGUSR2: [libjvm.so+0x920f80], sa_mask[0]=00100000000000000000000000000000, sa_flags=SA_RESTART|SA_SIGINFO
SIGHUP: [libjvm.so+0x922380], sa_mask[0]=11111111011111111101111111111110, sa_flags=SA_RESTART|SA_SIGINFO
SIGINT: [libsimgrid.so+0x8ff50], sa_mask[0]=01000000000000000000000000000000, sa_flags=SA_RESTART
SIGTERM: [libjvm.so+0x922380], sa_mask[0]=11111111011111111101111111111110, sa_flags=SA_RESTART|SA_SIGINFO
SIGQUIT: [libjvm.so+0x922380], sa_mask[0]=11111111011111111101111111111110, sa_flags=SA_RESTART|SA_SIGINFO


---------------  S Y S T E M  ---------------

OS:DISTRIB_ID="elementary"
DISTRIB_RELEASE=0.4.1
DISTRIB_CODENAME=loki
DISTRIB_DESCRIPTION="elementary OS 0.4.1 Loki"

uname:Linux 4.4.0-79-generic #100-Ubuntu SMP Wed May 17 19:58:14 UTC 2017 x86_64
libc:glibc 2.23 NPTL 2.23 
rlimit: STACK 8192k, CORE 0k, NPROC 14991, NOFILE 65536, AS infinity
load average:1.18 0.71 0.85

/proc/meminfo:
MemTotal:        3878592 kB
MemFree:         1259864 kB
MemAvailable:    1685200 kB
Buffers:          104164 kB
Cached:           607768 kB
SwapCached:           76 kB
Active:          1434052 kB
Inactive:         945020 kB
Active(anon):    1135740 kB
Inactive(anon):   670896 kB
Active(file):     298312 kB
Inactive(file):   274124 kB
Unevictable:          48 kB
Mlocked:              48 kB
SwapTotal:       4025340 kB
SwapFree:        4021740 kB
Dirty:             12684 kB
Writeback:             0 kB
AnonPages:       1667252 kB
Mapped:           242060 kB
Shmem:            139200 kB
Slab:             143044 kB
SReclaimable:     110792 kB
SUnreclaim:        32252 kB
KernelStack:        8416 kB
PageTables:        30652 kB
NFS_Unstable:          0 kB
Bounce:                0 kB
WritebackTmp:          0 kB
CommitLimit:     5964636 kB
Committed_AS:    5026472 kB
VmallocTotal:   34359738367 kB
VmallocUsed:           0 kB
VmallocChunk:          0 kB
HardwareCorrupted:     0 kB
AnonHugePages:   1101824 kB
CmaTotal:              0 kB
CmaFree:               0 kB
HugePages_Total:       0
HugePages_Free:        0
HugePages_Rsvd:        0
HugePages_Surp:        0
Hugepagesize:       2048 kB
DirectMap4k:      140024 kB
DirectMap2M:     3887104 kB


CPU:total 4 (2 cores per cpu, 2 threads per core) family 6 model 58 stepping 9, cmov, cx8, fxsr, mmx, sse, sse2, sse3, ssse3, sse4.1, sse4.2, popcnt, avx, clmul, erms, ht, tsc, tscinvbit, tscinv

/proc/cpuinfo:
processor	: 0
vendor_id	: GenuineIntel
cpu family	: 6
model		: 58
model name	: Intel(R) Core(TM) i7-3517U CPU @ 1.90GHz
stepping	: 9
microcode	: 0x12
cpu MHz		: 1890.562
cache size	: 4096 KB
physical id	: 0
siblings	: 4
core id		: 0
cpu cores	: 2
apicid		: 0
initial apicid	: 0
fpu		: yes
fpu_exception	: yes
cpuid level	: 13
wp		: yes
flags		: fpu vme de pse tsc msr pae mce cx8 apic sep mtrr pge mca cmov pat pse36 clflush dts acpi mmx fxsr sse sse2 ss ht tm pbe syscall nx rdtscp lm constant_tsc arch_perfmon pebs bts rep_good nopl xtopology nonstop_tsc aperfmperf eagerfpu pni pclmulqdq dtes64 monitor ds_cpl vmx est tm2 ssse3 cx16 xtpr pdcm pcid sse4_1 sse4_2 x2apic popcnt tsc_deadline_timer xsave avx f16c rdrand lahf_lm epb tpr_shadow vnmi flexpriority ept vpid fsgsbase smep erms xsaveopt dtherm ida arat pln pts
bugs		:
bogomips	: 4789.43
clflush size	: 64
cache_alignment	: 64
address sizes	: 36 bits physical, 48 bits virtual
power management:

processor	: 1
vendor_id	: GenuineIntel
cpu family	: 6
model		: 58
model name	: Intel(R) Core(TM) i7-3517U CPU @ 1.90GHz
stepping	: 9
microcode	: 0x12
cpu MHz		: 1845.375
cache size	: 4096 KB
physical id	: 0
siblings	: 4
core id		: 0
cpu cores	: 2
apicid		: 1
initial apicid	: 1
fpu		: yes
fpu_exception	: yes
cpuid level	: 13
wp		: yes
flags		: fpu vme de pse tsc msr pae mce cx8 apic sep mtrr pge mca cmov pat pse36 clflush dts acpi mmx fxsr sse sse2 ss ht tm pbe syscall nx rdtscp lm constant_tsc arch_perfmon pebs bts rep_good nopl xtopology nonstop_tsc aperfmperf eagerfpu pni pclmulqdq dtes64 monitor ds_cpl vmx est tm2 ssse3 cx16 xtpr pdcm pcid sse4_1 sse4_2 x2apic popcnt tsc_deadline_timer xsave avx f16c rdrand lahf_lm epb tpr_shadow vnmi flexpriority ept vpid fsgsbase smep erms xsaveopt dtherm ida arat pln pts
bugs		:
bogomips	: 4789.43
clflush size	: 64
cache_alignment	: 64
address sizes	: 36 bits physical, 48 bits virtual
power management:

processor	: 2
vendor_id	: GenuineIntel
cpu family	: 6
model		: 58
model name	: Intel(R) Core(TM) i7-3517U CPU @ 1.90GHz
stepping	: 9
microcode	: 0x12
cpu MHz		: 1918.781
cache size	: 4096 KB
physical id	: 0
siblings	: 4
core id		: 1
cpu cores	: 2
apicid		: 2
initial apicid	: 2
fpu		: yes
fpu_exception	: yes
cpuid level	: 13
wp		: yes
flags		: fpu vme de pse tsc msr pae mce cx8 apic sep mtrr pge mca cmov pat pse36 clflush dts acpi mmx fxsr sse sse2 ss ht tm pbe syscall nx rdtscp lm constant_tsc arch_perfmon pebs bts rep_good nopl xtopology nonstop_tsc aperfmperf eagerfpu pni pclmulqdq dtes64 monitor ds_cpl vmx est tm2 ssse3 cx16 xtpr pdcm pcid sse4_1 sse4_2 x2apic popcnt tsc_deadline_timer xsave avx f16c rdrand lahf_lm epb tpr_shadow vnmi flexpriority ept vpid fsgsbase smep erms xsaveopt dtherm ida arat pln pts
bugs		:
bogomips	: 4789.43
clflush size	: 64
cache_alignment	: 64
address sizes	: 36 bits physical, 48 bits virtual
power management:

processor	: 3
vendor_id	: GenuineIntel
cpu family	: 6
model		: 58
model name	: Intel(R) Core(TM) i7-3517U CPU @ 1.90GHz
stepping	: 9
microcode	: 0x12
cpu MHz		: 2875.406
cache size	: 4096 KB
physical id	: 0
siblings	: 4
core id		: 1
cpu cores	: 2
apicid		: 3
initial apicid	: 3
fpu		: yes
fpu_exception	: yes
cpuid level	: 13
wp		: yes
flags		: fpu vme de pse tsc msr pae mce cx8 apic sep mtrr pge mca cmov pat pse36 clflush dts acpi mmx fxsr sse sse2 ss ht tm pbe syscall nx rdtscp lm constant_tsc arch_perfmon pebs bts rep_good nopl xtopology nonstop_tsc aperfmperf eagerfpu pni pclmulqdq dtes64 monitor ds_cpl vmx est tm2 ssse3 cx16 xtpr pdcm pcid sse4_1 sse4_2 x2apic popcnt tsc_deadline_timer xsave avx f16c rdrand lahf_lm epb tpr_shadow vnmi flexpriority ept vpid fsgsbase smep erms xsaveopt dtherm ida arat pln pts
bugs		:
bogomips	: 4789.43
clflush size	: 64
cache_alignment	: 64
address sizes	: 36 bits physical, 48 bits virtual
power management:



Memory: 4k page, physical 3878592k(1259864k free), swap 4025340k(4021740k free)

vm_info: Java HotSpot(TM) 64-Bit Server VM (25.111-b14) for linux-amd64 JRE (1.8.0_111-b14), built on Sep 22 2016 16:14:03 by "java_re" with gcc 4.3.0 20080428 (Red Hat 4.3.0-8)

time: Tue Jun 13 15:34:38 2017
elapsed time: 1 seconds (0d 0h 0m 1s)

