#
# A fatal error has been detected by the Java Runtime Environment:
#
#  SIGSEGV (0xb) at pc=0x00007f6596a52263, pid=5470, tid=0x00007f6597cfa700
#
# JRE version: Java(TM) SE Runtime Environment (8.0_111-b14) (build 1.8.0_111-b14)
# Java VM: Java HotSpot(TM) 64-Bit Server VM (25.111-b14 mixed mode linux-amd64 compressed oops)
# Problematic frame:
# C  [libsimgrid.so+0x190263]  xbt_dynar_member+0x23
#
# Failed to write core dump. Core dumps have been disabled. To enable core dumping, try "ulimit -c unlimited" before starting Java again
#
# If you would like to submit a bug report, please visit:
#   http://bugreport.java.com/bugreport/crash.jsp
# The crash happened outside the Java Virtual Machine in native code.
# See problematic frame for where to report the bug.
#

---------------  T H R E A D  ---------------

Current thread (0x00007f65c80c4800):  JavaThread "JDWP Transport Listener: dt_socket" daemon [_thread_in_native, id=5488, stack(0x00007f6597bfa000,0x00007f6597cfb000)]

siginfo: si_signo: 11 (SIGSEGV), si_code: 1 (SEGV_MAPERR), si_addr: 0x0000000000000000

Registers:
RAX=0x0000000000000000, RBX=0x00007f6596dbe700, RCX=0x0000000000000000, RDX=0x00007f6597cfaa40
RSP=0x00007f6597cf9580, RBP=0x00007f65c8183060, RSI=0x00007f6597cf9728, RDI=0x00007f6597cf9640
R8 =0x00007f65c817a070, R9 =0x00007f65c817a070, R10=0x0000000000000c58, R11=0x00007f6596a52240
R12=0x00007f6596dc9790, R13=0x00007f65c8164650, R14=0x00007f65cdb33f40, R15=0x000000000000000a
RIP=0x00007f6596a52263, EFLAGS=0x0000000000010206, CSGSFS=0x0000000000000033, ERR=0x0000000000000004
  TRAPNO=0x000000000000000e

Top of Stack: (sp=0x00007f6597cf9580)
0x00007f6597cf9580:   0000000000000000 0000000000000000
0x00007f6597cf9590:   00007f65c817a0e0 00007f6597cf9728
0x00007f6597cf95a0:   0000000000000000 0000000000000000
0x00007f6597cf95b0:   0000000000000000 0000000000000000
0x00007f6597cf95c0:   61006500656c0072 656d656c45646574
0x00007f6597cf95d0:   0000000000000000 0000000000000000
0x00007f6597cf95e0:   00ff000000ff0000 00000000000000ff
0x00007f6597cf95f0:   0000000000000000 0000000000000000
0x00007f6597cf9600:   0000000000000000 0000000000000000
0x00007f6597cf9610:   0000000000000000 0000000000000000
0x00007f6597cf9620:   003b00003b747800 0000000000000045
0x00007f6597cf9630:   0000000000000000 0000000000000000
0x00007f6597cf9640:   747065637845656d 3b6e69003b6e6f69
0x00007f6597cf9650:   0000000000000000 0000000000000000
0x00007f6597cf9660:   0000000000000000 0000000000000000
0x00007f6597cf9670:   0000000000000000 0000000000000000
0x00007f6597cf9680:   00007f65c8164650 00007f6596a48a0a
0x00007f6597cf9690:   00007f65caf143e0 00007f6596d89400
0x00007f6597cf96a0:   00007f65c8189ed0 00007f6596ab8286
0x00007f6597cf96b0:   0000000000000000 0000000000000000
0x00007f6597cf96c0:   00007f65c81c1530 0000000000000000
0x00007f6597cf96d0:   0000000000000000 00007f6597cf9728
0x00007f6597cf96e0:   00007f65c817a0e0 00007f65c817a070
0x00007f6597cf96f0:   00007f65c817a070 0000000000000001
0x00007f6597cf9700:   00007f6596dbe700 00007f65c8163120
0x00007f6597cf9710:   00007f6596dbe700 00007f6596a6f34f
0x00007f6597cf9720:   747065637845656d 00007f65c8189ed0
0x00007f6597cf9730:   0000000000000000 0000000000000000
0x00007f6597cf9740:   0000000000000000 00007f6596dc1a98
0x00007f6597cf9750:   00007f65c817c2d0 0000000000000001
0x00007f6597cf9760:   00007f65c8164650 00007f6596a50d37
0x00007f6597cf9770:   00007f65c8164650 00007f6596dc1098 

Instructions: (pc=0x00007f6596a52263)
0x00007f6596a52243:   ec 90 01 00 00 48 8b 05 01 a2 33 00 48 89 7c 24
0x00007f6596a52253:   10 48 89 74 24 18 ff 10 48 8d bc 24 c0 00 00 00
0x00007f6596a52263:   48 8b 08 48 89 04 24 48 89 38 48 89 4c 24 08 e8
0x00007f6596a52273:   79 31 ed ff 85 c0 74 75 48 8b 14 24 c7 42 08 01 

Register to memory mapping:

RAX=0x0000000000000000 is an unknown value
RBX=0x00007f6596dbe700: _simgrid_log_category__simix_process+0 in /tmp/simgrid-java267248425949579707/libsimgrid.so at 0x00007f65968c2000
RCX=0x0000000000000000 is an unknown value
RDX=0x00007f6597cfaa40 is pointing into the stack for thread: 0x00007f65c80c4800
RSP=0x00007f6597cf9580 is pointing into the stack for thread: 0x00007f65c80c4800
RBP=0x00007f65c8183060 is an unknown value
RSI=0x00007f6597cf9728 is pointing into the stack for thread: 0x00007f65c80c4800
RDI=0x00007f6597cf9640 is pointing into the stack for thread: 0x00007f65c80c4800
R8 =0x00007f65c817a070 is an unknown value
R9 =0x00007f65c817a070 is an unknown value
R10=0x0000000000000c58 is an unknown value
R11=0x00007f6596a52240: xbt_dynar_member+0 in /tmp/simgrid-java267248425949579707/libsimgrid.so at 0x00007f65968c2000
R12=0x00007f6596dc9790: simix_global+0 in /tmp/simgrid-java267248425949579707/libsimgrid.so at 0x00007f65968c2000
R13=0x00007f65c8164650 is an unknown value
R14=0x00007f65cdb33f40: <offset 0x239f40> in /home/elixandrebaldi/jdk1.8.0_111/jre/lib/amd64/libjdwp.so at 0x00007f65cd8fa000
R15=0x000000000000000a is an unknown value


Stack: [0x00007f6597bfa000,0x00007f6597cfb000],  sp=0x00007f6597cf9580,  free space=1021k
Native frames: (J=compiled Java code, j=interpreted, Vv=VM code, C=native code)
C  [libsimgrid.so+0x190263]  xbt_dynar_member+0x23


---------------  P R O C E S S  ---------------

Java Threads: ( => current thread )
  0x00007f6538003000 JavaThread "Thread-16" [_thread_in_native, id=5499, stack(0x00007f659490e000,0x00007f659510f000)]
  0x0000000001ff7800 JavaThread "Thread-15" [_thread_in_native, id=5498, stack(0x00007f659510f000,0x00007f6595910000)]
  0x00007f652c001000 JavaThread "Thread-14" [_thread_in_native, id=5497, stack(0x00007f6595910000,0x00007f6596111000)]
  0x00007f6538001000 JavaThread "Thread-13" [_thread_in_native, id=5504, stack(0x00007f656dffc000,0x00007f656e7fd000)]
  0x00007f6534001000 JavaThread "Thread-12" [_thread_in_native, id=5503, stack(0x00007f656e7fd000,0x00007f656effe000)]
  0x00007f6540001000 JavaThread "Thread-11" [_thread_in_native, id=5502, stack(0x00007f656effe000,0x00007f656f7ff000)]
  0x00007f653c001000 JavaThread "Thread-10" [_thread_in_native, id=5501, stack(0x00007f656f7ff000,0x00007f6570000000)]
  0x00007f6548001000 JavaThread "Thread-9" [_thread_in_native, id=5500, stack(0x00007f659410d000,0x00007f659490e000)]
  0x00007f6544001000 JavaThread "Thread-8" [_thread_in_native, id=5512, stack(0x00007f6569ff4000,0x00007f656a7f5000)]
  0x00007f6550001000 JavaThread "Thread-7" [_thread_in_native, id=5511, stack(0x00007f656a7f5000,0x00007f656aff6000)]
  0x00007f654c001000 JavaThread "Thread-6" [_thread_in_native, id=5510, stack(0x00007f656aff6000,0x00007f656b7f7000)]
  0x00007f6558001000 JavaThread "Thread-5" [_thread_in_native, id=5509, stack(0x00007f656b7f7000,0x00007f656bff8000)]
  0x00007f6554001000 JavaThread "Thread-4" [_thread_in_native, id=5508, stack(0x00007f656bff8000,0x00007f656c7f9000)]
  0x00007f6560001000 JavaThread "Thread-3" [_thread_in_native, id=5507, stack(0x00007f656c7f9000,0x00007f656cffa000)]
  0x00007f655c001000 JavaThread "Thread-2" [_thread_in_native, id=5506, stack(0x00007f656cffa000,0x00007f656d7fb000)]
  0x00007f6564001000 JavaThread "Thread-1" [_thread_in_native, id=5505, stack(0x00007f656d7fb000,0x00007f656dffc000)]
  0x00007f65c80e4800 JavaThread "Service Thread" daemon [_thread_blocked, id=5495, stack(0x00007f65975f4000,0x00007f65976f5000)]
  0x00007f65c80cf000 JavaThread "C1 CompilerThread2" daemon [_thread_blocked, id=5494, stack(0x00007f65976f5000,0x00007f65977f6000)]
  0x00007f65c80cd800 JavaThread "C2 CompilerThread1" daemon [_thread_blocked, id=5493, stack(0x00007f65977f6000,0x00007f65978f7000)]
  0x00007f65c80ca800 JavaThread "C2 CompilerThread0" daemon [_thread_blocked, id=5492, stack(0x00007f65978f7000,0x00007f65979f8000)]
  0x00007f65c80c8000 JavaThread "JDWP Event Helper Thread" daemon [_thread_blocked, id=5489, stack(0x00007f6597af9000,0x00007f6597bfa000)]
=>0x00007f65c80c4800 JavaThread "JDWP Transport Listener: dt_socket" daemon [_thread_in_native, id=5488, stack(0x00007f6597bfa000,0x00007f6597cfb000)]
  0x00007f65c80b8800 JavaThread "Signal Dispatcher" daemon [_thread_blocked, id=5485, stack(0x00007f6597eff000,0x00007f6598000000)]
  0x00007f65c8086000 JavaThread "Finalizer" daemon [_thread_blocked, id=5484, stack(0x00007f65b40de000,0x00007f65b41df000)]
  0x00007f65c8081800 JavaThread "Reference Handler" daemon [_thread_blocked, id=5482, stack(0x00007f65b41df000,0x00007f65b42e0000)]
  0x00007f65c800c000 JavaThread "main" [_thread_in_native, id=5471, stack(0x00007f65cff72000,0x00007f65d0073000)]

Other Threads:
  0x00007f65c807a000 VMThread [stack: 0x00007f65b42e0000,0x00007f65b43e1000] [id=5481]
  0x00007f65c80e8000 WatcherThread [stack: 0x00007f65974f3000,0x00007f65975f4000] [id=5496]

VM state:not at safepoint (normal execution)

VM Mutex/Monitor currently owned by a thread: None

Heap:
 PSYoungGen      total 24064K, used 2929K [0x00000000ec400000, 0x00000000eee00000, 0x0000000100000000)
  eden space 12800K, 0% used [0x00000000ec400000,0x00000000ec404570,0x00000000ed080000)
  from space 11264K, 25% used [0x00000000ed080000,0x00000000ed358000,0x00000000edb80000)
  to   space 11264K, 0% used [0x00000000ee300000,0x00000000ee300000,0x00000000eee00000)
 ParOldGen       total 40960K, used 31852K [0x00000000c4c00000, 0x00000000c7400000, 0x00000000ec400000)
  object space 40960K, 77% used [0x00000000c4c00000,0x00000000c6b1b3c0,0x00000000c7400000)
 Metaspace       used 3782K, capacity 4704K, committed 4864K, reserved 1056768K
  class space    used 416K, capacity 464K, committed 512K, reserved 1048576K

Card table byte_map: [0x00007f65b8213000,0x00007f65b83ee000] byte_map_base: 0x00007f65b7bed000

Marking Bits: (ParMarkBitMap*) 0x00007f65cf442220
 Begin Bits: [0x00007f65b5f33000, 0x00007f65b6e03000)
 End Bits:   [0x00007f65b6e03000, 0x00007f65b7cd3000)

Polling page: 0x00007f65d0091000

CodeCache: size=245760Kb used=2485Kb max_used=2529Kb free=243274Kb
 bounds [0x00007f65b87ae000, 0x00007f65b8a2e000, 0x00007f65c77ae000]
 total_blobs=466 nmethods=211 adapters=177
 compilation: enabled

Compilation events (10 events):
Event: 9.083 Thread 0x00007f65c80cd800 nmethod 207 0x00007f65b890bc90 code [0x00007f65b890bde0, 0x00007f65b890be68]
Event: 9.339 Thread 0x00007f65c80ca800 nmethod 203% 0x00007f65b89f8410 code [0x00007f65b89f8fe0, 0x00007f65b8a04568]
Event: 9.403 Thread 0x00007f65c80cd800  208 % !   4       vcube.Node::main @ 35 (1818 bytes)
Event: 10.159 Thread 0x00007f65c80cd800 nmethod 208% 0x00007f65b8a0a4d0 code [0x00007f65b8a0b080, 0x00007f65b8a156e8]
Event: 10.214 Thread 0x00007f65c80ca800  209 % !   4       vcube.Node::main @ 1731 (1818 bytes)
Event: 10.820 Thread 0x00007f65c80ca800 nmethod 209% 0x00007f65b8a1b450 code [0x00007f65b8a1c000, 0x00007f65b8a26788]
Event: 12.250 Thread 0x00007f65c80cd800  210       4       java.util.ArrayList$SubList$1::<init> (47 bytes)
Event: 12.251 Thread 0x00007f65c80cd800 nmethod 210 0x00007f65b89a7d50 code [0x00007f65b89a7ea0, 0x00007f65b89a7fd8]
Event: 14.340 Thread 0x00007f65c80cd800  211       4       java.lang.AbstractStringBuilder::<init> (12 bytes)
Event: 14.342 Thread 0x00007f65c80cd800 nmethod 211 0x00007f65b89ad5d0 code [0x00007f65b89ad720, 0x00007f65b89ad858]

GC Heap History (10 events):
Event: 15.220 GC heap before
{Heap before GC invocations=7 (full 0):
 PSYoungGen      total 22528K, used 20896K [0x00000000ec400000, 0x00000000ee300000, 0x0000000100000000)
  eden space 14848K, 100% used [0x00000000ec400000,0x00000000ed280000,0x00000000ed280000)
  from space 7680K, 78% used [0x00000000eda80000,0x00000000ee068000,0x00000000ee200000)
  to   space 8192K, 0% used [0x00000000ed280000,0x00000000ed280000,0x00000000eda80000)
 ParOldGen       total 40960K, used 13252K [0x00000000c4c00000, 0x00000000c7400000, 0x00000000ec400000)
  object space 40960K, 32% used [0x00000000c4c00000,0x00000000c58f1370,0x00000000c7400000)
 Metaspace       used 3782K, capacity 4704K, committed 4864K, reserved 1056768K
  class space    used 416K, capacity 464K, committed 512K, reserved 1048576K
Event: 15.238 GC heap after
Heap after GC invocations=7 (full 0):
 PSYoungGen      total 23040K, used 8032K [0x00000000ec400000, 0x00000000ee480000, 0x0000000100000000)
  eden space 14848K, 0% used [0x00000000ec400000,0x00000000ec400000,0x00000000ed280000)
  from space 8192K, 98% used [0x00000000ed280000,0x00000000eda58000,0x00000000eda80000)
  to   space 9216K, 0% used [0x00000000edb80000,0x00000000edb80000,0x00000000ee480000)
 ParOldGen       total 40960K, used 14628K [0x00000000c4c00000, 0x00000000c7400000, 0x00000000ec400000)
  object space 40960K, 35% used [0x00000000c4c00000,0x00000000c5a493c0,0x00000000c7400000)
 Metaspace       used 3782K, capacity 4704K, committed 4864K, reserved 1056768K
  class space    used 416K, capacity 464K, committed 512K, reserved 1048576K
}
Event: 19.156 GC heap before
{Heap before GC invocations=8 (full 0):
 PSYoungGen      total 23040K, used 22880K [0x00000000ec400000, 0x00000000ee480000, 0x0000000100000000)
  eden space 14848K, 100% used [0x00000000ec400000,0x00000000ed280000,0x00000000ed280000)
  from space 8192K, 98% used [0x00000000ed280000,0x00000000eda58000,0x00000000eda80000)
  to   space 9216K, 0% used [0x00000000edb80000,0x00000000edb80000,0x00000000ee480000)
 ParOldGen       total 40960K, used 14628K [0x00000000c4c00000, 0x00000000c7400000, 0x00000000ec400000)
  object space 40960K, 35% used [0x00000000c4c00000,0x00000000c5a493c0,0x00000000c7400000)
 Metaspace       used 3782K, capacity 4704K, committed 4864K, reserved 1056768K
  class space    used 416K, capacity 464K, committed 512K, reserved 1048576K
Event: 19.175 GC heap after
Heap after GC invocations=8 (full 0):
 PSYoungGen      total 22016K, used 9216K [0x00000000ec400000, 0x00000000ee880000, 0x0000000100000000)
  eden space 12800K, 0% used [0x00000000ec400000,0x00000000ec400000,0x00000000ed080000)
  from space 9216K, 100% used [0x00000000edb80000,0x00000000ee480000,0x00000000ee480000)
  to   space 11264K, 0% used [0x00000000ed080000,0x00000000ed080000,0x00000000edb80000)
 ParOldGen       total 40960K, used 16732K [0x00000000c4c00000, 0x00000000c7400000, 0x00000000ec400000)
  object space 40960K, 40% used [0x00000000c4c00000,0x00000000c5c573c0,0x00000000c7400000)
 Metaspace       used 3782K, capacity 4704K, committed 4864K, reserved 1056768K
  class space    used 416K, capacity 464K, committed 512K, reserved 1048576K
}
Event: 22.863 GC heap before
{Heap before GC invocations=9 (full 0):
 PSYoungGen      total 22016K, used 22016K [0x00000000ec400000, 0x00000000ee880000, 0x0000000100000000)
  eden space 12800K, 100% used [0x00000000ec400000,0x00000000ed080000,0x00000000ed080000)
  from space 9216K, 100% used [0x00000000edb80000,0x00000000ee480000,0x00000000ee480000)
  to   space 11264K, 0% used [0x00000000ed080000,0x00000000ed080000,0x00000000edb80000)
 ParOldGen       total 40960K, used 16732K [0x00000000c4c00000, 0x00000000c7400000, 0x00000000ec400000)
  object space 40960K, 40% used [0x00000000c4c00000,0x00000000c5c573c0,0x00000000c7400000)
 Metaspace       used 3782K, capacity 4704K, committed 4864K, reserved 1056768K
  class space    used 416K, capacity 464K, committed 512K, reserved 1048576K
Event: 22.887 GC heap after
Heap after GC invocations=9 (full 0):
 PSYoungGen      total 24064K, used 8384K [0x00000000ec400000, 0x00000000ee680000, 0x0000000100000000)
  eden space 12800K, 0% used [0x00000000ec400000,0x00000000ec400000,0x00000000ed080000)
  from space 11264K, 74% used [0x00000000ed080000,0x00000000ed8b0000,0x00000000edb80000)
  to   space 11264K, 0% used [0x00000000edb80000,0x00000000edb80000,0x00000000ee680000)
 ParOldGen       total 40960K, used 20540K [0x00000000c4c00000, 0x00000000c7400000, 0x00000000ec400000)
  object space 40960K, 50% used [0x00000000c4c00000,0x00000000c600f3c0,0x00000000c7400000)
 Metaspace       used 3782K, capacity 4704K, committed 4864K, reserved 1056768K
  class space    used 416K, capacity 464K, committed 512K, reserved 1048576K
}
Event: 27.462 GC heap before
{Heap before GC invocations=10 (full 0):
 PSYoungGen      total 24064K, used 21184K [0x00000000ec400000, 0x00000000ee680000, 0x0000000100000000)
  eden space 12800K, 100% used [0x00000000ec400000,0x00000000ed080000,0x00000000ed080000)
  from space 11264K, 74% used [0x00000000ed080000,0x00000000ed8b0000,0x00000000edb80000)
  to   space 11264K, 0% used [0x00000000edb80000,0x00000000edb80000,0x00000000ee680000)
 ParOldGen       total 40960K, used 20540K [0x00000000c4c00000, 0x00000000c7400000, 0x00000000ec400000)
  object space 40960K, 50% used [0x00000000c4c00000,0x00000000c600f3c0,0x00000000c7400000)
 Metaspace       used 3782K, capacity 4704K, committed 4864K, reserved 1056768K
  class space    used 416K, capacity 464K, committed 512K, reserved 1048576K
Event: 27.545 GC heap after
Heap after GC invocations=10 (full 0):
 PSYoungGen      total 24064K, used 5824K [0x00000000ec400000, 0x00000000ee680000, 0x0000000100000000)
  eden space 12800K, 0% used [0x00000000ec400000,0x00000000ec400000,0x00000000ed080000)
  from space 11264K, 51% used [0x00000000edb80000,0x00000000ee130000,0x00000000ee680000)
  to   space 11264K, 0% used [0x00000000ed080000,0x00000000ed080000,0x00000000edb80000)
 ParOldGen       total 40960K, used 26020K [0x00000000c4c00000, 0x00000000c7400000, 0x00000000ec400000)
  object space 40960K, 63% used [0x00000000c4c00000,0x00000000c65693c0,0x00000000c7400000)
 Metaspace       used 3782K, capacity 4704K, committed 4864K, reserved 1056768K
  class space    used 416K, capacity 464K, committed 512K, reserved 1048576K
}
Event: 32.146 GC heap before
{Heap before GC invocations=11 (full 0):
 PSYoungGen      total 24064K, used 18624K [0x00000000ec400000, 0x00000000ee680000, 0x0000000100000000)
  eden space 12800K, 100% used [0x00000000ec400000,0x00000000ed080000,0x00000000ed080000)
  from space 11264K, 51% used [0x00000000edb80000,0x00000000ee130000,0x00000000ee680000)
  to   space 11264K, 0% used [0x00000000ed080000,0x00000000ed080000,0x00000000edb80000)
 ParOldGen       total 40960K, used 26020K [0x00000000c4c00000, 0x00000000c7400000, 0x00000000ec400000)
  object space 40960K, 63% used [0x00000000c4c00000,0x00000000c65693c0,0x00000000c7400000)
 Metaspace       used 3782K, capacity 4704K, committed 4864K, reserved 1056768K
  class space    used 416K, capacity 464K, committed 512K, reserved 1048576K
Event: 32.222 GC heap after
Heap after GC invocations=11 (full 0):
 PSYoungGen      total 24064K, used 2912K [0x00000000ec400000, 0x00000000eee00000, 0x0000000100000000)
  eden space 12800K, 0% used [0x00000000ec400000,0x00000000ec400000,0x00000000ed080000)
  from space 11264K, 25% used [0x00000000ed080000,0x00000000ed358000,0x00000000edb80000)
  to   space 11264K, 0% used [0x00000000ee300000,0x00000000ee300000,0x00000000eee00000)
 ParOldGen       total 40960K, used 31852K [0x00000000c4c00000, 0x00000000c7400000, 0x00000000ec400000)
  object space 40960K, 77% used [0x00000000c4c00000,0x00000000c6b1b3c0,0x00000000c7400000)
 Metaspace       used 3782K, capacity 4704K, committed 4864K, reserved 1056768K
  class space    used 416K, capacity 464K, committed 512K, reserved 1048576K
}

Deoptimization events (10 events):
Event: 32.144 Thread 0x00007f6554001000 Uncommon trap: reason=range_check action=none pc=0x00007f65b89a796c method=vcube.Node.conferirTimestempStatus([I)V @ 13
Event: 32.145 Thread 0x00007f653c001000 Uncommon trap: reason=range_check action=none pc=0x00007f65b89a796c method=vcube.Node.conferirTimestempStatus([I)V @ 13
Event: 32.145 Thread 0x00007f6538001000 Uncommon trap: reason=range_check action=none pc=0x00007f65b89a796c method=vcube.Node.conferirTimestempStatus([I)V @ 13
Event: 32.145 Thread 0x00007f654c001000 Uncommon trap: reason=range_check action=none pc=0x00007f65b89a796c method=vcube.Node.conferirTimestempStatus([I)V @ 13
Event: 32.145 Thread 0x00007f6564001000 Uncommon trap: reason=range_check action=none pc=0x00007f65b89a796c method=vcube.Node.conferirTimestempStatus([I)V @ 13
Event: 32.145 Thread 0x0000000001ff7800 Uncommon trap: reason=range_check action=none pc=0x00007f65b89a796c method=vcube.Node.conferirTimestempStatus([I)V @ 13
Event: 32.145 Thread 0x00007f6548001000 Uncommon trap: reason=range_check action=none pc=0x00007f65b89a796c method=vcube.Node.conferirTimestempStatus([I)V @ 13
Event: 32.145 Thread 0x00007f6540001000 Uncommon trap: reason=range_check action=none pc=0x00007f65b89a796c method=vcube.Node.conferirTimestempStatus([I)V @ 13
Event: 32.145 Thread 0x00007f6534001000 Uncommon trap: reason=range_check action=none pc=0x00007f65b89a796c method=vcube.Node.conferirTimestempStatus([I)V @ 13
Event: 32.145 Thread 0x00007f6538003000 Uncommon trap: reason=range_check action=none pc=0x00007f65b89a796c method=vcube.Node.conferirTimestempStatus([I)V @ 13

Internal exceptions (10 events):
Event: 32.144 Thread 0x00007f6554001000 Exception <a 'java/lang/ArrayIndexOutOfBoundsException': 8> (0x00000000ed033910) thrown at [/HUDSON3/workspace/8-2-build-linux-amd64/jdk8u111/7883/hotspot/src/share/vm/interpreter/interpreterRuntime.cpp, line 366]
Event: 32.145 Thread 0x00007f653c001000 Exception <a 'java/lang/ArrayIndexOutOfBoundsException': 8> (0x00000000ed0383e0) thrown at [/HUDSON3/workspace/8-2-build-linux-amd64/jdk8u111/7883/hotspot/src/share/vm/interpreter/interpreterRuntime.cpp, line 366]
Event: 32.145 Thread 0x00007f6538001000 Exception <a 'java/lang/ArrayIndexOutOfBoundsException': 8> (0x00000000ed055008) thrown at [/HUDSON3/workspace/8-2-build-linux-amd64/jdk8u111/7883/hotspot/src/share/vm/interpreter/interpreterRuntime.cpp, line 366]
Event: 32.145 Thread 0x00007f654c001000 Exception <a 'java/lang/ArrayIndexOutOfBoundsException': 8> (0x00000000ed04c040) thrown at [/HUDSON3/workspace/8-2-build-linux-amd64/jdk8u111/7883/hotspot/src/share/vm/interpreter/interpreterRuntime.cpp, line 366]
Event: 32.145 Thread 0x00007f6564001000 Exception <a 'java/lang/ArrayIndexOutOfBoundsException': 8> (0x00000000ed061e98) thrown at [/HUDSON3/workspace/8-2-build-linux-amd64/jdk8u111/7883/hotspot/src/share/vm/interpreter/interpreterRuntime.cpp, line 366]
Event: 32.145 Thread 0x0000000001ff7800 Exception <a 'java/lang/ArrayIndexOutOfBoundsException': 8> (0x00000000ed026398) thrown at [/HUDSON3/workspace/8-2-build-linux-amd64/jdk8u111/7883/hotspot/src/share/vm/interpreter/interpreterRuntime.cpp, line 366]
Event: 32.145 Thread 0x00007f6548001000 Exception <a 'java/lang/ArrayIndexOutOfBoundsException': 8> (0x00000000ed02abe8) thrown at [/HUDSON3/workspace/8-2-build-linux-amd64/jdk8u111/7883/hotspot/src/share/vm/interpreter/interpreterRuntime.cpp, line 366]
Event: 32.145 Thread 0x00007f6540001000 Exception <a 'java/lang/ArrayIndexOutOfBoundsException': 8> (0x00000000ed02f4c8) thrown at [/HUDSON3/workspace/8-2-build-linux-amd64/jdk8u111/7883/hotspot/src/share/vm/interpreter/interpreterRuntime.cpp, line 366]
Event: 32.145 Thread 0x00007f6534001000 Exception <a 'java/lang/ArrayIndexOutOfBoundsException': 8> (0x00000000ed05db38) thrown at [/HUDSON3/workspace/8-2-build-linux-amd64/jdk8u111/7883/hotspot/src/share/vm/interpreter/interpreterRuntime.cpp, line 366]
Event: 32.222 Thread 0x00007f6538003000 Exception <a 'java/lang/ArrayIndexOutOfBoundsException': 8> (0x00000000ed080018) thrown at [/HUDSON3/workspace/8-2-build-linux-amd64/jdk8u111/7883/hotspot/src/share/vm/interpreter/interpreterRuntime.cpp, line 366]

Events (10 events):
Event: 32.145 Thread 0x00007f6540001000 DEOPT PACKING pc=0x00007f65b89a796c sp=0x00007f656f7fd7f0
Event: 32.145 Thread 0x00007f6540001000 DEOPT UNPACKING pc=0x00007f65b87b3229 sp=0x00007f656f7fd7b8 mode 2
Event: 32.145 Thread 0x00007f6534001000 Uncommon trap: trap_request=0xffffffe7 fr.pc=0x00007f65b89a796c
Event: 32.145 Thread 0x00007f6534001000 DEOPT PACKING pc=0x00007f65b89a796c sp=0x00007f656effc7f0
Event: 32.145 Thread 0x00007f6534001000 DEOPT UNPACKING pc=0x00007f65b87b3229 sp=0x00007f656effc7b8 mode 2
Event: 32.145 Thread 0x00007f6538003000 Uncommon trap: trap_request=0xffffffe7 fr.pc=0x00007f65b89a796c
Event: 32.146 Thread 0x00007f6538003000 DEOPT PACKING pc=0x00007f65b89a796c sp=0x00007f659510d7f0
Event: 32.146 Thread 0x00007f6538003000 DEOPT UNPACKING pc=0x00007f65b87b3229 sp=0x00007f659510d7b8 mode 2
Event: 32.146 Executing VM operation: ParallelGCFailedAllocation
Event: 32.222 Executing VM operation: ParallelGCFailedAllocation done


Dynamic libraries:
00400000-00401000 r-xp 00000000 08:01 8784123                            /home/elixandrebaldi/jdk1.8.0_111/bin/java
00600000-00601000 rw-p 00000000 08:01 8784123                            /home/elixandrebaldi/jdk1.8.0_111/bin/java
01ff5000-02d9f000 rw-p 00000000 00:00 0                                  [heap]
c4c00000-c7400000 rw-p 00000000 00:00 0 
c7400000-ec400000 ---p 00000000 00:00 0 
ec400000-eee00000 rw-p 00000000 00:00 0 
eee00000-100000000 ---p 00000000 00:00 0 
100000000-100080000 rw-p 00000000 00:00 0 
100080000-140000000 ---p 00000000 00:00 0 
7f652c000000-7f652cda0000 rw-p 00000000 00:00 0 
7f652cda0000-7f6530000000 ---p 00000000 00:00 0 
7f6534000000-7f6534da0000 rw-p 00000000 00:00 0 
7f6534da0000-7f6538000000 ---p 00000000 00:00 0 
7f6538000000-7f6539b35000 rw-p 00000000 00:00 0 
7f6539b35000-7f653c000000 ---p 00000000 00:00 0 
7f653c000000-7f653cd9e000 rw-p 00000000 00:00 0 
7f653cd9e000-7f6540000000 ---p 00000000 00:00 0 
7f6540000000-7f6540d92000 rw-p 00000000 00:00 0 
7f6540d92000-7f6544000000 ---p 00000000 00:00 0 
7f6544000000-7f6544d9b000 rw-p 00000000 00:00 0 
7f6544d9b000-7f6548000000 ---p 00000000 00:00 0 
7f6548000000-7f6548da3000 rw-p 00000000 00:00 0 
7f6548da3000-7f654c000000 ---p 00000000 00:00 0 
7f654c000000-7f654cd97000 rw-p 00000000 00:00 0 
7f654cd97000-7f6550000000 ---p 00000000 00:00 0 
7f6550000000-7f6550da5000 rw-p 00000000 00:00 0 
7f6550da5000-7f6554000000 ---p 00000000 00:00 0 
7f6554000000-7f6554d9f000 rw-p 00000000 00:00 0 
7f6554d9f000-7f6558000000 ---p 00000000 00:00 0 
7f6558000000-7f6558d9a000 rw-p 00000000 00:00 0 
7f6558d9a000-7f655c000000 ---p 00000000 00:00 0 
7f655c000000-7f655cd9b000 rw-p 00000000 00:00 0 
7f655cd9b000-7f6560000000 ---p 00000000 00:00 0 
7f6560000000-7f6560d9f000 rw-p 00000000 00:00 0 
7f6560d9f000-7f6564000000 ---p 00000000 00:00 0 
7f6564000000-7f6564d9d000 rw-p 00000000 00:00 0 
7f6564d9d000-7f6568000000 ---p 00000000 00:00 0 
7f6569ff4000-7f6569ff7000 ---p 00000000 00:00 0 
7f6569ff7000-7f656a7f5000 rw-p 00000000 00:00 0 
7f656a7f5000-7f656a7f8000 ---p 00000000 00:00 0 
7f656a7f8000-7f656aff6000 rw-p 00000000 00:00 0 
7f656aff6000-7f656aff9000 ---p 00000000 00:00 0 
7f656aff9000-7f656b7f7000 rw-p 00000000 00:00 0 
7f656b7f7000-7f656b7fa000 ---p 00000000 00:00 0 
7f656b7fa000-7f656bff8000 rw-p 00000000 00:00 0 
7f656bff8000-7f656bffb000 ---p 00000000 00:00 0 
7f656bffb000-7f656c7f9000 rw-p 00000000 00:00 0 
7f656c7f9000-7f656c7fc000 ---p 00000000 00:00 0 
7f656c7fc000-7f656cffa000 rw-p 00000000 00:00 0 
7f656cffa000-7f656cffd000 ---p 00000000 00:00 0 
7f656cffd000-7f656d7fb000 rw-p 00000000 00:00 0 
7f656d7fb000-7f656d7fe000 ---p 00000000 00:00 0 
7f656d7fe000-7f656dffc000 rw-p 00000000 00:00 0 
7f656dffc000-7f656dfff000 ---p 00000000 00:00 0 
7f656dfff000-7f656e7fd000 rw-p 00000000 00:00 0 
7f656e7fd000-7f656e800000 ---p 00000000 00:00 0 
7f656e800000-7f656effe000 rw-p 00000000 00:00 0 
7f656effe000-7f656f001000 ---p 00000000 00:00 0 
7f656f001000-7f656f7ff000 rw-p 00000000 00:00 0 
7f656f7ff000-7f656f802000 ---p 00000000 00:00 0 
7f656f802000-7f6570000000 rw-p 00000000 00:00 0 
7f6570000000-7f6570021000 rw-p 00000000 00:00 0 
7f6570021000-7f6574000000 ---p 00000000 00:00 0 
7f6574000000-7f6574021000 rw-p 00000000 00:00 0 
7f6574021000-7f6578000000 ---p 00000000 00:00 0 
7f6578000000-7f6578803000 rw-p 00000000 00:00 0 
7f6578803000-7f657c000000 ---p 00000000 00:00 0 
7f657c000000-7f657c4ea000 rw-p 00000000 00:00 0 
7f657c4ea000-7f6580000000 ---p 00000000 00:00 0 
7f6580000000-7f6580021000 rw-p 00000000 00:00 0 
7f6580021000-7f6584000000 ---p 00000000 00:00 0 
7f6584000000-7f6585e60000 rw-p 00000000 00:00 0 
7f6585e60000-7f6588000000 ---p 00000000 00:00 0 
7f6588000000-7f6588021000 rw-p 00000000 00:00 0 
7f6588021000-7f658c000000 ---p 00000000 00:00 0 
7f658c000000-7f658c021000 rw-p 00000000 00:00 0 
7f658c021000-7f6590000000 ---p 00000000 00:00 0 
7f6590000000-7f6590021000 rw-p 00000000 00:00 0 
7f6590021000-7f6594000000 ---p 00000000 00:00 0 
7f659410d000-7f6594110000 ---p 00000000 00:00 0 
7f6594110000-7f659490e000 rw-p 00000000 00:00 0 
7f659490e000-7f6594911000 ---p 00000000 00:00 0 
7f6594911000-7f659510f000 rw-p 00000000 00:00 0 
7f659510f000-7f6595112000 ---p 00000000 00:00 0 
7f6595112000-7f6595910000 rw-p 00000000 00:00 0 
7f6595910000-7f6595913000 ---p 00000000 00:00 0 
7f6595913000-7f6596111000 rw-p 00000000 00:00 0 
7f6596111000-7f6596129000 r-xp 00000000 08:01 2359394                    /tmp/simgrid-java267248425949579707/libsimgrid-java.so
7f6596129000-7f6596329000 ---p 00018000 08:01 2359394                    /tmp/simgrid-java267248425949579707/libsimgrid-java.so
7f6596329000-7f659632a000 rw-p 00018000 08:01 2359394                    /tmp/simgrid-java267248425949579707/libsimgrid-java.so
7f659632a000-7f6596340000 r-xp 00000000 08:01 3936627                    /lib/x86_64-linux-gnu/libgcc_s.so.1
7f6596340000-7f659653f000 ---p 00016000 08:01 3936627                    /lib/x86_64-linux-gnu/libgcc_s.so.1
7f659653f000-7f6596540000 rw-p 00015000 08:01 3936627                    /lib/x86_64-linux-gnu/libgcc_s.so.1
7f6596540000-7f65966b2000 r-xp 00000000 08:01 23332798                   /usr/lib/x86_64-linux-gnu/libstdc++.so.6.0.21
7f65966b2000-7f65968b2000 ---p 00172000 08:01 23332798                   /usr/lib/x86_64-linux-gnu/libstdc++.so.6.0.21
7f65968b2000-7f65968bc000 r--p 00172000 08:01 23332798                   /usr/lib/x86_64-linux-gnu/libstdc++.so.6.0.21
7f65968bc000-7f65968be000 rw-p 0017c000 08:01 23332798                   /usr/lib/x86_64-linux-gnu/libstdc++.so.6.0.21
7f65968be000-7f65968c2000 rw-p 00000000 00:00 0 
7f65968c2000-7f6596b87000 r-xp 00000000 08:01 2359391                    /tmp/simgrid-java267248425949579707/libsimgrid.so
7f6596b87000-7f6596d87000 ---p 002c5000 08:01 2359391                    /tmp/simgrid-java267248425949579707/libsimgrid.so
7f6596d87000-7f6596dc2000 rw-p 002c5000 08:01 2359391                    /tmp/simgrid-java267248425949579707/libsimgrid.so
7f6596dc2000-7f65970cb000 rw-p 00000000 00:00 0 
7f65970cb000-7f65970e1000 r-xp 00000000 08:01 8783936                    /home/elixandrebaldi/jdk1.8.0_111/jre/lib/amd64/libnet.so
7f65970e1000-7f65972e1000 ---p 00016000 08:01 8783936                    /home/elixandrebaldi/jdk1.8.0_111/jre/lib/amd64/libnet.so
7f65972e1000-7f65972e2000 rw-p 00016000 08:01 8783936                    /home/elixandrebaldi/jdk1.8.0_111/jre/lib/amd64/libnet.so
7f65972e2000-7f65972f3000 r-xp 00000000 08:01 8783935                    /home/elixandrebaldi/jdk1.8.0_111/jre/lib/amd64/libnio.so
7f65972f3000-7f65974f2000 ---p 00011000 08:01 8783935                    /home/elixandrebaldi/jdk1.8.0_111/jre/lib/amd64/libnio.so
7f65974f2000-7f65974f3000 rw-p 00010000 08:01 8783935                    /home/elixandrebaldi/jdk1.8.0_111/jre/lib/amd64/libnio.so
7f65974f3000-7f65974f4000 ---p 00000000 00:00 0 
7f65974f4000-7f65975f4000 rw-p 00000000 00:00 0 
7f65975f4000-7f65975f7000 ---p 00000000 00:00 0 
7f65975f7000-7f65976f5000 rw-p 00000000 00:00 0 
7f65976f5000-7f65976f8000 ---p 00000000 00:00 0 
7f65976f8000-7f65977f6000 rw-p 00000000 00:00 0 
7f65977f6000-7f65977f9000 ---p 00000000 00:00 0 
7f65977f9000-7f65978f7000 rw-p 00000000 00:00 0 
7f65978f7000-7f65978fa000 ---p 00000000 00:00 0 
7f65978fa000-7f65979f8000 rw-p 00000000 00:00 0 
7f65979f8000-7f65979fb000 ---p 00000000 00:00 0 
7f65979fb000-7f6597af9000 rw-p 00000000 00:00 0 
7f6597af9000-7f6597afc000 ---p 00000000 00:00 0 
7f6597afc000-7f6597bfa000 rw-p 00000000 00:00 0 
7f6597bfa000-7f6597bfd000 ---p 00000000 00:00 0 
7f6597bfd000-7f6597cfb000 rw-p 00000000 00:00 0 
7f6597cfb000-7f6597cff000 r-xp 00000000 08:01 8783799                    /home/elixandrebaldi/jdk1.8.0_111/jre/lib/amd64/libdt_socket.so
7f6597cff000-7f6597efe000 ---p 00004000 08:01 8783799                    /home/elixandrebaldi/jdk1.8.0_111/jre/lib/amd64/libdt_socket.so
7f6597efe000-7f6597eff000 rw-p 00003000 08:01 8783799                    /home/elixandrebaldi/jdk1.8.0_111/jre/lib/amd64/libdt_socket.so
7f6597eff000-7f6597f02000 ---p 00000000 00:00 0 
7f6597f02000-7f6598000000 rw-p 00000000 00:00 0 
7f6598000000-7f6598021000 rw-p 00000000 00:00 0 
7f6598021000-7f659c000000 ---p 00000000 00:00 0 
7f659c000000-7f659c021000 rw-p 00000000 00:00 0 
7f659c021000-7f65a0000000 ---p 00000000 00:00 0 
7f65a0000000-7f65a0021000 rw-p 00000000 00:00 0 
7f65a0021000-7f65a4000000 ---p 00000000 00:00 0 
7f65a4000000-7f65a4021000 rw-p 00000000 00:00 0 
7f65a4021000-7f65a8000000 ---p 00000000 00:00 0 
7f65a8000000-7f65a8021000 rw-p 00000000 00:00 0 
7f65a8021000-7f65ac000000 ---p 00000000 00:00 0 
7f65ac000000-7f65ac021000 rw-p 00000000 00:00 0 
7f65ac021000-7f65b0000000 ---p 00000000 00:00 0 
7f65b0000000-7f65b0021000 rw-p 00000000 00:00 0 
7f65b0021000-7f65b4000000 ---p 00000000 00:00 0 
7f65b40de000-7f65b40e1000 ---p 00000000 00:00 0 
7f65b40e1000-7f65b41df000 rw-p 00000000 00:00 0 
7f65b41df000-7f65b41e2000 ---p 00000000 00:00 0 
7f65b41e2000-7f65b42e0000 rw-p 00000000 00:00 0 
7f65b42e0000-7f65b42e1000 ---p 00000000 00:00 0 
7f65b42e1000-7f65b5381000 rw-p 00000000 00:00 0 
7f65b5381000-7f65b5559000 r--s 03d2a000 08:01 8784070                    /home/elixandrebaldi/jdk1.8.0_111/jre/lib/rt.jar
7f65b5559000-7f65b5999000 rw-p 00000000 00:00 0 
7f65b5999000-7f65b5d59000 ---p 00000000 00:00 0 
7f65b5d59000-7f65b7cd3000 rw-p 00000000 00:00 0 
7f65b7cd3000-7f65b7cd4000 ---p 00000000 00:00 0 
7f65b7cd4000-7f65b7dd4000 rw-p 00000000 00:00 0 
7f65b7dd4000-7f65b7dd5000 ---p 00000000 00:00 0 
7f65b7dd5000-7f65b7ed5000 rw-p 00000000 00:00 0 
7f65b7ed5000-7f65b7ed6000 ---p 00000000 00:00 0 
7f65b7ed6000-7f65b7fd6000 rw-p 00000000 00:00 0 
7f65b7fd6000-7f65b7fd7000 ---p 00000000 00:00 0 
7f65b7fd7000-7f65b80eb000 rw-p 00000000 00:00 0 
7f65b80eb000-7f65b8213000 ---p 00000000 00:00 0 
7f65b8213000-7f65b8227000 rw-p 00000000 00:00 0 
7f65b8227000-7f65b834f000 ---p 00000000 00:00 0 
7f65b834f000-7f65b8364000 rw-p 00000000 00:00 0 
7f65b8364000-7f65b83ed000 ---p 00000000 00:00 0 
7f65b83ed000-7f65b83f8000 rw-p 00000000 00:00 0 
7f65b83f8000-7f65b87ae000 ---p 00000000 00:00 0 
7f65b87ae000-7f65b8a2e000 rwxp 00000000 00:00 0 
7f65b8a2e000-7f65c77ae000 ---p 00000000 00:00 0 
7f65c77ae000-7f65c77c8000 r-xp 00000000 08:01 8783934                    /home/elixandrebaldi/jdk1.8.0_111/jre/lib/amd64/libzip.so
7f65c77c8000-7f65c79c8000 ---p 0001a000 08:01 8783934                    /home/elixandrebaldi/jdk1.8.0_111/jre/lib/amd64/libzip.so
7f65c79c8000-7f65c79c9000 rw-p 0001a000 08:01 8783934                    /home/elixandrebaldi/jdk1.8.0_111/jre/lib/amd64/libzip.so
7f65c79c9000-7f65c79d4000 r-xp 00000000 08:01 3932251                    /lib/x86_64-linux-gnu/libnss_files-2.23.so
7f65c79d4000-7f65c7bd3000 ---p 0000b000 08:01 3932251                    /lib/x86_64-linux-gnu/libnss_files-2.23.so
7f65c7bd3000-7f65c7bd4000 r--p 0000a000 08:01 3932251                    /lib/x86_64-linux-gnu/libnss_files-2.23.so
7f65c7bd4000-7f65c7bd5000 rw-p 0000b000 08:01 3932251                    /lib/x86_64-linux-gnu/libnss_files-2.23.so
7f65c7bd5000-7f65c7bdb000 rw-p 00000000 00:00 0 
7f65c7bdb000-7f65c7be6000 r-xp 00000000 08:01 3932244                    /lib/x86_64-linux-gnu/libnss_nis-2.23.so
7f65c7be6000-7f65c7de5000 ---p 0000b000 08:01 3932244                    /lib/x86_64-linux-gnu/libnss_nis-2.23.so
7f65c7de5000-7f65c7de6000 r--p 0000a000 08:01 3932244                    /lib/x86_64-linux-gnu/libnss_nis-2.23.so
7f65c7de6000-7f65c7de7000 rw-p 0000b000 08:01 3932244                    /lib/x86_64-linux-gnu/libnss_nis-2.23.so
7f65c7de7000-7f65c7dfd000 r-xp 00000000 08:01 3932246                    /lib/x86_64-linux-gnu/libnsl-2.23.so
7f65c7dfd000-7f65c7ffc000 ---p 00016000 08:01 3932246                    /lib/x86_64-linux-gnu/libnsl-2.23.so
7f65c7ffc000-7f65c7ffd000 r--p 00015000 08:01 3932246                    /lib/x86_64-linux-gnu/libnsl-2.23.so
7f65c7ffd000-7f65c7ffe000 rw-p 00016000 08:01 3932246                    /lib/x86_64-linux-gnu/libnsl-2.23.so
7f65c7ffe000-7f65c8000000 rw-p 00000000 00:00 0 
7f65c8000000-7f65caf4c000 rw-p 00000000 00:00 0 
7f65caf4c000-7f65cc000000 ---p 00000000 00:00 0 
7f65cc005000-7f65cc09c000 rw-p 00000000 00:00 0 
7f65cc09c000-7f65cc0a4000 r-xp 00000000 08:01 3932253                    /lib/x86_64-linux-gnu/libnss_compat-2.23.so
7f65cc0a4000-7f65cc2a3000 ---p 00008000 08:01 3932253                    /lib/x86_64-linux-gnu/libnss_compat-2.23.so
7f65cc2a3000-7f65cc2a4000 r--p 00007000 08:01 3932253                    /lib/x86_64-linux-gnu/libnss_compat-2.23.so
7f65cc2a4000-7f65cc2a5000 rw-p 00008000 08:01 3932253                    /lib/x86_64-linux-gnu/libnss_compat-2.23.so
7f65cc2a5000-7f65cd6f7000 r--p 00000000 08:01 23331759                   /usr/lib/locale/locale-archive
7f65cd6f7000-7f65cd6f9000 r-xp 00000000 08:01 8783932                    /home/elixandrebaldi/jdk1.8.0_111/jre/lib/amd64/libnpt.so
7f65cd6f9000-7f65cd8f9000 ---p 00002000 08:01 8783932                    /home/elixandrebaldi/jdk1.8.0_111/jre/lib/amd64/libnpt.so
7f65cd8f9000-7f65cd8fa000 rw-p 00002000 08:01 8783932                    /home/elixandrebaldi/jdk1.8.0_111/jre/lib/amd64/libnpt.so
7f65cd8fa000-7f65cd933000 r-xp 00000000 08:01 8783902                    /home/elixandrebaldi/jdk1.8.0_111/jre/lib/amd64/libjdwp.so
7f65cd933000-7f65cdb32000 ---p 00039000 08:01 8783902                    /home/elixandrebaldi/jdk1.8.0_111/jre/lib/amd64/libjdwp.so
7f65cdb32000-7f65cdb34000 rw-p 00038000 08:01 8783902                    /home/elixandrebaldi/jdk1.8.0_111/jre/lib/amd64/libjdwp.so
7f65cdb34000-7f65cdb5f000 r-xp 00000000 08:01 8783907                    /home/elixandrebaldi/jdk1.8.0_111/jre/lib/amd64/libjava.so
7f65cdb5f000-7f65cdd5e000 ---p 0002b000 08:01 8783907                    /home/elixandrebaldi/jdk1.8.0_111/jre/lib/amd64/libjava.so
7f65cdd5e000-7f65cdd60000 rw-p 0002a000 08:01 8783907                    /home/elixandrebaldi/jdk1.8.0_111/jre/lib/amd64/libjava.so
7f65cdd60000-7f65cdd6d000 r-xp 00000000 08:01 8783870                    /home/elixandrebaldi/jdk1.8.0_111/jre/lib/amd64/libverify.so
7f65cdd6d000-7f65cdf6c000 ---p 0000d000 08:01 8783870                    /home/elixandrebaldi/jdk1.8.0_111/jre/lib/amd64/libverify.so
7f65cdf6c000-7f65cdf6e000 rw-p 0000c000 08:01 8783870                    /home/elixandrebaldi/jdk1.8.0_111/jre/lib/amd64/libverify.so
7f65cdf6e000-7f65cdf75000 r-xp 00000000 08:01 3932254                    /lib/x86_64-linux-gnu/librt-2.23.so
7f65cdf75000-7f65ce174000 ---p 00007000 08:01 3932254                    /lib/x86_64-linux-gnu/librt-2.23.so
7f65ce174000-7f65ce175000 r--p 00006000 08:01 3932254                    /lib/x86_64-linux-gnu/librt-2.23.so
7f65ce175000-7f65ce176000 rw-p 00007000 08:01 3932254                    /lib/x86_64-linux-gnu/librt-2.23.so
7f65ce176000-7f65ce27e000 r-xp 00000000 08:01 3932245                    /lib/x86_64-linux-gnu/libm-2.23.so
7f65ce27e000-7f65ce47d000 ---p 00108000 08:01 3932245                    /lib/x86_64-linux-gnu/libm-2.23.so
7f65ce47d000-7f65ce47e000 r--p 00107000 08:01 3932245                    /lib/x86_64-linux-gnu/libm-2.23.so
7f65ce47e000-7f65ce47f000 rw-p 00108000 08:01 3932245                    /lib/x86_64-linux-gnu/libm-2.23.so
7f65ce47f000-7f65cf14c000 r-xp 00000000 08:01 8783785                    /home/elixandrebaldi/jdk1.8.0_111/jre/lib/amd64/server/libjvm.so
7f65cf14c000-7f65cf34b000 ---p 00ccd000 08:01 8783785                    /home/elixandrebaldi/jdk1.8.0_111/jre/lib/amd64/server/libjvm.so
7f65cf34b000-7f65cf424000 rw-p 00ccc000 08:01 8783785                    /home/elixandrebaldi/jdk1.8.0_111/jre/lib/amd64/server/libjvm.so
7f65cf424000-7f65cf46f000 rw-p 00000000 00:00 0 
7f65cf46f000-7f65cf62e000 r-xp 00000000 08:01 3932247                    /lib/x86_64-linux-gnu/libc-2.23.so
7f65cf62e000-7f65cf82e000 ---p 001bf000 08:01 3932247                    /lib/x86_64-linux-gnu/libc-2.23.so
7f65cf82e000-7f65cf832000 r--p 001bf000 08:01 3932247                    /lib/x86_64-linux-gnu/libc-2.23.so
7f65cf832000-7f65cf834000 rw-p 001c3000 08:01 3932247                    /lib/x86_64-linux-gnu/libc-2.23.so
7f65cf834000-7f65cf838000 rw-p 00000000 00:00 0 
7f65cf838000-7f65cf83b000 r-xp 00000000 08:01 3932243                    /lib/x86_64-linux-gnu/libdl-2.23.so
7f65cf83b000-7f65cfa3a000 ---p 00003000 08:01 3932243                    /lib/x86_64-linux-gnu/libdl-2.23.so
7f65cfa3a000-7f65cfa3b000 r--p 00002000 08:01 3932243                    /lib/x86_64-linux-gnu/libdl-2.23.so
7f65cfa3b000-7f65cfa3c000 rw-p 00003000 08:01 3932243                    /lib/x86_64-linux-gnu/libdl-2.23.so
7f65cfa3c000-7f65cfa51000 r-xp 00000000 08:01 8783943                    /home/elixandrebaldi/jdk1.8.0_111/lib/amd64/jli/libjli.so
7f65cfa51000-7f65cfc51000 ---p 00015000 08:01 8783943                    /home/elixandrebaldi/jdk1.8.0_111/lib/amd64/jli/libjli.so
7f65cfc51000-7f65cfc52000 rw-p 00015000 08:01 8783943                    /home/elixandrebaldi/jdk1.8.0_111/lib/amd64/jli/libjli.so
7f65cfc52000-7f65cfc6a000 r-xp 00000000 08:01 3932258                    /lib/x86_64-linux-gnu/libpthread-2.23.so
7f65cfc6a000-7f65cfe69000 ---p 00018000 08:01 3932258                    /lib/x86_64-linux-gnu/libpthread-2.23.so
7f65cfe69000-7f65cfe6a000 r--p 00017000 08:01 3932258                    /lib/x86_64-linux-gnu/libpthread-2.23.so
7f65cfe6a000-7f65cfe6b000 rw-p 00018000 08:01 3932258                    /lib/x86_64-linux-gnu/libpthread-2.23.so
7f65cfe6b000-7f65cfe6f000 rw-p 00000000 00:00 0 
7f65cfe6f000-7f65cfe95000 r-xp 00000000 08:01 3932248                    /lib/x86_64-linux-gnu/ld-2.23.so
7f65cfe9a000-7f65cff72000 rw-p 00000000 00:00 0 
7f65cff72000-7f65cff75000 ---p 00000000 00:00 0 
7f65cff75000-7f65d0077000 rw-p 00000000 00:00 0 
7f65d0080000-7f65d0085000 r--s 00096000 08:01 8783911                    /home/elixandrebaldi/jdk1.8.0_111/jre/lib/jsse.jar
7f65d0085000-7f65d0088000 r--s 00f76000 08:01 8524426                    /home/elixandrebaldi/Documentos/VCubeDHT/simgrid.jar
7f65d0088000-7f65d0090000 rw-s 00000000 08:01 2359380                    /tmp/hsperfdata_elixandrebaldi/5470
7f65d0090000-7f65d0091000 rw-p 00000000 00:00 0 
7f65d0091000-7f65d0092000 r--p 00000000 00:00 0 
7f65d0092000-7f65d0094000 rw-p 00000000 00:00 0 
7f65d0094000-7f65d0095000 r--p 00025000 08:01 3932248                    /lib/x86_64-linux-gnu/ld-2.23.so
7f65d0095000-7f65d0096000 rw-p 00026000 08:01 3932248                    /lib/x86_64-linux-gnu/ld-2.23.so
7f65d0096000-7f65d0097000 rw-p 00000000 00:00 0 
7ffcdd30e000-7ffcdd32f000 rw-p 00000000 00:00 0                          [stack]
7ffcdd3f6000-7ffcdd3f8000 r--p 00000000 00:00 0                          [vvar]
7ffcdd3f8000-7ffcdd3fa000 r-xp 00000000 00:00 0                          [vdso]
ffffffffff600000-ffffffffff601000 r-xp 00000000 00:00 0                  [vsyscall]

VM Arguments:
jvm_args: -Xdebug -Xrunjdwp:transport=dt_socket,address=localhost:36619 -Dfile.encoding=UTF-8 
java_command: vcube.VCube platform.xml deployment.xml
java_class_path (initial): /home/elixandrebaldi/Documentos/VCubeDHT/simgrid.jar:/home/elixandrebaldi/Documentos/VCubeDHT/VCube/build/classes
Launcher Type: SUN_STANDARD

Environment Variables:
PATH=/home/elixandrebaldi/bin:/home/elixandrebaldi/.local/bin:/usr/local/sbin:/usr/local/bin:/usr/sbin:/usr/bin:/sbin:/bin:/usr/games:/usr/local/games
LD_LIBRARY_PATH=/home/elixandrebaldi/jdk1.8.0_111/jre/lib/amd64:/home/elixandrebaldi/jdk1.8.0_111/jre/lib/i386:
SHELL=/bin/bash
DISPLAY=:0

Signal Handlers:
SIGSEGV: [libjvm.so+0xac64b0], sa_mask[0]=11111111011111111101111111111110, sa_flags=SA_RESTART|SA_SIGINFO
SIGBUS: [libjvm.so+0xac64b0], sa_mask[0]=11111111011111111101111111111110, sa_flags=SA_RESTART|SA_SIGINFO
SIGFPE: [libjvm.so+0x91f950], sa_mask[0]=11111111011111111101111111111110, sa_flags=SA_RESTART|SA_SIGINFO
SIGPIPE: [libjvm.so+0x91f950], sa_mask[0]=11111111011111111101111111111110, sa_flags=SA_RESTART|SA_SIGINFO
SIGXFSZ: [libjvm.so+0x91f950], sa_mask[0]=11111111011111111101111111111110, sa_flags=SA_RESTART|SA_SIGINFO
SIGILL: [libjvm.so+0x91f950], sa_mask[0]=11111111011111111101111111111110, sa_flags=SA_RESTART|SA_SIGINFO
SIGUSR1: SIG_DFL, sa_mask[0]=00000000000000000000000000000000, sa_flags=none
SIGUSR2: [libjvm.so+0x920f80], sa_mask[0]=00100000000000000000000000000000, sa_flags=SA_RESTART|SA_SIGINFO
SIGHUP: [libjvm.so+0x922380], sa_mask[0]=11111111011111111101111111111110, sa_flags=SA_RESTART|SA_SIGINFO
SIGINT: [libsimgrid.so+0x8ff50], sa_mask[0]=01000000000000000000000000000000, sa_flags=SA_RESTART
SIGTERM: [libjvm.so+0x922380], sa_mask[0]=11111111011111111101111111111110, sa_flags=SA_RESTART|SA_SIGINFO
SIGQUIT: [libjvm.so+0x922380], sa_mask[0]=11111111011111111101111111111110, sa_flags=SA_RESTART|SA_SIGINFO


---------------  S Y S T E M  ---------------

OS:DISTRIB_ID="elementary"
DISTRIB_RELEASE=0.4.1
DISTRIB_CODENAME=loki
DISTRIB_DESCRIPTION="elementary OS 0.4.1 Loki"

uname:Linux 4.4.0-79-generic #100-Ubuntu SMP Wed May 17 19:58:14 UTC 2017 x86_64
libc:glibc 2.23 NPTL 2.23 
rlimit: STACK 8192k, CORE 0k, NPROC 14991, NOFILE 65536, AS infinity
load average:1.19 0.65 0.82

/proc/meminfo:
MemTotal:        3878592 kB
MemFree:          131772 kB
MemAvailable:     990936 kB
Buffers:          129924 kB
Cached:          1052880 kB
SwapCached:         1280 kB
Active:          2494256 kB
Inactive:         993100 kB
Active(anon):    1892612 kB
Inactive(anon):   592336 kB
Active(file):     601644 kB
Inactive(file):   400764 kB
Unevictable:          48 kB
Mlocked:              48 kB
SwapTotal:       4025340 kB
SwapFree:        4003104 kB
Dirty:                96 kB
Writeback:             0 kB
AnonPages:       2303360 kB
Mapped:           398668 kB
Shmem:            180536 kB
Slab:             153568 kB
SReclaimable:     118504 kB
SUnreclaim:        35064 kB
KernelStack:        9568 kB
PageTables:        37420 kB
NFS_Unstable:          0 kB
Bounce:                0 kB
WritebackTmp:          0 kB
CommitLimit:     5964636 kB
Committed_AS:    6299860 kB
VmallocTotal:   34359738367 kB
VmallocUsed:           0 kB
VmallocChunk:          0 kB
HardwareCorrupted:     0 kB
AnonHugePages:    802816 kB
CmaTotal:              0 kB
CmaFree:               0 kB
HugePages_Total:       0
HugePages_Free:        0
HugePages_Rsvd:        0
HugePages_Surp:        0
Hugepagesize:       2048 kB
DirectMap4k:      156408 kB
DirectMap2M:     3870720 kB


CPU:total 4 (2 cores per cpu, 2 threads per core) family 6 model 58 stepping 9, cmov, cx8, fxsr, mmx, sse, sse2, sse3, ssse3, sse4.1, sse4.2, popcnt, avx, clmul, erms, ht, tsc, tscinvbit, tscinv

/proc/cpuinfo:
processor	: 0
vendor_id	: GenuineIntel
cpu family	: 6
model		: 58
model name	: Intel(R) Core(TM) i7-3517U CPU @ 1.90GHz
stepping	: 9
microcode	: 0x12
cpu MHz		: 2791.125
cache size	: 4096 KB
physical id	: 0
siblings	: 4
core id		: 0
cpu cores	: 2
apicid		: 0
initial apicid	: 0
fpu		: yes
fpu_exception	: yes
cpuid level	: 13
wp		: yes
flags		: fpu vme de pse tsc msr pae mce cx8 apic sep mtrr pge mca cmov pat pse36 clflush dts acpi mmx fxsr sse sse2 ss ht tm pbe syscall nx rdtscp lm constant_tsc arch_perfmon pebs bts rep_good nopl xtopology nonstop_tsc aperfmperf eagerfpu pni pclmulqdq dtes64 monitor ds_cpl vmx est tm2 ssse3 cx16 xtpr pdcm pcid sse4_1 sse4_2 x2apic popcnt tsc_deadline_timer xsave avx f16c rdrand lahf_lm epb tpr_shadow vnmi flexpriority ept vpid fsgsbase smep erms xsaveopt dtherm ida arat pln pts
bugs		:
bogomips	: 4788.84
clflush size	: 64
cache_alignment	: 64
address sizes	: 36 bits physical, 48 bits virtual
power management:

processor	: 1
vendor_id	: GenuineIntel
cpu family	: 6
model		: 58
model name	: Intel(R) Core(TM) i7-3517U CPU @ 1.90GHz
stepping	: 9
microcode	: 0x12
cpu MHz		: 2799.937
cache size	: 4096 KB
physical id	: 0
siblings	: 4
core id		: 0
cpu cores	: 2
apicid		: 1
initial apicid	: 1
fpu		: yes
fpu_exception	: yes
cpuid level	: 13
wp		: yes
flags		: fpu vme de pse tsc msr pae mce cx8 apic sep mtrr pge mca cmov pat pse36 clflush dts acpi mmx fxsr sse sse2 ss ht tm pbe syscall nx rdtscp lm constant_tsc arch_perfmon pebs bts rep_good nopl xtopology nonstop_tsc aperfmperf eagerfpu pni pclmulqdq dtes64 monitor ds_cpl vmx est tm2 ssse3 cx16 xtpr pdcm pcid sse4_1 sse4_2 x2apic popcnt tsc_deadline_timer xsave avx f16c rdrand lahf_lm epb tpr_shadow vnmi flexpriority ept vpid fsgsbase smep erms xsaveopt dtherm ida arat pln pts
bugs		:
bogomips	: 4788.84
clflush size	: 64
cache_alignment	: 64
address sizes	: 36 bits physical, 48 bits virtual
power management:

processor	: 2
vendor_id	: GenuineIntel
cpu family	: 6
model		: 58
model name	: Intel(R) Core(TM) i7-3517U CPU @ 1.90GHz
stepping	: 9
microcode	: 0x12
cpu MHz		: 2799.937
cache size	: 4096 KB
physical id	: 0
siblings	: 4
core id		: 1
cpu cores	: 2
apicid		: 2
initial apicid	: 2
fpu		: yes
fpu_exception	: yes
cpuid level	: 13
wp		: yes
flags		: fpu vme de pse tsc msr pae mce cx8 apic sep mtrr pge mca cmov pat pse36 clflush dts acpi mmx fxsr sse sse2 ss ht tm pbe syscall nx rdtscp lm constant_tsc arch_perfmon pebs bts rep_good nopl xtopology nonstop_tsc aperfmperf eagerfpu pni pclmulqdq dtes64 monitor ds_cpl vmx est tm2 ssse3 cx16 xtpr pdcm pcid sse4_1 sse4_2 x2apic popcnt tsc_deadline_timer xsave avx f16c rdrand lahf_lm epb tpr_shadow vnmi flexpriority ept vpid fsgsbase smep erms xsaveopt dtherm ida arat pln pts
bugs		:
bogomips	: 4788.84
clflush size	: 64
cache_alignment	: 64
address sizes	: 36 bits physical, 48 bits virtual
power management:

processor	: 3
vendor_id	: GenuineIntel
cpu family	: 6
model		: 58
model name	: Intel(R) Core(TM) i7-3517U CPU @ 1.90GHz
stepping	: 9
microcode	: 0x12
cpu MHz		: 2783.718
cache size	: 4096 KB
physical id	: 0
siblings	: 4
core id		: 1
cpu cores	: 2
apicid		: 3
initial apicid	: 3
fpu		: yes
fpu_exception	: yes
cpuid level	: 13
wp		: yes
flags		: fpu vme de pse tsc msr pae mce cx8 apic sep mtrr pge mca cmov pat pse36 clflush dts acpi mmx fxsr sse sse2 ss ht tm pbe syscall nx rdtscp lm constant_tsc arch_perfmon pebs bts rep_good nopl xtopology nonstop_tsc aperfmperf eagerfpu pni pclmulqdq dtes64 monitor ds_cpl vmx est tm2 ssse3 cx16 xtpr pdcm pcid sse4_1 sse4_2 x2apic popcnt tsc_deadline_timer xsave avx f16c rdrand lahf_lm epb tpr_shadow vnmi flexpriority ept vpid fsgsbase smep erms xsaveopt dtherm ida arat pln pts
bugs		:
bogomips	: 4788.84
clflush size	: 64
cache_alignment	: 64
address sizes	: 36 bits physical, 48 bits virtual
power management:



Memory: 4k page, physical 3878592k(131772k free), swap 4025340k(4003104k free)

vm_info: Java HotSpot(TM) 64-Bit Server VM (25.111-b14) for linux-amd64 JRE (1.8.0_111-b14), built on Sep 22 2016 16:14:03 by "java_re" with gcc 4.3.0 20080428 (Red Hat 4.3.0-8)

time: Mon Jun 12 14:02:56 2017
elapsed time: 32 seconds (0d 0h 0m 32s)

