#
# A fatal error has been detected by the Java Runtime Environment:
#
#  SIGSEGV (0xb) at pc=0x00007f6fe4341263, pid=4036, tid=140118573500160
#
# JRE version: Java(TM) SE Runtime Environment (7.0_80-b15) (build 1.7.0_80-b15)
# Java VM: Java HotSpot(TM) 64-Bit Server VM (24.80-b11 mixed mode linux-amd64 compressed oops)
# Problematic frame:
# C  [libsimgrid.so+0x190263]  xbt_dynar_member+0x23
#
# Failed to write core dump. Core dumps have been disabled. To enable core dumping, try "ulimit -c unlimited" before starting Java again
#
# If you would like to submit a bug report, please visit:
#   http://bugreport.java.com/bugreport/crash.jsp
#

---------------  T H R E A D  ---------------

Current thread (0x00007f6ff806a000):  VMThread [stack: 0x00007f6fe5bcc000,0x00007f6fe5ccd000] [id=4046]

siginfo:si_signo=SIGSEGV: si_errno=0, si_code=1 (SEGV_MAPERR), si_addr=0x0000000000000000

Registers:
RAX=0x0000000000000000, RBX=0x00007f6fe46ad700, RCX=0x00007f6fe46b8790, RDX=0x00007f6fe5ccca30
RSP=0x00007f6fe5ccb910, RBP=0x00007f6ff81349c0, RSI=0x00007f6fe5ccbab8, RDI=0x00007f6fe5ccb9d0
R8 =0x00007f6ff812b9d0, R9 =0x0000000000000001, R10=0x0000000000000c58, R11=0x00007f6fe4341240
R12=0x00007f6fe46b8790, R13=0x00007f6ff8114a30, R14=0x00000000000003d8, R15=0x00007f6ff8027e58
RIP=0x00007f6fe4341263, EFLAGS=0x0000000000010202, CSGSFS=0x0000000000000033, ERR=0x0000000000000004
  TRAPNO=0x000000000000000e

Top of Stack: (sp=0x00007f6fe5ccb910)
0x00007f6fe5ccb910:   00007f6ff81133d0 00007f6fe5ccb930
0x00007f6fe5ccb920:   00007f6ff812ba40 00007f6fe5ccbab8
0x00007f6fe5ccb930:   00000000ffffffff 00007f6ff823e610
0x00007f6fe5ccb940:   00007f6fe41ca628 00007f6ff81133d0
0x00007f6fe5ccb950:   00007f6ff5063700 00007f6ff823e610
0x00007f6fe5ccb960:   00007f6ff813c0e0 00007f6f00000001
0x00007f6fe5ccb970:   0000000000000000 0000000000000000
0x00007f6fe5ccb980:   00007f6ff813c210 00007f6ff813c240
0x00007f6fe5ccb990:   00000000000003d8 00007f6ff823efe0
0x00007f6fe5ccb9a0:   00007f6fe4678400 00007f6fe467cde8
0x00007f6fe5ccb9b0:   00007f6fe46b8790 00007f6ff8114a30
0x00007f6fe5ccb9c0:   00000000000003d8 00007f6ff8027e58
0x00007f6fe5ccb9d0:   0000000000000000 00007f6fff5d29ad
0x00007f6fe5ccb9e0:   0000000000000005 0000000000000000
0x00007f6fe5ccb9f0:   00007f6ff8114a30 00007f6fe41ca628
0x00007f6fe5ccba00:   00007f6fe46ad700 00007f6ff81349c0
0x00007f6fe5ccba10:   00007f6fe46b8790 00007f6fff5d9f30
0x00007f6fe5ccba20:   00007f6ff820c5b0 00007f6fe4678400
0x00007f6fe5ccba30:   00007f6ff813a800 00007f6fe435e1a7
0x00007f6fe5ccba40:   00007f6ff8135e98 00007f6ff8135dc0
0x00007f6fe5ccba50:   00007f6ff8135fc0 00007f6ff8128040
0x00007f6fe5ccba60:   00007f6ff8158e80 00007f6fe46b8790
0x00007f6fe5ccba70:   00007f6ff812b9d0 00007f6fe5ccbab8
0x00007f6fe5ccba80:   00007f6ff812ba40 00007f6ff812b9d0
0x00007f6fe5ccba90:   0000000000000001 00007f6ff81133d0
0x00007f6fe5ccbaa0:   00007f6fe46ad700 00007f6fe435e34f
0x00007f6fe5ccbab0:   0000000000000000 00007f6ff813a800
0x00007f6fe5ccbac0:   0000000000000005 0000000000000000
0x00007f6fe5ccbad0:   00007f6ff8027e58 00007f6fe46b0a98
0x00007f6fe5ccbae0:   00007f6ff812dc30 0000000000000001
0x00007f6fe5ccbaf0:   00007f6ff8114a30 00007f6fe433fd37
0x00007f6fe5ccbb00:   00007f6ff8114a30 00007f6fe46b0098 

Instructions: (pc=0x00007f6fe4341263)
0x00007f6fe4341243:   ec 90 01 00 00 48 8b 05 01 a2 33 00 48 89 7c 24
0x00007f6fe4341253:   10 48 89 74 24 18 ff 10 48 8d bc 24 c0 00 00 00
0x00007f6fe4341263:   48 8b 08 48 89 04 24 48 89 38 48 89 4c 24 08 e8
0x00007f6fe4341273:   79 31 ed ff 85 c0 74 75 48 8b 14 24 c7 42 08 01 

Register to memory mapping:

RAX=0x0000000000000000 is an unknown value
RBX=0x00007f6fe46ad700: _simgrid_log_category__simix_process+0 in /tmp/simgrid-java1691683904525805444/libsimgrid.so at 0x00007f6fe41b1000
RCX=0x00007f6fe46b8790: simix_global+0 in /tmp/simgrid-java1691683904525805444/libsimgrid.so at 0x00007f6fe41b1000
RDX=0x00007f6fe5ccca30 is an unknown value
RSP=0x00007f6fe5ccb910 is an unknown value
RBP=0x00007f6ff81349c0 is an unknown value
RSI=0x00007f6fe5ccbab8 is an unknown value
RDI=0x00007f6fe5ccb9d0 is an unknown value
R8 =0x00007f6ff812b9d0 is an unknown value
R9 =0x0000000000000001 is an unknown value
R10=0x0000000000000c58 is an unknown value
R11=0x00007f6fe4341240: xbt_dynar_member+0 in /tmp/simgrid-java1691683904525805444/libsimgrid.so at 0x00007f6fe41b1000
R12=0x00007f6fe46b8790: simix_global+0 in /tmp/simgrid-java1691683904525805444/libsimgrid.so at 0x00007f6fe41b1000
R13=0x00007f6ff8114a30 is an unknown value
R14=0x00000000000003d8 is an unknown value
R15=0x00007f6ff8027e58 is an unknown value


Stack: [0x00007f6fe5bcc000,0x00007f6fe5ccd000],  sp=0x00007f6fe5ccb910,  free space=1022k
Native frames: (J=compiled Java code, j=interpreted, Vv=VM code, C=native code)
C  [libsimgrid.so+0x190263]  xbt_dynar_member+0x23

VM_Operation (0x00007f6fe41af7b0): Exit, mode: safepoint, requested by thread 0x00007f6fcc001000


---------------  P R O C E S S  ---------------

Java Threads: ( => current thread )
  0x00007f6fcc001000 JavaThread "SIGTERM handler" daemon [_thread_blocked, id=4062, stack(0x00007f6fe40b0000,0x00007f6fe41b1000)]
  0x00007f6f98001000 JavaThread "Thread-7" [_thread_in_native, id=4061, stack(0x00007f6f9f7ff000,0x00007f6fa0000000)]
  0x00007f6fa4001000 JavaThread "Thread-8" [_thread_in_native, id=4060, stack(0x00007f6fc0047000,0x00007f6fc0848000)]
  0x00007f6fa0001000 JavaThread "Thread-5" [_thread_in_native, id=4059, stack(0x00007f6fc0848000,0x00007f6fc1049000)]
  0x00007f6fac001000 JavaThread "Thread-4" [_thread_in_native, id=4057, stack(0x00007f6fc184a000,0x00007f6fc204b000)]
  0x00007f6fa8001000 JavaThread "Thread-6" [_thread_blocked, id=4058, stack(0x00007f6fc1049000,0x00007f6fc184a000)]
  0x00007f6fb4001000 JavaThread "Thread-3" [_thread_in_native, id=4056, stack(0x00007f6fc204b000,0x00007f6fc284c000)]
  0x00007f6fb0001000 JavaThread "Thread-2" [_thread_in_native, id=4055, stack(0x00007f6fc284c000,0x00007f6fc304d000)]
  0x00007f6fb8001000 JavaThread "Thread-1" [_thread_in_native, id=4054, stack(0x00007f6fc304d000,0x00007f6fc384e000)]
  0x00007f6ff8099000 JavaThread "Service Thread" daemon [_thread_blocked, id=4052, stack(0x00007f6fe4ee3000,0x00007f6fe4fe4000)]
  0x00007f6ff8096800 JavaThread "C2 CompilerThread1" daemon [_thread_blocked, id=4051, stack(0x00007f6fe4fe4000,0x00007f6fe50e5000)]
  0x00007f6ff8093800 JavaThread "C2 CompilerThread0" daemon [_thread_blocked, id=4050, stack(0x00007f6fe50e5000,0x00007f6fe51e6000)]
  0x00007f6ff8070800 JavaThread "Finalizer" daemon [_thread_blocked, id=4048, stack(0x00007f6fe59ca000,0x00007f6fe5acb000)]
  0x00007f6ff806e000 JavaThread "Reference Handler" daemon [_thread_blocked, id=4047, stack(0x00007f6fe5acb000,0x00007f6fe5bcc000)]
  0x00007f6ff8009800 JavaThread "main" [_thread_in_native, id=4038, stack(0x00007f6fff6c6000,0x00007f6fff7c7000)]

Other Threads:
=>0x00007f6ff806a000 VMThread [stack: 0x00007f6fe5bcc000,0x00007f6fe5ccd000] [id=4046]

VM state:at safepoint (shutting down)

VM Mutex/Monitor currently owned by a thread:  ([mutex/lock_event])
[0x00007f6ff80061b0] Threads_lock - owner thread: 0x00007f6ff806a000

Heap
 PSYoungGen      total 17920K, used 13827K [0x00000000ec400000, 0x00000000ed800000, 0x0000000100000000)
  eden space 15360K, 90% used [0x00000000ec400000,0x00000000ed180c28,0x00000000ed300000)
  from space 2560K, 0% used [0x00000000ed580000,0x00000000ed580000,0x00000000ed800000)
  to   space 2560K, 0% used [0x00000000ed300000,0x00000000ed300000,0x00000000ed580000)
 ParOldGen       total 40448K, used 0K [0x00000000c4c00000, 0x00000000c7380000, 0x00000000ec400000)
  object space 40448K, 0% used [0x00000000c4c00000,0x00000000c4c00000,0x00000000c7380000)
 PSPermGen       total 21504K, used 3911K [0x00000000bfa00000, 0x00000000c0f00000, 0x00000000c4c00000)
  object space 21504K, 18% used [0x00000000bfa00000,0x00000000bfdd1ff0,0x00000000c0f00000)

Card table byte_map: [0x00007f6ffc7a8000,0x00007f6ffc9ac000] byte_map_base: 0x00007f6ffc1ab000

Polling page: 0x00007f6fff7e3000

Code Cache  [0x00007f6ff5000000, 0x00007f6ff5270000, 0x00007f6ff8000000)
 total_blobs=251 nmethods=42 adapters=163 free_code_cache=48693Kb largest_free_block=49839168

Compilation events (10 events):
Event: 1.806 Thread 0x00007f6ff8093800   38             java.lang.CharacterData::of (120 bytes)
Event: 1.807 Thread 0x00007f6ff8093800 nmethod 38 0x00007f6ff506e590 code [0x00007f6ff506e6c0, 0x00007f6ff506e738]
Event: 1.807 Thread 0x00007f6ff8093800   39             java.lang.CharacterDataLatin1::getProperties (11 bytes)
Event: 1.807 Thread 0x00007f6ff8093800 nmethod 39 0x00007f6ff5070550 code [0x00007f6ff5070680, 0x00007f6ff50706f8]
Event: 1.981 Thread 0x00007f6ff8093800   40  s          java.lang.StringBuffer::append (10 bytes)
Event: 1.983 Thread 0x00007f6ff8093800 nmethod 40 0x00007f6ff5072bd0 code [0x00007f6ff5072d20, 0x00007f6ff5073048]
Event: 1.987 Thread 0x00007f6ff8093800   41             vcube.Node::imprimirTimestemp (72 bytes)
Event: 1.991 Thread 0x00007f6ff8096800   42             vcube.Node::imprimirTimestempStatus (72 bytes)
Event: 2.004 Thread 0x00007f6ff8096800 nmethod 42 0x00007f6ff50722d0 code [0x00007f6ff5072460, 0x00007f6ff50729a8]
Event: 2.018 Thread 0x00007f6ff8093800 nmethod 41 0x00007f6ff5074250 code [0x00007f6ff50743e0, 0x00007f6ff5074928]

GC Heap History (0 events):
No events

Deoptimization events (0 events):
No events

Internal exceptions (10 events):
Event: 2.039 Thread 0x00007f6f98001000 Threw 0x00000000ed05f838 at /HUDSON/workspace/7u-2-build-linux-amd64/jdk7u80/2329/hotspot/src/share/vm/prims/jni.cpp:743
Event: 2.039 Thread 0x00007f6fb8001000 Threw 0x00000000ece79e18 at /HUDSON/workspace/7u-2-build-linux-amd64/jdk7u80/2329/hotspot/src/share/vm/prims/jni.cpp:743
Event: 2.044 Thread 0x00007f6fa4001000 Threw 0x00000000ecee9468 at /HUDSON/workspace/7u-2-build-linux-amd64/jdk7u80/2329/hotspot/src/share/vm/prims/jni.cpp:743
Event: 2.044 Thread 0x00007f6fa0001000 Threw 0x00000000ecf35dc8 at /HUDSON/workspace/7u-2-build-linux-amd64/jdk7u80/2329/hotspot/src/share/vm/prims/jni.cpp:743
Event: 2.044 Thread 0x00007f6fac001000 Threw 0x00000000ecf823c8 at /HUDSON/workspace/7u-2-build-linux-amd64/jdk7u80/2329/hotspot/src/share/vm/prims/jni.cpp:743
Event: 2.047 Thread 0x00007f6fb8001000 Threw 0x00000000ece7b830 at /HUDSON/workspace/7u-2-build-linux-amd64/jdk7u80/2329/hotspot/src/share/vm/prims/jni.cpp:743
Event: 2.051 Thread 0x00007f6f98001000 Threw 0x00000000ed061490 at /HUDSON/workspace/7u-2-build-linux-amd64/jdk7u80/2329/hotspot/src/share/vm/prims/jni.cpp:743
Event: 2.052 Thread 0x00007f6fa8001000 Threw 0x00000000ed01af80 at /HUDSON/workspace/7u-2-build-linux-amd64/jdk7u80/2329/hotspot/src/share/vm/prims/jni.cpp:743
Event: 2.052 Thread 0x00007f6fb4001000 Threw 0x00000000ecfd0658 at /HUDSON/workspace/7u-2-build-linux-amd64/jdk7u80/2329/hotspot/src/share/vm/prims/jni.cpp:743
Event: 2.052 Thread 0x00007f6fb0001000 Threw 0x00000000ece9e390 at /HUDSON/workspace/7u-2-build-linux-amd64/jdk7u80/2329/hotspot/src/share/vm/prims/jni.cpp:743

Events (10 events):
Event: 2.052 loading class 0x00007f6fd0061820
Event: 2.052 loading class 0x00007f6fd0061820 done
Event: 2.052 loading class 0x00007f6fd00617f0
Event: 2.052 loading class 0x00007f6fd00617b0
Event: 2.052 loading class 0x00007f6fd00617b0 done
Event: 2.052 loading class 0x00007f6fd00617f0 done
Event: 2.052 Thread 0x00007f6f90001000 Thread added: 0x00007f6f90001000
Event: 2.053 Thread 0x00007f6f90001000 Thread exited: 0x00007f6f90001000
Event: 2.053 Thread 0x00007f6ff8091800 Thread exited: 0x00007f6ff8091800
Event: 2.053 Executing VM operation: Exit


Dynamic libraries:
00400000-00401000 r-xp 00000000 08:07 663942                             /home/elixandre/jdk1.7.0_80/bin/java
00600000-00601000 rw-p 00000000 08:07 663942                             /home/elixandre/jdk1.7.0_80/bin/java
00984000-009a5000 rw-p 00000000 00:00 0                                  [heap]
bfa00000-c0f00000 rw-p 00000000 00:00 0 
c0f00000-c4c00000 rw-p 00000000 00:00 0 
c4c00000-c7380000 rw-p 00000000 00:00 0 
c7380000-ec400000 rw-p 00000000 00:00 0 
ec400000-ed800000 rw-p 00000000 00:00 0 
ed800000-100000000 rw-p 00000000 00:00 0 
7f6f90000000-7f6f90021000 rw-p 00000000 00:00 0 
7f6f90021000-7f6f94000000 ---p 00000000 00:00 0 
7f6f94000000-7f6f94021000 rw-p 00000000 00:00 0 
7f6f94021000-7f6f98000000 ---p 00000000 00:00 0 
7f6f98000000-7f6f9815c000 rw-p 00000000 00:00 0 
7f6f9815c000-7f6f9c000000 ---p 00000000 00:00 0 
7f6f9f6fe000-7f6f9f701000 ---p 00000000 00:00 0 
7f6f9f701000-7f6f9f7ff000 rw-p 00000000 00:00 0 
7f6f9f7ff000-7f6f9f802000 ---p 00000000 00:00 0 
7f6f9f802000-7f6fa0000000 rw-p 00000000 00:00 0 
7f6fa0000000-7f6fa0111000 rw-p 00000000 00:00 0 
7f6fa0111000-7f6fa4000000 ---p 00000000 00:00 0 
7f6fa4000000-7f6fa4111000 rw-p 00000000 00:00 0 
7f6fa4111000-7f6fa8000000 ---p 00000000 00:00 0 
7f6fa8000000-7f6fa8112000 rw-p 00000000 00:00 0 
7f6fa8112000-7f6fac000000 ---p 00000000 00:00 0 
7f6fac000000-7f6fac111000 rw-p 00000000 00:00 0 
7f6fac111000-7f6fb0000000 ---p 00000000 00:00 0 
7f6fb0000000-7f6fb0110000 rw-p 00000000 00:00 0 
7f6fb0110000-7f6fb4000000 ---p 00000000 00:00 0 
7f6fb4000000-7f6fb4111000 rw-p 00000000 00:00 0 
7f6fb4111000-7f6fb8000000 ---p 00000000 00:00 0 
7f6fb8000000-7f6fb8172000 rw-p 00000000 00:00 0 
7f6fb8172000-7f6fbc000000 ---p 00000000 00:00 0 
7f6fbc000000-7f6fbc021000 rw-p 00000000 00:00 0 
7f6fbc021000-7f6fc0000000 ---p 00000000 00:00 0 
7f6fc0047000-7f6fc004a000 ---p 00000000 00:00 0 
7f6fc004a000-7f6fc0848000 rw-p 00000000 00:00 0 
7f6fc0848000-7f6fc084b000 ---p 00000000 00:00 0 
7f6fc084b000-7f6fc1049000 rw-p 00000000 00:00 0 
7f6fc1049000-7f6fc104c000 ---p 00000000 00:00 0 
7f6fc104c000-7f6fc184a000 rw-p 00000000 00:00 0 
7f6fc184a000-7f6fc184d000 ---p 00000000 00:00 0 
7f6fc184d000-7f6fc204b000 rw-p 00000000 00:00 0 
7f6fc204b000-7f6fc204e000 ---p 00000000 00:00 0 
7f6fc204e000-7f6fc284c000 rw-p 00000000 00:00 0 
7f6fc284c000-7f6fc284f000 ---p 00000000 00:00 0 
7f6fc284f000-7f6fc304d000 rw-p 00000000 00:00 0 
7f6fc304d000-7f6fc3050000 ---p 00000000 00:00 0 
7f6fc3050000-7f6fc384e000 rw-p 00000000 00:00 0 
7f6fc384e000-7f6fc3866000 r-xp 00000000 08:07 544849                     /tmp/simgrid-java1691683904525805444/libsimgrid-java.so (deleted)
7f6fc3866000-7f6fc3a66000 ---p 00018000 08:07 544849                     /tmp/simgrid-java1691683904525805444/libsimgrid-java.so (deleted)
7f6fc3a66000-7f6fc3a67000 rw-p 00018000 08:07 544849                     /tmp/simgrid-java1691683904525805444/libsimgrid-java.so (deleted)
7f6fc3a67000-7f6fc3a7d000 r-xp 00000000 08:07 528568                     /lib/x86_64-linux-gnu/libgcc_s.so.1
7f6fc3a7d000-7f6fc3c7c000 ---p 00016000 08:07 528568                     /lib/x86_64-linux-gnu/libgcc_s.so.1
7f6fc3c7c000-7f6fc3c7d000 r--p 00015000 08:07 528568                     /lib/x86_64-linux-gnu/libgcc_s.so.1
7f6fc3c7d000-7f6fc3c7e000 rw-p 00016000 08:07 528568                     /lib/x86_64-linux-gnu/libgcc_s.so.1
7f6fc3c7e000-7f6fc3df1000 r-xp 00000000 08:07 1059329                    /usr/lib/x86_64-linux-gnu/libstdc++.so.6.0.21
7f6fc3df1000-7f6fc3ff0000 ---p 00173000 08:07 1059329                    /usr/lib/x86_64-linux-gnu/libstdc++.so.6.0.21
7f6fc3ff0000-7f6fc3ffa000 r--p 00172000 08:07 1059329                    /usr/lib/x86_64-linux-gnu/libstdc++.so.6.0.21
7f6fc3ffa000-7f6fc3ffc000 rw-p 0017c000 08:07 1059329                    /usr/lib/x86_64-linux-gnu/libstdc++.so.6.0.21
7f6fc3ffc000-7f6fc4000000 rw-p 00000000 00:00 0 
7f6fc4000000-7f6fc41d7000 rw-p 00000000 00:00 0 
7f6fc41d7000-7f6fc8000000 ---p 00000000 00:00 0 
7f6fc8000000-7f6fc8021000 rw-p 00000000 00:00 0 
7f6fc8021000-7f6fcc000000 ---p 00000000 00:00 0 
7f6fcc000000-7f6fcc021000 rw-p 00000000 00:00 0 
7f6fcc021000-7f6fd0000000 ---p 00000000 00:00 0 
7f6fd0000000-7f6fd0164000 rw-p 00000000 00:00 0 
7f6fd0164000-7f6fd4000000 ---p 00000000 00:00 0 
7f6fd4000000-7f6fd4021000 rw-p 00000000 00:00 0 
7f6fd4021000-7f6fd8000000 ---p 00000000 00:00 0 
7f6fd8000000-7f6fd8021000 rw-p 00000000 00:00 0 
7f6fd8021000-7f6fdc000000 ---p 00000000 00:00 0 
7f6fdc000000-7f6fdc021000 rw-p 00000000 00:00 0 
7f6fdc021000-7f6fe0000000 ---p 00000000 00:00 0 
7f6fe0000000-7f6fe0021000 rw-p 00000000 00:00 0 
7f6fe0021000-7f6fe4000000 ---p 00000000 00:00 0 
7f6fe40b0000-7f6fe40b3000 ---p 00000000 00:00 0 
7f6fe40b3000-7f6fe41b1000 rw-p 00000000 00:00 0 
7f6fe41b1000-7f6fe4476000 r-xp 00000000 08:07 544847                     /tmp/simgrid-java1691683904525805444/libsimgrid.so (deleted)
7f6fe4476000-7f6fe4676000 ---p 002c5000 08:07 544847                     /tmp/simgrid-java1691683904525805444/libsimgrid.so (deleted)
7f6fe4676000-7f6fe46b1000 rw-p 002c5000 08:07 544847                     /tmp/simgrid-java1691683904525805444/libsimgrid.so (deleted)
7f6fe46b1000-7f6fe49ba000 rw-p 00000000 00:00 0 
7f6fe49ba000-7f6fe49d1000 r-xp 00000000 08:07 663689                     /home/elixandre/jdk1.7.0_80/jre/lib/amd64/libnet.so
7f6fe49d1000-7f6fe4bd0000 ---p 00017000 08:07 663689                     /home/elixandre/jdk1.7.0_80/jre/lib/amd64/libnet.so
7f6fe4bd0000-7f6fe4bd1000 rw-p 00016000 08:07 663689                     /home/elixandre/jdk1.7.0_80/jre/lib/amd64/libnet.so
7f6fe4bd1000-7f6fe4be1000 r-xp 00000000 08:07 663688                     /home/elixandre/jdk1.7.0_80/jre/lib/amd64/libnio.so
7f6fe4be1000-7f6fe4de1000 ---p 00010000 08:07 663688                     /home/elixandre/jdk1.7.0_80/jre/lib/amd64/libnio.so
7f6fe4de1000-7f6fe4de2000 rw-p 00010000 08:07 663688                     /home/elixandre/jdk1.7.0_80/jre/lib/amd64/libnio.so
7f6fe4de2000-7f6fe4de3000 ---p 00000000 00:00 0 
7f6fe4de3000-7f6fe4ee3000 rw-p 00000000 00:00 0 
7f6fe4ee3000-7f6fe4ee6000 ---p 00000000 00:00 0 
7f6fe4ee6000-7f6fe4fe4000 rw-p 00000000 00:00 0 
7f6fe4fe4000-7f6fe4fe7000 ---p 00000000 00:00 0 
7f6fe4fe7000-7f6fe50e5000 rw-p 00000000 00:00 0 
7f6fe50e5000-7f6fe50e8000 ---p 00000000 00:00 0 
7f6fe50e8000-7f6fe51e6000 rw-p 00000000 00:00 0 
7f6fe51e6000-7f6fe51e9000 ---p 00000000 00:00 0 
7f6fe51e9000-7f6fe52e7000 rw-p 00000000 00:00 0 
7f6fe52e7000-7f6fe59ca000 r--p 00000000 08:07 1055607                    /usr/lib/locale/locale-archive
7f6fe59ca000-7f6fe59cd000 ---p 00000000 00:00 0 
7f6fe59cd000-7f6fe5acb000 rw-p 00000000 00:00 0 
7f6fe5acb000-7f6fe5ace000 ---p 00000000 00:00 0 
7f6fe5ace000-7f6fe5bcc000 rw-p 00000000 00:00 0 
7f6fe5bcc000-7f6fe5bcd000 ---p 00000000 00:00 0 
7f6fe5bcd000-7f6fe8000000 rw-p 00000000 00:00 0 
7f6fe8000000-7f6fe8021000 rw-p 00000000 00:00 0 
7f6fe8021000-7f6fec000000 ---p 00000000 00:00 0 
7f6fec000000-7f6fec021000 rw-p 00000000 00:00 0 
7f6fec021000-7f6ff0000000 ---p 00000000 00:00 0 
7f6ff0000000-7f6ff0021000 rw-p 00000000 00:00 0 
7f6ff0021000-7f6ff4000000 ---p 00000000 00:00 0 
7f6ff4073000-7f6ff4d6f000 rw-p 00000000 00:00 0 
7f6ff4d6f000-7f6ff4f2f000 r--s 039fb000 08:07 663892                     /home/elixandre/jdk1.7.0_80/jre/lib/rt.jar
7f6ff4f2f000-7f6ff5000000 rw-p 00000000 00:00 0 
7f6ff5000000-7f6ff5270000 rwxp 00000000 00:00 0 
7f6ff5270000-7f6ff83eb000 rw-p 00000000 00:00 0 
7f6ff83eb000-7f6ffc000000 ---p 00000000 00:00 0 
7f6ffc014000-7f6ffc23f000 rw-p 00000000 00:00 0 
7f6ffc23f000-7f6ffc240000 ---p 00000000 00:00 0 
7f6ffc240000-7f6ffc340000 rw-p 00000000 00:00 0 
7f6ffc340000-7f6ffc341000 ---p 00000000 00:00 0 
7f6ffc341000-7f6ffc441000 rw-p 00000000 00:00 0 
7f6ffc441000-7f6ffc442000 ---p 00000000 00:00 0 
7f6ffc442000-7f6ffc542000 rw-p 00000000 00:00 0 
7f6ffc542000-7f6ffc543000 ---p 00000000 00:00 0 
7f6ffc543000-7f6ffc64e000 rw-p 00000000 00:00 0 
7f6ffc64e000-7f6ffc66c000 rw-p 00000000 00:00 0 
7f6ffc66c000-7f6ffc680000 rw-p 00000000 00:00 0 
7f6ffc680000-7f6ffc7a8000 rw-p 00000000 00:00 0 
7f6ffc7a8000-7f6ffc7b3000 rw-p 00000000 00:00 0 
7f6ffc7b3000-7f6ffc7d1000 rw-p 00000000 00:00 0 
7f6ffc7d1000-7f6ffc7e5000 rw-p 00000000 00:00 0 
7f6ffc7e5000-7f6ffc90d000 rw-p 00000000 00:00 0 
7f6ffc90d000-7f6ffc917000 rw-p 00000000 00:00 0 
7f6ffc917000-7f6ffc9ab000 rw-p 00000000 00:00 0 
7f6ffc9ab000-7f6ffc9ac000 rw-p 00000000 00:00 0 
7f6ffc9ac000-7f6ffc9c3000 r-xp 00000000 08:07 663687                     /home/elixandre/jdk1.7.0_80/jre/lib/amd64/libzip.so
7f6ffc9c3000-7f6ffcbc3000 ---p 00017000 08:07 663687                     /home/elixandre/jdk1.7.0_80/jre/lib/amd64/libzip.so
7f6ffcbc3000-7f6ffcbc4000 rw-p 00017000 08:07 663687                     /home/elixandre/jdk1.7.0_80/jre/lib/amd64/libzip.so
7f6ffcbc4000-7f6ffcbce000 r-xp 00000000 08:07 529521                     /lib/x86_64-linux-gnu/libnss_files-2.21.so
7f6ffcbce000-7f6ffcdce000 ---p 0000a000 08:07 529521                     /lib/x86_64-linux-gnu/libnss_files-2.21.so
7f6ffcdce000-7f6ffcdcf000 r--p 0000a000 08:07 529521                     /lib/x86_64-linux-gnu/libnss_files-2.21.so
7f6ffcdcf000-7f6ffcdd0000 rw-p 0000b000 08:07 529521                     /lib/x86_64-linux-gnu/libnss_files-2.21.so
7f6ffcdd0000-7f6ffcddb000 r-xp 00000000 08:07 529535                     /lib/x86_64-linux-gnu/libnss_nis-2.21.so
7f6ffcddb000-7f6ffcfda000 ---p 0000b000 08:07 529535                     /lib/x86_64-linux-gnu/libnss_nis-2.21.so
7f6ffcfda000-7f6ffcfdb000 r--p 0000a000 08:07 529535                     /lib/x86_64-linux-gnu/libnss_nis-2.21.so
7f6ffcfdb000-7f6ffcfdc000 rw-p 0000b000 08:07 529535                     /lib/x86_64-linux-gnu/libnss_nis-2.21.so
7f6ffcfdc000-7f6ffcff3000 r-xp 00000000 08:07 529538                     /lib/x86_64-linux-gnu/libnsl-2.21.so
7f6ffcff3000-7f6ffd1f2000 ---p 00017000 08:07 529538                     /lib/x86_64-linux-gnu/libnsl-2.21.so
7f6ffd1f2000-7f6ffd1f3000 r--p 00016000 08:07 529538                     /lib/x86_64-linux-gnu/libnsl-2.21.so
7f6ffd1f3000-7f6ffd1f4000 rw-p 00017000 08:07 529538                     /lib/x86_64-linux-gnu/libnsl-2.21.so
7f6ffd1f4000-7f6ffd1f6000 rw-p 00000000 00:00 0 
7f6ffd1f6000-7f6ffd1fe000 r-xp 00000000 08:07 529523                     /lib/x86_64-linux-gnu/libnss_compat-2.21.so
7f6ffd1fe000-7f6ffd3fd000 ---p 00008000 08:07 529523                     /lib/x86_64-linux-gnu/libnss_compat-2.21.so
7f6ffd3fd000-7f6ffd3fe000 r--p 00007000 08:07 529523                     /lib/x86_64-linux-gnu/libnss_compat-2.21.so
7f6ffd3fe000-7f6ffd3ff000 rw-p 00008000 08:07 529523                     /lib/x86_64-linux-gnu/libnss_compat-2.21.so
7f6ffd3ff000-7f6ffd428000 r-xp 00000000 08:07 663623                     /home/elixandre/jdk1.7.0_80/jre/lib/amd64/libjava.so
7f6ffd428000-7f6ffd628000 ---p 00029000 08:07 663623                     /home/elixandre/jdk1.7.0_80/jre/lib/amd64/libjava.so
7f6ffd628000-7f6ffd62a000 rw-p 00029000 08:07 663623                     /home/elixandre/jdk1.7.0_80/jre/lib/amd64/libjava.so
7f6ffd62a000-7f6ffd637000 r-xp 00000000 08:07 663501                     /home/elixandre/jdk1.7.0_80/jre/lib/amd64/libverify.so
7f6ffd637000-7f6ffd836000 ---p 0000d000 08:07 663501                     /home/elixandre/jdk1.7.0_80/jre/lib/amd64/libverify.so
7f6ffd836000-7f6ffd838000 rw-p 0000c000 08:07 663501                     /home/elixandre/jdk1.7.0_80/jre/lib/amd64/libverify.so
7f6ffd838000-7f6ffd83f000 r-xp 00000000 08:07 529522                     /lib/x86_64-linux-gnu/librt-2.21.so
7f6ffd83f000-7f6ffda3e000 ---p 00007000 08:07 529522                     /lib/x86_64-linux-gnu/librt-2.21.so
7f6ffda3e000-7f6ffda3f000 r--p 00006000 08:07 529522                     /lib/x86_64-linux-gnu/librt-2.21.so
7f6ffda3f000-7f6ffda40000 rw-p 00007000 08:07 529522                     /lib/x86_64-linux-gnu/librt-2.21.so
7f6ffda40000-7f6ffdb47000 r-xp 00000000 08:07 529524                     /lib/x86_64-linux-gnu/libm-2.21.so
7f6ffdb47000-7f6ffdd46000 ---p 00107000 08:07 529524                     /lib/x86_64-linux-gnu/libm-2.21.so
7f6ffdd46000-7f6ffdd47000 r--p 00106000 08:07 529524                     /lib/x86_64-linux-gnu/libm-2.21.so
7f6ffdd47000-7f6ffdd48000 rw-p 00107000 08:07 529524                     /lib/x86_64-linux-gnu/libm-2.21.so
7f6ffdd48000-7f6ffe8be000 r-xp 00000000 08:07 663273                     /home/elixandre/jdk1.7.0_80/jre/lib/amd64/server/libjvm.so
7f6ffe8be000-7f6ffeabd000 ---p 00b76000 08:07 663273                     /home/elixandre/jdk1.7.0_80/jre/lib/amd64/server/libjvm.so
7f6ffeabd000-7f6ffeb81000 rw-p 00b75000 08:07 663273                     /home/elixandre/jdk1.7.0_80/jre/lib/amd64/server/libjvm.so
7f6ffeb81000-7f6ffebc2000 rw-p 00000000 00:00 0 
7f6ffebc2000-7f6ffed82000 r-xp 00000000 08:07 529541                     /lib/x86_64-linux-gnu/libc-2.21.so
7f6ffed82000-7f6ffef82000 ---p 001c0000 08:07 529541                     /lib/x86_64-linux-gnu/libc-2.21.so
7f6ffef82000-7f6ffef86000 r--p 001c0000 08:07 529541                     /lib/x86_64-linux-gnu/libc-2.21.so
7f6ffef86000-7f6ffef88000 rw-p 001c4000 08:07 529541                     /lib/x86_64-linux-gnu/libc-2.21.so
7f6ffef88000-7f6ffef8c000 rw-p 00000000 00:00 0 
7f6ffef8c000-7f6ffef8f000 r-xp 00000000 08:07 529528                     /lib/x86_64-linux-gnu/libdl-2.21.so
7f6ffef8f000-7f6fff18e000 ---p 00003000 08:07 529528                     /lib/x86_64-linux-gnu/libdl-2.21.so
7f6fff18e000-7f6fff18f000 r--p 00002000 08:07 529528                     /lib/x86_64-linux-gnu/libdl-2.21.so
7f6fff18f000-7f6fff190000 rw-p 00003000 08:07 529528                     /lib/x86_64-linux-gnu/libdl-2.21.so
7f6fff190000-7f6fff1a5000 r-xp 00000000 08:07 663695                     /home/elixandre/jdk1.7.0_80/lib/amd64/jli/libjli.so
7f6fff1a5000-7f6fff3a4000 ---p 00015000 08:07 663695                     /home/elixandre/jdk1.7.0_80/lib/amd64/jli/libjli.so
7f6fff3a4000-7f6fff3a5000 rw-p 00014000 08:07 663695                     /home/elixandre/jdk1.7.0_80/lib/amd64/jli/libjli.so
7f6fff3a5000-7f6fff3bd000 r-xp 00000000 08:07 529525                     /lib/x86_64-linux-gnu/libpthread-2.21.so
7f6fff3bd000-7f6fff5bd000 ---p 00018000 08:07 529525                     /lib/x86_64-linux-gnu/libpthread-2.21.so
7f6fff5bd000-7f6fff5be000 r--p 00018000 08:07 529525                     /lib/x86_64-linux-gnu/libpthread-2.21.so
7f6fff5be000-7f6fff5bf000 rw-p 00019000 08:07 529525                     /lib/x86_64-linux-gnu/libpthread-2.21.so
7f6fff5bf000-7f6fff5c3000 rw-p 00000000 00:00 0 
7f6fff5c3000-7f6fff5e7000 r-xp 00000000 08:07 529539                     /lib/x86_64-linux-gnu/ld-2.21.so
7f6fff5f1000-7f6fff610000 rw-p 00000000 00:00 0 
7f6fff610000-7f6fff6c6000 rw-p 00000000 00:00 0 
7f6fff6c6000-7f6fff6c9000 ---p 00000000 00:00 0 
7f6fff6c9000-7f6fff7cb000 rw-p 00000000 00:00 0 
7f6fff7d3000-7f6fff7d7000 r--s 0008b000 08:07 663627                     /home/elixandre/jdk1.7.0_80/jre/lib/jsse.jar
7f6fff7d7000-7f6fff7da000 r--s 00f76000 08:07 542783                     /home/elixandre/Downloads/simgrid.jar
7f6fff7da000-7f6fff7e2000 rw-s 00000000 08:07 544733                     /tmp/hsperfdata_elixandre/4036 (deleted)
7f6fff7e2000-7f6fff7e3000 rw-p 00000000 00:00 0 
7f6fff7e3000-7f6fff7e4000 ---p 00000000 00:00 0 
7f6fff7e4000-7f6fff7e6000 rw-p 00000000 00:00 0 
7f6fff7e6000-7f6fff7e7000 r--p 00023000 08:07 529539                     /lib/x86_64-linux-gnu/ld-2.21.so
7f6fff7e7000-7f6fff7e8000 rw-p 00024000 08:07 529539                     /lib/x86_64-linux-gnu/ld-2.21.so
7f6fff7e8000-7f6fff7e9000 rw-p 00000000 00:00 0 
7fffd3ac9000-7fffd3aea000 rw-p 00000000 00:00 0                          [stack]
7fffd3b94000-7fffd3b96000 r--p 00000000 00:00 0                          [vvar]
7fffd3b96000-7fffd3b98000 r-xp 00000000 00:00 0                          [vdso]
ffffffffff600000-ffffffffff601000 r-xp 00000000 00:00 0                  [vsyscall]

VM Arguments:
jvm_args: -Dfile.encoding=UTF-8 
java_command: vcube.VCube platform.xml deployment.xml
Launcher Type: SUN_STANDARD

Environment Variables:
PATH=/usr/local/sbin:/usr/local/bin:/usr/sbin:/usr/bin:/sbin:/bin:/usr/games:/usr/local/games:/home/elixandre/.rvm/bin
LD_LIBRARY_PATH=/home/elixandre/jdk1.7.0_80/jre/lib/amd64:/home/elixandre/jdk1.7.0_80/jre/lib/i386:
SHELL=/bin/bash
DISPLAY=:0

Signal Handlers:
SIGSEGV: [libjvm.so+0x9a3b20], sa_mask[0]=0x7ffbfeff, sa_flags=0x10000004
SIGBUS: [libjvm.so+0x9a3b20], sa_mask[0]=0x7ffbfeff, sa_flags=0x10000004
SIGFPE: [libjvm.so+0x81e740], sa_mask[0]=0x7ffbfeff, sa_flags=0x10000004
SIGPIPE: [libjvm.so+0x81e740], sa_mask[0]=0x7ffbfeff, sa_flags=0x10000004
SIGXFSZ: [libjvm.so+0x81e740], sa_mask[0]=0x7ffbfeff, sa_flags=0x10000004
SIGILL: [libjvm.so+0x81e740], sa_mask[0]=0x7ffbfeff, sa_flags=0x10000004
SIGUSR1: SIG_DFL, sa_mask[0]=0x00000000, sa_flags=0x00000000
SIGUSR2: [libjvm.so+0x81ffb0], sa_mask[0]=0x00000004, sa_flags=0x10000004
SIGHUP: [libjvm.so+0x8210d0], sa_mask[0]=0x7ffbfeff, sa_flags=0x10000004
SIGINT: [libsimgrid.so+0x8ff50], sa_mask[0]=0x00000002, sa_flags=0x10000000
SIGTERM: [libjvm.so+0x8210d0], sa_mask[0]=0x7ffbfeff, sa_flags=0x10000004
SIGQUIT: [libjvm.so+0x8210d0], sa_mask[0]=0x7ffbfeff, sa_flags=0x10000004


---------------  S Y S T E M  ---------------

OS:jessie/sid

uname:Linux 4.2.0-42-generic #49-Ubuntu SMP Tue Jun 28 21:26:26 UTC 2016 x86_64
libc:glibc 2.21 NPTL 2.21 
rlimit: STACK 8192k, CORE 0k, NPROC 15009, NOFILE 65536, AS infinity
load average:1.03 0.92 0.77

/proc/meminfo:
MemTotal:        3879128 kB
MemFree:          261728 kB
MemAvailable:    1647040 kB
Buffers:          174872 kB
Cached:          1485028 kB
SwapCached:            0 kB
Active:          2517460 kB
Inactive:         836760 kB
Active(anon):    1674260 kB
Inactive(anon):   192820 kB
Active(file):     843200 kB
Inactive(file):   643940 kB
Unevictable:          32 kB
Mlocked:              32 kB
SwapTotal:        975868 kB
SwapFree:         975868 kB
Dirty:             12868 kB
Writeback:             0 kB
AnonPages:       1694368 kB
Mapped:           348508 kB
Shmem:            172764 kB
Slab:             166668 kB
SReclaimable:     134216 kB
SUnreclaim:        32452 kB
KernelStack:        9520 kB
PageTables:        34048 kB
NFS_Unstable:          0 kB
Bounce:                0 kB
WritebackTmp:          0 kB
CommitLimit:     2915432 kB
Committed_AS:    5671428 kB
VmallocTotal:   34359738367 kB
VmallocUsed:      347648 kB
VmallocChunk:   34358947836 kB
HardwareCorrupted:     0 kB
AnonHugePages:    962560 kB
CmaTotal:              0 kB
CmaFree:               0 kB
HugePages_Total:       0
HugePages_Free:        0
HugePages_Rsvd:        0
HugePages_Surp:        0
Hugepagesize:       2048 kB
DirectMap4k:      125688 kB
DirectMap2M:     3901440 kB


CPU:total 4 (2 cores per cpu, 2 threads per core) family 6 model 58 stepping 9, cmov, cx8, fxsr, mmx, sse, sse2, sse3, ssse3, sse4.1, sse4.2, popcnt, avx, erms, ht, tsc, tscinvbit, tscinv

/proc/cpuinfo:
processor	: 0
vendor_id	: GenuineIntel
cpu family	: 6
model		: 58
model name	: Intel(R) Core(TM) i7-3517U CPU @ 1.90GHz
stepping	: 9
microcode	: 0x12
cpu MHz		: 2799.937
cache size	: 4096 KB
physical id	: 0
siblings	: 4
core id		: 0
cpu cores	: 2
apicid		: 0
initial apicid	: 0
fpu		: yes
fpu_exception	: yes
cpuid level	: 13
wp		: yes
flags		: fpu vme de pse tsc msr pae mce cx8 apic sep mtrr pge mca cmov pat pse36 clflush dts acpi mmx fxsr sse sse2 ss ht tm pbe syscall nx rdtscp lm constant_tsc arch_perfmon pebs bts rep_good nopl xtopology nonstop_tsc aperfmperf eagerfpu pni pclmulqdq dtes64 monitor ds_cpl vmx est tm2 ssse3 cx16 xtpr pdcm pcid sse4_1 sse4_2 x2apic popcnt tsc_deadline_timer xsave avx f16c rdrand lahf_lm ida arat epb pln pts dtherm tpr_shadow vnmi flexpriority ept vpid fsgsbase smep erms xsaveopt
bugs		:
bogomips	: 4788.88
clflush size	: 64
cache_alignment	: 64
address sizes	: 36 bits physical, 48 bits virtual
power management:

processor	: 1
vendor_id	: GenuineIntel
cpu family	: 6
model		: 58
model name	: Intel(R) Core(TM) i7-3517U CPU @ 1.90GHz
stepping	: 9
microcode	: 0x12
cpu MHz		: 2799.937
cache size	: 4096 KB
physical id	: 0
siblings	: 4
core id		: 0
cpu cores	: 2
apicid		: 1
initial apicid	: 1
fpu		: yes
fpu_exception	: yes
cpuid level	: 13
wp		: yes
flags		: fpu vme de pse tsc msr pae mce cx8 apic sep mtrr pge mca cmov pat pse36 clflush dts acpi mmx fxsr sse sse2 ss ht tm pbe syscall nx rdtscp lm constant_tsc arch_perfmon pebs bts rep_good nopl xtopology nonstop_tsc aperfmperf eagerfpu pni pclmulqdq dtes64 monitor ds_cpl vmx est tm2 ssse3 cx16 xtpr pdcm pcid sse4_1 sse4_2 x2apic popcnt tsc_deadline_timer xsave avx f16c rdrand lahf_lm ida arat epb pln pts dtherm tpr_shadow vnmi flexpriority ept vpid fsgsbase smep erms xsaveopt
bugs		:
bogomips	: 4788.88
clflush size	: 64
cache_alignment	: 64
address sizes	: 36 bits physical, 48 bits virtual
power management:

processor	: 2
vendor_id	: GenuineIntel
cpu family	: 6
model		: 58
model name	: Intel(R) Core(TM) i7-3517U CPU @ 1.90GHz
stepping	: 9
microcode	: 0x12
cpu MHz		: 2799.937
cache size	: 4096 KB
physical id	: 0
siblings	: 4
core id		: 1
cpu cores	: 2
apicid		: 2
initial apicid	: 2
fpu		: yes
fpu_exception	: yes
cpuid level	: 13
wp		: yes
flags		: fpu vme de pse tsc msr pae mce cx8 apic sep mtrr pge mca cmov pat pse36 clflush dts acpi mmx fxsr sse sse2 ss ht tm pbe syscall nx rdtscp lm constant_tsc arch_perfmon pebs bts rep_good nopl xtopology nonstop_tsc aperfmperf eagerfpu pni pclmulqdq dtes64 monitor ds_cpl vmx est tm2 ssse3 cx16 xtpr pdcm pcid sse4_1 sse4_2 x2apic popcnt tsc_deadline_timer xsave avx f16c rdrand lahf_lm ida arat epb pln pts dtherm tpr_shadow vnmi flexpriority ept vpid fsgsbase smep erms xsaveopt
bugs		:
bogomips	: 4788.88
clflush size	: 64
cache_alignment	: 64
address sizes	: 36 bits physical, 48 bits virtual
power management:

processor	: 3
vendor_id	: GenuineIntel
cpu family	: 6
model		: 58
model name	: Intel(R) Core(TM) i7-3517U CPU @ 1.90GHz
stepping	: 9
microcode	: 0x12
cpu MHz		: 2799.937
cache size	: 4096 KB
physical id	: 0
siblings	: 4
core id		: 1
cpu cores	: 2
apicid		: 3
initial apicid	: 3
fpu		: yes
fpu_exception	: yes
cpuid level	: 13
wp		: yes
flags		: fpu vme de pse tsc msr pae mce cx8 apic sep mtrr pge mca cmov pat pse36 clflush dts acpi mmx fxsr sse sse2 ss ht tm pbe syscall nx rdtscp lm constant_tsc arch_perfmon pebs bts rep_good nopl xtopology nonstop_tsc aperfmperf eagerfpu pni pclmulqdq dtes64 monitor ds_cpl vmx est tm2 ssse3 cx16 xtpr pdcm pcid sse4_1 sse4_2 x2apic popcnt tsc_deadline_timer xsave avx f16c rdrand lahf_lm ida arat epb pln pts dtherm tpr_shadow vnmi flexpriority ept vpid fsgsbase smep erms xsaveopt
bugs		:
bogomips	: 4788.88
clflush size	: 64
cache_alignment	: 64
address sizes	: 36 bits physical, 48 bits virtual
power management:



Memory: 4k page, physical 3879128k(261728k free), swap 975868k(975868k free)

vm_info: Java HotSpot(TM) 64-Bit Server VM (24.80-b11) for linux-amd64 JRE (1.7.0_80-b15), built on Apr 10 2015 19:53:14 by "java_re" with gcc 4.3.0 20080428 (Red Hat 4.3.0-8)

time: Mon May  1 11:12:31 2017
elapsed time: 2 seconds

