#
# A fatal error has been detected by the Java Runtime Environment:
#
#  SIGSEGV (0xb) at pc=0x00007f455df0b263, pid=9739, tid=0x00007f4580794700
#
# JRE version: Java(TM) SE Runtime Environment (8.0_111-b14) (build 1.8.0_111-b14)
# Java VM: Java HotSpot(TM) 64-Bit Server VM (25.111-b14 mixed mode linux-amd64 compressed oops)
# Problematic frame:
# C  [libsimgrid.so+0x190263]  xbt_dynar_member+0x23
#
# Failed to write core dump. Core dumps have been disabled. To enable core dumping, try "ulimit -c unlimited" before starting Java again
#
# If you would like to submit a bug report, please visit:
#   http://bugreport.java.com/bugreport/crash.jsp
#

---------------  T H R E A D  ---------------

Current thread (0x00007f4590077800):  VMThread [stack: 0x00007f4580694000,0x00007f4580795000] [id=9749]

siginfo: si_signo: 11 (SIGSEGV), si_code: 1 (SEGV_MAPERR), si_addr: 0x0000000000000000

Registers:
RAX=0x0000000000000000, RBX=0x00007f455e277700, RCX=0x0000000000000000, RDX=0x00007f4580794a30
RSP=0x00007f4580793590, RBP=0x00007f4590152810, RSI=0x00007f4580793738, RDI=0x00007f4580793650
R8 =0x00007f4590149820, R9 =0x00007f4590149820, R10=0x0000000000000c58, R11=0x00007f455df0b240
R12=0x00007f455e282790, R13=0x00007f4590132820, R14=0x00000000000003d8, R15=0x00007f4590026e88
RIP=0x00007f455df0b263, EFLAGS=0x0000000000010206, CSGSFS=0x0000000000000033, ERR=0x0000000000000004
  TRAPNO=0x000000000000000e

Top of Stack: (sp=0x00007f4580793590)
0x00007f4580793590:   0000000000000000 0000000000000000
0x00007f45807935a0:   00007f45901498c0 00007f4580793738
0x00007f45807935b0:   0000000000000000 0000000000000000
0x00007f45807935c0:   403442d9a70e81e7 0000000000000000
0x00007f45807935d0:   0000000000000000 0000000000000000
0x00007f45807935e0:   0000000000000000 0000000000000000
0x00007f45807935f0:   0000000000000000 0000000000000000
0x00007f4580793600:   0000ff00000000ff 00000000ff000000
0x00007f4580793610:   0000000000000000 0000000000000000
0x00007f4580793620:   0000000000000000 0000000000000000
0x00007f4580793630:   0000000000000000 0000000000000000
0x00007f4580793640:   0000000042c80000 0000000000000000
0x00007f4580793650:   0000000000000000 0000000000000000
0x00007f4580793660:   0062006500720064 00690064006c0061
0x00007f4580793670:   0000000000000000 0000000000000000
0x00007f4580793680:   00007f455e242400 00007f4590158420
0x00007f4580793690:   00007f4590132820 00007f455df01a0a
0x00007f45807936a0:   00007f4590ddb7d0 00007f455e242400
0x00007f45807936b0:   00007f4590158420 00007f455df71286
0x00007f45807936c0:   00007f4590190cd0 0000000000000000
0x00007f45807936d0:   0000000000000000 00007f4580793738
0x00007f45807936e0:   00007f45901498c0 00007f4590149820
0x00007f45807936f0:   00007f4590149820 00007f455e27aa98
0x00007f4580793700:   00007f459014ba80 0000000000000001
0x00007f4580793710:   00007f455e277700 00007f4590130c90
0x00007f4580793720:   00007f455e277700 00007f455df2834f
0x00007f4580793730:   0000000000000000 00007f4590158420
0x00007f4580793740:   0062006500720064 00690064006c0061
0x00007f4580793750:   0000000000000000 00007f455e27aa98
0x00007f4580793760:   00007f459014ba80 0000000000000001
0x00007f4580793770:   00007f4590132820 00007f455df09d37
0x00007f4580793780:   00007f4590132820 00007f455e27a098 

Instructions: (pc=0x00007f455df0b263)
0x00007f455df0b243:   ec 90 01 00 00 48 8b 05 01 a2 33 00 48 89 7c 24
0x00007f455df0b253:   10 48 89 74 24 18 ff 10 48 8d bc 24 c0 00 00 00
0x00007f455df0b263:   48 8b 08 48 89 04 24 48 89 38 48 89 4c 24 08 e8
0x00007f455df0b273:   79 31 ed ff 85 c0 74 75 48 8b 14 24 c7 42 08 01 

Register to memory mapping:

RAX=0x0000000000000000 is an unknown value
RBX=0x00007f455e277700: _simgrid_log_category__simix_process+0 in /tmp/simgrid-java4101163320764721317/libsimgrid.so at 0x00007f455dd7b000
RCX=0x0000000000000000 is an unknown value
RDX=0x00007f4580794a30 is an unknown value
RSP=0x00007f4580793590 is an unknown value
RBP=0x00007f4590152810 is an unknown value
RSI=0x00007f4580793738 is an unknown value
RDI=0x00007f4580793650 is an unknown value
R8 =0x00007f4590149820 is an unknown value
R9 =0x00007f4590149820 is an unknown value
R10=0x0000000000000c58 is an unknown value
R11=0x00007f455df0b240: xbt_dynar_member+0 in /tmp/simgrid-java4101163320764721317/libsimgrid.so at 0x00007f455dd7b000
R12=0x00007f455e282790: simix_global+0 in /tmp/simgrid-java4101163320764721317/libsimgrid.so at 0x00007f455dd7b000
R13=0x00007f4590132820 is an unknown value
R14=0x00000000000003d8 is an unknown value
R15=0x00007f4590026e88 is an unknown value


Stack: [0x00007f4580694000,0x00007f4580795000],  sp=0x00007f4580793590,  free space=1021k
Native frames: (J=compiled Java code, j=interpreted, Vv=VM code, C=native code)
C  [libsimgrid.so+0x190263]  xbt_dynar_member+0x23

VM_Operation (0x00007f455c5c6450): Exit, mode: safepoint, requested by thread 0x00007f4558001000


---------------  P R O C E S S  ---------------

Java Threads: ( => current thread )
  0x00007f4558001000 JavaThread "SIGTERM handler" daemon [_thread_blocked, id=9780, stack(0x00007f455c4c7000,0x00007f455c5c8000)]
  0x00007f44f8001000 JavaThread "Thread-16" [_thread_in_native, id=9773, stack(0x00007f45187f9000,0x00007f4518ffa000)]
  0x00007f4500001000 JavaThread "Thread-12" [_thread_in_native, id=9771, stack(0x00007f45197fb000,0x00007f4519ffc000)]
  0x00007f4504001000 JavaThread "Thread-14" [_thread_in_native, id=9772, stack(0x00007f4518ffa000,0x00007f45197fb000)]
  0x00007f451c001000 JavaThread "Thread-13" [_thread_in_native, id=9765, stack(0x00007f453cffa000,0x00007f453d7fb000)]
  0x00007f4508001000 JavaThread "Thread-10" [_thread_in_native, id=9768, stack(0x00007f451affe000,0x00007f451b7ff000)]
  0x00007f4520001000 JavaThread "Thread-11" [_thread_in_native, id=9766, stack(0x00007f453c7f9000,0x00007f453cffa000)]
  0x00007f4510001000 JavaThread "Thread-9" [_thread_in_native, id=9769, stack(0x00007f451a7fd000,0x00007f451affe000)]
  0x00007f450c001000 JavaThread "Thread-15" [_thread_in_native, id=9770, stack(0x00007f4519ffc000,0x00007f451a7fd000)]
  0x00007f4514001000 JavaThread "Thread-8" [_thread_in_native, id=9767, stack(0x00007f451b7ff000,0x00007f451c000000)]
  0x00007f4528001000 JavaThread "Thread-7" [_thread_blocked, id=9764, stack(0x00007f453d7fb000,0x00007f453dffc000)]
  0x00007f4524001000 JavaThread "Thread-6" [_thread_in_native, id=9763, stack(0x00007f453dffc000,0x00007f453e7fd000)]
  0x00007f4530001000 JavaThread "Thread-5" [_thread_in_native, id=9762, stack(0x00007f453e7fd000,0x00007f453effe000)]
  0x00007f452c001000 JavaThread "Thread-4" [_thread_in_native, id=9761, stack(0x00007f453effe000,0x00007f453f7ff000)]
  0x00007f4534001000 JavaThread "Thread-3" [_thread_in_native, id=9760, stack(0x00007f453f7ff000,0x00007f4540000000)]
  0x00007f4538001000 JavaThread "Thread-1" [_thread_in_native, id=9759, stack(0x00007f455c5c8000,0x00007f455cdc9000)]
  0x00007f4544001000 JavaThread "Thread-2" [_thread_in_native, id=9758, stack(0x00007f455cdc9000,0x00007f455d5ca000)]
  0x00007f45900c0000 JavaThread "Service Thread" daemon [_thread_blocked, id=9756, stack(0x00007f455eaad000,0x00007f455ebae000)]
  0x00007f45900bd000 JavaThread "C1 CompilerThread2" daemon [_thread_blocked, id=9755, stack(0x00007f458008e000,0x00007f458018f000)]
  0x00007f45900bb000 JavaThread "C2 CompilerThread1" daemon [_thread_blocked, id=9754, stack(0x00007f458018f000,0x00007f4580290000)]
  0x00007f45900b8800 JavaThread "C2 CompilerThread0" daemon [_thread_blocked, id=9753, stack(0x00007f4580290000,0x00007f4580391000)]
  0x00007f4590084000 JavaThread "Finalizer" daemon [_thread_blocked, id=9751, stack(0x00007f4580492000,0x00007f4580593000)]
  0x00007f459007f000 JavaThread "Reference Handler" daemon [_thread_blocked, id=9750, stack(0x00007f4580593000,0x00007f4580694000)]
  0x00007f459000a000 JavaThread "main" [_thread_in_native, id=9741, stack(0x00007f45992e3000,0x00007f45993e4000)]

Other Threads:
=>0x00007f4590077800 VMThread [stack: 0x00007f4580694000,0x00007f4580795000] [id=9749]

VM state:at safepoint (shutting down)

VM Mutex/Monitor currently owned by a thread:  ([mutex/lock_event])
[0x00007f45900060f0] Threads_lock - owner thread: 0x00007f4590077800

Heap:
 PSYoungGen      total 33280K, used 28834K [0x00000000d5580000, 0x00000000d7880000, 0x0000000100000000)
  eden space 30720K, 85% used [0x00000000d5580000,0x00000000d6f2caf0,0x00000000d7380000)
  from space 2560K, 99% used [0x00000000d7600000,0x00000000d787c010,0x00000000d7880000)
  to   space 2560K, 0% used [0x00000000d7380000,0x00000000d7380000,0x00000000d7600000)
 ParOldGen       total 40960K, used 1288K [0x0000000080000000, 0x0000000082800000, 0x00000000d5580000)
  object space 40960K, 3% used [0x0000000080000000,0x0000000080142000,0x0000000082800000)
 Metaspace       used 3756K, capacity 4704K, committed 4864K, reserved 1056768K
  class space    used 417K, capacity 464K, committed 512K, reserved 1048576K

Card table byte_map: [0x00007f4595c89000,0x00007f459608a000] byte_map_base: 0x00007f4595889000

Marking Bits: (ParMarkBitMap*) 0x00007f45987b3220
 Begin Bits: [0x00007f4578000000, 0x00007f457a000000)
 End Bits:   [0x00007f457a000000, 0x00007f457c000000)

Polling page: 0x00007f4599402000

CodeCache: size=245760Kb used=2076Kb max_used=2114Kb free=243683Kb
 bounds [0x00007f4581000000, 0x00007f4581270000, 0x00007f4590000000]
 total_blobs=465 nmethods=202 adapters=177
 compilation: enabled

Compilation events (10 events):
Event: 1.579 Thread 0x00007f45900bb000  198       4       vcube.Node::imprimirTimestempStatus (72 bytes)
Event: 1.589 Thread 0x00007f45900bb000 nmethod 198 0x00007f45811e7190 code [0x00007f45811e7320, 0x00007f45811e78e8]
Event: 2.437 Thread 0x00007f45900b8800 nmethod 197% 0x00007f45811f7b10 code [0x00007f45811f84c0, 0x00007f45812014c0]
Event: 2.558 Thread 0x00007f45900bb000  200 % !   4       vcube.Node::main @ 43 (1863 bytes)
Event: 2.746 Thread 0x00007f45900b8800  201       4       vcube.Node::conferirTimestempStatus (70 bytes)
Event: 2.751 Thread 0x00007f45900b8800 nmethod 201 0x00007f45811e8dd0 code [0x00007f45811e8f20, 0x00007f45811e9158]
Event: 2.972 Thread 0x00007f45900b8800  202       4       java.lang.String::equals (81 bytes)
Event: 2.978 Thread 0x00007f45900b8800 nmethod 202 0x00007f45811e39d0 code [0x00007f45811e3b20, 0x00007f45811e3d78]
Event: 3.516 Thread 0x00007f45900bb000 nmethod 200% 0x00007f4581207410 code [0x00007f4581207d20, 0x00007f45812105e0]
Event: 3.684 Thread 0x00007f45900b8800  203 % !   4       vcube.Node::main @ 1776 (1863 bytes)

GC Heap History (4 events):
Event: 0.615 GC heap before
{Heap before GC invocations=1 (full 0):
 PSYoungGen      total 17920K, used 15360K [0x00000000d5580000, 0x00000000d6980000, 0x0000000100000000)
  eden space 15360K, 100% used [0x00000000d5580000,0x00000000d6480000,0x00000000d6480000)
  from space 2560K, 0% used [0x00000000d6700000,0x00000000d6700000,0x00000000d6980000)
  to   space 2560K, 0% used [0x00000000d6480000,0x00000000d6480000,0x00000000d6700000)
 ParOldGen       total 40960K, used 0K [0x0000000080000000, 0x0000000082800000, 0x00000000d5580000)
  object space 40960K, 0% used [0x0000000080000000,0x0000000080000000,0x0000000082800000)
 Metaspace       used 3703K, capacity 4640K, committed 4864K, reserved 1056768K
  class space    used 414K, capacity 464K, committed 512K, reserved 1048576K
Event: 0.622 GC heap after
Heap after GC invocations=1 (full 0):
 PSYoungGen      total 17920K, used 2032K [0x00000000d5580000, 0x00000000d7880000, 0x0000000100000000)
  eden space 15360K, 0% used [0x00000000d5580000,0x00000000d5580000,0x00000000d6480000)
  from space 2560K, 79% used [0x00000000d6480000,0x00000000d667c010,0x00000000d6700000)
  to   space 2560K, 0% used [0x00000000d7600000,0x00000000d7600000,0x00000000d7880000)
 ParOldGen       total 40960K, used 8K [0x0000000080000000, 0x0000000082800000, 0x00000000d5580000)
  object space 40960K, 0% used [0x0000000080000000,0x0000000080002000,0x0000000082800000)
 Metaspace       used 3703K, capacity 4640K, committed 4864K, reserved 1056768K
  class space    used 414K, capacity 464K, committed 512K, reserved 1048576K
}
Event: 1.348 GC heap before
{Heap before GC invocations=2 (full 0):
 PSYoungGen      total 17920K, used 17392K [0x00000000d5580000, 0x00000000d7880000, 0x0000000100000000)
  eden space 15360K, 100% used [0x00000000d5580000,0x00000000d6480000,0x00000000d6480000)
  from space 2560K, 79% used [0x00000000d6480000,0x00000000d667c010,0x00000000d6700000)
  to   space 2560K, 0% used [0x00000000d7600000,0x00000000d7600000,0x00000000d7880000)
 ParOldGen       total 40960K, used 8K [0x0000000080000000, 0x0000000082800000, 0x00000000d5580000)
  object space 40960K, 0% used [0x0000000080000000,0x0000000080002000,0x0000000082800000)
 Metaspace       used 3741K, capacity 4704K, committed 4864K, reserved 1056768K
  class space    used 414K, capacity 464K, committed 512K, reserved 1048576K
Event: 1.356 GC heap after
Heap after GC invocations=2 (full 0):
 PSYoungGen      total 33280K, used 2544K [0x00000000d5580000, 0x00000000d7880000, 0x0000000100000000)
  eden space 30720K, 0% used [0x00000000d5580000,0x00000000d5580000,0x00000000d7380000)
  from space 2560K, 99% used [0x00000000d7600000,0x00000000d787c010,0x00000000d7880000)
  to   space 2560K, 0% used [0x00000000d7380000,0x00000000d7380000,0x00000000d7600000)
 ParOldGen       total 40960K, used 1288K [0x0000000080000000, 0x0000000082800000, 0x00000000d5580000)
  object space 40960K, 3% used [0x0000000080000000,0x0000000080142000,0x0000000082800000)
 Metaspace       used 3741K, capacity 4704K, committed 4864K, reserved 1056768K
  class space    used 414K, capacity 464K, committed 512K, reserved 1048576K
}

Deoptimization events (3 events):
Event: 1.357 Thread 0x00007f4500001000 Uncommon trap: reason=predicate action=maybe_recompile pc=0x00007f45811e6720 method=java.util.AbstractCollection.toArray([Ljava/lang/Object;)[Ljava/lang/Object; @ 49
Event: 3.811 Thread 0x00007f4534001000 Uncommon trap: reason=unstable_if action=reinterpret pc=0x00007f4581200c04 method=vcube.Node.main([Ljava/lang/String;)V @ 420
Event: 3.840 Thread 0x00007f452c001000 Uncommon trap: reason=unstable_if action=reinterpret pc=0x00007f4581200c04 method=vcube.Node.main([Ljava/lang/String;)V @ 420

Internal exceptions (10 events):
Event: 2.746 Thread 0x00007f4500001000 Exception <a 'java/lang/ArrayIndexOutOfBoundsException'> (0x00000000d64dfc50) thrown at [/HUDSON3/workspace/8-2-build-linux-amd64/jdk8u111/7883/hotspot/src/share/vm/runtime/sharedRuntime.cpp, line 605]
Event: 2.746 Thread 0x00007f450c001000 Exception <a 'java/lang/ArrayIndexOutOfBoundsException'> (0x00000000d6472458) thrown at [/HUDSON3/workspace/8-2-build-linux-amd64/jdk8u111/7883/hotspot/src/share/vm/runtime/sharedRuntime.cpp, line 605]
Event: 2.746 Thread 0x00007f4510001000 Exception <a 'java/lang/ArrayIndexOutOfBoundsException'> (0x00000000d64a90a8) thrown at [/HUDSON3/workspace/8-2-build-linux-amd64/jdk8u111/7883/hotspot/src/share/vm/runtime/sharedRuntime.cpp, line 605]
Event: 2.746 Thread 0x00007f4524001000 Exception <a 'java/lang/ArrayIndexOutOfBoundsException'> (0x00000000d65b5f98) thrown at [/HUDSON3/workspace/8-2-build-linux-amd64/jdk8u111/7883/hotspot/src/share/vm/runtime/sharedRuntime.cpp, line 605]
Event: 2.746 Thread 0x00007f4538001000 Exception <a 'java/lang/ArrayIndexOutOfBoundsException'> (0x00000000d6622ba8) thrown at [/HUDSON3/workspace/8-2-build-linux-amd64/jdk8u111/7883/hotspot/src/share/vm/runtime/sharedRuntime.cpp, line 605]
Event: 2.746 Thread 0x00007f452c001000 Exception <a 'java/lang/ArrayIndexOutOfBoundsException'> (0x00000000d65ec3b0) thrown at [/HUDSON3/workspace/8-2-build-linux-amd64/jdk8u111/7883/hotspot/src/share/vm/runtime/sharedRuntime.cpp, line 605]
Event: 2.746 Thread 0x00007f4528001000 Exception <a 'java/lang/ArrayIndexOutOfBoundsException'> (0x00000000d654bfd8) thrown at [/HUDSON3/workspace/8-2-build-linux-amd64/jdk8u111/7883/hotspot/src/share/vm/runtime/sharedRuntime.cpp, line 605]
Event: 2.747 Thread 0x00007f4514001000 Exception <a 'java/lang/ArrayIndexOutOfBoundsException'> (0x00000000d643c240) thrown at [/HUDSON3/workspace/8-2-build-linux-amd64/jdk8u111/7883/hotspot/src/share/vm/runtime/sharedRuntime.cpp, line 605]
Event: 2.747 Thread 0x00007f4504001000 Exception <a 'java/lang/ArrayIndexOutOfBoundsException'> (0x00000000d6516880) thrown at [/HUDSON3/workspace/8-2-build-linux-amd64/jdk8u111/7883/hotspot/src/share/vm/runtime/sharedRuntime.cpp, line 605]
Event: 2.747 Thread 0x00007f4520001000 Exception <a 'java/lang/ArrayIndexOutOfBoundsException'> (0x00000000d64055f0) thrown at [/HUDSON3/workspace/8-2-build-linux-amd64/jdk8u111/7883/hotspot/src/share/vm/runtime/sharedRuntime.cpp, line 605]

Events (10 events):
Event: 3.991 loading class java/util/IdentityHashMap$KeySet
Event: 3.991 loading class java/util/IdentityHashMap$KeySet done
Event: 3.991 loading class java/util/IdentityHashMap$KeyIterator
Event: 3.991 loading class java/util/IdentityHashMap$IdentityHashMapIterator
Event: 3.991 loading class java/util/IdentityHashMap$IdentityHashMapIterator done
Event: 3.991 loading class java/util/IdentityHashMap$KeyIterator done
Event: 3.992 Thread 0x00007f44fc001000 Thread added: 0x00007f44fc001000
Event: 3.992 Thread 0x00007f44fc001000 Thread exited: 0x00007f44fc001000
Event: 3.993 Thread 0x00007f45900b7000 Thread exited: 0x00007f45900b7000
Event: 3.993 Executing VM operation: Exit


Dynamic libraries:
00400000-00401000 r-xp 00000000 08:01 8784123                            /home/elixandrebaldi/jdk1.8.0_111/bin/java
00600000-00601000 rw-p 00000000 08:01 8784123                            /home/elixandrebaldi/jdk1.8.0_111/bin/java
0202c000-0204d000 rw-p 00000000 00:00 0                                  [heap]
80000000-82800000 rw-p 00000000 00:00 0 
82800000-d5580000 ---p 00000000 00:00 0 
d5580000-d7880000 rw-p 00000000 00:00 0 
d7880000-100000000 ---p 00000000 00:00 0 
100000000-100080000 rw-p 00000000 00:00 0 
100080000-140000000 ---p 00000000 00:00 0 
7f44f8000000-7f44f832c000 rw-p 00000000 00:00 0 
7f44f832c000-7f44fc000000 ---p 00000000 00:00 0 
7f44fc000000-7f44fc021000 rw-p 00000000 00:00 0 
7f44fc021000-7f4500000000 ---p 00000000 00:00 0 
7f4500000000-7f4500335000 rw-p 00000000 00:00 0 
7f4500335000-7f4504000000 ---p 00000000 00:00 0 
7f4504000000-7f450432b000 rw-p 00000000 00:00 0 
7f450432b000-7f4508000000 ---p 00000000 00:00 0 
7f4508000000-7f450832d000 rw-p 00000000 00:00 0 
7f450832d000-7f450c000000 ---p 00000000 00:00 0 
7f450c000000-7f450c32a000 rw-p 00000000 00:00 0 
7f450c32a000-7f4510000000 ---p 00000000 00:00 0 
7f4510000000-7f4510330000 rw-p 00000000 00:00 0 
7f4510330000-7f4514000000 ---p 00000000 00:00 0 
7f4514000000-7f451432e000 rw-p 00000000 00:00 0 
7f451432e000-7f4518000000 ---p 00000000 00:00 0 
7f45187f9000-7f45187fc000 ---p 00000000 00:00 0 
7f45187fc000-7f4518ffa000 rw-p 00000000 00:00 0 
7f4518ffa000-7f4518ffd000 ---p 00000000 00:00 0 
7f4518ffd000-7f45197fb000 rw-p 00000000 00:00 0 
7f45197fb000-7f45197fe000 ---p 00000000 00:00 0 
7f45197fe000-7f4519ffc000 rw-p 00000000 00:00 0 
7f4519ffc000-7f4519fff000 ---p 00000000 00:00 0 
7f4519fff000-7f451a7fd000 rw-p 00000000 00:00 0 
7f451a7fd000-7f451a800000 ---p 00000000 00:00 0 
7f451a800000-7f451affe000 rw-p 00000000 00:00 0 
7f451affe000-7f451b001000 ---p 00000000 00:00 0 
7f451b001000-7f451b7ff000 rw-p 00000000 00:00 0 
7f451b7ff000-7f451b802000 ---p 00000000 00:00 0 
7f451b802000-7f451c000000 rw-p 00000000 00:00 0 
7f451c000000-7f451c32b000 rw-p 00000000 00:00 0 
7f451c32b000-7f4520000000 ---p 00000000 00:00 0 
7f4520000000-7f4520336000 rw-p 00000000 00:00 0 
7f4520336000-7f4524000000 ---p 00000000 00:00 0 
7f4524000000-7f452432e000 rw-p 00000000 00:00 0 
7f452432e000-7f4528000000 ---p 00000000 00:00 0 
7f4528000000-7f452832c000 rw-p 00000000 00:00 0 
7f452832c000-7f452c000000 ---p 00000000 00:00 0 
7f452c000000-7f452c32d000 rw-p 00000000 00:00 0 
7f452c32d000-7f4530000000 ---p 00000000 00:00 0 
7f4530000000-7f453032b000 rw-p 00000000 00:00 0 
7f453032b000-7f4534000000 ---p 00000000 00:00 0 
7f4534000000-7f453432d000 rw-p 00000000 00:00 0 
7f453432d000-7f4538000000 ---p 00000000 00:00 0 
7f4538000000-7f4538334000 rw-p 00000000 00:00 0 
7f4538334000-7f453c000000 ---p 00000000 00:00 0 
7f453c7f9000-7f453c7fc000 ---p 00000000 00:00 0 
7f453c7fc000-7f453cffa000 rw-p 00000000 00:00 0 
7f453cffa000-7f453cffd000 ---p 00000000 00:00 0 
7f453cffd000-7f453d7fb000 rw-p 00000000 00:00 0 
7f453d7fb000-7f453d7fe000 ---p 00000000 00:00 0 
7f453d7fe000-7f453dffc000 rw-p 00000000 00:00 0 
7f453dffc000-7f453dfff000 ---p 00000000 00:00 0 
7f453dfff000-7f453e7fd000 rw-p 00000000 00:00 0 
7f453e7fd000-7f453e800000 ---p 00000000 00:00 0 
7f453e800000-7f453effe000 rw-p 00000000 00:00 0 
7f453effe000-7f453f001000 ---p 00000000 00:00 0 
7f453f001000-7f453f7ff000 rw-p 00000000 00:00 0 
7f453f7ff000-7f453f802000 ---p 00000000 00:00 0 
7f453f802000-7f4540000000 rw-p 00000000 00:00 0 
7f4540000000-7f4540021000 rw-p 00000000 00:00 0 
7f4540021000-7f4544000000 ---p 00000000 00:00 0 
7f4544000000-7f4544341000 rw-p 00000000 00:00 0 
7f4544341000-7f4548000000 ---p 00000000 00:00 0 
7f4548000000-7f4548470000 rw-p 00000000 00:00 0 
7f4548470000-7f454c000000 ---p 00000000 00:00 0 
7f454c000000-7f454c021000 rw-p 00000000 00:00 0 
7f454c021000-7f4550000000 ---p 00000000 00:00 0 
7f4550000000-7f4551139000 rw-p 00000000 00:00 0 
7f4551139000-7f4554000000 ---p 00000000 00:00 0 
7f4554000000-7f45547d3000 rw-p 00000000 00:00 0 
7f45547d3000-7f4558000000 ---p 00000000 00:00 0 
7f4558000000-7f4558021000 rw-p 00000000 00:00 0 
7f4558021000-7f455c000000 ---p 00000000 00:00 0 
7f455c3c6000-7f455c3c9000 ---p 00000000 00:00 0 
7f455c3c9000-7f455c4c7000 rw-p 00000000 00:00 0 
7f455c4c7000-7f455c4ca000 ---p 00000000 00:00 0 
7f455c4ca000-7f455c5c8000 rw-p 00000000 00:00 0 
7f455c5c8000-7f455c5cb000 ---p 00000000 00:00 0 
7f455c5cb000-7f455cdc9000 rw-p 00000000 00:00 0 
7f455cdc9000-7f455cdcc000 ---p 00000000 00:00 0 
7f455cdcc000-7f455d5ca000 rw-p 00000000 00:00 0 
7f455d5ca000-7f455d5e2000 r-xp 00000000 08:01 2359590                    /tmp/simgrid-java4101163320764721317/libsimgrid-java.so (deleted)
7f455d5e2000-7f455d7e2000 ---p 00018000 08:01 2359590                    /tmp/simgrid-java4101163320764721317/libsimgrid-java.so (deleted)
7f455d7e2000-7f455d7e3000 rw-p 00018000 08:01 2359590                    /tmp/simgrid-java4101163320764721317/libsimgrid-java.so (deleted)
7f455d7e3000-7f455d7f9000 r-xp 00000000 08:01 3936627                    /lib/x86_64-linux-gnu/libgcc_s.so.1
7f455d7f9000-7f455d9f8000 ---p 00016000 08:01 3936627                    /lib/x86_64-linux-gnu/libgcc_s.so.1
7f455d9f8000-7f455d9f9000 rw-p 00015000 08:01 3936627                    /lib/x86_64-linux-gnu/libgcc_s.so.1
7f455d9f9000-7f455db6b000 r-xp 00000000 08:01 23332798                   /usr/lib/x86_64-linux-gnu/libstdc++.so.6.0.21
7f455db6b000-7f455dd6b000 ---p 00172000 08:01 23332798                   /usr/lib/x86_64-linux-gnu/libstdc++.so.6.0.21
7f455dd6b000-7f455dd75000 r--p 00172000 08:01 23332798                   /usr/lib/x86_64-linux-gnu/libstdc++.so.6.0.21
7f455dd75000-7f455dd77000 rw-p 0017c000 08:01 23332798                   /usr/lib/x86_64-linux-gnu/libstdc++.so.6.0.21
7f455dd77000-7f455dd7b000 rw-p 00000000 00:00 0 
7f455dd7b000-7f455e040000 r-xp 00000000 08:01 2359589                    /tmp/simgrid-java4101163320764721317/libsimgrid.so (deleted)
7f455e040000-7f455e240000 ---p 002c5000 08:01 2359589                    /tmp/simgrid-java4101163320764721317/libsimgrid.so (deleted)
7f455e240000-7f455e27b000 rw-p 002c5000 08:01 2359589                    /tmp/simgrid-java4101163320764721317/libsimgrid.so (deleted)
7f455e27b000-7f455e584000 rw-p 00000000 00:00 0 
7f455e584000-7f455e59a000 r-xp 00000000 08:01 8783936                    /home/elixandrebaldi/jdk1.8.0_111/jre/lib/amd64/libnet.so
7f455e59a000-7f455e79a000 ---p 00016000 08:01 8783936                    /home/elixandrebaldi/jdk1.8.0_111/jre/lib/amd64/libnet.so
7f455e79a000-7f455e79b000 rw-p 00016000 08:01 8783936                    /home/elixandrebaldi/jdk1.8.0_111/jre/lib/amd64/libnet.so
7f455e79b000-7f455e7ac000 r-xp 00000000 08:01 8783935                    /home/elixandrebaldi/jdk1.8.0_111/jre/lib/amd64/libnio.so
7f455e7ac000-7f455e9ab000 ---p 00011000 08:01 8783935                    /home/elixandrebaldi/jdk1.8.0_111/jre/lib/amd64/libnio.so
7f455e9ab000-7f455e9ac000 rw-p 00010000 08:01 8783935                    /home/elixandrebaldi/jdk1.8.0_111/jre/lib/amd64/libnio.so
7f455e9ac000-7f455e9ad000 ---p 00000000 00:00 0 
7f455e9ad000-7f455eaad000 rw-p 00000000 00:00 0 
7f455eaad000-7f455eab0000 ---p 00000000 00:00 0 
7f455eab0000-7f455ebae000 rw-p 00000000 00:00 0 
7f455ebae000-7f4560000000 r--p 00000000 08:01 23331759                   /usr/lib/locale/locale-archive
7f4560000000-7f4560021000 rw-p 00000000 00:00 0 
7f4560021000-7f4564000000 ---p 00000000 00:00 0 
7f4564000000-7f4564021000 rw-p 00000000 00:00 0 
7f4564021000-7f4568000000 ---p 00000000 00:00 0 
7f4568000000-7f4568021000 rw-p 00000000 00:00 0 
7f4568021000-7f456c000000 ---p 00000000 00:00 0 
7f456c000000-7f456c021000 rw-p 00000000 00:00 0 
7f456c021000-7f4570000000 ---p 00000000 00:00 0 
7f4570000000-7f4570021000 rw-p 00000000 00:00 0 
7f4570021000-7f4574000000 ---p 00000000 00:00 0 
7f4574000000-7f4574021000 rw-p 00000000 00:00 0 
7f4574021000-7f4578000000 ---p 00000000 00:00 0 
7f4578000000-7f457c000000 rw-p 00000000 00:00 0 
7f457c000000-7f457c021000 rw-p 00000000 00:00 0 
7f457c021000-7f4580000000 ---p 00000000 00:00 0 
7f458008e000-7f4580091000 ---p 00000000 00:00 0 
7f4580091000-7f458018f000 rw-p 00000000 00:00 0 
7f458018f000-7f4580192000 ---p 00000000 00:00 0 
7f4580192000-7f4580290000 rw-p 00000000 00:00 0 
7f4580290000-7f4580293000 ---p 00000000 00:00 0 
7f4580293000-7f4580391000 rw-p 00000000 00:00 0 
7f4580391000-7f4580394000 ---p 00000000 00:00 0 
7f4580394000-7f4580492000 rw-p 00000000 00:00 0 
7f4580492000-7f4580495000 ---p 00000000 00:00 0 
7f4580495000-7f4580593000 rw-p 00000000 00:00 0 
7f4580593000-7f4580596000 ---p 00000000 00:00 0 
7f4580596000-7f4580694000 rw-p 00000000 00:00 0 
7f4580694000-7f4580695000 ---p 00000000 00:00 0 
7f4580695000-7f4581000000 rw-p 00000000 00:00 0 
7f4581000000-7f4581270000 rwxp 00000000 00:00 0 
7f4581270000-7f4590000000 ---p 00000000 00:00 0 
7f4590000000-7f4590e12000 rw-p 00000000 00:00 0 
7f4590e12000-7f4594000000 ---p 00000000 00:00 0 
7f4594015000-7f459478c000 rw-p 00000000 00:00 0 
7f459478c000-7f4594964000 r--s 03d2a000 08:01 8784070                    /home/elixandrebaldi/jdk1.8.0_111/jre/lib/rt.jar
7f4594964000-7f4594e1a000 rw-p 00000000 00:00 0 
7f4594e1a000-7f45951da000 ---p 00000000 00:00 0 
7f45951da000-7f45955da000 rw-p 00000000 00:00 0 
7f45955da000-7f45955db000 ---p 00000000 00:00 0 
7f45955db000-7f45956db000 rw-p 00000000 00:00 0 
7f45956db000-7f45956dc000 ---p 00000000 00:00 0 
7f45956dc000-7f45957dc000 rw-p 00000000 00:00 0 
7f45957dc000-7f45957dd000 ---p 00000000 00:00 0 
7f45957dd000-7f45958dd000 rw-p 00000000 00:00 0 
7f45958dd000-7f45958de000 ---p 00000000 00:00 0 
7f45958de000-7f45959f2000 rw-p 00000000 00:00 0 
7f45959f2000-7f4595c89000 ---p 00000000 00:00 0 
7f4595c89000-7f4595c9d000 rw-p 00000000 00:00 0 
7f4595c9d000-7f4595f33000 ---p 00000000 00:00 0 
7f4595f33000-7f4595f46000 rw-p 00000000 00:00 0 
7f4595f46000-7f4596089000 ---p 00000000 00:00 0 
7f4596089000-7f4596094000 rw-p 00000000 00:00 0 
7f4596094000-7f459644a000 ---p 00000000 00:00 0 
7f459644a000-7f4596464000 r-xp 00000000 08:01 8783934                    /home/elixandrebaldi/jdk1.8.0_111/jre/lib/amd64/libzip.so
7f4596464000-7f4596664000 ---p 0001a000 08:01 8783934                    /home/elixandrebaldi/jdk1.8.0_111/jre/lib/amd64/libzip.so
7f4596664000-7f4596665000 rw-p 0001a000 08:01 8783934                    /home/elixandrebaldi/jdk1.8.0_111/jre/lib/amd64/libzip.so
7f4596665000-7f4596670000 r-xp 00000000 08:01 3932251                    /lib/x86_64-linux-gnu/libnss_files-2.23.so
7f4596670000-7f459686f000 ---p 0000b000 08:01 3932251                    /lib/x86_64-linux-gnu/libnss_files-2.23.so
7f459686f000-7f4596870000 r--p 0000a000 08:01 3932251                    /lib/x86_64-linux-gnu/libnss_files-2.23.so
7f4596870000-7f4596871000 rw-p 0000b000 08:01 3932251                    /lib/x86_64-linux-gnu/libnss_files-2.23.so
7f4596871000-7f4596877000 rw-p 00000000 00:00 0 
7f4596877000-7f4596882000 r-xp 00000000 08:01 3932244                    /lib/x86_64-linux-gnu/libnss_nis-2.23.so
7f4596882000-7f4596a81000 ---p 0000b000 08:01 3932244                    /lib/x86_64-linux-gnu/libnss_nis-2.23.so
7f4596a81000-7f4596a82000 r--p 0000a000 08:01 3932244                    /lib/x86_64-linux-gnu/libnss_nis-2.23.so
7f4596a82000-7f4596a83000 rw-p 0000b000 08:01 3932244                    /lib/x86_64-linux-gnu/libnss_nis-2.23.so
7f4596a83000-7f4596a99000 r-xp 00000000 08:01 3932246                    /lib/x86_64-linux-gnu/libnsl-2.23.so
7f4596a99000-7f4596c98000 ---p 00016000 08:01 3932246                    /lib/x86_64-linux-gnu/libnsl-2.23.so
7f4596c98000-7f4596c99000 r--p 00015000 08:01 3932246                    /lib/x86_64-linux-gnu/libnsl-2.23.so
7f4596c99000-7f4596c9a000 rw-p 00016000 08:01 3932246                    /lib/x86_64-linux-gnu/libnsl-2.23.so
7f4596c9a000-7f4596c9c000 rw-p 00000000 00:00 0 
7f4596c9c000-7f4596ca4000 r-xp 00000000 08:01 3932253                    /lib/x86_64-linux-gnu/libnss_compat-2.23.so
7f4596ca4000-7f4596ea3000 ---p 00008000 08:01 3932253                    /lib/x86_64-linux-gnu/libnss_compat-2.23.so
7f4596ea3000-7f4596ea4000 r--p 00007000 08:01 3932253                    /lib/x86_64-linux-gnu/libnss_compat-2.23.so
7f4596ea4000-7f4596ea5000 rw-p 00008000 08:01 3932253                    /lib/x86_64-linux-gnu/libnss_compat-2.23.so
7f4596ea5000-7f4596ed0000 r-xp 00000000 08:01 8783907                    /home/elixandrebaldi/jdk1.8.0_111/jre/lib/amd64/libjava.so
7f4596ed0000-7f45970cf000 ---p 0002b000 08:01 8783907                    /home/elixandrebaldi/jdk1.8.0_111/jre/lib/amd64/libjava.so
7f45970cf000-7f45970d1000 rw-p 0002a000 08:01 8783907                    /home/elixandrebaldi/jdk1.8.0_111/jre/lib/amd64/libjava.so
7f45970d1000-7f45970de000 r-xp 00000000 08:01 8783870                    /home/elixandrebaldi/jdk1.8.0_111/jre/lib/amd64/libverify.so
7f45970de000-7f45972dd000 ---p 0000d000 08:01 8783870                    /home/elixandrebaldi/jdk1.8.0_111/jre/lib/amd64/libverify.so
7f45972dd000-7f45972df000 rw-p 0000c000 08:01 8783870                    /home/elixandrebaldi/jdk1.8.0_111/jre/lib/amd64/libverify.so
7f45972df000-7f45972e6000 r-xp 00000000 08:01 3932254                    /lib/x86_64-linux-gnu/librt-2.23.so
7f45972e6000-7f45974e5000 ---p 00007000 08:01 3932254                    /lib/x86_64-linux-gnu/librt-2.23.so
7f45974e5000-7f45974e6000 r--p 00006000 08:01 3932254                    /lib/x86_64-linux-gnu/librt-2.23.so
7f45974e6000-7f45974e7000 rw-p 00007000 08:01 3932254                    /lib/x86_64-linux-gnu/librt-2.23.so
7f45974e7000-7f45975ef000 r-xp 00000000 08:01 3932245                    /lib/x86_64-linux-gnu/libm-2.23.so
7f45975ef000-7f45977ee000 ---p 00108000 08:01 3932245                    /lib/x86_64-linux-gnu/libm-2.23.so
7f45977ee000-7f45977ef000 r--p 00107000 08:01 3932245                    /lib/x86_64-linux-gnu/libm-2.23.so
7f45977ef000-7f45977f0000 rw-p 00108000 08:01 3932245                    /lib/x86_64-linux-gnu/libm-2.23.so
7f45977f0000-7f45984bd000 r-xp 00000000 08:01 8783785                    /home/elixandrebaldi/jdk1.8.0_111/jre/lib/amd64/server/libjvm.so
7f45984bd000-7f45986bc000 ---p 00ccd000 08:01 8783785                    /home/elixandrebaldi/jdk1.8.0_111/jre/lib/amd64/server/libjvm.so
7f45986bc000-7f4598795000 rw-p 00ccc000 08:01 8783785                    /home/elixandrebaldi/jdk1.8.0_111/jre/lib/amd64/server/libjvm.so
7f4598795000-7f45987e0000 rw-p 00000000 00:00 0 
7f45987e0000-7f459899f000 r-xp 00000000 08:01 3932247                    /lib/x86_64-linux-gnu/libc-2.23.so
7f459899f000-7f4598b9f000 ---p 001bf000 08:01 3932247                    /lib/x86_64-linux-gnu/libc-2.23.so
7f4598b9f000-7f4598ba3000 r--p 001bf000 08:01 3932247                    /lib/x86_64-linux-gnu/libc-2.23.so
7f4598ba3000-7f4598ba5000 rw-p 001c3000 08:01 3932247                    /lib/x86_64-linux-gnu/libc-2.23.so
7f4598ba5000-7f4598ba9000 rw-p 00000000 00:00 0 
7f4598ba9000-7f4598bac000 r-xp 00000000 08:01 3932243                    /lib/x86_64-linux-gnu/libdl-2.23.so
7f4598bac000-7f4598dab000 ---p 00003000 08:01 3932243                    /lib/x86_64-linux-gnu/libdl-2.23.so
7f4598dab000-7f4598dac000 r--p 00002000 08:01 3932243                    /lib/x86_64-linux-gnu/libdl-2.23.so
7f4598dac000-7f4598dad000 rw-p 00003000 08:01 3932243                    /lib/x86_64-linux-gnu/libdl-2.23.so
7f4598dad000-7f4598dc2000 r-xp 00000000 08:01 8783943                    /home/elixandrebaldi/jdk1.8.0_111/lib/amd64/jli/libjli.so
7f4598dc2000-7f4598fc2000 ---p 00015000 08:01 8783943                    /home/elixandrebaldi/jdk1.8.0_111/lib/amd64/jli/libjli.so
7f4598fc2000-7f4598fc3000 rw-p 00015000 08:01 8783943                    /home/elixandrebaldi/jdk1.8.0_111/lib/amd64/jli/libjli.so
7f4598fc3000-7f4598fdb000 r-xp 00000000 08:01 3932258                    /lib/x86_64-linux-gnu/libpthread-2.23.so
7f4598fdb000-7f45991da000 ---p 00018000 08:01 3932258                    /lib/x86_64-linux-gnu/libpthread-2.23.so
7f45991da000-7f45991db000 r--p 00017000 08:01 3932258                    /lib/x86_64-linux-gnu/libpthread-2.23.so
7f45991db000-7f45991dc000 rw-p 00018000 08:01 3932258                    /lib/x86_64-linux-gnu/libpthread-2.23.so
7f45991dc000-7f45991e0000 rw-p 00000000 00:00 0 
7f45991e0000-7f4599206000 r-xp 00000000 08:01 3932248                    /lib/x86_64-linux-gnu/ld-2.23.so
7f4599217000-7f45992e3000 rw-p 00000000 00:00 0 
7f45992e3000-7f45992e6000 ---p 00000000 00:00 0 
7f45992e6000-7f45993e8000 rw-p 00000000 00:00 0 
7f45993f1000-7f45993f6000 r--s 00096000 08:01 8783911                    /home/elixandrebaldi/jdk1.8.0_111/jre/lib/jsse.jar
7f45993f6000-7f45993f9000 r--s 00f76000 08:01 8524426                    /home/elixandrebaldi/Documentos/VCubeDHT/simgrid.jar
7f45993f9000-7f4599401000 rw-s 00000000 08:01 2359392                    /tmp/hsperfdata_elixandrebaldi/9739 (deleted)
7f4599401000-7f4599402000 rw-p 00000000 00:00 0 
7f4599402000-7f4599403000 ---p 00000000 00:00 0 
7f4599403000-7f4599405000 rw-p 00000000 00:00 0 
7f4599405000-7f4599406000 r--p 00025000 08:01 3932248                    /lib/x86_64-linux-gnu/ld-2.23.so
7f4599406000-7f4599407000 rw-p 00026000 08:01 3932248                    /lib/x86_64-linux-gnu/ld-2.23.so
7f4599407000-7f4599408000 rw-p 00000000 00:00 0 
7ffe6b0e0000-7ffe6b101000 rw-p 00000000 00:00 0                          [stack]
7ffe6b1dd000-7ffe6b1df000 r--p 00000000 00:00 0                          [vvar]
7ffe6b1df000-7ffe6b1e1000 r-xp 00000000 00:00 0                          [vdso]
ffffffffff600000-ffffffffff601000 r-xp 00000000 00:00 0                  [vsyscall]

VM Arguments:
jvm_args: -Dfile.encoding=UTF-8 -Xmx2048m 
java_command: vcube.VCube platform.xml deployment.xml
java_class_path (initial): /home/elixandrebaldi/Documentos/VCubeDHT/simgrid.jar:/home/elixandrebaldi/Documentos/VCubeDHT/VCube/build/classes
Launcher Type: SUN_STANDARD

Environment Variables:
PATH=/home/elixandrebaldi/bin:/home/elixandrebaldi/.local/bin:/usr/local/sbin:/usr/local/bin:/usr/sbin:/usr/bin:/sbin:/bin:/usr/games:/usr/local/games
LD_LIBRARY_PATH=/home/elixandrebaldi/jdk1.8.0_111/jre/lib/amd64:/home/elixandrebaldi/jdk1.8.0_111/jre/lib/i386:
SHELL=/bin/bash
DISPLAY=:0

Signal Handlers:
SIGSEGV: [libjvm.so+0xac64b0], sa_mask[0]=11111111011111111101111111111110, sa_flags=SA_RESTART|SA_SIGINFO
SIGBUS: [libjvm.so+0xac64b0], sa_mask[0]=11111111011111111101111111111110, sa_flags=SA_RESTART|SA_SIGINFO
SIGFPE: [libjvm.so+0x91f950], sa_mask[0]=11111111011111111101111111111110, sa_flags=SA_RESTART|SA_SIGINFO
SIGPIPE: [libjvm.so+0x91f950], sa_mask[0]=11111111011111111101111111111110, sa_flags=SA_RESTART|SA_SIGINFO
SIGXFSZ: [libjvm.so+0x91f950], sa_mask[0]=11111111011111111101111111111110, sa_flags=SA_RESTART|SA_SIGINFO
SIGILL: [libjvm.so+0x91f950], sa_mask[0]=11111111011111111101111111111110, sa_flags=SA_RESTART|SA_SIGINFO
SIGUSR1: SIG_DFL, sa_mask[0]=00000000000000000000000000000000, sa_flags=none
SIGUSR2: [libjvm.so+0x920f80], sa_mask[0]=00100000000000000000000000000000, sa_flags=SA_RESTART|SA_SIGINFO
SIGHUP: [libjvm.so+0x922380], sa_mask[0]=11111111011111111101111111111110, sa_flags=SA_RESTART|SA_SIGINFO
SIGINT: [libsimgrid.so+0x8ff50], sa_mask[0]=01000000000000000000000000000000, sa_flags=SA_RESTART
SIGTERM: [libjvm.so+0x922380], sa_mask[0]=11111111011111111101111111111110, sa_flags=SA_RESTART|SA_SIGINFO
SIGQUIT: [libjvm.so+0x922380], sa_mask[0]=11111111011111111101111111111110, sa_flags=SA_RESTART|SA_SIGINFO


---------------  S Y S T E M  ---------------

OS:DISTRIB_ID="elementary"
DISTRIB_RELEASE=0.4.1
DISTRIB_CODENAME=loki
DISTRIB_DESCRIPTION="elementary OS 0.4.1 Loki"

uname:Linux 4.4.0-79-generic #100-Ubuntu SMP Wed May 17 19:58:14 UTC 2017 x86_64
libc:glibc 2.23 NPTL 2.23 
rlimit: STACK 8192k, CORE 0k, NPROC 14991, NOFILE 65536, AS infinity
load average:0.64 0.79 0.77

/proc/meminfo:
MemTotal:        3878592 kB
MemFree:          715904 kB
MemAvailable:    1532912 kB
Buffers:          127652 kB
Cached:           974056 kB
SwapCached:          180 kB
Active:          1878304 kB
Inactive:        1038240 kB
Active(anon):    1297572 kB
Inactive(anon):   657672 kB
Active(file):     580732 kB
Inactive(file):   380568 kB
Unevictable:          48 kB
Mlocked:              48 kB
SwapTotal:       4025340 kB
SwapFree:        4022136 kB
Dirty:             13120 kB
Writeback:             0 kB
AnonPages:       1814788 kB
Mapped:           242856 kB
Shmem:            140404 kB
Slab:             148412 kB
SReclaimable:     116408 kB
SUnreclaim:        32004 kB
KernelStack:        8416 kB
PageTables:        31272 kB
NFS_Unstable:          0 kB
Bounce:                0 kB
WritebackTmp:          0 kB
CommitLimit:     5964636 kB
Committed_AS:    5137796 kB
VmallocTotal:   34359738367 kB
VmallocUsed:           0 kB
VmallocChunk:          0 kB
HardwareCorrupted:     0 kB
AnonHugePages:   1261568 kB
CmaTotal:              0 kB
CmaFree:               0 kB
HugePages_Total:       0
HugePages_Free:        0
HugePages_Rsvd:        0
HugePages_Surp:        0
Hugepagesize:       2048 kB
DirectMap4k:      144120 kB
DirectMap2M:     3883008 kB


CPU:total 4 (2 cores per cpu, 2 threads per core) family 6 model 58 stepping 9, cmov, cx8, fxsr, mmx, sse, sse2, sse3, ssse3, sse4.1, sse4.2, popcnt, avx, clmul, erms, ht, tsc, tscinvbit, tscinv

/proc/cpuinfo:
processor	: 0
vendor_id	: GenuineIntel
cpu family	: 6
model		: 58
model name	: Intel(R) Core(TM) i7-3517U CPU @ 1.90GHz
stepping	: 9
microcode	: 0x12
cpu MHz		: 2658.000
cache size	: 4096 KB
physical id	: 0
siblings	: 4
core id		: 0
cpu cores	: 2
apicid		: 0
initial apicid	: 0
fpu		: yes
fpu_exception	: yes
cpuid level	: 13
wp		: yes
flags		: fpu vme de pse tsc msr pae mce cx8 apic sep mtrr pge mca cmov pat pse36 clflush dts acpi mmx fxsr sse sse2 ss ht tm pbe syscall nx rdtscp lm constant_tsc arch_perfmon pebs bts rep_good nopl xtopology nonstop_tsc aperfmperf eagerfpu pni pclmulqdq dtes64 monitor ds_cpl vmx est tm2 ssse3 cx16 xtpr pdcm pcid sse4_1 sse4_2 x2apic popcnt tsc_deadline_timer xsave avx f16c rdrand lahf_lm epb tpr_shadow vnmi flexpriority ept vpid fsgsbase smep erms xsaveopt dtherm ida arat pln pts
bugs		:
bogomips	: 4789.43
clflush size	: 64
cache_alignment	: 64
address sizes	: 36 bits physical, 48 bits virtual
power management:

processor	: 1
vendor_id	: GenuineIntel
cpu family	: 6
model		: 58
model name	: Intel(R) Core(TM) i7-3517U CPU @ 1.90GHz
stepping	: 9
microcode	: 0x12
cpu MHz		: 2735.250
cache size	: 4096 KB
physical id	: 0
siblings	: 4
core id		: 0
cpu cores	: 2
apicid		: 1
initial apicid	: 1
fpu		: yes
fpu_exception	: yes
cpuid level	: 13
wp		: yes
flags		: fpu vme de pse tsc msr pae mce cx8 apic sep mtrr pge mca cmov pat pse36 clflush dts acpi mmx fxsr sse sse2 ss ht tm pbe syscall nx rdtscp lm constant_tsc arch_perfmon pebs bts rep_good nopl xtopology nonstop_tsc aperfmperf eagerfpu pni pclmulqdq dtes64 monitor ds_cpl vmx est tm2 ssse3 cx16 xtpr pdcm pcid sse4_1 sse4_2 x2apic popcnt tsc_deadline_timer xsave avx f16c rdrand lahf_lm epb tpr_shadow vnmi flexpriority ept vpid fsgsbase smep erms xsaveopt dtherm ida arat pln pts
bugs		:
bogomips	: 4789.43
clflush size	: 64
cache_alignment	: 64
address sizes	: 36 bits physical, 48 bits virtual
power management:

processor	: 2
vendor_id	: GenuineIntel
cpu family	: 6
model		: 58
model name	: Intel(R) Core(TM) i7-3517U CPU @ 1.90GHz
stepping	: 9
microcode	: 0x12
cpu MHz		: 2651.625
cache size	: 4096 KB
physical id	: 0
siblings	: 4
core id		: 1
cpu cores	: 2
apicid		: 2
initial apicid	: 2
fpu		: yes
fpu_exception	: yes
cpuid level	: 13
wp		: yes
flags		: fpu vme de pse tsc msr pae mce cx8 apic sep mtrr pge mca cmov pat pse36 clflush dts acpi mmx fxsr sse sse2 ss ht tm pbe syscall nx rdtscp lm constant_tsc arch_perfmon pebs bts rep_good nopl xtopology nonstop_tsc aperfmperf eagerfpu pni pclmulqdq dtes64 monitor ds_cpl vmx est tm2 ssse3 cx16 xtpr pdcm pcid sse4_1 sse4_2 x2apic popcnt tsc_deadline_timer xsave avx f16c rdrand lahf_lm epb tpr_shadow vnmi flexpriority ept vpid fsgsbase smep erms xsaveopt dtherm ida arat pln pts
bugs		:
bogomips	: 4789.43
clflush size	: 64
cache_alignment	: 64
address sizes	: 36 bits physical, 48 bits virtual
power management:

processor	: 3
vendor_id	: GenuineIntel
cpu family	: 6
model		: 58
model name	: Intel(R) Core(TM) i7-3517U CPU @ 1.90GHz
stepping	: 9
microcode	: 0x12
cpu MHz		: 2600.437
cache size	: 4096 KB
physical id	: 0
siblings	: 4
core id		: 1
cpu cores	: 2
apicid		: 3
initial apicid	: 3
fpu		: yes
fpu_exception	: yes
cpuid level	: 13
wp		: yes
flags		: fpu vme de pse tsc msr pae mce cx8 apic sep mtrr pge mca cmov pat pse36 clflush dts acpi mmx fxsr sse sse2 ss ht tm pbe syscall nx rdtscp lm constant_tsc arch_perfmon pebs bts rep_good nopl xtopology nonstop_tsc aperfmperf eagerfpu pni pclmulqdq dtes64 monitor ds_cpl vmx est tm2 ssse3 cx16 xtpr pdcm pcid sse4_1 sse4_2 x2apic popcnt tsc_deadline_timer xsave avx f16c rdrand lahf_lm epb tpr_shadow vnmi flexpriority ept vpid fsgsbase smep erms xsaveopt dtherm ida arat pln pts
bugs		:
bogomips	: 4789.43
clflush size	: 64
cache_alignment	: 64
address sizes	: 36 bits physical, 48 bits virtual
power management:



Memory: 4k page, physical 3878592k(715904k free), swap 4025340k(4022136k free)

vm_info: Java HotSpot(TM) 64-Bit Server VM (25.111-b14) for linux-amd64 JRE (1.8.0_111-b14), built on Sep 22 2016 16:14:03 by "java_re" with gcc 4.3.0 20080428 (Red Hat 4.3.0-8)

time: Tue Jun 13 22:41:48 2017
elapsed time: 4 seconds (0d 0h 0m 4s)

