#
# A fatal error has been detected by the Java Runtime Environment:
#
#  SIGSEGV (0xb) at pc=0x00007fcfde86076b, pid=8201, tid=140530481391360
#
# JRE version: Java(TM) SE Runtime Environment (7.0_80-b15) (build 1.7.0_80-b15)
# Java VM: Java HotSpot(TM) 64-Bit Server VM (24.80-b11 mixed mode linux-amd64 compressed oops)
# Problematic frame:
# C  [libc.so.6+0x8076b]  _IO_str_seekoff+0x299b
#
# Failed to write core dump. Core dumps have been disabled. To enable core dumping, try "ulimit -c unlimited" before starting Java again
#
# If you would like to submit a bug report, please visit:
#   http://bugreport.java.com/bugreport/crash.jsp
# The crash happened outside the Java Virtual Machine in native code.
# See problematic frame for where to report the bug.
#

---------------  T H R E A D  ---------------

Current thread (0x00007fcfd8070800):  JavaThread "Finalizer" daemon [_thread_in_native, id=8213, stack(0x00007fcfcd5c6000,0x00007fcfcd6c7000)]

siginfo:si_signo=SIGSEGV: si_errno=0, si_code=128 (), si_addr=0x0000000000000000

Registers:
RAX=0x00007fcf98269d40, RBX=0x00007fcf98031c70, RCX=0x00007fcfcd6c5540, RDX=0xffffff909b9e8f90
RSP=0x00007fcfcd6c5360, RBP=0x0000006f64617070, RSI=0x0000000000000001, RDI=0x0000000000000000
R8 =0x00007fcf88028830, R9 =0x0000000000000001, R10=0x0000000000000004, R11=0x00007fcfde7b5de8
R12=0x0000803efc648ce0, R13=0x00007fcf98000020, R14=0x00007fcfcd6c5540, R15=0x00007fcfd8070800
RIP=0x00007fcfde86076b, EFLAGS=0x0000000000010202, CSGSFS=0x0000000000000033, ERR=0x0000000000000000
  TRAPNO=0x000000000000000d

Top of Stack: (sp=0x00007fcfcd6c5360)
0x00007fcfcd6c5360:   00007fcfd8070800 00000000d80710c0
0x00007fcfcd6c5370:   00007fcfd8070d20 00007fcfcd6c53b0
0x00007fcfcd6c5380:   00000000000000b7 00007fcf88028940
0x00007fcfcd6c5390:   00007fcf9fff3ce0 00007fcf880288b0
0x00007fcfcd6c53a0:   00000000bfd6d510 00007fcf00000001
0x00007fcfcd6c53b0:   00007fcf88028940 00007fcfde8647ec
0x00007fcfcd6c53c0:   00007fcfd80710c0 00007fcfd80710c0
0x00007fcfcd6c53d0:   00007fcffffffffe 00007fcf98031bb0
0x00007fcfcd6c53e0:   00007fcf9fff3ce0 0000000000000000
0x00007fcfcd6c53f0:   00000000bfd6d510 00007fcfcd6c5540
0x00007fcfcd6c5400:   00007fcfd8070800 00007fcfde8647ec
0x00007fcfcd6c5410:   0000007fcd6c5470 00007fcf88028940
0x00007fcfcd6c5420:   00007fcfcd6c5540 00007fcf88028830
0x00007fcfcd6c5430:   00007fcf9fff3ce0 00007fcf98031bb0
0x00007fcfcd6c5440:   00007fcf9fff3ce0 0000000000000000
0x00007fcfcd6c5450:   00000000bfd6d510 00007fcf9fb7c683
0x00007fcfcd6c5460:   00007fcfd5005310 00007fcf00000000
0x00007fcfcd6c5470:   01007fcfcd6c5658 00007fcfde174582
0x00007fcfcd6c5480:   0000000000001381 00007fcfd8071078
0x00007fcfcd6c5490:   00007fcfcd6c54f0 00007fcfde17499c
0x00007fcfcd6c54a0:   00007fcfbc003580 00007fcf9f568de7
0x00007fcfcd6c54b0:   0000000000000000 00000000bfd6d510
0x00007fcfcd6c54c0:   00007fcfcd6c5520 00007fcfd5012d98
0x00007fcfcd6c54d0:   00007fcfd8070800 00007fcfd8070800
0x00007fcfcd6c54e0:   00007fcfcd6c54e0 0000000000000000
0x00007fcfcd6c54f0:   00007fcfcd6c5540 00000000bfd6eed8
0x00007fcfcd6c5500:   0000000000000000 00000000bfd6d510
0x00007fcfcd6c5510:   0000000000000000 00007fcfcd6c5540
0x00007fcfcd6c5520:   00007fcfcd6c5588 00007fcfd5006058
0x00007fcfcd6c5530:   0000000000000000 00007fcfd500ecd8
0x00007fcfcd6c5540:   00000000ed562610 00007fcfcd6c5548
0x00007fcfcd6c5550:   00000000bfd6d429 00007fcfcd6c55a0 

Instructions: (pc=0x00007fcfde86076b)
0x00007fcfde86074b:   4c 8d 24 2e c7 44 24 48 00 00 00 00 48 39 c6 0f
0x00007fcfde86075b:   84 70 09 00 00 41 f6 45 04 02 0f 84 85 08 00 00
0x00007fcfde86076b:   49 8b 44 24 08 a8 01 0f 84 98 08 00 00 49 89 c7
0x00007fcfde86077b:   49 83 e7 f8 48 83 f8 10 0f 86 e7 06 00 00 4d 3b 

Register to memory mapping:

RAX=0x00007fcf98269d40 is an unknown value
RBX=0x00007fcf98031c70 is an unknown value
RCX=0x00007fcfcd6c5540 is pointing into the stack for thread: 0x00007fcfd8070800
RDX=0xffffff909b9e8f90 is an unknown value
RSP=0x00007fcfcd6c5360 is pointing into the stack for thread: 0x00007fcfd8070800
RBP=0x0000006f64617070 is an unknown value
RSI=0x0000000000000001 is an unknown value
RDI=0x0000000000000000 is an unknown value
R8 =0x00007fcf88028830 is an unknown value
R9 =0x0000000000000001 is an unknown value
R10=0x0000000000000004 is an unknown value
R11=0x00007fcfde7b5de8: <offset 0xe4fde8> in /home/elixandre/jdk1.7.0_80/jre/lib/amd64/server/libjvm.so at 0x00007fcfdd966000
R12=0x0000803efc648ce0 is an unknown value
R13=0x00007fcf98000020 is an unknown value
R14=0x00007fcfcd6c5540 is pointing into the stack for thread: 0x00007fcfd8070800
R15=0x00007fcfd8070800 is a thread


Stack: [0x00007fcfcd5c6000,0x00007fcfcd6c7000],  sp=0x00007fcfcd6c5360,  free space=1020k
Native frames: (J=compiled Java code, j=interpreted, Vv=VM code, C=native code)
C  [libc.so.6+0x8076b]  _IO_str_seekoff+0x299b

[error occurred during error reporting (printing native stack), id 0xb]

Java frames: (J=compiled Java code, j=interpreted, Vv=VM code)
j  org.simgrid.msg.Task.nativeFinalize()V+0
j  org.simgrid.msg.Task.finalize()V+1
j  java.lang.System$2.invokeFinalize(Ljava/lang/Object;)V+1
j  java.lang.ref.Finalizer.runFinalizer(Lsun/misc/JavaLangAccess;)V+46
j  java.lang.ref.Finalizer.access$100(Ljava/lang/ref/Finalizer;Lsun/misc/JavaLangAccess;)V+2
j  java.lang.ref.Finalizer$FinalizerThread.run()V+45
v  ~StubRoutines::call_stub

---------------  P R O C E S S  ---------------

Java Threads: ( => current thread )
  0x00007fcf54001000 JavaThread "Thread-15" [_thread_in_native, id=8233, stack(0x00007fcf62ffe000,0x00007fcf637ff000)]
  0x00007fcf5c001000 JavaThread "Thread-14" [_thread_in_native, id=8232, stack(0x00007fcf637ff000,0x00007fcf64000000)]
  0x00007fcf68001000 JavaThread "Thread-13" [_thread_in_native, id=8231, stack(0x00007fcf847f9000,0x00007fcf84ffa000)]
  0x00007fcf64001000 JavaThread "Thread-12" [_thread_in_native, id=8230, stack(0x00007fcf84ffa000,0x00007fcf857fb000)]
  0x00007fcf70001000 JavaThread "Thread-11" [_thread_in_native, id=8229, stack(0x00007fcf857fb000,0x00007fcf85ffc000)]
  0x00007fcf6c001000 JavaThread "Thread-10" [_thread_in_native, id=8228, stack(0x00007fcf85ffc000,0x00007fcf867fd000)]
  0x00007fcf74001000 JavaThread "Thread-8" [_thread_in_native, id=8225, stack(0x00007fcf877ff000,0x00007fcf88000000)]
  0x00007fcf7c001000 JavaThread "Thread-9" [_thread_in_native, id=8226, stack(0x00007fcf86ffe000,0x00007fcf877ff000)]
  0x00007fcf78001000 JavaThread "Thread-7" [_thread_in_native, id=8227, stack(0x00007fcf867fd000,0x00007fcf86ffe000)]
  0x00007fcf80001000 JavaThread "Thread-6" [_thread_in_native, id=8224, stack(0x00007fcf9c557000,0x00007fcf9cd58000)]
  0x00007fcf8c001000 JavaThread "Thread-4" [_thread_in_native, id=8223, stack(0x00007fcf9cd58000,0x00007fcf9d559000)]
  0x00007fcf88001000 JavaThread "Thread-5" [_thread_in_native, id=8222, stack(0x00007fcf9d559000,0x00007fcf9dd5a000)]
  0x00007fcf94001000 JavaThread "Thread-1" [_thread_in_native, id=8221, stack(0x00007fcf9dd5a000,0x00007fcf9e55b000)]
  0x00007fcf90001000 JavaThread "Thread-2" [_thread_in_native, id=8220, stack(0x00007fcf9e55b000,0x00007fcf9ed5c000)]
  0x00007fcf98001000 JavaThread "Thread-3" [_thread_in_native, id=8219, stack(0x00007fcf9ed5c000,0x00007fcf9f55d000)]
  0x00007fcfd8099000 JavaThread "Service Thread" daemon [_thread_blocked, id=8217, stack(0x00007fcfccadf000,0x00007fcfccbe0000)]
  0x00007fcfd8096800 JavaThread "C2 CompilerThread1" daemon [_thread_in_native, id=8216, stack(0x00007fcfccbe0000,0x00007fcfccce1000)]
  0x00007fcfd8093800 JavaThread "C2 CompilerThread0" daemon [_thread_blocked, id=8215, stack(0x00007fcfccce1000,0x00007fcfccde2000)]
  0x00007fcfd8091800 JavaThread "Signal Dispatcher" daemon [_thread_blocked, id=8214, stack(0x00007fcfccde2000,0x00007fcfccee3000)]
=>0x00007fcfd8070800 JavaThread "Finalizer" daemon [_thread_in_native, id=8213, stack(0x00007fcfcd5c6000,0x00007fcfcd6c7000)]
  0x00007fcfd806e000 JavaThread "Reference Handler" daemon [_thread_in_Java, id=8212, stack(0x00007fcfcd6c7000,0x00007fcfcd7c8000)]
  0x00007fcfd8009800 JavaThread "main" [_thread_in_native, id=8202, stack(0x00007fcfdf2e4000,0x00007fcfdf3e5000)]

Other Threads:
  0x00007fcfd806a000 VMThread [stack: 0x00007fcfcd7c8000,0x00007fcfcd8c9000] [id=8211]
  0x00007fcfd80a3800 WatcherThread [stack: 0x00007fcfcc9de000,0x00007fcfccadf000] [id=8218]

VM state:not at safepoint (normal execution)

VM Mutex/Monitor currently owned by a thread: None

Heap
 PSYoungGen      total 17920K, used 3051K [0x00000000ec400000, 0x00000000ee700000, 0x0000000100000000)
  eden space 15360K, 3% used [0x00000000ec400000,0x00000000ec47ae98,0x00000000ed300000)
  from space 2560K, 100% used [0x00000000ed300000,0x00000000ed580000,0x00000000ed580000)
  to   space 2560K, 0% used [0x00000000ee480000,0x00000000ee480000,0x00000000ee700000)
 ParOldGen       total 40448K, used 320K [0x00000000c4c00000, 0x00000000c7380000, 0x00000000ec400000)
  object space 40448K, 0% used [0x00000000c4c00000,0x00000000c4c50020,0x00000000c7380000)
 PSPermGen       total 21504K, used 3582K [0x00000000bfa00000, 0x00000000c0f00000, 0x00000000c4c00000)
  object space 21504K, 16% used [0x00000000bfa00000,0x00000000bfd7f960,0x00000000c0f00000)

Card table byte_map: [0x00007fcfdc3c6000,0x00007fcfdc5ca000] byte_map_base: 0x00007fcfdbdc9000

Polling page: 0x00007fcfdf401000

Code Cache  [0x00007fcfd5000000, 0x00007fcfd5270000, 0x00007fcfd8000000)
 total_blobs=263 nmethods=57 adapters=160 free_code_cache=48687Kb largest_free_block=49836480

Compilation events (10 events):
Event: 1.885 Thread 0x00007fcfd8093800   53             vcube.VCubeTask::setEmissor (6 bytes)
Event: 1.885 Thread 0x00007fcfd8093800 nmethod 53 0x00007fcfd5075d90 code [0x00007fcfd5075ec0, 0x00007fcfd5075f38]
Event: 1.886 Thread 0x00007fcfd8096800 nmethod 50 0x00007fcfd5067350 code [0x00007fcfd50674a0, 0x00007fcfd5067688]
Event: 1.892 Thread 0x00007fcfd8093800   55             java.lang.String::toString (2 bytes)
Event: 1.892 Thread 0x00007fcfd8093800 nmethod 55 0x00007fcfd5072790 code [0x00007fcfd50728c0, 0x00007fcfd5072918]
Event: 1.894 Thread 0x00007fcfd8096800   56             java.util.regex.Pattern$Node::study (21 bytes)
Event: 1.894 Thread 0x00007fcfd8093800   57             java.util.regex.Matcher::find (69 bytes)
Event: 1.895 Thread 0x00007fcfd8096800 nmethod 56 0x00007fcfd5066f90 code [0x00007fcfd50670e0, 0x00007fcfd50671e8]
Event: 1.911 Thread 0x00007fcfd8093800 nmethod 57 0x00007fcfd50667d0 code [0x00007fcfd5066940, 0x00007fcfd5066c38]
Event: 1.933 Thread 0x00007fcfd8096800   58 % !         vcube.Node::main @ 79 (1467 bytes)

GC Heap History (2 events):
Event: 2.346 GC heap before
{Heap before GC invocations=1 (full 0):
 PSYoungGen      total 17920K, used 15360K [0x00000000ec400000, 0x00000000ed800000, 0x0000000100000000)
  eden space 15360K, 100% used [0x00000000ec400000,0x00000000ed300000,0x00000000ed300000)
  from space 2560K, 0% used [0x00000000ed580000,0x00000000ed580000,0x00000000ed800000)
  to   space 2560K, 0% used [0x00000000ed300000,0x00000000ed300000,0x00000000ed580000)
 ParOldGen       total 40448K, used 0K [0x00000000c4c00000, 0x00000000c7380000, 0x00000000ec400000)
  object space 40448K, 0% used [0x00000000c4c00000,0x00000000c4c00000,0x00000000c7380000)
 PSPermGen       total 21504K, used 3580K [0x00000000bfa00000, 0x00000000c0f00000, 0x00000000c4c00000)
  object space 21504K, 16% used [0x00000000bfa00000,0x00000000bfd7f348,0x00000000c0f00000)
Event: 2.386 GC heap after
Heap after GC invocations=1 (full 0):
 PSYoungGen      total 17920K, used 2560K [0x00000000ec400000, 0x00000000ee700000, 0x0000000100000000)
  eden space 15360K, 0% used [0x00000000ec400000,0x00000000ec400000,0x00000000ed300000)
  from space 2560K, 100% used [0x00000000ed300000,0x00000000ed580000,0x00000000ed580000)
  to   space 2560K, 0% used [0x00000000ee480000,0x00000000ee480000,0x00000000ee700000)
 ParOldGen       total 40448K, used 320K [0x00000000c4c00000, 0x00000000c7380000, 0x00000000ec400000)
  object space 40448K, 0% used [0x00000000c4c00000,0x00000000c4c50020,0x00000000c7380000)
 PSPermGen       total 21504K, used 3580K [0x00000000bfa00000, 0x00000000c0f00000, 0x00000000c4c00000)
  object space 21504K, 16% used [0x00000000bfa00000,0x00000000bfd7f348,0x00000000c0f00000)
}

Deoptimization events (0 events):
No events

Internal exceptions (10 events):
Event: 2.343 Thread 0x00007fcf54001000 Threw 0x00000000ec98ecc8 at /HUDSON/workspace/7u-2-build-linux-amd64/jdk7u80/2329/hotspot/src/share/vm/prims/jni.cpp:743
Event: 2.343 Thread 0x00007fcf7c001000 Threw 0x00000000ed259060 at /HUDSON/workspace/7u-2-build-linux-amd64/jdk7u80/2329/hotspot/src/share/vm/prims/jni.cpp:743
Event: 2.344 Thread 0x00007fcf64001000 Threw 0x00000000ec8a9d58 at /HUDSON/workspace/7u-2-build-linux-amd64/jdk7u80/2329/hotspot/src/share/vm/prims/jni.cpp:743
Event: 2.344 Thread 0x00007fcf68001000 Threw 0x00000000ec8f6348 at /HUDSON/workspace/7u-2-build-linux-amd64/jdk7u80/2329/hotspot/src/share/vm/prims/jni.cpp:743
Event: 2.344 Thread 0x00007fcf78001000 Threw 0x00000000ec72b680 at /HUDSON/workspace/7u-2-build-linux-amd64/jdk7u80/2329/hotspot/src/share/vm/prims/jni.cpp:743
Event: 2.344 Thread 0x00007fcf6c001000 Threw 0x00000000ec8113d8 at /HUDSON/workspace/7u-2-build-linux-amd64/jdk7u80/2329/hotspot/src/share/vm/prims/jni.cpp:743
Event: 2.344 Thread 0x00007fcf5c001000 Threw 0x00000000ec942898 at /HUDSON/workspace/7u-2-build-linux-amd64/jdk7u80/2329/hotspot/src/share/vm/prims/jni.cpp:743
Event: 2.345 Thread 0x00007fcf90001000 Threw 0x00000000ed2b4d68 at /HUDSON/workspace/7u-2-build-linux-amd64/jdk7u80/2329/hotspot/src/share/vm/prims/jni.cpp:743
Event: 2.345 Thread 0x00007fcf94001000 Threw 0x00000000ed0e68e0 at /HUDSON/workspace/7u-2-build-linux-amd64/jdk7u80/2329/hotspot/src/share/vm/prims/jni.cpp:743
Event: 2.345 Thread 0x00007fcf8c001000 Threw 0x00000000ed133188 at /HUDSON/workspace/7u-2-build-linux-amd64/jdk7u80/2329/hotspot/src/share/vm/prims/jni.cpp:743

Events (10 events):
Event: 0.347 loading class 0x00007fcfd4bc7c90 done
Event: 0.348 loading class 0x00007fcfac025bc0 done
Event: 0.367 Thread 0x00007fcf6c001000 Thread added: 0x00007fcf6c001000
Event: 0.395 Thread 0x00007fcf70001000 Thread added: 0x00007fcf70001000
Event: 0.428 Thread 0x00007fcf64001000 Thread added: 0x00007fcf64001000
Event: 0.457 Thread 0x00007fcf68001000 Thread added: 0x00007fcf68001000
Event: 0.487 Thread 0x00007fcf5c001000 Thread added: 0x00007fcf5c001000
Event: 0.526 Thread 0x00007fcf54001000 Thread added: 0x00007fcf54001000
Event: 2.346 Executing VM operation: ParallelGCFailedAllocation
Event: 2.386 Executing VM operation: ParallelGCFailedAllocation done


Dynamic libraries:
00400000-00401000 r-xp 00000000 08:07 663942                             /home/elixandre/jdk1.7.0_80/bin/java
00600000-00601000 rw-p 00000000 08:07 663942                             /home/elixandre/jdk1.7.0_80/bin/java
0232e000-0234f000 rw-p 00000000 00:00 0                                  [heap]
bfa00000-c0f00000 rw-p 00000000 00:00 0 
c0f00000-c4c00000 rw-p 00000000 00:00 0 
c4c00000-c7380000 rw-p 00000000 00:00 0 
c7380000-ec400000 rw-p 00000000 00:00 0 
ec400000-ee700000 rw-p 00000000 00:00 0 
ee700000-100000000 rw-p 00000000 00:00 0 
7fcf54000000-7fcf54022000 rw-p 00000000 00:00 0 
7fcf54022000-7fcf58000000 ---p 00000000 00:00 0 
7fcf5c000000-7fcf5c022000 rw-p 00000000 00:00 0 
7fcf5c022000-7fcf60000000 ---p 00000000 00:00 0 
7fcf62ffe000-7fcf63001000 ---p 00000000 00:00 0 
7fcf63001000-7fcf637ff000 rw-p 00000000 00:00 0 
7fcf637ff000-7fcf63802000 ---p 00000000 00:00 0 
7fcf63802000-7fcf64000000 rw-p 00000000 00:00 0 
7fcf64000000-7fcf64022000 rw-p 00000000 00:00 0 
7fcf64022000-7fcf68000000 ---p 00000000 00:00 0 
7fcf68000000-7fcf68022000 rw-p 00000000 00:00 0 
7fcf68022000-7fcf6c000000 ---p 00000000 00:00 0 
7fcf6c000000-7fcf6c022000 rw-p 00000000 00:00 0 
7fcf6c022000-7fcf70000000 ---p 00000000 00:00 0 
7fcf70000000-7fcf70022000 rw-p 00000000 00:00 0 
7fcf70022000-7fcf74000000 ---p 00000000 00:00 0 
7fcf74000000-7fcf741e3000 rw-p 00000000 00:00 0 
7fcf741e3000-7fcf78000000 ---p 00000000 00:00 0 
7fcf78000000-7fcf78022000 rw-p 00000000 00:00 0 
7fcf78022000-7fcf7c000000 ---p 00000000 00:00 0 
7fcf7c000000-7fcf7c262000 rw-p 00000000 00:00 0 
7fcf7c262000-7fcf80000000 ---p 00000000 00:00 0 
7fcf80000000-7fcf801e4000 rw-p 00000000 00:00 0 
7fcf801e4000-7fcf84000000 ---p 00000000 00:00 0 
7fcf847f9000-7fcf847fc000 ---p 00000000 00:00 0 
7fcf847fc000-7fcf84ffa000 rw-p 00000000 00:00 0 
7fcf84ffa000-7fcf84ffd000 ---p 00000000 00:00 0 
7fcf84ffd000-7fcf857fb000 rw-p 00000000 00:00 0 
7fcf857fb000-7fcf857fe000 ---p 00000000 00:00 0 
7fcf857fe000-7fcf85ffc000 rw-p 00000000 00:00 0 
7fcf85ffc000-7fcf85fff000 ---p 00000000 00:00 0 
7fcf85fff000-7fcf867fd000 rw-p 00000000 00:00 0 
7fcf867fd000-7fcf86800000 ---p 00000000 00:00 0 
7fcf86800000-7fcf86ffe000 rw-p 00000000 00:00 0 
7fcf86ffe000-7fcf87001000 ---p 00000000 00:00 0 
7fcf87001000-7fcf877ff000 rw-p 00000000 00:00 0 
7fcf877ff000-7fcf87802000 ---p 00000000 00:00 0 
7fcf87802000-7fcf88000000 rw-p 00000000 00:00 0 
7fcf88000000-7fcf881e4000 rw-p 00000000 00:00 0 
7fcf881e4000-7fcf8c000000 ---p 00000000 00:00 0 
7fcf8c000000-7fcf8c1e4000 rw-p 00000000 00:00 0 
7fcf8c1e4000-7fcf90000000 ---p 00000000 00:00 0 
7fcf90000000-7fcf901e3000 rw-p 00000000 00:00 0 
7fcf901e3000-7fcf94000000 ---p 00000000 00:00 0 
7fcf94000000-7fcf941e3000 rw-p 00000000 00:00 0 
7fcf941e3000-7fcf98000000 ---p 00000000 00:00 0 
7fcf98000000-7fcf9826a000 rw-p 00000000 00:00 0 
7fcf9826a000-7fcf9c000000 ---p 00000000 00:00 0 
7fcf9c348000-7fcf9c557000 rw-p 00000000 00:00 0 
7fcf9c557000-7fcf9c55a000 ---p 00000000 00:00 0 
7fcf9c55a000-7fcf9cd58000 rw-p 00000000 00:00 0 
7fcf9cd58000-7fcf9cd5b000 ---p 00000000 00:00 0 
7fcf9cd5b000-7fcf9d559000 rw-p 00000000 00:00 0 
7fcf9d559000-7fcf9d55c000 ---p 00000000 00:00 0 
7fcf9d55c000-7fcf9dd5a000 rw-p 00000000 00:00 0 
7fcf9dd5a000-7fcf9dd5d000 ---p 00000000 00:00 0 
7fcf9dd5d000-7fcf9e55b000 rw-p 00000000 00:00 0 
7fcf9e55b000-7fcf9e55e000 ---p 00000000 00:00 0 
7fcf9e55e000-7fcf9ed5c000 rw-p 00000000 00:00 0 
7fcf9ed5c000-7fcf9ed5f000 ---p 00000000 00:00 0 
7fcf9ed5f000-7fcf9f55d000 rw-p 00000000 00:00 0 
7fcf9f55d000-7fcf9f575000 r-xp 00000000 08:07 544938                     /tmp/simgrid-java11266160457561953/libsimgrid-java.so
7fcf9f575000-7fcf9f775000 ---p 00018000 08:07 544938                     /tmp/simgrid-java11266160457561953/libsimgrid-java.so
7fcf9f775000-7fcf9f776000 rw-p 00018000 08:07 544938                     /tmp/simgrid-java11266160457561953/libsimgrid-java.so
7fcf9f776000-7fcf9f8e9000 r-xp 00000000 08:07 1059329                    /usr/lib/x86_64-linux-gnu/libstdc++.so.6.0.21
7fcf9f8e9000-7fcf9fae8000 ---p 00173000 08:07 1059329                    /usr/lib/x86_64-linux-gnu/libstdc++.so.6.0.21
7fcf9fae8000-7fcf9faf2000 r--p 00172000 08:07 1059329                    /usr/lib/x86_64-linux-gnu/libstdc++.so.6.0.21
7fcf9faf2000-7fcf9faf4000 rw-p 0017c000 08:07 1059329                    /usr/lib/x86_64-linux-gnu/libstdc++.so.6.0.21
7fcf9faf4000-7fcf9faf8000 rw-p 00000000 00:00 0 
7fcf9faf8000-7fcf9fdbd000 r-xp 00000000 08:07 544937                     /tmp/simgrid-java11266160457561953/libsimgrid.so
7fcf9fdbd000-7fcf9ffbd000 ---p 002c5000 08:07 544937                     /tmp/simgrid-java11266160457561953/libsimgrid.so
7fcf9ffbd000-7fcf9fff8000 rw-p 002c5000 08:07 544937                     /tmp/simgrid-java11266160457561953/libsimgrid.so
7fcf9fff8000-7fcfa0000000 rw-p 00000000 00:00 0 
7fcfa0000000-7fcfa0021000 rw-p 00000000 00:00 0 
7fcfa0021000-7fcfa4000000 ---p 00000000 00:00 0 
7fcfa4000000-7fcfa4021000 rw-p 00000000 00:00 0 
7fcfa4021000-7fcfa8000000 ---p 00000000 00:00 0 
7fcfa8000000-7fcfa82e4000 rw-p 00000000 00:00 0 
7fcfa82e4000-7fcfac000000 ---p 00000000 00:00 0 
7fcfac000000-7fcfae6a1000 rw-p 00000000 00:00 0 
7fcfae6a1000-7fcfb0000000 ---p 00000000 00:00 0 
7fcfb0000000-7fcfb0021000 rw-p 00000000 00:00 0 
7fcfb0021000-7fcfb4000000 ---p 00000000 00:00 0 
7fcfb4000000-7fcfb4021000 rw-p 00000000 00:00 0 
7fcfb4021000-7fcfb8000000 ---p 00000000 00:00 0 
7fcfb8000000-7fcfb8021000 rw-p 00000000 00:00 0 
7fcfb8021000-7fcfbc000000 ---p 00000000 00:00 0 
7fcfbc000000-7fcfbc021000 rw-p 00000000 00:00 0 
7fcfbc021000-7fcfc0000000 ---p 00000000 00:00 0 
7fcfc0000000-7fcfc0021000 rw-p 00000000 00:00 0 
7fcfc0021000-7fcfc4000000 ---p 00000000 00:00 0 
7fcfc4000000-7fcfc4021000 rw-p 00000000 00:00 0 
7fcfc4021000-7fcfc8000000 ---p 00000000 00:00 0 
7fcfc8000000-7fcfc8021000 rw-p 00000000 00:00 0 
7fcfc8021000-7fcfcc000000 ---p 00000000 00:00 0 
7fcfcc09e000-7fcfcc0b4000 r-xp 00000000 08:07 528568                     /lib/x86_64-linux-gnu/libgcc_s.so.1
7fcfcc0b4000-7fcfcc2b3000 ---p 00016000 08:07 528568                     /lib/x86_64-linux-gnu/libgcc_s.so.1
7fcfcc2b3000-7fcfcc2b4000 r--p 00015000 08:07 528568                     /lib/x86_64-linux-gnu/libgcc_s.so.1
7fcfcc2b4000-7fcfcc2b5000 rw-p 00016000 08:07 528568                     /lib/x86_64-linux-gnu/libgcc_s.so.1
7fcfcc2b5000-7fcfcc5b6000 rw-p 00000000 00:00 0 
7fcfcc5b6000-7fcfcc5cd000 r-xp 00000000 08:07 663689                     /home/elixandre/jdk1.7.0_80/jre/lib/amd64/libnet.so
7fcfcc5cd000-7fcfcc7cc000 ---p 00017000 08:07 663689                     /home/elixandre/jdk1.7.0_80/jre/lib/amd64/libnet.so
7fcfcc7cc000-7fcfcc7cd000 rw-p 00016000 08:07 663689                     /home/elixandre/jdk1.7.0_80/jre/lib/amd64/libnet.so
7fcfcc7cd000-7fcfcc7dd000 r-xp 00000000 08:07 663688                     /home/elixandre/jdk1.7.0_80/jre/lib/amd64/libnio.so
7fcfcc7dd000-7fcfcc9dd000 ---p 00010000 08:07 663688                     /home/elixandre/jdk1.7.0_80/jre/lib/amd64/libnio.so
7fcfcc9dd000-7fcfcc9de000 rw-p 00010000 08:07 663688                     /home/elixandre/jdk1.7.0_80/jre/lib/amd64/libnio.so
7fcfcc9de000-7fcfcc9df000 ---p 00000000 00:00 0 
7fcfcc9df000-7fcfccadf000 rw-p 00000000 00:00 0 
7fcfccadf000-7fcfccae2000 ---p 00000000 00:00 0 
7fcfccae2000-7fcfccbe0000 rw-p 00000000 00:00 0 
7fcfccbe0000-7fcfccbe3000 ---p 00000000 00:00 0 
7fcfccbe3000-7fcfccce1000 rw-p 00000000 00:00 0 
7fcfccce1000-7fcfccce4000 ---p 00000000 00:00 0 
7fcfccce4000-7fcfccde2000 rw-p 00000000 00:00 0 
7fcfccde2000-7fcfccde5000 ---p 00000000 00:00 0 
7fcfccde5000-7fcfccee3000 rw-p 00000000 00:00 0 
7fcfccee3000-7fcfcd5c6000 r--p 00000000 08:07 1055607                    /usr/lib/locale/locale-archive
7fcfcd5c6000-7fcfcd5c9000 ---p 00000000 00:00 0 
7fcfcd5c9000-7fcfcd6c7000 rw-p 00000000 00:00 0 
7fcfcd6c7000-7fcfcd6ca000 ---p 00000000 00:00 0 
7fcfcd6ca000-7fcfcd7c8000 rw-p 00000000 00:00 0 
7fcfcd7c8000-7fcfcd7c9000 ---p 00000000 00:00 0 
7fcfcd7c9000-7fcfd0000000 rw-p 00000000 00:00 0 
7fcfd0000000-7fcfd0021000 rw-p 00000000 00:00 0 
7fcfd0021000-7fcfd4000000 ---p 00000000 00:00 0 
7fcfd4093000-7fcfd496a000 rw-p 00000000 00:00 0 
7fcfd496a000-7fcfd4b2a000 r--s 039fb000 08:07 663892                     /home/elixandre/jdk1.7.0_80/jre/lib/rt.jar
7fcfd4b2a000-7fcfd4dfe000 rw-p 00000000 00:00 0 
7fcfd4dfe000-7fcfd4dff000 ---p 00000000 00:00 0 
7fcfd4dff000-7fcfd4eff000 rw-p 00000000 00:00 0 
7fcfd4eff000-7fcfd4f00000 ---p 00000000 00:00 0 
7fcfd4f00000-7fcfd5000000 rw-p 00000000 00:00 0 
7fcfd5000000-7fcfd5270000 rwxp 00000000 00:00 0 
7fcfd5270000-7fcfd840f000 rw-p 00000000 00:00 0 
7fcfd840f000-7fcfdc000000 ---p 00000000 00:00 0 
7fcfdc016000-7fcfdc05f000 rw-p 00000000 00:00 0 
7fcfdc05f000-7fcfdc060000 ---p 00000000 00:00 0 
7fcfdc060000-7fcfdc160000 rw-p 00000000 00:00 0 
7fcfdc160000-7fcfdc161000 ---p 00000000 00:00 0 
7fcfdc161000-7fcfdc26c000 rw-p 00000000 00:00 0 
7fcfdc26c000-7fcfdc28a000 rw-p 00000000 00:00 0 
7fcfdc28a000-7fcfdc29e000 rw-p 00000000 00:00 0 
7fcfdc29e000-7fcfdc3c6000 rw-p 00000000 00:00 0 
7fcfdc3c6000-7fcfdc3d1000 rw-p 00000000 00:00 0 
7fcfdc3d1000-7fcfdc3ef000 rw-p 00000000 00:00 0 
7fcfdc3ef000-7fcfdc403000 rw-p 00000000 00:00 0 
7fcfdc403000-7fcfdc52b000 rw-p 00000000 00:00 0 
7fcfdc52b000-7fcfdc53d000 rw-p 00000000 00:00 0 
7fcfdc53d000-7fcfdc5c9000 rw-p 00000000 00:00 0 
7fcfdc5c9000-7fcfdc5ca000 rw-p 00000000 00:00 0 
7fcfdc5ca000-7fcfdc5e1000 r-xp 00000000 08:07 663687                     /home/elixandre/jdk1.7.0_80/jre/lib/amd64/libzip.so
7fcfdc5e1000-7fcfdc7e1000 ---p 00017000 08:07 663687                     /home/elixandre/jdk1.7.0_80/jre/lib/amd64/libzip.so
7fcfdc7e1000-7fcfdc7e2000 rw-p 00017000 08:07 663687                     /home/elixandre/jdk1.7.0_80/jre/lib/amd64/libzip.so
7fcfdc7e2000-7fcfdc7ec000 r-xp 00000000 08:07 529521                     /lib/x86_64-linux-gnu/libnss_files-2.21.so
7fcfdc7ec000-7fcfdc9ec000 ---p 0000a000 08:07 529521                     /lib/x86_64-linux-gnu/libnss_files-2.21.so
7fcfdc9ec000-7fcfdc9ed000 r--p 0000a000 08:07 529521                     /lib/x86_64-linux-gnu/libnss_files-2.21.so
7fcfdc9ed000-7fcfdc9ee000 rw-p 0000b000 08:07 529521                     /lib/x86_64-linux-gnu/libnss_files-2.21.so
7fcfdc9ee000-7fcfdc9f9000 r-xp 00000000 08:07 529535                     /lib/x86_64-linux-gnu/libnss_nis-2.21.so
7fcfdc9f9000-7fcfdcbf8000 ---p 0000b000 08:07 529535                     /lib/x86_64-linux-gnu/libnss_nis-2.21.so
7fcfdcbf8000-7fcfdcbf9000 r--p 0000a000 08:07 529535                     /lib/x86_64-linux-gnu/libnss_nis-2.21.so
7fcfdcbf9000-7fcfdcbfa000 rw-p 0000b000 08:07 529535                     /lib/x86_64-linux-gnu/libnss_nis-2.21.so
7fcfdcbfa000-7fcfdcc11000 r-xp 00000000 08:07 529538                     /lib/x86_64-linux-gnu/libnsl-2.21.so
7fcfdcc11000-7fcfdce10000 ---p 00017000 08:07 529538                     /lib/x86_64-linux-gnu/libnsl-2.21.so
7fcfdce10000-7fcfdce11000 r--p 00016000 08:07 529538                     /lib/x86_64-linux-gnu/libnsl-2.21.so
7fcfdce11000-7fcfdce12000 rw-p 00017000 08:07 529538                     /lib/x86_64-linux-gnu/libnsl-2.21.so
7fcfdce12000-7fcfdce14000 rw-p 00000000 00:00 0 
7fcfdce14000-7fcfdce1c000 r-xp 00000000 08:07 529523                     /lib/x86_64-linux-gnu/libnss_compat-2.21.so
7fcfdce1c000-7fcfdd01b000 ---p 00008000 08:07 529523                     /lib/x86_64-linux-gnu/libnss_compat-2.21.so
7fcfdd01b000-7fcfdd01c000 r--p 00007000 08:07 529523                     /lib/x86_64-linux-gnu/libnss_compat-2.21.so
7fcfdd01c000-7fcfdd01d000 rw-p 00008000 08:07 529523                     /lib/x86_64-linux-gnu/libnss_compat-2.21.so
7fcfdd01d000-7fcfdd046000 r-xp 00000000 08:07 663623                     /home/elixandre/jdk1.7.0_80/jre/lib/amd64/libjava.so
7fcfdd046000-7fcfdd246000 ---p 00029000 08:07 663623                     /home/elixandre/jdk1.7.0_80/jre/lib/amd64/libjava.so
7fcfdd246000-7fcfdd248000 rw-p 00029000 08:07 663623                     /home/elixandre/jdk1.7.0_80/jre/lib/amd64/libjava.so
7fcfdd248000-7fcfdd255000 r-xp 00000000 08:07 663501                     /home/elixandre/jdk1.7.0_80/jre/lib/amd64/libverify.so
7fcfdd255000-7fcfdd454000 ---p 0000d000 08:07 663501                     /home/elixandre/jdk1.7.0_80/jre/lib/amd64/libverify.so
7fcfdd454000-7fcfdd456000 rw-p 0000c000 08:07 663501                     /home/elixandre/jdk1.7.0_80/jre/lib/amd64/libverify.so
7fcfdd456000-7fcfdd45d000 r-xp 00000000 08:07 529522                     /lib/x86_64-linux-gnu/librt-2.21.so
7fcfdd45d000-7fcfdd65c000 ---p 00007000 08:07 529522                     /lib/x86_64-linux-gnu/librt-2.21.so
7fcfdd65c000-7fcfdd65d000 r--p 00006000 08:07 529522                     /lib/x86_64-linux-gnu/librt-2.21.so
7fcfdd65d000-7fcfdd65e000 rw-p 00007000 08:07 529522                     /lib/x86_64-linux-gnu/librt-2.21.so
7fcfdd65e000-7fcfdd765000 r-xp 00000000 08:07 529524                     /lib/x86_64-linux-gnu/libm-2.21.so
7fcfdd765000-7fcfdd964000 ---p 00107000 08:07 529524                     /lib/x86_64-linux-gnu/libm-2.21.so
7fcfdd964000-7fcfdd965000 r--p 00106000 08:07 529524                     /lib/x86_64-linux-gnu/libm-2.21.so
7fcfdd965000-7fcfdd966000 rw-p 00107000 08:07 529524                     /lib/x86_64-linux-gnu/libm-2.21.so
7fcfdd966000-7fcfde4dc000 r-xp 00000000 08:07 663273                     /home/elixandre/jdk1.7.0_80/jre/lib/amd64/server/libjvm.so
7fcfde4dc000-7fcfde6db000 ---p 00b76000 08:07 663273                     /home/elixandre/jdk1.7.0_80/jre/lib/amd64/server/libjvm.so
7fcfde6db000-7fcfde79f000 rw-p 00b75000 08:07 663273                     /home/elixandre/jdk1.7.0_80/jre/lib/amd64/server/libjvm.so
7fcfde79f000-7fcfde7e0000 rw-p 00000000 00:00 0 
7fcfde7e0000-7fcfde9a0000 r-xp 00000000 08:07 529541                     /lib/x86_64-linux-gnu/libc-2.21.so
7fcfde9a0000-7fcfdeba0000 ---p 001c0000 08:07 529541                     /lib/x86_64-linux-gnu/libc-2.21.so
7fcfdeba0000-7fcfdeba4000 r--p 001c0000 08:07 529541                     /lib/x86_64-linux-gnu/libc-2.21.so
7fcfdeba4000-7fcfdeba6000 rw-p 001c4000 08:07 529541                     /lib/x86_64-linux-gnu/libc-2.21.so
7fcfdeba6000-7fcfdebaa000 rw-p 00000000 00:00 0 
7fcfdebaa000-7fcfdebad000 r-xp 00000000 08:07 529528                     /lib/x86_64-linux-gnu/libdl-2.21.so
7fcfdebad000-7fcfdedac000 ---p 00003000 08:07 529528                     /lib/x86_64-linux-gnu/libdl-2.21.so
7fcfdedac000-7fcfdedad000 r--p 00002000 08:07 529528                     /lib/x86_64-linux-gnu/libdl-2.21.so
7fcfdedad000-7fcfdedae000 rw-p 00003000 08:07 529528                     /lib/x86_64-linux-gnu/libdl-2.21.so
7fcfdedae000-7fcfdedc3000 r-xp 00000000 08:07 663695                     /home/elixandre/jdk1.7.0_80/lib/amd64/jli/libjli.so
7fcfdedc3000-7fcfdefc2000 ---p 00015000 08:07 663695                     /home/elixandre/jdk1.7.0_80/lib/amd64/jli/libjli.so
7fcfdefc2000-7fcfdefc3000 rw-p 00014000 08:07 663695                     /home/elixandre/jdk1.7.0_80/lib/amd64/jli/libjli.so
7fcfdefc3000-7fcfdefdb000 r-xp 00000000 08:07 529525                     /lib/x86_64-linux-gnu/libpthread-2.21.so
7fcfdefdb000-7fcfdf1db000 ---p 00018000 08:07 529525                     /lib/x86_64-linux-gnu/libpthread-2.21.so
7fcfdf1db000-7fcfdf1dc000 r--p 00018000 08:07 529525                     /lib/x86_64-linux-gnu/libpthread-2.21.so
7fcfdf1dc000-7fcfdf1dd000 rw-p 00019000 08:07 529525                     /lib/x86_64-linux-gnu/libpthread-2.21.so
7fcfdf1dd000-7fcfdf1e1000 rw-p 00000000 00:00 0 
7fcfdf1e1000-7fcfdf205000 r-xp 00000000 08:07 529539                     /lib/x86_64-linux-gnu/ld-2.21.so
7fcfdf20f000-7fcfdf22e000 rw-p 00000000 00:00 0 
7fcfdf22e000-7fcfdf2e4000 rw-p 00000000 00:00 0 
7fcfdf2e4000-7fcfdf2e7000 ---p 00000000 00:00 0 
7fcfdf2e7000-7fcfdf3e9000 rw-p 00000000 00:00 0 
7fcfdf3f0000-7fcfdf3f1000 rw-p 00000000 00:00 0 
7fcfdf3f1000-7fcfdf3f5000 r--s 0008b000 08:07 663627                     /home/elixandre/jdk1.7.0_80/jre/lib/jsse.jar
7fcfdf3f5000-7fcfdf3f8000 r--s 00f76000 08:07 542783                     /home/elixandre/Downloads/simgrid.jar
7fcfdf3f8000-7fcfdf400000 rw-s 00000000 08:07 660268                     /tmp/hsperfdata_elixandre/8201
7fcfdf400000-7fcfdf401000 rw-p 00000000 00:00 0 
7fcfdf401000-7fcfdf402000 r--p 00000000 00:00 0 
7fcfdf402000-7fcfdf404000 rw-p 00000000 00:00 0 
7fcfdf404000-7fcfdf405000 r--p 00023000 08:07 529539                     /lib/x86_64-linux-gnu/ld-2.21.so
7fcfdf405000-7fcfdf406000 rw-p 00024000 08:07 529539                     /lib/x86_64-linux-gnu/ld-2.21.so
7fcfdf406000-7fcfdf407000 rw-p 00000000 00:00 0 
7ffdd3948000-7ffdd3969000 rw-p 00000000 00:00 0                          [stack]
7ffdd39c8000-7ffdd39ca000 r--p 00000000 00:00 0                          [vvar]
7ffdd39ca000-7ffdd39cc000 r-xp 00000000 00:00 0                          [vdso]
ffffffffff600000-ffffffffff601000 r-xp 00000000 00:00 0                  [vsyscall]

VM Arguments:
jvm_args: -Dfile.encoding=UTF-8 
java_command: vcube.VCube platform.xml deployment.xml
Launcher Type: SUN_STANDARD

Environment Variables:
PATH=/usr/local/sbin:/usr/local/bin:/usr/sbin:/usr/bin:/sbin:/bin:/usr/games:/usr/local/games:/home/elixandre/.rvm/bin
LD_LIBRARY_PATH=/home/elixandre/jdk1.7.0_80/jre/lib/amd64:/home/elixandre/jdk1.7.0_80/jre/lib/i386:
SHELL=/bin/bash
DISPLAY=:0

Signal Handlers:
SIGSEGV: [libjvm.so+0x9a3b20], sa_mask[0]=0x7ffbfeff, sa_flags=0x10000004
SIGBUS: [libjvm.so+0x9a3b20], sa_mask[0]=0x7ffbfeff, sa_flags=0x10000004
SIGFPE: [libjvm.so+0x81e740], sa_mask[0]=0x7ffbfeff, sa_flags=0x10000004
SIGPIPE: [libjvm.so+0x81e740], sa_mask[0]=0x7ffbfeff, sa_flags=0x10000004
SIGXFSZ: [libjvm.so+0x81e740], sa_mask[0]=0x7ffbfeff, sa_flags=0x10000004
SIGILL: [libjvm.so+0x81e740], sa_mask[0]=0x7ffbfeff, sa_flags=0x10000004
SIGUSR1: SIG_DFL, sa_mask[0]=0x00000000, sa_flags=0x00000000
SIGUSR2: [libjvm.so+0x81ffb0], sa_mask[0]=0x00000004, sa_flags=0x10000004
SIGHUP: [libjvm.so+0x8210d0], sa_mask[0]=0x7ffbfeff, sa_flags=0x10000004
SIGINT: [libsimgrid.so+0x8ff50], sa_mask[0]=0x00000002, sa_flags=0x10000000
SIGTERM: [libjvm.so+0x8210d0], sa_mask[0]=0x7ffbfeff, sa_flags=0x10000004
SIGQUIT: [libjvm.so+0x8210d0], sa_mask[0]=0x7ffbfeff, sa_flags=0x10000004


---------------  S Y S T E M  ---------------

OS:jessie/sid

uname:Linux 4.2.0-42-generic #49-Ubuntu SMP Tue Jun 28 21:26:26 UTC 2016 x86_64
libc:glibc 2.21 NPTL 2.21 
rlimit: STACK 8192k, CORE 0k, NPROC 15009, NOFILE 65536, AS infinity
load average:0.06 0.15 0.26

/proc/meminfo:
MemTotal:        3879128 kB
MemFree:          174004 kB
MemAvailable:    1277896 kB
Buffers:           95544 kB
Cached:          1326056 kB
SwapCached:         4852 kB
Active:          2230812 kB
Inactive:        1273996 kB
Active(anon):    1544892 kB
Inactive(anon):   723508 kB
Active(file):     685920 kB
Inactive(file):   550488 kB
Unevictable:          32 kB
Mlocked:              32 kB
SwapTotal:        975868 kB
SwapFree:         956592 kB
Dirty:             12172 kB
Writeback:             0 kB
AnonPages:       2079480 kB
Mapped:           350616 kB
Shmem:            185196 kB
Slab:             105992 kB
SReclaimable:      72840 kB
SUnreclaim:        33152 kB
KernelStack:        9456 kB
PageTables:        34784 kB
NFS_Unstable:          0 kB
Bounce:                0 kB
WritebackTmp:          0 kB
CommitLimit:     2915432 kB
Committed_AS:    6208380 kB
VmallocTotal:   34359738367 kB
VmallocUsed:      347680 kB
VmallocChunk:   34358947836 kB
HardwareCorrupted:     0 kB
AnonHugePages:    925696 kB
CmaTotal:              0 kB
CmaFree:               0 kB
HugePages_Total:       0
HugePages_Free:        0
HugePages_Rsvd:        0
HugePages_Surp:        0
Hugepagesize:       2048 kB
DirectMap4k:      131832 kB
DirectMap2M:     3895296 kB


CPU:total 4 (2 cores per cpu, 2 threads per core) family 6 model 58 stepping 9, cmov, cx8, fxsr, mmx, sse, sse2, sse3, ssse3, sse4.1, sse4.2, popcnt, avx, erms, ht, tsc, tscinvbit, tscinv

/proc/cpuinfo:
processor	: 0
vendor_id	: GenuineIntel
cpu family	: 6
model		: 58
model name	: Intel(R) Core(TM) i7-3517U CPU @ 1.90GHz
stepping	: 9
microcode	: 0x12
cpu MHz		: 2782.781
cache size	: 4096 KB
physical id	: 0
siblings	: 4
core id		: 0
cpu cores	: 2
apicid		: 0
initial apicid	: 0
fpu		: yes
fpu_exception	: yes
cpuid level	: 13
wp		: yes
flags		: fpu vme de pse tsc msr pae mce cx8 apic sep mtrr pge mca cmov pat pse36 clflush dts acpi mmx fxsr sse sse2 ss ht tm pbe syscall nx rdtscp lm constant_tsc arch_perfmon pebs bts rep_good nopl xtopology nonstop_tsc aperfmperf eagerfpu pni pclmulqdq dtes64 monitor ds_cpl vmx est tm2 ssse3 cx16 xtpr pdcm pcid sse4_1 sse4_2 x2apic popcnt tsc_deadline_timer xsave avx f16c rdrand lahf_lm ida arat epb pln pts dtherm tpr_shadow vnmi flexpriority ept vpid fsgsbase smep erms xsaveopt
bugs		:
bogomips	: 4789.63
clflush size	: 64
cache_alignment	: 64
address sizes	: 36 bits physical, 48 bits virtual
power management:

processor	: 1
vendor_id	: GenuineIntel
cpu family	: 6
model		: 58
model name	: Intel(R) Core(TM) i7-3517U CPU @ 1.90GHz
stepping	: 9
microcode	: 0x12
cpu MHz		: 2799.937
cache size	: 4096 KB
physical id	: 0
siblings	: 4
core id		: 0
cpu cores	: 2
apicid		: 1
initial apicid	: 1
fpu		: yes
fpu_exception	: yes
cpuid level	: 13
wp		: yes
flags		: fpu vme de pse tsc msr pae mce cx8 apic sep mtrr pge mca cmov pat pse36 clflush dts acpi mmx fxsr sse sse2 ss ht tm pbe syscall nx rdtscp lm constant_tsc arch_perfmon pebs bts rep_good nopl xtopology nonstop_tsc aperfmperf eagerfpu pni pclmulqdq dtes64 monitor ds_cpl vmx est tm2 ssse3 cx16 xtpr pdcm pcid sse4_1 sse4_2 x2apic popcnt tsc_deadline_timer xsave avx f16c rdrand lahf_lm ida arat epb pln pts dtherm tpr_shadow vnmi flexpriority ept vpid fsgsbase smep erms xsaveopt
bugs		:
bogomips	: 4789.63
clflush size	: 64
cache_alignment	: 64
address sizes	: 36 bits physical, 48 bits virtual
power management:

processor	: 2
vendor_id	: GenuineIntel
cpu family	: 6
model		: 58
model name	: Intel(R) Core(TM) i7-3517U CPU @ 1.90GHz
stepping	: 9
microcode	: 0x12
cpu MHz		: 2791.218
cache size	: 4096 KB
physical id	: 0
siblings	: 4
core id		: 1
cpu cores	: 2
apicid		: 2
initial apicid	: 2
fpu		: yes
fpu_exception	: yes
cpuid level	: 13
wp		: yes
flags		: fpu vme de pse tsc msr pae mce cx8 apic sep mtrr pge mca cmov pat pse36 clflush dts acpi mmx fxsr sse sse2 ss ht tm pbe syscall nx rdtscp lm constant_tsc arch_perfmon pebs bts rep_good nopl xtopology nonstop_tsc aperfmperf eagerfpu pni pclmulqdq dtes64 monitor ds_cpl vmx est tm2 ssse3 cx16 xtpr pdcm pcid sse4_1 sse4_2 x2apic popcnt tsc_deadline_timer xsave avx f16c rdrand lahf_lm ida arat epb pln pts dtherm tpr_shadow vnmi flexpriority ept vpid fsgsbase smep erms xsaveopt
bugs		:
bogomips	: 4789.63
clflush size	: 64
cache_alignment	: 64
address sizes	: 36 bits physical, 48 bits virtual
power management:

processor	: 3
vendor_id	: GenuineIntel
cpu family	: 6
model		: 58
model name	: Intel(R) Core(TM) i7-3517U CPU @ 1.90GHz
stepping	: 9
microcode	: 0x12
cpu MHz		: 2791.312
cache size	: 4096 KB
physical id	: 0
siblings	: 4
core id		: 1
cpu cores	: 2
apicid		: 3
initial apicid	: 3
fpu		: yes
fpu_exception	: yes
cpuid level	: 13
wp		: yes
flags		: fpu vme de pse tsc msr pae mce cx8 apic sep mtrr pge mca cmov pat pse36 clflush dts acpi mmx fxsr sse sse2 ss ht tm pbe syscall nx rdtscp lm constant_tsc arch_perfmon pebs bts rep_good nopl xtopology nonstop_tsc aperfmperf eagerfpu pni pclmulqdq dtes64 monitor ds_cpl vmx est tm2 ssse3 cx16 xtpr pdcm pcid sse4_1 sse4_2 x2apic popcnt tsc_deadline_timer xsave avx f16c rdrand lahf_lm ida arat epb pln pts dtherm tpr_shadow vnmi flexpriority ept vpid fsgsbase smep erms xsaveopt
bugs		:
bogomips	: 4789.63
clflush size	: 64
cache_alignment	: 64
address sizes	: 36 bits physical, 48 bits virtual
power management:



Memory: 4k page, physical 3879128k(173872k free), swap 975868k(956592k free)

vm_info: Java HotSpot(TM) 64-Bit Server VM (24.80-b11) for linux-amd64 JRE (1.7.0_80-b15), built on Apr 10 2015 19:53:14 by "java_re" with gcc 4.3.0 20080428 (Red Hat 4.3.0-8)

time: Fri Apr 28 17:45:40 2017
elapsed time: 2 seconds

