#
# A fatal error has been detected by the Java Runtime Environment:
#
#  SIGSEGV (0xb) at pc=0x00007fdcaa00c263, pid=4662, tid=0x00007fdcb08f8700
#
# JRE version: Java(TM) SE Runtime Environment (8.0_111-b14) (build 1.8.0_111-b14)
# Java VM: Java HotSpot(TM) 64-Bit Server VM (25.111-b14 mixed mode linux-amd64 compressed oops)
# Problematic frame:
# C  [libsimgrid.so+0x190263]  xbt_dynar_member+0x23
#
# Failed to write core dump. Core dumps have been disabled. To enable core dumping, try "ulimit -c unlimited" before starting Java again
#
# If you would like to submit a bug report, please visit:
#   http://bugreport.java.com/bugreport/crash.jsp
#

---------------  T H R E A D  ---------------

Current thread (0x00007fdcc0077800):  VMThread [stack: 0x00007fdcb07f8000,0x00007fdcb08f9000] [id=4672]

siginfo: si_signo: 11 (SIGSEGV), si_code: 1 (SEGV_MAPERR), si_addr: 0x0000000000000000

Registers:
RAX=0x0000000000000000, RBX=0x00007fdcaa378700, RCX=0x0000000000000000, RDX=0x00007fdcb08f8a30
RSP=0x00007fdcb08f7810, RBP=0x00007fdcc017acd0, RSI=0x00007fdcb08f79b8, RDI=0x00007fdcb08f78d0
R8 =0x00007fdcc0171ce0, R9 =0x00007fdcc0171ce0, R10=0x0000000000000c58, R11=0x00007fdcaa00c240
R12=0x00007fdcaa383790, R13=0x00007fdcc015acd0, R14=0x00000000000003d8, R15=0x00007fdcc0026ea8
RIP=0x00007fdcaa00c263, EFLAGS=0x0000000000010202, CSGSFS=0x0000000000000033, ERR=0x0000000000000004
  TRAPNO=0x000000000000000e

Top of Stack: (sp=0x00007fdcb08f7810)
0x00007fdcb08f7810:   0000000000000000 0000000000000000
0x00007fdcb08f7820:   00007fdcc0171d80 00007fdcb08f79b8
0x00007fdcb08f7830:   0000000000000000 0000000000000000
0x00007fdcb08f7840:   0000000000000000 0000000000000000
0x00007fdcb08f7850:   0000000000000000 0000000000000000
0x00007fdcb08f7860:   0000000000000000 0000000000000000
0x00007fdcb08f7870:   0000000000000000 0000000000000000
0x00007fdcb08f7880:   0000ff00000000ff 00000000ff000000
0x00007fdcb08f7890:   0000000000000000 0000000000000000
0x00007fdcb08f78a0:   0000000000000000 0000000000000000
0x00007fdcb08f78b0:   0000000000000000 0000000000000000
0x00007fdcb08f78c0:   0000000042c80000 0000000000000000
0x00007fdcb08f78d0:   0000000000000000 0000000000000000
0x00007fdcb08f78e0:   00007fdcc4c5bff0 00007fdcc4c5c4b0
0x00007fdcb08f78f0:   0000000000000000 0000000000000000
0x00007fdcb08f7900:   00007fdcaa343400 00007fdcc0181b40
0x00007fdcb08f7910:   00007fdcc015acd0 00007fdcaa002a0a
0x00007fdcb08f7920:   00007fdcc1bc37b0 00007fdcaa343400
0x00007fdcb08f7930:   00007fdcc0181b40 00007fdcaa072286
0x00007fdcb08f7940:   00007fdcc01b9180 0000000000000000
0x00007fdcb08f7950:   0000000000000000 00007fdcb08f79b8
0x00007fdcb08f7960:   00007fdcc0171d80 00007fdcc0171ce0
0x00007fdcb08f7970:   00007fdcc0171ce0 00007fdcaa37ba98
0x00007fdcb08f7980:   00007fdcc0173f40 0000000000000001
0x00007fdcb08f7990:   00007fdcaa378700 00007fdcc01591b0
0x00007fdcb08f79a0:   00007fdcaa378700 00007fdcaa02934f
0x00007fdcb08f79b0:   0000000000000000 00007fdcc0181b40
0x00007fdcb08f79c0:   00007fdcc4c5bff0 00007fdcc4c5c4b0
0x00007fdcb08f79d0:   0000000000000000 00007fdcaa37ba98
0x00007fdcb08f79e0:   00007fdcc0173f40 0000000000000001
0x00007fdcb08f79f0:   00007fdcc015acd0 00007fdcaa00ad37
0x00007fdcb08f7a00:   00007fdcc015acd0 00007fdcaa37b098 

Instructions: (pc=0x00007fdcaa00c263)
0x00007fdcaa00c243:   ec 90 01 00 00 48 8b 05 01 a2 33 00 48 89 7c 24
0x00007fdcaa00c253:   10 48 89 74 24 18 ff 10 48 8d bc 24 c0 00 00 00
0x00007fdcaa00c263:   48 8b 08 48 89 04 24 48 89 38 48 89 4c 24 08 e8
0x00007fdcaa00c273:   79 31 ed ff 85 c0 74 75 48 8b 14 24 c7 42 08 01 

Register to memory mapping:

RAX=0x0000000000000000 is an unknown value
RBX=0x00007fdcaa378700: _simgrid_log_category__simix_process+0 in /tmp/simgrid-java8732292419965572690/libsimgrid.so at 0x00007fdca9e7c000
RCX=0x0000000000000000 is an unknown value
RDX=0x00007fdcb08f8a30 is an unknown value
RSP=0x00007fdcb08f7810 is an unknown value
RBP=0x00007fdcc017acd0 is an unknown value
RSI=0x00007fdcb08f79b8 is an unknown value
RDI=0x00007fdcb08f78d0 is an unknown value
R8 =0x00007fdcc0171ce0 is an unknown value
R9 =0x00007fdcc0171ce0 is an unknown value
R10=0x0000000000000c58 is an unknown value
R11=0x00007fdcaa00c240: xbt_dynar_member+0 in /tmp/simgrid-java8732292419965572690/libsimgrid.so at 0x00007fdca9e7c000
R12=0x00007fdcaa383790: simix_global+0 in /tmp/simgrid-java8732292419965572690/libsimgrid.so at 0x00007fdca9e7c000
R13=0x00007fdcc015acd0 is an unknown value
R14=0x00000000000003d8 is an unknown value
R15=0x00007fdcc0026ea8 is an unknown value


Stack: [0x00007fdcb07f8000,0x00007fdcb08f9000],  sp=0x00007fdcb08f7810,  free space=1022k
Native frames: (J=compiled Java code, j=interpreted, Vv=VM code, C=native code)
C  [libsimgrid.so+0x190263]  xbt_dynar_member+0x23

VM_Operation (0x00007fdca86c75d0): Exit, mode: safepoint, requested by thread 0x00007fdc90001000


---------------  P R O C E S S  ---------------

Java Threads: ( => current thread )
  0x00007fdc90001000 JavaThread "SIGTERM handler" daemon [_thread_blocked, id=4699, stack(0x00007fdca85c8000,0x00007fdca86c9000)]
  0x00007fdc34001000 JavaThread "Thread-16" [_thread_in_native, id=4696, stack(0x00007fdc507f9000,0x00007fdc50ffa000)]
  0x00007fdc30001000 JavaThread "Thread-15" [_thread_in_native, id=4695, stack(0x00007fdc50ffa000,0x00007fdc517fb000)]
  0x00007fdc3c001000 JavaThread "Thread-14" [_thread_in_native, id=4694, stack(0x00007fdc517fb000,0x00007fdc51ffc000)]
  0x00007fdc38001000 JavaThread "Thread-13" [_thread_in_native, id=4693, stack(0x00007fdc51ffc000,0x00007fdc527fd000)]
  0x00007fdc44001000 JavaThread "Thread-12" [_thread_in_native, id=4692, stack(0x00007fdc527fd000,0x00007fdc52ffe000)]
  0x00007fdc40001000 JavaThread "Thread-11" [_thread_in_native, id=4691, stack(0x00007fdc52ffe000,0x00007fdc537ff000)]
  0x00007fdc48001000 JavaThread "Thread-10" [_thread_in_native, id=4690, stack(0x00007fdc537ff000,0x00007fdc54000000)]
  0x00007fdc4c001000 JavaThread "Thread-9" [_thread_in_native, id=4689, stack(0x00007fdc707f9000,0x00007fdc70ffa000)]
  0x00007fdc58001000 JavaThread "Thread-8" [_thread_in_native, id=4688, stack(0x00007fdc70ffa000,0x00007fdc717fb000)]
  0x00007fdc54001000 JavaThread "Thread-7" [_thread_in_native, id=4687, stack(0x00007fdc717fb000,0x00007fdc71ffc000)]
  0x00007fdc60001000 JavaThread "Thread-5" [_thread_in_native, id=4686, stack(0x00007fdc71ffc000,0x00007fdc727fd000)]
  0x00007fdc5c001000 JavaThread "Thread-4" [_thread_in_native, id=4685, stack(0x00007fdc727fd000,0x00007fdc72ffe000)]
  0x00007fdc68001000 JavaThread "Thread-3" [_thread_in_native, id=4684, stack(0x00007fdc72ffe000,0x00007fdc737ff000)]
  0x00007fdc64001000 JavaThread "Thread-2" [_thread_blocked, id=4683, stack(0x00007fdc737ff000,0x00007fdc74000000)]
  0x00007fdc78001000 JavaThread "Thread-1" [_thread_in_native, id=4681, stack(0x00007fdca8eca000,0x00007fdca96cb000)]
  0x00007fdc6c001000 JavaThread "Thread-6" [_thread_in_native, id=4682, stack(0x00007fdca86c9000,0x00007fdca8eca000)]
  0x00007fdcc00e2000 JavaThread "Service Thread" daemon [_thread_blocked, id=4679, stack(0x00007fdcb00f1000,0x00007fdcb01f2000)]
  0x00007fdcc00bd000 JavaThread "C1 CompilerThread2" daemon [_thread_blocked, id=4678, stack(0x00007fdcb01f2000,0x00007fdcb02f3000)]
  0x00007fdcc00bb000 JavaThread "C2 CompilerThread1" daemon [_thread_blocked, id=4677, stack(0x00007fdcb02f3000,0x00007fdcb03f4000)]
  0x00007fdcc00b8800 JavaThread "C2 CompilerThread0" daemon [_thread_blocked, id=4676, stack(0x00007fdcb03f4000,0x00007fdcb04f5000)]
  0x00007fdcc0084000 JavaThread "Finalizer" daemon [_thread_blocked, id=4674, stack(0x00007fdcb05f6000,0x00007fdcb06f7000)]
  0x00007fdcc007f000 JavaThread "Reference Handler" daemon [_thread_blocked, id=4673, stack(0x00007fdcb06f7000,0x00007fdcb07f8000)]
  0x00007fdcc000a000 JavaThread "main" [_thread_in_native, id=4664, stack(0x00007fdcc9c9e000,0x00007fdcc9d9f000)]

Other Threads:
=>0x00007fdcc0077800 VMThread [stack: 0x00007fdcb07f8000,0x00007fdcb08f9000] [id=4672]

VM state:at safepoint (shutting down)

VM Mutex/Monitor currently owned by a thread:  ([mutex/lock_event])
[0x00007fdcc0006110] Threads_lock - owner thread: 0x00007fdcc0077800

Heap:
 PSYoungGen      total 71680K, used 34156K [0x00000000f5580000, 0x00000000fa080000, 0x0000000100000000)
  eden space 66560K, 43% used [0x00000000f5580000,0x00000000f71e3088,0x00000000f9680000)
  from space 5120K, 99% used [0x00000000f9b80000,0x00000000fa078020,0x00000000fa080000)
  to   space 5120K, 0% used [0x00000000f9680000,0x00000000f9680000,0x00000000f9b80000)
 ParOldGen       total 87552K, used 8004K [0x00000000e0000000, 0x00000000e5580000, 0x00000000f5580000)
  object space 87552K, 9% used [0x00000000e0000000,0x00000000e07d1370,0x00000000e5580000)
 Metaspace       used 3753K, capacity 4704K, committed 4864K, reserved 1056768K
  class space    used 417K, capacity 464K, committed 512K, reserved 1048576K

Card table byte_map: [0x00007fdcc6944000,0x00007fdcc6a45000] byte_map_base: 0x00007fdcc6244000

Marking Bits: (ParMarkBitMap*) 0x00007fdcc916e220
 Begin Bits: [0x00007fdcc5540000, 0x00007fdcc5d40000)
 End Bits:   [0x00007fdcc5d40000, 0x00007fdcc6540000)

Polling page: 0x00007fdcc9dbd000

CodeCache: size=245760Kb used=2476Kb max_used=2518Kb free=243284Kb
 bounds [0x00007fdcb1000000, 0x00007fdcb1290000, 0x00007fdcc0000000]
 total_blobs=474 nmethods=211 adapters=177
 compilation: enabled

Compilation events (10 events):
Event: 3.668 Thread 0x00007fdcc00bd000  207 % !   3       vcube.Node::main @ 35 (1818 bytes)
Event: 3.688 Thread 0x00007fdcc00bd000 nmethod 207% 0x00007fdcb1236190 code [0x00007fdcb12374a0, 0x00007fdcb1246088]
Event: 5.537 Thread 0x00007fdcc00bd000  208       1       java.lang.ref.Finalizer::access$000 (4 bytes)
Event: 5.537 Thread 0x00007fdcc00bd000 nmethod 208 0x00007fdcb11d6650 code [0x00007fdcb11d67a0, 0x00007fdcb11d6890]
Event: 7.041 Thread 0x00007fdcc00bb000  209 % !   4       vcube.Node::main @ 59 (1818 bytes)
Event: 7.613 Thread 0x00007fdcc00bb000 nmethod 209% 0x00007fdcb125bed0 code [0x00007fdcb125c9a0, 0x00007fdcb12668c8]
Event: 8.379 Thread 0x00007fdcc00b8800  210 % !   4       vcube.Node::main @ 1731 (1818 bytes)
Event: 8.959 Thread 0x00007fdcc00b8800 nmethod 210% 0x00007fdcb126b7d0 code [0x00007fdcb126c240, 0x00007fdcb1275e08]
Event: 9.958 Thread 0x00007fdcc00bb000  211 % !   4       vcube.Node::main @ 35 (1818 bytes)
Event: 10.558 Thread 0x00007fdcc00bb000 nmethod 211% 0x00007fdcb127a890 code [0x00007fdcb127b2c0, 0x00007fdcb1284c08]

GC Heap History (4 events):
Event: 1.667 GC heap before
{Heap before GC invocations=1 (full 0):
 PSYoungGen      total 38400K, used 33280K [0x00000000f5580000, 0x00000000f8000000, 0x0000000100000000)
  eden space 33280K, 100% used [0x00000000f5580000,0x00000000f7600000,0x00000000f7600000)
  from space 5120K, 0% used [0x00000000f7b00000,0x00000000f7b00000,0x00000000f8000000)
  to   space 5120K, 0% used [0x00000000f7600000,0x00000000f7600000,0x00000000f7b00000)
 ParOldGen       total 87552K, used 0K [0x00000000e0000000, 0x00000000e5580000, 0x00000000f5580000)
  object space 87552K, 0% used [0x00000000e0000000,0x00000000e0000000,0x00000000e5580000)
 Metaspace       used 3728K, capacity 4704K, committed 4864K, reserved 1056768K
  class space    used 414K, capacity 464K, committed 512K, reserved 1048576K
Event: 1.699 GC heap after
Heap after GC invocations=1 (full 0):
 PSYoungGen      total 38400K, used 5104K [0x00000000f5580000, 0x00000000fa080000, 0x0000000100000000)
  eden space 33280K, 0% used [0x00000000f5580000,0x00000000f5580000,0x00000000f7600000)
  from space 5120K, 99% used [0x00000000f7600000,0x00000000f7afc010,0x00000000f7b00000)
  to   space 5120K, 0% used [0x00000000f9b80000,0x00000000f9b80000,0x00000000fa080000)
 ParOldGen       total 87552K, used 444K [0x00000000e0000000, 0x00000000e5580000, 0x00000000f5580000)
  object space 87552K, 0% used [0x00000000e0000000,0x00000000e006f370,0x00000000e5580000)
 Metaspace       used 3728K, capacity 4704K, committed 4864K, reserved 1056768K
  class space    used 414K, capacity 464K, committed 512K, reserved 1048576K
}
Event: 5.336 GC heap before
{Heap before GC invocations=2 (full 0):
 PSYoungGen      total 38400K, used 38384K [0x00000000f5580000, 0x00000000fa080000, 0x0000000100000000)
  eden space 33280K, 100% used [0x00000000f5580000,0x00000000f7600000,0x00000000f7600000)
  from space 5120K, 99% used [0x00000000f7600000,0x00000000f7afc010,0x00000000f7b00000)
  to   space 5120K, 0% used [0x00000000f9b80000,0x00000000f9b80000,0x00000000fa080000)
 ParOldGen       total 87552K, used 444K [0x00000000e0000000, 0x00000000e5580000, 0x00000000f5580000)
  object space 87552K, 0% used [0x00000000e0000000,0x00000000e006f370,0x00000000e5580000)
 Metaspace       used 3738K, capacity 4704K, committed 4864K, reserved 1056768K
  class space    used 414K, capacity 464K, committed 512K, reserved 1048576K
Event: 5.535 GC heap after
Heap after GC invocations=2 (full 0):
 PSYoungGen      total 71680K, used 5088K [0x00000000f5580000, 0x00000000fa080000, 0x0000000100000000)
  eden space 66560K, 0% used [0x00000000f5580000,0x00000000f5580000,0x00000000f9680000)
  from space 5120K, 99% used [0x00000000f9b80000,0x00000000fa078020,0x00000000fa080000)
  to   space 5120K, 0% used [0x00000000f9680000,0x00000000f9680000,0x00000000f9b80000)
 ParOldGen       total 87552K, used 8004K [0x00000000e0000000, 0x00000000e5580000, 0x00000000f5580000)
  object space 87552K, 9% used [0x00000000e0000000,0x00000000e07d1370,0x00000000e5580000)
 Metaspace       used 3738K, capacity 4704K, committed 4864K, reserved 1056768K
  class space    used 414K, capacity 464K, committed 512K, reserved 1048576K
}

Deoptimization events (10 events):
Event: 3.564 Thread 0x00007fdc60001000 Uncommon trap: reason=unstable_if action=reinterpret pc=0x00007fdcb11e09b0 method=vcube.Node.main([Ljava/lang/String;)V @ 380
Event: 3.587 Thread 0x00007fdc54001000 Uncommon trap: reason=unstable_if action=reinterpret pc=0x00007fdcb11e09b0 method=vcube.Node.main([Ljava/lang/String;)V @ 380
Event: 4.791 Thread 0x00007fdc4c001000 Uncommon trap: reason=unstable_if action=reinterpret pc=0x00007fdcb11e09b0 method=vcube.Node.main([Ljava/lang/String;)V @ 380
Event: 4.815 Thread 0x00007fdc48001000 Uncommon trap: reason=unstable_if action=reinterpret pc=0x00007fdcb11f156c method=vcube.Node.main([Ljava/lang/String;)V @ 380
Event: 5.240 Thread 0x00007fdc40001000 Uncommon trap: reason=unstable_if action=reinterpret pc=0x00007fdcb11e09b0 method=vcube.Node.main([Ljava/lang/String;)V @ 380
Event: 5.268 Thread 0x00007fdc44001000 Uncommon trap: reason=unstable_if action=reinterpret pc=0x00007fdcb11e09b0 method=vcube.Node.main([Ljava/lang/String;)V @ 380
Event: 5.299 Thread 0x00007fdc38001000 Uncommon trap: reason=unstable_if action=reinterpret pc=0x00007fdcb11fe724 method=vcube.Node.main([Ljava/lang/String;)V @ 380
Event: 5.332 Thread 0x00007fdc3c001000 Uncommon trap: reason=unstable_if action=reinterpret pc=0x00007fdcb11e09b0 method=vcube.Node.main([Ljava/lang/String;)V @ 380
Event: 5.577 Thread 0x00007fdc30001000 Uncommon trap: reason=unstable_if action=reinterpret pc=0x00007fdcb11e09b0 method=vcube.Node.main([Ljava/lang/String;)V @ 380
Event: 5.607 Thread 0x00007fdc34001000 Uncommon trap: reason=unstable_if action=reinterpret pc=0x00007fdcb11e09b0 method=vcube.Node.main([Ljava/lang/String;)V @ 380

Internal exceptions (10 events):
Event: 2.822 Thread 0x00007fdc58001000 Exception <a 'java/lang/ArrayIndexOutOfBoundsException'> (0x00000000f61b53f8) thrown at [/HUDSON3/workspace/8-2-build-linux-amd64/jdk8u111/7883/hotspot/src/share/vm/runtime/sharedRuntime.cpp, line 605]
Event: 2.823 Thread 0x00007fdc48001000 Exception <a 'java/lang/ArrayIndexOutOfBoundsException'> (0x00000000f6163a70) thrown at [/HUDSON3/workspace/8-2-build-linux-amd64/jdk8u111/7883/hotspot/src/share/vm/runtime/sharedRuntime.cpp, line 605]
Event: 2.844 Thread 0x00007fdc64001000 Exception <a 'java/lang/ArrayIndexOutOfBoundsException'> (0x00000000f6261188) thrown at [/HUDSON3/workspace/8-2-build-linux-amd64/jdk8u111/7883/hotspot/src/share/vm/runtime/sharedRuntime.cpp, line 605]
Event: 2.844 Thread 0x00007fdc68001000 Exception <a 'java/lang/ArrayIndexOutOfBoundsException'> (0x00000000f63fc2a0) thrown at [/HUDSON3/workspace/8-2-build-linux-amd64/jdk8u111/7883/hotspot/src/share/vm/runtime/sharedRuntime.cpp, line 605]
Event: 2.852 Thread 0x00007fdc78001000 Exception <a 'java/lang/ArrayIndexOutOfBoundsException'> (0x00000000f620b5d0) thrown at [/HUDSON3/workspace/8-2-build-linux-amd64/jdk8u111/7883/hotspot/src/share/vm/runtime/sharedRuntime.cpp, line 605]
Event: 2.859 Thread 0x00007fdc58001000 Exception <a 'java/lang/ArrayIndexOutOfBoundsException'> (0x00000000f61b86e0) thrown at [/HUDSON3/workspace/8-2-build-linux-amd64/jdk8u111/7883/hotspot/src/share/vm/runtime/sharedRuntime.cpp, line 605]
Event: 2.859 Thread 0x00007fdc48001000 Exception <a 'java/lang/ArrayIndexOutOfBoundsException'> (0x00000000f6166e98) thrown at [/HUDSON3/workspace/8-2-build-linux-amd64/jdk8u111/7883/hotspot/src/share/vm/runtime/sharedRuntime.cpp, line 605]
Event: 2.894 Thread 0x00007fdc64001000 Exception <a 'java/lang/ArrayIndexOutOfBoundsException'> (0x00000000f6264418) thrown at [/HUDSON3/workspace/8-2-build-linux-amd64/jdk8u111/7883/hotspot/src/share/vm/runtime/sharedRuntime.cpp, line 605]
Event: 2.894 Thread 0x00007fdc68001000 Exception <a 'java/lang/ArrayIndexOutOfBoundsException'> (0x00000000f63ff530) thrown at [/HUDSON3/workspace/8-2-build-linux-amd64/jdk8u111/7883/hotspot/src/share/vm/runtime/sharedRuntime.cpp, line 605]
Event: 2.899 Thread 0x00007fdc78001000 Exception <a 'java/lang/ArrayIndexOutOfBoundsException'> (0x00000000f620e850) thrown at [/HUDSON3/workspace/8-2-build-linux-amd64/jdk8u111/7883/hotspot/src/share/vm/runtime/sharedRuntime.cpp, line 605]

Events (10 events):
Event: 11.183 loading class java/util/IdentityHashMap$KeySet
Event: 11.183 loading class java/util/IdentityHashMap$KeySet done
Event: 11.183 loading class java/util/IdentityHashMap$KeyIterator
Event: 11.183 loading class java/util/IdentityHashMap$IdentityHashMapIterator
Event: 11.183 loading class java/util/IdentityHashMap$IdentityHashMapIterator done
Event: 11.183 loading class java/util/IdentityHashMap$KeyIterator done
Event: 11.184 Thread 0x00007fdc28001000 Thread added: 0x00007fdc28001000
Event: 11.189 Thread 0x00007fdc28001000 Thread exited: 0x00007fdc28001000
Event: 11.189 Thread 0x00007fdcc00b7000 Thread exited: 0x00007fdcc00b7000
Event: 11.189 Executing VM operation: Exit


Dynamic libraries:
00400000-00401000 r-xp 00000000 08:01 8784123                            /home/elixandrebaldi/jdk1.8.0_111/bin/java
00600000-00601000 rw-p 00000000 08:01 8784123                            /home/elixandrebaldi/jdk1.8.0_111/bin/java
01183000-011a4000 rw-p 00000000 00:00 0                                  [heap]
e0000000-e5580000 rw-p 00000000 00:00 0 
e5580000-f5580000 ---p 00000000 00:00 0 
f5580000-fa080000 rw-p 00000000 00:00 0 
fa080000-100000000 ---p 00000000 00:00 0 
100000000-100080000 rw-p 00000000 00:00 0 
100080000-140000000 ---p 00000000 00:00 0 
7fdc28000000-7fdc28021000 rw-p 00000000 00:00 0 
7fdc28021000-7fdc2c000000 ---p 00000000 00:00 0 
7fdc30000000-7fdc3074b000 rw-p 00000000 00:00 0 
7fdc3074b000-7fdc34000000 ---p 00000000 00:00 0 
7fdc34000000-7fdc34751000 rw-p 00000000 00:00 0 
7fdc34751000-7fdc38000000 ---p 00000000 00:00 0 
7fdc38000000-7fdc3874a000 rw-p 00000000 00:00 0 
7fdc3874a000-7fdc3c000000 ---p 00000000 00:00 0 
7fdc3c000000-7fdc3c74c000 rw-p 00000000 00:00 0 
7fdc3c74c000-7fdc40000000 ---p 00000000 00:00 0 
7fdc40000000-7fdc4074a000 rw-p 00000000 00:00 0 
7fdc4074a000-7fdc44000000 ---p 00000000 00:00 0 
7fdc44000000-7fdc4474b000 rw-p 00000000 00:00 0 
7fdc4474b000-7fdc48000000 ---p 00000000 00:00 0 
7fdc48000000-7fdc4874b000 rw-p 00000000 00:00 0 
7fdc4874b000-7fdc4c000000 ---p 00000000 00:00 0 
7fdc4c000000-7fdc4c74c000 rw-p 00000000 00:00 0 
7fdc4c74c000-7fdc50000000 ---p 00000000 00:00 0 
7fdc507f9000-7fdc507fc000 ---p 00000000 00:00 0 
7fdc507fc000-7fdc50ffa000 rw-p 00000000 00:00 0 
7fdc50ffa000-7fdc50ffd000 ---p 00000000 00:00 0 
7fdc50ffd000-7fdc517fb000 rw-p 00000000 00:00 0 
7fdc517fb000-7fdc517fe000 ---p 00000000 00:00 0 
7fdc517fe000-7fdc51ffc000 rw-p 00000000 00:00 0 
7fdc51ffc000-7fdc51fff000 ---p 00000000 00:00 0 
7fdc51fff000-7fdc527fd000 rw-p 00000000 00:00 0 
7fdc527fd000-7fdc52800000 ---p 00000000 00:00 0 
7fdc52800000-7fdc52ffe000 rw-p 00000000 00:00 0 
7fdc52ffe000-7fdc53001000 ---p 00000000 00:00 0 
7fdc53001000-7fdc537ff000 rw-p 00000000 00:00 0 
7fdc537ff000-7fdc53802000 ---p 00000000 00:00 0 
7fdc53802000-7fdc54000000 rw-p 00000000 00:00 0 
7fdc54000000-7fdc5474c000 rw-p 00000000 00:00 0 
7fdc5474c000-7fdc58000000 ---p 00000000 00:00 0 
7fdc58000000-7fdc5874a000 rw-p 00000000 00:00 0 
7fdc5874a000-7fdc5c000000 ---p 00000000 00:00 0 
7fdc5c000000-7fdc5c74a000 rw-p 00000000 00:00 0 
7fdc5c74a000-7fdc60000000 ---p 00000000 00:00 0 
7fdc60000000-7fdc60749000 rw-p 00000000 00:00 0 
7fdc60749000-7fdc64000000 ---p 00000000 00:00 0 
7fdc64000000-7fdc6474a000 rw-p 00000000 00:00 0 
7fdc6474a000-7fdc68000000 ---p 00000000 00:00 0 
7fdc68000000-7fdc6874d000 rw-p 00000000 00:00 0 
7fdc6874d000-7fdc6c000000 ---p 00000000 00:00 0 
7fdc6c000000-7fdc6c74a000 rw-p 00000000 00:00 0 
7fdc6c74a000-7fdc70000000 ---p 00000000 00:00 0 
7fdc707f9000-7fdc707fc000 ---p 00000000 00:00 0 
7fdc707fc000-7fdc70ffa000 rw-p 00000000 00:00 0 
7fdc70ffa000-7fdc70ffd000 ---p 00000000 00:00 0 
7fdc70ffd000-7fdc717fb000 rw-p 00000000 00:00 0 
7fdc717fb000-7fdc717fe000 ---p 00000000 00:00 0 
7fdc717fe000-7fdc71ffc000 rw-p 00000000 00:00 0 
7fdc71ffc000-7fdc71fff000 ---p 00000000 00:00 0 
7fdc71fff000-7fdc727fd000 rw-p 00000000 00:00 0 
7fdc727fd000-7fdc72800000 ---p 00000000 00:00 0 
7fdc72800000-7fdc72ffe000 rw-p 00000000 00:00 0 
7fdc72ffe000-7fdc73001000 ---p 00000000 00:00 0 
7fdc73001000-7fdc737ff000 rw-p 00000000 00:00 0 
7fdc737ff000-7fdc73802000 ---p 00000000 00:00 0 
7fdc73802000-7fdc74000000 rw-p 00000000 00:00 0 
7fdc74000000-7fdc74021000 rw-p 00000000 00:00 0 
7fdc74021000-7fdc78000000 ---p 00000000 00:00 0 
7fdc78000000-7fdc78750000 rw-p 00000000 00:00 0 
7fdc78750000-7fdc7c000000 ---p 00000000 00:00 0 
7fdc7c000000-7fdc7c3bb000 rw-p 00000000 00:00 0 
7fdc7c3bb000-7fdc80000000 ---p 00000000 00:00 0 
7fdc80000000-7fdc80021000 rw-p 00000000 00:00 0 
7fdc80021000-7fdc84000000 ---p 00000000 00:00 0 
7fdc84000000-7fdc84779000 rw-p 00000000 00:00 0 
7fdc84779000-7fdc88000000 ---p 00000000 00:00 0 
7fdc88000000-7fdc89bc8000 rw-p 00000000 00:00 0 
7fdc89bc8000-7fdc8c000000 ---p 00000000 00:00 0 
7fdc8c000000-7fdc8c021000 rw-p 00000000 00:00 0 
7fdc8c021000-7fdc90000000 ---p 00000000 00:00 0 
7fdc90000000-7fdc90021000 rw-p 00000000 00:00 0 
7fdc90021000-7fdc94000000 ---p 00000000 00:00 0 
7fdc94000000-7fdc94021000 rw-p 00000000 00:00 0 
7fdc94021000-7fdc98000000 ---p 00000000 00:00 0 
7fdc98000000-7fdc98021000 rw-p 00000000 00:00 0 
7fdc98021000-7fdc9c000000 ---p 00000000 00:00 0 
7fdc9c000000-7fdc9c021000 rw-p 00000000 00:00 0 
7fdc9c021000-7fdca0000000 ---p 00000000 00:00 0 
7fdca0000000-7fdca0021000 rw-p 00000000 00:00 0 
7fdca0021000-7fdca4000000 ---p 00000000 00:00 0 
7fdca4000000-7fdca4021000 rw-p 00000000 00:00 0 
7fdca4021000-7fdca8000000 ---p 00000000 00:00 0 
7fdca84c7000-7fdca84ca000 ---p 00000000 00:00 0 
7fdca84ca000-7fdca85c8000 rw-p 00000000 00:00 0 
7fdca85c8000-7fdca85cb000 ---p 00000000 00:00 0 
7fdca85cb000-7fdca86c9000 rw-p 00000000 00:00 0 
7fdca86c9000-7fdca86cc000 ---p 00000000 00:00 0 
7fdca86cc000-7fdca8eca000 rw-p 00000000 00:00 0 
7fdca8eca000-7fdca8ecd000 ---p 00000000 00:00 0 
7fdca8ecd000-7fdca96cb000 rw-p 00000000 00:00 0 
7fdca96cb000-7fdca96e3000 r-xp 00000000 08:01 2359394                    /tmp/simgrid-java8732292419965572690/libsimgrid-java.so (deleted)
7fdca96e3000-7fdca98e3000 ---p 00018000 08:01 2359394                    /tmp/simgrid-java8732292419965572690/libsimgrid-java.so (deleted)
7fdca98e3000-7fdca98e4000 rw-p 00018000 08:01 2359394                    /tmp/simgrid-java8732292419965572690/libsimgrid-java.so (deleted)
7fdca98e4000-7fdca98fa000 r-xp 00000000 08:01 3936627                    /lib/x86_64-linux-gnu/libgcc_s.so.1
7fdca98fa000-7fdca9af9000 ---p 00016000 08:01 3936627                    /lib/x86_64-linux-gnu/libgcc_s.so.1
7fdca9af9000-7fdca9afa000 rw-p 00015000 08:01 3936627                    /lib/x86_64-linux-gnu/libgcc_s.so.1
7fdca9afa000-7fdca9c6c000 r-xp 00000000 08:01 23332798                   /usr/lib/x86_64-linux-gnu/libstdc++.so.6.0.21
7fdca9c6c000-7fdca9e6c000 ---p 00172000 08:01 23332798                   /usr/lib/x86_64-linux-gnu/libstdc++.so.6.0.21
7fdca9e6c000-7fdca9e76000 r--p 00172000 08:01 23332798                   /usr/lib/x86_64-linux-gnu/libstdc++.so.6.0.21
7fdca9e76000-7fdca9e78000 rw-p 0017c000 08:01 23332798                   /usr/lib/x86_64-linux-gnu/libstdc++.so.6.0.21
7fdca9e78000-7fdca9e7c000 rw-p 00000000 00:00 0 
7fdca9e7c000-7fdcaa141000 r-xp 00000000 08:01 2359391                    /tmp/simgrid-java8732292419965572690/libsimgrid.so (deleted)
7fdcaa141000-7fdcaa341000 ---p 002c5000 08:01 2359391                    /tmp/simgrid-java8732292419965572690/libsimgrid.so (deleted)
7fdcaa341000-7fdcaa37c000 rw-p 002c5000 08:01 2359391                    /tmp/simgrid-java8732292419965572690/libsimgrid.so (deleted)
7fdcaa37c000-7fdcaa685000 rw-p 00000000 00:00 0 
7fdcaa685000-7fdcaa69b000 r-xp 00000000 08:01 8783936                    /home/elixandrebaldi/jdk1.8.0_111/jre/lib/amd64/libnet.so
7fdcaa69b000-7fdcaa89b000 ---p 00016000 08:01 8783936                    /home/elixandrebaldi/jdk1.8.0_111/jre/lib/amd64/libnet.so
7fdcaa89b000-7fdcaa89c000 rw-p 00016000 08:01 8783936                    /home/elixandrebaldi/jdk1.8.0_111/jre/lib/amd64/libnet.so
7fdcaa89c000-7fdcaa8ad000 r-xp 00000000 08:01 8783935                    /home/elixandrebaldi/jdk1.8.0_111/jre/lib/amd64/libnio.so
7fdcaa8ad000-7fdcaaaac000 ---p 00011000 08:01 8783935                    /home/elixandrebaldi/jdk1.8.0_111/jre/lib/amd64/libnio.so
7fdcaaaac000-7fdcaaaad000 rw-p 00010000 08:01 8783935                    /home/elixandrebaldi/jdk1.8.0_111/jre/lib/amd64/libnio.so
7fdcaaaad000-7fdcaaaae000 ---p 00000000 00:00 0 
7fdcaaaae000-7fdcaabae000 rw-p 00000000 00:00 0 
7fdcaabae000-7fdcac000000 r--p 00000000 08:01 23331759                   /usr/lib/locale/locale-archive
7fdcac000000-7fdcac021000 rw-p 00000000 00:00 0 
7fdcac021000-7fdcb0000000 ---p 00000000 00:00 0 
7fdcb00f1000-7fdcb00f4000 ---p 00000000 00:00 0 
7fdcb00f4000-7fdcb01f2000 rw-p 00000000 00:00 0 
7fdcb01f2000-7fdcb01f5000 ---p 00000000 00:00 0 
7fdcb01f5000-7fdcb02f3000 rw-p 00000000 00:00 0 
7fdcb02f3000-7fdcb02f6000 ---p 00000000 00:00 0 
7fdcb02f6000-7fdcb03f4000 rw-p 00000000 00:00 0 
7fdcb03f4000-7fdcb03f7000 ---p 00000000 00:00 0 
7fdcb03f7000-7fdcb04f5000 rw-p 00000000 00:00 0 
7fdcb04f5000-7fdcb04f8000 ---p 00000000 00:00 0 
7fdcb04f8000-7fdcb05f6000 rw-p 00000000 00:00 0 
7fdcb05f6000-7fdcb05f9000 ---p 00000000 00:00 0 
7fdcb05f9000-7fdcb06f7000 rw-p 00000000 00:00 0 
7fdcb06f7000-7fdcb06fa000 ---p 00000000 00:00 0 
7fdcb06fa000-7fdcb07f8000 rw-p 00000000 00:00 0 
7fdcb07f8000-7fdcb07f9000 ---p 00000000 00:00 0 
7fdcb07f9000-7fdcb1000000 rw-p 00000000 00:00 0 
7fdcb1000000-7fdcb1290000 rwxp 00000000 00:00 0 
7fdcb1290000-7fdcc0000000 ---p 00000000 00:00 0 
7fdcc0000000-7fdcc1be4000 rw-p 00000000 00:00 0 
7fdcc1be4000-7fdcc4000000 ---p 00000000 00:00 0 
7fdcc409b000-7fdcc4997000 rw-p 00000000 00:00 0 
7fdcc4997000-7fdcc4b6f000 r--s 03d2a000 08:01 8784070                    /home/elixandrebaldi/jdk1.8.0_111/jre/lib/rt.jar
7fdcc4b6f000-7fdcc5080000 rw-p 00000000 00:00 0 
7fdcc5080000-7fdcc5440000 ---p 00000000 00:00 0 
7fdcc5440000-7fdcc6540000 rw-p 00000000 00:00 0 
7fdcc6540000-7fdcc6541000 ---p 00000000 00:00 0 
7fdcc6541000-7fdcc6641000 rw-p 00000000 00:00 0 
7fdcc6641000-7fdcc6642000 ---p 00000000 00:00 0 
7fdcc6642000-7fdcc6742000 rw-p 00000000 00:00 0 
7fdcc6742000-7fdcc6743000 ---p 00000000 00:00 0 
7fdcc6743000-7fdcc6843000 rw-p 00000000 00:00 0 
7fdcc6843000-7fdcc6844000 ---p 00000000 00:00 0 
7fdcc6844000-7fdcc696f000 rw-p 00000000 00:00 0 
7fdcc696f000-7fdcc69ee000 ---p 00000000 00:00 0 
7fdcc69ee000-7fdcc6a15000 rw-p 00000000 00:00 0 
7fdcc6a15000-7fdcc6a44000 ---p 00000000 00:00 0 
7fdcc6a44000-7fdcc6a50000 rw-p 00000000 00:00 0 
7fdcc6a50000-7fdcc6e05000 ---p 00000000 00:00 0 
7fdcc6e05000-7fdcc6e1f000 r-xp 00000000 08:01 8783934                    /home/elixandrebaldi/jdk1.8.0_111/jre/lib/amd64/libzip.so
7fdcc6e1f000-7fdcc701f000 ---p 0001a000 08:01 8783934                    /home/elixandrebaldi/jdk1.8.0_111/jre/lib/amd64/libzip.so
7fdcc701f000-7fdcc7020000 rw-p 0001a000 08:01 8783934                    /home/elixandrebaldi/jdk1.8.0_111/jre/lib/amd64/libzip.so
7fdcc7020000-7fdcc702b000 r-xp 00000000 08:01 3932251                    /lib/x86_64-linux-gnu/libnss_files-2.23.so
7fdcc702b000-7fdcc722a000 ---p 0000b000 08:01 3932251                    /lib/x86_64-linux-gnu/libnss_files-2.23.so
7fdcc722a000-7fdcc722b000 r--p 0000a000 08:01 3932251                    /lib/x86_64-linux-gnu/libnss_files-2.23.so
7fdcc722b000-7fdcc722c000 rw-p 0000b000 08:01 3932251                    /lib/x86_64-linux-gnu/libnss_files-2.23.so
7fdcc722c000-7fdcc7232000 rw-p 00000000 00:00 0 
7fdcc7232000-7fdcc723d000 r-xp 00000000 08:01 3932244                    /lib/x86_64-linux-gnu/libnss_nis-2.23.so
7fdcc723d000-7fdcc743c000 ---p 0000b000 08:01 3932244                    /lib/x86_64-linux-gnu/libnss_nis-2.23.so
7fdcc743c000-7fdcc743d000 r--p 0000a000 08:01 3932244                    /lib/x86_64-linux-gnu/libnss_nis-2.23.so
7fdcc743d000-7fdcc743e000 rw-p 0000b000 08:01 3932244                    /lib/x86_64-linux-gnu/libnss_nis-2.23.so
7fdcc743e000-7fdcc7454000 r-xp 00000000 08:01 3932246                    /lib/x86_64-linux-gnu/libnsl-2.23.so
7fdcc7454000-7fdcc7653000 ---p 00016000 08:01 3932246                    /lib/x86_64-linux-gnu/libnsl-2.23.so
7fdcc7653000-7fdcc7654000 r--p 00015000 08:01 3932246                    /lib/x86_64-linux-gnu/libnsl-2.23.so
7fdcc7654000-7fdcc7655000 rw-p 00016000 08:01 3932246                    /lib/x86_64-linux-gnu/libnsl-2.23.so
7fdcc7655000-7fdcc7657000 rw-p 00000000 00:00 0 
7fdcc7657000-7fdcc765f000 r-xp 00000000 08:01 3932253                    /lib/x86_64-linux-gnu/libnss_compat-2.23.so
7fdcc765f000-7fdcc785e000 ---p 00008000 08:01 3932253                    /lib/x86_64-linux-gnu/libnss_compat-2.23.so
7fdcc785e000-7fdcc785f000 r--p 00007000 08:01 3932253                    /lib/x86_64-linux-gnu/libnss_compat-2.23.so
7fdcc785f000-7fdcc7860000 rw-p 00008000 08:01 3932253                    /lib/x86_64-linux-gnu/libnss_compat-2.23.so
7fdcc7860000-7fdcc788b000 r-xp 00000000 08:01 8783907                    /home/elixandrebaldi/jdk1.8.0_111/jre/lib/amd64/libjava.so
7fdcc788b000-7fdcc7a8a000 ---p 0002b000 08:01 8783907                    /home/elixandrebaldi/jdk1.8.0_111/jre/lib/amd64/libjava.so
7fdcc7a8a000-7fdcc7a8c000 rw-p 0002a000 08:01 8783907                    /home/elixandrebaldi/jdk1.8.0_111/jre/lib/amd64/libjava.so
7fdcc7a8c000-7fdcc7a99000 r-xp 00000000 08:01 8783870                    /home/elixandrebaldi/jdk1.8.0_111/jre/lib/amd64/libverify.so
7fdcc7a99000-7fdcc7c98000 ---p 0000d000 08:01 8783870                    /home/elixandrebaldi/jdk1.8.0_111/jre/lib/amd64/libverify.so
7fdcc7c98000-7fdcc7c9a000 rw-p 0000c000 08:01 8783870                    /home/elixandrebaldi/jdk1.8.0_111/jre/lib/amd64/libverify.so
7fdcc7c9a000-7fdcc7ca1000 r-xp 00000000 08:01 3932254                    /lib/x86_64-linux-gnu/librt-2.23.so
7fdcc7ca1000-7fdcc7ea0000 ---p 00007000 08:01 3932254                    /lib/x86_64-linux-gnu/librt-2.23.so
7fdcc7ea0000-7fdcc7ea1000 r--p 00006000 08:01 3932254                    /lib/x86_64-linux-gnu/librt-2.23.so
7fdcc7ea1000-7fdcc7ea2000 rw-p 00007000 08:01 3932254                    /lib/x86_64-linux-gnu/librt-2.23.so
7fdcc7ea2000-7fdcc7faa000 r-xp 00000000 08:01 3932245                    /lib/x86_64-linux-gnu/libm-2.23.so
7fdcc7faa000-7fdcc81a9000 ---p 00108000 08:01 3932245                    /lib/x86_64-linux-gnu/libm-2.23.so
7fdcc81a9000-7fdcc81aa000 r--p 00107000 08:01 3932245                    /lib/x86_64-linux-gnu/libm-2.23.so
7fdcc81aa000-7fdcc81ab000 rw-p 00108000 08:01 3932245                    /lib/x86_64-linux-gnu/libm-2.23.so
7fdcc81ab000-7fdcc8e78000 r-xp 00000000 08:01 8783785                    /home/elixandrebaldi/jdk1.8.0_111/jre/lib/amd64/server/libjvm.so
7fdcc8e78000-7fdcc9077000 ---p 00ccd000 08:01 8783785                    /home/elixandrebaldi/jdk1.8.0_111/jre/lib/amd64/server/libjvm.so
7fdcc9077000-7fdcc9150000 rw-p 00ccc000 08:01 8783785                    /home/elixandrebaldi/jdk1.8.0_111/jre/lib/amd64/server/libjvm.so
7fdcc9150000-7fdcc919b000 rw-p 00000000 00:00 0 
7fdcc919b000-7fdcc935a000 r-xp 00000000 08:01 3932247                    /lib/x86_64-linux-gnu/libc-2.23.so
7fdcc935a000-7fdcc955a000 ---p 001bf000 08:01 3932247                    /lib/x86_64-linux-gnu/libc-2.23.so
7fdcc955a000-7fdcc955e000 r--p 001bf000 08:01 3932247                    /lib/x86_64-linux-gnu/libc-2.23.so
7fdcc955e000-7fdcc9560000 rw-p 001c3000 08:01 3932247                    /lib/x86_64-linux-gnu/libc-2.23.so
7fdcc9560000-7fdcc9564000 rw-p 00000000 00:00 0 
7fdcc9564000-7fdcc9567000 r-xp 00000000 08:01 3932243                    /lib/x86_64-linux-gnu/libdl-2.23.so
7fdcc9567000-7fdcc9766000 ---p 00003000 08:01 3932243                    /lib/x86_64-linux-gnu/libdl-2.23.so
7fdcc9766000-7fdcc9767000 r--p 00002000 08:01 3932243                    /lib/x86_64-linux-gnu/libdl-2.23.so
7fdcc9767000-7fdcc9768000 rw-p 00003000 08:01 3932243                    /lib/x86_64-linux-gnu/libdl-2.23.so
7fdcc9768000-7fdcc977d000 r-xp 00000000 08:01 8783943                    /home/elixandrebaldi/jdk1.8.0_111/lib/amd64/jli/libjli.so
7fdcc977d000-7fdcc997d000 ---p 00015000 08:01 8783943                    /home/elixandrebaldi/jdk1.8.0_111/lib/amd64/jli/libjli.so
7fdcc997d000-7fdcc997e000 rw-p 00015000 08:01 8783943                    /home/elixandrebaldi/jdk1.8.0_111/lib/amd64/jli/libjli.so
7fdcc997e000-7fdcc9996000 r-xp 00000000 08:01 3932258                    /lib/x86_64-linux-gnu/libpthread-2.23.so
7fdcc9996000-7fdcc9b95000 ---p 00018000 08:01 3932258                    /lib/x86_64-linux-gnu/libpthread-2.23.so
7fdcc9b95000-7fdcc9b96000 r--p 00017000 08:01 3932258                    /lib/x86_64-linux-gnu/libpthread-2.23.so
7fdcc9b96000-7fdcc9b97000 rw-p 00018000 08:01 3932258                    /lib/x86_64-linux-gnu/libpthread-2.23.so
7fdcc9b97000-7fdcc9b9b000 rw-p 00000000 00:00 0 
7fdcc9b9b000-7fdcc9bc1000 r-xp 00000000 08:01 3932248                    /lib/x86_64-linux-gnu/ld-2.23.so
7fdcc9bc6000-7fdcc9bcb000 r--s 00096000 08:01 8783911                    /home/elixandrebaldi/jdk1.8.0_111/jre/lib/jsse.jar
7fdcc9bcb000-7fdcc9c1e000 rw-p 00000000 00:00 0 
7fdcc9c1e000-7fdcc9c9e000 ---p 00000000 00:00 0 
7fdcc9c9e000-7fdcc9ca1000 ---p 00000000 00:00 0 
7fdcc9ca1000-7fdcc9da3000 rw-p 00000000 00:00 0 
7fdcc9da7000-7fdcc9daa000 r--s 00f76000 08:01 8524426                    /home/elixandrebaldi/Documentos/VCubeDHT/simgrid.jar
7fdcc9daa000-7fdcc9db4000 rw-p 00000000 00:00 0 
7fdcc9db4000-7fdcc9dbc000 rw-s 00000000 08:01 2359380                    /tmp/hsperfdata_elixandrebaldi/4662 (deleted)
7fdcc9dbc000-7fdcc9dbd000 rw-p 00000000 00:00 0 
7fdcc9dbd000-7fdcc9dbe000 ---p 00000000 00:00 0 
7fdcc9dbe000-7fdcc9dc0000 rw-p 00000000 00:00 0 
7fdcc9dc0000-7fdcc9dc1000 r--p 00025000 08:01 3932248                    /lib/x86_64-linux-gnu/ld-2.23.so
7fdcc9dc1000-7fdcc9dc2000 rw-p 00026000 08:01 3932248                    /lib/x86_64-linux-gnu/ld-2.23.so
7fdcc9dc2000-7fdcc9dc3000 rw-p 00000000 00:00 0 
7ffc5b14f000-7ffc5b170000 rw-p 00000000 00:00 0                          [stack]
7ffc5b1a6000-7ffc5b1a8000 r--p 00000000 00:00 0                          [vvar]
7ffc5b1a8000-7ffc5b1aa000 r-xp 00000000 00:00 0                          [vdso]
ffffffffff600000-ffffffffff601000 r-xp 00000000 00:00 0                  [vsyscall]

VM Arguments:
jvm_args: -Dfile.encoding=UTF-8 -Xms128m -Xmx512m 
java_command: vcube.VCube platform.xml deployment.xml
java_class_path (initial): /home/elixandrebaldi/Documentos/VCubeDHT/simgrid.jar:/home/elixandrebaldi/Documentos/VCubeDHT/VCube/build/classes
Launcher Type: SUN_STANDARD

Environment Variables:
PATH=/home/elixandrebaldi/bin:/home/elixandrebaldi/.local/bin:/usr/local/sbin:/usr/local/bin:/usr/sbin:/usr/bin:/sbin:/bin:/usr/games:/usr/local/games
LD_LIBRARY_PATH=/home/elixandrebaldi/jdk1.8.0_111/jre/lib/amd64:/home/elixandrebaldi/jdk1.8.0_111/jre/lib/i386:
SHELL=/bin/bash
DISPLAY=:0

Signal Handlers:
SIGSEGV: [libjvm.so+0xac64b0], sa_mask[0]=11111111011111111101111111111110, sa_flags=SA_RESTART|SA_SIGINFO
SIGBUS: [libjvm.so+0xac64b0], sa_mask[0]=11111111011111111101111111111110, sa_flags=SA_RESTART|SA_SIGINFO
SIGFPE: [libjvm.so+0x91f950], sa_mask[0]=11111111011111111101111111111110, sa_flags=SA_RESTART|SA_SIGINFO
SIGPIPE: [libjvm.so+0x91f950], sa_mask[0]=11111111011111111101111111111110, sa_flags=SA_RESTART|SA_SIGINFO
SIGXFSZ: [libjvm.so+0x91f950], sa_mask[0]=11111111011111111101111111111110, sa_flags=SA_RESTART|SA_SIGINFO
SIGILL: [libjvm.so+0x91f950], sa_mask[0]=11111111011111111101111111111110, sa_flags=SA_RESTART|SA_SIGINFO
SIGUSR1: SIG_DFL, sa_mask[0]=00000000000000000000000000000000, sa_flags=none
SIGUSR2: [libjvm.so+0x920f80], sa_mask[0]=00100000000000000000000000000000, sa_flags=SA_RESTART|SA_SIGINFO
SIGHUP: [libjvm.so+0x922380], sa_mask[0]=11111111011111111101111111111110, sa_flags=SA_RESTART|SA_SIGINFO
SIGINT: [libsimgrid.so+0x8ff50], sa_mask[0]=01000000000000000000000000000000, sa_flags=SA_RESTART
SIGTERM: [libjvm.so+0x922380], sa_mask[0]=11111111011111111101111111111110, sa_flags=SA_RESTART|SA_SIGINFO
SIGQUIT: [libjvm.so+0x922380], sa_mask[0]=11111111011111111101111111111110, sa_flags=SA_RESTART|SA_SIGINFO


---------------  S Y S T E M  ---------------

OS:DISTRIB_ID="elementary"
DISTRIB_RELEASE=0.4.1
DISTRIB_CODENAME=loki
DISTRIB_DESCRIPTION="elementary OS 0.4.1 Loki"

uname:Linux 4.4.0-79-generic #100-Ubuntu SMP Wed May 17 19:58:14 UTC 2017 x86_64
libc:glibc 2.23 NPTL 2.23 
rlimit: STACK 8192k, CORE 0k, NPROC 14991, NOFILE 65536, AS infinity
load average:0.45 0.38 0.79

/proc/meminfo:
MemTotal:        3878592 kB
MemFree:          372264 kB
MemAvailable:    1045848 kB
Buffers:          155400 kB
Cached:           895820 kB
SwapCached:          156 kB
Active:          2308012 kB
Inactive:         938072 kB
Active(anon):    1829236 kB
Inactive(anon):   600224 kB
Active(file):     478776 kB
Inactive(file):   337848 kB
Unevictable:          48 kB
Mlocked:              48 kB
SwapTotal:       4025340 kB
SwapFree:        4020392 kB
Dirty:             12120 kB
Writeback:             0 kB
AnonPages:       2194712 kB
Mapped:           424992 kB
Shmem:            234596 kB
Slab:             152916 kB
SReclaimable:     118908 kB
SUnreclaim:        34008 kB
KernelStack:        9424 kB
PageTables:        37160 kB
NFS_Unstable:          0 kB
Bounce:                0 kB
WritebackTmp:          0 kB
CommitLimit:     5964636 kB
Committed_AS:    6465532 kB
VmallocTotal:   34359738367 kB
VmallocUsed:           0 kB
VmallocChunk:          0 kB
HardwareCorrupted:     0 kB
AnonHugePages:    823296 kB
CmaTotal:              0 kB
CmaFree:               0 kB
HugePages_Total:       0
HugePages_Free:        0
HugePages_Rsvd:        0
HugePages_Surp:        0
Hugepagesize:       2048 kB
DirectMap4k:      156408 kB
DirectMap2M:     3870720 kB


CPU:total 4 (2 cores per cpu, 2 threads per core) family 6 model 58 stepping 9, cmov, cx8, fxsr, mmx, sse, sse2, sse3, ssse3, sse4.1, sse4.2, popcnt, avx, clmul, erms, ht, tsc, tscinvbit, tscinv

/proc/cpuinfo:
processor	: 0
vendor_id	: GenuineIntel
cpu family	: 6
model		: 58
model name	: Intel(R) Core(TM) i7-3517U CPU @ 1.90GHz
stepping	: 9
microcode	: 0x12
cpu MHz		: 2800.031
cache size	: 4096 KB
physical id	: 0
siblings	: 4
core id		: 0
cpu cores	: 2
apicid		: 0
initial apicid	: 0
fpu		: yes
fpu_exception	: yes
cpuid level	: 13
wp		: yes
flags		: fpu vme de pse tsc msr pae mce cx8 apic sep mtrr pge mca cmov pat pse36 clflush dts acpi mmx fxsr sse sse2 ss ht tm pbe syscall nx rdtscp lm constant_tsc arch_perfmon pebs bts rep_good nopl xtopology nonstop_tsc aperfmperf eagerfpu pni pclmulqdq dtes64 monitor ds_cpl vmx est tm2 ssse3 cx16 xtpr pdcm pcid sse4_1 sse4_2 x2apic popcnt tsc_deadline_timer xsave avx f16c rdrand lahf_lm epb tpr_shadow vnmi flexpriority ept vpid fsgsbase smep erms xsaveopt dtherm ida arat pln pts
bugs		:
bogomips	: 4788.84
clflush size	: 64
cache_alignment	: 64
address sizes	: 36 bits physical, 48 bits virtual
power management:

processor	: 1
vendor_id	: GenuineIntel
cpu family	: 6
model		: 58
model name	: Intel(R) Core(TM) i7-3517U CPU @ 1.90GHz
stepping	: 9
microcode	: 0x12
cpu MHz		: 2799.937
cache size	: 4096 KB
physical id	: 0
siblings	: 4
core id		: 0
cpu cores	: 2
apicid		: 1
initial apicid	: 1
fpu		: yes
fpu_exception	: yes
cpuid level	: 13
wp		: yes
flags		: fpu vme de pse tsc msr pae mce cx8 apic sep mtrr pge mca cmov pat pse36 clflush dts acpi mmx fxsr sse sse2 ss ht tm pbe syscall nx rdtscp lm constant_tsc arch_perfmon pebs bts rep_good nopl xtopology nonstop_tsc aperfmperf eagerfpu pni pclmulqdq dtes64 monitor ds_cpl vmx est tm2 ssse3 cx16 xtpr pdcm pcid sse4_1 sse4_2 x2apic popcnt tsc_deadline_timer xsave avx f16c rdrand lahf_lm epb tpr_shadow vnmi flexpriority ept vpid fsgsbase smep erms xsaveopt dtherm ida arat pln pts
bugs		:
bogomips	: 4788.84
clflush size	: 64
cache_alignment	: 64
address sizes	: 36 bits physical, 48 bits virtual
power management:

processor	: 2
vendor_id	: GenuineIntel
cpu family	: 6
model		: 58
model name	: Intel(R) Core(TM) i7-3517U CPU @ 1.90GHz
stepping	: 9
microcode	: 0x12
cpu MHz		: 2891.906
cache size	: 4096 KB
physical id	: 0
siblings	: 4
core id		: 1
cpu cores	: 2
apicid		: 2
initial apicid	: 2
fpu		: yes
fpu_exception	: yes
cpuid level	: 13
wp		: yes
flags		: fpu vme de pse tsc msr pae mce cx8 apic sep mtrr pge mca cmov pat pse36 clflush dts acpi mmx fxsr sse sse2 ss ht tm pbe syscall nx rdtscp lm constant_tsc arch_perfmon pebs bts rep_good nopl xtopology nonstop_tsc aperfmperf eagerfpu pni pclmulqdq dtes64 monitor ds_cpl vmx est tm2 ssse3 cx16 xtpr pdcm pcid sse4_1 sse4_2 x2apic popcnt tsc_deadline_timer xsave avx f16c rdrand lahf_lm epb tpr_shadow vnmi flexpriority ept vpid fsgsbase smep erms xsaveopt dtherm ida arat pln pts
bugs		:
bogomips	: 4788.84
clflush size	: 64
cache_alignment	: 64
address sizes	: 36 bits physical, 48 bits virtual
power management:

processor	: 3
vendor_id	: GenuineIntel
cpu family	: 6
model		: 58
model name	: Intel(R) Core(TM) i7-3517U CPU @ 1.90GHz
stepping	: 9
microcode	: 0x12
cpu MHz		: 2888.812
cache size	: 4096 KB
physical id	: 0
siblings	: 4
core id		: 1
cpu cores	: 2
apicid		: 3
initial apicid	: 3
fpu		: yes
fpu_exception	: yes
cpuid level	: 13
wp		: yes
flags		: fpu vme de pse tsc msr pae mce cx8 apic sep mtrr pge mca cmov pat pse36 clflush dts acpi mmx fxsr sse sse2 ss ht tm pbe syscall nx rdtscp lm constant_tsc arch_perfmon pebs bts rep_good nopl xtopology nonstop_tsc aperfmperf eagerfpu pni pclmulqdq dtes64 monitor ds_cpl vmx est tm2 ssse3 cx16 xtpr pdcm pcid sse4_1 sse4_2 x2apic popcnt tsc_deadline_timer xsave avx f16c rdrand lahf_lm epb tpr_shadow vnmi flexpriority ept vpid fsgsbase smep erms xsaveopt dtherm ida arat pln pts
bugs		:
bogomips	: 4788.84
clflush size	: 64
cache_alignment	: 64
address sizes	: 36 bits physical, 48 bits virtual
power management:



Memory: 4k page, physical 3878592k(372264k free), swap 4025340k(4020392k free)

vm_info: Java HotSpot(TM) 64-Bit Server VM (25.111-b14) for linux-amd64 JRE (1.8.0_111-b14), built on Sep 22 2016 16:14:03 by "java_re" with gcc 4.3.0 20080428 (Red Hat 4.3.0-8)

time: Mon Jun 12 14:00:00 2017
elapsed time: 11 seconds (0d 0h 0m 11s)

