#
# A fatal error has been detected by the Java Runtime Environment:
#
#  SIGSEGV (0xb) at pc=0x00007fe4a5b4c646, pid=8527, tid=140620392466176
#
# JRE version: Java(TM) SE Runtime Environment (7.0_80-b15) (build 1.7.0_80-b15)
# Java VM: Java HotSpot(TM) 64-Bit Server VM (24.80-b11 mixed mode linux-amd64 compressed oops)
# Problematic frame:
# C  [libsimgrid.so+0x84646]  MSG_task_destroy+0x16
#
# Failed to write core dump. Core dumps have been disabled. To enable core dumping, try "ulimit -c unlimited" before starting Java again
#
# If you would like to submit a bug report, please visit:
#   http://bugreport.java.com/bugreport/crash.jsp
# The crash happened outside the Java Virtual Machine in native code.
# See problematic frame for where to report the bug.
#

---------------  T H R E A D  ---------------

Current thread (0x00007fe4b8070800):  JavaThread "Finalizer" daemon [_thread_in_native, id=8539, stack(0x00007fe4bc7a8000,0x00007fe4bc8a9000)]

siginfo:si_signo=SIGSEGV: si_errno=0, si_code=1 (SEGV_MAPERR), si_addr=0x0000000000000058

Registers:
RAX=0x0000000000000000, RBX=0x00007fe46804dcd0, RCX=0x00007fe4bc8a7840, RDX=0x0000000000000042
RSP=0x00007fe4bc8a7760, RBP=0x00007fe4bc8a7820, RSI=0x00007fe4bc8a7840, RDI=0x00007fe46804dcd0
R8 =0x0000000000001294, R9 =0x00000000ed47fa80, R10=0x0000000000000004, R11=0x00007fe4c08bede8
R12=0x0000000000000000, R13=0x00000000bfd6dd00, R14=0x00007fe4bc8a7840, R15=0x00007fe4b8070800
RIP=0x00007fe4a5b4c646, EFLAGS=0x0000000000010202, CSGSFS=0x0000000000000033, ERR=0x0000000000000004
  TRAPNO=0x000000000000000e

Top of Stack: (sp=0x00007fe4bc8a7760)
0x00007fe4bc8a7760:   00007fe4bc8a7848 00007fe4b501da83
0x00007fe4bc8a7770:   01007fe4b5005310 00007fe4c027d582
0x00007fe4bc8a7780:   0000000000001388 00007fe4b8071078
0x00007fe4bc8a7790:   00007fe4bc8a77f0 00007fe4c027d97f
0x00007fe4bc8a77a0:   00007fe49c003580 00007fe4a56a3de7
0x00007fe4bc8a77b0:   0000000000000000 00000000bfd6dd00
0x00007fe4bc8a77c0:   00007fe4bc8a7820 00007fe4b5012d98
0x00007fe4bc8a77d0:   00007fe4bc8a7830 00007fe4c027ea0b
0x00007fe4bc8a77e0:   00007fe4bc8a77e0 0000000000000000
0x00007fe4bc8a77f0:   00007fe4bc8a7840 00000000bfd6f6d8
0x00007fe4bc8a7800:   0000000000000000 00000000bfd6dd00
0x00007fe4bc8a7810:   0000000000000000 00007fe4bc8a7840
0x00007fe4bc8a7820:   00007fe4bc8a7888 00007fe4b5006058
0x00007fe4bc8a7830:   0000000000000000 00007fe4b500ecd8
0x00007fe4bc8a7840:   00000000ed47fa80 00007fe4bc8a7848
0x00007fe4bc8a7850:   00000000bfd6dc19 00007fe4bc8a78a0
0x00007fe4bc8a7860:   00000000bfd6f6d8 00000000bfd816a8
0x00007fe4bc8a7870:   00000000bfd6dc40 00007fe4bc8a7840
0x00007fe4bc8a7880:   00007fe4bc8a78a0 00007fe4bc8a78e8
0x00007fe4bc8a7890:   00007fe4b5006058 0000000000000000
0x00007fe4bc8a78a0:   00000000ed47fa80 00007fe4bc8a78a8
0x00007fe4bc8a78b0:   00000000bfbb67b9 00007fe4bc8a7900
0x00007fe4bc8a78c0:   00000000bfbb6b28 00000000bfd81520
0x00007fe4bc8a78d0:   00000000bfbb67c8 00007fe4bc8a78a0
0x00007fe4bc8a78e0:   00007fe4bc8a78f8 00007fe4bc8a7958
0x00007fe4bc8a78f0:   00007fe4b5006706 00000000ed47fa80
0x00007fe4bc8a7900:   00000000ed3ba660 0000000000000009
0x00007fe4bc8a7910:   0000000000000000 00007fe4bc8a7908
0x00007fe4bc8a7920:   00000000bfa30ca6 00007fe4bc8a7980
0x00007fe4bc8a7930:   00000000bfaab5a8 00000000bfd811e0
0x00007fe4bc8a7940:   00000000bfa30ce8 00007fe4bc8a78f8
0x00007fe4bc8a7950:   00007fe4bc8a7978 00007fe4bc8a79c8 

Instructions: (pc=0x00007fe4a5b4c646)
0x00007fe4a5b4c626:   ff 66 0f 1f 84 00 00 00 00 00 55 53 48 83 ec 58
0x00007fe4a5b4c636:   48 85 ff 0f 84 01 01 00 00 48 8b 47 08 48 89 fb
0x00007fe4a5b4c646:   48 83 78 58 00 74 05 e8 4e 04 fe ff 48 8b 2d 5f
0x00007fe4a5b4c656:   43 44 00 8b 55 28 85 d2 0f 84 bc 00 00 00 83 7d 

Register to memory mapping:

RAX=0x0000000000000000 is an unknown value
RBX=0x00007fe46804dcd0 is an unknown value
RCX=0x00007fe4bc8a7840 is pointing into the stack for thread: 0x00007fe4b8070800
RDX=0x0000000000000042 is an unknown value
RSP=0x00007fe4bc8a7760 is pointing into the stack for thread: 0x00007fe4b8070800
RBP=0x00007fe4bc8a7820 is pointing into the stack for thread: 0x00007fe4b8070800
RSI=0x00007fe4bc8a7840 is pointing into the stack for thread: 0x00007fe4b8070800
RDI=0x00007fe46804dcd0 is an unknown value
R8 =0x0000000000001294 is an unknown value
R9 =0x00000000ed47fa80 is an oop
vcube.VCubeTask 
 - klass: 'vcube/VCubeTask'
R10=0x0000000000000004 is an unknown value
R11=0x00007fe4c08bede8: <offset 0xe4fde8> in /home/elixandre/jdk1.7.0_80/jre/lib/amd64/server/libjvm.so at 0x00007fe4bfa6f000
R12=0x0000000000000000 is an unknown value
R13=0x00000000bfd6dd00 is an oop
{method} 
 - klass: {other class}
R14=0x00007fe4bc8a7840 is pointing into the stack for thread: 0x00007fe4b8070800
R15=0x00007fe4b8070800 is a thread


Stack: [0x00007fe4bc7a8000,0x00007fe4bc8a9000],  sp=0x00007fe4bc8a7760,  free space=1021k
Native frames: (J=compiled Java code, j=interpreted, Vv=VM code, C=native code)
C  [libsimgrid.so+0x84646]  MSG_task_destroy+0x16
j  org.simgrid.msg.Task.finalize()V+1
j  java.lang.System$2.invokeFinalize(Ljava/lang/Object;)V+1
j  java.lang.ref.Finalizer.runFinalizer(Lsun/misc/JavaLangAccess;)V+46
j  java.lang.ref.Finalizer.access$100(Ljava/lang/ref/Finalizer;Lsun/misc/JavaLangAccess;)V+2
j  java.lang.ref.Finalizer$FinalizerThread.run()V+45
v  ~StubRoutines::call_stub
V  [libjvm.so+0x6020a5]  JavaCalls::call_helper(JavaValue*, methodHandle*, JavaCallArguments*, Thread*)+0x365
V  [libjvm.so+0x600b08]  JavaCalls::call(JavaValue*, methodHandle, JavaCallArguments*, Thread*)+0x28
V  [libjvm.so+0x600dd7]  JavaCalls::call_virtual(JavaValue*, KlassHandle, Symbol*, Symbol*, JavaCallArguments*, Thread*)+0x197
V  [libjvm.so+0x600ef7]  JavaCalls::call_virtual(JavaValue*, Handle, KlassHandle, Symbol*, Symbol*, Thread*)+0x47
V  [libjvm.so+0x67f8d5]  thread_entry(JavaThread*, Thread*)+0xe5
V  [libjvm.so+0x95bfff]  JavaThread::thread_main_inner()+0xdf
V  [libjvm.so+0x95c105]  JavaThread::run()+0xf5
V  [libjvm.so+0x8238c8]  java_start(Thread*)+0x108

Java frames: (J=compiled Java code, j=interpreted, Vv=VM code)
j  org.simgrid.msg.Task.nativeFinalize()V+0
j  org.simgrid.msg.Task.finalize()V+1
j  java.lang.System$2.invokeFinalize(Ljava/lang/Object;)V+1
j  java.lang.ref.Finalizer.runFinalizer(Lsun/misc/JavaLangAccess;)V+46
j  java.lang.ref.Finalizer.access$100(Ljava/lang/ref/Finalizer;Lsun/misc/JavaLangAccess;)V+2
j  java.lang.ref.Finalizer$FinalizerThread.run()V+45
v  ~StubRoutines::call_stub

---------------  P R O C E S S  ---------------

Java Threads: ( => current thread )
  0x00007fe470001000 JavaThread "Thread-4" [_thread_in_native, id=8552, stack(0x00007fe47cffa000,0x00007fe47d7fb000)]
  0x00007fe45c001000 JavaThread "Thread-7" [_thread_in_native, id=8551, stack(0x00007fe47d7fb000,0x00007fe47dffc000)]
  0x00007fe464001000 JavaThread "Thread-5" [_thread_in_native, id=8549, stack(0x00007fe47e7fd000,0x00007fe47effe000)]
  0x00007fe460001000 JavaThread "Thread-6" [_thread_in_native, id=8550, stack(0x00007fe47dffc000,0x00007fe47e7fd000)]
  0x00007fe46c001000 JavaThread "Thread-8" [_thread_in_native, id=8547, stack(0x00007fe47f7ff000,0x00007fe480000000)]
  0x00007fe468001000 JavaThread "Thread-3" [_thread_in_native, id=8548, stack(0x00007fe47effe000,0x00007fe47f7ff000)]
  0x00007fe474001000 JavaThread "Thread-2" [_thread_in_native, id=8546, stack(0x00007fe4a4696000,0x00007fe4a4e97000)]
  0x00007fe478001000 JavaThread "Thread-1" [_thread_in_native, id=8545, stack(0x00007fe4a4e97000,0x00007fe4a5698000)]
  0x00007fe4b8099000 JavaThread "Service Thread" daemon [_thread_blocked, id=8543, stack(0x00007fe4b4bfc000,0x00007fe4b4cfd000)]
  0x00007fe4b8096800 JavaThread "C2 CompilerThread1" daemon [_thread_in_native, id=8542, stack(0x00007fe4b4cfd000,0x00007fe4b4dfe000)]
  0x00007fe4b8093800 JavaThread "C2 CompilerThread0" daemon [_thread_blocked, id=8541, stack(0x00007fe4b4dfe000,0x00007fe4b4eff000)]
  0x00007fe4b8091800 JavaThread "Signal Dispatcher" daemon [_thread_blocked, id=8540, stack(0x00007fe4b4eff000,0x00007fe4b5000000)]
=>0x00007fe4b8070800 JavaThread "Finalizer" daemon [_thread_in_native, id=8539, stack(0x00007fe4bc7a8000,0x00007fe4bc8a9000)]
  0x00007fe4b806e000 JavaThread "Reference Handler" daemon [_thread_blocked, id=8538, stack(0x00007fe4bc8a9000,0x00007fe4bc9aa000)]
  0x00007fe4b8009800 JavaThread "main" [_thread_in_native, id=8532, stack(0x00007fe4c13ed000,0x00007fe4c14ee000)]

Other Threads:
  0x00007fe4b806a000 VMThread [stack: 0x00007fe4bc9aa000,0x00007fe4bcaab000] [id=8537]
  0x00007fe4b80ac000 WatcherThread [stack: 0x00007fe4b4afb000,0x00007fe4b4bfc000] [id=8544]

VM state:not at safepoint (normal execution)

VM Mutex/Monitor currently owned by a thread: None

Heap
 PSYoungGen      total 17920K, used 4394K [0x00000000ec400000, 0x00000000ed800000, 0x0000000100000000)
  eden space 15360K, 11% used [0x00000000ec400000,0x00000000ec5caa20,0x00000000ed300000)
  from space 2560K, 100% used [0x00000000ed300000,0x00000000ed580000,0x00000000ed580000)
  to   space 2560K, 0% used [0x00000000ed580000,0x00000000ed580000,0x00000000ed800000)
 ParOldGen       total 40448K, used 360K [0x00000000c4c00000, 0x00000000c7380000, 0x00000000ec400000)
  object space 40448K, 0% used [0x00000000c4c00000,0x00000000c4c5a000,0x00000000c7380000)
 PSPermGen       total 21504K, used 3589K [0x00000000bfa00000, 0x00000000c0f00000, 0x00000000c4c00000)
  object space 21504K, 16% used [0x00000000bfa00000,0x00000000bfd81710,0x00000000c0f00000)

Card table byte_map: [0x00007fe4be4cf000,0x00007fe4be6d3000] byte_map_base: 0x00007fe4bded2000

Polling page: 0x00007fe4c150a000

Code Cache  [0x00007fe4b5000000, 0x00007fe4b5270000, 0x00007fe4b8000000)
 total_blobs=271 nmethods=65 adapters=160 free_code_cache=48672Kb largest_free_block=49824256

Compilation events (10 events):
Event: 2.930 Thread 0x00007fe4b8093800 nmethod 60 0x00007fe4b5074110 code [0x00007fe4b5074260, 0x00007fe4b5074368]
Event: 2.930 Thread 0x00007fe4b8093800   61             java.util.regex.Matcher::find (69 bytes)
Event: 2.935 Thread 0x00007fe4b8093800 nmethod 61 0x00007fe4b5075b50 code [0x00007fe4b5075cc0, 0x00007fe4b5075fb8]
Event: 2.938 Thread 0x00007fe4b8096800   62 % !         vcube.Node::main @ 39 (1397 bytes)
Event: 3.032 Thread 0x00007fe4b8093800   63             sun.misc.VM::addFinalRefCount (24 bytes)
Event: 3.033 Thread 0x00007fe4b8093800 nmethod 63 0x00007fe4b5073f10 code [0x00007fe4b5074040, 0x00007fe4b50740b8]
Event: 3.038 Thread 0x00007fe4b8093800   64             java.lang.ref.Reference::access$100 (4 bytes)
Event: 3.038 Thread 0x00007fe4b8093800 nmethod 64 0x00007fe4b5075550 code [0x00007fe4b5075680, 0x00007fe4b50756d8]
Event: 3.038 Thread 0x00007fe4b8093800   66   !         java.lang.ref.ReferenceQueue::enqueue (104 bytes)
Event: 3.044 Thread 0x00007fe4b8093800 nmethod 66 0x00007fe4b5079450 code [0x00007fe4b50795c0, 0x00007fe4b5079d48]

GC Heap History (2 events):
Event: 3.009 GC heap before
{Heap before GC invocations=1 (full 0):
 PSYoungGen      total 17920K, used 15360K [0x00000000ec400000, 0x00000000ed800000, 0x0000000100000000)
  eden space 15360K, 100% used [0x00000000ec400000,0x00000000ed300000,0x00000000ed300000)
  from space 2560K, 0% used [0x00000000ed580000,0x00000000ed580000,0x00000000ed800000)
  to   space 2560K, 0% used [0x00000000ed300000,0x00000000ed300000,0x00000000ed580000)
 ParOldGen       total 40448K, used 0K [0x00000000c4c00000, 0x00000000c7380000, 0x00000000ec400000)
  object space 40448K, 0% used [0x00000000c4c00000,0x00000000c4c00000,0x00000000c7380000)
 PSPermGen       total 21504K, used 3584K [0x00000000bfa00000, 0x00000000c0f00000, 0x00000000c4c00000)
  object space 21504K, 16% used [0x00000000bfa00000,0x00000000bfd80248,0x00000000c0f00000)
Event: 3.020 GC heap after
Heap after GC invocations=1 (full 0):
 PSYoungGen      total 17920K, used 2560K [0x00000000ec400000, 0x00000000ed800000, 0x0000000100000000)
  eden space 15360K, 0% used [0x00000000ec400000,0x00000000ec400000,0x00000000ed300000)
  from space 2560K, 100% used [0x00000000ed300000,0x00000000ed580000,0x00000000ed580000)
  to   space 2560K, 0% used [0x00000000ed580000,0x00000000ed580000,0x00000000ed800000)
 ParOldGen       total 40448K, used 360K [0x00000000c4c00000, 0x00000000c7380000, 0x00000000ec400000)
  object space 40448K, 0% used [0x00000000c4c00000,0x00000000c4c5a000,0x00000000c7380000)
 PSPermGen       total 21504K, used 3584K [0x00000000bfa00000, 0x00000000c0f00000, 0x00000000c4c00000)
  object space 21504K, 16% used [0x00000000bfa00000,0x00000000bfd80248,0x00000000c0f00000)
}

Deoptimization events (1 events):
Event: 3.032 Thread 0x00007fe4b8070800 Uncommon trap: reason=unstable_if action=reinterpret pc=0x00007fe4b50787f0 method=java.lang.ref.Reference.<init>(Ljava/lang/Object;Ljava/lang/ref/ReferenceQueue;)V @ 11

Internal exceptions (10 events):
Event: 3.006 Thread 0x00007fe464001000 Threw 0x00000000ed271c10 at /HUDSON/workspace/7u-2-build-linux-amd64/jdk7u80/2329/hotspot/src/share/vm/prims/jni.cpp:743
Event: 3.006 Thread 0x00007fe470001000 Threw 0x00000000ed17f2a0 at /HUDSON/workspace/7u-2-build-linux-amd64/jdk7u80/2329/hotspot/src/share/vm/prims/jni.cpp:743
Event: 3.007 Thread 0x00007fe474001000 Threw 0x00000000ed1c6930 at /HUDSON/workspace/7u-2-build-linux-amd64/jdk7u80/2329/hotspot/src/share/vm/prims/jni.cpp:743
Event: 3.007 Thread 0x00007fe46c001000 Threw 0x00000000ed134130 at /HUDSON/workspace/7u-2-build-linux-amd64/jdk7u80/2329/hotspot/src/share/vm/prims/jni.cpp:743
Event: 3.008 Thread 0x00007fe464001000 Threw 0x00000000ed272ec8 at /HUDSON/workspace/7u-2-build-linux-amd64/jdk7u80/2329/hotspot/src/share/vm/prims/jni.cpp:743
Event: 3.008 Thread 0x00007fe470001000 Threw 0x00000000ed180558 at /HUDSON/workspace/7u-2-build-linux-amd64/jdk7u80/2329/hotspot/src/share/vm/prims/jni.cpp:743
Event: 3.029 Thread 0x00007fe474001000 Threw 0x00000000ec452f90 at /HUDSON/workspace/7u-2-build-linux-amd64/jdk7u80/2329/hotspot/src/share/vm/prims/jni.cpp:743
Event: 3.030 Thread 0x00007fe46c001000 Threw 0x00000000ec47ec10 at /HUDSON/workspace/7u-2-build-linux-amd64/jdk7u80/2329/hotspot/src/share/vm/prims/jni.cpp:743
Event: 3.046 Thread 0x00007fe464001000 Threw 0x00000000ec59b028 at /HUDSON/workspace/7u-2-build-linux-amd64/jdk7u80/2329/hotspot/src/share/vm/prims/jni.cpp:743
Event: 3.050 Thread 0x00007fe470001000 Threw 0x00000000ec400840 at /HUDSON/workspace/7u-2-build-linux-amd64/jdk7u80/2329/hotspot/src/share/vm/prims/jni.cpp:743

Events (10 events):
Event: 1.868 loading class 0x00007fe4bdd0f5c0 done
Event: 1.868 loading class 0x00007fe488016b70
Event: 1.868 loading class 0x00007fe4bdd07c90
Event: 1.868 loading class 0x00007fe4bdd07c90 done
Event: 1.868 loading class 0x00007fe488016b70 done
Event: 3.009 Executing VM operation: ParallelGCFailedAllocation
Event: 3.020 Executing VM operation: ParallelGCFailedAllocation done
Event: 3.032 Thread 0x00007fe4b8070800 Uncommon trap: trap_request=0xffffff75 fr.pc=0x00007fe4b50787f0
Event: 3.032 Thread 0x00007fe4b8070800 DEOPT PACKING pc=0x00007fe4b50787f0 sp=0x00007fe4bc8a7560
Event: 3.032 Thread 0x00007fe4b8070800 DEOPT UNPACKING pc=0x00007fe4b5039445 sp=0x00007fe4bc8a7520 mode 2


Dynamic libraries:
00400000-00401000 r-xp 00000000 08:07 663942                             /home/elixandre/jdk1.7.0_80/bin/java
00600000-00601000 rw-p 00000000 08:07 663942                             /home/elixandre/jdk1.7.0_80/bin/java
00b9b000-00bbc000 rw-p 00000000 00:00 0                                  [heap]
bfa00000-c0f00000 rw-p 00000000 00:00 0 
c0f00000-c4c00000 rw-p 00000000 00:00 0 
c4c00000-c7380000 rw-p 00000000 00:00 0 
c7380000-ec400000 rw-p 00000000 00:00 0 
ec400000-ed800000 rw-p 00000000 00:00 0 
ed800000-100000000 rw-p 00000000 00:00 0 
7fe45c000000-7fe45c203000 rw-p 00000000 00:00 0 
7fe45c203000-7fe460000000 ---p 00000000 00:00 0 
7fe460000000-7fe4601c0000 rw-p 00000000 00:00 0 
7fe4601c0000-7fe464000000 ---p 00000000 00:00 0 
7fe464000000-7fe46422e000 rw-p 00000000 00:00 0 
7fe46422e000-7fe468000000 ---p 00000000 00:00 0 
7fe468000000-7fe4681f9000 rw-p 00000000 00:00 0 
7fe4681f9000-7fe46c000000 ---p 00000000 00:00 0 
7fe46c000000-7fe46c223000 rw-p 00000000 00:00 0 
7fe46c223000-7fe470000000 ---p 00000000 00:00 0 
7fe470000000-7fe4701e6000 rw-p 00000000 00:00 0 
7fe4701e6000-7fe474000000 ---p 00000000 00:00 0 
7fe474000000-7fe4741c3000 rw-p 00000000 00:00 0 
7fe4741c3000-7fe478000000 ---p 00000000 00:00 0 
7fe478000000-7fe478236000 rw-p 00000000 00:00 0 
7fe478236000-7fe47c000000 ---p 00000000 00:00 0 
7fe47cffa000-7fe47cffd000 ---p 00000000 00:00 0 
7fe47cffd000-7fe47d7fb000 rw-p 00000000 00:00 0 
7fe47d7fb000-7fe47d7fe000 ---p 00000000 00:00 0 
7fe47d7fe000-7fe47dffc000 rw-p 00000000 00:00 0 
7fe47dffc000-7fe47dfff000 ---p 00000000 00:00 0 
7fe47dfff000-7fe47e7fd000 rw-p 00000000 00:00 0 
7fe47e7fd000-7fe47e800000 ---p 00000000 00:00 0 
7fe47e800000-7fe47effe000 rw-p 00000000 00:00 0 
7fe47effe000-7fe47f001000 ---p 00000000 00:00 0 
7fe47f001000-7fe47f7ff000 rw-p 00000000 00:00 0 
7fe47f7ff000-7fe47f802000 ---p 00000000 00:00 0 
7fe47f802000-7fe480000000 rw-p 00000000 00:00 0 
7fe480000000-7fe480021000 rw-p 00000000 00:00 0 
7fe480021000-7fe484000000 ---p 00000000 00:00 0 
7fe484000000-7fe484021000 rw-p 00000000 00:00 0 
7fe484021000-7fe488000000 ---p 00000000 00:00 0 
7fe488000000-7fe4881be000 rw-p 00000000 00:00 0 
7fe4881be000-7fe48c000000 ---p 00000000 00:00 0 
7fe48c000000-7fe48c6db000 rw-p 00000000 00:00 0 
7fe48c6db000-7fe490000000 ---p 00000000 00:00 0 
7fe490000000-7fe4900f3000 rw-p 00000000 00:00 0 
7fe4900f3000-7fe494000000 ---p 00000000 00:00 0 
7fe494000000-7fe494021000 rw-p 00000000 00:00 0 
7fe494021000-7fe498000000 ---p 00000000 00:00 0 
7fe498000000-7fe498021000 rw-p 00000000 00:00 0 
7fe498021000-7fe49c000000 ---p 00000000 00:00 0 
7fe49c000000-7fe49c021000 rw-p 00000000 00:00 0 
7fe49c021000-7fe4a0000000 ---p 00000000 00:00 0 
7fe4a0000000-7fe4a0021000 rw-p 00000000 00:00 0 
7fe4a0021000-7fe4a4000000 ---p 00000000 00:00 0 
7fe4a4529000-7fe4a4696000 rw-p 00000000 00:00 0 
7fe4a4696000-7fe4a4699000 ---p 00000000 00:00 0 
7fe4a4699000-7fe4a4e97000 rw-p 00000000 00:00 0 
7fe4a4e97000-7fe4a4e9a000 ---p 00000000 00:00 0 
7fe4a4e9a000-7fe4a5698000 rw-p 00000000 00:00 0 
7fe4a5698000-7fe4a56b0000 r-xp 00000000 08:07 544905                     /tmp/simgrid-java6639036975347115922/libsimgrid-java.so
7fe4a56b0000-7fe4a58b0000 ---p 00018000 08:07 544905                     /tmp/simgrid-java6639036975347115922/libsimgrid-java.so
7fe4a58b0000-7fe4a58b1000 rw-p 00018000 08:07 544905                     /tmp/simgrid-java6639036975347115922/libsimgrid-java.so
7fe4a58b1000-7fe4a58c7000 r-xp 00000000 08:07 528568                     /lib/x86_64-linux-gnu/libgcc_s.so.1
7fe4a58c7000-7fe4a5ac6000 ---p 00016000 08:07 528568                     /lib/x86_64-linux-gnu/libgcc_s.so.1
7fe4a5ac6000-7fe4a5ac7000 r--p 00015000 08:07 528568                     /lib/x86_64-linux-gnu/libgcc_s.so.1
7fe4a5ac7000-7fe4a5ac8000 rw-p 00016000 08:07 528568                     /lib/x86_64-linux-gnu/libgcc_s.so.1
7fe4a5ac8000-7fe4a5d8d000 r-xp 00000000 08:07 544904                     /tmp/simgrid-java6639036975347115922/libsimgrid.so
7fe4a5d8d000-7fe4a5f8d000 ---p 002c5000 08:07 544904                     /tmp/simgrid-java6639036975347115922/libsimgrid.so
7fe4a5f8d000-7fe4a5fc8000 rw-p 002c5000 08:07 544904                     /tmp/simgrid-java6639036975347115922/libsimgrid.so
7fe4a5fc8000-7fe4a8000000 rw-p 00000000 00:00 0 
7fe4a8000000-7fe4a8021000 rw-p 00000000 00:00 0 
7fe4a8021000-7fe4ac000000 ---p 00000000 00:00 0 
7fe4ac000000-7fe4ac021000 rw-p 00000000 00:00 0 
7fe4ac021000-7fe4b0000000 ---p 00000000 00:00 0 
7fe4b0000000-7fe4b0021000 rw-p 00000000 00:00 0 
7fe4b0021000-7fe4b4000000 ---p 00000000 00:00 0 
7fe4b4050000-7fe4b41c3000 r-xp 00000000 08:07 1059329                    /usr/lib/x86_64-linux-gnu/libstdc++.so.6.0.21
7fe4b41c3000-7fe4b43c2000 ---p 00173000 08:07 1059329                    /usr/lib/x86_64-linux-gnu/libstdc++.so.6.0.21
7fe4b43c2000-7fe4b43cc000 r--p 00172000 08:07 1059329                    /usr/lib/x86_64-linux-gnu/libstdc++.so.6.0.21
7fe4b43cc000-7fe4b43ce000 rw-p 0017c000 08:07 1059329                    /usr/lib/x86_64-linux-gnu/libstdc++.so.6.0.21
7fe4b43ce000-7fe4b46d3000 rw-p 00000000 00:00 0 
7fe4b46d3000-7fe4b46ea000 r-xp 00000000 08:07 663689                     /home/elixandre/jdk1.7.0_80/jre/lib/amd64/libnet.so
7fe4b46ea000-7fe4b48e9000 ---p 00017000 08:07 663689                     /home/elixandre/jdk1.7.0_80/jre/lib/amd64/libnet.so
7fe4b48e9000-7fe4b48ea000 rw-p 00016000 08:07 663689                     /home/elixandre/jdk1.7.0_80/jre/lib/amd64/libnet.so
7fe4b48ea000-7fe4b48fa000 r-xp 00000000 08:07 663688                     /home/elixandre/jdk1.7.0_80/jre/lib/amd64/libnio.so
7fe4b48fa000-7fe4b4afa000 ---p 00010000 08:07 663688                     /home/elixandre/jdk1.7.0_80/jre/lib/amd64/libnio.so
7fe4b4afa000-7fe4b4afb000 rw-p 00010000 08:07 663688                     /home/elixandre/jdk1.7.0_80/jre/lib/amd64/libnio.so
7fe4b4afb000-7fe4b4afc000 ---p 00000000 00:00 0 
7fe4b4afc000-7fe4b4bfc000 rw-p 00000000 00:00 0 
7fe4b4bfc000-7fe4b4bff000 ---p 00000000 00:00 0 
7fe4b4bff000-7fe4b4cfd000 rw-p 00000000 00:00 0 
7fe4b4cfd000-7fe4b4d00000 ---p 00000000 00:00 0 
7fe4b4d00000-7fe4b4dfe000 rw-p 00000000 00:00 0 
7fe4b4dfe000-7fe4b4e01000 ---p 00000000 00:00 0 
7fe4b4e01000-7fe4b4eff000 rw-p 00000000 00:00 0 
7fe4b4eff000-7fe4b4f02000 ---p 00000000 00:00 0 
7fe4b4f02000-7fe4b5000000 rw-p 00000000 00:00 0 
7fe4b5000000-7fe4b5270000 rwxp 00000000 00:00 0 
7fe4b5270000-7fe4b83eb000 rw-p 00000000 00:00 0 
7fe4b83eb000-7fe4bc000000 ---p 00000000 00:00 0 
7fe4bc0c5000-7fe4bc7a8000 r--p 00000000 08:07 1055607                    /usr/lib/locale/locale-archive
7fe4bc7a8000-7fe4bc7ab000 ---p 00000000 00:00 0 
7fe4bc7ab000-7fe4bc8a9000 rw-p 00000000 00:00 0 
7fe4bc8a9000-7fe4bc8ac000 ---p 00000000 00:00 0 
7fe4bc8ac000-7fe4bc9aa000 rw-p 00000000 00:00 0 
7fe4bc9aa000-7fe4bc9ab000 ---p 00000000 00:00 0 
7fe4bc9ab000-7fe4bdaaa000 rw-p 00000000 00:00 0 
7fe4bdaaa000-7fe4bdc6a000 r--s 039fb000 08:07 663892                     /home/elixandre/jdk1.7.0_80/jre/lib/rt.jar
7fe4bdc6a000-7fe4bdf66000 rw-p 00000000 00:00 0 
7fe4bdf66000-7fe4bdf67000 ---p 00000000 00:00 0 
7fe4bdf67000-7fe4be067000 rw-p 00000000 00:00 0 
7fe4be067000-7fe4be068000 ---p 00000000 00:00 0 
7fe4be068000-7fe4be168000 rw-p 00000000 00:00 0 
7fe4be168000-7fe4be169000 ---p 00000000 00:00 0 
7fe4be169000-7fe4be269000 rw-p 00000000 00:00 0 
7fe4be269000-7fe4be26a000 ---p 00000000 00:00 0 
7fe4be26a000-7fe4be375000 rw-p 00000000 00:00 0 
7fe4be375000-7fe4be393000 rw-p 00000000 00:00 0 
7fe4be393000-7fe4be3a7000 rw-p 00000000 00:00 0 
7fe4be3a7000-7fe4be4cf000 rw-p 00000000 00:00 0 
7fe4be4cf000-7fe4be4da000 rw-p 00000000 00:00 0 
7fe4be4da000-7fe4be4f8000 rw-p 00000000 00:00 0 
7fe4be4f8000-7fe4be50c000 rw-p 00000000 00:00 0 
7fe4be50c000-7fe4be634000 rw-p 00000000 00:00 0 
7fe4be634000-7fe4be63e000 rw-p 00000000 00:00 0 
7fe4be63e000-7fe4be6d2000 rw-p 00000000 00:00 0 
7fe4be6d2000-7fe4be6d3000 rw-p 00000000 00:00 0 
7fe4be6d3000-7fe4be6ea000 r-xp 00000000 08:07 663687                     /home/elixandre/jdk1.7.0_80/jre/lib/amd64/libzip.so
7fe4be6ea000-7fe4be8ea000 ---p 00017000 08:07 663687                     /home/elixandre/jdk1.7.0_80/jre/lib/amd64/libzip.so
7fe4be8ea000-7fe4be8eb000 rw-p 00017000 08:07 663687                     /home/elixandre/jdk1.7.0_80/jre/lib/amd64/libzip.so
7fe4be8eb000-7fe4be8f5000 r-xp 00000000 08:07 529521                     /lib/x86_64-linux-gnu/libnss_files-2.21.so
7fe4be8f5000-7fe4beaf5000 ---p 0000a000 08:07 529521                     /lib/x86_64-linux-gnu/libnss_files-2.21.so
7fe4beaf5000-7fe4beaf6000 r--p 0000a000 08:07 529521                     /lib/x86_64-linux-gnu/libnss_files-2.21.so
7fe4beaf6000-7fe4beaf7000 rw-p 0000b000 08:07 529521                     /lib/x86_64-linux-gnu/libnss_files-2.21.so
7fe4beaf7000-7fe4beb02000 r-xp 00000000 08:07 529535                     /lib/x86_64-linux-gnu/libnss_nis-2.21.so
7fe4beb02000-7fe4bed01000 ---p 0000b000 08:07 529535                     /lib/x86_64-linux-gnu/libnss_nis-2.21.so
7fe4bed01000-7fe4bed02000 r--p 0000a000 08:07 529535                     /lib/x86_64-linux-gnu/libnss_nis-2.21.so
7fe4bed02000-7fe4bed03000 rw-p 0000b000 08:07 529535                     /lib/x86_64-linux-gnu/libnss_nis-2.21.so
7fe4bed03000-7fe4bed1a000 r-xp 00000000 08:07 529538                     /lib/x86_64-linux-gnu/libnsl-2.21.so
7fe4bed1a000-7fe4bef19000 ---p 00017000 08:07 529538                     /lib/x86_64-linux-gnu/libnsl-2.21.so
7fe4bef19000-7fe4bef1a000 r--p 00016000 08:07 529538                     /lib/x86_64-linux-gnu/libnsl-2.21.so
7fe4bef1a000-7fe4bef1b000 rw-p 00017000 08:07 529538                     /lib/x86_64-linux-gnu/libnsl-2.21.so
7fe4bef1b000-7fe4bef1d000 rw-p 00000000 00:00 0 
7fe4bef1d000-7fe4bef25000 r-xp 00000000 08:07 529523                     /lib/x86_64-linux-gnu/libnss_compat-2.21.so
7fe4bef25000-7fe4bf124000 ---p 00008000 08:07 529523                     /lib/x86_64-linux-gnu/libnss_compat-2.21.so
7fe4bf124000-7fe4bf125000 r--p 00007000 08:07 529523                     /lib/x86_64-linux-gnu/libnss_compat-2.21.so
7fe4bf125000-7fe4bf126000 rw-p 00008000 08:07 529523                     /lib/x86_64-linux-gnu/libnss_compat-2.21.so
7fe4bf126000-7fe4bf14f000 r-xp 00000000 08:07 663623                     /home/elixandre/jdk1.7.0_80/jre/lib/amd64/libjava.so
7fe4bf14f000-7fe4bf34f000 ---p 00029000 08:07 663623                     /home/elixandre/jdk1.7.0_80/jre/lib/amd64/libjava.so
7fe4bf34f000-7fe4bf351000 rw-p 00029000 08:07 663623                     /home/elixandre/jdk1.7.0_80/jre/lib/amd64/libjava.so
7fe4bf351000-7fe4bf35e000 r-xp 00000000 08:07 663501                     /home/elixandre/jdk1.7.0_80/jre/lib/amd64/libverify.so
7fe4bf35e000-7fe4bf55d000 ---p 0000d000 08:07 663501                     /home/elixandre/jdk1.7.0_80/jre/lib/amd64/libverify.so
7fe4bf55d000-7fe4bf55f000 rw-p 0000c000 08:07 663501                     /home/elixandre/jdk1.7.0_80/jre/lib/amd64/libverify.so
7fe4bf55f000-7fe4bf566000 r-xp 00000000 08:07 529522                     /lib/x86_64-linux-gnu/librt-2.21.so
7fe4bf566000-7fe4bf765000 ---p 00007000 08:07 529522                     /lib/x86_64-linux-gnu/librt-2.21.so
7fe4bf765000-7fe4bf766000 r--p 00006000 08:07 529522                     /lib/x86_64-linux-gnu/librt-2.21.so
7fe4bf766000-7fe4bf767000 rw-p 00007000 08:07 529522                     /lib/x86_64-linux-gnu/librt-2.21.so
7fe4bf767000-7fe4bf86e000 r-xp 00000000 08:07 529524                     /lib/x86_64-linux-gnu/libm-2.21.so
7fe4bf86e000-7fe4bfa6d000 ---p 00107000 08:07 529524                     /lib/x86_64-linux-gnu/libm-2.21.so
7fe4bfa6d000-7fe4bfa6e000 r--p 00106000 08:07 529524                     /lib/x86_64-linux-gnu/libm-2.21.so
7fe4bfa6e000-7fe4bfa6f000 rw-p 00107000 08:07 529524                     /lib/x86_64-linux-gnu/libm-2.21.so
7fe4bfa6f000-7fe4c05e5000 r-xp 00000000 08:07 663273                     /home/elixandre/jdk1.7.0_80/jre/lib/amd64/server/libjvm.so
7fe4c05e5000-7fe4c07e4000 ---p 00b76000 08:07 663273                     /home/elixandre/jdk1.7.0_80/jre/lib/amd64/server/libjvm.so
7fe4c07e4000-7fe4c08a8000 rw-p 00b75000 08:07 663273                     /home/elixandre/jdk1.7.0_80/jre/lib/amd64/server/libjvm.so
7fe4c08a8000-7fe4c08e9000 rw-p 00000000 00:00 0 
7fe4c08e9000-7fe4c0aa9000 r-xp 00000000 08:07 529541                     /lib/x86_64-linux-gnu/libc-2.21.so
7fe4c0aa9000-7fe4c0ca9000 ---p 001c0000 08:07 529541                     /lib/x86_64-linux-gnu/libc-2.21.so
7fe4c0ca9000-7fe4c0cad000 r--p 001c0000 08:07 529541                     /lib/x86_64-linux-gnu/libc-2.21.so
7fe4c0cad000-7fe4c0caf000 rw-p 001c4000 08:07 529541                     /lib/x86_64-linux-gnu/libc-2.21.so
7fe4c0caf000-7fe4c0cb3000 rw-p 00000000 00:00 0 
7fe4c0cb3000-7fe4c0cb6000 r-xp 00000000 08:07 529528                     /lib/x86_64-linux-gnu/libdl-2.21.so
7fe4c0cb6000-7fe4c0eb5000 ---p 00003000 08:07 529528                     /lib/x86_64-linux-gnu/libdl-2.21.so
7fe4c0eb5000-7fe4c0eb6000 r--p 00002000 08:07 529528                     /lib/x86_64-linux-gnu/libdl-2.21.so
7fe4c0eb6000-7fe4c0eb7000 rw-p 00003000 08:07 529528                     /lib/x86_64-linux-gnu/libdl-2.21.so
7fe4c0eb7000-7fe4c0ecc000 r-xp 00000000 08:07 663695                     /home/elixandre/jdk1.7.0_80/lib/amd64/jli/libjli.so
7fe4c0ecc000-7fe4c10cb000 ---p 00015000 08:07 663695                     /home/elixandre/jdk1.7.0_80/lib/amd64/jli/libjli.so
7fe4c10cb000-7fe4c10cc000 rw-p 00014000 08:07 663695                     /home/elixandre/jdk1.7.0_80/lib/amd64/jli/libjli.so
7fe4c10cc000-7fe4c10e4000 r-xp 00000000 08:07 529525                     /lib/x86_64-linux-gnu/libpthread-2.21.so
7fe4c10e4000-7fe4c12e4000 ---p 00018000 08:07 529525                     /lib/x86_64-linux-gnu/libpthread-2.21.so
7fe4c12e4000-7fe4c12e5000 r--p 00018000 08:07 529525                     /lib/x86_64-linux-gnu/libpthread-2.21.so
7fe4c12e5000-7fe4c12e6000 rw-p 00019000 08:07 529525                     /lib/x86_64-linux-gnu/libpthread-2.21.so
7fe4c12e6000-7fe4c12ea000 rw-p 00000000 00:00 0 
7fe4c12ea000-7fe4c130e000 r-xp 00000000 08:07 529539                     /lib/x86_64-linux-gnu/ld-2.21.so
7fe4c1318000-7fe4c1337000 rw-p 00000000 00:00 0 
7fe4c1337000-7fe4c13ed000 rw-p 00000000 00:00 0 
7fe4c13ed000-7fe4c13f0000 ---p 00000000 00:00 0 
7fe4c13f0000-7fe4c14f2000 rw-p 00000000 00:00 0 
7fe4c14f9000-7fe4c14fa000 rw-p 00000000 00:00 0 
7fe4c14fa000-7fe4c14fe000 r--s 0008b000 08:07 663627                     /home/elixandre/jdk1.7.0_80/jre/lib/jsse.jar
7fe4c14fe000-7fe4c1501000 r--s 00f76000 08:07 542783                     /home/elixandre/Downloads/simgrid.jar
7fe4c1501000-7fe4c1509000 rw-s 00000000 08:07 544865                     /tmp/hsperfdata_elixandre/8527
7fe4c1509000-7fe4c150a000 rw-p 00000000 00:00 0 
7fe4c150a000-7fe4c150b000 r--p 00000000 00:00 0 
7fe4c150b000-7fe4c150d000 rw-p 00000000 00:00 0 
7fe4c150d000-7fe4c150e000 r--p 00023000 08:07 529539                     /lib/x86_64-linux-gnu/ld-2.21.so
7fe4c150e000-7fe4c150f000 rw-p 00024000 08:07 529539                     /lib/x86_64-linux-gnu/ld-2.21.so
7fe4c150f000-7fe4c1510000 rw-p 00000000 00:00 0 
7fffdbe76000-7fffdbe97000 rw-p 00000000 00:00 0                          [stack]
7fffdbfa0000-7fffdbfa2000 r--p 00000000 00:00 0                          [vvar]
7fffdbfa2000-7fffdbfa4000 r-xp 00000000 00:00 0                          [vdso]
ffffffffff600000-ffffffffff601000 r-xp 00000000 00:00 0                  [vsyscall]

VM Arguments:
jvm_args: -Dfile.encoding=UTF-8 
java_command: vcube.VCube platform.xml deployment.xml
Launcher Type: SUN_STANDARD

Environment Variables:
PATH=/usr/local/sbin:/usr/local/bin:/usr/sbin:/usr/bin:/sbin:/bin:/usr/games:/usr/local/games:/home/elixandre/.rvm/bin
LD_LIBRARY_PATH=/home/elixandre/jdk1.7.0_80/jre/lib/amd64:/home/elixandre/jdk1.7.0_80/jre/lib/i386:
SHELL=/bin/bash
DISPLAY=:0

Signal Handlers:
SIGSEGV: [libjvm.so+0x9a3b20], sa_mask[0]=0x7ffbfeff, sa_flags=0x10000004
SIGBUS: [libjvm.so+0x9a3b20], sa_mask[0]=0x7ffbfeff, sa_flags=0x10000004
SIGFPE: [libjvm.so+0x81e740], sa_mask[0]=0x7ffbfeff, sa_flags=0x10000004
SIGPIPE: [libjvm.so+0x81e740], sa_mask[0]=0x7ffbfeff, sa_flags=0x10000004
SIGXFSZ: [libjvm.so+0x81e740], sa_mask[0]=0x7ffbfeff, sa_flags=0x10000004
SIGILL: [libjvm.so+0x81e740], sa_mask[0]=0x7ffbfeff, sa_flags=0x10000004
SIGUSR1: SIG_DFL, sa_mask[0]=0x00000000, sa_flags=0x00000000
SIGUSR2: [libjvm.so+0x81ffb0], sa_mask[0]=0x00000004, sa_flags=0x10000004
SIGHUP: [libjvm.so+0x8210d0], sa_mask[0]=0x7ffbfeff, sa_flags=0x10000004
SIGINT: [libsimgrid.so+0x8ff50], sa_mask[0]=0x00000002, sa_flags=0x10000000
SIGTERM: [libjvm.so+0x8210d0], sa_mask[0]=0x7ffbfeff, sa_flags=0x10000004
SIGQUIT: [libjvm.so+0x8210d0], sa_mask[0]=0x7ffbfeff, sa_flags=0x10000004


---------------  S Y S T E M  ---------------

OS:jessie/sid

uname:Linux 4.2.0-42-generic #49-Ubuntu SMP Tue Jun 28 21:26:26 UTC 2016 x86_64
libc:glibc 2.21 NPTL 2.21 
rlimit: STACK 8192k, CORE 0k, NPROC 15009, NOFILE 65536, AS infinity
load average:0.30 0.22 0.24

/proc/meminfo:
MemTotal:        3879128 kB
MemFree:         1352436 kB
MemAvailable:    2122764 kB
Buffers:           60188 kB
Cached:           975320 kB
SwapCached:         7344 kB
Active:          1591168 kB
Inactive:         757752 kB
Active(anon):     889556 kB
Inactive(anon):   545616 kB
Active(file):     701612 kB
Inactive(file):   212136 kB
Unevictable:          32 kB
Mlocked:              32 kB
SwapTotal:        975868 kB
SwapFree:         898956 kB
Dirty:             12520 kB
Writeback:             0 kB
AnonPages:       1309396 kB
Mapped:           212620 kB
Shmem:            121756 kB
Slab:              83216 kB
SReclaimable:      51032 kB
SUnreclaim:        32184 kB
KernelStack:        9920 kB
PageTables:        32056 kB
NFS_Unstable:          0 kB
Bounce:                0 kB
WritebackTmp:          0 kB
CommitLimit:     2915432 kB
Committed_AS:    4850300 kB
VmallocTotal:   34359738367 kB
VmallocUsed:      347648 kB
VmallocChunk:   34358947836 kB
HardwareCorrupted:     0 kB
AnonHugePages:    964608 kB
CmaTotal:              0 kB
CmaFree:               0 kB
HugePages_Total:       0
HugePages_Free:        0
HugePages_Rsvd:        0
HugePages_Surp:        0
Hugepagesize:       2048 kB
DirectMap4k:      133880 kB
DirectMap2M:     3893248 kB


CPU:total 4 (2 cores per cpu, 2 threads per core) family 6 model 58 stepping 9, cmov, cx8, fxsr, mmx, sse, sse2, sse3, ssse3, sse4.1, sse4.2, popcnt, avx, erms, ht, tsc, tscinvbit, tscinv

/proc/cpuinfo:
processor	: 0
vendor_id	: GenuineIntel
cpu family	: 6
model		: 58
model name	: Intel(R) Core(TM) i7-3517U CPU @ 1.90GHz
stepping	: 9
microcode	: 0x12
cpu MHz		: 2812.031
cache size	: 4096 KB
physical id	: 0
siblings	: 4
core id		: 0
cpu cores	: 2
apicid		: 0
initial apicid	: 0
fpu		: yes
fpu_exception	: yes
cpuid level	: 13
wp		: yes
flags		: fpu vme de pse tsc msr pae mce cx8 apic sep mtrr pge mca cmov pat pse36 clflush dts acpi mmx fxsr sse sse2 ss ht tm pbe syscall nx rdtscp lm constant_tsc arch_perfmon pebs bts rep_good nopl xtopology nonstop_tsc aperfmperf eagerfpu pni pclmulqdq dtes64 monitor ds_cpl vmx est tm2 ssse3 cx16 xtpr pdcm pcid sse4_1 sse4_2 x2apic popcnt tsc_deadline_timer xsave avx f16c rdrand lahf_lm ida arat epb pln pts dtherm tpr_shadow vnmi flexpriority ept vpid fsgsbase smep erms xsaveopt
bugs		:
bogomips	: 4788.88
clflush size	: 64
cache_alignment	: 64
address sizes	: 36 bits physical, 48 bits virtual
power management:

processor	: 1
vendor_id	: GenuineIntel
cpu family	: 6
model		: 58
model name	: Intel(R) Core(TM) i7-3517U CPU @ 1.90GHz
stepping	: 9
microcode	: 0x12
cpu MHz		: 2799.937
cache size	: 4096 KB
physical id	: 0
siblings	: 4
core id		: 0
cpu cores	: 2
apicid		: 1
initial apicid	: 1
fpu		: yes
fpu_exception	: yes
cpuid level	: 13
wp		: yes
flags		: fpu vme de pse tsc msr pae mce cx8 apic sep mtrr pge mca cmov pat pse36 clflush dts acpi mmx fxsr sse sse2 ss ht tm pbe syscall nx rdtscp lm constant_tsc arch_perfmon pebs bts rep_good nopl xtopology nonstop_tsc aperfmperf eagerfpu pni pclmulqdq dtes64 monitor ds_cpl vmx est tm2 ssse3 cx16 xtpr pdcm pcid sse4_1 sse4_2 x2apic popcnt tsc_deadline_timer xsave avx f16c rdrand lahf_lm ida arat epb pln pts dtherm tpr_shadow vnmi flexpriority ept vpid fsgsbase smep erms xsaveopt
bugs		:
bogomips	: 4788.88
clflush size	: 64
cache_alignment	: 64
address sizes	: 36 bits physical, 48 bits virtual
power management:

processor	: 2
vendor_id	: GenuineIntel
cpu family	: 6
model		: 58
model name	: Intel(R) Core(TM) i7-3517U CPU @ 1.90GHz
stepping	: 9
microcode	: 0x12
cpu MHz		: 2799.937
cache size	: 4096 KB
physical id	: 0
siblings	: 4
core id		: 1
cpu cores	: 2
apicid		: 2
initial apicid	: 2
fpu		: yes
fpu_exception	: yes
cpuid level	: 13
wp		: yes
flags		: fpu vme de pse tsc msr pae mce cx8 apic sep mtrr pge mca cmov pat pse36 clflush dts acpi mmx fxsr sse sse2 ss ht tm pbe syscall nx rdtscp lm constant_tsc arch_perfmon pebs bts rep_good nopl xtopology nonstop_tsc aperfmperf eagerfpu pni pclmulqdq dtes64 monitor ds_cpl vmx est tm2 ssse3 cx16 xtpr pdcm pcid sse4_1 sse4_2 x2apic popcnt tsc_deadline_timer xsave avx f16c rdrand lahf_lm ida arat epb pln pts dtherm tpr_shadow vnmi flexpriority ept vpid fsgsbase smep erms xsaveopt
bugs		:
bogomips	: 4788.88
clflush size	: 64
cache_alignment	: 64
address sizes	: 36 bits physical, 48 bits virtual
power management:

processor	: 3
vendor_id	: GenuineIntel
cpu family	: 6
model		: 58
model name	: Intel(R) Core(TM) i7-3517U CPU @ 1.90GHz
stepping	: 9
microcode	: 0x12
cpu MHz		: 2799.937
cache size	: 4096 KB
physical id	: 0
siblings	: 4
core id		: 1
cpu cores	: 2
apicid		: 3
initial apicid	: 3
fpu		: yes
fpu_exception	: yes
cpuid level	: 13
wp		: yes
flags		: fpu vme de pse tsc msr pae mce cx8 apic sep mtrr pge mca cmov pat pse36 clflush dts acpi mmx fxsr sse sse2 ss ht tm pbe syscall nx rdtscp lm constant_tsc arch_perfmon pebs bts rep_good nopl xtopology nonstop_tsc aperfmperf eagerfpu pni pclmulqdq dtes64 monitor ds_cpl vmx est tm2 ssse3 cx16 xtpr pdcm pcid sse4_1 sse4_2 x2apic popcnt tsc_deadline_timer xsave avx f16c rdrand lahf_lm ida arat epb pln pts dtherm tpr_shadow vnmi flexpriority ept vpid fsgsbase smep erms xsaveopt
bugs		:
bogomips	: 4788.88
clflush size	: 64
cache_alignment	: 64
address sizes	: 36 bits physical, 48 bits virtual
power management:



Memory: 4k page, physical 3879128k(1352436k free), swap 975868k(898956k free)

vm_info: Java HotSpot(TM) 64-Bit Server VM (24.80-b11) for linux-amd64 JRE (1.7.0_80-b15), built on Apr 10 2015 19:53:14 by "java_re" with gcc 4.3.0 20080428 (Red Hat 4.3.0-8)

time: Mon May  1 16:59:32 2017
elapsed time: 3 seconds

