#
# A fatal error has been detected by the Java Runtime Environment:
#
#  SIGSEGV (0xb) at pc=0x00007f3b39f5276b, pid=7606, tid=139891931588352
#
# JRE version: Java(TM) SE Runtime Environment (7.0_80-b15) (build 1.7.0_80-b15)
# Java VM: Java HotSpot(TM) 64-Bit Server VM (24.80-b11 mixed mode linux-amd64 compressed oops)
# Problematic frame:
# C  [libc.so.6+0x8076b]  _IO_str_seekoff+0x299b
#
# Failed to write core dump. Core dumps have been disabled. To enable core dumping, try "ulimit -c unlimited" before starting Java again
#
# If you would like to submit a bug report, please visit:
#   http://bugreport.java.com/bugreport/crash.jsp
# The crash happened outside the Java Virtual Machine in native code.
# See problematic frame for where to report the bug.
#

---------------  T H R E A D  ---------------

Current thread (0x00007f3b34070800):  JavaThread "Finalizer" daemon [_thread_in_native, id=7617, stack(0x00007f3b20d3a000,0x00007f3b20e3b000)]

siginfo:si_signo=SIGSEGV: si_errno=0, si_code=1 (SEGV_MAPERR), si_addr=0x00007f3b5264b768

Registers:
RAX=0x00007f3ae03e2340, RBX=0x00007f3ae00344f0, RCX=0x00007f3b20e39900, RDX=0xffffffff8d9e8d90
RSP=0x00007f3b20e39790, RBP=0x0000000072617270, RSI=0x0000000000000001, RDI=0x0000000000000000
R8 =0x000000000076a7ba, R9 =0x0000000000000001, R10=0x0000000000000004, R11=0x00007f3b39ea7de8
R12=0x00007f3b5264b760, R13=0x00007f3ae0000020, R14=0x00000000bfbb6868, R15=0x00007f3b34070800
RIP=0x00007f3b39f5276b, EFLAGS=0x0000000000010202, CSGSFS=0x0000000000000033, ERR=0x0000000000000004
  TRAPNO=0x000000000000000e

Top of Stack: (sp=0x00007f3b20e39790)
0x00007f3b20e39790:   00000000000000ff 0000000000000000
0x00007f3b20e397a0:   0001d097894d0000 000001c8a7894900
0x00007f3b20e397b0:   0000000000000000 00007f3ad4034d20
0x00007f3b20e397c0:   00007f3afb8cace0 00007f3ad4034c90
0x00007f3b20e397d0:   00007f3b20e39978 0000000000000001
0x00007f3b20e397e0:   00007f3ad4034d20 00007f3b39f567ec
0x00007f3b20e397f0:   ffffffffffffffff ffffffffffffffff
0x00007f3b20e39800:   ffff0000000000ff 00007f3ae0034430
0x00007f3b20e39810:   00007f3afb8cace0 0000000000000000
0x00007f3b20e39820:   00007f3b20e39978 00000000bfbb6868
0x00007f3b20e39830:   00007f3b34070800 00007f3b39f567ec
0x00007f3b20e39840:   0000007f00000000 00007f3ad4034d20
0x00007f3b20e39850:   00007f3b20e398a0 00007f3ad4034c10
0x00007f3b20e39860:   00007f3afb8cace0 00007f3ae0034430
0x00007f3b20e39870:   00007f3afb8cace0 0000000000000000
0x00007f3b20e39880:   00007f3b20e39978 00007f3afb453683
0x00007f3b20e39890:   00000000ed308970 00007f3b34070800
0x00007f3b20e398a0:   00007f3b20e39908 00007f3b30be2058
0x00007f3b20e398b0:   00007f3b34070800 00000000bfbb6868
0x00007f3b20e398c0:   00007f3b20e39978 0000000000000000
0x00007f3b20e398d0:   00000000bfd6f538 00007f3afac28de7
0x00007f3b20e398e0:   00000000ed4f76b8 00000000bfbb67c8
0x00007f3b20e398f0:   00007f3b20e39940 00007f3b30c40046
0x00007f3b20e39900:   00000000ed526bf8 00007f3b20e39930
0x00007f3b20e39910:   00000000bfd6dea8 00000000ed52b078
0x00007f3b20e39920:   00000000ed32b8b0 00000000ed4fa140
0x00007f3b20e39930:   00007f3b20e39930 00000000bfa2d678
0x00007f3b20e39940:   00000000ed526bf8 00007f3b30c50054
0x00007f3b20e39950:   0000000000000003 00000000bfa2d688
0x00007f3b20e39960:   00007f3b20e399d8 00007f3b30be2706
0x00007f3b20e39970:   00007f3b30be2706 00000000ed526bf8
0x00007f3b20e39980:   00000000ed32b8b0 0000000000000009 

Instructions: (pc=0x00007f3b39f5276b)
0x00007f3b39f5274b:   4c 8d 24 2e c7 44 24 48 00 00 00 00 48 39 c6 0f
0x00007f3b39f5275b:   84 70 09 00 00 41 f6 45 04 02 0f 84 85 08 00 00
0x00007f3b39f5276b:   49 8b 44 24 08 a8 01 0f 84 98 08 00 00 49 89 c7
0x00007f3b39f5277b:   49 83 e7 f8 48 83 f8 10 0f 86 e7 06 00 00 4d 3b 

Register to memory mapping:

RAX=0x00007f3ae03e2340 is an unknown value
RBX=0x00007f3ae00344f0 is an unknown value
RCX=0x00007f3b20e39900 is pointing into the stack for thread: 0x00007f3b34070800
RDX=0xffffffff8d9e8d90 is an unknown value
RSP=0x00007f3b20e39790 is pointing into the stack for thread: 0x00007f3b34070800
RBP=0x0000000072617270 is an unknown value
RSI=0x0000000000000001 is an unknown value
RDI=0x0000000000000000 is an unknown value
R8 =0x000000000076a7ba is an unknown value
R9 =0x0000000000000001 is an unknown value
R10=0x0000000000000004 is an unknown value
R11=0x00007f3b39ea7de8: <offset 0xe4fde8> in /home/elixandre/jdk1.7.0_80/jre/lib/amd64/server/libjvm.so at 0x00007f3b39058000
R12=0x00007f3b5264b760 is an unknown value
R13=0x00007f3ae0000020 is an unknown value
R14=0x00000000bfbb6868 is an oop
{instance class} 
 - klass: {other class}
R15=0x00007f3b34070800 is a thread


Stack: [0x00007f3b20d3a000,0x00007f3b20e3b000],  sp=0x00007f3b20e39790,  free space=1021k
Native frames: (J=compiled Java code, j=interpreted, Vv=VM code, C=native code)
C  [libc.so.6+0x8076b]  _IO_str_seekoff+0x299b

[error occurred during error reporting (printing native stack), id 0xb]

Java frames: (J=compiled Java code, j=interpreted, Vv=VM code)
J 57  org.simgrid.msg.Task.nativeFinalize()V (0 bytes) @ 0x00007f3b30c3ffd8 [0x00007f3b30c3ffa0+0x38]
J 55 C2 java.lang.System$2.invokeFinalize(Ljava/lang/Object;)V (5 bytes) @ 0x00007f3b30c50054 [0x00007f3b30c50020+0x34]
j  java.lang.ref.Finalizer.runFinalizer(Lsun/misc/JavaLangAccess;)V+46
j  java.lang.ref.Finalizer.access$100(Ljava/lang/ref/Finalizer;Lsun/misc/JavaLangAccess;)V+2
j  java.lang.ref.Finalizer$FinalizerThread.run()V+45
v  ~StubRoutines::call_stub

---------------  P R O C E S S  ---------------

Java Threads: ( => current thread )
  0x00007f3acc001000 JavaThread "Thread-8" [_thread_in_native, id=7630, stack(0x00007f3af2ffe000,0x00007f3af37ff000)]
  0x00007f3ad4001000 JavaThread "Thread-7" [_thread_in_native, id=7626, stack(0x00007f3af941a000,0x00007f3af9c1b000)]
  0x00007f3ad8001000 JavaThread "Thread-6" [_thread_in_native, id=7629, stack(0x00007f3af37ff000,0x00007f3af4000000)]
  0x00007f3ae4001000 JavaThread "Thread-3" [_thread_in_native, id=7624, stack(0x00007f3af1c1b000,0x00007f3af241c000)]
  0x00007f3aec001000 JavaThread "Thread-5" [_thread_in_native, id=7625, stack(0x00007f3af9c1b000,0x00007f3afa41c000)]
  0x00007f3ae0001000 JavaThread "Thread-2" [_thread_in_native, id=7628, stack(0x00007f3af8418000,0x00007f3af8c19000)]
  0x00007f3adc001000 JavaThread "Thread-4" [_thread_in_native, id=7627, stack(0x00007f3af8c19000,0x00007f3af941a000)]
  0x00007f3af4001000 JavaThread "Thread-1" [_thread_in_native, id=7623, stack(0x00007f3afa41c000,0x00007f3afac1d000)]
  0x00007f3b34099000 JavaThread "Service Thread" daemon [_thread_blocked, id=7621, stack(0x00007f3b20253000,0x00007f3b20354000)]
  0x00007f3b34096800 JavaThread "C2 CompilerThread1" daemon [_thread_blocked, id=7620, stack(0x00007f3b20354000,0x00007f3b20455000)]
  0x00007f3b34093800 JavaThread "C2 CompilerThread0" daemon [_thread_blocked, id=7619, stack(0x00007f3b20455000,0x00007f3b20556000)]
  0x00007f3b34091800 JavaThread "Signal Dispatcher" daemon [_thread_blocked, id=7618, stack(0x00007f3b20556000,0x00007f3b20657000)]
=>0x00007f3b34070800 JavaThread "Finalizer" daemon [_thread_in_native, id=7617, stack(0x00007f3b20d3a000,0x00007f3b20e3b000)]
  0x00007f3b3406e000 JavaThread "Reference Handler" daemon [_thread_blocked, id=7616, stack(0x00007f3b20e3b000,0x00007f3b20f3c000)]
  0x00007f3b34009800 JavaThread "main" [_thread_in_native, id=7610, stack(0x00007f3b3a9d6000,0x00007f3b3aad7000)]

Other Threads:
  0x00007f3b3406a000 VMThread [stack: 0x00007f3b20f3c000,0x00007f3b2103d000] [id=7615]
  0x00007f3b340a4000 WatcherThread [stack: 0x00007f3b20152000,0x00007f3b20253000] [id=7622]

VM state:not at safepoint (normal execution)

VM Mutex/Monitor currently owned by a thread: None

Heap
 PSYoungGen      total 17920K, used 4359K [0x00000000ec400000, 0x00000000ed800000, 0x0000000100000000)
  eden space 15360K, 11% used [0x00000000ec400000,0x00000000ec5c9da0,0x00000000ed300000)
  from space 2560K, 98% used [0x00000000ed300000,0x00000000ed578020,0x00000000ed580000)
  to   space 2560K, 0% used [0x00000000ed580000,0x00000000ed580000,0x00000000ed800000)
 ParOldGen       total 40448K, used 8256K [0x00000000c4c00000, 0x00000000c7380000, 0x00000000ec400000)
  object space 40448K, 20% used [0x00000000c4c00000,0x00000000c5410020,0x00000000c7380000)
 PSPermGen       total 21504K, used 3555K [0x00000000bfa00000, 0x00000000c0f00000, 0x00000000c4c00000)
  object space 21504K, 16% used [0x00000000bfa00000,0x00000000bfd78de8,0x00000000c0f00000)

Card table byte_map: [0x00007f3b309d8000,0x00007f3b30bdc000] byte_map_base: 0x00007f3b303db000

Polling page: 0x00007f3b3aaf3000

Code Cache  [0x00007f3b30bdc000, 0x00007f3b30e4c000, 0x00007f3b33bdc000)
 total_blobs=264 nmethods=59 adapters=159 free_code_cache=48650Kb largest_free_block=49786112

Compilation events (10 events):
Event: 3.933 Thread 0x00007f3b34096800   54   !         java.lang.ref.Finalizer::remove (94 bytes)
Event: 3.934 Thread 0x00007f3b34093800 nmethod 52 0x00007f3b30c4e490 code [0x00007f3b30c4e620, 0x00007f3b30c4ec78]
Event: 3.934 Thread 0x00007f3b34093800   55             java.lang.System$2::invokeFinalize (5 bytes)
Event: 3.935 Thread 0x00007f3b34093800 nmethod 55 0x00007f3b30c4fed0 code [0x00007f3b30c50020, 0x00007f3b30c500f8]
Event: 3.935 Thread 0x00007f3b34093800   56   !         org.simgrid.msg.Task::finalize (18 bytes)
Event: 3.936 Thread 0x00007f3b34096800 nmethod 54 0x00007f3b30c4c510 code [0x00007f3b30c4c660, 0x00007f3b30c4c958]
Event: 3.936 Thread 0x00007f3b34096800   58             java.lang.ref.Reference::clear (6 bytes)
Event: 3.936 Thread 0x00007f3b34096800 nmethod 58 0x00007f3b30c4fc90 code [0x00007f3b30c4fdc0, 0x00007f3b30c4fe18]
Event: 3.936 Thread 0x00007f3b34096800   59 % !         java.lang.ref.Finalizer$FinalizerThread::run @ 33 (55 bytes)
Event: 3.936 Thread 0x00007f3b34093800 nmethod 56 0x00007f3b30c4ccd0 code [0x00007f3b30c4ce20, 0x00007f3b30c4ceb8]

GC Heap History (2 events):
Event: 3.845 GC heap before
{Heap before GC invocations=1 (full 0):
 PSYoungGen      total 17920K, used 15360K [0x00000000ec400000, 0x00000000ed800000, 0x0000000100000000)
  eden space 15360K, 100% used [0x00000000ec400000,0x00000000ed300000,0x00000000ed300000)
  from space 2560K, 0% used [0x00000000ed580000,0x00000000ed580000,0x00000000ed800000)
  to   space 2560K, 0% used [0x00000000ed300000,0x00000000ed300000,0x00000000ed580000)
 ParOldGen       total 40448K, used 0K [0x00000000c4c00000, 0x00000000c7380000, 0x00000000ec400000)
  object space 40448K, 0% used [0x00000000c4c00000,0x00000000c4c00000,0x00000000c7380000)
 PSPermGen       total 21504K, used 3550K [0x00000000bfa00000, 0x00000000c0f00000, 0x00000000c4c00000)
  object space 21504K, 16% used [0x00000000bfa00000,0x00000000bfd77920,0x00000000c0f00000)
Event: 3.873 GC heap after
Heap after GC invocations=1 (full 0):
 PSYoungGen      total 17920K, used 2528K [0x00000000ec400000, 0x00000000ed800000, 0x0000000100000000)
  eden space 15360K, 0% used [0x00000000ec400000,0x00000000ec400000,0x00000000ed300000)
  from space 2560K, 98% used [0x00000000ed300000,0x00000000ed578020,0x00000000ed580000)
  to   space 2560K, 0% used [0x00000000ed580000,0x00000000ed580000,0x00000000ed800000)
 ParOldGen       total 40448K, used 8256K [0x00000000c4c00000, 0x00000000c7380000, 0x00000000ec400000)
  object space 40448K, 20% used [0x00000000c4c00000,0x00000000c5410020,0x00000000c7380000)
 PSPermGen       total 21504K, used 3550K [0x00000000bfa00000, 0x00000000c0f00000, 0x00000000c4c00000)
  object space 21504K, 16% used [0x00000000bfa00000,0x00000000bfd77920,0x00000000c0f00000)
}

Deoptimization events (7 events):
Event: 3.909 Thread 0x00007f3b3406e000 Uncommon trap: reason=unstable_if action=reinterpret pc=0x00007f3b30c51e4c method=java.lang.ref.Reference$ReferenceHandler.run()V @ 23
Event: 3.935 Thread 0x00007f3b34070800 Uncommon trap: reason=class_check action=maybe_recompile pc=0x00007f3b30c4f6c0 method=java.lang.System$2.invokeFinalize(Ljava/lang/Object;)V @ 1
Event: 3.935 Thread 0x00007f3b34070800 Uncommon trap: reason=class_check action=maybe_recompile pc=0x00007f3b30c4f6c0 method=java.lang.System$2.invokeFinalize(Ljava/lang/Object;)V @ 1
Event: 3.935 Thread 0x00007f3b34070800 Uncommon trap: reason=class_check action=maybe_recompile pc=0x00007f3b30c4f6c0 method=java.lang.System$2.invokeFinalize(Ljava/lang/Object;)V @ 1
Event: 3.935 Thread 0x00007f3b34070800 Uncommon trap: reason=class_check action=maybe_recompile pc=0x00007f3b30c4f6c0 method=java.lang.System$2.invokeFinalize(Ljava/lang/Object;)V @ 1
Event: 3.935 Thread 0x00007f3b34070800 Uncommon trap: reason=class_check action=maybe_recompile pc=0x00007f3b30c4eb50 method=java.lang.System$2.invokeFinalize(Ljava/lang/Object;)V @ 1
Event: 3.935 Thread 0x00007f3b34070800 Uncommon trap: reason=unstable_if action=reinterpret pc=0x00007f3b30c43670 method=java.lang.ref.Reference.<init>(Ljava/lang/Object;Ljava/lang/ref/ReferenceQueue;)V @ 11

Internal exceptions (10 events):
Event: 0.353 Thread 0x00007f3af4001000 Threw 0x00000000ec7fa7e0 at /HUDSON/workspace/7u-2-build-linux-amd64/jdk7u80/2329/hotspot/src/share/vm/prims/jni.cpp:743
Event: 0.356 Thread 0x00007f3af4001000 Threw 0x00000000ec7fcc08 at /HUDSON/workspace/7u-2-build-linux-amd64/jdk7u80/2329/hotspot/src/share/vm/prims/jni.cpp:743
Event: 0.358 Thread 0x00007f3af4001000 Threw 0x00000000ec7ff030 at /HUDSON/workspace/7u-2-build-linux-amd64/jdk7u80/2329/hotspot/src/share/vm/prims/jni.cpp:743
Event: 0.361 Thread 0x00007f3af4001000 Threw 0x00000000ec801458 at /HUDSON/workspace/7u-2-build-linux-amd64/jdk7u80/2329/hotspot/src/share/vm/prims/jni.cpp:743
Event: 0.364 Thread 0x00007f3af4001000 Threw 0x00000000ec803880 at /HUDSON/workspace/7u-2-build-linux-amd64/jdk7u80/2329/hotspot/src/share/vm/prims/jni.cpp:743
Event: 0.367 Thread 0x00007f3af4001000 Threw 0x00000000ec805ca8 at /HUDSON/workspace/7u-2-build-linux-amd64/jdk7u80/2329/hotspot/src/share/vm/prims/jni.cpp:743
Event: 0.369 Thread 0x00007f3af4001000 Threw 0x00000000ec8080d0 at /HUDSON/workspace/7u-2-build-linux-amd64/jdk7u80/2329/hotspot/src/share/vm/prims/jni.cpp:743
Event: 0.372 Thread 0x00007f3af4001000 Threw 0x00000000ec80a4f8 at /HUDSON/workspace/7u-2-build-linux-amd64/jdk7u80/2329/hotspot/src/share/vm/prims/jni.cpp:743
Event: 0.374 Thread 0x00007f3af4001000 Threw 0x00000000ec80cb30 at /HUDSON/workspace/7u-2-build-linux-amd64/jdk7u80/2329/hotspot/src/share/vm/prims/jni.cpp:743
Event: 0.376 Thread 0x00007f3ae0001000 Threw 0x00000000ec5db508 at /HUDSON/workspace/7u-2-build-linux-amd64/jdk7u80/2329/hotspot/src/share/vm/prims/jni.cpp:743

Events (10 events):
Event: 3.935 Thread 0x00007f3b34070800 DEOPT UNPACKING pc=0x00007f3b30c15445 sp=0x00007f3b20e39918 mode 2
Event: 3.935 Thread 0x00007f3b34070800 Uncommon trap: trap_request=0xffffffde fr.pc=0x00007f3b30c4f6c0
Event: 3.935 Thread 0x00007f3b34070800 DEOPT PACKING pc=0x00007f3b30c4f6c0 sp=0x00007f3b20e399f0
Event: 3.935 Thread 0x00007f3b34070800 DEOPT UNPACKING pc=0x00007f3b30c15445 sp=0x00007f3b20e39918 mode 2
Event: 3.935 Thread 0x00007f3b34070800 Uncommon trap: trap_request=0xffffffde fr.pc=0x00007f3b30c4eb50
Event: 3.935 Thread 0x00007f3b34070800 DEOPT PACKING pc=0x00007f3b30c4eb50 sp=0x00007f3b20e39990
Event: 3.935 Thread 0x00007f3b34070800 DEOPT UNPACKING pc=0x00007f3b30c15445 sp=0x00007f3b20e39918 mode 2
Event: 3.935 Thread 0x00007f3b34070800 Uncommon trap: trap_request=0xffffff75 fr.pc=0x00007f3b30c43670
Event: 3.935 Thread 0x00007f3b34070800 DEOPT PACKING pc=0x00007f3b30c43670 sp=0x00007f3b20e395e0
Event: 3.935 Thread 0x00007f3b34070800 DEOPT UNPACKING pc=0x00007f3b30c15445 sp=0x00007f3b20e395a0 mode 2


Dynamic libraries:
00400000-00401000 r-xp 00000000 08:07 663942                             /home/elixandre/jdk1.7.0_80/bin/java
00600000-00601000 rw-p 00000000 08:07 663942                             /home/elixandre/jdk1.7.0_80/bin/java
00ec3000-00ee4000 rw-p 00000000 00:00 0                                  [heap]
bfa00000-c0f00000 rw-p 00000000 00:00 0 
c0f00000-c4c00000 rw-p 00000000 00:00 0 
c4c00000-c7380000 rw-p 00000000 00:00 0 
c7380000-ec400000 rw-p 00000000 00:00 0 
ec400000-ed800000 rw-p 00000000 00:00 0 
ed800000-100000000 rw-p 00000000 00:00 0 
7f3acc000000-7f3acc3ea000 rw-p 00000000 00:00 0 
7f3acc3ea000-7f3ad0000000 ---p 00000000 00:00 0 
7f3ad4000000-7f3ad43e9000 rw-p 00000000 00:00 0 
7f3ad43e9000-7f3ad8000000 ---p 00000000 00:00 0 
7f3ad8000000-7f3ad83e9000 rw-p 00000000 00:00 0 
7f3ad83e9000-7f3adc000000 ---p 00000000 00:00 0 
7f3adc000000-7f3adc3ff000 rw-p 00000000 00:00 0 
7f3adc3ff000-7f3ae0000000 ---p 00000000 00:00 0 
7f3ae0000000-7f3ae03e9000 rw-p 00000000 00:00 0 
7f3ae03e9000-7f3ae4000000 ---p 00000000 00:00 0 
7f3ae4000000-7f3ae43ff000 rw-p 00000000 00:00 0 
7f3ae43ff000-7f3ae8000000 ---p 00000000 00:00 0 
7f3aec000000-7f3aec3ff000 rw-p 00000000 00:00 0 
7f3aec3ff000-7f3af0000000 ---p 00000000 00:00 0 
7f3af1c1b000-7f3af1c1e000 ---p 00000000 00:00 0 
7f3af1c1e000-7f3af241c000 rw-p 00000000 00:00 0 
7f3af2ffe000-7f3af3001000 ---p 00000000 00:00 0 
7f3af3001000-7f3af37ff000 rw-p 00000000 00:00 0 
7f3af37ff000-7f3af3802000 ---p 00000000 00:00 0 
7f3af3802000-7f3af4000000 rw-p 00000000 00:00 0 
7f3af4000000-7f3af5c2a000 rw-p 00000000 00:00 0 
7f3af5c2a000-7f3af8000000 ---p 00000000 00:00 0 
7f3af8418000-7f3af841b000 ---p 00000000 00:00 0 
7f3af841b000-7f3af8c19000 rw-p 00000000 00:00 0 
7f3af8c19000-7f3af8c1c000 ---p 00000000 00:00 0 
7f3af8c1c000-7f3af941a000 rw-p 00000000 00:00 0 
7f3af941a000-7f3af941d000 ---p 00000000 00:00 0 
7f3af941d000-7f3af9c1b000 rw-p 00000000 00:00 0 
7f3af9c1b000-7f3af9c1e000 ---p 00000000 00:00 0 
7f3af9c1e000-7f3afa41c000 rw-p 00000000 00:00 0 
7f3afa41c000-7f3afa41f000 ---p 00000000 00:00 0 
7f3afa41f000-7f3afac1d000 rw-p 00000000 00:00 0 
7f3afac1d000-7f3afac35000 r-xp 00000000 08:07 544875                     /tmp/simgrid-java2188461672716950521/libsimgrid-java.so
7f3afac35000-7f3afae35000 ---p 00018000 08:07 544875                     /tmp/simgrid-java2188461672716950521/libsimgrid-java.so
7f3afae35000-7f3afae36000 rw-p 00018000 08:07 544875                     /tmp/simgrid-java2188461672716950521/libsimgrid-java.so
7f3afae36000-7f3afae4c000 r-xp 00000000 08:07 528568                     /lib/x86_64-linux-gnu/libgcc_s.so.1
7f3afae4c000-7f3afb04b000 ---p 00016000 08:07 528568                     /lib/x86_64-linux-gnu/libgcc_s.so.1
7f3afb04b000-7f3afb04c000 r--p 00015000 08:07 528568                     /lib/x86_64-linux-gnu/libgcc_s.so.1
7f3afb04c000-7f3afb04d000 rw-p 00016000 08:07 528568                     /lib/x86_64-linux-gnu/libgcc_s.so.1
7f3afb04d000-7f3afb1c0000 r-xp 00000000 08:07 1059329                    /usr/lib/x86_64-linux-gnu/libstdc++.so.6.0.21
7f3afb1c0000-7f3afb3bf000 ---p 00173000 08:07 1059329                    /usr/lib/x86_64-linux-gnu/libstdc++.so.6.0.21
7f3afb3bf000-7f3afb3c9000 r--p 00172000 08:07 1059329                    /usr/lib/x86_64-linux-gnu/libstdc++.so.6.0.21
7f3afb3c9000-7f3afb3cb000 rw-p 0017c000 08:07 1059329                    /usr/lib/x86_64-linux-gnu/libstdc++.so.6.0.21
7f3afb3cb000-7f3afb3cf000 rw-p 00000000 00:00 0 
7f3afb3cf000-7f3afb694000 r-xp 00000000 08:07 544874                     /tmp/simgrid-java2188461672716950521/libsimgrid.so
7f3afb694000-7f3afb894000 ---p 002c5000 08:07 544874                     /tmp/simgrid-java2188461672716950521/libsimgrid.so
7f3afb894000-7f3afb8cf000 rw-p 002c5000 08:07 544874                     /tmp/simgrid-java2188461672716950521/libsimgrid.so
7f3afb8cf000-7f3afbbd8000 rw-p 00000000 00:00 0 
7f3afbbd8000-7f3afbbef000 r-xp 00000000 08:07 663689                     /home/elixandre/jdk1.7.0_80/jre/lib/amd64/libnet.so
7f3afbbef000-7f3afbdee000 ---p 00017000 08:07 663689                     /home/elixandre/jdk1.7.0_80/jre/lib/amd64/libnet.so
7f3afbdee000-7f3afbdef000 rw-p 00016000 08:07 663689                     /home/elixandre/jdk1.7.0_80/jre/lib/amd64/libnet.so
7f3afbdef000-7f3afbdff000 r-xp 00000000 08:07 663688                     /home/elixandre/jdk1.7.0_80/jre/lib/amd64/libnio.so
7f3afbdff000-7f3afbfff000 ---p 00010000 08:07 663688                     /home/elixandre/jdk1.7.0_80/jre/lib/amd64/libnio.so
7f3afbfff000-7f3afc000000 rw-p 00010000 08:07 663688                     /home/elixandre/jdk1.7.0_80/jre/lib/amd64/libnio.so
7f3afc000000-7f3afc021000 rw-p 00000000 00:00 0 
7f3afc021000-7f3b00000000 ---p 00000000 00:00 0 
7f3b00000000-7f3b00021000 rw-p 00000000 00:00 0 
7f3b00021000-7f3b04000000 ---p 00000000 00:00 0 
7f3b04000000-7f3b040a4000 rw-p 00000000 00:00 0 
7f3b040a4000-7f3b08000000 ---p 00000000 00:00 0 
7f3b08000000-7f3b08f43000 rw-p 00000000 00:00 0 
7f3b08f43000-7f3b0c000000 ---p 00000000 00:00 0 
7f3b0c000000-7f3b0c021000 rw-p 00000000 00:00 0 
7f3b0c021000-7f3b10000000 ---p 00000000 00:00 0 
7f3b10000000-7f3b10021000 rw-p 00000000 00:00 0 
7f3b10021000-7f3b14000000 ---p 00000000 00:00 0 
7f3b14000000-7f3b14021000 rw-p 00000000 00:00 0 
7f3b14021000-7f3b18000000 ---p 00000000 00:00 0 
7f3b18000000-7f3b18021000 rw-p 00000000 00:00 0 
7f3b18021000-7f3b1c000000 ---p 00000000 00:00 0 
7f3b1c000000-7f3b1c021000 rw-p 00000000 00:00 0 
7f3b1c021000-7f3b20000000 ---p 00000000 00:00 0 
7f3b20152000-7f3b20153000 ---p 00000000 00:00 0 
7f3b20153000-7f3b20253000 rw-p 00000000 00:00 0 
7f3b20253000-7f3b20256000 ---p 00000000 00:00 0 
7f3b20256000-7f3b20354000 rw-p 00000000 00:00 0 
7f3b20354000-7f3b20357000 ---p 00000000 00:00 0 
7f3b20357000-7f3b20455000 rw-p 00000000 00:00 0 
7f3b20455000-7f3b20458000 ---p 00000000 00:00 0 
7f3b20458000-7f3b20556000 rw-p 00000000 00:00 0 
7f3b20556000-7f3b20559000 ---p 00000000 00:00 0 
7f3b20559000-7f3b20657000 rw-p 00000000 00:00 0 
7f3b20657000-7f3b20d3a000 r--p 00000000 08:07 1055607                    /usr/lib/locale/locale-archive
7f3b20d3a000-7f3b20d3d000 ---p 00000000 00:00 0 
7f3b20d3d000-7f3b20e3b000 rw-p 00000000 00:00 0 
7f3b20e3b000-7f3b20e3e000 ---p 00000000 00:00 0 
7f3b20e3e000-7f3b20f3c000 rw-p 00000000 00:00 0 
7f3b20f3c000-7f3b20f3d000 ---p 00000000 00:00 0 
7f3b20f3d000-7f3b24000000 rw-p 00000000 00:00 0 
7f3b24000000-7f3b24021000 rw-p 00000000 00:00 0 
7f3b24021000-7f3b28000000 ---p 00000000 00:00 0 
7f3b28000000-7f3b28021000 rw-p 00000000 00:00 0 
7f3b28021000-7f3b2c000000 ---p 00000000 00:00 0 
7f3b2c000000-7f3b2c021000 rw-p 00000000 00:00 0 
7f3b2c021000-7f3b30000000 ---p 00000000 00:00 0 
7f3b30014000-7f3b3005f000 rw-p 00000000 00:00 0 
7f3b3005f000-7f3b3021f000 r--s 039fb000 08:07 663892                     /home/elixandre/jdk1.7.0_80/jre/lib/rt.jar
7f3b3021f000-7f3b30498000 rw-p 00000000 00:00 0 
7f3b30498000-7f3b30499000 ---p 00000000 00:00 0 
7f3b30499000-7f3b30599000 rw-p 00000000 00:00 0 
7f3b30599000-7f3b3059a000 ---p 00000000 00:00 0 
7f3b3059a000-7f3b3069a000 rw-p 00000000 00:00 0 
7f3b3069a000-7f3b3069b000 ---p 00000000 00:00 0 
7f3b3069b000-7f3b3079b000 rw-p 00000000 00:00 0 
7f3b3079b000-7f3b3079c000 ---p 00000000 00:00 0 
7f3b3079c000-7f3b308b0000 rw-p 00000000 00:00 0 
7f3b308b0000-7f3b309d8000 rw-p 00000000 00:00 0 
7f3b309d8000-7f3b309e3000 rw-p 00000000 00:00 0 
7f3b309e3000-7f3b30a01000 rw-p 00000000 00:00 0 
7f3b30a01000-7f3b30a15000 rw-p 00000000 00:00 0 
7f3b30a15000-7f3b30b3d000 rw-p 00000000 00:00 0 
7f3b30b3d000-7f3b30b47000 rw-p 00000000 00:00 0 
7f3b30b47000-7f3b30bdb000 rw-p 00000000 00:00 0 
7f3b30bdb000-7f3b30bdc000 rw-p 00000000 00:00 0 
7f3b30bdc000-7f3b30e4c000 rwxp 00000000 00:00 0 
7f3b30e4c000-7f3b33bdc000 rw-p 00000000 00:00 0 
7f3b33bdc000-7f3b33bf3000 r-xp 00000000 08:07 663687                     /home/elixandre/jdk1.7.0_80/jre/lib/amd64/libzip.so
7f3b33bf3000-7f3b33df3000 ---p 00017000 08:07 663687                     /home/elixandre/jdk1.7.0_80/jre/lib/amd64/libzip.so
7f3b33df3000-7f3b33df4000 rw-p 00017000 08:07 663687                     /home/elixandre/jdk1.7.0_80/jre/lib/amd64/libzip.so
7f3b33df4000-7f3b33dfe000 r-xp 00000000 08:07 529521                     /lib/x86_64-linux-gnu/libnss_files-2.21.so
7f3b33dfe000-7f3b33ffe000 ---p 0000a000 08:07 529521                     /lib/x86_64-linux-gnu/libnss_files-2.21.so
7f3b33ffe000-7f3b33fff000 r--p 0000a000 08:07 529521                     /lib/x86_64-linux-gnu/libnss_files-2.21.so
7f3b33fff000-7f3b34000000 rw-p 0000b000 08:07 529521                     /lib/x86_64-linux-gnu/libnss_files-2.21.so
7f3b34000000-7f3b343fb000 rw-p 00000000 00:00 0 
7f3b343fb000-7f3b38000000 ---p 00000000 00:00 0 
7f3b38013000-7f3b380c2000 rw-p 00000000 00:00 0 
7f3b380c2000-7f3b380e0000 rw-p 00000000 00:00 0 
7f3b380e0000-7f3b380eb000 r-xp 00000000 08:07 529535                     /lib/x86_64-linux-gnu/libnss_nis-2.21.so
7f3b380eb000-7f3b382ea000 ---p 0000b000 08:07 529535                     /lib/x86_64-linux-gnu/libnss_nis-2.21.so
7f3b382ea000-7f3b382eb000 r--p 0000a000 08:07 529535                     /lib/x86_64-linux-gnu/libnss_nis-2.21.so
7f3b382eb000-7f3b382ec000 rw-p 0000b000 08:07 529535                     /lib/x86_64-linux-gnu/libnss_nis-2.21.so
7f3b382ec000-7f3b38303000 r-xp 00000000 08:07 529538                     /lib/x86_64-linux-gnu/libnsl-2.21.so
7f3b38303000-7f3b38502000 ---p 00017000 08:07 529538                     /lib/x86_64-linux-gnu/libnsl-2.21.so
7f3b38502000-7f3b38503000 r--p 00016000 08:07 529538                     /lib/x86_64-linux-gnu/libnsl-2.21.so
7f3b38503000-7f3b38504000 rw-p 00017000 08:07 529538                     /lib/x86_64-linux-gnu/libnsl-2.21.so
7f3b38504000-7f3b38506000 rw-p 00000000 00:00 0 
7f3b38506000-7f3b3850e000 r-xp 00000000 08:07 529523                     /lib/x86_64-linux-gnu/libnss_compat-2.21.so
7f3b3850e000-7f3b3870d000 ---p 00008000 08:07 529523                     /lib/x86_64-linux-gnu/libnss_compat-2.21.so
7f3b3870d000-7f3b3870e000 r--p 00007000 08:07 529523                     /lib/x86_64-linux-gnu/libnss_compat-2.21.so
7f3b3870e000-7f3b3870f000 rw-p 00008000 08:07 529523                     /lib/x86_64-linux-gnu/libnss_compat-2.21.so
7f3b3870f000-7f3b38738000 r-xp 00000000 08:07 663623                     /home/elixandre/jdk1.7.0_80/jre/lib/amd64/libjava.so
7f3b38738000-7f3b38938000 ---p 00029000 08:07 663623                     /home/elixandre/jdk1.7.0_80/jre/lib/amd64/libjava.so
7f3b38938000-7f3b3893a000 rw-p 00029000 08:07 663623                     /home/elixandre/jdk1.7.0_80/jre/lib/amd64/libjava.so
7f3b3893a000-7f3b38947000 r-xp 00000000 08:07 663501                     /home/elixandre/jdk1.7.0_80/jre/lib/amd64/libverify.so
7f3b38947000-7f3b38b46000 ---p 0000d000 08:07 663501                     /home/elixandre/jdk1.7.0_80/jre/lib/amd64/libverify.so
7f3b38b46000-7f3b38b48000 rw-p 0000c000 08:07 663501                     /home/elixandre/jdk1.7.0_80/jre/lib/amd64/libverify.so
7f3b38b48000-7f3b38b4f000 r-xp 00000000 08:07 529522                     /lib/x86_64-linux-gnu/librt-2.21.so
7f3b38b4f000-7f3b38d4e000 ---p 00007000 08:07 529522                     /lib/x86_64-linux-gnu/librt-2.21.so
7f3b38d4e000-7f3b38d4f000 r--p 00006000 08:07 529522                     /lib/x86_64-linux-gnu/librt-2.21.so
7f3b38d4f000-7f3b38d50000 rw-p 00007000 08:07 529522                     /lib/x86_64-linux-gnu/librt-2.21.so
7f3b38d50000-7f3b38e57000 r-xp 00000000 08:07 529524                     /lib/x86_64-linux-gnu/libm-2.21.so
7f3b38e57000-7f3b39056000 ---p 00107000 08:07 529524                     /lib/x86_64-linux-gnu/libm-2.21.so
7f3b39056000-7f3b39057000 r--p 00106000 08:07 529524                     /lib/x86_64-linux-gnu/libm-2.21.so
7f3b39057000-7f3b39058000 rw-p 00107000 08:07 529524                     /lib/x86_64-linux-gnu/libm-2.21.so
7f3b39058000-7f3b39bce000 r-xp 00000000 08:07 663273                     /home/elixandre/jdk1.7.0_80/jre/lib/amd64/server/libjvm.so
7f3b39bce000-7f3b39dcd000 ---p 00b76000 08:07 663273                     /home/elixandre/jdk1.7.0_80/jre/lib/amd64/server/libjvm.so
7f3b39dcd000-7f3b39e91000 rw-p 00b75000 08:07 663273                     /home/elixandre/jdk1.7.0_80/jre/lib/amd64/server/libjvm.so
7f3b39e91000-7f3b39ed2000 rw-p 00000000 00:00 0 
7f3b39ed2000-7f3b3a092000 r-xp 00000000 08:07 529541                     /lib/x86_64-linux-gnu/libc-2.21.so
7f3b3a092000-7f3b3a292000 ---p 001c0000 08:07 529541                     /lib/x86_64-linux-gnu/libc-2.21.so
7f3b3a292000-7f3b3a296000 r--p 001c0000 08:07 529541                     /lib/x86_64-linux-gnu/libc-2.21.so
7f3b3a296000-7f3b3a298000 rw-p 001c4000 08:07 529541                     /lib/x86_64-linux-gnu/libc-2.21.so
7f3b3a298000-7f3b3a29c000 rw-p 00000000 00:00 0 
7f3b3a29c000-7f3b3a29f000 r-xp 00000000 08:07 529528                     /lib/x86_64-linux-gnu/libdl-2.21.so
7f3b3a29f000-7f3b3a49e000 ---p 00003000 08:07 529528                     /lib/x86_64-linux-gnu/libdl-2.21.so
7f3b3a49e000-7f3b3a49f000 r--p 00002000 08:07 529528                     /lib/x86_64-linux-gnu/libdl-2.21.so
7f3b3a49f000-7f3b3a4a0000 rw-p 00003000 08:07 529528                     /lib/x86_64-linux-gnu/libdl-2.21.so
7f3b3a4a0000-7f3b3a4b5000 r-xp 00000000 08:07 663695                     /home/elixandre/jdk1.7.0_80/lib/amd64/jli/libjli.so
7f3b3a4b5000-7f3b3a6b4000 ---p 00015000 08:07 663695                     /home/elixandre/jdk1.7.0_80/lib/amd64/jli/libjli.so
7f3b3a6b4000-7f3b3a6b5000 rw-p 00014000 08:07 663695                     /home/elixandre/jdk1.7.0_80/lib/amd64/jli/libjli.so
7f3b3a6b5000-7f3b3a6cd000 r-xp 00000000 08:07 529525                     /lib/x86_64-linux-gnu/libpthread-2.21.so
7f3b3a6cd000-7f3b3a8cd000 ---p 00018000 08:07 529525                     /lib/x86_64-linux-gnu/libpthread-2.21.so
7f3b3a8cd000-7f3b3a8ce000 r--p 00018000 08:07 529525                     /lib/x86_64-linux-gnu/libpthread-2.21.so
7f3b3a8ce000-7f3b3a8cf000 rw-p 00019000 08:07 529525                     /lib/x86_64-linux-gnu/libpthread-2.21.so
7f3b3a8cf000-7f3b3a8d3000 rw-p 00000000 00:00 0 
7f3b3a8d3000-7f3b3a8f7000 r-xp 00000000 08:07 529539                     /lib/x86_64-linux-gnu/ld-2.21.so
7f3b3a901000-7f3b3a920000 rw-p 00000000 00:00 0 
7f3b3a920000-7f3b3a9d6000 rw-p 00000000 00:00 0 
7f3b3a9d6000-7f3b3a9d9000 ---p 00000000 00:00 0 
7f3b3a9d9000-7f3b3aadb000 rw-p 00000000 00:00 0 
7f3b3aae2000-7f3b3aae3000 rw-p 00000000 00:00 0 
7f3b3aae3000-7f3b3aae7000 r--s 0008b000 08:07 663627                     /home/elixandre/jdk1.7.0_80/jre/lib/jsse.jar
7f3b3aae7000-7f3b3aaea000 r--s 00f76000 08:07 542783                     /home/elixandre/Downloads/simgrid.jar
7f3b3aaea000-7f3b3aaf2000 rw-s 00000000 08:07 544865                     /tmp/hsperfdata_elixandre/7606
7f3b3aaf2000-7f3b3aaf3000 rw-p 00000000 00:00 0 
7f3b3aaf3000-7f3b3aaf4000 r--p 00000000 00:00 0 
7f3b3aaf4000-7f3b3aaf6000 rw-p 00000000 00:00 0 
7f3b3aaf6000-7f3b3aaf7000 r--p 00023000 08:07 529539                     /lib/x86_64-linux-gnu/ld-2.21.so
7f3b3aaf7000-7f3b3aaf8000 rw-p 00024000 08:07 529539                     /lib/x86_64-linux-gnu/ld-2.21.so
7f3b3aaf8000-7f3b3aaf9000 rw-p 00000000 00:00 0 
7ffe9e956000-7ffe9e977000 rw-p 00000000 00:00 0                          [stack]
7ffe9e9b7000-7ffe9e9b9000 r--p 00000000 00:00 0                          [vvar]
7ffe9e9b9000-7ffe9e9bb000 r-xp 00000000 00:00 0                          [vdso]
ffffffffff600000-ffffffffff601000 r-xp 00000000 00:00 0                  [vsyscall]

VM Arguments:
jvm_args: -Dfile.encoding=UTF-8 
java_command: vcube.VCube platform.xml deployment.xml
Launcher Type: SUN_STANDARD

Environment Variables:
PATH=/usr/local/sbin:/usr/local/bin:/usr/sbin:/usr/bin:/sbin:/bin:/usr/games:/usr/local/games:/home/elixandre/.rvm/bin
LD_LIBRARY_PATH=/home/elixandre/jdk1.7.0_80/jre/lib/amd64:/home/elixandre/jdk1.7.0_80/jre/lib/i386:
SHELL=/bin/bash
DISPLAY=:0

Signal Handlers:
SIGSEGV: [libjvm.so+0x9a3b20], sa_mask[0]=0x7ffbfeff, sa_flags=0x10000004
SIGBUS: [libjvm.so+0x9a3b20], sa_mask[0]=0x7ffbfeff, sa_flags=0x10000004
SIGFPE: [libjvm.so+0x81e740], sa_mask[0]=0x7ffbfeff, sa_flags=0x10000004
SIGPIPE: [libjvm.so+0x81e740], sa_mask[0]=0x7ffbfeff, sa_flags=0x10000004
SIGXFSZ: [libjvm.so+0x81e740], sa_mask[0]=0x7ffbfeff, sa_flags=0x10000004
SIGILL: [libjvm.so+0x81e740], sa_mask[0]=0x7ffbfeff, sa_flags=0x10000004
SIGUSR1: SIG_DFL, sa_mask[0]=0x00000000, sa_flags=0x00000000
SIGUSR2: [libjvm.so+0x81ffb0], sa_mask[0]=0x00000004, sa_flags=0x10000004
SIGHUP: [libjvm.so+0x8210d0], sa_mask[0]=0x7ffbfeff, sa_flags=0x10000004
SIGINT: [libsimgrid.so+0x8ff50], sa_mask[0]=0x00000002, sa_flags=0x10000000
SIGTERM: [libjvm.so+0x8210d0], sa_mask[0]=0x7ffbfeff, sa_flags=0x10000004
SIGQUIT: [libjvm.so+0x8210d0], sa_mask[0]=0x7ffbfeff, sa_flags=0x10000004


---------------  S Y S T E M  ---------------

OS:jessie/sid

uname:Linux 4.2.0-42-generic #49-Ubuntu SMP Tue Jun 28 21:26:26 UTC 2016 x86_64
libc:glibc 2.21 NPTL 2.21 
rlimit: STACK 8192k, CORE 0k, NPROC 15009, NOFILE 65536, AS infinity
load average:0.42 0.48 0.44

/proc/meminfo:
MemTotal:        3879128 kB
MemFree:         1454404 kB
MemAvailable:    2084496 kB
Buffers:           56344 kB
Cached:           838992 kB
SwapCached:         6744 kB
Active:          1497292 kB
Inactive:         754240 kB
Active(anon):     935960 kB
Inactive(anon):   540676 kB
Active(file):     561332 kB
Inactive(file):   213564 kB
Unevictable:          32 kB
Mlocked:              32 kB
SwapTotal:        975868 kB
SwapFree:         890340 kB
Dirty:             24104 kB
Writeback:             0 kB
AnonPages:       1352288 kB
Mapped:           204336 kB
Shmem:            120444 kB
Slab:              81144 kB
SReclaimable:      48260 kB
SUnreclaim:        32884 kB
KernelStack:        8688 kB
PageTables:        32172 kB
NFS_Unstable:          0 kB
Bounce:                0 kB
WritebackTmp:          0 kB
CommitLimit:     2915432 kB
Committed_AS:    4840072 kB
VmallocTotal:   34359738367 kB
VmallocUsed:      347648 kB
VmallocChunk:   34358947836 kB
HardwareCorrupted:     0 kB
AnonHugePages:    966656 kB
CmaTotal:              0 kB
CmaFree:               0 kB
HugePages_Total:       0
HugePages_Free:        0
HugePages_Rsvd:        0
HugePages_Surp:        0
Hugepagesize:       2048 kB
DirectMap4k:      127736 kB
DirectMap2M:     3899392 kB


CPU:total 4 (2 cores per cpu, 2 threads per core) family 6 model 58 stepping 9, cmov, cx8, fxsr, mmx, sse, sse2, sse3, ssse3, sse4.1, sse4.2, popcnt, avx, erms, ht, tsc, tscinvbit, tscinv

/proc/cpuinfo:
processor	: 0
vendor_id	: GenuineIntel
cpu family	: 6
model		: 58
model name	: Intel(R) Core(TM) i7-3517U CPU @ 1.90GHz
stepping	: 9
microcode	: 0x12
cpu MHz		: 2799.937
cache size	: 4096 KB
physical id	: 0
siblings	: 4
core id		: 0
cpu cores	: 2
apicid		: 0
initial apicid	: 0
fpu		: yes
fpu_exception	: yes
cpuid level	: 13
wp		: yes
flags		: fpu vme de pse tsc msr pae mce cx8 apic sep mtrr pge mca cmov pat pse36 clflush dts acpi mmx fxsr sse sse2 ss ht tm pbe syscall nx rdtscp lm constant_tsc arch_perfmon pebs bts rep_good nopl xtopology nonstop_tsc aperfmperf eagerfpu pni pclmulqdq dtes64 monitor ds_cpl vmx est tm2 ssse3 cx16 xtpr pdcm pcid sse4_1 sse4_2 x2apic popcnt tsc_deadline_timer xsave avx f16c rdrand lahf_lm ida arat epb pln pts dtherm tpr_shadow vnmi flexpriority ept vpid fsgsbase smep erms xsaveopt
bugs		:
bogomips	: 4788.88
clflush size	: 64
cache_alignment	: 64
address sizes	: 36 bits physical, 48 bits virtual
power management:

processor	: 1
vendor_id	: GenuineIntel
cpu family	: 6
model		: 58
model name	: Intel(R) Core(TM) i7-3517U CPU @ 1.90GHz
stepping	: 9
microcode	: 0x12
cpu MHz		: 2799.937
cache size	: 4096 KB
physical id	: 0
siblings	: 4
core id		: 0
cpu cores	: 2
apicid		: 1
initial apicid	: 1
fpu		: yes
fpu_exception	: yes
cpuid level	: 13
wp		: yes
flags		: fpu vme de pse tsc msr pae mce cx8 apic sep mtrr pge mca cmov pat pse36 clflush dts acpi mmx fxsr sse sse2 ss ht tm pbe syscall nx rdtscp lm constant_tsc arch_perfmon pebs bts rep_good nopl xtopology nonstop_tsc aperfmperf eagerfpu pni pclmulqdq dtes64 monitor ds_cpl vmx est tm2 ssse3 cx16 xtpr pdcm pcid sse4_1 sse4_2 x2apic popcnt tsc_deadline_timer xsave avx f16c rdrand lahf_lm ida arat epb pln pts dtherm tpr_shadow vnmi flexpriority ept vpid fsgsbase smep erms xsaveopt
bugs		:
bogomips	: 4788.88
clflush size	: 64
cache_alignment	: 64
address sizes	: 36 bits physical, 48 bits virtual
power management:

processor	: 2
vendor_id	: GenuineIntel
cpu family	: 6
model		: 58
model name	: Intel(R) Core(TM) i7-3517U CPU @ 1.90GHz
stepping	: 9
microcode	: 0x12
cpu MHz		: 2799.937
cache size	: 4096 KB
physical id	: 0
siblings	: 4
core id		: 1
cpu cores	: 2
apicid		: 2
initial apicid	: 2
fpu		: yes
fpu_exception	: yes
cpuid level	: 13
wp		: yes
flags		: fpu vme de pse tsc msr pae mce cx8 apic sep mtrr pge mca cmov pat pse36 clflush dts acpi mmx fxsr sse sse2 ss ht tm pbe syscall nx rdtscp lm constant_tsc arch_perfmon pebs bts rep_good nopl xtopology nonstop_tsc aperfmperf eagerfpu pni pclmulqdq dtes64 monitor ds_cpl vmx est tm2 ssse3 cx16 xtpr pdcm pcid sse4_1 sse4_2 x2apic popcnt tsc_deadline_timer xsave avx f16c rdrand lahf_lm ida arat epb pln pts dtherm tpr_shadow vnmi flexpriority ept vpid fsgsbase smep erms xsaveopt
bugs		:
bogomips	: 4788.88
clflush size	: 64
cache_alignment	: 64
address sizes	: 36 bits physical, 48 bits virtual
power management:

processor	: 3
vendor_id	: GenuineIntel
cpu family	: 6
model		: 58
model name	: Intel(R) Core(TM) i7-3517U CPU @ 1.90GHz
stepping	: 9
microcode	: 0x12
cpu MHz		: 2799.937
cache size	: 4096 KB
physical id	: 0
siblings	: 4
core id		: 1
cpu cores	: 2
apicid		: 3
initial apicid	: 3
fpu		: yes
fpu_exception	: yes
cpuid level	: 13
wp		: yes
flags		: fpu vme de pse tsc msr pae mce cx8 apic sep mtrr pge mca cmov pat pse36 clflush dts acpi mmx fxsr sse sse2 ss ht tm pbe syscall nx rdtscp lm constant_tsc arch_perfmon pebs bts rep_good nopl xtopology nonstop_tsc aperfmperf eagerfpu pni pclmulqdq dtes64 monitor ds_cpl vmx est tm2 ssse3 cx16 xtpr pdcm pcid sse4_1 sse4_2 x2apic popcnt tsc_deadline_timer xsave avx f16c rdrand lahf_lm ida arat epb pln pts dtherm tpr_shadow vnmi flexpriority ept vpid fsgsbase smep erms xsaveopt
bugs		:
bogomips	: 4788.88
clflush size	: 64
cache_alignment	: 64
address sizes	: 36 bits physical, 48 bits virtual
power management:



Memory: 4k page, physical 3879128k(1454404k free), swap 975868k(890340k free)

vm_info: Java HotSpot(TM) 64-Bit Server VM (24.80-b11) for linux-amd64 JRE (1.7.0_80-b15), built on Apr 10 2015 19:53:14 by "java_re" with gcc 4.3.0 20080428 (Red Hat 4.3.0-8)

time: Mon May  1 16:05:01 2017
elapsed time: 3 seconds

