#
# A fatal error has been detected by the Java Runtime Environment:
#
#  SIGSEGV (0xb) at pc=0x00007ff8c071f9c2, pid=12800, tid=0x00007ff8a6c59700
#
# JRE version: Java(TM) SE Runtime Environment (8.0_111-b14) (build 1.8.0_111-b14)
# Java VM: Java HotSpot(TM) 64-Bit Server VM (25.111-b14 mixed mode linux-amd64 compressed oops)
# Problematic frame:
# C  [libc.so.6+0x7f9c2]
#
# Failed to write core dump. Core dumps have been disabled. To enable core dumping, try "ulimit -c unlimited" before starting Java again
#
# If you would like to submit a bug report, please visit:
#   http://bugreport.java.com/bugreport/crash.jsp
# The crash happened outside the Java Virtual Machine in native code.
# See problematic frame for where to report the bug.
#

---------------  T H R E A D  ---------------

Current thread (0x00007ff8b8084000):  JavaThread "Finalizer" daemon [_thread_in_native, id=12812, stack(0x00007ff8a6b59000,0x00007ff8a6c5a000)]

siginfo: si_signo: 11 (SIGSEGV), si_code: 128 (SI_KERNEL), si_addr: 0x0000000000000000

Registers:
RAX=0x00007ff85c20d000, RBX=0x00007ff85c00c330, RCX=0x00007ff8a6c58560, RDX=0xffffff909b9e8f90
RSP=0x00007ff8a6c58400, RBP=0x00007ff85c000020, RSI=0x0000000000000001, RDI=0x00007ff85c000020
R8 =0x000000010002e188, R9 =0x0000000000000001, R10=0x0000000000000006, R11=0x00007ff8c0673f88
R12=0x0000006f64617070, R13=0x00008067c06233a0, R14=0x00007ff8a6c58768, R15=0x00007ff8b8084000
RIP=0x00007ff8c071f9c2, EFLAGS=0x0000000000010202, CSGSFS=0x0000000000000033, ERR=0x0000000000000000
  TRAPNO=0x000000000000000d

Top of Stack: (sp=0x00007ff8a6c58400)
0x00007ff8a6c58400:   00000000b8084000 00007ff8b8084000
0x00007ff8a6c58410:   0000000000000158 0000000000000000
0x00007ff8a6c58420:   00007ff8a6c58600 00007ff8a906fdde
0x00007ff8a6c58430:   00007ff8a6c586f8 00007ff800000001
0x00007ff8a6c58440:   00007ff84c060c30 00007ff8c072398c
0x00007ff8a6c58450:   00007ff8a6c58490 00007ff8bfcef12f
0x00007ff8a6c58460:   00007ff8bce82820 00007ff85c00c270
0x00007ff8a6c58470:   00007ff8a49cbce0 0000000000000000
0x00007ff8a6c58480:   00007ff8a6c586f8 00007ff8a6c58768
0x00007ff8a6c58490:   00007ff8b8084000 00007ff8c072398c
0x00007ff8a6c584a0:   0000007fb8084000 00007ff84c060c30
0x00007ff8a6c584b0:   00007ff8bce82820 00007ff84c05fb70
0x00007ff8a6c584c0:   00007ff8a49cbce0 00007ff85c00c270
0x00007ff8a6c584d0:   00007ff8a49cbce0 0000000000000000
0x00007ff8a6c584e0:   00007ff8a6c586f8 00007ff8a4554683
0x00007ff8a6c584f0:   400e666666666666 000005e908c48348
0x00007ff8a6c58500:   0001e097894d0000 00007ff8bce83650
0x00007ff8a6c58510:   00007ff8bce82cb8 00007ff8bce819d8
0x00007ff8a6c58520:   00007ff8a6c58540 00007ff8bff95bc9
0x00007ff8a6c58530:   00007ff8a6c585e0 00007ff86fbdcde7
0x00007ff8a6c58540:   00007ff8a6c58620 00007ff8bd266698
0x00007ff8a6c58550:   00007ff8a6c585a0 00007ff8a9180066
0x00007ff8a6c58560:   00000000ed42e098 00007ff8bfd36403
0x00007ff8a6c58570:   0000000000000000 00007ff8b8084000
0x00007ff8a6c58580:   00007ff8b8084000 0000000000000000
0x00007ff8a6c58590:   00007ff8a6c58700 0000000000000000
0x00007ff8a6c585a0:   00007ff8a6c58748 00007ff8a91878c4
0x00007ff8a6c585b0:   0000000000000000 00007ff84c05fb70
0x00007ff8a6c585c0:   00000000ed310fe0 00000000ed405fc0
0x00007ff8a6c585d0:   00007ff8a6c58600 00007ff8a6c58600
0x00007ff8a6c585e0:   0000000000000158 0000000000000003
0x00007ff8a6c585f0:   000000000000063a 00007ff8a6c58680 

Instructions: (pc=0x00007ff8c071f9c2)
0x00007ff8c071f9a2:   2c 26 48 39 c6 0f 84 e1 0e 00 00 45 31 c9 c7 44
0x00007ff8c071f9b2:   24 38 00 00 00 00 f6 45 04 02 0f 84 7e 08 00 00
0x00007ff8c071f9c2:   49 8b 45 08 a8 01 0f 84 92 08 00 00 49 89 c7 49
0x00007ff8c071f9d2:   83 e7 f8 48 83 f8 10 0f 86 d1 06 00 00 4c 3b bd 

Register to memory mapping:

RAX=0x00007ff85c20d000 is an unknown value
RBX=0x00007ff85c00c330 is an unknown value
RCX=0x00007ff8a6c58560 is pointing into the stack for thread: 0x00007ff8b8084000
RDX=0xffffff909b9e8f90 is an unknown value
RSP=0x00007ff8a6c58400 is pointing into the stack for thread: 0x00007ff8b8084000
RBP=0x00007ff85c000020 is an unknown value
RSI=0x0000000000000001 is an unknown value
RDI=0x00007ff85c000020 is an unknown value
R8 =0x000000010002e188 is pointing into metadata
R9 =0x0000000000000001 is an unknown value
R10=0x0000000000000006 is an unknown value
R11=0x00007ff8c0673f88: <offset 0xfc3f88> in /home/elixandrebaldi/jdk1.8.0_111/jre/lib/amd64/server/libjvm.so at 0x00007ff8bf6b0000
R12=0x0000006f64617070 is an unknown value
R13=0x00008067c06233a0 is an unknown value
R14=0x00007ff8a6c58768 is pointing into the stack for thread: 0x00007ff8b8084000
R15=0x00007ff8b8084000 is a thread


Stack: [0x00007ff8a6b59000,0x00007ff8a6c5a000],  sp=0x00007ff8a6c58400,  free space=1021k
Native frames: (J=compiled Java code, j=interpreted, Vv=VM code, C=native code)
C  [libc.so.6+0x7f9c2]

Java frames: (J=compiled Java code, j=interpreted, Vv=VM code)
J 238  org.simgrid.msg.Task.nativeFinalize()V (0 bytes) @ 0x00007ff8a917fff8 [0x00007ff8a917ffc0+0x38]
J 237 C1 org.simgrid.msg.Task.finalize()V (18 bytes) @ 0x00007ff8a91878c4 [0x00007ff8a91877c0+0x104]
J 233 C1 java.lang.ref.Finalizer.runFinalizer(Lsun/misc/JavaLangAccess;)V (62 bytes) @ 0x00007ff8a9189884 [0x00007ff8a9189300+0x584]
J 232 C1 java.lang.ref.Finalizer.access$100(Ljava/lang/ref/Finalizer;Lsun/misc/JavaLangAccess;)V (6 bytes) @ 0x00007ff8a918619c [0x00007ff8a9186140+0x5c]
j  java.lang.ref.Finalizer$FinalizerThread.run()V+45
v  ~StubRoutines::call_stub

---------------  P R O C E S S  ---------------

Java Threads: ( => current thread )
  0x00007ff844001000 JavaThread "Thread-8" [_thread_in_native, id=12819, stack(0x00007ff86f3d0000,0x00007ff86fbd1000)]
  0x00007ff850001000 JavaThread "Thread-7" [_thread_in_native, id=12822, stack(0x00007ff86dbcd000,0x00007ff86e3ce000)]
  0x00007ff84c001000 JavaThread "Thread-6" [_thread_in_native, id=12821, stack(0x00007ff86e3ce000,0x00007ff86ebcf000)]
  0x00007ff858001000 JavaThread "Thread-5" [_thread_in_native, id=12820, stack(0x00007ff86ebcf000,0x00007ff86f3d0000)]
  0x00007ff854001000 JavaThread "Thread-3" [_thread_in_native, id=12826, stack(0x00007ff86bbc9000,0x00007ff86c3ca000)]
  0x00007ff860001000 JavaThread "Thread-2" [_thread_in_native, id=12825, stack(0x00007ff86c3ca000,0x00007ff86cbcb000)]
  0x00007ff85c001000 JavaThread "Thread-1" [_thread_in_native, id=12824, stack(0x00007ff86cbcb000,0x00007ff86d3cc000)]
  0x00007ff864001000 JavaThread "Thread-4" [_thread_in_native, id=12823, stack(0x00007ff86d3cc000,0x00007ff86dbcd000)]
  0x00007ff8b80da000 JavaThread "Service Thread" daemon [_thread_blocked, id=12817, stack(0x00007ff8a5202000,0x00007ff8a5303000)]
  0x00007ff8b80bd000 JavaThread "C1 CompilerThread2" daemon [_thread_blocked, id=12816, stack(0x00007ff8a5303000,0x00007ff8a5404000)]
  0x00007ff8b80bb000 JavaThread "C2 CompilerThread1" daemon [_thread_blocked, id=12815, stack(0x00007ff8a5404000,0x00007ff8a5505000)]
  0x00007ff8b80b8800 JavaThread "C2 CompilerThread0" daemon [_thread_in_native, id=12814, stack(0x00007ff8a5505000,0x00007ff8a5606000)]
  0x00007ff8b80b7000 JavaThread "Signal Dispatcher" daemon [_thread_blocked, id=12813, stack(0x00007ff8a5606000,0x00007ff8a5707000)]
=>0x00007ff8b8084000 JavaThread "Finalizer" daemon [_thread_in_native, id=12812, stack(0x00007ff8a6b59000,0x00007ff8a6c5a000)]
  0x00007ff8b807f000 JavaThread "Reference Handler" daemon [_thread_in_Java, id=12811, stack(0x00007ff8a6c5a000,0x00007ff8a6d5b000)]
  0x00007ff8b800a000 JavaThread "main" [_thread_in_native, id=12803, stack(0x00007ff8c11a8000,0x00007ff8c12a9000)]

Other Threads:
  0x00007ff8b8077800 VMThread [stack: 0x00007ff8a6d5b000,0x00007ff8a6e5c000] [id=12810]
  0x00007ff8b80dd000 WatcherThread [stack: 0x00007ff8a5101000,0x00007ff8a5202000] [id=12818]

VM state:not at safepoint (normal execution)

VM Mutex/Monitor currently owned by a thread: None

Heap:
 PSYoungGen      total 17920K, used 3326K [0x00000000ec400000, 0x00000000ed800000, 0x0000000100000000)
  eden space 15360K, 5% used [0x00000000ec400000,0x00000000ec4c7b60,0x00000000ed300000)
  from space 2560K, 98% used [0x00000000ed300000,0x00000000ed578020,0x00000000ed580000)
  to   space 2560K, 0% used [0x00000000ed580000,0x00000000ed580000,0x00000000ed800000)
 ParOldGen       total 40960K, used 848K [0x00000000c4c00000, 0x00000000c7400000, 0x00000000ec400000)
  object space 40960K, 2% used [0x00000000c4c00000,0x00000000c4cd4000,0x00000000c7400000)
 Metaspace       used 3730K, capacity 4640K, committed 4864K, reserved 1056768K
  class space    used 412K, capacity 464K, committed 512K, reserved 1048576K

Card table byte_map: [0x00007ff8bdd6f000,0x00007ff8bdf4a000] byte_map_base: 0x00007ff8bd749000

Marking Bits: (ParMarkBitMap*) 0x00007ff8c0673220
 Begin Bits: [0x00007ff8a7260000, 0x00007ff8a8130000)
 End Bits:   [0x00007ff8a8130000, 0x00007ff8a9000000)

Polling page: 0x00007ff8c12c2000

CodeCache: size=245760Kb used=1586Kb max_used=1586Kb free=244173Kb
 bounds [0x00007ff8a9000000, 0x00007ff8a9270000, 0x00007ff8b8000000]
 total_blobs=502 nmethods=239 adapters=177
 compilation: enabled

Compilation events (10 events):
Event: 2.143 Thread 0x00007ff8b80bd000 nmethod 237 0x00007ff8a9187610 code [0x00007ff8a91877c0, 0x00007ff8a9187c88]
Event: 2.143 Thread 0x00007ff8b80bd000  239       3       java.lang.ref.Reference::clear (6 bytes)
Event: 2.143 Thread 0x00007ff8b80bd000 nmethod 239 0x00007ff8a9182a10 code [0x00007ff8a9182b60, 0x00007ff8a9182cd0]
Event: 2.143 Thread 0x00007ff8b80bd000  230       3       java.lang.ref.ReferenceQueue::remove (6 bytes)
Event: 2.144 Thread 0x00007ff8b80bd000 nmethod 230 0x00007ff8a9187210 code [0x00007ff8a9187380, 0x00007ff8a9187588]
Event: 2.144 Thread 0x00007ff8b80bd000  231   !   3       java.lang.ref.ReferenceQueue::remove (125 bytes)
Event: 2.144 Thread 0x00007ff8b80bd000 nmethod 231 0x00007ff8a9186350 code [0x00007ff8a9186540, 0x00007ff8a9186df8]
Event: 2.144 Thread 0x00007ff8b80bd000  232       3       java.lang.ref.Finalizer::access$100 (6 bytes)
Event: 2.144 Thread 0x00007ff8b80bd000 nmethod 232 0x00007ff8a9185fd0 code [0x00007ff8a9186140, 0x00007ff8a91862a8]
Event: 2.145 Thread 0x00007ff8b80b8800  242   !   4       java.lang.ref.ReferenceQueue::enqueue (119 bytes)

GC Heap History (2 events):
Event: 2.122 GC heap before
{Heap before GC invocations=1 (full 0):
 PSYoungGen      total 17920K, used 15360K [0x00000000ec400000, 0x00000000ed800000, 0x0000000100000000)
  eden space 15360K, 100% used [0x00000000ec400000,0x00000000ed300000,0x00000000ed300000)
  from space 2560K, 0% used [0x00000000ed580000,0x00000000ed580000,0x00000000ed800000)
  to   space 2560K, 0% used [0x00000000ed300000,0x00000000ed300000,0x00000000ed580000)
 ParOldGen       total 40960K, used 0K [0x00000000c4c00000, 0x00000000c7400000, 0x00000000ec400000)
  object space 40960K, 0% used [0x00000000c4c00000,0x00000000c4c00000,0x00000000c7400000)
 Metaspace       used 3720K, capacity 4640K, committed 4864K, reserved 1056768K
  class space    used 412K, capacity 464K, committed 512K, reserved 1048576K
Event: 2.134 GC heap after
Heap after GC invocations=1 (full 0):
 PSYoungGen      total 17920K, used 2528K [0x00000000ec400000, 0x00000000ed800000, 0x0000000100000000)
  eden space 15360K, 0% used [0x00000000ec400000,0x00000000ec400000,0x00000000ed300000)
  from space 2560K, 98% used [0x00000000ed300000,0x00000000ed578020,0x00000000ed580000)
  to   space 2560K, 0% used [0x00000000ed580000,0x00000000ed580000,0x00000000ed800000)
 ParOldGen       total 40960K, used 848K [0x00000000c4c00000, 0x00000000c7400000, 0x00000000ec400000)
  object space 40960K, 2% used [0x00000000c4c00000,0x00000000c4cd4000,0x00000000c7400000)
 Metaspace       used 3720K, capacity 4640K, committed 4864K, reserved 1056768K
  class space    used 412K, capacity 464K, committed 512K, reserved 1048576K
}

Deoptimization events (0 events):
No events

Internal exceptions (10 events):
Event: 2.119 Thread 0x00007ff84c001000 Exception <a 'org/simgrid/msg/TimeoutException'> (0x00000000ed262a98) thrown at [/HUDSON3/workspace/8-2-build-linux-amd64/jdk8u111/7883/hotspot/src/share/vm/prims/jni.cpp, line 735]
Event: 2.120 Thread 0x00007ff864001000 Exception <a 'org/simgrid/msg/TimeoutException'> (0x00000000ed217dd0) thrown at [/HUDSON3/workspace/8-2-build-linux-amd64/jdk8u111/7883/hotspot/src/share/vm/prims/jni.cpp, line 735]
Event: 2.120 Thread 0x00007ff854001000 Exception <a 'org/simgrid/msg/TimeoutException'> (0x00000000ed293de0) thrown at [/HUDSON3/workspace/8-2-build-linux-amd64/jdk8u111/7883/hotspot/src/share/vm/prims/jni.cpp, line 735]
Event: 2.120 Thread 0x00007ff858001000 Exception <a 'org/simgrid/msg/TimeoutException'> (0x00000000ed2dba80) thrown at [/HUDSON3/workspace/8-2-build-linux-amd64/jdk8u111/7883/hotspot/src/share/vm/prims/jni.cpp, line 735]
Event: 2.120 Thread 0x00007ff84c001000 Exception <a 'org/simgrid/msg/TimeoutException'> (0x00000000ed263e38) thrown at [/HUDSON3/workspace/8-2-build-linux-amd64/jdk8u111/7883/hotspot/src/share/vm/prims/jni.cpp, line 735]
Event: 2.121 Thread 0x00007ff864001000 Exception <a 'org/simgrid/msg/TimeoutException'> (0x00000000ed219170) thrown at [/HUDSON3/workspace/8-2-build-linux-amd64/jdk8u111/7883/hotspot/src/share/vm/prims/jni.cpp, line 735]
Event: 2.121 Thread 0x00007ff854001000 Exception <a 'org/simgrid/msg/TimeoutException'> (0x00000000ed295180) thrown at [/HUDSON3/workspace/8-2-build-linux-amd64/jdk8u111/7883/hotspot/src/share/vm/prims/jni.cpp, line 735]
Event: 2.121 Thread 0x00007ff858001000 Exception <a 'org/simgrid/msg/TimeoutException'> (0x00000000ed2dce20) thrown at [/HUDSON3/workspace/8-2-build-linux-amd64/jdk8u111/7883/hotspot/src/share/vm/prims/jni.cpp, line 735]
Event: 2.121 Thread 0x00007ff84c001000 Exception <a 'org/simgrid/msg/TimeoutException'> (0x00000000ed2651d8) thrown at [/HUDSON3/workspace/8-2-build-linux-amd64/jdk8u111/7883/hotspot/src/share/vm/prims/jni.cpp, line 735]
Event: 2.122 Thread 0x00007ff864001000 Exception <a 'org/simgrid/msg/TimeoutException'> (0x00000000ed21a510) thrown at [/HUDSON3/workspace/8-2-build-linux-amd64/jdk8u111/7883/hotspot/src/share/vm/prims/jni.cpp, line 735]

Events (10 events):
Event: 0.312 loading class org/simgrid/msg/Task
Event: 0.312 loading class org/simgrid/msg/Task done
Event: 0.314 loading class org/simgrid/msg/Comm
Event: 0.314 loading class org/simgrid/msg/Comm done
Event: 0.327 loading class java/util/regex/Pattern$BnM
Event: 0.327 loading class java/util/regex/Pattern$BnM done
Event: 0.335 loading class org/simgrid/msg/TimeoutException
Event: 0.335 loading class org/simgrid/msg/TimeoutException done
Event: 2.122 Executing VM operation: ParallelGCFailedAllocation
Event: 2.134 Executing VM operation: ParallelGCFailedAllocation done


Dynamic libraries:
00400000-00401000 r-xp 00000000 08:01 8784123                            /home/elixandrebaldi/jdk1.8.0_111/bin/java
00600000-00601000 rw-p 00000000 08:01 8784123                            /home/elixandrebaldi/jdk1.8.0_111/bin/java
0153f000-01560000 rw-p 00000000 00:00 0                                  [heap]
c4c00000-c7400000 rw-p 00000000 00:00 0 
c7400000-ec400000 ---p 00000000 00:00 0 
ec400000-ed800000 rw-p 00000000 00:00 0 
ed800000-100000000 ---p 00000000 00:00 0 
100000000-100080000 rw-p 00000000 00:00 0 
100080000-140000000 ---p 00000000 00:00 0 
7ff844000000-7ff844283000 rw-p 00000000 00:00 0 
7ff844283000-7ff848000000 ---p 00000000 00:00 0 
7ff84c000000-7ff84c272000 rw-p 00000000 00:00 0 
7ff84c272000-7ff850000000 ---p 00000000 00:00 0 
7ff850000000-7ff850246000 rw-p 00000000 00:00 0 
7ff850246000-7ff854000000 ---p 00000000 00:00 0 
7ff854000000-7ff854234000 rw-p 00000000 00:00 0 
7ff854234000-7ff858000000 ---p 00000000 00:00 0 
7ff858000000-7ff858212000 rw-p 00000000 00:00 0 
7ff858212000-7ff85c000000 ---p 00000000 00:00 0 
7ff85c000000-7ff85c20e000 rw-p 00000000 00:00 0 
7ff85c20e000-7ff860000000 ---p 00000000 00:00 0 
7ff860000000-7ff86024f000 rw-p 00000000 00:00 0 
7ff86024f000-7ff864000000 ---p 00000000 00:00 0 
7ff864000000-7ff86427b000 rw-p 00000000 00:00 0 
7ff86427b000-7ff868000000 ---p 00000000 00:00 0 
7ff86bbc9000-7ff86bbcc000 ---p 00000000 00:00 0 
7ff86bbcc000-7ff86c3ca000 rw-p 00000000 00:00 0 
7ff86c3ca000-7ff86c3cd000 ---p 00000000 00:00 0 
7ff86c3cd000-7ff86cbcb000 rw-p 00000000 00:00 0 
7ff86cbcb000-7ff86cbce000 ---p 00000000 00:00 0 
7ff86cbce000-7ff86d3cc000 rw-p 00000000 00:00 0 
7ff86d3cc000-7ff86d3cf000 ---p 00000000 00:00 0 
7ff86d3cf000-7ff86dbcd000 rw-p 00000000 00:00 0 
7ff86dbcd000-7ff86dbd0000 ---p 00000000 00:00 0 
7ff86dbd0000-7ff86e3ce000 rw-p 00000000 00:00 0 
7ff86e3ce000-7ff86e3d1000 ---p 00000000 00:00 0 
7ff86e3d1000-7ff86ebcf000 rw-p 00000000 00:00 0 
7ff86ebcf000-7ff86ebd2000 ---p 00000000 00:00 0 
7ff86ebd2000-7ff86f3d0000 rw-p 00000000 00:00 0 
7ff86f3d0000-7ff86f3d3000 ---p 00000000 00:00 0 
7ff86f3d3000-7ff86fbd1000 rw-p 00000000 00:00 0 
7ff86fbd1000-7ff86fbe9000 r-xp 00000000 08:01 2490495                    /tmp/simgrid-java8141470893617509871/libsimgrid-java.so
7ff86fbe9000-7ff86fde9000 ---p 00018000 08:01 2490495                    /tmp/simgrid-java8141470893617509871/libsimgrid-java.so
7ff86fde9000-7ff86fdea000 rw-p 00018000 08:01 2490495                    /tmp/simgrid-java8141470893617509871/libsimgrid-java.so
7ff86fdea000-7ff86fe00000 r-xp 00000000 08:01 3936627                    /lib/x86_64-linux-gnu/libgcc_s.so.1
7ff86fe00000-7ff86ffff000 ---p 00016000 08:01 3936627                    /lib/x86_64-linux-gnu/libgcc_s.so.1
7ff86ffff000-7ff870000000 rw-p 00015000 08:01 3936627                    /lib/x86_64-linux-gnu/libgcc_s.so.1
7ff870000000-7ff870021000 rw-p 00000000 00:00 0 
7ff870021000-7ff874000000 ---p 00000000 00:00 0 
7ff874000000-7ff874021000 rw-p 00000000 00:00 0 
7ff874021000-7ff878000000 ---p 00000000 00:00 0 
7ff878000000-7ff878205000 rw-p 00000000 00:00 0 
7ff878205000-7ff87c000000 ---p 00000000 00:00 0 
7ff87c000000-7ff87c133000 rw-p 00000000 00:00 0 
7ff87c133000-7ff880000000 ---p 00000000 00:00 0 
7ff880000000-7ff880021000 rw-p 00000000 00:00 0 
7ff880021000-7ff884000000 ---p 00000000 00:00 0 
7ff884000000-7ff8841ac000 rw-p 00000000 00:00 0 
7ff8841ac000-7ff888000000 ---p 00000000 00:00 0 
7ff888000000-7ff888021000 rw-p 00000000 00:00 0 
7ff888021000-7ff88c000000 ---p 00000000 00:00 0 
7ff88c000000-7ff88c021000 rw-p 00000000 00:00 0 
7ff88c021000-7ff890000000 ---p 00000000 00:00 0 
7ff890000000-7ff890021000 rw-p 00000000 00:00 0 
7ff890021000-7ff894000000 ---p 00000000 00:00 0 
7ff894000000-7ff894021000 rw-p 00000000 00:00 0 
7ff894021000-7ff898000000 ---p 00000000 00:00 0 
7ff898000000-7ff898021000 rw-p 00000000 00:00 0 
7ff898021000-7ff89c000000 ---p 00000000 00:00 0 
7ff89c000000-7ff89c021000 rw-p 00000000 00:00 0 
7ff89c021000-7ff8a0000000 ---p 00000000 00:00 0 
7ff8a0000000-7ff8a0021000 rw-p 00000000 00:00 0 
7ff8a0021000-7ff8a4000000 ---p 00000000 00:00 0 
7ff8a414e000-7ff8a42c0000 r-xp 00000000 08:01 23332798                   /usr/lib/x86_64-linux-gnu/libstdc++.so.6.0.21
7ff8a42c0000-7ff8a44c0000 ---p 00172000 08:01 23332798                   /usr/lib/x86_64-linux-gnu/libstdc++.so.6.0.21
7ff8a44c0000-7ff8a44ca000 r--p 00172000 08:01 23332798                   /usr/lib/x86_64-linux-gnu/libstdc++.so.6.0.21
7ff8a44ca000-7ff8a44cc000 rw-p 0017c000 08:01 23332798                   /usr/lib/x86_64-linux-gnu/libstdc++.so.6.0.21
7ff8a44cc000-7ff8a44d0000 rw-p 00000000 00:00 0 
7ff8a44d0000-7ff8a4795000 r-xp 00000000 08:01 2490494                    /tmp/simgrid-java8141470893617509871/libsimgrid.so
7ff8a4795000-7ff8a4995000 ---p 002c5000 08:01 2490494                    /tmp/simgrid-java8141470893617509871/libsimgrid.so
7ff8a4995000-7ff8a49d0000 rw-p 002c5000 08:01 2490494                    /tmp/simgrid-java8141470893617509871/libsimgrid.so
7ff8a49d0000-7ff8a4cd9000 rw-p 00000000 00:00 0 
7ff8a4cd9000-7ff8a4cef000 r-xp 00000000 08:01 8783936                    /home/elixandrebaldi/jdk1.8.0_111/jre/lib/amd64/libnet.so
7ff8a4cef000-7ff8a4eef000 ---p 00016000 08:01 8783936                    /home/elixandrebaldi/jdk1.8.0_111/jre/lib/amd64/libnet.so
7ff8a4eef000-7ff8a4ef0000 rw-p 00016000 08:01 8783936                    /home/elixandrebaldi/jdk1.8.0_111/jre/lib/amd64/libnet.so
7ff8a4ef0000-7ff8a4f01000 r-xp 00000000 08:01 8783935                    /home/elixandrebaldi/jdk1.8.0_111/jre/lib/amd64/libnio.so
7ff8a4f01000-7ff8a5100000 ---p 00011000 08:01 8783935                    /home/elixandrebaldi/jdk1.8.0_111/jre/lib/amd64/libnio.so
7ff8a5100000-7ff8a5101000 rw-p 00010000 08:01 8783935                    /home/elixandrebaldi/jdk1.8.0_111/jre/lib/amd64/libnio.so
7ff8a5101000-7ff8a5102000 ---p 00000000 00:00 0 
7ff8a5102000-7ff8a5202000 rw-p 00000000 00:00 0 
7ff8a5202000-7ff8a5205000 ---p 00000000 00:00 0 
7ff8a5205000-7ff8a5303000 rw-p 00000000 00:00 0 
7ff8a5303000-7ff8a5306000 ---p 00000000 00:00 0 
7ff8a5306000-7ff8a5404000 rw-p 00000000 00:00 0 
7ff8a5404000-7ff8a5407000 ---p 00000000 00:00 0 
7ff8a5407000-7ff8a5505000 rw-p 00000000 00:00 0 
7ff8a5505000-7ff8a5508000 ---p 00000000 00:00 0 
7ff8a5508000-7ff8a5606000 rw-p 00000000 00:00 0 
7ff8a5606000-7ff8a5609000 ---p 00000000 00:00 0 
7ff8a5609000-7ff8a5707000 rw-p 00000000 00:00 0 
7ff8a5707000-7ff8a6b59000 r--p 00000000 08:01 23331759                   /usr/lib/locale/locale-archive
7ff8a6b59000-7ff8a6b5c000 ---p 00000000 00:00 0 
7ff8a6b5c000-7ff8a6c5a000 rw-p 00000000 00:00 0 
7ff8a6c5a000-7ff8a6c5d000 ---p 00000000 00:00 0 
7ff8a6c5d000-7ff8a6d5b000 rw-p 00000000 00:00 0 
7ff8a6d5b000-7ff8a6d5c000 ---p 00000000 00:00 0 
7ff8a6d5c000-7ff8a9000000 rw-p 00000000 00:00 0 
7ff8a9000000-7ff8a9270000 rwxp 00000000 00:00 0 
7ff8a9270000-7ff8b8000000 ---p 00000000 00:00 0 
7ff8b8000000-7ff8b8401000 rw-p 00000000 00:00 0 
7ff8b8401000-7ff8bc000000 ---p 00000000 00:00 0 
7ff8bc04a000-7ff8bcc07000 rw-p 00000000 00:00 0 
7ff8bcc07000-7ff8bcddf000 r--s 03d2a000 08:01 8784070                    /home/elixandrebaldi/jdk1.8.0_111/jre/lib/rt.jar
7ff8bcddf000-7ff8bd295000 rw-p 00000000 00:00 0 
7ff8bd295000-7ff8bd655000 ---p 00000000 00:00 0 
7ff8bd655000-7ff8bd82f000 rw-p 00000000 00:00 0 
7ff8bd82f000-7ff8bd830000 ---p 00000000 00:00 0 
7ff8bd830000-7ff8bd930000 rw-p 00000000 00:00 0 
7ff8bd930000-7ff8bd931000 ---p 00000000 00:00 0 
7ff8bd931000-7ff8bda31000 rw-p 00000000 00:00 0 
7ff8bda31000-7ff8bda32000 ---p 00000000 00:00 0 
7ff8bda32000-7ff8bdb32000 rw-p 00000000 00:00 0 
7ff8bdb32000-7ff8bdb33000 ---p 00000000 00:00 0 
7ff8bdb33000-7ff8bdc47000 rw-p 00000000 00:00 0 
7ff8bdc47000-7ff8bdd6f000 ---p 00000000 00:00 0 
7ff8bdd6f000-7ff8bdd83000 rw-p 00000000 00:00 0 
7ff8bdd83000-7ff8bdeab000 ---p 00000000 00:00 0 
7ff8bdeab000-7ff8bdeb5000 rw-p 00000000 00:00 0 
7ff8bdeb5000-7ff8bdf49000 ---p 00000000 00:00 0 
7ff8bdf49000-7ff8bdf54000 rw-p 00000000 00:00 0 
7ff8bdf54000-7ff8be30a000 ---p 00000000 00:00 0 
7ff8be30a000-7ff8be324000 r-xp 00000000 08:01 8783934                    /home/elixandrebaldi/jdk1.8.0_111/jre/lib/amd64/libzip.so
7ff8be324000-7ff8be524000 ---p 0001a000 08:01 8783934                    /home/elixandrebaldi/jdk1.8.0_111/jre/lib/amd64/libzip.so
7ff8be524000-7ff8be525000 rw-p 0001a000 08:01 8783934                    /home/elixandrebaldi/jdk1.8.0_111/jre/lib/amd64/libzip.so
7ff8be525000-7ff8be530000 r-xp 00000000 08:01 3932251                    /lib/x86_64-linux-gnu/libnss_files-2.23.so
7ff8be530000-7ff8be72f000 ---p 0000b000 08:01 3932251                    /lib/x86_64-linux-gnu/libnss_files-2.23.so
7ff8be72f000-7ff8be730000 r--p 0000a000 08:01 3932251                    /lib/x86_64-linux-gnu/libnss_files-2.23.so
7ff8be730000-7ff8be731000 rw-p 0000b000 08:01 3932251                    /lib/x86_64-linux-gnu/libnss_files-2.23.so
7ff8be731000-7ff8be737000 rw-p 00000000 00:00 0 
7ff8be737000-7ff8be742000 r-xp 00000000 08:01 3932244                    /lib/x86_64-linux-gnu/libnss_nis-2.23.so
7ff8be742000-7ff8be941000 ---p 0000b000 08:01 3932244                    /lib/x86_64-linux-gnu/libnss_nis-2.23.so
7ff8be941000-7ff8be942000 r--p 0000a000 08:01 3932244                    /lib/x86_64-linux-gnu/libnss_nis-2.23.so
7ff8be942000-7ff8be943000 rw-p 0000b000 08:01 3932244                    /lib/x86_64-linux-gnu/libnss_nis-2.23.so
7ff8be943000-7ff8be959000 r-xp 00000000 08:01 3932246                    /lib/x86_64-linux-gnu/libnsl-2.23.so
7ff8be959000-7ff8beb58000 ---p 00016000 08:01 3932246                    /lib/x86_64-linux-gnu/libnsl-2.23.so
7ff8beb58000-7ff8beb59000 r--p 00015000 08:01 3932246                    /lib/x86_64-linux-gnu/libnsl-2.23.so
7ff8beb59000-7ff8beb5a000 rw-p 00016000 08:01 3932246                    /lib/x86_64-linux-gnu/libnsl-2.23.so
7ff8beb5a000-7ff8beb5c000 rw-p 00000000 00:00 0 
7ff8beb5c000-7ff8beb64000 r-xp 00000000 08:01 3932253                    /lib/x86_64-linux-gnu/libnss_compat-2.23.so
7ff8beb64000-7ff8bed63000 ---p 00008000 08:01 3932253                    /lib/x86_64-linux-gnu/libnss_compat-2.23.so
7ff8bed63000-7ff8bed64000 r--p 00007000 08:01 3932253                    /lib/x86_64-linux-gnu/libnss_compat-2.23.so
7ff8bed64000-7ff8bed65000 rw-p 00008000 08:01 3932253                    /lib/x86_64-linux-gnu/libnss_compat-2.23.so
7ff8bed65000-7ff8bed90000 r-xp 00000000 08:01 8783907                    /home/elixandrebaldi/jdk1.8.0_111/jre/lib/amd64/libjava.so
7ff8bed90000-7ff8bef8f000 ---p 0002b000 08:01 8783907                    /home/elixandrebaldi/jdk1.8.0_111/jre/lib/amd64/libjava.so
7ff8bef8f000-7ff8bef91000 rw-p 0002a000 08:01 8783907                    /home/elixandrebaldi/jdk1.8.0_111/jre/lib/amd64/libjava.so
7ff8bef91000-7ff8bef9e000 r-xp 00000000 08:01 8783870                    /home/elixandrebaldi/jdk1.8.0_111/jre/lib/amd64/libverify.so
7ff8bef9e000-7ff8bf19d000 ---p 0000d000 08:01 8783870                    /home/elixandrebaldi/jdk1.8.0_111/jre/lib/amd64/libverify.so
7ff8bf19d000-7ff8bf19f000 rw-p 0000c000 08:01 8783870                    /home/elixandrebaldi/jdk1.8.0_111/jre/lib/amd64/libverify.so
7ff8bf19f000-7ff8bf1a6000 r-xp 00000000 08:01 3932254                    /lib/x86_64-linux-gnu/librt-2.23.so
7ff8bf1a6000-7ff8bf3a5000 ---p 00007000 08:01 3932254                    /lib/x86_64-linux-gnu/librt-2.23.so
7ff8bf3a5000-7ff8bf3a6000 r--p 00006000 08:01 3932254                    /lib/x86_64-linux-gnu/librt-2.23.so
7ff8bf3a6000-7ff8bf3a7000 rw-p 00007000 08:01 3932254                    /lib/x86_64-linux-gnu/librt-2.23.so
7ff8bf3a7000-7ff8bf4af000 r-xp 00000000 08:01 3932245                    /lib/x86_64-linux-gnu/libm-2.23.so
7ff8bf4af000-7ff8bf6ae000 ---p 00108000 08:01 3932245                    /lib/x86_64-linux-gnu/libm-2.23.so
7ff8bf6ae000-7ff8bf6af000 r--p 00107000 08:01 3932245                    /lib/x86_64-linux-gnu/libm-2.23.so
7ff8bf6af000-7ff8bf6b0000 rw-p 00108000 08:01 3932245                    /lib/x86_64-linux-gnu/libm-2.23.so
7ff8bf6b0000-7ff8c037d000 r-xp 00000000 08:01 8783785                    /home/elixandrebaldi/jdk1.8.0_111/jre/lib/amd64/server/libjvm.so
7ff8c037d000-7ff8c057c000 ---p 00ccd000 08:01 8783785                    /home/elixandrebaldi/jdk1.8.0_111/jre/lib/amd64/server/libjvm.so
7ff8c057c000-7ff8c0655000 rw-p 00ccc000 08:01 8783785                    /home/elixandrebaldi/jdk1.8.0_111/jre/lib/amd64/server/libjvm.so
7ff8c0655000-7ff8c06a0000 rw-p 00000000 00:00 0 
7ff8c06a0000-7ff8c085f000 r-xp 00000000 08:01 3932247                    /lib/x86_64-linux-gnu/libc-2.23.so
7ff8c085f000-7ff8c0a5f000 ---p 001bf000 08:01 3932247                    /lib/x86_64-linux-gnu/libc-2.23.so
7ff8c0a5f000-7ff8c0a63000 r--p 001bf000 08:01 3932247                    /lib/x86_64-linux-gnu/libc-2.23.so
7ff8c0a63000-7ff8c0a65000 rw-p 001c3000 08:01 3932247                    /lib/x86_64-linux-gnu/libc-2.23.so
7ff8c0a65000-7ff8c0a69000 rw-p 00000000 00:00 0 
7ff8c0a69000-7ff8c0a6c000 r-xp 00000000 08:01 3932243                    /lib/x86_64-linux-gnu/libdl-2.23.so
7ff8c0a6c000-7ff8c0c6b000 ---p 00003000 08:01 3932243                    /lib/x86_64-linux-gnu/libdl-2.23.so
7ff8c0c6b000-7ff8c0c6c000 r--p 00002000 08:01 3932243                    /lib/x86_64-linux-gnu/libdl-2.23.so
7ff8c0c6c000-7ff8c0c6d000 rw-p 00003000 08:01 3932243                    /lib/x86_64-linux-gnu/libdl-2.23.so
7ff8c0c6d000-7ff8c0c82000 r-xp 00000000 08:01 8783943                    /home/elixandrebaldi/jdk1.8.0_111/lib/amd64/jli/libjli.so
7ff8c0c82000-7ff8c0e82000 ---p 00015000 08:01 8783943                    /home/elixandrebaldi/jdk1.8.0_111/lib/amd64/jli/libjli.so
7ff8c0e82000-7ff8c0e83000 rw-p 00015000 08:01 8783943                    /home/elixandrebaldi/jdk1.8.0_111/lib/amd64/jli/libjli.so
7ff8c0e83000-7ff8c0e9b000 r-xp 00000000 08:01 3932258                    /lib/x86_64-linux-gnu/libpthread-2.23.so
7ff8c0e9b000-7ff8c109a000 ---p 00018000 08:01 3932258                    /lib/x86_64-linux-gnu/libpthread-2.23.so
7ff8c109a000-7ff8c109b000 r--p 00017000 08:01 3932258                    /lib/x86_64-linux-gnu/libpthread-2.23.so
7ff8c109b000-7ff8c109c000 rw-p 00018000 08:01 3932258                    /lib/x86_64-linux-gnu/libpthread-2.23.so
7ff8c109c000-7ff8c10a0000 rw-p 00000000 00:00 0 
7ff8c10a0000-7ff8c10c6000 r-xp 00000000 08:01 3932248                    /lib/x86_64-linux-gnu/ld-2.23.so
7ff8c10d0000-7ff8c11a8000 rw-p 00000000 00:00 0 
7ff8c11a8000-7ff8c11ab000 ---p 00000000 00:00 0 
7ff8c11ab000-7ff8c12ad000 rw-p 00000000 00:00 0 
7ff8c12b1000-7ff8c12b6000 r--s 00096000 08:01 8783911                    /home/elixandrebaldi/jdk1.8.0_111/jre/lib/jsse.jar
7ff8c12b6000-7ff8c12b9000 r--s 00f76000 08:01 8524426                    /home/elixandrebaldi/Documentos/VCubeDHT/simgrid.jar
7ff8c12b9000-7ff8c12c1000 rw-s 00000000 08:01 2359398                    /tmp/hsperfdata_elixandrebaldi/12800
7ff8c12c1000-7ff8c12c2000 rw-p 00000000 00:00 0 
7ff8c12c2000-7ff8c12c3000 r--p 00000000 00:00 0 
7ff8c12c3000-7ff8c12c5000 rw-p 00000000 00:00 0 
7ff8c12c5000-7ff8c12c6000 r--p 00025000 08:01 3932248                    /lib/x86_64-linux-gnu/ld-2.23.so
7ff8c12c6000-7ff8c12c7000 rw-p 00026000 08:01 3932248                    /lib/x86_64-linux-gnu/ld-2.23.so
7ff8c12c7000-7ff8c12c8000 rw-p 00000000 00:00 0 
7fffc699f000-7fffc69c0000 rw-p 00000000 00:00 0                          [stack]
7fffc69cf000-7fffc69d1000 r--p 00000000 00:00 0                          [vvar]
7fffc69d1000-7fffc69d3000 r-xp 00000000 00:00 0                          [vdso]
ffffffffff600000-ffffffffff601000 r-xp 00000000 00:00 0                  [vsyscall]

VM Arguments:
jvm_args: -Dfile.encoding=UTF-8 
java_command: vcube.VCube platform.xml deployment.xml
java_class_path (initial): /home/elixandrebaldi/Documentos/VCubeDHT/simgrid.jar:/home/elixandrebaldi/Documentos/VCubeDHT/VCube/build/classes
Launcher Type: SUN_STANDARD

Environment Variables:
PATH=/home/elixandrebaldi/bin:/home/elixandrebaldi/.local/bin:/usr/local/sbin:/usr/local/bin:/usr/sbin:/usr/bin:/sbin:/bin:/usr/games:/usr/local/games
LD_LIBRARY_PATH=/home/elixandrebaldi/jdk1.8.0_111/jre/lib/amd64:/home/elixandrebaldi/jdk1.8.0_111/jre/lib/i386:
SHELL=/bin/bash
DISPLAY=:0

Signal Handlers:
SIGSEGV: [libjvm.so+0xac64b0], sa_mask[0]=11111111011111111101111111111110, sa_flags=SA_RESTART|SA_SIGINFO
SIGBUS: [libjvm.so+0xac64b0], sa_mask[0]=11111111011111111101111111111110, sa_flags=SA_RESTART|SA_SIGINFO
SIGFPE: [libjvm.so+0x91f950], sa_mask[0]=11111111011111111101111111111110, sa_flags=SA_RESTART|SA_SIGINFO
SIGPIPE: [libjvm.so+0x91f950], sa_mask[0]=11111111011111111101111111111110, sa_flags=SA_RESTART|SA_SIGINFO
SIGXFSZ: [libjvm.so+0x91f950], sa_mask[0]=11111111011111111101111111111110, sa_flags=SA_RESTART|SA_SIGINFO
SIGILL: [libjvm.so+0x91f950], sa_mask[0]=11111111011111111101111111111110, sa_flags=SA_RESTART|SA_SIGINFO
SIGUSR1: SIG_DFL, sa_mask[0]=00000000000000000000000000000000, sa_flags=none
SIGUSR2: [libjvm.so+0x920f80], sa_mask[0]=00100000000000000000000000000000, sa_flags=SA_RESTART|SA_SIGINFO
SIGHUP: [libjvm.so+0x922380], sa_mask[0]=11111111011111111101111111111110, sa_flags=SA_RESTART|SA_SIGINFO
SIGINT: [libsimgrid.so+0x8ff50], sa_mask[0]=01000000000000000000000000000000, sa_flags=SA_RESTART
SIGTERM: [libjvm.so+0x922380], sa_mask[0]=11111111011111111101111111111110, sa_flags=SA_RESTART|SA_SIGINFO
SIGQUIT: [libjvm.so+0x922380], sa_mask[0]=11111111011111111101111111111110, sa_flags=SA_RESTART|SA_SIGINFO


---------------  S Y S T E M  ---------------

OS:DISTRIB_ID="elementary"
DISTRIB_RELEASE=0.4
DISTRIB_CODENAME=loki
DISTRIB_DESCRIPTION="elementary OS 0.4 Loki"

uname:Linux 4.4.0-77-generic #98-Ubuntu SMP Wed Apr 26 08:34:02 UTC 2017 x86_64
libc:glibc 2.23 NPTL 2.23 
rlimit: STACK 8192k, CORE 0k, NPROC 14993, NOFILE 65536, AS infinity
load average:1.29 1.14 0.68

/proc/meminfo:
MemTotal:        3878616 kB
MemFree:          162736 kB
MemAvailable:    1405708 kB
Buffers:          161140 kB
Cached:          1454208 kB
SwapCached:         3656 kB
Active:          2214036 kB
Inactive:        1216448 kB
Active(anon):    1463852 kB
Inactive(anon):   591144 kB
Active(file):     750184 kB
Inactive(file):   625304 kB
Unevictable:          48 kB
Mlocked:              48 kB
SwapTotal:       4025340 kB
SwapFree:        3895944 kB
Dirty:             12556 kB
Writeback:             0 kB
AnonPages:       1812588 kB
Mapped:           311580 kB
Shmem:            239788 kB
Slab:             175872 kB
SReclaimable:     139960 kB
SUnreclaim:        35912 kB
KernelStack:        8592 kB
PageTables:        35144 kB
NFS_Unstable:          0 kB
Bounce:                0 kB
WritebackTmp:          0 kB
CommitLimit:     5964648 kB
Committed_AS:    5543316 kB
VmallocTotal:   34359738367 kB
VmallocUsed:           0 kB
VmallocChunk:          0 kB
HardwareCorrupted:     0 kB
AnonHugePages:    696320 kB
CmaTotal:              0 kB
CmaFree:               0 kB
HugePages_Total:       0
HugePages_Free:        0
HugePages_Rsvd:        0
HugePages_Surp:        0
Hugepagesize:       2048 kB
DirectMap4k:      183032 kB
DirectMap2M:     3844096 kB


CPU:total 4 (2 cores per cpu, 2 threads per core) family 6 model 58 stepping 9, cmov, cx8, fxsr, mmx, sse, sse2, sse3, ssse3, sse4.1, sse4.2, popcnt, avx, clmul, erms, ht, tsc, tscinvbit, tscinv

/proc/cpuinfo:
processor	: 0
vendor_id	: GenuineIntel
cpu family	: 6
model		: 58
model name	: Intel(R) Core(TM) i7-3517U CPU @ 1.90GHz
stepping	: 9
microcode	: 0x12
cpu MHz		: 2799.937
cache size	: 4096 KB
physical id	: 0
siblings	: 4
core id		: 0
cpu cores	: 2
apicid		: 0
initial apicid	: 0
fpu		: yes
fpu_exception	: yes
cpuid level	: 13
wp		: yes
flags		: fpu vme de pse tsc msr pae mce cx8 apic sep mtrr pge mca cmov pat pse36 clflush dts acpi mmx fxsr sse sse2 ss ht tm pbe syscall nx rdtscp lm constant_tsc arch_perfmon pebs bts rep_good nopl xtopology nonstop_tsc aperfmperf eagerfpu pni pclmulqdq dtes64 monitor ds_cpl vmx est tm2 ssse3 cx16 xtpr pdcm pcid sse4_1 sse4_2 x2apic popcnt tsc_deadline_timer xsave avx f16c rdrand lahf_lm epb tpr_shadow vnmi flexpriority ept vpid fsgsbase smep erms xsaveopt dtherm ida arat pln pts
bugs		:
bogomips	: 4789.09
clflush size	: 64
cache_alignment	: 64
address sizes	: 36 bits physical, 48 bits virtual
power management:

processor	: 1
vendor_id	: GenuineIntel
cpu family	: 6
model		: 58
model name	: Intel(R) Core(TM) i7-3517U CPU @ 1.90GHz
stepping	: 9
microcode	: 0x12
cpu MHz		: 2799.937
cache size	: 4096 KB
physical id	: 0
siblings	: 4
core id		: 0
cpu cores	: 2
apicid		: 1
initial apicid	: 1
fpu		: yes
fpu_exception	: yes
cpuid level	: 13
wp		: yes
flags		: fpu vme de pse tsc msr pae mce cx8 apic sep mtrr pge mca cmov pat pse36 clflush dts acpi mmx fxsr sse sse2 ss ht tm pbe syscall nx rdtscp lm constant_tsc arch_perfmon pebs bts rep_good nopl xtopology nonstop_tsc aperfmperf eagerfpu pni pclmulqdq dtes64 monitor ds_cpl vmx est tm2 ssse3 cx16 xtpr pdcm pcid sse4_1 sse4_2 x2apic popcnt tsc_deadline_timer xsave avx f16c rdrand lahf_lm epb tpr_shadow vnmi flexpriority ept vpid fsgsbase smep erms xsaveopt dtherm ida arat pln pts
bugs		:
bogomips	: 4789.09
clflush size	: 64
cache_alignment	: 64
address sizes	: 36 bits physical, 48 bits virtual
power management:

processor	: 2
vendor_id	: GenuineIntel
cpu family	: 6
model		: 58
model name	: Intel(R) Core(TM) i7-3517U CPU @ 1.90GHz
stepping	: 9
microcode	: 0x12
cpu MHz		: 2799.937
cache size	: 4096 KB
physical id	: 0
siblings	: 4
core id		: 1
cpu cores	: 2
apicid		: 2
initial apicid	: 2
fpu		: yes
fpu_exception	: yes
cpuid level	: 13
wp		: yes
flags		: fpu vme de pse tsc msr pae mce cx8 apic sep mtrr pge mca cmov pat pse36 clflush dts acpi mmx fxsr sse sse2 ss ht tm pbe syscall nx rdtscp lm constant_tsc arch_perfmon pebs bts rep_good nopl xtopology nonstop_tsc aperfmperf eagerfpu pni pclmulqdq dtes64 monitor ds_cpl vmx est tm2 ssse3 cx16 xtpr pdcm pcid sse4_1 sse4_2 x2apic popcnt tsc_deadline_timer xsave avx f16c rdrand lahf_lm epb tpr_shadow vnmi flexpriority ept vpid fsgsbase smep erms xsaveopt dtherm ida arat pln pts
bugs		:
bogomips	: 4789.09
clflush size	: 64
cache_alignment	: 64
address sizes	: 36 bits physical, 48 bits virtual
power management:

processor	: 3
vendor_id	: GenuineIntel
cpu family	: 6
model		: 58
model name	: Intel(R) Core(TM) i7-3517U CPU @ 1.90GHz
stepping	: 9
microcode	: 0x12
cpu MHz		: 2799.937
cache size	: 4096 KB
physical id	: 0
siblings	: 4
core id		: 1
cpu cores	: 2
apicid		: 3
initial apicid	: 3
fpu		: yes
fpu_exception	: yes
cpuid level	: 13
wp		: yes
flags		: fpu vme de pse tsc msr pae mce cx8 apic sep mtrr pge mca cmov pat pse36 clflush dts acpi mmx fxsr sse sse2 ss ht tm pbe syscall nx rdtscp lm constant_tsc arch_perfmon pebs bts rep_good nopl xtopology nonstop_tsc aperfmperf eagerfpu pni pclmulqdq dtes64 monitor ds_cpl vmx est tm2 ssse3 cx16 xtpr pdcm pcid sse4_1 sse4_2 x2apic popcnt tsc_deadline_timer xsave avx f16c rdrand lahf_lm epb tpr_shadow vnmi flexpriority ept vpid fsgsbase smep erms xsaveopt dtherm ida arat pln pts
bugs		:
bogomips	: 4789.09
clflush size	: 64
cache_alignment	: 64
address sizes	: 36 bits physical, 48 bits virtual
power management:



Memory: 4k page, physical 3878616k(162736k free), swap 4025340k(3895944k free)

vm_info: Java HotSpot(TM) 64-Bit Server VM (25.111-b14) for linux-amd64 JRE (1.8.0_111-b14), built on Sep 22 2016 16:14:03 by "java_re" with gcc 4.3.0 20080428 (Red Hat 4.3.0-8)

time: Sat May  6 15:35:17 2017
elapsed time: 2 seconds (0d 0h 0m 2s)

