#
# A fatal error has been detected by the Java Runtime Environment:
#
#  SIGSEGV (0xb) at pc=0x00007fe572573263, pid=6217, tid=140623469340416
#
# JRE version: Java(TM) SE Runtime Environment (7.0_80-b15) (build 1.7.0_80-b15)
# Java VM: Java HotSpot(TM) 64-Bit Server VM (24.80-b11 mixed mode linux-amd64 compressed oops)
# Problematic frame:
# C  [libsimgrid.so+0x190263]  xbt_dynar_member+0x23
#
# Failed to write core dump. Core dumps have been disabled. To enable core dumping, try "ulimit -c unlimited" before starting Java again
#
# If you would like to submit a bug report, please visit:
#   http://bugreport.java.com/bugreport/crash.jsp
#

---------------  T H R E A D  ---------------

Current thread (0x00007fe57c06a000):  VMThread [stack: 0x00007fe573dfe000,0x00007fe573eff000] [id=6227]

siginfo:si_signo=SIGSEGV: si_errno=0, si_code=1 (SEGV_MAPERR), si_addr=0x0000000000000000

Registers:
RAX=0x0000000000000000, RBX=0x00007fe5728df700, RCX=0x00007fe57c132b80, RDX=0x00007fe573efea30
RSP=0x00007fe573efd690, RBP=0x00007fe57c12cb20, RSI=0x00007fe573efd838, RDI=0x00007fe573efd750
R8 =0x00007fe57c123b30, R9 =0x0000000000000000, R10=0x0000000000000c58, R11=0x00007fe572573240
R12=0x00007fe5728ea790, R13=0x00007fe57c10cb70, R14=0x00000000000003d8, R15=0x00007fe57c027e58
RIP=0x00007fe572573263, EFLAGS=0x0000000000010206, CSGSFS=0x0000000000000033, ERR=0x0000000000000004
  TRAPNO=0x000000000000000e

Top of Stack: (sp=0x00007fe573efd690)
0x00007fe573efd690:   00007fe57c10b510 00007fe573efd6b0
0x00007fe573efd6a0:   00007fe57c123ba0 00007fe573efd838
0x00007fe573efd6b0:   00000000ffffffff 0000000000000008
0x00007fe573efd6c0:   00007fe5723fc628 00007fe57c10b510
0x00007fe573efd6d0:   00007fe579064a00 00007fe57c10b870
0x00007fe573efd6e0:   00007fe573efd830 0000000000000000
0x00007fe573efd6f0:   0000000000000005 0000000000000000
0x00007fe573efd700:   00007fe573efd858 00007fe5857e4c11
0x00007fe573efd710:   0000000000000000 0000000000000000
0x00007fe573efd720:   0000000000000005 00007fe5728aede8
0x00007fe573efd730:   00007fe5728ea790 00007fe57c10cb70
0x00007fe573efd740:   00000000000003d8 00007fe57c027e58
0x00007fe573efd750:   0000000000000000 00007fe5857e99ad
0x00007fe573efd760:   0000000000000005 0000000000000000
0x00007fe573efd770:   00007fe57c10b510 00007fe5723fc628
0x00007fe573efd780:   00007fe5728df700 00007fe57c12cb20
0x00007fe573efd790:   00007fe5728ea790 00007fe5857f0f30
0x00007fe573efd7a0:   00007fe5723ec308 00007fe57c10b510
0x00007fe573efd7b0:   00000000000032e7 0000000024f492f1
0x00007fe573efd7c0:   0000000000000000 00007fe57c06ac00
0x00007fe573efd7d0:   00007fe57c06ac00 00007fe573efd8a0
0x00007fe573efd7e0:   00007fe57c132b80 00007fe57c132b80
0x00007fe573efd7f0:   0000000000000001 00007fe573efd838
0x00007fe573efd800:   00007fe57c123ba0 00007fe57c123b30
0x00007fe573efd810:   0000000000000000 00007fe57c10b510
0x00007fe573efd820:   00007fe5728df700 00007fe57259034f
0x00007fe573efd830:   0000000000000000 00007fe57c132b80
0x00007fe573efd840:   0000000000000005 0000000000000000
0x00007fe573efd850:   00007fe57c027e58 00007fe5728e2a98
0x00007fe573efd860:   00007fe57c125d90 0000000000000001
0x00007fe573efd870:   00007fe57c10cb70 00007fe572571d37
0x00007fe573efd880:   00007fe57c10cb70 00007fe5728e2098 

Instructions: (pc=0x00007fe572573263)
0x00007fe572573243:   ec 90 01 00 00 48 8b 05 01 a2 33 00 48 89 7c 24
0x00007fe572573253:   10 48 89 74 24 18 ff 10 48 8d bc 24 c0 00 00 00
0x00007fe572573263:   48 8b 08 48 89 04 24 48 89 38 48 89 4c 24 08 e8
0x00007fe572573273:   79 31 ed ff 85 c0 74 75 48 8b 14 24 c7 42 08 01 

Register to memory mapping:

RAX=0x0000000000000000 is an unknown value
RBX=0x00007fe5728df700: _simgrid_log_category__simix_process+0 in /tmp/simgrid-java7130838601361979240/libsimgrid.so at 0x00007fe5723e3000
RCX=0x00007fe57c132b80 is an unknown value
RDX=0x00007fe573efea30 is an unknown value
RSP=0x00007fe573efd690 is an unknown value
RBP=0x00007fe57c12cb20 is an unknown value
RSI=0x00007fe573efd838 is an unknown value
RDI=0x00007fe573efd750 is an unknown value
R8 =0x00007fe57c123b30 is an unknown value
R9 =0x0000000000000000 is an unknown value
R10=0x0000000000000c58 is an unknown value
R11=0x00007fe572573240: xbt_dynar_member+0 in /tmp/simgrid-java7130838601361979240/libsimgrid.so at 0x00007fe5723e3000
R12=0x00007fe5728ea790: simix_global+0 in /tmp/simgrid-java7130838601361979240/libsimgrid.so at 0x00007fe5723e3000
R13=0x00007fe57c10cb70 is an unknown value
R14=0x00000000000003d8 is an unknown value
R15=0x00007fe57c027e58 is an unknown value


Stack: [0x00007fe573dfe000,0x00007fe573eff000],  sp=0x00007fe573efd690,  free space=1021k
Native frames: (J=compiled Java code, j=interpreted, Vv=VM code, C=native code)
C  [libsimgrid.so+0x190263]  xbt_dynar_member+0x23

VM_Operation (0x00007fe57042c530): Exit, mode: safepoint, requested by thread 0x00007fe54c001000


---------------  P R O C E S S  ---------------

Java Threads: ( => current thread )
  0x00007fe54c001000 JavaThread "SIGTERM handler" daemon [_thread_blocked, id=6250, stack(0x00007fe57032d000,0x00007fe57042e000)]
  0x00007fe504001000 JavaThread "Thread-15" [_thread_in_native, id=6249, stack(0x00007fe5197fb000,0x00007fe519ffc000)]
  0x00007fe500001000 JavaThread "Thread-14" [_thread_in_native, id=6248, stack(0x00007fe519ffc000,0x00007fe51a7fd000)]
  0x00007fe50c001000 JavaThread "Thread-13" [_thread_in_native, id=6247, stack(0x00007fe51a7fd000,0x00007fe51affe000)]
  0x00007fe508001000 JavaThread "Thread-12" [_thread_in_native, id=6246, stack(0x00007fe51affe000,0x00007fe51b7ff000)]
  0x00007fe510001000 JavaThread "Thread-11" [_thread_in_native, id=6245, stack(0x00007fe51b7ff000,0x00007fe51c000000)]
  0x00007fe514001000 JavaThread "Thread-10" [_thread_in_native, id=6244, stack(0x00007fe5687f9000,0x00007fe568ffa000)]
  0x00007fe520001000 JavaThread "Thread-9" [_thread_in_native, id=6243, stack(0x00007fe568ffa000,0x00007fe5697fb000)]
  0x00007fe51c001000 JavaThread "Thread-8" [_thread_in_native, id=6242, stack(0x00007fe5697fb000,0x00007fe569ffc000)]
  0x00007fe528001000 JavaThread "Thread-7" [_thread_in_native, id=6241, stack(0x00007fe569ffc000,0x00007fe56a7fd000)]
  0x00007fe524001000 JavaThread "Thread-6" [_thread_in_native, id=6240, stack(0x00007fe56a7fd000,0x00007fe56affe000)]
  0x00007fe530001000 JavaThread "Thread-5" [_thread_in_native, id=6239, stack(0x00007fe56affe000,0x00007fe56b7ff000)]
  0x00007fe52c001000 JavaThread "Thread-4" [_thread_in_native, id=6238, stack(0x00007fe56b7ff000,0x00007fe56c000000)]
  0x00007fe538001000 JavaThread "Thread-3" [_thread_in_native, id=6237, stack(0x00007fe57042e000,0x00007fe570c2f000)]
  0x00007fe534001000 JavaThread "Thread-2" [_thread_in_native, id=6236, stack(0x00007fe570c2f000,0x00007fe571430000)]
  0x00007fe540001000 JavaThread "Thread-1" [_thread_blocked, id=6235, stack(0x00007fe571430000,0x00007fe571c31000)]
  0x00007fe57c099000 JavaThread "Service Thread" daemon [_thread_blocked, id=6233, stack(0x00007fe573115000,0x00007fe573216000)]
  0x00007fe57c096800 JavaThread "C2 CompilerThread1" daemon [_thread_blocked, id=6232, stack(0x00007fe573216000,0x00007fe573317000)]
  0x00007fe57c093800 JavaThread "C2 CompilerThread0" daemon [_thread_blocked, id=6231, stack(0x00007fe573317000,0x00007fe573418000)]
  0x00007fe57c091800 JavaThread "Signal Dispatcher" daemon [_thread_blocked, id=6230, stack(0x00007fe573418000,0x00007fe573519000)]
  0x00007fe57c070800 JavaThread "Finalizer" daemon [_thread_blocked, id=6229, stack(0x00007fe573bfc000,0x00007fe573cfd000)]
  0x00007fe57c06e000 JavaThread "Reference Handler" daemon [_thread_blocked, id=6228, stack(0x00007fe573cfd000,0x00007fe573dfe000)]
  0x00007fe57c009800 JavaThread "main" [_thread_in_native, id=6219, stack(0x00007fe5858dd000,0x00007fe5859de000)]

Other Threads:
=>0x00007fe57c06a000 VMThread [stack: 0x00007fe573dfe000,0x00007fe573eff000] [id=6227]

VM state:at safepoint (shutting down)

VM Mutex/Monitor currently owned by a thread:  ([mutex/lock_event])
[0x00007fe57c0061b0] Threads_lock - owner thread: 0x00007fe57c06a000

Heap
 PSYoungGen      total 17920K, used 11676K [0x00000000ec400000, 0x00000000ed800000, 0x0000000100000000)
  eden space 15360K, 76% used [0x00000000ec400000,0x00000000ecf67380,0x00000000ed300000)
  from space 2560K, 0% used [0x00000000ed580000,0x00000000ed580000,0x00000000ed800000)
  to   space 2560K, 0% used [0x00000000ed300000,0x00000000ed300000,0x00000000ed580000)
 ParOldGen       total 40448K, used 0K [0x00000000c4c00000, 0x00000000c7380000, 0x00000000ec400000)
  object space 40448K, 0% used [0x00000000c4c00000,0x00000000c4c00000,0x00000000c7380000)
 PSPermGen       total 21504K, used 3903K [0x00000000bfa00000, 0x00000000c0f00000, 0x00000000c4c00000)
  object space 21504K, 18% used [0x00000000bfa00000,0x00000000bfdcfe40,0x00000000c0f00000)

Card table byte_map: [0x00007fe5829bf000,0x00007fe582bc3000] byte_map_base: 0x00007fe5823c2000

Polling page: 0x00007fe5859fa000

Code Cache  [0x00007fe579000000, 0x00007fe579270000, 0x00007fe57c000000)
 total_blobs=241 nmethods=32 adapters=163 free_code_cache=48712Kb largest_free_block=49864192

Compilation events (10 events):
Event: 0.983 Thread 0x00007fe57c093800   28             org.simgrid.msg.Task::getName (5 bytes)
Event: 0.984 Thread 0x00007fe57c093800 nmethod 28 0x00007fe579069f90 code [0x00007fe57906a0c0, 0x00007fe57906a118]
Event: 0.984 Thread 0x00007fe57c096800   29             java.lang.AbstractStringBuilder::append (144 bytes)
Event: 0.998 Thread 0x00007fe57c096800 nmethod 29 0x00007fe57906d010 code [0x00007fe57906d180, 0x00007fe57906d718]
Event: 1.019 Thread 0x00007fe57c093800   30             java.lang.StringBuilder::append (8 bytes)
Event: 1.021 Thread 0x00007fe57c096800   31             java.lang.AbstractStringBuilder::append (62 bytes)
Event: 1.034 Thread 0x00007fe57c093800 nmethod 30 0x00007fe57906ebd0 code [0x00007fe57906ed40, 0x00007fe57906f398]
Event: 1.034 Thread 0x00007fe57c093800   32             java.util.regex.Pattern$Slice::match (79 bytes)
Event: 1.043 Thread 0x00007fe57c093800 nmethod 32 0x00007fe57906e350 code [0x00007fe57906e4c0, 0x00007fe57906e8f8]
Event: 1.052 Thread 0x00007fe57c096800 nmethod 31 0x00007fe579071610 code [0x00007fe579071780, 0x00007fe579071dd8]

GC Heap History (0 events):
No events

Deoptimization events (0 events):
No events

Internal exceptions (10 events):
Event: 1.404 Thread 0x00007fe514001000 Threw 0x00000000ec7f4cb8 at /HUDSON/workspace/7u-2-build-linux-amd64/jdk7u80/2329/hotspot/src/share/vm/prims/jni.cpp:743
Event: 1.404 Thread 0x00007fe500001000 Threw 0x00000000ec972da0 at /HUDSON/workspace/7u-2-build-linux-amd64/jdk7u80/2329/hotspot/src/share/vm/prims/jni.cpp:743
Event: 1.405 Thread 0x00007fe510001000 Threw 0x00000000ec8411a8 at /HUDSON/workspace/7u-2-build-linux-amd64/jdk7u80/2329/hotspot/src/share/vm/prims/jni.cpp:743
Event: 1.405 Thread 0x00007fe504001000 Threw 0x00000000ec9bf2f0 at /HUDSON/workspace/7u-2-build-linux-amd64/jdk7u80/2329/hotspot/src/share/vm/prims/jni.cpp:743
Event: 1.405 Thread 0x00007fe51c001000 Threw 0x00000000ece30ce0 at /HUDSON/workspace/7u-2-build-linux-amd64/jdk7u80/2329/hotspot/src/share/vm/prims/jni.cpp:743
Event: 1.406 Thread 0x00007fe508001000 Threw 0x00000000ec88d758 at /HUDSON/workspace/7u-2-build-linux-amd64/jdk7u80/2329/hotspot/src/share/vm/prims/jni.cpp:743
Event: 1.407 Thread 0x00007fe520001000 Threw 0x00000000ec7a8980 at /HUDSON/workspace/7u-2-build-linux-amd64/jdk7u80/2329/hotspot/src/share/vm/prims/jni.cpp:743
Event: 1.407 Thread 0x00007fe50c001000 Threw 0x00000000ec926970 at /HUDSON/workspace/7u-2-build-linux-amd64/jdk7u80/2329/hotspot/src/share/vm/prims/jni.cpp:743
Event: 1.407 Thread 0x00007fe540001000 Threw 0x00000000ecc9a8b0 at /HUDSON/workspace/7u-2-build-linux-amd64/jdk7u80/2329/hotspot/src/share/vm/prims/jni.cpp:743
Event: 1.408 Thread 0x00007fe514001000 Threw 0x00000000ec7f4dd8 at /HUDSON/workspace/7u-2-build-linux-amd64/jdk7u80/2329/hotspot/src/share/vm/prims/jni.cpp:743

Events (10 events):
Event: 1.406 Thread 0x00007fe54c001000 Thread added: 0x00007fe54c001000
Event: 1.406 loading class 0x00007fe550016870
Event: 1.407 loading class 0x00007fe550016870 done
Event: 1.407 loading class 0x00007fe550016840
Event: 1.407 loading class 0x00007fe550016800
Event: 1.407 loading class 0x00007fe550016800 done
Event: 1.407 loading class 0x00007fe550016840 done
Event: 1.407 Thread 0x00007fe4f8001000 Thread added: 0x00007fe4f8001000
Event: 1.408 Thread 0x00007fe4f8001000 Thread exited: 0x00007fe4f8001000
Event: 1.408 Executing VM operation: Exit


Dynamic libraries:
00400000-00401000 r-xp 00000000 08:07 663942                             /home/elixandre/jdk1.7.0_80/bin/java
00600000-00601000 rw-p 00000000 08:07 663942                             /home/elixandre/jdk1.7.0_80/bin/java
00832000-00853000 rw-p 00000000 00:00 0                                  [heap]
bfa00000-c0f00000 rw-p 00000000 00:00 0 
c0f00000-c4c00000 rw-p 00000000 00:00 0 
c4c00000-c7380000 rw-p 00000000 00:00 0 
c7380000-ec400000 rw-p 00000000 00:00 0 
ec400000-ed800000 rw-p 00000000 00:00 0 
ed800000-100000000 rw-p 00000000 00:00 0 
7fe4f8000000-7fe4f8021000 rw-p 00000000 00:00 0 
7fe4f8021000-7fe4fc000000 ---p 00000000 00:00 0 
7fe4fc000000-7fe4fc021000 rw-p 00000000 00:00 0 
7fe4fc021000-7fe500000000 ---p 00000000 00:00 0 
7fe500000000-7fe500022000 rw-p 00000000 00:00 0 
7fe500022000-7fe504000000 ---p 00000000 00:00 0 
7fe504000000-7fe504022000 rw-p 00000000 00:00 0 
7fe504022000-7fe508000000 ---p 00000000 00:00 0 
7fe508000000-7fe508022000 rw-p 00000000 00:00 0 
7fe508022000-7fe50c000000 ---p 00000000 00:00 0 
7fe50c000000-7fe50c022000 rw-p 00000000 00:00 0 
7fe50c022000-7fe510000000 ---p 00000000 00:00 0 
7fe510000000-7fe510022000 rw-p 00000000 00:00 0 
7fe510022000-7fe514000000 ---p 00000000 00:00 0 
7fe514000000-7fe514022000 rw-p 00000000 00:00 0 
7fe514022000-7fe518000000 ---p 00000000 00:00 0 
7fe5197fb000-7fe5197fe000 ---p 00000000 00:00 0 
7fe5197fe000-7fe519ffc000 rw-p 00000000 00:00 0 
7fe519ffc000-7fe519fff000 ---p 00000000 00:00 0 
7fe519fff000-7fe51a7fd000 rw-p 00000000 00:00 0 
7fe51a7fd000-7fe51a800000 ---p 00000000 00:00 0 
7fe51a800000-7fe51affe000 rw-p 00000000 00:00 0 
7fe51affe000-7fe51b001000 ---p 00000000 00:00 0 
7fe51b001000-7fe51b7ff000 rw-p 00000000 00:00 0 
7fe51b7ff000-7fe51b802000 ---p 00000000 00:00 0 
7fe51b802000-7fe51c000000 rw-p 00000000 00:00 0 
7fe51c000000-7fe51c0cd000 rw-p 00000000 00:00 0 
7fe51c0cd000-7fe520000000 ---p 00000000 00:00 0 
7fe520000000-7fe520022000 rw-p 00000000 00:00 0 
7fe520022000-7fe524000000 ---p 00000000 00:00 0 
7fe524000000-7fe5240ab000 rw-p 00000000 00:00 0 
7fe5240ab000-7fe528000000 ---p 00000000 00:00 0 
7fe528000000-7fe5280b1000 rw-p 00000000 00:00 0 
7fe5280b1000-7fe52c000000 ---p 00000000 00:00 0 
7fe52c000000-7fe52c0ab000 rw-p 00000000 00:00 0 
7fe52c0ab000-7fe530000000 ---p 00000000 00:00 0 
7fe530000000-7fe5300ab000 rw-p 00000000 00:00 0 
7fe5300ab000-7fe534000000 ---p 00000000 00:00 0 
7fe534000000-7fe5340ab000 rw-p 00000000 00:00 0 
7fe5340ab000-7fe538000000 ---p 00000000 00:00 0 
7fe538000000-7fe5380aa000 rw-p 00000000 00:00 0 
7fe5380aa000-7fe53c000000 ---p 00000000 00:00 0 
7fe53c000000-7fe53c021000 rw-p 00000000 00:00 0 
7fe53c021000-7fe540000000 ---p 00000000 00:00 0 
7fe540000000-7fe5400e5000 rw-p 00000000 00:00 0 
7fe5400e5000-7fe544000000 ---p 00000000 00:00 0 
7fe544000000-7fe5440ff000 rw-p 00000000 00:00 0 
7fe5440ff000-7fe548000000 ---p 00000000 00:00 0 
7fe548000000-7fe548021000 rw-p 00000000 00:00 0 
7fe548021000-7fe54c000000 ---p 00000000 00:00 0 
7fe54c000000-7fe54c021000 rw-p 00000000 00:00 0 
7fe54c021000-7fe550000000 ---p 00000000 00:00 0 
7fe550000000-7fe550135000 rw-p 00000000 00:00 0 
7fe550135000-7fe554000000 ---p 00000000 00:00 0 
7fe554000000-7fe554021000 rw-p 00000000 00:00 0 
7fe554021000-7fe558000000 ---p 00000000 00:00 0 
7fe558000000-7fe558021000 rw-p 00000000 00:00 0 
7fe558021000-7fe55c000000 ---p 00000000 00:00 0 
7fe55c000000-7fe55c021000 rw-p 00000000 00:00 0 
7fe55c021000-7fe560000000 ---p 00000000 00:00 0 
7fe560000000-7fe560021000 rw-p 00000000 00:00 0 
7fe560021000-7fe564000000 ---p 00000000 00:00 0 
7fe564000000-7fe564021000 rw-p 00000000 00:00 0 
7fe564021000-7fe568000000 ---p 00000000 00:00 0 
7fe5687f9000-7fe5687fc000 ---p 00000000 00:00 0 
7fe5687fc000-7fe568ffa000 rw-p 00000000 00:00 0 
7fe568ffa000-7fe568ffd000 ---p 00000000 00:00 0 
7fe568ffd000-7fe5697fb000 rw-p 00000000 00:00 0 
7fe5697fb000-7fe5697fe000 ---p 00000000 00:00 0 
7fe5697fe000-7fe569ffc000 rw-p 00000000 00:00 0 
7fe569ffc000-7fe569fff000 ---p 00000000 00:00 0 
7fe569fff000-7fe56a7fd000 rw-p 00000000 00:00 0 
7fe56a7fd000-7fe56a800000 ---p 00000000 00:00 0 
7fe56a800000-7fe56affe000 rw-p 00000000 00:00 0 
7fe56affe000-7fe56b001000 ---p 00000000 00:00 0 
7fe56b001000-7fe56b7ff000 rw-p 00000000 00:00 0 
7fe56b7ff000-7fe56b802000 ---p 00000000 00:00 0 
7fe56b802000-7fe56c000000 rw-p 00000000 00:00 0 
7fe56c000000-7fe56c021000 rw-p 00000000 00:00 0 
7fe56c021000-7fe570000000 ---p 00000000 00:00 0 
7fe57022c000-7fe57022f000 ---p 00000000 00:00 0 
7fe57022f000-7fe57032d000 rw-p 00000000 00:00 0 
7fe57032d000-7fe570330000 ---p 00000000 00:00 0 
7fe570330000-7fe57042e000 rw-p 00000000 00:00 0 
7fe57042e000-7fe570431000 ---p 00000000 00:00 0 
7fe570431000-7fe570c2f000 rw-p 00000000 00:00 0 
7fe570c2f000-7fe570c32000 ---p 00000000 00:00 0 
7fe570c32000-7fe571430000 rw-p 00000000 00:00 0 
7fe571430000-7fe571433000 ---p 00000000 00:00 0 
7fe571433000-7fe571c31000 rw-p 00000000 00:00 0 
7fe571c31000-7fe571c49000 r-xp 00000000 08:07 794742                     /tmp/simgrid-java7130838601361979240/libsimgrid-java.so (deleted)
7fe571c49000-7fe571e49000 ---p 00018000 08:07 794742                     /tmp/simgrid-java7130838601361979240/libsimgrid-java.so (deleted)
7fe571e49000-7fe571e4a000 rw-p 00018000 08:07 794742                     /tmp/simgrid-java7130838601361979240/libsimgrid-java.so (deleted)
7fe571e4a000-7fe571e60000 r-xp 00000000 08:07 528568                     /lib/x86_64-linux-gnu/libgcc_s.so.1
7fe571e60000-7fe57205f000 ---p 00016000 08:07 528568                     /lib/x86_64-linux-gnu/libgcc_s.so.1
7fe57205f000-7fe572060000 r--p 00015000 08:07 528568                     /lib/x86_64-linux-gnu/libgcc_s.so.1
7fe572060000-7fe572061000 rw-p 00016000 08:07 528568                     /lib/x86_64-linux-gnu/libgcc_s.so.1
7fe572061000-7fe5721d4000 r-xp 00000000 08:07 1059329                    /usr/lib/x86_64-linux-gnu/libstdc++.so.6.0.21
7fe5721d4000-7fe5723d3000 ---p 00173000 08:07 1059329                    /usr/lib/x86_64-linux-gnu/libstdc++.so.6.0.21
7fe5723d3000-7fe5723dd000 r--p 00172000 08:07 1059329                    /usr/lib/x86_64-linux-gnu/libstdc++.so.6.0.21
7fe5723dd000-7fe5723df000 rw-p 0017c000 08:07 1059329                    /usr/lib/x86_64-linux-gnu/libstdc++.so.6.0.21
7fe5723df000-7fe5723e3000 rw-p 00000000 00:00 0 
7fe5723e3000-7fe5726a8000 r-xp 00000000 08:07 794736                     /tmp/simgrid-java7130838601361979240/libsimgrid.so (deleted)
7fe5726a8000-7fe5728a8000 ---p 002c5000 08:07 794736                     /tmp/simgrid-java7130838601361979240/libsimgrid.so (deleted)
7fe5728a8000-7fe5728e3000 rw-p 002c5000 08:07 794736                     /tmp/simgrid-java7130838601361979240/libsimgrid.so (deleted)
7fe5728e3000-7fe572bec000 rw-p 00000000 00:00 0 
7fe572bec000-7fe572c03000 r-xp 00000000 08:07 663689                     /home/elixandre/jdk1.7.0_80/jre/lib/amd64/libnet.so
7fe572c03000-7fe572e02000 ---p 00017000 08:07 663689                     /home/elixandre/jdk1.7.0_80/jre/lib/amd64/libnet.so
7fe572e02000-7fe572e03000 rw-p 00016000 08:07 663689                     /home/elixandre/jdk1.7.0_80/jre/lib/amd64/libnet.so
7fe572e03000-7fe572e13000 r-xp 00000000 08:07 663688                     /home/elixandre/jdk1.7.0_80/jre/lib/amd64/libnio.so
7fe572e13000-7fe573013000 ---p 00010000 08:07 663688                     /home/elixandre/jdk1.7.0_80/jre/lib/amd64/libnio.so
7fe573013000-7fe573014000 rw-p 00010000 08:07 663688                     /home/elixandre/jdk1.7.0_80/jre/lib/amd64/libnio.so
7fe573014000-7fe573015000 ---p 00000000 00:00 0 
7fe573015000-7fe573115000 rw-p 00000000 00:00 0 
7fe573115000-7fe573118000 ---p 00000000 00:00 0 
7fe573118000-7fe573216000 rw-p 00000000 00:00 0 
7fe573216000-7fe573219000 ---p 00000000 00:00 0 
7fe573219000-7fe573317000 rw-p 00000000 00:00 0 
7fe573317000-7fe57331a000 ---p 00000000 00:00 0 
7fe57331a000-7fe573418000 rw-p 00000000 00:00 0 
7fe573418000-7fe57341b000 ---p 00000000 00:00 0 
7fe57341b000-7fe573519000 rw-p 00000000 00:00 0 
7fe573519000-7fe573bfc000 r--p 00000000 08:07 1055607                    /usr/lib/locale/locale-archive
7fe573bfc000-7fe573bff000 ---p 00000000 00:00 0 
7fe573bff000-7fe573cfd000 rw-p 00000000 00:00 0 
7fe573cfd000-7fe573d00000 ---p 00000000 00:00 0 
7fe573d00000-7fe573dfe000 rw-p 00000000 00:00 0 
7fe573dfe000-7fe573dff000 ---p 00000000 00:00 0 
7fe573dff000-7fe574000000 rw-p 00000000 00:00 0 
7fe574000000-7fe574021000 rw-p 00000000 00:00 0 
7fe574021000-7fe578000000 ---p 00000000 00:00 0 
7fe578032000-7fe578e40000 rw-p 00000000 00:00 0 
7fe578e40000-7fe579000000 r--s 039fb000 08:07 663892                     /home/elixandre/jdk1.7.0_80/jre/lib/rt.jar
7fe579000000-7fe579270000 rwxp 00000000 00:00 0 
7fe579270000-7fe57c400000 rw-p 00000000 00:00 0 
7fe57c400000-7fe580000000 ---p 00000000 00:00 0 
7fe58003a000-7fe582456000 rw-p 00000000 00:00 0 
7fe582456000-7fe582457000 ---p 00000000 00:00 0 
7fe582457000-7fe582557000 rw-p 00000000 00:00 0 
7fe582557000-7fe582558000 ---p 00000000 00:00 0 
7fe582558000-7fe582658000 rw-p 00000000 00:00 0 
7fe582658000-7fe582659000 ---p 00000000 00:00 0 
7fe582659000-7fe582759000 rw-p 00000000 00:00 0 
7fe582759000-7fe58275a000 ---p 00000000 00:00 0 
7fe58275a000-7fe582865000 rw-p 00000000 00:00 0 
7fe582865000-7fe582883000 rw-p 00000000 00:00 0 
7fe582883000-7fe582897000 rw-p 00000000 00:00 0 
7fe582897000-7fe5829bf000 rw-p 00000000 00:00 0 
7fe5829bf000-7fe5829ca000 rw-p 00000000 00:00 0 
7fe5829ca000-7fe5829e8000 rw-p 00000000 00:00 0 
7fe5829e8000-7fe5829fc000 rw-p 00000000 00:00 0 
7fe5829fc000-7fe582b24000 rw-p 00000000 00:00 0 
7fe582b24000-7fe582b2e000 rw-p 00000000 00:00 0 
7fe582b2e000-7fe582bc2000 rw-p 00000000 00:00 0 
7fe582bc2000-7fe582bc3000 rw-p 00000000 00:00 0 
7fe582bc3000-7fe582bda000 r-xp 00000000 08:07 663687                     /home/elixandre/jdk1.7.0_80/jre/lib/amd64/libzip.so
7fe582bda000-7fe582dda000 ---p 00017000 08:07 663687                     /home/elixandre/jdk1.7.0_80/jre/lib/amd64/libzip.so
7fe582dda000-7fe582ddb000 rw-p 00017000 08:07 663687                     /home/elixandre/jdk1.7.0_80/jre/lib/amd64/libzip.so
7fe582ddb000-7fe582de5000 r-xp 00000000 08:07 529521                     /lib/x86_64-linux-gnu/libnss_files-2.21.so
7fe582de5000-7fe582fe5000 ---p 0000a000 08:07 529521                     /lib/x86_64-linux-gnu/libnss_files-2.21.so
7fe582fe5000-7fe582fe6000 r--p 0000a000 08:07 529521                     /lib/x86_64-linux-gnu/libnss_files-2.21.so
7fe582fe6000-7fe582fe7000 rw-p 0000b000 08:07 529521                     /lib/x86_64-linux-gnu/libnss_files-2.21.so
7fe582fe7000-7fe582ff2000 r-xp 00000000 08:07 529535                     /lib/x86_64-linux-gnu/libnss_nis-2.21.so
7fe582ff2000-7fe5831f1000 ---p 0000b000 08:07 529535                     /lib/x86_64-linux-gnu/libnss_nis-2.21.so
7fe5831f1000-7fe5831f2000 r--p 0000a000 08:07 529535                     /lib/x86_64-linux-gnu/libnss_nis-2.21.so
7fe5831f2000-7fe5831f3000 rw-p 0000b000 08:07 529535                     /lib/x86_64-linux-gnu/libnss_nis-2.21.so
7fe5831f3000-7fe58320a000 r-xp 00000000 08:07 529538                     /lib/x86_64-linux-gnu/libnsl-2.21.so
7fe58320a000-7fe583409000 ---p 00017000 08:07 529538                     /lib/x86_64-linux-gnu/libnsl-2.21.so
7fe583409000-7fe58340a000 r--p 00016000 08:07 529538                     /lib/x86_64-linux-gnu/libnsl-2.21.so
7fe58340a000-7fe58340b000 rw-p 00017000 08:07 529538                     /lib/x86_64-linux-gnu/libnsl-2.21.so
7fe58340b000-7fe58340d000 rw-p 00000000 00:00 0 
7fe58340d000-7fe583415000 r-xp 00000000 08:07 529523                     /lib/x86_64-linux-gnu/libnss_compat-2.21.so
7fe583415000-7fe583614000 ---p 00008000 08:07 529523                     /lib/x86_64-linux-gnu/libnss_compat-2.21.so
7fe583614000-7fe583615000 r--p 00007000 08:07 529523                     /lib/x86_64-linux-gnu/libnss_compat-2.21.so
7fe583615000-7fe583616000 rw-p 00008000 08:07 529523                     /lib/x86_64-linux-gnu/libnss_compat-2.21.so
7fe583616000-7fe58363f000 r-xp 00000000 08:07 663623                     /home/elixandre/jdk1.7.0_80/jre/lib/amd64/libjava.so
7fe58363f000-7fe58383f000 ---p 00029000 08:07 663623                     /home/elixandre/jdk1.7.0_80/jre/lib/amd64/libjava.so
7fe58383f000-7fe583841000 rw-p 00029000 08:07 663623                     /home/elixandre/jdk1.7.0_80/jre/lib/amd64/libjava.so
7fe583841000-7fe58384e000 r-xp 00000000 08:07 663501                     /home/elixandre/jdk1.7.0_80/jre/lib/amd64/libverify.so
7fe58384e000-7fe583a4d000 ---p 0000d000 08:07 663501                     /home/elixandre/jdk1.7.0_80/jre/lib/amd64/libverify.so
7fe583a4d000-7fe583a4f000 rw-p 0000c000 08:07 663501                     /home/elixandre/jdk1.7.0_80/jre/lib/amd64/libverify.so
7fe583a4f000-7fe583a56000 r-xp 00000000 08:07 529522                     /lib/x86_64-linux-gnu/librt-2.21.so
7fe583a56000-7fe583c55000 ---p 00007000 08:07 529522                     /lib/x86_64-linux-gnu/librt-2.21.so
7fe583c55000-7fe583c56000 r--p 00006000 08:07 529522                     /lib/x86_64-linux-gnu/librt-2.21.so
7fe583c56000-7fe583c57000 rw-p 00007000 08:07 529522                     /lib/x86_64-linux-gnu/librt-2.21.so
7fe583c57000-7fe583d5e000 r-xp 00000000 08:07 529524                     /lib/x86_64-linux-gnu/libm-2.21.so
7fe583d5e000-7fe583f5d000 ---p 00107000 08:07 529524                     /lib/x86_64-linux-gnu/libm-2.21.so
7fe583f5d000-7fe583f5e000 r--p 00106000 08:07 529524                     /lib/x86_64-linux-gnu/libm-2.21.so
7fe583f5e000-7fe583f5f000 rw-p 00107000 08:07 529524                     /lib/x86_64-linux-gnu/libm-2.21.so
7fe583f5f000-7fe584ad5000 r-xp 00000000 08:07 663273                     /home/elixandre/jdk1.7.0_80/jre/lib/amd64/server/libjvm.so
7fe584ad5000-7fe584cd4000 ---p 00b76000 08:07 663273                     /home/elixandre/jdk1.7.0_80/jre/lib/amd64/server/libjvm.so
7fe584cd4000-7fe584d98000 rw-p 00b75000 08:07 663273                     /home/elixandre/jdk1.7.0_80/jre/lib/amd64/server/libjvm.so
7fe584d98000-7fe584dd9000 rw-p 00000000 00:00 0 
7fe584dd9000-7fe584f99000 r-xp 00000000 08:07 529541                     /lib/x86_64-linux-gnu/libc-2.21.so
7fe584f99000-7fe585199000 ---p 001c0000 08:07 529541                     /lib/x86_64-linux-gnu/libc-2.21.so
7fe585199000-7fe58519d000 r--p 001c0000 08:07 529541                     /lib/x86_64-linux-gnu/libc-2.21.so
7fe58519d000-7fe58519f000 rw-p 001c4000 08:07 529541                     /lib/x86_64-linux-gnu/libc-2.21.so
7fe58519f000-7fe5851a3000 rw-p 00000000 00:00 0 
7fe5851a3000-7fe5851a6000 r-xp 00000000 08:07 529528                     /lib/x86_64-linux-gnu/libdl-2.21.so
7fe5851a6000-7fe5853a5000 ---p 00003000 08:07 529528                     /lib/x86_64-linux-gnu/libdl-2.21.so
7fe5853a5000-7fe5853a6000 r--p 00002000 08:07 529528                     /lib/x86_64-linux-gnu/libdl-2.21.so
7fe5853a6000-7fe5853a7000 rw-p 00003000 08:07 529528                     /lib/x86_64-linux-gnu/libdl-2.21.so
7fe5853a7000-7fe5853bc000 r-xp 00000000 08:07 663695                     /home/elixandre/jdk1.7.0_80/lib/amd64/jli/libjli.so
7fe5853bc000-7fe5855bb000 ---p 00015000 08:07 663695                     /home/elixandre/jdk1.7.0_80/lib/amd64/jli/libjli.so
7fe5855bb000-7fe5855bc000 rw-p 00014000 08:07 663695                     /home/elixandre/jdk1.7.0_80/lib/amd64/jli/libjli.so
7fe5855bc000-7fe5855d4000 r-xp 00000000 08:07 529525                     /lib/x86_64-linux-gnu/libpthread-2.21.so
7fe5855d4000-7fe5857d4000 ---p 00018000 08:07 529525                     /lib/x86_64-linux-gnu/libpthread-2.21.so
7fe5857d4000-7fe5857d5000 r--p 00018000 08:07 529525                     /lib/x86_64-linux-gnu/libpthread-2.21.so
7fe5857d5000-7fe5857d6000 rw-p 00019000 08:07 529525                     /lib/x86_64-linux-gnu/libpthread-2.21.so
7fe5857d6000-7fe5857da000 rw-p 00000000 00:00 0 
7fe5857da000-7fe5857fe000 r-xp 00000000 08:07 529539                     /lib/x86_64-linux-gnu/ld-2.21.so
7fe585808000-7fe585827000 rw-p 00000000 00:00 0 
7fe585827000-7fe5858dd000 rw-p 00000000 00:00 0 
7fe5858dd000-7fe5858e0000 ---p 00000000 00:00 0 
7fe5858e0000-7fe5859e2000 rw-p 00000000 00:00 0 
7fe5859ea000-7fe5859ee000 r--s 0008b000 08:07 663627                     /home/elixandre/jdk1.7.0_80/jre/lib/jsse.jar
7fe5859ee000-7fe5859f1000 r--s 00f76000 08:07 542783                     /home/elixandre/Downloads/simgrid.jar
7fe5859f1000-7fe5859f9000 rw-s 00000000 08:07 544733                     /tmp/hsperfdata_elixandre/6217 (deleted)
7fe5859f9000-7fe5859fa000 rw-p 00000000 00:00 0 
7fe5859fa000-7fe5859fb000 ---p 00000000 00:00 0 
7fe5859fb000-7fe5859fd000 rw-p 00000000 00:00 0 
7fe5859fd000-7fe5859fe000 r--p 00023000 08:07 529539                     /lib/x86_64-linux-gnu/ld-2.21.so
7fe5859fe000-7fe5859ff000 rw-p 00024000 08:07 529539                     /lib/x86_64-linux-gnu/ld-2.21.so
7fe5859ff000-7fe585a00000 rw-p 00000000 00:00 0 
7fff505c1000-7fff505e2000 rw-p 00000000 00:00 0                          [stack]
7fff505ea000-7fff505ec000 r--p 00000000 00:00 0                          [vvar]
7fff505ec000-7fff505ee000 r-xp 00000000 00:00 0                          [vdso]
ffffffffff600000-ffffffffff601000 r-xp 00000000 00:00 0                  [vsyscall]

VM Arguments:
jvm_args: -Dfile.encoding=UTF-8 
java_command: vcube.VCube platform.xml deployment.xml
Launcher Type: SUN_STANDARD

Environment Variables:
PATH=/usr/local/sbin:/usr/local/bin:/usr/sbin:/usr/bin:/sbin:/bin:/usr/games:/usr/local/games:/home/elixandre/.rvm/bin
LD_LIBRARY_PATH=/home/elixandre/jdk1.7.0_80/jre/lib/amd64:/home/elixandre/jdk1.7.0_80/jre/lib/i386:
SHELL=/bin/bash
DISPLAY=:0

Signal Handlers:
SIGSEGV: [libjvm.so+0x9a3b20], sa_mask[0]=0x7ffbfeff, sa_flags=0x10000004
SIGBUS: [libjvm.so+0x9a3b20], sa_mask[0]=0x7ffbfeff, sa_flags=0x10000004
SIGFPE: [libjvm.so+0x81e740], sa_mask[0]=0x7ffbfeff, sa_flags=0x10000004
SIGPIPE: [libjvm.so+0x81e740], sa_mask[0]=0x7ffbfeff, sa_flags=0x10000004
SIGXFSZ: [libjvm.so+0x81e740], sa_mask[0]=0x7ffbfeff, sa_flags=0x10000004
SIGILL: [libjvm.so+0x81e740], sa_mask[0]=0x7ffbfeff, sa_flags=0x10000004
SIGUSR1: SIG_DFL, sa_mask[0]=0x00000000, sa_flags=0x00000000
SIGUSR2: [libjvm.so+0x81ffb0], sa_mask[0]=0x00000004, sa_flags=0x10000004
SIGHUP: [libjvm.so+0x8210d0], sa_mask[0]=0x7ffbfeff, sa_flags=0x10000004
SIGINT: [libsimgrid.so+0x8ff50], sa_mask[0]=0x00000002, sa_flags=0x10000000
SIGTERM: [libjvm.so+0x8210d0], sa_mask[0]=0x7ffbfeff, sa_flags=0x10000004
SIGQUIT: [libjvm.so+0x8210d0], sa_mask[0]=0x7ffbfeff, sa_flags=0x10000004


---------------  S Y S T E M  ---------------

OS:jessie/sid

uname:Linux 4.2.0-42-generic #49-Ubuntu SMP Tue Jun 28 21:26:26 UTC 2016 x86_64
libc:glibc 2.21 NPTL 2.21 
rlimit: STACK 8192k, CORE 0k, NPROC 15009, NOFILE 65536, AS infinity
load average:0.52 0.45 0.28

/proc/meminfo:
MemTotal:        3879128 kB
MemFree:         1037252 kB
MemAvailable:    1976736 kB
Buffers:           81356 kB
Cached:          1131396 kB
SwapCached:         2740 kB
Active:          1482416 kB
Inactive:        1119952 kB
Active(anon):     894184 kB
Inactive(anon):   655416 kB
Active(file):     588232 kB
Inactive(file):   464536 kB
Unevictable:          32 kB
Mlocked:              32 kB
SwapTotal:        975868 kB
SwapFree:         947624 kB
Dirty:             12504 kB
Writeback:             0 kB
AnonPages:       1387316 kB
Mapped:           288972 kB
Shmem:            159984 kB
Slab:             145320 kB
SReclaimable:     111300 kB
SUnreclaim:        34020 kB
KernelStack:        8960 kB
PageTables:        33924 kB
NFS_Unstable:          0 kB
Bounce:                0 kB
WritebackTmp:          0 kB
CommitLimit:     2915432 kB
Committed_AS:    5089488 kB
VmallocTotal:   34359738367 kB
VmallocUsed:      347648 kB
VmallocChunk:   34358947836 kB
HardwareCorrupted:     0 kB
AnonHugePages:    989184 kB
CmaTotal:              0 kB
CmaFree:               0 kB
HugePages_Total:       0
HugePages_Free:        0
HugePages_Rsvd:        0
HugePages_Surp:        0
Hugepagesize:       2048 kB
DirectMap4k:      131832 kB
DirectMap2M:     3895296 kB


CPU:total 4 (2 cores per cpu, 2 threads per core) family 6 model 58 stepping 9, cmov, cx8, fxsr, mmx, sse, sse2, sse3, ssse3, sse4.1, sse4.2, popcnt, avx, erms, ht, tsc, tscinvbit, tscinv

/proc/cpuinfo:
processor	: 0
vendor_id	: GenuineIntel
cpu family	: 6
model		: 58
model name	: Intel(R) Core(TM) i7-3517U CPU @ 1.90GHz
stepping	: 9
microcode	: 0x12
cpu MHz		: 2642.437
cache size	: 4096 KB
physical id	: 0
siblings	: 4
core id		: 0
cpu cores	: 2
apicid		: 0
initial apicid	: 0
fpu		: yes
fpu_exception	: yes
cpuid level	: 13
wp		: yes
flags		: fpu vme de pse tsc msr pae mce cx8 apic sep mtrr pge mca cmov pat pse36 clflush dts acpi mmx fxsr sse sse2 ss ht tm pbe syscall nx rdtscp lm constant_tsc arch_perfmon pebs bts rep_good nopl xtopology nonstop_tsc aperfmperf eagerfpu pni pclmulqdq dtes64 monitor ds_cpl vmx est tm2 ssse3 cx16 xtpr pdcm pcid sse4_1 sse4_2 x2apic popcnt tsc_deadline_timer xsave avx f16c rdrand lahf_lm ida arat epb pln pts dtherm tpr_shadow vnmi flexpriority ept vpid fsgsbase smep erms xsaveopt
bugs		:
bogomips	: 4789.11
clflush size	: 64
cache_alignment	: 64
address sizes	: 36 bits physical, 48 bits virtual
power management:

processor	: 1
vendor_id	: GenuineIntel
cpu family	: 6
model		: 58
model name	: Intel(R) Core(TM) i7-3517U CPU @ 1.90GHz
stepping	: 9
microcode	: 0x12
cpu MHz		: 2613.187
cache size	: 4096 KB
physical id	: 0
siblings	: 4
core id		: 0
cpu cores	: 2
apicid		: 1
initial apicid	: 1
fpu		: yes
fpu_exception	: yes
cpuid level	: 13
wp		: yes
flags		: fpu vme de pse tsc msr pae mce cx8 apic sep mtrr pge mca cmov pat pse36 clflush dts acpi mmx fxsr sse sse2 ss ht tm pbe syscall nx rdtscp lm constant_tsc arch_perfmon pebs bts rep_good nopl xtopology nonstop_tsc aperfmperf eagerfpu pni pclmulqdq dtes64 monitor ds_cpl vmx est tm2 ssse3 cx16 xtpr pdcm pcid sse4_1 sse4_2 x2apic popcnt tsc_deadline_timer xsave avx f16c rdrand lahf_lm ida arat epb pln pts dtherm tpr_shadow vnmi flexpriority ept vpid fsgsbase smep erms xsaveopt
bugs		:
bogomips	: 4789.11
clflush size	: 64
cache_alignment	: 64
address sizes	: 36 bits physical, 48 bits virtual
power management:

processor	: 2
vendor_id	: GenuineIntel
cpu family	: 6
model		: 58
model name	: Intel(R) Core(TM) i7-3517U CPU @ 1.90GHz
stepping	: 9
microcode	: 0x12
cpu MHz		: 2646.843
cache size	: 4096 KB
physical id	: 0
siblings	: 4
core id		: 1
cpu cores	: 2
apicid		: 2
initial apicid	: 2
fpu		: yes
fpu_exception	: yes
cpuid level	: 13
wp		: yes
flags		: fpu vme de pse tsc msr pae mce cx8 apic sep mtrr pge mca cmov pat pse36 clflush dts acpi mmx fxsr sse sse2 ss ht tm pbe syscall nx rdtscp lm constant_tsc arch_perfmon pebs bts rep_good nopl xtopology nonstop_tsc aperfmperf eagerfpu pni pclmulqdq dtes64 monitor ds_cpl vmx est tm2 ssse3 cx16 xtpr pdcm pcid sse4_1 sse4_2 x2apic popcnt tsc_deadline_timer xsave avx f16c rdrand lahf_lm ida arat epb pln pts dtherm tpr_shadow vnmi flexpriority ept vpid fsgsbase smep erms xsaveopt
bugs		:
bogomips	: 4789.11
clflush size	: 64
cache_alignment	: 64
address sizes	: 36 bits physical, 48 bits virtual
power management:

processor	: 3
vendor_id	: GenuineIntel
cpu family	: 6
model		: 58
model name	: Intel(R) Core(TM) i7-3517U CPU @ 1.90GHz
stepping	: 9
microcode	: 0x12
cpu MHz		: 2606.250
cache size	: 4096 KB
physical id	: 0
siblings	: 4
core id		: 1
cpu cores	: 2
apicid		: 3
initial apicid	: 3
fpu		: yes
fpu_exception	: yes
cpuid level	: 13
wp		: yes
flags		: fpu vme de pse tsc msr pae mce cx8 apic sep mtrr pge mca cmov pat pse36 clflush dts acpi mmx fxsr sse sse2 ss ht tm pbe syscall nx rdtscp lm constant_tsc arch_perfmon pebs bts rep_good nopl xtopology nonstop_tsc aperfmperf eagerfpu pni pclmulqdq dtes64 monitor ds_cpl vmx est tm2 ssse3 cx16 xtpr pdcm pcid sse4_1 sse4_2 x2apic popcnt tsc_deadline_timer xsave avx f16c rdrand lahf_lm ida arat epb pln pts dtherm tpr_shadow vnmi flexpriority ept vpid fsgsbase smep erms xsaveopt
bugs		:
bogomips	: 4789.11
clflush size	: 64
cache_alignment	: 64
address sizes	: 36 bits physical, 48 bits virtual
power management:



Memory: 4k page, physical 3879128k(1037220k free), swap 975868k(947624k free)

vm_info: Java HotSpot(TM) 64-Bit Server VM (24.80-b11) for linux-amd64 JRE (1.7.0_80-b15), built on Apr 10 2015 19:53:14 by "java_re" with gcc 4.3.0 20080428 (Red Hat 4.3.0-8)

time: Sat Apr 29 14:05:36 2017
elapsed time: 1 seconds

