#
# A fatal error has been detected by the Java Runtime Environment:
#
#  SIGSEGV (0xb) at pc=0x00007fb104197263, pid=9063, tid=0x00007fb105540700
#
# JRE version: Java(TM) SE Runtime Environment (8.0_111-b14) (build 1.8.0_111-b14)
# Java VM: Java HotSpot(TM) 64-Bit Server VM (25.111-b14 mixed mode linux-amd64 compressed oops)
# Problematic frame:
# C  [libsimgrid.so+0x190263]  xbt_dynar_member+0x23
#
# Failed to write core dump. Core dumps have been disabled. To enable core dumping, try "ulimit -c unlimited" before starting Java again
#
# If you would like to submit a bug report, please visit:
#   http://bugreport.java.com/bugreport/crash.jsp
#

---------------  T H R E A D  ---------------

Current thread (0x00007fb118077800):  VMThread [stack: 0x00007fb105440000,0x00007fb105541000] [id=9072]

siginfo: si_signo: 11 (SIGSEGV), si_code: 1 (SEGV_MAPERR), si_addr: 0x0000000000000000

Registers:
RAX=0x0000000000000000, RBX=0x00007fb104503700, RCX=0x0000000000000000, RDX=0x00007fb105540a30
RSP=0x00007fb10553f790, RBP=0x00007fb11813a900, RSI=0x00007fb10553f938, RDI=0x00007fb10553f850
R8 =0x00007fb118131910, R9 =0x00007fb118131910, R10=0x0000000000000c58, R11=0x00007fb104197240
R12=0x00007fb10450e790, R13=0x00007fb11811a970, R14=0x00000000000003d8, R15=0x00007fb118026e88
RIP=0x00007fb104197263, EFLAGS=0x0000000000010206, CSGSFS=0x0000000000000033, ERR=0x0000000000000004
  TRAPNO=0x000000000000000e

Top of Stack: (sp=0x00007fb10553f790)
0x00007fb10553f790:   0000000000000000 0000000000000000
0x00007fb10553f7a0:   00007fb118131980 00007fb10553f938
0x00007fb10553f7b0:   0000000000000000 0000000000000000
0x00007fb10553f7c0:   0000000000000000 0000000000000000
0x00007fb10553f7d0:   0000000000000000 0000000000000000
0x00007fb10553f7e0:   0000000000000000 0000000000000000
0x00007fb10553f7f0:   0000000000000000 0000000000000000
0x00007fb10553f800:   0000ff00000000ff 00000000ff000000
0x00007fb10553f810:   0000000000000000 0000000000000000
0x00007fb10553f820:   0000000000000000 0000000000000000
0x00007fb10553f830:   0000000000000000 0000000000000000
0x00007fb10553f840:   0000000042c80000 0000000000000000
0x00007fb10553f850:   0000000000000000 0000000000000000
0x00007fb10553f860:   0062006500720064 00690064006c0061
0x00007fb10553f870:   0000000000000000 0000000000000000
0x00007fb10553f880:   00007fb1044ce400 00007fb1181415b0
0x00007fb10553f890:   00007fb11811a970 00007fb10418da0a
0x00007fb10553f8a0:   00007fb118d4d810 00007fb1044ce400
0x00007fb10553f8b0:   00007fb1181415b0 00007fb1041fd286
0x00007fb10553f8c0:   00007fb118178e40 0000000000000000
0x00007fb10553f8d0:   0000000000000000 00007fb10553f938
0x00007fb10553f8e0:   00007fb118131980 00007fb118131910
0x00007fb10553f8f0:   00007fb118131910 00007fb104506a98
0x00007fb10553f900:   00007fb118133b70 0000000000000001
0x00007fb10553f910:   00007fb104503700 00007fb118118eb0
0x00007fb10553f920:   00007fb104503700 00007fb1041b434f
0x00007fb10553f930:   0000000000000000 00007fb1181415b0
0x00007fb10553f940:   0062006500720064 00690064006c0061
0x00007fb10553f950:   0000000000000000 00007fb104506a98
0x00007fb10553f960:   00007fb118133b70 0000000000000001
0x00007fb10553f970:   00007fb11811a970 00007fb104195d37
0x00007fb10553f980:   00007fb11811a970 00007fb104506098 

Instructions: (pc=0x00007fb104197263)
0x00007fb104197243:   ec 90 01 00 00 48 8b 05 01 a2 33 00 48 89 7c 24
0x00007fb104197253:   10 48 89 74 24 18 ff 10 48 8d bc 24 c0 00 00 00
0x00007fb104197263:   48 8b 08 48 89 04 24 48 89 38 48 89 4c 24 08 e8
0x00007fb104197273:   79 31 ed ff 85 c0 74 75 48 8b 14 24 c7 42 08 01 

Register to memory mapping:

RAX=0x0000000000000000 is an unknown value
RBX=0x00007fb104503700: _simgrid_log_category__simix_process+0 in /tmp/simgrid-java4982321514526353899/libsimgrid.so at 0x00007fb104007000
RCX=0x0000000000000000 is an unknown value
RDX=0x00007fb105540a30 is an unknown value
RSP=0x00007fb10553f790 is an unknown value
RBP=0x00007fb11813a900 is an unknown value
RSI=0x00007fb10553f938 is an unknown value
RDI=0x00007fb10553f850 is an unknown value
R8 =0x00007fb118131910 is an unknown value
R9 =0x00007fb118131910 is an unknown value
R10=0x0000000000000c58 is an unknown value
R11=0x00007fb104197240: xbt_dynar_member+0 in /tmp/simgrid-java4982321514526353899/libsimgrid.so at 0x00007fb104007000
R12=0x00007fb10450e790: simix_global+0 in /tmp/simgrid-java4982321514526353899/libsimgrid.so at 0x00007fb104007000
R13=0x00007fb11811a970 is an unknown value
R14=0x00000000000003d8 is an unknown value
R15=0x00007fb118026e88 is an unknown value


Stack: [0x00007fb105440000,0x00007fb105541000],  sp=0x00007fb10553f790,  free space=1021k
Native frames: (J=compiled Java code, j=interpreted, Vv=VM code, C=native code)
C  [libsimgrid.so+0x190263]  xbt_dynar_member+0x23

VM_Operation (0x00007fb0e03dc650): Exit, mode: safepoint, requested by thread 0x00007fb0dc001000


---------------  P R O C E S S  ---------------

Java Threads: ( => current thread )
  0x00007fb0dc001000 JavaThread "SIGTERM handler" daemon [_thread_blocked, id=9097, stack(0x00007fb0e02dd000,0x00007fb0e03de000)]
  0x00007fb084001000 JavaThread "Thread-16" [_thread_in_native, id=9096, stack(0x00007fb0957fb000,0x00007fb095ffc000)]
  0x00007fb080001000 JavaThread "Thread-15" [_thread_in_native, id=9095, stack(0x00007fb095ffc000,0x00007fb0967fd000)]
  0x00007fb08c001000 JavaThread "Thread-14" [_thread_in_native, id=9094, stack(0x00007fb0967fd000,0x00007fb096ffe000)]
  0x00007fb088001000 JavaThread "Thread-13" [_thread_in_native, id=9093, stack(0x00007fb096ffe000,0x00007fb0977ff000)]
  0x00007fb090001000 JavaThread "Thread-12" [_thread_in_native, id=9092, stack(0x00007fb0977ff000,0x00007fb098000000)]
  0x00007fb09c001000 JavaThread "Thread-11" [_thread_in_native, id=9091, stack(0x00007fb0b87f9000,0x00007fb0b8ffa000)]
  0x00007fb098001000 JavaThread "Thread-10" [_thread_in_native, id=9090, stack(0x00007fb0b8ffa000,0x00007fb0b97fb000)]
  0x00007fb0a4001000 JavaThread "Thread-9" [_thread_in_native, id=9089, stack(0x00007fb0b97fb000,0x00007fb0b9ffc000)]
  0x00007fb0a0001000 JavaThread "Thread-8" [_thread_in_native, id=9088, stack(0x00007fb0b9ffc000,0x00007fb0ba7fd000)]
  0x00007fb0ac001000 JavaThread "Thread-7" [_thread_in_native, id=9087, stack(0x00007fb0ba7fd000,0x00007fb0baffe000)]
  0x00007fb0a8001000 JavaThread "Thread-6" [_thread_in_native, id=9086, stack(0x00007fb0baffe000,0x00007fb0bb7ff000)]
  0x00007fb0b0001000 JavaThread "Thread-5" [_thread_in_native, id=9085, stack(0x00007fb0bb7ff000,0x00007fb0bc000000)]
  0x00007fb0b4001000 JavaThread "Thread-4" [_thread_in_native, id=9084, stack(0x00007fb0e03de000,0x00007fb0e0bdf000)]
  0x00007fb0c0001000 JavaThread "Thread-3" [_thread_blocked, id=9083, stack(0x00007fb0e0bdf000,0x00007fb0e13e0000)]
  0x00007fb0bc001000 JavaThread "Thread-2" [_thread_in_native, id=9082, stack(0x00007fb0e13e0000,0x00007fb0e1be1000)]
  0x00007fb0c8001000 JavaThread "Thread-1" [_thread_in_native, id=9081, stack(0x00007fb0e1be1000,0x00007fb0e23e2000)]
  0x00007fb1180c8000 JavaThread "Service Thread" daemon [_thread_blocked, id=9079, stack(0x00007fb104d39000,0x00007fb104e3a000)]
  0x00007fb1180bd000 JavaThread "C1 CompilerThread2" daemon [_thread_blocked, id=9078, stack(0x00007fb104e3a000,0x00007fb104f3b000)]
  0x00007fb1180bb000 JavaThread "C2 CompilerThread1" daemon [_thread_blocked, id=9077, stack(0x00007fb104f3b000,0x00007fb10503c000)]
  0x00007fb1180b8800 JavaThread "C2 CompilerThread0" daemon [_thread_blocked, id=9076, stack(0x00007fb10503c000,0x00007fb10513d000)]
  0x00007fb1180b7000 JavaThread "Signal Dispatcher" daemon [_thread_blocked, id=9075, stack(0x00007fb10513d000,0x00007fb10523e000)]
  0x00007fb118084000 JavaThread "Finalizer" daemon [_thread_blocked, id=9074, stack(0x00007fb10523e000,0x00007fb10533f000)]
  0x00007fb11807f000 JavaThread "Reference Handler" daemon [_thread_blocked, id=9073, stack(0x00007fb10533f000,0x00007fb105440000)]
  0x00007fb11800a000 JavaThread "main" [_thread_in_native, id=9067, stack(0x00007fb11e084000,0x00007fb11e185000)]

Other Threads:
=>0x00007fb118077800 VMThread [stack: 0x00007fb105440000,0x00007fb105541000] [id=9072]

VM state:at safepoint (shutting down)

VM Mutex/Monitor currently owned by a thread:  ([mutex/lock_event])
[0x00007fb1180060f0] Threads_lock - owner thread: 0x00007fb118077800

Heap:
 PSYoungGen      total 17920K, used 10636K [0x00000000d5580000, 0x00000000d6980000, 0x0000000100000000)
  eden space 15360K, 52% used [0x00000000d5580000,0x00000000d5d63360,0x00000000d6480000)
  from space 2560K, 100% used [0x00000000d6480000,0x00000000d6700000,0x00000000d6700000)
  to   space 2560K, 0% used [0x00000000d6700000,0x00000000d6700000,0x00000000d6980000)
 ParOldGen       total 40960K, used 3916K [0x0000000080000000, 0x0000000082800000, 0x00000000d5580000)
  object space 40960K, 9% used [0x0000000080000000,0x00000000803d3060,0x0000000082800000)
 Metaspace       used 3751K, capacity 4704K, committed 4864K, reserved 1056768K
  class space    used 417K, capacity 464K, committed 512K, reserved 1048576K

Card table byte_map: [0x00007fb1079aa000,0x00007fb107dab000] byte_map_base: 0x00007fb1075aa000

Marking Bits: (ParMarkBitMap*) 0x00007fb11d554220
 Begin Bits: [0x00007fb0f4000000, 0x00007fb0f6000000)
 End Bits:   [0x00007fb0f6000000, 0x00007fb0f8000000)

Polling page: 0x00007fb11e1a3000

CodeCache: size=245760Kb used=2386Kb max_used=2423Kb free=243373Kb
 bounds [0x00007fb10816b000, 0x00007fb1083db000, 0x00007fb11716b000]
 total_blobs=467 nmethods=204 adapters=177
 compilation: enabled

Compilation events (10 events):
Event: 4.202 Thread 0x00007fb1180bd000 nmethod 201% 0x00007fb108386150 code [0x00007fb108387520, 0x00007fb1083969b8]
Event: 4.271 Thread 0x00007fb1180bb000 nmethod 200 0x00007fb1083a5ad0 code [0x00007fb1083a5d60, 0x00007fb1083a7bf8]
Event: 4.572 Thread 0x00007fb1180b8800  202 % !   4       vcube.Node::main @ 67 (1858 bytes)
Event: 5.273 Thread 0x00007fb1180b8800 nmethod 202% 0x00007fb1083b2c10 code [0x00007fb1083b35c0, 0x00007fb1083bc360]
Event: 5.313 Thread 0x00007fb1180bb000  203 % !   4       vcube.Node::main @ 43 (1858 bytes)
Event: 6.285 Thread 0x00007fb1180bb000 nmethod 203% 0x00007fb1083c2250 code [0x00007fb1083c2b60, 0x00007fb1083cb440]
Event: 6.443 Thread 0x00007fb1180b8800  204       4       vcube.Node::conferirTimestempStatus (70 bytes)
Event: 6.447 Thread 0x00007fb1180b8800 nmethod 204 0x00007fb1083a27d0 code [0x00007fb1083a2920, 0x00007fb1083a2b58]
Event: 6.810 Thread 0x00007fb1180bb000  205 % !   4       vcube.Node::main @ 1771 (1858 bytes)
Event: 6.832 Thread 0x00007fb1180b8800  206       4       java.lang.String::equals (81 bytes)

GC Heap History (6 events):
Event: 2.436 GC heap before
{Heap before GC invocations=1 (full 0):
 PSYoungGen      total 17920K, used 15360K [0x00000000d5580000, 0x00000000d6980000, 0x0000000100000000)
  eden space 15360K, 100% used [0x00000000d5580000,0x00000000d6480000,0x00000000d6480000)
  from space 2560K, 0% used [0x00000000d6700000,0x00000000d6700000,0x00000000d6980000)
  to   space 2560K, 0% used [0x00000000d6480000,0x00000000d6480000,0x00000000d6700000)
 ParOldGen       total 40960K, used 0K [0x0000000080000000, 0x0000000082800000, 0x00000000d5580000)
  object space 40960K, 0% used [0x0000000080000000,0x0000000080000000,0x0000000082800000)
 Metaspace       used 3696K, capacity 4640K, committed 4864K, reserved 1056768K
  class space    used 414K, capacity 464K, committed 512K, reserved 1048576K
Event: 2.443 GC heap after
Heap after GC invocations=1 (full 0):
 PSYoungGen      total 17920K, used 2112K [0x00000000d5580000, 0x00000000d6980000, 0x0000000100000000)
  eden space 15360K, 0% used [0x00000000d5580000,0x00000000d5580000,0x00000000d6480000)
  from space 2560K, 82% used [0x00000000d6480000,0x00000000d6690000,0x00000000d6700000)
  to   space 2560K, 0% used [0x00000000d6700000,0x00000000d6700000,0x00000000d6980000)
 ParOldGen       total 40960K, used 8K [0x0000000080000000, 0x0000000082800000, 0x00000000d5580000)
  object space 40960K, 0% used [0x0000000080000000,0x0000000080002000,0x0000000082800000)
 Metaspace       used 3696K, capacity 4640K, committed 4864K, reserved 1056768K
  class space    used 414K, capacity 464K, committed 512K, reserved 1048576K
}
Event: 3.984 GC heap before
{Heap before GC invocations=2 (full 0):
 PSYoungGen      total 17920K, used 17472K [0x00000000d5580000, 0x00000000d6980000, 0x0000000100000000)
  eden space 15360K, 100% used [0x00000000d5580000,0x00000000d6480000,0x00000000d6480000)
  from space 2560K, 82% used [0x00000000d6480000,0x00000000d6690000,0x00000000d6700000)
  to   space 2560K, 0% used [0x00000000d6700000,0x00000000d6700000,0x00000000d6980000)
 ParOldGen       total 40960K, used 8K [0x0000000080000000, 0x0000000082800000, 0x00000000d5580000)
  object space 40960K, 0% used [0x0000000080000000,0x0000000080002000,0x0000000082800000)
 Metaspace       used 3734K, capacity 4704K, committed 4864K, reserved 1056768K
  class space    used 414K, capacity 464K, committed 512K, reserved 1048576K
Event: 3.993 GC heap after
Heap after GC invocations=2 (full 0):
 PSYoungGen      total 17920K, used 2544K [0x00000000d5580000, 0x00000000d6980000, 0x0000000100000000)
  eden space 15360K, 0% used [0x00000000d5580000,0x00000000d5580000,0x00000000d6480000)
  from space 2560K, 99% used [0x00000000d6700000,0x00000000d697c010,0x00000000d6980000)
  to   space 2560K, 0% used [0x00000000d6480000,0x00000000d6480000,0x00000000d6700000)
 ParOldGen       total 40960K, used 1296K [0x0000000080000000, 0x0000000082800000, 0x00000000d5580000)
  object space 40960K, 3% used [0x0000000080000000,0x0000000080144000,0x0000000082800000)
 Metaspace       used 3734K, capacity 4704K, committed 4864K, reserved 1056768K
  class space    used 414K, capacity 464K, committed 512K, reserved 1048576K
}
Event: 6.090 GC heap before
{Heap before GC invocations=3 (full 0):
 PSYoungGen      total 17920K, used 17904K [0x00000000d5580000, 0x00000000d6980000, 0x0000000100000000)
  eden space 15360K, 100% used [0x00000000d5580000,0x00000000d6480000,0x00000000d6480000)
  from space 2560K, 99% used [0x00000000d6700000,0x00000000d697c010,0x00000000d6980000)
  to   space 2560K, 0% used [0x00000000d6480000,0x00000000d6480000,0x00000000d6700000)
 ParOldGen       total 40960K, used 1296K [0x0000000080000000, 0x0000000082800000, 0x00000000d5580000)
  object space 40960K, 3% used [0x0000000080000000,0x0000000080144000,0x0000000082800000)
 Metaspace       used 3736K, capacity 4704K, committed 4864K, reserved 1056768K
  class space    used 414K, capacity 464K, committed 512K, reserved 1048576K
Event: 6.110 GC heap after
Heap after GC invocations=3 (full 0):
 PSYoungGen      total 17920K, used 2560K [0x00000000d5580000, 0x00000000d6980000, 0x0000000100000000)
  eden space 15360K, 0% used [0x00000000d5580000,0x00000000d5580000,0x00000000d6480000)
  from space 2560K, 100% used [0x00000000d6480000,0x00000000d6700000,0x00000000d6700000)
  to   space 2560K, 0% used [0x00000000d6700000,0x00000000d6700000,0x00000000d6980000)
 ParOldGen       total 40960K, used 3916K [0x0000000080000000, 0x0000000082800000, 0x00000000d5580000)
  object space 40960K, 9% used [0x0000000080000000,0x00000000803d3060,0x0000000082800000)
 Metaspace       used 3736K, capacity 4704K, committed 4864K, reserved 1056768K
  class space    used 414K, capacity 464K, committed 512K, reserved 1048576K
}

Deoptimization events (1 events):
Event: 4.141 Thread 0x00007fb0a4001000 Uncommon trap: reason=predicate action=maybe_recompile pc=0x00007fb10832b960 method=java.util.AbstractCollection.toArray([Ljava/lang/Object;)[Ljava/lang/Object; @ 49

Internal exceptions (10 events):
Event: 6.419 Thread 0x00007fb080001000 Exception <a 'java/lang/ArrayIndexOutOfBoundsException'> (0x00000000d59bcb18) thrown at [/HUDSON3/workspace/8-2-build-linux-amd64/jdk8u111/7883/hotspot/src/share/vm/runtime/sharedRuntime.cpp, line 605]
Event: 6.419 Thread 0x00007fb090001000 Exception <a 'java/lang/ArrayIndexOutOfBoundsException'> (0x00000000d59cfe90) thrown at [/HUDSON3/workspace/8-2-build-linux-amd64/jdk8u111/7883/hotspot/src/share/vm/runtime/sharedRuntime.cpp, line 605]
Event: 6.419 Thread 0x00007fb088001000 Exception <a 'java/lang/ArrayIndexOutOfBoundsException'> (0x00000000d59f69e0) thrown at [/HUDSON3/workspace/8-2-build-linux-amd64/jdk8u111/7883/hotspot/src/share/vm/runtime/sharedRuntime.cpp, line 605]
Event: 6.419 Thread 0x00007fb084001000 Exception <a 'java/lang/ArrayIndexOutOfBoundsException'> (0x00000000d5a2fdf0) thrown at [/HUDSON3/workspace/8-2-build-linux-amd64/jdk8u111/7883/hotspot/src/share/vm/runtime/sharedRuntime.cpp, line 605]
Event: 6.419 Thread 0x00007fb08c001000 Exception <a 'java/lang/ArrayIndexOutOfBoundsException'> (0x00000000d5995c78) thrown at [/HUDSON3/workspace/8-2-build-linux-amd64/jdk8u111/7883/hotspot/src/share/vm/runtime/sharedRuntime.cpp, line 605]
Event: 6.440 Thread 0x00007fb0bc001000 Exception <a 'java/lang/ArrayIndexOutOfBoundsException'> (0x00000000d5a43558) thrown at [/HUDSON3/workspace/8-2-build-linux-amd64/jdk8u111/7883/hotspot/src/share/vm/runtime/sharedRuntime.cpp, line 605]
Event: 6.443 Thread 0x00007fb084001000 Exception <a 'java/lang/ArrayIndexOutOfBoundsException'> (0x00000000d5a33c78) thrown at [/HUDSON3/workspace/8-2-build-linux-amd64/jdk8u111/7883/hotspot/src/share/vm/runtime/sharedRuntime.cpp, line 605]
Event: 6.443 Thread 0x00007fb08c001000 Exception <a 'java/lang/ArrayIndexOutOfBoundsException'> (0x00000000d5999b00) thrown at [/HUDSON3/workspace/8-2-build-linux-amd64/jdk8u111/7883/hotspot/src/share/vm/runtime/sharedRuntime.cpp, line 605]
Event: 6.443 Thread 0x00007fb088001000 Exception <a 'java/lang/ArrayIndexOutOfBoundsException'> (0x00000000d59fa868) thrown at [/HUDSON3/workspace/8-2-build-linux-amd64/jdk8u111/7883/hotspot/src/share/vm/runtime/sharedRuntime.cpp, line 605]
Event: 6.443 Thread 0x00007fb0a8001000 Exception <a 'java/lang/ArrayIndexOutOfBoundsException'> (0x00000000d5a207e8) thrown at [/HUDSON3/workspace/8-2-build-linux-amd64/jdk8u111/7883/hotspot/src/share/vm/runtime/sharedRuntime.cpp, line 605]

Events (10 events):
Event: 6.831 Thread 0x00007fb0dc001000 Thread added: 0x00007fb0dc001000
Event: 6.831 loading class java/util/IdentityHashMap$KeySet
Event: 6.831 loading class java/util/IdentityHashMap$KeySet done
Event: 6.831 loading class java/util/IdentityHashMap$KeyIterator
Event: 6.831 loading class java/util/IdentityHashMap$IdentityHashMapIterator
Event: 6.831 loading class java/util/IdentityHashMap$IdentityHashMapIterator done
Event: 6.831 loading class java/util/IdentityHashMap$KeyIterator done
Event: 6.832 Thread 0x00007fb078001000 Thread added: 0x00007fb078001000
Event: 6.832 Thread 0x00007fb078001000 Thread exited: 0x00007fb078001000
Event: 6.832 Executing VM operation: Exit


Dynamic libraries:
00400000-00401000 r-xp 00000000 08:01 8784123                            /home/elixandrebaldi/jdk1.8.0_111/bin/java
00600000-00601000 rw-p 00000000 08:01 8784123                            /home/elixandrebaldi/jdk1.8.0_111/bin/java
0150d000-0152e000 rw-p 00000000 00:00 0                                  [heap]
80000000-82800000 rw-p 00000000 00:00 0 
82800000-d5580000 ---p 00000000 00:00 0 
d5580000-d6980000 rw-p 00000000 00:00 0 
d6980000-100000000 ---p 00000000 00:00 0 
100000000-100080000 rw-p 00000000 00:00 0 
100080000-140000000 ---p 00000000 00:00 0 
7fb078000000-7fb078021000 rw-p 00000000 00:00 0 
7fb078021000-7fb07c000000 ---p 00000000 00:00 0 
7fb080000000-7fb0802ed000 rw-p 00000000 00:00 0 
7fb0802ed000-7fb084000000 ---p 00000000 00:00 0 
7fb084000000-7fb0842ee000 rw-p 00000000 00:00 0 
7fb0842ee000-7fb088000000 ---p 00000000 00:00 0 
7fb088000000-7fb0882ec000 rw-p 00000000 00:00 0 
7fb0882ec000-7fb08c000000 ---p 00000000 00:00 0 
7fb08c000000-7fb08c2ed000 rw-p 00000000 00:00 0 
7fb08c2ed000-7fb090000000 ---p 00000000 00:00 0 
7fb090000000-7fb0902eb000 rw-p 00000000 00:00 0 
7fb0902eb000-7fb094000000 ---p 00000000 00:00 0 
7fb0957fb000-7fb0957fe000 ---p 00000000 00:00 0 
7fb0957fe000-7fb095ffc000 rw-p 00000000 00:00 0 
7fb095ffc000-7fb095fff000 ---p 00000000 00:00 0 
7fb095fff000-7fb0967fd000 rw-p 00000000 00:00 0 
7fb0967fd000-7fb096800000 ---p 00000000 00:00 0 
7fb096800000-7fb096ffe000 rw-p 00000000 00:00 0 
7fb096ffe000-7fb097001000 ---p 00000000 00:00 0 
7fb097001000-7fb0977ff000 rw-p 00000000 00:00 0 
7fb0977ff000-7fb097802000 ---p 00000000 00:00 0 
7fb097802000-7fb098000000 rw-p 00000000 00:00 0 
7fb098000000-7fb0982ed000 rw-p 00000000 00:00 0 
7fb0982ed000-7fb09c000000 ---p 00000000 00:00 0 
7fb09c000000-7fb09c2ea000 rw-p 00000000 00:00 0 
7fb09c2ea000-7fb0a0000000 ---p 00000000 00:00 0 
7fb0a0000000-7fb0a02f4000 rw-p 00000000 00:00 0 
7fb0a02f4000-7fb0a4000000 ---p 00000000 00:00 0 
7fb0a4000000-7fb0a42ec000 rw-p 00000000 00:00 0 
7fb0a42ec000-7fb0a8000000 ---p 00000000 00:00 0 
7fb0a8000000-7fb0a82ec000 rw-p 00000000 00:00 0 
7fb0a82ec000-7fb0ac000000 ---p 00000000 00:00 0 
7fb0ac000000-7fb0ac2fb000 rw-p 00000000 00:00 0 
7fb0ac2fb000-7fb0b0000000 ---p 00000000 00:00 0 
7fb0b0000000-7fb0b02ec000 rw-p 00000000 00:00 0 
7fb0b02ec000-7fb0b4000000 ---p 00000000 00:00 0 
7fb0b4000000-7fb0b42ed000 rw-p 00000000 00:00 0 
7fb0b42ed000-7fb0b8000000 ---p 00000000 00:00 0 
7fb0b87f9000-7fb0b87fc000 ---p 00000000 00:00 0 
7fb0b87fc000-7fb0b8ffa000 rw-p 00000000 00:00 0 
7fb0b8ffa000-7fb0b8ffd000 ---p 00000000 00:00 0 
7fb0b8ffd000-7fb0b97fb000 rw-p 00000000 00:00 0 
7fb0b97fb000-7fb0b97fe000 ---p 00000000 00:00 0 
7fb0b97fe000-7fb0b9ffc000 rw-p 00000000 00:00 0 
7fb0b9ffc000-7fb0b9fff000 ---p 00000000 00:00 0 
7fb0b9fff000-7fb0ba7fd000 rw-p 00000000 00:00 0 
7fb0ba7fd000-7fb0ba800000 ---p 00000000 00:00 0 
7fb0ba800000-7fb0baffe000 rw-p 00000000 00:00 0 
7fb0baffe000-7fb0bb001000 ---p 00000000 00:00 0 
7fb0bb001000-7fb0bb7ff000 rw-p 00000000 00:00 0 
7fb0bb7ff000-7fb0bb802000 ---p 00000000 00:00 0 
7fb0bb802000-7fb0bc000000 rw-p 00000000 00:00 0 
7fb0bc000000-7fb0bc2e8000 rw-p 00000000 00:00 0 
7fb0bc2e8000-7fb0c0000000 ---p 00000000 00:00 0 
7fb0c0000000-7fb0c02ed000 rw-p 00000000 00:00 0 
7fb0c02ed000-7fb0c4000000 ---p 00000000 00:00 0 
7fb0c4000000-7fb0c4021000 rw-p 00000000 00:00 0 
7fb0c4021000-7fb0c8000000 ---p 00000000 00:00 0 
7fb0c8000000-7fb0c82f8000 rw-p 00000000 00:00 0 
7fb0c82f8000-7fb0cc000000 ---p 00000000 00:00 0 
7fb0cc000000-7fb0cc553000 rw-p 00000000 00:00 0 
7fb0cc553000-7fb0d0000000 ---p 00000000 00:00 0 
7fb0d0000000-7fb0d0021000 rw-p 00000000 00:00 0 
7fb0d0021000-7fb0d4000000 ---p 00000000 00:00 0 
7fb0d4000000-7fb0d5007000 rw-p 00000000 00:00 0 
7fb0d5007000-7fb0d8000000 ---p 00000000 00:00 0 
7fb0d8000000-7fb0d916b000 rw-p 00000000 00:00 0 
7fb0d916b000-7fb0dc000000 ---p 00000000 00:00 0 
7fb0dc000000-7fb0dc021000 rw-p 00000000 00:00 0 
7fb0dc021000-7fb0e0000000 ---p 00000000 00:00 0 
7fb0e01dc000-7fb0e01df000 ---p 00000000 00:00 0 
7fb0e01df000-7fb0e02dd000 rw-p 00000000 00:00 0 
7fb0e02dd000-7fb0e02e0000 ---p 00000000 00:00 0 
7fb0e02e0000-7fb0e03de000 rw-p 00000000 00:00 0 
7fb0e03de000-7fb0e03e1000 ---p 00000000 00:00 0 
7fb0e03e1000-7fb0e0bdf000 rw-p 00000000 00:00 0 
7fb0e0bdf000-7fb0e0be2000 ---p 00000000 00:00 0 
7fb0e0be2000-7fb0e13e0000 rw-p 00000000 00:00 0 
7fb0e13e0000-7fb0e13e3000 ---p 00000000 00:00 0 
7fb0e13e3000-7fb0e1be1000 rw-p 00000000 00:00 0 
7fb0e1be1000-7fb0e1be4000 ---p 00000000 00:00 0 
7fb0e1be4000-7fb0e23e2000 rw-p 00000000 00:00 0 
7fb0e23e2000-7fb0e23fa000 r-xp 00000000 08:01 2359590                    /tmp/simgrid-java4982321514526353899/libsimgrid-java.so (deleted)
7fb0e23fa000-7fb0e25fa000 ---p 00018000 08:01 2359590                    /tmp/simgrid-java4982321514526353899/libsimgrid-java.so (deleted)
7fb0e25fa000-7fb0e25fb000 rw-p 00018000 08:01 2359590                    /tmp/simgrid-java4982321514526353899/libsimgrid-java.so (deleted)
7fb0e25fb000-7fb0e2611000 r-xp 00000000 08:01 3936627                    /lib/x86_64-linux-gnu/libgcc_s.so.1
7fb0e2611000-7fb0e2810000 ---p 00016000 08:01 3936627                    /lib/x86_64-linux-gnu/libgcc_s.so.1
7fb0e2810000-7fb0e2811000 rw-p 00015000 08:01 3936627                    /lib/x86_64-linux-gnu/libgcc_s.so.1
7fb0e2811000-7fb0e2983000 r-xp 00000000 08:01 23332798                   /usr/lib/x86_64-linux-gnu/libstdc++.so.6.0.21
7fb0e2983000-7fb0e2b83000 ---p 00172000 08:01 23332798                   /usr/lib/x86_64-linux-gnu/libstdc++.so.6.0.21
7fb0e2b83000-7fb0e2b8d000 r--p 00172000 08:01 23332798                   /usr/lib/x86_64-linux-gnu/libstdc++.so.6.0.21
7fb0e2b8d000-7fb0e2b8f000 rw-p 0017c000 08:01 23332798                   /usr/lib/x86_64-linux-gnu/libstdc++.so.6.0.21
7fb0e2b8f000-7fb0e2b93000 rw-p 00000000 00:00 0 
7fb0e2bae000-7fb0e4000000 r--p 00000000 08:01 23331759                   /usr/lib/locale/locale-archive
7fb0e4000000-7fb0e4021000 rw-p 00000000 00:00 0 
7fb0e4021000-7fb0e8000000 ---p 00000000 00:00 0 
7fb0e8000000-7fb0e8021000 rw-p 00000000 00:00 0 
7fb0e8021000-7fb0ec000000 ---p 00000000 00:00 0 
7fb0ec000000-7fb0ec021000 rw-p 00000000 00:00 0 
7fb0ec021000-7fb0f0000000 ---p 00000000 00:00 0 
7fb0f0000000-7fb0f0021000 rw-p 00000000 00:00 0 
7fb0f0021000-7fb0f4000000 ---p 00000000 00:00 0 
7fb0f4000000-7fb0f8000000 rw-p 00000000 00:00 0 
7fb0f8000000-7fb0f8021000 rw-p 00000000 00:00 0 
7fb0f8021000-7fb0fc000000 ---p 00000000 00:00 0 
7fb0fc000000-7fb0fc021000 rw-p 00000000 00:00 0 
7fb0fc021000-7fb100000000 ---p 00000000 00:00 0 
7fb100000000-7fb100021000 rw-p 00000000 00:00 0 
7fb100021000-7fb104000000 ---p 00000000 00:00 0 
7fb104007000-7fb1042cc000 r-xp 00000000 08:01 2359589                    /tmp/simgrid-java4982321514526353899/libsimgrid.so (deleted)
7fb1042cc000-7fb1044cc000 ---p 002c5000 08:01 2359589                    /tmp/simgrid-java4982321514526353899/libsimgrid.so (deleted)
7fb1044cc000-7fb104507000 rw-p 002c5000 08:01 2359589                    /tmp/simgrid-java4982321514526353899/libsimgrid.so (deleted)
7fb104507000-7fb104810000 rw-p 00000000 00:00 0 
7fb104810000-7fb104826000 r-xp 00000000 08:01 8783936                    /home/elixandrebaldi/jdk1.8.0_111/jre/lib/amd64/libnet.so
7fb104826000-7fb104a26000 ---p 00016000 08:01 8783936                    /home/elixandrebaldi/jdk1.8.0_111/jre/lib/amd64/libnet.so
7fb104a26000-7fb104a27000 rw-p 00016000 08:01 8783936                    /home/elixandrebaldi/jdk1.8.0_111/jre/lib/amd64/libnet.so
7fb104a27000-7fb104a38000 r-xp 00000000 08:01 8783935                    /home/elixandrebaldi/jdk1.8.0_111/jre/lib/amd64/libnio.so
7fb104a38000-7fb104c37000 ---p 00011000 08:01 8783935                    /home/elixandrebaldi/jdk1.8.0_111/jre/lib/amd64/libnio.so
7fb104c37000-7fb104c38000 rw-p 00010000 08:01 8783935                    /home/elixandrebaldi/jdk1.8.0_111/jre/lib/amd64/libnio.so
7fb104c38000-7fb104c39000 ---p 00000000 00:00 0 
7fb104c39000-7fb104d39000 rw-p 00000000 00:00 0 
7fb104d39000-7fb104d3c000 ---p 00000000 00:00 0 
7fb104d3c000-7fb104e3a000 rw-p 00000000 00:00 0 
7fb104e3a000-7fb104e3d000 ---p 00000000 00:00 0 
7fb104e3d000-7fb104f3b000 rw-p 00000000 00:00 0 
7fb104f3b000-7fb104f3e000 ---p 00000000 00:00 0 
7fb104f3e000-7fb10503c000 rw-p 00000000 00:00 0 
7fb10503c000-7fb10503f000 ---p 00000000 00:00 0 
7fb10503f000-7fb10513d000 rw-p 00000000 00:00 0 
7fb10513d000-7fb105140000 ---p 00000000 00:00 0 
7fb105140000-7fb10523e000 rw-p 00000000 00:00 0 
7fb10523e000-7fb105241000 ---p 00000000 00:00 0 
7fb105241000-7fb10533f000 rw-p 00000000 00:00 0 
7fb10533f000-7fb105342000 ---p 00000000 00:00 0 
7fb105342000-7fb105440000 rw-p 00000000 00:00 0 
7fb105440000-7fb105441000 ---p 00000000 00:00 0 
7fb105441000-7fb106523000 rw-p 00000000 00:00 0 
7fb106523000-7fb1066fb000 r--s 03d2a000 08:01 8784070                    /home/elixandrebaldi/jdk1.8.0_111/jre/lib/rt.jar
7fb1066fb000-7fb106b3b000 rw-p 00000000 00:00 0 
7fb106b3b000-7fb106efb000 ---p 00000000 00:00 0 
7fb106efb000-7fb1072fb000 rw-p 00000000 00:00 0 
7fb1072fb000-7fb1072fc000 ---p 00000000 00:00 0 
7fb1072fc000-7fb1073fc000 rw-p 00000000 00:00 0 
7fb1073fc000-7fb1073fd000 ---p 00000000 00:00 0 
7fb1073fd000-7fb1074fd000 rw-p 00000000 00:00 0 
7fb1074fd000-7fb1074fe000 ---p 00000000 00:00 0 
7fb1074fe000-7fb1075fe000 rw-p 00000000 00:00 0 
7fb1075fe000-7fb1075ff000 ---p 00000000 00:00 0 
7fb1075ff000-7fb107713000 rw-p 00000000 00:00 0 
7fb107713000-7fb1079aa000 ---p 00000000 00:00 0 
7fb1079aa000-7fb1079be000 rw-p 00000000 00:00 0 
7fb1079be000-7fb107c54000 ---p 00000000 00:00 0 
7fb107c54000-7fb107c5f000 rw-p 00000000 00:00 0 
7fb107c5f000-7fb107daa000 ---p 00000000 00:00 0 
7fb107daa000-7fb107db5000 rw-p 00000000 00:00 0 
7fb107db5000-7fb10816b000 ---p 00000000 00:00 0 
7fb10816b000-7fb1083db000 rwxp 00000000 00:00 0 
7fb1083db000-7fb11716b000 ---p 00000000 00:00 0 
7fb11716b000-7fb117185000 r-xp 00000000 08:01 8783934                    /home/elixandrebaldi/jdk1.8.0_111/jre/lib/amd64/libzip.so
7fb117185000-7fb117385000 ---p 0001a000 08:01 8783934                    /home/elixandrebaldi/jdk1.8.0_111/jre/lib/amd64/libzip.so
7fb117385000-7fb117386000 rw-p 0001a000 08:01 8783934                    /home/elixandrebaldi/jdk1.8.0_111/jre/lib/amd64/libzip.so
7fb117386000-7fb117391000 r-xp 00000000 08:01 3932251                    /lib/x86_64-linux-gnu/libnss_files-2.23.so
7fb117391000-7fb117590000 ---p 0000b000 08:01 3932251                    /lib/x86_64-linux-gnu/libnss_files-2.23.so
7fb117590000-7fb117591000 r--p 0000a000 08:01 3932251                    /lib/x86_64-linux-gnu/libnss_files-2.23.so
7fb117591000-7fb117592000 rw-p 0000b000 08:01 3932251                    /lib/x86_64-linux-gnu/libnss_files-2.23.so
7fb117592000-7fb117598000 rw-p 00000000 00:00 0 
7fb117598000-7fb1175a3000 r-xp 00000000 08:01 3932244                    /lib/x86_64-linux-gnu/libnss_nis-2.23.so
7fb1175a3000-7fb1177a2000 ---p 0000b000 08:01 3932244                    /lib/x86_64-linux-gnu/libnss_nis-2.23.so
7fb1177a2000-7fb1177a3000 r--p 0000a000 08:01 3932244                    /lib/x86_64-linux-gnu/libnss_nis-2.23.so
7fb1177a3000-7fb1177a4000 rw-p 0000b000 08:01 3932244                    /lib/x86_64-linux-gnu/libnss_nis-2.23.so
7fb1177a4000-7fb1177ba000 r-xp 00000000 08:01 3932246                    /lib/x86_64-linux-gnu/libnsl-2.23.so
7fb1177ba000-7fb1179b9000 ---p 00016000 08:01 3932246                    /lib/x86_64-linux-gnu/libnsl-2.23.so
7fb1179b9000-7fb1179ba000 r--p 00015000 08:01 3932246                    /lib/x86_64-linux-gnu/libnsl-2.23.so
7fb1179ba000-7fb1179bb000 rw-p 00016000 08:01 3932246                    /lib/x86_64-linux-gnu/libnsl-2.23.so
7fb1179bb000-7fb1179bd000 rw-p 00000000 00:00 0 
7fb1179bd000-7fb1179c5000 r-xp 00000000 08:01 3932253                    /lib/x86_64-linux-gnu/libnss_compat-2.23.so
7fb1179c5000-7fb117bc4000 ---p 00008000 08:01 3932253                    /lib/x86_64-linux-gnu/libnss_compat-2.23.so
7fb117bc4000-7fb117bc5000 r--p 00007000 08:01 3932253                    /lib/x86_64-linux-gnu/libnss_compat-2.23.so
7fb117bc5000-7fb117bc6000 rw-p 00008000 08:01 3932253                    /lib/x86_64-linux-gnu/libnss_compat-2.23.so
7fb117bc6000-7fb117bf1000 r-xp 00000000 08:01 8783907                    /home/elixandrebaldi/jdk1.8.0_111/jre/lib/amd64/libjava.so
7fb117bf1000-7fb117df0000 ---p 0002b000 08:01 8783907                    /home/elixandrebaldi/jdk1.8.0_111/jre/lib/amd64/libjava.so
7fb117df0000-7fb117df2000 rw-p 0002a000 08:01 8783907                    /home/elixandrebaldi/jdk1.8.0_111/jre/lib/amd64/libjava.so
7fb117df2000-7fb117dff000 r-xp 00000000 08:01 8783870                    /home/elixandrebaldi/jdk1.8.0_111/jre/lib/amd64/libverify.so
7fb117dff000-7fb117ffe000 ---p 0000d000 08:01 8783870                    /home/elixandrebaldi/jdk1.8.0_111/jre/lib/amd64/libverify.so
7fb117ffe000-7fb118000000 rw-p 0000c000 08:01 8783870                    /home/elixandrebaldi/jdk1.8.0_111/jre/lib/amd64/libverify.so
7fb118000000-7fb118d68000 rw-p 00000000 00:00 0 
7fb118d68000-7fb11c000000 ---p 00000000 00:00 0 
7fb11c00a000-7fb11c080000 rw-p 00000000 00:00 0 
7fb11c080000-7fb11c087000 r-xp 00000000 08:01 3932254                    /lib/x86_64-linux-gnu/librt-2.23.so
7fb11c087000-7fb11c286000 ---p 00007000 08:01 3932254                    /lib/x86_64-linux-gnu/librt-2.23.so
7fb11c286000-7fb11c287000 r--p 00006000 08:01 3932254                    /lib/x86_64-linux-gnu/librt-2.23.so
7fb11c287000-7fb11c288000 rw-p 00007000 08:01 3932254                    /lib/x86_64-linux-gnu/librt-2.23.so
7fb11c288000-7fb11c390000 r-xp 00000000 08:01 3932245                    /lib/x86_64-linux-gnu/libm-2.23.so
7fb11c390000-7fb11c58f000 ---p 00108000 08:01 3932245                    /lib/x86_64-linux-gnu/libm-2.23.so
7fb11c58f000-7fb11c590000 r--p 00107000 08:01 3932245                    /lib/x86_64-linux-gnu/libm-2.23.so
7fb11c590000-7fb11c591000 rw-p 00108000 08:01 3932245                    /lib/x86_64-linux-gnu/libm-2.23.so
7fb11c591000-7fb11d25e000 r-xp 00000000 08:01 8783785                    /home/elixandrebaldi/jdk1.8.0_111/jre/lib/amd64/server/libjvm.so
7fb11d25e000-7fb11d45d000 ---p 00ccd000 08:01 8783785                    /home/elixandrebaldi/jdk1.8.0_111/jre/lib/amd64/server/libjvm.so
7fb11d45d000-7fb11d536000 rw-p 00ccc000 08:01 8783785                    /home/elixandrebaldi/jdk1.8.0_111/jre/lib/amd64/server/libjvm.so
7fb11d536000-7fb11d581000 rw-p 00000000 00:00 0 
7fb11d581000-7fb11d740000 r-xp 00000000 08:01 3932247                    /lib/x86_64-linux-gnu/libc-2.23.so
7fb11d740000-7fb11d940000 ---p 001bf000 08:01 3932247                    /lib/x86_64-linux-gnu/libc-2.23.so
7fb11d940000-7fb11d944000 r--p 001bf000 08:01 3932247                    /lib/x86_64-linux-gnu/libc-2.23.so
7fb11d944000-7fb11d946000 rw-p 001c3000 08:01 3932247                    /lib/x86_64-linux-gnu/libc-2.23.so
7fb11d946000-7fb11d94a000 rw-p 00000000 00:00 0 
7fb11d94a000-7fb11d94d000 r-xp 00000000 08:01 3932243                    /lib/x86_64-linux-gnu/libdl-2.23.so
7fb11d94d000-7fb11db4c000 ---p 00003000 08:01 3932243                    /lib/x86_64-linux-gnu/libdl-2.23.so
7fb11db4c000-7fb11db4d000 r--p 00002000 08:01 3932243                    /lib/x86_64-linux-gnu/libdl-2.23.so
7fb11db4d000-7fb11db4e000 rw-p 00003000 08:01 3932243                    /lib/x86_64-linux-gnu/libdl-2.23.so
7fb11db4e000-7fb11db63000 r-xp 00000000 08:01 8783943                    /home/elixandrebaldi/jdk1.8.0_111/lib/amd64/jli/libjli.so
7fb11db63000-7fb11dd63000 ---p 00015000 08:01 8783943                    /home/elixandrebaldi/jdk1.8.0_111/lib/amd64/jli/libjli.so
7fb11dd63000-7fb11dd64000 rw-p 00015000 08:01 8783943                    /home/elixandrebaldi/jdk1.8.0_111/lib/amd64/jli/libjli.so
7fb11dd64000-7fb11dd7c000 r-xp 00000000 08:01 3932258                    /lib/x86_64-linux-gnu/libpthread-2.23.so
7fb11dd7c000-7fb11df7b000 ---p 00018000 08:01 3932258                    /lib/x86_64-linux-gnu/libpthread-2.23.so
7fb11df7b000-7fb11df7c000 r--p 00017000 08:01 3932258                    /lib/x86_64-linux-gnu/libpthread-2.23.so
7fb11df7c000-7fb11df7d000 rw-p 00018000 08:01 3932258                    /lib/x86_64-linux-gnu/libpthread-2.23.so
7fb11df7d000-7fb11df81000 rw-p 00000000 00:00 0 
7fb11df81000-7fb11dfa7000 r-xp 00000000 08:01 3932248                    /lib/x86_64-linux-gnu/ld-2.23.so
7fb11dfb8000-7fb11e084000 rw-p 00000000 00:00 0 
7fb11e084000-7fb11e087000 ---p 00000000 00:00 0 
7fb11e087000-7fb11e189000 rw-p 00000000 00:00 0 
7fb11e192000-7fb11e197000 r--s 00096000 08:01 8783911                    /home/elixandrebaldi/jdk1.8.0_111/jre/lib/jsse.jar
7fb11e197000-7fb11e19a000 r--s 00f76000 08:01 8524426                    /home/elixandrebaldi/Documentos/VCubeDHT/simgrid.jar
7fb11e19a000-7fb11e1a2000 rw-s 00000000 08:01 2359391                    /tmp/hsperfdata_elixandrebaldi/9063 (deleted)
7fb11e1a2000-7fb11e1a3000 rw-p 00000000 00:00 0 
7fb11e1a3000-7fb11e1a4000 ---p 00000000 00:00 0 
7fb11e1a4000-7fb11e1a6000 rw-p 00000000 00:00 0 
7fb11e1a6000-7fb11e1a7000 r--p 00025000 08:01 3932248                    /lib/x86_64-linux-gnu/ld-2.23.so
7fb11e1a7000-7fb11e1a8000 rw-p 00026000 08:01 3932248                    /lib/x86_64-linux-gnu/ld-2.23.so
7fb11e1a8000-7fb11e1a9000 rw-p 00000000 00:00 0 
7ffde54c8000-7ffde54e9000 rw-p 00000000 00:00 0                          [stack]
7ffde5535000-7ffde5537000 r--p 00000000 00:00 0                          [vvar]
7ffde5537000-7ffde5539000 r-xp 00000000 00:00 0                          [vdso]
ffffffffff600000-ffffffffff601000 r-xp 00000000 00:00 0                  [vsyscall]

VM Arguments:
jvm_args: -Dfile.encoding=UTF-8 -Xmx2048m 
java_command: vcube.VCube platform.xml deployment.xml
java_class_path (initial): /home/elixandrebaldi/Documentos/VCubeDHT/simgrid.jar:/home/elixandrebaldi/Documentos/VCubeDHT/VCube/build/classes
Launcher Type: SUN_STANDARD

Environment Variables:
PATH=/home/elixandrebaldi/bin:/home/elixandrebaldi/.local/bin:/usr/local/sbin:/usr/local/bin:/usr/sbin:/usr/bin:/sbin:/bin:/usr/games:/usr/local/games
LD_LIBRARY_PATH=/home/elixandrebaldi/jdk1.8.0_111/jre/lib/amd64:/home/elixandrebaldi/jdk1.8.0_111/jre/lib/i386:
SHELL=/bin/bash
DISPLAY=:0

Signal Handlers:
SIGSEGV: [libjvm.so+0xac64b0], sa_mask[0]=11111111011111111101111111111110, sa_flags=SA_RESTART|SA_SIGINFO
SIGBUS: [libjvm.so+0xac64b0], sa_mask[0]=11111111011111111101111111111110, sa_flags=SA_RESTART|SA_SIGINFO
SIGFPE: [libjvm.so+0x91f950], sa_mask[0]=11111111011111111101111111111110, sa_flags=SA_RESTART|SA_SIGINFO
SIGPIPE: [libjvm.so+0x91f950], sa_mask[0]=11111111011111111101111111111110, sa_flags=SA_RESTART|SA_SIGINFO
SIGXFSZ: [libjvm.so+0x91f950], sa_mask[0]=11111111011111111101111111111110, sa_flags=SA_RESTART|SA_SIGINFO
SIGILL: [libjvm.so+0x91f950], sa_mask[0]=11111111011111111101111111111110, sa_flags=SA_RESTART|SA_SIGINFO
SIGUSR1: SIG_DFL, sa_mask[0]=00000000000000000000000000000000, sa_flags=none
SIGUSR2: [libjvm.so+0x920f80], sa_mask[0]=00100000000000000000000000000000, sa_flags=SA_RESTART|SA_SIGINFO
SIGHUP: [libjvm.so+0x922380], sa_mask[0]=11111111011111111101111111111110, sa_flags=SA_RESTART|SA_SIGINFO
SIGINT: [libsimgrid.so+0x8ff50], sa_mask[0]=01000000000000000000000000000000, sa_flags=SA_RESTART
SIGTERM: [libjvm.so+0x922380], sa_mask[0]=11111111011111111101111111111110, sa_flags=SA_RESTART|SA_SIGINFO
SIGQUIT: [libjvm.so+0x922380], sa_mask[0]=11111111011111111101111111111110, sa_flags=SA_RESTART|SA_SIGINFO


---------------  S Y S T E M  ---------------

OS:DISTRIB_ID="elementary"
DISTRIB_RELEASE=0.4.1
DISTRIB_CODENAME=loki
DISTRIB_DESCRIPTION="elementary OS 0.4.1 Loki"

uname:Linux 4.4.0-79-generic #100-Ubuntu SMP Wed May 17 19:58:14 UTC 2017 x86_64
libc:glibc 2.23 NPTL 2.23 
rlimit: STACK 8192k, CORE 0k, NPROC 14991, NOFILE 65536, AS infinity
load average:1.11 0.67 0.69

/proc/meminfo:
MemTotal:        3878592 kB
MemFree:          763188 kB
MemAvailable:    1562040 kB
Buffers:          119524 kB
Cached:           963280 kB
SwapCached:          196 kB
Active:          1834624 kB
Inactive:        1036520 kB
Active(anon):    1265360 kB
Inactive(anon):   662092 kB
Active(file):     569264 kB
Inactive(file):   374428 kB
Unevictable:          48 kB
Mlocked:              48 kB
SwapTotal:       4025340 kB
SwapFree:        4022088 kB
Dirty:             13048 kB
Writeback:             0 kB
AnonPages:       1788192 kB
Mapped:           242964 kB
Shmem:            139112 kB
Slab:             147080 kB
SReclaimable:     115308 kB
SUnreclaim:        31772 kB
KernelStack:        8432 kB
PageTables:        31344 kB
NFS_Unstable:          0 kB
Bounce:                0 kB
WritebackTmp:          0 kB
CommitLimit:     5964636 kB
Committed_AS:    5069556 kB
VmallocTotal:   34359738367 kB
VmallocUsed:           0 kB
VmallocChunk:          0 kB
HardwareCorrupted:     0 kB
AnonHugePages:   1189888 kB
CmaTotal:              0 kB
CmaFree:               0 kB
HugePages_Total:       0
HugePages_Free:        0
HugePages_Rsvd:        0
HugePages_Surp:        0
Hugepagesize:       2048 kB
DirectMap4k:      144120 kB
DirectMap2M:     3883008 kB


CPU:total 4 (2 cores per cpu, 2 threads per core) family 6 model 58 stepping 9, cmov, cx8, fxsr, mmx, sse, sse2, sse3, ssse3, sse4.1, sse4.2, popcnt, avx, clmul, erms, ht, tsc, tscinvbit, tscinv

/proc/cpuinfo:
processor	: 0
vendor_id	: GenuineIntel
cpu family	: 6
model		: 58
model name	: Intel(R) Core(TM) i7-3517U CPU @ 1.90GHz
stepping	: 9
microcode	: 0x12
cpu MHz		: 1298.625
cache size	: 4096 KB
physical id	: 0
siblings	: 4
core id		: 0
cpu cores	: 2
apicid		: 0
initial apicid	: 0
fpu		: yes
fpu_exception	: yes
cpuid level	: 13
wp		: yes
flags		: fpu vme de pse tsc msr pae mce cx8 apic sep mtrr pge mca cmov pat pse36 clflush dts acpi mmx fxsr sse sse2 ss ht tm pbe syscall nx rdtscp lm constant_tsc arch_perfmon pebs bts rep_good nopl xtopology nonstop_tsc aperfmperf eagerfpu pni pclmulqdq dtes64 monitor ds_cpl vmx est tm2 ssse3 cx16 xtpr pdcm pcid sse4_1 sse4_2 x2apic popcnt tsc_deadline_timer xsave avx f16c rdrand lahf_lm epb tpr_shadow vnmi flexpriority ept vpid fsgsbase smep erms xsaveopt dtherm ida arat pln pts
bugs		:
bogomips	: 4789.43
clflush size	: 64
cache_alignment	: 64
address sizes	: 36 bits physical, 48 bits virtual
power management:

processor	: 1
vendor_id	: GenuineIntel
cpu family	: 6
model		: 58
model name	: Intel(R) Core(TM) i7-3517U CPU @ 1.90GHz
stepping	: 9
microcode	: 0x12
cpu MHz		: 1747.875
cache size	: 4096 KB
physical id	: 0
siblings	: 4
core id		: 0
cpu cores	: 2
apicid		: 1
initial apicid	: 1
fpu		: yes
fpu_exception	: yes
cpuid level	: 13
wp		: yes
flags		: fpu vme de pse tsc msr pae mce cx8 apic sep mtrr pge mca cmov pat pse36 clflush dts acpi mmx fxsr sse sse2 ss ht tm pbe syscall nx rdtscp lm constant_tsc arch_perfmon pebs bts rep_good nopl xtopology nonstop_tsc aperfmperf eagerfpu pni pclmulqdq dtes64 monitor ds_cpl vmx est tm2 ssse3 cx16 xtpr pdcm pcid sse4_1 sse4_2 x2apic popcnt tsc_deadline_timer xsave avx f16c rdrand lahf_lm epb tpr_shadow vnmi flexpriority ept vpid fsgsbase smep erms xsaveopt dtherm ida arat pln pts
bugs		:
bogomips	: 4789.43
clflush size	: 64
cache_alignment	: 64
address sizes	: 36 bits physical, 48 bits virtual
power management:

processor	: 2
vendor_id	: GenuineIntel
cpu family	: 6
model		: 58
model name	: Intel(R) Core(TM) i7-3517U CPU @ 1.90GHz
stepping	: 9
microcode	: 0x12
cpu MHz		: 2084.718
cache size	: 4096 KB
physical id	: 0
siblings	: 4
core id		: 1
cpu cores	: 2
apicid		: 2
initial apicid	: 2
fpu		: yes
fpu_exception	: yes
cpuid level	: 13
wp		: yes
flags		: fpu vme de pse tsc msr pae mce cx8 apic sep mtrr pge mca cmov pat pse36 clflush dts acpi mmx fxsr sse sse2 ss ht tm pbe syscall nx rdtscp lm constant_tsc arch_perfmon pebs bts rep_good nopl xtopology nonstop_tsc aperfmperf eagerfpu pni pclmulqdq dtes64 monitor ds_cpl vmx est tm2 ssse3 cx16 xtpr pdcm pcid sse4_1 sse4_2 x2apic popcnt tsc_deadline_timer xsave avx f16c rdrand lahf_lm epb tpr_shadow vnmi flexpriority ept vpid fsgsbase smep erms xsaveopt dtherm ida arat pln pts
bugs		:
bogomips	: 4789.43
clflush size	: 64
cache_alignment	: 64
address sizes	: 36 bits physical, 48 bits virtual
power management:

processor	: 3
vendor_id	: GenuineIntel
cpu family	: 6
model		: 58
model name	: Intel(R) Core(TM) i7-3517U CPU @ 1.90GHz
stepping	: 9
microcode	: 0x12
cpu MHz		: 2567.343
cache size	: 4096 KB
physical id	: 0
siblings	: 4
core id		: 1
cpu cores	: 2
apicid		: 3
initial apicid	: 3
fpu		: yes
fpu_exception	: yes
cpuid level	: 13
wp		: yes
flags		: fpu vme de pse tsc msr pae mce cx8 apic sep mtrr pge mca cmov pat pse36 clflush dts acpi mmx fxsr sse sse2 ss ht tm pbe syscall nx rdtscp lm constant_tsc arch_perfmon pebs bts rep_good nopl xtopology nonstop_tsc aperfmperf eagerfpu pni pclmulqdq dtes64 monitor ds_cpl vmx est tm2 ssse3 cx16 xtpr pdcm pcid sse4_1 sse4_2 x2apic popcnt tsc_deadline_timer xsave avx f16c rdrand lahf_lm epb tpr_shadow vnmi flexpriority ept vpid fsgsbase smep erms xsaveopt dtherm ida arat pln pts
bugs		:
bogomips	: 4789.43
clflush size	: 64
cache_alignment	: 64
address sizes	: 36 bits physical, 48 bits virtual
power management:



Memory: 4k page, physical 3878592k(763188k free), swap 4025340k(4022088k free)

vm_info: Java HotSpot(TM) 64-Bit Server VM (25.111-b14) for linux-amd64 JRE (1.8.0_111-b14), built on Sep 22 2016 16:14:03 by "java_re" with gcc 4.3.0 20080428 (Red Hat 4.3.0-8)

time: Tue Jun 13 22:27:44 2017
elapsed time: 7 seconds (0d 0h 0m 7s)

