#
# A fatal error has been detected by the Java Runtime Environment:
#
#  SIGSEGV (0xb) at pc=0x00007f23d340b76b, pid=4298, tid=139791659116288
#
# JRE version: Java(TM) SE Runtime Environment (7.0_80-b15) (build 1.7.0_80-b15)
# Java VM: Java HotSpot(TM) 64-Bit Server VM (24.80-b11 mixed mode linux-amd64 compressed oops)
# Problematic frame:
# C  [libc.so.6+0x8076b]  _IO_str_seekoff+0x299b
#
# Failed to write core dump. Core dumps have been disabled. To enable core dumping, try "ulimit -c unlimited" before starting Java again
#
# If you would like to submit a bug report, please visit:
#   http://bugreport.java.com/bugreport/crash.jsp
# The crash happened outside the Java Virtual Machine in native code.
# See problematic frame for where to report the bug.
#

---------------  T H R E A D  ---------------

Current thread (0x00007f23cc070800):  JavaThread "Finalizer" daemon [_thread_in_native, id=4310, stack(0x00007f23c81f2000,0x00007f23c82f3000)]

siginfo:si_signo=SIGSEGV: si_errno=0, si_code=1 (SEGV_MAPERR), si_addr=0x00007f92d8623808

Registers:
RAX=0x00007f23742282e0, RBX=0x00007f237400c790, RCX=0x00007f23c82f16c0, RDX=0xffffff909b9e8f90
RSP=0x00007f23c82f14e0, RBP=0x0000006f64617070, RSI=0x0000000000000001, RDI=0x0000000000000000
R8 =0x00007f238c080c30, R9 =0x0000000000000001, R10=0x0000000000000004, R11=0x00007f23d3360de8
R12=0x00007f92d8623800, R13=0x00007f2374000020, R14=0x00007f23c82f16c0, R15=0x00007f23cc070800
RIP=0x00007f23d340b76b, EFLAGS=0x0000000000010202, CSGSFS=0x0000000000000033, ERR=0x0000000000000004
  TRAPNO=0x000000000000000e

Top of Stack: (sp=0x00007f23c82f14e0)
0x00007f23c82f14e0:   00007f23cc070800 00000000cc0710c0
0x00007f23c82f14f0:   00007f23cc070d20 00007f23c82f1530
0x00007f23c82f1500:   00000000000000b7 00007f238c080d60
0x00007f23c82f1510:   00007f23b4db3ce0 00007f238c080cb0
0x00007f23c82f1520:   00000000bfd6f218 00007f2300000001
0x00007f23c82f1530:   00007f238c080d60 00007f23d340f7ec
0x00007f23c82f1540:   00007f23cc0710c0 00007f23cc0710c0
0x00007f23c82f1550:   00007f23fffffffe 00007f237400c6d0
0x00007f23c82f1560:   00007f23b4db3ce0 0000000000000000
0x00007f23c82f1570:   00000000bfd6f218 00007f23c82f16c0
0x00007f23c82f1580:   00007f23cc070800 00007f23d340f7ec
0x00007f23c82f1590:   0000007f0000000c 00007f238c080d60
0x00007f23c82f15a0:   00007f23cc06e000 00007f238c080c30
0x00007f23c82f15b0:   00007f23b4db3ce0 00007f237400c6d0
0x00007f23c82f15c0:   00007f23b4db3ce0 0000000000000000
0x00007f23c82f15d0:   00000000bfd6f218 00007f23b493c683
0x00007f23c82f15e0:   00007f23c9005310 00007f2300000000
0x00007f23c82f15f0:   01007f23c82f17d8 00007f23d2d1f582
0x00007f23c82f1600:   000000000000137c 00007f23cc071078
0x00007f23c82f1610:   00007f23c82f1670 00007f23d2d1f99c
0x00007f23c82f1620:   00007f23a80036e0 00007f23b4111de7
0x00007f23c82f1630:   0000000000000000 00000000bfd6f218
0x00007f23c82f1640:   00007f23c82f16a0 00007f23c9012d98
0x00007f23c82f1650:   00007f23cc070800 00007f23cc070800
0x00007f23c82f1660:   00007f23c82f1660 0000000000000000
0x00007f23c82f1670:   00007f23c82f16c0 00000000bfd70bf0
0x00007f23c82f1680:   0000000000000000 00000000bfd6f218
0x00007f23c82f1690:   0000000000000000 00007f23c82f16c0
0x00007f23c82f16a0:   00007f23c82f1708 00007f23c9006058
0x00007f23c82f16b0:   0000000000000000 00007f23c900ecd8
0x00007f23c82f16c0:   00000000c4c4fa78 00007f23c82f16c8
0x00007f23c82f16d0:   00000000bfd6f131 00007f23c82f1720 

Instructions: (pc=0x00007f23d340b76b)
0x00007f23d340b74b:   4c 8d 24 2e c7 44 24 48 00 00 00 00 48 39 c6 0f
0x00007f23d340b75b:   84 70 09 00 00 41 f6 45 04 02 0f 84 85 08 00 00
0x00007f23d340b76b:   49 8b 44 24 08 a8 01 0f 84 98 08 00 00 49 89 c7
0x00007f23d340b77b:   49 83 e7 f8 48 83 f8 10 0f 86 e7 06 00 00 4d 3b 

Register to memory mapping:

RAX=0x00007f23742282e0 is an unknown value
RBX=0x00007f237400c790 is an unknown value
RCX=0x00007f23c82f16c0 is pointing into the stack for thread: 0x00007f23cc070800
RDX=0xffffff909b9e8f90 is an unknown value
RSP=0x00007f23c82f14e0 is pointing into the stack for thread: 0x00007f23cc070800
RBP=0x0000006f64617070 is an unknown value
RSI=0x0000000000000001 is an unknown value
RDI=0x0000000000000000 is an unknown value
R8 =0x00007f238c080c30 is an unknown value
R9 =0x0000000000000001 is an unknown value
R10=0x0000000000000004 is an unknown value
R11=0x00007f23d3360de8: <offset 0xe4fde8> in /home/elixandre/jdk1.7.0_80/jre/lib/amd64/server/libjvm.so at 0x00007f23d2511000
R12=0x00007f92d8623800 is an unknown value
R13=0x00007f2374000020 is an unknown value
R14=0x00007f23c82f16c0 is pointing into the stack for thread: 0x00007f23cc070800
R15=0x00007f23cc070800 is a thread


Stack: [0x00007f23c81f2000,0x00007f23c82f3000],  sp=0x00007f23c82f14e0,  free space=1021k
Native frames: (J=compiled Java code, j=interpreted, Vv=VM code, C=native code)
C  [libc.so.6+0x8076b]  _IO_str_seekoff+0x299b

[error occurred during error reporting (printing native stack), id 0xb]

Java frames: (J=compiled Java code, j=interpreted, Vv=VM code)
j  org.simgrid.msg.Task.nativeFinalize()V+0
j  org.simgrid.msg.Task.finalize()V+1
j  java.lang.System$2.invokeFinalize(Ljava/lang/Object;)V+1
j  java.lang.ref.Finalizer.runFinalizer(Lsun/misc/JavaLangAccess;)V+46
j  java.lang.ref.Finalizer.access$100(Ljava/lang/ref/Finalizer;Lsun/misc/JavaLangAccess;)V+2
j  java.lang.ref.Finalizer$FinalizerThread.run()V+45
v  ~StubRoutines::call_stub

---------------  P R O C E S S  ---------------

Java Threads: ( => current thread )
  0x00007f236c001000 JavaThread "Thread-8" [_thread_in_native, id=4323, stack(0x00007f23737ff000,0x00007f2374000000)]
  0x00007f2378001000 JavaThread "Thread-7" [_thread_in_native, id=4322, stack(0x00007f23947f9000,0x00007f2394ffa000)]
  0x00007f2374001000 JavaThread "Thread-6" [_thread_in_native, id=4321, stack(0x00007f2394ffa000,0x00007f23957fb000)]
  0x00007f2380001000 JavaThread "Thread-5" [_thread_in_native, id=4320, stack(0x00007f23957fb000,0x00007f2395ffc000)]
  0x00007f237c001000 JavaThread "Thread-4" [_thread_in_native, id=4319, stack(0x00007f2395ffc000,0x00007f23967fd000)]
  0x00007f2388001000 JavaThread "Thread-2" [_thread_in_native, id=4318, stack(0x00007f23967fd000,0x00007f2396ffe000)]
  0x00007f2384001000 JavaThread "Thread-3" [_thread_in_native, id=4317, stack(0x00007f2396ffe000,0x00007f23977ff000)]
  0x00007f238c001000 JavaThread "Thread-1" [_thread_in_native, id=4316, stack(0x00007f23977ff000,0x00007f2398000000)]
  0x00007f23cc099000 JavaThread "Service Thread" daemon [_thread_blocked, id=4314, stack(0x00007f23b55ea000,0x00007f23b56eb000)]
  0x00007f23cc096800 JavaThread "C2 CompilerThread1" daemon [_thread_in_native, id=4313, stack(0x00007f23b56eb000,0x00007f23b57ec000)]
  0x00007f23cc093800 JavaThread "C2 CompilerThread0" daemon [_thread_blocked, id=4312, stack(0x00007f23b57ec000,0x00007f23b58ed000)]
  0x00007f23cc091800 JavaThread "Signal Dispatcher" daemon [_thread_blocked, id=4311, stack(0x00007f23c80f1000,0x00007f23c81f2000)]
=>0x00007f23cc070800 JavaThread "Finalizer" daemon [_thread_in_native, id=4310, stack(0x00007f23c81f2000,0x00007f23c82f3000)]
  0x00007f23cc06e000 JavaThread "Reference Handler" daemon [_thread_in_Java, id=4309, stack(0x00007f23c82f3000,0x00007f23c83f4000)]
  0x00007f23cc009800 JavaThread "main" [_thread_in_native, id=4303, stack(0x00007f23d3e8f000,0x00007f23d3f90000)]

Other Threads:
  0x00007f23cc06a000 VMThread [stack: 0x00007f23c83f4000,0x00007f23c84f5000] [id=4308]
  0x00007f23cc0a3800 WatcherThread [stack: 0x00007f23b54e9000,0x00007f23b55ea000] [id=4315]

VM state:not at safepoint (normal execution)

VM Mutex/Monitor currently owned by a thread: None

Heap
 PSYoungGen      total 17920K, used 3561K [0x00000000ec400000, 0x00000000ed800000, 0x0000000100000000)
  eden space 15360K, 6% used [0x00000000ec400000,0x00000000ec4fe428,0x00000000ed300000)
  from space 2560K, 99% used [0x00000000ed300000,0x00000000ed57c010,0x00000000ed580000)
  to   space 2560K, 0% used [0x00000000ed580000,0x00000000ed580000,0x00000000ed800000)
 ParOldGen       total 40448K, used 856K [0x00000000c4c00000, 0x00000000c7380000, 0x00000000ec400000)
  object space 40448K, 2% used [0x00000000c4c00000,0x00000000c4cd6000,0x00000000c7380000)
 PSPermGen       total 21504K, used 3590K [0x00000000bfa00000, 0x00000000c0f00000, 0x00000000c4c00000)
  object space 21504K, 16% used [0x00000000bfa00000,0x00000000bfd819a8,0x00000000c0f00000)

Card table byte_map: [0x00007f23d0f71000,0x00007f23d1175000] byte_map_base: 0x00007f23d0974000

Polling page: 0x00007f23d3fac000

Code Cache  [0x00007f23c9000000, 0x00007f23c9270000, 0x00007f23cc000000)
 total_blobs=267 nmethods=61 adapters=160 free_code_cache=48645Kb largest_free_block=49778112

Compilation events (10 events):
Event: 1.385 Thread 0x00007f23cc096800   56             java.util.regex.Matcher::find (69 bytes)
Event: 1.386 Thread 0x00007f23cc093800 nmethod 55 0x00007f23c9075450 code [0x00007f23c90755a0, 0x00007f23c90756a8]
Event: 1.391 Thread 0x00007f23cc096800 nmethod 56 0x00007f23c9074c90 code [0x00007f23c9074e00, 0x00007f23c90750f8]
Event: 1.394 Thread 0x00007f23cc093800   57 % !         vcube.Node::main @ 64 (1446 bytes)
Event: 1.431 Thread 0x00007f23cc096800   58             java.lang.StringBuilder::append (8 bytes)
Event: 1.438 Thread 0x00007f23cc096800 nmethod 58 0x00007f23c9074090 code [0x00007f23c9074200, 0x00007f23c90746d8]
Event: 1.438 Thread 0x00007f23cc096800   59             java.lang.AbstractStringBuilder::append (62 bytes)
Event: 1.444 Thread 0x00007f23cc096800 nmethod 59 0x00007f23c9077fd0 code [0x00007f23c9078140, 0x00007f23c9078618]
Event: 1.585 Thread 0x00007f23cc093800 nmethod 57% 0x00007f23c907f0d0 code [0x00007f23c907f720, 0x00007f23c9083988]
Event: 1.611 Thread 0x00007f23cc096800   62 % !         vcube.Node::main @ 88 (1446 bytes)

GC Heap History (2 events):
Event: 1.612 GC heap before
{Heap before GC invocations=1 (full 0):
 PSYoungGen      total 17920K, used 15360K [0x00000000ec400000, 0x00000000ed800000, 0x0000000100000000)
  eden space 15360K, 100% used [0x00000000ec400000,0x00000000ed300000,0x00000000ed300000)
  from space 2560K, 0% used [0x00000000ed580000,0x00000000ed580000,0x00000000ed800000)
  to   space 2560K, 0% used [0x00000000ed300000,0x00000000ed300000,0x00000000ed580000)
 ParOldGen       total 40448K, used 0K [0x00000000c4c00000, 0x00000000c7380000, 0x00000000ec400000)
  object space 40448K, 0% used [0x00000000c4c00000,0x00000000c4c00000,0x00000000c7380000)
 PSPermGen       total 21504K, used 3588K [0x00000000bfa00000, 0x00000000c0f00000, 0x00000000c4c00000)
  object space 21504K, 16% used [0x00000000bfa00000,0x00000000bfd81390,0x00000000c0f00000)
Event: 1.621 GC heap after
Heap after GC invocations=1 (full 0):
 PSYoungGen      total 17920K, used 2544K [0x00000000ec400000, 0x00000000ed800000, 0x0000000100000000)
  eden space 15360K, 0% used [0x00000000ec400000,0x00000000ec400000,0x00000000ed300000)
  from space 2560K, 99% used [0x00000000ed300000,0x00000000ed57c010,0x00000000ed580000)
  to   space 2560K, 0% used [0x00000000ed580000,0x00000000ed580000,0x00000000ed800000)
 ParOldGen       total 40448K, used 856K [0x00000000c4c00000, 0x00000000c7380000, 0x00000000ec400000)
  object space 40448K, 2% used [0x00000000c4c00000,0x00000000c4cd6000,0x00000000c7380000)
 PSPermGen       total 21504K, used 3588K [0x00000000bfa00000, 0x00000000c0f00000, 0x00000000c4c00000)
  object space 21504K, 16% used [0x00000000bfa00000,0x00000000bfd81390,0x00000000c0f00000)
}

Deoptimization events (0 events):
No events

Internal exceptions (10 events):
Event: 1.609 Thread 0x00007f2384001000 Threw 0x00000000ed290dd0 at /HUDSON/workspace/7u-2-build-linux-amd64/jdk7u80/2329/hotspot/src/share/vm/prims/jni.cpp:743
Event: 1.609 Thread 0x00007f2388001000 Threw 0x00000000ed217770 at /HUDSON/workspace/7u-2-build-linux-amd64/jdk7u80/2329/hotspot/src/share/vm/prims/jni.cpp:743
Event: 1.610 Thread 0x00007f2380001000 Threw 0x00000000ed2b4558 at /HUDSON/workspace/7u-2-build-linux-amd64/jdk7u80/2329/hotspot/src/share/vm/prims/jni.cpp:743
Event: 1.610 Thread 0x00007f236c001000 Threw 0x00000000ed24a770 at /HUDSON/workspace/7u-2-build-linux-amd64/jdk7u80/2329/hotspot/src/share/vm/prims/jni.cpp:743
Event: 1.610 Thread 0x00007f2384001000 Threw 0x00000000ed292088 at /HUDSON/workspace/7u-2-build-linux-amd64/jdk7u80/2329/hotspot/src/share/vm/prims/jni.cpp:743
Event: 1.610 Thread 0x00007f2388001000 Threw 0x00000000ed218a28 at /HUDSON/workspace/7u-2-build-linux-amd64/jdk7u80/2329/hotspot/src/share/vm/prims/jni.cpp:743
Event: 1.611 Thread 0x00007f2380001000 Threw 0x00000000ed2b5810 at /HUDSON/workspace/7u-2-build-linux-amd64/jdk7u80/2329/hotspot/src/share/vm/prims/jni.cpp:743
Event: 1.611 Thread 0x00007f236c001000 Threw 0x00000000ed24ba28 at /HUDSON/workspace/7u-2-build-linux-amd64/jdk7u80/2329/hotspot/src/share/vm/prims/jni.cpp:743
Event: 1.611 Thread 0x00007f2384001000 Threw 0x00000000ed293340 at /HUDSON/workspace/7u-2-build-linux-amd64/jdk7u80/2329/hotspot/src/share/vm/prims/jni.cpp:743
Event: 1.611 Thread 0x00007f2388001000 Threw 0x00000000ed219ce0 at /HUDSON/workspace/7u-2-build-linux-amd64/jdk7u80/2329/hotspot/src/share/vm/prims/jni.cpp:743

Events (10 events):
Event: 0.208 loading class 0x00007f238c004820
Event: 0.208 loading class 0x00007f238c004820 done
Event: 0.511 loading class 0x00007f23d07b15c0
Event: 0.511 loading class 0x00007f23d07b15c0 done
Event: 0.511 loading class 0x00007f23cc10c9f0
Event: 0.511 loading class 0x00007f23d07a9c90
Event: 0.511 loading class 0x00007f23d07a9c90 done
Event: 0.511 loading class 0x00007f23cc10c9f0 done
Event: 1.612 Executing VM operation: ParallelGCFailedAllocation
Event: 1.621 Executing VM operation: ParallelGCFailedAllocation done


Dynamic libraries:
00400000-00401000 r-xp 00000000 08:07 663942                             /home/elixandre/jdk1.7.0_80/bin/java
00600000-00601000 rw-p 00000000 08:07 663942                             /home/elixandre/jdk1.7.0_80/bin/java
01684000-016a5000 rw-p 00000000 00:00 0                                  [heap]
bfa00000-c0f00000 rw-p 00000000 00:00 0 
c0f00000-c4c00000 rw-p 00000000 00:00 0 
c4c00000-c7380000 rw-p 00000000 00:00 0 
c7380000-ec400000 rw-p 00000000 00:00 0 
ec400000-ed800000 rw-p 00000000 00:00 0 
ed800000-100000000 rw-p 00000000 00:00 0 
7f236c000000-7f236c24f000 rw-p 00000000 00:00 0 
7f236c24f000-7f2370000000 ---p 00000000 00:00 0 
7f23737ff000-7f2373802000 ---p 00000000 00:00 0 
7f2373802000-7f2374000000 rw-p 00000000 00:00 0 
7f2374000000-7f2374229000 rw-p 00000000 00:00 0 
7f2374229000-7f2378000000 ---p 00000000 00:00 0 
7f2378000000-7f237826b000 rw-p 00000000 00:00 0 
7f237826b000-7f237c000000 ---p 00000000 00:00 0 
7f237c000000-7f237c261000 rw-p 00000000 00:00 0 
7f237c261000-7f2380000000 ---p 00000000 00:00 0 
7f2380000000-7f2380298000 rw-p 00000000 00:00 0 
7f2380298000-7f2384000000 ---p 00000000 00:00 0 
7f2384000000-7f238422d000 rw-p 00000000 00:00 0 
7f238422d000-7f2388000000 ---p 00000000 00:00 0 
7f2388000000-7f238828d000 rw-p 00000000 00:00 0 
7f238828d000-7f238c000000 ---p 00000000 00:00 0 
7f238c000000-7f238c29d000 rw-p 00000000 00:00 0 
7f238c29d000-7f2390000000 ---p 00000000 00:00 0 
7f2390000000-7f2390021000 rw-p 00000000 00:00 0 
7f2390021000-7f2394000000 ---p 00000000 00:00 0 
7f23947f9000-7f23947fc000 ---p 00000000 00:00 0 
7f23947fc000-7f2394ffa000 rw-p 00000000 00:00 0 
7f2394ffa000-7f2394ffd000 ---p 00000000 00:00 0 
7f2394ffd000-7f23957fb000 rw-p 00000000 00:00 0 
7f23957fb000-7f23957fe000 ---p 00000000 00:00 0 
7f23957fe000-7f2395ffc000 rw-p 00000000 00:00 0 
7f2395ffc000-7f2395fff000 ---p 00000000 00:00 0 
7f2395fff000-7f23967fd000 rw-p 00000000 00:00 0 
7f23967fd000-7f2396800000 ---p 00000000 00:00 0 
7f2396800000-7f2396ffe000 rw-p 00000000 00:00 0 
7f2396ffe000-7f2397001000 ---p 00000000 00:00 0 
7f2397001000-7f23977ff000 rw-p 00000000 00:00 0 
7f23977ff000-7f2397802000 ---p 00000000 00:00 0 
7f2397802000-7f2398000000 rw-p 00000000 00:00 0 
7f2398000000-7f23981d2000 rw-p 00000000 00:00 0 
7f23981d2000-7f239c000000 ---p 00000000 00:00 0 
7f239c000000-7f239c021000 rw-p 00000000 00:00 0 
7f239c021000-7f23a0000000 ---p 00000000 00:00 0 
7f23a0000000-7f23a0021000 rw-p 00000000 00:00 0 
7f23a0021000-7f23a4000000 ---p 00000000 00:00 0 
7f23a4000000-7f23a4904000 rw-p 00000000 00:00 0 
7f23a4904000-7f23a8000000 ---p 00000000 00:00 0 
7f23a8000000-7f23a8021000 rw-p 00000000 00:00 0 
7f23a8021000-7f23ac000000 ---p 00000000 00:00 0 
7f23ac000000-7f23ac021000 rw-p 00000000 00:00 0 
7f23ac021000-7f23b0000000 ---p 00000000 00:00 0 
7f23b0000000-7f23b0021000 rw-p 00000000 00:00 0 
7f23b0021000-7f23b4000000 ---p 00000000 00:00 0 
7f23b4106000-7f23b411e000 r-xp 00000000 08:07 813439                     /tmp/simgrid-java1736129755856160305/libsimgrid-java.so
7f23b411e000-7f23b431e000 ---p 00018000 08:07 813439                     /tmp/simgrid-java1736129755856160305/libsimgrid-java.so
7f23b431e000-7f23b431f000 rw-p 00018000 08:07 813439                     /tmp/simgrid-java1736129755856160305/libsimgrid-java.so
7f23b431f000-7f23b4335000 r-xp 00000000 08:07 528568                     /lib/x86_64-linux-gnu/libgcc_s.so.1
7f23b4335000-7f23b4534000 ---p 00016000 08:07 528568                     /lib/x86_64-linux-gnu/libgcc_s.so.1
7f23b4534000-7f23b4535000 r--p 00015000 08:07 528568                     /lib/x86_64-linux-gnu/libgcc_s.so.1
7f23b4535000-7f23b4536000 rw-p 00016000 08:07 528568                     /lib/x86_64-linux-gnu/libgcc_s.so.1
7f23b4536000-7f23b46a9000 r-xp 00000000 08:07 1059329                    /usr/lib/x86_64-linux-gnu/libstdc++.so.6.0.21
7f23b46a9000-7f23b48a8000 ---p 00173000 08:07 1059329                    /usr/lib/x86_64-linux-gnu/libstdc++.so.6.0.21
7f23b48a8000-7f23b48b2000 r--p 00172000 08:07 1059329                    /usr/lib/x86_64-linux-gnu/libstdc++.so.6.0.21
7f23b48b2000-7f23b48b4000 rw-p 0017c000 08:07 1059329                    /usr/lib/x86_64-linux-gnu/libstdc++.so.6.0.21
7f23b48b4000-7f23b48b8000 rw-p 00000000 00:00 0 
7f23b48b8000-7f23b4b7d000 r-xp 00000000 08:07 813438                     /tmp/simgrid-java1736129755856160305/libsimgrid.so
7f23b4b7d000-7f23b4d7d000 ---p 002c5000 08:07 813438                     /tmp/simgrid-java1736129755856160305/libsimgrid.so
7f23b4d7d000-7f23b4db8000 rw-p 002c5000 08:07 813438                     /tmp/simgrid-java1736129755856160305/libsimgrid.so
7f23b4db8000-7f23b50c1000 rw-p 00000000 00:00 0 
7f23b50c1000-7f23b50d8000 r-xp 00000000 08:07 663689                     /home/elixandre/jdk1.7.0_80/jre/lib/amd64/libnet.so
7f23b50d8000-7f23b52d7000 ---p 00017000 08:07 663689                     /home/elixandre/jdk1.7.0_80/jre/lib/amd64/libnet.so
7f23b52d7000-7f23b52d8000 rw-p 00016000 08:07 663689                     /home/elixandre/jdk1.7.0_80/jre/lib/amd64/libnet.so
7f23b52d8000-7f23b52e8000 r-xp 00000000 08:07 663688                     /home/elixandre/jdk1.7.0_80/jre/lib/amd64/libnio.so
7f23b52e8000-7f23b54e8000 ---p 00010000 08:07 663688                     /home/elixandre/jdk1.7.0_80/jre/lib/amd64/libnio.so
7f23b54e8000-7f23b54e9000 rw-p 00010000 08:07 663688                     /home/elixandre/jdk1.7.0_80/jre/lib/amd64/libnio.so
7f23b54e9000-7f23b54ea000 ---p 00000000 00:00 0 
7f23b54ea000-7f23b55ea000 rw-p 00000000 00:00 0 
7f23b55ea000-7f23b55ed000 ---p 00000000 00:00 0 
7f23b55ed000-7f23b56eb000 rw-p 00000000 00:00 0 
7f23b56eb000-7f23b56ee000 ---p 00000000 00:00 0 
7f23b56ee000-7f23b57ec000 rw-p 00000000 00:00 0 
7f23b57ec000-7f23b57ef000 ---p 00000000 00:00 0 
7f23b57ef000-7f23b58ed000 rw-p 00000000 00:00 0 
7f23b58ed000-7f23b5fd0000 r--p 00000000 08:07 1055607                    /usr/lib/locale/locale-archive
7f23b5fd0000-7f23b8000000 rw-p 00000000 00:00 0 
7f23b8000000-7f23b8021000 rw-p 00000000 00:00 0 
7f23b8021000-7f23bc000000 ---p 00000000 00:00 0 
7f23bc000000-7f23bc021000 rw-p 00000000 00:00 0 
7f23bc021000-7f23c0000000 ---p 00000000 00:00 0 
7f23c0000000-7f23c0021000 rw-p 00000000 00:00 0 
7f23c0021000-7f23c4000000 ---p 00000000 00:00 0 
7f23c4000000-7f23c4021000 rw-p 00000000 00:00 0 
7f23c4021000-7f23c8000000 ---p 00000000 00:00 0 
7f23c80f1000-7f23c80f4000 ---p 00000000 00:00 0 
7f23c80f4000-7f23c81f2000 rw-p 00000000 00:00 0 
7f23c81f2000-7f23c81f5000 ---p 00000000 00:00 0 
7f23c81f5000-7f23c82f3000 rw-p 00000000 00:00 0 
7f23c82f3000-7f23c82f6000 ---p 00000000 00:00 0 
7f23c82f6000-7f23c83f4000 rw-p 00000000 00:00 0 
7f23c83f4000-7f23c83f5000 ---p 00000000 00:00 0 
7f23c83f5000-7f23c9000000 rw-p 00000000 00:00 0 
7f23c9000000-7f23c9270000 rwxp 00000000 00:00 0 
7f23c9270000-7f23cc40b000 rw-p 00000000 00:00 0 
7f23cc40b000-7f23d0000000 ---p 00000000 00:00 0 
7f23d0058000-7f23d054c000 rw-p 00000000 00:00 0 
7f23d054c000-7f23d070c000 r--s 039fb000 08:07 663892                     /home/elixandre/jdk1.7.0_80/jre/lib/rt.jar
7f23d070c000-7f23d0a08000 rw-p 00000000 00:00 0 
7f23d0a08000-7f23d0a09000 ---p 00000000 00:00 0 
7f23d0a09000-7f23d0b09000 rw-p 00000000 00:00 0 
7f23d0b09000-7f23d0b0a000 ---p 00000000 00:00 0 
7f23d0b0a000-7f23d0c0a000 rw-p 00000000 00:00 0 
7f23d0c0a000-7f23d0c0b000 ---p 00000000 00:00 0 
7f23d0c0b000-7f23d0d0b000 rw-p 00000000 00:00 0 
7f23d0d0b000-7f23d0d0c000 ---p 00000000 00:00 0 
7f23d0d0c000-7f23d0e17000 rw-p 00000000 00:00 0 
7f23d0e17000-7f23d0e35000 rw-p 00000000 00:00 0 
7f23d0e35000-7f23d0e49000 rw-p 00000000 00:00 0 
7f23d0e49000-7f23d0f71000 rw-p 00000000 00:00 0 
7f23d0f71000-7f23d0f7c000 rw-p 00000000 00:00 0 
7f23d0f7c000-7f23d0f9a000 rw-p 00000000 00:00 0 
7f23d0f9a000-7f23d0fae000 rw-p 00000000 00:00 0 
7f23d0fae000-7f23d10d6000 rw-p 00000000 00:00 0 
7f23d10d6000-7f23d10e0000 rw-p 00000000 00:00 0 
7f23d10e0000-7f23d1174000 rw-p 00000000 00:00 0 
7f23d1174000-7f23d1175000 rw-p 00000000 00:00 0 
7f23d1175000-7f23d118c000 r-xp 00000000 08:07 663687                     /home/elixandre/jdk1.7.0_80/jre/lib/amd64/libzip.so
7f23d118c000-7f23d138c000 ---p 00017000 08:07 663687                     /home/elixandre/jdk1.7.0_80/jre/lib/amd64/libzip.so
7f23d138c000-7f23d138d000 rw-p 00017000 08:07 663687                     /home/elixandre/jdk1.7.0_80/jre/lib/amd64/libzip.so
7f23d138d000-7f23d1397000 r-xp 00000000 08:07 529521                     /lib/x86_64-linux-gnu/libnss_files-2.21.so
7f23d1397000-7f23d1597000 ---p 0000a000 08:07 529521                     /lib/x86_64-linux-gnu/libnss_files-2.21.so
7f23d1597000-7f23d1598000 r--p 0000a000 08:07 529521                     /lib/x86_64-linux-gnu/libnss_files-2.21.so
7f23d1598000-7f23d1599000 rw-p 0000b000 08:07 529521                     /lib/x86_64-linux-gnu/libnss_files-2.21.so
7f23d1599000-7f23d15a4000 r-xp 00000000 08:07 529535                     /lib/x86_64-linux-gnu/libnss_nis-2.21.so
7f23d15a4000-7f23d17a3000 ---p 0000b000 08:07 529535                     /lib/x86_64-linux-gnu/libnss_nis-2.21.so
7f23d17a3000-7f23d17a4000 r--p 0000a000 08:07 529535                     /lib/x86_64-linux-gnu/libnss_nis-2.21.so
7f23d17a4000-7f23d17a5000 rw-p 0000b000 08:07 529535                     /lib/x86_64-linux-gnu/libnss_nis-2.21.so
7f23d17a5000-7f23d17bc000 r-xp 00000000 08:07 529538                     /lib/x86_64-linux-gnu/libnsl-2.21.so
7f23d17bc000-7f23d19bb000 ---p 00017000 08:07 529538                     /lib/x86_64-linux-gnu/libnsl-2.21.so
7f23d19bb000-7f23d19bc000 r--p 00016000 08:07 529538                     /lib/x86_64-linux-gnu/libnsl-2.21.so
7f23d19bc000-7f23d19bd000 rw-p 00017000 08:07 529538                     /lib/x86_64-linux-gnu/libnsl-2.21.so
7f23d19bd000-7f23d19bf000 rw-p 00000000 00:00 0 
7f23d19bf000-7f23d19c7000 r-xp 00000000 08:07 529523                     /lib/x86_64-linux-gnu/libnss_compat-2.21.so
7f23d19c7000-7f23d1bc6000 ---p 00008000 08:07 529523                     /lib/x86_64-linux-gnu/libnss_compat-2.21.so
7f23d1bc6000-7f23d1bc7000 r--p 00007000 08:07 529523                     /lib/x86_64-linux-gnu/libnss_compat-2.21.so
7f23d1bc7000-7f23d1bc8000 rw-p 00008000 08:07 529523                     /lib/x86_64-linux-gnu/libnss_compat-2.21.so
7f23d1bc8000-7f23d1bf1000 r-xp 00000000 08:07 663623                     /home/elixandre/jdk1.7.0_80/jre/lib/amd64/libjava.so
7f23d1bf1000-7f23d1df1000 ---p 00029000 08:07 663623                     /home/elixandre/jdk1.7.0_80/jre/lib/amd64/libjava.so
7f23d1df1000-7f23d1df3000 rw-p 00029000 08:07 663623                     /home/elixandre/jdk1.7.0_80/jre/lib/amd64/libjava.so
7f23d1df3000-7f23d1e00000 r-xp 00000000 08:07 663501                     /home/elixandre/jdk1.7.0_80/jre/lib/amd64/libverify.so
7f23d1e00000-7f23d1fff000 ---p 0000d000 08:07 663501                     /home/elixandre/jdk1.7.0_80/jre/lib/amd64/libverify.so
7f23d1fff000-7f23d2001000 rw-p 0000c000 08:07 663501                     /home/elixandre/jdk1.7.0_80/jre/lib/amd64/libverify.so
7f23d2001000-7f23d2008000 r-xp 00000000 08:07 529522                     /lib/x86_64-linux-gnu/librt-2.21.so
7f23d2008000-7f23d2207000 ---p 00007000 08:07 529522                     /lib/x86_64-linux-gnu/librt-2.21.so
7f23d2207000-7f23d2208000 r--p 00006000 08:07 529522                     /lib/x86_64-linux-gnu/librt-2.21.so
7f23d2208000-7f23d2209000 rw-p 00007000 08:07 529522                     /lib/x86_64-linux-gnu/librt-2.21.so
7f23d2209000-7f23d2310000 r-xp 00000000 08:07 529524                     /lib/x86_64-linux-gnu/libm-2.21.so
7f23d2310000-7f23d250f000 ---p 00107000 08:07 529524                     /lib/x86_64-linux-gnu/libm-2.21.so
7f23d250f000-7f23d2510000 r--p 00106000 08:07 529524                     /lib/x86_64-linux-gnu/libm-2.21.so
7f23d2510000-7f23d2511000 rw-p 00107000 08:07 529524                     /lib/x86_64-linux-gnu/libm-2.21.so
7f23d2511000-7f23d3087000 r-xp 00000000 08:07 663273                     /home/elixandre/jdk1.7.0_80/jre/lib/amd64/server/libjvm.so
7f23d3087000-7f23d3286000 ---p 00b76000 08:07 663273                     /home/elixandre/jdk1.7.0_80/jre/lib/amd64/server/libjvm.so
7f23d3286000-7f23d334a000 rw-p 00b75000 08:07 663273                     /home/elixandre/jdk1.7.0_80/jre/lib/amd64/server/libjvm.so
7f23d334a000-7f23d338b000 rw-p 00000000 00:00 0 
7f23d338b000-7f23d354b000 r-xp 00000000 08:07 529541                     /lib/x86_64-linux-gnu/libc-2.21.so
7f23d354b000-7f23d374b000 ---p 001c0000 08:07 529541                     /lib/x86_64-linux-gnu/libc-2.21.so
7f23d374b000-7f23d374f000 r--p 001c0000 08:07 529541                     /lib/x86_64-linux-gnu/libc-2.21.so
7f23d374f000-7f23d3751000 rw-p 001c4000 08:07 529541                     /lib/x86_64-linux-gnu/libc-2.21.so
7f23d3751000-7f23d3755000 rw-p 00000000 00:00 0 
7f23d3755000-7f23d3758000 r-xp 00000000 08:07 529528                     /lib/x86_64-linux-gnu/libdl-2.21.so
7f23d3758000-7f23d3957000 ---p 00003000 08:07 529528                     /lib/x86_64-linux-gnu/libdl-2.21.so
7f23d3957000-7f23d3958000 r--p 00002000 08:07 529528                     /lib/x86_64-linux-gnu/libdl-2.21.so
7f23d3958000-7f23d3959000 rw-p 00003000 08:07 529528                     /lib/x86_64-linux-gnu/libdl-2.21.so
7f23d3959000-7f23d396e000 r-xp 00000000 08:07 663695                     /home/elixandre/jdk1.7.0_80/lib/amd64/jli/libjli.so
7f23d396e000-7f23d3b6d000 ---p 00015000 08:07 663695                     /home/elixandre/jdk1.7.0_80/lib/amd64/jli/libjli.so
7f23d3b6d000-7f23d3b6e000 rw-p 00014000 08:07 663695                     /home/elixandre/jdk1.7.0_80/lib/amd64/jli/libjli.so
7f23d3b6e000-7f23d3b86000 r-xp 00000000 08:07 529525                     /lib/x86_64-linux-gnu/libpthread-2.21.so
7f23d3b86000-7f23d3d86000 ---p 00018000 08:07 529525                     /lib/x86_64-linux-gnu/libpthread-2.21.so
7f23d3d86000-7f23d3d87000 r--p 00018000 08:07 529525                     /lib/x86_64-linux-gnu/libpthread-2.21.so
7f23d3d87000-7f23d3d88000 rw-p 00019000 08:07 529525                     /lib/x86_64-linux-gnu/libpthread-2.21.so
7f23d3d88000-7f23d3d8c000 rw-p 00000000 00:00 0 
7f23d3d8c000-7f23d3db0000 r-xp 00000000 08:07 529539                     /lib/x86_64-linux-gnu/ld-2.21.so
7f23d3dba000-7f23d3dd9000 rw-p 00000000 00:00 0 
7f23d3dd9000-7f23d3e8f000 rw-p 00000000 00:00 0 
7f23d3e8f000-7f23d3e92000 ---p 00000000 00:00 0 
7f23d3e92000-7f23d3f94000 rw-p 00000000 00:00 0 
7f23d3f9b000-7f23d3f9c000 rw-p 00000000 00:00 0 
7f23d3f9c000-7f23d3fa0000 r--s 0008b000 08:07 663627                     /home/elixandre/jdk1.7.0_80/jre/lib/jsse.jar
7f23d3fa0000-7f23d3fa3000 r--s 00f76000 08:07 542783                     /home/elixandre/Downloads/simgrid.jar
7f23d3fa3000-7f23d3fab000 rw-s 00000000 08:07 544733                     /tmp/hsperfdata_elixandre/4298
7f23d3fab000-7f23d3fac000 rw-p 00000000 00:00 0 
7f23d3fac000-7f23d3fad000 r--p 00000000 00:00 0 
7f23d3fad000-7f23d3faf000 rw-p 00000000 00:00 0 
7f23d3faf000-7f23d3fb0000 r--p 00023000 08:07 529539                     /lib/x86_64-linux-gnu/ld-2.21.so
7f23d3fb0000-7f23d3fb1000 rw-p 00024000 08:07 529539                     /lib/x86_64-linux-gnu/ld-2.21.so
7f23d3fb1000-7f23d3fb2000 rw-p 00000000 00:00 0 
7ffcdbb44000-7ffcdbb65000 rw-p 00000000 00:00 0                          [stack]
7ffcdbb73000-7ffcdbb75000 r--p 00000000 00:00 0                          [vvar]
7ffcdbb75000-7ffcdbb77000 r-xp 00000000 00:00 0                          [vdso]
ffffffffff600000-ffffffffff601000 r-xp 00000000 00:00 0                  [vsyscall]

VM Arguments:
jvm_args: -Dfile.encoding=UTF-8 
java_command: vcube.VCube platform.xml deployment.xml
Launcher Type: SUN_STANDARD

Environment Variables:
PATH=/usr/local/sbin:/usr/local/bin:/usr/sbin:/usr/bin:/sbin:/bin:/usr/games:/usr/local/games:/home/elixandre/.rvm/bin
LD_LIBRARY_PATH=/home/elixandre/jdk1.7.0_80/jre/lib/amd64:/home/elixandre/jdk1.7.0_80/jre/lib/i386:
SHELL=/bin/bash
DISPLAY=:0

Signal Handlers:
SIGSEGV: [libjvm.so+0x9a3b20], sa_mask[0]=0x7ffbfeff, sa_flags=0x10000004
SIGBUS: [libjvm.so+0x9a3b20], sa_mask[0]=0x7ffbfeff, sa_flags=0x10000004
SIGFPE: [libjvm.so+0x81e740], sa_mask[0]=0x7ffbfeff, sa_flags=0x10000004
SIGPIPE: [libjvm.so+0x81e740], sa_mask[0]=0x7ffbfeff, sa_flags=0x10000004
SIGXFSZ: [libjvm.so+0x81e740], sa_mask[0]=0x7ffbfeff, sa_flags=0x10000004
SIGILL: [libjvm.so+0x81e740], sa_mask[0]=0x7ffbfeff, sa_flags=0x10000004
SIGUSR1: SIG_DFL, sa_mask[0]=0x00000000, sa_flags=0x00000000
SIGUSR2: [libjvm.so+0x81ffb0], sa_mask[0]=0x00000004, sa_flags=0x10000004
SIGHUP: [libjvm.so+0x8210d0], sa_mask[0]=0x7ffbfeff, sa_flags=0x10000004
SIGINT: [libsimgrid.so+0x8ff50], sa_mask[0]=0x00000002, sa_flags=0x10000000
SIGTERM: [libjvm.so+0x8210d0], sa_mask[0]=0x7ffbfeff, sa_flags=0x10000004
SIGQUIT: [libjvm.so+0x8210d0], sa_mask[0]=0x7ffbfeff, sa_flags=0x10000004


---------------  S Y S T E M  ---------------

OS:jessie/sid

uname:Linux 4.2.0-42-generic #49-Ubuntu SMP Tue Jun 28 21:26:26 UTC 2016 x86_64
libc:glibc 2.21 NPTL 2.21 
rlimit: STACK 8192k, CORE 0k, NPROC 15009, NOFILE 65536, AS infinity
load average:0.32 0.27 0.30

/proc/meminfo:
MemTotal:        3879128 kB
MemFree:          716236 kB
MemAvailable:    1340292 kB
Buffers:          172508 kB
Cached:           848700 kB
SwapCached:            0 kB
Active:          2261596 kB
Inactive:         690284 kB
Active(anon):    1883420 kB
Inactive(anon):   315188 kB
Active(file):     378176 kB
Inactive(file):   375096 kB
Unevictable:          44 kB
Mlocked:              44 kB
SwapTotal:        975868 kB
SwapFree:         975868 kB
Dirty:             12528 kB
Writeback:             0 kB
AnonPages:       1932808 kB
Mapped:           378172 kB
Shmem:            267928 kB
Slab:             112004 kB
SReclaimable:      79436 kB
SUnreclaim:        32568 kB
KernelStack:        9632 kB
PageTables:        35688 kB
NFS_Unstable:          0 kB
Bounce:                0 kB
WritebackTmp:          0 kB
CommitLimit:     2915432 kB
Committed_AS:    6201288 kB
VmallocTotal:   34359738367 kB
VmallocUsed:      347680 kB
VmallocChunk:   34358947836 kB
HardwareCorrupted:     0 kB
AnonHugePages:    860160 kB
CmaTotal:              0 kB
CmaFree:               0 kB
HugePages_Total:       0
HugePages_Free:        0
HugePages_Rsvd:        0
HugePages_Surp:        0
Hugepagesize:       2048 kB
DirectMap4k:      109304 kB
DirectMap2M:     3917824 kB


CPU:total 4 (2 cores per cpu, 2 threads per core) family 6 model 58 stepping 9, cmov, cx8, fxsr, mmx, sse, sse2, sse3, ssse3, sse4.1, sse4.2, popcnt, avx, erms, ht, tsc, tscinvbit, tscinv

/proc/cpuinfo:
processor	: 0
vendor_id	: GenuineIntel
cpu family	: 6
model		: 58
model name	: Intel(R) Core(TM) i7-3517U CPU @ 1.90GHz
stepping	: 9
microcode	: 0x12
cpu MHz		: 2799.937
cache size	: 4096 KB
physical id	: 0
siblings	: 4
core id		: 0
cpu cores	: 2
apicid		: 0
initial apicid	: 0
fpu		: yes
fpu_exception	: yes
cpuid level	: 13
wp		: yes
flags		: fpu vme de pse tsc msr pae mce cx8 apic sep mtrr pge mca cmov pat pse36 clflush dts acpi mmx fxsr sse sse2 ss ht tm pbe syscall nx rdtscp lm constant_tsc arch_perfmon pebs bts rep_good nopl xtopology nonstop_tsc aperfmperf eagerfpu pni pclmulqdq dtes64 monitor ds_cpl vmx est tm2 ssse3 cx16 xtpr pdcm pcid sse4_1 sse4_2 x2apic popcnt tsc_deadline_timer xsave avx f16c rdrand lahf_lm ida arat epb pln pts dtherm tpr_shadow vnmi flexpriority ept vpid fsgsbase smep erms xsaveopt
bugs		:
bogomips	: 4789.62
clflush size	: 64
cache_alignment	: 64
address sizes	: 36 bits physical, 48 bits virtual
power management:

processor	: 1
vendor_id	: GenuineIntel
cpu family	: 6
model		: 58
model name	: Intel(R) Core(TM) i7-3517U CPU @ 1.90GHz
stepping	: 9
microcode	: 0x12
cpu MHz		: 2799.937
cache size	: 4096 KB
physical id	: 0
siblings	: 4
core id		: 0
cpu cores	: 2
apicid		: 1
initial apicid	: 1
fpu		: yes
fpu_exception	: yes
cpuid level	: 13
wp		: yes
flags		: fpu vme de pse tsc msr pae mce cx8 apic sep mtrr pge mca cmov pat pse36 clflush dts acpi mmx fxsr sse sse2 ss ht tm pbe syscall nx rdtscp lm constant_tsc arch_perfmon pebs bts rep_good nopl xtopology nonstop_tsc aperfmperf eagerfpu pni pclmulqdq dtes64 monitor ds_cpl vmx est tm2 ssse3 cx16 xtpr pdcm pcid sse4_1 sse4_2 x2apic popcnt tsc_deadline_timer xsave avx f16c rdrand lahf_lm ida arat epb pln pts dtherm tpr_shadow vnmi flexpriority ept vpid fsgsbase smep erms xsaveopt
bugs		:
bogomips	: 4789.62
clflush size	: 64
cache_alignment	: 64
address sizes	: 36 bits physical, 48 bits virtual
power management:

processor	: 2
vendor_id	: GenuineIntel
cpu family	: 6
model		: 58
model name	: Intel(R) Core(TM) i7-3517U CPU @ 1.90GHz
stepping	: 9
microcode	: 0x12
cpu MHz		: 2799.937
cache size	: 4096 KB
physical id	: 0
siblings	: 4
core id		: 1
cpu cores	: 2
apicid		: 2
initial apicid	: 2
fpu		: yes
fpu_exception	: yes
cpuid level	: 13
wp		: yes
flags		: fpu vme de pse tsc msr pae mce cx8 apic sep mtrr pge mca cmov pat pse36 clflush dts acpi mmx fxsr sse sse2 ss ht tm pbe syscall nx rdtscp lm constant_tsc arch_perfmon pebs bts rep_good nopl xtopology nonstop_tsc aperfmperf eagerfpu pni pclmulqdq dtes64 monitor ds_cpl vmx est tm2 ssse3 cx16 xtpr pdcm pcid sse4_1 sse4_2 x2apic popcnt tsc_deadline_timer xsave avx f16c rdrand lahf_lm ida arat epb pln pts dtherm tpr_shadow vnmi flexpriority ept vpid fsgsbase smep erms xsaveopt
bugs		:
bogomips	: 4789.62
clflush size	: 64
cache_alignment	: 64
address sizes	: 36 bits physical, 48 bits virtual
power management:

processor	: 3
vendor_id	: GenuineIntel
cpu family	: 6
model		: 58
model name	: Intel(R) Core(TM) i7-3517U CPU @ 1.90GHz
stepping	: 9
microcode	: 0x12
cpu MHz		: 2799.937
cache size	: 4096 KB
physical id	: 0
siblings	: 4
core id		: 1
cpu cores	: 2
apicid		: 3
initial apicid	: 3
fpu		: yes
fpu_exception	: yes
cpuid level	: 13
wp		: yes
flags		: fpu vme de pse tsc msr pae mce cx8 apic sep mtrr pge mca cmov pat pse36 clflush dts acpi mmx fxsr sse sse2 ss ht tm pbe syscall nx rdtscp lm constant_tsc arch_perfmon pebs bts rep_good nopl xtopology nonstop_tsc aperfmperf eagerfpu pni pclmulqdq dtes64 monitor ds_cpl vmx est tm2 ssse3 cx16 xtpr pdcm pcid sse4_1 sse4_2 x2apic popcnt tsc_deadline_timer xsave avx f16c rdrand lahf_lm ida arat epb pln pts dtherm tpr_shadow vnmi flexpriority ept vpid fsgsbase smep erms xsaveopt
bugs		:
bogomips	: 4789.62
clflush size	: 64
cache_alignment	: 64
address sizes	: 36 bits physical, 48 bits virtual
power management:



Memory: 4k page, physical 3879128k(716236k free), swap 975868k(975868k free)

vm_info: Java HotSpot(TM) 64-Bit Server VM (24.80-b11) for linux-amd64 JRE (1.7.0_80-b15), built on Apr 10 2015 19:53:14 by "java_re" with gcc 4.3.0 20080428 (Red Hat 4.3.0-8)

time: Tue May  2 16:42:21 2017
elapsed time: 1 seconds

