#
# A fatal error has been detected by the Java Runtime Environment:
#
#  SIGSEGV (0xb) at pc=0x00007f22d612b263, pid=4105, tid=139787775461120
#
# JRE version: Java(TM) SE Runtime Environment (7.0_80-b15) (build 1.7.0_80-b15)
# Java VM: Java HotSpot(TM) 64-Bit Server VM (24.80-b11 mixed mode linux-amd64 compressed oops)
# Problematic frame:
# C  [libsimgrid.so+0x190263]  xbt_dynar_member+0x23
#
# Failed to write core dump. Core dumps have been disabled. To enable core dumping, try "ulimit -c unlimited" before starting Java again
#
# If you would like to submit a bug report, please visit:
#   http://bugreport.java.com/bugreport/crash.jsp
#

---------------  T H R E A D  ---------------

Current thread (0x00007f22dc06a000):  VMThread [stack: 0x00007f22e0a34000,0x00007f22e0b35000] [id=4114]

siginfo:si_signo=SIGSEGV: si_errno=0, si_code=1 (SEGV_MAPERR), si_addr=0x0000000000000000

Registers:
RAX=0x0000000000000000, RBX=0x00007f22d6497700, RCX=0x0000000000000000, RDX=0x00007f22e0b34a30
RSP=0x00007f22e0b33690, RBP=0x00007f22dc11ca10, RSI=0x00007f22e0b33838, RDI=0x00007f22e0b33750
R8 =0x00007f22dc113a20, R9 =0x00007f22dc113a20, R10=0x0000000000000c58, R11=0x00007f22d612b240
R12=0x00007f22d64a2790, R13=0x00007f22dc0fca60, R14=0x00000000000003d8, R15=0x00007f22dc027e58
RIP=0x00007f22d612b263, EFLAGS=0x0000000000010206, CSGSFS=0x0000000000000033, ERR=0x0000000000000004
  TRAPNO=0x000000000000000e

Top of Stack: (sp=0x00007f22e0b33690)
0x00007f22e0b33690:   00007f22dc0fb400 00007f22e0b336b0
0x00007f22e0b336a0:   00007f22dc113a90 00007f22e0b33838
0x00007f22e0b336b0:   00000000ffffffff 00007f22dc2268d0
0x00007f22e0b336c0:   00007f22d5fb4628 00007f22dc0fb400
0x00007f22e0b336d0:   00007f22d9067340 00007f22dc2268d0
0x00007f22e0b336e0:   00007f22dc124120 00007f2200000001
0x00007f22e0b336f0:   00007f22d6498840 0000000000000000
0x00007f22e0b33700:   00007f22dc124250 00007f22dc0fca60
0x00007f22e0b33710:   00000000000003d8 00007f22dc3d23f0
0x00007f22e0b33720:   00007f22d6462400 00007f22d6466de8
0x00007f22e0b33730:   00007f22d64a2790 00007f22dc0fca60
0x00007f22e0b33740:   00000000000003d8 00007f22dc027e58
0x00007f22e0b33750:   0000000000000000 00007f22e53839ad
0x00007f22e0b33760:   0000000000000005 0000000000000000
0x00007f22e0b33770:   00007f22dc0fca60 00007f22d5fb4628
0x00007f22e0b33780:   00007f22d6497700 00007f22dc11ca10
0x00007f22e0b33790:   00007f22d64a2790 00007f22e538af30
0x00007f22e0b337a0:   00007f22dc1f5b80 00007f22d6462400
0x00007f22e0b337b0:   00007f22dc1227d0 00007f22d6191286
0x00007f22e0b337c0:   0000000000000000 00007f22dc06ac00
0x00007f22e0b337d0:   00007f22dc06ac00 00007f22e0b338a0
0x00007f22e0b337e0:   00007f22dc140ec0 0000000000000000
0x00007f22e0b337f0:   0000000000000000 00007f22e0b33838
0x00007f22e0b33800:   00007f22dc113a90 00007f22dc113a20
0x00007f22e0b33810:   00007f22dc113a20 00007f22dc0fb400
0x00007f22e0b33820:   00007f22d6497700 00007f22d614834f
0x00007f22e0b33830:   0000000000000000 00007f22dc1227d0
0x00007f22e0b33840:   0000000000000005 0000000000000000
0x00007f22e0b33850:   00007f22dc027e58 00007f22d649aa98
0x00007f22e0b33860:   00007f22dc115c80 0000000000000001
0x00007f22e0b33870:   00007f22dc0fca60 00007f22d6129d37
0x00007f22e0b33880:   00007f22dc0fca60 00007f22d649a098 

Instructions: (pc=0x00007f22d612b263)
0x00007f22d612b243:   ec 90 01 00 00 48 8b 05 01 a2 33 00 48 89 7c 24
0x00007f22d612b253:   10 48 89 74 24 18 ff 10 48 8d bc 24 c0 00 00 00
0x00007f22d612b263:   48 8b 08 48 89 04 24 48 89 38 48 89 4c 24 08 e8
0x00007f22d612b273:   79 31 ed ff 85 c0 74 75 48 8b 14 24 c7 42 08 01 

Register to memory mapping:

RAX=0x0000000000000000 is an unknown value
RBX=0x00007f22d6497700: _simgrid_log_category__simix_process+0 in /tmp/simgrid-java8946139403058775985/libsimgrid.so at 0x00007f22d5f9b000
RCX=0x0000000000000000 is an unknown value
RDX=0x00007f22e0b34a30 is an unknown value
RSP=0x00007f22e0b33690 is an unknown value
RBP=0x00007f22dc11ca10 is an unknown value
RSI=0x00007f22e0b33838 is an unknown value
RDI=0x00007f22e0b33750 is an unknown value
R8 =0x00007f22dc113a20 is an unknown value
R9 =0x00007f22dc113a20 is an unknown value
R10=0x0000000000000c58 is an unknown value
R11=0x00007f22d612b240: xbt_dynar_member+0 in /tmp/simgrid-java8946139403058775985/libsimgrid.so at 0x00007f22d5f9b000
R12=0x00007f22d64a2790: simix_global+0 in /tmp/simgrid-java8946139403058775985/libsimgrid.so at 0x00007f22d5f9b000
R13=0x00007f22dc0fca60 is an unknown value
R14=0x00000000000003d8 is an unknown value
R15=0x00007f22dc027e58 is an unknown value


Stack: [0x00007f22e0a34000,0x00007f22e0b35000],  sp=0x00007f22e0b33690,  free space=1021k
Native frames: (J=compiled Java code, j=interpreted, Vv=VM code, C=native code)
C  [libsimgrid.so+0x190263]  xbt_dynar_member+0x23

VM_Operation (0x00007f22d47e5530): Exit, mode: safepoint, requested by thread 0x00007f22a8001000


---------------  P R O C E S S  ---------------

Java Threads: ( => current thread )
  0x00007f22a8001000 JavaThread "SIGTERM handler" daemon [_thread_blocked, id=4131, stack(0x00007f22d46e6000,0x00007f22d47e7000)]
  0x00007f2284001000 JavaThread "Thread-8" [_thread_in_native, id=4128, stack(0x00007f22cd7fb000,0x00007f22cdffc000)]
  0x00007f2280001000 JavaThread "Thread-6" [_thread_in_native, id=4129, stack(0x00007f22ccffa000,0x00007f22cd7fb000)]
  0x00007f22c4001000 JavaThread "Thread-7" [_thread_in_native, id=4127, stack(0x00007f22cdffc000,0x00007f22ce7fd000)]
  0x00007f228c001000 JavaThread "Thread-5" [_thread_blocked, id=4124, stack(0x00007f22cf7ff000,0x00007f22d0000000)]
  0x00007f2288001000 JavaThread "Thread-4" [_thread_in_native, id=4126, stack(0x00007f22ce7fd000,0x00007f22ceffe000)]
  0x00007f2294001000 JavaThread "Thread-3" [_thread_in_native, id=4125, stack(0x00007f22ceffe000,0x00007f22cf7ff000)]
  0x00007f2290001000 JavaThread "Thread-2" [_thread_in_native, id=4123, stack(0x00007f22d47e7000,0x00007f22d4fe8000)]
  0x00007f229c001000 JavaThread "Thread-1" [_thread_in_native, id=4122, stack(0x00007f22d4fe8000,0x00007f22d57e9000)]
  0x00007f22dc099000 JavaThread "Service Thread" daemon [_thread_blocked, id=4120, stack(0x00007f22d6ccd000,0x00007f22d6dce000)]
  0x00007f22dc096800 JavaThread "C2 CompilerThread1" daemon [_thread_blocked, id=4119, stack(0x00007f22d6dce000,0x00007f22d6ecf000)]
  0x00007f22dc093800 JavaThread "C2 CompilerThread0" daemon [_thread_blocked, id=4118, stack(0x00007f22d6ecf000,0x00007f22d6fd0000)]
  0x00007f22dc070800 JavaThread "Finalizer" daemon [_thread_blocked, id=4116, stack(0x00007f22e0832000,0x00007f22e0933000)]
  0x00007f22dc06e000 JavaThread "Reference Handler" daemon [_thread_blocked, id=4115, stack(0x00007f22e0933000,0x00007f22e0a34000)]
  0x00007f22dc009800 JavaThread "main" [_thread_in_native, id=4109, stack(0x00007f22e5477000,0x00007f22e5578000)]

Other Threads:
=>0x00007f22dc06a000 VMThread [stack: 0x00007f22e0a34000,0x00007f22e0b35000] [id=4114]

VM state:at safepoint (shutting down)

VM Mutex/Monitor currently owned by a thread:  ([mutex/lock_event])
[0x00007f22dc0061b0] Threads_lock - owner thread: 0x00007f22dc06a000

Heap
 PSYoungGen      total 17920K, used 10447K [0x00000000ec400000, 0x00000000ed800000, 0x0000000100000000)
  eden space 15360K, 68% used [0x00000000ec400000,0x00000000ece33e38,0x00000000ed300000)
  from space 2560K, 0% used [0x00000000ed580000,0x00000000ed580000,0x00000000ed800000)
  to   space 2560K, 0% used [0x00000000ed300000,0x00000000ed300000,0x00000000ed580000)
 ParOldGen       total 40448K, used 0K [0x00000000c4c00000, 0x00000000c7380000, 0x00000000ec400000)
  object space 40448K, 0% used [0x00000000c4c00000,0x00000000c4c00000,0x00000000c7380000)
 PSPermGen       total 21504K, used 3903K [0x00000000bfa00000, 0x00000000c0f00000, 0x00000000c4c00000)
  object space 21504K, 18% used [0x00000000bfa00000,0x00000000bfdcfdb8,0x00000000c0f00000)

Card table byte_map: [0x00007f22e2559000,0x00007f22e275d000] byte_map_base: 0x00007f22e1f5c000

Polling page: 0x00007f22e5594000

Code Cache  [0x00007f22d9000000, 0x00007f22d9270000, 0x00007f22dc000000)
 total_blobs=241 nmethods=32 adapters=163 free_code_cache=48711Kb largest_free_block=49855808

Compilation events (10 events):
Event: 1.250 Thread 0x00007f22dc096800   28             java.lang.StringBuilder::append (8 bytes)
Event: 1.250 Thread 0x00007f22dc093800   29             java.lang.AbstractStringBuilder::append (62 bytes)
Event: 1.269 Thread 0x00007f22dc096800 nmethod 28 0x00007f22d906c890 code [0x00007f22d906ca00, 0x00007f22d906d0d8]
Event: 1.295 Thread 0x00007f22dc093800 nmethod 29 0x00007f22d906fcd0 code [0x00007f22d906fe40, 0x00007f22d9070538]
Event: 1.466 Thread 0x00007f22dc096800   30             org.simgrid.msg.Task::getName (5 bytes)
Event: 1.467 Thread 0x00007f22dc096800 nmethod 30 0x00007f22d9070e50 code [0x00007f22d9070f80, 0x00007f22d9070fd8]
Event: 1.497 Thread 0x00007f22dc093800   31             java.lang.AbstractStringBuilder::append (144 bytes)
Event: 1.508 Thread 0x00007f22dc096800   32             java.util.regex.Pattern$Slice::match (79 bytes)
Event: 1.531 Thread 0x00007f22dc096800 nmethod 32 0x00007f22d906c010 code [0x00007f22d906c180, 0x00007f22d906c5b8]
Event: 1.563 Thread 0x00007f22dc093800 nmethod 31 0x00007f22d906d890 code [0x00007f22d906da00, 0x00007f22d906dfb8]

GC Heap History (0 events):
No events

Deoptimization events (0 events):
No events

Internal exceptions (10 events):
Event: 1.874 Thread 0x00007f2294001000 Threw 0x00000000ecc15c60 at /HUDSON/workspace/7u-2-build-linux-amd64/jdk7u80/2329/hotspot/src/share/vm/prims/jni.cpp:743
Event: 1.875 Thread 0x00007f229c001000 Threw 0x00000000ecc97fe8 at /HUDSON/workspace/7u-2-build-linux-amd64/jdk7u80/2329/hotspot/src/share/vm/prims/jni.cpp:743
Event: 1.875 Thread 0x00007f2284001000 Threw 0x00000000ecbc9d08 at /HUDSON/workspace/7u-2-build-linux-amd64/jdk7u80/2329/hotspot/src/share/vm/prims/jni.cpp:743
Event: 1.875 Thread 0x00007f22c4001000 Threw 0x00000000ecc62430 at /HUDSON/workspace/7u-2-build-linux-amd64/jdk7u80/2329/hotspot/src/share/vm/prims/jni.cpp:743
Event: 1.877 Thread 0x00007f2294001000 Threw 0x00000000ecc17ca8 at /HUDSON/workspace/7u-2-build-linux-amd64/jdk7u80/2329/hotspot/src/share/vm/prims/jni.cpp:743
Event: 1.879 Thread 0x00007f229c001000 Threw 0x00000000ecc9a030 at /HUDSON/workspace/7u-2-build-linux-amd64/jdk7u80/2329/hotspot/src/share/vm/prims/jni.cpp:743
Event: 1.884 Thread 0x00007f2284001000 Threw 0x00000000ecbcbd50 at /HUDSON/workspace/7u-2-build-linux-amd64/jdk7u80/2329/hotspot/src/share/vm/prims/jni.cpp:743
Event: 1.884 Thread 0x00007f22c4001000 Threw 0x00000000ecc64478 at /HUDSON/workspace/7u-2-build-linux-amd64/jdk7u80/2329/hotspot/src/share/vm/prims/jni.cpp:743
Event: 1.887 Thread 0x00007f2294001000 Threw 0x00000000ecc19cf0 at /HUDSON/workspace/7u-2-build-linux-amd64/jdk7u80/2329/hotspot/src/share/vm/prims/jni.cpp:743
Event: 1.889 Thread 0x00007f229c001000 Threw 0x00000000ecc9c078 at /HUDSON/workspace/7u-2-build-linux-amd64/jdk7u80/2329/hotspot/src/share/vm/prims/jni.cpp:743

Events (10 events):
Event: 1.892 loading class 0x00007f22a00154f0
Event: 1.892 loading class 0x00007f22a00154f0 done
Event: 1.892 loading class 0x00007f22a00154c0
Event: 1.892 loading class 0x00007f22a0015480
Event: 1.892 loading class 0x00007f22a0015480 done
Event: 1.892 loading class 0x00007f22a00154c0 done
Event: 1.892 Thread 0x00007f2278001000 Thread added: 0x00007f2278001000
Event: 1.892 Thread 0x00007f2278001000 Thread exited: 0x00007f2278001000
Event: 1.892 Executing VM operation: Exit
Event: 1.892 Thread 0x00007f22dc091800 Thread exited: 0x00007f22dc091800


Dynamic libraries:
00400000-00401000 r-xp 00000000 08:07 663942                             /home/elixandre/jdk1.7.0_80/bin/java
00600000-00601000 rw-p 00000000 08:07 663942                             /home/elixandre/jdk1.7.0_80/bin/java
0216a000-0218b000 rw-p 00000000 00:00 0                                  [heap]
bfa00000-c0f00000 rw-p 00000000 00:00 0 
c0f00000-c4c00000 rw-p 00000000 00:00 0 
c4c00000-c7380000 rw-p 00000000 00:00 0 
c7380000-ec400000 rw-p 00000000 00:00 0 
ec400000-ed800000 rw-p 00000000 00:00 0 
ed800000-100000000 rw-p 00000000 00:00 0 
7f2278000000-7f2278021000 rw-p 00000000 00:00 0 
7f2278021000-7f227c000000 ---p 00000000 00:00 0 
7f227c000000-7f227c021000 rw-p 00000000 00:00 0 
7f227c021000-7f2280000000 ---p 00000000 00:00 0 
7f2280000000-7f22800c2000 rw-p 00000000 00:00 0 
7f22800c2000-7f2284000000 ---p 00000000 00:00 0 
7f2284000000-7f22840c3000 rw-p 00000000 00:00 0 
7f22840c3000-7f2288000000 ---p 00000000 00:00 0 
7f2288000000-7f22880c4000 rw-p 00000000 00:00 0 
7f22880c4000-7f228c000000 ---p 00000000 00:00 0 
7f228c000000-7f228c0c1000 rw-p 00000000 00:00 0 
7f228c0c1000-7f2290000000 ---p 00000000 00:00 0 
7f2290000000-7f22900c0000 rw-p 00000000 00:00 0 
7f22900c0000-7f2294000000 ---p 00000000 00:00 0 
7f2294000000-7f22940c3000 rw-p 00000000 00:00 0 
7f22940c3000-7f2298000000 ---p 00000000 00:00 0 
7f2298000000-7f2298021000 rw-p 00000000 00:00 0 
7f2298021000-7f229c000000 ---p 00000000 00:00 0 
7f229c000000-7f229c0d9000 rw-p 00000000 00:00 0 
7f229c0d9000-7f22a0000000 ---p 00000000 00:00 0 
7f22a0000000-7f22a00db000 rw-p 00000000 00:00 0 
7f22a00db000-7f22a4000000 ---p 00000000 00:00 0 
7f22a4000000-7f22a4021000 rw-p 00000000 00:00 0 
7f22a4021000-7f22a8000000 ---p 00000000 00:00 0 
7f22a8000000-7f22a8021000 rw-p 00000000 00:00 0 
7f22a8021000-7f22ac000000 ---p 00000000 00:00 0 
7f22ac000000-7f22ac12f000 rw-p 00000000 00:00 0 
7f22ac12f000-7f22b0000000 ---p 00000000 00:00 0 
7f22b0000000-7f22b0021000 rw-p 00000000 00:00 0 
7f22b0021000-7f22b4000000 ---p 00000000 00:00 0 
7f22b4000000-7f22b4021000 rw-p 00000000 00:00 0 
7f22b4021000-7f22b8000000 ---p 00000000 00:00 0 
7f22b8000000-7f22b8021000 rw-p 00000000 00:00 0 
7f22b8021000-7f22bc000000 ---p 00000000 00:00 0 
7f22bc000000-7f22bc021000 rw-p 00000000 00:00 0 
7f22bc021000-7f22c0000000 ---p 00000000 00:00 0 
7f22c0000000-7f22c0021000 rw-p 00000000 00:00 0 
7f22c0021000-7f22c4000000 ---p 00000000 00:00 0 
7f22c4000000-7f22c40c2000 rw-p 00000000 00:00 0 
7f22c40c2000-7f22c8000000 ---p 00000000 00:00 0 
7f22c8000000-7f22c8021000 rw-p 00000000 00:00 0 
7f22c8021000-7f22cc000000 ---p 00000000 00:00 0 
7f22ccffa000-7f22ccffd000 ---p 00000000 00:00 0 
7f22ccffd000-7f22cd7fb000 rw-p 00000000 00:00 0 
7f22cd7fb000-7f22cd7fe000 ---p 00000000 00:00 0 
7f22cd7fe000-7f22cdffc000 rw-p 00000000 00:00 0 
7f22cdffc000-7f22cdfff000 ---p 00000000 00:00 0 
7f22cdfff000-7f22ce7fd000 rw-p 00000000 00:00 0 
7f22ce7fd000-7f22ce800000 ---p 00000000 00:00 0 
7f22ce800000-7f22ceffe000 rw-p 00000000 00:00 0 
7f22ceffe000-7f22cf001000 ---p 00000000 00:00 0 
7f22cf001000-7f22cf7ff000 rw-p 00000000 00:00 0 
7f22cf7ff000-7f22cf802000 ---p 00000000 00:00 0 
7f22cf802000-7f22d0000000 rw-p 00000000 00:00 0 
7f22d0000000-7f22d0021000 rw-p 00000000 00:00 0 
7f22d0021000-7f22d4000000 ---p 00000000 00:00 0 
7f22d45e5000-7f22d45e8000 ---p 00000000 00:00 0 
7f22d45e8000-7f22d46e6000 rw-p 00000000 00:00 0 
7f22d46e6000-7f22d46e9000 ---p 00000000 00:00 0 
7f22d46e9000-7f22d47e7000 rw-p 00000000 00:00 0 
7f22d47e7000-7f22d47ea000 ---p 00000000 00:00 0 
7f22d47ea000-7f22d4fe8000 rw-p 00000000 00:00 0 
7f22d4fe8000-7f22d4feb000 ---p 00000000 00:00 0 
7f22d4feb000-7f22d57e9000 rw-p 00000000 00:00 0 
7f22d57e9000-7f22d5801000 r-xp 00000000 08:07 544849                     /tmp/simgrid-java8946139403058775985/libsimgrid-java.so (deleted)
7f22d5801000-7f22d5a01000 ---p 00018000 08:07 544849                     /tmp/simgrid-java8946139403058775985/libsimgrid-java.so (deleted)
7f22d5a01000-7f22d5a02000 rw-p 00018000 08:07 544849                     /tmp/simgrid-java8946139403058775985/libsimgrid-java.so (deleted)
7f22d5a02000-7f22d5a18000 r-xp 00000000 08:07 528568                     /lib/x86_64-linux-gnu/libgcc_s.so.1
7f22d5a18000-7f22d5c17000 ---p 00016000 08:07 528568                     /lib/x86_64-linux-gnu/libgcc_s.so.1
7f22d5c17000-7f22d5c18000 r--p 00015000 08:07 528568                     /lib/x86_64-linux-gnu/libgcc_s.so.1
7f22d5c18000-7f22d5c19000 rw-p 00016000 08:07 528568                     /lib/x86_64-linux-gnu/libgcc_s.so.1
7f22d5c19000-7f22d5d8c000 r-xp 00000000 08:07 1059329                    /usr/lib/x86_64-linux-gnu/libstdc++.so.6.0.21
7f22d5d8c000-7f22d5f8b000 ---p 00173000 08:07 1059329                    /usr/lib/x86_64-linux-gnu/libstdc++.so.6.0.21
7f22d5f8b000-7f22d5f95000 r--p 00172000 08:07 1059329                    /usr/lib/x86_64-linux-gnu/libstdc++.so.6.0.21
7f22d5f95000-7f22d5f97000 rw-p 0017c000 08:07 1059329                    /usr/lib/x86_64-linux-gnu/libstdc++.so.6.0.21
7f22d5f97000-7f22d5f9b000 rw-p 00000000 00:00 0 
7f22d5f9b000-7f22d6260000 r-xp 00000000 08:07 544847                     /tmp/simgrid-java8946139403058775985/libsimgrid.so (deleted)
7f22d6260000-7f22d6460000 ---p 002c5000 08:07 544847                     /tmp/simgrid-java8946139403058775985/libsimgrid.so (deleted)
7f22d6460000-7f22d649b000 rw-p 002c5000 08:07 544847                     /tmp/simgrid-java8946139403058775985/libsimgrid.so (deleted)
7f22d649b000-7f22d67a4000 rw-p 00000000 00:00 0 
7f22d67a4000-7f22d67bb000 r-xp 00000000 08:07 663689                     /home/elixandre/jdk1.7.0_80/jre/lib/amd64/libnet.so
7f22d67bb000-7f22d69ba000 ---p 00017000 08:07 663689                     /home/elixandre/jdk1.7.0_80/jre/lib/amd64/libnet.so
7f22d69ba000-7f22d69bb000 rw-p 00016000 08:07 663689                     /home/elixandre/jdk1.7.0_80/jre/lib/amd64/libnet.so
7f22d69bb000-7f22d69cb000 r-xp 00000000 08:07 663688                     /home/elixandre/jdk1.7.0_80/jre/lib/amd64/libnio.so
7f22d69cb000-7f22d6bcb000 ---p 00010000 08:07 663688                     /home/elixandre/jdk1.7.0_80/jre/lib/amd64/libnio.so
7f22d6bcb000-7f22d6bcc000 rw-p 00010000 08:07 663688                     /home/elixandre/jdk1.7.0_80/jre/lib/amd64/libnio.so
7f22d6bcc000-7f22d6bcd000 ---p 00000000 00:00 0 
7f22d6bcd000-7f22d6ccd000 rw-p 00000000 00:00 0 
7f22d6ccd000-7f22d6cd0000 ---p 00000000 00:00 0 
7f22d6cd0000-7f22d6dce000 rw-p 00000000 00:00 0 
7f22d6dce000-7f22d6dd1000 ---p 00000000 00:00 0 
7f22d6dd1000-7f22d6ecf000 rw-p 00000000 00:00 0 
7f22d6ecf000-7f22d6ed2000 ---p 00000000 00:00 0 
7f22d6ed2000-7f22d9000000 rw-p 00000000 00:00 0 
7f22d9000000-7f22d9270000 rwxp 00000000 00:00 0 
7f22d9270000-7f22dc3d3000 rw-p 00000000 00:00 0 
7f22dc3d3000-7f22e0000000 ---p 00000000 00:00 0 
7f22e004e000-7f22e0051000 ---p 00000000 00:00 0 
7f22e0051000-7f22e014f000 rw-p 00000000 00:00 0 
7f22e014f000-7f22e0832000 r--p 00000000 08:07 1055607                    /usr/lib/locale/locale-archive
7f22e0832000-7f22e0835000 ---p 00000000 00:00 0 
7f22e0835000-7f22e0933000 rw-p 00000000 00:00 0 
7f22e0933000-7f22e0936000 ---p 00000000 00:00 0 
7f22e0936000-7f22e0a34000 rw-p 00000000 00:00 0 
7f22e0a34000-7f22e0a35000 ---p 00000000 00:00 0 
7f22e0a35000-7f22e1b34000 rw-p 00000000 00:00 0 
7f22e1b34000-7f22e1cf4000 r--s 039fb000 08:07 663892                     /home/elixandre/jdk1.7.0_80/jre/lib/rt.jar
7f22e1cf4000-7f22e1ff0000 rw-p 00000000 00:00 0 
7f22e1ff0000-7f22e1ff1000 ---p 00000000 00:00 0 
7f22e1ff1000-7f22e20f1000 rw-p 00000000 00:00 0 
7f22e20f1000-7f22e20f2000 ---p 00000000 00:00 0 
7f22e20f2000-7f22e21f2000 rw-p 00000000 00:00 0 
7f22e21f2000-7f22e21f3000 ---p 00000000 00:00 0 
7f22e21f3000-7f22e22f3000 rw-p 00000000 00:00 0 
7f22e22f3000-7f22e22f4000 ---p 00000000 00:00 0 
7f22e22f4000-7f22e23ff000 rw-p 00000000 00:00 0 
7f22e23ff000-7f22e241d000 rw-p 00000000 00:00 0 
7f22e241d000-7f22e2431000 rw-p 00000000 00:00 0 
7f22e2431000-7f22e2559000 rw-p 00000000 00:00 0 
7f22e2559000-7f22e2564000 rw-p 00000000 00:00 0 
7f22e2564000-7f22e2582000 rw-p 00000000 00:00 0 
7f22e2582000-7f22e2596000 rw-p 00000000 00:00 0 
7f22e2596000-7f22e26be000 rw-p 00000000 00:00 0 
7f22e26be000-7f22e26c8000 rw-p 00000000 00:00 0 
7f22e26c8000-7f22e275c000 rw-p 00000000 00:00 0 
7f22e275c000-7f22e275d000 rw-p 00000000 00:00 0 
7f22e275d000-7f22e2774000 r-xp 00000000 08:07 663687                     /home/elixandre/jdk1.7.0_80/jre/lib/amd64/libzip.so
7f22e2774000-7f22e2974000 ---p 00017000 08:07 663687                     /home/elixandre/jdk1.7.0_80/jre/lib/amd64/libzip.so
7f22e2974000-7f22e2975000 rw-p 00017000 08:07 663687                     /home/elixandre/jdk1.7.0_80/jre/lib/amd64/libzip.so
7f22e2975000-7f22e297f000 r-xp 00000000 08:07 529521                     /lib/x86_64-linux-gnu/libnss_files-2.21.so
7f22e297f000-7f22e2b7f000 ---p 0000a000 08:07 529521                     /lib/x86_64-linux-gnu/libnss_files-2.21.so
7f22e2b7f000-7f22e2b80000 r--p 0000a000 08:07 529521                     /lib/x86_64-linux-gnu/libnss_files-2.21.so
7f22e2b80000-7f22e2b81000 rw-p 0000b000 08:07 529521                     /lib/x86_64-linux-gnu/libnss_files-2.21.so
7f22e2b81000-7f22e2b8c000 r-xp 00000000 08:07 529535                     /lib/x86_64-linux-gnu/libnss_nis-2.21.so
7f22e2b8c000-7f22e2d8b000 ---p 0000b000 08:07 529535                     /lib/x86_64-linux-gnu/libnss_nis-2.21.so
7f22e2d8b000-7f22e2d8c000 r--p 0000a000 08:07 529535                     /lib/x86_64-linux-gnu/libnss_nis-2.21.so
7f22e2d8c000-7f22e2d8d000 rw-p 0000b000 08:07 529535                     /lib/x86_64-linux-gnu/libnss_nis-2.21.so
7f22e2d8d000-7f22e2da4000 r-xp 00000000 08:07 529538                     /lib/x86_64-linux-gnu/libnsl-2.21.so
7f22e2da4000-7f22e2fa3000 ---p 00017000 08:07 529538                     /lib/x86_64-linux-gnu/libnsl-2.21.so
7f22e2fa3000-7f22e2fa4000 r--p 00016000 08:07 529538                     /lib/x86_64-linux-gnu/libnsl-2.21.so
7f22e2fa4000-7f22e2fa5000 rw-p 00017000 08:07 529538                     /lib/x86_64-linux-gnu/libnsl-2.21.so
7f22e2fa5000-7f22e2fa7000 rw-p 00000000 00:00 0 
7f22e2fa7000-7f22e2faf000 r-xp 00000000 08:07 529523                     /lib/x86_64-linux-gnu/libnss_compat-2.21.so
7f22e2faf000-7f22e31ae000 ---p 00008000 08:07 529523                     /lib/x86_64-linux-gnu/libnss_compat-2.21.so
7f22e31ae000-7f22e31af000 r--p 00007000 08:07 529523                     /lib/x86_64-linux-gnu/libnss_compat-2.21.so
7f22e31af000-7f22e31b0000 rw-p 00008000 08:07 529523                     /lib/x86_64-linux-gnu/libnss_compat-2.21.so
7f22e31b0000-7f22e31d9000 r-xp 00000000 08:07 663623                     /home/elixandre/jdk1.7.0_80/jre/lib/amd64/libjava.so
7f22e31d9000-7f22e33d9000 ---p 00029000 08:07 663623                     /home/elixandre/jdk1.7.0_80/jre/lib/amd64/libjava.so
7f22e33d9000-7f22e33db000 rw-p 00029000 08:07 663623                     /home/elixandre/jdk1.7.0_80/jre/lib/amd64/libjava.so
7f22e33db000-7f22e33e8000 r-xp 00000000 08:07 663501                     /home/elixandre/jdk1.7.0_80/jre/lib/amd64/libverify.so
7f22e33e8000-7f22e35e7000 ---p 0000d000 08:07 663501                     /home/elixandre/jdk1.7.0_80/jre/lib/amd64/libverify.so
7f22e35e7000-7f22e35e9000 rw-p 0000c000 08:07 663501                     /home/elixandre/jdk1.7.0_80/jre/lib/amd64/libverify.so
7f22e35e9000-7f22e35f0000 r-xp 00000000 08:07 529522                     /lib/x86_64-linux-gnu/librt-2.21.so
7f22e35f0000-7f22e37ef000 ---p 00007000 08:07 529522                     /lib/x86_64-linux-gnu/librt-2.21.so
7f22e37ef000-7f22e37f0000 r--p 00006000 08:07 529522                     /lib/x86_64-linux-gnu/librt-2.21.so
7f22e37f0000-7f22e37f1000 rw-p 00007000 08:07 529522                     /lib/x86_64-linux-gnu/librt-2.21.so
7f22e37f1000-7f22e38f8000 r-xp 00000000 08:07 529524                     /lib/x86_64-linux-gnu/libm-2.21.so
7f22e38f8000-7f22e3af7000 ---p 00107000 08:07 529524                     /lib/x86_64-linux-gnu/libm-2.21.so
7f22e3af7000-7f22e3af8000 r--p 00106000 08:07 529524                     /lib/x86_64-linux-gnu/libm-2.21.so
7f22e3af8000-7f22e3af9000 rw-p 00107000 08:07 529524                     /lib/x86_64-linux-gnu/libm-2.21.so
7f22e3af9000-7f22e466f000 r-xp 00000000 08:07 663273                     /home/elixandre/jdk1.7.0_80/jre/lib/amd64/server/libjvm.so
7f22e466f000-7f22e486e000 ---p 00b76000 08:07 663273                     /home/elixandre/jdk1.7.0_80/jre/lib/amd64/server/libjvm.so
7f22e486e000-7f22e4932000 rw-p 00b75000 08:07 663273                     /home/elixandre/jdk1.7.0_80/jre/lib/amd64/server/libjvm.so
7f22e4932000-7f22e4973000 rw-p 00000000 00:00 0 
7f22e4973000-7f22e4b33000 r-xp 00000000 08:07 529541                     /lib/x86_64-linux-gnu/libc-2.21.so
7f22e4b33000-7f22e4d33000 ---p 001c0000 08:07 529541                     /lib/x86_64-linux-gnu/libc-2.21.so
7f22e4d33000-7f22e4d37000 r--p 001c0000 08:07 529541                     /lib/x86_64-linux-gnu/libc-2.21.so
7f22e4d37000-7f22e4d39000 rw-p 001c4000 08:07 529541                     /lib/x86_64-linux-gnu/libc-2.21.so
7f22e4d39000-7f22e4d3d000 rw-p 00000000 00:00 0 
7f22e4d3d000-7f22e4d40000 r-xp 00000000 08:07 529528                     /lib/x86_64-linux-gnu/libdl-2.21.so
7f22e4d40000-7f22e4f3f000 ---p 00003000 08:07 529528                     /lib/x86_64-linux-gnu/libdl-2.21.so
7f22e4f3f000-7f22e4f40000 r--p 00002000 08:07 529528                     /lib/x86_64-linux-gnu/libdl-2.21.so
7f22e4f40000-7f22e4f41000 rw-p 00003000 08:07 529528                     /lib/x86_64-linux-gnu/libdl-2.21.so
7f22e4f41000-7f22e4f56000 r-xp 00000000 08:07 663695                     /home/elixandre/jdk1.7.0_80/lib/amd64/jli/libjli.so
7f22e4f56000-7f22e5155000 ---p 00015000 08:07 663695                     /home/elixandre/jdk1.7.0_80/lib/amd64/jli/libjli.so
7f22e5155000-7f22e5156000 rw-p 00014000 08:07 663695                     /home/elixandre/jdk1.7.0_80/lib/amd64/jli/libjli.so
7f22e5156000-7f22e516e000 r-xp 00000000 08:07 529525                     /lib/x86_64-linux-gnu/libpthread-2.21.so
7f22e516e000-7f22e536e000 ---p 00018000 08:07 529525                     /lib/x86_64-linux-gnu/libpthread-2.21.so
7f22e536e000-7f22e536f000 r--p 00018000 08:07 529525                     /lib/x86_64-linux-gnu/libpthread-2.21.so
7f22e536f000-7f22e5370000 rw-p 00019000 08:07 529525                     /lib/x86_64-linux-gnu/libpthread-2.21.so
7f22e5370000-7f22e5374000 rw-p 00000000 00:00 0 
7f22e5374000-7f22e5398000 r-xp 00000000 08:07 529539                     /lib/x86_64-linux-gnu/ld-2.21.so
7f22e53a2000-7f22e53c1000 rw-p 00000000 00:00 0 
7f22e53c1000-7f22e5477000 rw-p 00000000 00:00 0 
7f22e5477000-7f22e547a000 ---p 00000000 00:00 0 
7f22e547a000-7f22e557c000 rw-p 00000000 00:00 0 
7f22e5584000-7f22e5588000 r--s 0008b000 08:07 663627                     /home/elixandre/jdk1.7.0_80/jre/lib/jsse.jar
7f22e5588000-7f22e558b000 r--s 00f76000 08:07 542783                     /home/elixandre/Downloads/simgrid.jar
7f22e558b000-7f22e5593000 rw-s 00000000 08:07 544733                     /tmp/hsperfdata_elixandre/4105 (deleted)
7f22e5593000-7f22e5594000 rw-p 00000000 00:00 0 
7f22e5594000-7f22e5595000 ---p 00000000 00:00 0 
7f22e5595000-7f22e5597000 rw-p 00000000 00:00 0 
7f22e5597000-7f22e5598000 r--p 00023000 08:07 529539                     /lib/x86_64-linux-gnu/ld-2.21.so
7f22e5598000-7f22e5599000 rw-p 00024000 08:07 529539                     /lib/x86_64-linux-gnu/ld-2.21.so
7f22e5599000-7f22e559a000 rw-p 00000000 00:00 0 
7ffdc0eef000-7ffdc0f10000 rw-p 00000000 00:00 0                          [stack]
7ffdc0fcc000-7ffdc0fce000 r--p 00000000 00:00 0                          [vvar]
7ffdc0fce000-7ffdc0fd0000 r-xp 00000000 00:00 0                          [vdso]
ffffffffff600000-ffffffffff601000 r-xp 00000000 00:00 0                  [vsyscall]

VM Arguments:
jvm_args: -Dfile.encoding=UTF-8 
java_command: vcube.VCube platform.xml deployment.xml
Launcher Type: SUN_STANDARD

Environment Variables:
PATH=/usr/local/sbin:/usr/local/bin:/usr/sbin:/usr/bin:/sbin:/bin:/usr/games:/usr/local/games:/home/elixandre/.rvm/bin
LD_LIBRARY_PATH=/home/elixandre/jdk1.7.0_80/jre/lib/amd64:/home/elixandre/jdk1.7.0_80/jre/lib/i386:
SHELL=/bin/bash
DISPLAY=:0

Signal Handlers:
SIGSEGV: [libjvm.so+0x9a3b20], sa_mask[0]=0x7ffbfeff, sa_flags=0x10000004
SIGBUS: [libjvm.so+0x9a3b20], sa_mask[0]=0x7ffbfeff, sa_flags=0x10000004
SIGFPE: [libjvm.so+0x81e740], sa_mask[0]=0x7ffbfeff, sa_flags=0x10000004
SIGPIPE: [libjvm.so+0x81e740], sa_mask[0]=0x7ffbfeff, sa_flags=0x10000004
SIGXFSZ: [libjvm.so+0x81e740], sa_mask[0]=0x7ffbfeff, sa_flags=0x10000004
SIGILL: [libjvm.so+0x81e740], sa_mask[0]=0x7ffbfeff, sa_flags=0x10000004
SIGUSR1: SIG_DFL, sa_mask[0]=0x00000000, sa_flags=0x00000000
SIGUSR2: [libjvm.so+0x81ffb0], sa_mask[0]=0x00000004, sa_flags=0x10000004
SIGHUP: [libjvm.so+0x8210d0], sa_mask[0]=0x7ffbfeff, sa_flags=0x10000004
SIGINT: [libsimgrid.so+0x8ff50], sa_mask[0]=0x00000002, sa_flags=0x10000000
SIGTERM: [libjvm.so+0x8210d0], sa_mask[0]=0x7ffbfeff, sa_flags=0x10000004
SIGQUIT: [libjvm.so+0x8210d0], sa_mask[0]=0x7ffbfeff, sa_flags=0x10000004


---------------  S Y S T E M  ---------------

OS:jessie/sid

uname:Linux 4.2.0-42-generic #49-Ubuntu SMP Tue Jun 28 21:26:26 UTC 2016 x86_64
libc:glibc 2.21 NPTL 2.21 
rlimit: STACK 8192k, CORE 0k, NPROC 15009, NOFILE 65536, AS infinity
load average:1.49 1.07 0.83

/proc/meminfo:
MemTotal:        3879128 kB
MemFree:          235140 kB
MemAvailable:    1620460 kB
Buffers:          175128 kB
Cached:          1484056 kB
SwapCached:            0 kB
Active:          2545672 kB
Inactive:         836480 kB
Active(anon):    1702348 kB
Inactive(anon):   192612 kB
Active(file):     843324 kB
Inactive(file):   643868 kB
Unevictable:          32 kB
Mlocked:              32 kB
SwapTotal:        975868 kB
SwapFree:         975868 kB
Dirty:             12588 kB
Writeback:             0 kB
AnonPages:       1722992 kB
Mapped:           348160 kB
Shmem:            172016 kB
Slab:             166728 kB
SReclaimable:     134128 kB
SUnreclaim:        32600 kB
KernelStack:        9536 kB
PageTables:        34052 kB
NFS_Unstable:          0 kB
Bounce:                0 kB
WritebackTmp:          0 kB
CommitLimit:     2915432 kB
Committed_AS:    5687008 kB
VmallocTotal:   34359738367 kB
VmallocUsed:      347648 kB
VmallocChunk:   34358947836 kB
HardwareCorrupted:     0 kB
AnonHugePages:    972800 kB
CmaTotal:              0 kB
CmaFree:               0 kB
HugePages_Total:       0
HugePages_Free:        0
HugePages_Rsvd:        0
HugePages_Surp:        0
Hugepagesize:       2048 kB
DirectMap4k:      125688 kB
DirectMap2M:     3901440 kB


CPU:total 4 (2 cores per cpu, 2 threads per core) family 6 model 58 stepping 9, cmov, cx8, fxsr, mmx, sse, sse2, sse3, ssse3, sse4.1, sse4.2, popcnt, avx, erms, ht, tsc, tscinvbit, tscinv

/proc/cpuinfo:
processor	: 0
vendor_id	: GenuineIntel
cpu family	: 6
model		: 58
model name	: Intel(R) Core(TM) i7-3517U CPU @ 1.90GHz
stepping	: 9
microcode	: 0x12
cpu MHz		: 2799.937
cache size	: 4096 KB
physical id	: 0
siblings	: 4
core id		: 0
cpu cores	: 2
apicid		: 0
initial apicid	: 0
fpu		: yes
fpu_exception	: yes
cpuid level	: 13
wp		: yes
flags		: fpu vme de pse tsc msr pae mce cx8 apic sep mtrr pge mca cmov pat pse36 clflush dts acpi mmx fxsr sse sse2 ss ht tm pbe syscall nx rdtscp lm constant_tsc arch_perfmon pebs bts rep_good nopl xtopology nonstop_tsc aperfmperf eagerfpu pni pclmulqdq dtes64 monitor ds_cpl vmx est tm2 ssse3 cx16 xtpr pdcm pcid sse4_1 sse4_2 x2apic popcnt tsc_deadline_timer xsave avx f16c rdrand lahf_lm ida arat epb pln pts dtherm tpr_shadow vnmi flexpriority ept vpid fsgsbase smep erms xsaveopt
bugs		:
bogomips	: 4788.88
clflush size	: 64
cache_alignment	: 64
address sizes	: 36 bits physical, 48 bits virtual
power management:

processor	: 1
vendor_id	: GenuineIntel
cpu family	: 6
model		: 58
model name	: Intel(R) Core(TM) i7-3517U CPU @ 1.90GHz
stepping	: 9
microcode	: 0x12
cpu MHz		: 2799.937
cache size	: 4096 KB
physical id	: 0
siblings	: 4
core id		: 0
cpu cores	: 2
apicid		: 1
initial apicid	: 1
fpu		: yes
fpu_exception	: yes
cpuid level	: 13
wp		: yes
flags		: fpu vme de pse tsc msr pae mce cx8 apic sep mtrr pge mca cmov pat pse36 clflush dts acpi mmx fxsr sse sse2 ss ht tm pbe syscall nx rdtscp lm constant_tsc arch_perfmon pebs bts rep_good nopl xtopology nonstop_tsc aperfmperf eagerfpu pni pclmulqdq dtes64 monitor ds_cpl vmx est tm2 ssse3 cx16 xtpr pdcm pcid sse4_1 sse4_2 x2apic popcnt tsc_deadline_timer xsave avx f16c rdrand lahf_lm ida arat epb pln pts dtherm tpr_shadow vnmi flexpriority ept vpid fsgsbase smep erms xsaveopt
bugs		:
bogomips	: 4788.88
clflush size	: 64
cache_alignment	: 64
address sizes	: 36 bits physical, 48 bits virtual
power management:

processor	: 2
vendor_id	: GenuineIntel
cpu family	: 6
model		: 58
model name	: Intel(R) Core(TM) i7-3517U CPU @ 1.90GHz
stepping	: 9
microcode	: 0x12
cpu MHz		: 2799.937
cache size	: 4096 KB
physical id	: 0
siblings	: 4
core id		: 1
cpu cores	: 2
apicid		: 2
initial apicid	: 2
fpu		: yes
fpu_exception	: yes
cpuid level	: 13
wp		: yes
flags		: fpu vme de pse tsc msr pae mce cx8 apic sep mtrr pge mca cmov pat pse36 clflush dts acpi mmx fxsr sse sse2 ss ht tm pbe syscall nx rdtscp lm constant_tsc arch_perfmon pebs bts rep_good nopl xtopology nonstop_tsc aperfmperf eagerfpu pni pclmulqdq dtes64 monitor ds_cpl vmx est tm2 ssse3 cx16 xtpr pdcm pcid sse4_1 sse4_2 x2apic popcnt tsc_deadline_timer xsave avx f16c rdrand lahf_lm ida arat epb pln pts dtherm tpr_shadow vnmi flexpriority ept vpid fsgsbase smep erms xsaveopt
bugs		:
bogomips	: 4788.88
clflush size	: 64
cache_alignment	: 64
address sizes	: 36 bits physical, 48 bits virtual
power management:

processor	: 3
vendor_id	: GenuineIntel
cpu family	: 6
model		: 58
model name	: Intel(R) Core(TM) i7-3517U CPU @ 1.90GHz
stepping	: 9
microcode	: 0x12
cpu MHz		: 2799.937
cache size	: 4096 KB
physical id	: 0
siblings	: 4
core id		: 1
cpu cores	: 2
apicid		: 3
initial apicid	: 3
fpu		: yes
fpu_exception	: yes
cpuid level	: 13
wp		: yes
flags		: fpu vme de pse tsc msr pae mce cx8 apic sep mtrr pge mca cmov pat pse36 clflush dts acpi mmx fxsr sse sse2 ss ht tm pbe syscall nx rdtscp lm constant_tsc arch_perfmon pebs bts rep_good nopl xtopology nonstop_tsc aperfmperf eagerfpu pni pclmulqdq dtes64 monitor ds_cpl vmx est tm2 ssse3 cx16 xtpr pdcm pcid sse4_1 sse4_2 x2apic popcnt tsc_deadline_timer xsave avx f16c rdrand lahf_lm ida arat epb pln pts dtherm tpr_shadow vnmi flexpriority ept vpid fsgsbase smep erms xsaveopt
bugs		:
bogomips	: 4788.88
clflush size	: 64
cache_alignment	: 64
address sizes	: 36 bits physical, 48 bits virtual
power management:



Memory: 4k page, physical 3879128k(235124k free), swap 975868k(975868k free)

vm_info: Java HotSpot(TM) 64-Bit Server VM (24.80-b11) for linux-amd64 JRE (1.7.0_80-b15), built on Apr 10 2015 19:53:14 by "java_re" with gcc 4.3.0 20080428 (Red Hat 4.3.0-8)

time: Mon May  1 11:13:10 2017
elapsed time: 2 seconds

