#
# A fatal error has been detected by the Java Runtime Environment:
#
#  SIGSEGV (0xb) at pc=0x00007f5896048263, pid=4284, tid=0x00007f58978f8700
#
# JRE version: Java(TM) SE Runtime Environment (8.0_111-b14) (build 1.8.0_111-b14)
# Java VM: Java HotSpot(TM) 64-Bit Server VM (25.111-b14 mixed mode linux-amd64 compressed oops)
# Problematic frame:
# C  [libsimgrid.so+0x190263]  xbt_dynar_member+0x23
#
# Failed to write core dump. Core dumps have been disabled. To enable core dumping, try "ulimit -c unlimited" before starting Java again
#
# If you would like to submit a bug report, please visit:
#   http://bugreport.java.com/bugreport/crash.jsp
#

---------------  T H R E A D  ---------------

Current thread (0x00007f58b807a000):  VMThread [stack: 0x00007f58977f8000,0x00007f58978f9000] [id=4293]

siginfo: si_signo: 11 (SIGSEGV), si_code: 1 (SEGV_MAPERR), si_addr: 0x0000000000000000

Registers:
RAX=0x0000000000000000, RBX=0x00007f58963b4700, RCX=0x00007f58963bf790, RDX=0x00007f58978f8a40
RSP=0x00007f58978f7910, RBP=0x00007f58b816acf0, RSI=0x00007f58978f7ab8, RDI=0x00007f58978f79d0
R8 =0x00007f58b8161d00, R9 =0x0000000000000001, R10=0x0000000000000c58, R11=0x00007f5896048240
R12=0x00007f58963bf790, R13=0x00007f58b814ae70, R14=0x00000000000003d8, R15=0x00007f58b8029488
RIP=0x00007f5896048263, EFLAGS=0x0000000000010202, CSGSFS=0x0000000000000033, ERR=0x0000000000000004
  TRAPNO=0x000000000000000e

Top of Stack: (sp=0x00007f58978f7910)
0x00007f58978f7910:   0000000000000000 0000000000000000
0x00007f58978f7920:   00007f58b8161da0 00007f58978f7ab8
0x00007f58978f7930:   0000000000000000 0000000000000000
0x00007f58978f7940:   40a9cc7b17efb34c 0000000000000000
0x00007f58978f7950:   0000000000000000 0000000000000000
0x00007f58978f7960:   0000000000000000 0000000000000000
0x00007f58978f7970:   0000000000000000 0000000000000000
0x00007f58978f7980:   0000ff00000000ff 00000000ff000000
0x00007f58978f7990:   0000000000000000 0000000000000000
0x00007f58978f79a0:   48dc8b4c24048b48 4cc38b4950f0e483
0x00007f58978f79b0:   0000000000000000 0000000000000000
0x00007f58978f79c0:   00007f58a4b50bb0 00007f58a4b50398
0x00007f58978f79d0:   0000000000000000 0000000000000000
0x00007f58978f79e0:   00007f58a4b50668 00007f58a4b50b28
0x00007f58978f79f0:   0000000000000000 0000000000000000
0x00007f58978f7a00:   00007f589637f400 00007f58b8170900
0x00007f58978f7a10:   00007f58b814ae70 00007f589603ea0a
0x00007f58978f7a20:   00007f58b8242780 00007f589637f400
0x00007f58978f7a30:   00007f58b8170900 00007f58960651a7
0x00007f58978f7a40:   00007f58b8190130 00007f58963bf790
0x00007f58978f7a50:   00007f58b8161d00 00007f58978f7ab8
0x00007f58978f7a60:   00007f58b8161da0 00007f58b8161d00
0x00007f58978f7a70:   0000000000000001 00007f58963b7a98
0x00007f58978f7a80:   00007f58b824d2e0 00007f58b816acf0
0x00007f58978f7a90:   00007f58963b4700 00007f58b8149350
0x00007f58978f7aa0:   00007f58963b4700 00007f589606534f
0x00007f58978f7ab0:   0000000000000000 00007f58b8170900
0x00007f58978f7ac0:   00007f58a4b50668 00007f58a4b50b28
0x00007f58978f7ad0:   0000000000000000 00007f58963b7a98
0x00007f58978f7ae0:   00007f58b8163f60 0000000000000001
0x00007f58978f7af0:   00007f58b814ae70 00007f5896046d37
0x00007f58978f7b00:   00007f58b814ae70 00007f58963b7098 

Instructions: (pc=0x00007f5896048263)
0x00007f5896048243:   ec 90 01 00 00 48 8b 05 01 a2 33 00 48 89 7c 24
0x00007f5896048253:   10 48 89 74 24 18 ff 10 48 8d bc 24 c0 00 00 00
0x00007f5896048263:   48 8b 08 48 89 04 24 48 89 38 48 89 4c 24 08 e8
0x00007f5896048273:   79 31 ed ff 85 c0 74 75 48 8b 14 24 c7 42 08 01 

Register to memory mapping:

RAX=0x0000000000000000 is an unknown value
RBX=0x00007f58963b4700: _simgrid_log_category__simix_process+0 in /tmp/simgrid-java2030506267437513314/libsimgrid.so at 0x00007f5895eb8000
RCX=0x00007f58963bf790: simix_global+0 in /tmp/simgrid-java2030506267437513314/libsimgrid.so at 0x00007f5895eb8000
RDX=0x00007f58978f8a40 is an unknown value
RSP=0x00007f58978f7910 is an unknown value
RBP=0x00007f58b816acf0 is an unknown value
RSI=0x00007f58978f7ab8 is an unknown value
RDI=0x00007f58978f79d0 is an unknown value
R8 =0x00007f58b8161d00 is an unknown value
R9 =0x0000000000000001 is an unknown value
R10=0x0000000000000c58 is an unknown value
R11=0x00007f5896048240: xbt_dynar_member+0 in /tmp/simgrid-java2030506267437513314/libsimgrid.so at 0x00007f5895eb8000
R12=0x00007f58963bf790: simix_global+0 in /tmp/simgrid-java2030506267437513314/libsimgrid.so at 0x00007f5895eb8000
R13=0x00007f58b814ae70 is an unknown value
R14=0x00000000000003d8 is an unknown value
R15=0x00007f58b8029488 is an unknown value


Stack: [0x00007f58977f8000,0x00007f58978f9000],  sp=0x00007f58978f7910,  free space=1022k
Native frames: (J=compiled Java code, j=interpreted, Vv=VM code, C=native code)
C  [libsimgrid.so+0x190263]  xbt_dynar_member+0x23

VM_Operation (0x00007f5894703550): Exit, mode: safepoint, requested by thread 0x00007f587c001800


---------------  P R O C E S S  ---------------

Java Threads: ( => current thread )
  0x00007f587c001800 JavaThread "SIGTERM handler" daemon [_thread_blocked, id=4316, stack(0x00007f5894604000,0x00007f5894705000)]
  0x00007f5838001000 JavaThread "Thread-8" [_thread_in_native, id=4308, stack(0x00007f5894f06000,0x00007f5895707000)]
  0x00007f5844001000 JavaThread "Thread-7" [_thread_in_native, id=4309, stack(0x00007f5894705000,0x00007f5894f06000)]
  0x00007f5840001000 JavaThread "Thread-6" [_thread_blocked, id=4310, stack(0x00007f58637ff000,0x00007f5864000000)]
  0x00007f584c001000 JavaThread "Thread-5" [_thread_in_native, id=4311, stack(0x00007f5862ffe000,0x00007f58637ff000)]
  0x00007f5848001000 JavaThread "Thread-4" [_thread_in_native, id=4312, stack(0x00007f58627fd000,0x00007f5862ffe000)]
  0x00007f5854001000 JavaThread "Thread-3" [_thread_in_native, id=4313, stack(0x00007f5861ffc000,0x00007f58627fd000)]
  0x00007f5850001000 JavaThread "Thread-2" [_thread_in_native, id=4315, stack(0x00007f5860ffa000,0x00007f58617fb000)]
  0x00007f5858001000 JavaThread "Thread-1" [_thread_in_native, id=4314, stack(0x00007f58617fb000,0x00007f5861ffc000)]
  0x00007f58b80d2800 JavaThread "Service Thread" daemon [_thread_blocked, id=4306, stack(0x00007f5896bea000,0x00007f5896ceb000)]
  0x00007f58b80cf000 JavaThread "C1 CompilerThread2" daemon [_thread_blocked, id=4305, stack(0x00007f5896ceb000,0x00007f5896dec000)]
  0x00007f58b80cd800 JavaThread "C2 CompilerThread1" daemon [_thread_blocked, id=4304, stack(0x00007f5896dec000,0x00007f5896eed000)]
  0x00007f58b80ca800 JavaThread "C2 CompilerThread0" daemon [_thread_blocked, id=4303, stack(0x00007f5896eed000,0x00007f5896fee000)]
  0x00007f5880001000 JavaThread "JDWP Command Reader" daemon [_thread_blocked, id=4300, stack(0x00007f5896fee000,0x00007f58970ef000)]
  0x00007f58b80c8000 JavaThread "JDWP Event Helper Thread" daemon [_thread_blocked, id=4299, stack(0x00007f58970ef000,0x00007f58971f0000)]
  0x00007f58b80c5000 JavaThread "JDWP Transport Listener: dt_socket" daemon [_thread_blocked, id=4297, stack(0x00007f58971f0000,0x00007f58972f1000)]
  0x00007f58b8086000 JavaThread "Finalizer" daemon [_thread_blocked, id=4295, stack(0x00007f58975f6000,0x00007f58976f7000)]
  0x00007f58b8081800 JavaThread "Reference Handler" daemon [_thread_blocked, id=4294, stack(0x00007f58976f7000,0x00007f58977f8000)]
  0x00007f58b800c000 JavaThread "main" [_thread_in_native, id=4287, stack(0x00007f58bf4c3000,0x00007f58bf5c4000)]

Other Threads:
=>0x00007f58b807a000 VMThread [stack: 0x00007f58977f8000,0x00007f58978f9000] [id=4293]

VM state:at safepoint (shutting down)

VM Mutex/Monitor currently owned by a thread:  ([mutex/lock_event])
[0x00007f58b80086f0] Threads_lock - owner thread: 0x00007f58b807a000

Heap:
 PSYoungGen      total 153088K, used 100008K [0x00000000ec400000, 0x00000000f6e80000, 0x0000000100000000)
  eden space 131584K, 76% used [0x00000000ec400000,0x00000000f25aa150,0x00000000f4480000)
  from space 21504K, 0% used [0x00000000f5980000,0x00000000f5980000,0x00000000f6e80000)
  to   space 21504K, 0% used [0x00000000f4480000,0x00000000f4480000,0x00000000f5980000)
 ParOldGen       total 349696K, used 0K [0x00000000c4c00000, 0x00000000da180000, 0x00000000ec400000)
  object space 349696K, 0% used [0x00000000c4c00000,0x00000000c4c00000,0x00000000da180000)
 Metaspace       used 3813K, capacity 4704K, committed 4864K, reserved 1056768K
  class space    used 418K, capacity 464K, committed 512K, reserved 1048576K

Card table byte_map: [0x00007f58bc012000,0x00007f58bc1ed000] byte_map_base: 0x00007f58bb9ec000

Marking Bits: (ParMarkBitMap*) 0x00007f58be993220
 Begin Bits: [0x00007f58a550e000, 0x00007f58a63de000)
 End Bits:   [0x00007f58a63de000, 0x00007f58a72ae000)

Polling page: 0x00007f58bf5e2000

CodeCache: size=245760Kb used=1922Kb max_used=1932Kb free=243837Kb
 bounds [0x00007f58a7bae000, 0x00007f58a7e1e000, 0x00007f58b6bae000]
 total_blobs=482 nmethods=227 adapters=177
 compilation: enabled

Compilation events (10 events):
Event: 3.914 Thread 0x00007f58b80ca800  223       4       org.simgrid.msg.TimeoutException::<init> (5 bytes)
Event: 3.914 Thread 0x00007f58b80cd800  224       4       java.lang.Throwable::<init> (29 bytes)
Event: 3.916 Thread 0x00007f58b80ca800 nmethod 223 0x00007f58a7d398d0 code [0x00007f58a7d39a40, 0x00007f58a7d39d88]
Event: 3.919 Thread 0x00007f58b80cd800 nmethod 224 0x00007f58a7d34c50 code [0x00007f58a7d34dc0, 0x00007f58a7d35108]
Event: 4.482 Thread 0x00007f58b80ca800  225       4       java.lang.String::split (326 bytes)
Event: 4.494 Thread 0x00007f58b80ca800 nmethod 225 0x00007f58a7d36d50 code [0x00007f58a7d36ee0, 0x00007f58a7d37418]
Event: 7.430 Thread 0x00007f58b80cf000  226       3       java.lang.ThreadLocal::getMap (5 bytes)
Event: 7.430 Thread 0x00007f58b80cf000 nmethod 226 0x00007f58a7d39510 code [0x00007f58a7d39680, 0x00007f58a7d397d0]
Event: 7.430 Thread 0x00007f58b80cf000  227       3       java.lang.ref.SoftReference::get (29 bytes)
Event: 7.431 Thread 0x00007f58b80cf000 nmethod 227 0x00007f58a7d20110 code [0x00007f58a7d20280, 0x00007f58a7d20470]

GC Heap History (0 events):
No events

Deoptimization events (0 events):
No events

Internal exceptions (10 events):
Event: 7.422 Thread 0x00007f5850001000 Exception <a 'org/simgrid/msg/TimeoutException'> (0x00000000f147fe78) thrown at [/HUDSON3/workspace/8-2-build-linux-amd64/jdk8u111/7883/hotspot/src/share/vm/prims/jni.cpp, line 735]
Event: 7.422 Thread 0x00007f5844001000 Exception <a 'org/simgrid/msg/TimeoutException'> (0x00000000f0f5d748) thrown at [/HUDSON3/workspace/8-2-build-linux-amd64/jdk8u111/7883/hotspot/src/share/vm/prims/jni.cpp, line 735]
Event: 7.422 Thread 0x00007f5840001000 Exception <a 'org/simgrid/msg/TimeoutException'> (0x00000000f11ef170) thrown at [/HUDSON3/workspace/8-2-build-linux-amd64/jdk8u111/7883/hotspot/src/share/vm/prims/jni.cpp, line 735]
Event: 7.422 Thread 0x00007f5848001000 Exception <a 'org/simgrid/msg/TimeoutException'> (0x00000000f0ccdf98) thrown at [/HUDSON3/workspace/8-2-build-linux-amd64/jdk8u111/7883/hotspot/src/share/vm/prims/jni.cpp, line 735]
Event: 7.424 Thread 0x00007f5838001000 Exception <a 'org/simgrid/msg/TimeoutException'> (0x00000000f0a54ec8) thrown at [/HUDSON3/workspace/8-2-build-linux-amd64/jdk8u111/7883/hotspot/src/share/vm/prims/jni.cpp, line 735]
Event: 7.424 Thread 0x00007f5858001000 Exception <a 'org/simgrid/msg/TimeoutException'> (0x00000000f1712540) thrown at [/HUDSON3/workspace/8-2-build-linux-amd64/jdk8u111/7883/hotspot/src/share/vm/prims/jni.cpp, line 735]
Event: 7.424 Thread 0x00007f584c001000 Exception <a 'org/simgrid/msg/TimeoutException'> (0x00000000f19a4378) thrown at [/HUDSON3/workspace/8-2-build-linux-amd64/jdk8u111/7883/hotspot/src/share/vm/prims/jni.cpp, line 735]
Event: 7.424 Thread 0x00007f5854001000 Exception <a 'org/simgrid/msg/TimeoutException'> (0x00000000f1c35778) thrown at [/HUDSON3/workspace/8-2-build-linux-amd64/jdk8u111/7883/hotspot/src/share/vm/prims/jni.cpp, line 735]
Event: 7.431 Thread 0x00007f5850001000 Exception <a 'org/simgrid/msg/TimeoutException'> (0x00000000f1481488) thrown at [/HUDSON3/workspace/8-2-build-linux-amd64/jdk8u111/7883/hotspot/src/share/vm/prims/jni.cpp, line 735]
Event: 7.431 Thread 0x00007f5844001000 Exception <a 'org/simgrid/msg/TimeoutException'> (0x00000000f0f5ed58) thrown at [/HUDSON3/workspace/8-2-build-linux-amd64/jdk8u111/7883/hotspot/src/share/vm/prims/jni.cpp, line 735]

Events (10 events):
Event: 7.428 loading class java/util/IdentityHashMap$IdentityHashMapIterator done
Event: 7.428 loading class java/util/IdentityHashMap$KeyIterator done
Event: 7.429 Thread 0x00007f583c002000 Thread added: 0x00007f583c002000
Event: 7.430 Thread 0x00007f583c002000 Thread exited: 0x00007f583c002000
Event: 7.431 Thread 0x00007f5850001000 DEOPT PACKING pc=0x00007f58a7d41f74 sp=0x00007f58617f94b0
Event: 7.431 Thread 0x00007f5850001000 DEOPT UNPACKING pc=0x00007f58a7bf5633 sp=0x00007f58617f9540 mode 1
Event: 7.431 Thread 0x00007f5844001000 DEOPT PACKING pc=0x00007f58a7d2067c sp=0x00007f5894f04800
Event: 7.431 Thread 0x00007f5844001000 DEOPT UNPACKING pc=0x00007f58a7bf5633 sp=0x00007f5894f04540 mode 1
Event: 7.431 Thread 0x00007f58b80b8800 Thread exited: 0x00007f58b80b8800
Event: 7.431 Executing VM operation: Exit


Dynamic libraries:
00400000-00401000 r-xp 00000000 08:01 8784123                            /home/elixandrebaldi/jdk1.8.0_111/bin/java
00600000-00601000 rw-p 00000000 08:01 8784123                            /home/elixandrebaldi/jdk1.8.0_111/bin/java
012b4000-012d5000 rw-p 00000000 00:00 0                                  [heap]
c4c00000-da180000 rw-p 00000000 00:00 0 
da180000-ec400000 ---p 00000000 00:00 0 
ec400000-f6e80000 rw-p 00000000 00:00 0 
f6e80000-100000000 ---p 00000000 00:00 0 
100000000-100080000 rw-p 00000000 00:00 0 
100080000-140000000 ---p 00000000 00:00 0 
7f5830000000-7f5830021000 rw-p 00000000 00:00 0 
7f5830021000-7f5834000000 ---p 00000000 00:00 0 
7f5838000000-7f5838c06000 rw-p 00000000 00:00 0 
7f5838c06000-7f583c000000 ---p 00000000 00:00 0 
7f583c000000-7f583c021000 rw-p 00000000 00:00 0 
7f583c021000-7f5840000000 ---p 00000000 00:00 0 
7f5840000000-7f5840bfd000 rw-p 00000000 00:00 0 
7f5840bfd000-7f5844000000 ---p 00000000 00:00 0 
7f5844000000-7f5844bfd000 rw-p 00000000 00:00 0 
7f5844bfd000-7f5848000000 ---p 00000000 00:00 0 
7f5848000000-7f5848bfe000 rw-p 00000000 00:00 0 
7f5848bfe000-7f584c000000 ---p 00000000 00:00 0 
7f584c000000-7f584cbfc000 rw-p 00000000 00:00 0 
7f584cbfc000-7f5850000000 ---p 00000000 00:00 0 
7f5850000000-7f5850c00000 rw-p 00000000 00:00 0 
7f5850c00000-7f5854000000 ---p 00000000 00:00 0 
7f5854000000-7f5854bfa000 rw-p 00000000 00:00 0 
7f5854bfa000-7f5858000000 ---p 00000000 00:00 0 
7f5858000000-7f5858bfc000 rw-p 00000000 00:00 0 
7f5858bfc000-7f585c000000 ---p 00000000 00:00 0 
7f585c000000-7f585c021000 rw-p 00000000 00:00 0 
7f585c021000-7f5860000000 ---p 00000000 00:00 0 
7f5860ffa000-7f5860ffd000 ---p 00000000 00:00 0 
7f5860ffd000-7f58617fb000 rw-p 00000000 00:00 0 
7f58617fb000-7f58617fe000 ---p 00000000 00:00 0 
7f58617fe000-7f5861ffc000 rw-p 00000000 00:00 0 
7f5861ffc000-7f5861fff000 ---p 00000000 00:00 0 
7f5861fff000-7f58627fd000 rw-p 00000000 00:00 0 
7f58627fd000-7f5862800000 ---p 00000000 00:00 0 
7f5862800000-7f5862ffe000 rw-p 00000000 00:00 0 
7f5862ffe000-7f5863001000 ---p 00000000 00:00 0 
7f5863001000-7f58637ff000 rw-p 00000000 00:00 0 
7f58637ff000-7f5863802000 ---p 00000000 00:00 0 
7f5863802000-7f5864000000 rw-p 00000000 00:00 0 
7f5864000000-7f586428c000 rw-p 00000000 00:00 0 
7f586428c000-7f5868000000 ---p 00000000 00:00 0 
7f5868000000-7f5868021000 rw-p 00000000 00:00 0 
7f5868021000-7f586c000000 ---p 00000000 00:00 0 
7f586c000000-7f586c163000 rw-p 00000000 00:00 0 
7f586c163000-7f5870000000 ---p 00000000 00:00 0 
7f5870000000-7f5870203000 rw-p 00000000 00:00 0 
7f5870203000-7f5874000000 ---p 00000000 00:00 0 
7f5874000000-7f5874021000 rw-p 00000000 00:00 0 
7f5874021000-7f5878000000 ---p 00000000 00:00 0 
7f5878000000-7f5878021000 rw-p 00000000 00:00 0 
7f5878021000-7f587c000000 ---p 00000000 00:00 0 
7f587c000000-7f587c021000 rw-p 00000000 00:00 0 
7f587c021000-7f5880000000 ---p 00000000 00:00 0 
7f5880000000-7f5880021000 rw-p 00000000 00:00 0 
7f5880021000-7f5884000000 ---p 00000000 00:00 0 
7f5884000000-7f5884021000 rw-p 00000000 00:00 0 
7f5884021000-7f5888000000 ---p 00000000 00:00 0 
7f5888000000-7f5888021000 rw-p 00000000 00:00 0 
7f5888021000-7f588c000000 ---p 00000000 00:00 0 
7f588c000000-7f588c021000 rw-p 00000000 00:00 0 
7f588c021000-7f5890000000 ---p 00000000 00:00 0 
7f5890000000-7f5890021000 rw-p 00000000 00:00 0 
7f5890021000-7f5894000000 ---p 00000000 00:00 0 
7f5894503000-7f5894506000 ---p 00000000 00:00 0 
7f5894506000-7f5894604000 rw-p 00000000 00:00 0 
7f5894604000-7f5894607000 ---p 00000000 00:00 0 
7f5894607000-7f5894705000 rw-p 00000000 00:00 0 
7f5894705000-7f5894708000 ---p 00000000 00:00 0 
7f5894708000-7f5894f06000 rw-p 00000000 00:00 0 
7f5894f06000-7f5894f09000 ---p 00000000 00:00 0 
7f5894f09000-7f5895707000 rw-p 00000000 00:00 0 
7f5895707000-7f589571f000 r-xp 00000000 08:01 2359394                    /tmp/simgrid-java2030506267437513314/libsimgrid-java.so (deleted)
7f589571f000-7f589591f000 ---p 00018000 08:01 2359394                    /tmp/simgrid-java2030506267437513314/libsimgrid-java.so (deleted)
7f589591f000-7f5895920000 rw-p 00018000 08:01 2359394                    /tmp/simgrid-java2030506267437513314/libsimgrid-java.so (deleted)
7f5895920000-7f5895936000 r-xp 00000000 08:01 3936627                    /lib/x86_64-linux-gnu/libgcc_s.so.1
7f5895936000-7f5895b35000 ---p 00016000 08:01 3936627                    /lib/x86_64-linux-gnu/libgcc_s.so.1
7f5895b35000-7f5895b36000 rw-p 00015000 08:01 3936627                    /lib/x86_64-linux-gnu/libgcc_s.so.1
7f5895b36000-7f5895ca8000 r-xp 00000000 08:01 23332798                   /usr/lib/x86_64-linux-gnu/libstdc++.so.6.0.21
7f5895ca8000-7f5895ea8000 ---p 00172000 08:01 23332798                   /usr/lib/x86_64-linux-gnu/libstdc++.so.6.0.21
7f5895ea8000-7f5895eb2000 r--p 00172000 08:01 23332798                   /usr/lib/x86_64-linux-gnu/libstdc++.so.6.0.21
7f5895eb2000-7f5895eb4000 rw-p 0017c000 08:01 23332798                   /usr/lib/x86_64-linux-gnu/libstdc++.so.6.0.21
7f5895eb4000-7f5895eb8000 rw-p 00000000 00:00 0 
7f5895eb8000-7f589617d000 r-xp 00000000 08:01 2359388                    /tmp/simgrid-java2030506267437513314/libsimgrid.so (deleted)
7f589617d000-7f589637d000 ---p 002c5000 08:01 2359388                    /tmp/simgrid-java2030506267437513314/libsimgrid.so (deleted)
7f589637d000-7f58963b8000 rw-p 002c5000 08:01 2359388                    /tmp/simgrid-java2030506267437513314/libsimgrid.so (deleted)
7f58963b8000-7f58966c1000 rw-p 00000000 00:00 0 
7f58966c1000-7f58966d7000 r-xp 00000000 08:01 8783936                    /home/elixandrebaldi/jdk1.8.0_111/jre/lib/amd64/libnet.so
7f58966d7000-7f58968d7000 ---p 00016000 08:01 8783936                    /home/elixandrebaldi/jdk1.8.0_111/jre/lib/amd64/libnet.so
7f58968d7000-7f58968d8000 rw-p 00016000 08:01 8783936                    /home/elixandrebaldi/jdk1.8.0_111/jre/lib/amd64/libnet.so
7f58968d8000-7f58968e9000 r-xp 00000000 08:01 8783935                    /home/elixandrebaldi/jdk1.8.0_111/jre/lib/amd64/libnio.so
7f58968e9000-7f5896ae8000 ---p 00011000 08:01 8783935                    /home/elixandrebaldi/jdk1.8.0_111/jre/lib/amd64/libnio.so
7f5896ae8000-7f5896ae9000 rw-p 00010000 08:01 8783935                    /home/elixandrebaldi/jdk1.8.0_111/jre/lib/amd64/libnio.so
7f5896ae9000-7f5896aea000 ---p 00000000 00:00 0 
7f5896aea000-7f5896bea000 rw-p 00000000 00:00 0 
7f5896bea000-7f5896bed000 ---p 00000000 00:00 0 
7f5896bed000-7f5896ceb000 rw-p 00000000 00:00 0 
7f5896ceb000-7f5896cee000 ---p 00000000 00:00 0 
7f5896cee000-7f5896dec000 rw-p 00000000 00:00 0 
7f5896dec000-7f5896def000 ---p 00000000 00:00 0 
7f5896def000-7f5896eed000 rw-p 00000000 00:00 0 
7f5896eed000-7f5896ef0000 ---p 00000000 00:00 0 
7f5896ef0000-7f5896fee000 rw-p 00000000 00:00 0 
7f5896fee000-7f5896ff1000 ---p 00000000 00:00 0 
7f5896ff1000-7f58970ef000 rw-p 00000000 00:00 0 
7f58970ef000-7f58970f2000 ---p 00000000 00:00 0 
7f58970f2000-7f58971f0000 rw-p 00000000 00:00 0 
7f58971f0000-7f58971f3000 ---p 00000000 00:00 0 
7f58971f3000-7f58972f1000 rw-p 00000000 00:00 0 
7f58972f1000-7f58972f5000 r-xp 00000000 08:01 8783799                    /home/elixandrebaldi/jdk1.8.0_111/jre/lib/amd64/libdt_socket.so
7f58972f5000-7f58974f4000 ---p 00004000 08:01 8783799                    /home/elixandrebaldi/jdk1.8.0_111/jre/lib/amd64/libdt_socket.so
7f58974f4000-7f58974f5000 rw-p 00003000 08:01 8783799                    /home/elixandrebaldi/jdk1.8.0_111/jre/lib/amd64/libdt_socket.so
7f58974f5000-7f58974f8000 ---p 00000000 00:00 0 
7f58974f8000-7f58975f6000 rw-p 00000000 00:00 0 
7f58975f6000-7f58975f9000 ---p 00000000 00:00 0 
7f58975f9000-7f58976f7000 rw-p 00000000 00:00 0 
7f58976f7000-7f58976fa000 ---p 00000000 00:00 0 
7f58976fa000-7f58977f8000 rw-p 00000000 00:00 0 
7f58977f8000-7f58977f9000 ---p 00000000 00:00 0 
7f58977f9000-7f5898000000 rw-p 00000000 00:00 0 
7f5898000000-7f5898021000 rw-p 00000000 00:00 0 
7f5898021000-7f589c000000 ---p 00000000 00:00 0 
7f589c000000-7f589c021000 rw-p 00000000 00:00 0 
7f589c021000-7f58a0000000 ---p 00000000 00:00 0 
7f58a0000000-7f58a0021000 rw-p 00000000 00:00 0 
7f58a0021000-7f58a4000000 ---p 00000000 00:00 0 
7f58a400b000-7f58a402c000 r--p 00000000 08:01 24787980                   /usr/share/locale-langpack/pt_BR/LC_MESSAGES/libc.mo
7f58a402c000-7f58a48e6000 rw-p 00000000 00:00 0 
7f58a48e6000-7f58a4abe000 r--s 03d2a000 08:01 8784070                    /home/elixandrebaldi/jdk1.8.0_111/jre/lib/rt.jar
7f58a4abe000-7f58a4f74000 rw-p 00000000 00:00 0 
7f58a4f74000-7f58a5334000 ---p 00000000 00:00 0 
7f58a5334000-7f58a72ae000 rw-p 00000000 00:00 0 
7f58a72ae000-7f58a72af000 ---p 00000000 00:00 0 
7f58a72af000-7f58a73af000 rw-p 00000000 00:00 0 
7f58a73af000-7f58a73b0000 ---p 00000000 00:00 0 
7f58a73b0000-7f58a74b0000 rw-p 00000000 00:00 0 
7f58a74b0000-7f58a74b1000 ---p 00000000 00:00 0 
7f58a74b1000-7f58a75b1000 rw-p 00000000 00:00 0 
7f58a75b1000-7f58a75b2000 ---p 00000000 00:00 0 
7f58a75b2000-7f58a775d000 rw-p 00000000 00:00 0 
7f58a775d000-7f58a77ee000 ---p 00000000 00:00 0 
7f58a77ee000-7f58a77f8000 rw-p 00000000 00:00 0 
7f58a77f8000-7f58a7bae000 ---p 00000000 00:00 0 
7f58a7bae000-7f58a7e1e000 rwxp 00000000 00:00 0 
7f58a7e1e000-7f58b6bae000 ---p 00000000 00:00 0 
7f58b6bae000-7f58b8000000 r--p 00000000 08:01 23331759                   /usr/lib/locale/locale-archive
7f58b8000000-7f58b8421000 rw-p 00000000 00:00 0 
7f58b8421000-7f58bc000000 ---p 00000000 00:00 0 
7f58bc012000-7f58bc0bd000 rw-p 00000000 00:00 0 
7f58bc0bd000-7f58bc14e000 ---p 00000000 00:00 0 
7f58bc14e000-7f58bc1a4000 rw-p 00000000 00:00 0 
7f58bc1a4000-7f58bc1ec000 ---p 00000000 00:00 0 
7f58bc1ec000-7f58bc1ed000 rw-p 00000000 00:00 0 
7f58bc1ed000-7f58bc207000 r-xp 00000000 08:01 8783934                    /home/elixandrebaldi/jdk1.8.0_111/jre/lib/amd64/libzip.so
7f58bc207000-7f58bc407000 ---p 0001a000 08:01 8783934                    /home/elixandrebaldi/jdk1.8.0_111/jre/lib/amd64/libzip.so
7f58bc407000-7f58bc408000 rw-p 0001a000 08:01 8783934                    /home/elixandrebaldi/jdk1.8.0_111/jre/lib/amd64/libzip.so
7f58bc408000-7f58bc413000 r-xp 00000000 08:01 3932251                    /lib/x86_64-linux-gnu/libnss_files-2.23.so
7f58bc413000-7f58bc612000 ---p 0000b000 08:01 3932251                    /lib/x86_64-linux-gnu/libnss_files-2.23.so
7f58bc612000-7f58bc613000 r--p 0000a000 08:01 3932251                    /lib/x86_64-linux-gnu/libnss_files-2.23.so
7f58bc613000-7f58bc614000 rw-p 0000b000 08:01 3932251                    /lib/x86_64-linux-gnu/libnss_files-2.23.so
7f58bc614000-7f58bc61a000 rw-p 00000000 00:00 0 
7f58bc61a000-7f58bc625000 r-xp 00000000 08:01 3932244                    /lib/x86_64-linux-gnu/libnss_nis-2.23.so
7f58bc625000-7f58bc824000 ---p 0000b000 08:01 3932244                    /lib/x86_64-linux-gnu/libnss_nis-2.23.so
7f58bc824000-7f58bc825000 r--p 0000a000 08:01 3932244                    /lib/x86_64-linux-gnu/libnss_nis-2.23.so
7f58bc825000-7f58bc826000 rw-p 0000b000 08:01 3932244                    /lib/x86_64-linux-gnu/libnss_nis-2.23.so
7f58bc826000-7f58bc83c000 r-xp 00000000 08:01 3932246                    /lib/x86_64-linux-gnu/libnsl-2.23.so
7f58bc83c000-7f58bca3b000 ---p 00016000 08:01 3932246                    /lib/x86_64-linux-gnu/libnsl-2.23.so
7f58bca3b000-7f58bca3c000 r--p 00015000 08:01 3932246                    /lib/x86_64-linux-gnu/libnsl-2.23.so
7f58bca3c000-7f58bca3d000 rw-p 00016000 08:01 3932246                    /lib/x86_64-linux-gnu/libnsl-2.23.so
7f58bca3d000-7f58bca3f000 rw-p 00000000 00:00 0 
7f58bca3f000-7f58bca47000 r-xp 00000000 08:01 3932253                    /lib/x86_64-linux-gnu/libnss_compat-2.23.so
7f58bca47000-7f58bcc46000 ---p 00008000 08:01 3932253                    /lib/x86_64-linux-gnu/libnss_compat-2.23.so
7f58bcc46000-7f58bcc47000 r--p 00007000 08:01 3932253                    /lib/x86_64-linux-gnu/libnss_compat-2.23.so
7f58bcc47000-7f58bcc48000 rw-p 00008000 08:01 3932253                    /lib/x86_64-linux-gnu/libnss_compat-2.23.so
7f58bcc48000-7f58bcc4a000 r-xp 00000000 08:01 8783932                    /home/elixandrebaldi/jdk1.8.0_111/jre/lib/amd64/libnpt.so
7f58bcc4a000-7f58bce4a000 ---p 00002000 08:01 8783932                    /home/elixandrebaldi/jdk1.8.0_111/jre/lib/amd64/libnpt.so
7f58bce4a000-7f58bce4b000 rw-p 00002000 08:01 8783932                    /home/elixandrebaldi/jdk1.8.0_111/jre/lib/amd64/libnpt.so
7f58bce4b000-7f58bce84000 r-xp 00000000 08:01 8783902                    /home/elixandrebaldi/jdk1.8.0_111/jre/lib/amd64/libjdwp.so
7f58bce84000-7f58bd083000 ---p 00039000 08:01 8783902                    /home/elixandrebaldi/jdk1.8.0_111/jre/lib/amd64/libjdwp.so
7f58bd083000-7f58bd085000 rw-p 00038000 08:01 8783902                    /home/elixandrebaldi/jdk1.8.0_111/jre/lib/amd64/libjdwp.so
7f58bd085000-7f58bd0b0000 r-xp 00000000 08:01 8783907                    /home/elixandrebaldi/jdk1.8.0_111/jre/lib/amd64/libjava.so
7f58bd0b0000-7f58bd2af000 ---p 0002b000 08:01 8783907                    /home/elixandrebaldi/jdk1.8.0_111/jre/lib/amd64/libjava.so
7f58bd2af000-7f58bd2b1000 rw-p 0002a000 08:01 8783907                    /home/elixandrebaldi/jdk1.8.0_111/jre/lib/amd64/libjava.so
7f58bd2b1000-7f58bd2be000 r-xp 00000000 08:01 8783870                    /home/elixandrebaldi/jdk1.8.0_111/jre/lib/amd64/libverify.so
7f58bd2be000-7f58bd4bd000 ---p 0000d000 08:01 8783870                    /home/elixandrebaldi/jdk1.8.0_111/jre/lib/amd64/libverify.so
7f58bd4bd000-7f58bd4bf000 rw-p 0000c000 08:01 8783870                    /home/elixandrebaldi/jdk1.8.0_111/jre/lib/amd64/libverify.so
7f58bd4bf000-7f58bd4c6000 r-xp 00000000 08:01 3932254                    /lib/x86_64-linux-gnu/librt-2.23.so
7f58bd4c6000-7f58bd6c5000 ---p 00007000 08:01 3932254                    /lib/x86_64-linux-gnu/librt-2.23.so
7f58bd6c5000-7f58bd6c6000 r--p 00006000 08:01 3932254                    /lib/x86_64-linux-gnu/librt-2.23.so
7f58bd6c6000-7f58bd6c7000 rw-p 00007000 08:01 3932254                    /lib/x86_64-linux-gnu/librt-2.23.so
7f58bd6c7000-7f58bd7cf000 r-xp 00000000 08:01 3932245                    /lib/x86_64-linux-gnu/libm-2.23.so
7f58bd7cf000-7f58bd9ce000 ---p 00108000 08:01 3932245                    /lib/x86_64-linux-gnu/libm-2.23.so
7f58bd9ce000-7f58bd9cf000 r--p 00107000 08:01 3932245                    /lib/x86_64-linux-gnu/libm-2.23.so
7f58bd9cf000-7f58bd9d0000 rw-p 00108000 08:01 3932245                    /lib/x86_64-linux-gnu/libm-2.23.so
7f58bd9d0000-7f58be69d000 r-xp 00000000 08:01 8783785                    /home/elixandrebaldi/jdk1.8.0_111/jre/lib/amd64/server/libjvm.so
7f58be69d000-7f58be89c000 ---p 00ccd000 08:01 8783785                    /home/elixandrebaldi/jdk1.8.0_111/jre/lib/amd64/server/libjvm.so
7f58be89c000-7f58be975000 rw-p 00ccc000 08:01 8783785                    /home/elixandrebaldi/jdk1.8.0_111/jre/lib/amd64/server/libjvm.so
7f58be975000-7f58be9c0000 rw-p 00000000 00:00 0 
7f58be9c0000-7f58beb7f000 r-xp 00000000 08:01 3932247                    /lib/x86_64-linux-gnu/libc-2.23.so
7f58beb7f000-7f58bed7f000 ---p 001bf000 08:01 3932247                    /lib/x86_64-linux-gnu/libc-2.23.so
7f58bed7f000-7f58bed83000 r--p 001bf000 08:01 3932247                    /lib/x86_64-linux-gnu/libc-2.23.so
7f58bed83000-7f58bed85000 rw-p 001c3000 08:01 3932247                    /lib/x86_64-linux-gnu/libc-2.23.so
7f58bed85000-7f58bed89000 rw-p 00000000 00:00 0 
7f58bed89000-7f58bed8c000 r-xp 00000000 08:01 3932243                    /lib/x86_64-linux-gnu/libdl-2.23.so
7f58bed8c000-7f58bef8b000 ---p 00003000 08:01 3932243                    /lib/x86_64-linux-gnu/libdl-2.23.so
7f58bef8b000-7f58bef8c000 r--p 00002000 08:01 3932243                    /lib/x86_64-linux-gnu/libdl-2.23.so
7f58bef8c000-7f58bef8d000 rw-p 00003000 08:01 3932243                    /lib/x86_64-linux-gnu/libdl-2.23.so
7f58bef8d000-7f58befa2000 r-xp 00000000 08:01 8783943                    /home/elixandrebaldi/jdk1.8.0_111/lib/amd64/jli/libjli.so
7f58befa2000-7f58bf1a2000 ---p 00015000 08:01 8783943                    /home/elixandrebaldi/jdk1.8.0_111/lib/amd64/jli/libjli.so
7f58bf1a2000-7f58bf1a3000 rw-p 00015000 08:01 8783943                    /home/elixandrebaldi/jdk1.8.0_111/lib/amd64/jli/libjli.so
7f58bf1a3000-7f58bf1bb000 r-xp 00000000 08:01 3932258                    /lib/x86_64-linux-gnu/libpthread-2.23.so
7f58bf1bb000-7f58bf3ba000 ---p 00018000 08:01 3932258                    /lib/x86_64-linux-gnu/libpthread-2.23.so
7f58bf3ba000-7f58bf3bb000 r--p 00017000 08:01 3932258                    /lib/x86_64-linux-gnu/libpthread-2.23.so
7f58bf3bb000-7f58bf3bc000 rw-p 00018000 08:01 3932258                    /lib/x86_64-linux-gnu/libpthread-2.23.so
7f58bf3bc000-7f58bf3c0000 rw-p 00000000 00:00 0 
7f58bf3c0000-7f58bf3e6000 r-xp 00000000 08:01 3932248                    /lib/x86_64-linux-gnu/ld-2.23.so
7f58bf3eb000-7f58bf4c3000 rw-p 00000000 00:00 0 
7f58bf4c3000-7f58bf4c6000 ---p 00000000 00:00 0 
7f58bf4c6000-7f58bf5c8000 rw-p 00000000 00:00 0 
7f58bf5ca000-7f58bf5d1000 r--s 00000000 08:01 23463272                   /usr/lib/x86_64-linux-gnu/gconv/gconv-modules.cache
7f58bf5d1000-7f58bf5d6000 r--s 00096000 08:01 8783911                    /home/elixandrebaldi/jdk1.8.0_111/jre/lib/jsse.jar
7f58bf5d6000-7f58bf5d9000 r--s 00f76000 08:01 8524426                    /home/elixandrebaldi/Documentos/VCubeDHT/simgrid.jar
7f58bf5d9000-7f58bf5e1000 rw-s 00000000 08:01 2359380                    /tmp/hsperfdata_elixandrebaldi/4284 (deleted)
7f58bf5e1000-7f58bf5e2000 rw-p 00000000 00:00 0 
7f58bf5e2000-7f58bf5e3000 ---p 00000000 00:00 0 
7f58bf5e3000-7f58bf5e5000 rw-p 00000000 00:00 0 
7f58bf5e5000-7f58bf5e6000 r--p 00025000 08:01 3932248                    /lib/x86_64-linux-gnu/ld-2.23.so
7f58bf5e6000-7f58bf5e7000 rw-p 00026000 08:01 3932248                    /lib/x86_64-linux-gnu/ld-2.23.so
7f58bf5e7000-7f58bf5e8000 rw-p 00000000 00:00 0 
7ffd5e722000-7ffd5e743000 rw-p 00000000 00:00 0                          [stack]
7ffd5e7bc000-7ffd5e7be000 r--p 00000000 00:00 0                          [vvar]
7ffd5e7be000-7ffd5e7c0000 r-xp 00000000 00:00 0                          [vdso]
ffffffffff600000-ffffffffff601000 r-xp 00000000 00:00 0                  [vsyscall]

VM Arguments:
jvm_args: -Xdebug -Xrunjdwp:transport=dt_socket,address=localhost:41345 -Dfile.encoding=UTF-8 -Xms512m 
java_command: vcube.VCube platform.xml deployment.xml
java_class_path (initial): /home/elixandrebaldi/Documentos/VCubeDHT/simgrid.jar:/home/elixandrebaldi/Documentos/VCubeDHT/VCube/build/classes
Launcher Type: SUN_STANDARD

Environment Variables:
PATH=/home/elixandrebaldi/bin:/home/elixandrebaldi/.local/bin:/usr/local/sbin:/usr/local/bin:/usr/sbin:/usr/bin:/sbin:/bin:/usr/games:/usr/local/games
LD_LIBRARY_PATH=/home/elixandrebaldi/jdk1.8.0_111/jre/lib/amd64:/home/elixandrebaldi/jdk1.8.0_111/jre/lib/i386:
SHELL=/bin/bash
DISPLAY=:0

Signal Handlers:
SIGSEGV: [libjvm.so+0xac64b0], sa_mask[0]=11111111011111111101111111111110, sa_flags=SA_RESTART|SA_SIGINFO
SIGBUS: [libjvm.so+0xac64b0], sa_mask[0]=11111111011111111101111111111110, sa_flags=SA_RESTART|SA_SIGINFO
SIGFPE: [libjvm.so+0x91f950], sa_mask[0]=11111111011111111101111111111110, sa_flags=SA_RESTART|SA_SIGINFO
SIGPIPE: [libjvm.so+0x91f950], sa_mask[0]=11111111011111111101111111111110, sa_flags=SA_RESTART|SA_SIGINFO
SIGXFSZ: [libjvm.so+0x91f950], sa_mask[0]=11111111011111111101111111111110, sa_flags=SA_RESTART|SA_SIGINFO
SIGILL: [libjvm.so+0x91f950], sa_mask[0]=11111111011111111101111111111110, sa_flags=SA_RESTART|SA_SIGINFO
SIGUSR1: SIG_DFL, sa_mask[0]=00000000000000000000000000000000, sa_flags=none
SIGUSR2: [libjvm.so+0x920f80], sa_mask[0]=00100000000000000000000000000000, sa_flags=SA_RESTART|SA_SIGINFO
SIGHUP: [libjvm.so+0x922380], sa_mask[0]=11111111011111111101111111111110, sa_flags=SA_RESTART|SA_SIGINFO
SIGINT: [libsimgrid.so+0x8ff50], sa_mask[0]=01000000000000000000000000000000, sa_flags=SA_RESTART
SIGTERM: [libjvm.so+0x922380], sa_mask[0]=11111111011111111101111111111110, sa_flags=SA_RESTART|SA_SIGINFO
SIGQUIT: [libjvm.so+0x922380], sa_mask[0]=11111111011111111101111111111110, sa_flags=SA_RESTART|SA_SIGINFO


---------------  S Y S T E M  ---------------

OS:DISTRIB_ID="elementary"
DISTRIB_RELEASE=0.4.1
DISTRIB_CODENAME=loki
DISTRIB_DESCRIPTION="elementary OS 0.4.1 Loki"

uname:Linux 4.4.0-79-generic #100-Ubuntu SMP Wed May 17 19:58:14 UTC 2017 x86_64
libc:glibc 2.23 NPTL 2.23 
rlimit: STACK 8192k, CORE 0k, NPROC 14991, NOFILE 65536, AS infinity
load average:3.16 3.30 1.75

/proc/meminfo:
MemTotal:        3878592 kB
MemFree:          365700 kB
MemAvailable:    1272776 kB
Buffers:          160820 kB
Cached:          1071520 kB
SwapCached:          140 kB
Active:          2223572 kB
Inactive:        1025224 kB
Active(anon):    1699504 kB
Inactive(anon):   502520 kB
Active(file):     524068 kB
Inactive(file):   522704 kB
Unevictable:          48 kB
Mlocked:              48 kB
SwapTotal:       4025340 kB
SwapFree:        4020396 kB
Dirty:             12392 kB
Writeback:             0 kB
AnonPages:       2016424 kB
Mapped:           397888 kB
Shmem:            185572 kB
Slab:             158436 kB
SReclaimable:     125596 kB
SUnreclaim:        32840 kB
KernelStack:        9312 kB
PageTables:        35812 kB
NFS_Unstable:          0 kB
Bounce:                0 kB
WritebackTmp:          0 kB
CommitLimit:     5964636 kB
Committed_AS:    6456416 kB
VmallocTotal:   34359738367 kB
VmallocUsed:           0 kB
VmallocChunk:          0 kB
HardwareCorrupted:     0 kB
AnonHugePages:    700416 kB
CmaTotal:              0 kB
CmaFree:               0 kB
HugePages_Total:       0
HugePages_Free:        0
HugePages_Rsvd:        0
HugePages_Surp:        0
Hugepagesize:       2048 kB
DirectMap4k:      150264 kB
DirectMap2M:     3876864 kB


CPU:total 4 (2 cores per cpu, 2 threads per core) family 6 model 58 stepping 9, cmov, cx8, fxsr, mmx, sse, sse2, sse3, ssse3, sse4.1, sse4.2, popcnt, avx, clmul, erms, ht, tsc, tscinvbit, tscinv

/proc/cpuinfo:
processor	: 0
vendor_id	: GenuineIntel
cpu family	: 6
model		: 58
model name	: Intel(R) Core(TM) i7-3517U CPU @ 1.90GHz
stepping	: 9
microcode	: 0x12
cpu MHz		: 2791.875
cache size	: 4096 KB
physical id	: 0
siblings	: 4
core id		: 0
cpu cores	: 2
apicid		: 0
initial apicid	: 0
fpu		: yes
fpu_exception	: yes
cpuid level	: 13
wp		: yes
flags		: fpu vme de pse tsc msr pae mce cx8 apic sep mtrr pge mca cmov pat pse36 clflush dts acpi mmx fxsr sse sse2 ss ht tm pbe syscall nx rdtscp lm constant_tsc arch_perfmon pebs bts rep_good nopl xtopology nonstop_tsc aperfmperf eagerfpu pni pclmulqdq dtes64 monitor ds_cpl vmx est tm2 ssse3 cx16 xtpr pdcm pcid sse4_1 sse4_2 x2apic popcnt tsc_deadline_timer xsave avx f16c rdrand lahf_lm epb tpr_shadow vnmi flexpriority ept vpid fsgsbase smep erms xsaveopt dtherm ida arat pln pts
bugs		:
bogomips	: 4788.84
clflush size	: 64
cache_alignment	: 64
address sizes	: 36 bits physical, 48 bits virtual
power management:

processor	: 1
vendor_id	: GenuineIntel
cpu family	: 6
model		: 58
model name	: Intel(R) Core(TM) i7-3517U CPU @ 1.90GHz
stepping	: 9
microcode	: 0x12
cpu MHz		: 2799.937
cache size	: 4096 KB
physical id	: 0
siblings	: 4
core id		: 0
cpu cores	: 2
apicid		: 1
initial apicid	: 1
fpu		: yes
fpu_exception	: yes
cpuid level	: 13
wp		: yes
flags		: fpu vme de pse tsc msr pae mce cx8 apic sep mtrr pge mca cmov pat pse36 clflush dts acpi mmx fxsr sse sse2 ss ht tm pbe syscall nx rdtscp lm constant_tsc arch_perfmon pebs bts rep_good nopl xtopology nonstop_tsc aperfmperf eagerfpu pni pclmulqdq dtes64 monitor ds_cpl vmx est tm2 ssse3 cx16 xtpr pdcm pcid sse4_1 sse4_2 x2apic popcnt tsc_deadline_timer xsave avx f16c rdrand lahf_lm epb tpr_shadow vnmi flexpriority ept vpid fsgsbase smep erms xsaveopt dtherm ida arat pln pts
bugs		:
bogomips	: 4788.84
clflush size	: 64
cache_alignment	: 64
address sizes	: 36 bits physical, 48 bits virtual
power management:

processor	: 2
vendor_id	: GenuineIntel
cpu family	: 6
model		: 58
model name	: Intel(R) Core(TM) i7-3517U CPU @ 1.90GHz
stepping	: 9
microcode	: 0x12
cpu MHz		: 2830.500
cache size	: 4096 KB
physical id	: 0
siblings	: 4
core id		: 1
cpu cores	: 2
apicid		: 2
initial apicid	: 2
fpu		: yes
fpu_exception	: yes
cpuid level	: 13
wp		: yes
flags		: fpu vme de pse tsc msr pae mce cx8 apic sep mtrr pge mca cmov pat pse36 clflush dts acpi mmx fxsr sse sse2 ss ht tm pbe syscall nx rdtscp lm constant_tsc arch_perfmon pebs bts rep_good nopl xtopology nonstop_tsc aperfmperf eagerfpu pni pclmulqdq dtes64 monitor ds_cpl vmx est tm2 ssse3 cx16 xtpr pdcm pcid sse4_1 sse4_2 x2apic popcnt tsc_deadline_timer xsave avx f16c rdrand lahf_lm epb tpr_shadow vnmi flexpriority ept vpid fsgsbase smep erms xsaveopt dtherm ida arat pln pts
bugs		:
bogomips	: 4788.84
clflush size	: 64
cache_alignment	: 64
address sizes	: 36 bits physical, 48 bits virtual
power management:

processor	: 3
vendor_id	: GenuineIntel
cpu family	: 6
model		: 58
model name	: Intel(R) Core(TM) i7-3517U CPU @ 1.90GHz
stepping	: 9
microcode	: 0x12
cpu MHz		: 2826.000
cache size	: 4096 KB
physical id	: 0
siblings	: 4
core id		: 1
cpu cores	: 2
apicid		: 3
initial apicid	: 3
fpu		: yes
fpu_exception	: yes
cpuid level	: 13
wp		: yes
flags		: fpu vme de pse tsc msr pae mce cx8 apic sep mtrr pge mca cmov pat pse36 clflush dts acpi mmx fxsr sse sse2 ss ht tm pbe syscall nx rdtscp lm constant_tsc arch_perfmon pebs bts rep_good nopl xtopology nonstop_tsc aperfmperf eagerfpu pni pclmulqdq dtes64 monitor ds_cpl vmx est tm2 ssse3 cx16 xtpr pdcm pcid sse4_1 sse4_2 x2apic popcnt tsc_deadline_timer xsave avx f16c rdrand lahf_lm epb tpr_shadow vnmi flexpriority ept vpid fsgsbase smep erms xsaveopt dtherm ida arat pln pts
bugs		:
bogomips	: 4788.84
clflush size	: 64
cache_alignment	: 64
address sizes	: 36 bits physical, 48 bits virtual
power management:



Memory: 4k page, physical 3878592k(365700k free), swap 4025340k(4020396k free)

vm_info: Java HotSpot(TM) 64-Bit Server VM (25.111-b14) for linux-amd64 JRE (1.8.0_111-b14), built on Sep 22 2016 16:14:03 by "java_re" with gcc 4.3.0 20080428 (Red Hat 4.3.0-8)

time: Mon Jun 12 13:44:09 2017
elapsed time: 7 seconds (0d 0h 0m 7s)

