#
# A fatal error has been detected by the Java Runtime Environment:
#
#  SIGSEGV (0xb) at pc=0x00007f848ba1076b, pid=6328, tid=140207069300480
#
# JRE version: Java(TM) SE Runtime Environment (7.0_80-b15) (build 1.7.0_80-b15)
# Java VM: Java HotSpot(TM) 64-Bit Server VM (24.80-b11 mixed mode linux-amd64 compressed oops)
# Problematic frame:
# C  [libc.so.6+0x8076b]  _IO_str_seekoff+0x299b
#
# Failed to write core dump. Core dumps have been disabled. To enable core dumping, try "ulimit -c unlimited" before starting Java again
#
# If you would like to submit a bug report, please visit:
#   http://bugreport.java.com/bugreport/crash.jsp
# The crash happened outside the Java Virtual Machine in native code.
# See problematic frame for where to report the bug.
#

---------------  T H R E A D  ---------------

Current thread (0x00007f8484070800):  JavaThread "Finalizer" daemon [_thread_in_native, id=6340, stack(0x00007f84807f8000,0x00007f84808f9000)]

siginfo:si_signo=SIGSEGV: si_errno=0, si_code=1 (SEGV_MAPERR), si_addr=0x00007ff394623e68

Registers:
RAX=0x00007f8430249a90, RBX=0x00007f843000cdf0, RCX=0x00007f84808f75c0, RDX=0xffffff909b9e8f90
RSP=0x00007f84808f73e0, RBP=0x0000006f64617070, RSI=0x0000000000000001, RDI=0x0000000000000000
R8 =0x000000000000123b, R9 =0x0000000000000001, R10=0x0000000000000004, R11=0x00007f848b965de8
R12=0x00007ff394623e60, R13=0x00007f8430000020, R14=0x00007f84808f75c0, R15=0x00007f8484070800
RIP=0x00007f848ba1076b, EFLAGS=0x0000000000010202, CSGSFS=0x0000000000000033, ERR=0x0000000000000004
  TRAPNO=0x000000000000000e

Top of Stack: (sp=0x00007f84808f73e0)
0x00007f84808f73e0:   00007f848c17e3f0 000000008101d0bf
0x00007f84808f73f0:   00007f8481005310 0000000000000000
0x00007f84808f7400:   00007f84808f7608 00007f843c00a3b0
0x00007f84808f7410:   00007f8479496ce0 00007f843c00a320
0x00007f84808f7420:   00000000bfd6dbd0 00007f8400000001
0x00007f84808f7430:   00007f843c00a3b0 00007f848ba147ec
0x00007f84808f7440:   00007f8484071500 00007f8484071528
0x00007f84808f7450:   00007f8484071550 00007f843000cd30
0x00007f84808f7460:   00007f8479496ce0 0000000000000000
0x00007f84808f7470:   00000000bfd6dbd0 00007f84808f75c0
0x00007f84808f7480:   00007f8484070800 00007f848ba147ec
0x00007f84808f7490:   0000007f000016ed 00007f8484071078
0x00007f84808f74a0:   00007f84808f7530 00007f843c00a2a0
0x00007f84808f74b0:   00007f8479496ce0 00007f843000cd30
0x00007f84808f74c0:   00007f8479496ce0 0000000000000000
0x00007f84808f74d0:   00000000bfd6dbd0 00007f847901f683
0x00007f84808f74e0:   00000000ed3bd5f0 00007f8468003668
0x00007f84808f74f0:   01007f8468003630 00007f848b324582
0x00007f84808f7500:   0000000000001388 00007f8484071078
0x00007f84808f7510:   00007f84808f7570 00007f848b3245e5
0x00007f84808f7520:   00007f8468003630 00007f84787f4de7
0x00007f84808f7530:   0000000000000000 00000000bfd6dbd0
0x00007f84808f7540:   00007f84808f75a0 00007f8481012d98
0x00007f84808f7550:   00007f84808f75b0 00007f848b325a0b
0x00007f84808f7560:   00007f84808f7560 0000000000000000
0x00007f84808f7570:   00007f84808f75c0 00000000bfd6f5a8
0x00007f84808f7580:   0000000000000000 00000000bfd6dbd0
0x00007f84808f7590:   0000000000000000 00007f84808f75c0
0x00007f84808f75a0:   00007f84808f7608 00007f8481006058
0x00007f84808f75b0:   0000000000000000 00007f848100ecd8
0x00007f84808f75c0:   00000000ed3efa28 00007f84808f75c8
0x00007f84808f75d0:   00000000bfd6dae9 00007f84808f7620 

Instructions: (pc=0x00007f848ba1076b)
0x00007f848ba1074b:   4c 8d 24 2e c7 44 24 48 00 00 00 00 48 39 c6 0f
0x00007f848ba1075b:   84 70 09 00 00 41 f6 45 04 02 0f 84 85 08 00 00
0x00007f848ba1076b:   49 8b 44 24 08 a8 01 0f 84 98 08 00 00 49 89 c7
0x00007f848ba1077b:   49 83 e7 f8 48 83 f8 10 0f 86 e7 06 00 00 4d 3b 

Register to memory mapping:

RAX=0x00007f8430249a90 is an unknown value
RBX=0x00007f843000cdf0 is an unknown value
RCX=0x00007f84808f75c0 is pointing into the stack for thread: 0x00007f8484070800
RDX=0xffffff909b9e8f90 is an unknown value
RSP=0x00007f84808f73e0 is pointing into the stack for thread: 0x00007f8484070800
RBP=0x0000006f64617070 is an unknown value
RSI=0x0000000000000001 is an unknown value
RDI=0x0000000000000000 is an unknown value
R8 =0x000000000000123b is an unknown value
R9 =0x0000000000000001 is an unknown value
R10=0x0000000000000004 is an unknown value
R11=0x00007f848b965de8: <offset 0xe4fde8> in /home/elixandre/jdk1.7.0_80/jre/lib/amd64/server/libjvm.so at 0x00007f848ab16000
R12=0x00007ff394623e60 is an unknown value
R13=0x00007f8430000020 is an unknown value
R14=0x00007f84808f75c0 is pointing into the stack for thread: 0x00007f8484070800
R15=0x00007f8484070800 is a thread


Stack: [0x00007f84807f8000,0x00007f84808f9000],  sp=0x00007f84808f73e0,  free space=1020k
Native frames: (J=compiled Java code, j=interpreted, Vv=VM code, C=native code)
C  [libc.so.6+0x8076b]  _IO_str_seekoff+0x299b

[error occurred during error reporting (printing native stack), id 0xb]

Java frames: (J=compiled Java code, j=interpreted, Vv=VM code)
j  org.simgrid.msg.Task.nativeFinalize()V+0
j  org.simgrid.msg.Task.finalize()V+1
j  java.lang.System$2.invokeFinalize(Ljava/lang/Object;)V+1
j  java.lang.ref.Finalizer.runFinalizer(Lsun/misc/JavaLangAccess;)V+46
j  java.lang.ref.Finalizer.access$100(Ljava/lang/ref/Finalizer;Lsun/misc/JavaLangAccess;)V+2
j  java.lang.ref.Finalizer$FinalizerThread.run()V+45
v  ~StubRoutines::call_stub

---------------  P R O C E S S  ---------------

Java Threads: ( => current thread )
  0x00007f841c001000 JavaThread "Thread-7" [_thread_in_native, id=6353, stack(0x00007f84487f9000,0x00007f8448ffa000)]
  0x00007f8428001000 JavaThread "Thread-6" [_thread_in_native, id=6352, stack(0x00007f8448ffa000,0x00007f84497fb000)]
  0x00007f8424001000 JavaThread "Thread-5" [_thread_in_native, id=6351, stack(0x00007f84497fb000,0x00007f8449ffc000)]
  0x00007f8430001000 JavaThread "Thread-8" [_thread_in_vm, id=6350, stack(0x00007f84417fb000,0x00007f8441ffc000)]
  0x00007f842c001000 JavaThread "Thread-4" [_thread_in_native, id=6346, stack(0x00007f844b7ff000,0x00007f844c000000)]
  0x00007f8444001000 JavaThread "Thread-2" [_thread_in_native, id=6347, stack(0x00007f844affe000,0x00007f844b7ff000)]
  0x00007f843c001000 JavaThread "Thread-3" [_thread_in_native, id=6348, stack(0x00007f844a7fd000,0x00007f844affe000)]
  0x00007f8434001000 JavaThread "Thread-1" [_thread_in_native, id=6349, stack(0x00007f8449ffc000,0x00007f844a7fd000)]
  0x00007f8484099000 JavaThread "Service Thread" daemon [_thread_blocked, id=6344, stack(0x00007f8479ccd000,0x00007f8479dce000)]
  0x00007f8484096800 JavaThread "C2 CompilerThread1" daemon [_thread_blocked, id=6343, stack(0x00007f8479dce000,0x00007f8479ecf000)]
  0x00007f8484093800 JavaThread "C2 CompilerThread0" daemon [_thread_in_native, id=6342, stack(0x00007f8479ecf000,0x00007f8479fd0000)]
  0x00007f8484091800 JavaThread "Signal Dispatcher" daemon [_thread_blocked, id=6341, stack(0x00007f8480014000,0x00007f8480115000)]
=>0x00007f8484070800 JavaThread "Finalizer" daemon [_thread_in_native, id=6340, stack(0x00007f84807f8000,0x00007f84808f9000)]
  0x00007f848406e000 JavaThread "Reference Handler" daemon [_thread_blocked, id=6339, stack(0x00007f84808f9000,0x00007f84809fa000)]
  0x00007f8484009800 JavaThread "main" [_thread_in_native, id=6333, stack(0x00007f848c494000,0x00007f848c595000)]

Other Threads:
  0x00007f848406a000 VMThread [stack: 0x00007f84809fa000,0x00007f8480afb000] [id=6338]
  0x00007f84840a4000 WatcherThread [stack: 0x00007f8479bcc000,0x00007f8479ccd000] [id=6345]

VM state:not at safepoint (normal execution)

VM Mutex/Monitor currently owned by a thread: None

Heap
 PSYoungGen      total 17920K, used 4378K [0x00000000ec400000, 0x00000000ed800000, 0x0000000100000000)
  eden space 15360K, 11% used [0x00000000ec400000,0x00000000ec5caaa0,0x00000000ed300000)
  from space 2560K, 99% used [0x00000000ed300000,0x00000000ed57c010,0x00000000ed580000)
  to   space 2560K, 0% used [0x00000000ed580000,0x00000000ed580000,0x00000000ed800000)
 ParOldGen       total 40448K, used 592K [0x00000000c4c00000, 0x00000000c7380000, 0x00000000ec400000)
  object space 40448K, 1% used [0x00000000c4c00000,0x00000000c4c94000,0x00000000c7380000)
 PSPermGen       total 21504K, used 3586K [0x00000000bfa00000, 0x00000000c0f00000, 0x00000000c4c00000)
  object space 21504K, 16% used [0x00000000bfa00000,0x00000000bfd80a60,0x00000000c0f00000)

Card table byte_map: [0x00007f8489576000,0x00007f848977a000] byte_map_base: 0x00007f8488f79000

Polling page: 0x00007f848c5b1000

Code Cache  [0x00007f8481000000, 0x00007f8481270000, 0x00007f8484000000)
 total_blobs=267 nmethods=61 adapters=160 free_code_cache=48648Kb largest_free_block=49782208

Compilation events (10 events):
Event: 1.215 Thread 0x00007f8484096800 nmethod 56 0x00007f8481074890 code [0x00007f8481074a00, 0x00007f8481074cf8]
Event: 1.216 Thread 0x00007f8484093800 nmethod 46 0x00007f84810744d0 code [0x00007f8481074620, 0x00007f8481074738]
Event: 1.244 Thread 0x00007f8484096800   57 % !         vcube.Node::main @ 63 (1387 bytes)
Event: 1.436 Thread 0x00007f8484096800 nmethod 57% 0x00007f848107d410 code [0x00007f848107db20, 0x00007f84810823b0]
Event: 1.484 Thread 0x00007f8484093800   58 % !         vcube.Node::main @ 39 (1387 bytes)
Event: 1.576 Thread 0x00007f8484096800   59             sun.misc.VM::addFinalRefCount (24 bytes)
Event: 1.577 Thread 0x00007f8484096800 nmethod 59 0x00007f848106fb10 code [0x00007f848106fc40, 0x00007f848106fcb8]
Event: 1.583 Thread 0x00007f8484096800   60             java.lang.ref.Reference::access$100 (4 bytes)
Event: 1.583 Thread 0x00007f8484096800 nmethod 60 0x00007f8481073f50 code [0x00007f8481074080, 0x00007f84810740d8]
Event: 1.583 Thread 0x00007f8484096800   62   !         java.lang.ref.ReferenceQueue::enqueue (104 bytes)

GC Heap History (2 events):
Event: 1.555 GC heap before
{Heap before GC invocations=1 (full 0):
 PSYoungGen      total 17920K, used 15360K [0x00000000ec400000, 0x00000000ed800000, 0x0000000100000000)
  eden space 15360K, 100% used [0x00000000ec400000,0x00000000ed300000,0x00000000ed300000)
  from space 2560K, 0% used [0x00000000ed580000,0x00000000ed580000,0x00000000ed800000)
  to   space 2560K, 0% used [0x00000000ed300000,0x00000000ed300000,0x00000000ed580000)
 ParOldGen       total 40448K, used 0K [0x00000000c4c00000, 0x00000000c7380000, 0x00000000ec400000)
  object space 40448K, 0% used [0x00000000c4c00000,0x00000000c4c00000,0x00000000c7380000)
 PSPermGen       total 21504K, used 3581K [0x00000000bfa00000, 0x00000000c0f00000, 0x00000000c4c00000)
  object space 21504K, 16% used [0x00000000bfa00000,0x00000000bfd7f598,0x00000000c0f00000)
Event: 1.564 GC heap after
Heap after GC invocations=1 (full 0):
 PSYoungGen      total 17920K, used 2544K [0x00000000ec400000, 0x00000000ed800000, 0x0000000100000000)
  eden space 15360K, 0% used [0x00000000ec400000,0x00000000ec400000,0x00000000ed300000)
  from space 2560K, 99% used [0x00000000ed300000,0x00000000ed57c010,0x00000000ed580000)
  to   space 2560K, 0% used [0x00000000ed580000,0x00000000ed580000,0x00000000ed800000)
 ParOldGen       total 40448K, used 592K [0x00000000c4c00000, 0x00000000c7380000, 0x00000000ec400000)
  object space 40448K, 1% used [0x00000000c4c00000,0x00000000c4c94000,0x00000000c7380000)
 PSPermGen       total 21504K, used 3581K [0x00000000bfa00000, 0x00000000c0f00000, 0x00000000c4c00000)
  object space 21504K, 16% used [0x00000000bfa00000,0x00000000bfd7f598,0x00000000c0f00000)
}

Deoptimization events (0 events):
No events

Internal exceptions (10 events):
Event: 1.570 Thread 0x00007f843c001000 Threw 0x00000000ec42e058 at /HUDSON/workspace/7u-2-build-linux-amd64/jdk7u80/2329/hotspot/src/share/vm/prims/jni.cpp:743
Event: 1.571 Thread 0x00007f8444001000 Threw 0x00000000ec45c808 at /HUDSON/workspace/7u-2-build-linux-amd64/jdk7u80/2329/hotspot/src/share/vm/prims/jni.cpp:743
Event: 1.571 Thread 0x00007f8430001000 Threw 0x00000000ec528fc8 at /HUDSON/workspace/7u-2-build-linux-amd64/jdk7u80/2329/hotspot/src/share/vm/prims/jni.cpp:743
Event: 1.571 Thread 0x00007f841c001000 Threw 0x00000000ec4019e0 at /HUDSON/workspace/7u-2-build-linux-amd64/jdk7u80/2329/hotspot/src/share/vm/prims/jni.cpp:743
Event: 1.572 Thread 0x00007f843c001000 Threw 0x00000000ec42f310 at /HUDSON/workspace/7u-2-build-linux-amd64/jdk7u80/2329/hotspot/src/share/vm/prims/jni.cpp:743
Event: 1.572 Thread 0x00007f8444001000 Threw 0x00000000ec45d8c8 at /HUDSON/workspace/7u-2-build-linux-amd64/jdk7u80/2329/hotspot/src/share/vm/prims/jni.cpp:743
Event: 1.572 Thread 0x00007f8430001000 Threw 0x00000000ec52a280 at /HUDSON/workspace/7u-2-build-linux-amd64/jdk7u80/2329/hotspot/src/share/vm/prims/jni.cpp:743
Event: 1.573 Thread 0x00007f841c001000 Threw 0x00000000ec402aa0 at /HUDSON/workspace/7u-2-build-linux-amd64/jdk7u80/2329/hotspot/src/share/vm/prims/jni.cpp:743
Event: 1.573 Thread 0x00007f843c001000 Threw 0x00000000ec4305c8 at /HUDSON/workspace/7u-2-build-linux-amd64/jdk7u80/2329/hotspot/src/share/vm/prims/jni.cpp:743
Event: 1.582 Thread 0x00007f8444001000 Threw 0x00000000ec45e988 at /HUDSON/workspace/7u-2-build-linux-amd64/jdk7u80/2329/hotspot/src/share/vm/prims/jni.cpp:743

Events (10 events):
Event: 0.191 loading class 0x00007f842c003c90
Event: 0.191 loading class 0x00007f842c003c90 done
Event: 0.205 loading class 0x00007f8488db65c0
Event: 0.205 loading class 0x00007f8488db65c0 done
Event: 0.205 loading class 0x00007f848410c970
Event: 0.205 loading class 0x00007f8488daec90
Event: 0.205 loading class 0x00007f8488daec90 done
Event: 0.205 loading class 0x00007f848410c970 done
Event: 1.555 Executing VM operation: ParallelGCFailedAllocation
Event: 1.564 Executing VM operation: ParallelGCFailedAllocation done


Dynamic libraries:
00400000-00401000 r-xp 00000000 08:07 663942                             /home/elixandre/jdk1.7.0_80/bin/java
00600000-00601000 rw-p 00000000 08:07 663942                             /home/elixandre/jdk1.7.0_80/bin/java
019dd000-019fe000 rw-p 00000000 00:00 0                                  [heap]
bfa00000-c0f00000 rw-p 00000000 00:00 0 
c0f00000-c4c00000 rw-p 00000000 00:00 0 
c4c00000-c7380000 rw-p 00000000 00:00 0 
c7380000-ec400000 rw-p 00000000 00:00 0 
ec400000-ed800000 rw-p 00000000 00:00 0 
ed800000-100000000 rw-p 00000000 00:00 0 
7f841c000000-7f841c248000 rw-p 00000000 00:00 0 
7f841c248000-7f8420000000 ---p 00000000 00:00 0 
7f8424000000-7f8424242000 rw-p 00000000 00:00 0 
7f8424242000-7f8428000000 ---p 00000000 00:00 0 
7f8428000000-7f8428243000 rw-p 00000000 00:00 0 
7f8428243000-7f842c000000 ---p 00000000 00:00 0 
7f842c000000-7f842c24e000 rw-p 00000000 00:00 0 
7f842c24e000-7f8430000000 ---p 00000000 00:00 0 
7f8430000000-7f843024a000 rw-p 00000000 00:00 0 
7f843024a000-7f8434000000 ---p 00000000 00:00 0 
7f8434000000-7f8434248000 rw-p 00000000 00:00 0 
7f8434248000-7f8438000000 ---p 00000000 00:00 0 
7f843c000000-7f843c247000 rw-p 00000000 00:00 0 
7f843c247000-7f8440000000 ---p 00000000 00:00 0 
7f84417fb000-7f84417fe000 ---p 00000000 00:00 0 
7f84417fe000-7f8441ffc000 rw-p 00000000 00:00 0 
7f8444000000-7f844424a000 rw-p 00000000 00:00 0 
7f844424a000-7f8448000000 ---p 00000000 00:00 0 
7f84487f9000-7f84487fc000 ---p 00000000 00:00 0 
7f84487fc000-7f8448ffa000 rw-p 00000000 00:00 0 
7f8448ffa000-7f8448ffd000 ---p 00000000 00:00 0 
7f8448ffd000-7f84497fb000 rw-p 00000000 00:00 0 
7f84497fb000-7f84497fe000 ---p 00000000 00:00 0 
7f84497fe000-7f8449ffc000 rw-p 00000000 00:00 0 
7f8449ffc000-7f8449fff000 ---p 00000000 00:00 0 
7f8449fff000-7f844a7fd000 rw-p 00000000 00:00 0 
7f844a7fd000-7f844a800000 ---p 00000000 00:00 0 
7f844a800000-7f844affe000 rw-p 00000000 00:00 0 
7f844affe000-7f844b001000 ---p 00000000 00:00 0 
7f844b001000-7f844b7ff000 rw-p 00000000 00:00 0 
7f844b7ff000-7f844b802000 ---p 00000000 00:00 0 
7f844b802000-7f844c000000 rw-p 00000000 00:00 0 
7f844c000000-7f844c021000 rw-p 00000000 00:00 0 
7f844c021000-7f8450000000 ---p 00000000 00:00 0 
7f8450000000-7f8450021000 rw-p 00000000 00:00 0 
7f8450021000-7f8454000000 ---p 00000000 00:00 0 
7f8454000000-7f84543a4000 rw-p 00000000 00:00 0 
7f84543a4000-7f8458000000 ---p 00000000 00:00 0 
7f8458000000-7f8458a4f000 rw-p 00000000 00:00 0 
7f8458a4f000-7f845c000000 ---p 00000000 00:00 0 
7f845c000000-7f845c021000 rw-p 00000000 00:00 0 
7f845c021000-7f8460000000 ---p 00000000 00:00 0 
7f8460000000-7f8460021000 rw-p 00000000 00:00 0 
7f8460021000-7f8464000000 ---p 00000000 00:00 0 
7f8464000000-7f8464021000 rw-p 00000000 00:00 0 
7f8464021000-7f8468000000 ---p 00000000 00:00 0 
7f8468000000-7f8468021000 rw-p 00000000 00:00 0 
7f8468021000-7f846c000000 ---p 00000000 00:00 0 
7f846c000000-7f846c021000 rw-p 00000000 00:00 0 
7f846c021000-7f8470000000 ---p 00000000 00:00 0 
7f8470000000-7f8470021000 rw-p 00000000 00:00 0 
7f8470021000-7f8474000000 ---p 00000000 00:00 0 
7f8474000000-7f8474021000 rw-p 00000000 00:00 0 
7f8474021000-7f8478000000 ---p 00000000 00:00 0 
7f84787e9000-7f8478801000 r-xp 00000000 08:07 671573                     /tmp/simgrid-java8478342410814721094/libsimgrid-java.so
7f8478801000-7f8478a01000 ---p 00018000 08:07 671573                     /tmp/simgrid-java8478342410814721094/libsimgrid-java.so
7f8478a01000-7f8478a02000 rw-p 00018000 08:07 671573                     /tmp/simgrid-java8478342410814721094/libsimgrid-java.so
7f8478a02000-7f8478a18000 r-xp 00000000 08:07 528568                     /lib/x86_64-linux-gnu/libgcc_s.so.1
7f8478a18000-7f8478c17000 ---p 00016000 08:07 528568                     /lib/x86_64-linux-gnu/libgcc_s.so.1
7f8478c17000-7f8478c18000 r--p 00015000 08:07 528568                     /lib/x86_64-linux-gnu/libgcc_s.so.1
7f8478c18000-7f8478c19000 rw-p 00016000 08:07 528568                     /lib/x86_64-linux-gnu/libgcc_s.so.1
7f8478c19000-7f8478d8c000 r-xp 00000000 08:07 1059329                    /usr/lib/x86_64-linux-gnu/libstdc++.so.6.0.21
7f8478d8c000-7f8478f8b000 ---p 00173000 08:07 1059329                    /usr/lib/x86_64-linux-gnu/libstdc++.so.6.0.21
7f8478f8b000-7f8478f95000 r--p 00172000 08:07 1059329                    /usr/lib/x86_64-linux-gnu/libstdc++.so.6.0.21
7f8478f95000-7f8478f97000 rw-p 0017c000 08:07 1059329                    /usr/lib/x86_64-linux-gnu/libstdc++.so.6.0.21
7f8478f97000-7f8478f9b000 rw-p 00000000 00:00 0 
7f8478f9b000-7f8479260000 r-xp 00000000 08:07 671572                     /tmp/simgrid-java8478342410814721094/libsimgrid.so
7f8479260000-7f8479460000 ---p 002c5000 08:07 671572                     /tmp/simgrid-java8478342410814721094/libsimgrid.so
7f8479460000-7f847949b000 rw-p 002c5000 08:07 671572                     /tmp/simgrid-java8478342410814721094/libsimgrid.so
7f847949b000-7f84797a4000 rw-p 00000000 00:00 0 
7f84797a4000-7f84797bb000 r-xp 00000000 08:07 663689                     /home/elixandre/jdk1.7.0_80/jre/lib/amd64/libnet.so
7f84797bb000-7f84799ba000 ---p 00017000 08:07 663689                     /home/elixandre/jdk1.7.0_80/jre/lib/amd64/libnet.so
7f84799ba000-7f84799bb000 rw-p 00016000 08:07 663689                     /home/elixandre/jdk1.7.0_80/jre/lib/amd64/libnet.so
7f84799bb000-7f84799cb000 r-xp 00000000 08:07 663688                     /home/elixandre/jdk1.7.0_80/jre/lib/amd64/libnio.so
7f84799cb000-7f8479bcb000 ---p 00010000 08:07 663688                     /home/elixandre/jdk1.7.0_80/jre/lib/amd64/libnio.so
7f8479bcb000-7f8479bcc000 rw-p 00010000 08:07 663688                     /home/elixandre/jdk1.7.0_80/jre/lib/amd64/libnio.so
7f8479bcc000-7f8479bcd000 ---p 00000000 00:00 0 
7f8479bcd000-7f8479ccd000 rw-p 00000000 00:00 0 
7f8479ccd000-7f8479cd0000 ---p 00000000 00:00 0 
7f8479cd0000-7f8479dce000 rw-p 00000000 00:00 0 
7f8479dce000-7f8479dd1000 ---p 00000000 00:00 0 
7f8479dd1000-7f8479ecf000 rw-p 00000000 00:00 0 
7f8479ecf000-7f8479ed2000 ---p 00000000 00:00 0 
7f8479ed2000-7f847c000000 rw-p 00000000 00:00 0 
7f847c000000-7f847c021000 rw-p 00000000 00:00 0 
7f847c021000-7f8480000000 ---p 00000000 00:00 0 
7f8480014000-7f8480017000 ---p 00000000 00:00 0 
7f8480017000-7f8480115000 rw-p 00000000 00:00 0 
7f8480115000-7f84807f8000 r--p 00000000 08:07 1055607                    /usr/lib/locale/locale-archive
7f84807f8000-7f84807fb000 ---p 00000000 00:00 0 
7f84807fb000-7f84808f9000 rw-p 00000000 00:00 0 
7f84808f9000-7f84808fc000 ---p 00000000 00:00 0 
7f84808fc000-7f84809fa000 rw-p 00000000 00:00 0 
7f84809fa000-7f84809fb000 ---p 00000000 00:00 0 
7f84809fb000-7f8481000000 rw-p 00000000 00:00 0 
7f8481000000-7f8481270000 rwxp 00000000 00:00 0 
7f8481270000-7f848444b000 rw-p 00000000 00:00 0 
7f848444b000-7f8488000000 ---p 00000000 00:00 0 
7f8488057000-7f8488b51000 rw-p 00000000 00:00 0 
7f8488b51000-7f8488d11000 r--s 039fb000 08:07 663892                     /home/elixandre/jdk1.7.0_80/jre/lib/rt.jar
7f8488d11000-7f848900d000 rw-p 00000000 00:00 0 
7f848900d000-7f848900e000 ---p 00000000 00:00 0 
7f848900e000-7f848910e000 rw-p 00000000 00:00 0 
7f848910e000-7f848910f000 ---p 00000000 00:00 0 
7f848910f000-7f848920f000 rw-p 00000000 00:00 0 
7f848920f000-7f8489210000 ---p 00000000 00:00 0 
7f8489210000-7f8489310000 rw-p 00000000 00:00 0 
7f8489310000-7f8489311000 ---p 00000000 00:00 0 
7f8489311000-7f848941c000 rw-p 00000000 00:00 0 
7f848941c000-7f848943a000 rw-p 00000000 00:00 0 
7f848943a000-7f848944e000 rw-p 00000000 00:00 0 
7f848944e000-7f8489576000 rw-p 00000000 00:00 0 
7f8489576000-7f8489581000 rw-p 00000000 00:00 0 
7f8489581000-7f848959f000 rw-p 00000000 00:00 0 
7f848959f000-7f84895b3000 rw-p 00000000 00:00 0 
7f84895b3000-7f84896db000 rw-p 00000000 00:00 0 
7f84896db000-7f84896e5000 rw-p 00000000 00:00 0 
7f84896e5000-7f8489779000 rw-p 00000000 00:00 0 
7f8489779000-7f848977a000 rw-p 00000000 00:00 0 
7f848977a000-7f8489791000 r-xp 00000000 08:07 663687                     /home/elixandre/jdk1.7.0_80/jre/lib/amd64/libzip.so
7f8489791000-7f8489991000 ---p 00017000 08:07 663687                     /home/elixandre/jdk1.7.0_80/jre/lib/amd64/libzip.so
7f8489991000-7f8489992000 rw-p 00017000 08:07 663687                     /home/elixandre/jdk1.7.0_80/jre/lib/amd64/libzip.so
7f8489992000-7f848999c000 r-xp 00000000 08:07 529521                     /lib/x86_64-linux-gnu/libnss_files-2.21.so
7f848999c000-7f8489b9c000 ---p 0000a000 08:07 529521                     /lib/x86_64-linux-gnu/libnss_files-2.21.so
7f8489b9c000-7f8489b9d000 r--p 0000a000 08:07 529521                     /lib/x86_64-linux-gnu/libnss_files-2.21.so
7f8489b9d000-7f8489b9e000 rw-p 0000b000 08:07 529521                     /lib/x86_64-linux-gnu/libnss_files-2.21.so
7f8489b9e000-7f8489ba9000 r-xp 00000000 08:07 529535                     /lib/x86_64-linux-gnu/libnss_nis-2.21.so
7f8489ba9000-7f8489da8000 ---p 0000b000 08:07 529535                     /lib/x86_64-linux-gnu/libnss_nis-2.21.so
7f8489da8000-7f8489da9000 r--p 0000a000 08:07 529535                     /lib/x86_64-linux-gnu/libnss_nis-2.21.so
7f8489da9000-7f8489daa000 rw-p 0000b000 08:07 529535                     /lib/x86_64-linux-gnu/libnss_nis-2.21.so
7f8489daa000-7f8489dc1000 r-xp 00000000 08:07 529538                     /lib/x86_64-linux-gnu/libnsl-2.21.so
7f8489dc1000-7f8489fc0000 ---p 00017000 08:07 529538                     /lib/x86_64-linux-gnu/libnsl-2.21.so
7f8489fc0000-7f8489fc1000 r--p 00016000 08:07 529538                     /lib/x86_64-linux-gnu/libnsl-2.21.so
7f8489fc1000-7f8489fc2000 rw-p 00017000 08:07 529538                     /lib/x86_64-linux-gnu/libnsl-2.21.so
7f8489fc2000-7f8489fc4000 rw-p 00000000 00:00 0 
7f8489fc4000-7f8489fcc000 r-xp 00000000 08:07 529523                     /lib/x86_64-linux-gnu/libnss_compat-2.21.so
7f8489fcc000-7f848a1cb000 ---p 00008000 08:07 529523                     /lib/x86_64-linux-gnu/libnss_compat-2.21.so
7f848a1cb000-7f848a1cc000 r--p 00007000 08:07 529523                     /lib/x86_64-linux-gnu/libnss_compat-2.21.so
7f848a1cc000-7f848a1cd000 rw-p 00008000 08:07 529523                     /lib/x86_64-linux-gnu/libnss_compat-2.21.so
7f848a1cd000-7f848a1f6000 r-xp 00000000 08:07 663623                     /home/elixandre/jdk1.7.0_80/jre/lib/amd64/libjava.so
7f848a1f6000-7f848a3f6000 ---p 00029000 08:07 663623                     /home/elixandre/jdk1.7.0_80/jre/lib/amd64/libjava.so
7f848a3f6000-7f848a3f8000 rw-p 00029000 08:07 663623                     /home/elixandre/jdk1.7.0_80/jre/lib/amd64/libjava.so
7f848a3f8000-7f848a405000 r-xp 00000000 08:07 663501                     /home/elixandre/jdk1.7.0_80/jre/lib/amd64/libverify.so
7f848a405000-7f848a604000 ---p 0000d000 08:07 663501                     /home/elixandre/jdk1.7.0_80/jre/lib/amd64/libverify.so
7f848a604000-7f848a606000 rw-p 0000c000 08:07 663501                     /home/elixandre/jdk1.7.0_80/jre/lib/amd64/libverify.so
7f848a606000-7f848a60d000 r-xp 00000000 08:07 529522                     /lib/x86_64-linux-gnu/librt-2.21.so
7f848a60d000-7f848a80c000 ---p 00007000 08:07 529522                     /lib/x86_64-linux-gnu/librt-2.21.so
7f848a80c000-7f848a80d000 r--p 00006000 08:07 529522                     /lib/x86_64-linux-gnu/librt-2.21.so
7f848a80d000-7f848a80e000 rw-p 00007000 08:07 529522                     /lib/x86_64-linux-gnu/librt-2.21.so
7f848a80e000-7f848a915000 r-xp 00000000 08:07 529524                     /lib/x86_64-linux-gnu/libm-2.21.so
7f848a915000-7f848ab14000 ---p 00107000 08:07 529524                     /lib/x86_64-linux-gnu/libm-2.21.so
7f848ab14000-7f848ab15000 r--p 00106000 08:07 529524                     /lib/x86_64-linux-gnu/libm-2.21.so
7f848ab15000-7f848ab16000 rw-p 00107000 08:07 529524                     /lib/x86_64-linux-gnu/libm-2.21.so
7f848ab16000-7f848b68c000 r-xp 00000000 08:07 663273                     /home/elixandre/jdk1.7.0_80/jre/lib/amd64/server/libjvm.so
7f848b68c000-7f848b88b000 ---p 00b76000 08:07 663273                     /home/elixandre/jdk1.7.0_80/jre/lib/amd64/server/libjvm.so
7f848b88b000-7f848b94f000 rw-p 00b75000 08:07 663273                     /home/elixandre/jdk1.7.0_80/jre/lib/amd64/server/libjvm.so
7f848b94f000-7f848b990000 rw-p 00000000 00:00 0 
7f848b990000-7f848bb50000 r-xp 00000000 08:07 529541                     /lib/x86_64-linux-gnu/libc-2.21.so
7f848bb50000-7f848bd50000 ---p 001c0000 08:07 529541                     /lib/x86_64-linux-gnu/libc-2.21.so
7f848bd50000-7f848bd54000 r--p 001c0000 08:07 529541                     /lib/x86_64-linux-gnu/libc-2.21.so
7f848bd54000-7f848bd56000 rw-p 001c4000 08:07 529541                     /lib/x86_64-linux-gnu/libc-2.21.so
7f848bd56000-7f848bd5a000 rw-p 00000000 00:00 0 
7f848bd5a000-7f848bd5d000 r-xp 00000000 08:07 529528                     /lib/x86_64-linux-gnu/libdl-2.21.so
7f848bd5d000-7f848bf5c000 ---p 00003000 08:07 529528                     /lib/x86_64-linux-gnu/libdl-2.21.so
7f848bf5c000-7f848bf5d000 r--p 00002000 08:07 529528                     /lib/x86_64-linux-gnu/libdl-2.21.so
7f848bf5d000-7f848bf5e000 rw-p 00003000 08:07 529528                     /lib/x86_64-linux-gnu/libdl-2.21.so
7f848bf5e000-7f848bf73000 r-xp 00000000 08:07 663695                     /home/elixandre/jdk1.7.0_80/lib/amd64/jli/libjli.so
7f848bf73000-7f848c172000 ---p 00015000 08:07 663695                     /home/elixandre/jdk1.7.0_80/lib/amd64/jli/libjli.so
7f848c172000-7f848c173000 rw-p 00014000 08:07 663695                     /home/elixandre/jdk1.7.0_80/lib/amd64/jli/libjli.so
7f848c173000-7f848c18b000 r-xp 00000000 08:07 529525                     /lib/x86_64-linux-gnu/libpthread-2.21.so
7f848c18b000-7f848c38b000 ---p 00018000 08:07 529525                     /lib/x86_64-linux-gnu/libpthread-2.21.so
7f848c38b000-7f848c38c000 r--p 00018000 08:07 529525                     /lib/x86_64-linux-gnu/libpthread-2.21.so
7f848c38c000-7f848c38d000 rw-p 00019000 08:07 529525                     /lib/x86_64-linux-gnu/libpthread-2.21.so
7f848c38d000-7f848c391000 rw-p 00000000 00:00 0 
7f848c391000-7f848c3b5000 r-xp 00000000 08:07 529539                     /lib/x86_64-linux-gnu/ld-2.21.so
7f848c3bf000-7f848c3de000 rw-p 00000000 00:00 0 
7f848c3de000-7f848c494000 rw-p 00000000 00:00 0 
7f848c494000-7f848c497000 ---p 00000000 00:00 0 
7f848c497000-7f848c599000 rw-p 00000000 00:00 0 
7f848c5a0000-7f848c5a1000 rw-p 00000000 00:00 0 
7f848c5a1000-7f848c5a5000 r--s 0008b000 08:07 663627                     /home/elixandre/jdk1.7.0_80/jre/lib/jsse.jar
7f848c5a5000-7f848c5a8000 r--s 00f76000 08:07 542783                     /home/elixandre/Downloads/simgrid.jar
7f848c5a8000-7f848c5b0000 rw-s 00000000 08:07 544733                     /tmp/hsperfdata_elixandre/6328
7f848c5b0000-7f848c5b1000 rw-p 00000000 00:00 0 
7f848c5b1000-7f848c5b2000 r--p 00000000 00:00 0 
7f848c5b2000-7f848c5b4000 rw-p 00000000 00:00 0 
7f848c5b4000-7f848c5b5000 r--p 00023000 08:07 529539                     /lib/x86_64-linux-gnu/ld-2.21.so
7f848c5b5000-7f848c5b6000 rw-p 00024000 08:07 529539                     /lib/x86_64-linux-gnu/ld-2.21.so
7f848c5b6000-7f848c5b7000 rw-p 00000000 00:00 0 
7ffcf8417000-7ffcf8438000 rw-p 00000000 00:00 0                          [stack]
7ffcf846b000-7ffcf846d000 r--p 00000000 00:00 0                          [vvar]
7ffcf846d000-7ffcf846f000 r-xp 00000000 00:00 0                          [vdso]
ffffffffff600000-ffffffffff601000 r-xp 00000000 00:00 0                  [vsyscall]

VM Arguments:
jvm_args: -Dfile.encoding=UTF-8 
java_command: vcube.VCube platform.xml deployment.xml
Launcher Type: SUN_STANDARD

Environment Variables:
PATH=/usr/local/sbin:/usr/local/bin:/usr/sbin:/usr/bin:/sbin:/bin:/usr/games:/usr/local/games:/home/elixandre/.rvm/bin
LD_LIBRARY_PATH=/home/elixandre/jdk1.7.0_80/jre/lib/amd64:/home/elixandre/jdk1.7.0_80/jre/lib/i386:
SHELL=/bin/bash
DISPLAY=:0

Signal Handlers:
SIGSEGV: [libjvm.so+0x9a3b20], sa_mask[0]=0x7ffbfeff, sa_flags=0x10000004
SIGBUS: [libjvm.so+0x9a3b20], sa_mask[0]=0x7ffbfeff, sa_flags=0x10000004
SIGFPE: [libjvm.so+0x81e740], sa_mask[0]=0x7ffbfeff, sa_flags=0x10000004
SIGPIPE: [libjvm.so+0x81e740], sa_mask[0]=0x7ffbfeff, sa_flags=0x10000004
SIGXFSZ: [libjvm.so+0x81e740], sa_mask[0]=0x7ffbfeff, sa_flags=0x10000004
SIGILL: [libjvm.so+0x81e740], sa_mask[0]=0x7ffbfeff, sa_flags=0x10000004
SIGUSR1: SIG_DFL, sa_mask[0]=0x00000000, sa_flags=0x00000000
SIGUSR2: [libjvm.so+0x81ffb0], sa_mask[0]=0x00000004, sa_flags=0x10000004
SIGHUP: [libjvm.so+0x8210d0], sa_mask[0]=0x7ffbfeff, sa_flags=0x10000004
SIGINT: [libsimgrid.so+0x8ff50], sa_mask[0]=0x00000002, sa_flags=0x10000000
SIGTERM: [libjvm.so+0x8210d0], sa_mask[0]=0x7ffbfeff, sa_flags=0x10000004
SIGQUIT: [libjvm.so+0x8210d0], sa_mask[0]=0x7ffbfeff, sa_flags=0x10000004


---------------  S Y S T E M  ---------------

OS:jessie/sid

uname:Linux 4.2.0-42-generic #49-Ubuntu SMP Tue Jun 28 21:26:26 UTC 2016 x86_64
libc:glibc 2.21 NPTL 2.21 
rlimit: STACK 8192k, CORE 0k, NPROC 15009, NOFILE 65536, AS infinity
load average:0.36 0.57 1.03

/proc/meminfo:
MemTotal:        3879128 kB
MemFree:         1769436 kB
MemAvailable:    2164504 kB
Buffers:           45704 kB
Cached:           615936 kB
SwapCached:         6352 kB
Active:          1220144 kB
Inactive:         716788 kB
Active(anon):     777264 kB
Inactive(anon):   617752 kB
Active(file):     442880 kB
Inactive(file):    99036 kB
Unevictable:          32 kB
Mlocked:              32 kB
SwapTotal:        975868 kB
SwapFree:         889136 kB
Dirty:             12136 kB
Writeback:             0 kB
AnonPages:       1274012 kB
Mapped:           198952 kB
Shmem:            119728 kB
Slab:              77056 kB
SReclaimable:      44176 kB
SUnreclaim:        32880 kB
KernelStack:        8848 kB
PageTables:        32064 kB
NFS_Unstable:          0 kB
Bounce:                0 kB
WritebackTmp:          0 kB
CommitLimit:     2915432 kB
Committed_AS:    4848412 kB
VmallocTotal:   34359738367 kB
VmallocUsed:      347648 kB
VmallocChunk:   34358947836 kB
HardwareCorrupted:     0 kB
AnonHugePages:    890880 kB
CmaTotal:              0 kB
CmaFree:               0 kB
HugePages_Total:       0
HugePages_Free:        0
HugePages_Rsvd:        0
HugePages_Surp:        0
Hugepagesize:       2048 kB
DirectMap4k:      127736 kB
DirectMap2M:     3899392 kB


CPU:total 4 (2 cores per cpu, 2 threads per core) family 6 model 58 stepping 9, cmov, cx8, fxsr, mmx, sse, sse2, sse3, ssse3, sse4.1, sse4.2, popcnt, avx, erms, ht, tsc, tscinvbit, tscinv

/proc/cpuinfo:
processor	: 0
vendor_id	: GenuineIntel
cpu family	: 6
model		: 58
model name	: Intel(R) Core(TM) i7-3517U CPU @ 1.90GHz
stepping	: 9
microcode	: 0x12
cpu MHz		: 2799.937
cache size	: 4096 KB
physical id	: 0
siblings	: 4
core id		: 0
cpu cores	: 2
apicid		: 0
initial apicid	: 0
fpu		: yes
fpu_exception	: yes
cpuid level	: 13
wp		: yes
flags		: fpu vme de pse tsc msr pae mce cx8 apic sep mtrr pge mca cmov pat pse36 clflush dts acpi mmx fxsr sse sse2 ss ht tm pbe syscall nx rdtscp lm constant_tsc arch_perfmon pebs bts rep_good nopl xtopology nonstop_tsc aperfmperf eagerfpu pni pclmulqdq dtes64 monitor ds_cpl vmx est tm2 ssse3 cx16 xtpr pdcm pcid sse4_1 sse4_2 x2apic popcnt tsc_deadline_timer xsave avx f16c rdrand lahf_lm ida arat epb pln pts dtherm tpr_shadow vnmi flexpriority ept vpid fsgsbase smep erms xsaveopt
bugs		:
bogomips	: 4788.88
clflush size	: 64
cache_alignment	: 64
address sizes	: 36 bits physical, 48 bits virtual
power management:

processor	: 1
vendor_id	: GenuineIntel
cpu family	: 6
model		: 58
model name	: Intel(R) Core(TM) i7-3517U CPU @ 1.90GHz
stepping	: 9
microcode	: 0x12
cpu MHz		: 2799.937
cache size	: 4096 KB
physical id	: 0
siblings	: 4
core id		: 0
cpu cores	: 2
apicid		: 1
initial apicid	: 1
fpu		: yes
fpu_exception	: yes
cpuid level	: 13
wp		: yes
flags		: fpu vme de pse tsc msr pae mce cx8 apic sep mtrr pge mca cmov pat pse36 clflush dts acpi mmx fxsr sse sse2 ss ht tm pbe syscall nx rdtscp lm constant_tsc arch_perfmon pebs bts rep_good nopl xtopology nonstop_tsc aperfmperf eagerfpu pni pclmulqdq dtes64 monitor ds_cpl vmx est tm2 ssse3 cx16 xtpr pdcm pcid sse4_1 sse4_2 x2apic popcnt tsc_deadline_timer xsave avx f16c rdrand lahf_lm ida arat epb pln pts dtherm tpr_shadow vnmi flexpriority ept vpid fsgsbase smep erms xsaveopt
bugs		:
bogomips	: 4788.88
clflush size	: 64
cache_alignment	: 64
address sizes	: 36 bits physical, 48 bits virtual
power management:

processor	: 2
vendor_id	: GenuineIntel
cpu family	: 6
model		: 58
model name	: Intel(R) Core(TM) i7-3517U CPU @ 1.90GHz
stepping	: 9
microcode	: 0x12
cpu MHz		: 2799.937
cache size	: 4096 KB
physical id	: 0
siblings	: 4
core id		: 1
cpu cores	: 2
apicid		: 2
initial apicid	: 2
fpu		: yes
fpu_exception	: yes
cpuid level	: 13
wp		: yes
flags		: fpu vme de pse tsc msr pae mce cx8 apic sep mtrr pge mca cmov pat pse36 clflush dts acpi mmx fxsr sse sse2 ss ht tm pbe syscall nx rdtscp lm constant_tsc arch_perfmon pebs bts rep_good nopl xtopology nonstop_tsc aperfmperf eagerfpu pni pclmulqdq dtes64 monitor ds_cpl vmx est tm2 ssse3 cx16 xtpr pdcm pcid sse4_1 sse4_2 x2apic popcnt tsc_deadline_timer xsave avx f16c rdrand lahf_lm ida arat epb pln pts dtherm tpr_shadow vnmi flexpriority ept vpid fsgsbase smep erms xsaveopt
bugs		:
bogomips	: 4788.88
clflush size	: 64
cache_alignment	: 64
address sizes	: 36 bits physical, 48 bits virtual
power management:

processor	: 3
vendor_id	: GenuineIntel
cpu family	: 6
model		: 58
model name	: Intel(R) Core(TM) i7-3517U CPU @ 1.90GHz
stepping	: 9
microcode	: 0x12
cpu MHz		: 2799.937
cache size	: 4096 KB
physical id	: 0
siblings	: 4
core id		: 1
cpu cores	: 2
apicid		: 3
initial apicid	: 3
fpu		: yes
fpu_exception	: yes
cpuid level	: 13
wp		: yes
flags		: fpu vme de pse tsc msr pae mce cx8 apic sep mtrr pge mca cmov pat pse36 clflush dts acpi mmx fxsr sse sse2 ss ht tm pbe syscall nx rdtscp lm constant_tsc arch_perfmon pebs bts rep_good nopl xtopology nonstop_tsc aperfmperf eagerfpu pni pclmulqdq dtes64 monitor ds_cpl vmx est tm2 ssse3 cx16 xtpr pdcm pcid sse4_1 sse4_2 x2apic popcnt tsc_deadline_timer xsave avx f16c rdrand lahf_lm ida arat epb pln pts dtherm tpr_shadow vnmi flexpriority ept vpid fsgsbase smep erms xsaveopt
bugs		:
bogomips	: 4788.88
clflush size	: 64
cache_alignment	: 64
address sizes	: 36 bits physical, 48 bits virtual
power management:



Memory: 4k page, physical 3879128k(1769436k free), swap 975868k(889136k free)

vm_info: Java HotSpot(TM) 64-Bit Server VM (24.80-b11) for linux-amd64 JRE (1.7.0_80-b15), built on Apr 10 2015 19:53:14 by "java_re" with gcc 4.3.0 20080428 (Red Hat 4.3.0-8)

time: Mon May  1 15:07:29 2017
elapsed time: 1 seconds

