#
# A fatal error has been detected by the Java Runtime Environment:
#
#  SIGSEGV (0xb) at pc=0x00007f1d5e265646, pid=8047, tid=139764136126208
#
# JRE version: Java(TM) SE Runtime Environment (7.0_80-b15) (build 1.7.0_80-b15)
# Java VM: Java HotSpot(TM) 64-Bit Server VM (24.80-b11 mixed mode linux-amd64 compressed oops)
# Problematic frame:
# C  [libsimgrid.so+0x84646]  MSG_task_destroy+0x16
#
# Failed to write core dump. Core dumps have been disabled. To enable core dumping, try "ulimit -c unlimited" before starting Java again
#
# If you would like to submit a bug report, please visit:
#   http://bugreport.java.com/bugreport/crash.jsp
# The crash happened outside the Java Virtual Machine in native code.
# See problematic frame for where to report the bug.
#

---------------  T H R E A D  ---------------

Current thread (0x00007f1d70070800):  JavaThread "Finalizer" daemon [_thread_in_native, id=8058, stack(0x00007f1d5f9fa000,0x00007f1d5fafb000)]

siginfo:si_signo=SIGSEGV: si_errno=0, si_code=1 (SEGV_MAPERR), si_addr=0x0000000000000058

Registers:
RAX=0x0000000000000000, RBX=0x00007f1d2404d4f0, RCX=0x00007f1d5faf9840, RDX=0x0000000000000042
RSP=0x00007f1d5faf9760, RBP=0x00007f1d5faf9820, RSI=0x00007f1d5faf9840, RDI=0x00007f1d2404d4f0
R8 =0x000000000000191c, R9 =0x00000000ed3dab88, R10=0x0000000000000006, R11=0x00007f1d78beade8
R12=0x0000000000000000, R13=0x00000000bfd6ddb8, R14=0x00007f1d5faf9840, R15=0x00007f1d70070800
RIP=0x00007f1d5e265646, EFLAGS=0x0000000000010206, CSGSFS=0x0000000000000033, ERR=0x0000000000000004
  TRAPNO=0x000000000000000e

Top of Stack: (sp=0x00007f1d5faf9760)
0x00007f1d5faf9760:   0000000000000000 00000000bfd818a0
0x00007f1d5faf9770:   01007f1d5faf9790 00007f1d7855ba4c
0x00007f1d5faf9780:   0000000000000001 00007f1d70071078
0x00007f1d5faf9790:   00007f1d5faf9800 00007f1d7855beb5
0x00007f1d5faf97a0:   00007f1d5faf97c0 00007f1d5da3ade7
0x00007f1d5faf97b0:   0000000000000000 00000000bfd6ddb8
0x00007f1d5faf97c0:   00007f1d5faf9820 00007f1d6d012d98
0x00007f1d5faf97d0:   00007f1d5faf9848 00000000bfd81818
0x00007f1d5faf97e0:   00007f1d5faf97e0 0000000000000000
0x00007f1d5faf97f0:   00007f1d5faf9840 00000000bfd6f790
0x00007f1d5faf9800:   0000000000000000 00000000bfd6ddb8
0x00007f1d5faf9810:   0000000000000000 00007f1d5faf9840
0x00007f1d5faf9820:   00007f1d5faf9888 00007f1d6d006058
0x00007f1d5faf9830:   0000000000000000 00007f1d6d00ecd8
0x00007f1d5faf9840:   00000000ed3dab88 00007f1d5faf9848
0x00007f1d5faf9850:   00000000bfd6dcd1 00007f1d5faf98a0
0x00007f1d5faf9860:   00000000bfd6f790 00000000bfd818d0
0x00007f1d5faf9870:   00000000bfd6dcf8 00007f1d5faf9840
0x00007f1d5faf9880:   00007f1d5faf98a0 00007f1d5faf98e8
0x00007f1d5faf9890:   00007f1d6d006058 0000000000000000
0x00007f1d5faf98a0:   00000000ed3dab88 00007f1d5faf98a8
0x00007f1d5faf98b0:   00000000bfbb67b9 00007f1d5faf9900
0x00007f1d5faf98c0:   00000000bfbb6b28 00000000bfd81748
0x00007f1d5faf98d0:   00000000bfbb67c8 00007f1d5faf98a0
0x00007f1d5faf98e0:   00007f1d5faf98f8 00007f1d5faf9958
0x00007f1d5faf98f0:   00007f1d6d006706 00000000ed3dab88
0x00007f1d5faf9900:   00000000ed3917f0 0000000000000009
0x00007f1d5faf9910:   0000000000000000 00007f1d5faf9908
0x00007f1d5faf9920:   00000000bfa30ca6 00007f1d5faf9980
0x00007f1d5faf9930:   00000000bfaab5a8 00000000bfd81408
0x00007f1d5faf9940:   00000000bfa30ce8 00007f1d5faf98f8
0x00007f1d5faf9950:   00007f1d5faf9978 00007f1d5faf99c8 

Instructions: (pc=0x00007f1d5e265646)
0x00007f1d5e265626:   ff 66 0f 1f 84 00 00 00 00 00 55 53 48 83 ec 58
0x00007f1d5e265636:   48 85 ff 0f 84 01 01 00 00 48 8b 47 08 48 89 fb
0x00007f1d5e265646:   48 83 78 58 00 74 05 e8 4e 04 fe ff 48 8b 2d 5f
0x00007f1d5e265656:   43 44 00 8b 55 28 85 d2 0f 84 bc 00 00 00 83 7d 

Register to memory mapping:

RAX=0x0000000000000000 is an unknown value
RBX=0x00007f1d2404d4f0 is an unknown value
RCX=0x00007f1d5faf9840 is pointing into the stack for thread: 0x00007f1d70070800
RDX=0x0000000000000042 is an unknown value
RSP=0x00007f1d5faf9760 is pointing into the stack for thread: 0x00007f1d70070800
RBP=0x00007f1d5faf9820 is pointing into the stack for thread: 0x00007f1d70070800
RSI=0x00007f1d5faf9840 is pointing into the stack for thread: 0x00007f1d70070800
RDI=0x00007f1d2404d4f0 is an unknown value
R8 =0x000000000000191c is an unknown value
R9 =0x00000000ed3dab88 is an oop
vcube.VCubeTask 
 - klass: 'vcube/VCubeTask'
R10=0x0000000000000006 is an unknown value
R11=0x00007f1d78beade8: <offset 0xe4fde8> in /home/elixandre/jdk1.7.0_80/jre/lib/amd64/server/libjvm.so at 0x00007f1d77d9b000
R12=0x0000000000000000 is an unknown value
R13=0x00000000bfd6ddb8 is an oop
{method} 
 - klass: {other class}
R14=0x00007f1d5faf9840 is pointing into the stack for thread: 0x00007f1d70070800
R15=0x00007f1d70070800 is a thread


Stack: [0x00007f1d5f9fa000,0x00007f1d5fafb000],  sp=0x00007f1d5faf9760,  free space=1021k
Native frames: (J=compiled Java code, j=interpreted, Vv=VM code, C=native code)
C  [libsimgrid.so+0x84646]  MSG_task_destroy+0x16
j  org.simgrid.msg.Task.finalize()V+1
j  java.lang.System$2.invokeFinalize(Ljava/lang/Object;)V+1
j  java.lang.ref.Finalizer.runFinalizer(Lsun/misc/JavaLangAccess;)V+46
j  java.lang.ref.Finalizer.access$100(Ljava/lang/ref/Finalizer;Lsun/misc/JavaLangAccess;)V+2
j  java.lang.ref.Finalizer$FinalizerThread.run()V+45
v  ~StubRoutines::call_stub
V  [libjvm.so+0x6020a5]  JavaCalls::call_helper(JavaValue*, methodHandle*, JavaCallArguments*, Thread*)+0x365
V  [libjvm.so+0x600b08]  JavaCalls::call(JavaValue*, methodHandle, JavaCallArguments*, Thread*)+0x28
V  [libjvm.so+0x600dd7]  JavaCalls::call_virtual(JavaValue*, KlassHandle, Symbol*, Symbol*, JavaCallArguments*, Thread*)+0x197
V  [libjvm.so+0x600ef7]  JavaCalls::call_virtual(JavaValue*, Handle, KlassHandle, Symbol*, Symbol*, Thread*)+0x47
V  [libjvm.so+0x67f8d5]  thread_entry(JavaThread*, Thread*)+0xe5
V  [libjvm.so+0x95bfff]  JavaThread::thread_main_inner()+0xdf
V  [libjvm.so+0x95c105]  JavaThread::run()+0xf5
V  [libjvm.so+0x8238c8]  java_start(Thread*)+0x108

Java frames: (J=compiled Java code, j=interpreted, Vv=VM code)
j  org.simgrid.msg.Task.nativeFinalize()V+0
j  org.simgrid.msg.Task.finalize()V+1
j  java.lang.System$2.invokeFinalize(Ljava/lang/Object;)V+1
j  java.lang.ref.Finalizer.runFinalizer(Lsun/misc/JavaLangAccess;)V+46
j  java.lang.ref.Finalizer.access$100(Ljava/lang/ref/Finalizer;Lsun/misc/JavaLangAccess;)V+2
j  java.lang.ref.Finalizer$FinalizerThread.run()V+45
v  ~StubRoutines::call_stub

---------------  P R O C E S S  ---------------

Java Threads: ( => current thread )
  0x00007f1d10001000 JavaThread "Thread-8" [_thread_in_native, id=8071, stack(0x00007f1d317fb000,0x00007f1d31ffc000)]
  0x00007f1d0c001000 JavaThread "Thread-6" [_thread_in_native, id=8069, stack(0x00007f1d327fd000,0x00007f1d32ffe000)]
  0x00007f1d14001000 JavaThread "Thread-7" [_thread_in_native, id=8070, stack(0x00007f1d31ffc000,0x00007f1d327fd000)]
  0x00007f1d24001000 JavaThread "Thread-3" [_thread_in_native, id=8067, stack(0x00007f1d337ff000,0x00007f1d34000000)]
  0x00007f1d20001000 JavaThread "Thread-4" [_thread_in_native, id=8068, stack(0x00007f1d32ffe000,0x00007f1d337ff000)]
  0x00007f1d1c001000 JavaThread "Thread-5" [_thread_in_native, id=8066, stack(0x00007f1d5c22c000,0x00007f1d5ca2d000)]
  0x00007f1d2c001000 JavaThread "Thread-2" [_thread_in_native, id=8065, stack(0x00007f1d5ca2d000,0x00007f1d5d22e000)]
  0x00007f1d38001000 JavaThread "Thread-1" [_thread_in_native, id=8064, stack(0x00007f1d5d22e000,0x00007f1d5da2f000)]
  0x00007f1d70099000 JavaThread "Service Thread" daemon [_thread_blocked, id=8062, stack(0x00007f1d5ef13000,0x00007f1d5f014000)]
  0x00007f1d70096800 JavaThread "C2 CompilerThread1" daemon [_thread_blocked, id=8061, stack(0x00007f1d5f014000,0x00007f1d5f115000)]
  0x00007f1d70093800 JavaThread "C2 CompilerThread0" daemon [_thread_blocked, id=8060, stack(0x00007f1d5f115000,0x00007f1d5f216000)]
  0x00007f1d70091800 JavaThread "Signal Dispatcher" daemon [_thread_blocked, id=8059, stack(0x00007f1d5f216000,0x00007f1d5f317000)]
=>0x00007f1d70070800 JavaThread "Finalizer" daemon [_thread_in_native, id=8058, stack(0x00007f1d5f9fa000,0x00007f1d5fafb000)]
  0x00007f1d7006e000 JavaThread "Reference Handler" daemon [_thread_blocked, id=8057, stack(0x00007f1d5fafb000,0x00007f1d5fbfc000)]
  0x00007f1d70009800 JavaThread "main" [_thread_in_native, id=8049, stack(0x00007f1d79719000,0x00007f1d7981a000)]

Other Threads:
  0x00007f1d7006a000 VMThread [stack: 0x00007f1d5fbfc000,0x00007f1d5fcfd000] [id=8056]
  0x00007f1d700ac000 WatcherThread [stack: 0x00007f1d5ee12000,0x00007f1d5ef13000] [id=8063]

VM state:not at safepoint (normal execution)

VM Mutex/Monitor currently owned by a thread: None

Heap
 PSYoungGen      total 17920K, used 4930K [0x00000000ec400000, 0x00000000ed800000, 0x0000000100000000)
  eden space 15360K, 16% used [0x00000000ec400000,0x00000000ec680bc0,0x00000000ed300000)
  from space 2560K, 92% used [0x00000000ed300000,0x00000000ed550000,0x00000000ed580000)
  to   space 2560K, 0% used [0x00000000ed580000,0x00000000ed580000,0x00000000ed800000)
 ParOldGen       total 40448K, used 0K [0x00000000c4c00000, 0x00000000c7380000, 0x00000000ec400000)
  object space 40448K, 0% used [0x00000000c4c00000,0x00000000c4c00000,0x00000000c7380000)
 PSPermGen       total 21504K, used 3590K [0x00000000bfa00000, 0x00000000c0f00000, 0x00000000c4c00000)
  object space 21504K, 16% used [0x00000000bfa00000,0x00000000bfd81938,0x00000000c0f00000)

Card table byte_map: [0x00007f1d767fb000,0x00007f1d769ff000] byte_map_base: 0x00007f1d761fe000

Polling page: 0x00007f1d79836000

Code Cache  [0x00007f1d6d000000, 0x00007f1d6d270000, 0x00007f1d70000000)
 total_blobs=267 nmethods=61 adapters=160 free_code_cache=48678Kb largest_free_block=49825728

Compilation events (10 events):
Event: 2.981 Thread 0x00007f1d70096800   54             org.simgrid.msg.Task::<init> (24 bytes)
Event: 2.982 Thread 0x00007f1d70096800 nmethod 54 0x00007f1d6d076f90 code [0x00007f1d6d0770e0, 0x00007f1d6d0771a8]
Event: 2.982 Thread 0x00007f1d70096800   56             vcube.VCubeTask::setEmissor (6 bytes)
Event: 2.982 Thread 0x00007f1d70096800 nmethod 56 0x00007f1d6d06fb50 code [0x00007f1d6d06fc80, 0x00007f1d6d06fcf8]
Event: 2.983 Thread 0x00007f1d70093800 nmethod 53 0x00007f1d6d076a50 code [0x00007f1d6d076ba0, 0x00007f1d6d076d88]
Event: 3.025 Thread 0x00007f1d70096800   58             sun.misc.VM::addFinalRefCount (24 bytes)
Event: 3.026 Thread 0x00007f1d70096800 nmethod 58 0x00007f1d6d071d50 code [0x00007f1d6d071e80, 0x00007f1d6d071ef8]
Event: 3.034 Thread 0x00007f1d70093800   59             java.lang.ref.Reference::access$100 (4 bytes)
Event: 3.035 Thread 0x00007f1d70096800   61   !         java.lang.ref.ReferenceQueue::enqueue (104 bytes)
Event: 3.035 Thread 0x00007f1d70093800 nmethod 59 0x00007f1d6d0736d0 code [0x00007f1d6d073800, 0x00007f1d6d073858]

GC Heap History (2 events):
Event: 2.984 GC heap before
{Heap before GC invocations=1 (full 0):
 PSYoungGen      total 17920K, used 15360K [0x00000000ec400000, 0x00000000ed800000, 0x0000000100000000)
  eden space 15360K, 100% used [0x00000000ec400000,0x00000000ed300000,0x00000000ed300000)
  from space 2560K, 0% used [0x00000000ed580000,0x00000000ed580000,0x00000000ed800000)
  to   space 2560K, 0% used [0x00000000ed300000,0x00000000ed300000,0x00000000ed580000)
 ParOldGen       total 40448K, used 0K [0x00000000c4c00000, 0x00000000c7380000, 0x00000000ec400000)
  object space 40448K, 0% used [0x00000000c4c00000,0x00000000c4c00000,0x00000000c7380000)
 PSPermGen       total 21504K, used 3585K [0x00000000bfa00000, 0x00000000c0f00000, 0x00000000c4c00000)
  object space 21504K, 16% used [0x00000000bfa00000,0x00000000bfd80470,0x00000000c0f00000)
Event: 3.005 GC heap after
Heap after GC invocations=1 (full 0):
 PSYoungGen      total 17920K, used 2368K [0x00000000ec400000, 0x00000000ed800000, 0x0000000100000000)
  eden space 15360K, 0% used [0x00000000ec400000,0x00000000ec400000,0x00000000ed300000)
  from space 2560K, 92% used [0x00000000ed300000,0x00000000ed550000,0x00000000ed580000)
  to   space 2560K, 0% used [0x00000000ed580000,0x00000000ed580000,0x00000000ed800000)
 ParOldGen       total 40448K, used 0K [0x00000000c4c00000, 0x00000000c7380000, 0x00000000ec400000)
  object space 40448K, 0% used [0x00000000c4c00000,0x00000000c4c00000,0x00000000c7380000)
 PSPermGen       total 21504K, used 3585K [0x00000000bfa00000, 0x00000000c0f00000, 0x00000000c4c00000)
  object space 21504K, 16% used [0x00000000bfa00000,0x00000000bfd80470,0x00000000c0f00000)
}

Deoptimization events (0 events):
No events

Internal exceptions (10 events):
Event: 3.015 Thread 0x00007f1d20001000 Threw 0x00000000ec408ec0 at /HUDSON/workspace/7u-2-build-linux-amd64/jdk7u80/2329/hotspot/src/share/vm/prims/jni.cpp:743
Event: 3.016 Thread 0x00007f1d10001000 Threw 0x00000000ec4b2d50 at /HUDSON/workspace/7u-2-build-linux-amd64/jdk7u80/2329/hotspot/src/share/vm/prims/jni.cpp:743
Event: 3.016 Thread 0x00007f1d2c001000 Threw 0x00000000ec506928 at /HUDSON/workspace/7u-2-build-linux-amd64/jdk7u80/2329/hotspot/src/share/vm/prims/jni.cpp:743
Event: 3.016 Thread 0x00007f1d1c001000 Threw 0x00000000ec5331f8 at /HUDSON/workspace/7u-2-build-linux-amd64/jdk7u80/2329/hotspot/src/share/vm/prims/jni.cpp:743
Event: 3.027 Thread 0x00007f1d20001000 Threw 0x00000000ec40a8d8 at /HUDSON/workspace/7u-2-build-linux-amd64/jdk7u80/2329/hotspot/src/share/vm/prims/jni.cpp:743
Event: 3.027 Thread 0x00007f1d10001000 Threw 0x00000000ec4b4768 at /HUDSON/workspace/7u-2-build-linux-amd64/jdk7u80/2329/hotspot/src/share/vm/prims/jni.cpp:743
Event: 3.028 Thread 0x00007f1d2c001000 Threw 0x00000000ec508340 at /HUDSON/workspace/7u-2-build-linux-amd64/jdk7u80/2329/hotspot/src/share/vm/prims/jni.cpp:743
Event: 3.028 Thread 0x00007f1d1c001000 Threw 0x00000000ec534c10 at /HUDSON/workspace/7u-2-build-linux-amd64/jdk7u80/2329/hotspot/src/share/vm/prims/jni.cpp:743
Event: 3.033 Thread 0x00007f1d20001000 Threw 0x00000000ec40c2f0 at /HUDSON/workspace/7u-2-build-linux-amd64/jdk7u80/2329/hotspot/src/share/vm/prims/jni.cpp:743
Event: 3.034 Thread 0x00007f1d10001000 Threw 0x00000000ec4b6180 at /HUDSON/workspace/7u-2-build-linux-amd64/jdk7u80/2329/hotspot/src/share/vm/prims/jni.cpp:743

Events (10 events):
Event: 0.292 loading class 0x00007f1d38003c90
Event: 0.292 loading class 0x00007f1d38003c90 done
Event: 0.823 loading class 0x00007f1d6cfd45c0
Event: 0.824 loading class 0x00007f1d6cfd45c0 done
Event: 0.824 loading class 0x00007f1d700fc970
Event: 0.824 loading class 0x00007f1d6cfccc90
Event: 0.824 loading class 0x00007f1d6cfccc90 done
Event: 0.824 loading class 0x00007f1d700fc970 done
Event: 2.984 Executing VM operation: ParallelGCFailedAllocation
Event: 3.005 Executing VM operation: ParallelGCFailedAllocation done


Dynamic libraries:
00400000-00401000 r-xp 00000000 08:07 663942                             /home/elixandre/jdk1.7.0_80/bin/java
00600000-00601000 rw-p 00000000 08:07 663942                             /home/elixandre/jdk1.7.0_80/bin/java
01a67000-01a88000 rw-p 00000000 00:00 0                                  [heap]
bfa00000-c0f00000 rw-p 00000000 00:00 0 
c0f00000-c4c00000 rw-p 00000000 00:00 0 
c4c00000-c7380000 rw-p 00000000 00:00 0 
c7380000-ec400000 rw-p 00000000 00:00 0 
ec400000-ed800000 rw-p 00000000 00:00 0 
ed800000-100000000 rw-p 00000000 00:00 0 
7f1d0c000000-7f1d0c15e000 rw-p 00000000 00:00 0 
7f1d0c15e000-7f1d10000000 ---p 00000000 00:00 0 
7f1d10000000-7f1d10183000 rw-p 00000000 00:00 0 
7f1d10183000-7f1d14000000 ---p 00000000 00:00 0 
7f1d14000000-7f1d141a0000 rw-p 00000000 00:00 0 
7f1d141a0000-7f1d18000000 ---p 00000000 00:00 0 
7f1d1c000000-7f1d1c1c1000 rw-p 00000000 00:00 0 
7f1d1c1c1000-7f1d20000000 ---p 00000000 00:00 0 
7f1d20000000-7f1d201ca000 rw-p 00000000 00:00 0 
7f1d201ca000-7f1d24000000 ---p 00000000 00:00 0 
7f1d24000000-7f1d24196000 rw-p 00000000 00:00 0 
7f1d24196000-7f1d28000000 ---p 00000000 00:00 0 
7f1d2c000000-7f1d2c160000 rw-p 00000000 00:00 0 
7f1d2c160000-7f1d30000000 ---p 00000000 00:00 0 
7f1d317fb000-7f1d317fe000 ---p 00000000 00:00 0 
7f1d317fe000-7f1d31ffc000 rw-p 00000000 00:00 0 
7f1d31ffc000-7f1d31fff000 ---p 00000000 00:00 0 
7f1d31fff000-7f1d327fd000 rw-p 00000000 00:00 0 
7f1d327fd000-7f1d32800000 ---p 00000000 00:00 0 
7f1d32800000-7f1d32ffe000 rw-p 00000000 00:00 0 
7f1d32ffe000-7f1d33001000 ---p 00000000 00:00 0 
7f1d33001000-7f1d337ff000 rw-p 00000000 00:00 0 
7f1d337ff000-7f1d33802000 ---p 00000000 00:00 0 
7f1d33802000-7f1d34000000 rw-p 00000000 00:00 0 
7f1d34000000-7f1d34021000 rw-p 00000000 00:00 0 
7f1d34021000-7f1d38000000 ---p 00000000 00:00 0 
7f1d38000000-7f1d381d4000 rw-p 00000000 00:00 0 
7f1d381d4000-7f1d3c000000 ---p 00000000 00:00 0 
7f1d3c000000-7f1d3c298000 rw-p 00000000 00:00 0 
7f1d3c298000-7f1d40000000 ---p 00000000 00:00 0 
7f1d40000000-7f1d40021000 rw-p 00000000 00:00 0 
7f1d40021000-7f1d44000000 ---p 00000000 00:00 0 
7f1d44000000-7f1d44021000 rw-p 00000000 00:00 0 
7f1d44021000-7f1d48000000 ---p 00000000 00:00 0 
7f1d48000000-7f1d480bd000 rw-p 00000000 00:00 0 
7f1d480bd000-7f1d4c000000 ---p 00000000 00:00 0 
7f1d4c000000-7f1d4c021000 rw-p 00000000 00:00 0 
7f1d4c021000-7f1d50000000 ---p 00000000 00:00 0 
7f1d50000000-7f1d500e1000 rw-p 00000000 00:00 0 
7f1d500e1000-7f1d54000000 ---p 00000000 00:00 0 
7f1d54000000-7f1d54021000 rw-p 00000000 00:00 0 
7f1d54021000-7f1d58000000 ---p 00000000 00:00 0 
7f1d58000000-7f1d58021000 rw-p 00000000 00:00 0 
7f1d58021000-7f1d5c000000 ---p 00000000 00:00 0 
7f1d5c0bf000-7f1d5c22c000 rw-p 00000000 00:00 0 
7f1d5c22c000-7f1d5c22f000 ---p 00000000 00:00 0 
7f1d5c22f000-7f1d5ca2d000 rw-p 00000000 00:00 0 
7f1d5ca2d000-7f1d5ca30000 ---p 00000000 00:00 0 
7f1d5ca30000-7f1d5d22e000 rw-p 00000000 00:00 0 
7f1d5d22e000-7f1d5d231000 ---p 00000000 00:00 0 
7f1d5d231000-7f1d5da2f000 rw-p 00000000 00:00 0 
7f1d5da2f000-7f1d5da47000 r-xp 00000000 08:07 544896                     /tmp/simgrid-java2780820262152764417/libsimgrid-java.so
7f1d5da47000-7f1d5dc47000 ---p 00018000 08:07 544896                     /tmp/simgrid-java2780820262152764417/libsimgrid-java.so
7f1d5dc47000-7f1d5dc48000 rw-p 00018000 08:07 544896                     /tmp/simgrid-java2780820262152764417/libsimgrid-java.so
7f1d5dc48000-7f1d5dc5e000 r-xp 00000000 08:07 528568                     /lib/x86_64-linux-gnu/libgcc_s.so.1
7f1d5dc5e000-7f1d5de5d000 ---p 00016000 08:07 528568                     /lib/x86_64-linux-gnu/libgcc_s.so.1
7f1d5de5d000-7f1d5de5e000 r--p 00015000 08:07 528568                     /lib/x86_64-linux-gnu/libgcc_s.so.1
7f1d5de5e000-7f1d5de5f000 rw-p 00016000 08:07 528568                     /lib/x86_64-linux-gnu/libgcc_s.so.1
7f1d5de5f000-7f1d5dfd2000 r-xp 00000000 08:07 1059329                    /usr/lib/x86_64-linux-gnu/libstdc++.so.6.0.21
7f1d5dfd2000-7f1d5e1d1000 ---p 00173000 08:07 1059329                    /usr/lib/x86_64-linux-gnu/libstdc++.so.6.0.21
7f1d5e1d1000-7f1d5e1db000 r--p 00172000 08:07 1059329                    /usr/lib/x86_64-linux-gnu/libstdc++.so.6.0.21
7f1d5e1db000-7f1d5e1dd000 rw-p 0017c000 08:07 1059329                    /usr/lib/x86_64-linux-gnu/libstdc++.so.6.0.21
7f1d5e1dd000-7f1d5e1e1000 rw-p 00000000 00:00 0 
7f1d5e1e1000-7f1d5e4a6000 r-xp 00000000 08:07 544895                     /tmp/simgrid-java2780820262152764417/libsimgrid.so
7f1d5e4a6000-7f1d5e6a6000 ---p 002c5000 08:07 544895                     /tmp/simgrid-java2780820262152764417/libsimgrid.so
7f1d5e6a6000-7f1d5e6e1000 rw-p 002c5000 08:07 544895                     /tmp/simgrid-java2780820262152764417/libsimgrid.so
7f1d5e6e1000-7f1d5e9ea000 rw-p 00000000 00:00 0 
7f1d5e9ea000-7f1d5ea01000 r-xp 00000000 08:07 663689                     /home/elixandre/jdk1.7.0_80/jre/lib/amd64/libnet.so
7f1d5ea01000-7f1d5ec00000 ---p 00017000 08:07 663689                     /home/elixandre/jdk1.7.0_80/jre/lib/amd64/libnet.so
7f1d5ec00000-7f1d5ec01000 rw-p 00016000 08:07 663689                     /home/elixandre/jdk1.7.0_80/jre/lib/amd64/libnet.so
7f1d5ec01000-7f1d5ec11000 r-xp 00000000 08:07 663688                     /home/elixandre/jdk1.7.0_80/jre/lib/amd64/libnio.so
7f1d5ec11000-7f1d5ee11000 ---p 00010000 08:07 663688                     /home/elixandre/jdk1.7.0_80/jre/lib/amd64/libnio.so
7f1d5ee11000-7f1d5ee12000 rw-p 00010000 08:07 663688                     /home/elixandre/jdk1.7.0_80/jre/lib/amd64/libnio.so
7f1d5ee12000-7f1d5ee13000 ---p 00000000 00:00 0 
7f1d5ee13000-7f1d5ef13000 rw-p 00000000 00:00 0 
7f1d5ef13000-7f1d5ef16000 ---p 00000000 00:00 0 
7f1d5ef16000-7f1d5f014000 rw-p 00000000 00:00 0 
7f1d5f014000-7f1d5f017000 ---p 00000000 00:00 0 
7f1d5f017000-7f1d5f115000 rw-p 00000000 00:00 0 
7f1d5f115000-7f1d5f118000 ---p 00000000 00:00 0 
7f1d5f118000-7f1d5f216000 rw-p 00000000 00:00 0 
7f1d5f216000-7f1d5f219000 ---p 00000000 00:00 0 
7f1d5f219000-7f1d5f317000 rw-p 00000000 00:00 0 
7f1d5f317000-7f1d5f9fa000 r--p 00000000 08:07 1055607                    /usr/lib/locale/locale-archive
7f1d5f9fa000-7f1d5f9fd000 ---p 00000000 00:00 0 
7f1d5f9fd000-7f1d5fafb000 rw-p 00000000 00:00 0 
7f1d5fafb000-7f1d5fafe000 ---p 00000000 00:00 0 
7f1d5fafe000-7f1d5fbfc000 rw-p 00000000 00:00 0 
7f1d5fbfc000-7f1d5fbfd000 ---p 00000000 00:00 0 
7f1d5fbfd000-7f1d60000000 rw-p 00000000 00:00 0 
7f1d60000000-7f1d60021000 rw-p 00000000 00:00 0 
7f1d60021000-7f1d64000000 ---p 00000000 00:00 0 
7f1d64000000-7f1d64021000 rw-p 00000000 00:00 0 
7f1d64021000-7f1d68000000 ---p 00000000 00:00 0 
7f1d68000000-7f1d68021000 rw-p 00000000 00:00 0 
7f1d68021000-7f1d6c000000 ---p 00000000 00:00 0 
7f1d6c094000-7f1d6cd6f000 rw-p 00000000 00:00 0 
7f1d6cd6f000-7f1d6cf2f000 r--s 039fb000 08:07 663892                     /home/elixandre/jdk1.7.0_80/jre/lib/rt.jar
7f1d6cf2f000-7f1d6d000000 rw-p 00000000 00:00 0 
7f1d6d000000-7f1d6d270000 rwxp 00000000 00:00 0 
7f1d6d270000-7f1d70413000 rw-p 00000000 00:00 0 
7f1d70413000-7f1d74000000 ---p 00000000 00:00 0 
7f1d74016000-7f1d76292000 rw-p 00000000 00:00 0 
7f1d76292000-7f1d76293000 ---p 00000000 00:00 0 
7f1d76293000-7f1d76393000 rw-p 00000000 00:00 0 
7f1d76393000-7f1d76394000 ---p 00000000 00:00 0 
7f1d76394000-7f1d76494000 rw-p 00000000 00:00 0 
7f1d76494000-7f1d76495000 ---p 00000000 00:00 0 
7f1d76495000-7f1d76595000 rw-p 00000000 00:00 0 
7f1d76595000-7f1d76596000 ---p 00000000 00:00 0 
7f1d76596000-7f1d766a1000 rw-p 00000000 00:00 0 
7f1d766a1000-7f1d766bf000 rw-p 00000000 00:00 0 
7f1d766bf000-7f1d766d3000 rw-p 00000000 00:00 0 
7f1d766d3000-7f1d767fb000 rw-p 00000000 00:00 0 
7f1d767fb000-7f1d76806000 rw-p 00000000 00:00 0 
7f1d76806000-7f1d76824000 rw-p 00000000 00:00 0 
7f1d76824000-7f1d76838000 rw-p 00000000 00:00 0 
7f1d76838000-7f1d76960000 rw-p 00000000 00:00 0 
7f1d76960000-7f1d7696a000 rw-p 00000000 00:00 0 
7f1d7696a000-7f1d769fe000 rw-p 00000000 00:00 0 
7f1d769fe000-7f1d769ff000 rw-p 00000000 00:00 0 
7f1d769ff000-7f1d76a16000 r-xp 00000000 08:07 663687                     /home/elixandre/jdk1.7.0_80/jre/lib/amd64/libzip.so
7f1d76a16000-7f1d76c16000 ---p 00017000 08:07 663687                     /home/elixandre/jdk1.7.0_80/jre/lib/amd64/libzip.so
7f1d76c16000-7f1d76c17000 rw-p 00017000 08:07 663687                     /home/elixandre/jdk1.7.0_80/jre/lib/amd64/libzip.so
7f1d76c17000-7f1d76c21000 r-xp 00000000 08:07 529521                     /lib/x86_64-linux-gnu/libnss_files-2.21.so
7f1d76c21000-7f1d76e21000 ---p 0000a000 08:07 529521                     /lib/x86_64-linux-gnu/libnss_files-2.21.so
7f1d76e21000-7f1d76e22000 r--p 0000a000 08:07 529521                     /lib/x86_64-linux-gnu/libnss_files-2.21.so
7f1d76e22000-7f1d76e23000 rw-p 0000b000 08:07 529521                     /lib/x86_64-linux-gnu/libnss_files-2.21.so
7f1d76e23000-7f1d76e2e000 r-xp 00000000 08:07 529535                     /lib/x86_64-linux-gnu/libnss_nis-2.21.so
7f1d76e2e000-7f1d7702d000 ---p 0000b000 08:07 529535                     /lib/x86_64-linux-gnu/libnss_nis-2.21.so
7f1d7702d000-7f1d7702e000 r--p 0000a000 08:07 529535                     /lib/x86_64-linux-gnu/libnss_nis-2.21.so
7f1d7702e000-7f1d7702f000 rw-p 0000b000 08:07 529535                     /lib/x86_64-linux-gnu/libnss_nis-2.21.so
7f1d7702f000-7f1d77046000 r-xp 00000000 08:07 529538                     /lib/x86_64-linux-gnu/libnsl-2.21.so
7f1d77046000-7f1d77245000 ---p 00017000 08:07 529538                     /lib/x86_64-linux-gnu/libnsl-2.21.so
7f1d77245000-7f1d77246000 r--p 00016000 08:07 529538                     /lib/x86_64-linux-gnu/libnsl-2.21.so
7f1d77246000-7f1d77247000 rw-p 00017000 08:07 529538                     /lib/x86_64-linux-gnu/libnsl-2.21.so
7f1d77247000-7f1d77249000 rw-p 00000000 00:00 0 
7f1d77249000-7f1d77251000 r-xp 00000000 08:07 529523                     /lib/x86_64-linux-gnu/libnss_compat-2.21.so
7f1d77251000-7f1d77450000 ---p 00008000 08:07 529523                     /lib/x86_64-linux-gnu/libnss_compat-2.21.so
7f1d77450000-7f1d77451000 r--p 00007000 08:07 529523                     /lib/x86_64-linux-gnu/libnss_compat-2.21.so
7f1d77451000-7f1d77452000 rw-p 00008000 08:07 529523                     /lib/x86_64-linux-gnu/libnss_compat-2.21.so
7f1d77452000-7f1d7747b000 r-xp 00000000 08:07 663623                     /home/elixandre/jdk1.7.0_80/jre/lib/amd64/libjava.so
7f1d7747b000-7f1d7767b000 ---p 00029000 08:07 663623                     /home/elixandre/jdk1.7.0_80/jre/lib/amd64/libjava.so
7f1d7767b000-7f1d7767d000 rw-p 00029000 08:07 663623                     /home/elixandre/jdk1.7.0_80/jre/lib/amd64/libjava.so
7f1d7767d000-7f1d7768a000 r-xp 00000000 08:07 663501                     /home/elixandre/jdk1.7.0_80/jre/lib/amd64/libverify.so
7f1d7768a000-7f1d77889000 ---p 0000d000 08:07 663501                     /home/elixandre/jdk1.7.0_80/jre/lib/amd64/libverify.so
7f1d77889000-7f1d7788b000 rw-p 0000c000 08:07 663501                     /home/elixandre/jdk1.7.0_80/jre/lib/amd64/libverify.so
7f1d7788b000-7f1d77892000 r-xp 00000000 08:07 529522                     /lib/x86_64-linux-gnu/librt-2.21.so
7f1d77892000-7f1d77a91000 ---p 00007000 08:07 529522                     /lib/x86_64-linux-gnu/librt-2.21.so
7f1d77a91000-7f1d77a92000 r--p 00006000 08:07 529522                     /lib/x86_64-linux-gnu/librt-2.21.so
7f1d77a92000-7f1d77a93000 rw-p 00007000 08:07 529522                     /lib/x86_64-linux-gnu/librt-2.21.so
7f1d77a93000-7f1d77b9a000 r-xp 00000000 08:07 529524                     /lib/x86_64-linux-gnu/libm-2.21.so
7f1d77b9a000-7f1d77d99000 ---p 00107000 08:07 529524                     /lib/x86_64-linux-gnu/libm-2.21.so
7f1d77d99000-7f1d77d9a000 r--p 00106000 08:07 529524                     /lib/x86_64-linux-gnu/libm-2.21.so
7f1d77d9a000-7f1d77d9b000 rw-p 00107000 08:07 529524                     /lib/x86_64-linux-gnu/libm-2.21.so
7f1d77d9b000-7f1d78911000 r-xp 00000000 08:07 663273                     /home/elixandre/jdk1.7.0_80/jre/lib/amd64/server/libjvm.so
7f1d78911000-7f1d78b10000 ---p 00b76000 08:07 663273                     /home/elixandre/jdk1.7.0_80/jre/lib/amd64/server/libjvm.so
7f1d78b10000-7f1d78bd4000 rw-p 00b75000 08:07 663273                     /home/elixandre/jdk1.7.0_80/jre/lib/amd64/server/libjvm.so
7f1d78bd4000-7f1d78c15000 rw-p 00000000 00:00 0 
7f1d78c15000-7f1d78dd5000 r-xp 00000000 08:07 529541                     /lib/x86_64-linux-gnu/libc-2.21.so
7f1d78dd5000-7f1d78fd5000 ---p 001c0000 08:07 529541                     /lib/x86_64-linux-gnu/libc-2.21.so
7f1d78fd5000-7f1d78fd9000 r--p 001c0000 08:07 529541                     /lib/x86_64-linux-gnu/libc-2.21.so
7f1d78fd9000-7f1d78fdb000 rw-p 001c4000 08:07 529541                     /lib/x86_64-linux-gnu/libc-2.21.so
7f1d78fdb000-7f1d78fdf000 rw-p 00000000 00:00 0 
7f1d78fdf000-7f1d78fe2000 r-xp 00000000 08:07 529528                     /lib/x86_64-linux-gnu/libdl-2.21.so
7f1d78fe2000-7f1d791e1000 ---p 00003000 08:07 529528                     /lib/x86_64-linux-gnu/libdl-2.21.so
7f1d791e1000-7f1d791e2000 r--p 00002000 08:07 529528                     /lib/x86_64-linux-gnu/libdl-2.21.so
7f1d791e2000-7f1d791e3000 rw-p 00003000 08:07 529528                     /lib/x86_64-linux-gnu/libdl-2.21.so
7f1d791e3000-7f1d791f8000 r-xp 00000000 08:07 663695                     /home/elixandre/jdk1.7.0_80/lib/amd64/jli/libjli.so
7f1d791f8000-7f1d793f7000 ---p 00015000 08:07 663695                     /home/elixandre/jdk1.7.0_80/lib/amd64/jli/libjli.so
7f1d793f7000-7f1d793f8000 rw-p 00014000 08:07 663695                     /home/elixandre/jdk1.7.0_80/lib/amd64/jli/libjli.so
7f1d793f8000-7f1d79410000 r-xp 00000000 08:07 529525                     /lib/x86_64-linux-gnu/libpthread-2.21.so
7f1d79410000-7f1d79610000 ---p 00018000 08:07 529525                     /lib/x86_64-linux-gnu/libpthread-2.21.so
7f1d79610000-7f1d79611000 r--p 00018000 08:07 529525                     /lib/x86_64-linux-gnu/libpthread-2.21.so
7f1d79611000-7f1d79612000 rw-p 00019000 08:07 529525                     /lib/x86_64-linux-gnu/libpthread-2.21.so
7f1d79612000-7f1d79616000 rw-p 00000000 00:00 0 
7f1d79616000-7f1d7963a000 r-xp 00000000 08:07 529539                     /lib/x86_64-linux-gnu/ld-2.21.so
7f1d79644000-7f1d79663000 rw-p 00000000 00:00 0 
7f1d79663000-7f1d79719000 rw-p 00000000 00:00 0 
7f1d79719000-7f1d7971c000 ---p 00000000 00:00 0 
7f1d7971c000-7f1d7981e000 rw-p 00000000 00:00 0 
7f1d79825000-7f1d79826000 rw-p 00000000 00:00 0 
7f1d79826000-7f1d7982a000 r--s 0008b000 08:07 663627                     /home/elixandre/jdk1.7.0_80/jre/lib/jsse.jar
7f1d7982a000-7f1d7982d000 r--s 00f76000 08:07 542783                     /home/elixandre/Downloads/simgrid.jar
7f1d7982d000-7f1d79835000 rw-s 00000000 08:07 544865                     /tmp/hsperfdata_elixandre/8047
7f1d79835000-7f1d79836000 rw-p 00000000 00:00 0 
7f1d79836000-7f1d79837000 r--p 00000000 00:00 0 
7f1d79837000-7f1d79839000 rw-p 00000000 00:00 0 
7f1d79839000-7f1d7983a000 r--p 00023000 08:07 529539                     /lib/x86_64-linux-gnu/ld-2.21.so
7f1d7983a000-7f1d7983b000 rw-p 00024000 08:07 529539                     /lib/x86_64-linux-gnu/ld-2.21.so
7f1d7983b000-7f1d7983c000 rw-p 00000000 00:00 0 
7ffd96d91000-7ffd96db2000 rw-p 00000000 00:00 0                          [stack]
7ffd96dde000-7ffd96de0000 r--p 00000000 00:00 0                          [vvar]
7ffd96de0000-7ffd96de2000 r-xp 00000000 00:00 0                          [vdso]
ffffffffff600000-ffffffffff601000 r-xp 00000000 00:00 0                  [vsyscall]

VM Arguments:
jvm_args: -Dfile.encoding=UTF-8 
java_command: vcube.VCube platform.xml deployment.xml
Launcher Type: SUN_STANDARD

Environment Variables:
PATH=/usr/local/sbin:/usr/local/bin:/usr/sbin:/usr/bin:/sbin:/bin:/usr/games:/usr/local/games:/home/elixandre/.rvm/bin
LD_LIBRARY_PATH=/home/elixandre/jdk1.7.0_80/jre/lib/amd64:/home/elixandre/jdk1.7.0_80/jre/lib/i386:
SHELL=/bin/bash
DISPLAY=:0

Signal Handlers:
SIGSEGV: [libjvm.so+0x9a3b20], sa_mask[0]=0x7ffbfeff, sa_flags=0x10000004
SIGBUS: [libjvm.so+0x9a3b20], sa_mask[0]=0x7ffbfeff, sa_flags=0x10000004
SIGFPE: [libjvm.so+0x81e740], sa_mask[0]=0x7ffbfeff, sa_flags=0x10000004
SIGPIPE: [libjvm.so+0x81e740], sa_mask[0]=0x7ffbfeff, sa_flags=0x10000004
SIGXFSZ: [libjvm.so+0x81e740], sa_mask[0]=0x7ffbfeff, sa_flags=0x10000004
SIGILL: [libjvm.so+0x81e740], sa_mask[0]=0x7ffbfeff, sa_flags=0x10000004
SIGUSR1: SIG_DFL, sa_mask[0]=0x00000000, sa_flags=0x00000000
SIGUSR2: [libjvm.so+0x81ffb0], sa_mask[0]=0x00000004, sa_flags=0x10000004
SIGHUP: [libjvm.so+0x8210d0], sa_mask[0]=0x7ffbfeff, sa_flags=0x10000004
SIGINT: [libsimgrid.so+0x8ff50], sa_mask[0]=0x00000002, sa_flags=0x10000000
SIGTERM: [libjvm.so+0x8210d0], sa_mask[0]=0x7ffbfeff, sa_flags=0x10000004
SIGQUIT: [libjvm.so+0x8210d0], sa_mask[0]=0x7ffbfeff, sa_flags=0x10000004


---------------  S Y S T E M  ---------------

OS:jessie/sid

uname:Linux 4.2.0-42-generic #49-Ubuntu SMP Tue Jun 28 21:26:26 UTC 2016 x86_64
libc:glibc 2.21 NPTL 2.21 
rlimit: STACK 8192k, CORE 0k, NPROC 15009, NOFILE 65536, AS infinity
load average:0.37 0.29 0.33

/proc/meminfo:
MemTotal:        3879128 kB
MemFree:         1419960 kB
MemAvailable:    2140020 kB
Buffers:           58112 kB
Cached:           925732 kB
SwapCached:         6812 kB
Active:          1527348 kB
Inactive:         755888 kB
Active(anon):     879152 kB
Inactive(anon):   540352 kB
Active(file):     648196 kB
Inactive(file):   215536 kB
Unevictable:          32 kB
Mlocked:              32 kB
SwapTotal:        975868 kB
SwapFree:         890580 kB
Dirty:             13584 kB
Writeback:             0 kB
AnonPages:       1295380 kB
Mapped:           203864 kB
Shmem:            120044 kB
Slab:              83356 kB
SReclaimable:      50528 kB
SUnreclaim:        32828 kB
KernelStack:        8832 kB
PageTables:        32056 kB
NFS_Unstable:          0 kB
Bounce:                0 kB
WritebackTmp:          0 kB
CommitLimit:     2915432 kB
Committed_AS:    4852004 kB
VmallocTotal:   34359738367 kB
VmallocUsed:      347648 kB
VmallocChunk:   34358947836 kB
HardwareCorrupted:     0 kB
AnonHugePages:    970752 kB
CmaTotal:              0 kB
CmaFree:               0 kB
HugePages_Total:       0
HugePages_Free:        0
HugePages_Rsvd:        0
HugePages_Surp:        0
Hugepagesize:       2048 kB
DirectMap4k:      127736 kB
DirectMap2M:     3899392 kB


CPU:total 4 (2 cores per cpu, 2 threads per core) family 6 model 58 stepping 9, cmov, cx8, fxsr, mmx, sse, sse2, sse3, ssse3, sse4.1, sse4.2, popcnt, avx, erms, ht, tsc, tscinvbit, tscinv

/proc/cpuinfo:
processor	: 0
vendor_id	: GenuineIntel
cpu family	: 6
model		: 58
model name	: Intel(R) Core(TM) i7-3517U CPU @ 1.90GHz
stepping	: 9
microcode	: 0x12
cpu MHz		: 2799.937
cache size	: 4096 KB
physical id	: 0
siblings	: 4
core id		: 0
cpu cores	: 2
apicid		: 0
initial apicid	: 0
fpu		: yes
fpu_exception	: yes
cpuid level	: 13
wp		: yes
flags		: fpu vme de pse tsc msr pae mce cx8 apic sep mtrr pge mca cmov pat pse36 clflush dts acpi mmx fxsr sse sse2 ss ht tm pbe syscall nx rdtscp lm constant_tsc arch_perfmon pebs bts rep_good nopl xtopology nonstop_tsc aperfmperf eagerfpu pni pclmulqdq dtes64 monitor ds_cpl vmx est tm2 ssse3 cx16 xtpr pdcm pcid sse4_1 sse4_2 x2apic popcnt tsc_deadline_timer xsave avx f16c rdrand lahf_lm ida arat epb pln pts dtherm tpr_shadow vnmi flexpriority ept vpid fsgsbase smep erms xsaveopt
bugs		:
bogomips	: 4788.88
clflush size	: 64
cache_alignment	: 64
address sizes	: 36 bits physical, 48 bits virtual
power management:

processor	: 1
vendor_id	: GenuineIntel
cpu family	: 6
model		: 58
model name	: Intel(R) Core(TM) i7-3517U CPU @ 1.90GHz
stepping	: 9
microcode	: 0x12
cpu MHz		: 2799.937
cache size	: 4096 KB
physical id	: 0
siblings	: 4
core id		: 0
cpu cores	: 2
apicid		: 1
initial apicid	: 1
fpu		: yes
fpu_exception	: yes
cpuid level	: 13
wp		: yes
flags		: fpu vme de pse tsc msr pae mce cx8 apic sep mtrr pge mca cmov pat pse36 clflush dts acpi mmx fxsr sse sse2 ss ht tm pbe syscall nx rdtscp lm constant_tsc arch_perfmon pebs bts rep_good nopl xtopology nonstop_tsc aperfmperf eagerfpu pni pclmulqdq dtes64 monitor ds_cpl vmx est tm2 ssse3 cx16 xtpr pdcm pcid sse4_1 sse4_2 x2apic popcnt tsc_deadline_timer xsave avx f16c rdrand lahf_lm ida arat epb pln pts dtherm tpr_shadow vnmi flexpriority ept vpid fsgsbase smep erms xsaveopt
bugs		:
bogomips	: 4788.88
clflush size	: 64
cache_alignment	: 64
address sizes	: 36 bits physical, 48 bits virtual
power management:

processor	: 2
vendor_id	: GenuineIntel
cpu family	: 6
model		: 58
model name	: Intel(R) Core(TM) i7-3517U CPU @ 1.90GHz
stepping	: 9
microcode	: 0x12
cpu MHz		: 2799.937
cache size	: 4096 KB
physical id	: 0
siblings	: 4
core id		: 1
cpu cores	: 2
apicid		: 2
initial apicid	: 2
fpu		: yes
fpu_exception	: yes
cpuid level	: 13
wp		: yes
flags		: fpu vme de pse tsc msr pae mce cx8 apic sep mtrr pge mca cmov pat pse36 clflush dts acpi mmx fxsr sse sse2 ss ht tm pbe syscall nx rdtscp lm constant_tsc arch_perfmon pebs bts rep_good nopl xtopology nonstop_tsc aperfmperf eagerfpu pni pclmulqdq dtes64 monitor ds_cpl vmx est tm2 ssse3 cx16 xtpr pdcm pcid sse4_1 sse4_2 x2apic popcnt tsc_deadline_timer xsave avx f16c rdrand lahf_lm ida arat epb pln pts dtherm tpr_shadow vnmi flexpriority ept vpid fsgsbase smep erms xsaveopt
bugs		:
bogomips	: 4788.88
clflush size	: 64
cache_alignment	: 64
address sizes	: 36 bits physical, 48 bits virtual
power management:

processor	: 3
vendor_id	: GenuineIntel
cpu family	: 6
model		: 58
model name	: Intel(R) Core(TM) i7-3517U CPU @ 1.90GHz
stepping	: 9
microcode	: 0x12
cpu MHz		: 2799.937
cache size	: 4096 KB
physical id	: 0
siblings	: 4
core id		: 1
cpu cores	: 2
apicid		: 3
initial apicid	: 3
fpu		: yes
fpu_exception	: yes
cpuid level	: 13
wp		: yes
flags		: fpu vme de pse tsc msr pae mce cx8 apic sep mtrr pge mca cmov pat pse36 clflush dts acpi mmx fxsr sse sse2 ss ht tm pbe syscall nx rdtscp lm constant_tsc arch_perfmon pebs bts rep_good nopl xtopology nonstop_tsc aperfmperf eagerfpu pni pclmulqdq dtes64 monitor ds_cpl vmx est tm2 ssse3 cx16 xtpr pdcm pcid sse4_1 sse4_2 x2apic popcnt tsc_deadline_timer xsave avx f16c rdrand lahf_lm ida arat epb pln pts dtherm tpr_shadow vnmi flexpriority ept vpid fsgsbase smep erms xsaveopt
bugs		:
bogomips	: 4788.88
clflush size	: 64
cache_alignment	: 64
address sizes	: 36 bits physical, 48 bits virtual
power management:



Memory: 4k page, physical 3879128k(1419960k free), swap 975868k(890580k free)

vm_info: Java HotSpot(TM) 64-Bit Server VM (24.80-b11) for linux-amd64 JRE (1.7.0_80-b15), built on Apr 10 2015 19:53:14 by "java_re" with gcc 4.3.0 20080428 (Red Hat 4.3.0-8)

time: Mon May  1 16:18:47 2017
elapsed time: 3 seconds

