#
# A fatal error has been detected by the Java Runtime Environment:
#
#  SIGSEGV (0xb) at pc=0x00007fc976535263, pid=9556, tid=0x00007fc984fff700
#
# JRE version: Java(TM) SE Runtime Environment (8.0_111-b14) (build 1.8.0_111-b14)
# Java VM: Java HotSpot(TM) 64-Bit Server VM (25.111-b14 mixed mode linux-amd64 compressed oops)
# Problematic frame:
# C  [libsimgrid.so+0x190263]  xbt_dynar_member+0x23
#
# Failed to write core dump. Core dumps have been disabled. To enable core dumping, try "ulimit -c unlimited" before starting Java again
#
# If you would like to submit a bug report, please visit:
#   http://bugreport.java.com/bugreport/crash.jsp
#

---------------  T H R E A D  ---------------

Current thread (0x00007fc994077800):  VMThread [stack: 0x00007fc984eff000,0x00007fc985000000] [id=9565]

siginfo: si_signo: 11 (SIGSEGV), si_code: 1 (SEGV_MAPERR), si_addr: 0x0000000000000000

Registers:
RAX=0x0000000000000000, RBX=0x00007fc9768a1700, RCX=0x0000000000000000, RDX=0x00007fc984fffa30
RSP=0x00007fc984ffe910, RBP=0x00007fc994162910, RSI=0x00007fc984ffeab8, RDI=0x00007fc984ffe9d0
R8 =0x00007fc994159920, R9 =0x00007fc994159920, R10=0x0000000000000c58, R11=0x00007fc976535240
R12=0x00007fc9768ac790, R13=0x00007fc994142920, R14=0x00000000000003d8, R15=0x00007fc994026e88
RIP=0x00007fc976535263, EFLAGS=0x0000000000010202, CSGSFS=0x0000000000000033, ERR=0x0000000000000004
  TRAPNO=0x000000000000000e

Top of Stack: (sp=0x00007fc984ffe910)
0x00007fc984ffe910:   0000000000000000 0000000000000000
0x00007fc984ffe920:   00007fc994159990 00007fc984ffeab8
0x00007fc984ffe930:   0000000000000000 0000000000000000
0x00007fc984ffe940:   0000000000000000 0000000000000000
0x00007fc984ffe950:   0000000000000000 0000000000000000
0x00007fc984ffe960:   0000000000000000 0000000000000000
0x00007fc984ffe970:   0000000000000000 0000000000000000
0x00007fc984ffe980:   0000ff00000000ff 00000000ff000000
0x00007fc984ffe990:   0000000000000000 0000000000000000
0x00007fc984ffe9a0:   0000000000000000 0000000000000000
0x00007fc984ffe9b0:   0000000000000000 0000000000000000
0x00007fc984ffe9c0:   0000000042c80000 0000000000000000
0x00007fc984ffe9d0:   0000000000000000 0000000000000000
0x00007fc984ffe9e0:   0000000000000000 0000000000000000
0x00007fc984ffe9f0:   0000000000000000 0000000000000000
0x00007fc984ffea00:   00007fc97686c400 00007fc9941695c0
0x00007fc984ffea10:   00007fc994142920 00007fc97652ba0a
0x00007fc984ffea20:   00007fc994940a80 00007fc97686c400
0x00007fc984ffea30:   00007fc9941695c0 00007fc97659b286
0x00007fc984ffea40:   00007fc9941a0e50 0000000000000000
0x00007fc984ffea50:   0000000000000000 00007fc984ffeab8
0x00007fc984ffea60:   00007fc994159990 00007fc994159920
0x00007fc984ffea70:   00007fc994159920 00007fc9768a4a98
0x00007fc984ffea80:   00007fc99415bb80 0000000000000001
0x00007fc984ffea90:   00007fc9768a1700 00007fc994140d90
0x00007fc984ffeaa0:   00007fc9768a1700 00007fc97655234f
0x00007fc984ffeab0:   0000000000000000 00007fc9941695c0
0x00007fc984ffeac0:   0000000000000000 0000000000000000
0x00007fc984ffead0:   0000000000000000 00007fc9768a4a98
0x00007fc984ffeae0:   00007fc99415bb80 0000000000000001
0x00007fc984ffeaf0:   00007fc994142920 00007fc976533d37
0x00007fc984ffeb00:   00007fc994142920 00007fc9768a4098 

Instructions: (pc=0x00007fc976535263)
0x00007fc976535243:   ec 90 01 00 00 48 8b 05 01 a2 33 00 48 89 7c 24
0x00007fc976535253:   10 48 89 74 24 18 ff 10 48 8d bc 24 c0 00 00 00
0x00007fc976535263:   48 8b 08 48 89 04 24 48 89 38 48 89 4c 24 08 e8
0x00007fc976535273:   79 31 ed ff 85 c0 74 75 48 8b 14 24 c7 42 08 01 

Register to memory mapping:

RAX=0x0000000000000000 is an unknown value
RBX=0x00007fc9768a1700: _simgrid_log_category__simix_process+0 in /tmp/simgrid-java7796538257248350531/libsimgrid.so at 0x00007fc9763a5000
RCX=0x0000000000000000 is an unknown value
RDX=0x00007fc984fffa30 is an unknown value
RSP=0x00007fc984ffe910 is an unknown value
RBP=0x00007fc994162910 is an unknown value
RSI=0x00007fc984ffeab8 is an unknown value
RDI=0x00007fc984ffe9d0 is an unknown value
R8 =0x00007fc994159920 is an unknown value
R9 =0x00007fc994159920 is an unknown value
R10=0x0000000000000c58 is an unknown value
R11=0x00007fc976535240: xbt_dynar_member+0 in /tmp/simgrid-java7796538257248350531/libsimgrid.so at 0x00007fc9763a5000
R12=0x00007fc9768ac790: simix_global+0 in /tmp/simgrid-java7796538257248350531/libsimgrid.so at 0x00007fc9763a5000
R13=0x00007fc994142920 is an unknown value
R14=0x00000000000003d8 is an unknown value
R15=0x00007fc994026e88 is an unknown value


Stack: [0x00007fc984eff000,0x00007fc985000000],  sp=0x00007fc984ffe910,  free space=1022k
Native frames: (J=compiled Java code, j=interpreted, Vv=VM code, C=native code)
C  [libsimgrid.so+0x190263]  xbt_dynar_member+0x23

VM_Operation (0x00007fc9746056d0): Exit, mode: safepoint, requested by thread 0x00007fc958001000


---------------  P R O C E S S  ---------------

Java Threads: ( => current thread )
  0x00007fc8f8001000 JavaThread "Thread-0" [_thread_blocked, id=9591, stack(0x00007fc974405000,0x00007fc974506000)]
  0x00007fc958001000 JavaThread "SIGTERM handler" daemon [_thread_blocked, id=9590, stack(0x00007fc974506000,0x00007fc974607000)]
  0x00007fc904001000 JavaThread "Thread-16" [_thread_in_native, id=9589, stack(0x00007fc924ffa000,0x00007fc9257fb000)]
  0x00007fc900001000 JavaThread "Thread-15" [_thread_in_native, id=9588, stack(0x00007fc9257fb000,0x00007fc925ffc000)]
  0x00007fc90c001000 JavaThread "Thread-14" [_thread_in_native, id=9587, stack(0x00007fc925ffc000,0x00007fc9267fd000)]
  0x00007fc908001000 JavaThread "Thread-13" [_thread_in_native, id=9586, stack(0x00007fc9267fd000,0x00007fc926ffe000)]
  0x00007fc914001000 JavaThread "Thread-9" [_thread_in_native, id=9582, stack(0x00007fc944ffa000,0x00007fc9457fb000)]
  0x00007fc918001000 JavaThread "Thread-12" [_thread_in_native, id=9583, stack(0x00007fc9447f9000,0x00007fc944ffa000)]
  0x00007fc910001000 JavaThread "Thread-10" [_thread_blocked, id=9585, stack(0x00007fc926ffe000,0x00007fc9277ff000)]
  0x00007fc91c001000 JavaThread "Thread-8" [_thread_in_native, id=9584, stack(0x00007fc9277ff000,0x00007fc928000000)]
  0x00007fc920001000 JavaThread "Thread-11" [_thread_in_native, id=9581, stack(0x00007fc9457fb000,0x00007fc945ffc000)]
  0x00007fc92c001000 JavaThread "Thread-7" [_thread_in_native, id=9580, stack(0x00007fc945ffc000,0x00007fc9467fd000)]
  0x00007fc928001000 JavaThread "Thread-6" [_thread_in_native, id=9579, stack(0x00007fc9467fd000,0x00007fc946ffe000)]
  0x00007fc934001000 JavaThread "Thread-5" [_thread_in_native, id=9578, stack(0x00007fc946ffe000,0x00007fc9477ff000)]
  0x00007fc930001000 JavaThread "Thread-3" [_thread_in_native, id=9577, stack(0x00007fc9477ff000,0x00007fc948000000)]
  0x00007fc938001000 JavaThread "Thread-2" [_thread_in_native, id=9575, stack(0x00007fc974e08000,0x00007fc975609000)]
  0x00007fc93c001000 JavaThread "Thread-4" [_thread_in_native, id=9576, stack(0x00007fc974607000,0x00007fc974e08000)]
  0x00007fc940001000 JavaThread "Thread-1" [_thread_in_native, id=9574, stack(0x00007fc975609000,0x00007fc975e0a000)]
  0x00007fc9940c0000 JavaThread "Service Thread" daemon [_thread_blocked, id=9572, stack(0x00007fc9847f8000,0x00007fc9848f9000)]
  0x00007fc9940bd000 JavaThread "C1 CompilerThread2" daemon [_thread_blocked, id=9571, stack(0x00007fc9848f9000,0x00007fc9849fa000)]
  0x00007fc9940bb000 JavaThread "C2 CompilerThread1" daemon [_thread_blocked, id=9570, stack(0x00007fc9849fa000,0x00007fc984afb000)]
  0x00007fc9940b8800 JavaThread "C2 CompilerThread0" daemon [_thread_blocked, id=9569, stack(0x00007fc984afb000,0x00007fc984bfc000)]
  0x00007fc994084000 JavaThread "Finalizer" daemon [_thread_blocked, id=9567, stack(0x00007fc984cfd000,0x00007fc984dfe000)]
  0x00007fc99407f000 JavaThread "Reference Handler" daemon [_thread_blocked, id=9566, stack(0x00007fc984dfe000,0x00007fc984eff000)]
  0x00007fc99400a000 JavaThread "main" [_thread_in_native, id=9558, stack(0x00007fc99dbfd000,0x00007fc99dcfe000)]

Other Threads:
=>0x00007fc994077800 VMThread [stack: 0x00007fc984eff000,0x00007fc985000000] [id=9565]

VM state:at safepoint (shutting down)

VM Mutex/Monitor currently owned by a thread:  ([mutex/lock_event])
[0x00007fc9940060f0] Threads_lock - owner thread: 0x00007fc994077800

Heap:
 PSYoungGen      total 17920K, used 12732K [0x00000000d5580000, 0x00000000d7880000, 0x0000000100000000)
  eden space 15360K, 66% used [0x00000000d5580000,0x00000000d5f770a8,0x00000000d6480000)
  from space 2560K, 98% used [0x00000000d6480000,0x00000000d66f8020,0x00000000d6700000)
  to   space 2560K, 0% used [0x00000000d7600000,0x00000000d7600000,0x00000000d7880000)
 ParOldGen       total 40960K, used 304K [0x0000000080000000, 0x0000000082800000, 0x00000000d5580000)
  object space 40960K, 0% used [0x0000000080000000,0x000000008004c020,0x0000000082800000)
 Metaspace       used 3759K, capacity 4704K, committed 4864K, reserved 1056768K
  class space    used 417K, capacity 464K, committed 512K, reserved 1048576K

Card table byte_map: [0x00007fc99a5a3000,0x00007fc99a9a4000] byte_map_base: 0x00007fc99a1a3000

Marking Bits: (ParMarkBitMap*) 0x00007fc99d0cd220
 Begin Bits: [0x00007fc97c000000, 0x00007fc97e000000)
 End Bits:   [0x00007fc97e000000, 0x00007fc980000000)

Polling page: 0x00007fc99dd1c000

CodeCache: size=245760Kb used=2077Kb max_used=2077Kb free=243682Kb
 bounds [0x00007fc985000000, 0x00007fc985270000, 0x00007fc994000000]
 total_blobs=466 nmethods=201 adapters=177
 compilation: enabled

Compilation events (10 events):
Event: 1.144 Thread 0x00007fc9940bd000 nmethod 197% 0x00007fc9851e06d0 code [0x00007fc9851e1aa0, 0x00007fc9851f0fd8]
Event: 1.315 Thread 0x00007fc9940b8800  198       4       java.lang.AbstractStringBuilder::append (62 bytes)
Event: 1.330 Thread 0x00007fc9940b8800 nmethod 198 0x00007fc985200210 code [0x00007fc9852003a0, 0x00007fc985200a98]
Event: 1.682 Thread 0x00007fc9940bb000  199 %     4       vcube.VCubeTask::setTimestempStatus @ 2 (27 bytes)
Event: 1.687 Thread 0x00007fc9940bb000 nmethod 199% 0x00007fc985200f10 code [0x00007fc985201080, 0x00007fc9852012b8]
Event: 1.789 Thread 0x00007fc9940b8800  200       4       java.util.AbstractCollection::toArray (147 bytes)
Event: 1.797 Thread 0x00007fc9940bb000  201       4       java.lang.String::split (326 bytes)
Event: 1.811 Thread 0x00007fc9940b8800 nmethod 200 0x00007fc985201410 code [0x00007fc985201580, 0x00007fc985201ab8]
Event: 1.847 Thread 0x00007fc9940b8800  202 % !   4       vcube.Node::main @ 35 (1850 bytes)
Event: 1.942 Thread 0x00007fc9940bb000 nmethod 201 0x00007fc985205450 code [0x00007fc9852056e0, 0x00007fc985207518]

GC Heap History (2 events):
Event: 1.004 GC heap before
{Heap before GC invocations=1 (full 0):
 PSYoungGen      total 17920K, used 15360K [0x00000000d5580000, 0x00000000d6980000, 0x0000000100000000)
  eden space 15360K, 100% used [0x00000000d5580000,0x00000000d6480000,0x00000000d6480000)
  from space 2560K, 0% used [0x00000000d6700000,0x00000000d6700000,0x00000000d6980000)
  to   space 2560K, 0% used [0x00000000d6480000,0x00000000d6480000,0x00000000d6700000)
 ParOldGen       total 40960K, used 0K [0x0000000080000000, 0x0000000082800000, 0x00000000d5580000)
  object space 40960K, 0% used [0x0000000080000000,0x0000000080000000,0x0000000082800000)
 Metaspace       used 3734K, capacity 4704K, committed 4864K, reserved 1056768K
  class space    used 414K, capacity 464K, committed 512K, reserved 1048576K
Event: 1.036 GC heap after
Heap after GC invocations=1 (full 0):
 PSYoungGen      total 17920K, used 2528K [0x00000000d5580000, 0x00000000d7880000, 0x0000000100000000)
  eden space 15360K, 0% used [0x00000000d5580000,0x00000000d5580000,0x00000000d6480000)
  from space 2560K, 98% used [0x00000000d6480000,0x00000000d66f8020,0x00000000d6700000)
  to   space 2560K, 0% used [0x00000000d7600000,0x00000000d7600000,0x00000000d7880000)
 ParOldGen       total 40960K, used 304K [0x0000000080000000, 0x0000000082800000, 0x00000000d5580000)
  object space 40960K, 0% used [0x0000000080000000,0x000000008004c020,0x0000000082800000)
 Metaspace       used 3734K, capacity 4704K, committed 4864K, reserved 1056768K
  class space    used 414K, capacity 464K, committed 512K, reserved 1048576K
}

Deoptimization events (1 events):
Event: 1.827 Thread 0x00007fc940001000 Uncommon trap: reason=predicate action=maybe_recompile pc=0x00007fc985201920 method=java.util.AbstractCollection.toArray([Ljava/lang/Object;)[Ljava/lang/Object; @ 49

Internal exceptions (10 events):
Event: 2.146 Thread 0x00007fc908001000 Exception <a 'java/lang/ArrayIndexOutOfBoundsException'> (0x00000000d5bda538) thrown at [/HUDSON3/workspace/8-2-build-linux-amd64/jdk8u111/7883/hotspot/src/share/vm/runtime/sharedRuntime.cpp, line 605]
Event: 2.146 Thread 0x00007fc910001000 Exception <a 'java/lang/ArrayIndexOutOfBoundsException'> (0x00000000d5bb2610) thrown at [/HUDSON3/workspace/8-2-build-linux-amd64/jdk8u111/7883/hotspot/src/share/vm/runtime/sharedRuntime.cpp, line 605]
Event: 2.146 Thread 0x00007fc920001000 Exception <a 'java/lang/ArrayIndexOutOfBoundsException'> (0x00000000d5cec680) thrown at [/HUDSON3/workspace/8-2-build-linux-amd64/jdk8u111/7883/hotspot/src/share/vm/runtime/sharedRuntime.cpp, line 605]
Event: 2.146 Thread 0x00007fc918001000 Exception <a 'java/lang/ArrayIndexOutOfBoundsException'> (0x00000000d5b3afb0) thrown at [/HUDSON3/workspace/8-2-build-linux-amd64/jdk8u111/7883/hotspot/src/share/vm/runtime/sharedRuntime.cpp, line 605]
Event: 2.146 Thread 0x00007fc938001000 Exception <a 'java/lang/ArrayIndexOutOfBoundsException'> (0x00000000d5c9ea70) thrown at [/HUDSON3/workspace/8-2-build-linux-amd64/jdk8u111/7883/hotspot/src/share/vm/runtime/sharedRuntime.cpp, line 605]
Event: 2.147 Thread 0x00007fc930001000 Exception <a 'java/lang/ArrayIndexOutOfBoundsException'> (0x00000000d5cc5fa8) thrown at [/HUDSON3/workspace/8-2-build-linux-amd64/jdk8u111/7883/hotspot/src/share/vm/runtime/sharedRuntime.cpp, line 605]
Event: 2.147 Thread 0x00007fc92c001000 Exception <a 'java/lang/ArrayIndexOutOfBoundsException'> (0x00000000d5d145a0) thrown at [/HUDSON3/workspace/8-2-build-linux-amd64/jdk8u111/7883/hotspot/src/share/vm/runtime/sharedRuntime.cpp, line 605]
Event: 2.147 Thread 0x00007fc928001000 Exception <a 'java/lang/ArrayIndexOutOfBoundsException'> (0x00000000d5d3bd48) thrown at [/HUDSON3/workspace/8-2-build-linux-amd64/jdk8u111/7883/hotspot/src/share/vm/runtime/sharedRuntime.cpp, line 605]
Event: 2.147 Thread 0x00007fc934001000 Exception <a 'java/lang/ArrayIndexOutOfBoundsException'> (0x00000000d5c50f20) thrown at [/HUDSON3/workspace/8-2-build-linux-amd64/jdk8u111/7883/hotspot/src/share/vm/runtime/sharedRuntime.cpp, line 605]
Event: 2.147 Thread 0x00007fc904001000 Exception <a 'java/lang/ArrayIndexOutOfBoundsException'> (0x00000000d5b8a740) thrown at [/HUDSON3/workspace/8-2-build-linux-amd64/jdk8u111/7883/hotspot/src/share/vm/runtime/sharedRuntime.cpp, line 605]

Events (10 events):
Event: 2.134 loading class java/util/IdentityHashMap$KeySet done
Event: 2.135 loading class java/util/IdentityHashMap$KeyIterator
Event: 2.135 loading class java/util/IdentityHashMap$IdentityHashMapIterator
Event: 2.135 loading class java/util/IdentityHashMap$IdentityHashMapIterator done
Event: 2.135 loading class java/util/IdentityHashMap$KeyIterator done
Event: 2.139 Thread 0x00007fc8f8001000 Thread added: 0x00007fc8f8001000
Event: 2.142 Thread 0x00007fc938001000 DEOPT PACKING pc=0x00007fc98517941e sp=0x00007fc975607540
Event: 2.142 Thread 0x00007fc938001000 DEOPT UNPACKING pc=0x00007fc985047633 sp=0x00007fc975607540 mode 0
Event: 2.150 Thread 0x00007fc9940b7000 Thread exited: 0x00007fc9940b7000
Event: 2.151 Executing VM operation: Exit


Dynamic libraries:
00400000-00401000 r-xp 00000000 08:01 8784123                            /home/elixandrebaldi/jdk1.8.0_111/bin/java
00600000-00601000 rw-p 00000000 08:01 8784123                            /home/elixandrebaldi/jdk1.8.0_111/bin/java
020bc000-020dd000 rw-p 00000000 00:00 0                                  [heap]
80000000-82800000 rw-p 00000000 00:00 0 
82800000-d5580000 ---p 00000000 00:00 0 
d5580000-d7880000 rw-p 00000000 00:00 0 
d7880000-100000000 ---p 00000000 00:00 0 
100000000-100080000 rw-p 00000000 00:00 0 
100080000-140000000 ---p 00000000 00:00 0 
7fc8f8000000-7fc8f8021000 rw-p 00000000 00:00 0 
7fc8f8021000-7fc8fc000000 ---p 00000000 00:00 0 
7fc900000000-7fc900190000 rw-p 00000000 00:00 0 
7fc900190000-7fc904000000 ---p 00000000 00:00 0 
7fc904000000-7fc904190000 rw-p 00000000 00:00 0 
7fc904190000-7fc908000000 ---p 00000000 00:00 0 
7fc908000000-7fc908190000 rw-p 00000000 00:00 0 
7fc908190000-7fc90c000000 ---p 00000000 00:00 0 
7fc90c000000-7fc90c190000 rw-p 00000000 00:00 0 
7fc90c190000-7fc910000000 ---p 00000000 00:00 0 
7fc910000000-7fc910192000 rw-p 00000000 00:00 0 
7fc910192000-7fc914000000 ---p 00000000 00:00 0 
7fc914000000-7fc914191000 rw-p 00000000 00:00 0 
7fc914191000-7fc918000000 ---p 00000000 00:00 0 
7fc918000000-7fc918191000 rw-p 00000000 00:00 0 
7fc918191000-7fc91c000000 ---p 00000000 00:00 0 
7fc91c000000-7fc91c190000 rw-p 00000000 00:00 0 
7fc91c190000-7fc920000000 ---p 00000000 00:00 0 
7fc920000000-7fc920191000 rw-p 00000000 00:00 0 
7fc920191000-7fc924000000 ---p 00000000 00:00 0 
7fc924ffa000-7fc924ffd000 ---p 00000000 00:00 0 
7fc924ffd000-7fc9257fb000 rw-p 00000000 00:00 0 
7fc9257fb000-7fc9257fe000 ---p 00000000 00:00 0 
7fc9257fe000-7fc925ffc000 rw-p 00000000 00:00 0 
7fc925ffc000-7fc925fff000 ---p 00000000 00:00 0 
7fc925fff000-7fc9267fd000 rw-p 00000000 00:00 0 
7fc9267fd000-7fc926800000 ---p 00000000 00:00 0 
7fc926800000-7fc926ffe000 rw-p 00000000 00:00 0 
7fc926ffe000-7fc927001000 ---p 00000000 00:00 0 
7fc927001000-7fc9277ff000 rw-p 00000000 00:00 0 
7fc9277ff000-7fc927802000 ---p 00000000 00:00 0 
7fc927802000-7fc928000000 rw-p 00000000 00:00 0 
7fc928000000-7fc928191000 rw-p 00000000 00:00 0 
7fc928191000-7fc92c000000 ---p 00000000 00:00 0 
7fc92c000000-7fc92c191000 rw-p 00000000 00:00 0 
7fc92c191000-7fc930000000 ---p 00000000 00:00 0 
7fc930000000-7fc930191000 rw-p 00000000 00:00 0 
7fc930191000-7fc934000000 ---p 00000000 00:00 0 
7fc934000000-7fc934191000 rw-p 00000000 00:00 0 
7fc934191000-7fc938000000 ---p 00000000 00:00 0 
7fc938000000-7fc938198000 rw-p 00000000 00:00 0 
7fc938198000-7fc93c000000 ---p 00000000 00:00 0 
7fc93c000000-7fc93c190000 rw-p 00000000 00:00 0 
7fc93c190000-7fc940000000 ---p 00000000 00:00 0 
7fc940000000-7fc9401a4000 rw-p 00000000 00:00 0 
7fc9401a4000-7fc944000000 ---p 00000000 00:00 0 
7fc9447f9000-7fc9447fc000 ---p 00000000 00:00 0 
7fc9447fc000-7fc944ffa000 rw-p 00000000 00:00 0 
7fc944ffa000-7fc944ffd000 ---p 00000000 00:00 0 
7fc944ffd000-7fc9457fb000 rw-p 00000000 00:00 0 
7fc9457fb000-7fc9457fe000 ---p 00000000 00:00 0 
7fc9457fe000-7fc945ffc000 rw-p 00000000 00:00 0 
7fc945ffc000-7fc945fff000 ---p 00000000 00:00 0 
7fc945fff000-7fc9467fd000 rw-p 00000000 00:00 0 
7fc9467fd000-7fc946800000 ---p 00000000 00:00 0 
7fc946800000-7fc946ffe000 rw-p 00000000 00:00 0 
7fc946ffe000-7fc947001000 ---p 00000000 00:00 0 
7fc947001000-7fc9477ff000 rw-p 00000000 00:00 0 
7fc9477ff000-7fc947802000 ---p 00000000 00:00 0 
7fc947802000-7fc948000000 rw-p 00000000 00:00 0 
7fc948000000-7fc948021000 rw-p 00000000 00:00 0 
7fc948021000-7fc94c000000 ---p 00000000 00:00 0 
7fc94c000000-7fc94c021000 rw-p 00000000 00:00 0 
7fc94c021000-7fc950000000 ---p 00000000 00:00 0 
7fc950000000-7fc950231000 rw-p 00000000 00:00 0 
7fc950231000-7fc954000000 ---p 00000000 00:00 0 
7fc954000000-7fc95444e000 rw-p 00000000 00:00 0 
7fc95444e000-7fc958000000 ---p 00000000 00:00 0 
7fc958000000-7fc958021000 rw-p 00000000 00:00 0 
7fc958021000-7fc95c000000 ---p 00000000 00:00 0 
7fc95c000000-7fc95c65b000 rw-p 00000000 00:00 0 
7fc95c65b000-7fc960000000 ---p 00000000 00:00 0 
7fc960000000-7fc960021000 rw-p 00000000 00:00 0 
7fc960021000-7fc964000000 ---p 00000000 00:00 0 
7fc964000000-7fc964021000 rw-p 00000000 00:00 0 
7fc964021000-7fc968000000 ---p 00000000 00:00 0 
7fc968000000-7fc968021000 rw-p 00000000 00:00 0 
7fc968021000-7fc96c000000 ---p 00000000 00:00 0 
7fc96c000000-7fc96c021000 rw-p 00000000 00:00 0 
7fc96c021000-7fc970000000 ---p 00000000 00:00 0 
7fc970000000-7fc970021000 rw-p 00000000 00:00 0 
7fc970021000-7fc974000000 ---p 00000000 00:00 0 
7fc974405000-7fc974408000 ---p 00000000 00:00 0 
7fc974408000-7fc974506000 rw-p 00000000 00:00 0 
7fc974506000-7fc974509000 ---p 00000000 00:00 0 
7fc974509000-7fc974607000 rw-p 00000000 00:00 0 
7fc974607000-7fc97460a000 ---p 00000000 00:00 0 
7fc97460a000-7fc974e08000 rw-p 00000000 00:00 0 
7fc974e08000-7fc974e0b000 ---p 00000000 00:00 0 
7fc974e0b000-7fc975609000 rw-p 00000000 00:00 0 
7fc975609000-7fc97560c000 ---p 00000000 00:00 0 
7fc97560c000-7fc975e0a000 rw-p 00000000 00:00 0 
7fc975e0a000-7fc975e22000 r-xp 00000000 08:01 2359590                    /tmp/simgrid-java7796538257248350531/libsimgrid-java.so (deleted)
7fc975e22000-7fc976022000 ---p 00018000 08:01 2359590                    /tmp/simgrid-java7796538257248350531/libsimgrid-java.so (deleted)
7fc976022000-7fc976023000 rw-p 00018000 08:01 2359590                    /tmp/simgrid-java7796538257248350531/libsimgrid-java.so (deleted)
7fc976023000-7fc976195000 r-xp 00000000 08:01 23332798                   /usr/lib/x86_64-linux-gnu/libstdc++.so.6.0.21
7fc976195000-7fc976395000 ---p 00172000 08:01 23332798                   /usr/lib/x86_64-linux-gnu/libstdc++.so.6.0.21
7fc976395000-7fc97639f000 r--p 00172000 08:01 23332798                   /usr/lib/x86_64-linux-gnu/libstdc++.so.6.0.21
7fc97639f000-7fc9763a1000 rw-p 0017c000 08:01 23332798                   /usr/lib/x86_64-linux-gnu/libstdc++.so.6.0.21
7fc9763a1000-7fc9763a5000 rw-p 00000000 00:00 0 
7fc9763a5000-7fc97666a000 r-xp 00000000 08:01 2359589                    /tmp/simgrid-java7796538257248350531/libsimgrid.so (deleted)
7fc97666a000-7fc97686a000 ---p 002c5000 08:01 2359589                    /tmp/simgrid-java7796538257248350531/libsimgrid.so (deleted)
7fc97686a000-7fc9768a5000 rw-p 002c5000 08:01 2359589                    /tmp/simgrid-java7796538257248350531/libsimgrid.so (deleted)
7fc9768a5000-7fc976bae000 rw-p 00000000 00:00 0 
7fc976bae000-7fc978000000 r--p 00000000 08:01 23331759                   /usr/lib/locale/locale-archive
7fc978000000-7fc978021000 rw-p 00000000 00:00 0 
7fc978021000-7fc97c000000 ---p 00000000 00:00 0 
7fc97c000000-7fc980000000 rw-p 00000000 00:00 0 
7fc980000000-7fc980021000 rw-p 00000000 00:00 0 
7fc980021000-7fc984000000 ---p 00000000 00:00 0 
7fc9840b9000-7fc9840cf000 r-xp 00000000 08:01 3936627                    /lib/x86_64-linux-gnu/libgcc_s.so.1
7fc9840cf000-7fc9842ce000 ---p 00016000 08:01 3936627                    /lib/x86_64-linux-gnu/libgcc_s.so.1
7fc9842ce000-7fc9842cf000 rw-p 00015000 08:01 3936627                    /lib/x86_64-linux-gnu/libgcc_s.so.1
7fc9842cf000-7fc9842e5000 r-xp 00000000 08:01 8783936                    /home/elixandrebaldi/jdk1.8.0_111/jre/lib/amd64/libnet.so
7fc9842e5000-7fc9844e5000 ---p 00016000 08:01 8783936                    /home/elixandrebaldi/jdk1.8.0_111/jre/lib/amd64/libnet.so
7fc9844e5000-7fc9844e6000 rw-p 00016000 08:01 8783936                    /home/elixandrebaldi/jdk1.8.0_111/jre/lib/amd64/libnet.so
7fc9844e6000-7fc9844f7000 r-xp 00000000 08:01 8783935                    /home/elixandrebaldi/jdk1.8.0_111/jre/lib/amd64/libnio.so
7fc9844f7000-7fc9846f6000 ---p 00011000 08:01 8783935                    /home/elixandrebaldi/jdk1.8.0_111/jre/lib/amd64/libnio.so
7fc9846f6000-7fc9846f7000 rw-p 00010000 08:01 8783935                    /home/elixandrebaldi/jdk1.8.0_111/jre/lib/amd64/libnio.so
7fc9846f7000-7fc9846f8000 ---p 00000000 00:00 0 
7fc9846f8000-7fc9847f8000 rw-p 00000000 00:00 0 
7fc9847f8000-7fc9847fb000 ---p 00000000 00:00 0 
7fc9847fb000-7fc9848f9000 rw-p 00000000 00:00 0 
7fc9848f9000-7fc9848fc000 ---p 00000000 00:00 0 
7fc9848fc000-7fc9849fa000 rw-p 00000000 00:00 0 
7fc9849fa000-7fc9849fd000 ---p 00000000 00:00 0 
7fc9849fd000-7fc984afb000 rw-p 00000000 00:00 0 
7fc984afb000-7fc984afe000 ---p 00000000 00:00 0 
7fc984afe000-7fc984bfc000 rw-p 00000000 00:00 0 
7fc984bfc000-7fc984bff000 ---p 00000000 00:00 0 
7fc984bff000-7fc984cfd000 rw-p 00000000 00:00 0 
7fc984cfd000-7fc984d00000 ---p 00000000 00:00 0 
7fc984d00000-7fc984dfe000 rw-p 00000000 00:00 0 
7fc984dfe000-7fc984e01000 ---p 00000000 00:00 0 
7fc984e01000-7fc984eff000 rw-p 00000000 00:00 0 
7fc984eff000-7fc984f00000 ---p 00000000 00:00 0 
7fc984f00000-7fc985000000 rw-p 00000000 00:00 0 
7fc985000000-7fc985270000 rwxp 00000000 00:00 0 
7fc985270000-7fc994000000 ---p 00000000 00:00 0 
7fc994000000-7fc99494d000 rw-p 00000000 00:00 0 
7fc99494d000-7fc998000000 ---p 00000000 00:00 0 
7fc9980c4000-7fc9990a6000 rw-p 00000000 00:00 0 
7fc9990a6000-7fc99927e000 r--s 03d2a000 08:01 8784070                    /home/elixandrebaldi/jdk1.8.0_111/jre/lib/rt.jar
7fc99927e000-7fc999734000 rw-p 00000000 00:00 0 
7fc999734000-7fc999af4000 ---p 00000000 00:00 0 
7fc999af4000-7fc999ef4000 rw-p 00000000 00:00 0 
7fc999ef4000-7fc999ef5000 ---p 00000000 00:00 0 
7fc999ef5000-7fc999ff5000 rw-p 00000000 00:00 0 
7fc999ff5000-7fc999ff6000 ---p 00000000 00:00 0 
7fc999ff6000-7fc99a0f6000 rw-p 00000000 00:00 0 
7fc99a0f6000-7fc99a0f7000 ---p 00000000 00:00 0 
7fc99a0f7000-7fc99a1f7000 rw-p 00000000 00:00 0 
7fc99a1f7000-7fc99a1f8000 ---p 00000000 00:00 0 
7fc99a1f8000-7fc99a30c000 rw-p 00000000 00:00 0 
7fc99a30c000-7fc99a5a3000 ---p 00000000 00:00 0 
7fc99a5a3000-7fc99a5b7000 rw-p 00000000 00:00 0 
7fc99a5b7000-7fc99a84d000 ---p 00000000 00:00 0 
7fc99a84d000-7fc99a860000 rw-p 00000000 00:00 0 
7fc99a860000-7fc99a9a3000 ---p 00000000 00:00 0 
7fc99a9a3000-7fc99a9ae000 rw-p 00000000 00:00 0 
7fc99a9ae000-7fc99ad64000 ---p 00000000 00:00 0 
7fc99ad64000-7fc99ad7e000 r-xp 00000000 08:01 8783934                    /home/elixandrebaldi/jdk1.8.0_111/jre/lib/amd64/libzip.so
7fc99ad7e000-7fc99af7e000 ---p 0001a000 08:01 8783934                    /home/elixandrebaldi/jdk1.8.0_111/jre/lib/amd64/libzip.so
7fc99af7e000-7fc99af7f000 rw-p 0001a000 08:01 8783934                    /home/elixandrebaldi/jdk1.8.0_111/jre/lib/amd64/libzip.so
7fc99af7f000-7fc99af8a000 r-xp 00000000 08:01 3932251                    /lib/x86_64-linux-gnu/libnss_files-2.23.so
7fc99af8a000-7fc99b189000 ---p 0000b000 08:01 3932251                    /lib/x86_64-linux-gnu/libnss_files-2.23.so
7fc99b189000-7fc99b18a000 r--p 0000a000 08:01 3932251                    /lib/x86_64-linux-gnu/libnss_files-2.23.so
7fc99b18a000-7fc99b18b000 rw-p 0000b000 08:01 3932251                    /lib/x86_64-linux-gnu/libnss_files-2.23.so
7fc99b18b000-7fc99b191000 rw-p 00000000 00:00 0 
7fc99b191000-7fc99b19c000 r-xp 00000000 08:01 3932244                    /lib/x86_64-linux-gnu/libnss_nis-2.23.so
7fc99b19c000-7fc99b39b000 ---p 0000b000 08:01 3932244                    /lib/x86_64-linux-gnu/libnss_nis-2.23.so
7fc99b39b000-7fc99b39c000 r--p 0000a000 08:01 3932244                    /lib/x86_64-linux-gnu/libnss_nis-2.23.so
7fc99b39c000-7fc99b39d000 rw-p 0000b000 08:01 3932244                    /lib/x86_64-linux-gnu/libnss_nis-2.23.so
7fc99b39d000-7fc99b3b3000 r-xp 00000000 08:01 3932246                    /lib/x86_64-linux-gnu/libnsl-2.23.so
7fc99b3b3000-7fc99b5b2000 ---p 00016000 08:01 3932246                    /lib/x86_64-linux-gnu/libnsl-2.23.so
7fc99b5b2000-7fc99b5b3000 r--p 00015000 08:01 3932246                    /lib/x86_64-linux-gnu/libnsl-2.23.so
7fc99b5b3000-7fc99b5b4000 rw-p 00016000 08:01 3932246                    /lib/x86_64-linux-gnu/libnsl-2.23.so
7fc99b5b4000-7fc99b5b6000 rw-p 00000000 00:00 0 
7fc99b5b6000-7fc99b5be000 r-xp 00000000 08:01 3932253                    /lib/x86_64-linux-gnu/libnss_compat-2.23.so
7fc99b5be000-7fc99b7bd000 ---p 00008000 08:01 3932253                    /lib/x86_64-linux-gnu/libnss_compat-2.23.so
7fc99b7bd000-7fc99b7be000 r--p 00007000 08:01 3932253                    /lib/x86_64-linux-gnu/libnss_compat-2.23.so
7fc99b7be000-7fc99b7bf000 rw-p 00008000 08:01 3932253                    /lib/x86_64-linux-gnu/libnss_compat-2.23.so
7fc99b7bf000-7fc99b7ea000 r-xp 00000000 08:01 8783907                    /home/elixandrebaldi/jdk1.8.0_111/jre/lib/amd64/libjava.so
7fc99b7ea000-7fc99b9e9000 ---p 0002b000 08:01 8783907                    /home/elixandrebaldi/jdk1.8.0_111/jre/lib/amd64/libjava.so
7fc99b9e9000-7fc99b9eb000 rw-p 0002a000 08:01 8783907                    /home/elixandrebaldi/jdk1.8.0_111/jre/lib/amd64/libjava.so
7fc99b9eb000-7fc99b9f8000 r-xp 00000000 08:01 8783870                    /home/elixandrebaldi/jdk1.8.0_111/jre/lib/amd64/libverify.so
7fc99b9f8000-7fc99bbf7000 ---p 0000d000 08:01 8783870                    /home/elixandrebaldi/jdk1.8.0_111/jre/lib/amd64/libverify.so
7fc99bbf7000-7fc99bbf9000 rw-p 0000c000 08:01 8783870                    /home/elixandrebaldi/jdk1.8.0_111/jre/lib/amd64/libverify.so
7fc99bbf9000-7fc99bc00000 r-xp 00000000 08:01 3932254                    /lib/x86_64-linux-gnu/librt-2.23.so
7fc99bc00000-7fc99bdff000 ---p 00007000 08:01 3932254                    /lib/x86_64-linux-gnu/librt-2.23.so
7fc99bdff000-7fc99be00000 r--p 00006000 08:01 3932254                    /lib/x86_64-linux-gnu/librt-2.23.so
7fc99be00000-7fc99be01000 rw-p 00007000 08:01 3932254                    /lib/x86_64-linux-gnu/librt-2.23.so
7fc99be01000-7fc99bf09000 r-xp 00000000 08:01 3932245                    /lib/x86_64-linux-gnu/libm-2.23.so
7fc99bf09000-7fc99c108000 ---p 00108000 08:01 3932245                    /lib/x86_64-linux-gnu/libm-2.23.so
7fc99c108000-7fc99c109000 r--p 00107000 08:01 3932245                    /lib/x86_64-linux-gnu/libm-2.23.so
7fc99c109000-7fc99c10a000 rw-p 00108000 08:01 3932245                    /lib/x86_64-linux-gnu/libm-2.23.so
7fc99c10a000-7fc99cdd7000 r-xp 00000000 08:01 8783785                    /home/elixandrebaldi/jdk1.8.0_111/jre/lib/amd64/server/libjvm.so
7fc99cdd7000-7fc99cfd6000 ---p 00ccd000 08:01 8783785                    /home/elixandrebaldi/jdk1.8.0_111/jre/lib/amd64/server/libjvm.so
7fc99cfd6000-7fc99d0af000 rw-p 00ccc000 08:01 8783785                    /home/elixandrebaldi/jdk1.8.0_111/jre/lib/amd64/server/libjvm.so
7fc99d0af000-7fc99d0fa000 rw-p 00000000 00:00 0 
7fc99d0fa000-7fc99d2b9000 r-xp 00000000 08:01 3932247                    /lib/x86_64-linux-gnu/libc-2.23.so
7fc99d2b9000-7fc99d4b9000 ---p 001bf000 08:01 3932247                    /lib/x86_64-linux-gnu/libc-2.23.so
7fc99d4b9000-7fc99d4bd000 r--p 001bf000 08:01 3932247                    /lib/x86_64-linux-gnu/libc-2.23.so
7fc99d4bd000-7fc99d4bf000 rw-p 001c3000 08:01 3932247                    /lib/x86_64-linux-gnu/libc-2.23.so
7fc99d4bf000-7fc99d4c3000 rw-p 00000000 00:00 0 
7fc99d4c3000-7fc99d4c6000 r-xp 00000000 08:01 3932243                    /lib/x86_64-linux-gnu/libdl-2.23.so
7fc99d4c6000-7fc99d6c5000 ---p 00003000 08:01 3932243                    /lib/x86_64-linux-gnu/libdl-2.23.so
7fc99d6c5000-7fc99d6c6000 r--p 00002000 08:01 3932243                    /lib/x86_64-linux-gnu/libdl-2.23.so
7fc99d6c6000-7fc99d6c7000 rw-p 00003000 08:01 3932243                    /lib/x86_64-linux-gnu/libdl-2.23.so
7fc99d6c7000-7fc99d6dc000 r-xp 00000000 08:01 8783943                    /home/elixandrebaldi/jdk1.8.0_111/lib/amd64/jli/libjli.so
7fc99d6dc000-7fc99d8dc000 ---p 00015000 08:01 8783943                    /home/elixandrebaldi/jdk1.8.0_111/lib/amd64/jli/libjli.so
7fc99d8dc000-7fc99d8dd000 rw-p 00015000 08:01 8783943                    /home/elixandrebaldi/jdk1.8.0_111/lib/amd64/jli/libjli.so
7fc99d8dd000-7fc99d8f5000 r-xp 00000000 08:01 3932258                    /lib/x86_64-linux-gnu/libpthread-2.23.so
7fc99d8f5000-7fc99daf4000 ---p 00018000 08:01 3932258                    /lib/x86_64-linux-gnu/libpthread-2.23.so
7fc99daf4000-7fc99daf5000 r--p 00017000 08:01 3932258                    /lib/x86_64-linux-gnu/libpthread-2.23.so
7fc99daf5000-7fc99daf6000 rw-p 00018000 08:01 3932258                    /lib/x86_64-linux-gnu/libpthread-2.23.so
7fc99daf6000-7fc99dafa000 rw-p 00000000 00:00 0 
7fc99dafa000-7fc99db20000 r-xp 00000000 08:01 3932248                    /lib/x86_64-linux-gnu/ld-2.23.so
7fc99db31000-7fc99dbfd000 rw-p 00000000 00:00 0 
7fc99dbfd000-7fc99dc00000 ---p 00000000 00:00 0 
7fc99dc00000-7fc99dd02000 rw-p 00000000 00:00 0 
7fc99dd0b000-7fc99dd10000 r--s 00096000 08:01 8783911                    /home/elixandrebaldi/jdk1.8.0_111/jre/lib/jsse.jar
7fc99dd10000-7fc99dd13000 r--s 00f76000 08:01 8524426                    /home/elixandrebaldi/Documentos/VCubeDHT/simgrid.jar
7fc99dd13000-7fc99dd1b000 rw-s 00000000 08:01 2359392                    /tmp/hsperfdata_elixandrebaldi/9556 (deleted)
7fc99dd1b000-7fc99dd1c000 rw-p 00000000 00:00 0 
7fc99dd1c000-7fc99dd1d000 ---p 00000000 00:00 0 
7fc99dd1d000-7fc99dd1f000 rw-p 00000000 00:00 0 
7fc99dd1f000-7fc99dd20000 r--p 00025000 08:01 3932248                    /lib/x86_64-linux-gnu/ld-2.23.so
7fc99dd20000-7fc99dd21000 rw-p 00026000 08:01 3932248                    /lib/x86_64-linux-gnu/ld-2.23.so
7fc99dd21000-7fc99dd22000 rw-p 00000000 00:00 0 
7ffcd0720000-7ffcd0741000 rw-p 00000000 00:00 0                          [stack]
7ffcd074b000-7ffcd074d000 r--p 00000000 00:00 0                          [vvar]
7ffcd074d000-7ffcd074f000 r-xp 00000000 00:00 0                          [vdso]
ffffffffff600000-ffffffffff601000 r-xp 00000000 00:00 0                  [vsyscall]

VM Arguments:
jvm_args: -Dfile.encoding=UTF-8 -Xmx2048m 
java_command: vcube.VCube platform.xml deployment.xml
java_class_path (initial): /home/elixandrebaldi/Documentos/VCubeDHT/simgrid.jar:/home/elixandrebaldi/Documentos/VCubeDHT/VCube/build/classes
Launcher Type: SUN_STANDARD

Environment Variables:
PATH=/home/elixandrebaldi/bin:/home/elixandrebaldi/.local/bin:/usr/local/sbin:/usr/local/bin:/usr/sbin:/usr/bin:/sbin:/bin:/usr/games:/usr/local/games
LD_LIBRARY_PATH=/home/elixandrebaldi/jdk1.8.0_111/jre/lib/amd64:/home/elixandrebaldi/jdk1.8.0_111/jre/lib/i386:
SHELL=/bin/bash
DISPLAY=:0

Signal Handlers:
SIGSEGV: [libjvm.so+0xac64b0], sa_mask[0]=11111111011111111101111111111110, sa_flags=SA_RESTART|SA_SIGINFO
SIGBUS: [libjvm.so+0xac64b0], sa_mask[0]=11111111011111111101111111111110, sa_flags=SA_RESTART|SA_SIGINFO
SIGFPE: [libjvm.so+0x91f950], sa_mask[0]=11111111011111111101111111111110, sa_flags=SA_RESTART|SA_SIGINFO
SIGPIPE: [libjvm.so+0x91f950], sa_mask[0]=11111111011111111101111111111110, sa_flags=SA_RESTART|SA_SIGINFO
SIGXFSZ: [libjvm.so+0x91f950], sa_mask[0]=11111111011111111101111111111110, sa_flags=SA_RESTART|SA_SIGINFO
SIGILL: [libjvm.so+0x91f950], sa_mask[0]=11111111011111111101111111111110, sa_flags=SA_RESTART|SA_SIGINFO
SIGUSR1: SIG_DFL, sa_mask[0]=00000000000000000000000000000000, sa_flags=none
SIGUSR2: [libjvm.so+0x920f80], sa_mask[0]=00100000000000000000000000000000, sa_flags=SA_RESTART|SA_SIGINFO
SIGHUP: [libjvm.so+0x922380], sa_mask[0]=11111111011111111101111111111110, sa_flags=SA_RESTART|SA_SIGINFO
SIGINT: [libsimgrid.so+0x8ff50], sa_mask[0]=01000000000000000000000000000000, sa_flags=SA_RESTART
SIGTERM: [libjvm.so+0x922380], sa_mask[0]=11111111011111111101111111111110, sa_flags=SA_RESTART|SA_SIGINFO
SIGQUIT: [libjvm.so+0x922380], sa_mask[0]=11111111011111111101111111111110, sa_flags=SA_RESTART|SA_SIGINFO


---------------  S Y S T E M  ---------------

OS:DISTRIB_ID="elementary"
DISTRIB_RELEASE=0.4.1
DISTRIB_CODENAME=loki
DISTRIB_DESCRIPTION="elementary OS 0.4.1 Loki"

uname:Linux 4.4.0-79-generic #100-Ubuntu SMP Wed May 17 19:58:14 UTC 2017 x86_64
libc:glibc 2.23 NPTL 2.23 
rlimit: STACK 8192k, CORE 0k, NPROC 14991, NOFILE 65536, AS infinity
load average:0.87 0.78 0.72

/proc/meminfo:
MemTotal:        3878592 kB
MemFree:          784900 kB
MemAvailable:    1594592 kB
Buffers:          126548 kB
Cached:           967112 kB
SwapCached:          192 kB
Active:          1816084 kB
Inactive:        1032584 kB
Active(anon):    1237740 kB
Inactive(anon):   656880 kB
Active(file):     578344 kB
Inactive(file):   375704 kB
Unevictable:          48 kB
Mlocked:              48 kB
SwapTotal:       4025340 kB
SwapFree:        4022092 kB
Dirty:             12884 kB
Writeback:             0 kB
AnonPages:       1754876 kB
Mapped:           244852 kB
Shmem:            139604 kB
Slab:             147920 kB
SReclaimable:     116276 kB
SUnreclaim:        31644 kB
KernelStack:        8496 kB
PageTables:        31316 kB
NFS_Unstable:          0 kB
Bounce:                0 kB
WritebackTmp:          0 kB
CommitLimit:     5964636 kB
Committed_AS:    5114920 kB
VmallocTotal:   34359738367 kB
VmallocUsed:           0 kB
VmallocChunk:          0 kB
HardwareCorrupted:     0 kB
AnonHugePages:   1257472 kB
CmaTotal:              0 kB
CmaFree:               0 kB
HugePages_Total:       0
HugePages_Free:        0
HugePages_Rsvd:        0
HugePages_Surp:        0
Hugepagesize:       2048 kB
DirectMap4k:      144120 kB
DirectMap2M:     3883008 kB


CPU:total 4 (2 cores per cpu, 2 threads per core) family 6 model 58 stepping 9, cmov, cx8, fxsr, mmx, sse, sse2, sse3, ssse3, sse4.1, sse4.2, popcnt, avx, clmul, erms, ht, tsc, tscinvbit, tscinv

/proc/cpuinfo:
processor	: 0
vendor_id	: GenuineIntel
cpu family	: 6
model		: 58
model name	: Intel(R) Core(TM) i7-3517U CPU @ 1.90GHz
stepping	: 9
microcode	: 0x12
cpu MHz		: 2799.937
cache size	: 4096 KB
physical id	: 0
siblings	: 4
core id		: 0
cpu cores	: 2
apicid		: 0
initial apicid	: 0
fpu		: yes
fpu_exception	: yes
cpuid level	: 13
wp		: yes
flags		: fpu vme de pse tsc msr pae mce cx8 apic sep mtrr pge mca cmov pat pse36 clflush dts acpi mmx fxsr sse sse2 ss ht tm pbe syscall nx rdtscp lm constant_tsc arch_perfmon pebs bts rep_good nopl xtopology nonstop_tsc aperfmperf eagerfpu pni pclmulqdq dtes64 monitor ds_cpl vmx est tm2 ssse3 cx16 xtpr pdcm pcid sse4_1 sse4_2 x2apic popcnt tsc_deadline_timer xsave avx f16c rdrand lahf_lm epb tpr_shadow vnmi flexpriority ept vpid fsgsbase smep erms xsaveopt dtherm ida arat pln pts
bugs		:
bogomips	: 4789.43
clflush size	: 64
cache_alignment	: 64
address sizes	: 36 bits physical, 48 bits virtual
power management:

processor	: 1
vendor_id	: GenuineIntel
cpu family	: 6
model		: 58
model name	: Intel(R) Core(TM) i7-3517U CPU @ 1.90GHz
stepping	: 9
microcode	: 0x12
cpu MHz		: 2799.937
cache size	: 4096 KB
physical id	: 0
siblings	: 4
core id		: 0
cpu cores	: 2
apicid		: 1
initial apicid	: 1
fpu		: yes
fpu_exception	: yes
cpuid level	: 13
wp		: yes
flags		: fpu vme de pse tsc msr pae mce cx8 apic sep mtrr pge mca cmov pat pse36 clflush dts acpi mmx fxsr sse sse2 ss ht tm pbe syscall nx rdtscp lm constant_tsc arch_perfmon pebs bts rep_good nopl xtopology nonstop_tsc aperfmperf eagerfpu pni pclmulqdq dtes64 monitor ds_cpl vmx est tm2 ssse3 cx16 xtpr pdcm pcid sse4_1 sse4_2 x2apic popcnt tsc_deadline_timer xsave avx f16c rdrand lahf_lm epb tpr_shadow vnmi flexpriority ept vpid fsgsbase smep erms xsaveopt dtherm ida arat pln pts
bugs		:
bogomips	: 4789.43
clflush size	: 64
cache_alignment	: 64
address sizes	: 36 bits physical, 48 bits virtual
power management:

processor	: 2
vendor_id	: GenuineIntel
cpu family	: 6
model		: 58
model name	: Intel(R) Core(TM) i7-3517U CPU @ 1.90GHz
stepping	: 9
microcode	: 0x12
cpu MHz		: 2799.937
cache size	: 4096 KB
physical id	: 0
siblings	: 4
core id		: 1
cpu cores	: 2
apicid		: 2
initial apicid	: 2
fpu		: yes
fpu_exception	: yes
cpuid level	: 13
wp		: yes
flags		: fpu vme de pse tsc msr pae mce cx8 apic sep mtrr pge mca cmov pat pse36 clflush dts acpi mmx fxsr sse sse2 ss ht tm pbe syscall nx rdtscp lm constant_tsc arch_perfmon pebs bts rep_good nopl xtopology nonstop_tsc aperfmperf eagerfpu pni pclmulqdq dtes64 monitor ds_cpl vmx est tm2 ssse3 cx16 xtpr pdcm pcid sse4_1 sse4_2 x2apic popcnt tsc_deadline_timer xsave avx f16c rdrand lahf_lm epb tpr_shadow vnmi flexpriority ept vpid fsgsbase smep erms xsaveopt dtherm ida arat pln pts
bugs		:
bogomips	: 4789.43
clflush size	: 64
cache_alignment	: 64
address sizes	: 36 bits physical, 48 bits virtual
power management:

processor	: 3
vendor_id	: GenuineIntel
cpu family	: 6
model		: 58
model name	: Intel(R) Core(TM) i7-3517U CPU @ 1.90GHz
stepping	: 9
microcode	: 0x12
cpu MHz		: 2799.937
cache size	: 4096 KB
physical id	: 0
siblings	: 4
core id		: 1
cpu cores	: 2
apicid		: 3
initial apicid	: 3
fpu		: yes
fpu_exception	: yes
cpuid level	: 13
wp		: yes
flags		: fpu vme de pse tsc msr pae mce cx8 apic sep mtrr pge mca cmov pat pse36 clflush dts acpi mmx fxsr sse sse2 ss ht tm pbe syscall nx rdtscp lm constant_tsc arch_perfmon pebs bts rep_good nopl xtopology nonstop_tsc aperfmperf eagerfpu pni pclmulqdq dtes64 monitor ds_cpl vmx est tm2 ssse3 cx16 xtpr pdcm pcid sse4_1 sse4_2 x2apic popcnt tsc_deadline_timer xsave avx f16c rdrand lahf_lm epb tpr_shadow vnmi flexpriority ept vpid fsgsbase smep erms xsaveopt dtherm ida arat pln pts
bugs		:
bogomips	: 4789.43
clflush size	: 64
cache_alignment	: 64
address sizes	: 36 bits physical, 48 bits virtual
power management:



Memory: 4k page, physical 3878592k(784900k free), swap 4025340k(4022092k free)

vm_info: Java HotSpot(TM) 64-Bit Server VM (25.111-b14) for linux-amd64 JRE (1.8.0_111-b14), built on Sep 22 2016 16:14:03 by "java_re" with gcc 4.3.0 20080428 (Red Hat 4.3.0-8)

time: Tue Jun 13 22:36:51 2017
elapsed time: 2 seconds (0d 0h 0m 2s)

