#
# A fatal error has been detected by the Java Runtime Environment:
#
#  SIGSEGV (0xb) at pc=0x00007fc46a4e176b, pid=7646, tid=140481287436032
#
# JRE version: Java(TM) SE Runtime Environment (7.0_80-b15) (build 1.7.0_80-b15)
# Java VM: Java HotSpot(TM) 64-Bit Server VM (24.80-b11 mixed mode linux-amd64 compressed oops)
# Problematic frame:
# C  [libc.so.6+0x8076b]  _IO_str_seekoff+0x299b
#
# Failed to write core dump. Core dumps have been disabled. To enable core dumping, try "ulimit -c unlimited" before starting Java again
#
# If you would like to submit a bug report, please visit:
#   http://bugreport.java.com/bugreport/crash.jsp
# The crash happened outside the Java Virtual Machine in native code.
# See problematic frame for where to report the bug.
#

---------------  T H R E A D  ---------------

Current thread (0x00007fc464070800):  JavaThread "Finalizer" daemon [_thread_in_native, id=7657, stack(0x00007fc4592c3000,0x00007fc4593c4000)]

siginfo:si_signo=SIGSEGV: si_errno=0, si_code=1 (SEGV_MAPERR), si_addr=0x00007fc47e650f78

Registers:
RAX=0x00007fc40c3e6930, RBX=0x00007fc40c039d00, RCX=0x00007fc4593c29a0, RDX=0xffffffff8d9e8d90
RSP=0x00007fc4593c2830, RBP=0x0000000072617270, RSI=0x0000000000000001, RDI=0x0000000000000000
R8 =0x00000000bfbb6868, R9 =0x0000000000000001, R10=0x0000000000000018, R11=0x00007fc46a436de8
R12=0x00007fc47e650f70, R13=0x00007fc40c000020, R14=0x00007fc4593c2ac8, R15=0x00007fc464070800
RIP=0x00007fc46a4e176b, EFLAGS=0x0000000000010202, CSGSFS=0x0000000000000033, ERR=0x0000000000000004
  TRAPNO=0x000000000000000e

Top of Stack: (sp=0x00007fc4593c2830)
0x00007fc4593c2830:   00007fc4593c28b0 0000000069a36291
0x00007fc4593c2840:   00007fc464070800 000001c8a7894900
0x00007fc4593c2850:   00007fc469fcad7a 00007fc4140345a0
0x00007fc4593c2860:   00007fc42bcf2ce0 00007fc414034510
0x00007fc4593c2870:   00007fc4593c2a58 00007fc400000001
0x00007fc4593c2880:   00007fc4140345a0 00007fc46a4e57ec
0x00007fc4593c2890:   00007fc4593c28b0 00007fc469dcaeaf
0x00007fc4593c28a0:   00000000bfacf990 00007fc40c039c40
0x00007fc4593c28b0:   00007fc42bcf2ce0 0000000000000000
0x00007fc4593c28c0:   00007fc4593c2a58 00007fc4593c2ac8
0x00007fc4593c28d0:   00007fc464070800 00007fc46a4e57ec
0x00007fc4593c28e0:   0000007f6405b420 00007fc4140345a0
0x00007fc4593c28f0:   00007fc4593c2920 00007fc414034490
0x00007fc4593c2900:   00007fc42bcf2ce0 00007fc40c039c40
0x00007fc4593c2910:   00007fc42bcf2ce0 0000000000000000
0x00007fc4593c2920:   00007fc4593c2a58 00007fc42b87b683
0x00007fc4593c2930:   0000000000000000 00007fc464070800
0x00007fc4593c2940:   00007fc464070800 00007fc4593c2a28
0x00007fc4593c2950:   00007fc4593c2990 0000000000000000
0x00007fc4593c2960:   00007fc4593c2990 00007fc464071000
0x00007fc4593c2970:   00000000ed3088b0 00007fc42b267de7
0x00007fc4593c2980:   00007fc46a432800 0000000000000000
0x00007fc4593c2990:   00007fc4593c29e0 00007fc461077406
0x00007fc4593c29a0:   00000000c4dda930 00007fc400000000
0x00007fc4593c29b0:   00007fc4593c2aa8 00007fc4593c2a68
0x00007fc4593c29c0:   00007fc464070800 00007fc464070800
0x00007fc4593c29d0:   00000000ed47e7e0 00000000bfacf8b0
0x00007fc4593c29e0:   00000000c4dda930 00007fc4610728e0
0x00007fc4593c29f0:   00007fc4593c2ac8 00000000ed32b810
0x00007fc4593c2a00:   00000000ed4f9e20 00007fc469be37d6
0x00007fc4593c2a10:   00000000ed308908 00007fc4593c2a60
0x00007fc4593c2a20:   0000000000000009 0000000000000003 

Instructions: (pc=0x00007fc46a4e176b)
0x00007fc46a4e174b:   4c 8d 24 2e c7 44 24 48 00 00 00 00 48 39 c6 0f
0x00007fc46a4e175b:   84 70 09 00 00 41 f6 45 04 02 0f 84 85 08 00 00
0x00007fc46a4e176b:   49 8b 44 24 08 a8 01 0f 84 98 08 00 00 49 89 c7
0x00007fc46a4e177b:   49 83 e7 f8 48 83 f8 10 0f 86 e7 06 00 00 4d 3b 

Register to memory mapping:

RAX=0x00007fc40c3e6930 is an unknown value
RBX=0x00007fc40c039d00 is an unknown value
RCX=0x00007fc4593c29a0 is pointing into the stack for thread: 0x00007fc464070800
RDX=0xffffffff8d9e8d90 is an unknown value
RSP=0x00007fc4593c2830 is pointing into the stack for thread: 0x00007fc464070800
RBP=0x0000000072617270 is an unknown value
RSI=0x0000000000000001 is an unknown value
RDI=0x0000000000000000 is an unknown value
R8 =0x00000000bfbb6868 is an oop
{instance class} 
 - klass: {other class}
R9 =0x0000000000000001 is an unknown value
R10=0x0000000000000018 is an unknown value
R11=0x00007fc46a436de8: <offset 0xe4fde8> in /home/elixandre/jdk1.7.0_80/jre/lib/amd64/server/libjvm.so at 0x00007fc4695e7000
R12=0x00007fc47e650f70 is an unknown value
R13=0x00007fc40c000020 is an unknown value
R14=0x00007fc4593c2ac8 is pointing into the stack for thread: 0x00007fc464070800
R15=0x00007fc464070800 is a thread


Stack: [0x00007fc4592c3000,0x00007fc4593c4000],  sp=0x00007fc4593c2830,  free space=1022k
Native frames: (J=compiled Java code, j=interpreted, Vv=VM code, C=native code)
C  [libc.so.6+0x8076b]  _IO_str_seekoff+0x299b

[error occurred during error reporting (printing native stack), id 0xb]

Java frames: (J=compiled Java code, j=interpreted, Vv=VM code)
J 57  org.simgrid.msg.Task.nativeFinalize()V (0 bytes) @ 0x00007fc461077398 [0x00007fc461077360+0x38]
J 51 C2 java.lang.ref.Finalizer.access$100(Ljava/lang/ref/Finalizer;Lsun/misc/JavaLangAccess;)V (6 bytes) @ 0x00007fc4610728e0 [0x00007fc461072720+0x1c0]
j  java.lang.ref.Finalizer$FinalizerThread.run()V+45
v  ~StubRoutines::call_stub

---------------  P R O C E S S  ---------------

Java Threads: ( => current thread )
  0x00007fc400001000 JavaThread "Thread-8" [_thread_in_native, id=7670, stack(0x00007fc412ffe000,0x00007fc4137ff000)]
  0x00007fc408001000 JavaThread "Thread-6" [_thread_in_native, id=7669, stack(0x00007fc4137ff000,0x00007fc414000000)]
  0x00007fc418001000 JavaThread "Thread-4" [_thread_in_native, id=7667, stack(0x00007fc428a57000,0x00007fc429258000)]
  0x00007fc40c001000 JavaThread "Thread-5" [_thread_in_native, id=7668, stack(0x00007fc428256000,0x00007fc428a57000)]
  0x00007fc414001000 JavaThread "Thread-7" [_thread_in_native, id=7666, stack(0x00007fc429258000,0x00007fc429a59000)]
  0x00007fc420001000 JavaThread "Thread-2" [_thread_in_native, id=7664, stack(0x00007fc42a25a000,0x00007fc42aa5b000)]
  0x00007fc41c001000 JavaThread "Thread-3" [_thread_in_native, id=7665, stack(0x00007fc429a59000,0x00007fc42a25a000)]
  0x00007fc424001000 JavaThread "Thread-1" [_thread_in_native, id=7663, stack(0x00007fc42aa5b000,0x00007fc42b25c000)]
  0x00007fc464099000 JavaThread "Service Thread" daemon [_thread_blocked, id=7661, stack(0x00007fc4587dc000,0x00007fc4588dd000)]
  0x00007fc464096800 JavaThread "C2 CompilerThread1" daemon [_thread_blocked, id=7660, stack(0x00007fc4588dd000,0x00007fc4589de000)]
  0x00007fc464093800 JavaThread "C2 CompilerThread0" daemon [_thread_blocked, id=7659, stack(0x00007fc4589de000,0x00007fc458adf000)]
  0x00007fc464091800 JavaThread "Signal Dispatcher" daemon [_thread_blocked, id=7658, stack(0x00007fc458adf000,0x00007fc458be0000)]
=>0x00007fc464070800 JavaThread "Finalizer" daemon [_thread_in_native, id=7657, stack(0x00007fc4592c3000,0x00007fc4593c4000)]
  0x00007fc46406e000 JavaThread "Reference Handler" daemon [_thread_blocked, id=7656, stack(0x00007fc4593c4000,0x00007fc4594c5000)]
  0x00007fc464009800 JavaThread "main" [_thread_in_native, id=7650, stack(0x00007fc46af65000,0x00007fc46b066000)]

Other Threads:
  0x00007fc46406a000 VMThread [stack: 0x00007fc4594c5000,0x00007fc4595c6000] [id=7655]
  0x00007fc4640a4000 WatcherThread [stack: 0x00007fc4586db000,0x00007fc4587dc000] [id=7662]

VM state:not at safepoint (normal execution)

VM Mutex/Monitor currently owned by a thread: None

Heap
 PSYoungGen      total 17920K, used 4359K [0x00000000ec400000, 0x00000000ed800000, 0x0000000100000000)
  eden space 15360K, 11% used [0x00000000ec400000,0x00000000ec5c9db8,0x00000000ed300000)
  from space 2560K, 98% used [0x00000000ed300000,0x00000000ed578020,0x00000000ed580000)
  to   space 2560K, 0% used [0x00000000ed580000,0x00000000ed580000,0x00000000ed800000)
 ParOldGen       total 40448K, used 8196K [0x00000000c4c00000, 0x00000000c7380000, 0x00000000ec400000)
  object space 40448K, 20% used [0x00000000c4c00000,0x00000000c5401370,0x00000000c7380000)
 PSPermGen       total 21504K, used 3555K [0x00000000bfa00000, 0x00000000c0f00000, 0x00000000c4c00000)
  object space 21504K, 16% used [0x00000000bfa00000,0x00000000bfd78e80,0x00000000c0f00000)

Card table byte_map: [0x00007fc468047000,0x00007fc46824b000] byte_map_base: 0x00007fc467a4a000

Polling page: 0x00007fc46b082000

Code Cache  [0x00007fc461000000, 0x00007fc461270000, 0x00007fc464000000)
 total_blobs=264 nmethods=59 adapters=159 free_code_cache=48650Kb largest_free_block=49793216

Compilation events (10 events):
Event: 4.327 Thread 0x00007fc464093800   54   !         java.lang.ref.Finalizer::remove (94 bytes)
Event: 4.328 Thread 0x00007fc464096800 nmethod 52 0x00007fc461071a10 code [0x00007fc461071ba0, 0x00007fc4610721f8]
Event: 4.328 Thread 0x00007fc464096800   55             java.lang.System$2::invokeFinalize (5 bytes)
Event: 4.329 Thread 0x00007fc464096800 nmethod 55 0x00007fc461076190 code [0x00007fc4610762e0, 0x00007fc4610763b8]
Event: 4.329 Thread 0x00007fc464096800   56   !         org.simgrid.msg.Task::finalize (18 bytes)
Event: 4.329 Thread 0x00007fc464093800 nmethod 54 0x00007fc46106ddd0 code [0x00007fc46106df20, 0x00007fc46106e218]
Event: 4.329 Thread 0x00007fc464093800   58             java.lang.ref.Reference::clear (6 bytes)
Event: 4.329 Thread 0x00007fc464093800 nmethod 58 0x00007fc461071750 code [0x00007fc461071880, 0x00007fc4610718d8]
Event: 4.329 Thread 0x00007fc464093800   59 % !         java.lang.ref.Finalizer$FinalizerThread::run @ 33 (55 bytes)
Event: 4.330 Thread 0x00007fc464096800 nmethod 56 0x00007fc46106db10 code [0x00007fc46106dc60, 0x00007fc46106dcf8]

GC Heap History (2 events):
Event: 4.229 GC heap before
{Heap before GC invocations=1 (full 0):
 PSYoungGen      total 17920K, used 15360K [0x00000000ec400000, 0x00000000ed800000, 0x0000000100000000)
  eden space 15360K, 100% used [0x00000000ec400000,0x00000000ed300000,0x00000000ed300000)
  from space 2560K, 0% used [0x00000000ed580000,0x00000000ed580000,0x00000000ed800000)
  to   space 2560K, 0% used [0x00000000ed300000,0x00000000ed300000,0x00000000ed580000)
 ParOldGen       total 40448K, used 0K [0x00000000c4c00000, 0x00000000c7380000, 0x00000000ec400000)
  object space 40448K, 0% used [0x00000000c4c00000,0x00000000c4c00000,0x00000000c7380000)
 PSPermGen       total 21504K, used 3550K [0x00000000bfa00000, 0x00000000c0f00000, 0x00000000c4c00000)
  object space 21504K, 16% used [0x00000000bfa00000,0x00000000bfd779b8,0x00000000c0f00000)
Event: 4.260 GC heap after
Heap after GC invocations=1 (full 0):
 PSYoungGen      total 17920K, used 2528K [0x00000000ec400000, 0x00000000ed800000, 0x0000000100000000)
  eden space 15360K, 0% used [0x00000000ec400000,0x00000000ec400000,0x00000000ed300000)
  from space 2560K, 98% used [0x00000000ed300000,0x00000000ed578020,0x00000000ed580000)
  to   space 2560K, 0% used [0x00000000ed580000,0x00000000ed580000,0x00000000ed800000)
 ParOldGen       total 40448K, used 8196K [0x00000000c4c00000, 0x00000000c7380000, 0x00000000ec400000)
  object space 40448K, 20% used [0x00000000c4c00000,0x00000000c5401370,0x00000000c7380000)
 PSPermGen       total 21504K, used 3550K [0x00000000bfa00000, 0x00000000c0f00000, 0x00000000c4c00000)
  object space 21504K, 16% used [0x00000000bfa00000,0x00000000bfd779b8,0x00000000c0f00000)
}

Deoptimization events (1 events):
Event: 4.306 Thread 0x00007fc46406e000 Uncommon trap: reason=unstable_if action=reinterpret pc=0x00007fc46107524c method=java.lang.ref.Reference$ReferenceHandler.run()V @ 23

Internal exceptions (10 events):
Event: 0.483 Thread 0x00007fc424001000 Threw 0x00000000ec7fc7c8 at /HUDSON/workspace/7u-2-build-linux-amd64/jdk7u80/2329/hotspot/src/share/vm/prims/jni.cpp:743
Event: 0.491 Thread 0x00007fc424001000 Threw 0x00000000ec7fec70 at /HUDSON/workspace/7u-2-build-linux-amd64/jdk7u80/2329/hotspot/src/share/vm/prims/jni.cpp:743
Event: 0.498 Thread 0x00007fc424001000 Threw 0x00000000ec801118 at /HUDSON/workspace/7u-2-build-linux-amd64/jdk7u80/2329/hotspot/src/share/vm/prims/jni.cpp:743
Event: 0.504 Thread 0x00007fc424001000 Threw 0x00000000ec8035c0 at /HUDSON/workspace/7u-2-build-linux-amd64/jdk7u80/2329/hotspot/src/share/vm/prims/jni.cpp:743
Event: 0.515 Thread 0x00007fc424001000 Threw 0x00000000ec805a68 at /HUDSON/workspace/7u-2-build-linux-amd64/jdk7u80/2329/hotspot/src/share/vm/prims/jni.cpp:743
Event: 0.525 Thread 0x00007fc424001000 Threw 0x00000000ec807f10 at /HUDSON/workspace/7u-2-build-linux-amd64/jdk7u80/2329/hotspot/src/share/vm/prims/jni.cpp:743
Event: 0.532 Thread 0x00007fc424001000 Threw 0x00000000ec80a3b8 at /HUDSON/workspace/7u-2-build-linux-amd64/jdk7u80/2329/hotspot/src/share/vm/prims/jni.cpp:743
Event: 0.541 Thread 0x00007fc424001000 Threw 0x00000000ec80c860 at /HUDSON/workspace/7u-2-build-linux-amd64/jdk7u80/2329/hotspot/src/share/vm/prims/jni.cpp:743
Event: 0.547 Thread 0x00007fc424001000 Threw 0x00000000ec80ed08 at /HUDSON/workspace/7u-2-build-linux-amd64/jdk7u80/2329/hotspot/src/share/vm/prims/jni.cpp:743
Event: 0.554 Thread 0x00007fc40c001000 Threw 0x00000000ec674fc0 at /HUDSON/workspace/7u-2-build-linux-amd64/jdk7u80/2329/hotspot/src/share/vm/prims/jni.cpp:743

Events (10 events):
Event: 4.302 Executing VM operation: RevokeBias done
Event: 4.302 Executing VM operation: RevokeBias
Event: 4.303 Executing VM operation: RevokeBias done
Event: 4.303 Executing VM operation: RevokeBias
Event: 4.303 Executing VM operation: RevokeBias done
Event: 4.303 Executing VM operation: RevokeBias
Event: 4.303 Executing VM operation: RevokeBias done
Event: 4.306 Thread 0x00007fc46406e000 Uncommon trap: trap_request=0xffffff75 fr.pc=0x00007fc46107524c
Event: 4.306 Thread 0x00007fc46406e000 DEOPT PACKING pc=0x00007fc46107524c sp=0x00007fc4594c3900
Event: 4.306 Thread 0x00007fc46406e000 DEOPT UNPACKING pc=0x00007fc461039445 sp=0x00007fc4594c38a0 mode 2


Dynamic libraries:
00400000-00401000 r-xp 00000000 08:07 663942                             /home/elixandre/jdk1.7.0_80/bin/java
00600000-00601000 rw-p 00000000 08:07 663942                             /home/elixandre/jdk1.7.0_80/bin/java
025d1000-025f2000 rw-p 00000000 00:00 0                                  [heap]
bfa00000-c0f00000 rw-p 00000000 00:00 0 
c0f00000-c4c00000 rw-p 00000000 00:00 0 
c4c00000-c7380000 rw-p 00000000 00:00 0 
c7380000-ec400000 rw-p 00000000 00:00 0 
ec400000-ed800000 rw-p 00000000 00:00 0 
ed800000-100000000 rw-p 00000000 00:00 0 
7fc400000000-7fc4003e2000 rw-p 00000000 00:00 0 
7fc4003e2000-7fc404000000 ---p 00000000 00:00 0 
7fc408000000-7fc4083e2000 rw-p 00000000 00:00 0 
7fc4083e2000-7fc40c000000 ---p 00000000 00:00 0 
7fc40c000000-7fc40c3e7000 rw-p 00000000 00:00 0 
7fc40c3e7000-7fc410000000 ---p 00000000 00:00 0 
7fc412ffe000-7fc413001000 ---p 00000000 00:00 0 
7fc413001000-7fc4137ff000 rw-p 00000000 00:00 0 
7fc4137ff000-7fc413802000 ---p 00000000 00:00 0 
7fc413802000-7fc414000000 rw-p 00000000 00:00 0 
7fc414000000-7fc4143e1000 rw-p 00000000 00:00 0 
7fc4143e1000-7fc418000000 ---p 00000000 00:00 0 
7fc418000000-7fc4183f8000 rw-p 00000000 00:00 0 
7fc4183f8000-7fc41c000000 ---p 00000000 00:00 0 
7fc41c000000-7fc41c3f8000 rw-p 00000000 00:00 0 
7fc41c3f8000-7fc420000000 ---p 00000000 00:00 0 
7fc420000000-7fc4203f8000 rw-p 00000000 00:00 0 
7fc4203f8000-7fc424000000 ---p 00000000 00:00 0 
7fc424000000-7fc425bf4000 rw-p 00000000 00:00 0 
7fc425bf4000-7fc428000000 ---p 00000000 00:00 0 
7fc428256000-7fc428259000 ---p 00000000 00:00 0 
7fc428259000-7fc428a57000 rw-p 00000000 00:00 0 
7fc428a57000-7fc428a5a000 ---p 00000000 00:00 0 
7fc428a5a000-7fc429258000 rw-p 00000000 00:00 0 
7fc429258000-7fc42925b000 ---p 00000000 00:00 0 
7fc42925b000-7fc429a59000 rw-p 00000000 00:00 0 
7fc429a59000-7fc429a5c000 ---p 00000000 00:00 0 
7fc429a5c000-7fc42a25a000 rw-p 00000000 00:00 0 
7fc42a25a000-7fc42a25d000 ---p 00000000 00:00 0 
7fc42a25d000-7fc42aa5b000 rw-p 00000000 00:00 0 
7fc42aa5b000-7fc42aa5e000 ---p 00000000 00:00 0 
7fc42aa5e000-7fc42b25c000 rw-p 00000000 00:00 0 
7fc42b25c000-7fc42b274000 r-xp 00000000 08:07 544878                     /tmp/simgrid-java1408967645639155469/libsimgrid-java.so
7fc42b274000-7fc42b474000 ---p 00018000 08:07 544878                     /tmp/simgrid-java1408967645639155469/libsimgrid-java.so
7fc42b474000-7fc42b475000 rw-p 00018000 08:07 544878                     /tmp/simgrid-java1408967645639155469/libsimgrid-java.so
7fc42b475000-7fc42b5e8000 r-xp 00000000 08:07 1059329                    /usr/lib/x86_64-linux-gnu/libstdc++.so.6.0.21
7fc42b5e8000-7fc42b7e7000 ---p 00173000 08:07 1059329                    /usr/lib/x86_64-linux-gnu/libstdc++.so.6.0.21
7fc42b7e7000-7fc42b7f1000 r--p 00172000 08:07 1059329                    /usr/lib/x86_64-linux-gnu/libstdc++.so.6.0.21
7fc42b7f1000-7fc42b7f3000 rw-p 0017c000 08:07 1059329                    /usr/lib/x86_64-linux-gnu/libstdc++.so.6.0.21
7fc42b7f3000-7fc42b7f7000 rw-p 00000000 00:00 0 
7fc42b7f7000-7fc42babc000 r-xp 00000000 08:07 544877                     /tmp/simgrid-java1408967645639155469/libsimgrid.so
7fc42babc000-7fc42bcbc000 ---p 002c5000 08:07 544877                     /tmp/simgrid-java1408967645639155469/libsimgrid.so
7fc42bcbc000-7fc42bcf7000 rw-p 002c5000 08:07 544877                     /tmp/simgrid-java1408967645639155469/libsimgrid.so
7fc42bcf7000-7fc42c000000 rw-p 00000000 00:00 0 
7fc42c000000-7fc42c021000 rw-p 00000000 00:00 0 
7fc42c021000-7fc430000000 ---p 00000000 00:00 0 
7fc430000000-7fc430021000 rw-p 00000000 00:00 0 
7fc430021000-7fc434000000 ---p 00000000 00:00 0 
7fc434000000-7fc435185000 rw-p 00000000 00:00 0 
7fc435185000-7fc438000000 ---p 00000000 00:00 0 
7fc438000000-7fc438060000 rw-p 00000000 00:00 0 
7fc438060000-7fc43c000000 ---p 00000000 00:00 0 
7fc43c000000-7fc43c021000 rw-p 00000000 00:00 0 
7fc43c021000-7fc440000000 ---p 00000000 00:00 0 
7fc440000000-7fc440021000 rw-p 00000000 00:00 0 
7fc440021000-7fc444000000 ---p 00000000 00:00 0 
7fc444000000-7fc444021000 rw-p 00000000 00:00 0 
7fc444021000-7fc448000000 ---p 00000000 00:00 0 
7fc448000000-7fc448021000 rw-p 00000000 00:00 0 
7fc448021000-7fc44c000000 ---p 00000000 00:00 0 
7fc44c000000-7fc44c021000 rw-p 00000000 00:00 0 
7fc44c021000-7fc450000000 ---p 00000000 00:00 0 
7fc450000000-7fc450021000 rw-p 00000000 00:00 0 
7fc450021000-7fc454000000 ---p 00000000 00:00 0 
7fc454000000-7fc454021000 rw-p 00000000 00:00 0 
7fc454021000-7fc458000000 ---p 00000000 00:00 0 
7fc45809c000-7fc4580b2000 r-xp 00000000 08:07 528568                     /lib/x86_64-linux-gnu/libgcc_s.so.1
7fc4580b2000-7fc4582b1000 ---p 00016000 08:07 528568                     /lib/x86_64-linux-gnu/libgcc_s.so.1
7fc4582b1000-7fc4582b2000 r--p 00015000 08:07 528568                     /lib/x86_64-linux-gnu/libgcc_s.so.1
7fc4582b2000-7fc4582b3000 rw-p 00016000 08:07 528568                     /lib/x86_64-linux-gnu/libgcc_s.so.1
7fc4582b3000-7fc4582ca000 r-xp 00000000 08:07 663689                     /home/elixandre/jdk1.7.0_80/jre/lib/amd64/libnet.so
7fc4582ca000-7fc4584c9000 ---p 00017000 08:07 663689                     /home/elixandre/jdk1.7.0_80/jre/lib/amd64/libnet.so
7fc4584c9000-7fc4584ca000 rw-p 00016000 08:07 663689                     /home/elixandre/jdk1.7.0_80/jre/lib/amd64/libnet.so
7fc4584ca000-7fc4584da000 r-xp 00000000 08:07 663688                     /home/elixandre/jdk1.7.0_80/jre/lib/amd64/libnio.so
7fc4584da000-7fc4586da000 ---p 00010000 08:07 663688                     /home/elixandre/jdk1.7.0_80/jre/lib/amd64/libnio.so
7fc4586da000-7fc4586db000 rw-p 00010000 08:07 663688                     /home/elixandre/jdk1.7.0_80/jre/lib/amd64/libnio.so
7fc4586db000-7fc4586dc000 ---p 00000000 00:00 0 
7fc4586dc000-7fc4587dc000 rw-p 00000000 00:00 0 
7fc4587dc000-7fc4587df000 ---p 00000000 00:00 0 
7fc4587df000-7fc4588dd000 rw-p 00000000 00:00 0 
7fc4588dd000-7fc4588e0000 ---p 00000000 00:00 0 
7fc4588e0000-7fc4589de000 rw-p 00000000 00:00 0 
7fc4589de000-7fc4589e1000 ---p 00000000 00:00 0 
7fc4589e1000-7fc458adf000 rw-p 00000000 00:00 0 
7fc458adf000-7fc458ae2000 ---p 00000000 00:00 0 
7fc458ae2000-7fc458be0000 rw-p 00000000 00:00 0 
7fc458be0000-7fc4592c3000 r--p 00000000 08:07 1055607                    /usr/lib/locale/locale-archive
7fc4592c3000-7fc4592c6000 ---p 00000000 00:00 0 
7fc4592c6000-7fc4593c4000 rw-p 00000000 00:00 0 
7fc4593c4000-7fc4593c7000 ---p 00000000 00:00 0 
7fc4593c7000-7fc4594c5000 rw-p 00000000 00:00 0 
7fc4594c5000-7fc4594c6000 ---p 00000000 00:00 0 
7fc4594c6000-7fc45c000000 rw-p 00000000 00:00 0 
7fc45c000000-7fc45c021000 rw-p 00000000 00:00 0 
7fc45c021000-7fc460000000 ---p 00000000 00:00 0 
7fc46000f000-7fc460604000 rw-p 00000000 00:00 0 
7fc460604000-7fc4607c4000 r--s 039fb000 08:07 663892                     /home/elixandre/jdk1.7.0_80/jre/lib/rt.jar
7fc4607c4000-7fc460ac0000 rw-p 00000000 00:00 0 
7fc460ac0000-7fc460ac1000 ---p 00000000 00:00 0 
7fc460ac1000-7fc460bc1000 rw-p 00000000 00:00 0 
7fc460bc1000-7fc460bc2000 ---p 00000000 00:00 0 
7fc460bc2000-7fc460cc2000 rw-p 00000000 00:00 0 
7fc460cc2000-7fc460cc3000 ---p 00000000 00:00 0 
7fc460cc3000-7fc460dc3000 rw-p 00000000 00:00 0 
7fc460dc3000-7fc460dc4000 ---p 00000000 00:00 0 
7fc460dc4000-7fc460ed8000 rw-p 00000000 00:00 0 
7fc460ed8000-7fc461000000 rw-p 00000000 00:00 0 
7fc461000000-7fc461270000 rwxp 00000000 00:00 0 
7fc461270000-7fc464413000 rw-p 00000000 00:00 0 
7fc464413000-7fc468000000 ---p 00000000 00:00 0 
7fc46801e000-7fc468029000 rw-p 00000000 00:00 0 
7fc468029000-7fc468047000 rw-p 00000000 00:00 0 
7fc468047000-7fc468052000 rw-p 00000000 00:00 0 
7fc468052000-7fc468070000 rw-p 00000000 00:00 0 
7fc468070000-7fc468084000 rw-p 00000000 00:00 0 
7fc468084000-7fc4681ac000 rw-p 00000000 00:00 0 
7fc4681ac000-7fc4681b6000 rw-p 00000000 00:00 0 
7fc4681b6000-7fc46824a000 rw-p 00000000 00:00 0 
7fc46824a000-7fc46824b000 rw-p 00000000 00:00 0 
7fc46824b000-7fc468262000 r-xp 00000000 08:07 663687                     /home/elixandre/jdk1.7.0_80/jre/lib/amd64/libzip.so
7fc468262000-7fc468462000 ---p 00017000 08:07 663687                     /home/elixandre/jdk1.7.0_80/jre/lib/amd64/libzip.so
7fc468462000-7fc468463000 rw-p 00017000 08:07 663687                     /home/elixandre/jdk1.7.0_80/jre/lib/amd64/libzip.so
7fc468463000-7fc46846d000 r-xp 00000000 08:07 529521                     /lib/x86_64-linux-gnu/libnss_files-2.21.so
7fc46846d000-7fc46866d000 ---p 0000a000 08:07 529521                     /lib/x86_64-linux-gnu/libnss_files-2.21.so
7fc46866d000-7fc46866e000 r--p 0000a000 08:07 529521                     /lib/x86_64-linux-gnu/libnss_files-2.21.so
7fc46866e000-7fc46866f000 rw-p 0000b000 08:07 529521                     /lib/x86_64-linux-gnu/libnss_files-2.21.so
7fc46866f000-7fc46867a000 r-xp 00000000 08:07 529535                     /lib/x86_64-linux-gnu/libnss_nis-2.21.so
7fc46867a000-7fc468879000 ---p 0000b000 08:07 529535                     /lib/x86_64-linux-gnu/libnss_nis-2.21.so
7fc468879000-7fc46887a000 r--p 0000a000 08:07 529535                     /lib/x86_64-linux-gnu/libnss_nis-2.21.so
7fc46887a000-7fc46887b000 rw-p 0000b000 08:07 529535                     /lib/x86_64-linux-gnu/libnss_nis-2.21.so
7fc46887b000-7fc468892000 r-xp 00000000 08:07 529538                     /lib/x86_64-linux-gnu/libnsl-2.21.so
7fc468892000-7fc468a91000 ---p 00017000 08:07 529538                     /lib/x86_64-linux-gnu/libnsl-2.21.so
7fc468a91000-7fc468a92000 r--p 00016000 08:07 529538                     /lib/x86_64-linux-gnu/libnsl-2.21.so
7fc468a92000-7fc468a93000 rw-p 00017000 08:07 529538                     /lib/x86_64-linux-gnu/libnsl-2.21.so
7fc468a93000-7fc468a95000 rw-p 00000000 00:00 0 
7fc468a95000-7fc468a9d000 r-xp 00000000 08:07 529523                     /lib/x86_64-linux-gnu/libnss_compat-2.21.so
7fc468a9d000-7fc468c9c000 ---p 00008000 08:07 529523                     /lib/x86_64-linux-gnu/libnss_compat-2.21.so
7fc468c9c000-7fc468c9d000 r--p 00007000 08:07 529523                     /lib/x86_64-linux-gnu/libnss_compat-2.21.so
7fc468c9d000-7fc468c9e000 rw-p 00008000 08:07 529523                     /lib/x86_64-linux-gnu/libnss_compat-2.21.so
7fc468c9e000-7fc468cc7000 r-xp 00000000 08:07 663623                     /home/elixandre/jdk1.7.0_80/jre/lib/amd64/libjava.so
7fc468cc7000-7fc468ec7000 ---p 00029000 08:07 663623                     /home/elixandre/jdk1.7.0_80/jre/lib/amd64/libjava.so
7fc468ec7000-7fc468ec9000 rw-p 00029000 08:07 663623                     /home/elixandre/jdk1.7.0_80/jre/lib/amd64/libjava.so
7fc468ec9000-7fc468ed6000 r-xp 00000000 08:07 663501                     /home/elixandre/jdk1.7.0_80/jre/lib/amd64/libverify.so
7fc468ed6000-7fc4690d5000 ---p 0000d000 08:07 663501                     /home/elixandre/jdk1.7.0_80/jre/lib/amd64/libverify.so
7fc4690d5000-7fc4690d7000 rw-p 0000c000 08:07 663501                     /home/elixandre/jdk1.7.0_80/jre/lib/amd64/libverify.so
7fc4690d7000-7fc4690de000 r-xp 00000000 08:07 529522                     /lib/x86_64-linux-gnu/librt-2.21.so
7fc4690de000-7fc4692dd000 ---p 00007000 08:07 529522                     /lib/x86_64-linux-gnu/librt-2.21.so
7fc4692dd000-7fc4692de000 r--p 00006000 08:07 529522                     /lib/x86_64-linux-gnu/librt-2.21.so
7fc4692de000-7fc4692df000 rw-p 00007000 08:07 529522                     /lib/x86_64-linux-gnu/librt-2.21.so
7fc4692df000-7fc4693e6000 r-xp 00000000 08:07 529524                     /lib/x86_64-linux-gnu/libm-2.21.so
7fc4693e6000-7fc4695e5000 ---p 00107000 08:07 529524                     /lib/x86_64-linux-gnu/libm-2.21.so
7fc4695e5000-7fc4695e6000 r--p 00106000 08:07 529524                     /lib/x86_64-linux-gnu/libm-2.21.so
7fc4695e6000-7fc4695e7000 rw-p 00107000 08:07 529524                     /lib/x86_64-linux-gnu/libm-2.21.so
7fc4695e7000-7fc46a15d000 r-xp 00000000 08:07 663273                     /home/elixandre/jdk1.7.0_80/jre/lib/amd64/server/libjvm.so
7fc46a15d000-7fc46a35c000 ---p 00b76000 08:07 663273                     /home/elixandre/jdk1.7.0_80/jre/lib/amd64/server/libjvm.so
7fc46a35c000-7fc46a420000 rw-p 00b75000 08:07 663273                     /home/elixandre/jdk1.7.0_80/jre/lib/amd64/server/libjvm.so
7fc46a420000-7fc46a461000 rw-p 00000000 00:00 0 
7fc46a461000-7fc46a621000 r-xp 00000000 08:07 529541                     /lib/x86_64-linux-gnu/libc-2.21.so
7fc46a621000-7fc46a821000 ---p 001c0000 08:07 529541                     /lib/x86_64-linux-gnu/libc-2.21.so
7fc46a821000-7fc46a825000 r--p 001c0000 08:07 529541                     /lib/x86_64-linux-gnu/libc-2.21.so
7fc46a825000-7fc46a827000 rw-p 001c4000 08:07 529541                     /lib/x86_64-linux-gnu/libc-2.21.so
7fc46a827000-7fc46a82b000 rw-p 00000000 00:00 0 
7fc46a82b000-7fc46a82e000 r-xp 00000000 08:07 529528                     /lib/x86_64-linux-gnu/libdl-2.21.so
7fc46a82e000-7fc46aa2d000 ---p 00003000 08:07 529528                     /lib/x86_64-linux-gnu/libdl-2.21.so
7fc46aa2d000-7fc46aa2e000 r--p 00002000 08:07 529528                     /lib/x86_64-linux-gnu/libdl-2.21.so
7fc46aa2e000-7fc46aa2f000 rw-p 00003000 08:07 529528                     /lib/x86_64-linux-gnu/libdl-2.21.so
7fc46aa2f000-7fc46aa44000 r-xp 00000000 08:07 663695                     /home/elixandre/jdk1.7.0_80/lib/amd64/jli/libjli.so
7fc46aa44000-7fc46ac43000 ---p 00015000 08:07 663695                     /home/elixandre/jdk1.7.0_80/lib/amd64/jli/libjli.so
7fc46ac43000-7fc46ac44000 rw-p 00014000 08:07 663695                     /home/elixandre/jdk1.7.0_80/lib/amd64/jli/libjli.so
7fc46ac44000-7fc46ac5c000 r-xp 00000000 08:07 529525                     /lib/x86_64-linux-gnu/libpthread-2.21.so
7fc46ac5c000-7fc46ae5c000 ---p 00018000 08:07 529525                     /lib/x86_64-linux-gnu/libpthread-2.21.so
7fc46ae5c000-7fc46ae5d000 r--p 00018000 08:07 529525                     /lib/x86_64-linux-gnu/libpthread-2.21.so
7fc46ae5d000-7fc46ae5e000 rw-p 00019000 08:07 529525                     /lib/x86_64-linux-gnu/libpthread-2.21.so
7fc46ae5e000-7fc46ae62000 rw-p 00000000 00:00 0 
7fc46ae62000-7fc46ae86000 r-xp 00000000 08:07 529539                     /lib/x86_64-linux-gnu/ld-2.21.so
7fc46ae90000-7fc46aeaf000 rw-p 00000000 00:00 0 
7fc46aeaf000-7fc46af65000 rw-p 00000000 00:00 0 
7fc46af65000-7fc46af68000 ---p 00000000 00:00 0 
7fc46af68000-7fc46b06a000 rw-p 00000000 00:00 0 
7fc46b071000-7fc46b072000 rw-p 00000000 00:00 0 
7fc46b072000-7fc46b076000 r--s 0008b000 08:07 663627                     /home/elixandre/jdk1.7.0_80/jre/lib/jsse.jar
7fc46b076000-7fc46b079000 r--s 00f76000 08:07 542783                     /home/elixandre/Downloads/simgrid.jar
7fc46b079000-7fc46b081000 rw-s 00000000 08:07 544865                     /tmp/hsperfdata_elixandre/7646
7fc46b081000-7fc46b082000 rw-p 00000000 00:00 0 
7fc46b082000-7fc46b083000 r--p 00000000 00:00 0 
7fc46b083000-7fc46b085000 rw-p 00000000 00:00 0 
7fc46b085000-7fc46b086000 r--p 00023000 08:07 529539                     /lib/x86_64-linux-gnu/ld-2.21.so
7fc46b086000-7fc46b087000 rw-p 00024000 08:07 529539                     /lib/x86_64-linux-gnu/ld-2.21.so
7fc46b087000-7fc46b088000 rw-p 00000000 00:00 0 
7fff6f905000-7fff6f926000 rw-p 00000000 00:00 0                          [stack]
7fff6f99b000-7fff6f99d000 r--p 00000000 00:00 0                          [vvar]
7fff6f99d000-7fff6f99f000 r-xp 00000000 00:00 0                          [vdso]
ffffffffff600000-ffffffffff601000 r-xp 00000000 00:00 0                  [vsyscall]

VM Arguments:
jvm_args: -Dfile.encoding=UTF-8 
java_command: vcube.VCube platform.xml deployment.xml
Launcher Type: SUN_STANDARD

Environment Variables:
PATH=/usr/local/sbin:/usr/local/bin:/usr/sbin:/usr/bin:/sbin:/bin:/usr/games:/usr/local/games:/home/elixandre/.rvm/bin
LD_LIBRARY_PATH=/home/elixandre/jdk1.7.0_80/jre/lib/amd64:/home/elixandre/jdk1.7.0_80/jre/lib/i386:
SHELL=/bin/bash
DISPLAY=:0

Signal Handlers:
SIGSEGV: [libjvm.so+0x9a3b20], sa_mask[0]=0x7ffbfeff, sa_flags=0x10000004
SIGBUS: [libjvm.so+0x9a3b20], sa_mask[0]=0x7ffbfeff, sa_flags=0x10000004
SIGFPE: [libjvm.so+0x81e740], sa_mask[0]=0x7ffbfeff, sa_flags=0x10000004
SIGPIPE: [libjvm.so+0x81e740], sa_mask[0]=0x7ffbfeff, sa_flags=0x10000004
SIGXFSZ: [libjvm.so+0x81e740], sa_mask[0]=0x7ffbfeff, sa_flags=0x10000004
SIGILL: [libjvm.so+0x81e740], sa_mask[0]=0x7ffbfeff, sa_flags=0x10000004
SIGUSR1: SIG_DFL, sa_mask[0]=0x00000000, sa_flags=0x00000000
SIGUSR2: [libjvm.so+0x81ffb0], sa_mask[0]=0x00000004, sa_flags=0x10000004
SIGHUP: [libjvm.so+0x8210d0], sa_mask[0]=0x7ffbfeff, sa_flags=0x10000004
SIGINT: [libsimgrid.so+0x8ff50], sa_mask[0]=0x00000002, sa_flags=0x10000000
SIGTERM: [libjvm.so+0x8210d0], sa_mask[0]=0x7ffbfeff, sa_flags=0x10000004
SIGQUIT: [libjvm.so+0x8210d0], sa_mask[0]=0x7ffbfeff, sa_flags=0x10000004


---------------  S Y S T E M  ---------------

OS:jessie/sid

uname:Linux 4.2.0-42-generic #49-Ubuntu SMP Tue Jun 28 21:26:26 UTC 2016 x86_64
libc:glibc 2.21 NPTL 2.21 
rlimit: STACK 8192k, CORE 0k, NPROC 15009, NOFILE 65536, AS infinity
load average:0.57 0.52 0.45

/proc/meminfo:
MemTotal:        3879128 kB
MemFree:         1442452 kB
MemAvailable:    2084936 kB
Buffers:           56648 kB
Cached:           851020 kB
SwapCached:         6744 kB
Active:          1508392 kB
Inactive:         754324 kB
Active(anon):     934812 kB
Inactive(anon):   540740 kB
Active(file):     573580 kB
Inactive(file):   213584 kB
Unevictable:          32 kB
Mlocked:              32 kB
SwapTotal:        975868 kB
SwapFree:         890340 kB
Dirty:             24256 kB
Writeback:             0 kB
AnonPages:       1351156 kB
Mapped:           204556 kB
Shmem:            120508 kB
Slab:              81472 kB
SReclaimable:      48512 kB
SUnreclaim:        32960 kB
KernelStack:        8784 kB
PageTables:        32160 kB
NFS_Unstable:          0 kB
Bounce:                0 kB
WritebackTmp:          0 kB
CommitLimit:     2915432 kB
Committed_AS:    4851564 kB
VmallocTotal:   34359738367 kB
VmallocUsed:      347648 kB
VmallocChunk:   34358947836 kB
HardwareCorrupted:     0 kB
AnonHugePages:    964608 kB
CmaTotal:              0 kB
CmaFree:               0 kB
HugePages_Total:       0
HugePages_Free:        0
HugePages_Rsvd:        0
HugePages_Surp:        0
Hugepagesize:       2048 kB
DirectMap4k:      127736 kB
DirectMap2M:     3899392 kB


CPU:total 4 (2 cores per cpu, 2 threads per core) family 6 model 58 stepping 9, cmov, cx8, fxsr, mmx, sse, sse2, sse3, ssse3, sse4.1, sse4.2, popcnt, avx, erms, ht, tsc, tscinvbit, tscinv

/proc/cpuinfo:
processor	: 0
vendor_id	: GenuineIntel
cpu family	: 6
model		: 58
model name	: Intel(R) Core(TM) i7-3517U CPU @ 1.90GHz
stepping	: 9
microcode	: 0x12
cpu MHz		: 2799.937
cache size	: 4096 KB
physical id	: 0
siblings	: 4
core id		: 0
cpu cores	: 2
apicid		: 0
initial apicid	: 0
fpu		: yes
fpu_exception	: yes
cpuid level	: 13
wp		: yes
flags		: fpu vme de pse tsc msr pae mce cx8 apic sep mtrr pge mca cmov pat pse36 clflush dts acpi mmx fxsr sse sse2 ss ht tm pbe syscall nx rdtscp lm constant_tsc arch_perfmon pebs bts rep_good nopl xtopology nonstop_tsc aperfmperf eagerfpu pni pclmulqdq dtes64 monitor ds_cpl vmx est tm2 ssse3 cx16 xtpr pdcm pcid sse4_1 sse4_2 x2apic popcnt tsc_deadline_timer xsave avx f16c rdrand lahf_lm ida arat epb pln pts dtherm tpr_shadow vnmi flexpriority ept vpid fsgsbase smep erms xsaveopt
bugs		:
bogomips	: 4788.88
clflush size	: 64
cache_alignment	: 64
address sizes	: 36 bits physical, 48 bits virtual
power management:

processor	: 1
vendor_id	: GenuineIntel
cpu family	: 6
model		: 58
model name	: Intel(R) Core(TM) i7-3517U CPU @ 1.90GHz
stepping	: 9
microcode	: 0x12
cpu MHz		: 2799.937
cache size	: 4096 KB
physical id	: 0
siblings	: 4
core id		: 0
cpu cores	: 2
apicid		: 1
initial apicid	: 1
fpu		: yes
fpu_exception	: yes
cpuid level	: 13
wp		: yes
flags		: fpu vme de pse tsc msr pae mce cx8 apic sep mtrr pge mca cmov pat pse36 clflush dts acpi mmx fxsr sse sse2 ss ht tm pbe syscall nx rdtscp lm constant_tsc arch_perfmon pebs bts rep_good nopl xtopology nonstop_tsc aperfmperf eagerfpu pni pclmulqdq dtes64 monitor ds_cpl vmx est tm2 ssse3 cx16 xtpr pdcm pcid sse4_1 sse4_2 x2apic popcnt tsc_deadline_timer xsave avx f16c rdrand lahf_lm ida arat epb pln pts dtherm tpr_shadow vnmi flexpriority ept vpid fsgsbase smep erms xsaveopt
bugs		:
bogomips	: 4788.88
clflush size	: 64
cache_alignment	: 64
address sizes	: 36 bits physical, 48 bits virtual
power management:

processor	: 2
vendor_id	: GenuineIntel
cpu family	: 6
model		: 58
model name	: Intel(R) Core(TM) i7-3517U CPU @ 1.90GHz
stepping	: 9
microcode	: 0x12
cpu MHz		: 2799.937
cache size	: 4096 KB
physical id	: 0
siblings	: 4
core id		: 1
cpu cores	: 2
apicid		: 2
initial apicid	: 2
fpu		: yes
fpu_exception	: yes
cpuid level	: 13
wp		: yes
flags		: fpu vme de pse tsc msr pae mce cx8 apic sep mtrr pge mca cmov pat pse36 clflush dts acpi mmx fxsr sse sse2 ss ht tm pbe syscall nx rdtscp lm constant_tsc arch_perfmon pebs bts rep_good nopl xtopology nonstop_tsc aperfmperf eagerfpu pni pclmulqdq dtes64 monitor ds_cpl vmx est tm2 ssse3 cx16 xtpr pdcm pcid sse4_1 sse4_2 x2apic popcnt tsc_deadline_timer xsave avx f16c rdrand lahf_lm ida arat epb pln pts dtherm tpr_shadow vnmi flexpriority ept vpid fsgsbase smep erms xsaveopt
bugs		:
bogomips	: 4788.88
clflush size	: 64
cache_alignment	: 64
address sizes	: 36 bits physical, 48 bits virtual
power management:

processor	: 3
vendor_id	: GenuineIntel
cpu family	: 6
model		: 58
model name	: Intel(R) Core(TM) i7-3517U CPU @ 1.90GHz
stepping	: 9
microcode	: 0x12
cpu MHz		: 2799.937
cache size	: 4096 KB
physical id	: 0
siblings	: 4
core id		: 1
cpu cores	: 2
apicid		: 3
initial apicid	: 3
fpu		: yes
fpu_exception	: yes
cpuid level	: 13
wp		: yes
flags		: fpu vme de pse tsc msr pae mce cx8 apic sep mtrr pge mca cmov pat pse36 clflush dts acpi mmx fxsr sse sse2 ss ht tm pbe syscall nx rdtscp lm constant_tsc arch_perfmon pebs bts rep_good nopl xtopology nonstop_tsc aperfmperf eagerfpu pni pclmulqdq dtes64 monitor ds_cpl vmx est tm2 ssse3 cx16 xtpr pdcm pcid sse4_1 sse4_2 x2apic popcnt tsc_deadline_timer xsave avx f16c rdrand lahf_lm ida arat epb pln pts dtherm tpr_shadow vnmi flexpriority ept vpid fsgsbase smep erms xsaveopt
bugs		:
bogomips	: 4788.88
clflush size	: 64
cache_alignment	: 64
address sizes	: 36 bits physical, 48 bits virtual
power management:



Memory: 4k page, physical 3879128k(1442452k free), swap 975868k(890340k free)

vm_info: Java HotSpot(TM) 64-Bit Server VM (24.80-b11) for linux-amd64 JRE (1.7.0_80-b15), built on Apr 10 2015 19:53:14 by "java_re" with gcc 4.3.0 20080428 (Red Hat 4.3.0-8)

time: Mon May  1 16:05:19 2017
elapsed time: 4 seconds

