#
# A fatal error has been detected by the Java Runtime Environment:
#
#  SIGSEGV (0xb) at pc=0x00007f3455703263, pid=4070, tid=0x00007f3457efe700
#
# JRE version: Java(TM) SE Runtime Environment (8.0_111-b14) (build 1.8.0_111-b14)
# Java VM: Java HotSpot(TM) 64-Bit Server VM (25.111-b14 mixed mode linux-amd64 compressed oops)
# Problematic frame:
# C  [libsimgrid.so+0x190263]  xbt_dynar_member+0x23
#
# Failed to write core dump. Core dumps have been disabled. To enable core dumping, try "ulimit -c unlimited" before starting Java again
#
# If you would like to submit a bug report, please visit:
#   http://bugreport.java.com/bugreport/crash.jsp
#

---------------  T H R E A D  ---------------

Current thread (0x00007f3478077800):  VMThread [stack: 0x00007f3457dfe000,0x00007f3457eff000] [id=4080]

siginfo: si_signo: 11 (SIGSEGV), si_code: 1 (SEGV_MAPERR), si_addr: 0x0000000000000000

Registers:
RAX=0x0000000000000000, RBX=0x00007f3455a6f700, RCX=0x00007f33dc282460, RDX=0x00007f3457efea30
RSP=0x00007f3457efd810, RBP=0x00007f3478172e10, RSI=0x00007f3457efd9b8, RDI=0x00007f3457efd8d0
R8 =0x00007f3478169e20, R9 =0x00007f3478169e20, R10=0x0000000000000c58, R11=0x00007f3455703240
R12=0x00007f3455a7a790, R13=0x00007f3478152e40, R14=0x00000000000003d8, R15=0x00007f3478026e88
RIP=0x00007f3455703263, EFLAGS=0x0000000000010202, CSGSFS=0x0000000000000033, ERR=0x0000000000000004
  TRAPNO=0x000000000000000e

Top of Stack: (sp=0x00007f3457efd810)
0x00007f3457efd810:   0000000000000000 0000000000000000
0x00007f3457efd820:   00007f3478169e90 00007f3457efd9b8
0x00007f3457efd830:   0000000000000000 0000000000000000
0x00007f3457efd840:   0000000000000000 0000000000000000
0x00007f3457efd850:   0000000000000000 0000000000000000
0x00007f3457efd860:   0000000000000000 0000000000000000
0x00007f3457efd870:   0000000000000000 0000000000000000
0x00007f3457efd880:   0000ff00000000ff 00000000ff000000
0x00007f3457efd890:   0000000000000000 0000000000000000
0x00007f3457efd8a0:   0000000000000000 0000000000000000
0x00007f3457efd8b0:   0000000000000000 0000000000000000
0x00007f3457efd8c0:   0000000042c80000 0000000000000000
0x00007f3457efd8d0:   0000000000000000 0000000000000000
0x00007f3457efd8e0:   0063002f00650067 0034003800650066
0x00007f3457efd8f0:   0000000000000000 0000000000000000
0x00007f3457efd900:   00007f3455a3a400 00007f3478179c80
0x00007f3457efd910:   00007f3478152e40 00007f34556f9a0a
0x00007f3457efd920:   00007f33dc26f420 00007f3455a3a400
0x00007f3457efd930:   00007f3478179c80 00007f3455769286
0x00007f3457efd940:   00007f34781b12d0 00007f33dc282460
0x00007f3457efd950:   0000000000000000 00007f3457efd9b8
0x00007f3457efd960:   00007f3478169e90 00007f3478169e20
0x00007f3457efd970:   00007f3478169e20 00007f3455a72a98
0x00007f3457efd980:   00007f347816c080 0000000000000001
0x00007f3457efd990:   00007f3455a6f700 00007f34781512b0
0x00007f3457efd9a0:   00007f3455a6f700 00007f345572034f
0x00007f3457efd9b0:   0000000000000000 00007f3478179c80
0x00007f3457efd9c0:   0063002f00650067 0034003800650066
0x00007f3457efd9d0:   0000000000000000 00007f3455a72a98
0x00007f3457efd9e0:   00007f347816c080 0000000000000001
0x00007f3457efd9f0:   00007f3478152e40 00007f3455701d37
0x00007f3457efda00:   00007f3478152e40 00007f3455a72098 

Instructions: (pc=0x00007f3455703263)
0x00007f3455703243:   ec 90 01 00 00 48 8b 05 01 a2 33 00 48 89 7c 24
0x00007f3455703253:   10 48 89 74 24 18 ff 10 48 8d bc 24 c0 00 00 00
0x00007f3455703263:   48 8b 08 48 89 04 24 48 89 38 48 89 4c 24 08 e8
0x00007f3455703273:   79 31 ed ff 85 c0 74 75 48 8b 14 24 c7 42 08 01 

Register to memory mapping:

RAX=0x0000000000000000 is an unknown value
RBX=0x00007f3455a6f700: _simgrid_log_category__simix_process+0 in /tmp/simgrid-java5580916095401853444/libsimgrid.so at 0x00007f3455573000
RCX=0x00007f33dc282460 is an unknown value
RDX=0x00007f3457efea30 is an unknown value
RSP=0x00007f3457efd810 is an unknown value
RBP=0x00007f3478172e10 is an unknown value
RSI=0x00007f3457efd9b8 is an unknown value
RDI=0x00007f3457efd8d0 is an unknown value
R8 =0x00007f3478169e20 is an unknown value
R9 =0x00007f3478169e20 is an unknown value
R10=0x0000000000000c58 is an unknown value
R11=0x00007f3455703240: xbt_dynar_member+0 in /tmp/simgrid-java5580916095401853444/libsimgrid.so at 0x00007f3455573000
R12=0x00007f3455a7a790: simix_global+0 in /tmp/simgrid-java5580916095401853444/libsimgrid.so at 0x00007f3455573000
R13=0x00007f3478152e40 is an unknown value
R14=0x00000000000003d8 is an unknown value
R15=0x00007f3478026e88 is an unknown value


Stack: [0x00007f3457dfe000,0x00007f3457eff000],  sp=0x00007f3457efd810,  free space=1022k
Native frames: (J=compiled Java code, j=interpreted, Vv=VM code, C=native code)
C  [libsimgrid.so+0x190263]  xbt_dynar_member+0x23

VM_Operation (0x00007f34545bf5d0): Exit, mode: safepoint, requested by thread 0x00007f343c001000


---------------  P R O C E S S  ---------------

Java Threads: ( => current thread )
  0x00007f343c001000 JavaThread "SIGTERM handler" daemon [_thread_blocked, id=4193, stack(0x00007f34544c0000,0x00007f34545c1000)]
  0x00007f33e8001000 JavaThread "Thread-15" [_thread_in_native, id=4104, stack(0x00007f33e37ff000,0x00007f33e4000000)]
  0x00007f33e4001000 JavaThread "Thread-13" [_thread_in_native, id=4103, stack(0x00007f34187f9000,0x00007f3418ffa000)]
  0x00007f33ec001000 JavaThread "Thread-10" [_thread_in_native, id=4101, stack(0x00007f34197fb000,0x00007f3419ffc000)]
  0x00007f33f0001000 JavaThread "Thread-14" [_thread_in_native, id=4102, stack(0x00007f3418ffa000,0x00007f34197fb000)]
  0x00007f33f8001000 JavaThread "Thread-16" [_thread_in_native, id=4100, stack(0x00007f3419ffc000,0x00007f341a7fd000)]
  0x00007f33f4001000 JavaThread "Thread-12" [_thread_blocked, id=4099, stack(0x00007f341a7fd000,0x00007f341affe000)]
  0x00007f3400001000 JavaThread "Thread-11" [_thread_in_native, id=4098, stack(0x00007f341affe000,0x00007f341b7ff000)]
  0x00007f33fc001000 JavaThread "Thread-8" [_thread_in_native, id=4097, stack(0x00007f341b7ff000,0x00007f341c000000)]
  0x00007f3408001000 JavaThread "Thread-9" [_thread_in_native, id=4096, stack(0x00007f34287f9000,0x00007f3428ffa000)]
  0x00007f3404001000 JavaThread "Thread-7" [_thread_in_native, id=4095, stack(0x00007f3428ffa000,0x00007f34297fb000)]
  0x00007f3410001000 JavaThread "Thread-6" [_thread_in_native, id=4094, stack(0x00007f34297fb000,0x00007f3429ffc000)]
  0x00007f3414001000 JavaThread "Thread-5" [_thread_in_native, id=4092, stack(0x00007f342a7fd000,0x00007f342affe000)]
  0x00007f340c001000 JavaThread "Thread-4" [_thread_in_native, id=4093, stack(0x00007f3429ffc000,0x00007f342a7fd000)]
  0x00007f3420001000 JavaThread "Thread-3" [_thread_in_native, id=4091, stack(0x00007f342affe000,0x00007f342b7ff000)]
  0x00007f341c001000 JavaThread "Thread-2" [_thread_in_native, id=4090, stack(0x00007f342b7ff000,0x00007f342c000000)]
  0x00007f3424001000 JavaThread "Thread-1" [_thread_in_native, id=4089, stack(0x00007f34545c1000,0x00007f3454dc2000)]
  0x00007f34780da000 JavaThread "Service Thread" daemon [_thread_blocked, id=4087, stack(0x00007f34562a5000,0x00007f34563a6000)]
  0x00007f34780bd000 JavaThread "C1 CompilerThread2" daemon [_thread_blocked, id=4086, stack(0x00007f34563a6000,0x00007f34564a7000)]
  0x00007f34780bb000 JavaThread "C2 CompilerThread1" daemon [_thread_blocked, id=4085, stack(0x00007f34564a7000,0x00007f34565a8000)]
  0x00007f34780b8800 JavaThread "C2 CompilerThread0" daemon [_thread_blocked, id=4084, stack(0x00007f34565a8000,0x00007f34566a9000)]
  0x00007f3478084000 JavaThread "Finalizer" daemon [_thread_blocked, id=4082, stack(0x00007f3457bfc000,0x00007f3457cfd000)]
  0x00007f347807f000 JavaThread "Reference Handler" daemon [_thread_blocked, id=4081, stack(0x00007f3457cfd000,0x00007f3457dfe000)]
  0x00007f347800a000 JavaThread "main" [_thread_in_native, id=4073, stack(0x00007f347e2d5000,0x00007f347e3d6000)]

Other Threads:
=>0x00007f3478077800 VMThread [stack: 0x00007f3457dfe000,0x00007f3457eff000] [id=4080]

VM state:at safepoint (shutting down)

VM Mutex/Monitor currently owned by a thread:  ([mutex/lock_event])
[0x00007f34780060f0] Threads_lock - owner thread: 0x00007f3478077800

Heap:
 PSYoungGen      total 153088K, used 138075K [0x00000000ec400000, 0x00000000f6e80000, 0x0000000100000000)
  eden space 131584K, 88% used [0x00000000ec400000,0x00000000f35dacd8,0x00000000f4480000)
  from space 21504K, 99% used [0x00000000f4480000,0x00000000f597c010,0x00000000f5980000)
  to   space 21504K, 0% used [0x00000000f5980000,0x00000000f5980000,0x00000000f6e80000)
 ParOldGen       total 349696K, used 1428K [0x00000000c4c00000, 0x00000000da180000, 0x00000000ec400000)
  object space 349696K, 0% used [0x00000000c4c00000,0x00000000c4d65370,0x00000000da180000)
 Metaspace       used 3758K, capacity 4704K, committed 4864K, reserved 1056768K
  class space    used 417K, capacity 464K, committed 512K, reserved 1048576K

Card table byte_map: [0x00007f3467dde000,0x00007f3467fb9000] byte_map_base: 0x00007f34677b8000

Marking Bits: (ParMarkBitMap*) 0x00007f347d7a5220
 Begin Bits: [0x00007f3465afe000, 0x00007f34669ce000)
 End Bits:   [0x00007f34669ce000, 0x00007f346789e000)

Polling page: 0x00007f347e3f4000

CodeCache: size=245760Kb used=2545Kb max_used=2558Kb free=243214Kb
 bounds [0x00007f3468379000, 0x00007f3468609000, 0x00007f3477379000]
 total_blobs=480 nmethods=217 adapters=177
 compilation: enabled

Compilation events (10 events):
Event: 16.082 Thread 0x00007f34780bd000  210       3       java.lang.ref.Reference::clear (6 bytes)
Event: 16.082 Thread 0x00007f34780bd000 nmethod 210 0x00007f346855eed0 code [0x00007f346855f020, 0x00007f346855f190]
Event: 16.085 Thread 0x00007f34780bd000  214       1       java.lang.ref.Finalizer::access$000 (4 bytes)
Event: 16.085 Thread 0x00007f34780bd000 nmethod 214 0x00007f34684dbad0 code [0x00007f34684dbc20, 0x00007f34684dbd10]
Event: 16.092 Thread 0x00007f34780bb000  215       4       java.lang.ref.ReferenceQueue::reallyPoll (66 bytes)
Event: 16.094 Thread 0x00007f34780bb000 nmethod 215 0x00007f346855eb50 code [0x00007f346855eca0, 0x00007f346855edf8]
Event: 16.094 Thread 0x00007f34780bb000  216       4       java.lang.ref.ReferenceQueue::remove (6 bytes)
Event: 16.095 Thread 0x00007f34780b8800  217   !   4       java.lang.ref.ReferenceQueue::remove (125 bytes)
Event: 16.107 Thread 0x00007f34780bb000 nmethod 216 0x00007f346855b3d0 code [0x00007f346855b560, 0x00007f346855bb10]
Event: 16.108 Thread 0x00007f34780b8800 nmethod 217 0x00007f34685d1ad0 code [0x00007f34685d1c60, 0x00007f34685d23f0]

GC Heap History (2 events):
Event: 15.930 GC heap before
{Heap before GC invocations=1 (full 0):
 PSYoungGen      total 153088K, used 131584K [0x00000000ec400000, 0x00000000f6e80000, 0x0000000100000000)
  eden space 131584K, 100% used [0x00000000ec400000,0x00000000f4480000,0x00000000f4480000)
  from space 21504K, 0% used [0x00000000f5980000,0x00000000f5980000,0x00000000f6e80000)
  to   space 21504K, 0% used [0x00000000f4480000,0x00000000f4480000,0x00000000f5980000)
 ParOldGen       total 349696K, used 0K [0x00000000c4c00000, 0x00000000da180000, 0x00000000ec400000)
  object space 349696K, 0% used [0x00000000c4c00000,0x00000000c4c00000,0x00000000da180000)
 Metaspace       used 3733K, capacity 4704K, committed 4864K, reserved 1056768K
  class space    used 414K, capacity 464K, committed 512K, reserved 1048576K
Event: 16.058 GC heap after
Heap after GC invocations=1 (full 0):
 PSYoungGen      total 153088K, used 21488K [0x00000000ec400000, 0x00000000f6e80000, 0x0000000100000000)
  eden space 131584K, 0% used [0x00000000ec400000,0x00000000ec400000,0x00000000f4480000)
  from space 21504K, 99% used [0x00000000f4480000,0x00000000f597c010,0x00000000f5980000)
  to   space 21504K, 0% used [0x00000000f5980000,0x00000000f5980000,0x00000000f6e80000)
 ParOldGen       total 349696K, used 1428K [0x00000000c4c00000, 0x00000000da180000, 0x00000000ec400000)
  object space 349696K, 0% used [0x00000000c4c00000,0x00000000c4d65370,0x00000000da180000)
 Metaspace       used 3733K, capacity 4704K, committed 4864K, reserved 1056768K
  class space    used 414K, capacity 464K, committed 512K, reserved 1048576K
}

Deoptimization events (10 events):
Event: 3.570 Thread 0x00007f3414001000 Uncommon trap: reason=unstable_if action=reinterpret pc=0x00007f3468565018 method=vcube.Node.main([Ljava/lang/String;)V @ 380
Event: 4.153 Thread 0x00007f340c001000 Uncommon trap: reason=unstable_if action=reinterpret pc=0x00007f3468565018 method=vcube.Node.main([Ljava/lang/String;)V @ 380
Event: 4.203 Thread 0x00007f3404001000 Uncommon trap: reason=unstable_if action=reinterpret pc=0x00007f3468565018 method=vcube.Node.main([Ljava/lang/String;)V @ 380
Event: 6.064 Thread 0x00007f3400001000 Uncommon trap: reason=unstable_if action=reinterpret pc=0x00007f3468565018 method=vcube.Node.main([Ljava/lang/String;)V @ 380
Event: 6.455 Thread 0x00007f33f4001000 Uncommon trap: reason=unstable_if action=reinterpret pc=0x00007f346856d420 method=vcube.Node.main([Ljava/lang/String;)V @ 380
Event: 6.480 Thread 0x00007f33f8001000 Uncommon trap: reason=unstable_if action=reinterpret pc=0x00007f3468565018 method=vcube.Node.main([Ljava/lang/String;)V @ 380
Event: 6.505 Thread 0x00007f33ec001000 Uncommon trap: reason=unstable_if action=reinterpret pc=0x00007f3468565018 method=vcube.Node.main([Ljava/lang/String;)V @ 380
Event: 6.532 Thread 0x00007f33f0001000 Uncommon trap: reason=unstable_if action=reinterpret pc=0x00007f3468565018 method=vcube.Node.main([Ljava/lang/String;)V @ 380
Event: 6.558 Thread 0x00007f33e4001000 Uncommon trap: reason=unstable_if action=reinterpret pc=0x00007f3468565018 method=vcube.Node.main([Ljava/lang/String;)V @ 380
Event: 6.586 Thread 0x00007f33e8001000 Uncommon trap: reason=unstable_if action=reinterpret pc=0x00007f346856d420 method=vcube.Node.main([Ljava/lang/String;)V @ 380

Internal exceptions (10 events):
Event: 3.290 Thread 0x00007f33ec001000 Exception <a 'java/lang/ArrayIndexOutOfBoundsException'> (0x00000000eec79f00) thrown at [/HUDSON3/workspace/8-2-build-linux-amd64/jdk8u111/7883/hotspot/src/share/vm/runtime/sharedRuntime.cpp, line 605]
Event: 3.290 Thread 0x00007f3410001000 Exception <a 'java/lang/ArrayIndexOutOfBoundsException'> (0x00000000ed7dceb8) thrown at [/HUDSON3/workspace/8-2-build-linux-amd64/jdk8u111/7883/hotspot/src/share/vm/runtime/sharedRuntime.cpp, line 605]
Event: 3.290 Thread 0x00007f33fc001000 Exception <a 'java/lang/ArrayIndexOutOfBoundsException'> (0x00000000edfa1818) thrown at [/HUDSON3/workspace/8-2-build-linux-amd64/jdk8u111/7883/hotspot/src/share/vm/runtime/sharedRuntime.cpp, line 605]
Event: 3.290 Thread 0x00007f3414001000 Exception <a 'java/lang/ArrayIndexOutOfBoundsException'> (0x00000000ed549330) thrown at [/HUDSON3/workspace/8-2-build-linux-amd64/jdk8u111/7883/hotspot/src/share/vm/runtime/sharedRuntime.cpp, line 605]
Event: 3.303 Thread 0x00007f341c001000 Exception <a 'java/lang/ArrayIndexOutOfBoundsException'> (0x00000000ecd7d7b8) thrown at [/HUDSON3/workspace/8-2-build-linux-amd64/jdk8u111/7883/hotspot/src/share/vm/runtime/sharedRuntime.cpp, line 605]
Event: 3.307 Thread 0x00007f3408001000 Exception <a 'java/lang/ArrayIndexOutOfBoundsException'> (0x00000000edd05e20) thrown at [/HUDSON3/workspace/8-2-build-linux-amd64/jdk8u111/7883/hotspot/src/share/vm/runtime/sharedRuntime.cpp, line 605]
Event: 3.307 Thread 0x00007f33fc001000 Exception <a 'java/lang/ArrayIndexOutOfBoundsException'> (0x00000000edfa4c40) thrown at [/HUDSON3/workspace/8-2-build-linux-amd64/jdk8u111/7883/hotspot/src/share/vm/runtime/sharedRuntime.cpp, line 605]
Event: 3.307 Thread 0x00007f33ec001000 Exception <a 'java/lang/ArrayIndexOutOfBoundsException'> (0x00000000eec7d2f8) thrown at [/HUDSON3/workspace/8-2-build-linux-amd64/jdk8u111/7883/hotspot/src/share/vm/runtime/sharedRuntime.cpp, line 605]
Event: 3.307 Thread 0x00007f3414001000 Exception <a 'java/lang/ArrayIndexOutOfBoundsException'> (0x00000000ed54c5c0) thrown at [/HUDSON3/workspace/8-2-build-linux-amd64/jdk8u111/7883/hotspot/src/share/vm/runtime/sharedRuntime.cpp, line 605]
Event: 3.307 Thread 0x00007f3410001000 Exception <a 'java/lang/ArrayIndexOutOfBoundsException'> (0x00000000ed7e0170) thrown at [/HUDSON3/workspace/8-2-build-linux-amd64/jdk8u111/7883/hotspot/src/share/vm/runtime/sharedRuntime.cpp, line 605]

Events (10 events):
Event: 70.065 loading class java/util/IdentityHashMap$KeySet
Event: 70.065 loading class java/util/IdentityHashMap$KeySet done
Event: 70.065 loading class java/util/IdentityHashMap$KeyIterator
Event: 70.065 loading class java/util/IdentityHashMap$IdentityHashMapIterator
Event: 70.065 loading class java/util/IdentityHashMap$IdentityHashMapIterator done
Event: 70.065 loading class java/util/IdentityHashMap$KeyIterator done
Event: 70.065 Thread 0x00007f33d4001000 Thread added: 0x00007f33d4001000
Event: 70.065 Thread 0x00007f33d4001000 Thread exited: 0x00007f33d4001000
Event: 70.065 Thread 0x00007f34780b7000 Thread exited: 0x00007f34780b7000
Event: 70.065 Executing VM operation: Exit


Dynamic libraries:
00400000-00401000 r-xp 00000000 08:01 8784123                            /home/elixandrebaldi/jdk1.8.0_111/bin/java
00600000-00601000 rw-p 00000000 08:01 8784123                            /home/elixandrebaldi/jdk1.8.0_111/bin/java
020c2000-020e3000 rw-p 00000000 00:00 0                                  [heap]
c4c00000-da180000 rw-p 00000000 00:00 0 
da180000-ec400000 ---p 00000000 00:00 0 
ec400000-f6e80000 rw-p 00000000 00:00 0 
f6e80000-100000000 ---p 00000000 00:00 0 
100000000-100080000 rw-p 00000000 00:00 0 
100080000-140000000 ---p 00000000 00:00 0 
7f33d4000000-7f33d4021000 rw-p 00000000 00:00 0 
7f33d4021000-7f33d8000000 ---p 00000000 00:00 0 
7f33dc000000-7f33dc285000 rw-p 00000000 00:00 0 
7f33dc285000-7f33e0000000 ---p 00000000 00:00 0 
7f33e37ff000-7f33e3802000 ---p 00000000 00:00 0 
7f33e3802000-7f33e4000000 rw-p 00000000 00:00 0 
7f33e4000000-7f33e5321000 rw-p 00000000 00:00 0 
7f33e5321000-7f33e8000000 ---p 00000000 00:00 0 
7f33e8000000-7f33e932a000 rw-p 00000000 00:00 0 
7f33e932a000-7f33ec000000 ---p 00000000 00:00 0 
7f33ec000000-7f33ed319000 rw-p 00000000 00:00 0 
7f33ed319000-7f33f0000000 ---p 00000000 00:00 0 
7f33f0000000-7f33f130e000 rw-p 00000000 00:00 0 
7f33f130e000-7f33f4000000 ---p 00000000 00:00 0 
7f33f4000000-7f33f531c000 rw-p 00000000 00:00 0 
7f33f531c000-7f33f8000000 ---p 00000000 00:00 0 
7f33f8000000-7f33f9323000 rw-p 00000000 00:00 0 
7f33f9323000-7f33fc000000 ---p 00000000 00:00 0 
7f33fc000000-7f33fd324000 rw-p 00000000 00:00 0 
7f33fd324000-7f3400000000 ---p 00000000 00:00 0 
7f3400000000-7f340131c000 rw-p 00000000 00:00 0 
7f340131c000-7f3404000000 ---p 00000000 00:00 0 
7f3404000000-7f340531d000 rw-p 00000000 00:00 0 
7f340531d000-7f3408000000 ---p 00000000 00:00 0 
7f3408000000-7f340931c000 rw-p 00000000 00:00 0 
7f340931c000-7f340c000000 ---p 00000000 00:00 0 
7f340c000000-7f340d320000 rw-p 00000000 00:00 0 
7f340d320000-7f3410000000 ---p 00000000 00:00 0 
7f3410000000-7f341131a000 rw-p 00000000 00:00 0 
7f341131a000-7f3414000000 ---p 00000000 00:00 0 
7f3414000000-7f341532c000 rw-p 00000000 00:00 0 
7f341532c000-7f3418000000 ---p 00000000 00:00 0 
7f34187f9000-7f34187fc000 ---p 00000000 00:00 0 
7f34187fc000-7f3418ffa000 rw-p 00000000 00:00 0 
7f3418ffa000-7f3418ffd000 ---p 00000000 00:00 0 
7f3418ffd000-7f34197fb000 rw-p 00000000 00:00 0 
7f34197fb000-7f34197fe000 ---p 00000000 00:00 0 
7f34197fe000-7f3419ffc000 rw-p 00000000 00:00 0 
7f3419ffc000-7f3419fff000 ---p 00000000 00:00 0 
7f3419fff000-7f341a7fd000 rw-p 00000000 00:00 0 
7f341a7fd000-7f341a800000 ---p 00000000 00:00 0 
7f341a800000-7f341affe000 rw-p 00000000 00:00 0 
7f341affe000-7f341b001000 ---p 00000000 00:00 0 
7f341b001000-7f341b7ff000 rw-p 00000000 00:00 0 
7f341b7ff000-7f341b802000 ---p 00000000 00:00 0 
7f341b802000-7f341c000000 rw-p 00000000 00:00 0 
7f341c000000-7f341d31d000 rw-p 00000000 00:00 0 
7f341d31d000-7f3420000000 ---p 00000000 00:00 0 
7f3420000000-7f342131d000 rw-p 00000000 00:00 0 
7f342131d000-7f3424000000 ---p 00000000 00:00 0 
7f3424000000-7f3425320000 rw-p 00000000 00:00 0 
7f3425320000-7f3428000000 ---p 00000000 00:00 0 
7f34287f9000-7f34287fc000 ---p 00000000 00:00 0 
7f34287fc000-7f3428ffa000 rw-p 00000000 00:00 0 
7f3428ffa000-7f3428ffd000 ---p 00000000 00:00 0 
7f3428ffd000-7f34297fb000 rw-p 00000000 00:00 0 
7f34297fb000-7f34297fe000 ---p 00000000 00:00 0 
7f34297fe000-7f3429ffc000 rw-p 00000000 00:00 0 
7f3429ffc000-7f3429fff000 ---p 00000000 00:00 0 
7f3429fff000-7f342a7fd000 rw-p 00000000 00:00 0 
7f342a7fd000-7f342a800000 ---p 00000000 00:00 0 
7f342a800000-7f342affe000 rw-p 00000000 00:00 0 
7f342affe000-7f342b001000 ---p 00000000 00:00 0 
7f342b001000-7f342b7ff000 rw-p 00000000 00:00 0 
7f342b7ff000-7f342b802000 ---p 00000000 00:00 0 
7f342b802000-7f342c000000 rw-p 00000000 00:00 0 
7f342c000000-7f342c021000 rw-p 00000000 00:00 0 
7f342c021000-7f3430000000 ---p 00000000 00:00 0 
7f3430000000-7f3430021000 rw-p 00000000 00:00 0 
7f3430021000-7f3434000000 ---p 00000000 00:00 0 
7f3434000000-7f3435b3b000 rw-p 00000000 00:00 0 
7f3435b3b000-7f3438000000 ---p 00000000 00:00 0 
7f3438000000-7f3438433000 rw-p 00000000 00:00 0 
7f3438433000-7f343c000000 ---p 00000000 00:00 0 
7f343c000000-7f343c021000 rw-p 00000000 00:00 0 
7f343c021000-7f3440000000 ---p 00000000 00:00 0 
7f3440000000-7f3440831000 rw-p 00000000 00:00 0 
7f3440831000-7f3444000000 ---p 00000000 00:00 0 
7f3444000000-7f3444021000 rw-p 00000000 00:00 0 
7f3444021000-7f3448000000 ---p 00000000 00:00 0 
7f3448000000-7f3448021000 rw-p 00000000 00:00 0 
7f3448021000-7f344c000000 ---p 00000000 00:00 0 
7f344c000000-7f344c021000 rw-p 00000000 00:00 0 
7f344c021000-7f3450000000 ---p 00000000 00:00 0 
7f3450000000-7f3450021000 rw-p 00000000 00:00 0 
7f3450021000-7f3454000000 ---p 00000000 00:00 0 
7f34543bf000-7f34543c2000 ---p 00000000 00:00 0 
7f34543c2000-7f34544c0000 rw-p 00000000 00:00 0 
7f34544c0000-7f34544c3000 ---p 00000000 00:00 0 
7f34544c3000-7f34545c1000 rw-p 00000000 00:00 0 
7f34545c1000-7f34545c4000 ---p 00000000 00:00 0 
7f34545c4000-7f3454dc2000 rw-p 00000000 00:00 0 
7f3454dc2000-7f3454dda000 r-xp 00000000 08:01 2359389                    /tmp/simgrid-java5580916095401853444/libsimgrid-java.so (deleted)
7f3454dda000-7f3454fda000 ---p 00018000 08:01 2359389                    /tmp/simgrid-java5580916095401853444/libsimgrid-java.so (deleted)
7f3454fda000-7f3454fdb000 rw-p 00018000 08:01 2359389                    /tmp/simgrid-java5580916095401853444/libsimgrid-java.so (deleted)
7f3454fdb000-7f3454ff1000 r-xp 00000000 08:01 3936627                    /lib/x86_64-linux-gnu/libgcc_s.so.1
7f3454ff1000-7f34551f0000 ---p 00016000 08:01 3936627                    /lib/x86_64-linux-gnu/libgcc_s.so.1
7f34551f0000-7f34551f1000 rw-p 00015000 08:01 3936627                    /lib/x86_64-linux-gnu/libgcc_s.so.1
7f34551f1000-7f3455363000 r-xp 00000000 08:01 23332798                   /usr/lib/x86_64-linux-gnu/libstdc++.so.6.0.21
7f3455363000-7f3455563000 ---p 00172000 08:01 23332798                   /usr/lib/x86_64-linux-gnu/libstdc++.so.6.0.21
7f3455563000-7f345556d000 r--p 00172000 08:01 23332798                   /usr/lib/x86_64-linux-gnu/libstdc++.so.6.0.21
7f345556d000-7f345556f000 rw-p 0017c000 08:01 23332798                   /usr/lib/x86_64-linux-gnu/libstdc++.so.6.0.21
7f345556f000-7f3455573000 rw-p 00000000 00:00 0 
7f3455573000-7f3455838000 r-xp 00000000 08:01 2359388                    /tmp/simgrid-java5580916095401853444/libsimgrid.so (deleted)
7f3455838000-7f3455a38000 ---p 002c5000 08:01 2359388                    /tmp/simgrid-java5580916095401853444/libsimgrid.so (deleted)
7f3455a38000-7f3455a73000 rw-p 002c5000 08:01 2359388                    /tmp/simgrid-java5580916095401853444/libsimgrid.so (deleted)
7f3455a73000-7f3455d7c000 rw-p 00000000 00:00 0 
7f3455d7c000-7f3455d92000 r-xp 00000000 08:01 8783936                    /home/elixandrebaldi/jdk1.8.0_111/jre/lib/amd64/libnet.so
7f3455d92000-7f3455f92000 ---p 00016000 08:01 8783936                    /home/elixandrebaldi/jdk1.8.0_111/jre/lib/amd64/libnet.so
7f3455f92000-7f3455f93000 rw-p 00016000 08:01 8783936                    /home/elixandrebaldi/jdk1.8.0_111/jre/lib/amd64/libnet.so
7f3455f93000-7f3455fa4000 r-xp 00000000 08:01 8783935                    /home/elixandrebaldi/jdk1.8.0_111/jre/lib/amd64/libnio.so
7f3455fa4000-7f34561a3000 ---p 00011000 08:01 8783935                    /home/elixandrebaldi/jdk1.8.0_111/jre/lib/amd64/libnio.so
7f34561a3000-7f34561a4000 rw-p 00010000 08:01 8783935                    /home/elixandrebaldi/jdk1.8.0_111/jre/lib/amd64/libnio.so
7f34561a4000-7f34561a5000 ---p 00000000 00:00 0 
7f34561a5000-7f34562a5000 rw-p 00000000 00:00 0 
7f34562a5000-7f34562a8000 ---p 00000000 00:00 0 
7f34562a8000-7f34563a6000 rw-p 00000000 00:00 0 
7f34563a6000-7f34563a9000 ---p 00000000 00:00 0 
7f34563a9000-7f34564a7000 rw-p 00000000 00:00 0 
7f34564a7000-7f34564aa000 ---p 00000000 00:00 0 
7f34564aa000-7f34565a8000 rw-p 00000000 00:00 0 
7f34565a8000-7f34565ab000 ---p 00000000 00:00 0 
7f34565ab000-7f34566a9000 rw-p 00000000 00:00 0 
7f34566a9000-7f34566ac000 ---p 00000000 00:00 0 
7f34566ac000-7f34567aa000 rw-p 00000000 00:00 0 
7f34567aa000-7f3457bfc000 r--p 00000000 08:01 23331759                   /usr/lib/locale/locale-archive
7f3457bfc000-7f3457bff000 ---p 00000000 00:00 0 
7f3457bff000-7f3457cfd000 rw-p 00000000 00:00 0 
7f3457cfd000-7f3457d00000 ---p 00000000 00:00 0 
7f3457d00000-7f3457dfe000 rw-p 00000000 00:00 0 
7f3457dfe000-7f3457dff000 ---p 00000000 00:00 0 
7f3457dff000-7f3458000000 rw-p 00000000 00:00 0 
7f3458000000-7f3458021000 rw-p 00000000 00:00 0 
7f3458021000-7f345c000000 ---p 00000000 00:00 0 
7f345c000000-7f345c021000 rw-p 00000000 00:00 0 
7f345c021000-7f3460000000 ---p 00000000 00:00 0 
7f3460000000-7f3460021000 rw-p 00000000 00:00 0 
7f3460021000-7f3464000000 ---p 00000000 00:00 0 
7f34640ce000-7f3464f4c000 rw-p 00000000 00:00 0 
7f3464f4c000-7f3465124000 r--s 03d2a000 08:01 8784070                    /home/elixandrebaldi/jdk1.8.0_111/jre/lib/rt.jar
7f3465124000-7f3465564000 rw-p 00000000 00:00 0 
7f3465564000-7f3465924000 ---p 00000000 00:00 0 
7f3465924000-7f346789e000 rw-p 00000000 00:00 0 
7f346789e000-7f346789f000 ---p 00000000 00:00 0 
7f346789f000-7f346799f000 rw-p 00000000 00:00 0 
7f346799f000-7f34679a0000 ---p 00000000 00:00 0 
7f34679a0000-7f3467aa0000 rw-p 00000000 00:00 0 
7f3467aa0000-7f3467aa1000 ---p 00000000 00:00 0 
7f3467aa1000-7f3467ba1000 rw-p 00000000 00:00 0 
7f3467ba1000-7f3467ba2000 ---p 00000000 00:00 0 
7f3467ba2000-7f3467d4d000 rw-p 00000000 00:00 0 
7f3467d4d000-7f3467dde000 ---p 00000000 00:00 0 
7f3467dde000-7f3467e89000 rw-p 00000000 00:00 0 
7f3467e89000-7f3467f1a000 ---p 00000000 00:00 0 
7f3467f1a000-7f3467f70000 rw-p 00000000 00:00 0 
7f3467f70000-7f3467fb8000 ---p 00000000 00:00 0 
7f3467fb8000-7f3467fc4000 rw-p 00000000 00:00 0 
7f3467fc4000-7f3468379000 ---p 00000000 00:00 0 
7f3468379000-7f3468609000 rwxp 00000000 00:00 0 
7f3468609000-7f3477379000 ---p 00000000 00:00 0 
7f3477379000-7f3477393000 r-xp 00000000 08:01 8783934                    /home/elixandrebaldi/jdk1.8.0_111/jre/lib/amd64/libzip.so
7f3477393000-7f3477593000 ---p 0001a000 08:01 8783934                    /home/elixandrebaldi/jdk1.8.0_111/jre/lib/amd64/libzip.so
7f3477593000-7f3477594000 rw-p 0001a000 08:01 8783934                    /home/elixandrebaldi/jdk1.8.0_111/jre/lib/amd64/libzip.so
7f3477594000-7f347759f000 r-xp 00000000 08:01 3932251                    /lib/x86_64-linux-gnu/libnss_files-2.23.so
7f347759f000-7f347779e000 ---p 0000b000 08:01 3932251                    /lib/x86_64-linux-gnu/libnss_files-2.23.so
7f347779e000-7f347779f000 r--p 0000a000 08:01 3932251                    /lib/x86_64-linux-gnu/libnss_files-2.23.so
7f347779f000-7f34777a0000 rw-p 0000b000 08:01 3932251                    /lib/x86_64-linux-gnu/libnss_files-2.23.so
7f34777a0000-7f34777a6000 rw-p 00000000 00:00 0 
7f34777a6000-7f34777b1000 r-xp 00000000 08:01 3932244                    /lib/x86_64-linux-gnu/libnss_nis-2.23.so
7f34777b1000-7f34779b0000 ---p 0000b000 08:01 3932244                    /lib/x86_64-linux-gnu/libnss_nis-2.23.so
7f34779b0000-7f34779b1000 r--p 0000a000 08:01 3932244                    /lib/x86_64-linux-gnu/libnss_nis-2.23.so
7f34779b1000-7f34779b2000 rw-p 0000b000 08:01 3932244                    /lib/x86_64-linux-gnu/libnss_nis-2.23.so
7f34779b2000-7f34779c8000 r-xp 00000000 08:01 3932246                    /lib/x86_64-linux-gnu/libnsl-2.23.so
7f34779c8000-7f3477bc7000 ---p 00016000 08:01 3932246                    /lib/x86_64-linux-gnu/libnsl-2.23.so
7f3477bc7000-7f3477bc8000 r--p 00015000 08:01 3932246                    /lib/x86_64-linux-gnu/libnsl-2.23.so
7f3477bc8000-7f3477bc9000 rw-p 00016000 08:01 3932246                    /lib/x86_64-linux-gnu/libnsl-2.23.so
7f3477bc9000-7f3477bcb000 rw-p 00000000 00:00 0 
7f3477bcb000-7f3477bd3000 r-xp 00000000 08:01 3932253                    /lib/x86_64-linux-gnu/libnss_compat-2.23.so
7f3477bd3000-7f3477dd2000 ---p 00008000 08:01 3932253                    /lib/x86_64-linux-gnu/libnss_compat-2.23.so
7f3477dd2000-7f3477dd3000 r--p 00007000 08:01 3932253                    /lib/x86_64-linux-gnu/libnss_compat-2.23.so
7f3477dd3000-7f3477dd4000 rw-p 00008000 08:01 3932253                    /lib/x86_64-linux-gnu/libnss_compat-2.23.so
7f3477dd4000-7f3477dff000 r-xp 00000000 08:01 8783907                    /home/elixandrebaldi/jdk1.8.0_111/jre/lib/amd64/libjava.so
7f3477dff000-7f3477ffe000 ---p 0002b000 08:01 8783907                    /home/elixandrebaldi/jdk1.8.0_111/jre/lib/amd64/libjava.so
7f3477ffe000-7f3478000000 rw-p 0002a000 08:01 8783907                    /home/elixandrebaldi/jdk1.8.0_111/jre/lib/amd64/libjava.so
7f3478000000-7f347c000000 rw-p 00000000 00:00 0 
7f347c00b000-7f347c0c3000 rw-p 00000000 00:00 0 
7f347c0c3000-7f347c0d0000 r-xp 00000000 08:01 8783870                    /home/elixandrebaldi/jdk1.8.0_111/jre/lib/amd64/libverify.so
7f347c0d0000-7f347c2cf000 ---p 0000d000 08:01 8783870                    /home/elixandrebaldi/jdk1.8.0_111/jre/lib/amd64/libverify.so
7f347c2cf000-7f347c2d1000 rw-p 0000c000 08:01 8783870                    /home/elixandrebaldi/jdk1.8.0_111/jre/lib/amd64/libverify.so
7f347c2d1000-7f347c2d8000 r-xp 00000000 08:01 3932254                    /lib/x86_64-linux-gnu/librt-2.23.so
7f347c2d8000-7f347c4d7000 ---p 00007000 08:01 3932254                    /lib/x86_64-linux-gnu/librt-2.23.so
7f347c4d7000-7f347c4d8000 r--p 00006000 08:01 3932254                    /lib/x86_64-linux-gnu/librt-2.23.so
7f347c4d8000-7f347c4d9000 rw-p 00007000 08:01 3932254                    /lib/x86_64-linux-gnu/librt-2.23.so
7f347c4d9000-7f347c5e1000 r-xp 00000000 08:01 3932245                    /lib/x86_64-linux-gnu/libm-2.23.so
7f347c5e1000-7f347c7e0000 ---p 00108000 08:01 3932245                    /lib/x86_64-linux-gnu/libm-2.23.so
7f347c7e0000-7f347c7e1000 r--p 00107000 08:01 3932245                    /lib/x86_64-linux-gnu/libm-2.23.so
7f347c7e1000-7f347c7e2000 rw-p 00108000 08:01 3932245                    /lib/x86_64-linux-gnu/libm-2.23.so
7f347c7e2000-7f347d4af000 r-xp 00000000 08:01 8783785                    /home/elixandrebaldi/jdk1.8.0_111/jre/lib/amd64/server/libjvm.so
7f347d4af000-7f347d6ae000 ---p 00ccd000 08:01 8783785                    /home/elixandrebaldi/jdk1.8.0_111/jre/lib/amd64/server/libjvm.so
7f347d6ae000-7f347d787000 rw-p 00ccc000 08:01 8783785                    /home/elixandrebaldi/jdk1.8.0_111/jre/lib/amd64/server/libjvm.so
7f347d787000-7f347d7d2000 rw-p 00000000 00:00 0 
7f347d7d2000-7f347d991000 r-xp 00000000 08:01 3932247                    /lib/x86_64-linux-gnu/libc-2.23.so
7f347d991000-7f347db91000 ---p 001bf000 08:01 3932247                    /lib/x86_64-linux-gnu/libc-2.23.so
7f347db91000-7f347db95000 r--p 001bf000 08:01 3932247                    /lib/x86_64-linux-gnu/libc-2.23.so
7f347db95000-7f347db97000 rw-p 001c3000 08:01 3932247                    /lib/x86_64-linux-gnu/libc-2.23.so
7f347db97000-7f347db9b000 rw-p 00000000 00:00 0 
7f347db9b000-7f347db9e000 r-xp 00000000 08:01 3932243                    /lib/x86_64-linux-gnu/libdl-2.23.so
7f347db9e000-7f347dd9d000 ---p 00003000 08:01 3932243                    /lib/x86_64-linux-gnu/libdl-2.23.so
7f347dd9d000-7f347dd9e000 r--p 00002000 08:01 3932243                    /lib/x86_64-linux-gnu/libdl-2.23.so
7f347dd9e000-7f347dd9f000 rw-p 00003000 08:01 3932243                    /lib/x86_64-linux-gnu/libdl-2.23.so
7f347dd9f000-7f347ddb4000 r-xp 00000000 08:01 8783943                    /home/elixandrebaldi/jdk1.8.0_111/lib/amd64/jli/libjli.so
7f347ddb4000-7f347dfb4000 ---p 00015000 08:01 8783943                    /home/elixandrebaldi/jdk1.8.0_111/lib/amd64/jli/libjli.so
7f347dfb4000-7f347dfb5000 rw-p 00015000 08:01 8783943                    /home/elixandrebaldi/jdk1.8.0_111/lib/amd64/jli/libjli.so
7f347dfb5000-7f347dfcd000 r-xp 00000000 08:01 3932258                    /lib/x86_64-linux-gnu/libpthread-2.23.so
7f347dfcd000-7f347e1cc000 ---p 00018000 08:01 3932258                    /lib/x86_64-linux-gnu/libpthread-2.23.so
7f347e1cc000-7f347e1cd000 r--p 00017000 08:01 3932258                    /lib/x86_64-linux-gnu/libpthread-2.23.so
7f347e1cd000-7f347e1ce000 rw-p 00018000 08:01 3932258                    /lib/x86_64-linux-gnu/libpthread-2.23.so
7f347e1ce000-7f347e1d2000 rw-p 00000000 00:00 0 
7f347e1d2000-7f347e1f8000 r-xp 00000000 08:01 3932248                    /lib/x86_64-linux-gnu/ld-2.23.so
7f347e1fd000-7f347e2d5000 rw-p 00000000 00:00 0 
7f347e2d5000-7f347e2d8000 ---p 00000000 00:00 0 
7f347e2d8000-7f347e3da000 rw-p 00000000 00:00 0 
7f347e3e3000-7f347e3e8000 r--s 00096000 08:01 8783911                    /home/elixandrebaldi/jdk1.8.0_111/jre/lib/jsse.jar
7f347e3e8000-7f347e3eb000 r--s 00f76000 08:01 8524426                    /home/elixandrebaldi/Documentos/VCubeDHT/simgrid.jar
7f347e3eb000-7f347e3f3000 rw-s 00000000 08:01 2359381                    /tmp/hsperfdata_elixandrebaldi/4070 (deleted)
7f347e3f3000-7f347e3f4000 rw-p 00000000 00:00 0 
7f347e3f4000-7f347e3f5000 ---p 00000000 00:00 0 
7f347e3f5000-7f347e3f7000 rw-p 00000000 00:00 0 
7f347e3f7000-7f347e3f8000 r--p 00025000 08:01 3932248                    /lib/x86_64-linux-gnu/ld-2.23.so
7f347e3f8000-7f347e3f9000 rw-p 00026000 08:01 3932248                    /lib/x86_64-linux-gnu/ld-2.23.so
7f347e3f9000-7f347e3fa000 rw-p 00000000 00:00 0 
7ffee14bc000-7ffee14dd000 rw-p 00000000 00:00 0                          [stack]
7ffee15b0000-7ffee15b2000 r--p 00000000 00:00 0                          [vvar]
7ffee15b2000-7ffee15b4000 r-xp 00000000 00:00 0                          [vdso]
ffffffffff600000-ffffffffff601000 r-xp 00000000 00:00 0                  [vsyscall]

VM Arguments:
jvm_args: -Dfile.encoding=UTF-8 -Xms512m 
java_command: vcube.VCube platform.xml deployment.xml
java_class_path (initial): /home/elixandrebaldi/Documentos/VCubeDHT/simgrid.jar:/home/elixandrebaldi/Documentos/VCubeDHT/VCube/build/classes
Launcher Type: SUN_STANDARD

Environment Variables:
PATH=/home/elixandrebaldi/bin:/home/elixandrebaldi/.local/bin:/usr/local/sbin:/usr/local/bin:/usr/sbin:/usr/bin:/sbin:/bin:/usr/games:/usr/local/games
LD_LIBRARY_PATH=/home/elixandrebaldi/jdk1.8.0_111/jre/lib/amd64:/home/elixandrebaldi/jdk1.8.0_111/jre/lib/i386:
SHELL=/bin/bash
DISPLAY=:0

Signal Handlers:
SIGSEGV: [libjvm.so+0xac64b0], sa_mask[0]=11111111011111111101111111111110, sa_flags=SA_RESTART|SA_SIGINFO
SIGBUS: [libjvm.so+0xac64b0], sa_mask[0]=11111111011111111101111111111110, sa_flags=SA_RESTART|SA_SIGINFO
SIGFPE: [libjvm.so+0x91f950], sa_mask[0]=11111111011111111101111111111110, sa_flags=SA_RESTART|SA_SIGINFO
SIGPIPE: [libjvm.so+0x91f950], sa_mask[0]=11111111011111111101111111111110, sa_flags=SA_RESTART|SA_SIGINFO
SIGXFSZ: [libjvm.so+0x91f950], sa_mask[0]=11111111011111111101111111111110, sa_flags=SA_RESTART|SA_SIGINFO
SIGILL: [libjvm.so+0x91f950], sa_mask[0]=11111111011111111101111111111110, sa_flags=SA_RESTART|SA_SIGINFO
SIGUSR1: SIG_DFL, sa_mask[0]=00000000000000000000000000000000, sa_flags=none
SIGUSR2: [libjvm.so+0x920f80], sa_mask[0]=00100000000000000000000000000000, sa_flags=SA_RESTART|SA_SIGINFO
SIGHUP: [libjvm.so+0x922380], sa_mask[0]=11111111011111111101111111111110, sa_flags=SA_RESTART|SA_SIGINFO
SIGINT: [libsimgrid.so+0x8ff50], sa_mask[0]=01000000000000000000000000000000, sa_flags=SA_RESTART
SIGTERM: [libjvm.so+0x922380], sa_mask[0]=11111111011111111101111111111110, sa_flags=SA_RESTART|SA_SIGINFO
SIGQUIT: [libjvm.so+0x922380], sa_mask[0]=11111111011111111101111111111110, sa_flags=SA_RESTART|SA_SIGINFO


---------------  S Y S T E M  ---------------

OS:DISTRIB_ID="elementary"
DISTRIB_RELEASE=0.4.1
DISTRIB_CODENAME=loki
DISTRIB_DESCRIPTION="elementary OS 0.4.1 Loki"

uname:Linux 4.4.0-79-generic #100-Ubuntu SMP Wed May 17 19:58:14 UTC 2017 x86_64
libc:glibc 2.23 NPTL 2.23 
rlimit: STACK 8192k, CORE 0k, NPROC 14991, NOFILE 65536, AS infinity
load average:3.10 3.46 1.66

/proc/meminfo:
MemTotal:        3878592 kB
MemFree:          121852 kB
MemAvailable:     963476 kB
Buffers:          160028 kB
Cached:          1008508 kB
SwapCached:          140 kB
Active:          2485012 kB
Inactive:        1006184 kB
Active(anon):    1993772 kB
Inactive(anon):   515876 kB
Active(file):     491240 kB
Inactive(file):   490308 kB
Unevictable:          48 kB
Mlocked:              48 kB
SwapTotal:       4025340 kB
SwapFree:        4020396 kB
Dirty:               684 kB
Writeback:             0 kB
AnonPages:       2322500 kB
Mapped:           394236 kB
Shmem:            187140 kB
Slab:             157840 kB
SReclaimable:     125144 kB
SUnreclaim:        32696 kB
KernelStack:        9536 kB
PageTables:        37536 kB
NFS_Unstable:          0 kB
Bounce:                0 kB
WritebackTmp:          0 kB
CommitLimit:     5964636 kB
Committed_AS:    6688032 kB
VmallocTotal:   34359738367 kB
VmallocUsed:           0 kB
VmallocChunk:          0 kB
HardwareCorrupted:     0 kB
AnonHugePages:    727040 kB
CmaTotal:              0 kB
CmaFree:               0 kB
HugePages_Total:       0
HugePages_Free:        0
HugePages_Rsvd:        0
HugePages_Surp:        0
Hugepagesize:       2048 kB
DirectMap4k:      150264 kB
DirectMap2M:     3876864 kB


CPU:total 4 (2 cores per cpu, 2 threads per core) family 6 model 58 stepping 9, cmov, cx8, fxsr, mmx, sse, sse2, sse3, ssse3, sse4.1, sse4.2, popcnt, avx, clmul, erms, ht, tsc, tscinvbit, tscinv

/proc/cpuinfo:
processor	: 0
vendor_id	: GenuineIntel
cpu family	: 6
model		: 58
model name	: Intel(R) Core(TM) i7-3517U CPU @ 1.90GHz
stepping	: 9
microcode	: 0x12
cpu MHz		: 2799.937
cache size	: 4096 KB
physical id	: 0
siblings	: 4
core id		: 0
cpu cores	: 2
apicid		: 0
initial apicid	: 0
fpu		: yes
fpu_exception	: yes
cpuid level	: 13
wp		: yes
flags		: fpu vme de pse tsc msr pae mce cx8 apic sep mtrr pge mca cmov pat pse36 clflush dts acpi mmx fxsr sse sse2 ss ht tm pbe syscall nx rdtscp lm constant_tsc arch_perfmon pebs bts rep_good nopl xtopology nonstop_tsc aperfmperf eagerfpu pni pclmulqdq dtes64 monitor ds_cpl vmx est tm2 ssse3 cx16 xtpr pdcm pcid sse4_1 sse4_2 x2apic popcnt tsc_deadline_timer xsave avx f16c rdrand lahf_lm epb tpr_shadow vnmi flexpriority ept vpid fsgsbase smep erms xsaveopt dtherm ida arat pln pts
bugs		:
bogomips	: 4788.84
clflush size	: 64
cache_alignment	: 64
address sizes	: 36 bits physical, 48 bits virtual
power management:

processor	: 1
vendor_id	: GenuineIntel
cpu family	: 6
model		: 58
model name	: Intel(R) Core(TM) i7-3517U CPU @ 1.90GHz
stepping	: 9
microcode	: 0x12
cpu MHz		: 2598.562
cache size	: 4096 KB
physical id	: 0
siblings	: 4
core id		: 0
cpu cores	: 2
apicid		: 1
initial apicid	: 1
fpu		: yes
fpu_exception	: yes
cpuid level	: 13
wp		: yes
flags		: fpu vme de pse tsc msr pae mce cx8 apic sep mtrr pge mca cmov pat pse36 clflush dts acpi mmx fxsr sse sse2 ss ht tm pbe syscall nx rdtscp lm constant_tsc arch_perfmon pebs bts rep_good nopl xtopology nonstop_tsc aperfmperf eagerfpu pni pclmulqdq dtes64 monitor ds_cpl vmx est tm2 ssse3 cx16 xtpr pdcm pcid sse4_1 sse4_2 x2apic popcnt tsc_deadline_timer xsave avx f16c rdrand lahf_lm epb tpr_shadow vnmi flexpriority ept vpid fsgsbase smep erms xsaveopt dtherm ida arat pln pts
bugs		:
bogomips	: 4788.84
clflush size	: 64
cache_alignment	: 64
address sizes	: 36 bits physical, 48 bits virtual
power management:

processor	: 2
vendor_id	: GenuineIntel
cpu family	: 6
model		: 58
model name	: Intel(R) Core(TM) i7-3517U CPU @ 1.90GHz
stepping	: 9
microcode	: 0x12
cpu MHz		: 2583.375
cache size	: 4096 KB
physical id	: 0
siblings	: 4
core id		: 1
cpu cores	: 2
apicid		: 2
initial apicid	: 2
fpu		: yes
fpu_exception	: yes
cpuid level	: 13
wp		: yes
flags		: fpu vme de pse tsc msr pae mce cx8 apic sep mtrr pge mca cmov pat pse36 clflush dts acpi mmx fxsr sse sse2 ss ht tm pbe syscall nx rdtscp lm constant_tsc arch_perfmon pebs bts rep_good nopl xtopology nonstop_tsc aperfmperf eagerfpu pni pclmulqdq dtes64 monitor ds_cpl vmx est tm2 ssse3 cx16 xtpr pdcm pcid sse4_1 sse4_2 x2apic popcnt tsc_deadline_timer xsave avx f16c rdrand lahf_lm epb tpr_shadow vnmi flexpriority ept vpid fsgsbase smep erms xsaveopt dtherm ida arat pln pts
bugs		:
bogomips	: 4788.84
clflush size	: 64
cache_alignment	: 64
address sizes	: 36 bits physical, 48 bits virtual
power management:

processor	: 3
vendor_id	: GenuineIntel
cpu family	: 6
model		: 58
model name	: Intel(R) Core(TM) i7-3517U CPU @ 1.90GHz
stepping	: 9
microcode	: 0x12
cpu MHz		: 1323.937
cache size	: 4096 KB
physical id	: 0
siblings	: 4
core id		: 1
cpu cores	: 2
apicid		: 3
initial apicid	: 3
fpu		: yes
fpu_exception	: yes
cpuid level	: 13
wp		: yes
flags		: fpu vme de pse tsc msr pae mce cx8 apic sep mtrr pge mca cmov pat pse36 clflush dts acpi mmx fxsr sse sse2 ss ht tm pbe syscall nx rdtscp lm constant_tsc arch_perfmon pebs bts rep_good nopl xtopology nonstop_tsc aperfmperf eagerfpu pni pclmulqdq dtes64 monitor ds_cpl vmx est tm2 ssse3 cx16 xtpr pdcm pcid sse4_1 sse4_2 x2apic popcnt tsc_deadline_timer xsave avx f16c rdrand lahf_lm epb tpr_shadow vnmi flexpriority ept vpid fsgsbase smep erms xsaveopt dtherm ida arat pln pts
bugs		:
bogomips	: 4788.84
clflush size	: 64
cache_alignment	: 64
address sizes	: 36 bits physical, 48 bits virtual
power management:



Memory: 4k page, physical 3878592k(121852k free), swap 4025340k(4020396k free)

vm_info: Java HotSpot(TM) 64-Bit Server VM (25.111-b14) for linux-amd64 JRE (1.8.0_111-b14), built on Sep 22 2016 16:14:03 by "java_re" with gcc 4.3.0 20080428 (Red Hat 4.3.0-8)

time: Mon Jun 12 13:42:43 2017
elapsed time: 70 seconds (0d 0h 1m 10s)

