#
# A fatal error has been detected by the Java Runtime Environment:
#
#  SIGSEGV (0xb) at pc=0x00007f8ccb25c263, pid=7528, tid=140243043325696
#
# JRE version: Java(TM) SE Runtime Environment (7.0_80-b15) (build 1.7.0_80-b15)
# Java VM: Java HotSpot(TM) 64-Bit Server VM (24.80-b11 mixed mode linux-amd64 compressed oops)
# Problematic frame:
# C  [libsimgrid.so+0x190263]  xbt_dynar_member+0x23
#
# Failed to write core dump. Core dumps have been disabled. To enable core dumping, try "ulimit -c unlimited" before starting Java again
#
# If you would like to submit a bug report, please visit:
#   http://bugreport.java.com/bugreport/crash.jsp
#

---------------  T H R E A D  ---------------

Current thread (0x00007f8cf406a000):  VMThread [stack: 0x00007f8ce0b79000,0x00007f8ce0c7a000] [id=7537]

siginfo:si_signo=SIGSEGV: si_errno=0, si_code=1 (SEGV_MAPERR), si_addr=0x0000000000000000

Registers:
RAX=0x0000000000000000, RBX=0x00007f8ccb5c8700, RCX=0x00007f8cf413a950, RDX=0x00007f8ce0c79a30
RSP=0x00007f8ce0c78710, RBP=0x00007f8cf4134b10, RSI=0x00007f8ce0c788b8, RDI=0x00007f8ce0c787d0
R8 =0x00007f8cf412bb20, R9 =0x0000000000000000, R10=0x0000000000000c58, R11=0x00007f8ccb25c240
R12=0x00007f8ccb5d3790, R13=0x00007f8cf4114b80, R14=0x00000000000003d8, R15=0x00007f8cf4027e58
RIP=0x00007f8ccb25c263, EFLAGS=0x0000000000010202, CSGSFS=0x0000000000000033, ERR=0x0000000000000004
  TRAPNO=0x000000000000000e

Top of Stack: (sp=0x00007f8ce0c78710)
0x00007f8ce0c78710:   00007f8cf4113520 00007f8ce0c78730
0x00007f8ce0c78720:   00007f8cf412bb90 00007f8ce0c788b8
0x00007f8ce0c78730:   00000000ffffffff 0000000000000008
0x00007f8ce0c78740:   00007f8ccb0e5628 00007f8cf4113520
0x00007f8ce0c78750:   00007f8cf400327f 00007f8cf4113880
0x00007f8ce0c78760:   00007f8ce0c788b0 0000000000000000
0x00007f8ce0c78770:   0000000000000005 0000000000000000
0x00007f8ce0c78780:   00007f8ce0c788d8 00007f8cfa504c11
0x00007f8ce0c78790:   0000000000000000 0000000000000000
0x00007f8ce0c787a0:   0000000000000005 00007f8ccb597de8
0x00007f8ce0c787b0:   00007f8ccb5d3790 00007f8cf4114b80
0x00007f8ce0c787c0:   00000000000003d8 00007f8cf4027e58
0x00007f8ce0c787d0:   0000000000000000 00007f8cfa5099ad
0x00007f8ce0c787e0:   0000000000000005 0000000000000000
0x00007f8ce0c787f0:   00007f8cf4113520 00007f8ccb0e5628
0x00007f8ce0c78800:   00007f8ccb5c8700 00007f8cf4134b10
0x00007f8ce0c78810:   00007f8ccb5d3790 00007f8cfa510f30
0x00007f8ce0c78820:   00007f8ccb0d5308 00007f8cf4113520
0x00007f8ce0c78830:   0000000000002423 00000000127665bf
0x00007f8ce0c78840:   00007f8cf40037f7 00007f8cf406ac00
0x00007f8ce0c78850:   00007f8cf406ac00 00007f8ce0c78920
0x00007f8ce0c78860:   00007f8cf413a950 00007f8cf413a950
0x00007f8ce0c78870:   0000000000000001 00007f8ce0c788b8
0x00007f8ce0c78880:   00007f8cf412bb90 00007f8cf412bb20
0x00007f8ce0c78890:   0000000000000000 00007f8cf4113520
0x00007f8ce0c788a0:   00007f8ccb5c8700 00007f8ccb27934f
0x00007f8ce0c788b0:   0000000000000000 00007f8cf413a950
0x00007f8ce0c788c0:   0000000000000005 0000000000000000
0x00007f8ce0c788d0:   00007f8cf4027e58 00007f8ccb5cba98
0x00007f8ce0c788e0:   00007f8cf412dd80 0000000000000001
0x00007f8ce0c788f0:   00007f8cf4114b80 00007f8ccb25ad37
0x00007f8ce0c78900:   00007f8cf4114b80 00007f8ccb5cb098 

Instructions: (pc=0x00007f8ccb25c263)
0x00007f8ccb25c243:   ec 90 01 00 00 48 8b 05 01 a2 33 00 48 89 7c 24
0x00007f8ccb25c253:   10 48 89 74 24 18 ff 10 48 8d bc 24 c0 00 00 00
0x00007f8ccb25c263:   48 8b 08 48 89 04 24 48 89 38 48 89 4c 24 08 e8
0x00007f8ccb25c273:   79 31 ed ff 85 c0 74 75 48 8b 14 24 c7 42 08 01 

Register to memory mapping:

RAX=0x0000000000000000 is an unknown value
RBX=0x00007f8ccb5c8700: _simgrid_log_category__simix_process+0 in /tmp/simgrid-java2540447236555703964/libsimgrid.so at 0x00007f8ccb0cc000
RCX=0x00007f8cf413a950 is an unknown value
RDX=0x00007f8ce0c79a30 is an unknown value
RSP=0x00007f8ce0c78710 is an unknown value
RBP=0x00007f8cf4134b10 is an unknown value
RSI=0x00007f8ce0c788b8 is an unknown value
RDI=0x00007f8ce0c787d0 is an unknown value
R8 =0x00007f8cf412bb20 is an unknown value
R9 =0x0000000000000000 is an unknown value
R10=0x0000000000000c58 is an unknown value
R11=0x00007f8ccb25c240: xbt_dynar_member+0 in /tmp/simgrid-java2540447236555703964/libsimgrid.so at 0x00007f8ccb0cc000
R12=0x00007f8ccb5d3790: simix_global+0 in /tmp/simgrid-java2540447236555703964/libsimgrid.so at 0x00007f8ccb0cc000
R13=0x00007f8cf4114b80 is an unknown value
R14=0x00000000000003d8 is an unknown value
R15=0x00007f8cf4027e58 is an unknown value


Stack: [0x00007f8ce0b79000,0x00007f8ce0c7a000],  sp=0x00007f8ce0c78710,  free space=1021k
Native frames: (J=compiled Java code, j=interpreted, Vv=VM code, C=native code)
C  [libsimgrid.so+0x190263]  xbt_dynar_member+0x23

VM_Operation (0x00007f8cc81135b0): Exit, mode: safepoint, requested by thread 0x00007f8cd0001000


---------------  P R O C E S S  ---------------

Java Threads: ( => current thread )
  0x00007f8cd0001000 JavaThread "SIGTERM handler" daemon [_thread_blocked, id=7554, stack(0x00007f8cc8014000,0x00007f8cc8115000)]
  0x00007f8c94001000 JavaThread "Thread-8" [_thread_in_native, id=7552, stack(0x00007f8cae7fd000,0x00007f8caeffe000)]
  0x00007f8c90001000 JavaThread "Thread-7" [_thread_in_native, id=7551, stack(0x00007f8caeffe000,0x00007f8caf7ff000)]
  0x00007f8c98001000 JavaThread "Thread-5" [_thread_in_native, id=7550, stack(0x00007f8caf7ff000,0x00007f8cb0000000)]
  0x00007f8ca4001000 JavaThread "Thread-6" [_thread_in_native, id=7548, stack(0x00007f8cc8916000,0x00007f8cc9117000)]
  0x00007f8ca0001000 JavaThread "Thread-4" [_thread_in_native, id=7549, stack(0x00007f8cc8115000,0x00007f8cc8916000)]
  0x00007f8ca8001000 JavaThread "Thread-3" [_thread_in_native, id=7547, stack(0x00007f8cc9117000,0x00007f8cc9918000)]
  0x00007f8cb4001000 JavaThread "Thread-2" [_thread_in_native, id=7546, stack(0x00007f8cc9918000,0x00007f8cca119000)]
  0x00007f8cb0001000 JavaThread "Thread-1" [_thread_blocked, id=7545, stack(0x00007f8cca119000,0x00007f8cca91a000)]
  0x00007f8cf4099000 JavaThread "Service Thread" daemon [_thread_blocked, id=7543, stack(0x00007f8ccbdfe000,0x00007f8ccbeff000)]
  0x00007f8cf4096800 JavaThread "C2 CompilerThread1" daemon [_thread_blocked, id=7542, stack(0x00007f8ccbeff000,0x00007f8ccc000000)]
  0x00007f8cf4093800 JavaThread "C2 CompilerThread0" daemon [_thread_blocked, id=7541, stack(0x00007f8ce0092000,0x00007f8ce0193000)]
  0x00007f8cf4070800 JavaThread "Finalizer" daemon [_thread_blocked, id=7539, stack(0x00007f8ce0977000,0x00007f8ce0a78000)]
  0x00007f8cf406e000 JavaThread "Reference Handler" daemon [_thread_blocked, id=7538, stack(0x00007f8ce0a78000,0x00007f8ce0b79000)]
  0x00007f8cf4009800 JavaThread "main" [_thread_in_native, id=7532, stack(0x00007f8cfa5fd000,0x00007f8cfa6fe000)]

Other Threads:
=>0x00007f8cf406a000 VMThread [stack: 0x00007f8ce0b79000,0x00007f8ce0c7a000] [id=7537]

VM state:at safepoint (shutting down)

VM Mutex/Monitor currently owned by a thread:  ([mutex/lock_event])
[0x00007f8cf40061b0] Threads_lock - owner thread: 0x00007f8cf406a000

Heap
 PSYoungGen      total 17920K, used 12638K [0x00000000ec400000, 0x00000000ed800000, 0x0000000100000000)
  eden space 15360K, 65% used [0x00000000ec400000,0x00000000ecddbbc0,0x00000000ed300000)
  from space 2560K, 99% used [0x00000000ed300000,0x00000000ed57c010,0x00000000ed580000)
  to   space 2560K, 0% used [0x00000000ed580000,0x00000000ed580000,0x00000000ed800000)
 ParOldGen       total 40448K, used 8304K [0x00000000c4c00000, 0x00000000c7380000, 0x00000000ec400000)
  object space 40448K, 20% used [0x00000000c4c00000,0x00000000c541c020,0x00000000c7380000)
 PSPermGen       total 21504K, used 3566K [0x00000000bfa00000, 0x00000000c0f00000, 0x00000000c4c00000)
  object space 21504K, 16% used [0x00000000bfa00000,0x00000000bfd7bb50,0x00000000c0f00000)

Card table byte_map: [0x00007f8cf05b2000,0x00007f8cf07b6000] byte_map_base: 0x00007f8ceffb5000

Polling page: 0x00007f8cfa71a000

Code Cache  [0x00007f8cf07b6000, 0x00007f8cf0a26000, 0x00007f8cf37b6000)
 total_blobs=264 nmethods=59 adapters=159 free_code_cache=48653Kb largest_free_block=49799808

Compilation events (10 events):
Event: 3.846 Thread 0x00007f8cf4093800 nmethod 54 0x00007f8cf0822fd0 code [0x00007f8cf0823120, 0x00007f8cf0823418]
Event: 3.846 Thread 0x00007f8cf4096800 nmethod 45% 0x00007f8cf0823550 code [0x00007f8cf08236c0, 0x00007f8cf0823a48]
Event: 3.846 Thread 0x00007f8cf4093800   55             java.lang.System$2::invokeFinalize (5 bytes)
Event: 3.846 Thread 0x00007f8cf4096800   56             java.lang.ref.Reference::clear (6 bytes)
Event: 3.847 Thread 0x00007f8cf4093800 nmethod 55 0x00007f8cf0826ad0 code [0x00007f8cf0826c20, 0x00007f8cf0826cf8]
Event: 3.847 Thread 0x00007f8cf4093800   57   !         org.simgrid.msg.Task::finalize (18 bytes)
Event: 3.848 Thread 0x00007f8cf4093800 nmethod 57 0x00007f8cf0822c90 code [0x00007f8cf0822de0, 0x00007f8cf0822e78]
Event: 3.848 Thread 0x00007f8cf4096800 nmethod 56 0x00007f8cf08268d0 code [0x00007f8cf0826a00, 0x00007f8cf0826a58]
Event: 3.848 Thread 0x00007f8cf4093800   59 % !         java.lang.ref.Finalizer$FinalizerThread::run @ 33 (55 bytes)
Event: 3.852 Thread 0x00007f8cf4093800 nmethod 59% 0x00007f8cf0824390 code [0x00007f8cf0824520, 0x00007f8cf08249c8]

GC Heap History (2 events):
Event: 3.739 GC heap before
{Heap before GC invocations=1 (full 0):
 PSYoungGen      total 17920K, used 15360K [0x00000000ec400000, 0x00000000ed800000, 0x0000000100000000)
  eden space 15360K, 100% used [0x00000000ec400000,0x00000000ed300000,0x00000000ed300000)
  from space 2560K, 0% used [0x00000000ed580000,0x00000000ed580000,0x00000000ed800000)
  to   space 2560K, 0% used [0x00000000ed300000,0x00000000ed300000,0x00000000ed580000)
 ParOldGen       total 40448K, used 0K [0x00000000c4c00000, 0x00000000c7380000, 0x00000000ec400000)
  object space 40448K, 0% used [0x00000000c4c00000,0x00000000c4c00000,0x00000000c7380000)
 PSPermGen       total 21504K, used 3549K [0x00000000bfa00000, 0x00000000c0f00000, 0x00000000c4c00000)
  object space 21504K, 16% used [0x00000000bfa00000,0x00000000bfd77660,0x00000000c0f00000)
Event: 3.767 GC heap after
Heap after GC invocations=1 (full 0):
 PSYoungGen      total 17920K, used 2544K [0x00000000ec400000, 0x00000000ed800000, 0x0000000100000000)
  eden space 15360K, 0% used [0x00000000ec400000,0x00000000ec400000,0x00000000ed300000)
  from space 2560K, 99% used [0x00000000ed300000,0x00000000ed57c010,0x00000000ed580000)
  to   space 2560K, 0% used [0x00000000ed580000,0x00000000ed580000,0x00000000ed800000)
 ParOldGen       total 40448K, used 8304K [0x00000000c4c00000, 0x00000000c7380000, 0x00000000ec400000)
  object space 40448K, 20% used [0x00000000c4c00000,0x00000000c541c020,0x00000000c7380000)
 PSPermGen       total 21504K, used 3549K [0x00000000bfa00000, 0x00000000c0f00000, 0x00000000c4c00000)
  object space 21504K, 16% used [0x00000000bfa00000,0x00000000bfd77660,0x00000000c0f00000)
}

Deoptimization events (10 events):
Event: 3.886 Thread 0x00007f8cf4070800 Uncommon trap: reason=class_check action=maybe_recompile pc=0x00007f8cf082a940 method=java.lang.System$2.invokeFinalize(Ljava/lang/Object;)V @ 1
Event: 3.886 Thread 0x00007f8cf4070800 Uncommon trap: reason=class_check action=maybe_recompile pc=0x00007f8cf082a940 method=java.lang.System$2.invokeFinalize(Ljava/lang/Object;)V @ 1
Event: 3.886 Thread 0x00007f8cf4070800 Uncommon trap: reason=class_check action=maybe_recompile pc=0x00007f8cf0829dd0 method=java.lang.System$2.invokeFinalize(Ljava/lang/Object;)V @ 1
Event: 3.886 Thread 0x00007f8cf4070800 Uncommon trap: reason=class_check action=maybe_recompile pc=0x00007f8cf0826c74 method=java.lang.System$2.invokeFinalize(Ljava/lang/Object;)V @ 1
Event: 3.890 Thread 0x00007f8cf4070800 Uncommon trap: reason=unstable_if action=reinterpret pc=0x00007f8cf08248f0 method=java.lang.ref.ReferenceQueue.reallyPoll()Ljava/lang/ref/Reference; @ 18
Event: 3.890 Thread 0x00007f8cf4070800 Uncommon trap: reason=unstable_if action=reinterpret pc=0x00007f8cf0829184 method=java.lang.ref.ReferenceQueue.reallyPoll()Ljava/lang/ref/Reference; @ 4
Event: 6.402 Thread 0x00007f8c88001000 Uncommon trap: reason=unstable_if action=reinterpret pc=0x00007f8cf081cdb0 method=java.lang.Math.min(II)I @ 2
Event: 6.402 Thread 0x00007f8c88001000 Uncommon trap: reason=unstable_if action=reinterpret pc=0x00007f8cf081f364 method=java.lang.AbstractStringBuilder.ensureCapacityInternal(I)V @ 7
Event: 6.402 Thread 0x00007f8c88001000 Uncommon trap: reason=unstable_if action=reinterpret pc=0x00007f8cf081cfec method=java.lang.AbstractStringBuilder.ensureCapacityInternal(I)V @ 7
Event: 6.402 Thread 0x00007f8c88001000 Uncommon trap: reason=unstable_if action=reinterpret pc=0x00007f8cf081e524 method=java.lang.AbstractStringBuilder.ensureCapacityInternal(I)V @ 7

Internal exceptions (10 events):
Event: 0.485 Thread 0x00007f8cb0001000 Threw 0x00000000ec7abfa8 at /HUDSON/workspace/7u-2-build-linux-amd64/jdk7u80/2329/hotspot/src/share/vm/prims/jni.cpp:743
Event: 0.488 Thread 0x00007f8cb0001000 Threw 0x00000000ec7ae370 at /HUDSON/workspace/7u-2-build-linux-amd64/jdk7u80/2329/hotspot/src/share/vm/prims/jni.cpp:743
Event: 0.492 Thread 0x00007f8cb0001000 Threw 0x00000000ec7b0738 at /HUDSON/workspace/7u-2-build-linux-amd64/jdk7u80/2329/hotspot/src/share/vm/prims/jni.cpp:743
Event: 0.494 Thread 0x00007f8cb0001000 Threw 0x00000000ec7b2b00 at /HUDSON/workspace/7u-2-build-linux-amd64/jdk7u80/2329/hotspot/src/share/vm/prims/jni.cpp:743
Event: 0.497 Thread 0x00007f8cb0001000 Threw 0x00000000ec7b4ec8 at /HUDSON/workspace/7u-2-build-linux-amd64/jdk7u80/2329/hotspot/src/share/vm/prims/jni.cpp:743
Event: 0.499 Thread 0x00007f8cb0001000 Threw 0x00000000ec7b7290 at /HUDSON/workspace/7u-2-build-linux-amd64/jdk7u80/2329/hotspot/src/share/vm/prims/jni.cpp:743
Event: 0.502 Thread 0x00007f8cb0001000 Threw 0x00000000ec7b9658 at /HUDSON/workspace/7u-2-build-linux-amd64/jdk7u80/2329/hotspot/src/share/vm/prims/jni.cpp:743
Event: 0.504 Thread 0x00007f8cb0001000 Threw 0x00000000ec7bba20 at /HUDSON/workspace/7u-2-build-linux-amd64/jdk7u80/2329/hotspot/src/share/vm/prims/jni.cpp:743
Event: 0.507 Thread 0x00007f8cb0001000 Threw 0x00000000ec7bdde8 at /HUDSON/workspace/7u-2-build-linux-amd64/jdk7u80/2329/hotspot/src/share/vm/prims/jni.cpp:743
Event: 0.508 Thread 0x00007f8c98001000 Threw 0x00000000ec674ed0 at /HUDSON/workspace/7u-2-build-linux-amd64/jdk7u80/2329/hotspot/src/share/vm/prims/jni.cpp:743

Events (10 events):
Event: 6.402 Thread 0x00007f8c88001000 DEOPT UNPACKING pc=0x00007f8cf07ef445 sp=0x00007f8cae7fb4d0 mode 2
Event: 6.402 Thread 0x00007f8c88001000 Uncommon trap: trap_request=0xffffff75 fr.pc=0x00007f8cf081cfec
Event: 6.402 Thread 0x00007f8c88001000 DEOPT PACKING pc=0x00007f8cf081cfec sp=0x00007f8cae7fb510
Event: 6.402 Thread 0x00007f8c88001000 DEOPT UNPACKING pc=0x00007f8cf07ef445 sp=0x00007f8cae7fb4d8 mode 2
Event: 6.402 Thread 0x00007f8c88001000 Uncommon trap: trap_request=0xffffff75 fr.pc=0x00007f8cf081e524
Event: 6.402 Thread 0x00007f8c88001000 DEOPT PACKING pc=0x00007f8cf081e524 sp=0x00007f8cae7fb560
Event: 6.402 Thread 0x00007f8c88001000 DEOPT UNPACKING pc=0x00007f8cf07ef445 sp=0x00007f8cae7fb4d0 mode 2
Event: 6.402 Thread 0x00007f8c88001000 Thread exited: 0x00007f8c88001000
Event: 6.403 Thread 0x00007f8cf4091800 Thread exited: 0x00007f8cf4091800
Event: 6.403 Executing VM operation: Exit


Dynamic libraries:
00400000-00401000 r-xp 00000000 08:07 663942                             /home/elixandre/jdk1.7.0_80/bin/java
00600000-00601000 rw-p 00000000 08:07 663942                             /home/elixandre/jdk1.7.0_80/bin/java
0159a000-015bb000 rw-p 00000000 00:00 0                                  [heap]
bfa00000-c0f00000 rw-p 00000000 00:00 0 
c0f00000-c4c00000 rw-p 00000000 00:00 0 
c4c00000-c7380000 rw-p 00000000 00:00 0 
c7380000-ec400000 rw-p 00000000 00:00 0 
ec400000-ed800000 rw-p 00000000 00:00 0 
ed800000-100000000 rw-p 00000000 00:00 0 
7f8c88000000-7f8c88021000 rw-p 00000000 00:00 0 
7f8c88021000-7f8c8c000000 ---p 00000000 00:00 0 
7f8c8c000000-7f8c8c021000 rw-p 00000000 00:00 0 
7f8c8c021000-7f8c90000000 ---p 00000000 00:00 0 
7f8c90000000-7f8c903ef000 rw-p 00000000 00:00 0 
7f8c903ef000-7f8c94000000 ---p 00000000 00:00 0 
7f8c94000000-7f8c943ef000 rw-p 00000000 00:00 0 
7f8c943ef000-7f8c98000000 ---p 00000000 00:00 0 
7f8c98000000-7f8c983ef000 rw-p 00000000 00:00 0 
7f8c983ef000-7f8c9c000000 ---p 00000000 00:00 0 
7f8ca0000000-7f8ca0404000 rw-p 00000000 00:00 0 
7f8ca0404000-7f8ca4000000 ---p 00000000 00:00 0 
7f8ca4000000-7f8ca43ed000 rw-p 00000000 00:00 0 
7f8ca43ed000-7f8ca8000000 ---p 00000000 00:00 0 
7f8ca8000000-7f8ca8405000 rw-p 00000000 00:00 0 
7f8ca8405000-7f8cac000000 ---p 00000000 00:00 0 
7f8cae6fc000-7f8cae6ff000 ---p 00000000 00:00 0 
7f8cae6ff000-7f8cae7fd000 rw-p 00000000 00:00 0 
7f8cae7fd000-7f8cae800000 ---p 00000000 00:00 0 
7f8cae800000-7f8caeffe000 rw-p 00000000 00:00 0 
7f8caeffe000-7f8caf001000 ---p 00000000 00:00 0 
7f8caf001000-7f8caf7ff000 rw-p 00000000 00:00 0 
7f8caf7ff000-7f8caf802000 ---p 00000000 00:00 0 
7f8caf802000-7f8cb0000000 rw-p 00000000 00:00 0 
7f8cb0000000-7f8cb1c4b000 rw-p 00000000 00:00 0 
7f8cb1c4b000-7f8cb4000000 ---p 00000000 00:00 0 
7f8cb4000000-7f8cb4404000 rw-p 00000000 00:00 0 
7f8cb4404000-7f8cb8000000 ---p 00000000 00:00 0 
7f8cb8000000-7f8cb8021000 rw-p 00000000 00:00 0 
7f8cb8021000-7f8cbc000000 ---p 00000000 00:00 0 
7f8cbc000000-7f8cbc021000 rw-p 00000000 00:00 0 
7f8cbc021000-7f8cc0000000 ---p 00000000 00:00 0 
7f8cc0000000-7f8cc008b000 rw-p 00000000 00:00 0 
7f8cc008b000-7f8cc4000000 ---p 00000000 00:00 0 
7f8cc4000000-7f8cc4fbc000 rw-p 00000000 00:00 0 
7f8cc4fbc000-7f8cc8000000 ---p 00000000 00:00 0 
7f8cc8014000-7f8cc8017000 ---p 00000000 00:00 0 
7f8cc8017000-7f8cc8115000 rw-p 00000000 00:00 0 
7f8cc8115000-7f8cc8118000 ---p 00000000 00:00 0 
7f8cc8118000-7f8cc8916000 rw-p 00000000 00:00 0 
7f8cc8916000-7f8cc8919000 ---p 00000000 00:00 0 
7f8cc8919000-7f8cc9117000 rw-p 00000000 00:00 0 
7f8cc9117000-7f8cc911a000 ---p 00000000 00:00 0 
7f8cc911a000-7f8cc9918000 rw-p 00000000 00:00 0 
7f8cc9918000-7f8cc991b000 ---p 00000000 00:00 0 
7f8cc991b000-7f8cca119000 rw-p 00000000 00:00 0 
7f8cca119000-7f8cca11c000 ---p 00000000 00:00 0 
7f8cca11c000-7f8cca91a000 rw-p 00000000 00:00 0 
7f8cca91a000-7f8cca932000 r-xp 00000000 08:07 544872                     /tmp/simgrid-java2540447236555703964/libsimgrid-java.so (deleted)
7f8cca932000-7f8ccab32000 ---p 00018000 08:07 544872                     /tmp/simgrid-java2540447236555703964/libsimgrid-java.so (deleted)
7f8ccab32000-7f8ccab33000 rw-p 00018000 08:07 544872                     /tmp/simgrid-java2540447236555703964/libsimgrid-java.so (deleted)
7f8ccab33000-7f8ccab49000 r-xp 00000000 08:07 528568                     /lib/x86_64-linux-gnu/libgcc_s.so.1
7f8ccab49000-7f8ccad48000 ---p 00016000 08:07 528568                     /lib/x86_64-linux-gnu/libgcc_s.so.1
7f8ccad48000-7f8ccad49000 r--p 00015000 08:07 528568                     /lib/x86_64-linux-gnu/libgcc_s.so.1
7f8ccad49000-7f8ccad4a000 rw-p 00016000 08:07 528568                     /lib/x86_64-linux-gnu/libgcc_s.so.1
7f8ccad4a000-7f8ccaebd000 r-xp 00000000 08:07 1059329                    /usr/lib/x86_64-linux-gnu/libstdc++.so.6.0.21
7f8ccaebd000-7f8ccb0bc000 ---p 00173000 08:07 1059329                    /usr/lib/x86_64-linux-gnu/libstdc++.so.6.0.21
7f8ccb0bc000-7f8ccb0c6000 r--p 00172000 08:07 1059329                    /usr/lib/x86_64-linux-gnu/libstdc++.so.6.0.21
7f8ccb0c6000-7f8ccb0c8000 rw-p 0017c000 08:07 1059329                    /usr/lib/x86_64-linux-gnu/libstdc++.so.6.0.21
7f8ccb0c8000-7f8ccb0cc000 rw-p 00000000 00:00 0 
7f8ccb0cc000-7f8ccb391000 r-xp 00000000 08:07 544870                     /tmp/simgrid-java2540447236555703964/libsimgrid.so (deleted)
7f8ccb391000-7f8ccb591000 ---p 002c5000 08:07 544870                     /tmp/simgrid-java2540447236555703964/libsimgrid.so (deleted)
7f8ccb591000-7f8ccb5cc000 rw-p 002c5000 08:07 544870                     /tmp/simgrid-java2540447236555703964/libsimgrid.so (deleted)
7f8ccb5cc000-7f8ccb8d5000 rw-p 00000000 00:00 0 
7f8ccb8d5000-7f8ccb8ec000 r-xp 00000000 08:07 663689                     /home/elixandre/jdk1.7.0_80/jre/lib/amd64/libnet.so
7f8ccb8ec000-7f8ccbaeb000 ---p 00017000 08:07 663689                     /home/elixandre/jdk1.7.0_80/jre/lib/amd64/libnet.so
7f8ccbaeb000-7f8ccbaec000 rw-p 00016000 08:07 663689                     /home/elixandre/jdk1.7.0_80/jre/lib/amd64/libnet.so
7f8ccbaec000-7f8ccbafc000 r-xp 00000000 08:07 663688                     /home/elixandre/jdk1.7.0_80/jre/lib/amd64/libnio.so
7f8ccbafc000-7f8ccbcfc000 ---p 00010000 08:07 663688                     /home/elixandre/jdk1.7.0_80/jre/lib/amd64/libnio.so
7f8ccbcfc000-7f8ccbcfd000 rw-p 00010000 08:07 663688                     /home/elixandre/jdk1.7.0_80/jre/lib/amd64/libnio.so
7f8ccbcfd000-7f8ccbcfe000 ---p 00000000 00:00 0 
7f8ccbcfe000-7f8ccbdfe000 rw-p 00000000 00:00 0 
7f8ccbdfe000-7f8ccbe01000 ---p 00000000 00:00 0 
7f8ccbe01000-7f8ccbeff000 rw-p 00000000 00:00 0 
7f8ccbeff000-7f8ccbf02000 ---p 00000000 00:00 0 
7f8ccbf02000-7f8ccc000000 rw-p 00000000 00:00 0 
7f8ccc000000-7f8ccc021000 rw-p 00000000 00:00 0 
7f8ccc021000-7f8cd0000000 ---p 00000000 00:00 0 
7f8cd0000000-7f8cd0021000 rw-p 00000000 00:00 0 
7f8cd0021000-7f8cd4000000 ---p 00000000 00:00 0 
7f8cd4000000-7f8cd4021000 rw-p 00000000 00:00 0 
7f8cd4021000-7f8cd8000000 ---p 00000000 00:00 0 
7f8cd8000000-7f8cd8021000 rw-p 00000000 00:00 0 
7f8cd8021000-7f8cdc000000 ---p 00000000 00:00 0 
7f8cdc000000-7f8cdc021000 rw-p 00000000 00:00 0 
7f8cdc021000-7f8ce0000000 ---p 00000000 00:00 0 
7f8ce0092000-7f8ce0095000 ---p 00000000 00:00 0 
7f8ce0095000-7f8ce0193000 rw-p 00000000 00:00 0 
7f8ce0193000-7f8ce0196000 ---p 00000000 00:00 0 
7f8ce0196000-7f8ce0294000 rw-p 00000000 00:00 0 
7f8ce0294000-7f8ce0977000 r--p 00000000 08:07 1055607                    /usr/lib/locale/locale-archive
7f8ce0977000-7f8ce097a000 ---p 00000000 00:00 0 
7f8ce097a000-7f8ce0a78000 rw-p 00000000 00:00 0 
7f8ce0a78000-7f8ce0a7b000 ---p 00000000 00:00 0 
7f8ce0a7b000-7f8ce0b79000 rw-p 00000000 00:00 0 
7f8ce0b79000-7f8ce0b7a000 ---p 00000000 00:00 0 
7f8ce0b7a000-7f8ce1c0d000 rw-p 00000000 00:00 0 
7f8ce1c0d000-7f8ce1dcd000 r--s 039fb000 08:07 663892                     /home/elixandre/jdk1.7.0_80/jre/lib/rt.jar
7f8ce1dcd000-7f8ce4000000 rw-p 00000000 00:00 0 
7f8ce4000000-7f8ce4021000 rw-p 00000000 00:00 0 
7f8ce4021000-7f8ce8000000 ---p 00000000 00:00 0 
7f8ce8000000-7f8ce8021000 rw-p 00000000 00:00 0 
7f8ce8021000-7f8cec000000 ---p 00000000 00:00 0 
7f8cec000000-7f8cec021000 rw-p 00000000 00:00 0 
7f8cec021000-7f8cf0000000 ---p 00000000 00:00 0 
7f8cf000e000-7f8cf0173000 rw-p 00000000 00:00 0 
7f8cf0173000-7f8cf0174000 ---p 00000000 00:00 0 
7f8cf0174000-7f8cf0274000 rw-p 00000000 00:00 0 
7f8cf0274000-7f8cf0275000 ---p 00000000 00:00 0 
7f8cf0275000-7f8cf0375000 rw-p 00000000 00:00 0 
7f8cf0375000-7f8cf0376000 ---p 00000000 00:00 0 
7f8cf0376000-7f8cf048a000 rw-p 00000000 00:00 0 
7f8cf048a000-7f8cf05b2000 rw-p 00000000 00:00 0 
7f8cf05b2000-7f8cf05bd000 rw-p 00000000 00:00 0 
7f8cf05bd000-7f8cf05db000 rw-p 00000000 00:00 0 
7f8cf05db000-7f8cf05ef000 rw-p 00000000 00:00 0 
7f8cf05ef000-7f8cf0717000 rw-p 00000000 00:00 0 
7f8cf0717000-7f8cf0721000 rw-p 00000000 00:00 0 
7f8cf0721000-7f8cf07b5000 rw-p 00000000 00:00 0 
7f8cf07b5000-7f8cf07b6000 rw-p 00000000 00:00 0 
7f8cf07b6000-7f8cf0a26000 rwxp 00000000 00:00 0 
7f8cf0a26000-7f8cf37b6000 rw-p 00000000 00:00 0 
7f8cf37b6000-7f8cf37cd000 r-xp 00000000 08:07 663687                     /home/elixandre/jdk1.7.0_80/jre/lib/amd64/libzip.so
7f8cf37cd000-7f8cf39cd000 ---p 00017000 08:07 663687                     /home/elixandre/jdk1.7.0_80/jre/lib/amd64/libzip.so
7f8cf39cd000-7f8cf39ce000 rw-p 00017000 08:07 663687                     /home/elixandre/jdk1.7.0_80/jre/lib/amd64/libzip.so
7f8cf39ce000-7f8cf39d8000 r-xp 00000000 08:07 529521                     /lib/x86_64-linux-gnu/libnss_files-2.21.so
7f8cf39d8000-7f8cf3bd8000 ---p 0000a000 08:07 529521                     /lib/x86_64-linux-gnu/libnss_files-2.21.so
7f8cf3bd8000-7f8cf3bd9000 r--p 0000a000 08:07 529521                     /lib/x86_64-linux-gnu/libnss_files-2.21.so
7f8cf3bd9000-7f8cf3bda000 rw-p 0000b000 08:07 529521                     /lib/x86_64-linux-gnu/libnss_files-2.21.so
7f8cf3bda000-7f8cf3be5000 r-xp 00000000 08:07 529535                     /lib/x86_64-linux-gnu/libnss_nis-2.21.so
7f8cf3be5000-7f8cf3de4000 ---p 0000b000 08:07 529535                     /lib/x86_64-linux-gnu/libnss_nis-2.21.so
7f8cf3de4000-7f8cf3de5000 r--p 0000a000 08:07 529535                     /lib/x86_64-linux-gnu/libnss_nis-2.21.so
7f8cf3de5000-7f8cf3de6000 rw-p 0000b000 08:07 529535                     /lib/x86_64-linux-gnu/libnss_nis-2.21.so
7f8cf3de6000-7f8cf3dfd000 r-xp 00000000 08:07 529538                     /lib/x86_64-linux-gnu/libnsl-2.21.so
7f8cf3dfd000-7f8cf3ffc000 ---p 00017000 08:07 529538                     /lib/x86_64-linux-gnu/libnsl-2.21.so
7f8cf3ffc000-7f8cf3ffd000 r--p 00016000 08:07 529538                     /lib/x86_64-linux-gnu/libnsl-2.21.so
7f8cf3ffd000-7f8cf3ffe000 rw-p 00017000 08:07 529538                     /lib/x86_64-linux-gnu/libnsl-2.21.so
7f8cf3ffe000-7f8cf4000000 rw-p 00000000 00:00 0 
7f8cf4000000-7f8cf43eb000 rw-p 00000000 00:00 0 
7f8cf43eb000-7f8cf8000000 ---p 00000000 00:00 0 
7f8cf8003000-7f8cf8004000 ---p 00000000 00:00 0 
7f8cf8004000-7f8cf810f000 rw-p 00000000 00:00 0 
7f8cf810f000-7f8cf812d000 rw-p 00000000 00:00 0 
7f8cf812d000-7f8cf8135000 r-xp 00000000 08:07 529523                     /lib/x86_64-linux-gnu/libnss_compat-2.21.so
7f8cf8135000-7f8cf8334000 ---p 00008000 08:07 529523                     /lib/x86_64-linux-gnu/libnss_compat-2.21.so
7f8cf8334000-7f8cf8335000 r--p 00007000 08:07 529523                     /lib/x86_64-linux-gnu/libnss_compat-2.21.so
7f8cf8335000-7f8cf8336000 rw-p 00008000 08:07 529523                     /lib/x86_64-linux-gnu/libnss_compat-2.21.so
7f8cf8336000-7f8cf835f000 r-xp 00000000 08:07 663623                     /home/elixandre/jdk1.7.0_80/jre/lib/amd64/libjava.so
7f8cf835f000-7f8cf855f000 ---p 00029000 08:07 663623                     /home/elixandre/jdk1.7.0_80/jre/lib/amd64/libjava.so
7f8cf855f000-7f8cf8561000 rw-p 00029000 08:07 663623                     /home/elixandre/jdk1.7.0_80/jre/lib/amd64/libjava.so
7f8cf8561000-7f8cf856e000 r-xp 00000000 08:07 663501                     /home/elixandre/jdk1.7.0_80/jre/lib/amd64/libverify.so
7f8cf856e000-7f8cf876d000 ---p 0000d000 08:07 663501                     /home/elixandre/jdk1.7.0_80/jre/lib/amd64/libverify.so
7f8cf876d000-7f8cf876f000 rw-p 0000c000 08:07 663501                     /home/elixandre/jdk1.7.0_80/jre/lib/amd64/libverify.so
7f8cf876f000-7f8cf8776000 r-xp 00000000 08:07 529522                     /lib/x86_64-linux-gnu/librt-2.21.so
7f8cf8776000-7f8cf8975000 ---p 00007000 08:07 529522                     /lib/x86_64-linux-gnu/librt-2.21.so
7f8cf8975000-7f8cf8976000 r--p 00006000 08:07 529522                     /lib/x86_64-linux-gnu/librt-2.21.so
7f8cf8976000-7f8cf8977000 rw-p 00007000 08:07 529522                     /lib/x86_64-linux-gnu/librt-2.21.so
7f8cf8977000-7f8cf8a7e000 r-xp 00000000 08:07 529524                     /lib/x86_64-linux-gnu/libm-2.21.so
7f8cf8a7e000-7f8cf8c7d000 ---p 00107000 08:07 529524                     /lib/x86_64-linux-gnu/libm-2.21.so
7f8cf8c7d000-7f8cf8c7e000 r--p 00106000 08:07 529524                     /lib/x86_64-linux-gnu/libm-2.21.so
7f8cf8c7e000-7f8cf8c7f000 rw-p 00107000 08:07 529524                     /lib/x86_64-linux-gnu/libm-2.21.so
7f8cf8c7f000-7f8cf97f5000 r-xp 00000000 08:07 663273                     /home/elixandre/jdk1.7.0_80/jre/lib/amd64/server/libjvm.so
7f8cf97f5000-7f8cf99f4000 ---p 00b76000 08:07 663273                     /home/elixandre/jdk1.7.0_80/jre/lib/amd64/server/libjvm.so
7f8cf99f4000-7f8cf9ab8000 rw-p 00b75000 08:07 663273                     /home/elixandre/jdk1.7.0_80/jre/lib/amd64/server/libjvm.so
7f8cf9ab8000-7f8cf9af9000 rw-p 00000000 00:00 0 
7f8cf9af9000-7f8cf9cb9000 r-xp 00000000 08:07 529541                     /lib/x86_64-linux-gnu/libc-2.21.so
7f8cf9cb9000-7f8cf9eb9000 ---p 001c0000 08:07 529541                     /lib/x86_64-linux-gnu/libc-2.21.so
7f8cf9eb9000-7f8cf9ebd000 r--p 001c0000 08:07 529541                     /lib/x86_64-linux-gnu/libc-2.21.so
7f8cf9ebd000-7f8cf9ebf000 rw-p 001c4000 08:07 529541                     /lib/x86_64-linux-gnu/libc-2.21.so
7f8cf9ebf000-7f8cf9ec3000 rw-p 00000000 00:00 0 
7f8cf9ec3000-7f8cf9ec6000 r-xp 00000000 08:07 529528                     /lib/x86_64-linux-gnu/libdl-2.21.so
7f8cf9ec6000-7f8cfa0c5000 ---p 00003000 08:07 529528                     /lib/x86_64-linux-gnu/libdl-2.21.so
7f8cfa0c5000-7f8cfa0c6000 r--p 00002000 08:07 529528                     /lib/x86_64-linux-gnu/libdl-2.21.so
7f8cfa0c6000-7f8cfa0c7000 rw-p 00003000 08:07 529528                     /lib/x86_64-linux-gnu/libdl-2.21.so
7f8cfa0c7000-7f8cfa0dc000 r-xp 00000000 08:07 663695                     /home/elixandre/jdk1.7.0_80/lib/amd64/jli/libjli.so
7f8cfa0dc000-7f8cfa2db000 ---p 00015000 08:07 663695                     /home/elixandre/jdk1.7.0_80/lib/amd64/jli/libjli.so
7f8cfa2db000-7f8cfa2dc000 rw-p 00014000 08:07 663695                     /home/elixandre/jdk1.7.0_80/lib/amd64/jli/libjli.so
7f8cfa2dc000-7f8cfa2f4000 r-xp 00000000 08:07 529525                     /lib/x86_64-linux-gnu/libpthread-2.21.so
7f8cfa2f4000-7f8cfa4f4000 ---p 00018000 08:07 529525                     /lib/x86_64-linux-gnu/libpthread-2.21.so
7f8cfa4f4000-7f8cfa4f5000 r--p 00018000 08:07 529525                     /lib/x86_64-linux-gnu/libpthread-2.21.so
7f8cfa4f5000-7f8cfa4f6000 rw-p 00019000 08:07 529525                     /lib/x86_64-linux-gnu/libpthread-2.21.so
7f8cfa4f6000-7f8cfa4fa000 rw-p 00000000 00:00 0 
7f8cfa4fa000-7f8cfa51e000 r-xp 00000000 08:07 529539                     /lib/x86_64-linux-gnu/ld-2.21.so
7f8cfa528000-7f8cfa547000 rw-p 00000000 00:00 0 
7f8cfa547000-7f8cfa5fd000 rw-p 00000000 00:00 0 
7f8cfa5fd000-7f8cfa600000 ---p 00000000 00:00 0 
7f8cfa600000-7f8cfa702000 rw-p 00000000 00:00 0 
7f8cfa70a000-7f8cfa70e000 r--s 0008b000 08:07 663627                     /home/elixandre/jdk1.7.0_80/jre/lib/jsse.jar
7f8cfa70e000-7f8cfa711000 r--s 00f76000 08:07 542783                     /home/elixandre/Downloads/simgrid.jar
7f8cfa711000-7f8cfa719000 rw-s 00000000 08:07 544865                     /tmp/hsperfdata_elixandre/7528 (deleted)
7f8cfa719000-7f8cfa71a000 rw-p 00000000 00:00 0 
7f8cfa71a000-7f8cfa71b000 ---p 00000000 00:00 0 
7f8cfa71b000-7f8cfa71d000 rw-p 00000000 00:00 0 
7f8cfa71d000-7f8cfa71e000 r--p 00023000 08:07 529539                     /lib/x86_64-linux-gnu/ld-2.21.so
7f8cfa71e000-7f8cfa71f000 rw-p 00024000 08:07 529539                     /lib/x86_64-linux-gnu/ld-2.21.so
7f8cfa71f000-7f8cfa720000 rw-p 00000000 00:00 0 
7ffca532e000-7ffca534f000 rw-p 00000000 00:00 0                          [stack]
7ffca5368000-7ffca536a000 r--p 00000000 00:00 0                          [vvar]
7ffca536a000-7ffca536c000 r-xp 00000000 00:00 0                          [vdso]
ffffffffff600000-ffffffffff601000 r-xp 00000000 00:00 0                  [vsyscall]

VM Arguments:
jvm_args: -Dfile.encoding=UTF-8 
java_command: vcube.VCube platform.xml deployment.xml
Launcher Type: SUN_STANDARD

Environment Variables:
PATH=/usr/local/sbin:/usr/local/bin:/usr/sbin:/usr/bin:/sbin:/bin:/usr/games:/usr/local/games:/home/elixandre/.rvm/bin
LD_LIBRARY_PATH=/home/elixandre/jdk1.7.0_80/jre/lib/amd64:/home/elixandre/jdk1.7.0_80/jre/lib/i386:
SHELL=/bin/bash
DISPLAY=:0

Signal Handlers:
SIGSEGV: [libjvm.so+0x9a3b20], sa_mask[0]=0x7ffbfeff, sa_flags=0x10000004
SIGBUS: [libjvm.so+0x9a3b20], sa_mask[0]=0x7ffbfeff, sa_flags=0x10000004
SIGFPE: [libjvm.so+0x81e740], sa_mask[0]=0x7ffbfeff, sa_flags=0x10000004
SIGPIPE: [libjvm.so+0x81e740], sa_mask[0]=0x7ffbfeff, sa_flags=0x10000004
SIGXFSZ: [libjvm.so+0x81e740], sa_mask[0]=0x7ffbfeff, sa_flags=0x10000004
SIGILL: [libjvm.so+0x81e740], sa_mask[0]=0x7ffbfeff, sa_flags=0x10000004
SIGUSR1: SIG_DFL, sa_mask[0]=0x00000000, sa_flags=0x00000000
SIGUSR2: [libjvm.so+0x81ffb0], sa_mask[0]=0x00000004, sa_flags=0x10000004
SIGHUP: [libjvm.so+0x8210d0], sa_mask[0]=0x7ffbfeff, sa_flags=0x10000004
SIGINT: [libsimgrid.so+0x8ff50], sa_mask[0]=0x00000002, sa_flags=0x10000000
SIGTERM: [libjvm.so+0x8210d0], sa_mask[0]=0x7ffbfeff, sa_flags=0x10000004
SIGQUIT: [libjvm.so+0x8210d0], sa_mask[0]=0x7ffbfeff, sa_flags=0x10000004


---------------  S Y S T E M  ---------------

OS:jessie/sid

uname:Linux 4.2.0-42-generic #49-Ubuntu SMP Tue Jun 28 21:26:26 UTC 2016 x86_64
libc:glibc 2.21 NPTL 2.21 
rlimit: STACK 8192k, CORE 0k, NPROC 15009, NOFILE 65536, AS infinity
load average:0.49 0.52 0.45

/proc/meminfo:
MemTotal:        3879128 kB
MemFree:         1474496 kB
MemAvailable:    2091828 kB
Buffers:           56152 kB
Cached:           826048 kB
SwapCached:         6748 kB
Active:          1476896 kB
Inactive:         753352 kB
Active(anon):     927856 kB
Inactive(anon):   540256 kB
Active(file):     549040 kB
Inactive(file):   213096 kB
Unevictable:          32 kB
Mlocked:              32 kB
SwapTotal:        975868 kB
SwapFree:         890300 kB
Dirty:             24084 kB
Writeback:             0 kB
AnonPages:       1344112 kB
Mapped:           203892 kB
Shmem:            120068 kB
Slab:              81012 kB
SReclaimable:      48260 kB
SUnreclaim:        32752 kB
KernelStack:        8784 kB
PageTables:        32192 kB
NFS_Unstable:          0 kB
Bounce:                0 kB
WritebackTmp:          0 kB
CommitLimit:     2915432 kB
Committed_AS:    4836784 kB
VmallocTotal:   34359738367 kB
VmallocUsed:      347648 kB
VmallocChunk:   34358947836 kB
HardwareCorrupted:     0 kB
AnonHugePages:    966656 kB
CmaTotal:              0 kB
CmaFree:               0 kB
HugePages_Total:       0
HugePages_Free:        0
HugePages_Rsvd:        0
HugePages_Surp:        0
Hugepagesize:       2048 kB
DirectMap4k:      127736 kB
DirectMap2M:     3899392 kB


CPU:total 4 (2 cores per cpu, 2 threads per core) family 6 model 58 stepping 9, cmov, cx8, fxsr, mmx, sse, sse2, sse3, ssse3, sse4.1, sse4.2, popcnt, avx, erms, ht, tsc, tscinvbit, tscinv

/proc/cpuinfo:
processor	: 0
vendor_id	: GenuineIntel
cpu family	: 6
model		: 58
model name	: Intel(R) Core(TM) i7-3517U CPU @ 1.90GHz
stepping	: 9
microcode	: 0x12
cpu MHz		: 2978.156
cache size	: 4096 KB
physical id	: 0
siblings	: 4
core id		: 0
cpu cores	: 2
apicid		: 0
initial apicid	: 0
fpu		: yes
fpu_exception	: yes
cpuid level	: 13
wp		: yes
flags		: fpu vme de pse tsc msr pae mce cx8 apic sep mtrr pge mca cmov pat pse36 clflush dts acpi mmx fxsr sse sse2 ss ht tm pbe syscall nx rdtscp lm constant_tsc arch_perfmon pebs bts rep_good nopl xtopology nonstop_tsc aperfmperf eagerfpu pni pclmulqdq dtes64 monitor ds_cpl vmx est tm2 ssse3 cx16 xtpr pdcm pcid sse4_1 sse4_2 x2apic popcnt tsc_deadline_timer xsave avx f16c rdrand lahf_lm ida arat epb pln pts dtherm tpr_shadow vnmi flexpriority ept vpid fsgsbase smep erms xsaveopt
bugs		:
bogomips	: 4788.88
clflush size	: 64
cache_alignment	: 64
address sizes	: 36 bits physical, 48 bits virtual
power management:

processor	: 1
vendor_id	: GenuineIntel
cpu family	: 6
model		: 58
model name	: Intel(R) Core(TM) i7-3517U CPU @ 1.90GHz
stepping	: 9
microcode	: 0x12
cpu MHz		: 2910.750
cache size	: 4096 KB
physical id	: 0
siblings	: 4
core id		: 0
cpu cores	: 2
apicid		: 1
initial apicid	: 1
fpu		: yes
fpu_exception	: yes
cpuid level	: 13
wp		: yes
flags		: fpu vme de pse tsc msr pae mce cx8 apic sep mtrr pge mca cmov pat pse36 clflush dts acpi mmx fxsr sse sse2 ss ht tm pbe syscall nx rdtscp lm constant_tsc arch_perfmon pebs bts rep_good nopl xtopology nonstop_tsc aperfmperf eagerfpu pni pclmulqdq dtes64 monitor ds_cpl vmx est tm2 ssse3 cx16 xtpr pdcm pcid sse4_1 sse4_2 x2apic popcnt tsc_deadline_timer xsave avx f16c rdrand lahf_lm ida arat epb pln pts dtherm tpr_shadow vnmi flexpriority ept vpid fsgsbase smep erms xsaveopt
bugs		:
bogomips	: 4788.88
clflush size	: 64
cache_alignment	: 64
address sizes	: 36 bits physical, 48 bits virtual
power management:

processor	: 2
vendor_id	: GenuineIntel
cpu family	: 6
model		: 58
model name	: Intel(R) Core(TM) i7-3517U CPU @ 1.90GHz
stepping	: 9
microcode	: 0x12
cpu MHz		: 2800.031
cache size	: 4096 KB
physical id	: 0
siblings	: 4
core id		: 1
cpu cores	: 2
apicid		: 2
initial apicid	: 2
fpu		: yes
fpu_exception	: yes
cpuid level	: 13
wp		: yes
flags		: fpu vme de pse tsc msr pae mce cx8 apic sep mtrr pge mca cmov pat pse36 clflush dts acpi mmx fxsr sse sse2 ss ht tm pbe syscall nx rdtscp lm constant_tsc arch_perfmon pebs bts rep_good nopl xtopology nonstop_tsc aperfmperf eagerfpu pni pclmulqdq dtes64 monitor ds_cpl vmx est tm2 ssse3 cx16 xtpr pdcm pcid sse4_1 sse4_2 x2apic popcnt tsc_deadline_timer xsave avx f16c rdrand lahf_lm ida arat epb pln pts dtherm tpr_shadow vnmi flexpriority ept vpid fsgsbase smep erms xsaveopt
bugs		:
bogomips	: 4788.88
clflush size	: 64
cache_alignment	: 64
address sizes	: 36 bits physical, 48 bits virtual
power management:

processor	: 3
vendor_id	: GenuineIntel
cpu family	: 6
model		: 58
model name	: Intel(R) Core(TM) i7-3517U CPU @ 1.90GHz
stepping	: 9
microcode	: 0x12
cpu MHz		: 2799.937
cache size	: 4096 KB
physical id	: 0
siblings	: 4
core id		: 1
cpu cores	: 2
apicid		: 3
initial apicid	: 3
fpu		: yes
fpu_exception	: yes
cpuid level	: 13
wp		: yes
flags		: fpu vme de pse tsc msr pae mce cx8 apic sep mtrr pge mca cmov pat pse36 clflush dts acpi mmx fxsr sse sse2 ss ht tm pbe syscall nx rdtscp lm constant_tsc arch_perfmon pebs bts rep_good nopl xtopology nonstop_tsc aperfmperf eagerfpu pni pclmulqdq dtes64 monitor ds_cpl vmx est tm2 ssse3 cx16 xtpr pdcm pcid sse4_1 sse4_2 x2apic popcnt tsc_deadline_timer xsave avx f16c rdrand lahf_lm ida arat epb pln pts dtherm tpr_shadow vnmi flexpriority ept vpid fsgsbase smep erms xsaveopt
bugs		:
bogomips	: 4788.88
clflush size	: 64
cache_alignment	: 64
address sizes	: 36 bits physical, 48 bits virtual
power management:



Memory: 4k page, physical 3879128k(1474496k free), swap 975868k(890300k free)

vm_info: Java HotSpot(TM) 64-Bit Server VM (24.80-b11) for linux-amd64 JRE (1.7.0_80-b15), built on Apr 10 2015 19:53:14 by "java_re" with gcc 4.3.0 20080428 (Red Hat 4.3.0-8)

time: Mon May  1 16:03:51 2017
elapsed time: 6 seconds

