#
# A fatal error has been detected by the Java Runtime Environment:
#
#  SIGSEGV (0xb) at pc=0x00007f364df00646, pid=14309, tid=0x00007f365c6df700
#
# JRE version: Java(TM) SE Runtime Environment (8.0_111-b14) (build 1.8.0_111-b14)
# Java VM: Java HotSpot(TM) 64-Bit Server VM (25.111-b14 mixed mode linux-amd64 compressed oops)
# Problematic frame:
# C  [libsimgrid.so+0x84646]  MSG_task_destroy+0x16
#
# Failed to write core dump. Core dumps have been disabled. To enable core dumping, try "ulimit -c unlimited" before starting Java again
#
# If you would like to submit a bug report, please visit:
#   http://bugreport.java.com/bugreport/crash.jsp
# The crash happened outside the Java Virtual Machine in native code.
# See problematic frame for where to report the bug.
#

---------------  T H R E A D  ---------------

Current thread (0x00007f367c084000):  JavaThread "Finalizer" daemon [_thread_in_native, id=14321, stack(0x00007f365c5df000,0x00007f365c6e0000)]

siginfo: si_signo: 11 (SIGSEGV), si_code: 1 (SEGV_MAPERR), si_addr: 0x000000000000007d

Registers:
RAX=0x0000000000000025, RBX=0x00007f362004c0c0, RCX=0x00007f365c6de6e0, RDX=0x0000000000000042
RSP=0x00007f365c6de600, RBP=0x00007f365c6de6c0, RSI=0x00007f365c6de6e0, RDI=0x00007f362004c0c0
R8 =0x00007f3630051a80, R9 =0x00000000ed401910, R10=0x000000000000000a, R11=0x00007f36820e4f88
R12=0x0000000000000000, R13=0x00007f365de6ee20, R14=0x00007f365c6de6e0, R15=0x00007f367c084000
RIP=0x00007f364df00646, EFLAGS=0x0000000000010206, CSGSFS=0x0000000000000033, ERR=0x0000000000000004
  TRAPNO=0x000000000000000e

Top of Stack: (sp=0x00007f365c6de600)
0x00007f365c6de600:   0000000000001374 00007f367c0848a8
0x00007f365c6de610:   00007f365c6de670 00007f3681a2df5f
0x00007f365c6de620:   00007f36540036e0 00007f367c084000
0x00007f365c6de630:   ffffffffffffffff 00000001ffffffff
0x00007f365c6de640:   00007f367c07f000 00007f364d6d6de7
0x00007f365c6de650:   0000000000000000 00007f365de6ee20
0x00007f365c6de660:   00007f365c6de6c0 00007f366cbeaa34
0x00007f365c6de670:   00007f365c6de710 00007f3681a3023b
0x00007f365c6de680:   00007f365c6de680 0000000000000000
0x00007f365c6de690:   00007f365c6de6e0 00007f365de6fca0
0x00007f365c6de6a0:   0000000000000000 00007f365de6ee20
0x00007f365c6de6b0:   0000000000000000 00007f365c6de6e0
0x00007f365c6de6c0:   00007f365c6de728 00007f366cbdb2bd
0x00007f365c6de6d0:   0000000000000000 00007f366cbe4538
0x00007f365c6de6e0:   00000000ed401910 00007f365c6de6e8
0x00007f365c6de6f0:   00007f365de6ed59 00007f365c6de740
0x00007f365c6de700:   00007f365de6fca0 0000000000000000
0x00007f365c6de710:   00007f365de6ed80 00007f365c6de6e0
0x00007f365c6de720:   00007f365c6de740 00007f365c6de788
0x00007f365c6de730:   00007f366cbdb2bd 0000000000000000
0x00007f365c6de740:   00000000ed401910 00007f365c6de748
0x00007f365c6de750:   00007f365dbd61f1 00007f365c6de7a0
0x00007f365c6de760:   00007f365dbd6288 0000000000000000
0x00007f365c6de770:   00007f365dbd6200 00007f365c6de740
0x00007f365c6de780:   00007f365c6de798 00007f365c6de7f8
0x00007f365c6de790:   00007f366cbdb302 00000000ed401910
0x00007f365c6de7a0:   00000000ed3091e8 0000000000000009
0x00007f365c6de7b0:   0000000000000000 00007f365c6de7a8
0x00007f365c6de7c0:   00007f365da8a5e6 00007f365c6de820
0x00007f365c6de7d0:   00007f365db0be10 0000000000000000
0x00007f365c6de7e0:   00007f365da8a628 00007f365c6de798
0x00007f365c6de7f0:   00007f365c6de818 00007f365c6de868 

Instructions: (pc=0x00007f364df00646)
0x00007f364df00626:   ff 66 0f 1f 84 00 00 00 00 00 55 53 48 83 ec 58
0x00007f364df00636:   48 85 ff 0f 84 01 01 00 00 48 8b 47 08 48 89 fb
0x00007f364df00646:   48 83 78 58 00 74 05 e8 4e 04 fe ff 48 8b 2d 5f
0x00007f364df00656:   43 44 00 8b 55 28 85 d2 0f 84 bc 00 00 00 83 7d 

Register to memory mapping:

RAX=0x0000000000000025 is an unknown value
RBX=0x00007f362004c0c0 is an unknown value
RCX=0x00007f365c6de6e0 is pointing into the stack for thread: 0x00007f367c084000
RDX=0x0000000000000042 is an unknown value
RSP=0x00007f365c6de600 is pointing into the stack for thread: 0x00007f367c084000
RBP=0x00007f365c6de6c0 is pointing into the stack for thread: 0x00007f367c084000
RSI=0x00007f365c6de6e0 is pointing into the stack for thread: 0x00007f367c084000
RDI=0x00007f362004c0c0 is an unknown value
R8 =0x00007f3630051a80 is an unknown value
R9 =0x00000000ed401910 is an oop
vcube.VCubeTask 
 - klass: 'vcube/VCubeTask'
R10=0x000000000000000a is an unknown value
R11=0x00007f36820e4f88: <offset 0xfc3f88> in /home/elixandrebaldi/jdk1.8.0_111/jre/lib/amd64/server/libjvm.so at 0x00007f3681121000
R12=0x0000000000000000 is an unknown value
R13={method} {0x00007f365de6ee20} 'nativeFinalize' '()V' in 'org/simgrid/msg/Task'
R14=0x00007f365c6de6e0 is pointing into the stack for thread: 0x00007f367c084000
R15=0x00007f367c084000 is a thread


Stack: [0x00007f365c5df000,0x00007f365c6e0000],  sp=0x00007f365c6de600,  free space=1021k
Native frames: (J=compiled Java code, j=interpreted, Vv=VM code, C=native code)
C  [libsimgrid.so+0x84646]  MSG_task_destroy+0x16
j  org.simgrid.msg.Task.finalize()V+1
j  java.lang.System$2.invokeFinalize(Ljava/lang/Object;)V+1
j  java.lang.ref.Finalizer.runFinalizer(Lsun/misc/JavaLangAccess;)V+46
j  java.lang.ref.Finalizer.access$100(Ljava/lang/ref/Finalizer;Lsun/misc/JavaLangAccess;)V+2
j  java.lang.ref.Finalizer$FinalizerThread.run()V+45
v  ~StubRoutines::call_stub
V  [libjvm.so+0x690206]  JavaCalls::call_helper(JavaValue*, methodHandle*, JavaCallArguments*, Thread*)+0x1056
V  [libjvm.so+0x690711]  JavaCalls::call_virtual(JavaValue*, KlassHandle, Symbol*, Symbol*, JavaCallArguments*, Thread*)+0x321
V  [libjvm.so+0x690bb7]  JavaCalls::call_virtual(JavaValue*, Handle, KlassHandle, Symbol*, Symbol*, Thread*)+0x47
V  [libjvm.so+0x7278f0]  thread_entry(JavaThread*, Thread*)+0xa0
V  [libjvm.so+0xa742b3]  JavaThread::thread_main_inner()+0x103
V  [libjvm.so+0xa743fc]  JavaThread::run()+0x11c
V  [libjvm.so+0x924ea8]  java_start(Thread*)+0x108
C  [libpthread.so.0+0x76ba]  start_thread+0xca

Java frames: (J=compiled Java code, j=interpreted, Vv=VM code)
j  org.simgrid.msg.Task.nativeFinalize()V+0
j  org.simgrid.msg.Task.finalize()V+1
j  java.lang.System$2.invokeFinalize(Ljava/lang/Object;)V+1
j  java.lang.ref.Finalizer.runFinalizer(Lsun/misc/JavaLangAccess;)V+46
j  java.lang.ref.Finalizer.access$100(Ljava/lang/ref/Finalizer;Lsun/misc/JavaLangAccess;)V+2
j  java.lang.ref.Finalizer$FinalizerThread.run()V+45
v  ~StubRoutines::call_stub

---------------  P R O C E S S  ---------------

Java Threads: ( => current thread )
  0x00007f3608001000 JavaThread "Thread-10" [_thread_in_native, id=14335, stack(0x00007f3628ffa000,0x00007f36297fb000)]
  0x00007f3610001000 JavaThread "Thread-5" [_thread_in_native, id=14333, stack(0x00007f3629ffc000,0x00007f362a7fd000)]
  0x00007f3618001000 JavaThread "Thread-7" [_thread_in_native, id=14331, stack(0x00007f362affe000,0x00007f362b7ff000)]
  0x00007f3620001000 JavaThread "Thread-3" [_thread_in_native, id=14330, stack(0x00007f362b7ff000,0x00007f362c000000)]
  0x00007f3624001000 JavaThread "Thread-1" [_thread_in_native, id=14329, stack(0x00007f364c6c9000,0x00007f364ceca000)]
  0x00007f3630001000 JavaThread "Thread-2" [_thread_in_native, id=14328, stack(0x00007f364ceca000,0x00007f364d6cb000)]
  0x00007f367c0c0000 JavaThread "Service Thread" daemon [_thread_blocked, id=14326, stack(0x00007f365c0da000,0x00007f365c1db000)]
  0x00007f367c0bd000 JavaThread "C1 CompilerThread2" daemon [_thread_blocked, id=14325, stack(0x00007f365c1db000,0x00007f365c2dc000)]
  0x00007f367c0bb000 JavaThread "C2 CompilerThread1" daemon [_thread_blocked, id=14324, stack(0x00007f365c2dc000,0x00007f365c3dd000)]
  0x00007f367c0b8800 JavaThread "C2 CompilerThread0" daemon [_thread_in_native, id=14323, stack(0x00007f365c3dd000,0x00007f365c4de000)]
  0x00007f367c0b7000 JavaThread "Signal Dispatcher" daemon [_thread_blocked, id=14322, stack(0x00007f365c4de000,0x00007f365c5df000)]
=>0x00007f367c084000 JavaThread "Finalizer" daemon [_thread_in_native, id=14321, stack(0x00007f365c5df000,0x00007f365c6e0000)]
  0x00007f367c07f000 JavaThread "Reference Handler" daemon [_thread_blocked, id=14320, stack(0x00007f365c6e0000,0x00007f365c7e1000)]
  0x00007f367c00a000 JavaThread "main" [_thread_in_native, id=14314, stack(0x00007f3682c14000,0x00007f3682d15000)]

Other Threads:
  0x00007f367c077800 VMThread [stack: 0x00007f365c7e1000,0x00007f365c8e2000] [id=14319]
  0x00007f367c0c3000 WatcherThread [stack: 0x00007f364eaad000,0x00007f364ebae000] [id=14327]

VM state:not at safepoint (normal execution)

VM Mutex/Monitor currently owned by a thread: None

Heap:
 PSYoungGen      total 17920K, used 1869K [0x00000000ec400000, 0x00000000ee700000, 0x0000000100000000)
  eden space 15360K, 4% used [0x00000000ec400000,0x00000000ec4bb430,0x00000000ed300000)
  from space 2560K, 43% used [0x00000000ed300000,0x00000000ed418020,0x00000000ed580000)
  to   space 2560K, 0% used [0x00000000ee480000,0x00000000ee480000,0x00000000ee700000)
 ParOldGen       total 40960K, used 24K [0x00000000c4c00000, 0x00000000c7400000, 0x00000000ec400000)
  object space 40960K, 0% used [0x00000000c4c00000,0x00000000c4c06000,0x00000000c7400000)
 Metaspace       used 3856K, capacity 4704K, committed 4864K, reserved 1056768K
  class space    used 418K, capacity 464K, committed 512K, reserved 1048576K

Card table byte_map: [0x00007f366c638000,0x00007f366c813000] byte_map_base: 0x00007f366c012000

Marking Bits: (ParMarkBitMap*) 0x00007f36820e4220
 Begin Bits: [0x00007f365e260000, 0x00007f365f130000)
 End Bits:   [0x00007f365f130000, 0x00007f3660000000)

Polling page: 0x00007f3682d33000

CodeCache: size=245760Kb used=1950Kb max_used=1962Kb free=243809Kb
 bounds [0x00007f366cbd3000, 0x00007f366ce43000, 0x00007f367bbd3000]
 total_blobs=596 nmethods=333 adapters=177
 compilation: enabled

Compilation events (10 events):
Event: 3.574 Thread 0x00007f367c0bb000  319       4       java.util.regex.Pattern$Slice::match (79 bytes)
Event: 3.582 Thread 0x00007f367c0bb000 nmethod 319 0x00007f366cdb6c50 code [0x00007f366cdb6dc0, 0x00007f366cdb71f8]
Event: 3.615 Thread 0x00007f367c0b8800  320       4       vcube.VCubeTask::setTimestempStatus (27 bytes)
Event: 3.618 Thread 0x00007f367c0b8800 nmethod 320 0x00007f366cdb74d0 code [0x00007f366cdb7620, 0x00007f366cdb7778]
Event: 3.799 Thread 0x00007f367c0bd000  321       3       java.lang.Throwable::<init> (29 bytes)
Event: 3.805 Thread 0x00007f367c0bd000 nmethod 321 0x00007f366cdae090 code [0x00007f366cdae220, 0x00007f366cdae788]
Event: 3.859 Thread 0x00007f367c0bd000  322       3       java.util.Arrays::copyOf (13 bytes)
Event: 3.859 Thread 0x00007f367c0bd000 nmethod 322 0x00007f366cdadc50 code [0x00007f366cdaddc0, 0x00007f366cdadfc8]
Event: 3.859 Thread 0x00007f367c0bd000  323       3       java.util.Arrays::copyOf (46 bytes)
Event: 3.860 Thread 0x00007f367c0bd000 nmethod 323 0x00007f366cdb6210 code [0x00007f366cdb63c0, 0x00007f366cdb6a48]

GC Heap History (6 events):
Event: 0.718 GC heap before
{Heap before GC invocations=1 (full 0):
 PSYoungGen      total 17920K, used 15360K [0x00000000ec400000, 0x00000000ed800000, 0x0000000100000000)
  eden space 15360K, 100% used [0x00000000ec400000,0x00000000ed300000,0x00000000ed300000)
  from space 2560K, 0% used [0x00000000ed580000,0x00000000ed580000,0x00000000ed800000)
  to   space 2560K, 0% used [0x00000000ed300000,0x00000000ed300000,0x00000000ed580000)
 ParOldGen       total 40960K, used 0K [0x00000000c4c00000, 0x00000000c7400000, 0x00000000ec400000)
  object space 40960K, 0% used [0x00000000c4c00000,0x00000000c4c00000,0x00000000c7400000)
 Metaspace       used 3594K, capacity 4606K, committed 4864K, reserved 1056768K
  class space    used 405K, capacity 430K, committed 512K, reserved 1048576K
Event: 0.722 GC heap after
Heap after GC invocations=1 (full 0):
 PSYoungGen      total 17920K, used 608K [0x00000000ec400000, 0x00000000ed800000, 0x0000000100000000)
  eden space 15360K, 0% used [0x00000000ec400000,0x00000000ec400000,0x00000000ed300000)
  from space 2560K, 23% used [0x00000000ed300000,0x00000000ed398020,0x00000000ed580000)
  to   space 2560K, 0% used [0x00000000ed580000,0x00000000ed580000,0x00000000ed800000)
 ParOldGen       total 40960K, used 8K [0x00000000c4c00000, 0x00000000c7400000, 0x00000000ec400000)
  object space 40960K, 0% used [0x00000000c4c00000,0x00000000c4c02000,0x00000000c7400000)
 Metaspace       used 3594K, capacity 4606K, committed 4864K, reserved 1056768K
  class space    used 405K, capacity 430K, committed 512K, reserved 1048576K
}
Event: 0.888 GC heap before
{Heap before GC invocations=2 (full 0):
 PSYoungGen      total 17920K, used 15968K [0x00000000ec400000, 0x00000000ed800000, 0x0000000100000000)
  eden space 15360K, 100% used [0x00000000ec400000,0x00000000ed300000,0x00000000ed300000)
  from space 2560K, 23% used [0x00000000ed300000,0x00000000ed398020,0x00000000ed580000)
  to   space 2560K, 0% used [0x00000000ed580000,0x00000000ed580000,0x00000000ed800000)
 ParOldGen       total 40960K, used 8K [0x00000000c4c00000, 0x00000000c7400000, 0x00000000ec400000)
  object space 40960K, 0% used [0x00000000c4c00000,0x00000000c4c02000,0x00000000c7400000)
 Metaspace       used 3685K, capacity 4640K, committed 4864K, reserved 1056768K
  class space    used 414K, capacity 464K, committed 512K, reserved 1048576K
Event: 0.892 GC heap after
Heap after GC invocations=2 (full 0):
 PSYoungGen      total 17920K, used 816K [0x00000000ec400000, 0x00000000ee700000, 0x0000000100000000)
  eden space 15360K, 0% used [0x00000000ec400000,0x00000000ec400000,0x00000000ed300000)
  from space 2560K, 31% used [0x00000000ed580000,0x00000000ed64c010,0x00000000ed800000)
  to   space 2560K, 0% used [0x00000000ed300000,0x00000000ed300000,0x00000000ed580000)
 ParOldGen       total 40960K, used 16K [0x00000000c4c00000, 0x00000000c7400000, 0x00000000ec400000)
  object space 40960K, 0% used [0x00000000c4c00000,0x00000000c4c04000,0x00000000c7400000)
 Metaspace       used 3685K, capacity 4640K, committed 4864K, reserved 1056768K
  class space    used 414K, capacity 464K, committed 512K, reserved 1048576K
}
Event: 3.862 GC heap before
{Heap before GC invocations=3 (full 0):
 PSYoungGen      total 17920K, used 16176K [0x00000000ec400000, 0x00000000ee700000, 0x0000000100000000)
  eden space 15360K, 100% used [0x00000000ec400000,0x00000000ed300000,0x00000000ed300000)
  from space 2560K, 31% used [0x00000000ed580000,0x00000000ed64c010,0x00000000ed800000)
  to   space 2560K, 0% used [0x00000000ed300000,0x00000000ed300000,0x00000000ed580000)
 ParOldGen       total 40960K, used 16K [0x00000000c4c00000, 0x00000000c7400000, 0x00000000ec400000)
  object space 40960K, 0% used [0x00000000c4c00000,0x00000000c4c04000,0x00000000c7400000)
 Metaspace       used 3849K, capacity 4704K, committed 4864K, reserved 1056768K
  class space    used 418K, capacity 464K, committed 512K, reserved 1048576K
Event: 3.873 GC heap after
Heap after GC invocations=3 (full 0):
 PSYoungGen      total 17920K, used 1120K [0x00000000ec400000, 0x00000000ee700000, 0x0000000100000000)
  eden space 15360K, 0% used [0x00000000ec400000,0x00000000ec400000,0x00000000ed300000)
  from space 2560K, 43% used [0x00000000ed300000,0x00000000ed418020,0x00000000ed580000)
  to   space 2560K, 0% used [0x00000000ee480000,0x00000000ee480000,0x00000000ee700000)
 ParOldGen       total 40960K, used 24K [0x00000000c4c00000, 0x00000000c7400000, 0x00000000ec400000)
  object space 40960K, 0% used [0x00000000c4c00000,0x00000000c4c06000,0x00000000c7400000)
 Metaspace       used 3849K, capacity 4704K, committed 4864K, reserved 1056768K
  class space    used 418K, capacity 464K, committed 512K, reserved 1048576K
}

Deoptimization events (0 events):
No events

Internal exceptions (10 events):
Event: 3.825 Thread 0x00007f3618001000 Exception <a 'org/simgrid/msg/TimeoutException'> (0x00000000ed2a5ed8) thrown at [/HUDSON3/workspace/8-2-build-linux-amd64/jdk8u111/7883/hotspot/src/share/vm/prims/jni.cpp, line 735]
Event: 3.825 Thread 0x00007f3630001000 Exception <a 'org/simgrid/msg/TimeoutException'> (0x00000000ed2cf6e0) thrown at [/HUDSON3/workspace/8-2-build-linux-amd64/jdk8u111/7883/hotspot/src/share/vm/prims/jni.cpp, line 735]
Event: 3.825 Thread 0x00007f3610001000 Exception <a 'org/simgrid/msg/TimeoutException'> (0x00000000ed2bb1c8) thrown at [/HUDSON3/workspace/8-2-build-linux-amd64/jdk8u111/7883/hotspot/src/share/vm/prims/jni.cpp, line 735]
Event: 3.835 Thread 0x00007f3608001000 Exception <a 'org/simgrid/msg/TimeoutException'> (0x00000000ed24e9e8) thrown at [/HUDSON3/workspace/8-2-build-linux-amd64/jdk8u111/7883/hotspot/src/share/vm/prims/jni.cpp, line 735]
Event: 3.838 Thread 0x00007f3624001000 Exception <a 'org/simgrid/msg/TimeoutException'> (0x00000000ed296050) thrown at [/HUDSON3/workspace/8-2-build-linux-amd64/jdk8u111/7883/hotspot/src/share/vm/prims/jni.cpp, line 735]
Event: 3.843 Thread 0x00007f3620001000 Exception <a 'org/simgrid/msg/TimeoutException'> (0x00000000ed2e7960) thrown at [/HUDSON3/workspace/8-2-build-linux-amd64/jdk8u111/7883/hotspot/src/share/vm/prims/jni.cpp, line 735]
Event: 3.845 Thread 0x00007f3618001000 Exception <a 'org/simgrid/msg/TimeoutException'> (0x00000000ed2a7420) thrown at [/HUDSON3/workspace/8-2-build-linux-amd64/jdk8u111/7883/hotspot/src/share/vm/prims/jni.cpp, line 735]
Event: 3.846 Thread 0x00007f3630001000 Exception <a 'org/simgrid/msg/TimeoutException'> (0x00000000ed2d0990) thrown at [/HUDSON3/workspace/8-2-build-linux-amd64/jdk8u111/7883/hotspot/src/share/vm/prims/jni.cpp, line 735]
Event: 3.846 Thread 0x00007f3610001000 Exception <a 'org/simgrid/msg/TimeoutException'> (0x00000000ed2bcc80) thrown at [/HUDSON3/workspace/8-2-build-linux-amd64/jdk8u111/7883/hotspot/src/share/vm/prims/jni.cpp, line 735]
Event: 3.858 Thread 0x00007f3608001000 Exception <a 'org/simgrid/msg/TimeoutException'> (0x00000000ed2ff1a8) thrown at [/HUDSON3/workspace/8-2-build-linux-amd64/jdk8u111/7883/hotspot/src/share/vm/prims/jni.cpp, line 735]

Events (10 events):
Event: 1.236 Thread 0x00007f3620021000 Thread exited: 0x00007f3620021000
Event: 1.236 Thread 0x00007f3624021000 Thread exited: 0x00007f3624021000
Event: 1.306 loading class java/util/regex/Pattern$BnM
Event: 1.306 loading class java/util/regex/Pattern$BnM done
Event: 1.394 loading class org/simgrid/msg/TimeoutException
Event: 1.394 loading class org/simgrid/msg/TimeoutException done
Event: 1.672 Thread 0x00007f3614001000 Thread exited: 0x00007f3614001000
Event: 1.799 Thread 0x00007f361c001000 Thread exited: 0x00007f361c001000
Event: 3.862 Executing VM operation: ParallelGCFailedAllocation
Event: 3.873 Executing VM operation: ParallelGCFailedAllocation done


Dynamic libraries:
00400000-00401000 r-xp 00000000 08:01 8784123                            /home/elixandrebaldi/jdk1.8.0_111/bin/java
00600000-00601000 rw-p 00000000 08:01 8784123                            /home/elixandrebaldi/jdk1.8.0_111/bin/java
00bc5000-00c07000 rw-p 00000000 00:00 0                                  [heap]
c4c00000-c7400000 rw-p 00000000 00:00 0 
c7400000-ec400000 ---p 00000000 00:00 0 
ec400000-ee700000 rw-p 00000000 00:00 0 
ee700000-100000000 ---p 00000000 00:00 0 
100000000-100080000 rw-p 00000000 00:00 0 
100080000-140000000 ---p 00000000 00:00 0 
7f34ea625000-7f34ea628000 ---p 00000000 00:00 0 
7f34ea628000-7f34eae26000 rw-p 00000000 00:00 0 
7f34eae26000-7f34eae29000 ---p 00000000 00:00 0 
7f34eae29000-7f34eb627000 rw-p 00000000 00:00 0 
7f35d8000000-7f35d8025000 rw-p 00000000 00:00 0 
7f35d8025000-7f35dc000000 ---p 00000000 00:00 0 
7f35dc000000-7f35dc025000 rw-p 00000000 00:00 0 
7f35dc025000-7f35e0000000 ---p 00000000 00:00 0 
7f35e0000000-7f35e0025000 rw-p 00000000 00:00 0 
7f35e0025000-7f35e4000000 ---p 00000000 00:00 0 
7f35e8000000-7f35e8025000 rw-p 00000000 00:00 0 
7f35e8025000-7f35ec000000 ---p 00000000 00:00 0 
7f35ec000000-7f35ec025000 rw-p 00000000 00:00 0 
7f35ec025000-7f35f0000000 ---p 00000000 00:00 0 
7f35f0000000-7f35f0025000 rw-p 00000000 00:00 0 
7f35f0025000-7f35f4000000 ---p 00000000 00:00 0 
7f35f4000000-7f35f4025000 rw-p 00000000 00:00 0 
7f35f4025000-7f35f8000000 ---p 00000000 00:00 0 
7f35f8000000-7f35f8025000 rw-p 00000000 00:00 0 
7f35f8025000-7f35fc000000 ---p 00000000 00:00 0 
7f3600000000-7f360002e000 rw-p 00000000 00:00 0 
7f360002e000-7f3604000000 ---p 00000000 00:00 0 
7f3608000000-7f36080d2000 rw-p 00000000 00:00 0 
7f36080d2000-7f360c000000 ---p 00000000 00:00 0 
7f3610000000-7f36100b8000 rw-p 00000000 00:00 0 
7f36100b8000-7f3614000000 ---p 00000000 00:00 0 
7f3614000000-7f3614025000 rw-p 00000000 00:00 0 
7f3614025000-7f3618000000 ---p 00000000 00:00 0 
7f3618000000-7f361808e000 rw-p 00000000 00:00 0 
7f361808e000-7f361c000000 ---p 00000000 00:00 0 
7f361c000000-7f361c028000 rw-p 00000000 00:00 0 
7f361c028000-7f3620000000 ---p 00000000 00:00 0 
7f3620000000-7f36200a4000 rw-p 00000000 00:00 0 
7f36200a4000-7f3624000000 ---p 00000000 00:00 0 
7f3624000000-7f36240b9000 rw-p 00000000 00:00 0 
7f36240b9000-7f3628000000 ---p 00000000 00:00 0 
7f3628ffa000-7f3628ffd000 ---p 00000000 00:00 0 
7f3628ffd000-7f36297fb000 rw-p 00000000 00:00 0 
7f36297fb000-7f36297fe000 ---p 00000000 00:00 0 
7f36297fe000-7f3629ffc000 rw-p 00000000 00:00 0 
7f3629ffc000-7f3629fff000 ---p 00000000 00:00 0 
7f3629fff000-7f362a7fd000 rw-p 00000000 00:00 0 
7f362a7fd000-7f362a800000 ---p 00000000 00:00 0 
7f362a800000-7f362affe000 rw-p 00000000 00:00 0 
7f362affe000-7f362b001000 ---p 00000000 00:00 0 
7f362b001000-7f362b7ff000 rw-p 00000000 00:00 0 
7f362b7ff000-7f362b802000 ---p 00000000 00:00 0 
7f362b802000-7f362c000000 rw-p 00000000 00:00 0 
7f362c000000-7f362c021000 rw-p 00000000 00:00 0 
7f362c021000-7f3630000000 ---p 00000000 00:00 0 
7f3630000000-7f363009c000 rw-p 00000000 00:00 0 
7f363009c000-7f3634000000 ---p 00000000 00:00 0 
7f3634000000-7f3634457000 rw-p 00000000 00:00 0 
7f3634457000-7f3638000000 ---p 00000000 00:00 0 
7f3638000000-7f3638021000 rw-p 00000000 00:00 0 
7f3638021000-7f363c000000 ---p 00000000 00:00 0 
7f363c000000-7f363c0ec000 rw-p 00000000 00:00 0 
7f363c0ec000-7f3640000000 ---p 00000000 00:00 0 
7f3640000000-7f364007f000 rw-p 00000000 00:00 0 
7f364007f000-7f3644000000 ---p 00000000 00:00 0 
7f3644000000-7f3644021000 rw-p 00000000 00:00 0 
7f3644021000-7f3648000000 ---p 00000000 00:00 0 
7f3648000000-7f3648123000 rw-p 00000000 00:00 0 
7f3648123000-7f364c000000 ---p 00000000 00:00 0 
7f364c532000-7f364c6c9000 rw-p 00000000 00:00 0 
7f364c6c9000-7f364c6cc000 ---p 00000000 00:00 0 
7f364c6cc000-7f364ceca000 rw-p 00000000 00:00 0 
7f364ceca000-7f364cecd000 ---p 00000000 00:00 0 
7f364cecd000-7f364d6cb000 rw-p 00000000 00:00 0 
7f364d6cb000-7f364d6e3000 r-xp 00000000 08:01 2359626                    /tmp/simgrid-java3116372095615389495/libsimgrid-java.so
7f364d6e3000-7f364d8e3000 ---p 00018000 08:01 2359626                    /tmp/simgrid-java3116372095615389495/libsimgrid-java.so
7f364d8e3000-7f364d8e4000 rw-p 00018000 08:01 2359626                    /tmp/simgrid-java3116372095615389495/libsimgrid-java.so
7f364d8e4000-7f364d8fa000 r-xp 00000000 08:01 3936627                    /lib/x86_64-linux-gnu/libgcc_s.so.1
7f364d8fa000-7f364daf9000 ---p 00016000 08:01 3936627                    /lib/x86_64-linux-gnu/libgcc_s.so.1
7f364daf9000-7f364dafa000 rw-p 00015000 08:01 3936627                    /lib/x86_64-linux-gnu/libgcc_s.so.1
7f364dafa000-7f364dc6c000 r-xp 00000000 08:01 23332798                   /usr/lib/x86_64-linux-gnu/libstdc++.so.6.0.21
7f364dc6c000-7f364de6c000 ---p 00172000 08:01 23332798                   /usr/lib/x86_64-linux-gnu/libstdc++.so.6.0.21
7f364de6c000-7f364de76000 r--p 00172000 08:01 23332798                   /usr/lib/x86_64-linux-gnu/libstdc++.so.6.0.21
7f364de76000-7f364de78000 rw-p 0017c000 08:01 23332798                   /usr/lib/x86_64-linux-gnu/libstdc++.so.6.0.21
7f364de78000-7f364de7c000 rw-p 00000000 00:00 0 
7f364de7c000-7f364e141000 r-xp 00000000 08:01 2359625                    /tmp/simgrid-java3116372095615389495/libsimgrid.so
7f364e141000-7f364e341000 ---p 002c5000 08:01 2359625                    /tmp/simgrid-java3116372095615389495/libsimgrid.so
7f364e341000-7f364e37c000 rw-p 002c5000 08:01 2359625                    /tmp/simgrid-java3116372095615389495/libsimgrid.so
7f364e37c000-7f364e685000 rw-p 00000000 00:00 0 
7f364e685000-7f364e69b000 r-xp 00000000 08:01 8783936                    /home/elixandrebaldi/jdk1.8.0_111/jre/lib/amd64/libnet.so
7f364e69b000-7f364e89b000 ---p 00016000 08:01 8783936                    /home/elixandrebaldi/jdk1.8.0_111/jre/lib/amd64/libnet.so
7f364e89b000-7f364e89c000 rw-p 00016000 08:01 8783936                    /home/elixandrebaldi/jdk1.8.0_111/jre/lib/amd64/libnet.so
7f364e89c000-7f364e8ad000 r-xp 00000000 08:01 8783935                    /home/elixandrebaldi/jdk1.8.0_111/jre/lib/amd64/libnio.so
7f364e8ad000-7f364eaac000 ---p 00011000 08:01 8783935                    /home/elixandrebaldi/jdk1.8.0_111/jre/lib/amd64/libnio.so
7f364eaac000-7f364eaad000 rw-p 00010000 08:01 8783935                    /home/elixandrebaldi/jdk1.8.0_111/jre/lib/amd64/libnio.so
7f364eaad000-7f364eaae000 ---p 00000000 00:00 0 
7f364eaae000-7f364ebae000 rw-p 00000000 00:00 0 
7f364ebae000-7f3650000000 r--p 00000000 08:01 23331759                   /usr/lib/locale/locale-archive
7f3650000000-7f3650021000 rw-p 00000000 00:00 0 
7f3650021000-7f3654000000 ---p 00000000 00:00 0 
7f3654000000-7f3654027000 rw-p 00000000 00:00 0 
7f3654027000-7f3658000000 ---p 00000000 00:00 0 
7f3658000000-7f3658023000 rw-p 00000000 00:00 0 
7f3658023000-7f365c000000 ---p 00000000 00:00 0 
7f365c0da000-7f365c0dd000 ---p 00000000 00:00 0 
7f365c0dd000-7f365c1db000 rw-p 00000000 00:00 0 
7f365c1db000-7f365c1de000 ---p 00000000 00:00 0 
7f365c1de000-7f365c2dc000 rw-p 00000000 00:00 0 
7f365c2dc000-7f365c2df000 ---p 00000000 00:00 0 
7f365c2df000-7f365c3dd000 rw-p 00000000 00:00 0 
7f365c3dd000-7f365c3e0000 ---p 00000000 00:00 0 
7f365c3e0000-7f365c4de000 rw-p 00000000 00:00 0 
7f365c4de000-7f365c4e1000 ---p 00000000 00:00 0 
7f365c4e1000-7f365c5df000 rw-p 00000000 00:00 0 
7f365c5df000-7f365c5e2000 ---p 00000000 00:00 0 
7f365c5e2000-7f365c6e0000 rw-p 00000000 00:00 0 
7f365c6e0000-7f365c6e3000 ---p 00000000 00:00 0 
7f365c6e3000-7f365c7e1000 rw-p 00000000 00:00 0 
7f365c7e1000-7f365c7e2000 ---p 00000000 00:00 0 
7f365c7e2000-7f365d812000 rw-p 00000000 00:00 0 
7f365d812000-7f365d9ea000 r--s 03d2a000 08:01 8784070                    /home/elixandrebaldi/jdk1.8.0_111/jre/lib/rt.jar
7f365d9ea000-7f365dea0000 rw-p 00000000 00:00 0 
7f365dea0000-7f365e260000 ---p 00000000 00:00 0 
7f365e260000-7f3660000000 rw-p 00000000 00:00 0 
7f3660000000-7f3660021000 rw-p 00000000 00:00 0 
7f3660021000-7f3664000000 ---p 00000000 00:00 0 
7f3664000000-7f3664023000 rw-p 00000000 00:00 0 
7f3664023000-7f3668000000 ---p 00000000 00:00 0 
7f3668000000-7f3668023000 rw-p 00000000 00:00 0 
7f3668023000-7f366c000000 ---p 00000000 00:00 0 
7f366c018000-7f366c234000 rw-p 00000000 00:00 0 
7f366c234000-7f366c235000 ---p 00000000 00:00 0 
7f366c235000-7f366c335000 rw-p 00000000 00:00 0 
7f366c335000-7f366c336000 ---p 00000000 00:00 0 
7f366c336000-7f366c436000 rw-p 00000000 00:00 0 
7f366c436000-7f366c437000 ---p 00000000 00:00 0 
7f366c437000-7f366c537000 rw-p 00000000 00:00 0 
7f366c537000-7f366c538000 ---p 00000000 00:00 0 
7f366c538000-7f366c64c000 rw-p 00000000 00:00 0 
7f366c64c000-7f366c774000 ---p 00000000 00:00 0 
7f366c774000-7f366c786000 rw-p 00000000 00:00 0 
7f366c786000-7f366c812000 ---p 00000000 00:00 0 
7f366c812000-7f366c81d000 rw-p 00000000 00:00 0 
7f366c81d000-7f366cbd3000 ---p 00000000 00:00 0 
7f366cbd3000-7f366ce43000 rwxp 00000000 00:00 0 
7f366ce43000-7f367bbd3000 ---p 00000000 00:00 0 
7f367bbd3000-7f367bbed000 r-xp 00000000 08:01 8783934                    /home/elixandrebaldi/jdk1.8.0_111/jre/lib/amd64/libzip.so
7f367bbed000-7f367bded000 ---p 0001a000 08:01 8783934                    /home/elixandrebaldi/jdk1.8.0_111/jre/lib/amd64/libzip.so
7f367bded000-7f367bdee000 rw-p 0001a000 08:01 8783934                    /home/elixandrebaldi/jdk1.8.0_111/jre/lib/amd64/libzip.so
7f367bdee000-7f367bdf9000 r-xp 00000000 08:01 3932251                    /lib/x86_64-linux-gnu/libnss_files-2.23.so
7f367bdf9000-7f367bff8000 ---p 0000b000 08:01 3932251                    /lib/x86_64-linux-gnu/libnss_files-2.23.so
7f367bff8000-7f367bff9000 r--p 0000a000 08:01 3932251                    /lib/x86_64-linux-gnu/libnss_files-2.23.so
7f367bff9000-7f367bffa000 rw-p 0000b000 08:01 3932251                    /lib/x86_64-linux-gnu/libnss_files-2.23.so
7f367bffa000-7f367c000000 rw-p 00000000 00:00 0 
7f367c000000-7f367cb2e000 rw-p 00000000 00:00 0 
7f367cb2e000-7f3680000000 ---p 00000000 00:00 0 
7f368001d000-7f3680080000 rw-p 00000000 00:00 0 
7f3680080000-7f36801a8000 ---p 00000000 00:00 0 
7f36801a8000-7f36801b3000 r-xp 00000000 08:01 3932244                    /lib/x86_64-linux-gnu/libnss_nis-2.23.so
7f36801b3000-7f36803b2000 ---p 0000b000 08:01 3932244                    /lib/x86_64-linux-gnu/libnss_nis-2.23.so
7f36803b2000-7f36803b3000 r--p 0000a000 08:01 3932244                    /lib/x86_64-linux-gnu/libnss_nis-2.23.so
7f36803b3000-7f36803b4000 rw-p 0000b000 08:01 3932244                    /lib/x86_64-linux-gnu/libnss_nis-2.23.so
7f36803b4000-7f36803ca000 r-xp 00000000 08:01 3932246                    /lib/x86_64-linux-gnu/libnsl-2.23.so
7f36803ca000-7f36805c9000 ---p 00016000 08:01 3932246                    /lib/x86_64-linux-gnu/libnsl-2.23.so
7f36805c9000-7f36805ca000 r--p 00015000 08:01 3932246                    /lib/x86_64-linux-gnu/libnsl-2.23.so
7f36805ca000-7f36805cb000 rw-p 00016000 08:01 3932246                    /lib/x86_64-linux-gnu/libnsl-2.23.so
7f36805cb000-7f36805cd000 rw-p 00000000 00:00 0 
7f36805cd000-7f36805d5000 r-xp 00000000 08:01 3932253                    /lib/x86_64-linux-gnu/libnss_compat-2.23.so
7f36805d5000-7f36807d4000 ---p 00008000 08:01 3932253                    /lib/x86_64-linux-gnu/libnss_compat-2.23.so
7f36807d4000-7f36807d5000 r--p 00007000 08:01 3932253                    /lib/x86_64-linux-gnu/libnss_compat-2.23.so
7f36807d5000-7f36807d6000 rw-p 00008000 08:01 3932253                    /lib/x86_64-linux-gnu/libnss_compat-2.23.so
7f36807d6000-7f3680801000 r-xp 00000000 08:01 8783907                    /home/elixandrebaldi/jdk1.8.0_111/jre/lib/amd64/libjava.so
7f3680801000-7f3680a00000 ---p 0002b000 08:01 8783907                    /home/elixandrebaldi/jdk1.8.0_111/jre/lib/amd64/libjava.so
7f3680a00000-7f3680a02000 rw-p 0002a000 08:01 8783907                    /home/elixandrebaldi/jdk1.8.0_111/jre/lib/amd64/libjava.so
7f3680a02000-7f3680a0f000 r-xp 00000000 08:01 8783870                    /home/elixandrebaldi/jdk1.8.0_111/jre/lib/amd64/libverify.so
7f3680a0f000-7f3680c0e000 ---p 0000d000 08:01 8783870                    /home/elixandrebaldi/jdk1.8.0_111/jre/lib/amd64/libverify.so
7f3680c0e000-7f3680c10000 rw-p 0000c000 08:01 8783870                    /home/elixandrebaldi/jdk1.8.0_111/jre/lib/amd64/libverify.so
7f3680c10000-7f3680c17000 r-xp 00000000 08:01 3932254                    /lib/x86_64-linux-gnu/librt-2.23.so
7f3680c17000-7f3680e16000 ---p 00007000 08:01 3932254                    /lib/x86_64-linux-gnu/librt-2.23.so
7f3680e16000-7f3680e17000 r--p 00006000 08:01 3932254                    /lib/x86_64-linux-gnu/librt-2.23.so
7f3680e17000-7f3680e18000 rw-p 00007000 08:01 3932254                    /lib/x86_64-linux-gnu/librt-2.23.so
7f3680e18000-7f3680f20000 r-xp 00000000 08:01 3932245                    /lib/x86_64-linux-gnu/libm-2.23.so
7f3680f20000-7f368111f000 ---p 00108000 08:01 3932245                    /lib/x86_64-linux-gnu/libm-2.23.so
7f368111f000-7f3681120000 r--p 00107000 08:01 3932245                    /lib/x86_64-linux-gnu/libm-2.23.so
7f3681120000-7f3681121000 rw-p 00108000 08:01 3932245                    /lib/x86_64-linux-gnu/libm-2.23.so
7f3681121000-7f3681dee000 r-xp 00000000 08:01 8783785                    /home/elixandrebaldi/jdk1.8.0_111/jre/lib/amd64/server/libjvm.so
7f3681dee000-7f3681fed000 ---p 00ccd000 08:01 8783785                    /home/elixandrebaldi/jdk1.8.0_111/jre/lib/amd64/server/libjvm.so
7f3681fed000-7f36820c6000 rw-p 00ccc000 08:01 8783785                    /home/elixandrebaldi/jdk1.8.0_111/jre/lib/amd64/server/libjvm.so
7f36820c6000-7f3682111000 rw-p 00000000 00:00 0 
7f3682111000-7f36822d0000 r-xp 00000000 08:01 3932247                    /lib/x86_64-linux-gnu/libc-2.23.so
7f36822d0000-7f36824d0000 ---p 001bf000 08:01 3932247                    /lib/x86_64-linux-gnu/libc-2.23.so
7f36824d0000-7f36824d4000 r--p 001bf000 08:01 3932247                    /lib/x86_64-linux-gnu/libc-2.23.so
7f36824d4000-7f36824d6000 rw-p 001c3000 08:01 3932247                    /lib/x86_64-linux-gnu/libc-2.23.so
7f36824d6000-7f36824da000 rw-p 00000000 00:00 0 
7f36824da000-7f36824dd000 r-xp 00000000 08:01 3932243                    /lib/x86_64-linux-gnu/libdl-2.23.so
7f36824dd000-7f36826dc000 ---p 00003000 08:01 3932243                    /lib/x86_64-linux-gnu/libdl-2.23.so
7f36826dc000-7f36826dd000 r--p 00002000 08:01 3932243                    /lib/x86_64-linux-gnu/libdl-2.23.so
7f36826dd000-7f36826de000 rw-p 00003000 08:01 3932243                    /lib/x86_64-linux-gnu/libdl-2.23.so
7f36826de000-7f36826f3000 r-xp 00000000 08:01 8783943                    /home/elixandrebaldi/jdk1.8.0_111/lib/amd64/jli/libjli.so
7f36826f3000-7f36828f3000 ---p 00015000 08:01 8783943                    /home/elixandrebaldi/jdk1.8.0_111/lib/amd64/jli/libjli.so
7f36828f3000-7f36828f4000 rw-p 00015000 08:01 8783943                    /home/elixandrebaldi/jdk1.8.0_111/lib/amd64/jli/libjli.so
7f36828f4000-7f368290c000 r-xp 00000000 08:01 3932258                    /lib/x86_64-linux-gnu/libpthread-2.23.so
7f368290c000-7f3682b0b000 ---p 00018000 08:01 3932258                    /lib/x86_64-linux-gnu/libpthread-2.23.so
7f3682b0b000-7f3682b0c000 r--p 00017000 08:01 3932258                    /lib/x86_64-linux-gnu/libpthread-2.23.so
7f3682b0c000-7f3682b0d000 rw-p 00018000 08:01 3932258                    /lib/x86_64-linux-gnu/libpthread-2.23.so
7f3682b0d000-7f3682b11000 rw-p 00000000 00:00 0 
7f3682b11000-7f3682b37000 r-xp 00000000 08:01 3932248                    /lib/x86_64-linux-gnu/ld-2.23.so
7f3682b3c000-7f3682c14000 rw-p 00000000 00:00 0 
7f3682c14000-7f3682c17000 ---p 00000000 00:00 0 
7f3682c17000-7f3682d19000 rw-p 00000000 00:00 0 
7f3682d22000-7f3682d27000 r--s 00096000 08:01 8783911                    /home/elixandrebaldi/jdk1.8.0_111/jre/lib/jsse.jar
7f3682d27000-7f3682d2a000 r--s 00f76000 08:01 8524426                    /home/elixandrebaldi/Documentos/VCubeDHT/simgrid.jar
7f3682d2a000-7f3682d32000 rw-s 00000000 08:01 2359623                    /tmp/hsperfdata_elixandrebaldi/14309
7f3682d32000-7f3682d33000 rw-p 00000000 00:00 0 
7f3682d33000-7f3682d34000 r--p 00000000 00:00 0 
7f3682d34000-7f3682d36000 rw-p 00000000 00:00 0 
7f3682d36000-7f3682d37000 r--p 00025000 08:01 3932248                    /lib/x86_64-linux-gnu/ld-2.23.so
7f3682d37000-7f3682d38000 rw-p 00026000 08:01 3932248                    /lib/x86_64-linux-gnu/ld-2.23.so
7f3682d38000-7f3682d39000 rw-p 00000000 00:00 0 
7ffc11c1c000-7ffc11c3d000 rw-p 00000000 00:00 0                          [stack]
7ffc11dfb000-7ffc11dfd000 r--p 00000000 00:00 0                          [vvar]
7ffc11dfd000-7ffc11dff000 r-xp 00000000 00:00 0                          [vdso]
ffffffffff600000-ffffffffff601000 r-xp 00000000 00:00 0                  [vsyscall]

VM Arguments:
jvm_args: -Dfile.encoding=UTF-8 
java_command: vcube.VCube platform.xml deployment.xml
java_class_path (initial): /home/elixandrebaldi/Documentos/VCubeDHT/simgrid.jar:/home/elixandrebaldi/Documentos/VCubeDHT/VCube/build/classes
Launcher Type: SUN_STANDARD

Environment Variables:
PATH=/home/elixandrebaldi/bin:/home/elixandrebaldi/.local/bin:/usr/local/sbin:/usr/local/bin:/usr/sbin:/usr/bin:/sbin:/bin:/usr/games:/usr/local/games
LD_LIBRARY_PATH=/home/elixandrebaldi/jdk1.8.0_111/jre/lib/amd64:/home/elixandrebaldi/jdk1.8.0_111/jre/lib/i386:
SHELL=/bin/bash
DISPLAY=:0

Signal Handlers:
SIGSEGV: [libjvm.so+0xac64b0], sa_mask[0]=11111111011111111101111111111110, sa_flags=SA_RESTART|SA_SIGINFO
SIGBUS: [libjvm.so+0xac64b0], sa_mask[0]=11111111011111111101111111111110, sa_flags=SA_RESTART|SA_SIGINFO
SIGFPE: [libjvm.so+0x91f950], sa_mask[0]=11111111011111111101111111111110, sa_flags=SA_RESTART|SA_SIGINFO
SIGPIPE: [libjvm.so+0x91f950], sa_mask[0]=11111111011111111101111111111110, sa_flags=SA_RESTART|SA_SIGINFO
SIGXFSZ: [libjvm.so+0x91f950], sa_mask[0]=11111111011111111101111111111110, sa_flags=SA_RESTART|SA_SIGINFO
SIGILL: [libjvm.so+0x91f950], sa_mask[0]=11111111011111111101111111111110, sa_flags=SA_RESTART|SA_SIGINFO
SIGUSR1: SIG_DFL, sa_mask[0]=00000000000000000000000000000000, sa_flags=none
SIGUSR2: [libjvm.so+0x920f80], sa_mask[0]=00100000000000000000000000000000, sa_flags=SA_RESTART|SA_SIGINFO
SIGHUP: [libjvm.so+0x922380], sa_mask[0]=11111111011111111101111111111110, sa_flags=SA_RESTART|SA_SIGINFO
SIGINT: [libsimgrid.so+0x8ff50], sa_mask[0]=01000000000000000000000000000000, sa_flags=SA_RESTART
SIGTERM: [libjvm.so+0x922380], sa_mask[0]=11111111011111111101111111111110, sa_flags=SA_RESTART|SA_SIGINFO
SIGQUIT: [libjvm.so+0x922380], sa_mask[0]=11111111011111111101111111111110, sa_flags=SA_RESTART|SA_SIGINFO


---------------  S Y S T E M  ---------------

OS:DISTRIB_ID="elementary"
DISTRIB_RELEASE=0.4.1
DISTRIB_CODENAME=loki
DISTRIB_DESCRIPTION="elementary OS 0.4.1 Loki"

uname:Linux 4.4.0-79-generic #100-Ubuntu SMP Wed May 17 19:58:14 UTC 2017 x86_64
libc:glibc 2.23 NPTL 2.23 
rlimit: STACK 8192k, CORE 0k, NPROC 14991, NOFILE 65536, AS infinity
load average:1.01 0.91 0.88

/proc/meminfo:
MemTotal:        3878592 kB
MemFree:          140020 kB
MemAvailable:     586700 kB
Buffers:           37800 kB
Cached:           960340 kB
SwapCached:         8644 kB
Active:          2499400 kB
Inactive:        1011936 kB
Active(anon):    2179272 kB
Inactive(anon):   717072 kB
Active(file):     320128 kB
Inactive(file):   294864 kB
Unevictable:          64 kB
Mlocked:              64 kB
SwapTotal:       4025340 kB
SwapFree:        3866140 kB
Dirty:             31424 kB
Writeback:             0 kB
AnonPages:       2505144 kB
Mapped:           495240 kB
Shmem:            382948 kB
Slab:             106356 kB
SReclaimable:      68364 kB
SUnreclaim:        37992 kB
KernelStack:       10752 kB
PageTables:        46680 kB
NFS_Unstable:          0 kB
Bounce:                0 kB
WritebackTmp:          0 kB
CommitLimit:     5964636 kB
Committed_AS:    8069468 kB
VmallocTotal:   34359738367 kB
VmallocUsed:           0 kB
VmallocChunk:          0 kB
HardwareCorrupted:     0 kB
AnonHugePages:   1142784 kB
CmaTotal:              0 kB
CmaFree:               0 kB
HugePages_Total:       0
HugePages_Free:        0
HugePages_Rsvd:        0
HugePages_Surp:        0
Hugepagesize:       2048 kB
DirectMap4k:      189176 kB
DirectMap2M:     3837952 kB


CPU:total 4 (2 cores per cpu, 2 threads per core) family 6 model 58 stepping 9, cmov, cx8, fxsr, mmx, sse, sse2, sse3, ssse3, sse4.1, sse4.2, popcnt, avx, clmul, erms, ht, tsc, tscinvbit, tscinv

/proc/cpuinfo:
processor	: 0
vendor_id	: GenuineIntel
cpu family	: 6
model		: 58
model name	: Intel(R) Core(TM) i7-3517U CPU @ 1.90GHz
stepping	: 9
microcode	: 0x12
cpu MHz		: 2783.062
cache size	: 4096 KB
physical id	: 0
siblings	: 4
core id		: 0
cpu cores	: 2
apicid		: 0
initial apicid	: 0
fpu		: yes
fpu_exception	: yes
cpuid level	: 13
wp		: yes
flags		: fpu vme de pse tsc msr pae mce cx8 apic sep mtrr pge mca cmov pat pse36 clflush dts acpi mmx fxsr sse sse2 ss ht tm pbe syscall nx rdtscp lm constant_tsc arch_perfmon pebs bts rep_good nopl xtopology nonstop_tsc aperfmperf eagerfpu pni pclmulqdq dtes64 monitor ds_cpl vmx est tm2 ssse3 cx16 xtpr pdcm pcid sse4_1 sse4_2 x2apic popcnt tsc_deadline_timer xsave avx f16c rdrand lahf_lm epb tpr_shadow vnmi flexpriority ept vpid fsgsbase smep erms xsaveopt dtherm ida arat pln pts
bugs		:
bogomips	: 4789.47
clflush size	: 64
cache_alignment	: 64
address sizes	: 36 bits physical, 48 bits virtual
power management:

processor	: 1
vendor_id	: GenuineIntel
cpu family	: 6
model		: 58
model name	: Intel(R) Core(TM) i7-3517U CPU @ 1.90GHz
stepping	: 9
microcode	: 0x12
cpu MHz		: 2780.625
cache size	: 4096 KB
physical id	: 0
siblings	: 4
core id		: 0
cpu cores	: 2
apicid		: 1
initial apicid	: 1
fpu		: yes
fpu_exception	: yes
cpuid level	: 13
wp		: yes
flags		: fpu vme de pse tsc msr pae mce cx8 apic sep mtrr pge mca cmov pat pse36 clflush dts acpi mmx fxsr sse sse2 ss ht tm pbe syscall nx rdtscp lm constant_tsc arch_perfmon pebs bts rep_good nopl xtopology nonstop_tsc aperfmperf eagerfpu pni pclmulqdq dtes64 monitor ds_cpl vmx est tm2 ssse3 cx16 xtpr pdcm pcid sse4_1 sse4_2 x2apic popcnt tsc_deadline_timer xsave avx f16c rdrand lahf_lm epb tpr_shadow vnmi flexpriority ept vpid fsgsbase smep erms xsaveopt dtherm ida arat pln pts
bugs		:
bogomips	: 4789.47
clflush size	: 64
cache_alignment	: 64
address sizes	: 36 bits physical, 48 bits virtual
power management:

processor	: 2
vendor_id	: GenuineIntel
cpu family	: 6
model		: 58
model name	: Intel(R) Core(TM) i7-3517U CPU @ 1.90GHz
stepping	: 9
microcode	: 0x12
cpu MHz		: 2795.625
cache size	: 4096 KB
physical id	: 0
siblings	: 4
core id		: 1
cpu cores	: 2
apicid		: 2
initial apicid	: 2
fpu		: yes
fpu_exception	: yes
cpuid level	: 13
wp		: yes
flags		: fpu vme de pse tsc msr pae mce cx8 apic sep mtrr pge mca cmov pat pse36 clflush dts acpi mmx fxsr sse sse2 ss ht tm pbe syscall nx rdtscp lm constant_tsc arch_perfmon pebs bts rep_good nopl xtopology nonstop_tsc aperfmperf eagerfpu pni pclmulqdq dtes64 monitor ds_cpl vmx est tm2 ssse3 cx16 xtpr pdcm pcid sse4_1 sse4_2 x2apic popcnt tsc_deadline_timer xsave avx f16c rdrand lahf_lm epb tpr_shadow vnmi flexpriority ept vpid fsgsbase smep erms xsaveopt dtherm ida arat pln pts
bugs		:
bogomips	: 4789.47
clflush size	: 64
cache_alignment	: 64
address sizes	: 36 bits physical, 48 bits virtual
power management:

processor	: 3
vendor_id	: GenuineIntel
cpu family	: 6
model		: 58
model name	: Intel(R) Core(TM) i7-3517U CPU @ 1.90GHz
stepping	: 9
microcode	: 0x12
cpu MHz		: 2799.937
cache size	: 4096 KB
physical id	: 0
siblings	: 4
core id		: 1
cpu cores	: 2
apicid		: 3
initial apicid	: 3
fpu		: yes
fpu_exception	: yes
cpuid level	: 13
wp		: yes
flags		: fpu vme de pse tsc msr pae mce cx8 apic sep mtrr pge mca cmov pat pse36 clflush dts acpi mmx fxsr sse sse2 ss ht tm pbe syscall nx rdtscp lm constant_tsc arch_perfmon pebs bts rep_good nopl xtopology nonstop_tsc aperfmperf eagerfpu pni pclmulqdq dtes64 monitor ds_cpl vmx est tm2 ssse3 cx16 xtpr pdcm pcid sse4_1 sse4_2 x2apic popcnt tsc_deadline_timer xsave avx f16c rdrand lahf_lm epb tpr_shadow vnmi flexpriority ept vpid fsgsbase smep erms xsaveopt dtherm ida arat pln pts
bugs		:
bogomips	: 4789.47
clflush size	: 64
cache_alignment	: 64
address sizes	: 36 bits physical, 48 bits virtual
power management:



Memory: 4k page, physical 3878592k(140020k free), swap 4025340k(3866140k free)

vm_info: Java HotSpot(TM) 64-Bit Server VM (25.111-b14) for linux-amd64 JRE (1.8.0_111-b14), built on Sep 22 2016 16:14:03 by "java_re" with gcc 4.3.0 20080428 (Red Hat 4.3.0-8)

time: Sat Jun 10 18:40:12 2017
elapsed time: 4 seconds (0d 0h 0m 4s)

