#
# A fatal error has been detected by the Java Runtime Environment:
#
#  SIGSEGV (0xb) at pc=0x00007f06d552f263, pid=5473, tid=139667588511488
#
# JRE version: Java(TM) SE Runtime Environment (7.0_80-b15) (build 1.7.0_80-b15)
# Java VM: Java HotSpot(TM) 64-Bit Server VM (24.80-b11 mixed mode linux-amd64 compressed oops)
# Problematic frame:
# C  [libsimgrid.so+0x190263]  xbt_dynar_member+0x23
#
# Failed to write core dump. Core dumps have been disabled. To enable core dumping, try "ulimit -c unlimited" before starting Java again
#
# If you would like to submit a bug report, please visit:
#   http://bugreport.java.com/bugreport/crash.jsp
#

---------------  T H R E A D  ---------------

Current thread (0x00007f06e806a000):  VMThread [stack: 0x00007f06e4eff000,0x00007f06e5000000] [id=5483]

siginfo:si_signo=SIGSEGV: si_errno=0, si_code=1 (SEGV_MAPERR), si_addr=0x0000000000000000

Registers:
RAX=0x0000000000000000, RBX=0x00007f06d589b700, RCX=0x00007f06d58a6790, RDX=0x00007f06e4fffa30
RSP=0x00007f06e4ffe690, RBP=0x00007f06e811ca60, RSI=0x00007f06e4ffe838, RDI=0x00007f06e4ffe750
R8 =0x00007f06e8113a70, R9 =0x0000000000000001, R10=0x0000000000000c58, R11=0x00007f06d552f240
R12=0x00007f06d58a6790, R13=0x00007f06e80fcab0, R14=0x00000000000003d8, R15=0x00007f06e8027e58
RIP=0x00007f06d552f263, EFLAGS=0x0000000000010206, CSGSFS=0x0000000000000033, ERR=0x0000000000000004
  TRAPNO=0x000000000000000e

Top of Stack: (sp=0x00007f06e4ffe690)
0x00007f06e4ffe690:   00007f06e80fb450 00007f06e4ffe6b0
0x00007f06e4ffe6a0:   00007f06e8113ae0 00007f06e4ffe838
0x00007f06e4ffe6b0:   00000000ffffffff 00007f06e8027e58
0x00007f06e4ffe6c0:   00007f06d53b8628 00007f06e80fb450
0x00007f06e4ffe6d0:   0000000000000005 0000000000000000
0x00007f06e4ffe6e0:   00007f06e8124170 00007f0600000001
0x00007f06e4ffe6f0:   0000000000000000 0000000000000000
0x00007f06e4ffe700:   00007f06e81242a0 00007f06e81242d0
0x00007f06e4ffe710:   00000000000003d8 00007f06e96c21f0
0x00007f06e4ffe720:   00007f06d5866400 00007f06d586ade8
0x00007f06e4ffe730:   00007f06d58a6790 00007f06e80fcab0
0x00007f06e4ffe740:   00000000000003d8 00007f06e8027e58
0x00007f06e4ffe750:   0000000000000000 00007f06f08fc9ad
0x00007f06e4ffe760:   0000000000000005 0000000000000000
0x00007f06e4ffe770:   00007f06e80fcab0 00007f06d53b8628
0x00007f06e4ffe780:   00007f06d589b700 00007f06e811ca60
0x00007f06e4ffe790:   00007f06d58a6790 00007f06f0903f30
0x00007f06e4ffe7a0:   00007f06e975e390 00007f06d5866400
0x00007f06e4ffe7b0:   00007f06e824df30 00007f06d554c1a7
0x00007f06e4ffe7c0:   00007f06e8123ca0 00007f06e8123ca0
0x00007f06e4ffe7d0:   00007f06e8123ea0 00007f06e811d1d8
0x00007f06e4ffe7e0:   00007f06e8156d40 00007f06d58a6790
0x00007f06e4ffe7f0:   00007f06e8113a70 00007f06e4ffe838
0x00007f06e4ffe800:   00007f06e8113ae0 00007f06e8113a70
0x00007f06e4ffe810:   0000000000000001 00007f06e80fb450
0x00007f06e4ffe820:   00007f06d589b700 00007f06d554c34f
0x00007f06e4ffe830:   0000000000000000 00007f06e824df30
0x00007f06e4ffe840:   0000000000000005 0000000000000000
0x00007f06e4ffe850:   00007f06e8027e58 00007f06d589ea98
0x00007f06e4ffe860:   00007f06e8115cd0 0000000000000001
0x00007f06e4ffe870:   00007f06e80fcab0 00007f06d552dd37
0x00007f06e4ffe880:   00007f06e80fcab0 00007f06d589e098 

Instructions: (pc=0x00007f06d552f263)
0x00007f06d552f243:   ec 90 01 00 00 48 8b 05 01 a2 33 00 48 89 7c 24
0x00007f06d552f253:   10 48 89 74 24 18 ff 10 48 8d bc 24 c0 00 00 00
0x00007f06d552f263:   48 8b 08 48 89 04 24 48 89 38 48 89 4c 24 08 e8
0x00007f06d552f273:   79 31 ed ff 85 c0 74 75 48 8b 14 24 c7 42 08 01 

Register to memory mapping:

RAX=0x0000000000000000 is an unknown value
RBX=0x00007f06d589b700: _simgrid_log_category__simix_process+0 in /tmp/simgrid-java3511145715312173080/libsimgrid.so at 0x00007f06d539f000
RCX=0x00007f06d58a6790: simix_global+0 in /tmp/simgrid-java3511145715312173080/libsimgrid.so at 0x00007f06d539f000
RDX=0x00007f06e4fffa30 is an unknown value
RSP=0x00007f06e4ffe690 is an unknown value
RBP=0x00007f06e811ca60 is an unknown value
RSI=0x00007f06e4ffe838 is an unknown value
RDI=0x00007f06e4ffe750 is an unknown value
R8 =0x00007f06e8113a70 is an unknown value
R9 =0x0000000000000001 is an unknown value
R10=0x0000000000000c58 is an unknown value
R11=0x00007f06d552f240: xbt_dynar_member+0 in /tmp/simgrid-java3511145715312173080/libsimgrid.so at 0x00007f06d539f000
R12=0x00007f06d58a6790: simix_global+0 in /tmp/simgrid-java3511145715312173080/libsimgrid.so at 0x00007f06d539f000
R13=0x00007f06e80fcab0 is an unknown value
R14=0x00000000000003d8 is an unknown value
R15=0x00007f06e8027e58 is an unknown value


Stack: [0x00007f06e4eff000,0x00007f06e5000000],  sp=0x00007f06e4ffe690,  free space=1021k
Native frames: (J=compiled Java code, j=interpreted, Vv=VM code, C=native code)
C  [libsimgrid.so+0x190263]  xbt_dynar_member+0x23

VM_Operation (0x00007f06e4113530): Exit, mode: safepoint, requested by thread 0x00007f06bc001000


---------------  P R O C E S S  ---------------

Java Threads: ( => current thread )
  0x00007f06bc001000 JavaThread "SIGTERM handler" daemon [_thread_blocked, id=5527, stack(0x00007f06e4014000,0x00007f06e4115000)]
  0x00007f0690001000 JavaThread "Thread-15" [_thread_in_native, id=5505, stack(0x00007f06ab7ff000,0x00007f06ac000000)]
  0x00007f0684001000 JavaThread "Thread-14" [_thread_in_native, id=5504, stack(0x00007f06d43ec000,0x00007f06d4bed000)]
  0x00007f0688001000 JavaThread "Thread-13" [_thread_in_native, id=5503, stack(0x00007f06a9ffc000,0x00007f06aa7fd000)]
  0x00007f0698001000 JavaThread "Thread-12" [_thread_in_native, id=5502, stack(0x00007f06a97fb000,0x00007f06a9ffc000)]
  0x00007f06a4001000 JavaThread "Thread-11" [_thread_in_native, id=5501, stack(0x00007f06a8ffa000,0x00007f06a97fb000)]
  0x00007f068c001000 JavaThread "Thread-10" [_thread_blocked, id=5500, stack(0x00007f06a87f9000,0x00007f06a8ffa000)]
  0x00007f069c001000 JavaThread "Thread-3" [_thread_in_native, id=5499, stack(0x00007f06a37ff000,0x00007f06a4000000)]
  0x00007f06e8099000 JavaThread "Service Thread" daemon [_thread_blocked, id=5489, stack(0x00007f06e4216000,0x00007f06e4317000)]
  0x00007f06e8096800 JavaThread "C2 CompilerThread1" daemon [_thread_blocked, id=5488, stack(0x00007f06e4317000,0x00007f06e4418000)]
  0x00007f06e8093800 JavaThread "C2 CompilerThread0" daemon [_thread_blocked, id=5487, stack(0x00007f06e4418000,0x00007f06e4519000)]
  0x00007f06e8070800 JavaThread "Finalizer" daemon [_thread_blocked, id=5485, stack(0x00007f06e4cfd000,0x00007f06e4dfe000)]
  0x00007f06e806e000 JavaThread "Reference Handler" daemon [_thread_blocked, id=5484, stack(0x00007f06e4dfe000,0x00007f06e4eff000)]
  0x00007f06e8009800 JavaThread "main" [_thread_in_native, id=5478, stack(0x00007f06f09f0000,0x00007f06f0af1000)]

Other Threads:
=>0x00007f06e806a000 VMThread [stack: 0x00007f06e4eff000,0x00007f06e5000000] [id=5483]

VM state:at safepoint (shutting down)

VM Mutex/Monitor currently owned by a thread:  ([mutex/lock_event])
[0x00007f06e80061b0] Threads_lock - owner thread: 0x00007f06e806a000

Heap
 PSYoungGen      total 17920K, used 14409K [0x00000000ec400000, 0x00000000ed800000, 0x0000000100000000)
  eden space 15360K, 77% used [0x00000000ec400000,0x00000000ecf9a4b8,0x00000000ed300000)
  from space 2560K, 98% used [0x00000000ed580000,0x00000000ed7f8020,0x00000000ed800000)
  to   space 2560K, 0% used [0x00000000ed300000,0x00000000ed300000,0x00000000ed580000)
 ParOldGen       total 40448K, used 8012K [0x00000000c4c00000, 0x00000000c7380000, 0x00000000ec400000)
  object space 40448K, 19% used [0x00000000c4c00000,0x00000000c53d3370,0x00000000c7380000)
 PSPermGen       total 21504K, used 3553K [0x00000000bfa00000, 0x00000000c0f00000, 0x00000000c4c00000)
  object space 21504K, 16% used [0x00000000bfa00000,0x00000000bfd787c8,0x00000000c0f00000)

Card table byte_map: [0x00007f06edad2000,0x00007f06edcd6000] byte_map_base: 0x00007f06ed4d5000

Polling page: 0x00007f06f0b0d000

Code Cache  [0x00007f06e5000000, 0x00007f06e5270000, 0x00007f06e8000000)
 total_blobs=229 nmethods=24 adapters=159 free_code_cache=48709Kb largest_free_block=49845568

Compilation events (10 events):
Event: 1.535 Thread 0x00007f06e8093800 nmethod 12 0x00007f06e5062f50 code [0x00007f06e50630a0, 0x00007f06e5063288]
Event: 1.535 Thread 0x00007f06e8093800   21             org.simgrid.msg.MsgException::<init> (5 bytes)
Event: 1.535 Thread 0x00007f06e8096800 nmethod 20 0x00007f06e5068b50 code [0x00007f06e5068ca0, 0x00007f06e5069008]
Event: 1.535 Thread 0x00007f06e8096800   22             java.lang.Exception::<init> (5 bytes)
Event: 1.538 Thread 0x00007f06e8096800 nmethod 22 0x00007f06e5068550 code [0x00007f06e50686a0, 0x00007f06e5068a08]
Event: 1.538 Thread 0x00007f06e8096800   23             java.lang.Throwable::<init> (29 bytes)
Event: 1.538 Thread 0x00007f06e8093800 nmethod 21 0x00007f06e5067f50 code [0x00007f06e50680a0, 0x00007f06e5068408]
Event: 1.540 Thread 0x00007f06e8096800 nmethod 23 0x00007f06e506a0d0 code [0x00007f06e506a220, 0x00007f06e506a588]
Event: 2.743 Thread 0x00007f06e8093800   24 % !         vcube.Node::main @ 3 (1503 bytes)
Event: 2.846 Thread 0x00007f06e8093800 nmethod 24% 0x00007f06e50710d0 code [0x00007f06e50716a0, 0x00007f06e5074950]

GC Heap History (4 events):
Event: 6.776 GC heap before
{Heap before GC invocations=1 (full 0):
 PSYoungGen      total 17920K, used 15360K [0x00000000ec400000, 0x00000000ed800000, 0x0000000100000000)
  eden space 15360K, 100% used [0x00000000ec400000,0x00000000ed300000,0x00000000ed300000)
  from space 2560K, 0% used [0x00000000ed580000,0x00000000ed580000,0x00000000ed800000)
  to   space 2560K, 0% used [0x00000000ed300000,0x00000000ed300000,0x00000000ed580000)
 ParOldGen       total 40448K, used 0K [0x00000000c4c00000, 0x00000000c7380000, 0x00000000ec400000)
  object space 40448K, 0% used [0x00000000c4c00000,0x00000000c4c00000,0x00000000c7380000)
 PSPermGen       total 21504K, used 3546K [0x00000000bfa00000, 0x00000000c0f00000, 0x00000000c4c00000)
  object space 21504K, 16% used [0x00000000bfa00000,0x00000000bfd768d8,0x00000000c0f00000)
Event: 6.790 GC heap after
Heap after GC invocations=1 (full 0):
 PSYoungGen      total 17920K, used 2560K [0x00000000ec400000, 0x00000000ed800000, 0x0000000100000000)
  eden space 15360K, 0% used [0x00000000ec400000,0x00000000ec400000,0x00000000ed300000)
  from space 2560K, 100% used [0x00000000ed300000,0x00000000ed580000,0x00000000ed580000)
  to   space 2560K, 0% used [0x00000000ed580000,0x00000000ed580000,0x00000000ed800000)
 ParOldGen       total 40448K, used 2180K [0x00000000c4c00000, 0x00000000c7380000, 0x00000000ec400000)
  object space 40448K, 5% used [0x00000000c4c00000,0x00000000c4e21370,0x00000000c7380000)
 PSPermGen       total 21504K, used 3546K [0x00000000bfa00000, 0x00000000c0f00000, 0x00000000c4c00000)
  object space 21504K, 16% used [0x00000000bfa00000,0x00000000bfd768d8,0x00000000c0f00000)
}
Event: 36.024 GC heap before
{Heap before GC invocations=2 (full 0):
 PSYoungGen      total 17920K, used 17920K [0x00000000ec400000, 0x00000000ed800000, 0x0000000100000000)
  eden space 15360K, 100% used [0x00000000ec400000,0x00000000ed300000,0x00000000ed300000)
  from space 2560K, 100% used [0x00000000ed300000,0x00000000ed580000,0x00000000ed580000)
  to   space 2560K, 0% used [0x00000000ed580000,0x00000000ed580000,0x00000000ed800000)
 ParOldGen       total 40448K, used 2180K [0x00000000c4c00000, 0x00000000c7380000, 0x00000000ec400000)
  object space 40448K, 5% used [0x00000000c4c00000,0x00000000c4e21370,0x00000000c7380000)
 PSPermGen       total 21504K, used 3546K [0x00000000bfa00000, 0x00000000c0f00000, 0x00000000c4c00000)
  object space 21504K, 16% used [0x00000000bfa00000,0x00000000bfd768d8,0x00000000c0f00000)
Event: 36.040 GC heap after
Heap after GC invocations=2 (full 0):
 PSYoungGen      total 17920K, used 2528K [0x00000000ec400000, 0x00000000ed800000, 0x0000000100000000)
  eden space 15360K, 0% used [0x00000000ec400000,0x00000000ec400000,0x00000000ed300000)
  from space 2560K, 98% used [0x00000000ed580000,0x00000000ed7f8020,0x00000000ed800000)
  to   space 2560K, 0% used [0x00000000ed300000,0x00000000ed300000,0x00000000ed580000)
 ParOldGen       total 40448K, used 8012K [0x00000000c4c00000, 0x00000000c7380000, 0x00000000ec400000)
  object space 40448K, 19% used [0x00000000c4c00000,0x00000000c53d3370,0x00000000c7380000)
 PSPermGen       total 21504K, used 3546K [0x00000000bfa00000, 0x00000000c0f00000, 0x00000000c4c00000)
  object space 21504K, 16% used [0x00000000bfa00000,0x00000000bfd768d8,0x00000000c0f00000)
}

Deoptimization events (1 events):
Event: 6.791 Thread 0x00007f06e8070800 Uncommon trap: reason=unstable_if action=reinterpret pc=0x00007f06e5065070 method=java.lang.ref.Reference.<init>(Ljava/lang/Object;Ljava/lang/ref/ReferenceQueue;)V @ 11

Internal exceptions (10 events):
Event: 86.125 Thread 0x00007f069c001000 Threw 0x00000000ecef5218 at /HUDSON/workspace/7u-2-build-linux-amd64/jdk7u80/2329/hotspot/src/share/vm/prims/jni.cpp:743
Event: 86.128 Thread 0x00007f0688001000 Threw 0x00000000ece9dc30 at /HUDSON/workspace/7u-2-build-linux-amd64/jdk7u80/2329/hotspot/src/share/vm/prims/jni.cpp:743
Event: 86.132 Thread 0x00007f068c001000 Threw 0x00000000ecf15028 at /HUDSON/workspace/7u-2-build-linux-amd64/jdk7u80/2329/hotspot/src/share/vm/prims/jni.cpp:743
Event: 86.135 Thread 0x00007f0684001000 Threw 0x00000000ecebd130 at /HUDSON/workspace/7u-2-build-linux-amd64/jdk7u80/2329/hotspot/src/share/vm/prims/jni.cpp:743
Event: 86.139 Thread 0x00007f06a4001000 Threw 0x00000000eced9358 at /HUDSON/workspace/7u-2-build-linux-amd64/jdk7u80/2329/hotspot/src/share/vm/prims/jni.cpp:743
Event: 86.142 Thread 0x00007f0690001000 Threw 0x00000000ece5f410 at /HUDSON/workspace/7u-2-build-linux-amd64/jdk7u80/2329/hotspot/src/share/vm/prims/jni.cpp:743
Event: 86.145 Thread 0x00007f0698001000 Threw 0x00000000ece7e910 at /HUDSON/workspace/7u-2-build-linux-amd64/jdk7u80/2329/hotspot/src/share/vm/prims/jni.cpp:743
Event: 86.148 Thread 0x00007f069c001000 Threw 0x00000000ecef53f8 at /HUDSON/workspace/7u-2-build-linux-amd64/jdk7u80/2329/hotspot/src/share/vm/prims/jni.cpp:743
Event: 86.151 Thread 0x00007f0688001000 Threw 0x00000000ece9de10 at /HUDSON/workspace/7u-2-build-linux-amd64/jdk7u80/2329/hotspot/src/share/vm/prims/jni.cpp:743
Event: 86.154 Thread 0x00007f068c001000 Threw 0x00000000ecf15208 at /HUDSON/workspace/7u-2-build-linux-amd64/jdk7u80/2329/hotspot/src/share/vm/prims/jni.cpp:743

Events (10 events):
Event: 86.155 loading class 0x00007f06ed32b0a0 done
Event: 86.155 Thread 0x00007f06bc001000 Thread added: 0x00007f06bc001000
Event: 86.155 loading class 0x00007f06e80c2010
Event: 86.155 loading class 0x00007f06e80c1fd0
Event: 86.155 loading class 0x00007f06e80c1fd0 done
Event: 86.155 loading class 0x00007f06e80c2010 done
Event: 86.155 Thread 0x00007f0694002800 Thread added: 0x00007f0694002800
Event: 86.156 Thread 0x00007f0694002800 Thread exited: 0x00007f0694002800
Event: 86.156 Thread 0x00007f06e8091800 Thread exited: 0x00007f06e8091800
Event: 86.156 Executing VM operation: Exit


Dynamic libraries:
00400000-00401000 r-xp 00000000 08:07 663942                             /home/elixandre/jdk1.7.0_80/bin/java
00600000-00601000 rw-p 00000000 08:07 663942                             /home/elixandre/jdk1.7.0_80/bin/java
0096a000-0098b000 rw-p 00000000 00:00 0                                  [heap]
bfa00000-c0f00000 rw-p 00000000 00:00 0 
c0f00000-c4c00000 rw-p 00000000 00:00 0 
c4c00000-c7380000 rw-p 00000000 00:00 0 
c7380000-ec400000 rw-p 00000000 00:00 0 
ec400000-ed800000 rw-p 00000000 00:00 0 
ed800000-100000000 rw-p 00000000 00:00 0 
7f0684000000-7f0684e23000 rw-p 00000000 00:00 0 
7f0684e23000-7f0688000000 ---p 00000000 00:00 0 
7f0688000000-7f0688e26000 rw-p 00000000 00:00 0 
7f0688e26000-7f068c000000 ---p 00000000 00:00 0 
7f068c000000-7f068ce2d000 rw-p 00000000 00:00 0 
7f068ce2d000-7f0690000000 ---p 00000000 00:00 0 
7f0690000000-7f0690e23000 rw-p 00000000 00:00 0 
7f0690e23000-7f0694000000 ---p 00000000 00:00 0 
7f0694000000-7f0694022000 rw-p 00000000 00:00 0 
7f0694022000-7f0698000000 ---p 00000000 00:00 0 
7f0698000000-7f0698e27000 rw-p 00000000 00:00 0 
7f0698e27000-7f069c000000 ---p 00000000 00:00 0 
7f069c000000-7f069ce32000 rw-p 00000000 00:00 0 
7f069ce32000-7f06a0000000 ---p 00000000 00:00 0 
7f06a37ff000-7f06a3802000 ---p 00000000 00:00 0 
7f06a3802000-7f06a4000000 rw-p 00000000 00:00 0 
7f06a4000000-7f06a4e2a000 rw-p 00000000 00:00 0 
7f06a4e2a000-7f06a8000000 ---p 00000000 00:00 0 
7f06a87f9000-7f06a87fc000 ---p 00000000 00:00 0 
7f06a87fc000-7f06a8ffa000 rw-p 00000000 00:00 0 
7f06a8ffa000-7f06a8ffd000 ---p 00000000 00:00 0 
7f06a8ffd000-7f06a97fb000 rw-p 00000000 00:00 0 
7f06a97fb000-7f06a97fe000 ---p 00000000 00:00 0 
7f06a97fe000-7f06a9ffc000 rw-p 00000000 00:00 0 
7f06a9ffc000-7f06a9fff000 ---p 00000000 00:00 0 
7f06a9fff000-7f06aa7fd000 rw-p 00000000 00:00 0 
7f06ab7ff000-7f06ab802000 ---p 00000000 00:00 0 
7f06ab802000-7f06ac000000 rw-p 00000000 00:00 0 
7f06ac000000-7f06ac021000 rw-p 00000000 00:00 0 
7f06ac021000-7f06b0000000 ---p 00000000 00:00 0 
7f06b0000000-7f06b0022000 rw-p 00000000 00:00 0 
7f06b0022000-7f06b4000000 ---p 00000000 00:00 0 
7f06b4000000-7f06b407b000 rw-p 00000000 00:00 0 
7f06b407b000-7f06b8000000 ---p 00000000 00:00 0 
7f06b8000000-7f06b8021000 rw-p 00000000 00:00 0 
7f06b8021000-7f06bc000000 ---p 00000000 00:00 0 
7f06bc000000-7f06bc021000 rw-p 00000000 00:00 0 
7f06bc021000-7f06c0000000 ---p 00000000 00:00 0 
7f06c0000000-7f06c072e000 rw-p 00000000 00:00 0 
7f06c072e000-7f06c4000000 ---p 00000000 00:00 0 
7f06c4000000-7f06c4021000 rw-p 00000000 00:00 0 
7f06c4021000-7f06c8000000 ---p 00000000 00:00 0 
7f06c8000000-7f06c8021000 rw-p 00000000 00:00 0 
7f06c8021000-7f06cc000000 ---p 00000000 00:00 0 
7f06cc000000-7f06cc021000 rw-p 00000000 00:00 0 
7f06cc021000-7f06d0000000 ---p 00000000 00:00 0 
7f06d0000000-7f06d0021000 rw-p 00000000 00:00 0 
7f06d0021000-7f06d4000000 ---p 00000000 00:00 0 
7f06d42eb000-7f06d42ee000 ---p 00000000 00:00 0 
7f06d42ee000-7f06d43ec000 rw-p 00000000 00:00 0 
7f06d43ec000-7f06d43ef000 ---p 00000000 00:00 0 
7f06d43ef000-7f06d4bed000 rw-p 00000000 00:00 0 
7f06d4bed000-7f06d4c05000 r-xp 00000000 08:07 794645                     /tmp/simgrid-java3511145715312173080/libsimgrid-java.so (deleted)
7f06d4c05000-7f06d4e05000 ---p 00018000 08:07 794645                     /tmp/simgrid-java3511145715312173080/libsimgrid-java.so (deleted)
7f06d4e05000-7f06d4e06000 rw-p 00018000 08:07 794645                     /tmp/simgrid-java3511145715312173080/libsimgrid-java.so (deleted)
7f06d4e06000-7f06d4e1c000 r-xp 00000000 08:07 528568                     /lib/x86_64-linux-gnu/libgcc_s.so.1
7f06d4e1c000-7f06d501b000 ---p 00016000 08:07 528568                     /lib/x86_64-linux-gnu/libgcc_s.so.1
7f06d501b000-7f06d501c000 r--p 00015000 08:07 528568                     /lib/x86_64-linux-gnu/libgcc_s.so.1
7f06d501c000-7f06d501d000 rw-p 00016000 08:07 528568                     /lib/x86_64-linux-gnu/libgcc_s.so.1
7f06d501d000-7f06d5190000 r-xp 00000000 08:07 1059329                    /usr/lib/x86_64-linux-gnu/libstdc++.so.6.0.21
7f06d5190000-7f06d538f000 ---p 00173000 08:07 1059329                    /usr/lib/x86_64-linux-gnu/libstdc++.so.6.0.21
7f06d538f000-7f06d5399000 r--p 00172000 08:07 1059329                    /usr/lib/x86_64-linux-gnu/libstdc++.so.6.0.21
7f06d5399000-7f06d539b000 rw-p 0017c000 08:07 1059329                    /usr/lib/x86_64-linux-gnu/libstdc++.so.6.0.21
7f06d539b000-7f06d539f000 rw-p 00000000 00:00 0 
7f06d539f000-7f06d5664000 r-xp 00000000 08:07 794592                     /tmp/simgrid-java3511145715312173080/libsimgrid.so (deleted)
7f06d5664000-7f06d5864000 ---p 002c5000 08:07 794592                     /tmp/simgrid-java3511145715312173080/libsimgrid.so (deleted)
7f06d5864000-7f06d589f000 rw-p 002c5000 08:07 794592                     /tmp/simgrid-java3511145715312173080/libsimgrid.so (deleted)
7f06d589f000-7f06d5ba8000 rw-p 00000000 00:00 0 
7f06d5ba8000-7f06d5bbf000 r-xp 00000000 08:07 663689                     /home/elixandre/jdk1.7.0_80/jre/lib/amd64/libnet.so
7f06d5bbf000-7f06d5dbe000 ---p 00017000 08:07 663689                     /home/elixandre/jdk1.7.0_80/jre/lib/amd64/libnet.so
7f06d5dbe000-7f06d5dbf000 rw-p 00016000 08:07 663689                     /home/elixandre/jdk1.7.0_80/jre/lib/amd64/libnet.so
7f06d5dbf000-7f06d5dcf000 r-xp 00000000 08:07 663688                     /home/elixandre/jdk1.7.0_80/jre/lib/amd64/libnio.so
7f06d5dcf000-7f06d5fcf000 ---p 00010000 08:07 663688                     /home/elixandre/jdk1.7.0_80/jre/lib/amd64/libnio.so
7f06d5fcf000-7f06d5fd0000 rw-p 00010000 08:07 663688                     /home/elixandre/jdk1.7.0_80/jre/lib/amd64/libnio.so
7f06d5fd0000-7f06d8000000 rw-p 00000000 00:00 0 
7f06d8000000-7f06d8021000 rw-p 00000000 00:00 0 
7f06d8021000-7f06dc000000 ---p 00000000 00:00 0 
7f06dc000000-7f06dc021000 rw-p 00000000 00:00 0 
7f06dc021000-7f06e0000000 ---p 00000000 00:00 0 
7f06e0000000-7f06e0021000 rw-p 00000000 00:00 0 
7f06e0021000-7f06e4000000 ---p 00000000 00:00 0 
7f06e4014000-7f06e4017000 ---p 00000000 00:00 0 
7f06e4017000-7f06e4115000 rw-p 00000000 00:00 0 
7f06e4115000-7f06e4116000 ---p 00000000 00:00 0 
7f06e4116000-7f06e4216000 rw-p 00000000 00:00 0 
7f06e4216000-7f06e4219000 ---p 00000000 00:00 0 
7f06e4219000-7f06e4317000 rw-p 00000000 00:00 0 
7f06e4317000-7f06e431a000 ---p 00000000 00:00 0 
7f06e431a000-7f06e4418000 rw-p 00000000 00:00 0 
7f06e4418000-7f06e441b000 ---p 00000000 00:00 0 
7f06e441b000-7f06e4519000 rw-p 00000000 00:00 0 
7f06e4519000-7f06e451c000 ---p 00000000 00:00 0 
7f06e451c000-7f06e461a000 rw-p 00000000 00:00 0 
7f06e461a000-7f06e4cfd000 r--p 00000000 08:07 1055607                    /usr/lib/locale/locale-archive
7f06e4cfd000-7f06e4d00000 ---p 00000000 00:00 0 
7f06e4d00000-7f06e4dfe000 rw-p 00000000 00:00 0 
7f06e4dfe000-7f06e4e01000 ---p 00000000 00:00 0 
7f06e4e01000-7f06e4eff000 rw-p 00000000 00:00 0 
7f06e4eff000-7f06e4f00000 ---p 00000000 00:00 0 
7f06e4f00000-7f06e5000000 rw-p 00000000 00:00 0 
7f06e5000000-7f06e5270000 rwxp 00000000 00:00 0 
7f06e5270000-7f06e9787000 rw-p 00000000 00:00 0 
7f06e9787000-7f06ec000000 ---p 00000000 00:00 0 
7f06ec0ae000-7f06ed0ad000 rw-p 00000000 00:00 0 
7f06ed0ad000-7f06ed26d000 r--s 039fb000 08:07 663892                     /home/elixandre/jdk1.7.0_80/jre/lib/rt.jar
7f06ed26d000-7f06ed569000 rw-p 00000000 00:00 0 
7f06ed569000-7f06ed56a000 ---p 00000000 00:00 0 
7f06ed56a000-7f06ed66a000 rw-p 00000000 00:00 0 
7f06ed66a000-7f06ed66b000 ---p 00000000 00:00 0 
7f06ed66b000-7f06ed76b000 rw-p 00000000 00:00 0 
7f06ed76b000-7f06ed76c000 ---p 00000000 00:00 0 
7f06ed76c000-7f06ed86c000 rw-p 00000000 00:00 0 
7f06ed86c000-7f06ed86d000 ---p 00000000 00:00 0 
7f06ed86d000-7f06ed978000 rw-p 00000000 00:00 0 
7f06ed978000-7f06ed996000 rw-p 00000000 00:00 0 
7f06ed996000-7f06ed9aa000 rw-p 00000000 00:00 0 
7f06ed9aa000-7f06edad2000 rw-p 00000000 00:00 0 
7f06edad2000-7f06edadd000 rw-p 00000000 00:00 0 
7f06edadd000-7f06edafb000 rw-p 00000000 00:00 0 
7f06edafb000-7f06edb0f000 rw-p 00000000 00:00 0 
7f06edb0f000-7f06edc37000 rw-p 00000000 00:00 0 
7f06edc37000-7f06edc41000 rw-p 00000000 00:00 0 
7f06edc41000-7f06edcd5000 rw-p 00000000 00:00 0 
7f06edcd5000-7f06edcd6000 rw-p 00000000 00:00 0 
7f06edcd6000-7f06edced000 r-xp 00000000 08:07 663687                     /home/elixandre/jdk1.7.0_80/jre/lib/amd64/libzip.so
7f06edced000-7f06edeed000 ---p 00017000 08:07 663687                     /home/elixandre/jdk1.7.0_80/jre/lib/amd64/libzip.so
7f06edeed000-7f06edeee000 rw-p 00017000 08:07 663687                     /home/elixandre/jdk1.7.0_80/jre/lib/amd64/libzip.so
7f06edeee000-7f06edef8000 r-xp 00000000 08:07 529521                     /lib/x86_64-linux-gnu/libnss_files-2.21.so
7f06edef8000-7f06ee0f8000 ---p 0000a000 08:07 529521                     /lib/x86_64-linux-gnu/libnss_files-2.21.so
7f06ee0f8000-7f06ee0f9000 r--p 0000a000 08:07 529521                     /lib/x86_64-linux-gnu/libnss_files-2.21.so
7f06ee0f9000-7f06ee0fa000 rw-p 0000b000 08:07 529521                     /lib/x86_64-linux-gnu/libnss_files-2.21.so
7f06ee0fa000-7f06ee105000 r-xp 00000000 08:07 529535                     /lib/x86_64-linux-gnu/libnss_nis-2.21.so
7f06ee105000-7f06ee304000 ---p 0000b000 08:07 529535                     /lib/x86_64-linux-gnu/libnss_nis-2.21.so
7f06ee304000-7f06ee305000 r--p 0000a000 08:07 529535                     /lib/x86_64-linux-gnu/libnss_nis-2.21.so
7f06ee305000-7f06ee306000 rw-p 0000b000 08:07 529535                     /lib/x86_64-linux-gnu/libnss_nis-2.21.so
7f06ee306000-7f06ee31d000 r-xp 00000000 08:07 529538                     /lib/x86_64-linux-gnu/libnsl-2.21.so
7f06ee31d000-7f06ee51c000 ---p 00017000 08:07 529538                     /lib/x86_64-linux-gnu/libnsl-2.21.so
7f06ee51c000-7f06ee51d000 r--p 00016000 08:07 529538                     /lib/x86_64-linux-gnu/libnsl-2.21.so
7f06ee51d000-7f06ee51e000 rw-p 00017000 08:07 529538                     /lib/x86_64-linux-gnu/libnsl-2.21.so
7f06ee51e000-7f06ee520000 rw-p 00000000 00:00 0 
7f06ee520000-7f06ee528000 r-xp 00000000 08:07 529523                     /lib/x86_64-linux-gnu/libnss_compat-2.21.so
7f06ee528000-7f06ee727000 ---p 00008000 08:07 529523                     /lib/x86_64-linux-gnu/libnss_compat-2.21.so
7f06ee727000-7f06ee728000 r--p 00007000 08:07 529523                     /lib/x86_64-linux-gnu/libnss_compat-2.21.so
7f06ee728000-7f06ee729000 rw-p 00008000 08:07 529523                     /lib/x86_64-linux-gnu/libnss_compat-2.21.so
7f06ee729000-7f06ee752000 r-xp 00000000 08:07 663623                     /home/elixandre/jdk1.7.0_80/jre/lib/amd64/libjava.so
7f06ee752000-7f06ee952000 ---p 00029000 08:07 663623                     /home/elixandre/jdk1.7.0_80/jre/lib/amd64/libjava.so
7f06ee952000-7f06ee954000 rw-p 00029000 08:07 663623                     /home/elixandre/jdk1.7.0_80/jre/lib/amd64/libjava.so
7f06ee954000-7f06ee961000 r-xp 00000000 08:07 663501                     /home/elixandre/jdk1.7.0_80/jre/lib/amd64/libverify.so
7f06ee961000-7f06eeb60000 ---p 0000d000 08:07 663501                     /home/elixandre/jdk1.7.0_80/jre/lib/amd64/libverify.so
7f06eeb60000-7f06eeb62000 rw-p 0000c000 08:07 663501                     /home/elixandre/jdk1.7.0_80/jre/lib/amd64/libverify.so
7f06eeb62000-7f06eeb69000 r-xp 00000000 08:07 529522                     /lib/x86_64-linux-gnu/librt-2.21.so
7f06eeb69000-7f06eed68000 ---p 00007000 08:07 529522                     /lib/x86_64-linux-gnu/librt-2.21.so
7f06eed68000-7f06eed69000 r--p 00006000 08:07 529522                     /lib/x86_64-linux-gnu/librt-2.21.so
7f06eed69000-7f06eed6a000 rw-p 00007000 08:07 529522                     /lib/x86_64-linux-gnu/librt-2.21.so
7f06eed6a000-7f06eee71000 r-xp 00000000 08:07 529524                     /lib/x86_64-linux-gnu/libm-2.21.so
7f06eee71000-7f06ef070000 ---p 00107000 08:07 529524                     /lib/x86_64-linux-gnu/libm-2.21.so
7f06ef070000-7f06ef071000 r--p 00106000 08:07 529524                     /lib/x86_64-linux-gnu/libm-2.21.so
7f06ef071000-7f06ef072000 rw-p 00107000 08:07 529524                     /lib/x86_64-linux-gnu/libm-2.21.so
7f06ef072000-7f06efbe8000 r-xp 00000000 08:07 663273                     /home/elixandre/jdk1.7.0_80/jre/lib/amd64/server/libjvm.so
7f06efbe8000-7f06efde7000 ---p 00b76000 08:07 663273                     /home/elixandre/jdk1.7.0_80/jre/lib/amd64/server/libjvm.so
7f06efde7000-7f06efeab000 rw-p 00b75000 08:07 663273                     /home/elixandre/jdk1.7.0_80/jre/lib/amd64/server/libjvm.so
7f06efeab000-7f06efeec000 rw-p 00000000 00:00 0 
7f06efeec000-7f06f00ac000 r-xp 00000000 08:07 529541                     /lib/x86_64-linux-gnu/libc-2.21.so
7f06f00ac000-7f06f02ac000 ---p 001c0000 08:07 529541                     /lib/x86_64-linux-gnu/libc-2.21.so
7f06f02ac000-7f06f02b0000 r--p 001c0000 08:07 529541                     /lib/x86_64-linux-gnu/libc-2.21.so
7f06f02b0000-7f06f02b2000 rw-p 001c4000 08:07 529541                     /lib/x86_64-linux-gnu/libc-2.21.so
7f06f02b2000-7f06f02b6000 rw-p 00000000 00:00 0 
7f06f02b6000-7f06f02b9000 r-xp 00000000 08:07 529528                     /lib/x86_64-linux-gnu/libdl-2.21.so
7f06f02b9000-7f06f04b8000 ---p 00003000 08:07 529528                     /lib/x86_64-linux-gnu/libdl-2.21.so
7f06f04b8000-7f06f04b9000 r--p 00002000 08:07 529528                     /lib/x86_64-linux-gnu/libdl-2.21.so
7f06f04b9000-7f06f04ba000 rw-p 00003000 08:07 529528                     /lib/x86_64-linux-gnu/libdl-2.21.so
7f06f04ba000-7f06f04cf000 r-xp 00000000 08:07 663695                     /home/elixandre/jdk1.7.0_80/lib/amd64/jli/libjli.so
7f06f04cf000-7f06f06ce000 ---p 00015000 08:07 663695                     /home/elixandre/jdk1.7.0_80/lib/amd64/jli/libjli.so
7f06f06ce000-7f06f06cf000 rw-p 00014000 08:07 663695                     /home/elixandre/jdk1.7.0_80/lib/amd64/jli/libjli.so
7f06f06cf000-7f06f06e7000 r-xp 00000000 08:07 529525                     /lib/x86_64-linux-gnu/libpthread-2.21.so
7f06f06e7000-7f06f08e7000 ---p 00018000 08:07 529525                     /lib/x86_64-linux-gnu/libpthread-2.21.so
7f06f08e7000-7f06f08e8000 r--p 00018000 08:07 529525                     /lib/x86_64-linux-gnu/libpthread-2.21.so
7f06f08e8000-7f06f08e9000 rw-p 00019000 08:07 529525                     /lib/x86_64-linux-gnu/libpthread-2.21.so
7f06f08e9000-7f06f08ed000 rw-p 00000000 00:00 0 
7f06f08ed000-7f06f0911000 r-xp 00000000 08:07 529539                     /lib/x86_64-linux-gnu/ld-2.21.so
7f06f091b000-7f06f093a000 rw-p 00000000 00:00 0 
7f06f093a000-7f06f09f0000 rw-p 00000000 00:00 0 
7f06f09f0000-7f06f09f3000 ---p 00000000 00:00 0 
7f06f09f3000-7f06f0af5000 rw-p 00000000 00:00 0 
7f06f0afd000-7f06f0b01000 r--s 0008b000 08:07 663627                     /home/elixandre/jdk1.7.0_80/jre/lib/jsse.jar
7f06f0b01000-7f06f0b04000 r--s 00f76000 08:07 542783                     /home/elixandre/Downloads/simgrid.jar
7f06f0b04000-7f06f0b0c000 rw-s 00000000 08:07 544733                     /tmp/hsperfdata_elixandre/5473 (deleted)
7f06f0b0c000-7f06f0b0d000 rw-p 00000000 00:00 0 
7f06f0b0d000-7f06f0b0e000 ---p 00000000 00:00 0 
7f06f0b0e000-7f06f0b10000 rw-p 00000000 00:00 0 
7f06f0b10000-7f06f0b11000 r--p 00023000 08:07 529539                     /lib/x86_64-linux-gnu/ld-2.21.so
7f06f0b11000-7f06f0b12000 rw-p 00024000 08:07 529539                     /lib/x86_64-linux-gnu/ld-2.21.so
7f06f0b12000-7f06f0b13000 rw-p 00000000 00:00 0 
7ffd0b1b5000-7ffd0b1d6000 rw-p 00000000 00:00 0                          [stack]
7ffd0b1d7000-7ffd0b1d9000 r--p 00000000 00:00 0                          [vvar]
7ffd0b1d9000-7ffd0b1db000 r-xp 00000000 00:00 0                          [vdso]
ffffffffff600000-ffffffffff601000 r-xp 00000000 00:00 0                  [vsyscall]

VM Arguments:
jvm_args: -Dfile.encoding=UTF-8 
java_command: vcube.VCube platform.xml deployment.xml
Launcher Type: SUN_STANDARD

Environment Variables:
PATH=/usr/local/sbin:/usr/local/bin:/usr/sbin:/usr/bin:/sbin:/bin:/usr/games:/usr/local/games:/home/elixandre/.rvm/bin
LD_LIBRARY_PATH=/home/elixandre/jdk1.7.0_80/jre/lib/amd64:/home/elixandre/jdk1.7.0_80/jre/lib/i386:
SHELL=/bin/bash
DISPLAY=:0

Signal Handlers:
SIGSEGV: [libjvm.so+0x9a3b20], sa_mask[0]=0x7ffbfeff, sa_flags=0x10000004
SIGBUS: [libjvm.so+0x9a3b20], sa_mask[0]=0x7ffbfeff, sa_flags=0x10000004
SIGFPE: [libjvm.so+0x81e740], sa_mask[0]=0x7ffbfeff, sa_flags=0x10000004
SIGPIPE: [libjvm.so+0x81e740], sa_mask[0]=0x7ffbfeff, sa_flags=0x10000004
SIGXFSZ: [libjvm.so+0x81e740], sa_mask[0]=0x7ffbfeff, sa_flags=0x10000004
SIGILL: [libjvm.so+0x81e740], sa_mask[0]=0x7ffbfeff, sa_flags=0x10000004
SIGUSR1: SIG_DFL, sa_mask[0]=0x00000000, sa_flags=0x00000000
SIGUSR2: [libjvm.so+0x81ffb0], sa_mask[0]=0x00000004, sa_flags=0x10000004
SIGHUP: [libjvm.so+0x8210d0], sa_mask[0]=0x7ffbfeff, sa_flags=0x10000004
SIGINT: [libsimgrid.so+0x8ff50], sa_mask[0]=0x00000002, sa_flags=0x10000000
SIGTERM: [libjvm.so+0x8210d0], sa_mask[0]=0x7ffbfeff, sa_flags=0x10000004
SIGQUIT: [libjvm.so+0x8210d0], sa_mask[0]=0x7ffbfeff, sa_flags=0x10000004


---------------  S Y S T E M  ---------------

OS:jessie/sid

uname:Linux 4.2.0-42-generic #49-Ubuntu SMP Tue Jun 28 21:26:26 UTC 2016 x86_64
libc:glibc 2.21 NPTL 2.21 
rlimit: STACK 8192k, CORE 0k, NPROC 15009, NOFILE 65536, AS infinity
load average:0.97 0.53 0.49

/proc/meminfo:
MemTotal:        3879128 kB
MemFree:          971296 kB
MemAvailable:    1865888 kB
Buffers:           76924 kB
Cached:          1091064 kB
SwapCached:         2684 kB
Active:          1550088 kB
Inactive:        1118136 kB
Active(anon):    1004900 kB
Inactive(anon):   655448 kB
Active(file):     545188 kB
Inactive(file):   462688 kB
Unevictable:          32 kB
Mlocked:              32 kB
SwapTotal:        975868 kB
SwapFree:         947468 kB
Dirty:               248 kB
Writeback:             0 kB
AnonPages:       1498200 kB
Mapped:           288640 kB
Shmem:            160072 kB
Slab:             144404 kB
SReclaimable:     111300 kB
SUnreclaim:        33104 kB
KernelStack:        8864 kB
PageTables:        34104 kB
NFS_Unstable:          0 kB
Bounce:                0 kB
WritebackTmp:          0 kB
CommitLimit:     2915432 kB
Committed_AS:    5020140 kB
VmallocTotal:   34359738367 kB
VmallocUsed:      347648 kB
VmallocChunk:   34358947836 kB
HardwareCorrupted:     0 kB
AnonHugePages:    940032 kB
CmaTotal:              0 kB
CmaFree:               0 kB
HugePages_Total:       0
HugePages_Free:        0
HugePages_Rsvd:        0
HugePages_Surp:        0
Hugepagesize:       2048 kB
DirectMap4k:      131832 kB
DirectMap2M:     3895296 kB


CPU:total 4 (2 cores per cpu, 2 threads per core) family 6 model 58 stepping 9, cmov, cx8, fxsr, mmx, sse, sse2, sse3, ssse3, sse4.1, sse4.2, popcnt, avx, erms, ht, tsc, tscinvbit, tscinv

/proc/cpuinfo:
processor	: 0
vendor_id	: GenuineIntel
cpu family	: 6
model		: 58
model name	: Intel(R) Core(TM) i7-3517U CPU @ 1.90GHz
stepping	: 9
microcode	: 0x12
cpu MHz		: 2025.468
cache size	: 4096 KB
physical id	: 0
siblings	: 4
core id		: 0
cpu cores	: 2
apicid		: 0
initial apicid	: 0
fpu		: yes
fpu_exception	: yes
cpuid level	: 13
wp		: yes
flags		: fpu vme de pse tsc msr pae mce cx8 apic sep mtrr pge mca cmov pat pse36 clflush dts acpi mmx fxsr sse sse2 ss ht tm pbe syscall nx rdtscp lm constant_tsc arch_perfmon pebs bts rep_good nopl xtopology nonstop_tsc aperfmperf eagerfpu pni pclmulqdq dtes64 monitor ds_cpl vmx est tm2 ssse3 cx16 xtpr pdcm pcid sse4_1 sse4_2 x2apic popcnt tsc_deadline_timer xsave avx f16c rdrand lahf_lm ida arat epb pln pts dtherm tpr_shadow vnmi flexpriority ept vpid fsgsbase smep erms xsaveopt
bugs		:
bogomips	: 4789.11
clflush size	: 64
cache_alignment	: 64
address sizes	: 36 bits physical, 48 bits virtual
power management:

processor	: 1
vendor_id	: GenuineIntel
cpu family	: 6
model		: 58
model name	: Intel(R) Core(TM) i7-3517U CPU @ 1.90GHz
stepping	: 9
microcode	: 0x12
cpu MHz		: 2800.125
cache size	: 4096 KB
physical id	: 0
siblings	: 4
core id		: 0
cpu cores	: 2
apicid		: 1
initial apicid	: 1
fpu		: yes
fpu_exception	: yes
cpuid level	: 13
wp		: yes
flags		: fpu vme de pse tsc msr pae mce cx8 apic sep mtrr pge mca cmov pat pse36 clflush dts acpi mmx fxsr sse sse2 ss ht tm pbe syscall nx rdtscp lm constant_tsc arch_perfmon pebs bts rep_good nopl xtopology nonstop_tsc aperfmperf eagerfpu pni pclmulqdq dtes64 monitor ds_cpl vmx est tm2 ssse3 cx16 xtpr pdcm pcid sse4_1 sse4_2 x2apic popcnt tsc_deadline_timer xsave avx f16c rdrand lahf_lm ida arat epb pln pts dtherm tpr_shadow vnmi flexpriority ept vpid fsgsbase smep erms xsaveopt
bugs		:
bogomips	: 4789.11
clflush size	: 64
cache_alignment	: 64
address sizes	: 36 bits physical, 48 bits virtual
power management:

processor	: 2
vendor_id	: GenuineIntel
cpu family	: 6
model		: 58
model name	: Intel(R) Core(TM) i7-3517U CPU @ 1.90GHz
stepping	: 9
microcode	: 0x12
cpu MHz		: 2986.406
cache size	: 4096 KB
physical id	: 0
siblings	: 4
core id		: 1
cpu cores	: 2
apicid		: 2
initial apicid	: 2
fpu		: yes
fpu_exception	: yes
cpuid level	: 13
wp		: yes
flags		: fpu vme de pse tsc msr pae mce cx8 apic sep mtrr pge mca cmov pat pse36 clflush dts acpi mmx fxsr sse sse2 ss ht tm pbe syscall nx rdtscp lm constant_tsc arch_perfmon pebs bts rep_good nopl xtopology nonstop_tsc aperfmperf eagerfpu pni pclmulqdq dtes64 monitor ds_cpl vmx est tm2 ssse3 cx16 xtpr pdcm pcid sse4_1 sse4_2 x2apic popcnt tsc_deadline_timer xsave avx f16c rdrand lahf_lm ida arat epb pln pts dtherm tpr_shadow vnmi flexpriority ept vpid fsgsbase smep erms xsaveopt
bugs		:
bogomips	: 4789.11
clflush size	: 64
cache_alignment	: 64
address sizes	: 36 bits physical, 48 bits virtual
power management:

processor	: 3
vendor_id	: GenuineIntel
cpu family	: 6
model		: 58
model name	: Intel(R) Core(TM) i7-3517U CPU @ 1.90GHz
stepping	: 9
microcode	: 0x12
cpu MHz		: 2975.343
cache size	: 4096 KB
physical id	: 0
siblings	: 4
core id		: 1
cpu cores	: 2
apicid		: 3
initial apicid	: 3
fpu		: yes
fpu_exception	: yes
cpuid level	: 13
wp		: yes
flags		: fpu vme de pse tsc msr pae mce cx8 apic sep mtrr pge mca cmov pat pse36 clflush dts acpi mmx fxsr sse sse2 ss ht tm pbe syscall nx rdtscp lm constant_tsc arch_perfmon pebs bts rep_good nopl xtopology nonstop_tsc aperfmperf eagerfpu pni pclmulqdq dtes64 monitor ds_cpl vmx est tm2 ssse3 cx16 xtpr pdcm pcid sse4_1 sse4_2 x2apic popcnt tsc_deadline_timer xsave avx f16c rdrand lahf_lm ida arat epb pln pts dtherm tpr_shadow vnmi flexpriority ept vpid fsgsbase smep erms xsaveopt
bugs		:
bogomips	: 4789.11
clflush size	: 64
cache_alignment	: 64
address sizes	: 36 bits physical, 48 bits virtual
power management:



Memory: 4k page, physical 3879128k(971296k free), swap 975868k(947468k free)

vm_info: Java HotSpot(TM) 64-Bit Server VM (24.80-b11) for linux-amd64 JRE (1.7.0_80-b15), built on Apr 10 2015 19:53:14 by "java_re" with gcc 4.3.0 20080428 (Red Hat 4.3.0-8)

time: Sat Apr 29 13:17:50 2017
elapsed time: 86 seconds

