#
# A fatal error has been detected by the Java Runtime Environment:
#
#  SIGSEGV (0xb) at pc=0x00007f704049c263, pid=9836, tid=0x00007f7042c97700
#
# JRE version: Java(TM) SE Runtime Environment (8.0_111-b14) (build 1.8.0_111-b14)
# Java VM: Java HotSpot(TM) 64-Bit Server VM (25.111-b14 mixed mode linux-amd64 compressed oops)
# Problematic frame:
# C  [libsimgrid.so+0x190263]  xbt_dynar_member+0x23
#
# Failed to write core dump. Core dumps have been disabled. To enable core dumping, try "ulimit -c unlimited" before starting Java again
#
# If you would like to submit a bug report, please visit:
#   http://bugreport.java.com/bugreport/crash.jsp
#

---------------  T H R E A D  ---------------

Current thread (0x00007f7058077800):  VMThread [stack: 0x00007f7042b97000,0x00007f7042c98000] [id=9845]

siginfo: si_signo: 11 (SIGSEGV), si_code: 1 (SEGV_MAPERR), si_addr: 0x0000000000000000

Registers:
RAX=0x0000000000000000, RBX=0x00007f7040808700, RCX=0x0000000000000000, RDX=0x00007f7042c97a30
RSP=0x00007f7042c96910, RBP=0x00007f7058132aa0, RSI=0x00007f7042c96ab8, RDI=0x00007f7042c969d0
R8 =0x00007f7058129ab0, R9 =0x00007f7058129ab0, R10=0x0000000000000c58, R11=0x00007f704049c240
R12=0x00007f7040813790, R13=0x00007f7058112aa0, R14=0x00000000000003d8, R15=0x00007f7058026e88
RIP=0x00007f704049c263, EFLAGS=0x0000000000010202, CSGSFS=0x0000000000000033, ERR=0x0000000000000004
  TRAPNO=0x000000000000000e

Top of Stack: (sp=0x00007f7042c96910)
0x00007f7042c96910:   0000000000000000 0000000000000000
0x00007f7042c96920:   00007f7058129b50 00007f7042c96ab8
0x00007f7042c96930:   0000000000000000 0000000000000000
0x00007f7042c96940:   0000000000000000 0000000000000000
0x00007f7042c96950:   0000000000000000 0000000000000000
0x00007f7042c96960:   0000000000000000 0000000000000000
0x00007f7042c96970:   0000000000000000 0000000000000000
0x00007f7042c96980:   0000ff00000000ff 00000000ff000000
0x00007f7042c96990:   0000000000000000 0000000000000000
0x00007f7042c969a0:   0000000000000000 0000000000000000
0x00007f7042c969b0:   0000000000000000 0000000000000000
0x00007f7042c969c0:   0000000042c80000 0000000000000000
0x00007f7042c969d0:   0000000000000000 0000000000000000
0x00007f7042c969e0:   0000000000000000 0000000000000000
0x00007f7042c969f0:   0000000000000000 0000000000000000
0x00007f7042c96a00:   00007f70407d3400 00007f7058133130
0x00007f7042c96a10:   00007f7058112aa0 00007f7040492a0a
0x00007f7042c96a20:   00007f7058ae9870 00007f70407d3400
0x00007f7042c96a30:   00007f7058133130 00007f7040502286
0x00007f7042c96a40:   00007f7058170ff0 0000000000000000
0x00007f7042c96a50:   0000000000000000 00007f7042c96ab8
0x00007f7042c96a60:   00007f7058129b50 00007f7058129ab0
0x00007f7042c96a70:   00007f7058129ab0 00007f704080ba98
0x00007f7042c96a80:   00007f705812bd10 0000000000000001
0x00007f7042c96a90:   00007f7040808700 00007f7058110fc0
0x00007f7042c96aa0:   00007f7040808700 00007f70404b934f
0x00007f7042c96ab0:   0000000000000000 00007f7058133130
0x00007f7042c96ac0:   0000000000000000 0000000000000000
0x00007f7042c96ad0:   0000000000000000 00007f704080ba98
0x00007f7042c96ae0:   00007f705812bd10 0000000000000001
0x00007f7042c96af0:   00007f7058112aa0 00007f704049ad37
0x00007f7042c96b00:   00007f7058112aa0 00007f704080b098 

Instructions: (pc=0x00007f704049c263)
0x00007f704049c243:   ec 90 01 00 00 48 8b 05 01 a2 33 00 48 89 7c 24
0x00007f704049c253:   10 48 89 74 24 18 ff 10 48 8d bc 24 c0 00 00 00
0x00007f704049c263:   48 8b 08 48 89 04 24 48 89 38 48 89 4c 24 08 e8
0x00007f704049c273:   79 31 ed ff 85 c0 74 75 48 8b 14 24 c7 42 08 01 

Register to memory mapping:

RAX=0x0000000000000000 is an unknown value
RBX=0x00007f7040808700: _simgrid_log_category__simix_process+0 in /tmp/simgrid-java528708634861148772/libsimgrid.so at 0x00007f704030c000
RCX=0x0000000000000000 is an unknown value
RDX=0x00007f7042c97a30 is an unknown value
RSP=0x00007f7042c96910 is an unknown value
RBP=0x00007f7058132aa0 is an unknown value
RSI=0x00007f7042c96ab8 is an unknown value
RDI=0x00007f7042c969d0 is an unknown value
R8 =0x00007f7058129ab0 is an unknown value
R9 =0x00007f7058129ab0 is an unknown value
R10=0x0000000000000c58 is an unknown value
R11=0x00007f704049c240: xbt_dynar_member+0 in /tmp/simgrid-java528708634861148772/libsimgrid.so at 0x00007f704030c000
R12=0x00007f7040813790: simix_global+0 in /tmp/simgrid-java528708634861148772/libsimgrid.so at 0x00007f704030c000
R13=0x00007f7058112aa0 is an unknown value
R14=0x00000000000003d8 is an unknown value
R15=0x00007f7058026e88 is an unknown value


Stack: [0x00007f7042b97000,0x00007f7042c98000],  sp=0x00007f7042c96910,  free space=1022k
Native frames: (J=compiled Java code, j=interpreted, Vv=VM code, C=native code)
C  [libsimgrid.so+0x190263]  xbt_dynar_member+0x23

VM_Operation (0x00007f700825c6d0): Exit, mode: safepoint, requested by thread 0x00007f701c001000


---------------  P R O C E S S  ---------------

Java Threads: ( => current thread )
  0x00007f701c001000 JavaThread "SIGTERM handler" daemon [_thread_blocked, id=9870, stack(0x00007f700815d000,0x00007f700825e000)]
  0x00007f6fcc001000 JavaThread "Thread-11" [_thread_in_native, id=9866, stack(0x00007f6ff8ffa000,0x00007f6ff97fb000)]
  0x00007f6fd0001000 JavaThread "Thread-13" [_thread_in_native, id=9865, stack(0x00007f6ff97fb000,0x00007f6ff9ffc000)]
  0x00007f6fd4001000 JavaThread "Thread-14" [_thread_in_native, id=9864, stack(0x00007f6ff9ffc000,0x00007f6ffa7fd000)]
  0x00007f6fc4001000 JavaThread "Thread-10" [_thread_in_native, id=9868, stack(0x00007f6fe77ff000,0x00007f6fe8000000)]
  0x00007f6fc8001000 JavaThread "Thread-12" [_thread_in_native, id=9867, stack(0x00007f6ff87f9000,0x00007f6ff8ffa000)]
  0x00007f6fc0001000 JavaThread "Thread-16" [_thread_in_native, id=9869, stack(0x00007f6fe6ffe000,0x00007f6fe77ff000)]
  0x00007f6fdc001000 JavaThread "Thread-15" [_thread_in_native, id=9863, stack(0x00007f6ffa7fd000,0x00007f6ffaffe000)]
  0x00007f6fd8001000 JavaThread "Thread-9" [_thread_in_native, id=9862, stack(0x00007f6ffaffe000,0x00007f6ffb7ff000)]
  0x00007f6fe0001000 JavaThread "Thread-8" [_thread_in_native, id=9861, stack(0x00007f6ffb7ff000,0x00007f6ffc000000)]
  0x00007f6fec001000 JavaThread "Thread-6" [_thread_in_native, id=9860, stack(0x00007f700825e000,0x00007f7008a5f000)]
  0x00007f6ff4001000 JavaThread "Thread-7" [_thread_in_native, id=9857, stack(0x00007f7009a61000,0x00007f700a262000)]
  0x00007f6fe8001000 JavaThread "Thread-5" [_thread_in_native, id=9859, stack(0x00007f7008a5f000,0x00007f7009260000)]
  0x00007f6ff0001000 JavaThread "Thread-4" [_thread_in_native, id=9858, stack(0x00007f7009260000,0x00007f7009a61000)]
  0x00007f7000001000 JavaThread "Thread-3" [_thread_blocked, id=9856, stack(0x00007f700a262000,0x00007f700aa63000)]
  0x00007f6ffc001000 JavaThread "Thread-2" [_thread_in_native, id=9855, stack(0x00007f700aa63000,0x00007f700b264000)]
  0x00007f7004001000 JavaThread "Thread-1" [_thread_in_native, id=9854, stack(0x00007f700b264000,0x00007f700ba65000)]
  0x00007f70580c0000 JavaThread "Service Thread" daemon [_thread_blocked, id=9852, stack(0x00007f704103e000,0x00007f704113f000)]
  0x00007f70580bd000 JavaThread "C1 CompilerThread2" daemon [_thread_blocked, id=9851, stack(0x00007f704113f000,0x00007f7041240000)]
  0x00007f70580bb000 JavaThread "C2 CompilerThread1" daemon [_thread_blocked, id=9850, stack(0x00007f7041240000,0x00007f7041341000)]
  0x00007f70580b8800 JavaThread "C2 CompilerThread0" daemon [_thread_blocked, id=9849, stack(0x00007f7041341000,0x00007f7041442000)]
  0x00007f7058084000 JavaThread "Finalizer" daemon [_thread_blocked, id=9847, stack(0x00007f7042995000,0x00007f7042a96000)]
  0x00007f705807f000 JavaThread "Reference Handler" daemon [_thread_blocked, id=9846, stack(0x00007f7042a96000,0x00007f7042b97000)]
  0x00007f705800a000 JavaThread "main" [_thread_in_native, id=9838, stack(0x00007f705f7e4000,0x00007f705f8e5000)]

Other Threads:
=>0x00007f7058077800 VMThread [stack: 0x00007f7042b97000,0x00007f7042c98000] [id=9845]

VM state:at safepoint (shutting down)

VM Mutex/Monitor currently owned by a thread:  ([mutex/lock_event])
[0x00007f70580060f0] Threads_lock - owner thread: 0x00007f7058077800

Heap:
 PSYoungGen      total 17920K, used 16239K [0x00000000d5580000, 0x00000000d7880000, 0x0000000100000000)
  eden space 15360K, 89% used [0x00000000d5580000,0x00000000d62dfeb8,0x00000000d6480000)
  from space 2560K, 99% used [0x00000000d6700000,0x00000000d697c010,0x00000000d6980000)
  to   space 2560K, 0% used [0x00000000d6480000,0x00000000d6480000,0x00000000d6700000)
 ParOldGen       total 40960K, used 1280K [0x0000000080000000, 0x0000000082800000, 0x00000000d5580000)
  object space 40960K, 3% used [0x0000000080000000,0x0000000080140000,0x0000000082800000)
 Metaspace       used 3755K, capacity 4704K, committed 4864K, reserved 1056768K
  class space    used 417K, capacity 464K, committed 512K, reserved 1048576K

Card table byte_map: [0x00007f705c18a000,0x00007f705c58b000] byte_map_base: 0x00007f705bd8a000

Marking Bits: (ParMarkBitMap*) 0x00007f705ecb4220
 Begin Bits: [0x00007f7044a52000, 0x00007f7046a52000)
 End Bits:   [0x00007f7046a52000, 0x00007f7048a52000)

Polling page: 0x00007f705f903000

CodeCache: size=245760Kb used=1834Kb max_used=1871Kb free=243925Kb
 bounds [0x00007f7049000000, 0x00007f7049270000, 0x00007f7058000000]
 total_blobs=467 nmethods=204 adapters=177
 compilation: enabled

Compilation events (10 events):
Event: 1.566 Thread 0x00007f70580bb000 nmethod 199 0x00007f70491ae150 code [0x00007f70491ae3e0, 0x00007f70491b0258]
Event: 1.566 Thread 0x00007f70580bb000  201 %     4       vcube.VCubeTask::setTimestempStatus @ 2 (27 bytes)
Event: 1.571 Thread 0x00007f70580bb000 nmethod 201% 0x00007f70491a7490 code [0x00007f70491a7600, 0x00007f70491a7838]
Event: 1.571 Thread 0x00007f70580bb000  202       4       java.util.AbstractCollection::toArray (147 bytes)
Event: 1.593 Thread 0x00007f70580bb000 nmethod 202 0x00007f70491aa0d0 code [0x00007f70491aa260, 0x00007f70491aa8f8]
Event: 2.274 Thread 0x00007f70580b8800 nmethod 200% 0x00007f70491bb490 code [0x00007f70491bbe40, 0x00007f70491c4de0]
Event: 2.295 Thread 0x00007f70580bb000  203 % !   4       vcube.Node::main @ 43 (1858 bytes)
Event: 2.469 Thread 0x00007f70580b8800  204       4       vcube.Node::imprimirTimestempStatus (72 bytes)
Event: 2.481 Thread 0x00007f70580b8800 nmethod 204 0x00007f70491a9710 code [0x00007f70491a98a0, 0x00007f70491a9e68]
Event: 2.881 Thread 0x00007f70580bb000 nmethod 203% 0x00007f70491cad50 code [0x00007f70491cb660, 0x00007f70491d3f20]

GC Heap History (4 events):
Event: 0.874 GC heap before
{Heap before GC invocations=1 (full 0):
 PSYoungGen      total 17920K, used 15360K [0x00000000d5580000, 0x00000000d6980000, 0x0000000100000000)
  eden space 15360K, 100% used [0x00000000d5580000,0x00000000d6480000,0x00000000d6480000)
  from space 2560K, 0% used [0x00000000d6700000,0x00000000d6700000,0x00000000d6980000)
  to   space 2560K, 0% used [0x00000000d6480000,0x00000000d6480000,0x00000000d6700000)
 ParOldGen       total 40960K, used 0K [0x0000000080000000, 0x0000000082800000, 0x00000000d5580000)
  object space 40960K, 0% used [0x0000000080000000,0x0000000080000000,0x0000000082800000)
 Metaspace       used 3699K, capacity 4640K, committed 4864K, reserved 1056768K
  class space    used 414K, capacity 464K, committed 512K, reserved 1048576K
Event: 0.882 GC heap after
Heap after GC invocations=1 (full 0):
 PSYoungGen      total 17920K, used 2144K [0x00000000d5580000, 0x00000000d6980000, 0x0000000100000000)
  eden space 15360K, 0% used [0x00000000d5580000,0x00000000d5580000,0x00000000d6480000)
  from space 2560K, 83% used [0x00000000d6480000,0x00000000d6698000,0x00000000d6700000)
  to   space 2560K, 0% used [0x00000000d6700000,0x00000000d6700000,0x00000000d6980000)
 ParOldGen       total 40960K, used 8K [0x0000000080000000, 0x0000000082800000, 0x00000000d5580000)
  object space 40960K, 0% used [0x0000000080000000,0x0000000080002000,0x0000000082800000)
 Metaspace       used 3699K, capacity 4640K, committed 4864K, reserved 1056768K
  class space    used 414K, capacity 464K, committed 512K, reserved 1048576K
}
Event: 1.433 GC heap before
{Heap before GC invocations=2 (full 0):
 PSYoungGen      total 17920K, used 17504K [0x00000000d5580000, 0x00000000d6980000, 0x0000000100000000)
  eden space 15360K, 100% used [0x00000000d5580000,0x00000000d6480000,0x00000000d6480000)
  from space 2560K, 83% used [0x00000000d6480000,0x00000000d6698000,0x00000000d6700000)
  to   space 2560K, 0% used [0x00000000d6700000,0x00000000d6700000,0x00000000d6980000)
 ParOldGen       total 40960K, used 8K [0x0000000080000000, 0x0000000082800000, 0x00000000d5580000)
  object space 40960K, 0% used [0x0000000080000000,0x0000000080002000,0x0000000082800000)
 Metaspace       used 3738K, capacity 4704K, committed 4864K, reserved 1056768K
  class space    used 414K, capacity 464K, committed 512K, reserved 1048576K
Event: 1.441 GC heap after
Heap after GC invocations=2 (full 0):
 PSYoungGen      total 17920K, used 2544K [0x00000000d5580000, 0x00000000d7880000, 0x0000000100000000)
  eden space 15360K, 0% used [0x00000000d5580000,0x00000000d5580000,0x00000000d6480000)
  from space 2560K, 99% used [0x00000000d6700000,0x00000000d697c010,0x00000000d6980000)
  to   space 2560K, 0% used [0x00000000d6480000,0x00000000d6480000,0x00000000d6700000)
 ParOldGen       total 40960K, used 1280K [0x0000000080000000, 0x0000000082800000, 0x00000000d5580000)
  object space 40960K, 3% used [0x0000000080000000,0x0000000080140000,0x0000000082800000)
 Metaspace       used 3738K, capacity 4704K, committed 4864K, reserved 1056768K
  class space    used 414K, capacity 464K, committed 512K, reserved 1048576K
}

Deoptimization events (1 events):
Event: 1.433 Thread 0x00007f7000001000 Uncommon trap: reason=predicate action=maybe_recompile pc=0x00007f70491a5de0 method=java.util.AbstractCollection.toArray([Ljava/lang/Object;)[Ljava/lang/Object; @ 49

Internal exceptions (10 events):
Event: 2.959 Thread 0x00007f6fd4001000 Exception <a 'java/lang/ArrayIndexOutOfBoundsException'> (0x00000000d60ce8b8) thrown at [/HUDSON3/workspace/8-2-build-linux-amd64/jdk8u111/7883/hotspot/src/share/vm/runtime/sharedRuntime.cpp, line 605]
Event: 2.959 Thread 0x00007f6fc4001000 Exception <a 'java/lang/ArrayIndexOutOfBoundsException'> (0x00000000d60b3278) thrown at [/HUDSON3/workspace/8-2-build-linux-amd64/jdk8u111/7883/hotspot/src/share/vm/runtime/sharedRuntime.cpp, line 605]
Event: 2.959 Thread 0x00007f6fcc001000 Exception <a 'java/lang/ArrayIndexOutOfBoundsException'> (0x00000000d607c5f8) thrown at [/HUDSON3/workspace/8-2-build-linux-amd64/jdk8u111/7883/hotspot/src/share/vm/runtime/sharedRuntime.cpp, line 605]
Event: 2.959 Thread 0x00007f6fd0001000 Exception <a 'java/lang/ArrayIndexOutOfBoundsException'> (0x00000000d6060f70) thrown at [/HUDSON3/workspace/8-2-build-linux-amd64/jdk8u111/7883/hotspot/src/share/vm/runtime/sharedRuntime.cpp, line 605]
Event: 2.959 Thread 0x00007f6fe0001000 Exception <a 'java/lang/ArrayIndexOutOfBoundsException'> (0x00000000d6189420) thrown at [/HUDSON3/workspace/8-2-build-linux-amd64/jdk8u111/7883/hotspot/src/share/vm/runtime/sharedRuntime.cpp, line 605]
Event: 2.959 Thread 0x00007f6fdc001000 Exception <a 'java/lang/ArrayIndexOutOfBoundsException'> (0x00000000d602ab30) thrown at [/HUDSON3/workspace/8-2-build-linux-amd64/jdk8u111/7883/hotspot/src/share/vm/runtime/sharedRuntime.cpp, line 605]
Event: 2.959 Thread 0x00007f6ffc001000 Exception <a 'java/lang/ArrayIndexOutOfBoundsException'> (0x00000000d611c818) thrown at [/HUDSON3/workspace/8-2-build-linux-amd64/jdk8u111/7883/hotspot/src/share/vm/runtime/sharedRuntime.cpp, line 605]
Event: 2.959 Thread 0x00007f6ff4001000 Exception <a 'java/lang/ArrayIndexOutOfBoundsException'> (0x00000000d6138130) thrown at [/HUDSON3/workspace/8-2-build-linux-amd64/jdk8u111/7883/hotspot/src/share/vm/runtime/sharedRuntime.cpp, line 605]
Event: 2.959 Thread 0x00007f6ff0001000 Exception <a 'java/lang/ArrayIndexOutOfBoundsException'> (0x00000000d6153128) thrown at [/HUDSON3/workspace/8-2-build-linux-amd64/jdk8u111/7883/hotspot/src/share/vm/runtime/sharedRuntime.cpp, line 605]
Event: 2.959 Thread 0x00007f6fc0001000 Exception <a 'java/lang/ArrayIndexOutOfBoundsException'> (0x00000000d6103260) thrown at [/HUDSON3/workspace/8-2-build-linux-amd64/jdk8u111/7883/hotspot/src/share/vm/runtime/sharedRuntime.cpp, line 605]

Events (10 events):
Event: 2.965 loading class java/util/IdentityHashMap$KeySet
Event: 2.966 loading class java/util/IdentityHashMap$KeySet done
Event: 2.966 loading class java/util/IdentityHashMap$KeyIterator
Event: 2.966 loading class java/util/IdentityHashMap$IdentityHashMapIterator
Event: 2.966 loading class java/util/IdentityHashMap$IdentityHashMapIterator done
Event: 2.966 loading class java/util/IdentityHashMap$KeyIterator done
Event: 2.966 Thread 0x00007f6fb8001000 Thread added: 0x00007f6fb8001000
Event: 2.966 Thread 0x00007f6fb8001000 Thread exited: 0x00007f6fb8001000
Event: 2.967 Thread 0x00007f70580b7000 Thread exited: 0x00007f70580b7000
Event: 2.967 Executing VM operation: Exit


Dynamic libraries:
00400000-00401000 r-xp 00000000 08:01 8784123                            /home/elixandrebaldi/jdk1.8.0_111/bin/java
00600000-00601000 rw-p 00000000 08:01 8784123                            /home/elixandrebaldi/jdk1.8.0_111/bin/java
00bc0000-00be1000 rw-p 00000000 00:00 0                                  [heap]
80000000-82800000 rw-p 00000000 00:00 0 
82800000-d5580000 ---p 00000000 00:00 0 
d5580000-d7880000 rw-p 00000000 00:00 0 
d7880000-100000000 ---p 00000000 00:00 0 
100000000-100080000 rw-p 00000000 00:00 0 
100080000-140000000 ---p 00000000 00:00 0 
7f6fb8000000-7f6fb8021000 rw-p 00000000 00:00 0 
7f6fb8021000-7f6fbc000000 ---p 00000000 00:00 0 
7f6fc0000000-7f6fc0224000 rw-p 00000000 00:00 0 
7f6fc0224000-7f6fc4000000 ---p 00000000 00:00 0 
7f6fc4000000-7f6fc4224000 rw-p 00000000 00:00 0 
7f6fc4224000-7f6fc8000000 ---p 00000000 00:00 0 
7f6fc8000000-7f6fc8225000 rw-p 00000000 00:00 0 
7f6fc8225000-7f6fcc000000 ---p 00000000 00:00 0 
7f6fcc000000-7f6fcc223000 rw-p 00000000 00:00 0 
7f6fcc223000-7f6fd0000000 ---p 00000000 00:00 0 
7f6fd0000000-7f6fd0224000 rw-p 00000000 00:00 0 
7f6fd0224000-7f6fd4000000 ---p 00000000 00:00 0 
7f6fd4000000-7f6fd4223000 rw-p 00000000 00:00 0 
7f6fd4223000-7f6fd8000000 ---p 00000000 00:00 0 
7f6fd8000000-7f6fd8225000 rw-p 00000000 00:00 0 
7f6fd8225000-7f6fdc000000 ---p 00000000 00:00 0 
7f6fdc000000-7f6fdc224000 rw-p 00000000 00:00 0 
7f6fdc224000-7f6fe0000000 ---p 00000000 00:00 0 
7f6fe0000000-7f6fe0223000 rw-p 00000000 00:00 0 
7f6fe0223000-7f6fe4000000 ---p 00000000 00:00 0 
7f6fe6ffe000-7f6fe7001000 ---p 00000000 00:00 0 
7f6fe7001000-7f6fe77ff000 rw-p 00000000 00:00 0 
7f6fe77ff000-7f6fe7802000 ---p 00000000 00:00 0 
7f6fe7802000-7f6fe8000000 rw-p 00000000 00:00 0 
7f6fe8000000-7f6fe8222000 rw-p 00000000 00:00 0 
7f6fe8222000-7f6fec000000 ---p 00000000 00:00 0 
7f6fec000000-7f6fec224000 rw-p 00000000 00:00 0 
7f6fec224000-7f6ff0000000 ---p 00000000 00:00 0 
7f6ff0000000-7f6ff0224000 rw-p 00000000 00:00 0 
7f6ff0224000-7f6ff4000000 ---p 00000000 00:00 0 
7f6ff4000000-7f6ff422c000 rw-p 00000000 00:00 0 
7f6ff422c000-7f6ff8000000 ---p 00000000 00:00 0 
7f6ff87f9000-7f6ff87fc000 ---p 00000000 00:00 0 
7f6ff87fc000-7f6ff8ffa000 rw-p 00000000 00:00 0 
7f6ff8ffa000-7f6ff8ffd000 ---p 00000000 00:00 0 
7f6ff8ffd000-7f6ff97fb000 rw-p 00000000 00:00 0 
7f6ff97fb000-7f6ff97fe000 ---p 00000000 00:00 0 
7f6ff97fe000-7f6ff9ffc000 rw-p 00000000 00:00 0 
7f6ff9ffc000-7f6ff9fff000 ---p 00000000 00:00 0 
7f6ff9fff000-7f6ffa7fd000 rw-p 00000000 00:00 0 
7f6ffa7fd000-7f6ffa800000 ---p 00000000 00:00 0 
7f6ffa800000-7f6ffaffe000 rw-p 00000000 00:00 0 
7f6ffaffe000-7f6ffb001000 ---p 00000000 00:00 0 
7f6ffb001000-7f6ffb7ff000 rw-p 00000000 00:00 0 
7f6ffb7ff000-7f6ffb802000 ---p 00000000 00:00 0 
7f6ffb802000-7f6ffc000000 rw-p 00000000 00:00 0 
7f6ffc000000-7f6ffc223000 rw-p 00000000 00:00 0 
7f6ffc223000-7f7000000000 ---p 00000000 00:00 0 
7f7000000000-7f7000224000 rw-p 00000000 00:00 0 
7f7000224000-7f7004000000 ---p 00000000 00:00 0 
7f7004000000-7f700422f000 rw-p 00000000 00:00 0 
7f700422f000-7f7008000000 ---p 00000000 00:00 0 
7f700805c000-7f700805f000 ---p 00000000 00:00 0 
7f700805f000-7f700815d000 rw-p 00000000 00:00 0 
7f700815d000-7f7008160000 ---p 00000000 00:00 0 
7f7008160000-7f700825e000 rw-p 00000000 00:00 0 
7f700825e000-7f7008261000 ---p 00000000 00:00 0 
7f7008261000-7f7008a5f000 rw-p 00000000 00:00 0 
7f7008a5f000-7f7008a62000 ---p 00000000 00:00 0 
7f7008a62000-7f7009260000 rw-p 00000000 00:00 0 
7f7009260000-7f7009263000 ---p 00000000 00:00 0 
7f7009263000-7f7009a61000 rw-p 00000000 00:00 0 
7f7009a61000-7f7009a64000 ---p 00000000 00:00 0 
7f7009a64000-7f700a262000 rw-p 00000000 00:00 0 
7f700a262000-7f700a265000 ---p 00000000 00:00 0 
7f700a265000-7f700aa63000 rw-p 00000000 00:00 0 
7f700aa63000-7f700aa66000 ---p 00000000 00:00 0 
7f700aa66000-7f700b264000 rw-p 00000000 00:00 0 
7f700b264000-7f700b267000 ---p 00000000 00:00 0 
7f700b267000-7f700ba65000 rw-p 00000000 00:00 0 
7f700ba65000-7f700ba7d000 r-xp 00000000 08:01 2359590                    /tmp/simgrid-java528708634861148772/libsimgrid-java.so (deleted)
7f700ba7d000-7f700bc7d000 ---p 00018000 08:01 2359590                    /tmp/simgrid-java528708634861148772/libsimgrid-java.so (deleted)
7f700bc7d000-7f700bc7e000 rw-p 00018000 08:01 2359590                    /tmp/simgrid-java528708634861148772/libsimgrid-java.so (deleted)
7f700bc7e000-7f700bdf0000 r-xp 00000000 08:01 23332798                   /usr/lib/x86_64-linux-gnu/libstdc++.so.6.0.21
7f700bdf0000-7f700bff0000 ---p 00172000 08:01 23332798                   /usr/lib/x86_64-linux-gnu/libstdc++.so.6.0.21
7f700bff0000-7f700bffa000 r--p 00172000 08:01 23332798                   /usr/lib/x86_64-linux-gnu/libstdc++.so.6.0.21
7f700bffa000-7f700bffc000 rw-p 0017c000 08:01 23332798                   /usr/lib/x86_64-linux-gnu/libstdc++.so.6.0.21
7f700bffc000-7f700c000000 rw-p 00000000 00:00 0 
7f700c000000-7f700c021000 rw-p 00000000 00:00 0 
7f700c021000-7f7010000000 ---p 00000000 00:00 0 
7f7010000000-7f7010021000 rw-p 00000000 00:00 0 
7f7010021000-7f7014000000 ---p 00000000 00:00 0 
7f7014000000-7f7014859000 rw-p 00000000 00:00 0 
7f7014859000-7f7018000000 ---p 00000000 00:00 0 
7f7018000000-7f7018405000 rw-p 00000000 00:00 0 
7f7018405000-7f701c000000 ---p 00000000 00:00 0 
7f701c000000-7f701c021000 rw-p 00000000 00:00 0 
7f701c021000-7f7020000000 ---p 00000000 00:00 0 
7f7020000000-7f70210be000 rw-p 00000000 00:00 0 
7f70210be000-7f7024000000 ---p 00000000 00:00 0 
7f7024000000-7f7024021000 rw-p 00000000 00:00 0 
7f7024021000-7f7028000000 ---p 00000000 00:00 0 
7f7028000000-7f7028021000 rw-p 00000000 00:00 0 
7f7028021000-7f702c000000 ---p 00000000 00:00 0 
7f702c000000-7f702c021000 rw-p 00000000 00:00 0 
7f702c021000-7f7030000000 ---p 00000000 00:00 0 
7f7030000000-7f7030021000 rw-p 00000000 00:00 0 
7f7030021000-7f7034000000 ---p 00000000 00:00 0 
7f7034000000-7f7034021000 rw-p 00000000 00:00 0 
7f7034021000-7f7038000000 ---p 00000000 00:00 0 
7f7038000000-7f7038021000 rw-p 00000000 00:00 0 
7f7038021000-7f703c000000 ---p 00000000 00:00 0 
7f703c000000-7f703c021000 rw-p 00000000 00:00 0 
7f703c021000-7f7040000000 ---p 00000000 00:00 0 
7f70400db000-7f70400f1000 r-xp 00000000 08:01 3936627                    /lib/x86_64-linux-gnu/libgcc_s.so.1
7f70400f1000-7f70402f0000 ---p 00016000 08:01 3936627                    /lib/x86_64-linux-gnu/libgcc_s.so.1
7f70402f0000-7f70402f1000 rw-p 00015000 08:01 3936627                    /lib/x86_64-linux-gnu/libgcc_s.so.1
7f704030c000-7f70405d1000 r-xp 00000000 08:01 2359589                    /tmp/simgrid-java528708634861148772/libsimgrid.so (deleted)
7f70405d1000-7f70407d1000 ---p 002c5000 08:01 2359589                    /tmp/simgrid-java528708634861148772/libsimgrid.so (deleted)
7f70407d1000-7f704080c000 rw-p 002c5000 08:01 2359589                    /tmp/simgrid-java528708634861148772/libsimgrid.so (deleted)
7f704080c000-7f7040b15000 rw-p 00000000 00:00 0 
7f7040b15000-7f7040b2b000 r-xp 00000000 08:01 8783936                    /home/elixandrebaldi/jdk1.8.0_111/jre/lib/amd64/libnet.so
7f7040b2b000-7f7040d2b000 ---p 00016000 08:01 8783936                    /home/elixandrebaldi/jdk1.8.0_111/jre/lib/amd64/libnet.so
7f7040d2b000-7f7040d2c000 rw-p 00016000 08:01 8783936                    /home/elixandrebaldi/jdk1.8.0_111/jre/lib/amd64/libnet.so
7f7040d2c000-7f7040d3d000 r-xp 00000000 08:01 8783935                    /home/elixandrebaldi/jdk1.8.0_111/jre/lib/amd64/libnio.so
7f7040d3d000-7f7040f3c000 ---p 00011000 08:01 8783935                    /home/elixandrebaldi/jdk1.8.0_111/jre/lib/amd64/libnio.so
7f7040f3c000-7f7040f3d000 rw-p 00010000 08:01 8783935                    /home/elixandrebaldi/jdk1.8.0_111/jre/lib/amd64/libnio.so
7f7040f3d000-7f7040f3e000 ---p 00000000 00:00 0 
7f7040f3e000-7f704103e000 rw-p 00000000 00:00 0 
7f704103e000-7f7041041000 ---p 00000000 00:00 0 
7f7041041000-7f704113f000 rw-p 00000000 00:00 0 
7f704113f000-7f7041142000 ---p 00000000 00:00 0 
7f7041142000-7f7041240000 rw-p 00000000 00:00 0 
7f7041240000-7f7041243000 ---p 00000000 00:00 0 
7f7041243000-7f7041341000 rw-p 00000000 00:00 0 
7f7041341000-7f7041344000 ---p 00000000 00:00 0 
7f7041344000-7f7041442000 rw-p 00000000 00:00 0 
7f7041442000-7f7041445000 ---p 00000000 00:00 0 
7f7041445000-7f7041543000 rw-p 00000000 00:00 0 
7f7041543000-7f7042995000 r--p 00000000 08:01 23331759                   /usr/lib/locale/locale-archive
7f7042995000-7f7042998000 ---p 00000000 00:00 0 
7f7042998000-7f7042a96000 rw-p 00000000 00:00 0 
7f7042a96000-7f7042a99000 ---p 00000000 00:00 0 
7f7042a99000-7f7042b97000 rw-p 00000000 00:00 0 
7f7042b97000-7f7042b98000 ---p 00000000 00:00 0 
7f7042b98000-7f7043c7a000 rw-p 00000000 00:00 0 
7f7043c7a000-7f7043e52000 r--s 03d2a000 08:01 8784070                    /home/elixandrebaldi/jdk1.8.0_111/jre/lib/rt.jar
7f7043e52000-7f7044292000 rw-p 00000000 00:00 0 
7f7044292000-7f7044652000 ---p 00000000 00:00 0 
7f7044652000-7f7048a52000 rw-p 00000000 00:00 0 
7f7048a52000-7f7048a53000 ---p 00000000 00:00 0 
7f7048a53000-7f7048b53000 rw-p 00000000 00:00 0 
7f7048b53000-7f7048b54000 ---p 00000000 00:00 0 
7f7048b54000-7f7048c54000 rw-p 00000000 00:00 0 
7f7048c54000-7f7048c55000 ---p 00000000 00:00 0 
7f7048c55000-7f7048d69000 rw-p 00000000 00:00 0 
7f7048d69000-7f7049000000 ---p 00000000 00:00 0 
7f7049000000-7f7049270000 rwxp 00000000 00:00 0 
7f7049270000-7f7058000000 ---p 00000000 00:00 0 
7f7058000000-7f7058b01000 rw-p 00000000 00:00 0 
7f7058b01000-7f705c000000 ---p 00000000 00:00 0 
7f705c013000-7f705c089000 rw-p 00000000 00:00 0 
7f705c089000-7f705c08a000 ---p 00000000 00:00 0 
7f705c08a000-7f705c19e000 rw-p 00000000 00:00 0 
7f705c19e000-7f705c434000 ---p 00000000 00:00 0 
7f705c434000-7f705c447000 rw-p 00000000 00:00 0 
7f705c447000-7f705c58a000 ---p 00000000 00:00 0 
7f705c58a000-7f705c595000 rw-p 00000000 00:00 0 
7f705c595000-7f705c94b000 ---p 00000000 00:00 0 
7f705c94b000-7f705c965000 r-xp 00000000 08:01 8783934                    /home/elixandrebaldi/jdk1.8.0_111/jre/lib/amd64/libzip.so
7f705c965000-7f705cb65000 ---p 0001a000 08:01 8783934                    /home/elixandrebaldi/jdk1.8.0_111/jre/lib/amd64/libzip.so
7f705cb65000-7f705cb66000 rw-p 0001a000 08:01 8783934                    /home/elixandrebaldi/jdk1.8.0_111/jre/lib/amd64/libzip.so
7f705cb66000-7f705cb71000 r-xp 00000000 08:01 3932251                    /lib/x86_64-linux-gnu/libnss_files-2.23.so
7f705cb71000-7f705cd70000 ---p 0000b000 08:01 3932251                    /lib/x86_64-linux-gnu/libnss_files-2.23.so
7f705cd70000-7f705cd71000 r--p 0000a000 08:01 3932251                    /lib/x86_64-linux-gnu/libnss_files-2.23.so
7f705cd71000-7f705cd72000 rw-p 0000b000 08:01 3932251                    /lib/x86_64-linux-gnu/libnss_files-2.23.so
7f705cd72000-7f705cd78000 rw-p 00000000 00:00 0 
7f705cd78000-7f705cd83000 r-xp 00000000 08:01 3932244                    /lib/x86_64-linux-gnu/libnss_nis-2.23.so
7f705cd83000-7f705cf82000 ---p 0000b000 08:01 3932244                    /lib/x86_64-linux-gnu/libnss_nis-2.23.so
7f705cf82000-7f705cf83000 r--p 0000a000 08:01 3932244                    /lib/x86_64-linux-gnu/libnss_nis-2.23.so
7f705cf83000-7f705cf84000 rw-p 0000b000 08:01 3932244                    /lib/x86_64-linux-gnu/libnss_nis-2.23.so
7f705cf84000-7f705cf9a000 r-xp 00000000 08:01 3932246                    /lib/x86_64-linux-gnu/libnsl-2.23.so
7f705cf9a000-7f705d199000 ---p 00016000 08:01 3932246                    /lib/x86_64-linux-gnu/libnsl-2.23.so
7f705d199000-7f705d19a000 r--p 00015000 08:01 3932246                    /lib/x86_64-linux-gnu/libnsl-2.23.so
7f705d19a000-7f705d19b000 rw-p 00016000 08:01 3932246                    /lib/x86_64-linux-gnu/libnsl-2.23.so
7f705d19b000-7f705d19d000 rw-p 00000000 00:00 0 
7f705d19d000-7f705d1a5000 r-xp 00000000 08:01 3932253                    /lib/x86_64-linux-gnu/libnss_compat-2.23.so
7f705d1a5000-7f705d3a4000 ---p 00008000 08:01 3932253                    /lib/x86_64-linux-gnu/libnss_compat-2.23.so
7f705d3a4000-7f705d3a5000 r--p 00007000 08:01 3932253                    /lib/x86_64-linux-gnu/libnss_compat-2.23.so
7f705d3a5000-7f705d3a6000 rw-p 00008000 08:01 3932253                    /lib/x86_64-linux-gnu/libnss_compat-2.23.so
7f705d3a6000-7f705d3d1000 r-xp 00000000 08:01 8783907                    /home/elixandrebaldi/jdk1.8.0_111/jre/lib/amd64/libjava.so
7f705d3d1000-7f705d5d0000 ---p 0002b000 08:01 8783907                    /home/elixandrebaldi/jdk1.8.0_111/jre/lib/amd64/libjava.so
7f705d5d0000-7f705d5d2000 rw-p 0002a000 08:01 8783907                    /home/elixandrebaldi/jdk1.8.0_111/jre/lib/amd64/libjava.so
7f705d5d2000-7f705d5df000 r-xp 00000000 08:01 8783870                    /home/elixandrebaldi/jdk1.8.0_111/jre/lib/amd64/libverify.so
7f705d5df000-7f705d7de000 ---p 0000d000 08:01 8783870                    /home/elixandrebaldi/jdk1.8.0_111/jre/lib/amd64/libverify.so
7f705d7de000-7f705d7e0000 rw-p 0000c000 08:01 8783870                    /home/elixandrebaldi/jdk1.8.0_111/jre/lib/amd64/libverify.so
7f705d7e0000-7f705d7e7000 r-xp 00000000 08:01 3932254                    /lib/x86_64-linux-gnu/librt-2.23.so
7f705d7e7000-7f705d9e6000 ---p 00007000 08:01 3932254                    /lib/x86_64-linux-gnu/librt-2.23.so
7f705d9e6000-7f705d9e7000 r--p 00006000 08:01 3932254                    /lib/x86_64-linux-gnu/librt-2.23.so
7f705d9e7000-7f705d9e8000 rw-p 00007000 08:01 3932254                    /lib/x86_64-linux-gnu/librt-2.23.so
7f705d9e8000-7f705daf0000 r-xp 00000000 08:01 3932245                    /lib/x86_64-linux-gnu/libm-2.23.so
7f705daf0000-7f705dcef000 ---p 00108000 08:01 3932245                    /lib/x86_64-linux-gnu/libm-2.23.so
7f705dcef000-7f705dcf0000 r--p 00107000 08:01 3932245                    /lib/x86_64-linux-gnu/libm-2.23.so
7f705dcf0000-7f705dcf1000 rw-p 00108000 08:01 3932245                    /lib/x86_64-linux-gnu/libm-2.23.so
7f705dcf1000-7f705e9be000 r-xp 00000000 08:01 8783785                    /home/elixandrebaldi/jdk1.8.0_111/jre/lib/amd64/server/libjvm.so
7f705e9be000-7f705ebbd000 ---p 00ccd000 08:01 8783785                    /home/elixandrebaldi/jdk1.8.0_111/jre/lib/amd64/server/libjvm.so
7f705ebbd000-7f705ec96000 rw-p 00ccc000 08:01 8783785                    /home/elixandrebaldi/jdk1.8.0_111/jre/lib/amd64/server/libjvm.so
7f705ec96000-7f705ece1000 rw-p 00000000 00:00 0 
7f705ece1000-7f705eea0000 r-xp 00000000 08:01 3932247                    /lib/x86_64-linux-gnu/libc-2.23.so
7f705eea0000-7f705f0a0000 ---p 001bf000 08:01 3932247                    /lib/x86_64-linux-gnu/libc-2.23.so
7f705f0a0000-7f705f0a4000 r--p 001bf000 08:01 3932247                    /lib/x86_64-linux-gnu/libc-2.23.so
7f705f0a4000-7f705f0a6000 rw-p 001c3000 08:01 3932247                    /lib/x86_64-linux-gnu/libc-2.23.so
7f705f0a6000-7f705f0aa000 rw-p 00000000 00:00 0 
7f705f0aa000-7f705f0ad000 r-xp 00000000 08:01 3932243                    /lib/x86_64-linux-gnu/libdl-2.23.so
7f705f0ad000-7f705f2ac000 ---p 00003000 08:01 3932243                    /lib/x86_64-linux-gnu/libdl-2.23.so
7f705f2ac000-7f705f2ad000 r--p 00002000 08:01 3932243                    /lib/x86_64-linux-gnu/libdl-2.23.so
7f705f2ad000-7f705f2ae000 rw-p 00003000 08:01 3932243                    /lib/x86_64-linux-gnu/libdl-2.23.so
7f705f2ae000-7f705f2c3000 r-xp 00000000 08:01 8783943                    /home/elixandrebaldi/jdk1.8.0_111/lib/amd64/jli/libjli.so
7f705f2c3000-7f705f4c3000 ---p 00015000 08:01 8783943                    /home/elixandrebaldi/jdk1.8.0_111/lib/amd64/jli/libjli.so
7f705f4c3000-7f705f4c4000 rw-p 00015000 08:01 8783943                    /home/elixandrebaldi/jdk1.8.0_111/lib/amd64/jli/libjli.so
7f705f4c4000-7f705f4dc000 r-xp 00000000 08:01 3932258                    /lib/x86_64-linux-gnu/libpthread-2.23.so
7f705f4dc000-7f705f6db000 ---p 00018000 08:01 3932258                    /lib/x86_64-linux-gnu/libpthread-2.23.so
7f705f6db000-7f705f6dc000 r--p 00017000 08:01 3932258                    /lib/x86_64-linux-gnu/libpthread-2.23.so
7f705f6dc000-7f705f6dd000 rw-p 00018000 08:01 3932258                    /lib/x86_64-linux-gnu/libpthread-2.23.so
7f705f6dd000-7f705f6e1000 rw-p 00000000 00:00 0 
7f705f6e1000-7f705f707000 r-xp 00000000 08:01 3932248                    /lib/x86_64-linux-gnu/ld-2.23.so
7f705f718000-7f705f7e4000 rw-p 00000000 00:00 0 
7f705f7e4000-7f705f7e7000 ---p 00000000 00:00 0 
7f705f7e7000-7f705f8e9000 rw-p 00000000 00:00 0 
7f705f8f2000-7f705f8f7000 r--s 00096000 08:01 8783911                    /home/elixandrebaldi/jdk1.8.0_111/jre/lib/jsse.jar
7f705f8f7000-7f705f8fa000 r--s 00f76000 08:01 8524426                    /home/elixandrebaldi/Documentos/VCubeDHT/simgrid.jar
7f705f8fa000-7f705f902000 rw-s 00000000 08:01 2359392                    /tmp/hsperfdata_elixandrebaldi/9836 (deleted)
7f705f902000-7f705f903000 rw-p 00000000 00:00 0 
7f705f903000-7f705f904000 ---p 00000000 00:00 0 
7f705f904000-7f705f906000 rw-p 00000000 00:00 0 
7f705f906000-7f705f907000 r--p 00025000 08:01 3932248                    /lib/x86_64-linux-gnu/ld-2.23.so
7f705f907000-7f705f908000 rw-p 00026000 08:01 3932248                    /lib/x86_64-linux-gnu/ld-2.23.so
7f705f908000-7f705f909000 rw-p 00000000 00:00 0 
7fff55957000-7fff55978000 rw-p 00000000 00:00 0                          [stack]
7fff559cf000-7fff559d1000 r--p 00000000 00:00 0                          [vvar]
7fff559d1000-7fff559d3000 r-xp 00000000 00:00 0                          [vdso]
ffffffffff600000-ffffffffff601000 r-xp 00000000 00:00 0                  [vsyscall]

VM Arguments:
jvm_args: -Dfile.encoding=UTF-8 -Xmx2048m 
java_command: vcube.VCube platform.xml deployment.xml
java_class_path (initial): /home/elixandrebaldi/Documentos/VCubeDHT/simgrid.jar:/home/elixandrebaldi/Documentos/VCubeDHT/VCube/build/classes
Launcher Type: SUN_STANDARD

Environment Variables:
PATH=/home/elixandrebaldi/bin:/home/elixandrebaldi/.local/bin:/usr/local/sbin:/usr/local/bin:/usr/sbin:/usr/bin:/sbin:/bin:/usr/games:/usr/local/games
LD_LIBRARY_PATH=/home/elixandrebaldi/jdk1.8.0_111/jre/lib/amd64:/home/elixandrebaldi/jdk1.8.0_111/jre/lib/i386:
SHELL=/bin/bash
DISPLAY=:0

Signal Handlers:
SIGSEGV: [libjvm.so+0xac64b0], sa_mask[0]=11111111011111111101111111111110, sa_flags=SA_RESTART|SA_SIGINFO
SIGBUS: [libjvm.so+0xac64b0], sa_mask[0]=11111111011111111101111111111110, sa_flags=SA_RESTART|SA_SIGINFO
SIGFPE: [libjvm.so+0x91f950], sa_mask[0]=11111111011111111101111111111110, sa_flags=SA_RESTART|SA_SIGINFO
SIGPIPE: [libjvm.so+0x91f950], sa_mask[0]=11111111011111111101111111111110, sa_flags=SA_RESTART|SA_SIGINFO
SIGXFSZ: [libjvm.so+0x91f950], sa_mask[0]=11111111011111111101111111111110, sa_flags=SA_RESTART|SA_SIGINFO
SIGILL: [libjvm.so+0x91f950], sa_mask[0]=11111111011111111101111111111110, sa_flags=SA_RESTART|SA_SIGINFO
SIGUSR1: SIG_DFL, sa_mask[0]=00000000000000000000000000000000, sa_flags=none
SIGUSR2: [libjvm.so+0x920f80], sa_mask[0]=00100000000000000000000000000000, sa_flags=SA_RESTART|SA_SIGINFO
SIGHUP: [libjvm.so+0x922380], sa_mask[0]=11111111011111111101111111111110, sa_flags=SA_RESTART|SA_SIGINFO
SIGINT: [libsimgrid.so+0x8ff50], sa_mask[0]=01000000000000000000000000000000, sa_flags=SA_RESTART
SIGTERM: [libjvm.so+0x922380], sa_mask[0]=11111111011111111101111111111110, sa_flags=SA_RESTART|SA_SIGINFO
SIGQUIT: [libjvm.so+0x922380], sa_mask[0]=11111111011111111101111111111110, sa_flags=SA_RESTART|SA_SIGINFO


---------------  S Y S T E M  ---------------

OS:DISTRIB_ID="elementary"
DISTRIB_RELEASE=0.4.1
DISTRIB_CODENAME=loki
DISTRIB_DESCRIPTION="elementary OS 0.4.1 Loki"

uname:Linux 4.4.0-79-generic #100-Ubuntu SMP Wed May 17 19:58:14 UTC 2017 x86_64
libc:glibc 2.23 NPTL 2.23 
rlimit: STACK 8192k, CORE 0k, NPROC 14991, NOFILE 65536, AS infinity
load average:1.17 0.88 0.81

/proc/meminfo:
MemTotal:        3878592 kB
MemFree:          744140 kB
MemAvailable:    1561980 kB
Buffers:          128428 kB
Cached:           975112 kB
SwapCached:          180 kB
Active:          1849560 kB
Inactive:        1039128 kB
Active(anon):    1268044 kB
Inactive(anon):   658588 kB
Active(file):     581516 kB
Inactive(file):   380540 kB
Unevictable:          48 kB
Mlocked:              48 kB
SwapTotal:       4025340 kB
SwapFree:        4022136 kB
Dirty:             12900 kB
Writeback:             0 kB
AnonPages:       1785072 kB
Mapped:           244176 kB
Shmem:            141252 kB
Slab:             148756 kB
SReclaimable:     116556 kB
SUnreclaim:        32200 kB
KernelStack:        8464 kB
PageTables:        31016 kB
NFS_Unstable:          0 kB
Bounce:                0 kB
WritebackTmp:          0 kB
CommitLimit:     5964636 kB
Committed_AS:    5117800 kB
VmallocTotal:   34359738367 kB
VmallocUsed:           0 kB
VmallocChunk:          0 kB
HardwareCorrupted:     0 kB
AnonHugePages:   1253376 kB
CmaTotal:              0 kB
CmaFree:               0 kB
HugePages_Total:       0
HugePages_Free:        0
HugePages_Rsvd:        0
HugePages_Surp:        0
Hugepagesize:       2048 kB
DirectMap4k:      144120 kB
DirectMap2M:     3883008 kB


CPU:total 4 (2 cores per cpu, 2 threads per core) family 6 model 58 stepping 9, cmov, cx8, fxsr, mmx, sse, sse2, sse3, ssse3, sse4.1, sse4.2, popcnt, avx, clmul, erms, ht, tsc, tscinvbit, tscinv

/proc/cpuinfo:
processor	: 0
vendor_id	: GenuineIntel
cpu family	: 6
model		: 58
model name	: Intel(R) Core(TM) i7-3517U CPU @ 1.90GHz
stepping	: 9
microcode	: 0x12
cpu MHz		: 2532.562
cache size	: 4096 KB
physical id	: 0
siblings	: 4
core id		: 0
cpu cores	: 2
apicid		: 0
initial apicid	: 0
fpu		: yes
fpu_exception	: yes
cpuid level	: 13
wp		: yes
flags		: fpu vme de pse tsc msr pae mce cx8 apic sep mtrr pge mca cmov pat pse36 clflush dts acpi mmx fxsr sse sse2 ss ht tm pbe syscall nx rdtscp lm constant_tsc arch_perfmon pebs bts rep_good nopl xtopology nonstop_tsc aperfmperf eagerfpu pni pclmulqdq dtes64 monitor ds_cpl vmx est tm2 ssse3 cx16 xtpr pdcm pcid sse4_1 sse4_2 x2apic popcnt tsc_deadline_timer xsave avx f16c rdrand lahf_lm epb tpr_shadow vnmi flexpriority ept vpid fsgsbase smep erms xsaveopt dtherm ida arat pln pts
bugs		:
bogomips	: 4789.43
clflush size	: 64
cache_alignment	: 64
address sizes	: 36 bits physical, 48 bits virtual
power management:

processor	: 1
vendor_id	: GenuineIntel
cpu family	: 6
model		: 58
model name	: Intel(R) Core(TM) i7-3517U CPU @ 1.90GHz
stepping	: 9
microcode	: 0x12
cpu MHz		: 2559.562
cache size	: 4096 KB
physical id	: 0
siblings	: 4
core id		: 0
cpu cores	: 2
apicid		: 1
initial apicid	: 1
fpu		: yes
fpu_exception	: yes
cpuid level	: 13
wp		: yes
flags		: fpu vme de pse tsc msr pae mce cx8 apic sep mtrr pge mca cmov pat pse36 clflush dts acpi mmx fxsr sse sse2 ss ht tm pbe syscall nx rdtscp lm constant_tsc arch_perfmon pebs bts rep_good nopl xtopology nonstop_tsc aperfmperf eagerfpu pni pclmulqdq dtes64 monitor ds_cpl vmx est tm2 ssse3 cx16 xtpr pdcm pcid sse4_1 sse4_2 x2apic popcnt tsc_deadline_timer xsave avx f16c rdrand lahf_lm epb tpr_shadow vnmi flexpriority ept vpid fsgsbase smep erms xsaveopt dtherm ida arat pln pts
bugs		:
bogomips	: 4789.43
clflush size	: 64
cache_alignment	: 64
address sizes	: 36 bits physical, 48 bits virtual
power management:

processor	: 2
vendor_id	: GenuineIntel
cpu family	: 6
model		: 58
model name	: Intel(R) Core(TM) i7-3517U CPU @ 1.90GHz
stepping	: 9
microcode	: 0x12
cpu MHz		: 1819.125
cache size	: 4096 KB
physical id	: 0
siblings	: 4
core id		: 1
cpu cores	: 2
apicid		: 2
initial apicid	: 2
fpu		: yes
fpu_exception	: yes
cpuid level	: 13
wp		: yes
flags		: fpu vme de pse tsc msr pae mce cx8 apic sep mtrr pge mca cmov pat pse36 clflush dts acpi mmx fxsr sse sse2 ss ht tm pbe syscall nx rdtscp lm constant_tsc arch_perfmon pebs bts rep_good nopl xtopology nonstop_tsc aperfmperf eagerfpu pni pclmulqdq dtes64 monitor ds_cpl vmx est tm2 ssse3 cx16 xtpr pdcm pcid sse4_1 sse4_2 x2apic popcnt tsc_deadline_timer xsave avx f16c rdrand lahf_lm epb tpr_shadow vnmi flexpriority ept vpid fsgsbase smep erms xsaveopt dtherm ida arat pln pts
bugs		:
bogomips	: 4789.43
clflush size	: 64
cache_alignment	: 64
address sizes	: 36 bits physical, 48 bits virtual
power management:

processor	: 3
vendor_id	: GenuineIntel
cpu family	: 6
model		: 58
model name	: Intel(R) Core(TM) i7-3517U CPU @ 1.90GHz
stepping	: 9
microcode	: 0x12
cpu MHz		: 1785.562
cache size	: 4096 KB
physical id	: 0
siblings	: 4
core id		: 1
cpu cores	: 2
apicid		: 3
initial apicid	: 3
fpu		: yes
fpu_exception	: yes
cpuid level	: 13
wp		: yes
flags		: fpu vme de pse tsc msr pae mce cx8 apic sep mtrr pge mca cmov pat pse36 clflush dts acpi mmx fxsr sse sse2 ss ht tm pbe syscall nx rdtscp lm constant_tsc arch_perfmon pebs bts rep_good nopl xtopology nonstop_tsc aperfmperf eagerfpu pni pclmulqdq dtes64 monitor ds_cpl vmx est tm2 ssse3 cx16 xtpr pdcm pcid sse4_1 sse4_2 x2apic popcnt tsc_deadline_timer xsave avx f16c rdrand lahf_lm epb tpr_shadow vnmi flexpriority ept vpid fsgsbase smep erms xsaveopt dtherm ida arat pln pts
bugs		:
bogomips	: 4789.43
clflush size	: 64
cache_alignment	: 64
address sizes	: 36 bits physical, 48 bits virtual
power management:



Memory: 4k page, physical 3878592k(744140k free), swap 4025340k(4022136k free)

vm_info: Java HotSpot(TM) 64-Bit Server VM (25.111-b14) for linux-amd64 JRE (1.8.0_111-b14), built on Sep 22 2016 16:14:03 by "java_re" with gcc 4.3.0 20080428 (Red Hat 4.3.0-8)

time: Tue Jun 13 22:42:29 2017
elapsed time: 3 seconds (0d 0h 0m 3s)

