#
# A fatal error has been detected by the Java Runtime Environment:
#
#  SIGSEGV (0xb) at pc=0x00007f5de1639646, pid=2925, tid=140041215862528
#
# JRE version: Java(TM) SE Runtime Environment (7.0_80-b15) (build 1.7.0_80-b15)
# Java VM: Java HotSpot(TM) 64-Bit Server VM (24.80-b11 mixed mode linux-amd64 compressed oops)
# Problematic frame:
# C  [libsimgrid.so+0x84646]  MSG_task_destroy+0x16
#
# Failed to write core dump. Core dumps have been disabled. To enable core dumping, try "ulimit -c unlimited" before starting Java again
#
# If you would like to submit a bug report, please visit:
#   http://bugreport.java.com/bugreport/crash.jsp
# The crash happened outside the Java Virtual Machine in native code.
# See problematic frame for where to report the bug.
#

---------------  T H R E A D  ---------------

Current thread (0x00007f5de8070800):  JavaThread "Finalizer" daemon [_thread_in_native, id=2937, stack(0x00007f5de2dce000,0x00007f5de2ecf000)]

siginfo:si_signo=SIGSEGV: si_errno=0, si_code=1 (SEGV_MAPERR), si_addr=0x0000000000000058

Registers:
RAX=0x0000000000000000, RBX=0x00007f5da004d4f0, RCX=0x00007f5de2ecd740, RDX=0x0000000000000042
RSP=0x00007f5de2ecd660, RBP=0x00007f5de2ecd720, RSI=0x00007f5de2ecd740, RDI=0x00007f5da004d4f0
R8 =0x00007f5df0000800, R9 =0x00000000c4c3cf88, R10=0x0000000000000004, R11=0x00007f5df0004de8
R12=0x0000000000000000, R13=0x00000000bfdbf5a0, R14=0x00007f5de2ecd740, R15=0x00007f5de8070800
RIP=0x00007f5de1639646, EFLAGS=0x0000000000010206, CSGSFS=0x0000000000000033, ERR=0x0000000000000004
  TRAPNO=0x000000000000000e

Top of Stack: (sp=0x00007f5de2ecd660)
0x00007f5de2ecd660:   0000000000000000 00000000bfdd06f8
0x00007f5de2ecd670:   01007f5de2ecd690 00007f5def9c3582
0x00007f5de2ecd680:   0000000000001388 00007f5dcc004ce0
0x00007f5de2ecd690:   00007f5de2ecd6f0 00007f5def9c397f
0x00007f5de2ecd6a0:   00007f5dcc004ce0 00007f5de0e0ede7
0x00007f5de2ecd6b0:   ffffffff00000001 00000000bfdbf5a0
0x00007f5de2ecd6c0:   00007f5de2ecd720 00007f5de5012d98
0x00007f5de2ecd6d0:   00007f5de8070800 00007f5de8070800
0x00007f5de2ecd6e0:   00007f5de2ecd6e0 0000000000000000
0x00007f5de2ecd6f0:   00007f5de2ecd740 00000000bfdc0f78
0x00007f5de2ecd700:   0000000000000000 00000000bfdbf5a0
0x00007f5de2ecd710:   0000000000000000 00007f5de2ecd740
0x00007f5de2ecd720:   00007f5de2ecd788 00007f5de5006058
0x00007f5de2ecd730:   0000000000000000 00007f5de500ecd8
0x00007f5de2ecd740:   00000000c4c3cf88 00007f5de2ecd748
0x00007f5de2ecd750:   00000000bfdbf4b9 00007f5de2ecd7a0
0x00007f5de2ecd760:   00000000bfdc0f78 0000000000000000
0x00007f5de2ecd770:   00000000bfdbf4e0 00007f5de2ecd740
0x00007f5de2ecd780:   00007f5de2ecd7a0 00007f5de2ecd7e8
0x00007f5de2ecd790:   00007f5de5006058 0000000000000000
0x00007f5de2ecd7a0:   00000000c4c3cf88 00007f5de2ecd7a8
0x00007f5de2ecd7b0:   00000000bfbb67b9 00007f5de2ecd800
0x00007f5de2ecd7c0:   00000000bfbb6b28 0000000000000000
0x00007f5de2ecd7d0:   00000000bfbb67c8 00007f5de2ecd7a0
0x00007f5de2ecd7e0:   00007f5de2ecd7f8 00007f5de2ecd858
0x00007f5de2ecd7f0:   00007f5de5006706 00000000c4c3cf88
0x00007f5de2ecd800:   00000000ed362850 0000000000000009
0x00007f5de2ecd810:   0000000000000000 00007f5de2ecd808
0x00007f5de2ecd820:   00000000bfa30ca6 00007f5de2ecd880
0x00007f5de2ecd830:   00000000bfaab5a8 0000000000000000
0x00007f5de2ecd840:   00000000bfa30ce8 00007f5de2ecd7f8
0x00007f5de2ecd850:   00007f5de2ecd878 00007f5de2ecd8c8 

Instructions: (pc=0x00007f5de1639646)
0x00007f5de1639626:   ff 66 0f 1f 84 00 00 00 00 00 55 53 48 83 ec 58
0x00007f5de1639636:   48 85 ff 0f 84 01 01 00 00 48 8b 47 08 48 89 fb
0x00007f5de1639646:   48 83 78 58 00 74 05 e8 4e 04 fe ff 48 8b 2d 5f
0x00007f5de1639656:   43 44 00 8b 55 28 85 d2 0f 84 bc 00 00 00 83 7d 

Register to memory mapping:

RAX=0x0000000000000000 is an unknown value
RBX=0x00007f5da004d4f0 is an unknown value
RCX=0x00007f5de2ecd740 is pointing into the stack for thread: 0x00007f5de8070800
RDX=0x0000000000000042 is an unknown value
RSP=0x00007f5de2ecd660 is pointing into the stack for thread: 0x00007f5de8070800
RBP=0x00007f5de2ecd720 is pointing into the stack for thread: 0x00007f5de8070800
RSI=0x00007f5de2ecd740 is pointing into the stack for thread: 0x00007f5de8070800
RDI=0x00007f5da004d4f0 is an unknown value
R8 =0x00007f5df0000800: <offset 0xe4b800> in /home/elixandre/jdk1.7.0_80/jre/lib/amd64/server/libjvm.so at 0x00007f5def1b5000
R9 =0x00000000c4c3cf88 is an oop
vcube.VCubeTask 
 - klass: 'vcube/VCubeTask'
R10=0x0000000000000004 is an unknown value
R11=0x00007f5df0004de8: <offset 0xe4fde8> in /home/elixandre/jdk1.7.0_80/jre/lib/amd64/server/libjvm.so at 0x00007f5def1b5000
R12=0x0000000000000000 is an unknown value
R13=0x00000000bfdbf5a0 is an oop
{method} 
 - klass: {other class}
R14=0x00007f5de2ecd740 is pointing into the stack for thread: 0x00007f5de8070800
R15=0x00007f5de8070800 is a thread


Stack: [0x00007f5de2dce000,0x00007f5de2ecf000],  sp=0x00007f5de2ecd660,  free space=1021k
Native frames: (J=compiled Java code, j=interpreted, Vv=VM code, C=native code)
C  [libsimgrid.so+0x84646]  MSG_task_destroy+0x16
j  org.simgrid.msg.Task.finalize()V+1
j  java.lang.System$2.invokeFinalize(Ljava/lang/Object;)V+1
j  java.lang.ref.Finalizer.runFinalizer(Lsun/misc/JavaLangAccess;)V+46
j  java.lang.ref.Finalizer.access$100(Ljava/lang/ref/Finalizer;Lsun/misc/JavaLangAccess;)V+2
j  java.lang.ref.Finalizer$FinalizerThread.run()V+45
v  ~StubRoutines::call_stub
V  [libjvm.so+0x6020a5]  JavaCalls::call_helper(JavaValue*, methodHandle*, JavaCallArguments*, Thread*)+0x365
V  [libjvm.so+0x600b08]  JavaCalls::call(JavaValue*, methodHandle, JavaCallArguments*, Thread*)+0x28
V  [libjvm.so+0x600dd7]  JavaCalls::call_virtual(JavaValue*, KlassHandle, Symbol*, Symbol*, JavaCallArguments*, Thread*)+0x197
V  [libjvm.so+0x600ef7]  JavaCalls::call_virtual(JavaValue*, Handle, KlassHandle, Symbol*, Symbol*, Thread*)+0x47
V  [libjvm.so+0x67f8d5]  thread_entry(JavaThread*, Thread*)+0xe5
V  [libjvm.so+0x95bfff]  JavaThread::thread_main_inner()+0xdf
V  [libjvm.so+0x95c105]  JavaThread::run()+0xf5
V  [libjvm.so+0x8238c8]  java_start(Thread*)+0x108

Java frames: (J=compiled Java code, j=interpreted, Vv=VM code)
j  org.simgrid.msg.Task.nativeFinalize()V+0
j  org.simgrid.msg.Task.finalize()V+1
j  java.lang.System$2.invokeFinalize(Ljava/lang/Object;)V+1
j  java.lang.ref.Finalizer.runFinalizer(Lsun/misc/JavaLangAccess;)V+46
j  java.lang.ref.Finalizer.access$100(Ljava/lang/ref/Finalizer;Lsun/misc/JavaLangAccess;)V+2
j  java.lang.ref.Finalizer$FinalizerThread.run()V+45
v  ~StubRoutines::call_stub

---------------  P R O C E S S  ---------------

Java Threads: ( => current thread )
  0x00007f5d94001000 JavaThread "Thread-6" [_thread_in_native, id=2944, stack(0x00007f5daf7ff000,0x00007f5db0000000)]
  0x00007f5d88001000 JavaThread "Thread-7" [_thread_in_native, id=2945, stack(0x00007f5daeffe000,0x00007f5daf7ff000)]
  0x00007f5d90001000 JavaThread "Thread-8" [_thread_in_native, id=2950, stack(0x00007f5dac7f9000,0x00007f5dacffa000)]
  0x00007f5d9c001000 JavaThread "Thread-5" [_thread_in_native, id=2949, stack(0x00007f5dacffa000,0x00007f5dad7fb000)]
  0x00007f5d98001000 JavaThread "Thread-4" [_thread_in_native, id=2948, stack(0x00007f5dad7fb000,0x00007f5dadffc000)]
  0x00007f5da4001000 JavaThread "Thread-3" [_thread_in_Java, id=2947, stack(0x00007f5dadffc000,0x00007f5dae7fd000)]
  0x00007f5da0001000 JavaThread "Thread-2" [_thread_in_native, id=2946, stack(0x00007f5dae7fd000,0x00007f5daeffe000)]
  0x00007f5da8001000 JavaThread "Thread-1" [_thread_in_native, id=2943, stack(0x00007f5de0602000,0x00007f5de0e03000)]
  0x00007f5de8099000 JavaThread "Service Thread" daemon [_thread_blocked, id=2941, stack(0x00007f5de22e7000,0x00007f5de23e8000)]
  0x00007f5de8096800 JavaThread "C2 CompilerThread1" daemon [_thread_in_native, id=2940, stack(0x00007f5de23e8000,0x00007f5de24e9000)]
  0x00007f5de8093800 JavaThread "C2 CompilerThread0" daemon [_thread_blocked, id=2939, stack(0x00007f5de24e9000,0x00007f5de25ea000)]
  0x00007f5de8091800 JavaThread "Signal Dispatcher" daemon [_thread_blocked, id=2938, stack(0x00007f5de25ea000,0x00007f5de26eb000)]
=>0x00007f5de8070800 JavaThread "Finalizer" daemon [_thread_in_native, id=2937, stack(0x00007f5de2dce000,0x00007f5de2ecf000)]
  0x00007f5de806e000 JavaThread "Reference Handler" daemon [_thread_blocked, id=2936, stack(0x00007f5de2ecf000,0x00007f5de2fd0000)]
  0x00007f5de8009800 JavaThread "main" [_thread_in_native, id=2929, stack(0x00007f5df0b33000,0x00007f5df0c34000)]

Other Threads:
  0x00007f5de806a000 VMThread [stack: 0x00007f5dec0f0000,0x00007f5dec1f1000] [id=2935]
  0x00007f5de80a3800 WatcherThread [stack: 0x00007f5de21e6000,0x00007f5de22e7000] [id=2942]

VM state:not at safepoint (normal execution)

VM Mutex/Monitor currently owned by a thread: None

Heap
 PSYoungGen      total 17920K, used 4394K [0x00000000ec400000, 0x00000000ed800000, 0x0000000100000000)
  eden space 15360K, 11% used [0x00000000ec400000,0x00000000ec5caa10,0x00000000ed300000)
  from space 2560K, 100% used [0x00000000ed300000,0x00000000ed580000,0x00000000ed580000)
  to   space 2560K, 0% used [0x00000000ed580000,0x00000000ed580000,0x00000000ed800000)
 ParOldGen       total 40448K, used 680K [0x00000000c4c00000, 0x00000000c7380000, 0x00000000ec400000)
  object space 40448K, 1% used [0x00000000c4c00000,0x00000000c4caa020,0x00000000c7380000)
 PSPermGen       total 21504K, used 3907K [0x00000000bfa00000, 0x00000000c0f00000, 0x00000000c4c00000)
  object space 21504K, 18% used [0x00000000bfa00000,0x00000000bfdd0c88,0x00000000c0f00000)

Card table byte_map: [0x00007f5dedc15000,0x00007f5dede19000] byte_map_base: 0x00007f5ded618000

Polling page: 0x00007f5df0c50000

Code Cache  [0x00007f5de5000000, 0x00007f5de5270000, 0x00007f5de8000000)
 total_blobs=274 nmethods=65 adapters=163 free_code_cache=48640Kb largest_free_block=49776192

Compilation events (10 events):
Event: 2.206 Thread 0x00007f5de8093800 nmethod 56 0x00007f5de5073d10 code [0x00007f5de5073e60, 0x00007f5de5073f68]
Event: 2.207 Thread 0x00007f5de8096800   58             java.util.regex.Matcher::find (69 bytes)
Event: 2.210 Thread 0x00007f5de8096800 nmethod 58 0x00007f5de5073550 code [0x00007f5de50736c0, 0x00007f5de50739b8]
Event: 2.221 Thread 0x00007f5de8093800   59 % !         vcube.Node::main @ 73 (1463 bytes)
Event: 2.282 Thread 0x00007f5de8096800   60             java.lang.StringBuilder::append (8 bytes)
Event: 2.288 Thread 0x00007f5de8096800 nmethod 60 0x00007f5de5072990 code [0x00007f5de5072b00, 0x00007f5de5072fd8]
Event: 2.288 Thread 0x00007f5de8096800   61             java.lang.AbstractStringBuilder::append (62 bytes)
Event: 2.294 Thread 0x00007f5de8096800 nmethod 61 0x00007f5de5078750 code [0x00007f5de50788c0, 0x00007f5de5078d98]
Event: 2.394 Thread 0x00007f5de8093800 nmethod 59% 0x00007f5de507f850 code [0x00007f5de507fea0, 0x00007f5de5084108]
Event: 2.397 Thread 0x00007f5de8096800   62 % !         vcube.Node::main @ 307 (1463 bytes)

GC Heap History (2 events):
Event: 2.620 GC heap before
{Heap before GC invocations=1 (full 0):
 PSYoungGen      total 17920K, used 15360K [0x00000000ec400000, 0x00000000ed800000, 0x0000000100000000)
  eden space 15360K, 100% used [0x00000000ec400000,0x00000000ed300000,0x00000000ed300000)
  from space 2560K, 0% used [0x00000000ed580000,0x00000000ed580000,0x00000000ed800000)
  to   space 2560K, 0% used [0x00000000ed300000,0x00000000ed300000,0x00000000ed580000)
 ParOldGen       total 40448K, used 0K [0x00000000c4c00000, 0x00000000c7380000, 0x00000000ec400000)
  object space 40448K, 0% used [0x00000000c4c00000,0x00000000c4c00000,0x00000000c7380000)
 PSPermGen       total 21504K, used 3905K [0x00000000bfa00000, 0x00000000c0f00000, 0x00000000c4c00000)
  object space 21504K, 18% used [0x00000000bfa00000,0x00000000bfdd0670,0x00000000c0f00000)
Event: 2.634 GC heap after
Heap after GC invocations=1 (full 0):
 PSYoungGen      total 17920K, used 2560K [0x00000000ec400000, 0x00000000ed800000, 0x0000000100000000)
  eden space 15360K, 0% used [0x00000000ec400000,0x00000000ec400000,0x00000000ed300000)
  from space 2560K, 100% used [0x00000000ed300000,0x00000000ed580000,0x00000000ed580000)
  to   space 2560K, 0% used [0x00000000ed580000,0x00000000ed580000,0x00000000ed800000)
 ParOldGen       total 40448K, used 680K [0x00000000c4c00000, 0x00000000c7380000, 0x00000000ec400000)
  object space 40448K, 1% used [0x00000000c4c00000,0x00000000c4caa020,0x00000000c7380000)
 PSPermGen       total 21504K, used 3905K [0x00000000bfa00000, 0x00000000c0f00000, 0x00000000c4c00000)
  object space 21504K, 18% used [0x00000000bfa00000,0x00000000bfdd0670,0x00000000c0f00000)
}

Deoptimization events (0 events):
No events

Internal exceptions (10 events):
Event: 2.598 Thread 0x00007f5d88001000 Threw 0x00000000ed285790 at /HUDSON/workspace/7u-2-build-linux-amd64/jdk7u80/2329/hotspot/src/share/vm/prims/jni.cpp:743
Event: 2.601 Thread 0x00007f5da4001000 Threw 0x00000000ed23add8 at /HUDSON/workspace/7u-2-build-linux-amd64/jdk7u80/2329/hotspot/src/share/vm/prims/jni.cpp:743
Event: 2.604 Thread 0x00007f5d90001000 Threw 0x00000000ed1cc498 at /HUDSON/workspace/7u-2-build-linux-amd64/jdk7u80/2329/hotspot/src/share/vm/prims/jni.cpp:743
Event: 2.606 Thread 0x00007f5d94001000 Threw 0x00000000ed2181f8 at /HUDSON/workspace/7u-2-build-linux-amd64/jdk7u80/2329/hotspot/src/share/vm/prims/jni.cpp:743
Event: 2.606 Thread 0x00007f5d88001000 Threw 0x00000000ed286a48 at /HUDSON/workspace/7u-2-build-linux-amd64/jdk7u80/2329/hotspot/src/share/vm/prims/jni.cpp:743
Event: 2.611 Thread 0x00007f5da4001000 Threw 0x00000000ed23c090 at /HUDSON/workspace/7u-2-build-linux-amd64/jdk7u80/2329/hotspot/src/share/vm/prims/jni.cpp:743
Event: 2.614 Thread 0x00007f5d90001000 Threw 0x00000000ed1cd558 at /HUDSON/workspace/7u-2-build-linux-amd64/jdk7u80/2329/hotspot/src/share/vm/prims/jni.cpp:743
Event: 2.616 Thread 0x00007f5d94001000 Threw 0x00000000ed2194b0 at /HUDSON/workspace/7u-2-build-linux-amd64/jdk7u80/2329/hotspot/src/share/vm/prims/jni.cpp:743
Event: 2.616 Thread 0x00007f5d88001000 Threw 0x00000000ed287d00 at /HUDSON/workspace/7u-2-build-linux-amd64/jdk7u80/2329/hotspot/src/share/vm/prims/jni.cpp:743
Event: 2.636 Thread 0x00007f5da4001000 Threw 0x00000000ec4810e0 at /HUDSON/workspace/7u-2-build-linux-amd64/jdk7u80/2329/hotspot/src/share/vm/prims/jni.cpp:743

Events (10 events):
Event: 0.220 loading class 0x00007f5da8014a30
Event: 0.220 loading class 0x00007f5da8014a30 done
Event: 0.935 loading class 0x00007f5ded4555c0
Event: 0.937 loading class 0x00007f5ded4555c0 done
Event: 0.939 loading class 0x00007f5db8058600
Event: 0.940 loading class 0x00007f5ded44dc90
Event: 0.941 loading class 0x00007f5ded44dc90 done
Event: 0.941 loading class 0x00007f5db8058600 done
Event: 2.620 Executing VM operation: ParallelGCFailedAllocation
Event: 2.634 Executing VM operation: ParallelGCFailedAllocation done


Dynamic libraries:
00400000-00401000 r-xp 00000000 08:07 663942                             /home/elixandre/jdk1.7.0_80/bin/java
00600000-00601000 rw-p 00000000 08:07 663942                             /home/elixandre/jdk1.7.0_80/bin/java
02527000-02548000 rw-p 00000000 00:00 0                                  [heap]
bfa00000-c0f00000 rw-p 00000000 00:00 0 
c0f00000-c4c00000 rw-p 00000000 00:00 0 
c4c00000-c7380000 rw-p 00000000 00:00 0 
c7380000-ec400000 rw-p 00000000 00:00 0 
ec400000-ed800000 rw-p 00000000 00:00 0 
ed800000-100000000 rw-p 00000000 00:00 0 
7f5d88000000-7f5d88269000 rw-p 00000000 00:00 0 
7f5d88269000-7f5d8c000000 ---p 00000000 00:00 0 
7f5d90000000-7f5d9022b000 rw-p 00000000 00:00 0 
7f5d9022b000-7f5d94000000 ---p 00000000 00:00 0 
7f5d94000000-7f5d94208000 rw-p 00000000 00:00 0 
7f5d94208000-7f5d98000000 ---p 00000000 00:00 0 
7f5d98000000-7f5d98204000 rw-p 00000000 00:00 0 
7f5d98204000-7f5d9c000000 ---p 00000000 00:00 0 
7f5d9c000000-7f5d9c246000 rw-p 00000000 00:00 0 
7f5d9c246000-7f5da0000000 ---p 00000000 00:00 0 
7f5da0000000-7f5da023c000 rw-p 00000000 00:00 0 
7f5da023c000-7f5da4000000 ---p 00000000 00:00 0 
7f5da4000000-7f5da4271000 rw-p 00000000 00:00 0 
7f5da4271000-7f5da8000000 ---p 00000000 00:00 0 
7f5da8000000-7f5da8284000 rw-p 00000000 00:00 0 
7f5da8284000-7f5dac000000 ---p 00000000 00:00 0 
7f5dac7f9000-7f5dac7fc000 ---p 00000000 00:00 0 
7f5dac7fc000-7f5dacffa000 rw-p 00000000 00:00 0 
7f5dacffa000-7f5dacffd000 ---p 00000000 00:00 0 
7f5dacffd000-7f5dad7fb000 rw-p 00000000 00:00 0 
7f5dad7fb000-7f5dad7fe000 ---p 00000000 00:00 0 
7f5dad7fe000-7f5dadffc000 rw-p 00000000 00:00 0 
7f5dadffc000-7f5dadfff000 ---p 00000000 00:00 0 
7f5dadfff000-7f5dae7fd000 rw-p 00000000 00:00 0 
7f5dae7fd000-7f5dae800000 ---p 00000000 00:00 0 
7f5dae800000-7f5daeffe000 rw-p 00000000 00:00 0 
7f5daeffe000-7f5daf001000 ---p 00000000 00:00 0 
7f5daf001000-7f5daf7ff000 rw-p 00000000 00:00 0 
7f5daf7ff000-7f5daf802000 ---p 00000000 00:00 0 
7f5daf802000-7f5db0000000 rw-p 00000000 00:00 0 
7f5db0000000-7f5db0021000 rw-p 00000000 00:00 0 
7f5db0021000-7f5db4000000 ---p 00000000 00:00 0 
7f5db4000000-7f5db4021000 rw-p 00000000 00:00 0 
7f5db4021000-7f5db8000000 ---p 00000000 00:00 0 
7f5db8000000-7f5db8894000 rw-p 00000000 00:00 0 
7f5db8894000-7f5dbc000000 ---p 00000000 00:00 0 
7f5dbc000000-7f5dbc6e1000 rw-p 00000000 00:00 0 
7f5dbc6e1000-7f5dc0000000 ---p 00000000 00:00 0 
7f5dc0000000-7f5dc00ea000 rw-p 00000000 00:00 0 
7f5dc00ea000-7f5dc4000000 ---p 00000000 00:00 0 
7f5dc4000000-7f5dc4021000 rw-p 00000000 00:00 0 
7f5dc4021000-7f5dc8000000 ---p 00000000 00:00 0 
7f5dc8000000-7f5dc8021000 rw-p 00000000 00:00 0 
7f5dc8021000-7f5dcc000000 ---p 00000000 00:00 0 
7f5dcc000000-7f5dcc021000 rw-p 00000000 00:00 0 
7f5dcc021000-7f5dd0000000 ---p 00000000 00:00 0 
7f5dd0000000-7f5dd0021000 rw-p 00000000 00:00 0 
7f5dd0021000-7f5dd4000000 ---p 00000000 00:00 0 
7f5dd4000000-7f5dd4021000 rw-p 00000000 00:00 0 
7f5dd4021000-7f5dd8000000 ---p 00000000 00:00 0 
7f5dd8000000-7f5dd8021000 rw-p 00000000 00:00 0 
7f5dd8021000-7f5ddc000000 ---p 00000000 00:00 0 
7f5ddc000000-7f5ddc021000 rw-p 00000000 00:00 0 
7f5ddc021000-7f5de0000000 ---p 00000000 00:00 0 
7f5de0495000-7f5de0602000 rw-p 00000000 00:00 0 
7f5de0602000-7f5de0605000 ---p 00000000 00:00 0 
7f5de0605000-7f5de0e03000 rw-p 00000000 00:00 0 
7f5de0e03000-7f5de0e1b000 r-xp 00000000 08:07 821436                     /tmp/simgrid-java6641767721665996089/libsimgrid-java.so
7f5de0e1b000-7f5de101b000 ---p 00018000 08:07 821436                     /tmp/simgrid-java6641767721665996089/libsimgrid-java.so
7f5de101b000-7f5de101c000 rw-p 00018000 08:07 821436                     /tmp/simgrid-java6641767721665996089/libsimgrid-java.so
7f5de101c000-7f5de1032000 r-xp 00000000 08:07 528568                     /lib/x86_64-linux-gnu/libgcc_s.so.1
7f5de1032000-7f5de1231000 ---p 00016000 08:07 528568                     /lib/x86_64-linux-gnu/libgcc_s.so.1
7f5de1231000-7f5de1232000 r--p 00015000 08:07 528568                     /lib/x86_64-linux-gnu/libgcc_s.so.1
7f5de1232000-7f5de1233000 rw-p 00016000 08:07 528568                     /lib/x86_64-linux-gnu/libgcc_s.so.1
7f5de1233000-7f5de13a6000 r-xp 00000000 08:07 1059329                    /usr/lib/x86_64-linux-gnu/libstdc++.so.6.0.21
7f5de13a6000-7f5de15a5000 ---p 00173000 08:07 1059329                    /usr/lib/x86_64-linux-gnu/libstdc++.so.6.0.21
7f5de15a5000-7f5de15af000 r--p 00172000 08:07 1059329                    /usr/lib/x86_64-linux-gnu/libstdc++.so.6.0.21
7f5de15af000-7f5de15b1000 rw-p 0017c000 08:07 1059329                    /usr/lib/x86_64-linux-gnu/libstdc++.so.6.0.21
7f5de15b1000-7f5de15b5000 rw-p 00000000 00:00 0 
7f5de15b5000-7f5de187a000 r-xp 00000000 08:07 821435                     /tmp/simgrid-java6641767721665996089/libsimgrid.so
7f5de187a000-7f5de1a7a000 ---p 002c5000 08:07 821435                     /tmp/simgrid-java6641767721665996089/libsimgrid.so
7f5de1a7a000-7f5de1ab5000 rw-p 002c5000 08:07 821435                     /tmp/simgrid-java6641767721665996089/libsimgrid.so
7f5de1ab5000-7f5de1dbe000 rw-p 00000000 00:00 0 
7f5de1dbe000-7f5de1dd5000 r-xp 00000000 08:07 663689                     /home/elixandre/jdk1.7.0_80/jre/lib/amd64/libnet.so
7f5de1dd5000-7f5de1fd4000 ---p 00017000 08:07 663689                     /home/elixandre/jdk1.7.0_80/jre/lib/amd64/libnet.so
7f5de1fd4000-7f5de1fd5000 rw-p 00016000 08:07 663689                     /home/elixandre/jdk1.7.0_80/jre/lib/amd64/libnet.so
7f5de1fd5000-7f5de1fe5000 r-xp 00000000 08:07 663688                     /home/elixandre/jdk1.7.0_80/jre/lib/amd64/libnio.so
7f5de1fe5000-7f5de21e5000 ---p 00010000 08:07 663688                     /home/elixandre/jdk1.7.0_80/jre/lib/amd64/libnio.so
7f5de21e5000-7f5de21e6000 rw-p 00010000 08:07 663688                     /home/elixandre/jdk1.7.0_80/jre/lib/amd64/libnio.so
7f5de21e6000-7f5de21e7000 ---p 00000000 00:00 0 
7f5de21e7000-7f5de22e7000 rw-p 00000000 00:00 0 
7f5de22e7000-7f5de22ea000 ---p 00000000 00:00 0 
7f5de22ea000-7f5de23e8000 rw-p 00000000 00:00 0 
7f5de23e8000-7f5de23eb000 ---p 00000000 00:00 0 
7f5de23eb000-7f5de24e9000 rw-p 00000000 00:00 0 
7f5de24e9000-7f5de24ec000 ---p 00000000 00:00 0 
7f5de24ec000-7f5de25ea000 rw-p 00000000 00:00 0 
7f5de25ea000-7f5de25ed000 ---p 00000000 00:00 0 
7f5de25ed000-7f5de26eb000 rw-p 00000000 00:00 0 
7f5de26eb000-7f5de2dce000 r--p 00000000 08:07 1055607                    /usr/lib/locale/locale-archive
7f5de2dce000-7f5de2dd1000 ---p 00000000 00:00 0 
7f5de2dd1000-7f5de2ecf000 rw-p 00000000 00:00 0 
7f5de2ecf000-7f5de2ed2000 ---p 00000000 00:00 0 
7f5de2ed2000-7f5de5000000 rw-p 00000000 00:00 0 
7f5de5000000-7f5de5270000 rwxp 00000000 00:00 0 
7f5de5270000-7f5de83f3000 rw-p 00000000 00:00 0 
7f5de83f3000-7f5dec000000 ---p 00000000 00:00 0 
7f5dec0f0000-7f5dec0f1000 ---p 00000000 00:00 0 
7f5dec0f1000-7f5ded1f0000 rw-p 00000000 00:00 0 
7f5ded1f0000-7f5ded3b0000 r--s 039fb000 08:07 663892                     /home/elixandre/jdk1.7.0_80/jre/lib/rt.jar
7f5ded3b0000-7f5ded6ac000 rw-p 00000000 00:00 0 
7f5ded6ac000-7f5ded6ad000 ---p 00000000 00:00 0 
7f5ded6ad000-7f5ded7ad000 rw-p 00000000 00:00 0 
7f5ded7ad000-7f5ded7ae000 ---p 00000000 00:00 0 
7f5ded7ae000-7f5ded8ae000 rw-p 00000000 00:00 0 
7f5ded8ae000-7f5ded8af000 ---p 00000000 00:00 0 
7f5ded8af000-7f5ded9af000 rw-p 00000000 00:00 0 
7f5ded9af000-7f5ded9b0000 ---p 00000000 00:00 0 
7f5ded9b0000-7f5dedabb000 rw-p 00000000 00:00 0 
7f5dedabb000-7f5dedad9000 rw-p 00000000 00:00 0 
7f5dedad9000-7f5dedaed000 rw-p 00000000 00:00 0 
7f5dedaed000-7f5dedc15000 rw-p 00000000 00:00 0 
7f5dedc15000-7f5dedc20000 rw-p 00000000 00:00 0 
7f5dedc20000-7f5dedc3e000 rw-p 00000000 00:00 0 
7f5dedc3e000-7f5dedc52000 rw-p 00000000 00:00 0 
7f5dedc52000-7f5dedd7a000 rw-p 00000000 00:00 0 
7f5dedd7a000-7f5dedd84000 rw-p 00000000 00:00 0 
7f5dedd84000-7f5dede18000 rw-p 00000000 00:00 0 
7f5dede18000-7f5dede19000 rw-p 00000000 00:00 0 
7f5dede19000-7f5dede30000 r-xp 00000000 08:07 663687                     /home/elixandre/jdk1.7.0_80/jre/lib/amd64/libzip.so
7f5dede30000-7f5dee030000 ---p 00017000 08:07 663687                     /home/elixandre/jdk1.7.0_80/jre/lib/amd64/libzip.so
7f5dee030000-7f5dee031000 rw-p 00017000 08:07 663687                     /home/elixandre/jdk1.7.0_80/jre/lib/amd64/libzip.so
7f5dee031000-7f5dee03b000 r-xp 00000000 08:07 529521                     /lib/x86_64-linux-gnu/libnss_files-2.21.so
7f5dee03b000-7f5dee23b000 ---p 0000a000 08:07 529521                     /lib/x86_64-linux-gnu/libnss_files-2.21.so
7f5dee23b000-7f5dee23c000 r--p 0000a000 08:07 529521                     /lib/x86_64-linux-gnu/libnss_files-2.21.so
7f5dee23c000-7f5dee23d000 rw-p 0000b000 08:07 529521                     /lib/x86_64-linux-gnu/libnss_files-2.21.so
7f5dee23d000-7f5dee248000 r-xp 00000000 08:07 529535                     /lib/x86_64-linux-gnu/libnss_nis-2.21.so
7f5dee248000-7f5dee447000 ---p 0000b000 08:07 529535                     /lib/x86_64-linux-gnu/libnss_nis-2.21.so
7f5dee447000-7f5dee448000 r--p 0000a000 08:07 529535                     /lib/x86_64-linux-gnu/libnss_nis-2.21.so
7f5dee448000-7f5dee449000 rw-p 0000b000 08:07 529535                     /lib/x86_64-linux-gnu/libnss_nis-2.21.so
7f5dee449000-7f5dee460000 r-xp 00000000 08:07 529538                     /lib/x86_64-linux-gnu/libnsl-2.21.so
7f5dee460000-7f5dee65f000 ---p 00017000 08:07 529538                     /lib/x86_64-linux-gnu/libnsl-2.21.so
7f5dee65f000-7f5dee660000 r--p 00016000 08:07 529538                     /lib/x86_64-linux-gnu/libnsl-2.21.so
7f5dee660000-7f5dee661000 rw-p 00017000 08:07 529538                     /lib/x86_64-linux-gnu/libnsl-2.21.so
7f5dee661000-7f5dee663000 rw-p 00000000 00:00 0 
7f5dee663000-7f5dee66b000 r-xp 00000000 08:07 529523                     /lib/x86_64-linux-gnu/libnss_compat-2.21.so
7f5dee66b000-7f5dee86a000 ---p 00008000 08:07 529523                     /lib/x86_64-linux-gnu/libnss_compat-2.21.so
7f5dee86a000-7f5dee86b000 r--p 00007000 08:07 529523                     /lib/x86_64-linux-gnu/libnss_compat-2.21.so
7f5dee86b000-7f5dee86c000 rw-p 00008000 08:07 529523                     /lib/x86_64-linux-gnu/libnss_compat-2.21.so
7f5dee86c000-7f5dee895000 r-xp 00000000 08:07 663623                     /home/elixandre/jdk1.7.0_80/jre/lib/amd64/libjava.so
7f5dee895000-7f5deea95000 ---p 00029000 08:07 663623                     /home/elixandre/jdk1.7.0_80/jre/lib/amd64/libjava.so
7f5deea95000-7f5deea97000 rw-p 00029000 08:07 663623                     /home/elixandre/jdk1.7.0_80/jre/lib/amd64/libjava.so
7f5deea97000-7f5deeaa4000 r-xp 00000000 08:07 663501                     /home/elixandre/jdk1.7.0_80/jre/lib/amd64/libverify.so
7f5deeaa4000-7f5deeca3000 ---p 0000d000 08:07 663501                     /home/elixandre/jdk1.7.0_80/jre/lib/amd64/libverify.so
7f5deeca3000-7f5deeca5000 rw-p 0000c000 08:07 663501                     /home/elixandre/jdk1.7.0_80/jre/lib/amd64/libverify.so
7f5deeca5000-7f5deecac000 r-xp 00000000 08:07 529522                     /lib/x86_64-linux-gnu/librt-2.21.so
7f5deecac000-7f5deeeab000 ---p 00007000 08:07 529522                     /lib/x86_64-linux-gnu/librt-2.21.so
7f5deeeab000-7f5deeeac000 r--p 00006000 08:07 529522                     /lib/x86_64-linux-gnu/librt-2.21.so
7f5deeeac000-7f5deeead000 rw-p 00007000 08:07 529522                     /lib/x86_64-linux-gnu/librt-2.21.so
7f5deeead000-7f5deefb4000 r-xp 00000000 08:07 529524                     /lib/x86_64-linux-gnu/libm-2.21.so
7f5deefb4000-7f5def1b3000 ---p 00107000 08:07 529524                     /lib/x86_64-linux-gnu/libm-2.21.so
7f5def1b3000-7f5def1b4000 r--p 00106000 08:07 529524                     /lib/x86_64-linux-gnu/libm-2.21.so
7f5def1b4000-7f5def1b5000 rw-p 00107000 08:07 529524                     /lib/x86_64-linux-gnu/libm-2.21.so
7f5def1b5000-7f5defd2b000 r-xp 00000000 08:07 663273                     /home/elixandre/jdk1.7.0_80/jre/lib/amd64/server/libjvm.so
7f5defd2b000-7f5deff2a000 ---p 00b76000 08:07 663273                     /home/elixandre/jdk1.7.0_80/jre/lib/amd64/server/libjvm.so
7f5deff2a000-7f5deffee000 rw-p 00b75000 08:07 663273                     /home/elixandre/jdk1.7.0_80/jre/lib/amd64/server/libjvm.so
7f5deffee000-7f5df002f000 rw-p 00000000 00:00 0 
7f5df002f000-7f5df01ef000 r-xp 00000000 08:07 529541                     /lib/x86_64-linux-gnu/libc-2.21.so
7f5df01ef000-7f5df03ef000 ---p 001c0000 08:07 529541                     /lib/x86_64-linux-gnu/libc-2.21.so
7f5df03ef000-7f5df03f3000 r--p 001c0000 08:07 529541                     /lib/x86_64-linux-gnu/libc-2.21.so
7f5df03f3000-7f5df03f5000 rw-p 001c4000 08:07 529541                     /lib/x86_64-linux-gnu/libc-2.21.so
7f5df03f5000-7f5df03f9000 rw-p 00000000 00:00 0 
7f5df03f9000-7f5df03fc000 r-xp 00000000 08:07 529528                     /lib/x86_64-linux-gnu/libdl-2.21.so
7f5df03fc000-7f5df05fb000 ---p 00003000 08:07 529528                     /lib/x86_64-linux-gnu/libdl-2.21.so
7f5df05fb000-7f5df05fc000 r--p 00002000 08:07 529528                     /lib/x86_64-linux-gnu/libdl-2.21.so
7f5df05fc000-7f5df05fd000 rw-p 00003000 08:07 529528                     /lib/x86_64-linux-gnu/libdl-2.21.so
7f5df05fd000-7f5df0612000 r-xp 00000000 08:07 663695                     /home/elixandre/jdk1.7.0_80/lib/amd64/jli/libjli.so
7f5df0612000-7f5df0811000 ---p 00015000 08:07 663695                     /home/elixandre/jdk1.7.0_80/lib/amd64/jli/libjli.so
7f5df0811000-7f5df0812000 rw-p 00014000 08:07 663695                     /home/elixandre/jdk1.7.0_80/lib/amd64/jli/libjli.so
7f5df0812000-7f5df082a000 r-xp 00000000 08:07 529525                     /lib/x86_64-linux-gnu/libpthread-2.21.so
7f5df082a000-7f5df0a2a000 ---p 00018000 08:07 529525                     /lib/x86_64-linux-gnu/libpthread-2.21.so
7f5df0a2a000-7f5df0a2b000 r--p 00018000 08:07 529525                     /lib/x86_64-linux-gnu/libpthread-2.21.so
7f5df0a2b000-7f5df0a2c000 rw-p 00019000 08:07 529525                     /lib/x86_64-linux-gnu/libpthread-2.21.so
7f5df0a2c000-7f5df0a30000 rw-p 00000000 00:00 0 
7f5df0a30000-7f5df0a54000 r-xp 00000000 08:07 529539                     /lib/x86_64-linux-gnu/ld-2.21.so
7f5df0a5e000-7f5df0a7d000 rw-p 00000000 00:00 0 
7f5df0a7d000-7f5df0b33000 rw-p 00000000 00:00 0 
7f5df0b33000-7f5df0b36000 ---p 00000000 00:00 0 
7f5df0b36000-7f5df0c38000 rw-p 00000000 00:00 0 
7f5df0c3f000-7f5df0c40000 rw-p 00000000 00:00 0 
7f5df0c40000-7f5df0c44000 r--s 0008b000 08:07 663627                     /home/elixandre/jdk1.7.0_80/jre/lib/jsse.jar
7f5df0c44000-7f5df0c47000 r--s 00f76000 08:07 542783                     /home/elixandre/Downloads/simgrid.jar
7f5df0c47000-7f5df0c4f000 rw-s 00000000 08:07 821294                     /tmp/hsperfdata_elixandre/2925
7f5df0c4f000-7f5df0c50000 rw-p 00000000 00:00 0 
7f5df0c50000-7f5df0c51000 r--p 00000000 00:00 0 
7f5df0c51000-7f5df0c53000 rw-p 00000000 00:00 0 
7f5df0c53000-7f5df0c54000 r--p 00023000 08:07 529539                     /lib/x86_64-linux-gnu/ld-2.21.so
7f5df0c54000-7f5df0c55000 rw-p 00024000 08:07 529539                     /lib/x86_64-linux-gnu/ld-2.21.so
7f5df0c55000-7f5df0c56000 rw-p 00000000 00:00 0 
7fff92aed000-7fff92b0e000 rw-p 00000000 00:00 0                          [stack]
7fff92b70000-7fff92b72000 r--p 00000000 00:00 0                          [vvar]
7fff92b72000-7fff92b74000 r-xp 00000000 00:00 0                          [vdso]
ffffffffff600000-ffffffffff601000 r-xp 00000000 00:00 0                  [vsyscall]

VM Arguments:
jvm_args: -Dfile.encoding=UTF-8 
java_command: vcube.VCube platform.xml deployment.xml
Launcher Type: SUN_STANDARD

Environment Variables:
PATH=/usr/local/sbin:/usr/local/bin:/usr/sbin:/usr/bin:/sbin:/bin:/usr/games:/usr/local/games:/home/elixandre/.rvm/bin
LD_LIBRARY_PATH=/home/elixandre/jdk1.7.0_80/jre/lib/amd64:/home/elixandre/jdk1.7.0_80/jre/lib/i386:
SHELL=/bin/bash
DISPLAY=:0

Signal Handlers:
SIGSEGV: [libjvm.so+0x9a3b20], sa_mask[0]=0x7ffbfeff, sa_flags=0x10000004
SIGBUS: [libjvm.so+0x9a3b20], sa_mask[0]=0x7ffbfeff, sa_flags=0x10000004
SIGFPE: [libjvm.so+0x81e740], sa_mask[0]=0x7ffbfeff, sa_flags=0x10000004
SIGPIPE: [libjvm.so+0x81e740], sa_mask[0]=0x7ffbfeff, sa_flags=0x10000004
SIGXFSZ: [libjvm.so+0x81e740], sa_mask[0]=0x7ffbfeff, sa_flags=0x10000004
SIGILL: [libjvm.so+0x81e740], sa_mask[0]=0x7ffbfeff, sa_flags=0x10000004
SIGUSR1: SIG_DFL, sa_mask[0]=0x00000000, sa_flags=0x00000000
SIGUSR2: [libjvm.so+0x81ffb0], sa_mask[0]=0x00000004, sa_flags=0x10000004
SIGHUP: [libjvm.so+0x8210d0], sa_mask[0]=0x7ffbfeff, sa_flags=0x10000004
SIGINT: [libsimgrid.so+0x8ff50], sa_mask[0]=0x00000002, sa_flags=0x10000000
SIGTERM: [libjvm.so+0x8210d0], sa_mask[0]=0x7ffbfeff, sa_flags=0x10000004
SIGQUIT: [libjvm.so+0x8210d0], sa_mask[0]=0x7ffbfeff, sa_flags=0x10000004


---------------  S Y S T E M  ---------------

OS:jessie/sid

uname:Linux 4.2.0-42-generic #49-Ubuntu SMP Tue Jun 28 21:26:26 UTC 2016 x86_64
libc:glibc 2.21 NPTL 2.21 
rlimit: STACK 8192k, CORE 0k, NPROC 15009, NOFILE 65536, AS infinity
load average:0.66 0.54 0.50

/proc/meminfo:
MemTotal:        3879128 kB
MemFree:         1002168 kB
MemAvailable:    1747688 kB
Buffers:           83556 kB
Cached:          1077864 kB
SwapCached:            0 kB
Active:          1857176 kB
Inactive:         847028 kB
Active(anon):    1544548 kB
Inactive(anon):   266944 kB
Active(file):     312628 kB
Inactive(file):   580084 kB
Unevictable:          48 kB
Mlocked:              48 kB
SwapTotal:        975868 kB
SwapFree:         975868 kB
Dirty:             12268 kB
Writeback:             0 kB
AnonPages:       1542800 kB
Mapped:           351020 kB
Shmem:            268692 kB
Slab:              75088 kB
SReclaimable:      43484 kB
SUnreclaim:        31604 kB
KernelStack:        9680 kB
PageTables:        34480 kB
NFS_Unstable:          0 kB
Bounce:                0 kB
WritebackTmp:          0 kB
CommitLimit:     2915432 kB
Committed_AS:    5801244 kB
VmallocTotal:   34359738367 kB
VmallocUsed:      347648 kB
VmallocChunk:   34358947836 kB
HardwareCorrupted:     0 kB
AnonHugePages:    722944 kB
CmaTotal:              0 kB
CmaFree:               0 kB
HugePages_Total:       0
HugePages_Free:        0
HugePages_Rsvd:        0
HugePages_Surp:        0
Hugepagesize:       2048 kB
DirectMap4k:      117496 kB
DirectMap2M:     3909632 kB


CPU:total 4 (2 cores per cpu, 2 threads per core) family 6 model 58 stepping 9, cmov, cx8, fxsr, mmx, sse, sse2, sse3, ssse3, sse4.1, sse4.2, popcnt, avx, erms, ht, tsc, tscinvbit, tscinv

/proc/cpuinfo:
processor	: 0
vendor_id	: GenuineIntel
cpu family	: 6
model		: 58
model name	: Intel(R) Core(TM) i7-3517U CPU @ 1.90GHz
stepping	: 9
microcode	: 0x12
cpu MHz		: 2799.937
cache size	: 4096 KB
physical id	: 0
siblings	: 4
core id		: 0
cpu cores	: 2
apicid		: 0
initial apicid	: 0
fpu		: yes
fpu_exception	: yes
cpuid level	: 13
wp		: yes
flags		: fpu vme de pse tsc msr pae mce cx8 apic sep mtrr pge mca cmov pat pse36 clflush dts acpi mmx fxsr sse sse2 ss ht tm pbe syscall nx rdtscp lm constant_tsc arch_perfmon pebs bts rep_good nopl xtopology nonstop_tsc aperfmperf eagerfpu pni pclmulqdq dtes64 monitor ds_cpl vmx est tm2 ssse3 cx16 xtpr pdcm pcid sse4_1 sse4_2 x2apic popcnt tsc_deadline_timer xsave avx f16c rdrand lahf_lm ida arat epb pln pts dtherm tpr_shadow vnmi flexpriority ept vpid fsgsbase smep erms xsaveopt
bugs		:
bogomips	: 4788.86
clflush size	: 64
cache_alignment	: 64
address sizes	: 36 bits physical, 48 bits virtual
power management:

processor	: 1
vendor_id	: GenuineIntel
cpu family	: 6
model		: 58
model name	: Intel(R) Core(TM) i7-3517U CPU @ 1.90GHz
stepping	: 9
microcode	: 0x12
cpu MHz		: 2799.937
cache size	: 4096 KB
physical id	: 0
siblings	: 4
core id		: 0
cpu cores	: 2
apicid		: 1
initial apicid	: 1
fpu		: yes
fpu_exception	: yes
cpuid level	: 13
wp		: yes
flags		: fpu vme de pse tsc msr pae mce cx8 apic sep mtrr pge mca cmov pat pse36 clflush dts acpi mmx fxsr sse sse2 ss ht tm pbe syscall nx rdtscp lm constant_tsc arch_perfmon pebs bts rep_good nopl xtopology nonstop_tsc aperfmperf eagerfpu pni pclmulqdq dtes64 monitor ds_cpl vmx est tm2 ssse3 cx16 xtpr pdcm pcid sse4_1 sse4_2 x2apic popcnt tsc_deadline_timer xsave avx f16c rdrand lahf_lm ida arat epb pln pts dtherm tpr_shadow vnmi flexpriority ept vpid fsgsbase smep erms xsaveopt
bugs		:
bogomips	: 4788.86
clflush size	: 64
cache_alignment	: 64
address sizes	: 36 bits physical, 48 bits virtual
power management:

processor	: 2
vendor_id	: GenuineIntel
cpu family	: 6
model		: 58
model name	: Intel(R) Core(TM) i7-3517U CPU @ 1.90GHz
stepping	: 9
microcode	: 0x12
cpu MHz		: 2799.937
cache size	: 4096 KB
physical id	: 0
siblings	: 4
core id		: 1
cpu cores	: 2
apicid		: 2
initial apicid	: 2
fpu		: yes
fpu_exception	: yes
cpuid level	: 13
wp		: yes
flags		: fpu vme de pse tsc msr pae mce cx8 apic sep mtrr pge mca cmov pat pse36 clflush dts acpi mmx fxsr sse sse2 ss ht tm pbe syscall nx rdtscp lm constant_tsc arch_perfmon pebs bts rep_good nopl xtopology nonstop_tsc aperfmperf eagerfpu pni pclmulqdq dtes64 monitor ds_cpl vmx est tm2 ssse3 cx16 xtpr pdcm pcid sse4_1 sse4_2 x2apic popcnt tsc_deadline_timer xsave avx f16c rdrand lahf_lm ida arat epb pln pts dtherm tpr_shadow vnmi flexpriority ept vpid fsgsbase smep erms xsaveopt
bugs		:
bogomips	: 4788.86
clflush size	: 64
cache_alignment	: 64
address sizes	: 36 bits physical, 48 bits virtual
power management:

processor	: 3
vendor_id	: GenuineIntel
cpu family	: 6
model		: 58
model name	: Intel(R) Core(TM) i7-3517U CPU @ 1.90GHz
stepping	: 9
microcode	: 0x12
cpu MHz		: 2799.937
cache size	: 4096 KB
physical id	: 0
siblings	: 4
core id		: 1
cpu cores	: 2
apicid		: 3
initial apicid	: 3
fpu		: yes
fpu_exception	: yes
cpuid level	: 13
wp		: yes
flags		: fpu vme de pse tsc msr pae mce cx8 apic sep mtrr pge mca cmov pat pse36 clflush dts acpi mmx fxsr sse sse2 ss ht tm pbe syscall nx rdtscp lm constant_tsc arch_perfmon pebs bts rep_good nopl xtopology nonstop_tsc aperfmperf eagerfpu pni pclmulqdq dtes64 monitor ds_cpl vmx est tm2 ssse3 cx16 xtpr pdcm pcid sse4_1 sse4_2 x2apic popcnt tsc_deadline_timer xsave avx f16c rdrand lahf_lm ida arat epb pln pts dtherm tpr_shadow vnmi flexpriority ept vpid fsgsbase smep erms xsaveopt
bugs		:
bogomips	: 4788.86
clflush size	: 64
cache_alignment	: 64
address sizes	: 36 bits physical, 48 bits virtual
power management:



Memory: 4k page, physical 3879128k(1001800k free), swap 975868k(975868k free)

vm_info: Java HotSpot(TM) 64-Bit Server VM (24.80-b11) for linux-amd64 JRE (1.7.0_80-b15), built on Apr 10 2015 19:53:14 by "java_re" with gcc 4.3.0 20080428 (Red Hat 4.3.0-8)

time: Thu May  4 10:03:33 2017
elapsed time: 2 seconds

