#
# A fatal error has been detected by the Java Runtime Environment:
#
#  SIGSEGV (0xb) at pc=0x00007f2891c58263, pid=6169, tid=139812469135104
#
# JRE version: Java(TM) SE Runtime Environment (7.0_80-b15) (build 1.7.0_80-b15)
# Java VM: Java HotSpot(TM) 64-Bit Server VM (24.80-b11 mixed mode linux-amd64 compressed oops)
# Problematic frame:
# C  [libsimgrid.so+0x190263]  xbt_dynar_member+0x23
#
# Failed to write core dump. Core dumps have been disabled. To enable core dumping, try "ulimit -c unlimited" before starting Java again
#
# If you would like to submit a bug report, please visit:
#   http://bugreport.java.com/bugreport/crash.jsp
#

---------------  T H R E A D  ---------------

Current thread (0x00007f289c06a000):  VMThread [stack: 0x00007f28a07ed000,0x00007f28a08ee000] [id=6179]

siginfo:si_signo=SIGSEGV: si_errno=0, si_code=1 (SEGV_MAPERR), si_addr=0x0000000000000000

Registers:
RAX=0x0000000000000000, RBX=0x00007f2891fc4700, RCX=0x00007f289c151940, RDX=0x00007f28a08eda30
RSP=0x00007f28a08ec690, RBP=0x00007f289c14cab0, RSI=0x00007f28a08ec838, RDI=0x00007f28a08ec750
R8 =0x00007f289c143ac0, R9 =0x0000000000000000, R10=0x0000000000000c58, R11=0x00007f2891c58240
R12=0x00007f2891fcf790, R13=0x00007f289c12cb30, R14=0x00000000000003d8, R15=0x00007f289c027e58
RIP=0x00007f2891c58263, EFLAGS=0x0000000000010206, CSGSFS=0x0000000000000033, ERR=0x0000000000000004
  TRAPNO=0x000000000000000e

Top of Stack: (sp=0x00007f28a08ec690)
0x00007f28a08ec690:   00007f289c12b4d0 00007f28a08ec6b0
0x00007f28a08ec6a0:   00007f289c143b30 00007f28a08ec838
0x00007f28a08ec6b0:   00000000ffffffff 0000000000000008
0x00007f28a08ec6c0:   00007f2891ae1628 00007f289c12b4d0
0x00007f28a08ec6d0:   00007f2899065ac0 00007f289c12b830
0x00007f28a08ec6e0:   00007f28a08ec830 0000000000000000
0x00007f28a08ec6f0:   0000000000000005 0000000000000000
0x00007f28a08ec700:   00007f28a08ec858 00007f28a5137c11
0x00007f28a08ec710:   0000000000000000 0000000000000000
0x00007f28a08ec720:   0000000000000005 00007f2891f93de8
0x00007f28a08ec730:   00007f2891fcf790 00007f289c12cb30
0x00007f28a08ec740:   00000000000003d8 00007f289c027e58
0x00007f28a08ec750:   0000000000000000 00007f28a513c9ad
0x00007f28a08ec760:   0000000000000005 0000000000000000
0x00007f28a08ec770:   00007f289c12b4d0 00007f2891ae1628
0x00007f28a08ec780:   00007f2891fc4700 00007f289c14cab0
0x00007f28a08ec790:   00007f2891fcf790 00007f28a5143f30
0x00007f28a08ec7a0:   00007f2891ad1308 00007f289c12b4d0
0x00007f28a08ec7b0:   00000000000032a3 000000002c2fac04
0x00007f28a08ec7c0:   0000000000000000 00007f289c06ac00
0x00007f28a08ec7d0:   00007f289c06ac00 00007f28a08ec8a0
0x00007f28a08ec7e0:   00007f289c151940 00007f289c151940
0x00007f28a08ec7f0:   0000000000000001 00007f28a08ec838
0x00007f28a08ec800:   00007f289c143b30 00007f289c143ac0
0x00007f28a08ec810:   0000000000000000 00007f289c12b4d0
0x00007f28a08ec820:   00007f2891fc4700 00007f2891c7534f
0x00007f28a08ec830:   0000000000000000 00007f289c151940
0x00007f28a08ec840:   0000000000000005 0000000000000000
0x00007f28a08ec850:   00007f289c027e58 00007f2891fc7a98
0x00007f28a08ec860:   00007f289c145d20 0000000000000001
0x00007f28a08ec870:   00007f289c12cb30 00007f2891c56d37
0x00007f28a08ec880:   00007f289c12cb30 00007f2891fc7098 

Instructions: (pc=0x00007f2891c58263)
0x00007f2891c58243:   ec 90 01 00 00 48 8b 05 01 a2 33 00 48 89 7c 24
0x00007f2891c58253:   10 48 89 74 24 18 ff 10 48 8d bc 24 c0 00 00 00
0x00007f2891c58263:   48 8b 08 48 89 04 24 48 89 38 48 89 4c 24 08 e8
0x00007f2891c58273:   79 31 ed ff 85 c0 74 75 48 8b 14 24 c7 42 08 01 

Register to memory mapping:

RAX=0x0000000000000000 is an unknown value
RBX=0x00007f2891fc4700: _simgrid_log_category__simix_process+0 in /tmp/simgrid-java7029024094222785657/libsimgrid.so at 0x00007f2891ac8000
RCX=0x00007f289c151940 is an unknown value
RDX=0x00007f28a08eda30 is an unknown value
RSP=0x00007f28a08ec690 is an unknown value
RBP=0x00007f289c14cab0 is an unknown value
RSI=0x00007f28a08ec838 is an unknown value
RDI=0x00007f28a08ec750 is an unknown value
R8 =0x00007f289c143ac0 is an unknown value
R9 =0x0000000000000000 is an unknown value
R10=0x0000000000000c58 is an unknown value
R11=0x00007f2891c58240: xbt_dynar_member+0 in /tmp/simgrid-java7029024094222785657/libsimgrid.so at 0x00007f2891ac8000
R12=0x00007f2891fcf790: simix_global+0 in /tmp/simgrid-java7029024094222785657/libsimgrid.so at 0x00007f2891ac8000
R13=0x00007f289c12cb30 is an unknown value
R14=0x00000000000003d8 is an unknown value
R15=0x00007f289c027e58 is an unknown value


Stack: [0x00007f28a07ed000,0x00007f28a08ee000],  sp=0x00007f28a08ec690,  free space=1021k
Native frames: (J=compiled Java code, j=interpreted, Vv=VM code, C=native code)
C  [libsimgrid.so+0x190263]  xbt_dynar_member+0x23

VM_Operation (0x00007f28981f2530): Exit, mode: safepoint, requested by thread 0x00007f286c001000


---------------  P R O C E S S  ---------------

Java Threads: ( => current thread )
  0x00007f286c001000 JavaThread "SIGTERM handler" daemon [_thread_blocked, id=6202, stack(0x00007f28980f3000,0x00007f28981f4000)]
  0x00007f281c001000 JavaThread "Thread-15" [_thread_in_native, id=6201, stack(0x00007f2838ffa000,0x00007f28397fb000)]
  0x00007f2828001000 JavaThread "Thread-14" [_thread_in_native, id=6200, stack(0x00007f28397fb000,0x00007f2839ffc000)]
  0x00007f2824001000 JavaThread "Thread-13" [_thread_in_native, id=6199, stack(0x00007f2839ffc000,0x00007f283a7fd000)]
  0x00007f2830001000 JavaThread "Thread-12" [_thread_in_native, id=6198, stack(0x00007f283a7fd000,0x00007f283affe000)]
  0x00007f282c001000 JavaThread "Thread-11" [_thread_in_native, id=6197, stack(0x00007f283affe000,0x00007f283b7ff000)]
  0x00007f2834001000 JavaThread "Thread-10" [_thread_in_native, id=6196, stack(0x00007f283b7ff000,0x00007f283c000000)]
  0x00007f2840001000 JavaThread "Thread-9" [_thread_in_native, id=6195, stack(0x00007f28887f9000,0x00007f2888ffa000)]
  0x00007f283c001000 JavaThread "Thread-8" [_thread_in_native, id=6194, stack(0x00007f2888ffa000,0x00007f28897fb000)]
  0x00007f2848001000 JavaThread "Thread-7" [_thread_in_native, id=6193, stack(0x00007f28897fb000,0x00007f2889ffc000)]
  0x00007f2844001000 JavaThread "Thread-6" [_thread_in_native, id=6192, stack(0x00007f2889ffc000,0x00007f288a7fd000)]
  0x00007f2858001000 JavaThread "Thread-3" [_thread_in_native, id=6189, stack(0x00007f288b7ff000,0x00007f288c000000)]
  0x00007f2850001000 JavaThread "Thread-5" [_thread_in_native, id=6191, stack(0x00007f288a7fd000,0x00007f288affe000)]
  0x00007f284c001000 JavaThread "Thread-4" [_thread_in_native, id=6190, stack(0x00007f288affe000,0x00007f288b7ff000)]
  0x00007f2854001000 JavaThread "Thread-2" [_thread_in_native, id=6188, stack(0x00007f2890314000,0x00007f2890b15000)]
  0x00007f2860001000 JavaThread "Thread-1" [_thread_blocked, id=6187, stack(0x00007f2890b15000,0x00007f2891316000)]
  0x00007f289c099000 JavaThread "Service Thread" daemon [_thread_blocked, id=6185, stack(0x00007f28a01e7000,0x00007f28a02e8000)]
  0x00007f289c096800 JavaThread "C2 CompilerThread1" daemon [_thread_blocked, id=6184, stack(0x00007f28a02e8000,0x00007f28a03e9000)]
  0x00007f289c093800 JavaThread "C2 CompilerThread0" daemon [_thread_blocked, id=6183, stack(0x00007f28a03e9000,0x00007f28a04ea000)]
  0x00007f289c070800 JavaThread "Finalizer" daemon [_thread_blocked, id=6181, stack(0x00007f28a05eb000,0x00007f28a06ec000)]
  0x00007f289c06e000 JavaThread "Reference Handler" daemon [_thread_blocked, id=6180, stack(0x00007f28a06ec000,0x00007f28a07ed000)]
  0x00007f289c009800 JavaThread "main" [_thread_in_native, id=6174, stack(0x00007f28a5230000,0x00007f28a5331000)]

Other Threads:
=>0x00007f289c06a000 VMThread [stack: 0x00007f28a07ed000,0x00007f28a08ee000] [id=6179]

VM state:at safepoint (shutting down)

VM Mutex/Monitor currently owned by a thread:  ([mutex/lock_event])
[0x00007f289c0061b0] Threads_lock - owner thread: 0x00007f289c06a000

Heap
 PSYoungGen      total 17920K, used 11369K [0x00000000ec400000, 0x00000000ed800000, 0x0000000100000000)
  eden space 15360K, 74% used [0x00000000ec400000,0x00000000ecf1a700,0x00000000ed300000)
  from space 2560K, 0% used [0x00000000ed580000,0x00000000ed580000,0x00000000ed800000)
  to   space 2560K, 0% used [0x00000000ed300000,0x00000000ed300000,0x00000000ed580000)
 ParOldGen       total 40448K, used 0K [0x00000000c4c00000, 0x00000000c7380000, 0x00000000ec400000)
  object space 40448K, 0% used [0x00000000c4c00000,0x00000000c4c00000,0x00000000c7380000)
 PSPermGen       total 21504K, used 3903K [0x00000000bfa00000, 0x00000000c0f00000, 0x00000000c4c00000)
  object space 21504K, 18% used [0x00000000bfa00000,0x00000000bfdcfd10,0x00000000c0f00000)

Card table byte_map: [0x00007f28a2312000,0x00007f28a2516000] byte_map_base: 0x00007f28a1d15000

Polling page: 0x00007f28a534d000

Code Cache  [0x00007f2899000000, 0x00007f2899270000, 0x00007f289c000000)
 total_blobs=241 nmethods=32 adapters=163 free_code_cache=48711Kb largest_free_block=49864128

Compilation events (10 events):
Event: 1.128 Thread 0x00007f289c093800   28             org.simgrid.msg.Task::getName (5 bytes)
Event: 1.129 Thread 0x00007f289c093800 nmethod 28 0x00007f289906b890 code [0x00007f289906b9c0, 0x00007f289906ba18]
Event: 1.129 Thread 0x00007f289c093800   29             java.lang.AbstractStringBuilder::append (144 bytes)
Event: 1.139 Thread 0x00007f289c093800 nmethod 29 0x00007f289906d3d0 code [0x00007f289906d540, 0x00007f289906db58]
Event: 1.160 Thread 0x00007f289c096800   30             java.util.regex.Pattern$Slice::match (79 bytes)
Event: 1.167 Thread 0x00007f289c096800 nmethod 30 0x00007f289906fc50 code [0x00007f289906fdc0, 0x00007f28990701f8]
Event: 1.229 Thread 0x00007f289c093800   31             java.lang.StringBuilder::append (8 bytes)
Event: 1.229 Thread 0x00007f289c096800   32             java.lang.AbstractStringBuilder::append (62 bytes)
Event: 1.247 Thread 0x00007f289c093800 nmethod 31 0x00007f289906ef90 code [0x00007f289906f100, 0x00007f289906f758]
Event: 1.259 Thread 0x00007f289c096800 nmethod 32 0x00007f289906e350 code [0x00007f289906e4c0, 0x00007f289906eb38]

GC Heap History (0 events):
No events

Deoptimization events (0 events):
No events

Internal exceptions (10 events):
Event: 1.319 Thread 0x00007f2850001000 Threw 0x00000000ecba8688 at /HUDSON/workspace/7u-2-build-linux-amd64/jdk7u80/2329/hotspot/src/share/vm/prims/jni.cpp:743
Event: 1.320 Thread 0x00007f282c001000 Threw 0x00000000ec840e28 at /HUDSON/workspace/7u-2-build-linux-amd64/jdk7u80/2329/hotspot/src/share/vm/prims/jni.cpp:743
Event: 1.320 Thread 0x00007f281c001000 Threw 0x00000000ec9bef58 at /HUDSON/workspace/7u-2-build-linux-amd64/jdk7u80/2329/hotspot/src/share/vm/prims/jni.cpp:743
Event: 1.320 Thread 0x00007f2830001000 Threw 0x00000000ec88d3d8 at /HUDSON/workspace/7u-2-build-linux-amd64/jdk7u80/2329/hotspot/src/share/vm/prims/jni.cpp:743
Event: 1.320 Thread 0x00007f283c001000 Threw 0x00000000ecdebc60 at /HUDSON/workspace/7u-2-build-linux-amd64/jdk7u80/2329/hotspot/src/share/vm/prims/jni.cpp:743
Event: 1.321 Thread 0x00007f2840001000 Threw 0x00000000ec7a8600 at /HUDSON/workspace/7u-2-build-linux-amd64/jdk7u80/2329/hotspot/src/share/vm/prims/jni.cpp:743
Event: 1.321 Thread 0x00007f2824001000 Threw 0x00000000ec9265d8 at /HUDSON/workspace/7u-2-build-linux-amd64/jdk7u80/2329/hotspot/src/share/vm/prims/jni.cpp:743
Event: 1.321 Thread 0x00007f2860001000 Threw 0x00000000ecc98170 at /HUDSON/workspace/7u-2-build-linux-amd64/jdk7u80/2329/hotspot/src/share/vm/prims/jni.cpp:743
Event: 1.321 Thread 0x00007f2834001000 Threw 0x00000000ec7f4a58 at /HUDSON/workspace/7u-2-build-linux-amd64/jdk7u80/2329/hotspot/src/share/vm/prims/jni.cpp:743
Event: 1.321 Thread 0x00007f2828001000 Threw 0x00000000ec972b28 at /HUDSON/workspace/7u-2-build-linux-amd64/jdk7u80/2329/hotspot/src/share/vm/prims/jni.cpp:743

Events (10 events):
Event: 1.315 loading class 0x00007f2870079400
Event: 1.315 loading class 0x00007f2870079400 done
Event: 1.315 loading class 0x00007f28700793d0
Event: 1.315 loading class 0x00007f2870079390
Event: 1.315 loading class 0x00007f2870079390 done
Event: 1.315 loading class 0x00007f28700793d0 done
Event: 1.320 Thread 0x00007f2820001000 Thread added: 0x00007f2820001000
Event: 1.321 Thread 0x00007f2820001000 Thread exited: 0x00007f2820001000
Event: 1.321 Thread 0x00007f289c091800 Thread exited: 0x00007f289c091800
Event: 1.321 Executing VM operation: Exit


Dynamic libraries:
00400000-00401000 r-xp 00000000 08:07 663942                             /home/elixandre/jdk1.7.0_80/bin/java
00600000-00601000 rw-p 00000000 08:07 663942                             /home/elixandre/jdk1.7.0_80/bin/java
01cb7000-01cd8000 rw-p 00000000 00:00 0                                  [heap]
bfa00000-c0f00000 rw-p 00000000 00:00 0 
c0f00000-c4c00000 rw-p 00000000 00:00 0 
c4c00000-c7380000 rw-p 00000000 00:00 0 
c7380000-ec400000 rw-p 00000000 00:00 0 
ec400000-ed800000 rw-p 00000000 00:00 0 
ed800000-100000000 rw-p 00000000 00:00 0 
7f2814000000-7f2814021000 rw-p 00000000 00:00 0 
7f2814021000-7f2818000000 ---p 00000000 00:00 0 
7f281c000000-7f281c022000 rw-p 00000000 00:00 0 
7f281c022000-7f2820000000 ---p 00000000 00:00 0 
7f2820000000-7f2820021000 rw-p 00000000 00:00 0 
7f2820021000-7f2824000000 ---p 00000000 00:00 0 
7f2824000000-7f2824022000 rw-p 00000000 00:00 0 
7f2824022000-7f2828000000 ---p 00000000 00:00 0 
7f2828000000-7f2828022000 rw-p 00000000 00:00 0 
7f2828022000-7f282c000000 ---p 00000000 00:00 0 
7f282c000000-7f282c022000 rw-p 00000000 00:00 0 
7f282c022000-7f2830000000 ---p 00000000 00:00 0 
7f2830000000-7f2830022000 rw-p 00000000 00:00 0 
7f2830022000-7f2834000000 ---p 00000000 00:00 0 
7f2834000000-7f2834022000 rw-p 00000000 00:00 0 
7f2834022000-7f2838000000 ---p 00000000 00:00 0 
7f2838ffa000-7f2838ffd000 ---p 00000000 00:00 0 
7f2838ffd000-7f28397fb000 rw-p 00000000 00:00 0 
7f28397fb000-7f28397fe000 ---p 00000000 00:00 0 
7f28397fe000-7f2839ffc000 rw-p 00000000 00:00 0 
7f2839ffc000-7f2839fff000 ---p 00000000 00:00 0 
7f2839fff000-7f283a7fd000 rw-p 00000000 00:00 0 
7f283a7fd000-7f283a800000 ---p 00000000 00:00 0 
7f283a800000-7f283affe000 rw-p 00000000 00:00 0 
7f283affe000-7f283b001000 ---p 00000000 00:00 0 
7f283b001000-7f283b7ff000 rw-p 00000000 00:00 0 
7f283b7ff000-7f283b802000 ---p 00000000 00:00 0 
7f283b802000-7f283c000000 rw-p 00000000 00:00 0 
7f283c000000-7f283c0ca000 rw-p 00000000 00:00 0 
7f283c0ca000-7f2840000000 ---p 00000000 00:00 0 
7f2840000000-7f2840022000 rw-p 00000000 00:00 0 
7f2840022000-7f2844000000 ---p 00000000 00:00 0 
7f2844000000-7f28440a9000 rw-p 00000000 00:00 0 
7f28440a9000-7f2848000000 ---p 00000000 00:00 0 
7f2848000000-7f28480a9000 rw-p 00000000 00:00 0 
7f28480a9000-7f284c000000 ---p 00000000 00:00 0 
7f284c000000-7f284c0a9000 rw-p 00000000 00:00 0 
7f284c0a9000-7f2850000000 ---p 00000000 00:00 0 
7f2850000000-7f28500a9000 rw-p 00000000 00:00 0 
7f28500a9000-7f2854000000 ---p 00000000 00:00 0 
7f2854000000-7f28540a8000 rw-p 00000000 00:00 0 
7f28540a8000-7f2858000000 ---p 00000000 00:00 0 
7f2858000000-7f28580a8000 rw-p 00000000 00:00 0 
7f28580a8000-7f285c000000 ---p 00000000 00:00 0 
7f285c000000-7f285c021000 rw-p 00000000 00:00 0 
7f285c021000-7f2860000000 ---p 00000000 00:00 0 
7f2860000000-7f28600e2000 rw-p 00000000 00:00 0 
7f28600e2000-7f2864000000 ---p 00000000 00:00 0 
7f2864000000-7f28640db000 rw-p 00000000 00:00 0 
7f28640db000-7f2868000000 ---p 00000000 00:00 0 
7f2868000000-7f2868021000 rw-p 00000000 00:00 0 
7f2868021000-7f286c000000 ---p 00000000 00:00 0 
7f286c000000-7f286c021000 rw-p 00000000 00:00 0 
7f286c021000-7f2870000000 ---p 00000000 00:00 0 
7f2870000000-7f287015c000 rw-p 00000000 00:00 0 
7f287015c000-7f2874000000 ---p 00000000 00:00 0 
7f2874000000-7f2874021000 rw-p 00000000 00:00 0 
7f2874021000-7f2878000000 ---p 00000000 00:00 0 
7f2878000000-7f2878021000 rw-p 00000000 00:00 0 
7f2878021000-7f287c000000 ---p 00000000 00:00 0 
7f287c000000-7f287c021000 rw-p 00000000 00:00 0 
7f287c021000-7f2880000000 ---p 00000000 00:00 0 
7f2880000000-7f2880021000 rw-p 00000000 00:00 0 
7f2880021000-7f2884000000 ---p 00000000 00:00 0 
7f2884000000-7f2884021000 rw-p 00000000 00:00 0 
7f2884021000-7f2888000000 ---p 00000000 00:00 0 
7f28887f9000-7f28887fc000 ---p 00000000 00:00 0 
7f28887fc000-7f2888ffa000 rw-p 00000000 00:00 0 
7f2888ffa000-7f2888ffd000 ---p 00000000 00:00 0 
7f2888ffd000-7f28897fb000 rw-p 00000000 00:00 0 
7f28897fb000-7f28897fe000 ---p 00000000 00:00 0 
7f28897fe000-7f2889ffc000 rw-p 00000000 00:00 0 
7f2889ffc000-7f2889fff000 ---p 00000000 00:00 0 
7f2889fff000-7f288a7fd000 rw-p 00000000 00:00 0 
7f288a7fd000-7f288a800000 ---p 00000000 00:00 0 
7f288a800000-7f288affe000 rw-p 00000000 00:00 0 
7f288affe000-7f288b001000 ---p 00000000 00:00 0 
7f288b001000-7f288b7ff000 rw-p 00000000 00:00 0 
7f288b7ff000-7f288b802000 ---p 00000000 00:00 0 
7f288b802000-7f288c000000 rw-p 00000000 00:00 0 
7f288c000000-7f288c021000 rw-p 00000000 00:00 0 
7f288c021000-7f2890000000 ---p 00000000 00:00 0 
7f2890213000-7f2890216000 ---p 00000000 00:00 0 
7f2890216000-7f2890314000 rw-p 00000000 00:00 0 
7f2890314000-7f2890317000 ---p 00000000 00:00 0 
7f2890317000-7f2890b15000 rw-p 00000000 00:00 0 
7f2890b15000-7f2890b18000 ---p 00000000 00:00 0 
7f2890b18000-7f2891316000 rw-p 00000000 00:00 0 
7f2891316000-7f289132e000 r-xp 00000000 08:07 794742                     /tmp/simgrid-java7029024094222785657/libsimgrid-java.so (deleted)
7f289132e000-7f289152e000 ---p 00018000 08:07 794742                     /tmp/simgrid-java7029024094222785657/libsimgrid-java.so (deleted)
7f289152e000-7f289152f000 rw-p 00018000 08:07 794742                     /tmp/simgrid-java7029024094222785657/libsimgrid-java.so (deleted)
7f289152f000-7f2891545000 r-xp 00000000 08:07 528568                     /lib/x86_64-linux-gnu/libgcc_s.so.1
7f2891545000-7f2891744000 ---p 00016000 08:07 528568                     /lib/x86_64-linux-gnu/libgcc_s.so.1
7f2891744000-7f2891745000 r--p 00015000 08:07 528568                     /lib/x86_64-linux-gnu/libgcc_s.so.1
7f2891745000-7f2891746000 rw-p 00016000 08:07 528568                     /lib/x86_64-linux-gnu/libgcc_s.so.1
7f2891746000-7f28918b9000 r-xp 00000000 08:07 1059329                    /usr/lib/x86_64-linux-gnu/libstdc++.so.6.0.21
7f28918b9000-7f2891ab8000 ---p 00173000 08:07 1059329                    /usr/lib/x86_64-linux-gnu/libstdc++.so.6.0.21
7f2891ab8000-7f2891ac2000 r--p 00172000 08:07 1059329                    /usr/lib/x86_64-linux-gnu/libstdc++.so.6.0.21
7f2891ac2000-7f2891ac4000 rw-p 0017c000 08:07 1059329                    /usr/lib/x86_64-linux-gnu/libstdc++.so.6.0.21
7f2891ac4000-7f2891ac8000 rw-p 00000000 00:00 0 
7f2891ac8000-7f2891d8d000 r-xp 00000000 08:07 794736                     /tmp/simgrid-java7029024094222785657/libsimgrid.so (deleted)
7f2891d8d000-7f2891f8d000 ---p 002c5000 08:07 794736                     /tmp/simgrid-java7029024094222785657/libsimgrid.so (deleted)
7f2891f8d000-7f2891fc8000 rw-p 002c5000 08:07 794736                     /tmp/simgrid-java7029024094222785657/libsimgrid.so (deleted)
7f2891fc8000-7f2894000000 rw-p 00000000 00:00 0 
7f2894000000-7f2894021000 rw-p 00000000 00:00 0 
7f2894021000-7f2898000000 ---p 00000000 00:00 0 
7f28980f3000-7f28980f6000 ---p 00000000 00:00 0 
7f28980f6000-7f28984f5000 rw-p 00000000 00:00 0 
7f28984f5000-7f289850c000 r-xp 00000000 08:07 663689                     /home/elixandre/jdk1.7.0_80/jre/lib/amd64/libnet.so
7f289850c000-7f289870b000 ---p 00017000 08:07 663689                     /home/elixandre/jdk1.7.0_80/jre/lib/amd64/libnet.so
7f289870b000-7f289870c000 rw-p 00016000 08:07 663689                     /home/elixandre/jdk1.7.0_80/jre/lib/amd64/libnet.so
7f289870c000-7f289871c000 r-xp 00000000 08:07 663688                     /home/elixandre/jdk1.7.0_80/jre/lib/amd64/libnio.so
7f289871c000-7f289891c000 ---p 00010000 08:07 663688                     /home/elixandre/jdk1.7.0_80/jre/lib/amd64/libnio.so
7f289891c000-7f289891d000 rw-p 00010000 08:07 663688                     /home/elixandre/jdk1.7.0_80/jre/lib/amd64/libnio.so
7f289891d000-7f2899000000 r--p 00000000 08:07 1055607                    /usr/lib/locale/locale-archive
7f2899000000-7f2899270000 rwxp 00000000 00:00 0 
7f2899270000-7f289c420000 rw-p 00000000 00:00 0 
7f289c420000-7f28a0000000 ---p 00000000 00:00 0 
7f28a00e6000-7f28a00e7000 ---p 00000000 00:00 0 
7f28a00e7000-7f28a01e7000 rw-p 00000000 00:00 0 
7f28a01e7000-7f28a01ea000 ---p 00000000 00:00 0 
7f28a01ea000-7f28a02e8000 rw-p 00000000 00:00 0 
7f28a02e8000-7f28a02eb000 ---p 00000000 00:00 0 
7f28a02eb000-7f28a03e9000 rw-p 00000000 00:00 0 
7f28a03e9000-7f28a03ec000 ---p 00000000 00:00 0 
7f28a03ec000-7f28a04ea000 rw-p 00000000 00:00 0 
7f28a04ea000-7f28a04ed000 ---p 00000000 00:00 0 
7f28a04ed000-7f28a05eb000 rw-p 00000000 00:00 0 
7f28a05eb000-7f28a05ee000 ---p 00000000 00:00 0 
7f28a05ee000-7f28a06ec000 rw-p 00000000 00:00 0 
7f28a06ec000-7f28a06ef000 ---p 00000000 00:00 0 
7f28a06ef000-7f28a07ed000 rw-p 00000000 00:00 0 
7f28a07ed000-7f28a07ee000 ---p 00000000 00:00 0 
7f28a07ee000-7f28a18ed000 rw-p 00000000 00:00 0 
7f28a18ed000-7f28a1aad000 r--s 039fb000 08:07 663892                     /home/elixandre/jdk1.7.0_80/jre/lib/rt.jar
7f28a1aad000-7f28a1da9000 rw-p 00000000 00:00 0 
7f28a1da9000-7f28a1daa000 ---p 00000000 00:00 0 
7f28a1daa000-7f28a1eaa000 rw-p 00000000 00:00 0 
7f28a1eaa000-7f28a1eab000 ---p 00000000 00:00 0 
7f28a1eab000-7f28a1fab000 rw-p 00000000 00:00 0 
7f28a1fab000-7f28a1fac000 ---p 00000000 00:00 0 
7f28a1fac000-7f28a20ac000 rw-p 00000000 00:00 0 
7f28a20ac000-7f28a20ad000 ---p 00000000 00:00 0 
7f28a20ad000-7f28a21b8000 rw-p 00000000 00:00 0 
7f28a21b8000-7f28a21d6000 rw-p 00000000 00:00 0 
7f28a21d6000-7f28a21ea000 rw-p 00000000 00:00 0 
7f28a21ea000-7f28a2312000 rw-p 00000000 00:00 0 
7f28a2312000-7f28a231d000 rw-p 00000000 00:00 0 
7f28a231d000-7f28a233b000 rw-p 00000000 00:00 0 
7f28a233b000-7f28a234f000 rw-p 00000000 00:00 0 
7f28a234f000-7f28a2477000 rw-p 00000000 00:00 0 
7f28a2477000-7f28a2481000 rw-p 00000000 00:00 0 
7f28a2481000-7f28a2515000 rw-p 00000000 00:00 0 
7f28a2515000-7f28a2516000 rw-p 00000000 00:00 0 
7f28a2516000-7f28a252d000 r-xp 00000000 08:07 663687                     /home/elixandre/jdk1.7.0_80/jre/lib/amd64/libzip.so
7f28a252d000-7f28a272d000 ---p 00017000 08:07 663687                     /home/elixandre/jdk1.7.0_80/jre/lib/amd64/libzip.so
7f28a272d000-7f28a272e000 rw-p 00017000 08:07 663687                     /home/elixandre/jdk1.7.0_80/jre/lib/amd64/libzip.so
7f28a272e000-7f28a2738000 r-xp 00000000 08:07 529521                     /lib/x86_64-linux-gnu/libnss_files-2.21.so
7f28a2738000-7f28a2938000 ---p 0000a000 08:07 529521                     /lib/x86_64-linux-gnu/libnss_files-2.21.so
7f28a2938000-7f28a2939000 r--p 0000a000 08:07 529521                     /lib/x86_64-linux-gnu/libnss_files-2.21.so
7f28a2939000-7f28a293a000 rw-p 0000b000 08:07 529521                     /lib/x86_64-linux-gnu/libnss_files-2.21.so
7f28a293a000-7f28a2945000 r-xp 00000000 08:07 529535                     /lib/x86_64-linux-gnu/libnss_nis-2.21.so
7f28a2945000-7f28a2b44000 ---p 0000b000 08:07 529535                     /lib/x86_64-linux-gnu/libnss_nis-2.21.so
7f28a2b44000-7f28a2b45000 r--p 0000a000 08:07 529535                     /lib/x86_64-linux-gnu/libnss_nis-2.21.so
7f28a2b45000-7f28a2b46000 rw-p 0000b000 08:07 529535                     /lib/x86_64-linux-gnu/libnss_nis-2.21.so
7f28a2b46000-7f28a2b5d000 r-xp 00000000 08:07 529538                     /lib/x86_64-linux-gnu/libnsl-2.21.so
7f28a2b5d000-7f28a2d5c000 ---p 00017000 08:07 529538                     /lib/x86_64-linux-gnu/libnsl-2.21.so
7f28a2d5c000-7f28a2d5d000 r--p 00016000 08:07 529538                     /lib/x86_64-linux-gnu/libnsl-2.21.so
7f28a2d5d000-7f28a2d5e000 rw-p 00017000 08:07 529538                     /lib/x86_64-linux-gnu/libnsl-2.21.so
7f28a2d5e000-7f28a2d60000 rw-p 00000000 00:00 0 
7f28a2d60000-7f28a2d68000 r-xp 00000000 08:07 529523                     /lib/x86_64-linux-gnu/libnss_compat-2.21.so
7f28a2d68000-7f28a2f67000 ---p 00008000 08:07 529523                     /lib/x86_64-linux-gnu/libnss_compat-2.21.so
7f28a2f67000-7f28a2f68000 r--p 00007000 08:07 529523                     /lib/x86_64-linux-gnu/libnss_compat-2.21.so
7f28a2f68000-7f28a2f69000 rw-p 00008000 08:07 529523                     /lib/x86_64-linux-gnu/libnss_compat-2.21.so
7f28a2f69000-7f28a2f92000 r-xp 00000000 08:07 663623                     /home/elixandre/jdk1.7.0_80/jre/lib/amd64/libjava.so
7f28a2f92000-7f28a3192000 ---p 00029000 08:07 663623                     /home/elixandre/jdk1.7.0_80/jre/lib/amd64/libjava.so
7f28a3192000-7f28a3194000 rw-p 00029000 08:07 663623                     /home/elixandre/jdk1.7.0_80/jre/lib/amd64/libjava.so
7f28a3194000-7f28a31a1000 r-xp 00000000 08:07 663501                     /home/elixandre/jdk1.7.0_80/jre/lib/amd64/libverify.so
7f28a31a1000-7f28a33a0000 ---p 0000d000 08:07 663501                     /home/elixandre/jdk1.7.0_80/jre/lib/amd64/libverify.so
7f28a33a0000-7f28a33a2000 rw-p 0000c000 08:07 663501                     /home/elixandre/jdk1.7.0_80/jre/lib/amd64/libverify.so
7f28a33a2000-7f28a33a9000 r-xp 00000000 08:07 529522                     /lib/x86_64-linux-gnu/librt-2.21.so
7f28a33a9000-7f28a35a8000 ---p 00007000 08:07 529522                     /lib/x86_64-linux-gnu/librt-2.21.so
7f28a35a8000-7f28a35a9000 r--p 00006000 08:07 529522                     /lib/x86_64-linux-gnu/librt-2.21.so
7f28a35a9000-7f28a35aa000 rw-p 00007000 08:07 529522                     /lib/x86_64-linux-gnu/librt-2.21.so
7f28a35aa000-7f28a36b1000 r-xp 00000000 08:07 529524                     /lib/x86_64-linux-gnu/libm-2.21.so
7f28a36b1000-7f28a38b0000 ---p 00107000 08:07 529524                     /lib/x86_64-linux-gnu/libm-2.21.so
7f28a38b0000-7f28a38b1000 r--p 00106000 08:07 529524                     /lib/x86_64-linux-gnu/libm-2.21.so
7f28a38b1000-7f28a38b2000 rw-p 00107000 08:07 529524                     /lib/x86_64-linux-gnu/libm-2.21.so
7f28a38b2000-7f28a4428000 r-xp 00000000 08:07 663273                     /home/elixandre/jdk1.7.0_80/jre/lib/amd64/server/libjvm.so
7f28a4428000-7f28a4627000 ---p 00b76000 08:07 663273                     /home/elixandre/jdk1.7.0_80/jre/lib/amd64/server/libjvm.so
7f28a4627000-7f28a46eb000 rw-p 00b75000 08:07 663273                     /home/elixandre/jdk1.7.0_80/jre/lib/amd64/server/libjvm.so
7f28a46eb000-7f28a472c000 rw-p 00000000 00:00 0 
7f28a472c000-7f28a48ec000 r-xp 00000000 08:07 529541                     /lib/x86_64-linux-gnu/libc-2.21.so
7f28a48ec000-7f28a4aec000 ---p 001c0000 08:07 529541                     /lib/x86_64-linux-gnu/libc-2.21.so
7f28a4aec000-7f28a4af0000 r--p 001c0000 08:07 529541                     /lib/x86_64-linux-gnu/libc-2.21.so
7f28a4af0000-7f28a4af2000 rw-p 001c4000 08:07 529541                     /lib/x86_64-linux-gnu/libc-2.21.so
7f28a4af2000-7f28a4af6000 rw-p 00000000 00:00 0 
7f28a4af6000-7f28a4af9000 r-xp 00000000 08:07 529528                     /lib/x86_64-linux-gnu/libdl-2.21.so
7f28a4af9000-7f28a4cf8000 ---p 00003000 08:07 529528                     /lib/x86_64-linux-gnu/libdl-2.21.so
7f28a4cf8000-7f28a4cf9000 r--p 00002000 08:07 529528                     /lib/x86_64-linux-gnu/libdl-2.21.so
7f28a4cf9000-7f28a4cfa000 rw-p 00003000 08:07 529528                     /lib/x86_64-linux-gnu/libdl-2.21.so
7f28a4cfa000-7f28a4d0f000 r-xp 00000000 08:07 663695                     /home/elixandre/jdk1.7.0_80/lib/amd64/jli/libjli.so
7f28a4d0f000-7f28a4f0e000 ---p 00015000 08:07 663695                     /home/elixandre/jdk1.7.0_80/lib/amd64/jli/libjli.so
7f28a4f0e000-7f28a4f0f000 rw-p 00014000 08:07 663695                     /home/elixandre/jdk1.7.0_80/lib/amd64/jli/libjli.so
7f28a4f0f000-7f28a4f27000 r-xp 00000000 08:07 529525                     /lib/x86_64-linux-gnu/libpthread-2.21.so
7f28a4f27000-7f28a5127000 ---p 00018000 08:07 529525                     /lib/x86_64-linux-gnu/libpthread-2.21.so
7f28a5127000-7f28a5128000 r--p 00018000 08:07 529525                     /lib/x86_64-linux-gnu/libpthread-2.21.so
7f28a5128000-7f28a5129000 rw-p 00019000 08:07 529525                     /lib/x86_64-linux-gnu/libpthread-2.21.so
7f28a5129000-7f28a512d000 rw-p 00000000 00:00 0 
7f28a512d000-7f28a5151000 r-xp 00000000 08:07 529539                     /lib/x86_64-linux-gnu/ld-2.21.so
7f28a515b000-7f28a517a000 rw-p 00000000 00:00 0 
7f28a517a000-7f28a5230000 rw-p 00000000 00:00 0 
7f28a5230000-7f28a5233000 ---p 00000000 00:00 0 
7f28a5233000-7f28a5335000 rw-p 00000000 00:00 0 
7f28a533d000-7f28a5341000 r--s 0008b000 08:07 663627                     /home/elixandre/jdk1.7.0_80/jre/lib/jsse.jar
7f28a5341000-7f28a5344000 r--s 00f76000 08:07 542783                     /home/elixandre/Downloads/simgrid.jar
7f28a5344000-7f28a534c000 rw-s 00000000 08:07 544733                     /tmp/hsperfdata_elixandre/6169 (deleted)
7f28a534c000-7f28a534d000 rw-p 00000000 00:00 0 
7f28a534d000-7f28a534e000 ---p 00000000 00:00 0 
7f28a534e000-7f28a5350000 rw-p 00000000 00:00 0 
7f28a5350000-7f28a5351000 r--p 00023000 08:07 529539                     /lib/x86_64-linux-gnu/ld-2.21.so
7f28a5351000-7f28a5352000 rw-p 00024000 08:07 529539                     /lib/x86_64-linux-gnu/ld-2.21.so
7f28a5352000-7f28a5353000 rw-p 00000000 00:00 0 
7fff34f79000-7fff34f9a000 rw-p 00000000 00:00 0                          [stack]
7fff34fd4000-7fff34fd6000 r--p 00000000 00:00 0                          [vvar]
7fff34fd6000-7fff34fd8000 r-xp 00000000 00:00 0                          [vdso]
ffffffffff600000-ffffffffff601000 r-xp 00000000 00:00 0                  [vsyscall]

VM Arguments:
jvm_args: -Dfile.encoding=UTF-8 
java_command: vcube.VCube platform.xml deployment.xml
Launcher Type: SUN_STANDARD

Environment Variables:
PATH=/usr/local/sbin:/usr/local/bin:/usr/sbin:/usr/bin:/sbin:/bin:/usr/games:/usr/local/games:/home/elixandre/.rvm/bin
LD_LIBRARY_PATH=/home/elixandre/jdk1.7.0_80/jre/lib/amd64:/home/elixandre/jdk1.7.0_80/jre/lib/i386:
SHELL=/bin/bash
DISPLAY=:0

Signal Handlers:
SIGSEGV: [libjvm.so+0x9a3b20], sa_mask[0]=0x7ffbfeff, sa_flags=0x10000004
SIGBUS: [libjvm.so+0x9a3b20], sa_mask[0]=0x7ffbfeff, sa_flags=0x10000004
SIGFPE: [libjvm.so+0x81e740], sa_mask[0]=0x7ffbfeff, sa_flags=0x10000004
SIGPIPE: [libjvm.so+0x81e740], sa_mask[0]=0x7ffbfeff, sa_flags=0x10000004
SIGXFSZ: [libjvm.so+0x81e740], sa_mask[0]=0x7ffbfeff, sa_flags=0x10000004
SIGILL: [libjvm.so+0x81e740], sa_mask[0]=0x7ffbfeff, sa_flags=0x10000004
SIGUSR1: SIG_DFL, sa_mask[0]=0x00000000, sa_flags=0x00000000
SIGUSR2: [libjvm.so+0x81ffb0], sa_mask[0]=0x00000004, sa_flags=0x10000004
SIGHUP: [libjvm.so+0x8210d0], sa_mask[0]=0x7ffbfeff, sa_flags=0x10000004
SIGINT: [libsimgrid.so+0x8ff50], sa_mask[0]=0x00000002, sa_flags=0x10000000
SIGTERM: [libjvm.so+0x8210d0], sa_mask[0]=0x7ffbfeff, sa_flags=0x10000004
SIGQUIT: [libjvm.so+0x8210d0], sa_mask[0]=0x7ffbfeff, sa_flags=0x10000004


---------------  S Y S T E M  ---------------

OS:jessie/sid

uname:Linux 4.2.0-42-generic #49-Ubuntu SMP Tue Jun 28 21:26:26 UTC 2016 x86_64
libc:glibc 2.21 NPTL 2.21 
rlimit: STACK 8192k, CORE 0k, NPROC 15009, NOFILE 65536, AS infinity
load average:0.74 0.47 0.27

/proc/meminfo:
MemTotal:        3879128 kB
MemFree:         1036684 kB
MemAvailable:    1975908 kB
Buffers:           81244 kB
Cached:          1133456 kB
SwapCached:         2748 kB
Active:          1480368 kB
Inactive:        1122180 kB
Active(anon):     892404 kB
Inactive(anon):   657636 kB
Active(file):     587964 kB
Inactive(file):   464544 kB
Unevictable:          32 kB
Mlocked:              32 kB
SwapTotal:        975868 kB
SwapFree:         947616 kB
Dirty:             12412 kB
Writeback:             0 kB
AnonPages:       1385544 kB
Mapped:           289816 kB
Shmem:            162192 kB
Slab:             145200 kB
SReclaimable:     111300 kB
SUnreclaim:        33900 kB
KernelStack:        9104 kB
PageTables:        33932 kB
NFS_Unstable:          0 kB
Bounce:                0 kB
WritebackTmp:          0 kB
CommitLimit:     2915432 kB
Committed_AS:    5090980 kB
VmallocTotal:   34359738367 kB
VmallocUsed:      347648 kB
VmallocChunk:   34358947836 kB
HardwareCorrupted:     0 kB
AnonHugePages:    987136 kB
CmaTotal:              0 kB
CmaFree:               0 kB
HugePages_Total:       0
HugePages_Free:        0
HugePages_Rsvd:        0
HugePages_Surp:        0
Hugepagesize:       2048 kB
DirectMap4k:      131832 kB
DirectMap2M:     3895296 kB


CPU:total 4 (2 cores per cpu, 2 threads per core) family 6 model 58 stepping 9, cmov, cx8, fxsr, mmx, sse, sse2, sse3, ssse3, sse4.1, sse4.2, popcnt, avx, erms, ht, tsc, tscinvbit, tscinv

/proc/cpuinfo:
processor	: 0
vendor_id	: GenuineIntel
cpu family	: 6
model		: 58
model name	: Intel(R) Core(TM) i7-3517U CPU @ 1.90GHz
stepping	: 9
microcode	: 0x12
cpu MHz		: 2619.468
cache size	: 4096 KB
physical id	: 0
siblings	: 4
core id		: 0
cpu cores	: 2
apicid		: 0
initial apicid	: 0
fpu		: yes
fpu_exception	: yes
cpuid level	: 13
wp		: yes
flags		: fpu vme de pse tsc msr pae mce cx8 apic sep mtrr pge mca cmov pat pse36 clflush dts acpi mmx fxsr sse sse2 ss ht tm pbe syscall nx rdtscp lm constant_tsc arch_perfmon pebs bts rep_good nopl xtopology nonstop_tsc aperfmperf eagerfpu pni pclmulqdq dtes64 monitor ds_cpl vmx est tm2 ssse3 cx16 xtpr pdcm pcid sse4_1 sse4_2 x2apic popcnt tsc_deadline_timer xsave avx f16c rdrand lahf_lm ida arat epb pln pts dtherm tpr_shadow vnmi flexpriority ept vpid fsgsbase smep erms xsaveopt
bugs		:
bogomips	: 4789.11
clflush size	: 64
cache_alignment	: 64
address sizes	: 36 bits physical, 48 bits virtual
power management:

processor	: 1
vendor_id	: GenuineIntel
cpu family	: 6
model		: 58
model name	: Intel(R) Core(TM) i7-3517U CPU @ 1.90GHz
stepping	: 9
microcode	: 0x12
cpu MHz		: 2693.250
cache size	: 4096 KB
physical id	: 0
siblings	: 4
core id		: 0
cpu cores	: 2
apicid		: 1
initial apicid	: 1
fpu		: yes
fpu_exception	: yes
cpuid level	: 13
wp		: yes
flags		: fpu vme de pse tsc msr pae mce cx8 apic sep mtrr pge mca cmov pat pse36 clflush dts acpi mmx fxsr sse sse2 ss ht tm pbe syscall nx rdtscp lm constant_tsc arch_perfmon pebs bts rep_good nopl xtopology nonstop_tsc aperfmperf eagerfpu pni pclmulqdq dtes64 monitor ds_cpl vmx est tm2 ssse3 cx16 xtpr pdcm pcid sse4_1 sse4_2 x2apic popcnt tsc_deadline_timer xsave avx f16c rdrand lahf_lm ida arat epb pln pts dtherm tpr_shadow vnmi flexpriority ept vpid fsgsbase smep erms xsaveopt
bugs		:
bogomips	: 4789.11
clflush size	: 64
cache_alignment	: 64
address sizes	: 36 bits physical, 48 bits virtual
power management:

processor	: 2
vendor_id	: GenuineIntel
cpu family	: 6
model		: 58
model name	: Intel(R) Core(TM) i7-3517U CPU @ 1.90GHz
stepping	: 9
microcode	: 0x12
cpu MHz		: 2099.437
cache size	: 4096 KB
physical id	: 0
siblings	: 4
core id		: 1
cpu cores	: 2
apicid		: 2
initial apicid	: 2
fpu		: yes
fpu_exception	: yes
cpuid level	: 13
wp		: yes
flags		: fpu vme de pse tsc msr pae mce cx8 apic sep mtrr pge mca cmov pat pse36 clflush dts acpi mmx fxsr sse sse2 ss ht tm pbe syscall nx rdtscp lm constant_tsc arch_perfmon pebs bts rep_good nopl xtopology nonstop_tsc aperfmperf eagerfpu pni pclmulqdq dtes64 monitor ds_cpl vmx est tm2 ssse3 cx16 xtpr pdcm pcid sse4_1 sse4_2 x2apic popcnt tsc_deadline_timer xsave avx f16c rdrand lahf_lm ida arat epb pln pts dtherm tpr_shadow vnmi flexpriority ept vpid fsgsbase smep erms xsaveopt
bugs		:
bogomips	: 4789.11
clflush size	: 64
cache_alignment	: 64
address sizes	: 36 bits physical, 48 bits virtual
power management:

processor	: 3
vendor_id	: GenuineIntel
cpu family	: 6
model		: 58
model name	: Intel(R) Core(TM) i7-3517U CPU @ 1.90GHz
stepping	: 9
microcode	: 0x12
cpu MHz		: 2728.593
cache size	: 4096 KB
physical id	: 0
siblings	: 4
core id		: 1
cpu cores	: 2
apicid		: 3
initial apicid	: 3
fpu		: yes
fpu_exception	: yes
cpuid level	: 13
wp		: yes
flags		: fpu vme de pse tsc msr pae mce cx8 apic sep mtrr pge mca cmov pat pse36 clflush dts acpi mmx fxsr sse sse2 ss ht tm pbe syscall nx rdtscp lm constant_tsc arch_perfmon pebs bts rep_good nopl xtopology nonstop_tsc aperfmperf eagerfpu pni pclmulqdq dtes64 monitor ds_cpl vmx est tm2 ssse3 cx16 xtpr pdcm pcid sse4_1 sse4_2 x2apic popcnt tsc_deadline_timer xsave avx f16c rdrand lahf_lm ida arat epb pln pts dtherm tpr_shadow vnmi flexpriority ept vpid fsgsbase smep erms xsaveopt
bugs		:
bogomips	: 4789.11
clflush size	: 64
cache_alignment	: 64
address sizes	: 36 bits physical, 48 bits virtual
power management:



Memory: 4k page, physical 3879128k(1036684k free), swap 975868k(947616k free)

vm_info: Java HotSpot(TM) 64-Bit Server VM (24.80-b11) for linux-amd64 JRE (1.7.0_80-b15), built on Apr 10 2015 19:53:14 by "java_re" with gcc 4.3.0 20080428 (Red Hat 4.3.0-8)

time: Sat Apr 29 14:04:28 2017
elapsed time: 1 seconds

