#
# A fatal error has been detected by the Java Runtime Environment:
#
#  SIGSEGV (0xb) at pc=0x00007ff57db07263, pid=16762, tid=0x00007ff5843bf700
#
# JRE version: Java(TM) SE Runtime Environment (8.0_111-b14) (build 1.8.0_111-b14)
# Java VM: Java HotSpot(TM) 64-Bit Server VM (25.111-b14 mixed mode linux-amd64 compressed oops)
# Problematic frame:
# C  [libsimgrid.so+0x190263]  xbt_dynar_member+0x23
#
# Failed to write core dump. Core dumps have been disabled. To enable core dumping, try "ulimit -c unlimited" before starting Java again
#
# If you would like to submit a bug report, please visit:
#   http://bugreport.java.com/bugreport/crash.jsp
#

---------------  T H R E A D  ---------------

Current thread (0x00007ff598077800):  VMThread [stack: 0x00007ff5842bf000,0x00007ff5843c0000] [id=16772]

siginfo: si_signo: 11 (SIGSEGV), si_code: 1 (SEGV_MAPERR), si_addr: 0x0000000000000000

Registers:
RAX=0x0000000000000000, RBX=0x00007ff57de73700, RCX=0x0000000000000000, RDX=0x00007ff5843bfa30
RSP=0x00007ff5843be610, RBP=0x00007ff598152870, RSI=0x00007ff5843be7b8, RDI=0x00007ff5843be6d0
R8 =0x00007ff598149880, R9 =0x00007ff598149880, R10=0x0000000000000c58, R11=0x00007ff57db07240
R12=0x00007ff57de7e790, R13=0x00007ff598132910, R14=0x00000000000003d8, R15=0x00007ff598026e68
RIP=0x00007ff57db07263, EFLAGS=0x0000000000010202, CSGSFS=0x0000000000000033, ERR=0x0000000000000004
  TRAPNO=0x000000000000000e

Top of Stack: (sp=0x00007ff5843be610)
0x00007ff5843be610:   0000000000000000 0000000000000000
0x00007ff5843be620:   00007ff5981498f0 00007ff5843be7b8
0x00007ff5843be630:   0000000000000000 0000000000000000
0x00007ff5843be640:   0000000000000000 0000000000000000
0x00007ff5843be650:   0000000000000000 0000000000000000
0x00007ff5843be660:   0000000000000000 0000000000000000
0x00007ff5843be670:   0000000000000000 0000000000000000
0x00007ff5843be680:   0000ff00000000ff 00000000ff000000
0x00007ff5843be690:   0000000000000000 0000000000000000
0x00007ff5843be6a0:   000000004c18de9a 0000000000000000
0x00007ff5843be6b0:   0000000000000000 0000000000000000
0x00007ff5843be6c0:   0000000042c80000 0000000000000000
0x00007ff5843be6d0:   0000000000000000 0000000000000000
0x00007ff5843be6e0:   3e69a3a9eb000000 0000000000000000
0x00007ff5843be6f0:   0000000000000000 0000000000000000
0x00007ff5843be700:   00007ff57de3e400 00007ff598159520
0x00007ff5843be710:   00007ff598132910 00007ff57dafda0a
0x00007ff5843be720:   00007ff4fc559f80 00007ff57de3e400
0x00007ff5843be730:   00007ff598159520 00007ff57db6d286
0x00007ff5843be740:   00007ff598190db0 0000000000000000
0x00007ff5843be750:   0000000000000000 00007ff5843be7b8
0x00007ff5843be760:   00007ff5981498f0 00007ff598149880
0x00007ff5843be770:   00007ff598149880 00007ff57de76a98
0x00007ff5843be780:   00007ff59814bae0 0000000000000001
0x00007ff5843be790:   00007ff57de73700 00007ff598130e50
0x00007ff5843be7a0:   00007ff57de73700 00007ff57db2434f
0x00007ff5843be7b0:   0000000000000000 00007ff598159520
0x00007ff5843be7c0:   3e69a3a9eb000000 0000000000000000
0x00007ff5843be7d0:   0000000000000000 00007ff57de76a98
0x00007ff5843be7e0:   00007ff59814bae0 0000000000000001
0x00007ff5843be7f0:   00007ff598132910 00007ff57db05d37
0x00007ff5843be800:   00007ff598132910 00007ff57de76098 

Instructions: (pc=0x00007ff57db07263)
0x00007ff57db07243:   ec 90 01 00 00 48 8b 05 01 a2 33 00 48 89 7c 24
0x00007ff57db07253:   10 48 89 74 24 18 ff 10 48 8d bc 24 c0 00 00 00
0x00007ff57db07263:   48 8b 08 48 89 04 24 48 89 38 48 89 4c 24 08 e8
0x00007ff57db07273:   79 31 ed ff 85 c0 74 75 48 8b 14 24 c7 42 08 01 

Register to memory mapping:

RAX=0x0000000000000000 is an unknown value
RBX=0x00007ff57de73700: _simgrid_log_category__simix_process+0 in /tmp/simgrid-java1663162001556846899/libsimgrid.so at 0x00007ff57d977000
RCX=0x0000000000000000 is an unknown value
RDX=0x00007ff5843bfa30 is an unknown value
RSP=0x00007ff5843be610 is an unknown value
RBP=0x00007ff598152870 is an unknown value
RSI=0x00007ff5843be7b8 is an unknown value
RDI=0x00007ff5843be6d0 is an unknown value
R8 =0x00007ff598149880 is an unknown value
R9 =0x00007ff598149880 is an unknown value
R10=0x0000000000000c58 is an unknown value
R11=0x00007ff57db07240: xbt_dynar_member+0 in /tmp/simgrid-java1663162001556846899/libsimgrid.so at 0x00007ff57d977000
R12=0x00007ff57de7e790: simix_global+0 in /tmp/simgrid-java1663162001556846899/libsimgrid.so at 0x00007ff57d977000
R13=0x00007ff598132910 is an unknown value
R14=0x00000000000003d8 is an unknown value
R15=0x00007ff598026e68 is an unknown value


Stack: [0x00007ff5842bf000,0x00007ff5843c0000],  sp=0x00007ff5843be610,  free space=1021k
Native frames: (J=compiled Java code, j=interpreted, Vv=VM code, C=native code)
C  [libsimgrid.so+0x190263]  xbt_dynar_member+0x23

VM_Operation (0x00007ff57c1c23d0): Exit, mode: safepoint, requested by thread 0x00007ff564001000


---------------  P R O C E S S  ---------------

Java Threads: ( => current thread )
  0x00007ff500001000 JavaThread "Thread-0" [_thread_blocked, id=16862, stack(0x00007ff5446f8000,0x00007ff5447f9000)]
  0x00007ff564001000 JavaThread "SIGTERM handler" daemon [_thread_blocked, id=16861, stack(0x00007ff57c0c3000,0x00007ff57c1c4000)]
  0x00007ff508001000 JavaThread "Thread-16" [_thread_in_native, id=16798, stack(0x00007ff5207f9000,0x00007ff520ffa000)]
  0x00007ff504001000 JavaThread "Thread-15" [_thread_in_native, id=16797, stack(0x00007ff520ffa000,0x00007ff5217fb000)]
  0x00007ff510001000 JavaThread "Thread-14" [_thread_in_native, id=16796, stack(0x00007ff5217fb000,0x00007ff521ffc000)]
  0x00007ff50c001000 JavaThread "Thread-13" [_thread_in_native, id=16795, stack(0x00007ff521ffc000,0x00007ff5227fd000)]
  0x00007ff518001000 JavaThread "Thread-12" [_thread_in_native, id=16794, stack(0x00007ff5227fd000,0x00007ff522ffe000)]
  0x00007ff514001000 JavaThread "Thread-11" [_thread_blocked, id=16793, stack(0x00007ff522ffe000,0x00007ff5237ff000)]
  0x00007ff51c001000 JavaThread "Thread-10" [_thread_in_native, id=16792, stack(0x00007ff5237ff000,0x00007ff524000000)]
  0x00007ff528001000 JavaThread "Thread-9" [_thread_in_native, id=16791, stack(0x00007ff5447f9000,0x00007ff544ffa000)]
  0x00007ff524001000 JavaThread "Thread-8" [_thread_in_native, id=16790, stack(0x00007ff544ffa000,0x00007ff5457fb000)]
  0x00007ff530001000 JavaThread "Thread-7" [_thread_in_native, id=16789, stack(0x00007ff5457fb000,0x00007ff545ffc000)]
  0x00007ff52c001000 JavaThread "Thread-6" [_thread_in_native, id=16788, stack(0x00007ff545ffc000,0x00007ff5467fd000)]
  0x00007ff538001000 JavaThread "Thread-5" [_thread_in_native, id=16787, stack(0x00007ff5467fd000,0x00007ff546ffe000)]
  0x00007ff534001000 JavaThread "Thread-4" [_thread_in_native, id=16786, stack(0x00007ff546ffe000,0x00007ff5477ff000)]
  0x00007ff53c001000 JavaThread "Thread-3" [_thread_in_native, id=16785, stack(0x00007ff5477ff000,0x00007ff548000000)]
  0x00007ff540001000 JavaThread "Thread-2" [_thread_in_native, id=16784, stack(0x00007ff57c1c4000,0x00007ff57c9c5000)]
  0x00007ff54c001000 JavaThread "Thread-1" [_thread_in_native, id=16783, stack(0x00007ff57c9c5000,0x00007ff57d1c6000)]
  0x00007ff5980e2000 JavaThread "Service Thread" daemon [_thread_blocked, id=16779, stack(0x00007ff57e6a9000,0x00007ff57e7aa000)]
  0x00007ff5980bd000 JavaThread "C1 CompilerThread2" daemon [_thread_blocked, id=16778, stack(0x00007ff57e7aa000,0x00007ff57e8ab000)]
  0x00007ff5980bb000 JavaThread "C2 CompilerThread1" daemon [_thread_blocked, id=16777, stack(0x00007ff57e8ab000,0x00007ff57e9ac000)]
  0x00007ff5980b8800 JavaThread "C2 CompilerThread0" daemon [_thread_blocked, id=16776, stack(0x00007ff57e9ac000,0x00007ff57eaad000)]
  0x00007ff5980b7000 JavaThread "Signal Dispatcher" daemon [_thread_blocked, id=16775, stack(0x00007ff57eaad000,0x00007ff57ebae000)]
  0x00007ff598084000 JavaThread "Finalizer" daemon [_thread_blocked, id=16774, stack(0x00007ff5840bd000,0x00007ff5841be000)]
  0x00007ff59807f000 JavaThread "Reference Handler" daemon [_thread_blocked, id=16773, stack(0x00007ff5841be000,0x00007ff5842bf000)]
  0x00007ff59800a000 JavaThread "main" [_thread_in_native, id=16764, stack(0x00007ff59e6d9000,0x00007ff59e7da000)]

Other Threads:
=>0x00007ff598077800 VMThread [stack: 0x00007ff5842bf000,0x00007ff5843c0000] [id=16772]

VM state:at safepoint (shutting down)

VM Mutex/Monitor currently owned by a thread:  ([mutex/lock_event])
[0x00007ff5980060d0] Threads_lock - owner thread: 0x00007ff598077800

Heap:
 PSYoungGen      total 27648K, used 16036K [0x00000000ec400000, 0x00000000eee00000, 0x0000000100000000)
  eden space 14848K, 34% used [0x00000000ec400000,0x00000000ec909218,0x00000000ed280000)
  from space 12800K, 85% used [0x00000000ee000000,0x00000000eeaa0000,0x00000000eec80000)
  to   space 13824K, 0% used [0x00000000ed280000,0x00000000ed280000,0x00000000ee000000)
 ParOldGen       total 73216K, used 39134K [0x00000000c4c00000, 0x00000000c9380000, 0x00000000ec400000)
  object space 73216K, 53% used [0x00000000c4c00000,0x00000000c7237a68,0x00000000c9380000)
 Metaspace       used 3760K, capacity 4704K, committed 4864K, reserved 1056768K
  class space    used 417K, capacity 464K, committed 512K, reserved 1048576K

Card table byte_map: [0x00007ff588213000,0x00007ff5883ee000] byte_map_base: 0x00007ff587bed000

Marking Bits: (ParMarkBitMap*) 0x00007ff59dba9220
 Begin Bits: [0x00007ff585f33000, 0x00007ff586e03000)
 End Bits:   [0x00007ff586e03000, 0x00007ff587cd3000)

Polling page: 0x00007ff59e7f8000

CodeCache: size=245760Kb used=2340Kb max_used=2361Kb free=243419Kb
 bounds [0x00007ff5887ae000, 0x00007ff588a1e000, 0x00007ff5977ae000]
 total_blobs=484 nmethods=221 adapters=177
 compilation: enabled

Compilation events (10 events):
Event: 64.977 Thread 0x00007ff5980bb000 nmethod 221 0x00007ff5889d20d0 code [0x00007ff5889d2220, 0x00007ff5889d22b8]
Event: 64.977 Thread 0x00007ff5980bb000  216       4       java.lang.ref.ReferenceQueue::remove (6 bytes)
Event: 64.978 Thread 0x00007ff5980b8800 nmethod 219 0x00007ff588976e50 code [0x00007ff588977000, 0x00007ff588977638]
Event: 64.978 Thread 0x00007ff5980b8800  217   !   4       java.lang.ref.ReferenceQueue::remove (125 bytes)
Event: 64.984 Thread 0x00007ff5980b8800 nmethod 217 0x00007ff588976210 code [0x00007ff5889763a0, 0x00007ff588976b30]
Event: 64.984 Thread 0x00007ff5980b8800  220   !   4       java.lang.ref.Finalizer::remove (94 bytes)
Event: 64.984 Thread 0x00007ff5980bb000 nmethod 216 0x00007ff5889d2e90 code [0x00007ff5889d3020, 0x00007ff5889d35d0]
Event: 64.984 Thread 0x00007ff5980bb000  213   !   4       java.lang.ref.Reference::tryHandlePending (115 bytes)
Event: 64.986 Thread 0x00007ff5980b8800 nmethod 220 0x00007ff588978910 code [0x00007ff588978a80, 0x00007ff588978d58]
Event: 64.992 Thread 0x00007ff5980bb000 nmethod 213 0x00007ff5889ce850 code [0x00007ff5889cea20, 0x00007ff5889cf3a8]

GC Heap History (10 events):
Event: 64.392 GC heap before
{Heap before GC invocations=11 (full 0):
 PSYoungGen      total 25088K, used 19872K [0x00000000ec400000, 0x00000000ee980000, 0x0000000100000000)
  eden space 12800K, 100% used [0x00000000ec400000,0x00000000ed080000,0x00000000ed080000)
  from space 12288K, 57% used [0x00000000edd80000,0x00000000ee468000,0x00000000ee980000)
  to   space 12800K, 0% used [0x00000000ed080000,0x00000000ed080000,0x00000000edd00000)
 ParOldGen       total 40960K, used 29176K [0x00000000c4c00000, 0x00000000c7400000, 0x00000000ec400000)
  object space 40960K, 71% used [0x00000000c4c00000,0x00000000c687e070,0x00000000c7400000)
 Metaspace       used 3745K, capacity 4704K, committed 4864K, reserved 1056768K
  class space    used 414K, capacity 464K, committed 512K, reserved 1048576K
Event: 64.419 GC heap after
Heap after GC invocations=11 (full 0):
 PSYoungGen      total 25600K, used 3584K [0x00000000ec400000, 0x00000000eea80000, 0x0000000100000000)
  eden space 12800K, 0% used [0x00000000ec400000,0x00000000ec400000,0x00000000ed080000)
  from space 12800K, 28% used [0x00000000ed080000,0x00000000ed400000,0x00000000edd00000)
  to   space 13312K, 0% used [0x00000000edd80000,0x00000000edd80000,0x00000000eea80000)
 ParOldGen       total 40960K, used 36256K [0x00000000c4c00000, 0x00000000c7400000, 0x00000000ec400000)
  object space 40960K, 88% used [0x00000000c4c00000,0x00000000c6f68070,0x00000000c7400000)
 Metaspace       used 3745K, capacity 4704K, committed 4864K, reserved 1056768K
  class space    used 414K, capacity 464K, committed 512K, reserved 1048576K
}
Event: 64.419 GC heap before
{Heap before GC invocations=12 (full 1):
 PSYoungGen      total 25600K, used 3584K [0x00000000ec400000, 0x00000000eea80000, 0x0000000100000000)
  eden space 12800K, 0% used [0x00000000ec400000,0x00000000ec400000,0x00000000ed080000)
  from space 12800K, 28% used [0x00000000ed080000,0x00000000ed400000,0x00000000edd00000)
  to   space 13312K, 0% used [0x00000000edd80000,0x00000000edd80000,0x00000000eea80000)
 ParOldGen       total 40960K, used 36256K [0x00000000c4c00000, 0x00000000c7400000, 0x00000000ec400000)
  object space 40960K, 88% used [0x00000000c4c00000,0x00000000c6f68070,0x00000000c7400000)
 Metaspace       used 3745K, capacity 4704K, committed 4864K, reserved 1056768K
  class space    used 414K, capacity 464K, committed 512K, reserved 1048576K
Event: 64.959 GC heap after
Heap after GC invocations=12 (full 1):
 PSYoungGen      total 25600K, used 0K [0x00000000ec400000, 0x00000000eea80000, 0x0000000100000000)
  eden space 12800K, 0% used [0x00000000ec400000,0x00000000ec400000,0x00000000ed080000)
  from space 12800K, 0% used [0x00000000ed080000,0x00000000ed080000,0x00000000edd00000)
  to   space 13312K, 0% used [0x00000000edd80000,0x00000000edd80000,0x00000000eea80000)
 ParOldGen       total 73216K, used 39134K [0x00000000c4c00000, 0x00000000c9380000, 0x00000000ec400000)
  object space 73216K, 53% used [0x00000000c4c00000,0x00000000c7237a68,0x00000000c9380000)
 Metaspace       used 3745K, capacity 4704K, committed 4864K, reserved 1056768K
  class space    used 414K, capacity 464K, committed 512K, reserved 1048576K
}
Event: 74.629 GC heap before
{Heap before GC invocations=13 (full 1):
 PSYoungGen      total 25600K, used 12800K [0x00000000ec400000, 0x00000000eea80000, 0x0000000100000000)
  eden space 12800K, 100% used [0x00000000ec400000,0x00000000ed080000,0x00000000ed080000)
  from space 12800K, 0% used [0x00000000ed080000,0x00000000ed080000,0x00000000edd00000)
  to   space 13312K, 0% used [0x00000000edd80000,0x00000000edd80000,0x00000000eea80000)
 ParOldGen       total 73216K, used 39134K [0x00000000c4c00000, 0x00000000c9380000, 0x00000000ec400000)
  object space 73216K, 53% used [0x00000000c4c00000,0x00000000c7237a68,0x00000000c9380000)
 Metaspace       used 3745K, capacity 4704K, committed 4864K, reserved 1056768K
  class space    used 414K, capacity 464K, committed 512K, reserved 1048576K
Event: 74.638 GC heap after
Heap after GC invocations=13 (full 1):
 PSYoungGen      total 26624K, used 3616K [0x00000000ec400000, 0x00000000eec00000, 0x0000000100000000)
  eden space 13312K, 0% used [0x00000000ec400000,0x00000000ec400000,0x00000000ed100000)
  from space 13312K, 27% used [0x00000000edd80000,0x00000000ee108000,0x00000000eea80000)
  to   space 12800K, 0% used [0x00000000ed100000,0x00000000ed100000,0x00000000edd80000)
 ParOldGen       total 73216K, used 39134K [0x00000000c4c00000, 0x00000000c9380000, 0x00000000ec400000)
  object space 73216K, 53% used [0x00000000c4c00000,0x00000000c7237a68,0x00000000c9380000)
 Metaspace       used 3745K, capacity 4704K, committed 4864K, reserved 1056768K
  class space    used 414K, capacity 464K, committed 512K, reserved 1048576K
}
Event: 86.813 GC heap before
{Heap before GC invocations=14 (full 1):
 PSYoungGen      total 26624K, used 16928K [0x00000000ec400000, 0x00000000eec00000, 0x0000000100000000)
  eden space 13312K, 100% used [0x00000000ec400000,0x00000000ed100000,0x00000000ed100000)
  from space 13312K, 27% used [0x00000000edd80000,0x00000000ee108000,0x00000000eea80000)
  to   space 12800K, 0% used [0x00000000ed100000,0x00000000ed100000,0x00000000edd80000)
 ParOldGen       total 73216K, used 39134K [0x00000000c4c00000, 0x00000000c9380000, 0x00000000ec400000)
  object space 73216K, 53% used [0x00000000c4c00000,0x00000000c7237a68,0x00000000c9380000)
 Metaspace       used 3745K, capacity 4704K, committed 4864K, reserved 1056768K
  class space    used 414K, capacity 464K, committed 512K, reserved 1048576K
Event: 86.829 GC heap after
Heap after GC invocations=14 (full 1):
 PSYoungGen      total 26112K, used 7264K [0x00000000ec400000, 0x00000000eec80000, 0x0000000100000000)
  eden space 13312K, 0% used [0x00000000ec400000,0x00000000ec400000,0x00000000ed100000)
  from space 12800K, 56% used [0x00000000ed100000,0x00000000ed818000,0x00000000edd80000)
  to   space 12800K, 0% used [0x00000000ee000000,0x00000000ee000000,0x00000000eec80000)
 ParOldGen       total 73216K, used 39134K [0x00000000c4c00000, 0x00000000c9380000, 0x00000000ec400000)
  object space 73216K, 53% used [0x00000000c4c00000,0x00000000c7237a68,0x00000000c9380000)
 Metaspace       used 3745K, capacity 4704K, committed 4864K, reserved 1056768K
  class space    used 414K, capacity 464K, committed 512K, reserved 1048576K
}
Event: 105.625 GC heap before
{Heap before GC invocations=15 (full 1):
 PSYoungGen      total 26112K, used 20576K [0x00000000ec400000, 0x00000000eec80000, 0x0000000100000000)
  eden space 13312K, 100% used [0x00000000ec400000,0x00000000ed100000,0x00000000ed100000)
  from space 12800K, 56% used [0x00000000ed100000,0x00000000ed818000,0x00000000edd80000)
  to   space 12800K, 0% used [0x00000000ee000000,0x00000000ee000000,0x00000000eec80000)
 ParOldGen       total 73216K, used 39134K [0x00000000c4c00000, 0x00000000c9380000, 0x00000000ec400000)
  object space 73216K, 53% used [0x00000000c4c00000,0x00000000c7237a68,0x00000000c9380000)
 Metaspace       used 3745K, capacity 4704K, committed 4864K, reserved 1056768K
  class space    used 414K, capacity 464K, committed 512K, reserved 1048576K
Event: 105.652 GC heap after
Heap after GC invocations=15 (full 1):
 PSYoungGen      total 27648K, used 10880K [0x00000000ec400000, 0x00000000eee00000, 0x0000000100000000)
  eden space 14848K, 0% used [0x00000000ec400000,0x00000000ec400000,0x00000000ed280000)
  from space 12800K, 85% used [0x00000000ee000000,0x00000000eeaa0000,0x00000000eec80000)
  to   space 13824K, 0% used [0x00000000ed280000,0x00000000ed280000,0x00000000ee000000)
 ParOldGen       total 73216K, used 39134K [0x00000000c4c00000, 0x00000000c9380000, 0x00000000ec400000)
  object space 73216K, 53% used [0x00000000c4c00000,0x00000000c7237a68,0x00000000c9380000)
 Metaspace       used 3745K, capacity 4704K, committed 4864K, reserved 1056768K
  class space    used 414K, capacity 464K, committed 512K, reserved 1048576K
}

Deoptimization events (10 events):
Event: 4.138 Thread 0x00007ff540001000 Uncommon trap: reason=unstable_if action=reinterpret pc=0x00007ff5889802a8 method=vcube.Node.main([Ljava/lang/String;)V @ 380
Event: 4.856 Thread 0x00007ff534001000 Uncommon trap: reason=unstable_if action=reinterpret pc=0x00007ff5889802a8 method=vcube.Node.main([Ljava/lang/String;)V @ 380
Event: 5.557 Thread 0x00007ff538001000 Uncommon trap: reason=unstable_if action=reinterpret pc=0x00007ff5889802a8 method=vcube.Node.main([Ljava/lang/String;)V @ 380
Event: 5.583 Thread 0x00007ff52c001000 Uncommon trap: reason=unstable_if action=reinterpret pc=0x00007ff5889802a8 method=vcube.Node.main([Ljava/lang/String;)V @ 380
Event: 5.606 Thread 0x00007ff530001000 Uncommon trap: reason=unstable_if action=reinterpret pc=0x00007ff5889802a8 method=vcube.Node.main([Ljava/lang/String;)V @ 380
Event: 5.627 Thread 0x00007ff524001000 Uncommon trap: reason=unstable_if action=reinterpret pc=0x00007ff5889802a8 method=vcube.Node.main([Ljava/lang/String;)V @ 380
Event: 6.982 Thread 0x00007ff51c001000 Uncommon trap: reason=unstable_if action=reinterpret pc=0x00007ff5889802a8 method=vcube.Node.main([Ljava/lang/String;)V @ 380
Event: 7.325 Thread 0x00007ff514001000 Uncommon trap: reason=unstable_if action=reinterpret pc=0x00007ff5889802a8 method=vcube.Node.main([Ljava/lang/String;)V @ 380
Event: 7.403 Thread 0x00007ff510001000 Uncommon trap: reason=unstable_if action=reinterpret pc=0x00007ff5889802a8 method=vcube.Node.main([Ljava/lang/String;)V @ 380
Event: 7.476 Thread 0x00007ff508001000 Uncommon trap: reason=unstable_if action=reinterpret pc=0x00007ff5889802a8 method=vcube.Node.main([Ljava/lang/String;)V @ 380

Internal exceptions (10 events):
Event: 5.080 Thread 0x00007ff53c001000 Exception <a 'java/lang/ArrayIndexOutOfBoundsException'> (0x00000000ece59cb8) thrown at [/HUDSON3/workspace/8-2-build-linux-amd64/jdk8u111/7883/hotspot/src/share/vm/runtime/sharedRuntime.cpp, line 605]
Event: 5.080 Thread 0x00007ff534001000 Exception <a 'java/lang/ArrayIndexOutOfBoundsException'> (0x00000000eceaadf8) thrown at [/HUDSON3/workspace/8-2-build-linux-amd64/jdk8u111/7883/hotspot/src/share/vm/runtime/sharedRuntime.cpp, line 605]
Event: 5.080 Thread 0x00007ff540001000 Exception <a 'java/lang/ArrayIndexOutOfBoundsException'> (0x00000000eced6ef0) thrown at [/HUDSON3/workspace/8-2-build-linux-amd64/jdk8u111/7883/hotspot/src/share/vm/runtime/sharedRuntime.cpp, line 605]
Event: 5.086 Thread 0x00007ff528001000 Exception <a 'java/lang/ArrayIndexOutOfBoundsException'> (0x00000000eceeb9a0) thrown at [/HUDSON3/workspace/8-2-build-linux-amd64/jdk8u111/7883/hotspot/src/share/vm/runtime/sharedRuntime.cpp, line 605]
Event: 5.086 Thread 0x00007ff518001000 Exception <a 'java/lang/ArrayIndexOutOfBoundsException'> (0x00000000ecf3d410) thrown at [/HUDSON3/workspace/8-2-build-linux-amd64/jdk8u111/7883/hotspot/src/share/vm/runtime/sharedRuntime.cpp, line 605]
Event: 5.086 Thread 0x00007ff50c001000 Exception <a 'java/lang/ArrayIndexOutOfBoundsException'> (0x00000000ecf21d08) thrown at [/HUDSON3/workspace/8-2-build-linux-amd64/jdk8u111/7883/hotspot/src/share/vm/runtime/sharedRuntime.cpp, line 605]
Event: 5.086 Thread 0x00007ff504001000 Exception <a 'java/lang/ArrayIndexOutOfBoundsException'> (0x00000000ecf06600) thrown at [/HUDSON3/workspace/8-2-build-linux-amd64/jdk8u111/7883/hotspot/src/share/vm/runtime/sharedRuntime.cpp, line 605]
Event: 5.103 Thread 0x00007ff53c001000 Exception <a 'java/lang/ArrayIndexOutOfBoundsException'> (0x00000000ece5cf48) thrown at [/HUDSON3/workspace/8-2-build-linux-amd64/jdk8u111/7883/hotspot/src/share/vm/runtime/sharedRuntime.cpp, line 605]
Event: 5.103 Thread 0x00007ff540001000 Exception <a 'java/lang/ArrayIndexOutOfBoundsException'> (0x00000000eceda170) thrown at [/HUDSON3/workspace/8-2-build-linux-amd64/jdk8u111/7883/hotspot/src/share/vm/runtime/sharedRuntime.cpp, line 605]
Event: 5.103 Thread 0x00007ff534001000 Exception <a 'java/lang/ArrayIndexOutOfBoundsException'> (0x00000000eceae088) thrown at [/HUDSON3/workspace/8-2-build-linux-amd64/jdk8u111/7883/hotspot/src/share/vm/runtime/sharedRuntime.cpp, line 605]

Events (10 events):
Event: 108.920 loading class sun/misc/Signal$1 done
Event: 108.930 Thread 0x00007ff564001000 Thread added: 0x00007ff564001000
Event: 108.931 loading class java/util/IdentityHashMap$KeySet
Event: 108.931 loading class java/util/IdentityHashMap$KeySet done
Event: 108.931 loading class java/util/IdentityHashMap$KeyIterator
Event: 108.931 loading class java/util/IdentityHashMap$IdentityHashMapIterator
Event: 108.931 loading class java/util/IdentityHashMap$IdentityHashMapIterator done
Event: 108.931 loading class java/util/IdentityHashMap$KeyIterator done
Event: 108.940 Thread 0x00007ff500001000 Thread added: 0x00007ff500001000
Event: 108.956 Executing VM operation: Exit


Dynamic libraries:
00400000-00401000 r-xp 00000000 08:01 8784123                            /home/elixandrebaldi/jdk1.8.0_111/bin/java
00600000-00601000 rw-p 00000000 08:01 8784123                            /home/elixandrebaldi/jdk1.8.0_111/bin/java
020ac000-020cd000 rw-p 00000000 00:00 0                                  [heap]
c4c00000-c9380000 rw-p 00000000 00:00 0 
c9380000-ec400000 ---p 00000000 00:00 0 
ec400000-eee00000 rw-p 00000000 00:00 0 
eee00000-100000000 ---p 00000000 00:00 0 
100000000-100080000 rw-p 00000000 00:00 0 
100080000-140000000 ---p 00000000 00:00 0 
7ff4fc000000-7ff4fc56e000 rw-p 00000000 00:00 0 
7ff4fc56e000-7ff500000000 ---p 00000000 00:00 0 
7ff500000000-7ff500021000 rw-p 00000000 00:00 0 
7ff500021000-7ff504000000 ---p 00000000 00:00 0 
7ff504000000-7ff505392000 rw-p 00000000 00:00 0 
7ff505392000-7ff508000000 ---p 00000000 00:00 0 
7ff508000000-7ff509395000 rw-p 00000000 00:00 0 
7ff509395000-7ff50c000000 ---p 00000000 00:00 0 
7ff50c000000-7ff50d39c000 rw-p 00000000 00:00 0 
7ff50d39c000-7ff510000000 ---p 00000000 00:00 0 
7ff510000000-7ff5113a4000 rw-p 00000000 00:00 0 
7ff5113a4000-7ff514000000 ---p 00000000 00:00 0 
7ff514000000-7ff515398000 rw-p 00000000 00:00 0 
7ff515398000-7ff518000000 ---p 00000000 00:00 0 
7ff518000000-7ff519393000 rw-p 00000000 00:00 0 
7ff519393000-7ff51c000000 ---p 00000000 00:00 0 
7ff51c000000-7ff51d39c000 rw-p 00000000 00:00 0 
7ff51d39c000-7ff520000000 ---p 00000000 00:00 0 
7ff5207f9000-7ff5207fc000 ---p 00000000 00:00 0 
7ff5207fc000-7ff520ffa000 rw-p 00000000 00:00 0 
7ff520ffa000-7ff520ffd000 ---p 00000000 00:00 0 
7ff520ffd000-7ff5217fb000 rw-p 00000000 00:00 0 
7ff5217fb000-7ff5217fe000 ---p 00000000 00:00 0 
7ff5217fe000-7ff521ffc000 rw-p 00000000 00:00 0 
7ff521ffc000-7ff521fff000 ---p 00000000 00:00 0 
7ff521fff000-7ff5227fd000 rw-p 00000000 00:00 0 
7ff5227fd000-7ff522800000 ---p 00000000 00:00 0 
7ff522800000-7ff522ffe000 rw-p 00000000 00:00 0 
7ff522ffe000-7ff523001000 ---p 00000000 00:00 0 
7ff523001000-7ff5237ff000 rw-p 00000000 00:00 0 
7ff5237ff000-7ff523802000 ---p 00000000 00:00 0 
7ff523802000-7ff524000000 rw-p 00000000 00:00 0 
7ff524000000-7ff52538d000 rw-p 00000000 00:00 0 
7ff52538d000-7ff528000000 ---p 00000000 00:00 0 
7ff528000000-7ff529395000 rw-p 00000000 00:00 0 
7ff529395000-7ff52c000000 ---p 00000000 00:00 0 
7ff52c000000-7ff52d397000 rw-p 00000000 00:00 0 
7ff52d397000-7ff530000000 ---p 00000000 00:00 0 
7ff530000000-7ff53139b000 rw-p 00000000 00:00 0 
7ff53139b000-7ff534000000 ---p 00000000 00:00 0 
7ff534000000-7ff535380000 rw-p 00000000 00:00 0 
7ff535380000-7ff538000000 ---p 00000000 00:00 0 
7ff538000000-7ff539395000 rw-p 00000000 00:00 0 
7ff539395000-7ff53c000000 ---p 00000000 00:00 0 
7ff53c000000-7ff53d39c000 rw-p 00000000 00:00 0 
7ff53d39c000-7ff540000000 ---p 00000000 00:00 0 
7ff540000000-7ff54139d000 rw-p 00000000 00:00 0 
7ff54139d000-7ff544000000 ---p 00000000 00:00 0 
7ff5446f8000-7ff5446fb000 ---p 00000000 00:00 0 
7ff5446fb000-7ff5447f9000 rw-p 00000000 00:00 0 
7ff5447f9000-7ff5447fc000 ---p 00000000 00:00 0 
7ff5447fc000-7ff544ffa000 rw-p 00000000 00:00 0 
7ff544ffa000-7ff544ffd000 ---p 00000000 00:00 0 
7ff544ffd000-7ff5457fb000 rw-p 00000000 00:00 0 
7ff5457fb000-7ff5457fe000 ---p 00000000 00:00 0 
7ff5457fe000-7ff545ffc000 rw-p 00000000 00:00 0 
7ff545ffc000-7ff545fff000 ---p 00000000 00:00 0 
7ff545fff000-7ff5467fd000 rw-p 00000000 00:00 0 
7ff5467fd000-7ff546800000 ---p 00000000 00:00 0 
7ff546800000-7ff546ffe000 rw-p 00000000 00:00 0 
7ff546ffe000-7ff547001000 ---p 00000000 00:00 0 
7ff547001000-7ff5477ff000 rw-p 00000000 00:00 0 
7ff5477ff000-7ff547802000 ---p 00000000 00:00 0 
7ff547802000-7ff548000000 rw-p 00000000 00:00 0 
7ff548000000-7ff548021000 rw-p 00000000 00:00 0 
7ff548021000-7ff54c000000 ---p 00000000 00:00 0 
7ff54c000000-7ff54d39c000 rw-p 00000000 00:00 0 
7ff54d39c000-7ff550000000 ---p 00000000 00:00 0 
7ff550000000-7ff550415000 rw-p 00000000 00:00 0 
7ff550415000-7ff554000000 ---p 00000000 00:00 0 
7ff554000000-7ff554021000 rw-p 00000000 00:00 0 
7ff554021000-7ff558000000 ---p 00000000 00:00 0 
7ff558000000-7ff5587f3000 rw-p 00000000 00:00 0 
7ff5587f3000-7ff55c000000 ---p 00000000 00:00 0 
7ff55c000000-7ff55db7c000 rw-p 00000000 00:00 0 
7ff55db7c000-7ff560000000 ---p 00000000 00:00 0 
7ff560000000-7ff560021000 rw-p 00000000 00:00 0 
7ff560021000-7ff564000000 ---p 00000000 00:00 0 
7ff564000000-7ff564021000 rw-p 00000000 00:00 0 
7ff564021000-7ff568000000 ---p 00000000 00:00 0 
7ff568000000-7ff568021000 rw-p 00000000 00:00 0 
7ff568021000-7ff56c000000 ---p 00000000 00:00 0 
7ff56c000000-7ff56c021000 rw-p 00000000 00:00 0 
7ff56c021000-7ff570000000 ---p 00000000 00:00 0 
7ff570000000-7ff570021000 rw-p 00000000 00:00 0 
7ff570021000-7ff574000000 ---p 00000000 00:00 0 
7ff574000000-7ff574021000 rw-p 00000000 00:00 0 
7ff574021000-7ff578000000 ---p 00000000 00:00 0 
7ff578000000-7ff578021000 rw-p 00000000 00:00 0 
7ff578021000-7ff57c000000 ---p 00000000 00:00 0 
7ff57c0c3000-7ff57c0c6000 ---p 00000000 00:00 0 
7ff57c0c6000-7ff57c1c4000 rw-p 00000000 00:00 0 
7ff57c1c4000-7ff57c1c7000 ---p 00000000 00:00 0 
7ff57c1c7000-7ff57c9c5000 rw-p 00000000 00:00 0 
7ff57c9c5000-7ff57c9c8000 ---p 00000000 00:00 0 
7ff57c9c8000-7ff57d1c6000 rw-p 00000000 00:00 0 
7ff57d1c6000-7ff57d1de000 r-xp 00000000 08:01 2360325                    /tmp/simgrid-java1663162001556846899/libsimgrid-java.so (deleted)
7ff57d1de000-7ff57d3de000 ---p 00018000 08:01 2360325                    /tmp/simgrid-java1663162001556846899/libsimgrid-java.so (deleted)
7ff57d3de000-7ff57d3df000 rw-p 00018000 08:01 2360325                    /tmp/simgrid-java1663162001556846899/libsimgrid-java.so (deleted)
7ff57d3df000-7ff57d3f5000 r-xp 00000000 08:01 3936627                    /lib/x86_64-linux-gnu/libgcc_s.so.1
7ff57d3f5000-7ff57d5f4000 ---p 00016000 08:01 3936627                    /lib/x86_64-linux-gnu/libgcc_s.so.1
7ff57d5f4000-7ff57d5f5000 rw-p 00015000 08:01 3936627                    /lib/x86_64-linux-gnu/libgcc_s.so.1
7ff57d5f5000-7ff57d767000 r-xp 00000000 08:01 23332798                   /usr/lib/x86_64-linux-gnu/libstdc++.so.6.0.21
7ff57d767000-7ff57d967000 ---p 00172000 08:01 23332798                   /usr/lib/x86_64-linux-gnu/libstdc++.so.6.0.21
7ff57d967000-7ff57d971000 r--p 00172000 08:01 23332798                   /usr/lib/x86_64-linux-gnu/libstdc++.so.6.0.21
7ff57d971000-7ff57d973000 rw-p 0017c000 08:01 23332798                   /usr/lib/x86_64-linux-gnu/libstdc++.so.6.0.21
7ff57d973000-7ff57d977000 rw-p 00000000 00:00 0 
7ff57d977000-7ff57dc3c000 r-xp 00000000 08:01 2360324                    /tmp/simgrid-java1663162001556846899/libsimgrid.so (deleted)
7ff57dc3c000-7ff57de3c000 ---p 002c5000 08:01 2360324                    /tmp/simgrid-java1663162001556846899/libsimgrid.so (deleted)
7ff57de3c000-7ff57de77000 rw-p 002c5000 08:01 2360324                    /tmp/simgrid-java1663162001556846899/libsimgrid.so (deleted)
7ff57de77000-7ff57e180000 rw-p 00000000 00:00 0 
7ff57e180000-7ff57e196000 r-xp 00000000 08:01 8783936                    /home/elixandrebaldi/jdk1.8.0_111/jre/lib/amd64/libnet.so
7ff57e196000-7ff57e396000 ---p 00016000 08:01 8783936                    /home/elixandrebaldi/jdk1.8.0_111/jre/lib/amd64/libnet.so
7ff57e396000-7ff57e397000 rw-p 00016000 08:01 8783936                    /home/elixandrebaldi/jdk1.8.0_111/jre/lib/amd64/libnet.so
7ff57e397000-7ff57e3a8000 r-xp 00000000 08:01 8783935                    /home/elixandrebaldi/jdk1.8.0_111/jre/lib/amd64/libnio.so
7ff57e3a8000-7ff57e5a7000 ---p 00011000 08:01 8783935                    /home/elixandrebaldi/jdk1.8.0_111/jre/lib/amd64/libnio.so
7ff57e5a7000-7ff57e5a8000 rw-p 00010000 08:01 8783935                    /home/elixandrebaldi/jdk1.8.0_111/jre/lib/amd64/libnio.so
7ff57e5a8000-7ff57e5a9000 ---p 00000000 00:00 0 
7ff57e5a9000-7ff57e6a9000 rw-p 00000000 00:00 0 
7ff57e6a9000-7ff57e6ac000 ---p 00000000 00:00 0 
7ff57e6ac000-7ff57e7aa000 rw-p 00000000 00:00 0 
7ff57e7aa000-7ff57e7ad000 ---p 00000000 00:00 0 
7ff57e7ad000-7ff57e8ab000 rw-p 00000000 00:00 0 
7ff57e8ab000-7ff57e8ae000 ---p 00000000 00:00 0 
7ff57e8ae000-7ff57e9ac000 rw-p 00000000 00:00 0 
7ff57e9ac000-7ff57e9af000 ---p 00000000 00:00 0 
7ff57e9af000-7ff57eaad000 rw-p 00000000 00:00 0 
7ff57eaad000-7ff57eab0000 ---p 00000000 00:00 0 
7ff57eab0000-7ff57ebae000 rw-p 00000000 00:00 0 
7ff57ebae000-7ff580000000 r--p 00000000 08:01 23331759                   /usr/lib/locale/locale-archive
7ff580000000-7ff580059000 rw-p 00000000 00:00 0 
7ff580059000-7ff584000000 ---p 00000000 00:00 0 
7ff5840bd000-7ff5840c0000 ---p 00000000 00:00 0 
7ff5840c0000-7ff5841be000 rw-p 00000000 00:00 0 
7ff5841be000-7ff5841c1000 ---p 00000000 00:00 0 
7ff5841c1000-7ff5842bf000 rw-p 00000000 00:00 0 
7ff5842bf000-7ff5842c0000 ---p 00000000 00:00 0 
7ff5842c0000-7ff585381000 rw-p 00000000 00:00 0 
7ff585381000-7ff585559000 r--s 03d2a000 08:01 8784070                    /home/elixandrebaldi/jdk1.8.0_111/jre/lib/rt.jar
7ff585559000-7ff585999000 rw-p 00000000 00:00 0 
7ff585999000-7ff585d59000 ---p 00000000 00:00 0 
7ff585d59000-7ff587cd3000 rw-p 00000000 00:00 0 
7ff587cd3000-7ff587cd4000 ---p 00000000 00:00 0 
7ff587cd4000-7ff587dd4000 rw-p 00000000 00:00 0 
7ff587dd4000-7ff587dd5000 ---p 00000000 00:00 0 
7ff587dd5000-7ff587ed5000 rw-p 00000000 00:00 0 
7ff587ed5000-7ff587ed6000 ---p 00000000 00:00 0 
7ff587ed6000-7ff587fd6000 rw-p 00000000 00:00 0 
7ff587fd6000-7ff587fd7000 ---p 00000000 00:00 0 
7ff587fd7000-7ff5880fb000 rw-p 00000000 00:00 0 
7ff5880fb000-7ff588213000 ---p 00000000 00:00 0 
7ff588213000-7ff588237000 rw-p 00000000 00:00 0 
7ff588237000-7ff58834f000 ---p 00000000 00:00 0 
7ff58834f000-7ff588364000 rw-p 00000000 00:00 0 
7ff588364000-7ff5883ed000 ---p 00000000 00:00 0 
7ff5883ed000-7ff5883f8000 rw-p 00000000 00:00 0 
7ff5883f8000-7ff5887ae000 ---p 00000000 00:00 0 
7ff5887ae000-7ff588a1e000 rwxp 00000000 00:00 0 
7ff588a1e000-7ff5977ae000 ---p 00000000 00:00 0 
7ff5977ae000-7ff5977c8000 r-xp 00000000 08:01 8783934                    /home/elixandrebaldi/jdk1.8.0_111/jre/lib/amd64/libzip.so
7ff5977c8000-7ff5979c8000 ---p 0001a000 08:01 8783934                    /home/elixandrebaldi/jdk1.8.0_111/jre/lib/amd64/libzip.so
7ff5979c8000-7ff5979c9000 rw-p 0001a000 08:01 8783934                    /home/elixandrebaldi/jdk1.8.0_111/jre/lib/amd64/libzip.so
7ff5979c9000-7ff5979d4000 r-xp 00000000 08:01 3932251                    /lib/x86_64-linux-gnu/libnss_files-2.23.so
7ff5979d4000-7ff597bd3000 ---p 0000b000 08:01 3932251                    /lib/x86_64-linux-gnu/libnss_files-2.23.so
7ff597bd3000-7ff597bd4000 r--p 0000a000 08:01 3932251                    /lib/x86_64-linux-gnu/libnss_files-2.23.so
7ff597bd4000-7ff597bd5000 rw-p 0000b000 08:01 3932251                    /lib/x86_64-linux-gnu/libnss_files-2.23.so
7ff597bd5000-7ff597bdb000 rw-p 00000000 00:00 0 
7ff597bdb000-7ff597be6000 r-xp 00000000 08:01 3932244                    /lib/x86_64-linux-gnu/libnss_nis-2.23.so
7ff597be6000-7ff597de5000 ---p 0000b000 08:01 3932244                    /lib/x86_64-linux-gnu/libnss_nis-2.23.so
7ff597de5000-7ff597de6000 r--p 0000a000 08:01 3932244                    /lib/x86_64-linux-gnu/libnss_nis-2.23.so
7ff597de6000-7ff597de7000 rw-p 0000b000 08:01 3932244                    /lib/x86_64-linux-gnu/libnss_nis-2.23.so
7ff597de7000-7ff597dfd000 r-xp 00000000 08:01 3932246                    /lib/x86_64-linux-gnu/libnsl-2.23.so
7ff597dfd000-7ff597ffc000 ---p 00016000 08:01 3932246                    /lib/x86_64-linux-gnu/libnsl-2.23.so
7ff597ffc000-7ff597ffd000 r--p 00015000 08:01 3932246                    /lib/x86_64-linux-gnu/libnsl-2.23.so
7ff597ffd000-7ff597ffe000 rw-p 00016000 08:01 3932246                    /lib/x86_64-linux-gnu/libnsl-2.23.so
7ff597ffe000-7ff598000000 rw-p 00000000 00:00 0 
7ff598000000-7ff59c000000 rw-p 00000000 00:00 0 
7ff59c01c000-7ff59c092000 rw-p 00000000 00:00 0 
7ff59c092000-7ff59c09a000 r-xp 00000000 08:01 3932253                    /lib/x86_64-linux-gnu/libnss_compat-2.23.so
7ff59c09a000-7ff59c299000 ---p 00008000 08:01 3932253                    /lib/x86_64-linux-gnu/libnss_compat-2.23.so
7ff59c299000-7ff59c29a000 r--p 00007000 08:01 3932253                    /lib/x86_64-linux-gnu/libnss_compat-2.23.so
7ff59c29a000-7ff59c29b000 rw-p 00008000 08:01 3932253                    /lib/x86_64-linux-gnu/libnss_compat-2.23.so
7ff59c29b000-7ff59c2c6000 r-xp 00000000 08:01 8783907                    /home/elixandrebaldi/jdk1.8.0_111/jre/lib/amd64/libjava.so
7ff59c2c6000-7ff59c4c5000 ---p 0002b000 08:01 8783907                    /home/elixandrebaldi/jdk1.8.0_111/jre/lib/amd64/libjava.so
7ff59c4c5000-7ff59c4c7000 rw-p 0002a000 08:01 8783907                    /home/elixandrebaldi/jdk1.8.0_111/jre/lib/amd64/libjava.so
7ff59c4c7000-7ff59c4d4000 r-xp 00000000 08:01 8783870                    /home/elixandrebaldi/jdk1.8.0_111/jre/lib/amd64/libverify.so
7ff59c4d4000-7ff59c6d3000 ---p 0000d000 08:01 8783870                    /home/elixandrebaldi/jdk1.8.0_111/jre/lib/amd64/libverify.so
7ff59c6d3000-7ff59c6d5000 rw-p 0000c000 08:01 8783870                    /home/elixandrebaldi/jdk1.8.0_111/jre/lib/amd64/libverify.so
7ff59c6d5000-7ff59c6dc000 r-xp 00000000 08:01 3932254                    /lib/x86_64-linux-gnu/librt-2.23.so
7ff59c6dc000-7ff59c8db000 ---p 00007000 08:01 3932254                    /lib/x86_64-linux-gnu/librt-2.23.so
7ff59c8db000-7ff59c8dc000 r--p 00006000 08:01 3932254                    /lib/x86_64-linux-gnu/librt-2.23.so
7ff59c8dc000-7ff59c8dd000 rw-p 00007000 08:01 3932254                    /lib/x86_64-linux-gnu/librt-2.23.so
7ff59c8dd000-7ff59c9e5000 r-xp 00000000 08:01 3932245                    /lib/x86_64-linux-gnu/libm-2.23.so
7ff59c9e5000-7ff59cbe4000 ---p 00108000 08:01 3932245                    /lib/x86_64-linux-gnu/libm-2.23.so
7ff59cbe4000-7ff59cbe5000 r--p 00107000 08:01 3932245                    /lib/x86_64-linux-gnu/libm-2.23.so
7ff59cbe5000-7ff59cbe6000 rw-p 00108000 08:01 3932245                    /lib/x86_64-linux-gnu/libm-2.23.so
7ff59cbe6000-7ff59d8b3000 r-xp 00000000 08:01 8783785                    /home/elixandrebaldi/jdk1.8.0_111/jre/lib/amd64/server/libjvm.so
7ff59d8b3000-7ff59dab2000 ---p 00ccd000 08:01 8783785                    /home/elixandrebaldi/jdk1.8.0_111/jre/lib/amd64/server/libjvm.so
7ff59dab2000-7ff59db8b000 rw-p 00ccc000 08:01 8783785                    /home/elixandrebaldi/jdk1.8.0_111/jre/lib/amd64/server/libjvm.so
7ff59db8b000-7ff59dbd6000 rw-p 00000000 00:00 0 
7ff59dbd6000-7ff59dd95000 r-xp 00000000 08:01 3932247                    /lib/x86_64-linux-gnu/libc-2.23.so
7ff59dd95000-7ff59df95000 ---p 001bf000 08:01 3932247                    /lib/x86_64-linux-gnu/libc-2.23.so
7ff59df95000-7ff59df99000 r--p 001bf000 08:01 3932247                    /lib/x86_64-linux-gnu/libc-2.23.so
7ff59df99000-7ff59df9b000 rw-p 001c3000 08:01 3932247                    /lib/x86_64-linux-gnu/libc-2.23.so
7ff59df9b000-7ff59df9f000 rw-p 00000000 00:00 0 
7ff59df9f000-7ff59dfa2000 r-xp 00000000 08:01 3932243                    /lib/x86_64-linux-gnu/libdl-2.23.so
7ff59dfa2000-7ff59e1a1000 ---p 00003000 08:01 3932243                    /lib/x86_64-linux-gnu/libdl-2.23.so
7ff59e1a1000-7ff59e1a2000 r--p 00002000 08:01 3932243                    /lib/x86_64-linux-gnu/libdl-2.23.so
7ff59e1a2000-7ff59e1a3000 rw-p 00003000 08:01 3932243                    /lib/x86_64-linux-gnu/libdl-2.23.so
7ff59e1a3000-7ff59e1b8000 r-xp 00000000 08:01 8783943                    /home/elixandrebaldi/jdk1.8.0_111/lib/amd64/jli/libjli.so
7ff59e1b8000-7ff59e3b8000 ---p 00015000 08:01 8783943                    /home/elixandrebaldi/jdk1.8.0_111/lib/amd64/jli/libjli.so
7ff59e3b8000-7ff59e3b9000 rw-p 00015000 08:01 8783943                    /home/elixandrebaldi/jdk1.8.0_111/lib/amd64/jli/libjli.so
7ff59e3b9000-7ff59e3d1000 r-xp 00000000 08:01 3932258                    /lib/x86_64-linux-gnu/libpthread-2.23.so
7ff59e3d1000-7ff59e5d0000 ---p 00018000 08:01 3932258                    /lib/x86_64-linux-gnu/libpthread-2.23.so
7ff59e5d0000-7ff59e5d1000 r--p 00017000 08:01 3932258                    /lib/x86_64-linux-gnu/libpthread-2.23.so
7ff59e5d1000-7ff59e5d2000 rw-p 00018000 08:01 3932258                    /lib/x86_64-linux-gnu/libpthread-2.23.so
7ff59e5d2000-7ff59e5d6000 rw-p 00000000 00:00 0 
7ff59e5d6000-7ff59e5fc000 r-xp 00000000 08:01 3932248                    /lib/x86_64-linux-gnu/ld-2.23.so
7ff59e601000-7ff59e6d9000 rw-p 00000000 00:00 0 
7ff59e6d9000-7ff59e6dc000 ---p 00000000 00:00 0 
7ff59e6dc000-7ff59e7de000 rw-p 00000000 00:00 0 
7ff59e7e7000-7ff59e7ec000 r--s 00096000 08:01 8783911                    /home/elixandrebaldi/jdk1.8.0_111/jre/lib/jsse.jar
7ff59e7ec000-7ff59e7ef000 r--s 00f76000 08:01 8524426                    /home/elixandrebaldi/Documentos/VCubeDHT/simgrid.jar
7ff59e7ef000-7ff59e7f7000 rw-s 00000000 08:01 2359623                    /tmp/hsperfdata_elixandrebaldi/16762 (deleted)
7ff59e7f7000-7ff59e7f8000 rw-p 00000000 00:00 0 
7ff59e7f8000-7ff59e7f9000 ---p 00000000 00:00 0 
7ff59e7f9000-7ff59e7fb000 rw-p 00000000 00:00 0 
7ff59e7fb000-7ff59e7fc000 r--p 00025000 08:01 3932248                    /lib/x86_64-linux-gnu/ld-2.23.so
7ff59e7fc000-7ff59e7fd000 rw-p 00026000 08:01 3932248                    /lib/x86_64-linux-gnu/ld-2.23.so
7ff59e7fd000-7ff59e7fe000 rw-p 00000000 00:00 0 
7ffe6deb7000-7ffe6ded8000 rw-p 00000000 00:00 0                          [stack]
7ffe6df91000-7ffe6df93000 r--p 00000000 00:00 0                          [vvar]
7ffe6df93000-7ffe6df95000 r-xp 00000000 00:00 0                          [vdso]
ffffffffff600000-ffffffffff601000 r-xp 00000000 00:00 0                  [vsyscall]

VM Arguments:
jvm_args: -Dfile.encoding=UTF-8 
java_command: vcube.VCube platform.xml deployment.xml
java_class_path (initial): /home/elixandrebaldi/Documentos/VCubeDHT/simgrid.jar:/home/elixandrebaldi/Documentos/VCubeDHT/VCube/build/classes
Launcher Type: SUN_STANDARD

Environment Variables:
PATH=/home/elixandrebaldi/bin:/home/elixandrebaldi/.local/bin:/usr/local/sbin:/usr/local/bin:/usr/sbin:/usr/bin:/sbin:/bin:/usr/games:/usr/local/games
LD_LIBRARY_PATH=/home/elixandrebaldi/jdk1.8.0_111/jre/lib/amd64:/home/elixandrebaldi/jdk1.8.0_111/jre/lib/i386:
SHELL=/bin/bash
DISPLAY=:0

Signal Handlers:
SIGSEGV: [libjvm.so+0xac64b0], sa_mask[0]=11111111011111111101111111111110, sa_flags=SA_RESTART|SA_SIGINFO
SIGBUS: [libjvm.so+0xac64b0], sa_mask[0]=11111111011111111101111111111110, sa_flags=SA_RESTART|SA_SIGINFO
SIGFPE: [libjvm.so+0x91f950], sa_mask[0]=11111111011111111101111111111110, sa_flags=SA_RESTART|SA_SIGINFO
SIGPIPE: [libjvm.so+0x91f950], sa_mask[0]=11111111011111111101111111111110, sa_flags=SA_RESTART|SA_SIGINFO
SIGXFSZ: [libjvm.so+0x91f950], sa_mask[0]=11111111011111111101111111111110, sa_flags=SA_RESTART|SA_SIGINFO
SIGILL: [libjvm.so+0x91f950], sa_mask[0]=11111111011111111101111111111110, sa_flags=SA_RESTART|SA_SIGINFO
SIGUSR1: SIG_DFL, sa_mask[0]=00000000000000000000000000000000, sa_flags=none
SIGUSR2: [libjvm.so+0x920f80], sa_mask[0]=00100000000000000000000000000000, sa_flags=SA_RESTART|SA_SIGINFO
SIGHUP: [libjvm.so+0x922380], sa_mask[0]=11111111011111111101111111111110, sa_flags=SA_RESTART|SA_SIGINFO
SIGINT: [libsimgrid.so+0x8ff50], sa_mask[0]=01000000000000000000000000000000, sa_flags=SA_RESTART
SIGTERM: [libjvm.so+0x922380], sa_mask[0]=11111111011111111101111111111110, sa_flags=SA_RESTART|SA_SIGINFO
SIGQUIT: [libjvm.so+0x922380], sa_mask[0]=11111111011111111101111111111110, sa_flags=SA_RESTART|SA_SIGINFO


---------------  S Y S T E M  ---------------

OS:DISTRIB_ID="elementary"
DISTRIB_RELEASE=0.4.1
DISTRIB_CODENAME=loki
DISTRIB_DESCRIPTION="elementary OS 0.4.1 Loki"

uname:Linux 4.4.0-79-generic #100-Ubuntu SMP Wed May 17 19:58:14 UTC 2017 x86_64
libc:glibc 2.23 NPTL 2.23 
rlimit: STACK 8192k, CORE 0k, NPROC 14991, NOFILE 65536, AS infinity
load average:1.45 1.96 3.11

/proc/meminfo:
MemTotal:        3878592 kB
MemFree:          862340 kB
MemAvailable:    1102768 kB
Buffers:           28076 kB
Cached:           579936 kB
SwapCached:         4872 kB
Active:          2104364 kB
Inactive:         720688 kB
Active(anon):    1826244 kB
Inactive(anon):   577928 kB
Active(file):     278120 kB
Inactive(file):   142760 kB
Unevictable:          64 kB
Mlocked:              64 kB
SwapTotal:       4025340 kB
SwapFree:        3636052 kB
Dirty:               944 kB
Writeback:             0 kB
AnonPages:       2212792 kB
Mapped:           289684 kB
Shmem:            187060 kB
Slab:              80836 kB
SReclaimable:      44088 kB
SUnreclaim:        36748 kB
KernelStack:        9872 kB
PageTables:        39228 kB
NFS_Unstable:          0 kB
Bounce:                0 kB
WritebackTmp:          0 kB
CommitLimit:     5964636 kB
Committed_AS:    6596736 kB
VmallocTotal:   34359738367 kB
VmallocUsed:           0 kB
VmallocChunk:          0 kB
HardwareCorrupted:     0 kB
AnonHugePages:   1075200 kB
CmaTotal:              0 kB
CmaFree:               0 kB
HugePages_Total:       0
HugePages_Free:        0
HugePages_Rsvd:        0
HugePages_Surp:        0
Hugepagesize:       2048 kB
DirectMap4k:      189176 kB
DirectMap2M:     3837952 kB


CPU:total 4 (2 cores per cpu, 2 threads per core) family 6 model 58 stepping 9, cmov, cx8, fxsr, mmx, sse, sse2, sse3, ssse3, sse4.1, sse4.2, popcnt, avx, clmul, erms, ht, tsc, tscinvbit, tscinv

/proc/cpuinfo:
processor	: 0
vendor_id	: GenuineIntel
cpu family	: 6
model		: 58
model name	: Intel(R) Core(TM) i7-3517U CPU @ 1.90GHz
stepping	: 9
microcode	: 0x12
cpu MHz		: 2480.062
cache size	: 4096 KB
physical id	: 0
siblings	: 4
core id		: 0
cpu cores	: 2
apicid		: 0
initial apicid	: 0
fpu		: yes
fpu_exception	: yes
cpuid level	: 13
wp		: yes
flags		: fpu vme de pse tsc msr pae mce cx8 apic sep mtrr pge mca cmov pat pse36 clflush dts acpi mmx fxsr sse sse2 ss ht tm pbe syscall nx rdtscp lm constant_tsc arch_perfmon pebs bts rep_good nopl xtopology nonstop_tsc aperfmperf eagerfpu pni pclmulqdq dtes64 monitor ds_cpl vmx est tm2 ssse3 cx16 xtpr pdcm pcid sse4_1 sse4_2 x2apic popcnt tsc_deadline_timer xsave avx f16c rdrand lahf_lm epb tpr_shadow vnmi flexpriority ept vpid fsgsbase smep erms xsaveopt dtherm ida arat pln pts
bugs		:
bogomips	: 4789.47
clflush size	: 64
cache_alignment	: 64
address sizes	: 36 bits physical, 48 bits virtual
power management:

processor	: 1
vendor_id	: GenuineIntel
cpu family	: 6
model		: 58
model name	: Intel(R) Core(TM) i7-3517U CPU @ 1.90GHz
stepping	: 9
microcode	: 0x12
cpu MHz		: 2334.375
cache size	: 4096 KB
physical id	: 0
siblings	: 4
core id		: 0
cpu cores	: 2
apicid		: 1
initial apicid	: 1
fpu		: yes
fpu_exception	: yes
cpuid level	: 13
wp		: yes
flags		: fpu vme de pse tsc msr pae mce cx8 apic sep mtrr pge mca cmov pat pse36 clflush dts acpi mmx fxsr sse sse2 ss ht tm pbe syscall nx rdtscp lm constant_tsc arch_perfmon pebs bts rep_good nopl xtopology nonstop_tsc aperfmperf eagerfpu pni pclmulqdq dtes64 monitor ds_cpl vmx est tm2 ssse3 cx16 xtpr pdcm pcid sse4_1 sse4_2 x2apic popcnt tsc_deadline_timer xsave avx f16c rdrand lahf_lm epb tpr_shadow vnmi flexpriority ept vpid fsgsbase smep erms xsaveopt dtherm ida arat pln pts
bugs		:
bogomips	: 4789.47
clflush size	: 64
cache_alignment	: 64
address sizes	: 36 bits physical, 48 bits virtual
power management:

processor	: 2
vendor_id	: GenuineIntel
cpu family	: 6
model		: 58
model name	: Intel(R) Core(TM) i7-3517U CPU @ 1.90GHz
stepping	: 9
microcode	: 0x12
cpu MHz		: 2488.218
cache size	: 4096 KB
physical id	: 0
siblings	: 4
core id		: 1
cpu cores	: 2
apicid		: 2
initial apicid	: 2
fpu		: yes
fpu_exception	: yes
cpuid level	: 13
wp		: yes
flags		: fpu vme de pse tsc msr pae mce cx8 apic sep mtrr pge mca cmov pat pse36 clflush dts acpi mmx fxsr sse sse2 ss ht tm pbe syscall nx rdtscp lm constant_tsc arch_perfmon pebs bts rep_good nopl xtopology nonstop_tsc aperfmperf eagerfpu pni pclmulqdq dtes64 monitor ds_cpl vmx est tm2 ssse3 cx16 xtpr pdcm pcid sse4_1 sse4_2 x2apic popcnt tsc_deadline_timer xsave avx f16c rdrand lahf_lm epb tpr_shadow vnmi flexpriority ept vpid fsgsbase smep erms xsaveopt dtherm ida arat pln pts
bugs		:
bogomips	: 4789.47
clflush size	: 64
cache_alignment	: 64
address sizes	: 36 bits physical, 48 bits virtual
power management:

processor	: 3
vendor_id	: GenuineIntel
cpu family	: 6
model		: 58
model name	: Intel(R) Core(TM) i7-3517U CPU @ 1.90GHz
stepping	: 9
microcode	: 0x12
cpu MHz		: 2545.312
cache size	: 4096 KB
physical id	: 0
siblings	: 4
core id		: 1
cpu cores	: 2
apicid		: 3
initial apicid	: 3
fpu		: yes
fpu_exception	: yes
cpuid level	: 13
wp		: yes
flags		: fpu vme de pse tsc msr pae mce cx8 apic sep mtrr pge mca cmov pat pse36 clflush dts acpi mmx fxsr sse sse2 ss ht tm pbe syscall nx rdtscp lm constant_tsc arch_perfmon pebs bts rep_good nopl xtopology nonstop_tsc aperfmperf eagerfpu pni pclmulqdq dtes64 monitor ds_cpl vmx est tm2 ssse3 cx16 xtpr pdcm pcid sse4_1 sse4_2 x2apic popcnt tsc_deadline_timer xsave avx f16c rdrand lahf_lm epb tpr_shadow vnmi flexpriority ept vpid fsgsbase smep erms xsaveopt dtherm ida arat pln pts
bugs		:
bogomips	: 4789.47
clflush size	: 64
cache_alignment	: 64
address sizes	: 36 bits physical, 48 bits virtual
power management:



Memory: 4k page, physical 3878592k(862340k free), swap 4025340k(3636052k free)

vm_info: Java HotSpot(TM) 64-Bit Server VM (25.111-b14) for linux-amd64 JRE (1.8.0_111-b14), built on Sep 22 2016 16:14:03 by "java_re" with gcc 4.3.0 20080428 (Red Hat 4.3.0-8)

time: Sat Jun 10 18:57:04 2017
elapsed time: 109 seconds (0d 0h 1m 49s)

