#
# A fatal error has been detected by the Java Runtime Environment:
#
#  SIGSEGV (0xb) at pc=0x00007f36b4dce646, pid=2981, tid=139872965113600
#
# JRE version: Java(TM) SE Runtime Environment (7.0_80-b15) (build 1.7.0_80-b15)
# Java VM: Java HotSpot(TM) 64-Bit Server VM (24.80-b11 mixed mode linux-amd64 compressed oops)
# Problematic frame:
# C  [libsimgrid.so+0x84646]  MSG_task_destroy+0x16
#
# Failed to write core dump. Core dumps have been disabled. To enable core dumping, try "ulimit -c unlimited" before starting Java again
#
# If you would like to submit a bug report, please visit:
#   http://bugreport.java.com/bugreport/crash.jsp
# The crash happened outside the Java Virtual Machine in native code.
# See problematic frame for where to report the bug.
#

---------------  T H R E A D  ---------------

Current thread (0x00007f36bc070800):  JavaThread "Finalizer" daemon [_thread_in_native, id=2993, stack(0x00007f36b6563000,0x00007f36b6664000)]

siginfo:si_signo=SIGSEGV: si_errno=0, si_code=1 (SEGV_MAPERR), si_addr=0x0000000000000058

Registers:
RAX=0x0000000000000000, RBX=0x00007f367804d4f0, RCX=0x00007f36b6662740, RDX=0x0000000000000042
RSP=0x00007f36b6662660, RBP=0x00007f36b6662720, RSI=0x00007f36b6662740, RDI=0x00007f367804d4f0
R8 =0x00007f3654089580, R9 =0x00000000c4c36930, R10=0x0000000000000006, R11=0x00007f36c36c6de8
R12=0x0000000000000000, R13=0x00000000bfd6f3f0, R14=0x00007f36b6662740, R15=0x00007f36bc070800
RIP=0x00007f36b4dce646, EFLAGS=0x0000000000010206, CSGSFS=0x0000000000000033, ERR=0x0000000000000004
  TRAPNO=0x000000000000000e

Top of Stack: (sp=0x00007f36b6662660)
0x00007f36b6662660:   00007f36b9005310 00007f3600000000
0x00007f36b6662670:   01007f36b6662858 00007f36c3085582
0x00007f36b6662680:   0000000000001388 00007f36bc071078
0x00007f36b6662690:   00007f36b66626f0 00007f36c30855e5
0x00007f36b66626a0:   00007f3698003580 00007f36b45a3de7
0x00007f36b66626b0:   0000000000000000 00000000bfd6f3f0
0x00007f36b66626c0:   00007f36b6662720 00007f36b9012d98
0x00007f36b66626d0:   00007f36bc070800 00007f36bc070800
0x00007f36b66626e0:   00007f36b66626e0 0000000000000000
0x00007f36b66626f0:   00007f36b6662740 00000000bfd70dc8
0x00007f36b6662700:   0000000000000000 00000000bfd6f3f0
0x00007f36b6662710:   0000000000000000 00007f36b6662740
0x00007f36b6662720:   00007f36b6662788 00007f36b9006058
0x00007f36b6662730:   0000000000000000 00007f36b900ecd8
0x00007f36b6662740:   00000000c4c36930 00007f36b6662748
0x00007f36b6662750:   00000000bfd6f309 00007f36b66627a0
0x00007f36b6662760:   00000000bfd70dc8 0000000000000000
0x00007f36b6662770:   00000000bfd6f330 00007f36b6662740
0x00007f36b6662780:   00007f36b66627a0 00007f36b66627e8
0x00007f36b6662790:   00007f36b9006058 0000000000000000
0x00007f36b66627a0:   00000000c4c36930 00007f36b66627a8
0x00007f36b66627b0:   00000000bfbb67b9 00007f36b6662800
0x00007f36b66627c0:   00000000bfbb6b28 0000000000000000
0x00007f36b66627d0:   00000000bfbb67c8 00007f36b66627a0
0x00007f36b66627e0:   00007f36b66627f8 00007f36b6662858
0x00007f36b66627f0:   00007f36b9006706 00000000c4c36930
0x00007f36b6662800:   00000000ed3285d8 0000000000000009
0x00007f36b6662810:   0000000000000000 00007f36b6662808
0x00007f36b6662820:   00000000bfa30ca6 00007f36b6662880
0x00007f36b6662830:   00000000bfaab5a8 0000000000000000
0x00007f36b6662840:   00000000bfa30ce8 00007f36b66627f8
0x00007f36b6662850:   00007f36b6662878 00007f36b66628c8 

Instructions: (pc=0x00007f36b4dce646)
0x00007f36b4dce626:   ff 66 0f 1f 84 00 00 00 00 00 55 53 48 83 ec 58
0x00007f36b4dce636:   48 85 ff 0f 84 01 01 00 00 48 8b 47 08 48 89 fb
0x00007f36b4dce646:   48 83 78 58 00 74 05 e8 4e 04 fe ff 48 8b 2d 5f
0x00007f36b4dce656:   43 44 00 8b 55 28 85 d2 0f 84 bc 00 00 00 83 7d 

Register to memory mapping:

RAX=0x0000000000000000 is an unknown value
RBX=0x00007f367804d4f0 is an unknown value
RCX=0x00007f36b6662740 is pointing into the stack for thread: 0x00007f36bc070800
RDX=0x0000000000000042 is an unknown value
RSP=0x00007f36b6662660 is pointing into the stack for thread: 0x00007f36bc070800
RBP=0x00007f36b6662720 is pointing into the stack for thread: 0x00007f36bc070800
RSI=0x00007f36b6662740 is pointing into the stack for thread: 0x00007f36bc070800
RDI=0x00007f367804d4f0 is an unknown value
R8 =0x00007f3654089580 is an unknown value
R9 =0x00000000c4c36930 is an oop
vcube.VCubeTask 
 - klass: 'vcube/VCubeTask'
R10=0x0000000000000006 is an unknown value
R11=0x00007f36c36c6de8: <offset 0xe4fde8> in /home/elixandre/jdk1.7.0_80/jre/lib/amd64/server/libjvm.so at 0x00007f36c2877000
R12=0x0000000000000000 is an unknown value
R13=0x00000000bfd6f3f0 is an oop
{method} 
 - klass: {other class}
R14=0x00007f36b6662740 is pointing into the stack for thread: 0x00007f36bc070800
R15=0x00007f36bc070800 is a thread


Stack: [0x00007f36b6563000,0x00007f36b6664000],  sp=0x00007f36b6662660,  free space=1021k
Native frames: (J=compiled Java code, j=interpreted, Vv=VM code, C=native code)
C  [libsimgrid.so+0x84646]  MSG_task_destroy+0x16
j  org.simgrid.msg.Task.finalize()V+1
j  java.lang.System$2.invokeFinalize(Ljava/lang/Object;)V+1
j  java.lang.ref.Finalizer.runFinalizer(Lsun/misc/JavaLangAccess;)V+46
j  java.lang.ref.Finalizer.access$100(Ljava/lang/ref/Finalizer;Lsun/misc/JavaLangAccess;)V+2
j  java.lang.ref.Finalizer$FinalizerThread.run()V+45
v  ~StubRoutines::call_stub
V  [libjvm.so+0x6020a5]  JavaCalls::call_helper(JavaValue*, methodHandle*, JavaCallArguments*, Thread*)+0x365
V  [libjvm.so+0x600b08]  JavaCalls::call(JavaValue*, methodHandle, JavaCallArguments*, Thread*)+0x28
V  [libjvm.so+0x600dd7]  JavaCalls::call_virtual(JavaValue*, KlassHandle, Symbol*, Symbol*, JavaCallArguments*, Thread*)+0x197
V  [libjvm.so+0x600ef7]  JavaCalls::call_virtual(JavaValue*, Handle, KlassHandle, Symbol*, Symbol*, Thread*)+0x47
V  [libjvm.so+0x67f8d5]  thread_entry(JavaThread*, Thread*)+0xe5
V  [libjvm.so+0x95bfff]  JavaThread::thread_main_inner()+0xdf
V  [libjvm.so+0x95c105]  JavaThread::run()+0xf5
V  [libjvm.so+0x8238c8]  java_start(Thread*)+0x108

Java frames: (J=compiled Java code, j=interpreted, Vv=VM code)
j  org.simgrid.msg.Task.nativeFinalize()V+0
j  org.simgrid.msg.Task.finalize()V+1
j  java.lang.System$2.invokeFinalize(Ljava/lang/Object;)V+1
j  java.lang.ref.Finalizer.runFinalizer(Lsun/misc/JavaLangAccess;)V+46
j  java.lang.ref.Finalizer.access$100(Ljava/lang/ref/Finalizer;Lsun/misc/JavaLangAccess;)V+2
j  java.lang.ref.Finalizer$FinalizerThread.run()V+45
v  ~StubRoutines::call_stub

---------------  P R O C E S S  ---------------

Java Threads: ( => current thread )
  0x00007f365c001000 JavaThread "Thread-8" [_thread_in_native, id=3006, stack(0x00007f366b7ff000,0x00007f366c000000)]
  0x00007f3664001000 JavaThread "Thread-4" [_thread_in_native, id=3005, stack(0x00007f36847f9000,0x00007f3684ffa000)]
  0x00007f3654001000 JavaThread "Thread-2" [_thread_in_native, id=2999, stack(0x00007f36877ff000,0x00007f3688000000)]
  0x00007f3670001000 JavaThread "Thread-6" [_thread_in_native, id=3004, stack(0x00007f3684ffa000,0x00007f36857fb000)]
  0x00007f3678001000 JavaThread "Thread-7" [_thread_in_native, id=3002, stack(0x00007f3685ffc000,0x00007f36867fd000)]
  0x00007f366c001000 JavaThread "Thread-3" [_thread_in_native, id=3003, stack(0x00007f36857fb000,0x00007f3685ffc000)]
  0x00007f3674001000 JavaThread "Thread-5" [_thread_in_native, id=3001, stack(0x00007f36867fd000,0x00007f3686ffe000)]
  0x00007f367c001000 JavaThread "Thread-1" [_thread_in_vm, id=3000, stack(0x00007f3686ffe000,0x00007f36877ff000)]
  0x00007f36bc099000 JavaThread "Service Thread" daemon [_thread_blocked, id=2997, stack(0x00007f36b5a7c000,0x00007f36b5b7d000)]
  0x00007f36bc096800 JavaThread "C2 CompilerThread1" daemon [_thread_blocked, id=2996, stack(0x00007f36b5b7d000,0x00007f36b5c7e000)]
  0x00007f36bc093800 JavaThread "C2 CompilerThread0" daemon [_thread_blocked, id=2995, stack(0x00007f36b5c7e000,0x00007f36b5d7f000)]
  0x00007f36bc091800 JavaThread "Signal Dispatcher" daemon [_thread_blocked, id=2994, stack(0x00007f36b5d7f000,0x00007f36b5e80000)]
=>0x00007f36bc070800 JavaThread "Finalizer" daemon [_thread_in_native, id=2993, stack(0x00007f36b6563000,0x00007f36b6664000)]
  0x00007f36bc06e000 JavaThread "Reference Handler" daemon [_thread_in_Java, id=2992, stack(0x00007f36b6664000,0x00007f36b6765000)]
  0x00007f36bc009800 JavaThread "main" [_thread_in_native, id=2983, stack(0x00007f36c41f5000,0x00007f36c42f6000)]

Other Threads:
  0x00007f36bc06a000 VMThread [stack: 0x00007f36b6765000,0x00007f36b6866000] [id=2991]
  0x00007f36bc0a4000 WatcherThread [stack: 0x00007f36b597b000,0x00007f36b5a7c000] [id=2998]

VM state:not at safepoint (normal execution)

VM Mutex/Monitor currently owned by a thread: None

Heap
 PSYoungGen      total 17920K, used 4071K [0x00000000ec400000, 0x00000000ed800000, 0x0000000100000000)
  eden space 15360K, 9% used [0x00000000ec400000,0x00000000ec57dd48,0x00000000ed300000)
  from space 2560K, 99% used [0x00000000ed300000,0x00000000ed57c010,0x00000000ed580000)
  to   space 2560K, 0% used [0x00000000ed580000,0x00000000ed580000,0x00000000ed800000)
 ParOldGen       total 40448K, used 776K [0x00000000c4c00000, 0x00000000c7380000, 0x00000000ec400000)
  object space 40448K, 1% used [0x00000000c4c00000,0x00000000c4cc2000,0x00000000c7380000)
 PSPermGen       total 21504K, used 3590K [0x00000000bfa00000, 0x00000000c0f00000, 0x00000000c4c00000)
  object space 21504K, 16% used [0x00000000bfa00000,0x00000000bfd81be8,0x00000000c0f00000)

Card table byte_map: [0x00007f36c12d7000,0x00007f36c14db000] byte_map_base: 0x00007f36c0cda000

Polling page: 0x00007f36c4312000

Code Cache  [0x00007f36b9000000, 0x00007f36b9270000, 0x00007f36bc000000)
 total_blobs=269 nmethods=63 adapters=160 free_code_cache=48601Kb largest_free_block=49707200

Compilation events (10 events):
Event: 1.908 Thread 0x00007f36bc093800   59             java.util.regex.Matcher::find (69 bytes)
Event: 1.909 Thread 0x00007f36bc096800 nmethod 58 0x00007f36b90762d0 code [0x00007f36b9076420, 0x00007f36b9076528]
Event: 1.913 Thread 0x00007f36bc093800 nmethod 59 0x00007f36b9075b10 code [0x00007f36b9075c80, 0x00007f36b9075f78]
Event: 1.921 Thread 0x00007f36bc096800   60 % !         vcube.Node::main @ 73 (1463 bytes)
Event: 1.984 Thread 0x00007f36bc093800   61             java.lang.StringBuilder::append (8 bytes)
Event: 2.002 Thread 0x00007f36bc093800 nmethod 61 0x00007f36b9077ad0 code [0x00007f36b9077c40, 0x00007f36b9078118]
Event: 2.002 Thread 0x00007f36bc093800   62             java.lang.AbstractStringBuilder::append (62 bytes)
Event: 2.020 Thread 0x00007f36bc093800 nmethod 62 0x00007f36b907a210 code [0x00007f36b907a380, 0x00007f36b907a858]
Event: 2.090 Thread 0x00007f36bc096800 nmethod 60% 0x00007f36b907f710 code [0x00007f36b907fd60, 0x00007f36b9083fe8]
Event: 2.109 Thread 0x00007f36bc093800   63 % !         vcube.Node::main @ 307 (1463 bytes)

GC Heap History (2 events):
Event: 2.360 GC heap before
{Heap before GC invocations=1 (full 0):
 PSYoungGen      total 17920K, used 15360K [0x00000000ec400000, 0x00000000ed800000, 0x0000000100000000)
  eden space 15360K, 100% used [0x00000000ec400000,0x00000000ed300000,0x00000000ed300000)
  from space 2560K, 0% used [0x00000000ed580000,0x00000000ed580000,0x00000000ed800000)
  to   space 2560K, 0% used [0x00000000ed300000,0x00000000ed300000,0x00000000ed580000)
 ParOldGen       total 40448K, used 0K [0x00000000c4c00000, 0x00000000c7380000, 0x00000000ec400000)
  object space 40448K, 0% used [0x00000000c4c00000,0x00000000c4c00000,0x00000000c7380000)
 PSPermGen       total 21504K, used 3589K [0x00000000bfa00000, 0x00000000c0f00000, 0x00000000c4c00000)
  object space 21504K, 16% used [0x00000000bfa00000,0x00000000bfd815d0,0x00000000c0f00000)
Event: 2.374 GC heap after
Heap after GC invocations=1 (full 0):
 PSYoungGen      total 17920K, used 2544K [0x00000000ec400000, 0x00000000ed800000, 0x0000000100000000)
  eden space 15360K, 0% used [0x00000000ec400000,0x00000000ec400000,0x00000000ed300000)
  from space 2560K, 99% used [0x00000000ed300000,0x00000000ed57c010,0x00000000ed580000)
  to   space 2560K, 0% used [0x00000000ed580000,0x00000000ed580000,0x00000000ed800000)
 ParOldGen       total 40448K, used 776K [0x00000000c4c00000, 0x00000000c7380000, 0x00000000ec400000)
  object space 40448K, 1% used [0x00000000c4c00000,0x00000000c4cc2000,0x00000000c7380000)
 PSPermGen       total 21504K, used 3589K [0x00000000bfa00000, 0x00000000c0f00000, 0x00000000c4c00000)
  object space 21504K, 16% used [0x00000000bfa00000,0x00000000bfd815d0,0x00000000c0f00000)
}

Deoptimization events (0 events):
No events

Internal exceptions (10 events):
Event: 2.353 Thread 0x00007f367c001000 Threw 0x00000000ed2d9008 at /HUDSON/workspace/7u-2-build-linux-amd64/jdk7u80/2329/hotspot/src/share/vm/prims/jni.cpp:743
Event: 2.353 Thread 0x00007f3674001000 Threw 0x00000000ed25f9b0 at /HUDSON/workspace/7u-2-build-linux-amd64/jdk7u80/2329/hotspot/src/share/vm/prims/jni.cpp:743
Event: 2.354 Thread 0x00007f366c001000 Threw 0x00000000ed213bd0 at /HUDSON/workspace/7u-2-build-linux-amd64/jdk7u80/2329/hotspot/src/share/vm/prims/jni.cpp:743
Event: 2.355 Thread 0x00007f365c001000 Threw 0x00000000ed28a4f0 at /HUDSON/workspace/7u-2-build-linux-amd64/jdk7u80/2329/hotspot/src/share/vm/prims/jni.cpp:743
Event: 2.355 Thread 0x00007f367c001000 Threw 0x00000000ed2da2c0 at /HUDSON/workspace/7u-2-build-linux-amd64/jdk7u80/2329/hotspot/src/share/vm/prims/jni.cpp:743
Event: 2.355 Thread 0x00007f3674001000 Threw 0x00000000ed260c68 at /HUDSON/workspace/7u-2-build-linux-amd64/jdk7u80/2329/hotspot/src/share/vm/prims/jni.cpp:743
Event: 2.357 Thread 0x00007f366c001000 Threw 0x00000000ed214c90 at /HUDSON/workspace/7u-2-build-linux-amd64/jdk7u80/2329/hotspot/src/share/vm/prims/jni.cpp:743
Event: 2.358 Thread 0x00007f365c001000 Threw 0x00000000ed28b5b0 at /HUDSON/workspace/7u-2-build-linux-amd64/jdk7u80/2329/hotspot/src/share/vm/prims/jni.cpp:743
Event: 2.359 Thread 0x00007f367c001000 Threw 0x00000000ed2db578 at /HUDSON/workspace/7u-2-build-linux-amd64/jdk7u80/2329/hotspot/src/share/vm/prims/jni.cpp:743
Event: 2.359 Thread 0x00007f3674001000 Threw 0x00000000ed261f20 at /HUDSON/workspace/7u-2-build-linux-amd64/jdk7u80/2329/hotspot/src/share/vm/prims/jni.cpp:743

Events (10 events):
Event: 0.317 loading class 0x00007f3654005000
Event: 0.317 loading class 0x00007f3654005000 done
Event: 0.782 loading class 0x00007f36c0b175c0
Event: 0.782 loading class 0x00007f36c0b175c0 done
Event: 0.782 loading class 0x00007f3694071b60
Event: 0.782 loading class 0x00007f36c0b0fc90
Event: 0.782 loading class 0x00007f36c0b0fc90 done
Event: 0.782 loading class 0x00007f3694071b60 done
Event: 2.360 Executing VM operation: ParallelGCFailedAllocation
Event: 2.375 Executing VM operation: ParallelGCFailedAllocation done


Dynamic libraries:
00400000-00401000 r-xp 00000000 08:07 663942                             /home/elixandre/jdk1.7.0_80/bin/java
00600000-00601000 rw-p 00000000 08:07 663942                             /home/elixandre/jdk1.7.0_80/bin/java
008e4000-00905000 rw-p 00000000 00:00 0                                  [heap]
bfa00000-c0f00000 rw-p 00000000 00:00 0 
c0f00000-c4c00000 rw-p 00000000 00:00 0 
c4c00000-c7380000 rw-p 00000000 00:00 0 
c7380000-ec400000 rw-p 00000000 00:00 0 
ec400000-ed800000 rw-p 00000000 00:00 0 
ed800000-100000000 rw-p 00000000 00:00 0 
7f3654000000-7f365429a000 rw-p 00000000 00:00 0 
7f365429a000-7f3658000000 ---p 00000000 00:00 0 
7f365c000000-7f365c24d000 rw-p 00000000 00:00 0 
7f365c24d000-7f3660000000 ---p 00000000 00:00 0 
7f3664000000-7f3664267000 rw-p 00000000 00:00 0 
7f3664267000-7f3668000000 ---p 00000000 00:00 0 
7f366b7ff000-7f366b802000 ---p 00000000 00:00 0 
7f366b802000-7f366c000000 rw-p 00000000 00:00 0 
7f366c000000-7f366c295000 rw-p 00000000 00:00 0 
7f366c295000-7f3670000000 ---p 00000000 00:00 0 
7f3670000000-7f3670226000 rw-p 00000000 00:00 0 
7f3670226000-7f3674000000 ---p 00000000 00:00 0 
7f3674000000-7f367428a000 rw-p 00000000 00:00 0 
7f367428a000-7f3678000000 ---p 00000000 00:00 0 
7f3678000000-7f367825e000 rw-p 00000000 00:00 0 
7f367825e000-7f367c000000 ---p 00000000 00:00 0 
7f367c000000-7f367c22a000 rw-p 00000000 00:00 0 
7f367c22a000-7f3680000000 ---p 00000000 00:00 0 
7f3680000000-7f3680021000 rw-p 00000000 00:00 0 
7f3680021000-7f3684000000 ---p 00000000 00:00 0 
7f36847f9000-7f36847fc000 ---p 00000000 00:00 0 
7f36847fc000-7f3684ffa000 rw-p 00000000 00:00 0 
7f3684ffa000-7f3684ffd000 ---p 00000000 00:00 0 
7f3684ffd000-7f36857fb000 rw-p 00000000 00:00 0 
7f36857fb000-7f36857fe000 ---p 00000000 00:00 0 
7f36857fe000-7f3685ffc000 rw-p 00000000 00:00 0 
7f3685ffc000-7f3685fff000 ---p 00000000 00:00 0 
7f3685fff000-7f36867fd000 rw-p 00000000 00:00 0 
7f36867fd000-7f3686800000 ---p 00000000 00:00 0 
7f3686800000-7f3686ffe000 rw-p 00000000 00:00 0 
7f3686ffe000-7f3687001000 ---p 00000000 00:00 0 
7f3687001000-7f36877ff000 rw-p 00000000 00:00 0 
7f36877ff000-7f3687802000 ---p 00000000 00:00 0 
7f3687802000-7f3688000000 rw-p 00000000 00:00 0 
7f3688000000-7f36888d9000 rw-p 00000000 00:00 0 
7f36888d9000-7f368c000000 ---p 00000000 00:00 0 
7f368c000000-7f368c021000 rw-p 00000000 00:00 0 
7f368c021000-7f3690000000 ---p 00000000 00:00 0 
7f3690000000-7f3690021000 rw-p 00000000 00:00 0 
7f3690021000-7f3694000000 ---p 00000000 00:00 0 
7f3694000000-7f369493c000 rw-p 00000000 00:00 0 
7f369493c000-7f3698000000 ---p 00000000 00:00 0 
7f3698000000-7f3698021000 rw-p 00000000 00:00 0 
7f3698021000-7f369c000000 ---p 00000000 00:00 0 
7f369c000000-7f369c0e2000 rw-p 00000000 00:00 0 
7f369c0e2000-7f36a0000000 ---p 00000000 00:00 0 
7f36a0000000-7f36a0021000 rw-p 00000000 00:00 0 
7f36a0021000-7f36a4000000 ---p 00000000 00:00 0 
7f36a4000000-7f36a4021000 rw-p 00000000 00:00 0 
7f36a4021000-7f36a8000000 ---p 00000000 00:00 0 
7f36a8000000-7f36a8021000 rw-p 00000000 00:00 0 
7f36a8021000-7f36ac000000 ---p 00000000 00:00 0 
7f36ac000000-7f36ac021000 rw-p 00000000 00:00 0 
7f36ac021000-7f36b0000000 ---p 00000000 00:00 0 
7f36b0000000-7f36b0021000 rw-p 00000000 00:00 0 
7f36b0021000-7f36b4000000 ---p 00000000 00:00 0 
7f36b442b000-7f36b4598000 rw-p 00000000 00:00 0 
7f36b4598000-7f36b45b0000 r-xp 00000000 08:07 821463                     /tmp/simgrid-java8302917631628246860/libsimgrid-java.so
7f36b45b0000-7f36b47b0000 ---p 00018000 08:07 821463                     /tmp/simgrid-java8302917631628246860/libsimgrid-java.so
7f36b47b0000-7f36b47b1000 rw-p 00018000 08:07 821463                     /tmp/simgrid-java8302917631628246860/libsimgrid-java.so
7f36b47b1000-7f36b47c7000 r-xp 00000000 08:07 528568                     /lib/x86_64-linux-gnu/libgcc_s.so.1
7f36b47c7000-7f36b49c6000 ---p 00016000 08:07 528568                     /lib/x86_64-linux-gnu/libgcc_s.so.1
7f36b49c6000-7f36b49c7000 r--p 00015000 08:07 528568                     /lib/x86_64-linux-gnu/libgcc_s.so.1
7f36b49c7000-7f36b49c8000 rw-p 00016000 08:07 528568                     /lib/x86_64-linux-gnu/libgcc_s.so.1
7f36b49c8000-7f36b4b3b000 r-xp 00000000 08:07 1059329                    /usr/lib/x86_64-linux-gnu/libstdc++.so.6.0.21
7f36b4b3b000-7f36b4d3a000 ---p 00173000 08:07 1059329                    /usr/lib/x86_64-linux-gnu/libstdc++.so.6.0.21
7f36b4d3a000-7f36b4d44000 r--p 00172000 08:07 1059329                    /usr/lib/x86_64-linux-gnu/libstdc++.so.6.0.21
7f36b4d44000-7f36b4d46000 rw-p 0017c000 08:07 1059329                    /usr/lib/x86_64-linux-gnu/libstdc++.so.6.0.21
7f36b4d46000-7f36b4d4a000 rw-p 00000000 00:00 0 
7f36b4d4a000-7f36b500f000 r-xp 00000000 08:07 821462                     /tmp/simgrid-java8302917631628246860/libsimgrid.so
7f36b500f000-7f36b520f000 ---p 002c5000 08:07 821462                     /tmp/simgrid-java8302917631628246860/libsimgrid.so
7f36b520f000-7f36b524a000 rw-p 002c5000 08:07 821462                     /tmp/simgrid-java8302917631628246860/libsimgrid.so
7f36b524a000-7f36b5553000 rw-p 00000000 00:00 0 
7f36b5553000-7f36b556a000 r-xp 00000000 08:07 663689                     /home/elixandre/jdk1.7.0_80/jre/lib/amd64/libnet.so
7f36b556a000-7f36b5769000 ---p 00017000 08:07 663689                     /home/elixandre/jdk1.7.0_80/jre/lib/amd64/libnet.so
7f36b5769000-7f36b576a000 rw-p 00016000 08:07 663689                     /home/elixandre/jdk1.7.0_80/jre/lib/amd64/libnet.so
7f36b576a000-7f36b577a000 r-xp 00000000 08:07 663688                     /home/elixandre/jdk1.7.0_80/jre/lib/amd64/libnio.so
7f36b577a000-7f36b597a000 ---p 00010000 08:07 663688                     /home/elixandre/jdk1.7.0_80/jre/lib/amd64/libnio.so
7f36b597a000-7f36b597b000 rw-p 00010000 08:07 663688                     /home/elixandre/jdk1.7.0_80/jre/lib/amd64/libnio.so
7f36b597b000-7f36b597c000 ---p 00000000 00:00 0 
7f36b597c000-7f36b5a7c000 rw-p 00000000 00:00 0 
7f36b5a7c000-7f36b5a7f000 ---p 00000000 00:00 0 
7f36b5a7f000-7f36b5b7d000 rw-p 00000000 00:00 0 
7f36b5b7d000-7f36b5b80000 ---p 00000000 00:00 0 
7f36b5b80000-7f36b5c7e000 rw-p 00000000 00:00 0 
7f36b5c7e000-7f36b5c81000 ---p 00000000 00:00 0 
7f36b5c81000-7f36b5d7f000 rw-p 00000000 00:00 0 
7f36b5d7f000-7f36b5d82000 ---p 00000000 00:00 0 
7f36b5d82000-7f36b5e80000 rw-p 00000000 00:00 0 
7f36b5e80000-7f36b6563000 r--p 00000000 08:07 1055607                    /usr/lib/locale/locale-archive
7f36b6563000-7f36b6566000 ---p 00000000 00:00 0 
7f36b6566000-7f36b6664000 rw-p 00000000 00:00 0 
7f36b6664000-7f36b6667000 ---p 00000000 00:00 0 
7f36b6667000-7f36b6765000 rw-p 00000000 00:00 0 
7f36b6765000-7f36b6766000 ---p 00000000 00:00 0 
7f36b6766000-7f36b9000000 rw-p 00000000 00:00 0 
7f36b9000000-7f36b9270000 rwxp 00000000 00:00 0 
7f36b9270000-7f36bc40b000 rw-p 00000000 00:00 0 
7f36bc40b000-7f36c0000000 ---p 00000000 00:00 0 
7f36c001d000-7f36c08b2000 rw-p 00000000 00:00 0 
7f36c08b2000-7f36c0a72000 r--s 039fb000 08:07 663892                     /home/elixandre/jdk1.7.0_80/jre/lib/rt.jar
7f36c0a72000-7f36c0d6e000 rw-p 00000000 00:00 0 
7f36c0d6e000-7f36c0d6f000 ---p 00000000 00:00 0 
7f36c0d6f000-7f36c0e6f000 rw-p 00000000 00:00 0 
7f36c0e6f000-7f36c0e70000 ---p 00000000 00:00 0 
7f36c0e70000-7f36c0f70000 rw-p 00000000 00:00 0 
7f36c0f70000-7f36c0f71000 ---p 00000000 00:00 0 
7f36c0f71000-7f36c1071000 rw-p 00000000 00:00 0 
7f36c1071000-7f36c1072000 ---p 00000000 00:00 0 
7f36c1072000-7f36c117d000 rw-p 00000000 00:00 0 
7f36c117d000-7f36c119b000 rw-p 00000000 00:00 0 
7f36c119b000-7f36c11af000 rw-p 00000000 00:00 0 
7f36c11af000-7f36c12d7000 rw-p 00000000 00:00 0 
7f36c12d7000-7f36c12e2000 rw-p 00000000 00:00 0 
7f36c12e2000-7f36c1300000 rw-p 00000000 00:00 0 
7f36c1300000-7f36c1314000 rw-p 00000000 00:00 0 
7f36c1314000-7f36c143c000 rw-p 00000000 00:00 0 
7f36c143c000-7f36c1446000 rw-p 00000000 00:00 0 
7f36c1446000-7f36c14da000 rw-p 00000000 00:00 0 
7f36c14da000-7f36c14db000 rw-p 00000000 00:00 0 
7f36c14db000-7f36c14f2000 r-xp 00000000 08:07 663687                     /home/elixandre/jdk1.7.0_80/jre/lib/amd64/libzip.so
7f36c14f2000-7f36c16f2000 ---p 00017000 08:07 663687                     /home/elixandre/jdk1.7.0_80/jre/lib/amd64/libzip.so
7f36c16f2000-7f36c16f3000 rw-p 00017000 08:07 663687                     /home/elixandre/jdk1.7.0_80/jre/lib/amd64/libzip.so
7f36c16f3000-7f36c16fd000 r-xp 00000000 08:07 529521                     /lib/x86_64-linux-gnu/libnss_files-2.21.so
7f36c16fd000-7f36c18fd000 ---p 0000a000 08:07 529521                     /lib/x86_64-linux-gnu/libnss_files-2.21.so
7f36c18fd000-7f36c18fe000 r--p 0000a000 08:07 529521                     /lib/x86_64-linux-gnu/libnss_files-2.21.so
7f36c18fe000-7f36c18ff000 rw-p 0000b000 08:07 529521                     /lib/x86_64-linux-gnu/libnss_files-2.21.so
7f36c18ff000-7f36c190a000 r-xp 00000000 08:07 529535                     /lib/x86_64-linux-gnu/libnss_nis-2.21.so
7f36c190a000-7f36c1b09000 ---p 0000b000 08:07 529535                     /lib/x86_64-linux-gnu/libnss_nis-2.21.so
7f36c1b09000-7f36c1b0a000 r--p 0000a000 08:07 529535                     /lib/x86_64-linux-gnu/libnss_nis-2.21.so
7f36c1b0a000-7f36c1b0b000 rw-p 0000b000 08:07 529535                     /lib/x86_64-linux-gnu/libnss_nis-2.21.so
7f36c1b0b000-7f36c1b22000 r-xp 00000000 08:07 529538                     /lib/x86_64-linux-gnu/libnsl-2.21.so
7f36c1b22000-7f36c1d21000 ---p 00017000 08:07 529538                     /lib/x86_64-linux-gnu/libnsl-2.21.so
7f36c1d21000-7f36c1d22000 r--p 00016000 08:07 529538                     /lib/x86_64-linux-gnu/libnsl-2.21.so
7f36c1d22000-7f36c1d23000 rw-p 00017000 08:07 529538                     /lib/x86_64-linux-gnu/libnsl-2.21.so
7f36c1d23000-7f36c1d25000 rw-p 00000000 00:00 0 
7f36c1d25000-7f36c1d2d000 r-xp 00000000 08:07 529523                     /lib/x86_64-linux-gnu/libnss_compat-2.21.so
7f36c1d2d000-7f36c1f2c000 ---p 00008000 08:07 529523                     /lib/x86_64-linux-gnu/libnss_compat-2.21.so
7f36c1f2c000-7f36c1f2d000 r--p 00007000 08:07 529523                     /lib/x86_64-linux-gnu/libnss_compat-2.21.so
7f36c1f2d000-7f36c1f2e000 rw-p 00008000 08:07 529523                     /lib/x86_64-linux-gnu/libnss_compat-2.21.so
7f36c1f2e000-7f36c1f57000 r-xp 00000000 08:07 663623                     /home/elixandre/jdk1.7.0_80/jre/lib/amd64/libjava.so
7f36c1f57000-7f36c2157000 ---p 00029000 08:07 663623                     /home/elixandre/jdk1.7.0_80/jre/lib/amd64/libjava.so
7f36c2157000-7f36c2159000 rw-p 00029000 08:07 663623                     /home/elixandre/jdk1.7.0_80/jre/lib/amd64/libjava.so
7f36c2159000-7f36c2166000 r-xp 00000000 08:07 663501                     /home/elixandre/jdk1.7.0_80/jre/lib/amd64/libverify.so
7f36c2166000-7f36c2365000 ---p 0000d000 08:07 663501                     /home/elixandre/jdk1.7.0_80/jre/lib/amd64/libverify.so
7f36c2365000-7f36c2367000 rw-p 0000c000 08:07 663501                     /home/elixandre/jdk1.7.0_80/jre/lib/amd64/libverify.so
7f36c2367000-7f36c236e000 r-xp 00000000 08:07 529522                     /lib/x86_64-linux-gnu/librt-2.21.so
7f36c236e000-7f36c256d000 ---p 00007000 08:07 529522                     /lib/x86_64-linux-gnu/librt-2.21.so
7f36c256d000-7f36c256e000 r--p 00006000 08:07 529522                     /lib/x86_64-linux-gnu/librt-2.21.so
7f36c256e000-7f36c256f000 rw-p 00007000 08:07 529522                     /lib/x86_64-linux-gnu/librt-2.21.so
7f36c256f000-7f36c2676000 r-xp 00000000 08:07 529524                     /lib/x86_64-linux-gnu/libm-2.21.so
7f36c2676000-7f36c2875000 ---p 00107000 08:07 529524                     /lib/x86_64-linux-gnu/libm-2.21.so
7f36c2875000-7f36c2876000 r--p 00106000 08:07 529524                     /lib/x86_64-linux-gnu/libm-2.21.so
7f36c2876000-7f36c2877000 rw-p 00107000 08:07 529524                     /lib/x86_64-linux-gnu/libm-2.21.so
7f36c2877000-7f36c33ed000 r-xp 00000000 08:07 663273                     /home/elixandre/jdk1.7.0_80/jre/lib/amd64/server/libjvm.so
7f36c33ed000-7f36c35ec000 ---p 00b76000 08:07 663273                     /home/elixandre/jdk1.7.0_80/jre/lib/amd64/server/libjvm.so
7f36c35ec000-7f36c36b0000 rw-p 00b75000 08:07 663273                     /home/elixandre/jdk1.7.0_80/jre/lib/amd64/server/libjvm.so
7f36c36b0000-7f36c36f1000 rw-p 00000000 00:00 0 
7f36c36f1000-7f36c38b1000 r-xp 00000000 08:07 529541                     /lib/x86_64-linux-gnu/libc-2.21.so
7f36c38b1000-7f36c3ab1000 ---p 001c0000 08:07 529541                     /lib/x86_64-linux-gnu/libc-2.21.so
7f36c3ab1000-7f36c3ab5000 r--p 001c0000 08:07 529541                     /lib/x86_64-linux-gnu/libc-2.21.so
7f36c3ab5000-7f36c3ab7000 rw-p 001c4000 08:07 529541                     /lib/x86_64-linux-gnu/libc-2.21.so
7f36c3ab7000-7f36c3abb000 rw-p 00000000 00:00 0 
7f36c3abb000-7f36c3abe000 r-xp 00000000 08:07 529528                     /lib/x86_64-linux-gnu/libdl-2.21.so
7f36c3abe000-7f36c3cbd000 ---p 00003000 08:07 529528                     /lib/x86_64-linux-gnu/libdl-2.21.so
7f36c3cbd000-7f36c3cbe000 r--p 00002000 08:07 529528                     /lib/x86_64-linux-gnu/libdl-2.21.so
7f36c3cbe000-7f36c3cbf000 rw-p 00003000 08:07 529528                     /lib/x86_64-linux-gnu/libdl-2.21.so
7f36c3cbf000-7f36c3cd4000 r-xp 00000000 08:07 663695                     /home/elixandre/jdk1.7.0_80/lib/amd64/jli/libjli.so
7f36c3cd4000-7f36c3ed3000 ---p 00015000 08:07 663695                     /home/elixandre/jdk1.7.0_80/lib/amd64/jli/libjli.so
7f36c3ed3000-7f36c3ed4000 rw-p 00014000 08:07 663695                     /home/elixandre/jdk1.7.0_80/lib/amd64/jli/libjli.so
7f36c3ed4000-7f36c3eec000 r-xp 00000000 08:07 529525                     /lib/x86_64-linux-gnu/libpthread-2.21.so
7f36c3eec000-7f36c40ec000 ---p 00018000 08:07 529525                     /lib/x86_64-linux-gnu/libpthread-2.21.so
7f36c40ec000-7f36c40ed000 r--p 00018000 08:07 529525                     /lib/x86_64-linux-gnu/libpthread-2.21.so
7f36c40ed000-7f36c40ee000 rw-p 00019000 08:07 529525                     /lib/x86_64-linux-gnu/libpthread-2.21.so
7f36c40ee000-7f36c40f2000 rw-p 00000000 00:00 0 
7f36c40f2000-7f36c4116000 r-xp 00000000 08:07 529539                     /lib/x86_64-linux-gnu/ld-2.21.so
7f36c4120000-7f36c413f000 rw-p 00000000 00:00 0 
7f36c413f000-7f36c41f5000 rw-p 00000000 00:00 0 
7f36c41f5000-7f36c41f8000 ---p 00000000 00:00 0 
7f36c41f8000-7f36c42fa000 rw-p 00000000 00:00 0 
7f36c4301000-7f36c4302000 rw-p 00000000 00:00 0 
7f36c4302000-7f36c4306000 r--s 0008b000 08:07 663627                     /home/elixandre/jdk1.7.0_80/jre/lib/jsse.jar
7f36c4306000-7f36c4309000 r--s 00f76000 08:07 542783                     /home/elixandre/Downloads/simgrid.jar
7f36c4309000-7f36c4311000 rw-s 00000000 08:07 820614                     /tmp/hsperfdata_elixandre/2981
7f36c4311000-7f36c4312000 rw-p 00000000 00:00 0 
7f36c4312000-7f36c4313000 r--p 00000000 00:00 0 
7f36c4313000-7f36c4315000 rw-p 00000000 00:00 0 
7f36c4315000-7f36c4316000 r--p 00023000 08:07 529539                     /lib/x86_64-linux-gnu/ld-2.21.so
7f36c4316000-7f36c4317000 rw-p 00024000 08:07 529539                     /lib/x86_64-linux-gnu/ld-2.21.so
7f36c4317000-7f36c4318000 rw-p 00000000 00:00 0 
7fffaa7b4000-7fffaa7d5000 rw-p 00000000 00:00 0                          [stack]
7fffaa7df000-7fffaa7e1000 r--p 00000000 00:00 0                          [vvar]
7fffaa7e1000-7fffaa7e3000 r-xp 00000000 00:00 0                          [vdso]
ffffffffff600000-ffffffffff601000 r-xp 00000000 00:00 0                  [vsyscall]

VM Arguments:
jvm_args: -Dfile.encoding=UTF-8 
java_command: vcube.VCube platform.xml deployment.xml
Launcher Type: SUN_STANDARD

Environment Variables:
PATH=/usr/local/sbin:/usr/local/bin:/usr/sbin:/usr/bin:/sbin:/bin:/usr/games:/usr/local/games:/home/elixandre/.rvm/bin
LD_LIBRARY_PATH=/home/elixandre/jdk1.7.0_80/jre/lib/amd64:/home/elixandre/jdk1.7.0_80/jre/lib/i386:
SHELL=/bin/bash
DISPLAY=:0

Signal Handlers:
SIGSEGV: [libjvm.so+0x9a3b20], sa_mask[0]=0x7ffbfeff, sa_flags=0x10000004
SIGBUS: [libjvm.so+0x9a3b20], sa_mask[0]=0x7ffbfeff, sa_flags=0x10000004
SIGFPE: [libjvm.so+0x81e740], sa_mask[0]=0x7ffbfeff, sa_flags=0x10000004
SIGPIPE: [libjvm.so+0x81e740], sa_mask[0]=0x7ffbfeff, sa_flags=0x10000004
SIGXFSZ: [libjvm.so+0x81e740], sa_mask[0]=0x7ffbfeff, sa_flags=0x10000004
SIGILL: [libjvm.so+0x81e740], sa_mask[0]=0x7ffbfeff, sa_flags=0x10000004
SIGUSR1: SIG_DFL, sa_mask[0]=0x00000000, sa_flags=0x00000000
SIGUSR2: [libjvm.so+0x81ffb0], sa_mask[0]=0x00000004, sa_flags=0x10000004
SIGHUP: [libjvm.so+0x8210d0], sa_mask[0]=0x7ffbfeff, sa_flags=0x10000004
SIGINT: [libsimgrid.so+0x8ff50], sa_mask[0]=0x00000002, sa_flags=0x10000000
SIGTERM: [libjvm.so+0x8210d0], sa_mask[0]=0x7ffbfeff, sa_flags=0x10000004
SIGQUIT: [libjvm.so+0x8210d0], sa_mask[0]=0x7ffbfeff, sa_flags=0x10000004


---------------  S Y S T E M  ---------------

OS:jessie/sid

uname:Linux 4.2.0-42-generic #49-Ubuntu SMP Tue Jun 28 21:26:26 UTC 2016 x86_64
libc:glibc 2.21 NPTL 2.21 
rlimit: STACK 8192k, CORE 0k, NPROC 15009, NOFILE 65536, AS infinity
load average:0.80 0.57 0.51

/proc/meminfo:
MemTotal:        3879128 kB
MemFree:          956640 kB
MemAvailable:    1717988 kB
Buffers:           84188 kB
Cached:          1089020 kB
SwapCached:            0 kB
Active:          1904112 kB
Inactive:         844432 kB
Active(anon):    1577084 kB
Inactive(anon):   263116 kB
Active(file):     327028 kB
Inactive(file):   581316 kB
Unevictable:          48 kB
Mlocked:              48 kB
SwapTotal:        975868 kB
SwapFree:         975868 kB
Dirty:             12512 kB
Writeback:             0 kB
AnonPages:       1575484 kB
Mapped:           350852 kB
Shmem:            264868 kB
Slab:              75920 kB
SReclaimable:      43876 kB
SUnreclaim:        32044 kB
KernelStack:        9760 kB
PageTables:        34812 kB
NFS_Unstable:          0 kB
Bounce:                0 kB
WritebackTmp:          0 kB
CommitLimit:     2915432 kB
Committed_AS:    5806124 kB
VmallocTotal:   34359738367 kB
VmallocUsed:      347648 kB
VmallocChunk:   34358947836 kB
HardwareCorrupted:     0 kB
AnonHugePages:    741376 kB
CmaTotal:              0 kB
CmaFree:               0 kB
HugePages_Total:       0
HugePages_Free:        0
HugePages_Rsvd:        0
HugePages_Surp:        0
Hugepagesize:       2048 kB
DirectMap4k:      117496 kB
DirectMap2M:     3909632 kB


CPU:total 4 (2 cores per cpu, 2 threads per core) family 6 model 58 stepping 9, cmov, cx8, fxsr, mmx, sse, sse2, sse3, ssse3, sse4.1, sse4.2, popcnt, avx, erms, ht, tsc, tscinvbit, tscinv

/proc/cpuinfo:
processor	: 0
vendor_id	: GenuineIntel
cpu family	: 6
model		: 58
model name	: Intel(R) Core(TM) i7-3517U CPU @ 1.90GHz
stepping	: 9
microcode	: 0x12
cpu MHz		: 2799.937
cache size	: 4096 KB
physical id	: 0
siblings	: 4
core id		: 0
cpu cores	: 2
apicid		: 0
initial apicid	: 0
fpu		: yes
fpu_exception	: yes
cpuid level	: 13
wp		: yes
flags		: fpu vme de pse tsc msr pae mce cx8 apic sep mtrr pge mca cmov pat pse36 clflush dts acpi mmx fxsr sse sse2 ss ht tm pbe syscall nx rdtscp lm constant_tsc arch_perfmon pebs bts rep_good nopl xtopology nonstop_tsc aperfmperf eagerfpu pni pclmulqdq dtes64 monitor ds_cpl vmx est tm2 ssse3 cx16 xtpr pdcm pcid sse4_1 sse4_2 x2apic popcnt tsc_deadline_timer xsave avx f16c rdrand lahf_lm ida arat epb pln pts dtherm tpr_shadow vnmi flexpriority ept vpid fsgsbase smep erms xsaveopt
bugs		:
bogomips	: 4788.86
clflush size	: 64
cache_alignment	: 64
address sizes	: 36 bits physical, 48 bits virtual
power management:

processor	: 1
vendor_id	: GenuineIntel
cpu family	: 6
model		: 58
model name	: Intel(R) Core(TM) i7-3517U CPU @ 1.90GHz
stepping	: 9
microcode	: 0x12
cpu MHz		: 2799.937
cache size	: 4096 KB
physical id	: 0
siblings	: 4
core id		: 0
cpu cores	: 2
apicid		: 1
initial apicid	: 1
fpu		: yes
fpu_exception	: yes
cpuid level	: 13
wp		: yes
flags		: fpu vme de pse tsc msr pae mce cx8 apic sep mtrr pge mca cmov pat pse36 clflush dts acpi mmx fxsr sse sse2 ss ht tm pbe syscall nx rdtscp lm constant_tsc arch_perfmon pebs bts rep_good nopl xtopology nonstop_tsc aperfmperf eagerfpu pni pclmulqdq dtes64 monitor ds_cpl vmx est tm2 ssse3 cx16 xtpr pdcm pcid sse4_1 sse4_2 x2apic popcnt tsc_deadline_timer xsave avx f16c rdrand lahf_lm ida arat epb pln pts dtherm tpr_shadow vnmi flexpriority ept vpid fsgsbase smep erms xsaveopt
bugs		:
bogomips	: 4788.86
clflush size	: 64
cache_alignment	: 64
address sizes	: 36 bits physical, 48 bits virtual
power management:

processor	: 2
vendor_id	: GenuineIntel
cpu family	: 6
model		: 58
model name	: Intel(R) Core(TM) i7-3517U CPU @ 1.90GHz
stepping	: 9
microcode	: 0x12
cpu MHz		: 2799.937
cache size	: 4096 KB
physical id	: 0
siblings	: 4
core id		: 1
cpu cores	: 2
apicid		: 2
initial apicid	: 2
fpu		: yes
fpu_exception	: yes
cpuid level	: 13
wp		: yes
flags		: fpu vme de pse tsc msr pae mce cx8 apic sep mtrr pge mca cmov pat pse36 clflush dts acpi mmx fxsr sse sse2 ss ht tm pbe syscall nx rdtscp lm constant_tsc arch_perfmon pebs bts rep_good nopl xtopology nonstop_tsc aperfmperf eagerfpu pni pclmulqdq dtes64 monitor ds_cpl vmx est tm2 ssse3 cx16 xtpr pdcm pcid sse4_1 sse4_2 x2apic popcnt tsc_deadline_timer xsave avx f16c rdrand lahf_lm ida arat epb pln pts dtherm tpr_shadow vnmi flexpriority ept vpid fsgsbase smep erms xsaveopt
bugs		:
bogomips	: 4788.86
clflush size	: 64
cache_alignment	: 64
address sizes	: 36 bits physical, 48 bits virtual
power management:

processor	: 3
vendor_id	: GenuineIntel
cpu family	: 6
model		: 58
model name	: Intel(R) Core(TM) i7-3517U CPU @ 1.90GHz
stepping	: 9
microcode	: 0x12
cpu MHz		: 2782.125
cache size	: 4096 KB
physical id	: 0
siblings	: 4
core id		: 1
cpu cores	: 2
apicid		: 3
initial apicid	: 3
fpu		: yes
fpu_exception	: yes
cpuid level	: 13
wp		: yes
flags		: fpu vme de pse tsc msr pae mce cx8 apic sep mtrr pge mca cmov pat pse36 clflush dts acpi mmx fxsr sse sse2 ss ht tm pbe syscall nx rdtscp lm constant_tsc arch_perfmon pebs bts rep_good nopl xtopology nonstop_tsc aperfmperf eagerfpu pni pclmulqdq dtes64 monitor ds_cpl vmx est tm2 ssse3 cx16 xtpr pdcm pcid sse4_1 sse4_2 x2apic popcnt tsc_deadline_timer xsave avx f16c rdrand lahf_lm ida arat epb pln pts dtherm tpr_shadow vnmi flexpriority ept vpid fsgsbase smep erms xsaveopt
bugs		:
bogomips	: 4788.86
clflush size	: 64
cache_alignment	: 64
address sizes	: 36 bits physical, 48 bits virtual
power management:



Memory: 4k page, physical 3879128k(956640k free), swap 975868k(975868k free)

vm_info: Java HotSpot(TM) 64-Bit Server VM (24.80-b11) for linux-amd64 JRE (1.7.0_80-b15), built on Apr 10 2015 19:53:14 by "java_re" with gcc 4.3.0 20080428 (Red Hat 4.3.0-8)

time: Thu May  4 10:06:18 2017
elapsed time: 2 seconds

