#
# A fatal error has been detected by the Java Runtime Environment:
#
#  SIGSEGV (0xb) at pc=0x00007ff2f795f263, pid=7192, tid=140681609692928
#
# JRE version: Java(TM) SE Runtime Environment (7.0_80-b15) (build 1.7.0_80-b15)
# Java VM: Java HotSpot(TM) 64-Bit Server VM (24.80-b11 mixed mode linux-amd64 compressed oops)
# Problematic frame:
# C  [libsimgrid.so+0x190263]  xbt_dynar_member+0x23
#
# Failed to write core dump. Core dumps have been disabled. To enable core dumping, try "ulimit -c unlimited" before starting Java again
#
# If you would like to submit a bug report, please visit:
#   http://bugreport.java.com/bugreport/crash.jsp
#

---------------  T H R E A D  ---------------

Current thread (0x00007ff30406a000):  VMThread [stack: 0x00007ff2fd4f4000,0x00007ff2fd5f5000] [id=7202]

siginfo:si_signo=SIGSEGV: si_errno=0, si_code=1 (SEGV_MAPERR), si_addr=0x0000000000000000

Registers:
RAX=0x0000000000000000, RBX=0x00007ff2f7ccb700, RCX=0x00007ff2f7cd6790, RDX=0x00007ff2fd5f4a30
RSP=0x00007ff2fd5f3710, RBP=0x00007ff30414cae0, RSI=0x00007ff2fd5f38b8, RDI=0x00007ff2fd5f37d0
R8 =0x00007ff304143af0, R9 =0x0000000000000001, R10=0x0000000000000c58, R11=0x00007ff2f795f240
R12=0x00007ff2f7cd6790, R13=0x00007ff30412cb30, R14=0x00000000000003d8, R15=0x00007ff304027e58
RIP=0x00007ff2f795f263, EFLAGS=0x0000000000010202, CSGSFS=0x0000000000000033, ERR=0x0000000000000004
  TRAPNO=0x000000000000000e

Top of Stack: (sp=0x00007ff2fd5f3710)
0x00007ff2fd5f3710:   00007ff30412b4d0 00007ff2fd5f3730
0x00007ff2fd5f3720:   00007ff304143b60 00007ff2fd5f38b8
0x00007ff2fd5f3730:   00000000ffffffff 00007ff304256850
0x00007ff2fd5f3740:   00007ff2f77e8628 00007ff30412b4d0
0x00007ff2fd5f3750:   00007ff3040036df 00007ff304256850
0x00007ff2fd5f3760:   00007ff304154200 00007ff200000001
0x00007ff2fd5f3770:   0000000000000000 0000000000000000
0x00007ff2fd5f3780:   00007ff304154330 00007ff304154360
0x00007ff2fd5f3790:   00000000000003d8 00007ff304402250
0x00007ff2fd5f37a0:   00007ff2f7c96400 00007ff2f7c9ade8
0x00007ff2fd5f37b0:   00007ff2f7cd6790 00007ff30412cb30
0x00007ff2fd5f37c0:   00000000000003d8 00007ff304027e58
0x00007ff2fd5f37d0:   0000000000000000 00007ff30ae519ad
0x00007ff2fd5f37e0:   0000000000000005 0000000000000000
0x00007ff2fd5f37f0:   00007ff30412cb30 00007ff2f77e8628
0x00007ff2fd5f3800:   00007ff2f7ccb700 00007ff30414cae0
0x00007ff2fd5f3810:   00007ff2f7cd6790 00007ff30ae58f30
0x00007ff2fd5f3820:   00007ff304224b80 00007ff2f7c96400
0x00007ff2fd5f3830:   00007ff304152920 00007ff2f797c1a7
0x00007ff2fd5f3840:   00007ff30414d6f0 00007ff30414d620
0x00007ff2fd5f3850:   00007ff30414d820 00007ff30414d338
0x00007ff2fd5f3860:   00007ff304170fa0 00007ff2f7cd6790
0x00007ff2fd5f3870:   00007ff304143af0 00007ff2fd5f38b8
0x00007ff2fd5f3880:   00007ff304143b60 00007ff304143af0
0x00007ff2fd5f3890:   0000000000000001 00007ff30412b4d0
0x00007ff2fd5f38a0:   00007ff2f7ccb700 00007ff2f797c34f
0x00007ff2fd5f38b0:   0000000000000000 00007ff304152920
0x00007ff2fd5f38c0:   0000000000000005 0000000000000000
0x00007ff2fd5f38d0:   00007ff304027e58 00007ff2f7ccea98
0x00007ff2fd5f38e0:   00007ff304145d50 0000000000000001
0x00007ff2fd5f38f0:   00007ff30412cb30 00007ff2f795dd37
0x00007ff2fd5f3900:   00007ff30412cb30 00007ff2f7cce098 

Instructions: (pc=0x00007ff2f795f263)
0x00007ff2f795f243:   ec 90 01 00 00 48 8b 05 01 a2 33 00 48 89 7c 24
0x00007ff2f795f253:   10 48 89 74 24 18 ff 10 48 8d bc 24 c0 00 00 00
0x00007ff2f795f263:   48 8b 08 48 89 04 24 48 89 38 48 89 4c 24 08 e8
0x00007ff2f795f273:   79 31 ed ff 85 c0 74 75 48 8b 14 24 c7 42 08 01 

Register to memory mapping:

RAX=0x0000000000000000 is an unknown value
RBX=0x00007ff2f7ccb700: _simgrid_log_category__simix_process+0 in /tmp/simgrid-java8329440117238113009/libsimgrid.so at 0x00007ff2f77cf000
RCX=0x00007ff2f7cd6790: simix_global+0 in /tmp/simgrid-java8329440117238113009/libsimgrid.so at 0x00007ff2f77cf000
RDX=0x00007ff2fd5f4a30 is an unknown value
RSP=0x00007ff2fd5f3710 is an unknown value
RBP=0x00007ff30414cae0 is an unknown value
RSI=0x00007ff2fd5f38b8 is an unknown value
RDI=0x00007ff2fd5f37d0 is an unknown value
R8 =0x00007ff304143af0 is an unknown value
R9 =0x0000000000000001 is an unknown value
R10=0x0000000000000c58 is an unknown value
R11=0x00007ff2f795f240: xbt_dynar_member+0 in /tmp/simgrid-java8329440117238113009/libsimgrid.so at 0x00007ff2f77cf000
R12=0x00007ff2f7cd6790: simix_global+0 in /tmp/simgrid-java8329440117238113009/libsimgrid.so at 0x00007ff2f77cf000
R13=0x00007ff30412cb30 is an unknown value
R14=0x00000000000003d8 is an unknown value
R15=0x00007ff304027e58 is an unknown value


Stack: [0x00007ff2fd4f4000,0x00007ff2fd5f5000],  sp=0x00007ff2fd5f3710,  free space=1021k
Native frames: (J=compiled Java code, j=interpreted, Vv=VM code, C=native code)
C  [libsimgrid.so+0x190263]  xbt_dynar_member+0x23

VM_Operation (0x00007ff2f422c5b0): Exit, mode: safepoint, requested by thread 0x00007ff2dc001000


---------------  P R O C E S S  ---------------

Java Threads: ( => current thread )
  0x00007ff2dc001000 JavaThread "SIGTERM handler" daemon [_thread_blocked, id=7255, stack(0x00007ff2f412d000,0x00007ff2f422e000)]
  0x00007ff2a0001000 JavaThread "Thread-7" [_thread_blocked, id=7217, stack(0x00007ff2aeffe000,0x00007ff2af7ff000)]
  0x00007ff2a8001000 JavaThread "Thread-6" [_thread_in_native, id=7216, stack(0x00007ff2af7ff000,0x00007ff2b0000000)]
  0x00007ff2bc001000 JavaThread "Thread-8" [_thread_in_native, id=7213, stack(0x00007ff2f5230000,0x00007ff2f5a31000)]
  0x00007ff2b4001000 JavaThread "Thread-5" [_thread_in_native, id=7215, stack(0x00007ff2f422e000,0x00007ff2f4a2f000)]
  0x00007ff2b0001000 JavaThread "Thread-4" [_thread_in_native, id=7214, stack(0x00007ff2f4a2f000,0x00007ff2f5230000)]
  0x00007ff2b8001000 JavaThread "Thread-3" [_thread_in_native, id=7212, stack(0x00007ff2f5a31000,0x00007ff2f6232000)]
  0x00007ff2c4001000 JavaThread "Thread-1" [_thread_in_native, id=7211, stack(0x00007ff2f6232000,0x00007ff2f6a33000)]
  0x00007ff2c0001000 JavaThread "Thread-2" [_thread_in_native, id=7210, stack(0x00007ff2f6a33000,0x00007ff2f7234000)]
  0x00007ff304099000 JavaThread "Service Thread" daemon [_thread_blocked, id=7208, stack(0x00007ff2fc80b000,0x00007ff2fc90c000)]
  0x00007ff304096800 JavaThread "C2 CompilerThread1" daemon [_thread_blocked, id=7207, stack(0x00007ff2fc90c000,0x00007ff2fca0d000)]
  0x00007ff304093800 JavaThread "C2 CompilerThread0" daemon [_thread_blocked, id=7206, stack(0x00007ff2fca0d000,0x00007ff2fcb0e000)]
  0x00007ff304091800 JavaThread "Signal Dispatcher" daemon [_thread_blocked, id=7205, stack(0x00007ff2fcb0e000,0x00007ff2fcc0f000)]
  0x00007ff304070800 JavaThread "Finalizer" daemon [_thread_blocked, id=7204, stack(0x00007ff2fd2f2000,0x00007ff2fd3f3000)]
  0x00007ff30406e000 JavaThread "Reference Handler" daemon [_thread_blocked, id=7203, stack(0x00007ff2fd3f3000,0x00007ff2fd4f4000)]
  0x00007ff304009800 JavaThread "main" [_thread_in_native, id=7197, stack(0x00007ff30af45000,0x00007ff30b046000)]

Other Threads:
=>0x00007ff30406a000 VMThread [stack: 0x00007ff2fd4f4000,0x00007ff2fd5f5000] [id=7202]

VM state:at safepoint (shutting down)

VM Mutex/Monitor currently owned by a thread:  ([mutex/lock_event])
[0x00007ff3040061b0] Threads_lock - owner thread: 0x00007ff30406a000

Heap
 PSYoungGen      total 250368K, used 61203K [0x00000000ec400000, 0x0000000100000000, 0x0000000100000000)
  eden space 177152K, 10% used [0x00000000ec400000,0x00000000ed634c18,0x00000000f7100000)
  from space 73216K, 58% used [0x00000000f7100000,0x00000000f9a90000,0x00000000fb880000)
  to   space 73216K, 0% used [0x00000000fb880000,0x00000000fb880000,0x0000000100000000)
 ParOldGen       total 58368K, used 44693K [0x00000000c4c00000, 0x00000000c8500000, 0x00000000ec400000)
  object space 58368K, 76% used [0x00000000c4c00000,0x00000000c77a56a0,0x00000000c8500000)
 PSPermGen       total 21504K, used 3587K [0x00000000bfa00000, 0x00000000c0f00000, 0x00000000c4c00000)
  object space 21504K, 16% used [0x00000000bfa00000,0x00000000bfd80d28,0x00000000c0f00000)

Card table byte_map: [0x00007ff308027000,0x00007ff30822b000] byte_map_base: 0x00007ff307a2a000

Polling page: 0x00007ff30b062000

Code Cache  [0x00007ff301000000, 0x00007ff301270000, 0x00007ff304000000)
 total_blobs=323 nmethods=118 adapters=159 free_code_cache=48491Kb largest_free_block=49608128

Compilation events (10 events):
Event: 4.398 Thread 0x00007ff304093800 nmethod 114 0x00007ff30108c3d0 code [0x00007ff30108c520, 0x00007ff30108c888]
Event: 4.398 Thread 0x00007ff304093800  115             java.lang.String::split (7 bytes)
Event: 4.401 Thread 0x00007ff304093800 nmethod 115 0x00007ff30108a350 code [0x00007ff30108a4a0, 0x00007ff30108a508]
Event: 4.401 Thread 0x00007ff304093800  116             java.lang.String::split (326 bytes)
Event: 4.413 Thread 0x00007ff304093800 nmethod 116 0x00007ff30108b510 code [0x00007ff30108b680, 0x00007ff30108ba58]
Event: 4.507 Thread 0x00007ff304096800 nmethod 59% 0x00007ff3010946d0 code [0x00007ff301094ec0, 0x00007ff30109a878]
Event: 4.550 Thread 0x00007ff304093800  117 % !         vcube.Node::main @ 15 (1360 bytes)
Event: 4.714 Thread 0x00007ff304093800 nmethod 117% 0x00007ff30109fe50 code [0x00007ff3010a04c0, 0x00007ff3010a4998]
Event: 4.785 Thread 0x00007ff304096800  118 % !         vcube.Node::main @ 241 (1360 bytes)
Event: 4.936 Thread 0x00007ff304096800 nmethod 118% 0x00007ff3010a84d0 code [0x00007ff3010a8b20, 0x00007ff3010acf58]

GC Heap History (10 events):
Event: 172.815 GC heap before
{Heap before GC invocations=20 (full 1):
 PSYoungGen      total 257024K, used 257024K [0x00000000ec400000, 0x0000000100000000, 0x0000000100000000)
  eden space 206848K, 100% used [0x00000000ec400000,0x00000000f8e00000,0x00000000f8e00000)
  from space 50176K, 100% used [0x00000000fcf00000,0x0000000100000000,0x0000000100000000)
  to   space 58368K, 0% used [0x00000000f8e00000,0x00000000f8e00000,0x00000000fc700000)
 ParOldGen       total 58368K, used 44605K [0x00000000c4c00000, 0x00000000c8500000, 0x00000000ec400000)
  object space 58368K, 76% used [0x00000000c4c00000,0x00000000c778f6a0,0x00000000c8500000)
 PSPermGen       total 21504K, used 3575K [0x00000000bfa00000, 0x00000000c0f00000, 0x00000000c4c00000)
  object space 21504K, 16% used [0x00000000bfa00000,0x00000000bfd7dd00,0x00000000c0f00000)
Event: 172.947 GC heap after
Heap after GC invocations=20 (full 1):
 PSYoungGen      total 256512K, used 49440K [0x00000000ec400000, 0x0000000100000000, 0x0000000100000000)
  eden space 206848K, 0% used [0x00000000ec400000,0x00000000ec400000,0x00000000f8e00000)
  from space 49664K, 99% used [0x00000000f8e00000,0x00000000fbe48000,0x00000000fbe80000)
  to   space 65024K, 0% used [0x00000000fc080000,0x00000000fc080000,0x0000000100000000)
 ParOldGen       total 58368K, used 44621K [0x00000000c4c00000, 0x00000000c8500000, 0x00000000ec400000)
  object space 58368K, 76% used [0x00000000c4c00000,0x00000000c77936a0,0x00000000c8500000)
 PSPermGen       total 21504K, used 3575K [0x00000000bfa00000, 0x00000000c0f00000, 0x00000000c4c00000)
  object space 21504K, 16% used [0x00000000bfa00000,0x00000000bfd7dd00,0x00000000c0f00000)
}
Event: 191.008 GC heap before
{Heap before GC invocations=21 (full 1):
 PSYoungGen      total 256512K, used 256288K [0x00000000ec400000, 0x0000000100000000, 0x0000000100000000)
  eden space 206848K, 100% used [0x00000000ec400000,0x00000000f8e00000,0x00000000f8e00000)
  from space 49664K, 99% used [0x00000000f8e00000,0x00000000fbe48000,0x00000000fbe80000)
  to   space 65024K, 0% used [0x00000000fc080000,0x00000000fc080000,0x0000000100000000)
 ParOldGen       total 58368K, used 44621K [0x00000000c4c00000, 0x00000000c8500000, 0x00000000ec400000)
  object space 58368K, 76% used [0x00000000c4c00000,0x00000000c77936a0,0x00000000c8500000)
 PSPermGen       total 21504K, used 3575K [0x00000000bfa00000, 0x00000000c0f00000, 0x00000000c4c00000)
  object space 21504K, 16% used [0x00000000bfa00000,0x00000000bfd7dd00,0x00000000c0f00000)
Event: 191.123 GC heap after
Heap after GC invocations=21 (full 1):
 PSYoungGen      total 248320K, used 49440K [0x00000000ec400000, 0x0000000100000000, 0x0000000100000000)
  eden space 183296K, 0% used [0x00000000ec400000,0x00000000ec400000,0x00000000f7700000)
  from space 65024K, 76% used [0x00000000fc080000,0x00000000ff0c8000,0x0000000100000000)
  to   space 70144K, 0% used [0x00000000f7700000,0x00000000f7700000,0x00000000fbb80000)
 ParOldGen       total 58368K, used 44645K [0x00000000c4c00000, 0x00000000c8500000, 0x00000000ec400000)
  object space 58368K, 76% used [0x00000000c4c00000,0x00000000c77996a0,0x00000000c8500000)
 PSPermGen       total 21504K, used 3575K [0x00000000bfa00000, 0x00000000c0f00000, 0x00000000c4c00000)
  object space 21504K, 16% used [0x00000000bfa00000,0x00000000bfd7dd00,0x00000000c0f00000)
}
Event: 207.253 GC heap before
{Heap before GC invocations=22 (full 1):
 PSYoungGen      total 248320K, used 232736K [0x00000000ec400000, 0x0000000100000000, 0x0000000100000000)
  eden space 183296K, 100% used [0x00000000ec400000,0x00000000f7700000,0x00000000f7700000)
  from space 65024K, 76% used [0x00000000fc080000,0x00000000ff0c8000,0x0000000100000000)
  to   space 70144K, 0% used [0x00000000f7700000,0x00000000f7700000,0x00000000fbb80000)
 ParOldGen       total 58368K, used 44645K [0x00000000c4c00000, 0x00000000c8500000, 0x00000000ec400000)
  object space 58368K, 76% used [0x00000000c4c00000,0x00000000c77996a0,0x00000000c8500000)
 PSPermGen       total 21504K, used 3575K [0x00000000bfa00000, 0x00000000c0f00000, 0x00000000c4c00000)
  object space 21504K, 16% used [0x00000000bfa00000,0x00000000bfd7dd00,0x00000000c0f00000)
Event: 207.370 GC heap after
Heap after GC invocations=22 (full 1):
 PSYoungGen      total 227840K, used 44064K [0x00000000ec400000, 0x0000000100000000, 0x0000000100000000)
  eden space 183296K, 0% used [0x00000000ec400000,0x00000000ec400000,0x00000000f7700000)
  from space 44544K, 98% used [0x00000000f7700000,0x00000000fa208000,0x00000000fa280000)
  to   space 72192K, 0% used [0x00000000fb980000,0x00000000fb980000,0x0000000100000000)
 ParOldGen       total 58368K, used 44661K [0x00000000c4c00000, 0x00000000c8500000, 0x00000000ec400000)
  object space 58368K, 76% used [0x00000000c4c00000,0x00000000c779d6a0,0x00000000c8500000)
 PSPermGen       total 21504K, used 3575K [0x00000000bfa00000, 0x00000000c0f00000, 0x00000000c4c00000)
  object space 21504K, 16% used [0x00000000bfa00000,0x00000000bfd7dd00,0x00000000c0f00000)
}
Event: 224.339 GC heap before
{Heap before GC invocations=23 (full 1):
 PSYoungGen      total 227840K, used 227360K [0x00000000ec400000, 0x0000000100000000, 0x0000000100000000)
  eden space 183296K, 100% used [0x00000000ec400000,0x00000000f7700000,0x00000000f7700000)
  from space 44544K, 98% used [0x00000000f7700000,0x00000000fa208000,0x00000000fa280000)
  to   space 72192K, 0% used [0x00000000fb980000,0x00000000fb980000,0x0000000100000000)
 ParOldGen       total 58368K, used 44661K [0x00000000c4c00000, 0x00000000c8500000, 0x00000000ec400000)
  object space 58368K, 76% used [0x00000000c4c00000,0x00000000c779d6a0,0x00000000c8500000)
 PSPermGen       total 21504K, used 3575K [0x00000000bfa00000, 0x00000000c0f00000, 0x00000000c4c00000)
  object space 21504K, 16% used [0x00000000bfa00000,0x00000000bfd7dd00,0x00000000c0f00000)
Event: 224.446 GC heap after
Heap after GC invocations=23 (full 1):
 PSYoungGen      total 249344K, used 44064K [0x00000000ec400000, 0x0000000100000000, 0x0000000100000000)
  eden space 177152K, 0% used [0x00000000ec400000,0x00000000ec400000,0x00000000f7100000)
  from space 72192K, 61% used [0x00000000fb980000,0x00000000fe488000,0x0000000100000000)
  to   space 73216K, 0% used [0x00000000f7100000,0x00000000f7100000,0x00000000fb880000)
 ParOldGen       total 58368K, used 44677K [0x00000000c4c00000, 0x00000000c8500000, 0x00000000ec400000)
  object space 58368K, 76% used [0x00000000c4c00000,0x00000000c77a16a0,0x00000000c8500000)
 PSPermGen       total 21504K, used 3575K [0x00000000bfa00000, 0x00000000c0f00000, 0x00000000c4c00000)
  object space 21504K, 16% used [0x00000000bfa00000,0x00000000bfd7dd00,0x00000000c0f00000)
}
Event: 241.018 GC heap before
{Heap before GC invocations=24 (full 1):
 PSYoungGen      total 249344K, used 221216K [0x00000000ec400000, 0x0000000100000000, 0x0000000100000000)
  eden space 177152K, 100% used [0x00000000ec400000,0x00000000f7100000,0x00000000f7100000)
  from space 72192K, 61% used [0x00000000fb980000,0x00000000fe488000,0x0000000100000000)
  to   space 73216K, 0% used [0x00000000f7100000,0x00000000f7100000,0x00000000fb880000)
 ParOldGen       total 58368K, used 44677K [0x00000000c4c00000, 0x00000000c8500000, 0x00000000ec400000)
  object space 58368K, 76% used [0x00000000c4c00000,0x00000000c77a16a0,0x00000000c8500000)
 PSPermGen       total 21504K, used 3575K [0x00000000bfa00000, 0x00000000c0f00000, 0x00000000c4c00000)
  object space 21504K, 16% used [0x00000000bfa00000,0x00000000bfd7dd00,0x00000000c0f00000)
Event: 241.112 GC heap after
Heap after GC invocations=24 (full 1):
 PSYoungGen      total 250368K, used 42560K [0x00000000ec400000, 0x0000000100000000, 0x0000000100000000)
  eden space 177152K, 0% used [0x00000000ec400000,0x00000000ec400000,0x00000000f7100000)
  from space 73216K, 58% used [0x00000000f7100000,0x00000000f9a90000,0x00000000fb880000)
  to   space 73216K, 0% used [0x00000000fb880000,0x00000000fb880000,0x0000000100000000)
 ParOldGen       total 58368K, used 44693K [0x00000000c4c00000, 0x00000000c8500000, 0x00000000ec400000)
  object space 58368K, 76% used [0x00000000c4c00000,0x00000000c77a56a0,0x00000000c8500000)
 PSPermGen       total 21504K, used 3575K [0x00000000bfa00000, 0x00000000c0f00000, 0x00000000c4c00000)
  object space 21504K, 16% used [0x00000000bfa00000,0x00000000bfd7dd00,0x00000000c0f00000)
}

Deoptimization events (9 events):
Event: 1.729 Thread 0x00007ff304070800 Uncommon trap: reason=unstable_if action=reinterpret pc=0x00007ff301070a30 method=java.lang.ref.Reference.<init>(Ljava/lang/Object;Ljava/lang/ref/ReferenceQueue;)V @ 11
Event: 1.769 Thread 0x00007ff304070800 Uncommon trap: reason=unstable_if action=reinterpret pc=0x00007ff301074bf4 method=java.lang.ref.ReferenceQueue.reallyPoll()Ljava/lang/ref/Reference; @ 18
Event: 1.769 Thread 0x00007ff304070800 Uncommon trap: reason=unstable_if action=reinterpret pc=0x00007ff30107a674 method=java.lang.ref.ReferenceQueue.reallyPoll()Ljava/lang/ref/Reference; @ 4
Event: 2.781 Thread 0x00007ff30406e000 Uncommon trap: reason=unstable_if action=reinterpret pc=0x00007ff30107552c method=java.lang.ref.ReferenceQueue.enqueue(Ljava/lang/ref/Reference;)Z @ 37
Event: 2.781 Thread 0x00007ff304070800 Uncommon trap: reason=unstable_if action=reinterpret pc=0x00007ff301078fd4 method=java.lang.ref.ReferenceQueue.reallyPoll()Ljava/lang/ref/Reference; @ 18
Event: 242.320 Thread 0x00007ff2a4001000 Uncommon trap: reason=unstable_if action=reinterpret pc=0x00007ff30106a4f0 method=java.lang.Math.min(II)I @ 2
Event: 242.320 Thread 0x00007ff2a4001000 Uncommon trap: reason=unstable_if action=reinterpret pc=0x00007ff30106bee4 method=java.lang.AbstractStringBuilder.ensureCapacityInternal(I)V @ 7
Event: 242.320 Thread 0x00007ff2a4001000 Uncommon trap: reason=unstable_if action=reinterpret pc=0x00007ff301067d2c method=java.lang.AbstractStringBuilder.ensureCapacityInternal(I)V @ 7
Event: 242.320 Thread 0x00007ff2a4001000 Uncommon trap: reason=unstable_if action=reinterpret pc=0x00007ff3010691a4 method=java.lang.AbstractStringBuilder.ensureCapacityInternal(I)V @ 7

Internal exceptions (10 events):
Event: 242.310 Thread 0x00007ff2b0001000 Threw 0x00000000ece88968 at /HUDSON/workspace/7u-2-build-linux-amd64/jdk7u80/2329/hotspot/src/share/vm/prims/jni.cpp:743
Event: 242.311 Thread 0x00007ff2a0001000 Threw 0x00000000ed11fe28 at /HUDSON/workspace/7u-2-build-linux-amd64/jdk7u80/2329/hotspot/src/share/vm/prims/jni.cpp:743
Event: 242.313 Thread 0x00007ff2c4001000 Threw 0x00000000ed05cab0 at /HUDSON/workspace/7u-2-build-linux-amd64/jdk7u80/2329/hotspot/src/share/vm/prims/jni.cpp:743
Event: 242.313 Thread 0x00007ff2b8001000 Threw 0x00000000ecf995f0 at /HUDSON/workspace/7u-2-build-linux-amd64/jdk7u80/2329/hotspot/src/share/vm/prims/jni.cpp:743
Event: 242.315 Thread 0x00007ff2b0001000 Threw 0x00000000ece899c8 at /HUDSON/workspace/7u-2-build-linux-amd64/jdk7u80/2329/hotspot/src/share/vm/prims/jni.cpp:743
Event: 242.316 Thread 0x00007ff2a0001000 Threw 0x00000000ed120e88 at /HUDSON/workspace/7u-2-build-linux-amd64/jdk7u80/2329/hotspot/src/share/vm/prims/jni.cpp:743
Event: 242.318 Thread 0x00007ff2c4001000 Threw 0x00000000ed05db10 at /HUDSON/workspace/7u-2-build-linux-amd64/jdk7u80/2329/hotspot/src/share/vm/prims/jni.cpp:743
Event: 242.318 Thread 0x00007ff2b8001000 Threw 0x00000000ecf9a650 at /HUDSON/workspace/7u-2-build-linux-amd64/jdk7u80/2329/hotspot/src/share/vm/prims/jni.cpp:743
Event: 242.319 Thread 0x00007ff2b0001000 Threw 0x00000000ece8aa28 at /HUDSON/workspace/7u-2-build-linux-amd64/jdk7u80/2329/hotspot/src/share/vm/prims/jni.cpp:743
Event: 242.320 Thread 0x00007ff2a0001000 Threw 0x00000000ed121ee8 at /HUDSON/workspace/7u-2-build-linux-amd64/jdk7u80/2329/hotspot/src/share/vm/prims/jni.cpp:743

Events (10 events):
Event: 242.320 Thread 0x00007ff2a4001000 DEOPT PACKING pc=0x00007ff30106bee4 sp=0x00007ff2f412b5b0
Event: 242.320 Thread 0x00007ff2a4001000 DEOPT UNPACKING pc=0x00007ff301039445 sp=0x00007ff2f412b4d0 mode 2
Event: 242.320 Thread 0x00007ff2a4001000 Uncommon trap: trap_request=0xffffff75 fr.pc=0x00007ff301067d2c
Event: 242.320 Thread 0x00007ff2a4001000 DEOPT PACKING pc=0x00007ff301067d2c sp=0x00007ff2f412b510
Event: 242.320 Thread 0x00007ff2a4001000 DEOPT UNPACKING pc=0x00007ff301039445 sp=0x00007ff2f412b4d8 mode 2
Event: 242.320 Thread 0x00007ff2a4001000 Uncommon trap: trap_request=0xffffff75 fr.pc=0x00007ff3010691a4
Event: 242.320 Thread 0x00007ff2a4001000 DEOPT PACKING pc=0x00007ff3010691a4 sp=0x00007ff2f412b560
Event: 242.320 Thread 0x00007ff2a4001000 DEOPT UNPACKING pc=0x00007ff301039445 sp=0x00007ff2f412b4d0 mode 2
Event: 242.320 Thread 0x00007ff2a4001000 Thread exited: 0x00007ff2a4001000
Event: 242.320 Executing VM operation: Exit


Dynamic libraries:
00400000-00401000 r-xp 00000000 08:07 663942                             /home/elixandre/jdk1.7.0_80/bin/java
00600000-00601000 rw-p 00000000 08:07 663942                             /home/elixandre/jdk1.7.0_80/bin/java
016b7000-016d8000 rw-p 00000000 00:00 0                                  [heap]
bfa00000-c0f00000 rw-p 00000000 00:00 0 
c0f00000-c4c00000 rw-p 00000000 00:00 0 
c4c00000-c8500000 rw-p 00000000 00:00 0 
c8500000-ec400000 rw-p 00000000 00:00 0 
ec400000-100000000 rw-p 00000000 00:00 0 
7ff298000000-7ff298021000 rw-p 00000000 00:00 0 
7ff298021000-7ff29c000000 ---p 00000000 00:00 0 
7ff2a0000000-7ff2a2c6d000 rw-p 00000000 00:00 0 
7ff2a2c6d000-7ff2a4000000 ---p 00000000 00:00 0 
7ff2a4000000-7ff2a4021000 rw-p 00000000 00:00 0 
7ff2a4021000-7ff2a8000000 ---p 00000000 00:00 0 
7ff2a8000000-7ff2aaa15000 rw-p 00000000 00:00 0 
7ff2aaa15000-7ff2ac000000 ---p 00000000 00:00 0 
7ff2aeffe000-7ff2af001000 ---p 00000000 00:00 0 
7ff2af001000-7ff2af7ff000 rw-p 00000000 00:00 0 
7ff2af7ff000-7ff2af802000 ---p 00000000 00:00 0 
7ff2af802000-7ff2b0000000 rw-p 00000000 00:00 0 
7ff2b0000000-7ff2b2c69000 rw-p 00000000 00:00 0 
7ff2b2c69000-7ff2b4000000 ---p 00000000 00:00 0 
7ff2b4000000-7ff2b6a15000 rw-p 00000000 00:00 0 
7ff2b6a15000-7ff2b8000000 ---p 00000000 00:00 0 
7ff2b8000000-7ff2bac6a000 rw-p 00000000 00:00 0 
7ff2bac6a000-7ff2bc000000 ---p 00000000 00:00 0 
7ff2bc000000-7ff2bea15000 rw-p 00000000 00:00 0 
7ff2bea15000-7ff2c0000000 ---p 00000000 00:00 0 
7ff2c0000000-7ff2c2a19000 rw-p 00000000 00:00 0 
7ff2c2a19000-7ff2c4000000 ---p 00000000 00:00 0 
7ff2c4000000-7ff2c6c68000 rw-p 00000000 00:00 0 
7ff2c6c68000-7ff2c8000000 ---p 00000000 00:00 0 
7ff2c8000000-7ff2c8021000 rw-p 00000000 00:00 0 
7ff2c8021000-7ff2cc000000 ---p 00000000 00:00 0 
7ff2cc000000-7ff2cc021000 rw-p 00000000 00:00 0 
7ff2cc021000-7ff2d0000000 ---p 00000000 00:00 0 
7ff2d0000000-7ff2d08ba000 rw-p 00000000 00:00 0 
7ff2d08ba000-7ff2d4000000 ---p 00000000 00:00 0 
7ff2d4000000-7ff2d4b2d000 rw-p 00000000 00:00 0 
7ff2d4b2d000-7ff2d8000000 ---p 00000000 00:00 0 
7ff2d8000000-7ff2d8021000 rw-p 00000000 00:00 0 
7ff2d8021000-7ff2dc000000 ---p 00000000 00:00 0 
7ff2dc000000-7ff2dc021000 rw-p 00000000 00:00 0 
7ff2dc021000-7ff2e0000000 ---p 00000000 00:00 0 
7ff2e0000000-7ff2e0021000 rw-p 00000000 00:00 0 
7ff2e0021000-7ff2e4000000 ---p 00000000 00:00 0 
7ff2e4000000-7ff2e4021000 rw-p 00000000 00:00 0 
7ff2e4021000-7ff2e8000000 ---p 00000000 00:00 0 
7ff2e8000000-7ff2e8021000 rw-p 00000000 00:00 0 
7ff2e8021000-7ff2ec000000 ---p 00000000 00:00 0 
7ff2ec000000-7ff2ec021000 rw-p 00000000 00:00 0 
7ff2ec021000-7ff2f0000000 ---p 00000000 00:00 0 
7ff2f0000000-7ff2f0021000 rw-p 00000000 00:00 0 
7ff2f0021000-7ff2f4000000 ---p 00000000 00:00 0 
7ff2f402c000-7ff2f402f000 ---p 00000000 00:00 0 
7ff2f402f000-7ff2f412d000 rw-p 00000000 00:00 0 
7ff2f412d000-7ff2f4130000 ---p 00000000 00:00 0 
7ff2f4130000-7ff2f422e000 rw-p 00000000 00:00 0 
7ff2f422e000-7ff2f4231000 ---p 00000000 00:00 0 
7ff2f4231000-7ff2f4a2f000 rw-p 00000000 00:00 0 
7ff2f4a2f000-7ff2f4a32000 ---p 00000000 00:00 0 
7ff2f4a32000-7ff2f5230000 rw-p 00000000 00:00 0 
7ff2f5230000-7ff2f5233000 ---p 00000000 00:00 0 
7ff2f5233000-7ff2f5a31000 rw-p 00000000 00:00 0 
7ff2f5a31000-7ff2f5a34000 ---p 00000000 00:00 0 
7ff2f5a34000-7ff2f6232000 rw-p 00000000 00:00 0 
7ff2f6232000-7ff2f6235000 ---p 00000000 00:00 0 
7ff2f6235000-7ff2f6a33000 rw-p 00000000 00:00 0 
7ff2f6a33000-7ff2f6a36000 ---p 00000000 00:00 0 
7ff2f6a36000-7ff2f7234000 rw-p 00000000 00:00 0 
7ff2f7234000-7ff2f724c000 r-xp 00000000 08:07 544868                     /tmp/simgrid-java8329440117238113009/libsimgrid-java.so (deleted)
7ff2f724c000-7ff2f744c000 ---p 00018000 08:07 544868                     /tmp/simgrid-java8329440117238113009/libsimgrid-java.so (deleted)
7ff2f744c000-7ff2f744d000 rw-p 00018000 08:07 544868                     /tmp/simgrid-java8329440117238113009/libsimgrid-java.so (deleted)
7ff2f744d000-7ff2f75c0000 r-xp 00000000 08:07 1059329                    /usr/lib/x86_64-linux-gnu/libstdc++.so.6.0.21
7ff2f75c0000-7ff2f77bf000 ---p 00173000 08:07 1059329                    /usr/lib/x86_64-linux-gnu/libstdc++.so.6.0.21
7ff2f77bf000-7ff2f77c9000 r--p 00172000 08:07 1059329                    /usr/lib/x86_64-linux-gnu/libstdc++.so.6.0.21
7ff2f77c9000-7ff2f77cb000 rw-p 0017c000 08:07 1059329                    /usr/lib/x86_64-linux-gnu/libstdc++.so.6.0.21
7ff2f77cb000-7ff2f77cf000 rw-p 00000000 00:00 0 
7ff2f77cf000-7ff2f7a94000 r-xp 00000000 08:07 544867                     /tmp/simgrid-java8329440117238113009/libsimgrid.so (deleted)
7ff2f7a94000-7ff2f7c94000 ---p 002c5000 08:07 544867                     /tmp/simgrid-java8329440117238113009/libsimgrid.so (deleted)
7ff2f7c94000-7ff2f7ccf000 rw-p 002c5000 08:07 544867                     /tmp/simgrid-java8329440117238113009/libsimgrid.so (deleted)
7ff2f7ccf000-7ff2f8000000 rw-p 00000000 00:00 0 
7ff2f8000000-7ff2f8021000 rw-p 00000000 00:00 0 
7ff2f8021000-7ff2fc000000 ---p 00000000 00:00 0 
7ff2fc0b2000-7ff2fc0c8000 r-xp 00000000 08:07 528568                     /lib/x86_64-linux-gnu/libgcc_s.so.1
7ff2fc0c8000-7ff2fc2c7000 ---p 00016000 08:07 528568                     /lib/x86_64-linux-gnu/libgcc_s.so.1
7ff2fc2c7000-7ff2fc2c8000 r--p 00015000 08:07 528568                     /lib/x86_64-linux-gnu/libgcc_s.so.1
7ff2fc2c8000-7ff2fc2c9000 rw-p 00016000 08:07 528568                     /lib/x86_64-linux-gnu/libgcc_s.so.1
7ff2fc2e2000-7ff2fc2f9000 r-xp 00000000 08:07 663689                     /home/elixandre/jdk1.7.0_80/jre/lib/amd64/libnet.so
7ff2fc2f9000-7ff2fc4f8000 ---p 00017000 08:07 663689                     /home/elixandre/jdk1.7.0_80/jre/lib/amd64/libnet.so
7ff2fc4f8000-7ff2fc4f9000 rw-p 00016000 08:07 663689                     /home/elixandre/jdk1.7.0_80/jre/lib/amd64/libnet.so
7ff2fc4f9000-7ff2fc509000 r-xp 00000000 08:07 663688                     /home/elixandre/jdk1.7.0_80/jre/lib/amd64/libnio.so
7ff2fc509000-7ff2fc709000 ---p 00010000 08:07 663688                     /home/elixandre/jdk1.7.0_80/jre/lib/amd64/libnio.so
7ff2fc709000-7ff2fc70a000 rw-p 00010000 08:07 663688                     /home/elixandre/jdk1.7.0_80/jre/lib/amd64/libnio.so
7ff2fc70a000-7ff2fc70b000 ---p 00000000 00:00 0 
7ff2fc70b000-7ff2fc80b000 rw-p 00000000 00:00 0 
7ff2fc80b000-7ff2fc80e000 ---p 00000000 00:00 0 
7ff2fc80e000-7ff2fc90c000 rw-p 00000000 00:00 0 
7ff2fc90c000-7ff2fc90f000 ---p 00000000 00:00 0 
7ff2fc90f000-7ff2fca0d000 rw-p 00000000 00:00 0 
7ff2fca0d000-7ff2fca10000 ---p 00000000 00:00 0 
7ff2fca10000-7ff2fcb0e000 rw-p 00000000 00:00 0 
7ff2fcb0e000-7ff2fcb11000 ---p 00000000 00:00 0 
7ff2fcb11000-7ff2fcc0f000 rw-p 00000000 00:00 0 
7ff2fcc0f000-7ff2fd2f2000 r--p 00000000 08:07 1055607                    /usr/lib/locale/locale-archive
7ff2fd2f2000-7ff2fd2f5000 ---p 00000000 00:00 0 
7ff2fd2f5000-7ff2fd3f3000 rw-p 00000000 00:00 0 
7ff2fd3f3000-7ff2fd3f6000 ---p 00000000 00:00 0 
7ff2fd3f6000-7ff2fd4f4000 rw-p 00000000 00:00 0 
7ff2fd4f4000-7ff2fd4f5000 ---p 00000000 00:00 0 
7ff2fd4f5000-7ff2fe5d3000 rw-p 00000000 00:00 0 
7ff2fe5d3000-7ff2fe793000 r--s 039fb000 08:07 663892                     /home/elixandre/jdk1.7.0_80/jre/lib/rt.jar
7ff2fe793000-7ff300a97000 rw-p 00000000 00:00 0 
7ff300a97000-7ff300a98000 ---p 00000000 00:00 0 
7ff300a98000-7ff300b98000 rw-p 00000000 00:00 0 
7ff300b98000-7ff300b99000 ---p 00000000 00:00 0 
7ff300b99000-7ff300c99000 rw-p 00000000 00:00 0 
7ff300c99000-7ff300c9a000 ---p 00000000 00:00 0 
7ff300c9a000-7ff300d9a000 rw-p 00000000 00:00 0 
7ff300d9a000-7ff300d9b000 ---p 00000000 00:00 0 
7ff300d9b000-7ff300ea6000 rw-p 00000000 00:00 0 
7ff300ea6000-7ff300ec4000 rw-p 00000000 00:00 0 
7ff300ec4000-7ff300ee1000 rw-p 00000000 00:00 0 
7ff300ee1000-7ff301000000 rw-p 00000000 00:00 0 
7ff301000000-7ff301270000 rwxp 00000000 00:00 0 
7ff301270000-7ff304403000 rw-p 00000000 00:00 0 
7ff304403000-7ff308000000 ---p 00000000 00:00 0 
7ff308006000-7ff308032000 rw-p 00000000 00:00 0 
7ff308032000-7ff308050000 rw-p 00000000 00:00 0 
7ff308050000-7ff30806d000 rw-p 00000000 00:00 0 
7ff30806d000-7ff30818c000 rw-p 00000000 00:00 0 
7ff30818c000-7ff30822a000 rw-p 00000000 00:00 0 
7ff30822a000-7ff30822b000 rw-p 00000000 00:00 0 
7ff30822b000-7ff308242000 r-xp 00000000 08:07 663687                     /home/elixandre/jdk1.7.0_80/jre/lib/amd64/libzip.so
7ff308242000-7ff308442000 ---p 00017000 08:07 663687                     /home/elixandre/jdk1.7.0_80/jre/lib/amd64/libzip.so
7ff308442000-7ff308443000 rw-p 00017000 08:07 663687                     /home/elixandre/jdk1.7.0_80/jre/lib/amd64/libzip.so
7ff308443000-7ff30844d000 r-xp 00000000 08:07 529521                     /lib/x86_64-linux-gnu/libnss_files-2.21.so
7ff30844d000-7ff30864d000 ---p 0000a000 08:07 529521                     /lib/x86_64-linux-gnu/libnss_files-2.21.so
7ff30864d000-7ff30864e000 r--p 0000a000 08:07 529521                     /lib/x86_64-linux-gnu/libnss_files-2.21.so
7ff30864e000-7ff30864f000 rw-p 0000b000 08:07 529521                     /lib/x86_64-linux-gnu/libnss_files-2.21.so
7ff30864f000-7ff30865a000 r-xp 00000000 08:07 529535                     /lib/x86_64-linux-gnu/libnss_nis-2.21.so
7ff30865a000-7ff308859000 ---p 0000b000 08:07 529535                     /lib/x86_64-linux-gnu/libnss_nis-2.21.so
7ff308859000-7ff30885a000 r--p 0000a000 08:07 529535                     /lib/x86_64-linux-gnu/libnss_nis-2.21.so
7ff30885a000-7ff30885b000 rw-p 0000b000 08:07 529535                     /lib/x86_64-linux-gnu/libnss_nis-2.21.so
7ff30885b000-7ff308872000 r-xp 00000000 08:07 529538                     /lib/x86_64-linux-gnu/libnsl-2.21.so
7ff308872000-7ff308a71000 ---p 00017000 08:07 529538                     /lib/x86_64-linux-gnu/libnsl-2.21.so
7ff308a71000-7ff308a72000 r--p 00016000 08:07 529538                     /lib/x86_64-linux-gnu/libnsl-2.21.so
7ff308a72000-7ff308a73000 rw-p 00017000 08:07 529538                     /lib/x86_64-linux-gnu/libnsl-2.21.so
7ff308a73000-7ff308a75000 rw-p 00000000 00:00 0 
7ff308a75000-7ff308a7d000 r-xp 00000000 08:07 529523                     /lib/x86_64-linux-gnu/libnss_compat-2.21.so
7ff308a7d000-7ff308c7c000 ---p 00008000 08:07 529523                     /lib/x86_64-linux-gnu/libnss_compat-2.21.so
7ff308c7c000-7ff308c7d000 r--p 00007000 08:07 529523                     /lib/x86_64-linux-gnu/libnss_compat-2.21.so
7ff308c7d000-7ff308c7e000 rw-p 00008000 08:07 529523                     /lib/x86_64-linux-gnu/libnss_compat-2.21.so
7ff308c7e000-7ff308ca7000 r-xp 00000000 08:07 663623                     /home/elixandre/jdk1.7.0_80/jre/lib/amd64/libjava.so
7ff308ca7000-7ff308ea7000 ---p 00029000 08:07 663623                     /home/elixandre/jdk1.7.0_80/jre/lib/amd64/libjava.so
7ff308ea7000-7ff308ea9000 rw-p 00029000 08:07 663623                     /home/elixandre/jdk1.7.0_80/jre/lib/amd64/libjava.so
7ff308ea9000-7ff308eb6000 r-xp 00000000 08:07 663501                     /home/elixandre/jdk1.7.0_80/jre/lib/amd64/libverify.so
7ff308eb6000-7ff3090b5000 ---p 0000d000 08:07 663501                     /home/elixandre/jdk1.7.0_80/jre/lib/amd64/libverify.so
7ff3090b5000-7ff3090b7000 rw-p 0000c000 08:07 663501                     /home/elixandre/jdk1.7.0_80/jre/lib/amd64/libverify.so
7ff3090b7000-7ff3090be000 r-xp 00000000 08:07 529522                     /lib/x86_64-linux-gnu/librt-2.21.so
7ff3090be000-7ff3092bd000 ---p 00007000 08:07 529522                     /lib/x86_64-linux-gnu/librt-2.21.so
7ff3092bd000-7ff3092be000 r--p 00006000 08:07 529522                     /lib/x86_64-linux-gnu/librt-2.21.so
7ff3092be000-7ff3092bf000 rw-p 00007000 08:07 529522                     /lib/x86_64-linux-gnu/librt-2.21.so
7ff3092bf000-7ff3093c6000 r-xp 00000000 08:07 529524                     /lib/x86_64-linux-gnu/libm-2.21.so
7ff3093c6000-7ff3095c5000 ---p 00107000 08:07 529524                     /lib/x86_64-linux-gnu/libm-2.21.so
7ff3095c5000-7ff3095c6000 r--p 00106000 08:07 529524                     /lib/x86_64-linux-gnu/libm-2.21.so
7ff3095c6000-7ff3095c7000 rw-p 00107000 08:07 529524                     /lib/x86_64-linux-gnu/libm-2.21.so
7ff3095c7000-7ff30a13d000 r-xp 00000000 08:07 663273                     /home/elixandre/jdk1.7.0_80/jre/lib/amd64/server/libjvm.so
7ff30a13d000-7ff30a33c000 ---p 00b76000 08:07 663273                     /home/elixandre/jdk1.7.0_80/jre/lib/amd64/server/libjvm.so
7ff30a33c000-7ff30a400000 rw-p 00b75000 08:07 663273                     /home/elixandre/jdk1.7.0_80/jre/lib/amd64/server/libjvm.so
7ff30a400000-7ff30a441000 rw-p 00000000 00:00 0 
7ff30a441000-7ff30a601000 r-xp 00000000 08:07 529541                     /lib/x86_64-linux-gnu/libc-2.21.so
7ff30a601000-7ff30a801000 ---p 001c0000 08:07 529541                     /lib/x86_64-linux-gnu/libc-2.21.so
7ff30a801000-7ff30a805000 r--p 001c0000 08:07 529541                     /lib/x86_64-linux-gnu/libc-2.21.so
7ff30a805000-7ff30a807000 rw-p 001c4000 08:07 529541                     /lib/x86_64-linux-gnu/libc-2.21.so
7ff30a807000-7ff30a80b000 rw-p 00000000 00:00 0 
7ff30a80b000-7ff30a80e000 r-xp 00000000 08:07 529528                     /lib/x86_64-linux-gnu/libdl-2.21.so
7ff30a80e000-7ff30aa0d000 ---p 00003000 08:07 529528                     /lib/x86_64-linux-gnu/libdl-2.21.so
7ff30aa0d000-7ff30aa0e000 r--p 00002000 08:07 529528                     /lib/x86_64-linux-gnu/libdl-2.21.so
7ff30aa0e000-7ff30aa0f000 rw-p 00003000 08:07 529528                     /lib/x86_64-linux-gnu/libdl-2.21.so
7ff30aa0f000-7ff30aa24000 r-xp 00000000 08:07 663695                     /home/elixandre/jdk1.7.0_80/lib/amd64/jli/libjli.so
7ff30aa24000-7ff30ac23000 ---p 00015000 08:07 663695                     /home/elixandre/jdk1.7.0_80/lib/amd64/jli/libjli.so
7ff30ac23000-7ff30ac24000 rw-p 00014000 08:07 663695                     /home/elixandre/jdk1.7.0_80/lib/amd64/jli/libjli.so
7ff30ac24000-7ff30ac3c000 r-xp 00000000 08:07 529525                     /lib/x86_64-linux-gnu/libpthread-2.21.so
7ff30ac3c000-7ff30ae3c000 ---p 00018000 08:07 529525                     /lib/x86_64-linux-gnu/libpthread-2.21.so
7ff30ae3c000-7ff30ae3d000 r--p 00018000 08:07 529525                     /lib/x86_64-linux-gnu/libpthread-2.21.so
7ff30ae3d000-7ff30ae3e000 rw-p 00019000 08:07 529525                     /lib/x86_64-linux-gnu/libpthread-2.21.so
7ff30ae3e000-7ff30ae42000 rw-p 00000000 00:00 0 
7ff30ae42000-7ff30ae66000 r-xp 00000000 08:07 529539                     /lib/x86_64-linux-gnu/ld-2.21.so
7ff30ae70000-7ff30ae8f000 rw-p 00000000 00:00 0 
7ff30ae8f000-7ff30af45000 rw-p 00000000 00:00 0 
7ff30af45000-7ff30af48000 ---p 00000000 00:00 0 
7ff30af48000-7ff30b04a000 rw-p 00000000 00:00 0 
7ff30b052000-7ff30b056000 r--s 0008b000 08:07 663627                     /home/elixandre/jdk1.7.0_80/jre/lib/jsse.jar
7ff30b056000-7ff30b059000 r--s 00f76000 08:07 542783                     /home/elixandre/Downloads/simgrid.jar
7ff30b059000-7ff30b061000 rw-s 00000000 08:07 544865                     /tmp/hsperfdata_elixandre/7192 (deleted)
7ff30b061000-7ff30b062000 rw-p 00000000 00:00 0 
7ff30b062000-7ff30b063000 ---p 00000000 00:00 0 
7ff30b063000-7ff30b065000 rw-p 00000000 00:00 0 
7ff30b065000-7ff30b066000 r--p 00023000 08:07 529539                     /lib/x86_64-linux-gnu/ld-2.21.so
7ff30b066000-7ff30b067000 rw-p 00024000 08:07 529539                     /lib/x86_64-linux-gnu/ld-2.21.so
7ff30b067000-7ff30b068000 rw-p 00000000 00:00 0 
7ffc4c5f9000-7ffc4c61a000 rw-p 00000000 00:00 0                          [stack]
7ffc4c6d5000-7ffc4c6d7000 r--p 00000000 00:00 0                          [vvar]
7ffc4c6d7000-7ffc4c6d9000 r-xp 00000000 00:00 0                          [vdso]
ffffffffff600000-ffffffffff601000 r-xp 00000000 00:00 0                  [vsyscall]

VM Arguments:
jvm_args: -Dfile.encoding=UTF-8 
java_command: vcube.VCube platform.xml deployment.xml
Launcher Type: SUN_STANDARD

Environment Variables:
PATH=/usr/local/sbin:/usr/local/bin:/usr/sbin:/usr/bin:/sbin:/bin:/usr/games:/usr/local/games:/home/elixandre/.rvm/bin
LD_LIBRARY_PATH=/home/elixandre/jdk1.7.0_80/jre/lib/amd64:/home/elixandre/jdk1.7.0_80/jre/lib/i386:
SHELL=/bin/bash
DISPLAY=:0

Signal Handlers:
SIGSEGV: [libjvm.so+0x9a3b20], sa_mask[0]=0x7ffbfeff, sa_flags=0x10000004
SIGBUS: [libjvm.so+0x9a3b20], sa_mask[0]=0x7ffbfeff, sa_flags=0x10000004
SIGFPE: [libjvm.so+0x81e740], sa_mask[0]=0x7ffbfeff, sa_flags=0x10000004
SIGPIPE: [libjvm.so+0x81e740], sa_mask[0]=0x7ffbfeff, sa_flags=0x10000004
SIGXFSZ: [libjvm.so+0x81e740], sa_mask[0]=0x7ffbfeff, sa_flags=0x10000004
SIGILL: [libjvm.so+0x81e740], sa_mask[0]=0x7ffbfeff, sa_flags=0x10000004
SIGUSR1: SIG_DFL, sa_mask[0]=0x00000000, sa_flags=0x00000000
SIGUSR2: [libjvm.so+0x81ffb0], sa_mask[0]=0x00000004, sa_flags=0x10000004
SIGHUP: [libjvm.so+0x8210d0], sa_mask[0]=0x7ffbfeff, sa_flags=0x10000004
SIGINT: [libsimgrid.so+0x8ff50], sa_mask[0]=0x00000002, sa_flags=0x10000000
SIGTERM: [libjvm.so+0x8210d0], sa_mask[0]=0x7ffbfeff, sa_flags=0x10000004
SIGQUIT: [libjvm.so+0x8210d0], sa_mask[0]=0x7ffbfeff, sa_flags=0x10000004


---------------  S Y S T E M  ---------------

OS:jessie/sid

uname:Linux 4.2.0-42-generic #49-Ubuntu SMP Tue Jun 28 21:26:26 UTC 2016 x86_64
libc:glibc 2.21 NPTL 2.21 
rlimit: STACK 8192k, CORE 0k, NPROC 15009, NOFILE 65536, AS infinity
load average:1.38 0.84 0.51

/proc/meminfo:
MemTotal:        3879128 kB
MemFree:          860556 kB
MemAvailable:    1462168 kB
Buffers:           53616 kB
Cached:           812908 kB
SwapCached:         6688 kB
Active:          2091184 kB
Inactive:         752756 kB
Active(anon):    1557252 kB
Inactive(anon):   540272 kB
Active(file):     533932 kB
Inactive(file):   212484 kB
Unevictable:          32 kB
Mlocked:              32 kB
SwapTotal:        975868 kB
SwapFree:         890000 kB
Dirty:               264 kB
Writeback:             0 kB
AnonPages:       1973344 kB
Mapped:           203780 kB
Shmem:            120112 kB
Slab:              80960 kB
SReclaimable:      48264 kB
SUnreclaim:        32696 kB
KernelStack:        8784 kB
PageTables:        33432 kB
NFS_Unstable:          0 kB
Bounce:                0 kB
WritebackTmp:          0 kB
CommitLimit:     2915432 kB
Committed_AS:    5171444 kB
VmallocTotal:   34359738367 kB
VmallocUsed:      347648 kB
VmallocChunk:   34358947836 kB
HardwareCorrupted:     0 kB
AnonHugePages:   1247232 kB
CmaTotal:              0 kB
CmaFree:               0 kB
HugePages_Total:       0
HugePages_Free:        0
HugePages_Rsvd:        0
HugePages_Surp:        0
Hugepagesize:       2048 kB
DirectMap4k:      127736 kB
DirectMap2M:     3899392 kB


CPU:total 4 (2 cores per cpu, 2 threads per core) family 6 model 58 stepping 9, cmov, cx8, fxsr, mmx, sse, sse2, sse3, ssse3, sse4.1, sse4.2, popcnt, avx, erms, ht, tsc, tscinvbit, tscinv

/proc/cpuinfo:
processor	: 0
vendor_id	: GenuineIntel
cpu family	: 6
model		: 58
model name	: Intel(R) Core(TM) i7-3517U CPU @ 1.90GHz
stepping	: 9
microcode	: 0x12
cpu MHz		: 2974.031
cache size	: 4096 KB
physical id	: 0
siblings	: 4
core id		: 0
cpu cores	: 2
apicid		: 0
initial apicid	: 0
fpu		: yes
fpu_exception	: yes
cpuid level	: 13
wp		: yes
flags		: fpu vme de pse tsc msr pae mce cx8 apic sep mtrr pge mca cmov pat pse36 clflush dts acpi mmx fxsr sse sse2 ss ht tm pbe syscall nx rdtscp lm constant_tsc arch_perfmon pebs bts rep_good nopl xtopology nonstop_tsc aperfmperf eagerfpu pni pclmulqdq dtes64 monitor ds_cpl vmx est tm2 ssse3 cx16 xtpr pdcm pcid sse4_1 sse4_2 x2apic popcnt tsc_deadline_timer xsave avx f16c rdrand lahf_lm ida arat epb pln pts dtherm tpr_shadow vnmi flexpriority ept vpid fsgsbase smep erms xsaveopt
bugs		:
bogomips	: 4788.88
clflush size	: 64
cache_alignment	: 64
address sizes	: 36 bits physical, 48 bits virtual
power management:

processor	: 1
vendor_id	: GenuineIntel
cpu family	: 6
model		: 58
model name	: Intel(R) Core(TM) i7-3517U CPU @ 1.90GHz
stepping	: 9
microcode	: 0x12
cpu MHz		: 2936.718
cache size	: 4096 KB
physical id	: 0
siblings	: 4
core id		: 0
cpu cores	: 2
apicid		: 1
initial apicid	: 1
fpu		: yes
fpu_exception	: yes
cpuid level	: 13
wp		: yes
flags		: fpu vme de pse tsc msr pae mce cx8 apic sep mtrr pge mca cmov pat pse36 clflush dts acpi mmx fxsr sse sse2 ss ht tm pbe syscall nx rdtscp lm constant_tsc arch_perfmon pebs bts rep_good nopl xtopology nonstop_tsc aperfmperf eagerfpu pni pclmulqdq dtes64 monitor ds_cpl vmx est tm2 ssse3 cx16 xtpr pdcm pcid sse4_1 sse4_2 x2apic popcnt tsc_deadline_timer xsave avx f16c rdrand lahf_lm ida arat epb pln pts dtherm tpr_shadow vnmi flexpriority ept vpid fsgsbase smep erms xsaveopt
bugs		:
bogomips	: 4788.88
clflush size	: 64
cache_alignment	: 64
address sizes	: 36 bits physical, 48 bits virtual
power management:

processor	: 2
vendor_id	: GenuineIntel
cpu family	: 6
model		: 58
model name	: Intel(R) Core(TM) i7-3517U CPU @ 1.90GHz
stepping	: 9
microcode	: 0x12
cpu MHz		: 2800.031
cache size	: 4096 KB
physical id	: 0
siblings	: 4
core id		: 1
cpu cores	: 2
apicid		: 2
initial apicid	: 2
fpu		: yes
fpu_exception	: yes
cpuid level	: 13
wp		: yes
flags		: fpu vme de pse tsc msr pae mce cx8 apic sep mtrr pge mca cmov pat pse36 clflush dts acpi mmx fxsr sse sse2 ss ht tm pbe syscall nx rdtscp lm constant_tsc arch_perfmon pebs bts rep_good nopl xtopology nonstop_tsc aperfmperf eagerfpu pni pclmulqdq dtes64 monitor ds_cpl vmx est tm2 ssse3 cx16 xtpr pdcm pcid sse4_1 sse4_2 x2apic popcnt tsc_deadline_timer xsave avx f16c rdrand lahf_lm ida arat epb pln pts dtherm tpr_shadow vnmi flexpriority ept vpid fsgsbase smep erms xsaveopt
bugs		:
bogomips	: 4788.88
clflush size	: 64
cache_alignment	: 64
address sizes	: 36 bits physical, 48 bits virtual
power management:

processor	: 3
vendor_id	: GenuineIntel
cpu family	: 6
model		: 58
model name	: Intel(R) Core(TM) i7-3517U CPU @ 1.90GHz
stepping	: 9
microcode	: 0x12
cpu MHz		: 2800.031
cache size	: 4096 KB
physical id	: 0
siblings	: 4
core id		: 1
cpu cores	: 2
apicid		: 3
initial apicid	: 3
fpu		: yes
fpu_exception	: yes
cpuid level	: 13
wp		: yes
flags		: fpu vme de pse tsc msr pae mce cx8 apic sep mtrr pge mca cmov pat pse36 clflush dts acpi mmx fxsr sse sse2 ss ht tm pbe syscall nx rdtscp lm constant_tsc arch_perfmon pebs bts rep_good nopl xtopology nonstop_tsc aperfmperf eagerfpu pni pclmulqdq dtes64 monitor ds_cpl vmx est tm2 ssse3 cx16 xtpr pdcm pcid sse4_1 sse4_2 x2apic popcnt tsc_deadline_timer xsave avx f16c rdrand lahf_lm ida arat epb pln pts dtherm tpr_shadow vnmi flexpriority ept vpid fsgsbase smep erms xsaveopt
bugs		:
bogomips	: 4788.88
clflush size	: 64
cache_alignment	: 64
address sizes	: 36 bits physical, 48 bits virtual
power management:



Memory: 4k page, physical 3879128k(860556k free), swap 975868k(890000k free)

vm_info: Java HotSpot(TM) 64-Bit Server VM (24.80-b11) for linux-amd64 JRE (1.7.0_80-b15), built on Apr 10 2015 19:53:14 by "java_re" with gcc 4.3.0 20080428 (Red Hat 4.3.0-8)

time: Mon May  1 15:47:19 2017
elapsed time: 242 seconds

