#
# A fatal error has been detected by the Java Runtime Environment:
#
#  SIGSEGV (0xb) at pc=0x00007f37584d676b, pid=6376, tid=139875613497088
#
# JRE version: Java(TM) SE Runtime Environment (7.0_80-b15) (build 1.7.0_80-b15)
# Java VM: Java HotSpot(TM) 64-Bit Server VM (24.80-b11 mixed mode linux-amd64 compressed oops)
# Problematic frame:
# C  [libc.so.6+0x8076b]  _IO_str_seekoff+0x299b
#
# Failed to write core dump. Core dumps have been disabled. To enable core dumping, try "ulimit -c unlimited" before starting Java again
#
# If you would like to submit a bug report, please visit:
#   http://bugreport.java.com/bugreport/crash.jsp
# The crash happened outside the Java Virtual Machine in native code.
# See problematic frame for where to report the bug.
#

---------------  T H R E A D  ---------------

Current thread (0x00007f3750070800):  JavaThread "Finalizer" daemon [_thread_in_native, id=6387, stack(0x00007f3754315000,0x00007f3754416000)]

siginfo:si_signo=SIGSEGV: si_errno=0, si_code=1 (SEGV_MAPERR), si_addr=0x00007fa660627708

Registers:
RAX=0x00007f36fc241de0, RBX=0x00007f36fc010690, RCX=0x00007f3754414560, RDX=0xffffff909b9e8f90
RSP=0x00007f37544143f0, RBP=0x0000006f64617070, RSI=0x0000000000000001, RDI=0x0000000000000000
R8 =0x0000000000000d64, R9 =0x0000000000000001, R10=0x0000000000000004, R11=0x00007f375842bde8
R12=0x00007fa660627700, R13=0x00007f36fc000020, R14=0x00000000bfd809b0, R15=0x00007f3750070800
RIP=0x00007f37584d676b, EFLAGS=0x0000000000010202, CSGSFS=0x0000000000000033, ERR=0x0000000000000004
  TRAPNO=0x000000000000000e

Top of Stack: (sp=0x00007f37544143f0)
0x00007f37544143f0:   00007f3750071078 00000000ffffffff
0x00007f3754414400:   00007f37544148b0 00007f371004cc80
0x00007f3754414410:   00007f373dcc2ce0 00007f36f000f610
0x00007f3754414420:   00007f373dcc2ce0 00007f36f000f580
0x00007f3754414430:   00007f37544145c0 0000000000000001
0x00007f3754414440:   00007f36f000f610 00007f37584da7ec
0x00007f3754414450:   01007f3754414480 00007f371004cb70
0x00007f3754414460:   00007f373dcc2ce0 00007f36fc0105d0
0x00007f3754414470:   00007f373dcc2ce0 0000000000000000
0x00007f3754414480:   00007f37544145c0 00000000bfd809b0
0x00007f3754414490:   00007f3750070800 00007f37584da7ec
0x00007f37544144a0:   0000007f544145a0 00007f36f000f610
0x00007f37544144b0:   00007f373dcc2ce0 00007f36f000f500
0x00007f37544144c0:   00007f373dcc2ce0 00007f36fc0105d0
0x00007f37544144d0:   00007f373dcc2ce0 0000000000000000
0x00007f37544144e0:   00007f37544145c0 00007f373d84b683
0x00007f37544144f0:   01007f3754414540 00007f3757bd87d6
0x00007f3754414500:   00007f374d005310 00007f3750071078
0x00007f3754414510:   00007f3754414608 00007f37544145c8
0x00007f3754414520:   00007f3750070800 00007f373d237de7
0x00007f3754414530:   0000000000000000 00007f373d237de7
0x00007f3754414540:   0fc23b4908568b44 00000000bfd6dc00
0x00007f3754414550:   00007f37544145a0 00007f374d069106
0x00007f3754414560:   00000000ed3ed558 00007f37340035a0
0x00007f3754414570:   00007f3734003580 00007f3750070800
0x00007f3754414580:   00007f3754414610 00007f3750071000
0x00007f3754414590:   00000000ed3009d0 00007f3750070800
0x00007f37544145a0:   00007f3754414608 00007f374d006058
0x00007f37544145b0:   00007f37544145f0 00007f374d006058
0x00007f37544145c0:   00000000ed3ed558 00007f37544145c8
0x00007f37544145d0:   00000000bfd6db19 00007f3754414620
0x00007f37544145e0:   00000000bfd6f5d8 00000000bfd809b0 

Instructions: (pc=0x00007f37584d676b)
0x00007f37584d674b:   4c 8d 24 2e c7 44 24 48 00 00 00 00 48 39 c6 0f
0x00007f37584d675b:   84 70 09 00 00 41 f6 45 04 02 0f 84 85 08 00 00
0x00007f37584d676b:   49 8b 44 24 08 a8 01 0f 84 98 08 00 00 49 89 c7
0x00007f37584d677b:   49 83 e7 f8 48 83 f8 10 0f 86 e7 06 00 00 4d 3b 

Register to memory mapping:

RAX=0x00007f36fc241de0 is an unknown value
RBX=0x00007f36fc010690 is an unknown value
RCX=0x00007f3754414560 is pointing into the stack for thread: 0x00007f3750070800
RDX=0xffffff909b9e8f90 is an unknown value
RSP=0x00007f37544143f0 is pointing into the stack for thread: 0x00007f3750070800
RBP=0x0000006f64617070 is an unknown value
RSI=0x0000000000000001 is an unknown value
RDI=0x0000000000000000 is an unknown value
R8 =0x0000000000000d64 is an unknown value
R9 =0x0000000000000001 is an unknown value
R10=0x0000000000000004 is an unknown value
R11=0x00007f375842bde8: <offset 0xe4fde8> in /home/elixandre/jdk1.7.0_80/jre/lib/amd64/server/libjvm.so at 0x00007f37575dc000
R12=0x00007fa660627700 is an unknown value
R13=0x00007f36fc000020 is an unknown value
R14=0x00000000bfd809b0 is pointing into object: 0x00000000bfd808f8
{method data} 
 - klass: {other class}
R15=0x00007f3750070800 is a thread


Stack: [0x00007f3754315000,0x00007f3754416000],  sp=0x00007f37544143f0,  free space=1020k
Native frames: (J=compiled Java code, j=interpreted, Vv=VM code, C=native code)
C  [libc.so.6+0x8076b]  _IO_str_seekoff+0x299b

[error occurred during error reporting (printing native stack), id 0xb]

Java frames: (J=compiled Java code, j=interpreted, Vv=VM code)
J 75  org.simgrid.msg.Task.nativeFinalize()V (0 bytes) @ 0x00007f374d069098 [0x00007f374d069060+0x38]
j  org.simgrid.msg.Task.finalize()V+1
j  java.lang.System$2.invokeFinalize(Ljava/lang/Object;)V+1
j  java.lang.ref.Finalizer.runFinalizer(Lsun/misc/JavaLangAccess;)V+46
j  java.lang.ref.Finalizer.access$100(Ljava/lang/ref/Finalizer;Lsun/misc/JavaLangAccess;)V+2
j  java.lang.ref.Finalizer$FinalizerThread.run()V+45
v  ~StubRoutines::call_stub

---------------  P R O C E S S  ---------------

Java Threads: ( => current thread )
  0x00007f36f0001000 JavaThread "Thread-8" [_thread_in_native, id=6400, stack(0x00007f370cffa000,0x00007f370d7fb000)]
  0x00007f36fc001000 JavaThread "Thread-7" [_thread_in_native, id=6399, stack(0x00007f370d7fb000,0x00007f370dffc000)]
  0x00007f36f8001000 JavaThread "Thread-6" [_thread_in_native, id=6398, stack(0x00007f370dffc000,0x00007f370e7fd000)]
  0x00007f3704001000 JavaThread "Thread-5" [_thread_in_native, id=6397, stack(0x00007f370e7fd000,0x00007f370effe000)]
  0x00007f3700001000 JavaThread "Thread-4" [_thread_in_native, id=6396, stack(0x00007f370effe000,0x00007f370f7ff000)]
  0x00007f3708001000 JavaThread "Thread-3" [_thread_in_native, id=6395, stack(0x00007f370f7ff000,0x00007f3710000000)]
  0x00007f3714001000 JavaThread "Thread-2" [_thread_in_native, id=6394, stack(0x00007f373c22a000,0x00007f373ca2b000)]
  0x00007f3710001000 JavaThread "Thread-1" [_thread_in_native, id=6393, stack(0x00007f373ca2b000,0x00007f373d22c000)]
  0x00007f3750099000 JavaThread "Service Thread" daemon [_thread_blocked, id=6391, stack(0x00007f374c81c000,0x00007f374c91d000)]
  0x00007f3750096800 JavaThread "C2 CompilerThread1" daemon [_thread_in_native, id=6390, stack(0x00007f3754012000,0x00007f3754113000)]
  0x00007f3750093800 JavaThread "C2 CompilerThread0" daemon [_thread_blocked, id=6389, stack(0x00007f3754113000,0x00007f3754214000)]
  0x00007f3750091800 JavaThread "Signal Dispatcher" daemon [_thread_blocked, id=6388, stack(0x00007f3754214000,0x00007f3754315000)]
=>0x00007f3750070800 JavaThread "Finalizer" daemon [_thread_in_native, id=6387, stack(0x00007f3754315000,0x00007f3754416000)]
  0x00007f375006e000 JavaThread "Reference Handler" daemon [_thread_blocked, id=6386, stack(0x00007f3754416000,0x00007f3754517000)]
  0x00007f3750009800 JavaThread "main" [_thread_in_native, id=6380, stack(0x00007f3758f5a000,0x00007f375905b000)]

Other Threads:
  0x00007f375006a000 VMThread [stack: 0x00007f3754517000,0x00007f3754618000] [id=6385]
  0x00007f37500a4000 WatcherThread [stack: 0x00007f374c71b000,0x00007f374c81c000] [id=6392]

VM state:not at safepoint (normal execution)

VM Mutex/Monitor currently owned by a thread: None

Heap
 PSYoungGen      total 17920K, used 4362K [0x00000000ec400000, 0x00000000ed800000, 0x0000000100000000)
  eden space 15360K, 11% used [0x00000000ec400000,0x00000000ec5caa00,0x00000000ed300000)
  from space 2560K, 98% used [0x00000000ed300000,0x00000000ed578020,0x00000000ed580000)
  to   space 2560K, 0% used [0x00000000ed580000,0x00000000ed580000,0x00000000ed800000)
 ParOldGen       total 40448K, used 592K [0x00000000c4c00000, 0x00000000c7380000, 0x00000000ec400000)
  object space 40448K, 1% used [0x00000000c4c00000,0x00000000c4c94000,0x00000000c7380000)
 PSPermGen       total 21504K, used 3586K [0x00000000bfa00000, 0x00000000c0f00000, 0x00000000c4c00000)
  object space 21504K, 16% used [0x00000000bfa00000,0x00000000bfd80ac0,0x00000000c0f00000)

Card table byte_map: [0x00007f375603c000,0x00007f3756240000] byte_map_base: 0x00007f3755a3f000

Polling page: 0x00007f3759077000

Code Cache  [0x00007f374d000000, 0x00007f374d270000, 0x00007f3750000000)
 total_blobs=272 nmethods=66 adapters=160 free_code_cache=48600Kb largest_free_block=49731648

Compilation events (10 events):
Event: 1.962 Thread 0x00007f3750093800 nmethod 58% 0x00007f374d087010 code [0x00007f374d087800, 0x00007f374d08d218]
Event: 1.975 Thread 0x00007f3750096800   59             sun.misc.VM::addFinalRefCount (24 bytes)
Event: 1.975 Thread 0x00007f3750096800 nmethod 59 0x00007f374d074b90 code [0x00007f374d074cc0, 0x00007f374d074d38]
Event: 1.982 Thread 0x00007f3750093800   60             java.lang.ref.Reference::access$100 (4 bytes)
Event: 1.982 Thread 0x00007f3750096800   62   !         java.lang.ref.ReferenceQueue::enqueue (104 bytes)
Event: 1.983 Thread 0x00007f3750093800 nmethod 60 0x00007f374d074610 code [0x00007f374d074740, 0x00007f374d074798]
Event: 1.987 Thread 0x00007f3750096800 nmethod 62 0x00007f374d07b810 code [0x00007f374d07b980, 0x00007f374d07c108]
Event: 1.995 Thread 0x00007f3750093800   63             java.lang.ref.Reference::get (5 bytes)
Event: 1.996 Thread 0x00007f3750093800 nmethod 63 0x00007f374d074390 code [0x00007f374d0744c0, 0x00007f374d074518]
Event: 1.997 Thread 0x00007f3750096800   64             java.lang.ref.ReferenceQueue::reallyPoll (69 bytes)

GC Heap History (2 events):
Event: 1.953 GC heap before
{Heap before GC invocations=1 (full 0):
 PSYoungGen      total 17920K, used 15360K [0x00000000ec400000, 0x00000000ed800000, 0x0000000100000000)
  eden space 15360K, 100% used [0x00000000ec400000,0x00000000ed300000,0x00000000ed300000)
  from space 2560K, 0% used [0x00000000ed580000,0x00000000ed580000,0x00000000ed800000)
  to   space 2560K, 0% used [0x00000000ed300000,0x00000000ed300000,0x00000000ed580000)
 ParOldGen       total 40448K, used 0K [0x00000000c4c00000, 0x00000000c7380000, 0x00000000ec400000)
  object space 40448K, 0% used [0x00000000c4c00000,0x00000000c4c00000,0x00000000c7380000)
 PSPermGen       total 21504K, used 3581K [0x00000000bfa00000, 0x00000000c0f00000, 0x00000000c4c00000)
  object space 21504K, 16% used [0x00000000bfa00000,0x00000000bfd7f5f8,0x00000000c0f00000)
Event: 1.962 GC heap after
Heap after GC invocations=1 (full 0):
 PSYoungGen      total 17920K, used 2528K [0x00000000ec400000, 0x00000000ed800000, 0x0000000100000000)
  eden space 15360K, 0% used [0x00000000ec400000,0x00000000ec400000,0x00000000ed300000)
  from space 2560K, 98% used [0x00000000ed300000,0x00000000ed578020,0x00000000ed580000)
  to   space 2560K, 0% used [0x00000000ed580000,0x00000000ed580000,0x00000000ed800000)
 ParOldGen       total 40448K, used 592K [0x00000000c4c00000, 0x00000000c7380000, 0x00000000ec400000)
  object space 40448K, 1% used [0x00000000c4c00000,0x00000000c4c94000,0x00000000c7380000)
 PSPermGen       total 21504K, used 3581K [0x00000000bfa00000, 0x00000000c0f00000, 0x00000000c4c00000)
  object space 21504K, 16% used [0x00000000bfa00000,0x00000000bfd7f5f8,0x00000000c0f00000)
}

Deoptimization events (0 events):
No events

Internal exceptions (10 events):
Event: 1.968 Thread 0x00007f36f0001000 Threw 0x00000000ec400058 at /HUDSON/workspace/7u-2-build-linux-amd64/jdk7u80/2329/hotspot/src/share/vm/prims/jni.cpp:743
Event: 1.969 Thread 0x00007f3708001000 Threw 0x00000000ec454b48 at /HUDSON/workspace/7u-2-build-linux-amd64/jdk7u80/2329/hotspot/src/share/vm/prims/jni.cpp:743
Event: 1.975 Thread 0x00007f3714001000 Threw 0x00000000ec482fd8 at /HUDSON/workspace/7u-2-build-linux-amd64/jdk7u80/2329/hotspot/src/share/vm/prims/jni.cpp:743
Event: 1.976 Thread 0x00007f3704001000 Threw 0x00000000ec528d30 at /HUDSON/workspace/7u-2-build-linux-amd64/jdk7u80/2329/hotspot/src/share/vm/prims/jni.cpp:743
Event: 1.977 Thread 0x00007f36f0001000 Threw 0x00000000ec401310 at /HUDSON/workspace/7u-2-build-linux-amd64/jdk7u80/2329/hotspot/src/share/vm/prims/jni.cpp:743
Event: 1.977 Thread 0x00007f3708001000 Threw 0x00000000ec455c08 at /HUDSON/workspace/7u-2-build-linux-amd64/jdk7u80/2329/hotspot/src/share/vm/prims/jni.cpp:743
Event: 1.989 Thread 0x00007f3714001000 Threw 0x00000000ec484290 at /HUDSON/workspace/7u-2-build-linux-amd64/jdk7u80/2329/hotspot/src/share/vm/prims/jni.cpp:743
Event: 1.990 Thread 0x00007f3704001000 Threw 0x00000000ec529df0 at /HUDSON/workspace/7u-2-build-linux-amd64/jdk7u80/2329/hotspot/src/share/vm/prims/jni.cpp:743
Event: 1.995 Thread 0x00007f36f0001000 Threw 0x00000000ec4025c8 at /HUDSON/workspace/7u-2-build-linux-amd64/jdk7u80/2329/hotspot/src/share/vm/prims/jni.cpp:743
Event: 1.996 Thread 0x00007f3708001000 Threw 0x00000000ec456cc8 at /HUDSON/workspace/7u-2-build-linux-amd64/jdk7u80/2329/hotspot/src/share/vm/prims/jni.cpp:743

Events (10 events):
Event: 0.320 loading class 0x00007f3710003c90
Event: 0.320 loading class 0x00007f3710003c90 done
Event: 0.336 loading class 0x00007f375587c5c0
Event: 0.336 loading class 0x00007f375587c5c0 done
Event: 0.336 loading class 0x00007f37500fc8c0
Event: 0.336 loading class 0x00007f3755874c90
Event: 0.336 loading class 0x00007f3755874c90 done
Event: 0.336 loading class 0x00007f37500fc8c0 done
Event: 1.953 Executing VM operation: ParallelGCFailedAllocation
Event: 1.962 Executing VM operation: ParallelGCFailedAllocation done


Dynamic libraries:
00400000-00401000 r-xp 00000000 08:07 663942                             /home/elixandre/jdk1.7.0_80/bin/java
00600000-00601000 rw-p 00000000 08:07 663942                             /home/elixandre/jdk1.7.0_80/bin/java
01b39000-01b5a000 rw-p 00000000 00:00 0                                  [heap]
bfa00000-c0f00000 rw-p 00000000 00:00 0 
c0f00000-c4c00000 rw-p 00000000 00:00 0 
c4c00000-c7380000 rw-p 00000000 00:00 0 
c7380000-ec400000 rw-p 00000000 00:00 0 
ec400000-ed800000 rw-p 00000000 00:00 0 
ed800000-100000000 rw-p 00000000 00:00 0 
7f36f0000000-7f36f0247000 rw-p 00000000 00:00 0 
7f36f0247000-7f36f4000000 ---p 00000000 00:00 0 
7f36f8000000-7f36f8241000 rw-p 00000000 00:00 0 
7f36f8241000-7f36fc000000 ---p 00000000 00:00 0 
7f36fc000000-7f36fc242000 rw-p 00000000 00:00 0 
7f36fc242000-7f3700000000 ---p 00000000 00:00 0 
7f3700000000-7f3700242000 rw-p 00000000 00:00 0 
7f3700242000-7f3704000000 ---p 00000000 00:00 0 
7f3704000000-7f3704249000 rw-p 00000000 00:00 0 
7f3704249000-7f3708000000 ---p 00000000 00:00 0 
7f3708000000-7f3708246000 rw-p 00000000 00:00 0 
7f3708246000-7f370c000000 ---p 00000000 00:00 0 
7f370cffa000-7f370cffd000 ---p 00000000 00:00 0 
7f370cffd000-7f370d7fb000 rw-p 00000000 00:00 0 
7f370d7fb000-7f370d7fe000 ---p 00000000 00:00 0 
7f370d7fe000-7f370dffc000 rw-p 00000000 00:00 0 
7f370dffc000-7f370dfff000 ---p 00000000 00:00 0 
7f370dfff000-7f370e7fd000 rw-p 00000000 00:00 0 
7f370e7fd000-7f370e800000 ---p 00000000 00:00 0 
7f370e800000-7f370effe000 rw-p 00000000 00:00 0 
7f370effe000-7f370f001000 ---p 00000000 00:00 0 
7f370f001000-7f370f7ff000 rw-p 00000000 00:00 0 
7f370f7ff000-7f370f802000 ---p 00000000 00:00 0 
7f370f802000-7f3710000000 rw-p 00000000 00:00 0 
7f3710000000-7f371024c000 rw-p 00000000 00:00 0 
7f371024c000-7f3714000000 ---p 00000000 00:00 0 
7f3714000000-7f3714248000 rw-p 00000000 00:00 0 
7f3714248000-7f3718000000 ---p 00000000 00:00 0 
7f3718000000-7f3718021000 rw-p 00000000 00:00 0 
7f3718021000-7f371c000000 ---p 00000000 00:00 0 
7f371c000000-7f371c021000 rw-p 00000000 00:00 0 
7f371c021000-7f3720000000 ---p 00000000 00:00 0 
7f3720000000-7f37209f3000 rw-p 00000000 00:00 0 
7f37209f3000-7f3724000000 ---p 00000000 00:00 0 
7f3724000000-7f3724a2b000 rw-p 00000000 00:00 0 
7f3724a2b000-7f3728000000 ---p 00000000 00:00 0 
7f3728000000-7f3728021000 rw-p 00000000 00:00 0 
7f3728021000-7f372c000000 ---p 00000000 00:00 0 
7f372c000000-7f372c021000 rw-p 00000000 00:00 0 
7f372c021000-7f3730000000 ---p 00000000 00:00 0 
7f3730000000-7f3730021000 rw-p 00000000 00:00 0 
7f3730021000-7f3734000000 ---p 00000000 00:00 0 
7f3734000000-7f3734021000 rw-p 00000000 00:00 0 
7f3734021000-7f3738000000 ---p 00000000 00:00 0 
7f3738000000-7f3738021000 rw-p 00000000 00:00 0 
7f3738021000-7f373c000000 ---p 00000000 00:00 0 
7f373c22a000-7f373c22d000 ---p 00000000 00:00 0 
7f373c22d000-7f373ca2b000 rw-p 00000000 00:00 0 
7f373ca2b000-7f373ca2e000 ---p 00000000 00:00 0 
7f373ca2e000-7f373d22c000 rw-p 00000000 00:00 0 
7f373d22c000-7f373d244000 r-xp 00000000 08:07 544864                     /tmp/simgrid-java2410279816993301979/libsimgrid-java.so
7f373d244000-7f373d444000 ---p 00018000 08:07 544864                     /tmp/simgrid-java2410279816993301979/libsimgrid-java.so
7f373d444000-7f373d445000 rw-p 00018000 08:07 544864                     /tmp/simgrid-java2410279816993301979/libsimgrid-java.so
7f373d445000-7f373d5b8000 r-xp 00000000 08:07 1059329                    /usr/lib/x86_64-linux-gnu/libstdc++.so.6.0.21
7f373d5b8000-7f373d7b7000 ---p 00173000 08:07 1059329                    /usr/lib/x86_64-linux-gnu/libstdc++.so.6.0.21
7f373d7b7000-7f373d7c1000 r--p 00172000 08:07 1059329                    /usr/lib/x86_64-linux-gnu/libstdc++.so.6.0.21
7f373d7c1000-7f373d7c3000 rw-p 0017c000 08:07 1059329                    /usr/lib/x86_64-linux-gnu/libstdc++.so.6.0.21
7f373d7c3000-7f373d7c7000 rw-p 00000000 00:00 0 
7f373d7c7000-7f373da8c000 r-xp 00000000 08:07 544863                     /tmp/simgrid-java2410279816993301979/libsimgrid.so
7f373da8c000-7f373dc8c000 ---p 002c5000 08:07 544863                     /tmp/simgrid-java2410279816993301979/libsimgrid.so
7f373dc8c000-7f373dcc7000 rw-p 002c5000 08:07 544863                     /tmp/simgrid-java2410279816993301979/libsimgrid.so
7f373dcc7000-7f3740000000 rw-p 00000000 00:00 0 
7f3740000000-7f3740021000 rw-p 00000000 00:00 0 
7f3740021000-7f3744000000 ---p 00000000 00:00 0 
7f3744000000-7f3744021000 rw-p 00000000 00:00 0 
7f3744021000-7f3748000000 ---p 00000000 00:00 0 
7f3748000000-7f3748021000 rw-p 00000000 00:00 0 
7f3748021000-7f374c000000 ---p 00000000 00:00 0 
7f374c0c3000-7f374c0d9000 r-xp 00000000 08:07 528568                     /lib/x86_64-linux-gnu/libgcc_s.so.1
7f374c0d9000-7f374c2d8000 ---p 00016000 08:07 528568                     /lib/x86_64-linux-gnu/libgcc_s.so.1
7f374c2d8000-7f374c2d9000 r--p 00015000 08:07 528568                     /lib/x86_64-linux-gnu/libgcc_s.so.1
7f374c2d9000-7f374c2da000 rw-p 00016000 08:07 528568                     /lib/x86_64-linux-gnu/libgcc_s.so.1
7f374c2f3000-7f374c30a000 r-xp 00000000 08:07 663689                     /home/elixandre/jdk1.7.0_80/jre/lib/amd64/libnet.so
7f374c30a000-7f374c509000 ---p 00017000 08:07 663689                     /home/elixandre/jdk1.7.0_80/jre/lib/amd64/libnet.so
7f374c509000-7f374c50a000 rw-p 00016000 08:07 663689                     /home/elixandre/jdk1.7.0_80/jre/lib/amd64/libnet.so
7f374c50a000-7f374c51a000 r-xp 00000000 08:07 663688                     /home/elixandre/jdk1.7.0_80/jre/lib/amd64/libnio.so
7f374c51a000-7f374c71a000 ---p 00010000 08:07 663688                     /home/elixandre/jdk1.7.0_80/jre/lib/amd64/libnio.so
7f374c71a000-7f374c71b000 rw-p 00010000 08:07 663688                     /home/elixandre/jdk1.7.0_80/jre/lib/amd64/libnio.so
7f374c71b000-7f374c71c000 ---p 00000000 00:00 0 
7f374c71c000-7f374c81c000 rw-p 00000000 00:00 0 
7f374c81c000-7f374c81f000 ---p 00000000 00:00 0 
7f374c81f000-7f374c91d000 rw-p 00000000 00:00 0 
7f374c91d000-7f374d000000 r--p 00000000 08:07 1055607                    /usr/lib/locale/locale-archive
7f374d000000-7f374d270000 rwxp 00000000 00:00 0 
7f374d270000-7f37503f3000 rw-p 00000000 00:00 0 
7f37503f3000-7f3754000000 ---p 00000000 00:00 0 
7f3754012000-7f3754015000 ---p 00000000 00:00 0 
7f3754015000-7f3754113000 rw-p 00000000 00:00 0 
7f3754113000-7f3754116000 ---p 00000000 00:00 0 
7f3754116000-7f3754214000 rw-p 00000000 00:00 0 
7f3754214000-7f3754217000 ---p 00000000 00:00 0 
7f3754217000-7f3754315000 rw-p 00000000 00:00 0 
7f3754315000-7f3754318000 ---p 00000000 00:00 0 
7f3754318000-7f3754416000 rw-p 00000000 00:00 0 
7f3754416000-7f3754419000 ---p 00000000 00:00 0 
7f3754419000-7f3754517000 rw-p 00000000 00:00 0 
7f3754517000-7f3754518000 ---p 00000000 00:00 0 
7f3754518000-7f3755617000 rw-p 00000000 00:00 0 
7f3755617000-7f37557d7000 r--s 039fb000 08:07 663892                     /home/elixandre/jdk1.7.0_80/jre/lib/rt.jar
7f37557d7000-7f3755ad3000 rw-p 00000000 00:00 0 
7f3755ad3000-7f3755ad4000 ---p 00000000 00:00 0 
7f3755ad4000-7f3755bd4000 rw-p 00000000 00:00 0 
7f3755bd4000-7f3755bd5000 ---p 00000000 00:00 0 
7f3755bd5000-7f3755cd5000 rw-p 00000000 00:00 0 
7f3755cd5000-7f3755cd6000 ---p 00000000 00:00 0 
7f3755cd6000-7f3755dd6000 rw-p 00000000 00:00 0 
7f3755dd6000-7f3755dd7000 ---p 00000000 00:00 0 
7f3755dd7000-7f3755ee2000 rw-p 00000000 00:00 0 
7f3755ee2000-7f3755f00000 rw-p 00000000 00:00 0 
7f3755f00000-7f3755f14000 rw-p 00000000 00:00 0 
7f3755f14000-7f375603c000 rw-p 00000000 00:00 0 
7f375603c000-7f3756047000 rw-p 00000000 00:00 0 
7f3756047000-7f3756065000 rw-p 00000000 00:00 0 
7f3756065000-7f3756079000 rw-p 00000000 00:00 0 
7f3756079000-7f37561a1000 rw-p 00000000 00:00 0 
7f37561a1000-7f37561ab000 rw-p 00000000 00:00 0 
7f37561ab000-7f375623f000 rw-p 00000000 00:00 0 
7f375623f000-7f3756240000 rw-p 00000000 00:00 0 
7f3756240000-7f3756257000 r-xp 00000000 08:07 663687                     /home/elixandre/jdk1.7.0_80/jre/lib/amd64/libzip.so
7f3756257000-7f3756457000 ---p 00017000 08:07 663687                     /home/elixandre/jdk1.7.0_80/jre/lib/amd64/libzip.so
7f3756457000-7f3756458000 rw-p 00017000 08:07 663687                     /home/elixandre/jdk1.7.0_80/jre/lib/amd64/libzip.so
7f3756458000-7f3756462000 r-xp 00000000 08:07 529521                     /lib/x86_64-linux-gnu/libnss_files-2.21.so
7f3756462000-7f3756662000 ---p 0000a000 08:07 529521                     /lib/x86_64-linux-gnu/libnss_files-2.21.so
7f3756662000-7f3756663000 r--p 0000a000 08:07 529521                     /lib/x86_64-linux-gnu/libnss_files-2.21.so
7f3756663000-7f3756664000 rw-p 0000b000 08:07 529521                     /lib/x86_64-linux-gnu/libnss_files-2.21.so
7f3756664000-7f375666f000 r-xp 00000000 08:07 529535                     /lib/x86_64-linux-gnu/libnss_nis-2.21.so
7f375666f000-7f375686e000 ---p 0000b000 08:07 529535                     /lib/x86_64-linux-gnu/libnss_nis-2.21.so
7f375686e000-7f375686f000 r--p 0000a000 08:07 529535                     /lib/x86_64-linux-gnu/libnss_nis-2.21.so
7f375686f000-7f3756870000 rw-p 0000b000 08:07 529535                     /lib/x86_64-linux-gnu/libnss_nis-2.21.so
7f3756870000-7f3756887000 r-xp 00000000 08:07 529538                     /lib/x86_64-linux-gnu/libnsl-2.21.so
7f3756887000-7f3756a86000 ---p 00017000 08:07 529538                     /lib/x86_64-linux-gnu/libnsl-2.21.so
7f3756a86000-7f3756a87000 r--p 00016000 08:07 529538                     /lib/x86_64-linux-gnu/libnsl-2.21.so
7f3756a87000-7f3756a88000 rw-p 00017000 08:07 529538                     /lib/x86_64-linux-gnu/libnsl-2.21.so
7f3756a88000-7f3756a8a000 rw-p 00000000 00:00 0 
7f3756a8a000-7f3756a92000 r-xp 00000000 08:07 529523                     /lib/x86_64-linux-gnu/libnss_compat-2.21.so
7f3756a92000-7f3756c91000 ---p 00008000 08:07 529523                     /lib/x86_64-linux-gnu/libnss_compat-2.21.so
7f3756c91000-7f3756c92000 r--p 00007000 08:07 529523                     /lib/x86_64-linux-gnu/libnss_compat-2.21.so
7f3756c92000-7f3756c93000 rw-p 00008000 08:07 529523                     /lib/x86_64-linux-gnu/libnss_compat-2.21.so
7f3756c93000-7f3756cbc000 r-xp 00000000 08:07 663623                     /home/elixandre/jdk1.7.0_80/jre/lib/amd64/libjava.so
7f3756cbc000-7f3756ebc000 ---p 00029000 08:07 663623                     /home/elixandre/jdk1.7.0_80/jre/lib/amd64/libjava.so
7f3756ebc000-7f3756ebe000 rw-p 00029000 08:07 663623                     /home/elixandre/jdk1.7.0_80/jre/lib/amd64/libjava.so
7f3756ebe000-7f3756ecb000 r-xp 00000000 08:07 663501                     /home/elixandre/jdk1.7.0_80/jre/lib/amd64/libverify.so
7f3756ecb000-7f37570ca000 ---p 0000d000 08:07 663501                     /home/elixandre/jdk1.7.0_80/jre/lib/amd64/libverify.so
7f37570ca000-7f37570cc000 rw-p 0000c000 08:07 663501                     /home/elixandre/jdk1.7.0_80/jre/lib/amd64/libverify.so
7f37570cc000-7f37570d3000 r-xp 00000000 08:07 529522                     /lib/x86_64-linux-gnu/librt-2.21.so
7f37570d3000-7f37572d2000 ---p 00007000 08:07 529522                     /lib/x86_64-linux-gnu/librt-2.21.so
7f37572d2000-7f37572d3000 r--p 00006000 08:07 529522                     /lib/x86_64-linux-gnu/librt-2.21.so
7f37572d3000-7f37572d4000 rw-p 00007000 08:07 529522                     /lib/x86_64-linux-gnu/librt-2.21.so
7f37572d4000-7f37573db000 r-xp 00000000 08:07 529524                     /lib/x86_64-linux-gnu/libm-2.21.so
7f37573db000-7f37575da000 ---p 00107000 08:07 529524                     /lib/x86_64-linux-gnu/libm-2.21.so
7f37575da000-7f37575db000 r--p 00106000 08:07 529524                     /lib/x86_64-linux-gnu/libm-2.21.so
7f37575db000-7f37575dc000 rw-p 00107000 08:07 529524                     /lib/x86_64-linux-gnu/libm-2.21.so
7f37575dc000-7f3758152000 r-xp 00000000 08:07 663273                     /home/elixandre/jdk1.7.0_80/jre/lib/amd64/server/libjvm.so
7f3758152000-7f3758351000 ---p 00b76000 08:07 663273                     /home/elixandre/jdk1.7.0_80/jre/lib/amd64/server/libjvm.so
7f3758351000-7f3758415000 rw-p 00b75000 08:07 663273                     /home/elixandre/jdk1.7.0_80/jre/lib/amd64/server/libjvm.so
7f3758415000-7f3758456000 rw-p 00000000 00:00 0 
7f3758456000-7f3758616000 r-xp 00000000 08:07 529541                     /lib/x86_64-linux-gnu/libc-2.21.so
7f3758616000-7f3758816000 ---p 001c0000 08:07 529541                     /lib/x86_64-linux-gnu/libc-2.21.so
7f3758816000-7f375881a000 r--p 001c0000 08:07 529541                     /lib/x86_64-linux-gnu/libc-2.21.so
7f375881a000-7f375881c000 rw-p 001c4000 08:07 529541                     /lib/x86_64-linux-gnu/libc-2.21.so
7f375881c000-7f3758820000 rw-p 00000000 00:00 0 
7f3758820000-7f3758823000 r-xp 00000000 08:07 529528                     /lib/x86_64-linux-gnu/libdl-2.21.so
7f3758823000-7f3758a22000 ---p 00003000 08:07 529528                     /lib/x86_64-linux-gnu/libdl-2.21.so
7f3758a22000-7f3758a23000 r--p 00002000 08:07 529528                     /lib/x86_64-linux-gnu/libdl-2.21.so
7f3758a23000-7f3758a24000 rw-p 00003000 08:07 529528                     /lib/x86_64-linux-gnu/libdl-2.21.so
7f3758a24000-7f3758a39000 r-xp 00000000 08:07 663695                     /home/elixandre/jdk1.7.0_80/lib/amd64/jli/libjli.so
7f3758a39000-7f3758c38000 ---p 00015000 08:07 663695                     /home/elixandre/jdk1.7.0_80/lib/amd64/jli/libjli.so
7f3758c38000-7f3758c39000 rw-p 00014000 08:07 663695                     /home/elixandre/jdk1.7.0_80/lib/amd64/jli/libjli.so
7f3758c39000-7f3758c51000 r-xp 00000000 08:07 529525                     /lib/x86_64-linux-gnu/libpthread-2.21.so
7f3758c51000-7f3758e51000 ---p 00018000 08:07 529525                     /lib/x86_64-linux-gnu/libpthread-2.21.so
7f3758e51000-7f3758e52000 r--p 00018000 08:07 529525                     /lib/x86_64-linux-gnu/libpthread-2.21.so
7f3758e52000-7f3758e53000 rw-p 00019000 08:07 529525                     /lib/x86_64-linux-gnu/libpthread-2.21.so
7f3758e53000-7f3758e57000 rw-p 00000000 00:00 0 
7f3758e57000-7f3758e7b000 r-xp 00000000 08:07 529539                     /lib/x86_64-linux-gnu/ld-2.21.so
7f3758e85000-7f3758ea4000 rw-p 00000000 00:00 0 
7f3758ea4000-7f3758f5a000 rw-p 00000000 00:00 0 
7f3758f5a000-7f3758f5d000 ---p 00000000 00:00 0 
7f3758f5d000-7f375905f000 rw-p 00000000 00:00 0 
7f3759066000-7f3759067000 rw-p 00000000 00:00 0 
7f3759067000-7f375906b000 r--s 0008b000 08:07 663627                     /home/elixandre/jdk1.7.0_80/jre/lib/jsse.jar
7f375906b000-7f375906e000 r--s 00f76000 08:07 542783                     /home/elixandre/Downloads/simgrid.jar
7f375906e000-7f3759076000 rw-s 00000000 08:07 544733                     /tmp/hsperfdata_elixandre/6376
7f3759076000-7f3759077000 rw-p 00000000 00:00 0 
7f3759077000-7f3759078000 r--p 00000000 00:00 0 
7f3759078000-7f375907a000 rw-p 00000000 00:00 0 
7f375907a000-7f375907b000 r--p 00023000 08:07 529539                     /lib/x86_64-linux-gnu/ld-2.21.so
7f375907b000-7f375907c000 rw-p 00024000 08:07 529539                     /lib/x86_64-linux-gnu/ld-2.21.so
7f375907c000-7f375907d000 rw-p 00000000 00:00 0 
7fffcd854000-7fffcd875000 rw-p 00000000 00:00 0                          [stack]
7fffcd8e6000-7fffcd8e8000 r--p 00000000 00:00 0                          [vvar]
7fffcd8e8000-7fffcd8ea000 r-xp 00000000 00:00 0                          [vdso]
ffffffffff600000-ffffffffff601000 r-xp 00000000 00:00 0                  [vsyscall]

VM Arguments:
jvm_args: -Dfile.encoding=UTF-8 
java_command: vcube.VCube platform.xml deployment.xml
Launcher Type: SUN_STANDARD

Environment Variables:
PATH=/usr/local/sbin:/usr/local/bin:/usr/sbin:/usr/bin:/sbin:/bin:/usr/games:/usr/local/games:/home/elixandre/.rvm/bin
LD_LIBRARY_PATH=/home/elixandre/jdk1.7.0_80/jre/lib/amd64:/home/elixandre/jdk1.7.0_80/jre/lib/i386:
SHELL=/bin/bash
DISPLAY=:0

Signal Handlers:
SIGSEGV: [libjvm.so+0x9a3b20], sa_mask[0]=0x7ffbfeff, sa_flags=0x10000004
SIGBUS: [libjvm.so+0x9a3b20], sa_mask[0]=0x7ffbfeff, sa_flags=0x10000004
SIGFPE: [libjvm.so+0x81e740], sa_mask[0]=0x7ffbfeff, sa_flags=0x10000004
SIGPIPE: [libjvm.so+0x81e740], sa_mask[0]=0x7ffbfeff, sa_flags=0x10000004
SIGXFSZ: [libjvm.so+0x81e740], sa_mask[0]=0x7ffbfeff, sa_flags=0x10000004
SIGILL: [libjvm.so+0x81e740], sa_mask[0]=0x7ffbfeff, sa_flags=0x10000004
SIGUSR1: SIG_DFL, sa_mask[0]=0x00000000, sa_flags=0x00000000
SIGUSR2: [libjvm.so+0x81ffb0], sa_mask[0]=0x00000004, sa_flags=0x10000004
SIGHUP: [libjvm.so+0x8210d0], sa_mask[0]=0x7ffbfeff, sa_flags=0x10000004
SIGINT: [libsimgrid.so+0x8ff50], sa_mask[0]=0x00000002, sa_flags=0x10000000
SIGTERM: [libjvm.so+0x8210d0], sa_mask[0]=0x7ffbfeff, sa_flags=0x10000004
SIGQUIT: [libjvm.so+0x8210d0], sa_mask[0]=0x7ffbfeff, sa_flags=0x10000004


---------------  S Y S T E M  ---------------

OS:jessie/sid

uname:Linux 4.2.0-42-generic #49-Ubuntu SMP Tue Jun 28 21:26:26 UTC 2016 x86_64
libc:glibc 2.21 NPTL 2.21 
rlimit: STACK 8192k, CORE 0k, NPROC 15009, NOFILE 65536, AS infinity
load average:1.16 0.87 1.11

/proc/meminfo:
MemTotal:        3879128 kB
MemFree:         1750424 kB
MemAvailable:    2166252 kB
Buffers:           45892 kB
Cached:           636364 kB
SwapCached:         6368 kB
Active:          1231372 kB
Inactive:         725152 kB
Active(anon):     776224 kB
Inactive(anon):   617624 kB
Active(file):     455148 kB
Inactive(file):   107528 kB
Unevictable:          32 kB
Mlocked:              32 kB
SwapTotal:        975868 kB
SwapFree:         889160 kB
Dirty:             12244 kB
Writeback:             0 kB
AnonPages:       1272956 kB
Mapped:           199056 kB
Shmem:            119580 kB
Slab:              77124 kB
SReclaimable:      44172 kB
SUnreclaim:        32952 kB
KernelStack:        8784 kB
PageTables:        32072 kB
NFS_Unstable:          0 kB
Bounce:                0 kB
WritebackTmp:          0 kB
CommitLimit:     2915432 kB
Committed_AS:    4844384 kB
VmallocTotal:   34359738367 kB
VmallocUsed:      347648 kB
VmallocChunk:   34358947836 kB
HardwareCorrupted:     0 kB
AnonHugePages:    886784 kB
CmaTotal:              0 kB
CmaFree:               0 kB
HugePages_Total:       0
HugePages_Free:        0
HugePages_Rsvd:        0
HugePages_Surp:        0
Hugepagesize:       2048 kB
DirectMap4k:      127736 kB
DirectMap2M:     3899392 kB


CPU:total 4 (2 cores per cpu, 2 threads per core) family 6 model 58 stepping 9, cmov, cx8, fxsr, mmx, sse, sse2, sse3, ssse3, sse4.1, sse4.2, popcnt, avx, erms, ht, tsc, tscinvbit, tscinv

/proc/cpuinfo:
processor	: 0
vendor_id	: GenuineIntel
cpu family	: 6
model		: 58
model name	: Intel(R) Core(TM) i7-3517U CPU @ 1.90GHz
stepping	: 9
microcode	: 0x12
cpu MHz		: 2799.937
cache size	: 4096 KB
physical id	: 0
siblings	: 4
core id		: 0
cpu cores	: 2
apicid		: 0
initial apicid	: 0
fpu		: yes
fpu_exception	: yes
cpuid level	: 13
wp		: yes
flags		: fpu vme de pse tsc msr pae mce cx8 apic sep mtrr pge mca cmov pat pse36 clflush dts acpi mmx fxsr sse sse2 ss ht tm pbe syscall nx rdtscp lm constant_tsc arch_perfmon pebs bts rep_good nopl xtopology nonstop_tsc aperfmperf eagerfpu pni pclmulqdq dtes64 monitor ds_cpl vmx est tm2 ssse3 cx16 xtpr pdcm pcid sse4_1 sse4_2 x2apic popcnt tsc_deadline_timer xsave avx f16c rdrand lahf_lm ida arat epb pln pts dtherm tpr_shadow vnmi flexpriority ept vpid fsgsbase smep erms xsaveopt
bugs		:
bogomips	: 4788.88
clflush size	: 64
cache_alignment	: 64
address sizes	: 36 bits physical, 48 bits virtual
power management:

processor	: 1
vendor_id	: GenuineIntel
cpu family	: 6
model		: 58
model name	: Intel(R) Core(TM) i7-3517U CPU @ 1.90GHz
stepping	: 9
microcode	: 0x12
cpu MHz		: 2799.937
cache size	: 4096 KB
physical id	: 0
siblings	: 4
core id		: 0
cpu cores	: 2
apicid		: 1
initial apicid	: 1
fpu		: yes
fpu_exception	: yes
cpuid level	: 13
wp		: yes
flags		: fpu vme de pse tsc msr pae mce cx8 apic sep mtrr pge mca cmov pat pse36 clflush dts acpi mmx fxsr sse sse2 ss ht tm pbe syscall nx rdtscp lm constant_tsc arch_perfmon pebs bts rep_good nopl xtopology nonstop_tsc aperfmperf eagerfpu pni pclmulqdq dtes64 monitor ds_cpl vmx est tm2 ssse3 cx16 xtpr pdcm pcid sse4_1 sse4_2 x2apic popcnt tsc_deadline_timer xsave avx f16c rdrand lahf_lm ida arat epb pln pts dtherm tpr_shadow vnmi flexpriority ept vpid fsgsbase smep erms xsaveopt
bugs		:
bogomips	: 4788.88
clflush size	: 64
cache_alignment	: 64
address sizes	: 36 bits physical, 48 bits virtual
power management:

processor	: 2
vendor_id	: GenuineIntel
cpu family	: 6
model		: 58
model name	: Intel(R) Core(TM) i7-3517U CPU @ 1.90GHz
stepping	: 9
microcode	: 0x12
cpu MHz		: 2799.937
cache size	: 4096 KB
physical id	: 0
siblings	: 4
core id		: 1
cpu cores	: 2
apicid		: 2
initial apicid	: 2
fpu		: yes
fpu_exception	: yes
cpuid level	: 13
wp		: yes
flags		: fpu vme de pse tsc msr pae mce cx8 apic sep mtrr pge mca cmov pat pse36 clflush dts acpi mmx fxsr sse sse2 ss ht tm pbe syscall nx rdtscp lm constant_tsc arch_perfmon pebs bts rep_good nopl xtopology nonstop_tsc aperfmperf eagerfpu pni pclmulqdq dtes64 monitor ds_cpl vmx est tm2 ssse3 cx16 xtpr pdcm pcid sse4_1 sse4_2 x2apic popcnt tsc_deadline_timer xsave avx f16c rdrand lahf_lm ida arat epb pln pts dtherm tpr_shadow vnmi flexpriority ept vpid fsgsbase smep erms xsaveopt
bugs		:
bogomips	: 4788.88
clflush size	: 64
cache_alignment	: 64
address sizes	: 36 bits physical, 48 bits virtual
power management:

processor	: 3
vendor_id	: GenuineIntel
cpu family	: 6
model		: 58
model name	: Intel(R) Core(TM) i7-3517U CPU @ 1.90GHz
stepping	: 9
microcode	: 0x12
cpu MHz		: 2799.937
cache size	: 4096 KB
physical id	: 0
siblings	: 4
core id		: 1
cpu cores	: 2
apicid		: 3
initial apicid	: 3
fpu		: yes
fpu_exception	: yes
cpuid level	: 13
wp		: yes
flags		: fpu vme de pse tsc msr pae mce cx8 apic sep mtrr pge mca cmov pat pse36 clflush dts acpi mmx fxsr sse sse2 ss ht tm pbe syscall nx rdtscp lm constant_tsc arch_perfmon pebs bts rep_good nopl xtopology nonstop_tsc aperfmperf eagerfpu pni pclmulqdq dtes64 monitor ds_cpl vmx est tm2 ssse3 cx16 xtpr pdcm pcid sse4_1 sse4_2 x2apic popcnt tsc_deadline_timer xsave avx f16c rdrand lahf_lm ida arat epb pln pts dtherm tpr_shadow vnmi flexpriority ept vpid fsgsbase smep erms xsaveopt
bugs		:
bogomips	: 4788.88
clflush size	: 64
cache_alignment	: 64
address sizes	: 36 bits physical, 48 bits virtual
power management:



Memory: 4k page, physical 3879128k(1750424k free), swap 975868k(889160k free)

vm_info: Java HotSpot(TM) 64-Bit Server VM (24.80-b11) for linux-amd64 JRE (1.7.0_80-b15), built on Apr 10 2015 19:53:14 by "java_re" with gcc 4.3.0 20080428 (Red Hat 4.3.0-8)

time: Mon May  1 15:08:26 2017
elapsed time: 2 seconds

