#
# A fatal error has been detected by the Java Runtime Environment:
#
#  SIGSEGV (0xb) at pc=0x00007f213314376b, pid=4370, tid=139780348430080
#
# JRE version: Java(TM) SE Runtime Environment (7.0_80-b15) (build 1.7.0_80-b15)
# Java VM: Java HotSpot(TM) 64-Bit Server VM (24.80-b11 mixed mode linux-amd64 compressed oops)
# Problematic frame:
# C  [libc.so.6+0x8076b]  _IO_str_seekoff+0x299b
#
# Failed to write core dump. Core dumps have been disabled. To enable core dumping, try "ulimit -c unlimited" before starting Java again
#
# If you would like to submit a bug report, please visit:
#   http://bugreport.java.com/bugreport/crash.jsp
# The crash happened outside the Java Virtual Machine in native code.
# See problematic frame for where to report the bug.
#

---------------  T H R E A D  ---------------

Current thread (0x00007f212c070800):  JavaThread "Finalizer" daemon [_thread_in_native, id=4381, stack(0x00007f2125f3c000,0x00007f212603d000)]

siginfo:si_signo=SIGSEGV: si_errno=0, si_code=1 (SEGV_MAPERR), si_addr=0x00007f903c623028

Registers:
RAX=0x00007f20d8227b60, RBX=0x00007f20d800bfb0, RCX=0x00007f212603b6c0, RDX=0xffffff909b9e8f90
RSP=0x00007f212603b4e0, RBP=0x0000006f64617070, RSI=0x0000000000000001, RDI=0x0000000000000000
R8 =0x0000000000000e67, R9 =0x0000000000000001, R10=0x0000000000000004, R11=0x00007f2133098de8
R12=0x00007f903c623020, R13=0x00007f20d8000020, R14=0x00007f212603b6c0, R15=0x00007f212c070800
RIP=0x00007f213314376b, EFLAGS=0x0000000000010202, CSGSFS=0x0000000000000033, ERR=0x0000000000000004
  TRAPNO=0x000000000000000e

Top of Stack: (sp=0x00007f212603b4e0)
0x00007f212603b4e0:   00007f212603b6c0 000000002901d0bf
0x00007f212603b4f0:   00007f2129005310 0000000000000000
0x00007f212603b500:   00007f212603b708 00007f20dc060ec0
0x00007f212603b510:   00007f2124c1ece0 00007f20dc060e30
0x00007f212603b520:   00000000bfd6f228 00007f2100000001
0x00007f212603b530:   00007f20dc060ec0 00007f21331477ec
0x00007f212603b540:   00007f212603b558 00007f212603b5a0
0x00007f212603b550:   00007f2129006233 00007f20d800bef0
0x00007f212603b560:   00007f2124c1ece0 0000000000000000
0x00007f212603b570:   00000000bfd6f228 00007f212603b6c0
0x00007f212603b580:   00007f212c070800 00007f21331477ec
0x00007f212603b590:   0000007f00000000 00007f212c071078
0x00007f212603b5a0:   00007f212603b630 00007f20dc05fe00
0x00007f212603b5b0:   00007f2124c1ece0 00007f20d800bef0
0x00007f212603b5c0:   00007f2124c1ece0 0000000000000000
0x00007f212603b5d0:   00000000bfd6f228 00007f21247a7683
0x00007f212603b5e0:   00000000ed35f658 00000000ec45ab78
0x00007f212603b5f0:   01007f212603b5f0 00000000bfb36a53
0x00007f212603b600:   0000000000001388 00007f212c071078
0x00007f212603b610:   00007f212603b670 00007f2132a575e5
0x00007f212603b620:   00007f2108003580 00007f20f7df2de7
0x00007f212603b630:   0000000000000000 00000000bfd6f228
0x00007f212603b640:   00007f212603b6a0 00007f2129012d98
0x00007f212603b650:   00007f212603b6b0 00007f2132a58a0b
0x00007f212603b660:   00007f212603b660 0000000000000000
0x00007f212603b670:   00007f212603b6c0 00000000bfd70c00
0x00007f212603b680:   0000000000000000 00000000bfd6f228
0x00007f212603b690:   0000000000000000 00007f212603b6c0
0x00007f212603b6a0:   00007f212603b708 00007f2129006058
0x00007f212603b6b0:   0000000000000000 00007f212900ecd8
0x00007f212603b6c0:   00000000ed412050 00007f212603b6c8
0x00007f212603b6d0:   00000000bfd6f141 00007f212603b720 

Instructions: (pc=0x00007f213314376b)
0x00007f213314374b:   4c 8d 24 2e c7 44 24 48 00 00 00 00 48 39 c6 0f
0x00007f213314375b:   84 70 09 00 00 41 f6 45 04 02 0f 84 85 08 00 00
0x00007f213314376b:   49 8b 44 24 08 a8 01 0f 84 98 08 00 00 49 89 c7
0x00007f213314377b:   49 83 e7 f8 48 83 f8 10 0f 86 e7 06 00 00 4d 3b 

Register to memory mapping:

RAX=0x00007f20d8227b60 is an unknown value
RBX=0x00007f20d800bfb0 is an unknown value
RCX=0x00007f212603b6c0 is pointing into the stack for thread: 0x00007f212c070800
RDX=0xffffff909b9e8f90 is an unknown value
RSP=0x00007f212603b4e0 is pointing into the stack for thread: 0x00007f212c070800
RBP=0x0000006f64617070 is an unknown value
RSI=0x0000000000000001 is an unknown value
RDI=0x0000000000000000 is an unknown value
R8 =0x0000000000000e67 is an unknown value
R9 =0x0000000000000001 is an unknown value
R10=0x0000000000000004 is an unknown value
R11=0x00007f2133098de8: <offset 0xe4fde8> in /home/elixandre/jdk1.7.0_80/jre/lib/amd64/server/libjvm.so at 0x00007f2132249000
R12=0x00007f903c623020 is an unknown value
R13=0x00007f20d8000020 is an unknown value
R14=0x00007f212603b6c0 is pointing into the stack for thread: 0x00007f212c070800
R15=0x00007f212c070800 is a thread


Stack: [0x00007f2125f3c000,0x00007f212603d000],  sp=0x00007f212603b4e0,  free space=1021k
Native frames: (J=compiled Java code, j=interpreted, Vv=VM code, C=native code)
C  [libc.so.6+0x8076b]  _IO_str_seekoff+0x299b

[error occurred during error reporting (printing native stack), id 0xb]

Java frames: (J=compiled Java code, j=interpreted, Vv=VM code)
j  org.simgrid.msg.Task.nativeFinalize()V+0
j  org.simgrid.msg.Task.finalize()V+1
j  java.lang.System$2.invokeFinalize(Ljava/lang/Object;)V+1
j  java.lang.ref.Finalizer.runFinalizer(Lsun/misc/JavaLangAccess;)V+46
j  java.lang.ref.Finalizer.access$100(Ljava/lang/ref/Finalizer;Lsun/misc/JavaLangAccess;)V+2
j  java.lang.ref.Finalizer$FinalizerThread.run()V+45
v  ~StubRoutines::call_stub

---------------  P R O C E S S  ---------------

Java Threads: ( => current thread )
  0x00007f20d0001000 JavaThread "Thread-7" [_thread_in_native, id=4394, stack(0x00007f20eb7ff000,0x00007f20ec000000)]
  0x00007f20cc001000 JavaThread "Thread-8" [_thread_in_native, id=4393, stack(0x00007f20f45e0000,0x00007f20f4de1000)]
  0x00007f20d4001000 JavaThread "Thread-6" [_thread_in_native, id=4391, stack(0x00007f20f55e2000,0x00007f20f5de3000)]
  0x00007f20d8001000 JavaThread "Thread-5" [_thread_in_vm, id=4392, stack(0x00007f20f4de1000,0x00007f20f55e2000)]
  0x00007f20dc001000 JavaThread "Thread-3" [_thread_in_native, id=4389, stack(0x00007f20f65e4000,0x00007f20f6de5000)]
  0x00007f20e0001000 JavaThread "Thread-2" [_thread_in_native, id=4390, stack(0x00007f20f5de3000,0x00007f20f65e4000)]
  0x00007f20e4001000 JavaThread "Thread-4" [_thread_in_native, id=4388, stack(0x00007f20f6de5000,0x00007f20f75e6000)]
  0x00007f20ec001000 JavaThread "Thread-1" [_thread_in_native, id=4387, stack(0x00007f20f75e6000,0x00007f20f7de7000)]
  0x00007f212c099000 JavaThread "Service Thread" daemon [_thread_blocked, id=4385, stack(0x00007f2125455000,0x00007f2125556000)]
  0x00007f212c096800 JavaThread "C2 CompilerThread1" daemon [_thread_in_native, id=4384, stack(0x00007f2125556000,0x00007f2125657000)]
  0x00007f212c093800 JavaThread "C2 CompilerThread0" daemon [_thread_blocked, id=4383, stack(0x00007f2125657000,0x00007f2125758000)]
  0x00007f212c091800 JavaThread "Signal Dispatcher" daemon [_thread_blocked, id=4382, stack(0x00007f2125758000,0x00007f2125859000)]
=>0x00007f212c070800 JavaThread "Finalizer" daemon [_thread_in_native, id=4381, stack(0x00007f2125f3c000,0x00007f212603d000)]
  0x00007f212c06e000 JavaThread "Reference Handler" daemon [_thread_blocked, id=4380, stack(0x00007f212603d000,0x00007f212613e000)]
  0x00007f212c009800 JavaThread "main" [_thread_in_native, id=4374, stack(0x00007f2133bc7000,0x00007f2133cc8000)]

Other Threads:
  0x00007f212c06a000 VMThread [stack: 0x00007f212613e000,0x00007f212623f000] [id=4379]
  0x00007f212c0a3800 WatcherThread [stack: 0x00007f2125354000,0x00007f2125455000] [id=4386]

VM state:not at safepoint (normal execution)

VM Mutex/Monitor currently owned by a thread: None

Heap
 PSYoungGen      total 17920K, used 4378K [0x00000000ec400000, 0x00000000ed800000, 0x0000000100000000)
  eden space 15360K, 11% used [0x00000000ec400000,0x00000000ec5caaa8,0x00000000ed300000)
  from space 2560K, 99% used [0x00000000ed300000,0x00000000ed57c010,0x00000000ed580000)
  to   space 2560K, 0% used [0x00000000ed580000,0x00000000ed580000,0x00000000ed800000)
 ParOldGen       total 40448K, used 816K [0x00000000c4c00000, 0x00000000c7380000, 0x00000000ec400000)
  object space 40448K, 2% used [0x00000000c4c00000,0x00000000c4ccc000,0x00000000c7380000)
 PSPermGen       total 21504K, used 3594K [0x00000000bfa00000, 0x00000000c0f00000, 0x00000000c4c00000)
  object space 21504K, 16% used [0x00000000bfa00000,0x00000000bfd82880,0x00000000c0f00000)

Card table byte_map: [0x00007f2130ca9000,0x00007f2130ead000] byte_map_base: 0x00007f21306ac000

Polling page: 0x00007f2133ce4000

Code Cache  [0x00007f2129000000, 0x00007f2129270000, 0x00007f212c000000)
 total_blobs=273 nmethods=67 adapters=160 free_code_cache=48638Kb largest_free_block=49776960

Compilation events (10 events):
Event: 1.345 Thread 0x00007f212c096800   62             java.lang.AbstractStringBuilder::append (62 bytes)
Event: 1.351 Thread 0x00007f212c096800 nmethod 62 0x00007f2129077910 code [0x00007f2129077a80, 0x00007f2129077f58]
Event: 1.458 Thread 0x00007f212c093800 nmethod 60% 0x00007f212907f550 code [0x00007f212907fba0, 0x00007f2129083e08]
Event: 1.460 Thread 0x00007f212c096800   63 % !         vcube.Node::main @ 88 (1454 bytes)
Event: 1.534 Thread 0x00007f212c093800   64             sun.misc.VM::addFinalRefCount (24 bytes)
Event: 1.536 Thread 0x00007f212c093800 nmethod 64 0x00007f2129070990 code [0x00007f2129070ac0, 0x00007f2129070b38]
Event: 1.543 Thread 0x00007f212c093800   65             java.lang.ref.Reference::access$100 (4 bytes)
Event: 1.543 Thread 0x00007f212c093800 nmethod 65 0x00007f2129070790 code [0x00007f21290708c0, 0x00007f2129070918]
Event: 1.543 Thread 0x00007f212c093800   67   !         java.lang.ref.ReferenceQueue::enqueue (104 bytes)
Event: 1.549 Thread 0x00007f212c093800 nmethod 67 0x00007f212907cb90 code [0x00007f212907cd00, 0x00007f212907d488]

GC Heap History (2 events):
Event: 1.512 GC heap before
{Heap before GC invocations=1 (full 0):
 PSYoungGen      total 17920K, used 15360K [0x00000000ec400000, 0x00000000ed800000, 0x0000000100000000)
  eden space 15360K, 100% used [0x00000000ec400000,0x00000000ed300000,0x00000000ed300000)
  from space 2560K, 0% used [0x00000000ed580000,0x00000000ed580000,0x00000000ed800000)
  to   space 2560K, 0% used [0x00000000ed300000,0x00000000ed300000,0x00000000ed580000)
 ParOldGen       total 40448K, used 0K [0x00000000c4c00000, 0x00000000c7380000, 0x00000000ec400000)
  object space 40448K, 0% used [0x00000000c4c00000,0x00000000c4c00000,0x00000000c7380000)
 PSPermGen       total 21504K, used 3588K [0x00000000bfa00000, 0x00000000c0f00000, 0x00000000c4c00000)
  object space 21504K, 16% used [0x00000000bfa00000,0x00000000bfd813b8,0x00000000c0f00000)
Event: 1.522 GC heap after
Heap after GC invocations=1 (full 0):
 PSYoungGen      total 17920K, used 2544K [0x00000000ec400000, 0x00000000ed800000, 0x0000000100000000)
  eden space 15360K, 0% used [0x00000000ec400000,0x00000000ec400000,0x00000000ed300000)
  from space 2560K, 99% used [0x00000000ed300000,0x00000000ed57c010,0x00000000ed580000)
  to   space 2560K, 0% used [0x00000000ed580000,0x00000000ed580000,0x00000000ed800000)
 ParOldGen       total 40448K, used 816K [0x00000000c4c00000, 0x00000000c7380000, 0x00000000ec400000)
  object space 40448K, 2% used [0x00000000c4c00000,0x00000000c4ccc000,0x00000000c7380000)
 PSPermGen       total 21504K, used 3588K [0x00000000bfa00000, 0x00000000c0f00000, 0x00000000c4c00000)
  object space 21504K, 16% used [0x00000000bfa00000,0x00000000bfd813b8,0x00000000c0f00000)
}

Deoptimization events (1 events):
Event: 1.551 Thread 0x00007f212c070800 Uncommon trap: reason=unstable_if action=reinterpret pc=0x00007f212906ebb0 method=java.lang.ref.Reference.<init>(Ljava/lang/Object;Ljava/lang/ref/ReferenceQueue;)V @ 11

Internal exceptions (10 events):
Event: 1.548 Thread 0x00007f20dc001000 Threw 0x00000000ec409be0 at /HUDSON/workspace/7u-2-build-linux-amd64/jdk7u80/2329/hotspot/src/share/vm/prims/jni.cpp:743
Event: 1.549 Thread 0x00007f20d4001000 Threw 0x00000000ec48b480 at /HUDSON/workspace/7u-2-build-linux-amd64/jdk7u80/2329/hotspot/src/share/vm/prims/jni.cpp:743
Event: 1.549 Thread 0x00007f20d0001000 Threw 0x00000000ec5331d8 at /HUDSON/workspace/7u-2-build-linux-amd64/jdk7u80/2329/hotspot/src/share/vm/prims/jni.cpp:743
Event: 1.550 Thread 0x00007f20e4001000 Threw 0x00000000ec438540 at /HUDSON/workspace/7u-2-build-linux-amd64/jdk7u80/2329/hotspot/src/share/vm/prims/jni.cpp:743
Event: 1.550 Thread 0x00007f20dc001000 Threw 0x00000000ec40ae98 at /HUDSON/workspace/7u-2-build-linux-amd64/jdk7u80/2329/hotspot/src/share/vm/prims/jni.cpp:743
Event: 1.551 Thread 0x00007f20d4001000 Threw 0x00000000ec48c540 at /HUDSON/workspace/7u-2-build-linux-amd64/jdk7u80/2329/hotspot/src/share/vm/prims/jni.cpp:743
Event: 1.552 Thread 0x00007f20d0001000 Threw 0x00000000ec534490 at /HUDSON/workspace/7u-2-build-linux-amd64/jdk7u80/2329/hotspot/src/share/vm/prims/jni.cpp:743
Event: 1.552 Thread 0x00007f20e4001000 Threw 0x00000000ec4397f8 at /HUDSON/workspace/7u-2-build-linux-amd64/jdk7u80/2329/hotspot/src/share/vm/prims/jni.cpp:743
Event: 1.552 Thread 0x00007f20dc001000 Threw 0x00000000ec40c150 at /HUDSON/workspace/7u-2-build-linux-amd64/jdk7u80/2329/hotspot/src/share/vm/prims/jni.cpp:743
Event: 1.553 Thread 0x00007f20d4001000 Threw 0x00000000ec48d600 at /HUDSON/workspace/7u-2-build-linux-amd64/jdk7u80/2329/hotspot/src/share/vm/prims/jni.cpp:743

Events (10 events):
Event: 0.432 loading class 0x00007f21304e95c0 done
Event: 0.432 loading class 0x00007f212c114900
Event: 0.432 loading class 0x00007f21304e1c90
Event: 0.432 loading class 0x00007f21304e1c90 done
Event: 0.432 loading class 0x00007f212c114900 done
Event: 1.512 Executing VM operation: ParallelGCFailedAllocation
Event: 1.522 Executing VM operation: ParallelGCFailedAllocation done
Event: 1.551 Thread 0x00007f212c070800 Uncommon trap: trap_request=0xffffff75 fr.pc=0x00007f212906ebb0
Event: 1.551 Thread 0x00007f212c070800 DEOPT PACKING pc=0x00007f212906ebb0 sp=0x00007f212603b3e0
Event: 1.551 Thread 0x00007f212c070800 DEOPT UNPACKING pc=0x00007f2129039445 sp=0x00007f212603b3a0 mode 2


Dynamic libraries:
00400000-00401000 r-xp 00000000 08:07 663942                             /home/elixandre/jdk1.7.0_80/bin/java
00600000-00601000 rw-p 00000000 08:07 663942                             /home/elixandre/jdk1.7.0_80/bin/java
01efd000-01f1e000 rw-p 00000000 00:00 0                                  [heap]
bfa00000-c0f00000 rw-p 00000000 00:00 0 
c0f00000-c4c00000 rw-p 00000000 00:00 0 
c4c00000-c7380000 rw-p 00000000 00:00 0 
c7380000-ec400000 rw-p 00000000 00:00 0 
ec400000-ed800000 rw-p 00000000 00:00 0 
ed800000-100000000 rw-p 00000000 00:00 0 
7f20cc000000-7f20cc26b000 rw-p 00000000 00:00 0 
7f20cc26b000-7f20d0000000 ---p 00000000 00:00 0 
7f20d0000000-7f20d024f000 rw-p 00000000 00:00 0 
7f20d024f000-7f20d4000000 ---p 00000000 00:00 0 
7f20d4000000-7f20d4296000 rw-p 00000000 00:00 0 
7f20d4296000-7f20d8000000 ---p 00000000 00:00 0 
7f20d8000000-7f20d8228000 rw-p 00000000 00:00 0 
7f20d8228000-7f20dc000000 ---p 00000000 00:00 0 
7f20dc000000-7f20dc28d000 rw-p 00000000 00:00 0 
7f20dc28d000-7f20e0000000 ---p 00000000 00:00 0 
7f20e0000000-7f20e0261000 rw-p 00000000 00:00 0 
7f20e0261000-7f20e4000000 ---p 00000000 00:00 0 
7f20e4000000-7f20e4232000 rw-p 00000000 00:00 0 
7f20e4232000-7f20e8000000 ---p 00000000 00:00 0 
7f20eb7ff000-7f20eb802000 ---p 00000000 00:00 0 
7f20eb802000-7f20ec000000 rw-p 00000000 00:00 0 
7f20ec000000-7f20ec2a4000 rw-p 00000000 00:00 0 
7f20ec2a4000-7f20f0000000 ---p 00000000 00:00 0 
7f20f0000000-7f20f0021000 rw-p 00000000 00:00 0 
7f20f0021000-7f20f4000000 ---p 00000000 00:00 0 
7f20f45e0000-7f20f45e3000 ---p 00000000 00:00 0 
7f20f45e3000-7f20f4de1000 rw-p 00000000 00:00 0 
7f20f4de1000-7f20f4de4000 ---p 00000000 00:00 0 
7f20f4de4000-7f20f55e2000 rw-p 00000000 00:00 0 
7f20f55e2000-7f20f55e5000 ---p 00000000 00:00 0 
7f20f55e5000-7f20f5de3000 rw-p 00000000 00:00 0 
7f20f5de3000-7f20f5de6000 ---p 00000000 00:00 0 
7f20f5de6000-7f20f65e4000 rw-p 00000000 00:00 0 
7f20f65e4000-7f20f65e7000 ---p 00000000 00:00 0 
7f20f65e7000-7f20f6de5000 rw-p 00000000 00:00 0 
7f20f6de5000-7f20f6de8000 ---p 00000000 00:00 0 
7f20f6de8000-7f20f75e6000 rw-p 00000000 00:00 0 
7f20f75e6000-7f20f75e9000 ---p 00000000 00:00 0 
7f20f75e9000-7f20f7de7000 rw-p 00000000 00:00 0 
7f20f7de7000-7f20f7dff000 r-xp 00000000 08:07 813463                     /tmp/simgrid-java1717183475087078643/libsimgrid-java.so
7f20f7dff000-7f20f7fff000 ---p 00018000 08:07 813463                     /tmp/simgrid-java1717183475087078643/libsimgrid-java.so
7f20f7fff000-7f20f8000000 rw-p 00018000 08:07 813463                     /tmp/simgrid-java1717183475087078643/libsimgrid-java.so
7f20f8000000-7f20f8455000 rw-p 00000000 00:00 0 
7f20f8455000-7f20fc000000 ---p 00000000 00:00 0 
7f20fc000000-7f20fc021000 rw-p 00000000 00:00 0 
7f20fc021000-7f2100000000 ---p 00000000 00:00 0 
7f2100000000-7f2100021000 rw-p 00000000 00:00 0 
7f2100021000-7f2104000000 ---p 00000000 00:00 0 
7f2104000000-7f21048c5000 rw-p 00000000 00:00 0 
7f21048c5000-7f2108000000 ---p 00000000 00:00 0 
7f2108000000-7f2108021000 rw-p 00000000 00:00 0 
7f2108021000-7f210c000000 ---p 00000000 00:00 0 
7f210c000000-7f210c021000 rw-p 00000000 00:00 0 
7f210c021000-7f2110000000 ---p 00000000 00:00 0 
7f2110000000-7f2110021000 rw-p 00000000 00:00 0 
7f2110021000-7f2114000000 ---p 00000000 00:00 0 
7f2114000000-7f2114021000 rw-p 00000000 00:00 0 
7f2114021000-7f2118000000 ---p 00000000 00:00 0 
7f2118000000-7f2118021000 rw-p 00000000 00:00 0 
7f2118021000-7f211c000000 ---p 00000000 00:00 0 
7f211c000000-7f211c021000 rw-p 00000000 00:00 0 
7f211c021000-7f2120000000 ---p 00000000 00:00 0 
7f2120000000-7f2120021000 rw-p 00000000 00:00 0 
7f2120021000-7f2124000000 ---p 00000000 00:00 0 
7f2124171000-7f2124187000 r-xp 00000000 08:07 528568                     /lib/x86_64-linux-gnu/libgcc_s.so.1
7f2124187000-7f2124386000 ---p 00016000 08:07 528568                     /lib/x86_64-linux-gnu/libgcc_s.so.1
7f2124386000-7f2124387000 r--p 00015000 08:07 528568                     /lib/x86_64-linux-gnu/libgcc_s.so.1
7f2124387000-7f2124388000 rw-p 00016000 08:07 528568                     /lib/x86_64-linux-gnu/libgcc_s.so.1
7f2124388000-7f21244fb000 r-xp 00000000 08:07 1059329                    /usr/lib/x86_64-linux-gnu/libstdc++.so.6.0.21
7f21244fb000-7f21246fa000 ---p 00173000 08:07 1059329                    /usr/lib/x86_64-linux-gnu/libstdc++.so.6.0.21
7f21246fa000-7f2124704000 r--p 00172000 08:07 1059329                    /usr/lib/x86_64-linux-gnu/libstdc++.so.6.0.21
7f2124704000-7f2124706000 rw-p 0017c000 08:07 1059329                    /usr/lib/x86_64-linux-gnu/libstdc++.so.6.0.21
7f2124706000-7f212470a000 rw-p 00000000 00:00 0 
7f2124723000-7f21249e8000 r-xp 00000000 08:07 813462                     /tmp/simgrid-java1717183475087078643/libsimgrid.so
7f21249e8000-7f2124be8000 ---p 002c5000 08:07 813462                     /tmp/simgrid-java1717183475087078643/libsimgrid.so
7f2124be8000-7f2124c23000 rw-p 002c5000 08:07 813462                     /tmp/simgrid-java1717183475087078643/libsimgrid.so
7f2124c23000-7f2124f2c000 rw-p 00000000 00:00 0 
7f2124f2c000-7f2124f43000 r-xp 00000000 08:07 663689                     /home/elixandre/jdk1.7.0_80/jre/lib/amd64/libnet.so
7f2124f43000-7f2125142000 ---p 00017000 08:07 663689                     /home/elixandre/jdk1.7.0_80/jre/lib/amd64/libnet.so
7f2125142000-7f2125143000 rw-p 00016000 08:07 663689                     /home/elixandre/jdk1.7.0_80/jre/lib/amd64/libnet.so
7f2125143000-7f2125153000 r-xp 00000000 08:07 663688                     /home/elixandre/jdk1.7.0_80/jre/lib/amd64/libnio.so
7f2125153000-7f2125353000 ---p 00010000 08:07 663688                     /home/elixandre/jdk1.7.0_80/jre/lib/amd64/libnio.so
7f2125353000-7f2125354000 rw-p 00010000 08:07 663688                     /home/elixandre/jdk1.7.0_80/jre/lib/amd64/libnio.so
7f2125354000-7f2125355000 ---p 00000000 00:00 0 
7f2125355000-7f2125455000 rw-p 00000000 00:00 0 
7f2125455000-7f2125458000 ---p 00000000 00:00 0 
7f2125458000-7f2125556000 rw-p 00000000 00:00 0 
7f2125556000-7f2125559000 ---p 00000000 00:00 0 
7f2125559000-7f2125657000 rw-p 00000000 00:00 0 
7f2125657000-7f212565a000 ---p 00000000 00:00 0 
7f212565a000-7f2125758000 rw-p 00000000 00:00 0 
7f2125758000-7f212575b000 ---p 00000000 00:00 0 
7f212575b000-7f2125859000 rw-p 00000000 00:00 0 
7f2125859000-7f2125f3c000 r--p 00000000 08:07 1055607                    /usr/lib/locale/locale-archive
7f2125f3c000-7f2125f3f000 ---p 00000000 00:00 0 
7f2125f3f000-7f212603d000 rw-p 00000000 00:00 0 
7f212603d000-7f2126040000 ---p 00000000 00:00 0 
7f2126040000-7f212613e000 rw-p 00000000 00:00 0 
7f212613e000-7f212613f000 ---p 00000000 00:00 0 
7f212613f000-7f2129000000 rw-p 00000000 00:00 0 
7f2129000000-7f2129270000 rwxp 00000000 00:00 0 
7f2129270000-7f212c413000 rw-p 00000000 00:00 0 
7f212c413000-7f2130000000 ---p 00000000 00:00 0 
7f2130016000-7f2130284000 rw-p 00000000 00:00 0 
7f2130284000-7f2130444000 r--s 039fb000 08:07 663892                     /home/elixandre/jdk1.7.0_80/jre/lib/rt.jar
7f2130444000-7f2130740000 rw-p 00000000 00:00 0 
7f2130740000-7f2130741000 ---p 00000000 00:00 0 
7f2130741000-7f2130841000 rw-p 00000000 00:00 0 
7f2130841000-7f2130842000 ---p 00000000 00:00 0 
7f2130842000-7f2130942000 rw-p 00000000 00:00 0 
7f2130942000-7f2130943000 ---p 00000000 00:00 0 
7f2130943000-7f2130a43000 rw-p 00000000 00:00 0 
7f2130a43000-7f2130a44000 ---p 00000000 00:00 0 
7f2130a44000-7f2130b4f000 rw-p 00000000 00:00 0 
7f2130b4f000-7f2130b6d000 rw-p 00000000 00:00 0 
7f2130b6d000-7f2130b81000 rw-p 00000000 00:00 0 
7f2130b81000-7f2130ca9000 rw-p 00000000 00:00 0 
7f2130ca9000-7f2130cb4000 rw-p 00000000 00:00 0 
7f2130cb4000-7f2130cd2000 rw-p 00000000 00:00 0 
7f2130cd2000-7f2130ce6000 rw-p 00000000 00:00 0 
7f2130ce6000-7f2130e0e000 rw-p 00000000 00:00 0 
7f2130e0e000-7f2130e18000 rw-p 00000000 00:00 0 
7f2130e18000-7f2130eac000 rw-p 00000000 00:00 0 
7f2130eac000-7f2130ead000 rw-p 00000000 00:00 0 
7f2130ead000-7f2130ec4000 r-xp 00000000 08:07 663687                     /home/elixandre/jdk1.7.0_80/jre/lib/amd64/libzip.so
7f2130ec4000-7f21310c4000 ---p 00017000 08:07 663687                     /home/elixandre/jdk1.7.0_80/jre/lib/amd64/libzip.so
7f21310c4000-7f21310c5000 rw-p 00017000 08:07 663687                     /home/elixandre/jdk1.7.0_80/jre/lib/amd64/libzip.so
7f21310c5000-7f21310cf000 r-xp 00000000 08:07 529521                     /lib/x86_64-linux-gnu/libnss_files-2.21.so
7f21310cf000-7f21312cf000 ---p 0000a000 08:07 529521                     /lib/x86_64-linux-gnu/libnss_files-2.21.so
7f21312cf000-7f21312d0000 r--p 0000a000 08:07 529521                     /lib/x86_64-linux-gnu/libnss_files-2.21.so
7f21312d0000-7f21312d1000 rw-p 0000b000 08:07 529521                     /lib/x86_64-linux-gnu/libnss_files-2.21.so
7f21312d1000-7f21312dc000 r-xp 00000000 08:07 529535                     /lib/x86_64-linux-gnu/libnss_nis-2.21.so
7f21312dc000-7f21314db000 ---p 0000b000 08:07 529535                     /lib/x86_64-linux-gnu/libnss_nis-2.21.so
7f21314db000-7f21314dc000 r--p 0000a000 08:07 529535                     /lib/x86_64-linux-gnu/libnss_nis-2.21.so
7f21314dc000-7f21314dd000 rw-p 0000b000 08:07 529535                     /lib/x86_64-linux-gnu/libnss_nis-2.21.so
7f21314dd000-7f21314f4000 r-xp 00000000 08:07 529538                     /lib/x86_64-linux-gnu/libnsl-2.21.so
7f21314f4000-7f21316f3000 ---p 00017000 08:07 529538                     /lib/x86_64-linux-gnu/libnsl-2.21.so
7f21316f3000-7f21316f4000 r--p 00016000 08:07 529538                     /lib/x86_64-linux-gnu/libnsl-2.21.so
7f21316f4000-7f21316f5000 rw-p 00017000 08:07 529538                     /lib/x86_64-linux-gnu/libnsl-2.21.so
7f21316f5000-7f21316f7000 rw-p 00000000 00:00 0 
7f21316f7000-7f21316ff000 r-xp 00000000 08:07 529523                     /lib/x86_64-linux-gnu/libnss_compat-2.21.so
7f21316ff000-7f21318fe000 ---p 00008000 08:07 529523                     /lib/x86_64-linux-gnu/libnss_compat-2.21.so
7f21318fe000-7f21318ff000 r--p 00007000 08:07 529523                     /lib/x86_64-linux-gnu/libnss_compat-2.21.so
7f21318ff000-7f2131900000 rw-p 00008000 08:07 529523                     /lib/x86_64-linux-gnu/libnss_compat-2.21.so
7f2131900000-7f2131929000 r-xp 00000000 08:07 663623                     /home/elixandre/jdk1.7.0_80/jre/lib/amd64/libjava.so
7f2131929000-7f2131b29000 ---p 00029000 08:07 663623                     /home/elixandre/jdk1.7.0_80/jre/lib/amd64/libjava.so
7f2131b29000-7f2131b2b000 rw-p 00029000 08:07 663623                     /home/elixandre/jdk1.7.0_80/jre/lib/amd64/libjava.so
7f2131b2b000-7f2131b38000 r-xp 00000000 08:07 663501                     /home/elixandre/jdk1.7.0_80/jre/lib/amd64/libverify.so
7f2131b38000-7f2131d37000 ---p 0000d000 08:07 663501                     /home/elixandre/jdk1.7.0_80/jre/lib/amd64/libverify.so
7f2131d37000-7f2131d39000 rw-p 0000c000 08:07 663501                     /home/elixandre/jdk1.7.0_80/jre/lib/amd64/libverify.so
7f2131d39000-7f2131d40000 r-xp 00000000 08:07 529522                     /lib/x86_64-linux-gnu/librt-2.21.so
7f2131d40000-7f2131f3f000 ---p 00007000 08:07 529522                     /lib/x86_64-linux-gnu/librt-2.21.so
7f2131f3f000-7f2131f40000 r--p 00006000 08:07 529522                     /lib/x86_64-linux-gnu/librt-2.21.so
7f2131f40000-7f2131f41000 rw-p 00007000 08:07 529522                     /lib/x86_64-linux-gnu/librt-2.21.so
7f2131f41000-7f2132048000 r-xp 00000000 08:07 529524                     /lib/x86_64-linux-gnu/libm-2.21.so
7f2132048000-7f2132247000 ---p 00107000 08:07 529524                     /lib/x86_64-linux-gnu/libm-2.21.so
7f2132247000-7f2132248000 r--p 00106000 08:07 529524                     /lib/x86_64-linux-gnu/libm-2.21.so
7f2132248000-7f2132249000 rw-p 00107000 08:07 529524                     /lib/x86_64-linux-gnu/libm-2.21.so
7f2132249000-7f2132dbf000 r-xp 00000000 08:07 663273                     /home/elixandre/jdk1.7.0_80/jre/lib/amd64/server/libjvm.so
7f2132dbf000-7f2132fbe000 ---p 00b76000 08:07 663273                     /home/elixandre/jdk1.7.0_80/jre/lib/amd64/server/libjvm.so
7f2132fbe000-7f2133082000 rw-p 00b75000 08:07 663273                     /home/elixandre/jdk1.7.0_80/jre/lib/amd64/server/libjvm.so
7f2133082000-7f21330c3000 rw-p 00000000 00:00 0 
7f21330c3000-7f2133283000 r-xp 00000000 08:07 529541                     /lib/x86_64-linux-gnu/libc-2.21.so
7f2133283000-7f2133483000 ---p 001c0000 08:07 529541                     /lib/x86_64-linux-gnu/libc-2.21.so
7f2133483000-7f2133487000 r--p 001c0000 08:07 529541                     /lib/x86_64-linux-gnu/libc-2.21.so
7f2133487000-7f2133489000 rw-p 001c4000 08:07 529541                     /lib/x86_64-linux-gnu/libc-2.21.so
7f2133489000-7f213348d000 rw-p 00000000 00:00 0 
7f213348d000-7f2133490000 r-xp 00000000 08:07 529528                     /lib/x86_64-linux-gnu/libdl-2.21.so
7f2133490000-7f213368f000 ---p 00003000 08:07 529528                     /lib/x86_64-linux-gnu/libdl-2.21.so
7f213368f000-7f2133690000 r--p 00002000 08:07 529528                     /lib/x86_64-linux-gnu/libdl-2.21.so
7f2133690000-7f2133691000 rw-p 00003000 08:07 529528                     /lib/x86_64-linux-gnu/libdl-2.21.so
7f2133691000-7f21336a6000 r-xp 00000000 08:07 663695                     /home/elixandre/jdk1.7.0_80/lib/amd64/jli/libjli.so
7f21336a6000-7f21338a5000 ---p 00015000 08:07 663695                     /home/elixandre/jdk1.7.0_80/lib/amd64/jli/libjli.so
7f21338a5000-7f21338a6000 rw-p 00014000 08:07 663695                     /home/elixandre/jdk1.7.0_80/lib/amd64/jli/libjli.so
7f21338a6000-7f21338be000 r-xp 00000000 08:07 529525                     /lib/x86_64-linux-gnu/libpthread-2.21.so
7f21338be000-7f2133abe000 ---p 00018000 08:07 529525                     /lib/x86_64-linux-gnu/libpthread-2.21.so
7f2133abe000-7f2133abf000 r--p 00018000 08:07 529525                     /lib/x86_64-linux-gnu/libpthread-2.21.so
7f2133abf000-7f2133ac0000 rw-p 00019000 08:07 529525                     /lib/x86_64-linux-gnu/libpthread-2.21.so
7f2133ac0000-7f2133ac4000 rw-p 00000000 00:00 0 
7f2133ac4000-7f2133ae8000 r-xp 00000000 08:07 529539                     /lib/x86_64-linux-gnu/ld-2.21.so
7f2133af2000-7f2133b11000 rw-p 00000000 00:00 0 
7f2133b11000-7f2133bc7000 rw-p 00000000 00:00 0 
7f2133bc7000-7f2133bca000 ---p 00000000 00:00 0 
7f2133bca000-7f2133ccc000 rw-p 00000000 00:00 0 
7f2133cd3000-7f2133cd4000 rw-p 00000000 00:00 0 
7f2133cd4000-7f2133cd8000 r--s 0008b000 08:07 663627                     /home/elixandre/jdk1.7.0_80/jre/lib/jsse.jar
7f2133cd8000-7f2133cdb000 r--s 00f76000 08:07 542783                     /home/elixandre/Downloads/simgrid.jar
7f2133cdb000-7f2133ce3000 rw-s 00000000 08:07 544733                     /tmp/hsperfdata_elixandre/4370
7f2133ce3000-7f2133ce4000 rw-p 00000000 00:00 0 
7f2133ce4000-7f2133ce5000 r--p 00000000 00:00 0 
7f2133ce5000-7f2133ce7000 rw-p 00000000 00:00 0 
7f2133ce7000-7f2133ce8000 r--p 00023000 08:07 529539                     /lib/x86_64-linux-gnu/ld-2.21.so
7f2133ce8000-7f2133ce9000 rw-p 00024000 08:07 529539                     /lib/x86_64-linux-gnu/ld-2.21.so
7f2133ce9000-7f2133cea000 rw-p 00000000 00:00 0 
7ffd9a9aa000-7ffd9a9cb000 rw-p 00000000 00:00 0                          [stack]
7ffd9a9ef000-7ffd9a9f1000 r--p 00000000 00:00 0                          [vvar]
7ffd9a9f1000-7ffd9a9f3000 r-xp 00000000 00:00 0                          [vdso]
ffffffffff600000-ffffffffff601000 r-xp 00000000 00:00 0                  [vsyscall]

VM Arguments:
jvm_args: -Dfile.encoding=UTF-8 
java_command: vcube.VCube platform.xml deployment.xml
Launcher Type: SUN_STANDARD

Environment Variables:
PATH=/usr/local/sbin:/usr/local/bin:/usr/sbin:/usr/bin:/sbin:/bin:/usr/games:/usr/local/games:/home/elixandre/.rvm/bin
LD_LIBRARY_PATH=/home/elixandre/jdk1.7.0_80/jre/lib/amd64:/home/elixandre/jdk1.7.0_80/jre/lib/i386:
SHELL=/bin/bash
DISPLAY=:0

Signal Handlers:
SIGSEGV: [libjvm.so+0x9a3b20], sa_mask[0]=0x7ffbfeff, sa_flags=0x10000004
SIGBUS: [libjvm.so+0x9a3b20], sa_mask[0]=0x7ffbfeff, sa_flags=0x10000004
SIGFPE: [libjvm.so+0x81e740], sa_mask[0]=0x7ffbfeff, sa_flags=0x10000004
SIGPIPE: [libjvm.so+0x81e740], sa_mask[0]=0x7ffbfeff, sa_flags=0x10000004
SIGXFSZ: [libjvm.so+0x81e740], sa_mask[0]=0x7ffbfeff, sa_flags=0x10000004
SIGILL: [libjvm.so+0x81e740], sa_mask[0]=0x7ffbfeff, sa_flags=0x10000004
SIGUSR1: SIG_DFL, sa_mask[0]=0x00000000, sa_flags=0x00000000
SIGUSR2: [libjvm.so+0x81ffb0], sa_mask[0]=0x00000004, sa_flags=0x10000004
SIGHUP: [libjvm.so+0x8210d0], sa_mask[0]=0x7ffbfeff, sa_flags=0x10000004
SIGINT: [libsimgrid.so+0x8ff50], sa_mask[0]=0x00000002, sa_flags=0x10000000
SIGTERM: [libjvm.so+0x8210d0], sa_mask[0]=0x7ffbfeff, sa_flags=0x10000004
SIGQUIT: [libjvm.so+0x8210d0], sa_mask[0]=0x7ffbfeff, sa_flags=0x10000004


---------------  S Y S T E M  ---------------

OS:jessie/sid

uname:Linux 4.2.0-42-generic #49-Ubuntu SMP Tue Jun 28 21:26:26 UTC 2016 x86_64
libc:glibc 2.21 NPTL 2.21 
rlimit: STACK 8192k, CORE 0k, NPROC 15009, NOFILE 65536, AS infinity
load average:0.94 0.42 0.33

/proc/meminfo:
MemTotal:        3879128 kB
MemFree:          604096 kB
MemAvailable:    1253948 kB
Buffers:          173056 kB
Cached:           874200 kB
SwapCached:            0 kB
Active:          2379732 kB
Inactive:         683240 kB
Active(anon):    1968468 kB
Inactive(anon):   315672 kB
Active(file):     411264 kB
Inactive(file):   367568 kB
Unevictable:          44 kB
Mlocked:              44 kB
SwapTotal:        975868 kB
SwapFree:         975868 kB
Dirty:             13276 kB
Writeback:             0 kB
AnonPages:       2017740 kB
Mapped:           379216 kB
Shmem:            268428 kB
Slab:             112944 kB
SReclaimable:      79912 kB
SUnreclaim:        33032 kB
KernelStack:        9600 kB
PageTables:        35732 kB
NFS_Unstable:          0 kB
Bounce:                0 kB
WritebackTmp:          0 kB
CommitLimit:     2915432 kB
Committed_AS:    6216112 kB
VmallocTotal:   34359738367 kB
VmallocUsed:      347680 kB
VmallocChunk:   34358947836 kB
HardwareCorrupted:     0 kB
AnonHugePages:    929792 kB
CmaTotal:              0 kB
CmaFree:               0 kB
HugePages_Total:       0
HugePages_Free:        0
HugePages_Rsvd:        0
HugePages_Surp:        0
Hugepagesize:       2048 kB
DirectMap4k:      109304 kB
DirectMap2M:     3917824 kB


CPU:total 4 (2 cores per cpu, 2 threads per core) family 6 model 58 stepping 9, cmov, cx8, fxsr, mmx, sse, sse2, sse3, ssse3, sse4.1, sse4.2, popcnt, avx, erms, ht, tsc, tscinvbit, tscinv

/proc/cpuinfo:
processor	: 0
vendor_id	: GenuineIntel
cpu family	: 6
model		: 58
model name	: Intel(R) Core(TM) i7-3517U CPU @ 1.90GHz
stepping	: 9
microcode	: 0x12
cpu MHz		: 2799.937
cache size	: 4096 KB
physical id	: 0
siblings	: 4
core id		: 0
cpu cores	: 2
apicid		: 0
initial apicid	: 0
fpu		: yes
fpu_exception	: yes
cpuid level	: 13
wp		: yes
flags		: fpu vme de pse tsc msr pae mce cx8 apic sep mtrr pge mca cmov pat pse36 clflush dts acpi mmx fxsr sse sse2 ss ht tm pbe syscall nx rdtscp lm constant_tsc arch_perfmon pebs bts rep_good nopl xtopology nonstop_tsc aperfmperf eagerfpu pni pclmulqdq dtes64 monitor ds_cpl vmx est tm2 ssse3 cx16 xtpr pdcm pcid sse4_1 sse4_2 x2apic popcnt tsc_deadline_timer xsave avx f16c rdrand lahf_lm ida arat epb pln pts dtherm tpr_shadow vnmi flexpriority ept vpid fsgsbase smep erms xsaveopt
bugs		:
bogomips	: 4789.62
clflush size	: 64
cache_alignment	: 64
address sizes	: 36 bits physical, 48 bits virtual
power management:

processor	: 1
vendor_id	: GenuineIntel
cpu family	: 6
model		: 58
model name	: Intel(R) Core(TM) i7-3517U CPU @ 1.90GHz
stepping	: 9
microcode	: 0x12
cpu MHz		: 2799.937
cache size	: 4096 KB
physical id	: 0
siblings	: 4
core id		: 0
cpu cores	: 2
apicid		: 1
initial apicid	: 1
fpu		: yes
fpu_exception	: yes
cpuid level	: 13
wp		: yes
flags		: fpu vme de pse tsc msr pae mce cx8 apic sep mtrr pge mca cmov pat pse36 clflush dts acpi mmx fxsr sse sse2 ss ht tm pbe syscall nx rdtscp lm constant_tsc arch_perfmon pebs bts rep_good nopl xtopology nonstop_tsc aperfmperf eagerfpu pni pclmulqdq dtes64 monitor ds_cpl vmx est tm2 ssse3 cx16 xtpr pdcm pcid sse4_1 sse4_2 x2apic popcnt tsc_deadline_timer xsave avx f16c rdrand lahf_lm ida arat epb pln pts dtherm tpr_shadow vnmi flexpriority ept vpid fsgsbase smep erms xsaveopt
bugs		:
bogomips	: 4789.62
clflush size	: 64
cache_alignment	: 64
address sizes	: 36 bits physical, 48 bits virtual
power management:

processor	: 2
vendor_id	: GenuineIntel
cpu family	: 6
model		: 58
model name	: Intel(R) Core(TM) i7-3517U CPU @ 1.90GHz
stepping	: 9
microcode	: 0x12
cpu MHz		: 2799.937
cache size	: 4096 KB
physical id	: 0
siblings	: 4
core id		: 1
cpu cores	: 2
apicid		: 2
initial apicid	: 2
fpu		: yes
fpu_exception	: yes
cpuid level	: 13
wp		: yes
flags		: fpu vme de pse tsc msr pae mce cx8 apic sep mtrr pge mca cmov pat pse36 clflush dts acpi mmx fxsr sse sse2 ss ht tm pbe syscall nx rdtscp lm constant_tsc arch_perfmon pebs bts rep_good nopl xtopology nonstop_tsc aperfmperf eagerfpu pni pclmulqdq dtes64 monitor ds_cpl vmx est tm2 ssse3 cx16 xtpr pdcm pcid sse4_1 sse4_2 x2apic popcnt tsc_deadline_timer xsave avx f16c rdrand lahf_lm ida arat epb pln pts dtherm tpr_shadow vnmi flexpriority ept vpid fsgsbase smep erms xsaveopt
bugs		:
bogomips	: 4789.62
clflush size	: 64
cache_alignment	: 64
address sizes	: 36 bits physical, 48 bits virtual
power management:

processor	: 3
vendor_id	: GenuineIntel
cpu family	: 6
model		: 58
model name	: Intel(R) Core(TM) i7-3517U CPU @ 1.90GHz
stepping	: 9
microcode	: 0x12
cpu MHz		: 2799.937
cache size	: 4096 KB
physical id	: 0
siblings	: 4
core id		: 1
cpu cores	: 2
apicid		: 3
initial apicid	: 3
fpu		: yes
fpu_exception	: yes
cpuid level	: 13
wp		: yes
flags		: fpu vme de pse tsc msr pae mce cx8 apic sep mtrr pge mca cmov pat pse36 clflush dts acpi mmx fxsr sse sse2 ss ht tm pbe syscall nx rdtscp lm constant_tsc arch_perfmon pebs bts rep_good nopl xtopology nonstop_tsc aperfmperf eagerfpu pni pclmulqdq dtes64 monitor ds_cpl vmx est tm2 ssse3 cx16 xtpr pdcm pcid sse4_1 sse4_2 x2apic popcnt tsc_deadline_timer xsave avx f16c rdrand lahf_lm ida arat epb pln pts dtherm tpr_shadow vnmi flexpriority ept vpid fsgsbase smep erms xsaveopt
bugs		:
bogomips	: 4789.62
clflush size	: 64
cache_alignment	: 64
address sizes	: 36 bits physical, 48 bits virtual
power management:



Memory: 4k page, physical 3879128k(604096k free), swap 975868k(975868k free)

vm_info: Java HotSpot(TM) 64-Bit Server VM (24.80-b11) for linux-amd64 JRE (1.7.0_80-b15), built on Apr 10 2015 19:53:14 by "java_re" with gcc 4.3.0 20080428 (Red Hat 4.3.0-8)

time: Tue May  2 16:46:03 2017
elapsed time: 1 seconds

