#
# A fatal error has been detected by the Java Runtime Environment:
#
#  SIGSEGV (0xb) at pc=0x00007f9315957263, pid=3795, tid=140270081009408
#
# JRE version: Java(TM) SE Runtime Environment (7.0_80-b15) (build 1.7.0_80-b15)
# Java VM: Java HotSpot(TM) 64-Bit Server VM (24.80-b11 mixed mode linux-amd64 compressed oops)
# Problematic frame:
# C  [libsimgrid.so+0x190263]  xbt_dynar_member+0x23
#
# Failed to write core dump. Core dumps have been disabled. To enable core dumping, try "ulimit -c unlimited" before starting Java again
#
# If you would like to submit a bug report, please visit:
#   http://bugreport.java.com/bugreport/crash.jsp
#

---------------  T H R E A D  ---------------

Current thread (0x00007f932806a000):  VMThread [stack: 0x00007f932c49e000,0x00007f932c59f000] [id=3804]

siginfo:si_signo=SIGSEGV: si_errno=0, si_code=1 (SEGV_MAPERR), si_addr=0x0000000000000000

Registers:
RAX=0x0000000000000000, RBX=0x00007f9315cc3700, RCX=0x00007f9328122c10, RDX=0x00007f932c59ea30
RSP=0x00007f932c59d590, RBP=0x00007f932811dd80, RSI=0x00007f932c59d738, RDI=0x00007f932c59d650
R8 =0x00007f9328114d90, R9 =0x0000000000000000, R10=0x0000000000000c58, R11=0x00007f9315957240
R12=0x00007f9315cce790, R13=0x00007f93280fddf0, R14=0x00000000000003d8, R15=0x00007f9328027e58
RIP=0x00007f9315957263, EFLAGS=0x0000000000010206, CSGSFS=0x0000000000000033, ERR=0x0000000000000004
  TRAPNO=0x000000000000000e

Top of Stack: (sp=0x00007f932c59d590)
0x00007f932c59d590:   00007f93280fc740 00007f932c59d5b0
0x00007f932c59d5a0:   00007f9328114e30 00007f932c59d738
0x00007f932c59d5b0:   00000000ffffffff 0000000000000008
0x00007f932c59d5c0:   00007f93157e0628 00007f93280fc740
0x00007f932c59d5d0:   00007f9328003b3f 00007f93280fcaa0
0x00007f932c59d5e0:   00007f932c59d730 0000000000000000
0x00007f932c59d5f0:   0000000000000005 0000000000000000
0x00007f932c59d600:   00007f932c59d758 00007f9330de8c11
0x00007f932c59d610:   0000000000000000 0000000000000000
0x00007f932c59d620:   0000000000000005 00007f9315c92de8
0x00007f932c59d630:   00007f9315cce790 00007f93280fddf0
0x00007f932c59d640:   00000000000003d8 00007f9328027e58
0x00007f932c59d650:   0000000000000000 00007f9330ded9ad
0x00007f932c59d660:   0000000000000005 0000000000000000
0x00007f932c59d670:   00007f93280fc740 00007f93157e0628
0x00007f932c59d680:   00007f9315cc3700 00007f932811dd80
0x00007f932c59d690:   00007f9315cce790 00007f9330df4f30
0x00007f932c59d6a0:   00007f93157d0308 00007f93280fc740
0x00007f932c59d6b0:   0000000000000aac 000000002f29f0f5
0x00007f932c59d6c0:   0000000000000000 00007f932806ac00
0x00007f932c59d6d0:   00007f932806ac00 00007f932c59d7a0
0x00007f932c59d6e0:   00007f9328122c10 00007f9328122c10
0x00007f932c59d6f0:   0000000000000001 00007f932c59d738
0x00007f932c59d700:   00007f9328114e30 00007f9328114d90
0x00007f932c59d710:   0000000000000000 00007f93280fc740
0x00007f932c59d720:   00007f9315cc3700 00007f931597434f
0x00007f932c59d730:   0000000000000000 00007f9328122c10
0x00007f932c59d740:   0000000000000005 0000000000000000
0x00007f932c59d750:   00007f9328027e58 00007f9315cc6a98
0x00007f932c59d760:   00007f9328116ff0 0000000000000001
0x00007f932c59d770:   00007f93280fddf0 00007f9315955d37
0x00007f932c59d780:   00007f93280fddf0 00007f9315cc6098 

Instructions: (pc=0x00007f9315957263)
0x00007f9315957243:   ec 90 01 00 00 48 8b 05 01 a2 33 00 48 89 7c 24
0x00007f9315957253:   10 48 89 74 24 18 ff 10 48 8d bc 24 c0 00 00 00
0x00007f9315957263:   48 8b 08 48 89 04 24 48 89 38 48 89 4c 24 08 e8
0x00007f9315957273:   79 31 ed ff 85 c0 74 75 48 8b 14 24 c7 42 08 01 

Register to memory mapping:

RAX=0x0000000000000000 is an unknown value
RBX=0x00007f9315cc3700: _simgrid_log_category__simix_process+0 in /tmp/simgrid-java5094750521612382368/libsimgrid.so at 0x00007f93157c7000
RCX=0x00007f9328122c10 is an unknown value
RDX=0x00007f932c59ea30 is an unknown value
RSP=0x00007f932c59d590 is an unknown value
RBP=0x00007f932811dd80 is an unknown value
RSI=0x00007f932c59d738 is an unknown value
RDI=0x00007f932c59d650 is an unknown value
R8 =0x00007f9328114d90 is an unknown value
R9 =0x0000000000000000 is an unknown value
R10=0x0000000000000c58 is an unknown value
R11=0x00007f9315957240: xbt_dynar_member+0 in /tmp/simgrid-java5094750521612382368/libsimgrid.so at 0x00007f93157c7000
R12=0x00007f9315cce790: simix_global+0 in /tmp/simgrid-java5094750521612382368/libsimgrid.so at 0x00007f93157c7000
R13=0x00007f93280fddf0 is an unknown value
R14=0x00000000000003d8 is an unknown value
R15=0x00007f9328027e58 is an unknown value


Stack: [0x00007f932c49e000,0x00007f932c59f000],  sp=0x00007f932c59d590,  free space=1021k
Native frames: (J=compiled Java code, j=interpreted, Vv=VM code, C=native code)
C  [libsimgrid.so+0x190263]  xbt_dynar_member+0x23

VM_Operation (0x00007f93241f0430): Exit, mode: safepoint, requested by thread 0x00007f9304001000


---------------  P R O C E S S  ---------------

Java Threads: ( => current thread )
  0x00007f9304001000 JavaThread "SIGTERM handler" daemon [_thread_blocked, id=3821, stack(0x00007f93240f1000,0x00007f93241f2000)]
  0x00007f92c8001000 JavaThread "Thread-8" [_thread_blocked, id=3812, stack(0x00007f9314814000,0x00007f9315015000)]
  0x00007f92d4001000 JavaThread "Thread-7" [_thread_in_native, id=3813, stack(0x00007f9314013000,0x00007f9314814000)]
  0x00007f92d0001000 JavaThread "Thread-6" [_thread_in_native, id=3815, stack(0x00007f92f6ffe000,0x00007f92f77ff000)]
  0x00007f92dc001000 JavaThread "Thread-5" [_thread_in_native, id=3814, stack(0x00007f92f77ff000,0x00007f92f8000000)]
  0x00007f92d8001000 JavaThread "Thread-4" [_thread_in_native, id=3819, stack(0x00007f92f4ffa000,0x00007f92f57fb000)]
  0x00007f92e4001000 JavaThread "Thread-3" [_thread_in_native, id=3818, stack(0x00007f92f57fb000,0x00007f92f5ffc000)]
  0x00007f92e0001000 JavaThread "Thread-2" [_thread_in_native, id=3817, stack(0x00007f92f5ffc000,0x00007f92f67fd000)]
  0x00007f92ec001000 JavaThread "Thread-1" [_thread_in_native, id=3816, stack(0x00007f92f67fd000,0x00007f92f6ffe000)]
  0x00007f9328099000 JavaThread "Service Thread" daemon [_thread_blocked, id=3810, stack(0x00007f932471b000,0x00007f932481c000)]
  0x00007f9328096800 JavaThread "C2 CompilerThread1" daemon [_thread_blocked, id=3809, stack(0x00007f932481c000,0x00007f932491d000)]
  0x00007f9328093800 JavaThread "C2 CompilerThread0" daemon [_thread_blocked, id=3808, stack(0x00007f932c09a000,0x00007f932c19b000)]
  0x00007f9328091800 JavaThread "Signal Dispatcher" daemon [_thread_blocked, id=3807, stack(0x00007f932c19b000,0x00007f932c29c000)]
  0x00007f9328070800 JavaThread "Finalizer" daemon [_thread_blocked, id=3806, stack(0x00007f932c29c000,0x00007f932c39d000)]
  0x00007f932806e000 JavaThread "Reference Handler" daemon [_thread_blocked, id=3805, stack(0x00007f932c39d000,0x00007f932c49e000)]
  0x00007f9328009800 JavaThread "main" [_thread_in_native, id=3797, stack(0x00007f9330ee1000,0x00007f9330fe2000)]

Other Threads:
=>0x00007f932806a000 VMThread [stack: 0x00007f932c49e000,0x00007f932c59f000] [id=3804]

VM state:at safepoint (shutting down)

VM Mutex/Monitor currently owned by a thread:  ([mutex/lock_event])
[0x00007f93280061b0] Threads_lock - owner thread: 0x00007f932806a000

Heap
 PSYoungGen      total 17920K, used 14441K [0x00000000ec400000, 0x00000000ed800000, 0x0000000100000000)
  eden space 15360K, 94% used [0x00000000ec400000,0x00000000ed21a738,0x00000000ed300000)
  from space 2560K, 0% used [0x00000000ed580000,0x00000000ed580000,0x00000000ed800000)
  to   space 2560K, 0% used [0x00000000ed300000,0x00000000ed300000,0x00000000ed580000)
 ParOldGen       total 40448K, used 0K [0x00000000c4c00000, 0x00000000c7380000, 0x00000000ec400000)
  object space 40448K, 0% used [0x00000000c4c00000,0x00000000c4c00000,0x00000000c7380000)
 PSPermGen       total 21504K, used 3911K [0x00000000bfa00000, 0x00000000c0f00000, 0x00000000c4c00000)
  object space 21504K, 18% used [0x00000000bfa00000,0x00000000bfdd1f88,0x00000000c0f00000)

Card table byte_map: [0x00007f932dfc3000,0x00007f932e1c7000] byte_map_base: 0x00007f932d9c6000

Polling page: 0x00007f9330ffe000

Code Cache  [0x00007f9325000000, 0x00007f9325270000, 0x00007f9328000000)
 total_blobs=252 nmethods=43 adapters=163 free_code_cache=48688Kb largest_free_block=49837952

Compilation events (10 events):
Event: 2.532 Thread 0x00007f9328093800   39             java.lang.CharacterDataLatin1::getProperties (11 bytes)
Event: 2.533 Thread 0x00007f9328093800 nmethod 39 0x00007f932506cb10 code [0x00007f932506cc40, 0x00007f932506ccb8]
Event: 3.085 Thread 0x00007f9328096800   40  s          java.lang.StringBuffer::append (10 bytes)
Event: 3.087 Thread 0x00007f9328096800 nmethod 40 0x00007f9325074c90 code [0x00007f9325074de0, 0x00007f9325075108]
Event: 3.088 Thread 0x00007f9328093800   41             vcube.Node::imprimirTimestemp (72 bytes)
Event: 3.088 Thread 0x00007f9328096800   42             vcube.Node::imprimirTimestempStatus (72 bytes)
Event: 3.097 Thread 0x00007f9328096800 nmethod 42 0x00007f93250742d0 code [0x00007f9325074460, 0x00007f93250749a8]
Event: 3.098 Thread 0x00007f9328093800 nmethod 41 0x00007f9325076310 code [0x00007f93250764a0, 0x00007f93250769e8]
Event: 3.256 Thread 0x00007f9328096800   43             java.lang.String::indexOf (7 bytes)
Event: 3.259 Thread 0x00007f9328096800 nmethod 43 0x00007f9325076c10 code [0x00007f9325076d60, 0x00007f9325076eb8]

GC Heap History (0 events):
No events

Deoptimization events (1 events):
Event: 0.106 Thread 0x00007f9328009800 Uncommon trap: reason=unstable_if action=reinterpret pc=0x00007f932506247c method=java.util.Properties$LineReader.readLine()I @ 369

Internal exceptions (10 events):
Event: 3.292 Thread 0x00007f92e0001000 Threw 0x00000000ed02cef8 at /HUDSON/workspace/7u-2-build-linux-amd64/jdk7u80/2329/hotspot/src/share/vm/prims/jni.cpp:743
Event: 3.294 Thread 0x00007f92d0001000 Threw 0x00000000ed07af68 at /HUDSON/workspace/7u-2-build-linux-amd64/jdk7u80/2329/hotspot/src/share/vm/prims/jni.cpp:743
Event: 3.294 Thread 0x00007f92c8001000 Threw 0x00000000ed0fcf40 at /HUDSON/workspace/7u-2-build-linux-amd64/jdk7u80/2329/hotspot/src/share/vm/prims/jni.cpp:743
Event: 3.295 Thread 0x00007f92e4001000 Threw 0x00000000ed0c82c8 at /HUDSON/workspace/7u-2-build-linux-amd64/jdk7u80/2329/hotspot/src/share/vm/prims/jni.cpp:743
Event: 3.295 Thread 0x00007f92e0001000 Threw 0x00000000ed02e928 at /HUDSON/workspace/7u-2-build-linux-amd64/jdk7u80/2329/hotspot/src/share/vm/prims/jni.cpp:743
Event: 3.296 Thread 0x00007f92d0001000 Threw 0x00000000ed07c998 at /HUDSON/workspace/7u-2-build-linux-amd64/jdk7u80/2329/hotspot/src/share/vm/prims/jni.cpp:743
Event: 3.298 Thread 0x00007f92c8001000 Threw 0x00000000ed0fe970 at /HUDSON/workspace/7u-2-build-linux-amd64/jdk7u80/2329/hotspot/src/share/vm/prims/jni.cpp:743
Event: 3.299 Thread 0x00007f92e4001000 Threw 0x00000000ed0c9cf8 at /HUDSON/workspace/7u-2-build-linux-amd64/jdk7u80/2329/hotspot/src/share/vm/prims/jni.cpp:743
Event: 3.299 Thread 0x00007f92e0001000 Threw 0x00000000ed030358 at /HUDSON/workspace/7u-2-build-linux-amd64/jdk7u80/2329/hotspot/src/share/vm/prims/jni.cpp:743
Event: 3.308 Thread 0x00007f92d0001000 Threw 0x00000000ed07e3c8 at /HUDSON/workspace/7u-2-build-linux-amd64/jdk7u80/2329/hotspot/src/share/vm/prims/jni.cpp:743

Events (10 events):
Event: 3.305 Thread 0x00007f9304001000 Thread added: 0x00007f9304001000
Event: 3.305 loading class 0x00007f92f8061430
Event: 3.306 loading class 0x00007f92f8061430 done
Event: 3.306 loading class 0x00007f92f8061400
Event: 3.306 loading class 0x00007f92f80613c0
Event: 3.306 loading class 0x00007f92f80613c0 done
Event: 3.306 loading class 0x00007f92f8061400 done
Event: 3.311 Thread 0x00007f92cc001000 Thread added: 0x00007f92cc001000
Event: 3.319 Thread 0x00007f92cc001000 Thread exited: 0x00007f92cc001000
Event: 3.320 Executing VM operation: Exit


Dynamic libraries:
00400000-00401000 r-xp 00000000 08:07 663942                             /home/elixandre/jdk1.7.0_80/bin/java
00600000-00601000 rw-p 00000000 08:07 663942                             /home/elixandre/jdk1.7.0_80/bin/java
0102c000-0104d000 rw-p 00000000 00:00 0                                  [heap]
bfa00000-c0f00000 rw-p 00000000 00:00 0 
c0f00000-c4c00000 rw-p 00000000 00:00 0 
c4c00000-c7380000 rw-p 00000000 00:00 0 
c7380000-ec400000 rw-p 00000000 00:00 0 
ec400000-ed800000 rw-p 00000000 00:00 0 
ed800000-100000000 rw-p 00000000 00:00 0 
7f92c0000000-7f92c0021000 rw-p 00000000 00:00 0 
7f92c0021000-7f92c4000000 ---p 00000000 00:00 0 
7f92c8000000-7f92c816a000 rw-p 00000000 00:00 0 
7f92c816a000-7f92cc000000 ---p 00000000 00:00 0 
7f92cc000000-7f92cc021000 rw-p 00000000 00:00 0 
7f92cc021000-7f92d0000000 ---p 00000000 00:00 0 
7f92d0000000-7f92d0155000 rw-p 00000000 00:00 0 
7f92d0155000-7f92d4000000 ---p 00000000 00:00 0 
7f92d4000000-7f92d4150000 rw-p 00000000 00:00 0 
7f92d4150000-7f92d8000000 ---p 00000000 00:00 0 
7f92d8000000-7f92d8152000 rw-p 00000000 00:00 0 
7f92d8152000-7f92dc000000 ---p 00000000 00:00 0 
7f92dc000000-7f92dc151000 rw-p 00000000 00:00 0 
7f92dc151000-7f92e0000000 ---p 00000000 00:00 0 
7f92e0000000-7f92e0153000 rw-p 00000000 00:00 0 
7f92e0153000-7f92e4000000 ---p 00000000 00:00 0 
7f92e4000000-7f92e4155000 rw-p 00000000 00:00 0 
7f92e4155000-7f92e8000000 ---p 00000000 00:00 0 
7f92e8000000-7f92e8021000 rw-p 00000000 00:00 0 
7f92e8021000-7f92ec000000 ---p 00000000 00:00 0 
7f92ec000000-7f92ec154000 rw-p 00000000 00:00 0 
7f92ec154000-7f92f0000000 ---p 00000000 00:00 0 
7f92f0000000-7f92f0021000 rw-p 00000000 00:00 0 
7f92f0021000-7f92f4000000 ---p 00000000 00:00 0 
7f92f4ef9000-7f92f4efc000 ---p 00000000 00:00 0 
7f92f4efc000-7f92f4ffa000 rw-p 00000000 00:00 0 
7f92f4ffa000-7f92f4ffd000 ---p 00000000 00:00 0 
7f92f4ffd000-7f92f57fb000 rw-p 00000000 00:00 0 
7f92f57fb000-7f92f57fe000 ---p 00000000 00:00 0 
7f92f57fe000-7f92f5ffc000 rw-p 00000000 00:00 0 
7f92f5ffc000-7f92f5fff000 ---p 00000000 00:00 0 
7f92f5fff000-7f92f67fd000 rw-p 00000000 00:00 0 
7f92f67fd000-7f92f6800000 ---p 00000000 00:00 0 
7f92f6800000-7f92f6ffe000 rw-p 00000000 00:00 0 
7f92f6ffe000-7f92f7001000 ---p 00000000 00:00 0 
7f92f7001000-7f92f77ff000 rw-p 00000000 00:00 0 
7f92f77ff000-7f92f7802000 ---p 00000000 00:00 0 
7f92f7802000-7f92f8000000 rw-p 00000000 00:00 0 
7f92f8000000-7f92f81cc000 rw-p 00000000 00:00 0 
7f92f81cc000-7f92fc000000 ---p 00000000 00:00 0 
7f92fc000000-7f92fc22c000 rw-p 00000000 00:00 0 
7f92fc22c000-7f9300000000 ---p 00000000 00:00 0 
7f9300000000-7f9300021000 rw-p 00000000 00:00 0 
7f9300021000-7f9304000000 ---p 00000000 00:00 0 
7f9304000000-7f9304021000 rw-p 00000000 00:00 0 
7f9304021000-7f9308000000 ---p 00000000 00:00 0 
7f9308000000-7f9308021000 rw-p 00000000 00:00 0 
7f9308021000-7f930c000000 ---p 00000000 00:00 0 
7f930c000000-7f930c021000 rw-p 00000000 00:00 0 
7f930c021000-7f9310000000 ---p 00000000 00:00 0 
7f9310000000-7f9310021000 rw-p 00000000 00:00 0 
7f9310021000-7f9314000000 ---p 00000000 00:00 0 
7f9314013000-7f9314016000 ---p 00000000 00:00 0 
7f9314016000-7f9314814000 rw-p 00000000 00:00 0 
7f9314814000-7f9314817000 ---p 00000000 00:00 0 
7f9314817000-7f9315015000 rw-p 00000000 00:00 0 
7f9315015000-7f931502d000 r-xp 00000000 08:07 544843                     /tmp/simgrid-java5094750521612382368/libsimgrid-java.so (deleted)
7f931502d000-7f931522d000 ---p 00018000 08:07 544843                     /tmp/simgrid-java5094750521612382368/libsimgrid-java.so (deleted)
7f931522d000-7f931522e000 rw-p 00018000 08:07 544843                     /tmp/simgrid-java5094750521612382368/libsimgrid-java.so (deleted)
7f931522e000-7f9315244000 r-xp 00000000 08:07 528568                     /lib/x86_64-linux-gnu/libgcc_s.so.1
7f9315244000-7f9315443000 ---p 00016000 08:07 528568                     /lib/x86_64-linux-gnu/libgcc_s.so.1
7f9315443000-7f9315444000 r--p 00015000 08:07 528568                     /lib/x86_64-linux-gnu/libgcc_s.so.1
7f9315444000-7f9315445000 rw-p 00016000 08:07 528568                     /lib/x86_64-linux-gnu/libgcc_s.so.1
7f9315445000-7f93155b8000 r-xp 00000000 08:07 1059329                    /usr/lib/x86_64-linux-gnu/libstdc++.so.6.0.21
7f93155b8000-7f93157b7000 ---p 00173000 08:07 1059329                    /usr/lib/x86_64-linux-gnu/libstdc++.so.6.0.21
7f93157b7000-7f93157c1000 r--p 00172000 08:07 1059329                    /usr/lib/x86_64-linux-gnu/libstdc++.so.6.0.21
7f93157c1000-7f93157c3000 rw-p 0017c000 08:07 1059329                    /usr/lib/x86_64-linux-gnu/libstdc++.so.6.0.21
7f93157c3000-7f93157c7000 rw-p 00000000 00:00 0 
7f93157c7000-7f9315a8c000 r-xp 00000000 08:07 544841                     /tmp/simgrid-java5094750521612382368/libsimgrid.so (deleted)
7f9315a8c000-7f9315c8c000 ---p 002c5000 08:07 544841                     /tmp/simgrid-java5094750521612382368/libsimgrid.so (deleted)
7f9315c8c000-7f9315cc7000 rw-p 002c5000 08:07 544841                     /tmp/simgrid-java5094750521612382368/libsimgrid.so (deleted)
7f9315cc7000-7f9318000000 rw-p 00000000 00:00 0 
7f9318000000-7f9318021000 rw-p 00000000 00:00 0 
7f9318021000-7f931c000000 ---p 00000000 00:00 0 
7f931c000000-7f931c021000 rw-p 00000000 00:00 0 
7f931c021000-7f9320000000 ---p 00000000 00:00 0 
7f9320000000-7f9320021000 rw-p 00000000 00:00 0 
7f9320021000-7f9324000000 ---p 00000000 00:00 0 
7f93240f1000-7f93240f4000 ---p 00000000 00:00 0 
7f93240f4000-7f93241f2000 rw-p 00000000 00:00 0 
7f93241f2000-7f9324209000 r-xp 00000000 08:07 663689                     /home/elixandre/jdk1.7.0_80/jre/lib/amd64/libnet.so
7f9324209000-7f9324408000 ---p 00017000 08:07 663689                     /home/elixandre/jdk1.7.0_80/jre/lib/amd64/libnet.so
7f9324408000-7f9324409000 rw-p 00016000 08:07 663689                     /home/elixandre/jdk1.7.0_80/jre/lib/amd64/libnet.so
7f9324409000-7f9324419000 r-xp 00000000 08:07 663688                     /home/elixandre/jdk1.7.0_80/jre/lib/amd64/libnio.so
7f9324419000-7f9324619000 ---p 00010000 08:07 663688                     /home/elixandre/jdk1.7.0_80/jre/lib/amd64/libnio.so
7f9324619000-7f932461a000 rw-p 00010000 08:07 663688                     /home/elixandre/jdk1.7.0_80/jre/lib/amd64/libnio.so
7f932461a000-7f932461b000 ---p 00000000 00:00 0 
7f932461b000-7f932471b000 rw-p 00000000 00:00 0 
7f932471b000-7f932471e000 ---p 00000000 00:00 0 
7f932471e000-7f932481c000 rw-p 00000000 00:00 0 
7f932481c000-7f932481f000 ---p 00000000 00:00 0 
7f932481f000-7f932491d000 rw-p 00000000 00:00 0 
7f932491d000-7f9325000000 r--p 00000000 08:07 1055607                    /usr/lib/locale/locale-archive
7f9325000000-7f9325270000 rwxp 00000000 00:00 0 
7f9325270000-7f93283d4000 rw-p 00000000 00:00 0 
7f93283d4000-7f932c000000 ---p 00000000 00:00 0 
7f932c09a000-7f932c09d000 ---p 00000000 00:00 0 
7f932c09d000-7f932c19b000 rw-p 00000000 00:00 0 
7f932c19b000-7f932c19e000 ---p 00000000 00:00 0 
7f932c19e000-7f932c29c000 rw-p 00000000 00:00 0 
7f932c29c000-7f932c29f000 ---p 00000000 00:00 0 
7f932c29f000-7f932c39d000 rw-p 00000000 00:00 0 
7f932c39d000-7f932c3a0000 ---p 00000000 00:00 0 
7f932c3a0000-7f932c49e000 rw-p 00000000 00:00 0 
7f932c49e000-7f932c49f000 ---p 00000000 00:00 0 
7f932c49f000-7f932d59e000 rw-p 00000000 00:00 0 
7f932d59e000-7f932d75e000 r--s 039fb000 08:07 663892                     /home/elixandre/jdk1.7.0_80/jre/lib/rt.jar
7f932d75e000-7f932da5a000 rw-p 00000000 00:00 0 
7f932da5a000-7f932da5b000 ---p 00000000 00:00 0 
7f932da5b000-7f932db5b000 rw-p 00000000 00:00 0 
7f932db5b000-7f932db5c000 ---p 00000000 00:00 0 
7f932db5c000-7f932dc5c000 rw-p 00000000 00:00 0 
7f932dc5c000-7f932dc5d000 ---p 00000000 00:00 0 
7f932dc5d000-7f932dd5d000 rw-p 00000000 00:00 0 
7f932dd5d000-7f932dd5e000 ---p 00000000 00:00 0 
7f932dd5e000-7f932de69000 rw-p 00000000 00:00 0 
7f932de69000-7f932de87000 rw-p 00000000 00:00 0 
7f932de87000-7f932de9b000 rw-p 00000000 00:00 0 
7f932de9b000-7f932dfc3000 rw-p 00000000 00:00 0 
7f932dfc3000-7f932dfce000 rw-p 00000000 00:00 0 
7f932dfce000-7f932dfec000 rw-p 00000000 00:00 0 
7f932dfec000-7f932e000000 rw-p 00000000 00:00 0 
7f932e000000-7f932e128000 rw-p 00000000 00:00 0 
7f932e128000-7f932e132000 rw-p 00000000 00:00 0 
7f932e132000-7f932e1c6000 rw-p 00000000 00:00 0 
7f932e1c6000-7f932e1c7000 rw-p 00000000 00:00 0 
7f932e1c7000-7f932e1de000 r-xp 00000000 08:07 663687                     /home/elixandre/jdk1.7.0_80/jre/lib/amd64/libzip.so
7f932e1de000-7f932e3de000 ---p 00017000 08:07 663687                     /home/elixandre/jdk1.7.0_80/jre/lib/amd64/libzip.so
7f932e3de000-7f932e3df000 rw-p 00017000 08:07 663687                     /home/elixandre/jdk1.7.0_80/jre/lib/amd64/libzip.so
7f932e3df000-7f932e3e9000 r-xp 00000000 08:07 529521                     /lib/x86_64-linux-gnu/libnss_files-2.21.so
7f932e3e9000-7f932e5e9000 ---p 0000a000 08:07 529521                     /lib/x86_64-linux-gnu/libnss_files-2.21.so
7f932e5e9000-7f932e5ea000 r--p 0000a000 08:07 529521                     /lib/x86_64-linux-gnu/libnss_files-2.21.so
7f932e5ea000-7f932e5eb000 rw-p 0000b000 08:07 529521                     /lib/x86_64-linux-gnu/libnss_files-2.21.so
7f932e5eb000-7f932e5f6000 r-xp 00000000 08:07 529535                     /lib/x86_64-linux-gnu/libnss_nis-2.21.so
7f932e5f6000-7f932e7f5000 ---p 0000b000 08:07 529535                     /lib/x86_64-linux-gnu/libnss_nis-2.21.so
7f932e7f5000-7f932e7f6000 r--p 0000a000 08:07 529535                     /lib/x86_64-linux-gnu/libnss_nis-2.21.so
7f932e7f6000-7f932e7f7000 rw-p 0000b000 08:07 529535                     /lib/x86_64-linux-gnu/libnss_nis-2.21.so
7f932e7f7000-7f932e80e000 r-xp 00000000 08:07 529538                     /lib/x86_64-linux-gnu/libnsl-2.21.so
7f932e80e000-7f932ea0d000 ---p 00017000 08:07 529538                     /lib/x86_64-linux-gnu/libnsl-2.21.so
7f932ea0d000-7f932ea0e000 r--p 00016000 08:07 529538                     /lib/x86_64-linux-gnu/libnsl-2.21.so
7f932ea0e000-7f932ea0f000 rw-p 00017000 08:07 529538                     /lib/x86_64-linux-gnu/libnsl-2.21.so
7f932ea0f000-7f932ea11000 rw-p 00000000 00:00 0 
7f932ea11000-7f932ea19000 r-xp 00000000 08:07 529523                     /lib/x86_64-linux-gnu/libnss_compat-2.21.so
7f932ea19000-7f932ec18000 ---p 00008000 08:07 529523                     /lib/x86_64-linux-gnu/libnss_compat-2.21.so
7f932ec18000-7f932ec19000 r--p 00007000 08:07 529523                     /lib/x86_64-linux-gnu/libnss_compat-2.21.so
7f932ec19000-7f932ec1a000 rw-p 00008000 08:07 529523                     /lib/x86_64-linux-gnu/libnss_compat-2.21.so
7f932ec1a000-7f932ec43000 r-xp 00000000 08:07 663623                     /home/elixandre/jdk1.7.0_80/jre/lib/amd64/libjava.so
7f932ec43000-7f932ee43000 ---p 00029000 08:07 663623                     /home/elixandre/jdk1.7.0_80/jre/lib/amd64/libjava.so
7f932ee43000-7f932ee45000 rw-p 00029000 08:07 663623                     /home/elixandre/jdk1.7.0_80/jre/lib/amd64/libjava.so
7f932ee45000-7f932ee52000 r-xp 00000000 08:07 663501                     /home/elixandre/jdk1.7.0_80/jre/lib/amd64/libverify.so
7f932ee52000-7f932f051000 ---p 0000d000 08:07 663501                     /home/elixandre/jdk1.7.0_80/jre/lib/amd64/libverify.so
7f932f051000-7f932f053000 rw-p 0000c000 08:07 663501                     /home/elixandre/jdk1.7.0_80/jre/lib/amd64/libverify.so
7f932f053000-7f932f05a000 r-xp 00000000 08:07 529522                     /lib/x86_64-linux-gnu/librt-2.21.so
7f932f05a000-7f932f259000 ---p 00007000 08:07 529522                     /lib/x86_64-linux-gnu/librt-2.21.so
7f932f259000-7f932f25a000 r--p 00006000 08:07 529522                     /lib/x86_64-linux-gnu/librt-2.21.so
7f932f25a000-7f932f25b000 rw-p 00007000 08:07 529522                     /lib/x86_64-linux-gnu/librt-2.21.so
7f932f25b000-7f932f362000 r-xp 00000000 08:07 529524                     /lib/x86_64-linux-gnu/libm-2.21.so
7f932f362000-7f932f561000 ---p 00107000 08:07 529524                     /lib/x86_64-linux-gnu/libm-2.21.so
7f932f561000-7f932f562000 r--p 00106000 08:07 529524                     /lib/x86_64-linux-gnu/libm-2.21.so
7f932f562000-7f932f563000 rw-p 00107000 08:07 529524                     /lib/x86_64-linux-gnu/libm-2.21.so
7f932f563000-7f93300d9000 r-xp 00000000 08:07 663273                     /home/elixandre/jdk1.7.0_80/jre/lib/amd64/server/libjvm.so
7f93300d9000-7f93302d8000 ---p 00b76000 08:07 663273                     /home/elixandre/jdk1.7.0_80/jre/lib/amd64/server/libjvm.so
7f93302d8000-7f933039c000 rw-p 00b75000 08:07 663273                     /home/elixandre/jdk1.7.0_80/jre/lib/amd64/server/libjvm.so
7f933039c000-7f93303dd000 rw-p 00000000 00:00 0 
7f93303dd000-7f933059d000 r-xp 00000000 08:07 529541                     /lib/x86_64-linux-gnu/libc-2.21.so
7f933059d000-7f933079d000 ---p 001c0000 08:07 529541                     /lib/x86_64-linux-gnu/libc-2.21.so
7f933079d000-7f93307a1000 r--p 001c0000 08:07 529541                     /lib/x86_64-linux-gnu/libc-2.21.so
7f93307a1000-7f93307a3000 rw-p 001c4000 08:07 529541                     /lib/x86_64-linux-gnu/libc-2.21.so
7f93307a3000-7f93307a7000 rw-p 00000000 00:00 0 
7f93307a7000-7f93307aa000 r-xp 00000000 08:07 529528                     /lib/x86_64-linux-gnu/libdl-2.21.so
7f93307aa000-7f93309a9000 ---p 00003000 08:07 529528                     /lib/x86_64-linux-gnu/libdl-2.21.so
7f93309a9000-7f93309aa000 r--p 00002000 08:07 529528                     /lib/x86_64-linux-gnu/libdl-2.21.so
7f93309aa000-7f93309ab000 rw-p 00003000 08:07 529528                     /lib/x86_64-linux-gnu/libdl-2.21.so
7f93309ab000-7f93309c0000 r-xp 00000000 08:07 663695                     /home/elixandre/jdk1.7.0_80/lib/amd64/jli/libjli.so
7f93309c0000-7f9330bbf000 ---p 00015000 08:07 663695                     /home/elixandre/jdk1.7.0_80/lib/amd64/jli/libjli.so
7f9330bbf000-7f9330bc0000 rw-p 00014000 08:07 663695                     /home/elixandre/jdk1.7.0_80/lib/amd64/jli/libjli.so
7f9330bc0000-7f9330bd8000 r-xp 00000000 08:07 529525                     /lib/x86_64-linux-gnu/libpthread-2.21.so
7f9330bd8000-7f9330dd8000 ---p 00018000 08:07 529525                     /lib/x86_64-linux-gnu/libpthread-2.21.so
7f9330dd8000-7f9330dd9000 r--p 00018000 08:07 529525                     /lib/x86_64-linux-gnu/libpthread-2.21.so
7f9330dd9000-7f9330dda000 rw-p 00019000 08:07 529525                     /lib/x86_64-linux-gnu/libpthread-2.21.so
7f9330dda000-7f9330dde000 rw-p 00000000 00:00 0 
7f9330dde000-7f9330e02000 r-xp 00000000 08:07 529539                     /lib/x86_64-linux-gnu/ld-2.21.so
7f9330e0c000-7f9330e2b000 rw-p 00000000 00:00 0 
7f9330e2b000-7f9330ee1000 rw-p 00000000 00:00 0 
7f9330ee1000-7f9330ee4000 ---p 00000000 00:00 0 
7f9330ee4000-7f9330fe6000 rw-p 00000000 00:00 0 
7f9330fee000-7f9330ff2000 r--s 0008b000 08:07 663627                     /home/elixandre/jdk1.7.0_80/jre/lib/jsse.jar
7f9330ff2000-7f9330ff5000 r--s 00f76000 08:07 542783                     /home/elixandre/Downloads/simgrid.jar
7f9330ff5000-7f9330ffd000 rw-s 00000000 08:07 544733                     /tmp/hsperfdata_elixandre/3795 (deleted)
7f9330ffd000-7f9330ffe000 rw-p 00000000 00:00 0 
7f9330ffe000-7f9330fff000 ---p 00000000 00:00 0 
7f9330fff000-7f9331001000 rw-p 00000000 00:00 0 
7f9331001000-7f9331002000 r--p 00023000 08:07 529539                     /lib/x86_64-linux-gnu/ld-2.21.so
7f9331002000-7f9331003000 rw-p 00024000 08:07 529539                     /lib/x86_64-linux-gnu/ld-2.21.so
7f9331003000-7f9331004000 rw-p 00000000 00:00 0 
7fff76f93000-7fff76fb4000 rw-p 00000000 00:00 0                          [stack]
7fff76fd5000-7fff76fd7000 r--p 00000000 00:00 0                          [vvar]
7fff76fd7000-7fff76fd9000 r-xp 00000000 00:00 0                          [vdso]
ffffffffff600000-ffffffffff601000 r-xp 00000000 00:00 0                  [vsyscall]

VM Arguments:
jvm_args: -Dfile.encoding=UTF-8 
java_command: vcube.VCube platform.xml deployment.xml
Launcher Type: SUN_STANDARD

Environment Variables:
PATH=/usr/local/sbin:/usr/local/bin:/usr/sbin:/usr/bin:/sbin:/bin:/usr/games:/usr/local/games:/home/elixandre/.rvm/bin
LD_LIBRARY_PATH=/home/elixandre/jdk1.7.0_80/jre/lib/amd64:/home/elixandre/jdk1.7.0_80/jre/lib/i386:
SHELL=/bin/bash
DISPLAY=:0

Signal Handlers:
SIGSEGV: [libjvm.so+0x9a3b20], sa_mask[0]=0x7ffbfeff, sa_flags=0x10000004
SIGBUS: [libjvm.so+0x9a3b20], sa_mask[0]=0x7ffbfeff, sa_flags=0x10000004
SIGFPE: [libjvm.so+0x81e740], sa_mask[0]=0x7ffbfeff, sa_flags=0x10000004
SIGPIPE: [libjvm.so+0x81e740], sa_mask[0]=0x7ffbfeff, sa_flags=0x10000004
SIGXFSZ: [libjvm.so+0x81e740], sa_mask[0]=0x7ffbfeff, sa_flags=0x10000004
SIGILL: [libjvm.so+0x81e740], sa_mask[0]=0x7ffbfeff, sa_flags=0x10000004
SIGUSR1: SIG_DFL, sa_mask[0]=0x00000000, sa_flags=0x00000000
SIGUSR2: [libjvm.so+0x81ffb0], sa_mask[0]=0x00000004, sa_flags=0x10000004
SIGHUP: [libjvm.so+0x8210d0], sa_mask[0]=0x7ffbfeff, sa_flags=0x10000004
SIGINT: [libsimgrid.so+0x8ff50], sa_mask[0]=0x00000002, sa_flags=0x10000000
SIGTERM: [libjvm.so+0x8210d0], sa_mask[0]=0x7ffbfeff, sa_flags=0x10000004
SIGQUIT: [libjvm.so+0x8210d0], sa_mask[0]=0x7ffbfeff, sa_flags=0x10000004


---------------  S Y S T E M  ---------------

OS:jessie/sid

uname:Linux 4.2.0-42-generic #49-Ubuntu SMP Tue Jun 28 21:26:26 UTC 2016 x86_64
libc:glibc 2.21 NPTL 2.21 
rlimit: STACK 8192k, CORE 0k, NPROC 15009, NOFILE 65536, AS infinity
load average:1.49 0.82 0.70

/proc/meminfo:
MemTotal:        3879128 kB
MemFree:          411388 kB
MemAvailable:    1785120 kB
Buffers:          174080 kB
Cached:          1480672 kB
SwapCached:            0 kB
Active:          2383616 kB
Inactive:         822264 kB
Active(anon):    1553820 kB
Inactive(anon):   176272 kB
Active(file):     829796 kB
Inactive(file):   645992 kB
Unevictable:          32 kB
Mlocked:              32 kB
SwapTotal:        975868 kB
SwapFree:         975868 kB
Dirty:             12964 kB
Writeback:             0 kB
AnonPages:       1551156 kB
Mapped:           348468 kB
Shmem:            178968 kB
Slab:             165720 kB
SReclaimable:     133760 kB
SUnreclaim:        31960 kB
KernelStack:        9408 kB
PageTables:        33972 kB
NFS_Unstable:          0 kB
Bounce:                0 kB
WritebackTmp:          0 kB
CommitLimit:     2915432 kB
Committed_AS:    5639560 kB
VmallocTotal:   34359738367 kB
VmallocUsed:      347648 kB
VmallocChunk:   34358947836 kB
HardwareCorrupted:     0 kB
AnonHugePages:    798720 kB
CmaTotal:              0 kB
CmaFree:               0 kB
HugePages_Total:       0
HugePages_Free:        0
HugePages_Rsvd:        0
HugePages_Surp:        0
Hugepagesize:       2048 kB
DirectMap4k:      125688 kB
DirectMap2M:     3901440 kB


CPU:total 4 (2 cores per cpu, 2 threads per core) family 6 model 58 stepping 9, cmov, cx8, fxsr, mmx, sse, sse2, sse3, ssse3, sse4.1, sse4.2, popcnt, avx, erms, ht, tsc, tscinvbit, tscinv

/proc/cpuinfo:
processor	: 0
vendor_id	: GenuineIntel
cpu family	: 6
model		: 58
model name	: Intel(R) Core(TM) i7-3517U CPU @ 1.90GHz
stepping	: 9
microcode	: 0x12
cpu MHz		: 2922.093
cache size	: 4096 KB
physical id	: 0
siblings	: 4
core id		: 0
cpu cores	: 2
apicid		: 0
initial apicid	: 0
fpu		: yes
fpu_exception	: yes
cpuid level	: 13
wp		: yes
flags		: fpu vme de pse tsc msr pae mce cx8 apic sep mtrr pge mca cmov pat pse36 clflush dts acpi mmx fxsr sse sse2 ss ht tm pbe syscall nx rdtscp lm constant_tsc arch_perfmon pebs bts rep_good nopl xtopology nonstop_tsc aperfmperf eagerfpu pni pclmulqdq dtes64 monitor ds_cpl vmx est tm2 ssse3 cx16 xtpr pdcm pcid sse4_1 sse4_2 x2apic popcnt tsc_deadline_timer xsave avx f16c rdrand lahf_lm ida arat epb pln pts dtherm tpr_shadow vnmi flexpriority ept vpid fsgsbase smep erms xsaveopt
bugs		:
bogomips	: 4788.88
clflush size	: 64
cache_alignment	: 64
address sizes	: 36 bits physical, 48 bits virtual
power management:

processor	: 1
vendor_id	: GenuineIntel
cpu family	: 6
model		: 58
model name	: Intel(R) Core(TM) i7-3517U CPU @ 1.90GHz
stepping	: 9
microcode	: 0x12
cpu MHz		: 2799.187
cache size	: 4096 KB
physical id	: 0
siblings	: 4
core id		: 0
cpu cores	: 2
apicid		: 1
initial apicid	: 1
fpu		: yes
fpu_exception	: yes
cpuid level	: 13
wp		: yes
flags		: fpu vme de pse tsc msr pae mce cx8 apic sep mtrr pge mca cmov pat pse36 clflush dts acpi mmx fxsr sse sse2 ss ht tm pbe syscall nx rdtscp lm constant_tsc arch_perfmon pebs bts rep_good nopl xtopology nonstop_tsc aperfmperf eagerfpu pni pclmulqdq dtes64 monitor ds_cpl vmx est tm2 ssse3 cx16 xtpr pdcm pcid sse4_1 sse4_2 x2apic popcnt tsc_deadline_timer xsave avx f16c rdrand lahf_lm ida arat epb pln pts dtherm tpr_shadow vnmi flexpriority ept vpid fsgsbase smep erms xsaveopt
bugs		:
bogomips	: 4788.88
clflush size	: 64
cache_alignment	: 64
address sizes	: 36 bits physical, 48 bits virtual
power management:

processor	: 2
vendor_id	: GenuineIntel
cpu family	: 6
model		: 58
model name	: Intel(R) Core(TM) i7-3517U CPU @ 1.90GHz
stepping	: 9
microcode	: 0x12
cpu MHz		: 2679.375
cache size	: 4096 KB
physical id	: 0
siblings	: 4
core id		: 1
cpu cores	: 2
apicid		: 2
initial apicid	: 2
fpu		: yes
fpu_exception	: yes
cpuid level	: 13
wp		: yes
flags		: fpu vme de pse tsc msr pae mce cx8 apic sep mtrr pge mca cmov pat pse36 clflush dts acpi mmx fxsr sse sse2 ss ht tm pbe syscall nx rdtscp lm constant_tsc arch_perfmon pebs bts rep_good nopl xtopology nonstop_tsc aperfmperf eagerfpu pni pclmulqdq dtes64 monitor ds_cpl vmx est tm2 ssse3 cx16 xtpr pdcm pcid sse4_1 sse4_2 x2apic popcnt tsc_deadline_timer xsave avx f16c rdrand lahf_lm ida arat epb pln pts dtherm tpr_shadow vnmi flexpriority ept vpid fsgsbase smep erms xsaveopt
bugs		:
bogomips	: 4788.88
clflush size	: 64
cache_alignment	: 64
address sizes	: 36 bits physical, 48 bits virtual
power management:

processor	: 3
vendor_id	: GenuineIntel
cpu family	: 6
model		: 58
model name	: Intel(R) Core(TM) i7-3517U CPU @ 1.90GHz
stepping	: 9
microcode	: 0x12
cpu MHz		: 2726.437
cache size	: 4096 KB
physical id	: 0
siblings	: 4
core id		: 1
cpu cores	: 2
apicid		: 3
initial apicid	: 3
fpu		: yes
fpu_exception	: yes
cpuid level	: 13
wp		: yes
flags		: fpu vme de pse tsc msr pae mce cx8 apic sep mtrr pge mca cmov pat pse36 clflush dts acpi mmx fxsr sse sse2 ss ht tm pbe syscall nx rdtscp lm constant_tsc arch_perfmon pebs bts rep_good nopl xtopology nonstop_tsc aperfmperf eagerfpu pni pclmulqdq dtes64 monitor ds_cpl vmx est tm2 ssse3 cx16 xtpr pdcm pcid sse4_1 sse4_2 x2apic popcnt tsc_deadline_timer xsave avx f16c rdrand lahf_lm ida arat epb pln pts dtherm tpr_shadow vnmi flexpriority ept vpid fsgsbase smep erms xsaveopt
bugs		:
bogomips	: 4788.88
clflush size	: 64
cache_alignment	: 64
address sizes	: 36 bits physical, 48 bits virtual
power management:



Memory: 4k page, physical 3879128k(411388k free), swap 975868k(975868k free)

vm_info: Java HotSpot(TM) 64-Bit Server VM (24.80-b11) for linux-amd64 JRE (1.7.0_80-b15), built on Apr 10 2015 19:53:14 by "java_re" with gcc 4.3.0 20080428 (Red Hat 4.3.0-8)

time: Mon May  1 11:08:03 2017
elapsed time: 3 seconds

