#
# A fatal error has been detected by the Java Runtime Environment:
#
#  SIGSEGV (0xb) at pc=0x00007fd7e9501263, pid=7708, tid=0x00007fd7ebcfc700
#
# JRE version: Java(TM) SE Runtime Environment (8.0_111-b14) (build 1.8.0_111-b14)
# Java VM: Java HotSpot(TM) 64-Bit Server VM (25.111-b14 mixed mode linux-amd64 compressed oops)
# Problematic frame:
# C  [libsimgrid.so+0x190263]  xbt_dynar_member+0x23
#
# Failed to write core dump. Core dumps have been disabled. To enable core dumping, try "ulimit -c unlimited" before starting Java again
#
# If you would like to submit a bug report, please visit:
#   http://bugreport.java.com/bugreport/crash.jsp
#

---------------  T H R E A D  ---------------

Current thread (0x00007fd810077800):  VMThread [stack: 0x00007fd7ebbfc000,0x00007fd7ebcfd000] [id=7717]

siginfo: si_signo: 11 (SIGSEGV), si_code: 1 (SEGV_MAPERR), si_addr: 0x0000000000000000

Registers:
RAX=0x0000000000000000, RBX=0x00007fd7e986d700, RCX=0x0000000000000000, RDX=0x00007fd7ebcfca30
RSP=0x00007fd7ebcfb910, RBP=0x00007fd81016a9b0, RSI=0x00007fd7ebcfbab8, RDI=0x00007fd7ebcfb9d0
R8 =0x00007fd8101619c0, R9 =0x00007fd8101619c0, R10=0x0000000000000c58, R11=0x00007fd7e9501240
R12=0x00007fd7e9878790, R13=0x00007fd81014a9b0, R14=0x00000000000003d8, R15=0x00007fd810026e88
RIP=0x00007fd7e9501263, EFLAGS=0x0000000000010202, CSGSFS=0x0000000000000033, ERR=0x0000000000000004
  TRAPNO=0x000000000000000e

Top of Stack: (sp=0x00007fd7ebcfb910)
0x00007fd7ebcfb910:   0000000000000000 0000000000000000
0x00007fd7ebcfb920:   00007fd810161a60 00007fd7ebcfbab8
0x00007fd7ebcfb930:   0000000000000000 0000000000000000
0x00007fd7ebcfb940:   0000000000000000 0000000000000000
0x00007fd7ebcfb950:   0000000000000000 0000000000000000
0x00007fd7ebcfb960:   0000000000000000 0000000000000000
0x00007fd7ebcfb970:   0000000000000000 0000000000000000
0x00007fd7ebcfb980:   0000ff00000000ff 00000000ff000000
0x00007fd7ebcfb990:   0000000000000000 0000000000000000
0x00007fd7ebcfb9a0:   0000000000000000 0000000000000000
0x00007fd7ebcfb9b0:   0000000000000000 0000000000000000
0x00007fd7ebcfb9c0:   0000000042c80000 0000000000000000
0x00007fd7ebcfb9d0:   0000000000000000 0000000000000000
0x00007fd7ebcfb9e0:   0000000000000000 0000000000000000
0x00007fd7ebcfb9f0:   0000000000000000 0000000000000000
0x00007fd7ebcfba00:   00007fd7e9838400 00007fd810171660
0x00007fd7ebcfba10:   00007fd81014a9b0 00007fd7e94f7a0a
0x00007fd7ebcfba20:   00007fd8105b49e0 00007fd7e9838400
0x00007fd7ebcfba30:   00007fd810171660 00007fd7e9567286
0x00007fd7ebcfba40:   00007fd8101a8ee0 0000000000000000
0x00007fd7ebcfba50:   0000000000000000 00007fd7ebcfbab8
0x00007fd7ebcfba60:   00007fd810161a60 00007fd8101619c0
0x00007fd7ebcfba70:   00007fd8101619c0 00007fd7e9870a98
0x00007fd7ebcfba80:   00007fd810163c20 0000000000000001
0x00007fd7ebcfba90:   00007fd7e986d700 00007fd810148e90
0x00007fd7ebcfbaa0:   00007fd7e986d700 00007fd7e951e34f
0x00007fd7ebcfbab0:   0000000000000000 00007fd810171660
0x00007fd7ebcfbac0:   0000000000000000 0000000000000000
0x00007fd7ebcfbad0:   0000000000000000 00007fd7e9870a98
0x00007fd7ebcfbae0:   00007fd810163c20 0000000000000001
0x00007fd7ebcfbaf0:   00007fd81014a9b0 00007fd7e94ffd37
0x00007fd7ebcfbb00:   00007fd81014a9b0 00007fd7e9870098 

Instructions: (pc=0x00007fd7e9501263)
0x00007fd7e9501243:   ec 90 01 00 00 48 8b 05 01 a2 33 00 48 89 7c 24
0x00007fd7e9501253:   10 48 89 74 24 18 ff 10 48 8d bc 24 c0 00 00 00
0x00007fd7e9501263:   48 8b 08 48 89 04 24 48 89 38 48 89 4c 24 08 e8
0x00007fd7e9501273:   79 31 ed ff 85 c0 74 75 48 8b 14 24 c7 42 08 01 

Register to memory mapping:

RAX=0x0000000000000000 is an unknown value
RBX=0x00007fd7e986d700: _simgrid_log_category__simix_process+0 in /tmp/simgrid-java2972992270731853370/libsimgrid.so at 0x00007fd7e9371000
RCX=0x0000000000000000 is an unknown value
RDX=0x00007fd7ebcfca30 is an unknown value
RSP=0x00007fd7ebcfb910 is an unknown value
RBP=0x00007fd81016a9b0 is an unknown value
RSI=0x00007fd7ebcfbab8 is an unknown value
RDI=0x00007fd7ebcfb9d0 is an unknown value
R8 =0x00007fd8101619c0 is an unknown value
R9 =0x00007fd8101619c0 is an unknown value
R10=0x0000000000000c58 is an unknown value
R11=0x00007fd7e9501240: xbt_dynar_member+0 in /tmp/simgrid-java2972992270731853370/libsimgrid.so at 0x00007fd7e9371000
R12=0x00007fd7e9878790: simix_global+0 in /tmp/simgrid-java2972992270731853370/libsimgrid.so at 0x00007fd7e9371000
R13=0x00007fd81014a9b0 is an unknown value
R14=0x00000000000003d8 is an unknown value
R15=0x00007fd810026e88 is an unknown value


Stack: [0x00007fd7ebbfc000,0x00007fd7ebcfd000],  sp=0x00007fd7ebcfb910,  free space=1022k
Native frames: (J=compiled Java code, j=interpreted, Vv=VM code, C=native code)
C  [libsimgrid.so+0x190263]  xbt_dynar_member+0x23

VM_Operation (0x00007fd7e83bd6d0): Exit, mode: safepoint, requested by thread 0x00007fd7d4001000


---------------  P R O C E S S  ---------------

Java Threads: ( => current thread )
  0x00007fd7d4001000 JavaThread "SIGTERM handler" daemon [_thread_blocked, id=7746, stack(0x00007fd7e82be000,0x00007fd7e83bf000)]
  0x00007fd778001000 JavaThread "Thread-16" [_thread_in_native, id=7741, stack(0x00007fd77f7ff000,0x00007fd780000000)]
  0x00007fd784001000 JavaThread "Thread-15" [_thread_in_native, id=7740, stack(0x00007fd7a07f9000,0x00007fd7a0ffa000)]
  0x00007fd780001000 JavaThread "Thread-14" [_thread_in_native, id=7739, stack(0x00007fd7a0ffa000,0x00007fd7a17fb000)]
  0x00007fd78c001000 JavaThread "Thread-13" [_thread_in_native, id=7738, stack(0x00007fd7a17fb000,0x00007fd7a1ffc000)]
  0x00007fd788001000 JavaThread "Thread-12" [_thread_in_native, id=7737, stack(0x00007fd7a1ffc000,0x00007fd7a27fd000)]
  0x00007fd794001000 JavaThread "Thread-11" [_thread_in_native, id=7736, stack(0x00007fd7a27fd000,0x00007fd7a2ffe000)]
  0x00007fd790001000 JavaThread "Thread-10" [_thread_in_native, id=7735, stack(0x00007fd7a2ffe000,0x00007fd7a37ff000)]
  0x00007fd798001000 JavaThread "Thread-9" [_thread_in_native, id=7734, stack(0x00007fd7a37ff000,0x00007fd7a4000000)]
  0x00007fd79c001000 JavaThread "Thread-8" [_thread_in_native, id=7733, stack(0x00007fd7c07f9000,0x00007fd7c0ffa000)]
  0x00007fd7a8001000 JavaThread "Thread-7" [_thread_in_native, id=7732, stack(0x00007fd7c0ffa000,0x00007fd7c17fb000)]
  0x00007fd7a4001000 JavaThread "Thread-6" [_thread_in_native, id=7731, stack(0x00007fd7c17fb000,0x00007fd7c1ffc000)]
  0x00007fd7b0001000 JavaThread "Thread-5" [_thread_blocked, id=7728, stack(0x00007fd7c2ffe000,0x00007fd7c37ff000)]
  0x00007fd7b4001000 JavaThread "Thread-3" [_thread_in_native, id=7729, stack(0x00007fd7c27fd000,0x00007fd7c2ffe000)]
  0x00007fd7ac001000 JavaThread "Thread-4" [_thread_in_native, id=7730, stack(0x00007fd7c1ffc000,0x00007fd7c27fd000)]
  0x00007fd7b8001000 JavaThread "Thread-1" [_thread_in_native, id=7727, stack(0x00007fd7c37ff000,0x00007fd7c4000000)]
  0x00007fd7bc001000 JavaThread "Thread-2" [_thread_in_native, id=7726, stack(0x00007fd7e83bf000,0x00007fd7e8bc0000)]
  0x00007fd8100c0000 JavaThread "Service Thread" daemon [_thread_blocked, id=7724, stack(0x00007fd7ea0a3000,0x00007fd7ea1a4000)]
  0x00007fd8100bd000 JavaThread "C1 CompilerThread2" daemon [_thread_blocked, id=7723, stack(0x00007fd7ea1a4000,0x00007fd7ea2a5000)]
  0x00007fd8100bb000 JavaThread "C2 CompilerThread1" daemon [_thread_blocked, id=7722, stack(0x00007fd7ea2a5000,0x00007fd7ea3a6000)]
  0x00007fd8100b8800 JavaThread "C2 CompilerThread0" daemon [_thread_blocked, id=7721, stack(0x00007fd7ea3a6000,0x00007fd7ea4a7000)]
  0x00007fd810084000 JavaThread "Finalizer" daemon [_thread_blocked, id=7719, stack(0x00007fd7eb9fa000,0x00007fd7ebafb000)]
  0x00007fd81007f000 JavaThread "Reference Handler" daemon [_thread_blocked, id=7718, stack(0x00007fd7ebafb000,0x00007fd7ebbfc000)]
  0x00007fd81000a000 JavaThread "main" [_thread_in_native, id=7710, stack(0x00007fd818941000,0x00007fd818a42000)]

Other Threads:
=>0x00007fd810077800 VMThread [stack: 0x00007fd7ebbfc000,0x00007fd7ebcfd000] [id=7717]

VM state:at safepoint (shutting down)

VM Mutex/Monitor currently owned by a thread:  ([mutex/lock_event])
[0x00007fd8100060f0] Threads_lock - owner thread: 0x00007fd810077800

Heap:
 PSYoungGen      total 17920K, used 5182K [0x00000000d5580000, 0x00000000d6980000, 0x0000000100000000)
  eden space 15360K, 21% used [0x00000000d5580000,0x00000000d58cba18,0x00000000d6480000)
  from space 2560K, 70% used [0x00000000d6480000,0x00000000d6644010,0x00000000d6700000)
  to   space 2560K, 0% used [0x00000000d6700000,0x00000000d6700000,0x00000000d6980000)
 ParOldGen       total 40960K, used 8K [0x0000000080000000, 0x0000000082800000, 0x00000000d5580000)
  object space 40960K, 0% used [0x0000000080000000,0x0000000080002000,0x0000000082800000)
 Metaspace       used 3755K, capacity 4640K, committed 4864K, reserved 1056768K
  class space    used 418K, capacity 464K, committed 512K, reserved 1048576K

Card table byte_map: [0x00007fd8152e7000,0x00007fd8156e8000] byte_map_base: 0x00007fd814ee7000

Marking Bits: (ParMarkBitMap*) 0x00007fd817e11220
 Begin Bits: [0x00007fd7ec000000, 0x00007fd7ee000000)
 End Bits:   [0x00007fd7ee000000, 0x00007fd7f0000000)

Polling page: 0x00007fd818a60000

CodeCache: size=245760Kb used=1628Kb max_used=1640Kb free=244131Kb
 bounds [0x00007fd801000000, 0x00007fd801270000, 0x00007fd810000000]
 total_blobs=515 nmethods=252 adapters=177
 compilation: enabled

Compilation events (10 events):
Event: 1.754 Thread 0x00007fd8100bd000  248       3       java.lang.ref.ReferenceQueue::remove (6 bytes)
Event: 1.754 Thread 0x00007fd8100bd000 nmethod 248 0x00007fd801195590 code [0x00007fd801195700, 0x00007fd801195908]
Event: 1.754 Thread 0x00007fd8100bd000  249   !   3       java.lang.ref.ReferenceQueue::remove (125 bytes)
Event: 1.755 Thread 0x00007fd8100bd000 nmethod 249 0x00007fd801195990 code [0x00007fd801195b80, 0x00007fd801196438]
Event: 1.844 Thread 0x00007fd8100bb000  250       4       java.lang.Integer::parseInt (261 bytes)
Event: 1.854 Thread 0x00007fd8100b8800  251       4       java.lang.Integer::parseInt (7 bytes)
Event: 1.855 Thread 0x00007fd8100bb000 nmethod 250 0x00007fd8011999d0 code [0x00007fd801199b60, 0x00007fd80119a0b8]
Event: 1.860 Thread 0x00007fd8100b8800 nmethod 251 0x00007fd80119a610 code [0x00007fd80119a780, 0x00007fd80119ac18]
Event: 1.929 Thread 0x00007fd8100bd000  252       3       java.lang.ThreadLocal::getMap (5 bytes)
Event: 1.930 Thread 0x00007fd8100bd000 nmethod 252 0x00007fd801199650 code [0x00007fd8011997c0, 0x00007fd801199910]

GC Heap History (2 events):
Event: 1.741 GC heap before
{Heap before GC invocations=1 (full 0):
 PSYoungGen      total 17920K, used 15360K [0x00000000d5580000, 0x00000000d6980000, 0x0000000100000000)
  eden space 15360K, 100% used [0x00000000d5580000,0x00000000d6480000,0x00000000d6480000)
  from space 2560K, 0% used [0x00000000d6700000,0x00000000d6700000,0x00000000d6980000)
  to   space 2560K, 0% used [0x00000000d6480000,0x00000000d6480000,0x00000000d6700000)
 ParOldGen       total 40960K, used 0K [0x0000000080000000, 0x0000000082800000, 0x00000000d5580000)
  object space 40960K, 0% used [0x0000000080000000,0x0000000080000000,0x0000000082800000)
 Metaspace       used 3733K, capacity 4640K, committed 4864K, reserved 1056768K
  class space    used 414K, capacity 464K, committed 512K, reserved 1048576K
Event: 1.749 GC heap after
Heap after GC invocations=1 (full 0):
 PSYoungGen      total 17920K, used 1808K [0x00000000d5580000, 0x00000000d6980000, 0x0000000100000000)
  eden space 15360K, 0% used [0x00000000d5580000,0x00000000d5580000,0x00000000d6480000)
  from space 2560K, 70% used [0x00000000d6480000,0x00000000d6644010,0x00000000d6700000)
  to   space 2560K, 0% used [0x00000000d6700000,0x00000000d6700000,0x00000000d6980000)
 ParOldGen       total 40960K, used 8K [0x0000000080000000, 0x0000000082800000, 0x00000000d5580000)
  object space 40960K, 0% used [0x0000000080000000,0x0000000080002000,0x0000000082800000)
 Metaspace       used 3733K, capacity 4640K, committed 4864K, reserved 1056768K
  class space    used 414K, capacity 464K, committed 512K, reserved 1048576K
}

Deoptimization events (0 events):
No events

Internal exceptions (10 events):
Event: 1.910 Thread 0x00007fd778001000 Exception <a 'java/lang/ArrayIndexOutOfBoundsException'> (0x00000000d56ce2f8) thrown at [/HUDSON3/workspace/8-2-build-linux-amd64/jdk8u111/7883/hotspot/src/share/vm/runtime/sharedRuntime.cpp, line 605]
Event: 1.928 Thread 0x00007fd7a4001000 Exception <a 'java/io/IOException'> (0x00000000d57bed10) thrown at [/HUDSON3/workspace/8-2-build-linux-amd64/jdk8u111/7883/hotspot/src/share/vm/prims/jni.cpp, line 709]
Event: 1.929 Thread 0x00007fd7a4001000 Exception <a 'java/io/IOException'> (0x00000000d57bf030) thrown at [/HUDSON3/workspace/8-2-build-linux-amd64/jdk8u111/7883/hotspot/src/share/vm/prims/jni.cpp, line 709]
Event: 1.929 Thread 0x00007fd7a4001000 Exception <a 'java/io/IOException'> (0x00000000d57bf2a0) thrown at [/HUDSON3/workspace/8-2-build-linux-amd64/jdk8u111/7883/hotspot/src/share/vm/prims/jni.cpp, line 709]
Event: 1.929 Thread 0x00007fd7ac001000 Exception <a 'java/io/IOException'> (0x00000000d56f70d0) thrown at [/HUDSON3/workspace/8-2-build-linux-amd64/jdk8u111/7883/hotspot/src/share/vm/prims/jni.cpp, line 709]
Event: 1.929 Thread 0x00007fd7ac001000 Exception <a 'java/io/IOException'> (0x00000000d56f7370) thrown at [/HUDSON3/workspace/8-2-build-linux-amd64/jdk8u111/7883/hotspot/src/share/vm/prims/jni.cpp, line 709]
Event: 1.929 Thread 0x00007fd7ac001000 Exception <a 'java/io/IOException'> (0x00000000d56f75e0) thrown at [/HUDSON3/workspace/8-2-build-linux-amd64/jdk8u111/7883/hotspot/src/share/vm/prims/jni.cpp, line 709]
Event: 1.929 Thread 0x00007fd778001000 Exception <a 'java/io/IOException'> (0x00000000d56cfd68) thrown at [/HUDSON3/workspace/8-2-build-linux-amd64/jdk8u111/7883/hotspot/src/share/vm/prims/jni.cpp, line 709]
Event: 1.929 Thread 0x00007fd778001000 Exception <a 'java/io/IOException'> (0x00000000d56d0008) thrown at [/HUDSON3/workspace/8-2-build-linux-amd64/jdk8u111/7883/hotspot/src/share/vm/prims/jni.cpp, line 709]
Event: 1.929 Thread 0x00007fd778001000 Exception <a 'java/io/IOException'> (0x00000000d56d0278) thrown at [/HUDSON3/workspace/8-2-build-linux-amd64/jdk8u111/7883/hotspot/src/share/vm/prims/jni.cpp, line 709]

Events (10 events):
Event: 1.929 loading class java/util/IdentityHashMap$KeySet
Event: 1.929 loading class java/util/IdentityHashMap$KeySet done
Event: 1.929 loading class java/util/IdentityHashMap$KeyIterator
Event: 1.929 loading class java/util/IdentityHashMap$IdentityHashMapIterator
Event: 1.929 loading class java/util/IdentityHashMap$IdentityHashMapIterator done
Event: 1.929 loading class java/util/IdentityHashMap$KeyIterator done
Event: 1.929 Thread 0x00007fd770001000 Thread added: 0x00007fd770001000
Event: 1.930 Thread 0x00007fd770001000 Thread exited: 0x00007fd770001000
Event: 1.930 Thread 0x00007fd8100b7000 Thread exited: 0x00007fd8100b7000
Event: 1.930 Executing VM operation: Exit


Dynamic libraries:
00400000-00401000 r-xp 00000000 08:01 8784123                            /home/elixandrebaldi/jdk1.8.0_111/bin/java
00600000-00601000 rw-p 00000000 08:01 8784123                            /home/elixandrebaldi/jdk1.8.0_111/bin/java
02401000-02422000 rw-p 00000000 00:00 0                                  [heap]
80000000-82800000 rw-p 00000000 00:00 0 
82800000-d5580000 ---p 00000000 00:00 0 
d5580000-d6980000 rw-p 00000000 00:00 0 
d6980000-100000000 ---p 00000000 00:00 0 
100000000-100080000 rw-p 00000000 00:00 0 
100080000-140000000 ---p 00000000 00:00 0 
7fd770000000-7fd770021000 rw-p 00000000 00:00 0 
7fd770021000-7fd774000000 ---p 00000000 00:00 0 
7fd778000000-7fd778089000 rw-p 00000000 00:00 0 
7fd778089000-7fd77c000000 ---p 00000000 00:00 0 
7fd77f7ff000-7fd77f802000 ---p 00000000 00:00 0 
7fd77f802000-7fd780000000 rw-p 00000000 00:00 0 
7fd780000000-7fd780089000 rw-p 00000000 00:00 0 
7fd780089000-7fd784000000 ---p 00000000 00:00 0 
7fd784000000-7fd784088000 rw-p 00000000 00:00 0 
7fd784088000-7fd788000000 ---p 00000000 00:00 0 
7fd788000000-7fd788089000 rw-p 00000000 00:00 0 
7fd788089000-7fd78c000000 ---p 00000000 00:00 0 
7fd78c000000-7fd78c088000 rw-p 00000000 00:00 0 
7fd78c088000-7fd790000000 ---p 00000000 00:00 0 
7fd790000000-7fd790088000 rw-p 00000000 00:00 0 
7fd790088000-7fd794000000 ---p 00000000 00:00 0 
7fd794000000-7fd794088000 rw-p 00000000 00:00 0 
7fd794088000-7fd798000000 ---p 00000000 00:00 0 
7fd798000000-7fd798089000 rw-p 00000000 00:00 0 
7fd798089000-7fd79c000000 ---p 00000000 00:00 0 
7fd79c000000-7fd79c088000 rw-p 00000000 00:00 0 
7fd79c088000-7fd7a0000000 ---p 00000000 00:00 0 
7fd7a07f9000-7fd7a07fc000 ---p 00000000 00:00 0 
7fd7a07fc000-7fd7a0ffa000 rw-p 00000000 00:00 0 
7fd7a0ffa000-7fd7a0ffd000 ---p 00000000 00:00 0 
7fd7a0ffd000-7fd7a17fb000 rw-p 00000000 00:00 0 
7fd7a17fb000-7fd7a17fe000 ---p 00000000 00:00 0 
7fd7a17fe000-7fd7a1ffc000 rw-p 00000000 00:00 0 
7fd7a1ffc000-7fd7a1fff000 ---p 00000000 00:00 0 
7fd7a1fff000-7fd7a27fd000 rw-p 00000000 00:00 0 
7fd7a27fd000-7fd7a2800000 ---p 00000000 00:00 0 
7fd7a2800000-7fd7a2ffe000 rw-p 00000000 00:00 0 
7fd7a2ffe000-7fd7a3001000 ---p 00000000 00:00 0 
7fd7a3001000-7fd7a37ff000 rw-p 00000000 00:00 0 
7fd7a37ff000-7fd7a3802000 ---p 00000000 00:00 0 
7fd7a3802000-7fd7a4000000 rw-p 00000000 00:00 0 
7fd7a4000000-7fd7a408b000 rw-p 00000000 00:00 0 
7fd7a408b000-7fd7a8000000 ---p 00000000 00:00 0 
7fd7a8000000-7fd7a8087000 rw-p 00000000 00:00 0 
7fd7a8087000-7fd7ac000000 ---p 00000000 00:00 0 
7fd7ac000000-7fd7ac087000 rw-p 00000000 00:00 0 
7fd7ac087000-7fd7b0000000 ---p 00000000 00:00 0 
7fd7b0000000-7fd7b0089000 rw-p 00000000 00:00 0 
7fd7b0089000-7fd7b4000000 ---p 00000000 00:00 0 
7fd7b4000000-7fd7b4088000 rw-p 00000000 00:00 0 
7fd7b4088000-7fd7b8000000 ---p 00000000 00:00 0 
7fd7b8000000-7fd7b8087000 rw-p 00000000 00:00 0 
7fd7b8087000-7fd7bc000000 ---p 00000000 00:00 0 
7fd7bc000000-7fd7bc08c000 rw-p 00000000 00:00 0 
7fd7bc08c000-7fd7c0000000 ---p 00000000 00:00 0 
7fd7c07f9000-7fd7c07fc000 ---p 00000000 00:00 0 
7fd7c07fc000-7fd7c0ffa000 rw-p 00000000 00:00 0 
7fd7c0ffa000-7fd7c0ffd000 ---p 00000000 00:00 0 
7fd7c0ffd000-7fd7c17fb000 rw-p 00000000 00:00 0 
7fd7c17fb000-7fd7c17fe000 ---p 00000000 00:00 0 
7fd7c17fe000-7fd7c1ffc000 rw-p 00000000 00:00 0 
7fd7c1ffc000-7fd7c1fff000 ---p 00000000 00:00 0 
7fd7c1fff000-7fd7c27fd000 rw-p 00000000 00:00 0 
7fd7c27fd000-7fd7c2800000 ---p 00000000 00:00 0 
7fd7c2800000-7fd7c2ffe000 rw-p 00000000 00:00 0 
7fd7c2ffe000-7fd7c3001000 ---p 00000000 00:00 0 
7fd7c3001000-7fd7c37ff000 rw-p 00000000 00:00 0 
7fd7c37ff000-7fd7c3802000 ---p 00000000 00:00 0 
7fd7c3802000-7fd7c4000000 rw-p 00000000 00:00 0 
7fd7c4000000-7fd7c4021000 rw-p 00000000 00:00 0 
7fd7c4021000-7fd7c8000000 ---p 00000000 00:00 0 
7fd7c8000000-7fd7c8021000 rw-p 00000000 00:00 0 
7fd7c8021000-7fd7cc000000 ---p 00000000 00:00 0 
7fd7cc000000-7fd7cc19f000 rw-p 00000000 00:00 0 
7fd7cc19f000-7fd7d0000000 ---p 00000000 00:00 0 
7fd7d0000000-7fd7d013c000 rw-p 00000000 00:00 0 
7fd7d013c000-7fd7d4000000 ---p 00000000 00:00 0 
7fd7d4000000-7fd7d4021000 rw-p 00000000 00:00 0 
7fd7d4021000-7fd7d8000000 ---p 00000000 00:00 0 
7fd7d8000000-7fd7d823a000 rw-p 00000000 00:00 0 
7fd7d823a000-7fd7dc000000 ---p 00000000 00:00 0 
7fd7dc000000-7fd7dc021000 rw-p 00000000 00:00 0 
7fd7dc021000-7fd7e0000000 ---p 00000000 00:00 0 
7fd7e0000000-7fd7e0021000 rw-p 00000000 00:00 0 
7fd7e0021000-7fd7e4000000 ---p 00000000 00:00 0 
7fd7e4000000-7fd7e4021000 rw-p 00000000 00:00 0 
7fd7e4021000-7fd7e8000000 ---p 00000000 00:00 0 
7fd7e81bd000-7fd7e81c0000 ---p 00000000 00:00 0 
7fd7e81c0000-7fd7e82be000 rw-p 00000000 00:00 0 
7fd7e82be000-7fd7e82c1000 ---p 00000000 00:00 0 
7fd7e82c1000-7fd7e83bf000 rw-p 00000000 00:00 0 
7fd7e83bf000-7fd7e83c2000 ---p 00000000 00:00 0 
7fd7e83c2000-7fd7e8bc0000 rw-p 00000000 00:00 0 
7fd7e8bc0000-7fd7e8bd8000 r-xp 00000000 08:01 2359397                    /tmp/simgrid-java2972992270731853370/libsimgrid-java.so (deleted)
7fd7e8bd8000-7fd7e8dd8000 ---p 00018000 08:01 2359397                    /tmp/simgrid-java2972992270731853370/libsimgrid-java.so (deleted)
7fd7e8dd8000-7fd7e8dd9000 rw-p 00018000 08:01 2359397                    /tmp/simgrid-java2972992270731853370/libsimgrid-java.so (deleted)
7fd7e8dd9000-7fd7e8def000 r-xp 00000000 08:01 3936627                    /lib/x86_64-linux-gnu/libgcc_s.so.1
7fd7e8def000-7fd7e8fee000 ---p 00016000 08:01 3936627                    /lib/x86_64-linux-gnu/libgcc_s.so.1
7fd7e8fee000-7fd7e8fef000 rw-p 00015000 08:01 3936627                    /lib/x86_64-linux-gnu/libgcc_s.so.1
7fd7e8fef000-7fd7e9161000 r-xp 00000000 08:01 23332798                   /usr/lib/x86_64-linux-gnu/libstdc++.so.6.0.21
7fd7e9161000-7fd7e9361000 ---p 00172000 08:01 23332798                   /usr/lib/x86_64-linux-gnu/libstdc++.so.6.0.21
7fd7e9361000-7fd7e936b000 r--p 00172000 08:01 23332798                   /usr/lib/x86_64-linux-gnu/libstdc++.so.6.0.21
7fd7e936b000-7fd7e936d000 rw-p 0017c000 08:01 23332798                   /usr/lib/x86_64-linux-gnu/libstdc++.so.6.0.21
7fd7e936d000-7fd7e9371000 rw-p 00000000 00:00 0 
7fd7e9371000-7fd7e9636000 r-xp 00000000 08:01 2359396                    /tmp/simgrid-java2972992270731853370/libsimgrid.so (deleted)
7fd7e9636000-7fd7e9836000 ---p 002c5000 08:01 2359396                    /tmp/simgrid-java2972992270731853370/libsimgrid.so (deleted)
7fd7e9836000-7fd7e9871000 rw-p 002c5000 08:01 2359396                    /tmp/simgrid-java2972992270731853370/libsimgrid.so (deleted)
7fd7e9871000-7fd7e9b7a000 rw-p 00000000 00:00 0 
7fd7e9b7a000-7fd7e9b90000 r-xp 00000000 08:01 8783936                    /home/elixandrebaldi/jdk1.8.0_111/jre/lib/amd64/libnet.so
7fd7e9b90000-7fd7e9d90000 ---p 00016000 08:01 8783936                    /home/elixandrebaldi/jdk1.8.0_111/jre/lib/amd64/libnet.so
7fd7e9d90000-7fd7e9d91000 rw-p 00016000 08:01 8783936                    /home/elixandrebaldi/jdk1.8.0_111/jre/lib/amd64/libnet.so
7fd7e9d91000-7fd7e9da2000 r-xp 00000000 08:01 8783935                    /home/elixandrebaldi/jdk1.8.0_111/jre/lib/amd64/libnio.so
7fd7e9da2000-7fd7e9fa1000 ---p 00011000 08:01 8783935                    /home/elixandrebaldi/jdk1.8.0_111/jre/lib/amd64/libnio.so
7fd7e9fa1000-7fd7e9fa2000 rw-p 00010000 08:01 8783935                    /home/elixandrebaldi/jdk1.8.0_111/jre/lib/amd64/libnio.so
7fd7e9fa2000-7fd7e9fa3000 ---p 00000000 00:00 0 
7fd7e9fa3000-7fd7ea0a3000 rw-p 00000000 00:00 0 
7fd7ea0a3000-7fd7ea0a6000 ---p 00000000 00:00 0 
7fd7ea0a6000-7fd7ea1a4000 rw-p 00000000 00:00 0 
7fd7ea1a4000-7fd7ea1a7000 ---p 00000000 00:00 0 
7fd7ea1a7000-7fd7ea2a5000 rw-p 00000000 00:00 0 
7fd7ea2a5000-7fd7ea2a8000 ---p 00000000 00:00 0 
7fd7ea2a8000-7fd7ea3a6000 rw-p 00000000 00:00 0 
7fd7ea3a6000-7fd7ea3a9000 ---p 00000000 00:00 0 
7fd7ea3a9000-7fd7ea4a7000 rw-p 00000000 00:00 0 
7fd7ea4a7000-7fd7ea4aa000 ---p 00000000 00:00 0 
7fd7ea4aa000-7fd7ea5a8000 rw-p 00000000 00:00 0 
7fd7ea5a8000-7fd7eb9fa000 r--p 00000000 08:01 23331759                   /usr/lib/locale/locale-archive
7fd7eb9fa000-7fd7eb9fd000 ---p 00000000 00:00 0 
7fd7eb9fd000-7fd7ebafb000 rw-p 00000000 00:00 0 
7fd7ebafb000-7fd7ebafe000 ---p 00000000 00:00 0 
7fd7ebafe000-7fd7ebbfc000 rw-p 00000000 00:00 0 
7fd7ebbfc000-7fd7ebbfd000 ---p 00000000 00:00 0 
7fd7ebbfd000-7fd7f0000000 rw-p 00000000 00:00 0 
7fd7f0000000-7fd7f0021000 rw-p 00000000 00:00 0 
7fd7f0021000-7fd7f4000000 ---p 00000000 00:00 0 
7fd7f4000000-7fd7f4021000 rw-p 00000000 00:00 0 
7fd7f4021000-7fd7f8000000 ---p 00000000 00:00 0 
7fd7f8000000-7fd7f8021000 rw-p 00000000 00:00 0 
7fd7f8021000-7fd7fc000000 ---p 00000000 00:00 0 
7fd7fc000000-7fd7fc021000 rw-p 00000000 00:00 0 
7fd7fc021000-7fd800000000 ---p 00000000 00:00 0 
7fd8000d3000-7fd8000f4000 r--p 00000000 08:01 24787980                   /usr/share/locale-langpack/pt_BR/LC_MESSAGES/libc.mo
7fd8000f4000-7fd800db2000 rw-p 00000000 00:00 0 
7fd800db2000-7fd800f8a000 r--s 03d2a000 08:01 8784070                    /home/elixandrebaldi/jdk1.8.0_111/jre/lib/rt.jar
7fd800f8a000-7fd801000000 rw-p 00000000 00:00 0 
7fd801000000-7fd801270000 rwxp 00000000 00:00 0 
7fd801270000-7fd810000000 ---p 00000000 00:00 0 
7fd810000000-7fd8105dc000 rw-p 00000000 00:00 0 
7fd8105dc000-7fd814000000 ---p 00000000 00:00 0 
7fd814017000-7fd814478000 rw-p 00000000 00:00 0 
7fd814478000-7fd814838000 ---p 00000000 00:00 0 
7fd814838000-7fd814c38000 rw-p 00000000 00:00 0 
7fd814c38000-7fd814c39000 ---p 00000000 00:00 0 
7fd814c39000-7fd814d39000 rw-p 00000000 00:00 0 
7fd814d39000-7fd814d3a000 ---p 00000000 00:00 0 
7fd814d3a000-7fd814e3a000 rw-p 00000000 00:00 0 
7fd814e3a000-7fd814e3b000 ---p 00000000 00:00 0 
7fd814e3b000-7fd814f3b000 rw-p 00000000 00:00 0 
7fd814f3b000-7fd814f3c000 ---p 00000000 00:00 0 
7fd814f3c000-7fd815050000 rw-p 00000000 00:00 0 
7fd815050000-7fd8152e7000 ---p 00000000 00:00 0 
7fd8152e7000-7fd8152fb000 rw-p 00000000 00:00 0 
7fd8152fb000-7fd815591000 ---p 00000000 00:00 0 
7fd815591000-7fd81559c000 rw-p 00000000 00:00 0 
7fd81559c000-7fd8156e7000 ---p 00000000 00:00 0 
7fd8156e7000-7fd8156f2000 rw-p 00000000 00:00 0 
7fd8156f2000-7fd815aa8000 ---p 00000000 00:00 0 
7fd815aa8000-7fd815ac2000 r-xp 00000000 08:01 8783934                    /home/elixandrebaldi/jdk1.8.0_111/jre/lib/amd64/libzip.so
7fd815ac2000-7fd815cc2000 ---p 0001a000 08:01 8783934                    /home/elixandrebaldi/jdk1.8.0_111/jre/lib/amd64/libzip.so
7fd815cc2000-7fd815cc3000 rw-p 0001a000 08:01 8783934                    /home/elixandrebaldi/jdk1.8.0_111/jre/lib/amd64/libzip.so
7fd815cc3000-7fd815cce000 r-xp 00000000 08:01 3932251                    /lib/x86_64-linux-gnu/libnss_files-2.23.so
7fd815cce000-7fd815ecd000 ---p 0000b000 08:01 3932251                    /lib/x86_64-linux-gnu/libnss_files-2.23.so
7fd815ecd000-7fd815ece000 r--p 0000a000 08:01 3932251                    /lib/x86_64-linux-gnu/libnss_files-2.23.so
7fd815ece000-7fd815ecf000 rw-p 0000b000 08:01 3932251                    /lib/x86_64-linux-gnu/libnss_files-2.23.so
7fd815ecf000-7fd815ed5000 rw-p 00000000 00:00 0 
7fd815ed5000-7fd815ee0000 r-xp 00000000 08:01 3932244                    /lib/x86_64-linux-gnu/libnss_nis-2.23.so
7fd815ee0000-7fd8160df000 ---p 0000b000 08:01 3932244                    /lib/x86_64-linux-gnu/libnss_nis-2.23.so
7fd8160df000-7fd8160e0000 r--p 0000a000 08:01 3932244                    /lib/x86_64-linux-gnu/libnss_nis-2.23.so
7fd8160e0000-7fd8160e1000 rw-p 0000b000 08:01 3932244                    /lib/x86_64-linux-gnu/libnss_nis-2.23.so
7fd8160e1000-7fd8160f7000 r-xp 00000000 08:01 3932246                    /lib/x86_64-linux-gnu/libnsl-2.23.so
7fd8160f7000-7fd8162f6000 ---p 00016000 08:01 3932246                    /lib/x86_64-linux-gnu/libnsl-2.23.so
7fd8162f6000-7fd8162f7000 r--p 00015000 08:01 3932246                    /lib/x86_64-linux-gnu/libnsl-2.23.so
7fd8162f7000-7fd8162f8000 rw-p 00016000 08:01 3932246                    /lib/x86_64-linux-gnu/libnsl-2.23.so
7fd8162f8000-7fd8162fa000 rw-p 00000000 00:00 0 
7fd8162fa000-7fd816302000 r-xp 00000000 08:01 3932253                    /lib/x86_64-linux-gnu/libnss_compat-2.23.so
7fd816302000-7fd816501000 ---p 00008000 08:01 3932253                    /lib/x86_64-linux-gnu/libnss_compat-2.23.so
7fd816501000-7fd816502000 r--p 00007000 08:01 3932253                    /lib/x86_64-linux-gnu/libnss_compat-2.23.so
7fd816502000-7fd816503000 rw-p 00008000 08:01 3932253                    /lib/x86_64-linux-gnu/libnss_compat-2.23.so
7fd816503000-7fd81652e000 r-xp 00000000 08:01 8783907                    /home/elixandrebaldi/jdk1.8.0_111/jre/lib/amd64/libjava.so
7fd81652e000-7fd81672d000 ---p 0002b000 08:01 8783907                    /home/elixandrebaldi/jdk1.8.0_111/jre/lib/amd64/libjava.so
7fd81672d000-7fd81672f000 rw-p 0002a000 08:01 8783907                    /home/elixandrebaldi/jdk1.8.0_111/jre/lib/amd64/libjava.so
7fd81672f000-7fd81673c000 r-xp 00000000 08:01 8783870                    /home/elixandrebaldi/jdk1.8.0_111/jre/lib/amd64/libverify.so
7fd81673c000-7fd81693b000 ---p 0000d000 08:01 8783870                    /home/elixandrebaldi/jdk1.8.0_111/jre/lib/amd64/libverify.so
7fd81693b000-7fd81693d000 rw-p 0000c000 08:01 8783870                    /home/elixandrebaldi/jdk1.8.0_111/jre/lib/amd64/libverify.so
7fd81693d000-7fd816944000 r-xp 00000000 08:01 3932254                    /lib/x86_64-linux-gnu/librt-2.23.so
7fd816944000-7fd816b43000 ---p 00007000 08:01 3932254                    /lib/x86_64-linux-gnu/librt-2.23.so
7fd816b43000-7fd816b44000 r--p 00006000 08:01 3932254                    /lib/x86_64-linux-gnu/librt-2.23.so
7fd816b44000-7fd816b45000 rw-p 00007000 08:01 3932254                    /lib/x86_64-linux-gnu/librt-2.23.so
7fd816b45000-7fd816c4d000 r-xp 00000000 08:01 3932245                    /lib/x86_64-linux-gnu/libm-2.23.so
7fd816c4d000-7fd816e4c000 ---p 00108000 08:01 3932245                    /lib/x86_64-linux-gnu/libm-2.23.so
7fd816e4c000-7fd816e4d000 r--p 00107000 08:01 3932245                    /lib/x86_64-linux-gnu/libm-2.23.so
7fd816e4d000-7fd816e4e000 rw-p 00108000 08:01 3932245                    /lib/x86_64-linux-gnu/libm-2.23.so
7fd816e4e000-7fd817b1b000 r-xp 00000000 08:01 8783785                    /home/elixandrebaldi/jdk1.8.0_111/jre/lib/amd64/server/libjvm.so
7fd817b1b000-7fd817d1a000 ---p 00ccd000 08:01 8783785                    /home/elixandrebaldi/jdk1.8.0_111/jre/lib/amd64/server/libjvm.so
7fd817d1a000-7fd817df3000 rw-p 00ccc000 08:01 8783785                    /home/elixandrebaldi/jdk1.8.0_111/jre/lib/amd64/server/libjvm.so
7fd817df3000-7fd817e3e000 rw-p 00000000 00:00 0 
7fd817e3e000-7fd817ffd000 r-xp 00000000 08:01 3932247                    /lib/x86_64-linux-gnu/libc-2.23.so
7fd817ffd000-7fd8181fd000 ---p 001bf000 08:01 3932247                    /lib/x86_64-linux-gnu/libc-2.23.so
7fd8181fd000-7fd818201000 r--p 001bf000 08:01 3932247                    /lib/x86_64-linux-gnu/libc-2.23.so
7fd818201000-7fd818203000 rw-p 001c3000 08:01 3932247                    /lib/x86_64-linux-gnu/libc-2.23.so
7fd818203000-7fd818207000 rw-p 00000000 00:00 0 
7fd818207000-7fd81820a000 r-xp 00000000 08:01 3932243                    /lib/x86_64-linux-gnu/libdl-2.23.so
7fd81820a000-7fd818409000 ---p 00003000 08:01 3932243                    /lib/x86_64-linux-gnu/libdl-2.23.so
7fd818409000-7fd81840a000 r--p 00002000 08:01 3932243                    /lib/x86_64-linux-gnu/libdl-2.23.so
7fd81840a000-7fd81840b000 rw-p 00003000 08:01 3932243                    /lib/x86_64-linux-gnu/libdl-2.23.so
7fd81840b000-7fd818420000 r-xp 00000000 08:01 8783943                    /home/elixandrebaldi/jdk1.8.0_111/lib/amd64/jli/libjli.so
7fd818420000-7fd818620000 ---p 00015000 08:01 8783943                    /home/elixandrebaldi/jdk1.8.0_111/lib/amd64/jli/libjli.so
7fd818620000-7fd818621000 rw-p 00015000 08:01 8783943                    /home/elixandrebaldi/jdk1.8.0_111/lib/amd64/jli/libjli.so
7fd818621000-7fd818639000 r-xp 00000000 08:01 3932258                    /lib/x86_64-linux-gnu/libpthread-2.23.so
7fd818639000-7fd818838000 ---p 00018000 08:01 3932258                    /lib/x86_64-linux-gnu/libpthread-2.23.so
7fd818838000-7fd818839000 r--p 00017000 08:01 3932258                    /lib/x86_64-linux-gnu/libpthread-2.23.so
7fd818839000-7fd81883a000 rw-p 00018000 08:01 3932258                    /lib/x86_64-linux-gnu/libpthread-2.23.so
7fd81883a000-7fd81883e000 rw-p 00000000 00:00 0 
7fd81883e000-7fd818864000 r-xp 00000000 08:01 3932248                    /lib/x86_64-linux-gnu/ld-2.23.so
7fd818875000-7fd818941000 rw-p 00000000 00:00 0 
7fd818941000-7fd818944000 ---p 00000000 00:00 0 
7fd818944000-7fd818a46000 rw-p 00000000 00:00 0 
7fd818a48000-7fd818a4f000 r--s 00000000 08:01 23463272                   /usr/lib/x86_64-linux-gnu/gconv/gconv-modules.cache
7fd818a4f000-7fd818a54000 r--s 00096000 08:01 8783911                    /home/elixandrebaldi/jdk1.8.0_111/jre/lib/jsse.jar
7fd818a54000-7fd818a57000 r--s 00f76000 08:01 8524426                    /home/elixandrebaldi/Documentos/VCubeDHT/simgrid.jar
7fd818a57000-7fd818a5f000 rw-s 00000000 08:01 2359392                    /tmp/hsperfdata_elixandrebaldi/7708 (deleted)
7fd818a5f000-7fd818a60000 rw-p 00000000 00:00 0 
7fd818a60000-7fd818a61000 ---p 00000000 00:00 0 
7fd818a61000-7fd818a63000 rw-p 00000000 00:00 0 
7fd818a63000-7fd818a64000 r--p 00025000 08:01 3932248                    /lib/x86_64-linux-gnu/ld-2.23.so
7fd818a64000-7fd818a65000 rw-p 00026000 08:01 3932248                    /lib/x86_64-linux-gnu/ld-2.23.so
7fd818a65000-7fd818a66000 rw-p 00000000 00:00 0 
7fff5e033000-7fff5e054000 rw-p 00000000 00:00 0                          [stack]
7fff5e0a7000-7fff5e0a9000 r--p 00000000 00:00 0                          [vvar]
7fff5e0a9000-7fff5e0ab000 r-xp 00000000 00:00 0                          [vdso]
ffffffffff600000-ffffffffff601000 r-xp 00000000 00:00 0                  [vsyscall]

VM Arguments:
jvm_args: -Dfile.encoding=UTF-8 -Xmx2048m 
java_command: vcube.VCube platform.xml deployment.xml
java_class_path (initial): /home/elixandrebaldi/Documentos/VCubeDHT/simgrid.jar:/home/elixandrebaldi/Documentos/VCubeDHT/VCube/build/classes
Launcher Type: SUN_STANDARD

Environment Variables:
PATH=/home/elixandrebaldi/bin:/home/elixandrebaldi/.local/bin:/usr/local/sbin:/usr/local/bin:/usr/sbin:/usr/bin:/sbin:/bin:/usr/games:/usr/local/games
LD_LIBRARY_PATH=/home/elixandrebaldi/jdk1.8.0_111/jre/lib/amd64:/home/elixandrebaldi/jdk1.8.0_111/jre/lib/i386:
SHELL=/bin/bash
DISPLAY=:0

Signal Handlers:
SIGSEGV: [libjvm.so+0xac64b0], sa_mask[0]=11111111011111111101111111111110, sa_flags=SA_RESTART|SA_SIGINFO
SIGBUS: [libjvm.so+0xac64b0], sa_mask[0]=11111111011111111101111111111110, sa_flags=SA_RESTART|SA_SIGINFO
SIGFPE: [libjvm.so+0x91f950], sa_mask[0]=11111111011111111101111111111110, sa_flags=SA_RESTART|SA_SIGINFO
SIGPIPE: [libjvm.so+0x91f950], sa_mask[0]=11111111011111111101111111111110, sa_flags=SA_RESTART|SA_SIGINFO
SIGXFSZ: [libjvm.so+0x91f950], sa_mask[0]=11111111011111111101111111111110, sa_flags=SA_RESTART|SA_SIGINFO
SIGILL: [libjvm.so+0x91f950], sa_mask[0]=11111111011111111101111111111110, sa_flags=SA_RESTART|SA_SIGINFO
SIGUSR1: SIG_DFL, sa_mask[0]=00000000000000000000000000000000, sa_flags=none
SIGUSR2: [libjvm.so+0x920f80], sa_mask[0]=00100000000000000000000000000000, sa_flags=SA_RESTART|SA_SIGINFO
SIGHUP: [libjvm.so+0x922380], sa_mask[0]=11111111011111111101111111111110, sa_flags=SA_RESTART|SA_SIGINFO
SIGINT: [libsimgrid.so+0x8ff50], sa_mask[0]=01000000000000000000000000000000, sa_flags=SA_RESTART
SIGTERM: [libjvm.so+0x922380], sa_mask[0]=11111111011111111101111111111110, sa_flags=SA_RESTART|SA_SIGINFO
SIGQUIT: [libjvm.so+0x922380], sa_mask[0]=11111111011111111101111111111110, sa_flags=SA_RESTART|SA_SIGINFO


---------------  S Y S T E M  ---------------

OS:DISTRIB_ID="elementary"
DISTRIB_RELEASE=0.4.1
DISTRIB_CODENAME=loki
DISTRIB_DESCRIPTION="elementary OS 0.4.1 Loki"

uname:Linux 4.4.0-79-generic #100-Ubuntu SMP Wed May 17 19:58:14 UTC 2017 x86_64
libc:glibc 2.23 NPTL 2.23 
rlimit: STACK 8192k, CORE 0k, NPROC 14991, NOFILE 65536, AS infinity
load average:0.65 0.63 0.80

/proc/meminfo:
MemTotal:        3878592 kB
MemFree:         1237696 kB
MemAvailable:    1665540 kB
Buffers:          104748 kB
Cached:           610028 kB
SwapCached:          100 kB
Active:          1456880 kB
Inactive:         944292 kB
Active(anon):    1157028 kB
Inactive(anon):   669192 kB
Active(file):     299852 kB
Inactive(file):   275100 kB
Unevictable:          48 kB
Mlocked:              48 kB
SwapTotal:       4025340 kB
SwapFree:        4021844 kB
Dirty:             13104 kB
Writeback:             0 kB
AnonPages:       1686548 kB
Mapped:           241644 kB
Shmem:            139452 kB
Slab:             143280 kB
SReclaimable:     110776 kB
SUnreclaim:        32504 kB
KernelStack:        8416 kB
PageTables:        30668 kB
NFS_Unstable:          0 kB
Bounce:                0 kB
WritebackTmp:          0 kB
CommitLimit:     5964636 kB
Committed_AS:    5029180 kB
VmallocTotal:   34359738367 kB
VmallocUsed:           0 kB
VmallocChunk:          0 kB
HardwareCorrupted:     0 kB
AnonHugePages:   1116160 kB
CmaTotal:              0 kB
CmaFree:               0 kB
HugePages_Total:       0
HugePages_Free:        0
HugePages_Rsvd:        0
HugePages_Surp:        0
Hugepagesize:       2048 kB
DirectMap4k:      140024 kB
DirectMap2M:     3887104 kB


CPU:total 4 (2 cores per cpu, 2 threads per core) family 6 model 58 stepping 9, cmov, cx8, fxsr, mmx, sse, sse2, sse3, ssse3, sse4.1, sse4.2, popcnt, avx, clmul, erms, ht, tsc, tscinvbit, tscinv

/proc/cpuinfo:
processor	: 0
vendor_id	: GenuineIntel
cpu family	: 6
model		: 58
model name	: Intel(R) Core(TM) i7-3517U CPU @ 1.90GHz
stepping	: 9
microcode	: 0x12
cpu MHz		: 1518.562
cache size	: 4096 KB
physical id	: 0
siblings	: 4
core id		: 0
cpu cores	: 2
apicid		: 0
initial apicid	: 0
fpu		: yes
fpu_exception	: yes
cpuid level	: 13
wp		: yes
flags		: fpu vme de pse tsc msr pae mce cx8 apic sep mtrr pge mca cmov pat pse36 clflush dts acpi mmx fxsr sse sse2 ss ht tm pbe syscall nx rdtscp lm constant_tsc arch_perfmon pebs bts rep_good nopl xtopology nonstop_tsc aperfmperf eagerfpu pni pclmulqdq dtes64 monitor ds_cpl vmx est tm2 ssse3 cx16 xtpr pdcm pcid sse4_1 sse4_2 x2apic popcnt tsc_deadline_timer xsave avx f16c rdrand lahf_lm epb tpr_shadow vnmi flexpriority ept vpid fsgsbase smep erms xsaveopt dtherm ida arat pln pts
bugs		:
bogomips	: 4789.43
clflush size	: 64
cache_alignment	: 64
address sizes	: 36 bits physical, 48 bits virtual
power management:

processor	: 1
vendor_id	: GenuineIntel
cpu family	: 6
model		: 58
model name	: Intel(R) Core(TM) i7-3517U CPU @ 1.90GHz
stepping	: 9
microcode	: 0x12
cpu MHz		: 859.500
cache size	: 4096 KB
physical id	: 0
siblings	: 4
core id		: 0
cpu cores	: 2
apicid		: 1
initial apicid	: 1
fpu		: yes
fpu_exception	: yes
cpuid level	: 13
wp		: yes
flags		: fpu vme de pse tsc msr pae mce cx8 apic sep mtrr pge mca cmov pat pse36 clflush dts acpi mmx fxsr sse sse2 ss ht tm pbe syscall nx rdtscp lm constant_tsc arch_perfmon pebs bts rep_good nopl xtopology nonstop_tsc aperfmperf eagerfpu pni pclmulqdq dtes64 monitor ds_cpl vmx est tm2 ssse3 cx16 xtpr pdcm pcid sse4_1 sse4_2 x2apic popcnt tsc_deadline_timer xsave avx f16c rdrand lahf_lm epb tpr_shadow vnmi flexpriority ept vpid fsgsbase smep erms xsaveopt dtherm ida arat pln pts
bugs		:
bogomips	: 4789.43
clflush size	: 64
cache_alignment	: 64
address sizes	: 36 bits physical, 48 bits virtual
power management:

processor	: 2
vendor_id	: GenuineIntel
cpu family	: 6
model		: 58
model name	: Intel(R) Core(TM) i7-3517U CPU @ 1.90GHz
stepping	: 9
microcode	: 0x12
cpu MHz		: 1826.062
cache size	: 4096 KB
physical id	: 0
siblings	: 4
core id		: 1
cpu cores	: 2
apicid		: 2
initial apicid	: 2
fpu		: yes
fpu_exception	: yes
cpuid level	: 13
wp		: yes
flags		: fpu vme de pse tsc msr pae mce cx8 apic sep mtrr pge mca cmov pat pse36 clflush dts acpi mmx fxsr sse sse2 ss ht tm pbe syscall nx rdtscp lm constant_tsc arch_perfmon pebs bts rep_good nopl xtopology nonstop_tsc aperfmperf eagerfpu pni pclmulqdq dtes64 monitor ds_cpl vmx est tm2 ssse3 cx16 xtpr pdcm pcid sse4_1 sse4_2 x2apic popcnt tsc_deadline_timer xsave avx f16c rdrand lahf_lm epb tpr_shadow vnmi flexpriority ept vpid fsgsbase smep erms xsaveopt dtherm ida arat pln pts
bugs		:
bogomips	: 4789.43
clflush size	: 64
cache_alignment	: 64
address sizes	: 36 bits physical, 48 bits virtual
power management:

processor	: 3
vendor_id	: GenuineIntel
cpu family	: 6
model		: 58
model name	: Intel(R) Core(TM) i7-3517U CPU @ 1.90GHz
stepping	: 9
microcode	: 0x12
cpu MHz		: 1741.406
cache size	: 4096 KB
physical id	: 0
siblings	: 4
core id		: 1
cpu cores	: 2
apicid		: 3
initial apicid	: 3
fpu		: yes
fpu_exception	: yes
cpuid level	: 13
wp		: yes
flags		: fpu vme de pse tsc msr pae mce cx8 apic sep mtrr pge mca cmov pat pse36 clflush dts acpi mmx fxsr sse sse2 ss ht tm pbe syscall nx rdtscp lm constant_tsc arch_perfmon pebs bts rep_good nopl xtopology nonstop_tsc aperfmperf eagerfpu pni pclmulqdq dtes64 monitor ds_cpl vmx est tm2 ssse3 cx16 xtpr pdcm pcid sse4_1 sse4_2 x2apic popcnt tsc_deadline_timer xsave avx f16c rdrand lahf_lm epb tpr_shadow vnmi flexpriority ept vpid fsgsbase smep erms xsaveopt dtherm ida arat pln pts
bugs		:
bogomips	: 4789.43
clflush size	: 64
cache_alignment	: 64
address sizes	: 36 bits physical, 48 bits virtual
power management:



Memory: 4k page, physical 3878592k(1237696k free), swap 4025340k(4021844k free)

vm_info: Java HotSpot(TM) 64-Bit Server VM (25.111-b14) for linux-amd64 JRE (1.8.0_111-b14), built on Sep 22 2016 16:14:03 by "java_re" with gcc 4.3.0 20080428 (Red Hat 4.3.0-8)

time: Tue Jun 13 15:36:39 2017
elapsed time: 2 seconds (0d 0h 0m 2s)

