#
# A fatal error has been detected by the Java Runtime Environment:
#
#  SIGSEGV (0xb) at pc=0x00007feafa10d263, pid=9017, tid=0x00007feb189d8700
#
# JRE version: Java(TM) SE Runtime Environment (8.0_111-b14) (build 1.8.0_111-b14)
# Java VM: Java HotSpot(TM) 64-Bit Server VM (25.111-b14 mixed mode linux-amd64 compressed oops)
# Problematic frame:
# C  [libsimgrid.so+0x190263]  xbt_dynar_member+0x23
#
# Failed to write core dump. Core dumps have been disabled. To enable core dumping, try "ulimit -c unlimited" before starting Java again
#
# If you would like to submit a bug report, please visit:
#   http://bugreport.java.com/bugreport/crash.jsp
#

---------------  T H R E A D  ---------------

Current thread (0x00007feb2c077800):  VMThread [stack: 0x00007feb188d8000,0x00007feb189d9000] [id=9026]

siginfo: si_signo: 11 (SIGSEGV), si_code: 1 (SEGV_MAPERR), si_addr: 0x0000000000000000

Registers:
RAX=0x0000000000000000, RBX=0x00007feafa479700, RCX=0x00007feb2c178d50, RDX=0x00007feb189d8a30
RSP=0x00007feb189d7690, RBP=0x00007feb2c173140, RSI=0x00007feb189d7838, RDI=0x00007feb189d7750
R8 =0x00007feb2c16a150, R9 =0x0000000000000000, R10=0x0000000000000c58, R11=0x00007feafa10d240
R12=0x00007feafa484790, R13=0x00007feb2c153150, R14=0x00000000000003d8, R15=0x00007feb2c026e88
RIP=0x00007feafa10d263, EFLAGS=0x0000000000010206, CSGSFS=0x0000000000000033, ERR=0x0000000000000004
  TRAPNO=0x000000000000000e

Top of Stack: (sp=0x00007feb189d7690)
0x00007feb189d7690:   0000000000000000 0000000000000000
0x00007feb189d76a0:   00007feb2c16a1c0 00007feb189d7838
0x00007feb189d76b0:   0000000000000000 0000000000000000
0x00007feb189d76c0:   0000000000000000 0000000000000000
0x00007feb189d76d0:   0000000000000000 0000000000000000
0x00007feb189d76e0:   0000000000000000 0000000000000000
0x00007feb189d76f0:   0000000000000000 0000000000000000
0x00007feb189d7700:   0000ff00000000ff 00000000ff000000
0x00007feb189d7710:   0000000000000000 0000000000000000
0x00007feb189d7720:   0000000000000000 0000000000000000
0x00007feb189d7730:   0000000000000000 0000000000000000
0x00007feb189d7740:   0000000042c80000 0000000000000000
0x00007feb189d7750:   0000000000000000 0000000000000000
0x00007feb189d7760:   0000000000000000 0000000000000000
0x00007feb189d7770:   0000000000000000 0000000000000000
0x00007feb189d7780:   0000000000000000 00000000000000ff
0x00007feb189d7790:   0000000000000000 0000000000000000
0x00007feb189d77a0:   0000000000000000 0000000000000000
0x00007feb189d77b0:   0000000000000000 0000000000000000
0x00007feb189d77c0:   00007feb2c178d50 00007feb2c178d50
0x00007feb189d77d0:   0000000000000001 00007feb189d7838
0x00007feb189d77e0:   00007feb2c16a1c0 00007feb2c16a150
0x00007feb189d77f0:   0000000000000000 00007feafa47ca98
0x00007feb189d7800:   00007feb2c16c3b0 0000000000000001
0x00007feb189d7810:   00007feafa479700 00007feb2c1515e0
0x00007feb189d7820:   00007feafa479700 00007feafa12a34f
0x00007feb189d7830:   0000000000000000 00007feb2c178d50
0x00007feb189d7840:   0000000000000000 0000000000000000
0x00007feb189d7850:   0000000000000000 00007feafa47ca98
0x00007feb189d7860:   00007feb2c16c3b0 0000000000000001
0x00007feb189d7870:   00007feb2c153150 00007feafa10bd37
0x00007feb189d7880:   00007feb2c153150 00007feafa47c098 

Instructions: (pc=0x00007feafa10d263)
0x00007feafa10d243:   ec 90 01 00 00 48 8b 05 01 a2 33 00 48 89 7c 24
0x00007feafa10d253:   10 48 89 74 24 18 ff 10 48 8d bc 24 c0 00 00 00
0x00007feafa10d263:   48 8b 08 48 89 04 24 48 89 38 48 89 4c 24 08 e8
0x00007feafa10d273:   79 31 ed ff 85 c0 74 75 48 8b 14 24 c7 42 08 01 

Register to memory mapping:

RAX=0x0000000000000000 is an unknown value
RBX=0x00007feafa479700: _simgrid_log_category__simix_process+0 in /tmp/simgrid-java258801680783267662/libsimgrid.so at 0x00007feaf9f7d000
RCX=0x00007feb2c178d50 is an unknown value
RDX=0x00007feb189d8a30 is an unknown value
RSP=0x00007feb189d7690 is an unknown value
RBP=0x00007feb2c173140 is an unknown value
RSI=0x00007feb189d7838 is an unknown value
RDI=0x00007feb189d7750 is an unknown value
R8 =0x00007feb2c16a150 is an unknown value
R9 =0x0000000000000000 is an unknown value
R10=0x0000000000000c58 is an unknown value
R11=0x00007feafa10d240: xbt_dynar_member+0 in /tmp/simgrid-java258801680783267662/libsimgrid.so at 0x00007feaf9f7d000
R12=0x00007feafa484790: simix_global+0 in /tmp/simgrid-java258801680783267662/libsimgrid.so at 0x00007feaf9f7d000
R13=0x00007feb2c153150 is an unknown value
R14=0x00000000000003d8 is an unknown value
R15=0x00007feb2c026e88 is an unknown value


Stack: [0x00007feb188d8000,0x00007feb189d9000],  sp=0x00007feb189d7690,  free space=1021k
Native frames: (J=compiled Java code, j=interpreted, Vv=VM code, C=native code)
C  [libsimgrid.so+0x190263]  xbt_dynar_member+0x23

VM_Operation (0x00007feaf87c8550): Exit, mode: safepoint, requested by thread 0x00007feaf4001000


---------------  P R O C E S S  ---------------

Java Threads: ( => current thread )
  0x00007feaf4001000 JavaThread "SIGTERM handler" daemon [_thread_blocked, id=9051, stack(0x00007feaf86c9000,0x00007feaf87ca000)]
  0x00007fea9c001000 JavaThread "Thread-16" [_thread_in_native, id=9050, stack(0x00007feab87f9000,0x00007feab8ffa000)]
  0x00007fea98001000 JavaThread "Thread-15" [_thread_in_native, id=9049, stack(0x00007feab8ffa000,0x00007feab97fb000)]
  0x00007feaa4001000 JavaThread "Thread-14" [_thread_in_native, id=9048, stack(0x00007feab97fb000,0x00007feab9ffc000)]
  0x00007feaa0001000 JavaThread "Thread-13" [_thread_in_native, id=9047, stack(0x00007feab9ffc000,0x00007feaba7fd000)]
  0x00007feaac001000 JavaThread "Thread-12" [_thread_in_native, id=9046, stack(0x00007feaba7fd000,0x00007feabaffe000)]
  0x00007feaa8001000 JavaThread "Thread-11" [_thread_in_native, id=9045, stack(0x00007feabaffe000,0x00007feabb7ff000)]
  0x00007feab0001000 JavaThread "Thread-10" [_thread_in_native, id=9044, stack(0x00007feabb7ff000,0x00007feabc000000)]
  0x00007feab4001000 JavaThread "Thread-9" [_thread_in_native, id=9043, stack(0x00007fead87f9000,0x00007fead8ffa000)]
  0x00007feac0001000 JavaThread "Thread-8" [_thread_in_native, id=9042, stack(0x00007fead8ffa000,0x00007fead97fb000)]
  0x00007feabc001000 JavaThread "Thread-6" [_thread_in_native, id=9041, stack(0x00007fead97fb000,0x00007fead9ffc000)]
  0x00007feac4001000 JavaThread "Thread-5" [_thread_in_native, id=9039, stack(0x00007feada7fd000,0x00007feadaffe000)]
  0x00007feac8001000 JavaThread "Thread-7" [_thread_in_native, id=9040, stack(0x00007fead9ffc000,0x00007feada7fd000)]
  0x00007fead0001000 JavaThread "Thread-4" [_thread_in_native, id=9038, stack(0x00007feadaffe000,0x00007feadb7ff000)]
  0x00007feacc001000 JavaThread "Thread-3" [_thread_in_native, id=9037, stack(0x00007feadb7ff000,0x00007feadc000000)]
  0x00007fead4001000 JavaThread "Thread-2" [_thread_in_native, id=9036, stack(0x00007feaf87ca000,0x00007feaf8fcb000)]
  0x00007feae0001000 JavaThread "Thread-1" [_thread_blocked, id=9035, stack(0x00007feaf8fcb000,0x00007feaf97cc000)]
  0x00007feb2c0c0000 JavaThread "Service Thread" daemon [_thread_blocked, id=9033, stack(0x00007feb181d1000,0x00007feb182d2000)]
  0x00007feb2c0bd000 JavaThread "C1 CompilerThread2" daemon [_thread_blocked, id=9032, stack(0x00007feb182d2000,0x00007feb183d3000)]
  0x00007feb2c0bb000 JavaThread "C2 CompilerThread1" daemon [_thread_blocked, id=9031, stack(0x00007feb183d3000,0x00007feb184d4000)]
  0x00007feb2c0b8800 JavaThread "C2 CompilerThread0" daemon [_thread_blocked, id=9030, stack(0x00007feb184d4000,0x00007feb185d5000)]
  0x00007feb2c0b7000 JavaThread "Signal Dispatcher" daemon [_thread_blocked, id=9029, stack(0x00007feb185d5000,0x00007feb186d6000)]
  0x00007feb2c084000 JavaThread "Finalizer" daemon [_thread_blocked, id=9028, stack(0x00007feb186d6000,0x00007feb187d7000)]
  0x00007feb2c07f000 JavaThread "Reference Handler" daemon [_thread_blocked, id=9027, stack(0x00007feb187d7000,0x00007feb188d8000)]
  0x00007feb2c00a000 JavaThread "main" [_thread_in_native, id=9020, stack(0x00007feb35527000,0x00007feb35628000)]

Other Threads:
=>0x00007feb2c077800 VMThread [stack: 0x00007feb188d8000,0x00007feb189d9000] [id=9026]

VM state:at safepoint (shutting down)

VM Mutex/Monitor currently owned by a thread:  ([mutex/lock_event])
[0x00007feb2c0060f0] Threads_lock - owner thread: 0x00007feb2c077800

Heap:
 PSYoungGen      total 23552K, used 12307K [0x00000000d5580000, 0x00000000d7600000, 0x0000000100000000)
  eden space 14848K, 49% used [0x00000000d5580000,0x00000000d5cbcc18,0x00000000d6400000)
  from space 8704K, 56% used [0x00000000d6d80000,0x00000000d7248000,0x00000000d7600000)
  to   space 9216K, 0% used [0x00000000d6400000,0x00000000d6400000,0x00000000d6d00000)
 ParOldGen       total 40960K, used 18032K [0x0000000080000000, 0x0000000082800000, 0x00000000d5580000)
  object space 40960K, 44% used [0x0000000080000000,0x000000008119c050,0x0000000082800000)
 Metaspace       used 3757K, capacity 4704K, committed 4864K, reserved 1056768K
  class space    used 417K, capacity 464K, committed 512K, reserved 1048576K

Card table byte_map: [0x00007feb31ecd000,0x00007feb322ce000] byte_map_base: 0x00007feb31acd000

Marking Bits: (ParMarkBitMap*) 0x00007feb349f7220
 Begin Bits: [0x00007feb19000000, 0x00007feb1b000000)
 End Bits:   [0x00007feb1b000000, 0x00007feb1d000000)

Polling page: 0x00007feb35646000

CodeCache: size=245760Kb used=2839Kb max_used=2892Kb free=242920Kb
 bounds [0x00007feb1d000000, 0x00007feb1d310000, 0x00007feb2c000000]
 total_blobs=480 nmethods=217 adapters=177
 compilation: enabled

Compilation events (10 events):
Event: 20.804 Thread 0x00007feb2c0bb000  213       4       java.lang.AbstractStringBuilder::<init> (12 bytes)
Event: 20.806 Thread 0x00007feb2c0bb000 nmethod 213 0x00007feb1d206090 code [0x00007feb1d2061e0, 0x00007feb1d206318]
Event: 21.284 Thread 0x00007feb2c0bb000  214       4       java.lang.Integer::stringSize (21 bytes)
Event: 21.286 Thread 0x00007feb2c0bb000 nmethod 214 0x00007feb1d164e90 code [0x00007feb1d164fe0, 0x00007feb1d1650d8]
Event: 21.306 Thread 0x00007feb2c0bb000  215       4       java.lang.String::<init> (10 bytes)
Event: 21.306 Thread 0x00007feb2c0bb000 nmethod 215 0x00007feb1d14aa10 code [0x00007feb1d14ab60, 0x00007feb1d14abd8]
Event: 21.781 Thread 0x00007feb2c0bb000  216 % !   4       vcube.Node::main @ 2 (1896 bytes)
Event: 22.605 Thread 0x00007feb2c0bb000 nmethod 216% 0x00007feb1d2d9810 code [0x00007feb1d2da560, 0x00007feb1d2e5df0]
Event: 23.814 Thread 0x00007feb2c0b8800  217 % !   4       vcube.Node::main @ 19 (1896 bytes)
Event: 24.605 Thread 0x00007feb2c0b8800 nmethod 217% 0x00007feb1d2f7450 code [0x00007feb1d2f8320, 0x00007feb1d304738]

GC Heap History (10 events):
Event: 19.471 GC heap before
{Heap before GC invocations=6 (full 0):
 PSYoungGen      total 17920K, used 17920K [0x00000000d5580000, 0x00000000d7280000, 0x0000000100000000)
  eden space 15360K, 100% used [0x00000000d5580000,0x00000000d6480000,0x00000000d6480000)
  from space 2560K, 100% used [0x00000000d6480000,0x00000000d6700000,0x00000000d6700000)
  to   space 7168K, 0% used [0x00000000d6b80000,0x00000000d6b80000,0x00000000d7280000)
 ParOldGen       total 40960K, used 7888K [0x0000000080000000, 0x0000000082800000, 0x00000000d5580000)
  object space 40960K, 19% used [0x0000000080000000,0x00000000807b4050,0x0000000082800000)
 Metaspace       used 3742K, capacity 4704K, committed 4864K, reserved 1056768K
  class space    used 414K, capacity 464K, committed 512K, reserved 1048576K
Event: 19.485 GC heap after
Heap after GC invocations=6 (full 0):
 PSYoungGen      total 22528K, used 5088K [0x00000000d5580000, 0x00000000d7280000, 0x0000000100000000)
  eden space 15360K, 0% used [0x00000000d5580000,0x00000000d5580000,0x00000000d6480000)
  from space 7168K, 70% used [0x00000000d6b80000,0x00000000d7078000,0x00000000d7280000)
  to   space 7168K, 0% used [0x00000000d6480000,0x00000000d6480000,0x00000000d6b80000)
 ParOldGen       total 40960K, used 7888K [0x0000000080000000, 0x0000000082800000, 0x00000000d5580000)
  object space 40960K, 19% used [0x0000000080000000,0x00000000807b4050,0x0000000082800000)
 Metaspace       used 3742K, capacity 4704K, committed 4864K, reserved 1056768K
  class space    used 414K, capacity 464K, committed 512K, reserved 1048576K
}
Event: 23.873 GC heap before
{Heap before GC invocations=7 (full 0):
 PSYoungGen      total 22528K, used 20448K [0x00000000d5580000, 0x00000000d7280000, 0x0000000100000000)
  eden space 15360K, 100% used [0x00000000d5580000,0x00000000d6480000,0x00000000d6480000)
  from space 7168K, 70% used [0x00000000d6b80000,0x00000000d7078000,0x00000000d7280000)
  to   space 7168K, 0% used [0x00000000d6480000,0x00000000d6480000,0x00000000d6b80000)
 ParOldGen       total 40960K, used 7888K [0x0000000080000000, 0x0000000082800000, 0x00000000d5580000)
  object space 40960K, 19% used [0x0000000080000000,0x00000000807b4050,0x0000000082800000)
 Metaspace       used 3742K, capacity 4704K, committed 4864K, reserved 1056768K
  class space    used 414K, capacity 464K, committed 512K, reserved 1048576K
Event: 23.903 GC heap after
Heap after GC invocations=7 (full 0):
 PSYoungGen      total 22528K, used 6688K [0x00000000d5580000, 0x00000000d7480000, 0x0000000100000000)
  eden space 15360K, 0% used [0x00000000d5580000,0x00000000d5580000,0x00000000d6480000)
  from space 7168K, 93% used [0x00000000d6480000,0x00000000d6b08000,0x00000000d6b80000)
  to   space 8192K, 0% used [0x00000000d6c80000,0x00000000d6c80000,0x00000000d7480000)
 ParOldGen       total 40960K, used 8760K [0x0000000080000000, 0x0000000082800000, 0x00000000d5580000)
  object space 40960K, 21% used [0x0000000080000000,0x000000008088e050,0x0000000082800000)
 Metaspace       used 3742K, capacity 4704K, committed 4864K, reserved 1056768K
  class space    used 414K, capacity 464K, committed 512K, reserved 1048576K
}
Event: 29.251 GC heap before
{Heap before GC invocations=8 (full 0):
 PSYoungGen      total 22528K, used 22048K [0x00000000d5580000, 0x00000000d7480000, 0x0000000100000000)
  eden space 15360K, 100% used [0x00000000d5580000,0x00000000d6480000,0x00000000d6480000)
  from space 7168K, 93% used [0x00000000d6480000,0x00000000d6b08000,0x00000000d6b80000)
  to   space 8192K, 0% used [0x00000000d6c80000,0x00000000d6c80000,0x00000000d7480000)
 ParOldGen       total 40960K, used 8760K [0x0000000080000000, 0x0000000082800000, 0x00000000d5580000)
  object space 40960K, 21% used [0x0000000080000000,0x000000008088e050,0x0000000082800000)
 Metaspace       used 3742K, capacity 4704K, committed 4864K, reserved 1056768K
  class space    used 414K, capacity 464K, committed 512K, reserved 1048576K
Event: 29.280 GC heap after
Heap after GC invocations=8 (full 0):
 PSYoungGen      total 23040K, used 7584K [0x00000000d5580000, 0x00000000d7580000, 0x0000000100000000)
  eden space 14848K, 0% used [0x00000000d5580000,0x00000000d5580000,0x00000000d6400000)
  from space 8192K, 92% used [0x00000000d6c80000,0x00000000d73e8000,0x00000000d7480000)
  to   space 8704K, 0% used [0x00000000d6400000,0x00000000d6400000,0x00000000d6c80000)
 ParOldGen       total 40960K, used 10408K [0x0000000080000000, 0x0000000082800000, 0x00000000d5580000)
  object space 40960K, 25% used [0x0000000080000000,0x0000000080a2a050,0x0000000082800000)
 Metaspace       used 3742K, capacity 4704K, committed 4864K, reserved 1056768K
  class space    used 414K, capacity 464K, committed 512K, reserved 1048576K
}
Event: 33.398 GC heap before
{Heap before GC invocations=9 (full 0):
 PSYoungGen      total 23040K, used 22432K [0x00000000d5580000, 0x00000000d7580000, 0x0000000100000000)
  eden space 14848K, 100% used [0x00000000d5580000,0x00000000d6400000,0x00000000d6400000)
  from space 8192K, 92% used [0x00000000d6c80000,0x00000000d73e8000,0x00000000d7480000)
  to   space 8704K, 0% used [0x00000000d6400000,0x00000000d6400000,0x00000000d6c80000)
 ParOldGen       total 40960K, used 10408K [0x0000000080000000, 0x0000000082800000, 0x00000000d5580000)
  object space 40960K, 25% used [0x0000000080000000,0x0000000080a2a050,0x0000000082800000)
 Metaspace       used 3742K, capacity 4704K, committed 4864K, reserved 1056768K
  class space    used 414K, capacity 464K, committed 512K, reserved 1048576K
Event: 33.417 GC heap after
Heap after GC invocations=9 (full 0):
 PSYoungGen      total 23552K, used 7520K [0x00000000d5580000, 0x00000000d7700000, 0x0000000100000000)
  eden space 14848K, 0% used [0x00000000d5580000,0x00000000d5580000,0x00000000d6400000)
  from space 8704K, 86% used [0x00000000d6400000,0x00000000d6b58000,0x00000000d6c80000)
  to   space 9728K, 0% used [0x00000000d6d80000,0x00000000d6d80000,0x00000000d7700000)
 ParOldGen       total 40960K, used 12984K [0x0000000080000000, 0x0000000082800000, 0x00000000d5580000)
  object space 40960K, 31% used [0x0000000080000000,0x0000000080cae050,0x0000000082800000)
 Metaspace       used 3742K, capacity 4704K, committed 4864K, reserved 1056768K
  class space    used 414K, capacity 464K, committed 512K, reserved 1048576K
}
Event: 36.280 GC heap before
{Heap before GC invocations=10 (full 0):
 PSYoungGen      total 23552K, used 22368K [0x00000000d5580000, 0x00000000d7700000, 0x0000000100000000)
  eden space 14848K, 100% used [0x00000000d5580000,0x00000000d6400000,0x00000000d6400000)
  from space 8704K, 86% used [0x00000000d6400000,0x00000000d6b58000,0x00000000d6c80000)
  to   space 9728K, 0% used [0x00000000d6d80000,0x00000000d6d80000,0x00000000d7700000)
 ParOldGen       total 40960K, used 12984K [0x0000000080000000, 0x0000000082800000, 0x00000000d5580000)
  object space 40960K, 31% used [0x0000000080000000,0x0000000080cae050,0x0000000082800000)
 Metaspace       used 3742K, capacity 4704K, committed 4864K, reserved 1056768K
  class space    used 414K, capacity 464K, committed 512K, reserved 1048576K
Event: 36.300 GC heap after
Heap after GC invocations=10 (full 0):
 PSYoungGen      total 23552K, used 4896K [0x00000000d5580000, 0x00000000d7600000, 0x0000000100000000)
  eden space 14848K, 0% used [0x00000000d5580000,0x00000000d5580000,0x00000000d6400000)
  from space 8704K, 56% used [0x00000000d6d80000,0x00000000d7248000,0x00000000d7600000)
  to   space 9216K, 0% used [0x00000000d6400000,0x00000000d6400000,0x00000000d6d00000)
 ParOldGen       total 40960K, used 18032K [0x0000000080000000, 0x0000000082800000, 0x00000000d5580000)
  object space 40960K, 44% used [0x0000000080000000,0x000000008119c050,0x0000000082800000)
 Metaspace       used 3742K, capacity 4704K, committed 4864K, reserved 1056768K
  class space    used 414K, capacity 464K, committed 512K, reserved 1048576K
}

Deoptimization events (10 events):
Event: 12.158 Thread 0x00007feac4001000 Uncommon trap: reason=unstable_if action=reinterpret pc=0x00007feb1d234850 method=vcube.Node.main([Ljava/lang/String;)V @ 458
Event: 12.200 Thread 0x00007feac8001000 Uncommon trap: reason=unstable_if action=reinterpret pc=0x00007feb1d224b40 method=vcube.Node.main([Ljava/lang/String;)V @ 458
Event: 12.246 Thread 0x00007feabc001000 Uncommon trap: reason=unstable_if action=reinterpret pc=0x00007feb1d241240 method=vcube.Node.main([Ljava/lang/String;)V @ 458
Event: 12.292 Thread 0x00007feac0001000 Uncommon trap: reason=unstable_if action=reinterpret pc=0x00007feb1d224b40 method=vcube.Node.main([Ljava/lang/String;)V @ 458
Event: 15.485 Thread 0x00007feab0001000 Uncommon trap: reason=unstable_if action=reinterpret pc=0x00007feb1d241240 method=vcube.Node.main([Ljava/lang/String;)V @ 458
Event: 19.446 Thread 0x00007feaac001000 Uncommon trap: reason=unstable_if action=reinterpret pc=0x00007feb1d234850 method=vcube.Node.main([Ljava/lang/String;)V @ 458
Event: 19.628 Thread 0x00007feaa0001000 Uncommon trap: reason=unstable_if action=reinterpret pc=0x00007feb1d224b40 method=vcube.Node.main([Ljava/lang/String;)V @ 458
Event: 20.081 Thread 0x00007feaa4001000 Uncommon trap: reason=unstable_if action=reinterpret pc=0x00007feb1d241240 method=vcube.Node.main([Ljava/lang/String;)V @ 458
Event: 20.219 Thread 0x00007fea98001000 Uncommon trap: reason=unstable_if action=reinterpret pc=0x00007feb1d224b40 method=vcube.Node.main([Ljava/lang/String;)V @ 458
Event: 20.303 Thread 0x00007fea9c001000 Uncommon trap: reason=unstable_if action=reinterpret pc=0x00007feb1d234850 method=vcube.Node.main([Ljava/lang/String;)V @ 458

Internal exceptions (10 events):
Event: 11.521 Thread 0x00007feaa8001000 Exception <a 'java/lang/ArrayIndexOutOfBoundsException'> (0x00000000d5b99c88) thrown at [/HUDSON3/workspace/8-2-build-linux-amd64/jdk8u111/7883/hotspot/src/share/vm/runtime/sharedRuntime.cpp, line 605]
Event: 11.553 Thread 0x00007feacc001000 Exception <a 'java/lang/ArrayIndexOutOfBoundsException'> (0x00000000d5afb828) thrown at [/HUDSON3/workspace/8-2-build-linux-amd64/jdk8u111/7883/hotspot/src/share/vm/runtime/sharedRuntime.cpp, line 605]
Event: 11.553 Thread 0x00007fead0001000 Exception <a 'java/lang/ArrayIndexOutOfBoundsException'> (0x00000000d5aed720) thrown at [/HUDSON3/workspace/8-2-build-linux-amd64/jdk8u111/7883/hotspot/src/share/vm/runtime/sharedRuntime.cpp, line 605]
Event: 11.554 Thread 0x00007fead4001000 Exception <a 'java/lang/ArrayIndexOutOfBoundsException'> (0x00000000d5bac018) thrown at [/HUDSON3/workspace/8-2-build-linux-amd64/jdk8u111/7883/hotspot/src/share/vm/runtime/sharedRuntime.cpp, line 605]
Event: 11.566 Thread 0x00007feae0001000 Exception <a 'java/lang/ArrayIndexOutOfBoundsException'> (0x00000000d5bb8e50) thrown at [/HUDSON3/workspace/8-2-build-linux-amd64/jdk8u111/7883/hotspot/src/share/vm/runtime/sharedRuntime.cpp, line 605]
Event: 11.570 Thread 0x00007feab4001000 Exception <a 'java/lang/ArrayIndexOutOfBoundsException'> (0x00000000d5b90498) thrown at [/HUDSON3/workspace/8-2-build-linux-amd64/jdk8u111/7883/hotspot/src/share/vm/runtime/sharedRuntime.cpp, line 605]
Event: 11.570 Thread 0x00007feaa8001000 Exception <a 'java/lang/ArrayIndexOutOfBoundsException'> (0x00000000d5b9e920) thrown at [/HUDSON3/workspace/8-2-build-linux-amd64/jdk8u111/7883/hotspot/src/share/vm/runtime/sharedRuntime.cpp, line 605]
Event: 11.617 Thread 0x00007feacc001000 Exception <a 'java/lang/ArrayIndexOutOfBoundsException'> (0x00000000d5bd5170) thrown at [/HUDSON3/workspace/8-2-build-linux-amd64/jdk8u111/7883/hotspot/src/share/vm/runtime/sharedRuntime.cpp, line 605]
Event: 11.617 Thread 0x00007fead4001000 Exception <a 'java/lang/ArrayIndexOutOfBoundsException'> (0x00000000d5bb0b38) thrown at [/HUDSON3/workspace/8-2-build-linux-amd64/jdk8u111/7883/hotspot/src/share/vm/runtime/sharedRuntime.cpp, line 605]
Event: 11.617 Thread 0x00007fead0001000 Exception <a 'java/lang/ArrayIndexOutOfBoundsException'> (0x00000000d5bc6bb8) thrown at [/HUDSON3/workspace/8-2-build-linux-amd64/jdk8u111/7883/hotspot/src/share/vm/runtime/sharedRuntime.cpp, line 605]

Events (10 events):
Event: 39.421 Thread 0x00007feaf4001000 Thread added: 0x00007feaf4001000
Event: 39.421 loading class java/util/IdentityHashMap$KeySet
Event: 39.421 loading class java/util/IdentityHashMap$KeySet done
Event: 39.421 loading class java/util/IdentityHashMap$KeyIterator
Event: 39.421 loading class java/util/IdentityHashMap$IdentityHashMapIterator
Event: 39.422 loading class java/util/IdentityHashMap$IdentityHashMapIterator done
Event: 39.422 loading class java/util/IdentityHashMap$KeyIterator done
Event: 39.422 Thread 0x00007fea90001000 Thread added: 0x00007fea90001000
Event: 39.422 Thread 0x00007fea90001000 Thread exited: 0x00007fea90001000
Event: 39.423 Executing VM operation: Exit


Dynamic libraries:
00400000-00401000 r-xp 00000000 08:01 8784123                            /home/elixandrebaldi/jdk1.8.0_111/bin/java
00600000-00601000 rw-p 00000000 08:01 8784123                            /home/elixandrebaldi/jdk1.8.0_111/bin/java
008d6000-008f7000 rw-p 00000000 00:00 0                                  [heap]
80000000-82800000 rw-p 00000000 00:00 0 
82800000-d5580000 ---p 00000000 00:00 0 
d5580000-d7600000 rw-p 00000000 00:00 0 
d7600000-100000000 ---p 00000000 00:00 0 
100000000-100080000 rw-p 00000000 00:00 0 
100080000-140000000 ---p 00000000 00:00 0 
7fea90000000-7fea90021000 rw-p 00000000 00:00 0 
7fea90021000-7fea94000000 ---p 00000000 00:00 0 
7fea98000000-7fea98966000 rw-p 00000000 00:00 0 
7fea98966000-7fea9c000000 ---p 00000000 00:00 0 
7fea9c000000-7fea9c96d000 rw-p 00000000 00:00 0 
7fea9c96d000-7feaa0000000 ---p 00000000 00:00 0 
7feaa0000000-7feaa0960000 rw-p 00000000 00:00 0 
7feaa0960000-7feaa4000000 ---p 00000000 00:00 0 
7feaa4000000-7feaa495e000 rw-p 00000000 00:00 0 
7feaa495e000-7feaa8000000 ---p 00000000 00:00 0 
7feaa8000000-7feaa8967000 rw-p 00000000 00:00 0 
7feaa8967000-7feaac000000 ---p 00000000 00:00 0 
7feaac000000-7feaac969000 rw-p 00000000 00:00 0 
7feaac969000-7feab0000000 ---p 00000000 00:00 0 
7feab0000000-7feab0964000 rw-p 00000000 00:00 0 
7feab0964000-7feab4000000 ---p 00000000 00:00 0 
7feab4000000-7feab4967000 rw-p 00000000 00:00 0 
7feab4967000-7feab8000000 ---p 00000000 00:00 0 
7feab87f9000-7feab87fc000 ---p 00000000 00:00 0 
7feab87fc000-7feab8ffa000 rw-p 00000000 00:00 0 
7feab8ffa000-7feab8ffd000 ---p 00000000 00:00 0 
7feab8ffd000-7feab97fb000 rw-p 00000000 00:00 0 
7feab97fb000-7feab97fe000 ---p 00000000 00:00 0 
7feab97fe000-7feab9ffc000 rw-p 00000000 00:00 0 
7feab9ffc000-7feab9fff000 ---p 00000000 00:00 0 
7feab9fff000-7feaba7fd000 rw-p 00000000 00:00 0 
7feaba7fd000-7feaba800000 ---p 00000000 00:00 0 
7feaba800000-7feabaffe000 rw-p 00000000 00:00 0 
7feabaffe000-7feabb001000 ---p 00000000 00:00 0 
7feabb001000-7feabb7ff000 rw-p 00000000 00:00 0 
7feabb7ff000-7feabb802000 ---p 00000000 00:00 0 
7feabb802000-7feabc000000 rw-p 00000000 00:00 0 
7feabc000000-7feabc968000 rw-p 00000000 00:00 0 
7feabc968000-7feac0000000 ---p 00000000 00:00 0 
7feac0000000-7feac0968000 rw-p 00000000 00:00 0 
7feac0968000-7feac4000000 ---p 00000000 00:00 0 
7feac4000000-7feac4965000 rw-p 00000000 00:00 0 
7feac4965000-7feac8000000 ---p 00000000 00:00 0 
7feac8000000-7feac8964000 rw-p 00000000 00:00 0 
7feac8964000-7feacc000000 ---p 00000000 00:00 0 
7feacc000000-7feacc964000 rw-p 00000000 00:00 0 
7feacc964000-7fead0000000 ---p 00000000 00:00 0 
7fead0000000-7fead096a000 rw-p 00000000 00:00 0 
7fead096a000-7fead4000000 ---p 00000000 00:00 0 
7fead4000000-7fead4965000 rw-p 00000000 00:00 0 
7fead4965000-7fead8000000 ---p 00000000 00:00 0 
7fead87f9000-7fead87fc000 ---p 00000000 00:00 0 
7fead87fc000-7fead8ffa000 rw-p 00000000 00:00 0 
7fead8ffa000-7fead8ffd000 ---p 00000000 00:00 0 
7fead8ffd000-7fead97fb000 rw-p 00000000 00:00 0 
7fead97fb000-7fead97fe000 ---p 00000000 00:00 0 
7fead97fe000-7fead9ffc000 rw-p 00000000 00:00 0 
7fead9ffc000-7fead9fff000 ---p 00000000 00:00 0 
7fead9fff000-7feada7fd000 rw-p 00000000 00:00 0 
7feada7fd000-7feada800000 ---p 00000000 00:00 0 
7feada800000-7feadaffe000 rw-p 00000000 00:00 0 
7feadaffe000-7feadb001000 ---p 00000000 00:00 0 
7feadb001000-7feadb7ff000 rw-p 00000000 00:00 0 
7feadb7ff000-7feadb802000 ---p 00000000 00:00 0 
7feadb802000-7feadc000000 rw-p 00000000 00:00 0 
7feadc000000-7feadc021000 rw-p 00000000 00:00 0 
7feadc021000-7feae0000000 ---p 00000000 00:00 0 
7feae0000000-7feae0967000 rw-p 00000000 00:00 0 
7feae0967000-7feae4000000 ---p 00000000 00:00 0 
7feae4000000-7feae4503000 rw-p 00000000 00:00 0 
7feae4503000-7feae8000000 ---p 00000000 00:00 0 
7feae8000000-7feae8021000 rw-p 00000000 00:00 0 
7feae8021000-7feaec000000 ---p 00000000 00:00 0 
7feaec000000-7feaee819000 rw-p 00000000 00:00 0 
7feaee819000-7feaf0000000 ---p 00000000 00:00 0 
7feaf0000000-7feaf1364000 rw-p 00000000 00:00 0 
7feaf1364000-7feaf4000000 ---p 00000000 00:00 0 
7feaf4000000-7feaf4021000 rw-p 00000000 00:00 0 
7feaf4021000-7feaf8000000 ---p 00000000 00:00 0 
7feaf85c8000-7feaf85cb000 ---p 00000000 00:00 0 
7feaf85cb000-7feaf86c9000 rw-p 00000000 00:00 0 
7feaf86c9000-7feaf86cc000 ---p 00000000 00:00 0 
7feaf86cc000-7feaf87ca000 rw-p 00000000 00:00 0 
7feaf87ca000-7feaf87cd000 ---p 00000000 00:00 0 
7feaf87cd000-7feaf8fcb000 rw-p 00000000 00:00 0 
7feaf8fcb000-7feaf8fce000 ---p 00000000 00:00 0 
7feaf8fce000-7feaf97cc000 rw-p 00000000 00:00 0 
7feaf97cc000-7feaf97e4000 r-xp 00000000 08:01 2359590                    /tmp/simgrid-java258801680783267662/libsimgrid-java.so (deleted)
7feaf97e4000-7feaf99e4000 ---p 00018000 08:01 2359590                    /tmp/simgrid-java258801680783267662/libsimgrid-java.so (deleted)
7feaf99e4000-7feaf99e5000 rw-p 00018000 08:01 2359590                    /tmp/simgrid-java258801680783267662/libsimgrid-java.so (deleted)
7feaf99e5000-7feaf99fb000 r-xp 00000000 08:01 3936627                    /lib/x86_64-linux-gnu/libgcc_s.so.1
7feaf99fb000-7feaf9bfa000 ---p 00016000 08:01 3936627                    /lib/x86_64-linux-gnu/libgcc_s.so.1
7feaf9bfa000-7feaf9bfb000 rw-p 00015000 08:01 3936627                    /lib/x86_64-linux-gnu/libgcc_s.so.1
7feaf9bfb000-7feaf9d6d000 r-xp 00000000 08:01 23332798                   /usr/lib/x86_64-linux-gnu/libstdc++.so.6.0.21
7feaf9d6d000-7feaf9f6d000 ---p 00172000 08:01 23332798                   /usr/lib/x86_64-linux-gnu/libstdc++.so.6.0.21
7feaf9f6d000-7feaf9f77000 r--p 00172000 08:01 23332798                   /usr/lib/x86_64-linux-gnu/libstdc++.so.6.0.21
7feaf9f77000-7feaf9f79000 rw-p 0017c000 08:01 23332798                   /usr/lib/x86_64-linux-gnu/libstdc++.so.6.0.21
7feaf9f79000-7feaf9f7d000 rw-p 00000000 00:00 0 
7feaf9f7d000-7feafa242000 r-xp 00000000 08:01 2359589                    /tmp/simgrid-java258801680783267662/libsimgrid.so (deleted)
7feafa242000-7feafa442000 ---p 002c5000 08:01 2359589                    /tmp/simgrid-java258801680783267662/libsimgrid.so (deleted)
7feafa442000-7feafa47d000 rw-p 002c5000 08:01 2359589                    /tmp/simgrid-java258801680783267662/libsimgrid.so (deleted)
7feafa47d000-7feafa786000 rw-p 00000000 00:00 0 
7feafa786000-7feafa79c000 r-xp 00000000 08:01 8783936                    /home/elixandrebaldi/jdk1.8.0_111/jre/lib/amd64/libnet.so
7feafa79c000-7feafa99c000 ---p 00016000 08:01 8783936                    /home/elixandrebaldi/jdk1.8.0_111/jre/lib/amd64/libnet.so
7feafa99c000-7feafa99d000 rw-p 00016000 08:01 8783936                    /home/elixandrebaldi/jdk1.8.0_111/jre/lib/amd64/libnet.so
7feafa99d000-7feafa9ae000 r-xp 00000000 08:01 8783935                    /home/elixandrebaldi/jdk1.8.0_111/jre/lib/amd64/libnio.so
7feafa9ae000-7feafabad000 ---p 00011000 08:01 8783935                    /home/elixandrebaldi/jdk1.8.0_111/jre/lib/amd64/libnio.so
7feafabad000-7feafabae000 rw-p 00010000 08:01 8783935                    /home/elixandrebaldi/jdk1.8.0_111/jre/lib/amd64/libnio.so
7feafabae000-7feafc000000 r--p 00000000 08:01 23331759                   /usr/lib/locale/locale-archive
7feafc000000-7feafc021000 rw-p 00000000 00:00 0 
7feafc021000-7feb00000000 ---p 00000000 00:00 0 
7feb00000000-7feb00021000 rw-p 00000000 00:00 0 
7feb00021000-7feb04000000 ---p 00000000 00:00 0 
7feb04000000-7feb04021000 rw-p 00000000 00:00 0 
7feb04021000-7feb08000000 ---p 00000000 00:00 0 
7feb08000000-7feb08021000 rw-p 00000000 00:00 0 
7feb08021000-7feb0c000000 ---p 00000000 00:00 0 
7feb0c000000-7feb0c021000 rw-p 00000000 00:00 0 
7feb0c021000-7feb10000000 ---p 00000000 00:00 0 
7feb10000000-7feb10021000 rw-p 00000000 00:00 0 
7feb10021000-7feb14000000 ---p 00000000 00:00 0 
7feb14000000-7feb14021000 rw-p 00000000 00:00 0 
7feb14021000-7feb18000000 ---p 00000000 00:00 0 
7feb180d0000-7feb180d1000 ---p 00000000 00:00 0 
7feb180d1000-7feb181d1000 rw-p 00000000 00:00 0 
7feb181d1000-7feb181d4000 ---p 00000000 00:00 0 
7feb181d4000-7feb182d2000 rw-p 00000000 00:00 0 
7feb182d2000-7feb182d5000 ---p 00000000 00:00 0 
7feb182d5000-7feb183d3000 rw-p 00000000 00:00 0 
7feb183d3000-7feb183d6000 ---p 00000000 00:00 0 
7feb183d6000-7feb184d4000 rw-p 00000000 00:00 0 
7feb184d4000-7feb184d7000 ---p 00000000 00:00 0 
7feb184d7000-7feb185d5000 rw-p 00000000 00:00 0 
7feb185d5000-7feb185d8000 ---p 00000000 00:00 0 
7feb185d8000-7feb186d6000 rw-p 00000000 00:00 0 
7feb186d6000-7feb186d9000 ---p 00000000 00:00 0 
7feb186d9000-7feb187d7000 rw-p 00000000 00:00 0 
7feb187d7000-7feb187da000 ---p 00000000 00:00 0 
7feb187da000-7feb188d8000 rw-p 00000000 00:00 0 
7feb188d8000-7feb188d9000 ---p 00000000 00:00 0 
7feb188d9000-7feb1d000000 rw-p 00000000 00:00 0 
7feb1d000000-7feb1d310000 rwxp 00000000 00:00 0 
7feb1d310000-7feb2c000000 ---p 00000000 00:00 0 
7feb2c000000-7feb2e1dd000 rw-p 00000000 00:00 0 
7feb2e1dd000-7feb30000000 ---p 00000000 00:00 0 
7feb30015000-7feb309d0000 rw-p 00000000 00:00 0 
7feb309d0000-7feb30ba8000 r--s 03d2a000 08:01 8784070                    /home/elixandrebaldi/jdk1.8.0_111/jre/lib/rt.jar
7feb30ba8000-7feb3105e000 rw-p 00000000 00:00 0 
7feb3105e000-7feb3141e000 ---p 00000000 00:00 0 
7feb3141e000-7feb3181e000 rw-p 00000000 00:00 0 
7feb3181e000-7feb3181f000 ---p 00000000 00:00 0 
7feb3181f000-7feb3191f000 rw-p 00000000 00:00 0 
7feb3191f000-7feb31920000 ---p 00000000 00:00 0 
7feb31920000-7feb31a20000 rw-p 00000000 00:00 0 
7feb31a20000-7feb31a21000 ---p 00000000 00:00 0 
7feb31a21000-7feb31b21000 rw-p 00000000 00:00 0 
7feb31b21000-7feb31b22000 ---p 00000000 00:00 0 
7feb31b22000-7feb31c36000 rw-p 00000000 00:00 0 
7feb31c36000-7feb31ecd000 ---p 00000000 00:00 0 
7feb31ecd000-7feb31ee1000 rw-p 00000000 00:00 0 
7feb31ee1000-7feb32177000 ---p 00000000 00:00 0 
7feb32177000-7feb32188000 rw-p 00000000 00:00 0 
7feb32188000-7feb322cd000 ---p 00000000 00:00 0 
7feb322cd000-7feb322db000 rw-p 00000000 00:00 0 
7feb322db000-7feb3268e000 ---p 00000000 00:00 0 
7feb3268e000-7feb326a8000 r-xp 00000000 08:01 8783934                    /home/elixandrebaldi/jdk1.8.0_111/jre/lib/amd64/libzip.so
7feb326a8000-7feb328a8000 ---p 0001a000 08:01 8783934                    /home/elixandrebaldi/jdk1.8.0_111/jre/lib/amd64/libzip.so
7feb328a8000-7feb328a9000 rw-p 0001a000 08:01 8783934                    /home/elixandrebaldi/jdk1.8.0_111/jre/lib/amd64/libzip.so
7feb328a9000-7feb328b4000 r-xp 00000000 08:01 3932251                    /lib/x86_64-linux-gnu/libnss_files-2.23.so
7feb328b4000-7feb32ab3000 ---p 0000b000 08:01 3932251                    /lib/x86_64-linux-gnu/libnss_files-2.23.so
7feb32ab3000-7feb32ab4000 r--p 0000a000 08:01 3932251                    /lib/x86_64-linux-gnu/libnss_files-2.23.so
7feb32ab4000-7feb32ab5000 rw-p 0000b000 08:01 3932251                    /lib/x86_64-linux-gnu/libnss_files-2.23.so
7feb32ab5000-7feb32abb000 rw-p 00000000 00:00 0 
7feb32abb000-7feb32ac6000 r-xp 00000000 08:01 3932244                    /lib/x86_64-linux-gnu/libnss_nis-2.23.so
7feb32ac6000-7feb32cc5000 ---p 0000b000 08:01 3932244                    /lib/x86_64-linux-gnu/libnss_nis-2.23.so
7feb32cc5000-7feb32cc6000 r--p 0000a000 08:01 3932244                    /lib/x86_64-linux-gnu/libnss_nis-2.23.so
7feb32cc6000-7feb32cc7000 rw-p 0000b000 08:01 3932244                    /lib/x86_64-linux-gnu/libnss_nis-2.23.so
7feb32cc7000-7feb32cdd000 r-xp 00000000 08:01 3932246                    /lib/x86_64-linux-gnu/libnsl-2.23.so
7feb32cdd000-7feb32edc000 ---p 00016000 08:01 3932246                    /lib/x86_64-linux-gnu/libnsl-2.23.so
7feb32edc000-7feb32edd000 r--p 00015000 08:01 3932246                    /lib/x86_64-linux-gnu/libnsl-2.23.so
7feb32edd000-7feb32ede000 rw-p 00016000 08:01 3932246                    /lib/x86_64-linux-gnu/libnsl-2.23.so
7feb32ede000-7feb32ee0000 rw-p 00000000 00:00 0 
7feb32ee0000-7feb32ee8000 r-xp 00000000 08:01 3932253                    /lib/x86_64-linux-gnu/libnss_compat-2.23.so
7feb32ee8000-7feb330e7000 ---p 00008000 08:01 3932253                    /lib/x86_64-linux-gnu/libnss_compat-2.23.so
7feb330e7000-7feb330e8000 r--p 00007000 08:01 3932253                    /lib/x86_64-linux-gnu/libnss_compat-2.23.so
7feb330e8000-7feb330e9000 rw-p 00008000 08:01 3932253                    /lib/x86_64-linux-gnu/libnss_compat-2.23.so
7feb330e9000-7feb33114000 r-xp 00000000 08:01 8783907                    /home/elixandrebaldi/jdk1.8.0_111/jre/lib/amd64/libjava.so
7feb33114000-7feb33313000 ---p 0002b000 08:01 8783907                    /home/elixandrebaldi/jdk1.8.0_111/jre/lib/amd64/libjava.so
7feb33313000-7feb33315000 rw-p 0002a000 08:01 8783907                    /home/elixandrebaldi/jdk1.8.0_111/jre/lib/amd64/libjava.so
7feb33315000-7feb33322000 r-xp 00000000 08:01 8783870                    /home/elixandrebaldi/jdk1.8.0_111/jre/lib/amd64/libverify.so
7feb33322000-7feb33521000 ---p 0000d000 08:01 8783870                    /home/elixandrebaldi/jdk1.8.0_111/jre/lib/amd64/libverify.so
7feb33521000-7feb33523000 rw-p 0000c000 08:01 8783870                    /home/elixandrebaldi/jdk1.8.0_111/jre/lib/amd64/libverify.so
7feb33523000-7feb3352a000 r-xp 00000000 08:01 3932254                    /lib/x86_64-linux-gnu/librt-2.23.so
7feb3352a000-7feb33729000 ---p 00007000 08:01 3932254                    /lib/x86_64-linux-gnu/librt-2.23.so
7feb33729000-7feb3372a000 r--p 00006000 08:01 3932254                    /lib/x86_64-linux-gnu/librt-2.23.so
7feb3372a000-7feb3372b000 rw-p 00007000 08:01 3932254                    /lib/x86_64-linux-gnu/librt-2.23.so
7feb3372b000-7feb33833000 r-xp 00000000 08:01 3932245                    /lib/x86_64-linux-gnu/libm-2.23.so
7feb33833000-7feb33a32000 ---p 00108000 08:01 3932245                    /lib/x86_64-linux-gnu/libm-2.23.so
7feb33a32000-7feb33a33000 r--p 00107000 08:01 3932245                    /lib/x86_64-linux-gnu/libm-2.23.so
7feb33a33000-7feb33a34000 rw-p 00108000 08:01 3932245                    /lib/x86_64-linux-gnu/libm-2.23.so
7feb33a34000-7feb34701000 r-xp 00000000 08:01 8783785                    /home/elixandrebaldi/jdk1.8.0_111/jre/lib/amd64/server/libjvm.so
7feb34701000-7feb34900000 ---p 00ccd000 08:01 8783785                    /home/elixandrebaldi/jdk1.8.0_111/jre/lib/amd64/server/libjvm.so
7feb34900000-7feb349d9000 rw-p 00ccc000 08:01 8783785                    /home/elixandrebaldi/jdk1.8.0_111/jre/lib/amd64/server/libjvm.so
7feb349d9000-7feb34a24000 rw-p 00000000 00:00 0 
7feb34a24000-7feb34be3000 r-xp 00000000 08:01 3932247                    /lib/x86_64-linux-gnu/libc-2.23.so
7feb34be3000-7feb34de3000 ---p 001bf000 08:01 3932247                    /lib/x86_64-linux-gnu/libc-2.23.so
7feb34de3000-7feb34de7000 r--p 001bf000 08:01 3932247                    /lib/x86_64-linux-gnu/libc-2.23.so
7feb34de7000-7feb34de9000 rw-p 001c3000 08:01 3932247                    /lib/x86_64-linux-gnu/libc-2.23.so
7feb34de9000-7feb34ded000 rw-p 00000000 00:00 0 
7feb34ded000-7feb34df0000 r-xp 00000000 08:01 3932243                    /lib/x86_64-linux-gnu/libdl-2.23.so
7feb34df0000-7feb34fef000 ---p 00003000 08:01 3932243                    /lib/x86_64-linux-gnu/libdl-2.23.so
7feb34fef000-7feb34ff0000 r--p 00002000 08:01 3932243                    /lib/x86_64-linux-gnu/libdl-2.23.so
7feb34ff0000-7feb34ff1000 rw-p 00003000 08:01 3932243                    /lib/x86_64-linux-gnu/libdl-2.23.so
7feb34ff1000-7feb35006000 r-xp 00000000 08:01 8783943                    /home/elixandrebaldi/jdk1.8.0_111/lib/amd64/jli/libjli.so
7feb35006000-7feb35206000 ---p 00015000 08:01 8783943                    /home/elixandrebaldi/jdk1.8.0_111/lib/amd64/jli/libjli.so
7feb35206000-7feb35207000 rw-p 00015000 08:01 8783943                    /home/elixandrebaldi/jdk1.8.0_111/lib/amd64/jli/libjli.so
7feb35207000-7feb3521f000 r-xp 00000000 08:01 3932258                    /lib/x86_64-linux-gnu/libpthread-2.23.so
7feb3521f000-7feb3541e000 ---p 00018000 08:01 3932258                    /lib/x86_64-linux-gnu/libpthread-2.23.so
7feb3541e000-7feb3541f000 r--p 00017000 08:01 3932258                    /lib/x86_64-linux-gnu/libpthread-2.23.so
7feb3541f000-7feb35420000 rw-p 00018000 08:01 3932258                    /lib/x86_64-linux-gnu/libpthread-2.23.so
7feb35420000-7feb35424000 rw-p 00000000 00:00 0 
7feb35424000-7feb3544a000 r-xp 00000000 08:01 3932248                    /lib/x86_64-linux-gnu/ld-2.23.so
7feb3545b000-7feb35527000 rw-p 00000000 00:00 0 
7feb35527000-7feb3552a000 ---p 00000000 00:00 0 
7feb3552a000-7feb3562c000 rw-p 00000000 00:00 0 
7feb35635000-7feb3563a000 r--s 00096000 08:01 8783911                    /home/elixandrebaldi/jdk1.8.0_111/jre/lib/jsse.jar
7feb3563a000-7feb3563d000 r--s 00f76000 08:01 8524426                    /home/elixandrebaldi/Documentos/VCubeDHT/simgrid.jar
7feb3563d000-7feb35645000 rw-s 00000000 08:01 2359392                    /tmp/hsperfdata_elixandrebaldi/9017 (deleted)
7feb35645000-7feb35646000 rw-p 00000000 00:00 0 
7feb35646000-7feb35647000 ---p 00000000 00:00 0 
7feb35647000-7feb35649000 rw-p 00000000 00:00 0 
7feb35649000-7feb3564a000 r--p 00025000 08:01 3932248                    /lib/x86_64-linux-gnu/ld-2.23.so
7feb3564a000-7feb3564b000 rw-p 00026000 08:01 3932248                    /lib/x86_64-linux-gnu/ld-2.23.so
7feb3564b000-7feb3564c000 rw-p 00000000 00:00 0 
7ffcb1c24000-7ffcb1c45000 rw-p 00000000 00:00 0                          [stack]
7ffcb1c89000-7ffcb1c8b000 r--p 00000000 00:00 0                          [vvar]
7ffcb1c8b000-7ffcb1c8d000 r-xp 00000000 00:00 0                          [vdso]
ffffffffff600000-ffffffffff601000 r-xp 00000000 00:00 0                  [vsyscall]

VM Arguments:
jvm_args: -Dfile.encoding=UTF-8 -Xmx2048m 
java_command: vcube.VCube platform.xml deployment.xml
java_class_path (initial): /home/elixandrebaldi/Documentos/VCubeDHT/simgrid.jar:/home/elixandrebaldi/Documentos/VCubeDHT/VCube/build/classes
Launcher Type: SUN_STANDARD

Environment Variables:
PATH=/home/elixandrebaldi/bin:/home/elixandrebaldi/.local/bin:/usr/local/sbin:/usr/local/bin:/usr/sbin:/usr/bin:/sbin:/bin:/usr/games:/usr/local/games
LD_LIBRARY_PATH=/home/elixandrebaldi/jdk1.8.0_111/jre/lib/amd64:/home/elixandrebaldi/jdk1.8.0_111/jre/lib/i386:
SHELL=/bin/bash
DISPLAY=:0

Signal Handlers:
SIGSEGV: [libjvm.so+0xac64b0], sa_mask[0]=11111111011111111101111111111110, sa_flags=SA_RESTART|SA_SIGINFO
SIGBUS: [libjvm.so+0xac64b0], sa_mask[0]=11111111011111111101111111111110, sa_flags=SA_RESTART|SA_SIGINFO
SIGFPE: [libjvm.so+0x91f950], sa_mask[0]=11111111011111111101111111111110, sa_flags=SA_RESTART|SA_SIGINFO
SIGPIPE: [libjvm.so+0x91f950], sa_mask[0]=11111111011111111101111111111110, sa_flags=SA_RESTART|SA_SIGINFO
SIGXFSZ: [libjvm.so+0x91f950], sa_mask[0]=11111111011111111101111111111110, sa_flags=SA_RESTART|SA_SIGINFO
SIGILL: [libjvm.so+0x91f950], sa_mask[0]=11111111011111111101111111111110, sa_flags=SA_RESTART|SA_SIGINFO
SIGUSR1: SIG_DFL, sa_mask[0]=00000000000000000000000000000000, sa_flags=none
SIGUSR2: [libjvm.so+0x920f80], sa_mask[0]=00100000000000000000000000000000, sa_flags=SA_RESTART|SA_SIGINFO
SIGHUP: [libjvm.so+0x922380], sa_mask[0]=11111111011111111101111111111110, sa_flags=SA_RESTART|SA_SIGINFO
SIGINT: [libsimgrid.so+0x8ff50], sa_mask[0]=01000000000000000000000000000000, sa_flags=SA_RESTART
SIGTERM: [libjvm.so+0x922380], sa_mask[0]=11111111011111111101111111111110, sa_flags=SA_RESTART|SA_SIGINFO
SIGQUIT: [libjvm.so+0x922380], sa_mask[0]=11111111011111111101111111111110, sa_flags=SA_RESTART|SA_SIGINFO


---------------  S Y S T E M  ---------------

OS:DISTRIB_ID="elementary"
DISTRIB_RELEASE=0.4.1
DISTRIB_CODENAME=loki
DISTRIB_DESCRIPTION="elementary OS 0.4.1 Loki"

uname:Linux 4.4.0-79-generic #100-Ubuntu SMP Wed May 17 19:58:14 UTC 2017 x86_64
libc:glibc 2.23 NPTL 2.23 
rlimit: STACK 8192k, CORE 0k, NPROC 14991, NOFILE 65536, AS infinity
load average:1.19 0.64 0.68

/proc/meminfo:
MemTotal:        3878592 kB
MemFree:          577300 kB
MemAvailable:    1391724 kB
Buffers:          119112 kB
Cached:           977636 kB
SwapCached:          196 kB
Active:          2021980 kB
Inactive:        1035044 kB
Active(anon):    1437136 kB
Inactive(anon):   660636 kB
Active(file):     584844 kB
Inactive(file):   374408 kB
Unevictable:          48 kB
Mlocked:              48 kB
SwapTotal:       4025340 kB
SwapFree:        4022088 kB
Dirty:              3600 kB
Writeback:             0 kB
AnonPages:       1959956 kB
Mapped:           242208 kB
Shmem:            137492 kB
Slab:             146988 kB
SReclaimable:     115332 kB
SUnreclaim:        31656 kB
KernelStack:        8400 kB
PageTables:        31308 kB
NFS_Unstable:          0 kB
Bounce:                0 kB
WritebackTmp:          0 kB
CommitLimit:     5964636 kB
Committed_AS:    5080676 kB
VmallocTotal:   34359738367 kB
VmallocUsed:           0 kB
VmallocChunk:          0 kB
HardwareCorrupted:     0 kB
AnonHugePages:   1171456 kB
CmaTotal:              0 kB
CmaFree:               0 kB
HugePages_Total:       0
HugePages_Free:        0
HugePages_Rsvd:        0
HugePages_Surp:        0
Hugepagesize:       2048 kB
DirectMap4k:      144120 kB
DirectMap2M:     3883008 kB


CPU:total 4 (2 cores per cpu, 2 threads per core) family 6 model 58 stepping 9, cmov, cx8, fxsr, mmx, sse, sse2, sse3, ssse3, sse4.1, sse4.2, popcnt, avx, clmul, erms, ht, tsc, tscinvbit, tscinv

/proc/cpuinfo:
processor	: 0
vendor_id	: GenuineIntel
cpu family	: 6
model		: 58
model name	: Intel(R) Core(TM) i7-3517U CPU @ 1.90GHz
stepping	: 9
microcode	: 0x12
cpu MHz		: 1193.812
cache size	: 4096 KB
physical id	: 0
siblings	: 4
core id		: 0
cpu cores	: 2
apicid		: 0
initial apicid	: 0
fpu		: yes
fpu_exception	: yes
cpuid level	: 13
wp		: yes
flags		: fpu vme de pse tsc msr pae mce cx8 apic sep mtrr pge mca cmov pat pse36 clflush dts acpi mmx fxsr sse sse2 ss ht tm pbe syscall nx rdtscp lm constant_tsc arch_perfmon pebs bts rep_good nopl xtopology nonstop_tsc aperfmperf eagerfpu pni pclmulqdq dtes64 monitor ds_cpl vmx est tm2 ssse3 cx16 xtpr pdcm pcid sse4_1 sse4_2 x2apic popcnt tsc_deadline_timer xsave avx f16c rdrand lahf_lm epb tpr_shadow vnmi flexpriority ept vpid fsgsbase smep erms xsaveopt dtherm ida arat pln pts
bugs		:
bogomips	: 4789.43
clflush size	: 64
cache_alignment	: 64
address sizes	: 36 bits physical, 48 bits virtual
power management:

processor	: 1
vendor_id	: GenuineIntel
cpu family	: 6
model		: 58
model name	: Intel(R) Core(TM) i7-3517U CPU @ 1.90GHz
stepping	: 9
microcode	: 0x12
cpu MHz		: 991.406
cache size	: 4096 KB
physical id	: 0
siblings	: 4
core id		: 0
cpu cores	: 2
apicid		: 1
initial apicid	: 1
fpu		: yes
fpu_exception	: yes
cpuid level	: 13
wp		: yes
flags		: fpu vme de pse tsc msr pae mce cx8 apic sep mtrr pge mca cmov pat pse36 clflush dts acpi mmx fxsr sse sse2 ss ht tm pbe syscall nx rdtscp lm constant_tsc arch_perfmon pebs bts rep_good nopl xtopology nonstop_tsc aperfmperf eagerfpu pni pclmulqdq dtes64 monitor ds_cpl vmx est tm2 ssse3 cx16 xtpr pdcm pcid sse4_1 sse4_2 x2apic popcnt tsc_deadline_timer xsave avx f16c rdrand lahf_lm epb tpr_shadow vnmi flexpriority ept vpid fsgsbase smep erms xsaveopt dtherm ida arat pln pts
bugs		:
bogomips	: 4789.43
clflush size	: 64
cache_alignment	: 64
address sizes	: 36 bits physical, 48 bits virtual
power management:

processor	: 2
vendor_id	: GenuineIntel
cpu family	: 6
model		: 58
model name	: Intel(R) Core(TM) i7-3517U CPU @ 1.90GHz
stepping	: 9
microcode	: 0x12
cpu MHz		: 1024.031
cache size	: 4096 KB
physical id	: 0
siblings	: 4
core id		: 1
cpu cores	: 2
apicid		: 2
initial apicid	: 2
fpu		: yes
fpu_exception	: yes
cpuid level	: 13
wp		: yes
flags		: fpu vme de pse tsc msr pae mce cx8 apic sep mtrr pge mca cmov pat pse36 clflush dts acpi mmx fxsr sse sse2 ss ht tm pbe syscall nx rdtscp lm constant_tsc arch_perfmon pebs bts rep_good nopl xtopology nonstop_tsc aperfmperf eagerfpu pni pclmulqdq dtes64 monitor ds_cpl vmx est tm2 ssse3 cx16 xtpr pdcm pcid sse4_1 sse4_2 x2apic popcnt tsc_deadline_timer xsave avx f16c rdrand lahf_lm epb tpr_shadow vnmi flexpriority ept vpid fsgsbase smep erms xsaveopt dtherm ida arat pln pts
bugs		:
bogomips	: 4789.43
clflush size	: 64
cache_alignment	: 64
address sizes	: 36 bits physical, 48 bits virtual
power management:

processor	: 3
vendor_id	: GenuineIntel
cpu family	: 6
model		: 58
model name	: Intel(R) Core(TM) i7-3517U CPU @ 1.90GHz
stepping	: 9
microcode	: 0x12
cpu MHz		: 899.437
cache size	: 4096 KB
physical id	: 0
siblings	: 4
core id		: 1
cpu cores	: 2
apicid		: 3
initial apicid	: 3
fpu		: yes
fpu_exception	: yes
cpuid level	: 13
wp		: yes
flags		: fpu vme de pse tsc msr pae mce cx8 apic sep mtrr pge mca cmov pat pse36 clflush dts acpi mmx fxsr sse sse2 ss ht tm pbe syscall nx rdtscp lm constant_tsc arch_perfmon pebs bts rep_good nopl xtopology nonstop_tsc aperfmperf eagerfpu pni pclmulqdq dtes64 monitor ds_cpl vmx est tm2 ssse3 cx16 xtpr pdcm pcid sse4_1 sse4_2 x2apic popcnt tsc_deadline_timer xsave avx f16c rdrand lahf_lm epb tpr_shadow vnmi flexpriority ept vpid fsgsbase smep erms xsaveopt dtherm ida arat pln pts
bugs		:
bogomips	: 4789.43
clflush size	: 64
cache_alignment	: 64
address sizes	: 36 bits physical, 48 bits virtual
power management:



Memory: 4k page, physical 3878592k(577300k free), swap 4025340k(4022088k free)

vm_info: Java HotSpot(TM) 64-Bit Server VM (25.111-b14) for linux-amd64 JRE (1.8.0_111-b14), built on Sep 22 2016 16:14:03 by "java_re" with gcc 4.3.0 20080428 (Red Hat 4.3.0-8)

time: Tue Jun 13 22:26:53 2017
elapsed time: 39 seconds (0d 0h 0m 39s)

