#
# A fatal error has been detected by the Java Runtime Environment:
#
#  SIGSEGV (0xb) at pc=0x00007fc8452a99c2, pid=17440, tid=0x00007fc82cefe700
#
# JRE version: Java(TM) SE Runtime Environment (8.0_111-b14) (build 1.8.0_111-b14)
# Java VM: Java HotSpot(TM) 64-Bit Server VM (25.111-b14 mixed mode linux-amd64 compressed oops)
# Problematic frame:
# C  [libc.so.6+0x7f9c2]
#
# Failed to write core dump. Core dumps have been disabled. To enable core dumping, try "ulimit -c unlimited" before starting Java again
#
# If you would like to submit a bug report, please visit:
#   http://bugreport.java.com/bugreport/crash.jsp
# The crash happened outside the Java Virtual Machine in native code.
# See problematic frame for where to report the bug.
#

---------------  T H R E A D  ---------------

Current thread (0x00007fc83c084000):  JavaThread "Finalizer" daemon [_thread_in_native, id=17452, stack(0x00007fc82cdfe000,0x00007fc82ceff000)]

siginfo: si_signo: 11 (SIGSEGV), si_code: 128 (SI_KERNEL), si_addr: 0x0000000000000000

Registers:
RAX=0x00007fc7b40d9370, RBX=0x00007fc7b401ef80, RCX=0x00007fc82cefd560, RDX=0xffffff909b9e8f90
RSP=0x00007fc82cefd400, RBP=0x00007fc7b4000020, RSI=0x0000000000000001, RDI=0x00007fc7b4000020
R8 =0x000000010002e188, R9 =0x0000000000000001, R10=0x0000000000000002, R11=0x00007fc8451fdf88
R12=0x0000006f64617070, R13=0x0000803718635ff0, R14=0x00007fc82cefd768, R15=0x00007fc83c084000
RIP=0x00007fc8452a99c2, EFLAGS=0x0000000000010202, CSGSFS=0x0000000000000033, ERR=0x0000000000000000
  TRAPNO=0x000000000000000d

Top of Stack: (sp=0x00007fc82cefd400)
0x00007fc82cefd400:   000000003c084000 00007fc83c084000
0x00007fc82cefd410:   0000000000000158 0000000000000000
0x00007fc82cefd420:   00007fc82cefd600 00007fc82d0fd05e
0x00007fc82cefd430:   00007fc82cefd6f8 00007fc800000001
0x00007fc82cefd440:   00007fc7b401f4f0 00007fc8452ad98c
0x00007fc82cefd450:   00007fc841451cb8 00007fc8414509d8
0x00007fc82cefd460:   00007fc841451820 00007fc7b401eec0
0x00007fc82cefd470:   00007fc81eba1ce0 0000000000000000
0x00007fc82cefd480:   00007fc82cefd6f8 00007fc82cefd768
0x00007fc82cefd490:   00007fc83c084000 00007fc8452ad98c
0x00007fc82cefd4a0:   0000007f41451cb8 00007fc7b401f4f0
0x00007fc82cefd4b0:   00007fc841451820 00007fc7b401f3e0
0x00007fc82cefd4c0:   00007fc81eba1ce0 00007fc7b401eec0
0x00007fc82cefd4d0:   00007fc81eba1ce0 0000000000000000
0x00007fc82cefd4e0:   00007fc82cefd6f8 00007fc81e72a683
0x00007fc82cefd4f0:   3ff0000000000000 000005e908c48348
0x00007fc82cefd500:   0001e097894d0000 00007fc841452650
0x00007fc82cefd510:   00007fc841451cb8 00007fc8414509d8
0x00007fc82cefd520:   00007fc841451820 032e4e0661533e0f
0x00007fc82cefd530:   0000000000000000 00007fc81df00de7
0x00007fc82cefd540:   0000000000000000 00007fc841836d60
0x00007fc82cefd550:   00007fc82cefd5a0 00007fc82d18aca6
0x00007fc82cefd560:   00000000d66c16f8 00007fc82cefd768
0x00007fc82cefd570:   00007fc82cefd6f8 0000000000000000
0x00007fc82cefd580:   00007fc83c084000 0000000000000000
0x00007fc82cefd590:   00007fc82cefd700 0000000000000000
0x00007fc82cefd5a0:   00007fc82cefd748 00007fc82d18ca84
0x00007fc82cefd5b0:   0000000000000000 00007fc7b401f3e0
0x00007fc82cefd5c0:   00000000d6498bd0 00000000d6560368
0x00007fc82cefd5d0:   00007fc82cefd600 00007fc82cefd600
0x00007fc82cefd5e0:   0000000000000158 0000000000000003
0x00007fc82cefd5f0:   0000000000001c06 00007fc82cefd680 

Instructions: (pc=0x00007fc8452a99c2)
0x00007fc8452a99a2:   2c 26 48 39 c6 0f 84 e1 0e 00 00 45 31 c9 c7 44
0x00007fc8452a99b2:   24 38 00 00 00 00 f6 45 04 02 0f 84 7e 08 00 00
0x00007fc8452a99c2:   49 8b 45 08 a8 01 0f 84 92 08 00 00 49 89 c7 49
0x00007fc8452a99d2:   83 e7 f8 48 83 f8 10 0f 86 d1 06 00 00 4c 3b bd 

Register to memory mapping:

RAX=0x00007fc7b40d9370 is an unknown value
RBX=0x00007fc7b401ef80 is an unknown value
RCX=0x00007fc82cefd560 is pointing into the stack for thread: 0x00007fc83c084000
RDX=0xffffff909b9e8f90 is an unknown value
RSP=0x00007fc82cefd400 is pointing into the stack for thread: 0x00007fc83c084000
RBP=0x00007fc7b4000020 is an unknown value
RSI=0x0000000000000001 is an unknown value
RDI=0x00007fc7b4000020 is an unknown value
R8 =0x000000010002e188 is pointing into metadata
R9 =0x0000000000000001 is an unknown value
R10=0x0000000000000002 is an unknown value
R11=0x00007fc8451fdf88: <offset 0xfc3f88> in /home/elixandrebaldi/jdk1.8.0_111/jre/lib/amd64/server/libjvm.so at 0x00007fc84423a000
R12=0x0000006f64617070 is an unknown value
R13=0x0000803718635ff0 is an unknown value
R14=0x00007fc82cefd768 is pointing into the stack for thread: 0x00007fc83c084000
R15=0x00007fc83c084000 is a thread


Stack: [0x00007fc82cdfe000,0x00007fc82ceff000],  sp=0x00007fc82cefd400,  free space=1021k
Native frames: (J=compiled Java code, j=interpreted, Vv=VM code, C=native code)
C  [libc.so.6+0x7f9c2]

Java frames: (J=compiled Java code, j=interpreted, Vv=VM code)
J 232  org.simgrid.msg.Task.nativeFinalize()V (0 bytes) @ 0x00007fc82d18ac38 [0x00007fc82d18ac00+0x38]
J 231 C1 org.simgrid.msg.Task.finalize()V (18 bytes) @ 0x00007fc82d18ca84 [0x00007fc82d18c980+0x104]
J 227 C1 java.lang.ref.Finalizer.runFinalizer(Lsun/misc/JavaLangAccess;)V (62 bytes) @ 0x00007fc82d18e2c4 [0x00007fc82d18dd40+0x584]
J 226 C1 java.lang.ref.Finalizer.access$100(Ljava/lang/ref/Finalizer;Lsun/misc/JavaLangAccess;)V (6 bytes) @ 0x00007fc82d189b1c [0x00007fc82d189ac0+0x5c]
j  java.lang.ref.Finalizer$FinalizerThread.run()V+45
v  ~StubRoutines::call_stub

---------------  P R O C E S S  ---------------

Java Threads: ( => current thread )
  0x00007fc7ac001000 JavaThread "Thread-16" [_thread_in_native, id=17467, stack(0x00007fc7ecffa000,0x00007fc7ed7fb000)]
  0x00007fc7a8001000 JavaThread "Thread-15" [_thread_in_native, id=17466, stack(0x00007fc7ed7fb000,0x00007fc7edffc000)]
  0x00007fc7b4001000 JavaThread "Thread-14" [_thread_in_native, id=17473, stack(0x00007fc7cd7fb000,0x00007fc7cdffc000)]
  0x00007fc7b0001000 JavaThread "Thread-13" [_thread_in_native, id=17472, stack(0x00007fc7cdffc000,0x00007fc7ce7fd000)]
  0x00007fc7bc001000 JavaThread "Thread-12" [_thread_in_native, id=17470, stack(0x00007fc7ceffe000,0x00007fc7cf7ff000)]
  0x00007fc7b8001000 JavaThread "Thread-11" [_thread_in_native, id=17468, stack(0x00007fc7ec7f9000,0x00007fc7ecffa000)]
  0x00007fc7c4001000 JavaThread "Thread-10" [_thread_in_native, id=17474, stack(0x00007fc7ccffa000,0x00007fc7cd7fb000)]
  0x00007fc7c0001000 JavaThread "Thread-9" [_thread_in_native, id=17471, stack(0x00007fc7ce7fd000,0x00007fc7ceffe000)]
  0x00007fc7c8001000 JavaThread "Thread-8" [_thread_in_native, id=17469, stack(0x00007fc7cf7ff000,0x00007fc7d0000000)]
  0x00007fc7d4001000 JavaThread "Thread-7" [_thread_in_native, id=17465, stack(0x00007fc7edffc000,0x00007fc7ee7fd000)]
  0x00007fc7d0001000 JavaThread "Thread-6" [_thread_in_native, id=17464, stack(0x00007fc7ee7fd000,0x00007fc7eeffe000)]
  0x00007fc7dc001000 JavaThread "Thread-5" [_thread_in_native, id=17463, stack(0x00007fc7eeffe000,0x00007fc7ef7ff000)]
  0x00007fc7d8001000 JavaThread "Thread-1" [_thread_in_native, id=17462, stack(0x00007fc7ef7ff000,0x00007fc7f0000000)]
  0x00007fc7e4001000 JavaThread "Thread-3" [_thread_in_native, id=17461, stack(0x00007fc81c6f2000,0x00007fc81cef3000)]
  0x00007fc7e8001000 JavaThread "Thread-2" [_thread_in_native, id=17459, stack(0x00007fc81d6f4000,0x00007fc81def5000)]
  0x00007fc7e0001000 JavaThread "Thread-4" [_thread_in_native, id=17460, stack(0x00007fc81cef3000,0x00007fc81d6f4000)]
  0x00007fc83c0c0000 JavaThread "Service Thread" daemon [_thread_blocked, id=17457, stack(0x00007fc82c8f9000,0x00007fc82c9fa000)]
  0x00007fc83c0bd000 JavaThread "C1 CompilerThread2" daemon [_thread_blocked, id=17456, stack(0x00007fc82c9fa000,0x00007fc82cafb000)]
  0x00007fc83c0bb000 JavaThread "C2 CompilerThread1" daemon [_thread_in_native, id=17455, stack(0x00007fc82cafb000,0x00007fc82cbfc000)]
  0x00007fc83c0b8800 JavaThread "C2 CompilerThread0" daemon [_thread_in_native, id=17454, stack(0x00007fc82cbfc000,0x00007fc82ccfd000)]
  0x00007fc83c0b7000 JavaThread "Signal Dispatcher" daemon [_thread_blocked, id=17453, stack(0x00007fc82ccfd000,0x00007fc82cdfe000)]
=>0x00007fc83c084000 JavaThread "Finalizer" daemon [_thread_in_native, id=17452, stack(0x00007fc82cdfe000,0x00007fc82ceff000)]
  0x00007fc83c07f000 JavaThread "Reference Handler" daemon [_thread_blocked, id=17451, stack(0x00007fc82ceff000,0x00007fc82d000000)]
  0x00007fc83c00a000 JavaThread "main" [_thread_in_native, id=17445, stack(0x00007fc845d2d000,0x00007fc845e2e000)]

Other Threads:
  0x00007fc83c077800 VMThread [stack: 0x00007fc8400f3000,0x00007fc8401f4000] [id=17450]
  0x00007fc83c0c3000 WatcherThread [stack: 0x00007fc82c7f8000,0x00007fc82c8f9000] [id=17458]

VM state:not at safepoint (normal execution)

VM Mutex/Monitor currently owned by a thread: None

Heap:
 PSYoungGen      total 17920K, used 3502K [0x00000000d5580000, 0x00000000d7880000, 0x0000000100000000)
  eden space 15360K, 6% used [0x00000000d5580000,0x00000000d566fad8,0x00000000d6480000)
  from space 2560K, 99% used [0x00000000d6480000,0x00000000d66fc010,0x00000000d6700000)
  to   space 2560K, 0% used [0x00000000d7600000,0x00000000d7600000,0x00000000d7880000)
 ParOldGen       total 40960K, used 932K [0x0000000080000000, 0x0000000082800000, 0x00000000d5580000)
  object space 40960K, 2% used [0x0000000080000000,0x00000000800e9370,0x0000000082800000)
 Metaspace       used 3747K, capacity 4640K, committed 4864K, reserved 1056768K
  class space    used 415K, capacity 464K, committed 512K, reserved 1048576K

Card table byte_map: [0x00007fc8426d3000,0x00007fc842ad4000] byte_map_base: 0x00007fc8422d3000

Marking Bits: (ParMarkBitMap*) 0x00007fc8451fd220
 Begin Bits: [0x00007fc824000000, 0x00007fc826000000)
 End Bits:   [0x00007fc826000000, 0x00007fc828000000)

Polling page: 0x00007fc845e4c000

CodeCache: size=245760Kb used=1597Kb max_used=1615Kb free=244162Kb
 bounds [0x00007fc82d000000, 0x00007fc82d270000, 0x00007fc83c000000]
 total_blobs=501 nmethods=238 adapters=177
 compilation: enabled

Compilation events (10 events):
Event: 0.800 Thread 0x00007fc83c0bd000  229   !   3       java.lang.ref.Finalizer::remove (94 bytes)
Event: 0.800 Thread 0x00007fc83c0bd000 nmethod 229 0x00007fc82d18d3d0 code [0x00007fc82d18d560, 0x00007fc82d18da30]
Event: 0.800 Thread 0x00007fc83c0bd000  227   !   3       java.lang.ref.Finalizer::runFinalizer (62 bytes)
Event: 0.800 Thread 0x00007fc83c0bd000 nmethod 227 0x00007fc82d18db90 code [0x00007fc82d18dd40, 0x00007fc82d18e5b8]
Event: 0.800 Thread 0x00007fc83c0bd000  235       1       java.lang.ref.Reference::clear (6 bytes)
Event: 0.800 Thread 0x00007fc83c0bd000 nmethod 235 0x00007fc82d17eb50 code [0x00007fc82d17eca0, 0x00007fc82d17edd0]
Event: 0.800 Thread 0x00007fc83c0bd000  234       1       java.lang.ref.Finalizer::access$000 (4 bytes)
Event: 0.801 Thread 0x00007fc83c0bd000 nmethod 234 0x00007fc82d18e850 code [0x00007fc82d18e9a0, 0x00007fc82d18ea90]
Event: 0.801 Thread 0x00007fc83c0b8800  236   !   4       java.lang.ref.Reference::tryHandlePending (115 bytes)
Event: 0.801 Thread 0x00007fc83c0bb000  237   !   4       java.lang.ref.ReferenceQueue::enqueue (119 bytes)

GC Heap History (2 events):
Event: 0.785 GC heap before
{Heap before GC invocations=1 (full 0):
 PSYoungGen      total 17920K, used 15360K [0x00000000d5580000, 0x00000000d6980000, 0x0000000100000000)
  eden space 15360K, 100% used [0x00000000d5580000,0x00000000d6480000,0x00000000d6480000)
  from space 2560K, 0% used [0x00000000d6700000,0x00000000d6700000,0x00000000d6980000)
  to   space 2560K, 0% used [0x00000000d6480000,0x00000000d6480000,0x00000000d6700000)
 ParOldGen       total 40960K, used 0K [0x0000000080000000, 0x0000000082800000, 0x00000000d5580000)
  object space 40960K, 0% used [0x0000000080000000,0x0000000080000000,0x0000000082800000)
 Metaspace       used 3737K, capacity 4640K, committed 4864K, reserved 1056768K
  class space    used 415K, capacity 464K, committed 512K, reserved 1048576K
Event: 0.795 GC heap after
Heap after GC invocations=1 (full 0):
 PSYoungGen      total 17920K, used 2544K [0x00000000d5580000, 0x00000000d7880000, 0x0000000100000000)
  eden space 15360K, 0% used [0x00000000d5580000,0x00000000d5580000,0x00000000d6480000)
  from space 2560K, 99% used [0x00000000d6480000,0x00000000d66fc010,0x00000000d6700000)
  to   space 2560K, 0% used [0x00000000d7600000,0x00000000d7600000,0x00000000d7880000)
 ParOldGen       total 40960K, used 932K [0x0000000080000000, 0x0000000082800000, 0x00000000d5580000)
  object space 40960K, 2% used [0x0000000080000000,0x00000000800e9370,0x0000000082800000)
 Metaspace       used 3737K, capacity 4640K, committed 4864K, reserved 1056768K
  class space    used 415K, capacity 464K, committed 512K, reserved 1048576K
}

Deoptimization events (0 events):
No events

Internal exceptions (10 events):
Event: 0.778 Thread 0x00007fc7ac001000 Exception <a 'org/simgrid/msg/TimeoutException'> (0x00000000d62b3918) thrown at [/HUDSON3/workspace/8-2-build-linux-amd64/jdk8u111/7883/hotspot/src/share/vm/prims/jni.cpp, line 735]
Event: 0.779 Thread 0x00007fc7b4001000 Exception <a 'org/simgrid/msg/TimeoutException'> (0x00000000d63fc450) thrown at [/HUDSON3/workspace/8-2-build-linux-amd64/jdk8u111/7883/hotspot/src/share/vm/prims/jni.cpp, line 735]
Event: 0.780 Thread 0x00007fc7e0001000 Exception <a 'org/simgrid/msg/TimeoutException'> (0x00000000d63c3ba8) thrown at [/HUDSON3/workspace/8-2-build-linux-amd64/jdk8u111/7883/hotspot/src/share/vm/prims/jni.cpp, line 735]
Event: 0.781 Thread 0x00007fc7dc001000 Exception <a 'org/simgrid/msg/TimeoutException'> (0x00000000d62f4f80) thrown at [/HUDSON3/workspace/8-2-build-linux-amd64/jdk8u111/7883/hotspot/src/share/vm/prims/jni.cpp, line 735]
Event: 0.781 Thread 0x00007fc7a8001000 Exception <a 'org/simgrid/msg/TimeoutException'> (0x00000000d633f198) thrown at [/HUDSON3/workspace/8-2-build-linux-amd64/jdk8u111/7883/hotspot/src/share/vm/prims/jni.cpp, line 735]
Event: 0.781 Thread 0x00007fc7e4001000 Exception <a 'org/simgrid/msg/TimeoutException'> (0x00000000d638a4a0) thrown at [/HUDSON3/workspace/8-2-build-linux-amd64/jdk8u111/7883/hotspot/src/share/vm/prims/jni.cpp, line 735]
Event: 0.782 Thread 0x00007fc7b0001000 Exception <a 'org/simgrid/msg/TimeoutException'> (0x00000000d6438fe8) thrown at [/HUDSON3/workspace/8-2-build-linux-amd64/jdk8u111/7883/hotspot/src/share/vm/prims/jni.cpp, line 735]
Event: 0.783 Thread 0x00007fc7bc001000 Exception <a 'org/simgrid/msg/TimeoutException'> (0x00000000d6268580) thrown at [/HUDSON3/workspace/8-2-build-linux-amd64/jdk8u111/7883/hotspot/src/share/vm/prims/jni.cpp, line 735]
Event: 0.783 Thread 0x00007fc7ac001000 Exception <a 'org/simgrid/msg/TimeoutException'> (0x00000000d62b5978) thrown at [/HUDSON3/workspace/8-2-build-linux-amd64/jdk8u111/7883/hotspot/src/share/vm/prims/jni.cpp, line 735]
Event: 0.784 Thread 0x00007fc7b4001000 Exception <a 'org/simgrid/msg/TimeoutException'> (0x00000000d63fe6d0) thrown at [/HUDSON3/workspace/8-2-build-linux-amd64/jdk8u111/7883/hotspot/src/share/vm/prims/jni.cpp, line 735]

Events (10 events):
Event: 0.191 loading class org/simgrid/msg/Comm
Event: 0.191 loading class org/simgrid/msg/Comm done
Event: 0.199 loading class java/util/regex/Pattern$BnM
Event: 0.199 loading class java/util/regex/Pattern$BnM done
Event: 0.199 loading class java/util/regex/Pattern$SliceS
Event: 0.199 loading class java/util/regex/Pattern$SliceS done
Event: 0.206 loading class org/simgrid/msg/TimeoutException
Event: 0.206 loading class org/simgrid/msg/TimeoutException done
Event: 0.785 Executing VM operation: ParallelGCFailedAllocation
Event: 0.795 Executing VM operation: ParallelGCFailedAllocation done


Dynamic libraries:
00400000-00401000 r-xp 00000000 08:01 8784123                            /home/elixandrebaldi/jdk1.8.0_111/bin/java
00600000-00601000 rw-p 00000000 08:01 8784123                            /home/elixandrebaldi/jdk1.8.0_111/bin/java
01ff8000-02019000 rw-p 00000000 00:00 0                                  [heap]
80000000-82800000 rw-p 00000000 00:00 0 
82800000-d5580000 ---p 00000000 00:00 0 
d5580000-d7880000 rw-p 00000000 00:00 0 
d7880000-100000000 ---p 00000000 00:00 0 
100000000-100080000 rw-p 00000000 00:00 0 
100080000-140000000 ---p 00000000 00:00 0 
7fc7a8000000-7fc7a80d8000 rw-p 00000000 00:00 0 
7fc7a80d8000-7fc7ac000000 ---p 00000000 00:00 0 
7fc7ac000000-7fc7ac0e1000 rw-p 00000000 00:00 0 
7fc7ac0e1000-7fc7b0000000 ---p 00000000 00:00 0 
7fc7b0000000-7fc7b00d9000 rw-p 00000000 00:00 0 
7fc7b00d9000-7fc7b4000000 ---p 00000000 00:00 0 
7fc7b4000000-7fc7b40da000 rw-p 00000000 00:00 0 
7fc7b40da000-7fc7b8000000 ---p 00000000 00:00 0 
7fc7b8000000-7fc7b80d7000 rw-p 00000000 00:00 0 
7fc7b80d7000-7fc7bc000000 ---p 00000000 00:00 0 
7fc7bc000000-7fc7bc0db000 rw-p 00000000 00:00 0 
7fc7bc0db000-7fc7c0000000 ---p 00000000 00:00 0 
7fc7c0000000-7fc7c00de000 rw-p 00000000 00:00 0 
7fc7c00de000-7fc7c4000000 ---p 00000000 00:00 0 
7fc7c4000000-7fc7c40d7000 rw-p 00000000 00:00 0 
7fc7c40d7000-7fc7c8000000 ---p 00000000 00:00 0 
7fc7c8000000-7fc7c80db000 rw-p 00000000 00:00 0 
7fc7c80db000-7fc7cc000000 ---p 00000000 00:00 0 
7fc7ccffa000-7fc7ccffd000 ---p 00000000 00:00 0 
7fc7ccffd000-7fc7cd7fb000 rw-p 00000000 00:00 0 
7fc7cd7fb000-7fc7cd7fe000 ---p 00000000 00:00 0 
7fc7cd7fe000-7fc7cdffc000 rw-p 00000000 00:00 0 
7fc7cdffc000-7fc7cdfff000 ---p 00000000 00:00 0 
7fc7cdfff000-7fc7ce7fd000 rw-p 00000000 00:00 0 
7fc7ce7fd000-7fc7ce800000 ---p 00000000 00:00 0 
7fc7ce800000-7fc7ceffe000 rw-p 00000000 00:00 0 
7fc7ceffe000-7fc7cf001000 ---p 00000000 00:00 0 
7fc7cf001000-7fc7cf7ff000 rw-p 00000000 00:00 0 
7fc7cf7ff000-7fc7cf802000 ---p 00000000 00:00 0 
7fc7cf802000-7fc7d0000000 rw-p 00000000 00:00 0 
7fc7d0000000-7fc7d00d7000 rw-p 00000000 00:00 0 
7fc7d00d7000-7fc7d4000000 ---p 00000000 00:00 0 
7fc7d4000000-7fc7d40d8000 rw-p 00000000 00:00 0 
7fc7d40d8000-7fc7d8000000 ---p 00000000 00:00 0 
7fc7d8000000-7fc7d80d8000 rw-p 00000000 00:00 0 
7fc7d80d8000-7fc7dc000000 ---p 00000000 00:00 0 
7fc7dc000000-7fc7dc0df000 rw-p 00000000 00:00 0 
7fc7dc0df000-7fc7e0000000 ---p 00000000 00:00 0 
7fc7e0000000-7fc7e00d5000 rw-p 00000000 00:00 0 
7fc7e00d5000-7fc7e4000000 ---p 00000000 00:00 0 
7fc7e4000000-7fc7e40d6000 rw-p 00000000 00:00 0 
7fc7e40d6000-7fc7e8000000 ---p 00000000 00:00 0 
7fc7e8000000-7fc7e80e5000 rw-p 00000000 00:00 0 
7fc7e80e5000-7fc7ec000000 ---p 00000000 00:00 0 
7fc7ec7f9000-7fc7ec7fc000 ---p 00000000 00:00 0 
7fc7ec7fc000-7fc7ecffa000 rw-p 00000000 00:00 0 
7fc7ecffa000-7fc7ecffd000 ---p 00000000 00:00 0 
7fc7ecffd000-7fc7ed7fb000 rw-p 00000000 00:00 0 
7fc7ed7fb000-7fc7ed7fe000 ---p 00000000 00:00 0 
7fc7ed7fe000-7fc7edffc000 rw-p 00000000 00:00 0 
7fc7edffc000-7fc7edfff000 ---p 00000000 00:00 0 
7fc7edfff000-7fc7ee7fd000 rw-p 00000000 00:00 0 
7fc7ee7fd000-7fc7ee800000 ---p 00000000 00:00 0 
7fc7ee800000-7fc7eeffe000 rw-p 00000000 00:00 0 
7fc7eeffe000-7fc7ef001000 ---p 00000000 00:00 0 
7fc7ef001000-7fc7ef7ff000 rw-p 00000000 00:00 0 
7fc7ef7ff000-7fc7ef802000 ---p 00000000 00:00 0 
7fc7ef802000-7fc7f0000000 rw-p 00000000 00:00 0 
7fc7f0000000-7fc7f0021000 rw-p 00000000 00:00 0 
7fc7f0021000-7fc7f4000000 ---p 00000000 00:00 0 
7fc7f4000000-7fc7f4021000 rw-p 00000000 00:00 0 
7fc7f4021000-7fc7f8000000 ---p 00000000 00:00 0 
7fc7f8000000-7fc7f8197000 rw-p 00000000 00:00 0 
7fc7f8197000-7fc7fc000000 ---p 00000000 00:00 0 
7fc7fc000000-7fc7fc135000 rw-p 00000000 00:00 0 
7fc7fc135000-7fc800000000 ---p 00000000 00:00 0 
7fc800000000-7fc800021000 rw-p 00000000 00:00 0 
7fc800021000-7fc804000000 ---p 00000000 00:00 0 
7fc804000000-7fc804103000 rw-p 00000000 00:00 0 
7fc804103000-7fc808000000 ---p 00000000 00:00 0 
7fc808000000-7fc808021000 rw-p 00000000 00:00 0 
7fc808021000-7fc80c000000 ---p 00000000 00:00 0 
7fc80c000000-7fc80c021000 rw-p 00000000 00:00 0 
7fc80c021000-7fc810000000 ---p 00000000 00:00 0 
7fc810000000-7fc810021000 rw-p 00000000 00:00 0 
7fc810021000-7fc814000000 ---p 00000000 00:00 0 
7fc814000000-7fc814021000 rw-p 00000000 00:00 0 
7fc814021000-7fc818000000 ---p 00000000 00:00 0 
7fc818000000-7fc818021000 rw-p 00000000 00:00 0 
7fc818021000-7fc81c000000 ---p 00000000 00:00 0 
7fc81c6f2000-7fc81c6f5000 ---p 00000000 00:00 0 
7fc81c6f5000-7fc81cef3000 rw-p 00000000 00:00 0 
7fc81cef3000-7fc81cef6000 ---p 00000000 00:00 0 
7fc81cef6000-7fc81d6f4000 rw-p 00000000 00:00 0 
7fc81d6f4000-7fc81d6f7000 ---p 00000000 00:00 0 
7fc81d6f7000-7fc81def5000 rw-p 00000000 00:00 0 
7fc81def5000-7fc81df0d000 r-xp 00000000 08:01 2359596                    /tmp/simgrid-java2039355516940267565/libsimgrid-java.so
7fc81df0d000-7fc81e10d000 ---p 00018000 08:01 2359596                    /tmp/simgrid-java2039355516940267565/libsimgrid-java.so
7fc81e10d000-7fc81e10e000 rw-p 00018000 08:01 2359596                    /tmp/simgrid-java2039355516940267565/libsimgrid-java.so
7fc81e10e000-7fc81e124000 r-xp 00000000 08:01 3936627                    /lib/x86_64-linux-gnu/libgcc_s.so.1
7fc81e124000-7fc81e323000 ---p 00016000 08:01 3936627                    /lib/x86_64-linux-gnu/libgcc_s.so.1
7fc81e323000-7fc81e324000 rw-p 00015000 08:01 3936627                    /lib/x86_64-linux-gnu/libgcc_s.so.1
7fc81e324000-7fc81e496000 r-xp 00000000 08:01 23332798                   /usr/lib/x86_64-linux-gnu/libstdc++.so.6.0.21
7fc81e496000-7fc81e696000 ---p 00172000 08:01 23332798                   /usr/lib/x86_64-linux-gnu/libstdc++.so.6.0.21
7fc81e696000-7fc81e6a0000 r--p 00172000 08:01 23332798                   /usr/lib/x86_64-linux-gnu/libstdc++.so.6.0.21
7fc81e6a0000-7fc81e6a2000 rw-p 0017c000 08:01 23332798                   /usr/lib/x86_64-linux-gnu/libstdc++.so.6.0.21
7fc81e6a2000-7fc81e6a6000 rw-p 00000000 00:00 0 
7fc81e6a6000-7fc81e96b000 r-xp 00000000 08:01 2359594                    /tmp/simgrid-java2039355516940267565/libsimgrid.so
7fc81e96b000-7fc81eb6b000 ---p 002c5000 08:01 2359594                    /tmp/simgrid-java2039355516940267565/libsimgrid.so
7fc81eb6b000-7fc81eba6000 rw-p 002c5000 08:01 2359594                    /tmp/simgrid-java2039355516940267565/libsimgrid.so
7fc81eba6000-7fc81ebae000 rw-p 00000000 00:00 0 
7fc81ebae000-7fc820000000 r--p 00000000 08:01 23331759                   /usr/lib/locale/locale-archive
7fc820000000-7fc820021000 rw-p 00000000 00:00 0 
7fc820021000-7fc824000000 ---p 00000000 00:00 0 
7fc824000000-7fc828000000 rw-p 00000000 00:00 0 
7fc828000000-7fc828021000 rw-p 00000000 00:00 0 
7fc828021000-7fc82c000000 ---p 00000000 00:00 0 
7fc82c0cf000-7fc82c3d0000 rw-p 00000000 00:00 0 
7fc82c3d0000-7fc82c3e6000 r-xp 00000000 08:01 8783936                    /home/elixandrebaldi/jdk1.8.0_111/jre/lib/amd64/libnet.so
7fc82c3e6000-7fc82c5e6000 ---p 00016000 08:01 8783936                    /home/elixandrebaldi/jdk1.8.0_111/jre/lib/amd64/libnet.so
7fc82c5e6000-7fc82c5e7000 rw-p 00016000 08:01 8783936                    /home/elixandrebaldi/jdk1.8.0_111/jre/lib/amd64/libnet.so
7fc82c5e7000-7fc82c5f8000 r-xp 00000000 08:01 8783935                    /home/elixandrebaldi/jdk1.8.0_111/jre/lib/amd64/libnio.so
7fc82c5f8000-7fc82c7f7000 ---p 00011000 08:01 8783935                    /home/elixandrebaldi/jdk1.8.0_111/jre/lib/amd64/libnio.so
7fc82c7f7000-7fc82c7f8000 rw-p 00010000 08:01 8783935                    /home/elixandrebaldi/jdk1.8.0_111/jre/lib/amd64/libnio.so
7fc82c7f8000-7fc82c7f9000 ---p 00000000 00:00 0 
7fc82c7f9000-7fc82c8f9000 rw-p 00000000 00:00 0 
7fc82c8f9000-7fc82c8fc000 ---p 00000000 00:00 0 
7fc82c8fc000-7fc82c9fa000 rw-p 00000000 00:00 0 
7fc82c9fa000-7fc82c9fd000 ---p 00000000 00:00 0 
7fc82c9fd000-7fc82cafb000 rw-p 00000000 00:00 0 
7fc82cafb000-7fc82cafe000 ---p 00000000 00:00 0 
7fc82cafe000-7fc82cbfc000 rw-p 00000000 00:00 0 
7fc82cbfc000-7fc82cbff000 ---p 00000000 00:00 0 
7fc82cbff000-7fc82ccfd000 rw-p 00000000 00:00 0 
7fc82ccfd000-7fc82cd00000 ---p 00000000 00:00 0 
7fc82cd00000-7fc82cdfe000 rw-p 00000000 00:00 0 
7fc82cdfe000-7fc82ce01000 ---p 00000000 00:00 0 
7fc82ce01000-7fc82ceff000 rw-p 00000000 00:00 0 
7fc82ceff000-7fc82cf02000 ---p 00000000 00:00 0 
7fc82cf02000-7fc82d000000 rw-p 00000000 00:00 0 
7fc82d000000-7fc82d270000 rwxp 00000000 00:00 0 
7fc82d270000-7fc83c000000 ---p 00000000 00:00 0 
7fc83c000000-7fc83c452000 rw-p 00000000 00:00 0 
7fc83c452000-7fc840000000 ---p 00000000 00:00 0 
7fc8400f3000-7fc8400f4000 ---p 00000000 00:00 0 
7fc8400f4000-7fc8411d6000 rw-p 00000000 00:00 0 
7fc8411d6000-7fc8413ae000 r--s 03d2a000 08:01 8784070                    /home/elixandrebaldi/jdk1.8.0_111/jre/lib/rt.jar
7fc8413ae000-7fc841864000 rw-p 00000000 00:00 0 
7fc841864000-7fc841c24000 ---p 00000000 00:00 0 
7fc841c24000-7fc842024000 rw-p 00000000 00:00 0 
7fc842024000-7fc842025000 ---p 00000000 00:00 0 
7fc842025000-7fc842125000 rw-p 00000000 00:00 0 
7fc842125000-7fc842126000 ---p 00000000 00:00 0 
7fc842126000-7fc842226000 rw-p 00000000 00:00 0 
7fc842226000-7fc842227000 ---p 00000000 00:00 0 
7fc842227000-7fc842327000 rw-p 00000000 00:00 0 
7fc842327000-7fc842328000 ---p 00000000 00:00 0 
7fc842328000-7fc84243c000 rw-p 00000000 00:00 0 
7fc84243c000-7fc8426d3000 ---p 00000000 00:00 0 
7fc8426d3000-7fc8426e7000 rw-p 00000000 00:00 0 
7fc8426e7000-7fc84297d000 ---p 00000000 00:00 0 
7fc84297d000-7fc842990000 rw-p 00000000 00:00 0 
7fc842990000-7fc842ad3000 ---p 00000000 00:00 0 
7fc842ad3000-7fc842ade000 rw-p 00000000 00:00 0 
7fc842ade000-7fc842e94000 ---p 00000000 00:00 0 
7fc842e94000-7fc842eae000 r-xp 00000000 08:01 8783934                    /home/elixandrebaldi/jdk1.8.0_111/jre/lib/amd64/libzip.so
7fc842eae000-7fc8430ae000 ---p 0001a000 08:01 8783934                    /home/elixandrebaldi/jdk1.8.0_111/jre/lib/amd64/libzip.so
7fc8430ae000-7fc8430af000 rw-p 0001a000 08:01 8783934                    /home/elixandrebaldi/jdk1.8.0_111/jre/lib/amd64/libzip.so
7fc8430af000-7fc8430ba000 r-xp 00000000 08:01 3932251                    /lib/x86_64-linux-gnu/libnss_files-2.23.so
7fc8430ba000-7fc8432b9000 ---p 0000b000 08:01 3932251                    /lib/x86_64-linux-gnu/libnss_files-2.23.so
7fc8432b9000-7fc8432ba000 r--p 0000a000 08:01 3932251                    /lib/x86_64-linux-gnu/libnss_files-2.23.so
7fc8432ba000-7fc8432bb000 rw-p 0000b000 08:01 3932251                    /lib/x86_64-linux-gnu/libnss_files-2.23.so
7fc8432bb000-7fc8432c1000 rw-p 00000000 00:00 0 
7fc8432c1000-7fc8432cc000 r-xp 00000000 08:01 3932244                    /lib/x86_64-linux-gnu/libnss_nis-2.23.so
7fc8432cc000-7fc8434cb000 ---p 0000b000 08:01 3932244                    /lib/x86_64-linux-gnu/libnss_nis-2.23.so
7fc8434cb000-7fc8434cc000 r--p 0000a000 08:01 3932244                    /lib/x86_64-linux-gnu/libnss_nis-2.23.so
7fc8434cc000-7fc8434cd000 rw-p 0000b000 08:01 3932244                    /lib/x86_64-linux-gnu/libnss_nis-2.23.so
7fc8434cd000-7fc8434e3000 r-xp 00000000 08:01 3932246                    /lib/x86_64-linux-gnu/libnsl-2.23.so
7fc8434e3000-7fc8436e2000 ---p 00016000 08:01 3932246                    /lib/x86_64-linux-gnu/libnsl-2.23.so
7fc8436e2000-7fc8436e3000 r--p 00015000 08:01 3932246                    /lib/x86_64-linux-gnu/libnsl-2.23.so
7fc8436e3000-7fc8436e4000 rw-p 00016000 08:01 3932246                    /lib/x86_64-linux-gnu/libnsl-2.23.so
7fc8436e4000-7fc8436e6000 rw-p 00000000 00:00 0 
7fc8436e6000-7fc8436ee000 r-xp 00000000 08:01 3932253                    /lib/x86_64-linux-gnu/libnss_compat-2.23.so
7fc8436ee000-7fc8438ed000 ---p 00008000 08:01 3932253                    /lib/x86_64-linux-gnu/libnss_compat-2.23.so
7fc8438ed000-7fc8438ee000 r--p 00007000 08:01 3932253                    /lib/x86_64-linux-gnu/libnss_compat-2.23.so
7fc8438ee000-7fc8438ef000 rw-p 00008000 08:01 3932253                    /lib/x86_64-linux-gnu/libnss_compat-2.23.so
7fc8438ef000-7fc84391a000 r-xp 00000000 08:01 8783907                    /home/elixandrebaldi/jdk1.8.0_111/jre/lib/amd64/libjava.so
7fc84391a000-7fc843b19000 ---p 0002b000 08:01 8783907                    /home/elixandrebaldi/jdk1.8.0_111/jre/lib/amd64/libjava.so
7fc843b19000-7fc843b1b000 rw-p 0002a000 08:01 8783907                    /home/elixandrebaldi/jdk1.8.0_111/jre/lib/amd64/libjava.so
7fc843b1b000-7fc843b28000 r-xp 00000000 08:01 8783870                    /home/elixandrebaldi/jdk1.8.0_111/jre/lib/amd64/libverify.so
7fc843b28000-7fc843d27000 ---p 0000d000 08:01 8783870                    /home/elixandrebaldi/jdk1.8.0_111/jre/lib/amd64/libverify.so
7fc843d27000-7fc843d29000 rw-p 0000c000 08:01 8783870                    /home/elixandrebaldi/jdk1.8.0_111/jre/lib/amd64/libverify.so
7fc843d29000-7fc843d30000 r-xp 00000000 08:01 3932254                    /lib/x86_64-linux-gnu/librt-2.23.so
7fc843d30000-7fc843f2f000 ---p 00007000 08:01 3932254                    /lib/x86_64-linux-gnu/librt-2.23.so
7fc843f2f000-7fc843f30000 r--p 00006000 08:01 3932254                    /lib/x86_64-linux-gnu/librt-2.23.so
7fc843f30000-7fc843f31000 rw-p 00007000 08:01 3932254                    /lib/x86_64-linux-gnu/librt-2.23.so
7fc843f31000-7fc844039000 r-xp 00000000 08:01 3932245                    /lib/x86_64-linux-gnu/libm-2.23.so
7fc844039000-7fc844238000 ---p 00108000 08:01 3932245                    /lib/x86_64-linux-gnu/libm-2.23.so
7fc844238000-7fc844239000 r--p 00107000 08:01 3932245                    /lib/x86_64-linux-gnu/libm-2.23.so
7fc844239000-7fc84423a000 rw-p 00108000 08:01 3932245                    /lib/x86_64-linux-gnu/libm-2.23.so
7fc84423a000-7fc844f07000 r-xp 00000000 08:01 8783785                    /home/elixandrebaldi/jdk1.8.0_111/jre/lib/amd64/server/libjvm.so
7fc844f07000-7fc845106000 ---p 00ccd000 08:01 8783785                    /home/elixandrebaldi/jdk1.8.0_111/jre/lib/amd64/server/libjvm.so
7fc845106000-7fc8451df000 rw-p 00ccc000 08:01 8783785                    /home/elixandrebaldi/jdk1.8.0_111/jre/lib/amd64/server/libjvm.so
7fc8451df000-7fc84522a000 rw-p 00000000 00:00 0 
7fc84522a000-7fc8453e9000 r-xp 00000000 08:01 3932247                    /lib/x86_64-linux-gnu/libc-2.23.so
7fc8453e9000-7fc8455e9000 ---p 001bf000 08:01 3932247                    /lib/x86_64-linux-gnu/libc-2.23.so
7fc8455e9000-7fc8455ed000 r--p 001bf000 08:01 3932247                    /lib/x86_64-linux-gnu/libc-2.23.so
7fc8455ed000-7fc8455ef000 rw-p 001c3000 08:01 3932247                    /lib/x86_64-linux-gnu/libc-2.23.so
7fc8455ef000-7fc8455f3000 rw-p 00000000 00:00 0 
7fc8455f3000-7fc8455f6000 r-xp 00000000 08:01 3932243                    /lib/x86_64-linux-gnu/libdl-2.23.so
7fc8455f6000-7fc8457f5000 ---p 00003000 08:01 3932243                    /lib/x86_64-linux-gnu/libdl-2.23.so
7fc8457f5000-7fc8457f6000 r--p 00002000 08:01 3932243                    /lib/x86_64-linux-gnu/libdl-2.23.so
7fc8457f6000-7fc8457f7000 rw-p 00003000 08:01 3932243                    /lib/x86_64-linux-gnu/libdl-2.23.so
7fc8457f7000-7fc84580c000 r-xp 00000000 08:01 8783943                    /home/elixandrebaldi/jdk1.8.0_111/lib/amd64/jli/libjli.so
7fc84580c000-7fc845a0c000 ---p 00015000 08:01 8783943                    /home/elixandrebaldi/jdk1.8.0_111/lib/amd64/jli/libjli.so
7fc845a0c000-7fc845a0d000 rw-p 00015000 08:01 8783943                    /home/elixandrebaldi/jdk1.8.0_111/lib/amd64/jli/libjli.so
7fc845a0d000-7fc845a25000 r-xp 00000000 08:01 3932258                    /lib/x86_64-linux-gnu/libpthread-2.23.so
7fc845a25000-7fc845c24000 ---p 00018000 08:01 3932258                    /lib/x86_64-linux-gnu/libpthread-2.23.so
7fc845c24000-7fc845c25000 r--p 00017000 08:01 3932258                    /lib/x86_64-linux-gnu/libpthread-2.23.so
7fc845c25000-7fc845c26000 rw-p 00018000 08:01 3932258                    /lib/x86_64-linux-gnu/libpthread-2.23.so
7fc845c26000-7fc845c2a000 rw-p 00000000 00:00 0 
7fc845c2a000-7fc845c50000 r-xp 00000000 08:01 3932248                    /lib/x86_64-linux-gnu/ld-2.23.so
7fc845c61000-7fc845d2d000 rw-p 00000000 00:00 0 
7fc845d2d000-7fc845d30000 ---p 00000000 00:00 0 
7fc845d30000-7fc845e32000 rw-p 00000000 00:00 0 
7fc845e3b000-7fc845e40000 r--s 00096000 08:01 8783911                    /home/elixandrebaldi/jdk1.8.0_111/jre/lib/jsse.jar
7fc845e40000-7fc845e43000 r--s 00f76000 08:01 8524426                    /home/elixandrebaldi/Documentos/VCubeDHT/simgrid.jar
7fc845e43000-7fc845e4b000 rw-s 00000000 08:01 2359374                    /tmp/hsperfdata_elixandrebaldi/17440
7fc845e4b000-7fc845e4c000 rw-p 00000000 00:00 0 
7fc845e4c000-7fc845e4d000 r--p 00000000 00:00 0 
7fc845e4d000-7fc845e4f000 rw-p 00000000 00:00 0 
7fc845e4f000-7fc845e50000 r--p 00025000 08:01 3932248                    /lib/x86_64-linux-gnu/ld-2.23.so
7fc845e50000-7fc845e51000 rw-p 00026000 08:01 3932248                    /lib/x86_64-linux-gnu/ld-2.23.so
7fc845e51000-7fc845e52000 rw-p 00000000 00:00 0 
7ffd1141a000-7ffd1143b000 rw-p 00000000 00:00 0                          [stack]
7ffd1145d000-7ffd1145f000 r--p 00000000 00:00 0                          [vvar]
7ffd1145f000-7ffd11461000 r-xp 00000000 00:00 0                          [vdso]
ffffffffff600000-ffffffffff601000 r-xp 00000000 00:00 0                  [vsyscall]

VM Arguments:
jvm_args: -Dfile.encoding=UTF-8 -Xmx2048M -XX:MaxPermSize=2048m 
java_command: vcube.VCube platform.xml deployment.xml
java_class_path (initial): /home/elixandrebaldi/Documentos/VCubeDHT/simgrid.jar:/home/elixandrebaldi/Documentos/VCubeDHT/VCube/build/classes
Launcher Type: SUN_STANDARD

Environment Variables:
PATH=/home/elixandrebaldi/bin:/home/elixandrebaldi/.local/bin:/usr/local/sbin:/usr/local/bin:/usr/sbin:/usr/bin:/sbin:/bin:/usr/games:/usr/local/games
LD_LIBRARY_PATH=/home/elixandrebaldi/jdk1.8.0_111/jre/lib/amd64:/home/elixandrebaldi/jdk1.8.0_111/jre/lib/i386:
SHELL=/bin/bash
DISPLAY=:0

Signal Handlers:
SIGSEGV: [libjvm.so+0xac64b0], sa_mask[0]=11111111011111111101111111111110, sa_flags=SA_RESTART|SA_SIGINFO
SIGBUS: [libjvm.so+0xac64b0], sa_mask[0]=11111111011111111101111111111110, sa_flags=SA_RESTART|SA_SIGINFO
SIGFPE: [libjvm.so+0x91f950], sa_mask[0]=11111111011111111101111111111110, sa_flags=SA_RESTART|SA_SIGINFO
SIGPIPE: [libjvm.so+0x91f950], sa_mask[0]=11111111011111111101111111111110, sa_flags=SA_RESTART|SA_SIGINFO
SIGXFSZ: [libjvm.so+0x91f950], sa_mask[0]=11111111011111111101111111111110, sa_flags=SA_RESTART|SA_SIGINFO
SIGILL: [libjvm.so+0x91f950], sa_mask[0]=11111111011111111101111111111110, sa_flags=SA_RESTART|SA_SIGINFO
SIGUSR1: SIG_DFL, sa_mask[0]=00000000000000000000000000000000, sa_flags=none
SIGUSR2: [libjvm.so+0x920f80], sa_mask[0]=00100000000000000000000000000000, sa_flags=SA_RESTART|SA_SIGINFO
SIGHUP: [libjvm.so+0x922380], sa_mask[0]=11111111011111111101111111111110, sa_flags=SA_RESTART|SA_SIGINFO
SIGINT: [libsimgrid.so+0x8ff50], sa_mask[0]=01000000000000000000000000000000, sa_flags=SA_RESTART
SIGTERM: [libjvm.so+0x922380], sa_mask[0]=11111111011111111101111111111110, sa_flags=SA_RESTART|SA_SIGINFO
SIGQUIT: [libjvm.so+0x922380], sa_mask[0]=11111111011111111101111111111110, sa_flags=SA_RESTART|SA_SIGINFO


---------------  S Y S T E M  ---------------

OS:DISTRIB_ID="elementary"
DISTRIB_RELEASE=0.4.1
DISTRIB_CODENAME=loki
DISTRIB_DESCRIPTION="elementary OS 0.4.1 Loki"

uname:Linux 4.4.0-79-generic #100-Ubuntu SMP Wed May 17 19:58:14 UTC 2017 x86_64
libc:glibc 2.23 NPTL 2.23 
rlimit: STACK 8192k, CORE 0k, NPROC 14991, NOFILE 65536, AS infinity
load average:0.32 0.36 0.63

/proc/meminfo:
MemTotal:        3878592 kB
MemFree:         1016932 kB
MemAvailable:    1375904 kB
Buffers:           23684 kB
Cached:           792712 kB
SwapCached:         8116 kB
Active:          1925940 kB
Inactive:         730000 kB
Active(anon):    1593320 kB
Inactive(anon):   530504 kB
Active(file):     332620 kB
Inactive(file):   199496 kB
Unevictable:          64 kB
Mlocked:              64 kB
SwapTotal:       4025340 kB
SwapFree:        3686444 kB
Dirty:             12088 kB
Writeback:             0 kB
AnonPages:       1832768 kB
Mapped:           333712 kB
Shmem:            284280 kB
Slab:              95752 kB
SReclaimable:      58704 kB
SUnreclaim:        37048 kB
KernelStack:        9568 kB
PageTables:        38088 kB
NFS_Unstable:          0 kB
Bounce:                0 kB
WritebackTmp:          0 kB
CommitLimit:     5964636 kB
Committed_AS:    6861236 kB
VmallocTotal:   34359738367 kB
VmallocUsed:           0 kB
VmallocChunk:          0 kB
HardwareCorrupted:     0 kB
AnonHugePages:    839680 kB
CmaTotal:              0 kB
CmaFree:               0 kB
HugePages_Total:       0
HugePages_Free:        0
HugePages_Rsvd:        0
HugePages_Surp:        0
Hugepagesize:       2048 kB
DirectMap4k:      187128 kB
DirectMap2M:     3840000 kB


CPU:total 4 (2 cores per cpu, 2 threads per core) family 6 model 58 stepping 9, cmov, cx8, fxsr, mmx, sse, sse2, sse3, ssse3, sse4.1, sse4.2, popcnt, avx, clmul, erms, ht, tsc, tscinvbit, tscinv

/proc/cpuinfo:
processor	: 0
vendor_id	: GenuineIntel
cpu family	: 6
model		: 58
model name	: Intel(R) Core(TM) i7-3517U CPU @ 1.90GHz
stepping	: 9
microcode	: 0x12
cpu MHz		: 2799.937
cache size	: 4096 KB
physical id	: 0
siblings	: 4
core id		: 0
cpu cores	: 2
apicid		: 0
initial apicid	: 0
fpu		: yes
fpu_exception	: yes
cpuid level	: 13
wp		: yes
flags		: fpu vme de pse tsc msr pae mce cx8 apic sep mtrr pge mca cmov pat pse36 clflush dts acpi mmx fxsr sse sse2 ss ht tm pbe syscall nx rdtscp lm constant_tsc arch_perfmon pebs bts rep_good nopl xtopology nonstop_tsc aperfmperf eagerfpu pni pclmulqdq dtes64 monitor ds_cpl vmx est tm2 ssse3 cx16 xtpr pdcm pcid sse4_1 sse4_2 x2apic popcnt tsc_deadline_timer xsave avx f16c rdrand lahf_lm epb tpr_shadow vnmi flexpriority ept vpid fsgsbase smep erms xsaveopt dtherm ida arat pln pts
bugs		:
bogomips	: 4788.90
clflush size	: 64
cache_alignment	: 64
address sizes	: 36 bits physical, 48 bits virtual
power management:

processor	: 1
vendor_id	: GenuineIntel
cpu family	: 6
model		: 58
model name	: Intel(R) Core(TM) i7-3517U CPU @ 1.90GHz
stepping	: 9
microcode	: 0x12
cpu MHz		: 2799.937
cache size	: 4096 KB
physical id	: 0
siblings	: 4
core id		: 0
cpu cores	: 2
apicid		: 1
initial apicid	: 1
fpu		: yes
fpu_exception	: yes
cpuid level	: 13
wp		: yes
flags		: fpu vme de pse tsc msr pae mce cx8 apic sep mtrr pge mca cmov pat pse36 clflush dts acpi mmx fxsr sse sse2 ss ht tm pbe syscall nx rdtscp lm constant_tsc arch_perfmon pebs bts rep_good nopl xtopology nonstop_tsc aperfmperf eagerfpu pni pclmulqdq dtes64 monitor ds_cpl vmx est tm2 ssse3 cx16 xtpr pdcm pcid sse4_1 sse4_2 x2apic popcnt tsc_deadline_timer xsave avx f16c rdrand lahf_lm epb tpr_shadow vnmi flexpriority ept vpid fsgsbase smep erms xsaveopt dtherm ida arat pln pts
bugs		:
bogomips	: 4788.90
clflush size	: 64
cache_alignment	: 64
address sizes	: 36 bits physical, 48 bits virtual
power management:

processor	: 2
vendor_id	: GenuineIntel
cpu family	: 6
model		: 58
model name	: Intel(R) Core(TM) i7-3517U CPU @ 1.90GHz
stepping	: 9
microcode	: 0x12
cpu MHz		: 2812.500
cache size	: 4096 KB
physical id	: 0
siblings	: 4
core id		: 1
cpu cores	: 2
apicid		: 2
initial apicid	: 2
fpu		: yes
fpu_exception	: yes
cpuid level	: 13
wp		: yes
flags		: fpu vme de pse tsc msr pae mce cx8 apic sep mtrr pge mca cmov pat pse36 clflush dts acpi mmx fxsr sse sse2 ss ht tm pbe syscall nx rdtscp lm constant_tsc arch_perfmon pebs bts rep_good nopl xtopology nonstop_tsc aperfmperf eagerfpu pni pclmulqdq dtes64 monitor ds_cpl vmx est tm2 ssse3 cx16 xtpr pdcm pcid sse4_1 sse4_2 x2apic popcnt tsc_deadline_timer xsave avx f16c rdrand lahf_lm epb tpr_shadow vnmi flexpriority ept vpid fsgsbase smep erms xsaveopt dtherm ida arat pln pts
bugs		:
bogomips	: 4788.90
clflush size	: 64
cache_alignment	: 64
address sizes	: 36 bits physical, 48 bits virtual
power management:

processor	: 3
vendor_id	: GenuineIntel
cpu family	: 6
model		: 58
model name	: Intel(R) Core(TM) i7-3517U CPU @ 1.90GHz
stepping	: 9
microcode	: 0x12
cpu MHz		: 2814.187
cache size	: 4096 KB
physical id	: 0
siblings	: 4
core id		: 1
cpu cores	: 2
apicid		: 3
initial apicid	: 3
fpu		: yes
fpu_exception	: yes
cpuid level	: 13
wp		: yes
flags		: fpu vme de pse tsc msr pae mce cx8 apic sep mtrr pge mca cmov pat pse36 clflush dts acpi mmx fxsr sse sse2 ss ht tm pbe syscall nx rdtscp lm constant_tsc arch_perfmon pebs bts rep_good nopl xtopology nonstop_tsc aperfmperf eagerfpu pni pclmulqdq dtes64 monitor ds_cpl vmx est tm2 ssse3 cx16 xtpr pdcm pcid sse4_1 sse4_2 x2apic popcnt tsc_deadline_timer xsave avx f16c rdrand lahf_lm epb tpr_shadow vnmi flexpriority ept vpid fsgsbase smep erms xsaveopt dtherm ida arat pln pts
bugs		:
bogomips	: 4788.90
clflush size	: 64
cache_alignment	: 64
address sizes	: 36 bits physical, 48 bits virtual
power management:



Memory: 4k page, physical 3878592k(1016932k free), swap 4025340k(3686444k free)

vm_info: Java HotSpot(TM) 64-Bit Server VM (25.111-b14) for linux-amd64 JRE (1.8.0_111-b14), built on Sep 22 2016 16:14:03 by "java_re" with gcc 4.3.0 20080428 (Red Hat 4.3.0-8)

time: Wed Jun 14 14:30:29 2017
elapsed time: 0 seconds (0d 0h 0m 0s)

