#
# A fatal error has been detected by the Java Runtime Environment:
#
#  SIGSEGV (0xb) at pc=0x00007f813902a263, pid=6491, tid=140193111709440
#
# JRE version: Java(TM) SE Runtime Environment (7.0_80-b15) (build 1.7.0_80-b15)
# Java VM: Java HotSpot(TM) 64-Bit Server VM (24.80-b11 mixed mode linux-amd64 compressed oops)
# Problematic frame:
# C  [libsimgrid.so+0x190263]  xbt_dynar_member+0x23
#
# Failed to write core dump. Core dumps have been disabled. To enable core dumping, try "ulimit -c unlimited" before starting Java again
#
# If you would like to submit a bug report, please visit:
#   http://bugreport.java.com/bugreport/crash.jsp
#

---------------  T H R E A D  ---------------

Current thread (0x00007f814406a000):  VMThread [stack: 0x00007f81408f9000,0x00007f81409fa000] [id=6501]

siginfo:si_signo=SIGSEGV: si_errno=0, si_code=1 (SEGV_MAPERR), si_addr=0x0000000000000000

Registers:
RAX=0x0000000000000000, RBX=0x00007f8139396700, RCX=0x00007f81393a1790, RDX=0x00007f81409f9a30
RSP=0x00007f81409f8590, RBP=0x00007f814419c980, RSI=0x00007f81409f8738, RDI=0x00007f81409f8650
R8 =0x00007f8144193990, R9 =0x0000000000000001, R10=0x0000000000000c58, R11=0x00007f813902a240
R12=0x00007f81393a1790, R13=0x00007f814417ca00, R14=0x00000000000003d8, R15=0x00007f8144027e58
RIP=0x00007f813902a263, EFLAGS=0x0000000000010206, CSGSFS=0x0000000000000033, ERR=0x0000000000000004
  TRAPNO=0x000000000000000e

Top of Stack: (sp=0x00007f81409f8590)
0x00007f81409f8590:   00007f814417b3a0 00007f81409f85b0
0x00007f81409f85a0:   00007f8144193a30 00007f81409f8738
0x00007f81409f85b0:   00000000ffffffff 00007f81442bbf10
0x00007f81409f85c0:   00007f8138eb3628 00007f814417b3a0
0x00007f81409f85d0:   00007f81440035c7 00007f81442bbf10
0x00007f81409f85e0:   00007f81441a40a0 00007f8100000001
0x00007f81409f85f0:   0000000000000000 0000000000000000
0x00007f81409f8600:   00007f81441a41d0 00007f8144469a10
0x00007f81409f8610:   00000000000003d8 00007f814446e8e0
0x00007f81409f8620:   00007f8139361400 00007f8139365de8
0x00007f81409f8630:   00007f81393a1790 00007f814417ca00
0x00007f81409f8640:   00000000000003d8 00007f8144027e58
0x00007f81409f8650:   0000000000000000 00007f814c2649ad
0x00007f81409f8660:   0000000000000005 0000000000000000
0x00007f81409f8670:   00007f814417ca00 00007f8138eb3628
0x00007f81409f8680:   00007f8139396700 00007f814419c980
0x00007f81409f8690:   00007f81393a1790 00007f814c26bf30
0x00007f81409f86a0:   00007f814428d370 00007f8139361400
0x00007f81409f86b0:   00007f81441a1810 00007f81390471a7
0x00007f81409f86c0:   00007f814419d698 00007f814419d690
0x00007f81409f86d0:   00007f814419d890 00007f8144190028
0x00007f81409f86e0:   00007f81441d6c70 00007f81393a1790
0x00007f81409f86f0:   00007f8144193990 00007f81409f8738
0x00007f81409f8700:   00007f8144193a30 00007f8144193990
0x00007f81409f8710:   0000000000000001 00007f814417b3a0
0x00007f81409f8720:   00007f8139396700 00007f813904734f
0x00007f81409f8730:   0000000000000000 00007f81441a1810
0x00007f81409f8740:   0000000000000005 0000000000000000
0x00007f81409f8750:   00007f8144027e58 00007f8139399a98
0x00007f81409f8760:   00007f8144195bf0 0000000000000001
0x00007f81409f8770:   00007f814417ca00 00007f8139028d37
0x00007f81409f8780:   00007f814417ca00 00007f8139399098 

Instructions: (pc=0x00007f813902a263)
0x00007f813902a243:   ec 90 01 00 00 48 8b 05 01 a2 33 00 48 89 7c 24
0x00007f813902a253:   10 48 89 74 24 18 ff 10 48 8d bc 24 c0 00 00 00
0x00007f813902a263:   48 8b 08 48 89 04 24 48 89 38 48 89 4c 24 08 e8
0x00007f813902a273:   79 31 ed ff 85 c0 74 75 48 8b 14 24 c7 42 08 01 

Register to memory mapping:

RAX=0x0000000000000000 is an unknown value
RBX=0x00007f8139396700: _simgrid_log_category__simix_process+0 in /tmp/simgrid-java8518482115679289511/libsimgrid.so at 0x00007f8138e9a000
RCX=0x00007f81393a1790: simix_global+0 in /tmp/simgrid-java8518482115679289511/libsimgrid.so at 0x00007f8138e9a000
RDX=0x00007f81409f9a30 is an unknown value
RSP=0x00007f81409f8590 is an unknown value
RBP=0x00007f814419c980 is an unknown value
RSI=0x00007f81409f8738 is an unknown value
RDI=0x00007f81409f8650 is an unknown value
R8 =0x00007f8144193990 is an unknown value
R9 =0x0000000000000001 is an unknown value
R10=0x0000000000000c58 is an unknown value
R11=0x00007f813902a240: xbt_dynar_member+0 in /tmp/simgrid-java8518482115679289511/libsimgrid.so at 0x00007f8138e9a000
R12=0x00007f81393a1790: simix_global+0 in /tmp/simgrid-java8518482115679289511/libsimgrid.so at 0x00007f8138e9a000
R13=0x00007f814417ca00 is an unknown value
R14=0x00000000000003d8 is an unknown value
R15=0x00007f8144027e58 is an unknown value


Stack: [0x00007f81408f9000,0x00007f81409fa000],  sp=0x00007f81409f8590,  free space=1021k
Native frames: (J=compiled Java code, j=interpreted, Vv=VM code, C=native code)
C  [libsimgrid.so+0x190263]  xbt_dynar_member+0x23

VM_Operation (0x00007f81386e6430): Exit, mode: safepoint, requested by thread 0x00007f8120001000


---------------  P R O C E S S  ---------------

Java Threads: ( => current thread )
  0x00007f8120001000 JavaThread "SIGTERM handler" daemon [_thread_blocked, id=6524, stack(0x00007f81385e7000,0x00007f81386e8000)]
  0x00007f80c8001000 JavaThread "Thread-15" [_thread_in_native, id=6523, stack(0x00007f80f37ff000,0x00007f80f4000000)]
  0x00007f80c4001000 JavaThread "Thread-14" [_thread_in_native, id=6522, stack(0x00007f81007f9000,0x00007f8100ffa000)]
  0x00007f80d0001000 JavaThread "Thread-13" [_thread_in_native, id=6521, stack(0x00007f8100ffa000,0x00007f81017fb000)]
  0x00007f80cc001000 JavaThread "Thread-12" [_thread_in_native, id=6520, stack(0x00007f81017fb000,0x00007f8101ffc000)]
  0x00007f80d8001000 JavaThread "Thread-11" [_thread_in_native, id=6519, stack(0x00007f8101ffc000,0x00007f81027fd000)]
  0x00007f80d4001000 JavaThread "Thread-10" [_thread_in_native, id=6518, stack(0x00007f81027fd000,0x00007f8102ffe000)]
  0x00007f80e0001000 JavaThread "Thread-9" [_thread_in_native, id=6516, stack(0x00007f81037ff000,0x00007f8104000000)]
  0x00007f80dc001000 JavaThread "Thread-8" [_thread_in_native, id=6517, stack(0x00007f8102ffe000,0x00007f81037ff000)]
  0x00007f80e8001000 JavaThread "Thread-5" [_thread_in_native, id=6515, stack(0x00007f81087f9000,0x00007f8108ffa000)]
  0x00007f80e4001000 JavaThread "Thread-6" [_thread_blocked, id=6512, stack(0x00007f8109ffc000,0x00007f810a7fd000)]
  0x00007f80ec001000 JavaThread "Thread-7" [_thread_in_native, id=6513, stack(0x00007f81097fb000,0x00007f8109ffc000)]
  0x00007f80f8001000 JavaThread "Thread-4" [_thread_in_native, id=6514, stack(0x00007f8108ffa000,0x00007f81097fb000)]
  0x00007f80f4001000 JavaThread "Thread-3" [_thread_in_native, id=6510, stack(0x00007f810affe000,0x00007f810b7ff000)]
  0x00007f80fc001000 JavaThread "Thread-2" [_thread_in_native, id=6511, stack(0x00007f810a7fd000,0x00007f810affe000)]
  0x00007f8104001000 JavaThread "Thread-1" [_thread_in_native, id=6509, stack(0x00007f810b7ff000,0x00007f810c000000)]
  0x00007f8144099000 JavaThread "Service Thread" daemon [_thread_blocked, id=6507, stack(0x00007f8139bcc000,0x00007f8139ccd000)]
  0x00007f8144096800 JavaThread "C2 CompilerThread1" daemon [_thread_blocked, id=6506, stack(0x00007f8139ccd000,0x00007f8139dce000)]
  0x00007f8144093800 JavaThread "C2 CompilerThread0" daemon [_thread_blocked, id=6505, stack(0x00007f8139dce000,0x00007f8139ecf000)]
  0x00007f8144070800 JavaThread "Finalizer" daemon [_thread_blocked, id=6503, stack(0x00007f81406f7000,0x00007f81407f8000)]
  0x00007f814406e000 JavaThread "Reference Handler" daemon [_thread_blocked, id=6502, stack(0x00007f81407f8000,0x00007f81408f9000)]
  0x00007f8144009800 JavaThread "main" [_thread_in_native, id=6496, stack(0x00007f814c358000,0x00007f814c459000)]

Other Threads:
=>0x00007f814406a000 VMThread [stack: 0x00007f81408f9000,0x00007f81409fa000] [id=6501]

VM state:at safepoint (shutting down)

VM Mutex/Monitor currently owned by a thread:  ([mutex/lock_event])
[0x00007f81440061b0] Threads_lock - owner thread: 0x00007f814406a000

Heap
 PSYoungGen      total 17920K, used 10755K [0x00000000ec400000, 0x00000000ed800000, 0x0000000100000000)
  eden space 15360K, 70% used [0x00000000ec400000,0x00000000ece80c50,0x00000000ed300000)
  from space 2560K, 0% used [0x00000000ed580000,0x00000000ed580000,0x00000000ed800000)
  to   space 2560K, 0% used [0x00000000ed300000,0x00000000ed300000,0x00000000ed580000)
 ParOldGen       total 40448K, used 0K [0x00000000c4c00000, 0x00000000c7380000, 0x00000000ec400000)
  object space 40448K, 0% used [0x00000000c4c00000,0x00000000c4c00000,0x00000000c7380000)
 PSPermGen       total 21504K, used 3902K [0x00000000bfa00000, 0x00000000c0f00000, 0x00000000c4c00000)
  object space 21504K, 18% used [0x00000000bfa00000,0x00000000bfdcf9b0,0x00000000c0f00000)

Card table byte_map: [0x00007f814943a000,0x00007f814963e000] byte_map_base: 0x00007f8148e3d000

Polling page: 0x00007f814c475000

Code Cache  [0x00007f8141000000, 0x00007f8141270000, 0x00007f8144000000)
 total_blobs=243 nmethods=34 adapters=163 free_code_cache=48707Kb largest_free_block=49848576

Compilation events (10 events):
Event: 0.816 Thread 0x00007f8144096800   30             vcube.Node::imprimirTimestemp (72 bytes)
Event: 0.816 Thread 0x00007f8144093800   31             vcube.Node::imprimirTimestempStatus (72 bytes)
Event: 0.839 Thread 0x00007f8144096800 nmethod 30 0x00007f8141066690 code [0x00007f8141066820, 0x00007f8141066d68]
Event: 0.839 Thread 0x00007f8144093800 nmethod 31 0x00007f814106c890 code [0x00007f814106ca20, 0x00007f814106cf68]
Event: 0.928 Thread 0x00007f8144096800   32             org.simgrid.msg.Task::getName (5 bytes)
Event: 0.928 Thread 0x00007f8144096800 nmethod 32 0x00007f814106ddd0 code [0x00007f814106df00, 0x00007f814106df58]
Event: 0.950 Thread 0x00007f8144093800   33             java.lang.AbstractStringBuilder::append (144 bytes)
Event: 0.954 Thread 0x00007f8144096800   34             java.util.regex.Pattern$Slice::match (79 bytes)
Event: 0.961 Thread 0x00007f8144096800 nmethod 34 0x00007f8141072650 code [0x00007f81410727c0, 0x00007f8141072bf8]
Event: 1.030 Thread 0x00007f8144093800 nmethod 33 0x00007f8141073e90 code [0x00007f8141074000, 0x00007f8141074618]

GC Heap History (0 events):
No events

Deoptimization events (0 events):
No events

Internal exceptions (10 events):
Event: 1.017 Thread 0x00007f80dc001000 Threw 0x00000000ecb95280 at /HUDSON/workspace/7u-2-build-linux-amd64/jdk7u80/2329/hotspot/src/share/vm/prims/jni.cpp:743
Event: 1.017 Thread 0x00007f8104001000 Threw 0x00000000ecd1e7a0 at /HUDSON/workspace/7u-2-build-linux-amd64/jdk7u80/2329/hotspot/src/share/vm/prims/jni.cpp:743
Event: 1.018 Thread 0x00007f80f8001000 Threw 0x00000000ecc9aed0 at /HUDSON/workspace/7u-2-build-linux-amd64/jdk7u80/2329/hotspot/src/share/vm/prims/jni.cpp:743
Event: 1.018 Thread 0x00007f80e8001000 Threw 0x00000000ecc09608 at /HUDSON/workspace/7u-2-build-linux-amd64/jdk7u80/2329/hotspot/src/share/vm/prims/jni.cpp:743
Event: 1.020 Thread 0x00007f80d4001000 Threw 0x00000000ecc29608 at /HUDSON/workspace/7u-2-build-linux-amd64/jdk7u80/2329/hotspot/src/share/vm/prims/jni.cpp:743
Event: 1.022 Thread 0x00007f80c4001000 Threw 0x00000000ec9608e0 at /HUDSON/workspace/7u-2-build-linux-amd64/jdk7u80/2329/hotspot/src/share/vm/prims/jni.cpp:743
Event: 1.028 Thread 0x00007f80d8001000 Threw 0x00000000eccbd530 at /HUDSON/workspace/7u-2-build-linux-amd64/jdk7u80/2329/hotspot/src/share/vm/prims/jni.cpp:743
Event: 1.028 Thread 0x00007f80c8001000 Threw 0x00000000ec9f52f8 at /HUDSON/workspace/7u-2-build-linux-amd64/jdk7u80/2329/hotspot/src/share/vm/prims/jni.cpp:743
Event: 1.028 Thread 0x00007f80cc001000 Threw 0x00000000ecd529a8 at /HUDSON/workspace/7u-2-build-linux-amd64/jdk7u80/2329/hotspot/src/share/vm/prims/jni.cpp:743
Event: 1.029 Thread 0x00007f80e4001000 Threw 0x00000000ecb7ea10 at /HUDSON/workspace/7u-2-build-linux-amd64/jdk7u80/2329/hotspot/src/share/vm/prims/jni.cpp:743

Events (10 events):
Event: 1.031 loading class 0x00007f81441145a0
Event: 1.031 loading class 0x00007f81441145a0 done
Event: 1.031 loading class 0x00007f8144114570
Event: 1.031 loading class 0x00007f8144114530
Event: 1.031 loading class 0x00007f8144114530 done
Event: 1.031 loading class 0x00007f8144114570 done
Event: 1.032 Thread 0x00007f80bc001000 Thread added: 0x00007f80bc001000
Event: 1.032 Thread 0x00007f80bc001000 Thread exited: 0x00007f80bc001000
Event: 1.033 Thread 0x00007f8144091800 Thread exited: 0x00007f8144091800
Event: 1.033 Executing VM operation: Exit


Dynamic libraries:
00400000-00401000 r-xp 00000000 08:07 663942                             /home/elixandre/jdk1.7.0_80/bin/java
00600000-00601000 rw-p 00000000 08:07 663942                             /home/elixandre/jdk1.7.0_80/bin/java
00d22000-00d43000 rw-p 00000000 00:00 0                                  [heap]
bfa00000-c0f00000 rw-p 00000000 00:00 0 
c0f00000-c4c00000 rw-p 00000000 00:00 0 
c4c00000-c7380000 rw-p 00000000 00:00 0 
c7380000-ec400000 rw-p 00000000 00:00 0 
ec400000-ed800000 rw-p 00000000 00:00 0 
ed800000-100000000 rw-p 00000000 00:00 0 
7f80bc000000-7f80bc021000 rw-p 00000000 00:00 0 
7f80bc021000-7f80c0000000 ---p 00000000 00:00 0 
7f80c0000000-7f80c0021000 rw-p 00000000 00:00 0 
7f80c0021000-7f80c4000000 ---p 00000000 00:00 0 
7f80c4000000-7f80c4022000 rw-p 00000000 00:00 0 
7f80c4022000-7f80c8000000 ---p 00000000 00:00 0 
7f80c8000000-7f80c8022000 rw-p 00000000 00:00 0 
7f80c8022000-7f80cc000000 ---p 00000000 00:00 0 
7f80cc000000-7f80cc022000 rw-p 00000000 00:00 0 
7f80cc022000-7f80d0000000 ---p 00000000 00:00 0 
7f80d0000000-7f80d0022000 rw-p 00000000 00:00 0 
7f80d0022000-7f80d4000000 ---p 00000000 00:00 0 
7f80d4000000-7f80d4022000 rw-p 00000000 00:00 0 
7f80d4022000-7f80d8000000 ---p 00000000 00:00 0 
7f80d8000000-7f80d8022000 rw-p 00000000 00:00 0 
7f80d8022000-7f80dc000000 ---p 00000000 00:00 0 
7f80dc000000-7f80dc022000 rw-p 00000000 00:00 0 
7f80dc022000-7f80e0000000 ---p 00000000 00:00 0 
7f80e0000000-7f80e0090000 rw-p 00000000 00:00 0 
7f80e0090000-7f80e4000000 ---p 00000000 00:00 0 
7f80e4000000-7f80e4091000 rw-p 00000000 00:00 0 
7f80e4091000-7f80e8000000 ---p 00000000 00:00 0 
7f80e8000000-7f80e8093000 rw-p 00000000 00:00 0 
7f80e8093000-7f80ec000000 ---p 00000000 00:00 0 
7f80ec000000-7f80ec090000 rw-p 00000000 00:00 0 
7f80ec090000-7f80f0000000 ---p 00000000 00:00 0 
7f80f37ff000-7f80f3802000 ---p 00000000 00:00 0 
7f80f3802000-7f80f4000000 rw-p 00000000 00:00 0 
7f80f4000000-7f80f4093000 rw-p 00000000 00:00 0 
7f80f4093000-7f80f8000000 ---p 00000000 00:00 0 
7f80f8000000-7f80f808f000 rw-p 00000000 00:00 0 
7f80f808f000-7f80fc000000 ---p 00000000 00:00 0 
7f80fc000000-7f80fc08f000 rw-p 00000000 00:00 0 
7f80fc08f000-7f8100000000 ---p 00000000 00:00 0 
7f81007f9000-7f81007fc000 ---p 00000000 00:00 0 
7f81007fc000-7f8100ffa000 rw-p 00000000 00:00 0 
7f8100ffa000-7f8100ffd000 ---p 00000000 00:00 0 
7f8100ffd000-7f81017fb000 rw-p 00000000 00:00 0 
7f81017fb000-7f81017fe000 ---p 00000000 00:00 0 
7f81017fe000-7f8101ffc000 rw-p 00000000 00:00 0 
7f8101ffc000-7f8101fff000 ---p 00000000 00:00 0 
7f8101fff000-7f81027fd000 rw-p 00000000 00:00 0 
7f81027fd000-7f8102800000 ---p 00000000 00:00 0 
7f8102800000-7f8102ffe000 rw-p 00000000 00:00 0 
7f8102ffe000-7f8103001000 ---p 00000000 00:00 0 
7f8103001000-7f81037ff000 rw-p 00000000 00:00 0 
7f81037ff000-7f8103802000 ---p 00000000 00:00 0 
7f8103802000-7f8104000000 rw-p 00000000 00:00 0 
7f8104000000-7f81040a6000 rw-p 00000000 00:00 0 
7f81040a6000-7f8108000000 ---p 00000000 00:00 0 
7f81087f9000-7f81087fc000 ---p 00000000 00:00 0 
7f81087fc000-7f8108ffa000 rw-p 00000000 00:00 0 
7f8108ffa000-7f8108ffd000 ---p 00000000 00:00 0 
7f8108ffd000-7f81097fb000 rw-p 00000000 00:00 0 
7f81097fb000-7f81097fe000 ---p 00000000 00:00 0 
7f81097fe000-7f8109ffc000 rw-p 00000000 00:00 0 
7f8109ffc000-7f8109fff000 ---p 00000000 00:00 0 
7f8109fff000-7f810a7fd000 rw-p 00000000 00:00 0 
7f810a7fd000-7f810a800000 ---p 00000000 00:00 0 
7f810a800000-7f810affe000 rw-p 00000000 00:00 0 
7f810affe000-7f810b001000 ---p 00000000 00:00 0 
7f810b001000-7f810b7ff000 rw-p 00000000 00:00 0 
7f810b7ff000-7f810b802000 ---p 00000000 00:00 0 
7f810b802000-7f810c000000 rw-p 00000000 00:00 0 
7f810c000000-7f810c021000 rw-p 00000000 00:00 0 
7f810c021000-7f8110000000 ---p 00000000 00:00 0 
7f8110000000-7f8110021000 rw-p 00000000 00:00 0 
7f8110021000-7f8114000000 ---p 00000000 00:00 0 
7f8114000000-7f81140eb000 rw-p 00000000 00:00 0 
7f81140eb000-7f8118000000 ---p 00000000 00:00 0 
7f8118000000-7f81180f7000 rw-p 00000000 00:00 0 
7f81180f7000-7f811c000000 ---p 00000000 00:00 0 
7f811c000000-7f811c021000 rw-p 00000000 00:00 0 
7f811c021000-7f8120000000 ---p 00000000 00:00 0 
7f8120000000-7f8120021000 rw-p 00000000 00:00 0 
7f8120021000-7f8124000000 ---p 00000000 00:00 0 
7f8124000000-7f8124021000 rw-p 00000000 00:00 0 
7f8124021000-7f8128000000 ---p 00000000 00:00 0 
7f8128000000-7f8128021000 rw-p 00000000 00:00 0 
7f8128021000-7f812c000000 ---p 00000000 00:00 0 
7f812c000000-7f812c021000 rw-p 00000000 00:00 0 
7f812c021000-7f8130000000 ---p 00000000 00:00 0 
7f8130000000-7f8130021000 rw-p 00000000 00:00 0 
7f8130021000-7f8134000000 ---p 00000000 00:00 0 
7f8134000000-7f8134021000 rw-p 00000000 00:00 0 
7f8134021000-7f8138000000 ---p 00000000 00:00 0 
7f81384e6000-7f81384e9000 ---p 00000000 00:00 0 
7f81384e9000-7f81385e7000 rw-p 00000000 00:00 0 
7f81385e7000-7f81385ea000 ---p 00000000 00:00 0 
7f81385ea000-7f81386e8000 rw-p 00000000 00:00 0 
7f81386e8000-7f8138700000 r-xp 00000000 08:07 794742                     /tmp/simgrid-java8518482115679289511/libsimgrid-java.so (deleted)
7f8138700000-7f8138900000 ---p 00018000 08:07 794742                     /tmp/simgrid-java8518482115679289511/libsimgrid-java.so (deleted)
7f8138900000-7f8138901000 rw-p 00018000 08:07 794742                     /tmp/simgrid-java8518482115679289511/libsimgrid-java.so (deleted)
7f8138901000-7f8138917000 r-xp 00000000 08:07 528568                     /lib/x86_64-linux-gnu/libgcc_s.so.1
7f8138917000-7f8138b16000 ---p 00016000 08:07 528568                     /lib/x86_64-linux-gnu/libgcc_s.so.1
7f8138b16000-7f8138b17000 r--p 00015000 08:07 528568                     /lib/x86_64-linux-gnu/libgcc_s.so.1
7f8138b17000-7f8138b18000 rw-p 00016000 08:07 528568                     /lib/x86_64-linux-gnu/libgcc_s.so.1
7f8138b18000-7f8138c8b000 r-xp 00000000 08:07 1059329                    /usr/lib/x86_64-linux-gnu/libstdc++.so.6.0.21
7f8138c8b000-7f8138e8a000 ---p 00173000 08:07 1059329                    /usr/lib/x86_64-linux-gnu/libstdc++.so.6.0.21
7f8138e8a000-7f8138e94000 r--p 00172000 08:07 1059329                    /usr/lib/x86_64-linux-gnu/libstdc++.so.6.0.21
7f8138e94000-7f8138e96000 rw-p 0017c000 08:07 1059329                    /usr/lib/x86_64-linux-gnu/libstdc++.so.6.0.21
7f8138e96000-7f8138e9a000 rw-p 00000000 00:00 0 
7f8138e9a000-7f813915f000 r-xp 00000000 08:07 794736                     /tmp/simgrid-java8518482115679289511/libsimgrid.so (deleted)
7f813915f000-7f813935f000 ---p 002c5000 08:07 794736                     /tmp/simgrid-java8518482115679289511/libsimgrid.so (deleted)
7f813935f000-7f813939a000 rw-p 002c5000 08:07 794736                     /tmp/simgrid-java8518482115679289511/libsimgrid.so (deleted)
7f813939a000-7f81396a3000 rw-p 00000000 00:00 0 
7f81396a3000-7f81396ba000 r-xp 00000000 08:07 663689                     /home/elixandre/jdk1.7.0_80/jre/lib/amd64/libnet.so
7f81396ba000-7f81398b9000 ---p 00017000 08:07 663689                     /home/elixandre/jdk1.7.0_80/jre/lib/amd64/libnet.so
7f81398b9000-7f81398ba000 rw-p 00016000 08:07 663689                     /home/elixandre/jdk1.7.0_80/jre/lib/amd64/libnet.so
7f81398ba000-7f81398ca000 r-xp 00000000 08:07 663688                     /home/elixandre/jdk1.7.0_80/jre/lib/amd64/libnio.so
7f81398ca000-7f8139aca000 ---p 00010000 08:07 663688                     /home/elixandre/jdk1.7.0_80/jre/lib/amd64/libnio.so
7f8139aca000-7f8139acb000 rw-p 00010000 08:07 663688                     /home/elixandre/jdk1.7.0_80/jre/lib/amd64/libnio.so
7f8139acb000-7f8139acc000 ---p 00000000 00:00 0 
7f8139acc000-7f8139bcc000 rw-p 00000000 00:00 0 
7f8139bcc000-7f8139bcf000 ---p 00000000 00:00 0 
7f8139bcf000-7f8139ccd000 rw-p 00000000 00:00 0 
7f8139ccd000-7f8139cd0000 ---p 00000000 00:00 0 
7f8139cd0000-7f8139dce000 rw-p 00000000 00:00 0 
7f8139dce000-7f8139dd1000 ---p 00000000 00:00 0 
7f8139dd1000-7f8139ecf000 rw-p 00000000 00:00 0 
7f8139ecf000-7f8139ed2000 ---p 00000000 00:00 0 
7f8139ed2000-7f813c000000 rw-p 00000000 00:00 0 
7f813c000000-7f813c021000 rw-p 00000000 00:00 0 
7f813c021000-7f8140000000 ---p 00000000 00:00 0 
7f8140014000-7f81406f7000 r--p 00000000 08:07 1055607                    /usr/lib/locale/locale-archive
7f81406f7000-7f81406fa000 ---p 00000000 00:00 0 
7f81406fa000-7f81407f8000 rw-p 00000000 00:00 0 
7f81407f8000-7f81407fb000 ---p 00000000 00:00 0 
7f81407fb000-7f81408f9000 rw-p 00000000 00:00 0 
7f81408f9000-7f81408fa000 ---p 00000000 00:00 0 
7f81408fa000-7f8141000000 rw-p 00000000 00:00 0 
7f8141000000-7f8141270000 rwxp 00000000 00:00 0 
7f8141270000-7f814446f000 rw-p 00000000 00:00 0 
7f814446f000-7f8148000000 ---p 00000000 00:00 0 
7f814801c000-7f8148a15000 rw-p 00000000 00:00 0 
7f8148a15000-7f8148bd5000 r--s 039fb000 08:07 663892                     /home/elixandre/jdk1.7.0_80/jre/lib/rt.jar
7f8148bd5000-7f8148ed1000 rw-p 00000000 00:00 0 
7f8148ed1000-7f8148ed2000 ---p 00000000 00:00 0 
7f8148ed2000-7f8148fd2000 rw-p 00000000 00:00 0 
7f8148fd2000-7f8148fd3000 ---p 00000000 00:00 0 
7f8148fd3000-7f81490d3000 rw-p 00000000 00:00 0 
7f81490d3000-7f81490d4000 ---p 00000000 00:00 0 
7f81490d4000-7f81491d4000 rw-p 00000000 00:00 0 
7f81491d4000-7f81491d5000 ---p 00000000 00:00 0 
7f81491d5000-7f81492e0000 rw-p 00000000 00:00 0 
7f81492e0000-7f81492fe000 rw-p 00000000 00:00 0 
7f81492fe000-7f8149312000 rw-p 00000000 00:00 0 
7f8149312000-7f814943a000 rw-p 00000000 00:00 0 
7f814943a000-7f8149445000 rw-p 00000000 00:00 0 
7f8149445000-7f8149463000 rw-p 00000000 00:00 0 
7f8149463000-7f8149477000 rw-p 00000000 00:00 0 
7f8149477000-7f814959f000 rw-p 00000000 00:00 0 
7f814959f000-7f81495a9000 rw-p 00000000 00:00 0 
7f81495a9000-7f814963d000 rw-p 00000000 00:00 0 
7f814963d000-7f814963e000 rw-p 00000000 00:00 0 
7f814963e000-7f8149655000 r-xp 00000000 08:07 663687                     /home/elixandre/jdk1.7.0_80/jre/lib/amd64/libzip.so
7f8149655000-7f8149855000 ---p 00017000 08:07 663687                     /home/elixandre/jdk1.7.0_80/jre/lib/amd64/libzip.so
7f8149855000-7f8149856000 rw-p 00017000 08:07 663687                     /home/elixandre/jdk1.7.0_80/jre/lib/amd64/libzip.so
7f8149856000-7f8149860000 r-xp 00000000 08:07 529521                     /lib/x86_64-linux-gnu/libnss_files-2.21.so
7f8149860000-7f8149a60000 ---p 0000a000 08:07 529521                     /lib/x86_64-linux-gnu/libnss_files-2.21.so
7f8149a60000-7f8149a61000 r--p 0000a000 08:07 529521                     /lib/x86_64-linux-gnu/libnss_files-2.21.so
7f8149a61000-7f8149a62000 rw-p 0000b000 08:07 529521                     /lib/x86_64-linux-gnu/libnss_files-2.21.so
7f8149a62000-7f8149a6d000 r-xp 00000000 08:07 529535                     /lib/x86_64-linux-gnu/libnss_nis-2.21.so
7f8149a6d000-7f8149c6c000 ---p 0000b000 08:07 529535                     /lib/x86_64-linux-gnu/libnss_nis-2.21.so
7f8149c6c000-7f8149c6d000 r--p 0000a000 08:07 529535                     /lib/x86_64-linux-gnu/libnss_nis-2.21.so
7f8149c6d000-7f8149c6e000 rw-p 0000b000 08:07 529535                     /lib/x86_64-linux-gnu/libnss_nis-2.21.so
7f8149c6e000-7f8149c85000 r-xp 00000000 08:07 529538                     /lib/x86_64-linux-gnu/libnsl-2.21.so
7f8149c85000-7f8149e84000 ---p 00017000 08:07 529538                     /lib/x86_64-linux-gnu/libnsl-2.21.so
7f8149e84000-7f8149e85000 r--p 00016000 08:07 529538                     /lib/x86_64-linux-gnu/libnsl-2.21.so
7f8149e85000-7f8149e86000 rw-p 00017000 08:07 529538                     /lib/x86_64-linux-gnu/libnsl-2.21.so
7f8149e86000-7f8149e88000 rw-p 00000000 00:00 0 
7f8149e88000-7f8149e90000 r-xp 00000000 08:07 529523                     /lib/x86_64-linux-gnu/libnss_compat-2.21.so
7f8149e90000-7f814a08f000 ---p 00008000 08:07 529523                     /lib/x86_64-linux-gnu/libnss_compat-2.21.so
7f814a08f000-7f814a090000 r--p 00007000 08:07 529523                     /lib/x86_64-linux-gnu/libnss_compat-2.21.so
7f814a090000-7f814a091000 rw-p 00008000 08:07 529523                     /lib/x86_64-linux-gnu/libnss_compat-2.21.so
7f814a091000-7f814a0ba000 r-xp 00000000 08:07 663623                     /home/elixandre/jdk1.7.0_80/jre/lib/amd64/libjava.so
7f814a0ba000-7f814a2ba000 ---p 00029000 08:07 663623                     /home/elixandre/jdk1.7.0_80/jre/lib/amd64/libjava.so
7f814a2ba000-7f814a2bc000 rw-p 00029000 08:07 663623                     /home/elixandre/jdk1.7.0_80/jre/lib/amd64/libjava.so
7f814a2bc000-7f814a2c9000 r-xp 00000000 08:07 663501                     /home/elixandre/jdk1.7.0_80/jre/lib/amd64/libverify.so
7f814a2c9000-7f814a4c8000 ---p 0000d000 08:07 663501                     /home/elixandre/jdk1.7.0_80/jre/lib/amd64/libverify.so
7f814a4c8000-7f814a4ca000 rw-p 0000c000 08:07 663501                     /home/elixandre/jdk1.7.0_80/jre/lib/amd64/libverify.so
7f814a4ca000-7f814a4d1000 r-xp 00000000 08:07 529522                     /lib/x86_64-linux-gnu/librt-2.21.so
7f814a4d1000-7f814a6d0000 ---p 00007000 08:07 529522                     /lib/x86_64-linux-gnu/librt-2.21.so
7f814a6d0000-7f814a6d1000 r--p 00006000 08:07 529522                     /lib/x86_64-linux-gnu/librt-2.21.so
7f814a6d1000-7f814a6d2000 rw-p 00007000 08:07 529522                     /lib/x86_64-linux-gnu/librt-2.21.so
7f814a6d2000-7f814a7d9000 r-xp 00000000 08:07 529524                     /lib/x86_64-linux-gnu/libm-2.21.so
7f814a7d9000-7f814a9d8000 ---p 00107000 08:07 529524                     /lib/x86_64-linux-gnu/libm-2.21.so
7f814a9d8000-7f814a9d9000 r--p 00106000 08:07 529524                     /lib/x86_64-linux-gnu/libm-2.21.so
7f814a9d9000-7f814a9da000 rw-p 00107000 08:07 529524                     /lib/x86_64-linux-gnu/libm-2.21.so
7f814a9da000-7f814b550000 r-xp 00000000 08:07 663273                     /home/elixandre/jdk1.7.0_80/jre/lib/amd64/server/libjvm.so
7f814b550000-7f814b74f000 ---p 00b76000 08:07 663273                     /home/elixandre/jdk1.7.0_80/jre/lib/amd64/server/libjvm.so
7f814b74f000-7f814b813000 rw-p 00b75000 08:07 663273                     /home/elixandre/jdk1.7.0_80/jre/lib/amd64/server/libjvm.so
7f814b813000-7f814b854000 rw-p 00000000 00:00 0 
7f814b854000-7f814ba14000 r-xp 00000000 08:07 529541                     /lib/x86_64-linux-gnu/libc-2.21.so
7f814ba14000-7f814bc14000 ---p 001c0000 08:07 529541                     /lib/x86_64-linux-gnu/libc-2.21.so
7f814bc14000-7f814bc18000 r--p 001c0000 08:07 529541                     /lib/x86_64-linux-gnu/libc-2.21.so
7f814bc18000-7f814bc1a000 rw-p 001c4000 08:07 529541                     /lib/x86_64-linux-gnu/libc-2.21.so
7f814bc1a000-7f814bc1e000 rw-p 00000000 00:00 0 
7f814bc1e000-7f814bc21000 r-xp 00000000 08:07 529528                     /lib/x86_64-linux-gnu/libdl-2.21.so
7f814bc21000-7f814be20000 ---p 00003000 08:07 529528                     /lib/x86_64-linux-gnu/libdl-2.21.so
7f814be20000-7f814be21000 r--p 00002000 08:07 529528                     /lib/x86_64-linux-gnu/libdl-2.21.so
7f814be21000-7f814be22000 rw-p 00003000 08:07 529528                     /lib/x86_64-linux-gnu/libdl-2.21.so
7f814be22000-7f814be37000 r-xp 00000000 08:07 663695                     /home/elixandre/jdk1.7.0_80/lib/amd64/jli/libjli.so
7f814be37000-7f814c036000 ---p 00015000 08:07 663695                     /home/elixandre/jdk1.7.0_80/lib/amd64/jli/libjli.so
7f814c036000-7f814c037000 rw-p 00014000 08:07 663695                     /home/elixandre/jdk1.7.0_80/lib/amd64/jli/libjli.so
7f814c037000-7f814c04f000 r-xp 00000000 08:07 529525                     /lib/x86_64-linux-gnu/libpthread-2.21.so
7f814c04f000-7f814c24f000 ---p 00018000 08:07 529525                     /lib/x86_64-linux-gnu/libpthread-2.21.so
7f814c24f000-7f814c250000 r--p 00018000 08:07 529525                     /lib/x86_64-linux-gnu/libpthread-2.21.so
7f814c250000-7f814c251000 rw-p 00019000 08:07 529525                     /lib/x86_64-linux-gnu/libpthread-2.21.so
7f814c251000-7f814c255000 rw-p 00000000 00:00 0 
7f814c255000-7f814c279000 r-xp 00000000 08:07 529539                     /lib/x86_64-linux-gnu/ld-2.21.so
7f814c283000-7f814c2a2000 rw-p 00000000 00:00 0 
7f814c2a2000-7f814c358000 rw-p 00000000 00:00 0 
7f814c358000-7f814c35b000 ---p 00000000 00:00 0 
7f814c35b000-7f814c45d000 rw-p 00000000 00:00 0 
7f814c465000-7f814c469000 r--s 0008b000 08:07 663627                     /home/elixandre/jdk1.7.0_80/jre/lib/jsse.jar
7f814c469000-7f814c46c000 r--s 00f76000 08:07 542783                     /home/elixandre/Downloads/simgrid.jar
7f814c46c000-7f814c474000 rw-s 00000000 08:07 544733                     /tmp/hsperfdata_elixandre/6491 (deleted)
7f814c474000-7f814c475000 rw-p 00000000 00:00 0 
7f814c475000-7f814c476000 ---p 00000000 00:00 0 
7f814c476000-7f814c478000 rw-p 00000000 00:00 0 
7f814c478000-7f814c479000 r--p 00023000 08:07 529539                     /lib/x86_64-linux-gnu/ld-2.21.so
7f814c479000-7f814c47a000 rw-p 00024000 08:07 529539                     /lib/x86_64-linux-gnu/ld-2.21.so
7f814c47a000-7f814c47b000 rw-p 00000000 00:00 0 
7fff96e26000-7fff96e47000 rw-p 00000000 00:00 0                          [stack]
7fff96e6c000-7fff96e6e000 r--p 00000000 00:00 0                          [vvar]
7fff96e6e000-7fff96e70000 r-xp 00000000 00:00 0                          [vdso]
ffffffffff600000-ffffffffff601000 r-xp 00000000 00:00 0                  [vsyscall]

VM Arguments:
jvm_args: -Dfile.encoding=UTF-8 
java_command: vcube.VCube platform.xml deployment.xml
Launcher Type: SUN_STANDARD

Environment Variables:
PATH=/usr/local/sbin:/usr/local/bin:/usr/sbin:/usr/bin:/sbin:/bin:/usr/games:/usr/local/games:/home/elixandre/.rvm/bin
LD_LIBRARY_PATH=/home/elixandre/jdk1.7.0_80/jre/lib/amd64:/home/elixandre/jdk1.7.0_80/jre/lib/i386:
SHELL=/bin/bash
DISPLAY=:0

Signal Handlers:
SIGSEGV: [libjvm.so+0x9a3b20], sa_mask[0]=0x7ffbfeff, sa_flags=0x10000004
SIGBUS: [libjvm.so+0x9a3b20], sa_mask[0]=0x7ffbfeff, sa_flags=0x10000004
SIGFPE: [libjvm.so+0x81e740], sa_mask[0]=0x7ffbfeff, sa_flags=0x10000004
SIGPIPE: [libjvm.so+0x81e740], sa_mask[0]=0x7ffbfeff, sa_flags=0x10000004
SIGXFSZ: [libjvm.so+0x81e740], sa_mask[0]=0x7ffbfeff, sa_flags=0x10000004
SIGILL: [libjvm.so+0x81e740], sa_mask[0]=0x7ffbfeff, sa_flags=0x10000004
SIGUSR1: SIG_DFL, sa_mask[0]=0x00000000, sa_flags=0x00000000
SIGUSR2: [libjvm.so+0x81ffb0], sa_mask[0]=0x00000004, sa_flags=0x10000004
SIGHUP: [libjvm.so+0x8210d0], sa_mask[0]=0x7ffbfeff, sa_flags=0x10000004
SIGINT: [libsimgrid.so+0x8ff50], sa_mask[0]=0x00000002, sa_flags=0x10000000
SIGTERM: [libjvm.so+0x8210d0], sa_mask[0]=0x7ffbfeff, sa_flags=0x10000004
SIGQUIT: [libjvm.so+0x8210d0], sa_mask[0]=0x7ffbfeff, sa_flags=0x10000004


---------------  S Y S T E M  ---------------

OS:jessie/sid

uname:Linux 4.2.0-42-generic #49-Ubuntu SMP Tue Jun 28 21:26:26 UTC 2016 x86_64
libc:glibc 2.21 NPTL 2.21 
rlimit: STACK 8192k, CORE 0k, NPROC 15009, NOFILE 65536, AS infinity
load average:0.53 0.45 0.31

/proc/meminfo:
MemTotal:        3879128 kB
MemFree:         1030108 kB
MemAvailable:    1970856 kB
Buffers:           82052 kB
Cached:          1132628 kB
SwapCached:         2748 kB
Active:          1491308 kB
Inactive:        1118916 kB
Active(anon):     901152 kB
Inactive(anon):   655040 kB
Active(file):     590156 kB
Inactive(file):   463876 kB
Unevictable:          32 kB
Mlocked:              32 kB
SwapTotal:        975868 kB
SwapFree:         947648 kB
Dirty:             12536 kB
Writeback:             0 kB
AnonPages:       1393080 kB
Mapped:           289260 kB
Shmem:            160648 kB
Slab:             144372 kB
SReclaimable:     111304 kB
SUnreclaim:        33068 kB
KernelStack:        8928 kB
PageTables:        33932 kB
NFS_Unstable:          0 kB
Bounce:                0 kB
WritebackTmp:          0 kB
CommitLimit:     2915432 kB
Committed_AS:    5089564 kB
VmallocTotal:   34359738367 kB
VmallocUsed:      347648 kB
VmallocChunk:   34358947836 kB
HardwareCorrupted:     0 kB
AnonHugePages:   1058816 kB
CmaTotal:              0 kB
CmaFree:               0 kB
HugePages_Total:       0
HugePages_Free:        0
HugePages_Rsvd:        0
HugePages_Surp:        0
Hugepagesize:       2048 kB
DirectMap4k:      131832 kB
DirectMap2M:     3895296 kB


CPU:total 4 (2 cores per cpu, 2 threads per core) family 6 model 58 stepping 9, cmov, cx8, fxsr, mmx, sse, sse2, sse3, ssse3, sse4.1, sse4.2, popcnt, avx, erms, ht, tsc, tscinvbit, tscinv

/proc/cpuinfo:
processor	: 0
vendor_id	: GenuineIntel
cpu family	: 6
model		: 58
model name	: Intel(R) Core(TM) i7-3517U CPU @ 1.90GHz
stepping	: 9
microcode	: 0x12
cpu MHz		: 2799.937
cache size	: 4096 KB
physical id	: 0
siblings	: 4
core id		: 0
cpu cores	: 2
apicid		: 0
initial apicid	: 0
fpu		: yes
fpu_exception	: yes
cpuid level	: 13
wp		: yes
flags		: fpu vme de pse tsc msr pae mce cx8 apic sep mtrr pge mca cmov pat pse36 clflush dts acpi mmx fxsr sse sse2 ss ht tm pbe syscall nx rdtscp lm constant_tsc arch_perfmon pebs bts rep_good nopl xtopology nonstop_tsc aperfmperf eagerfpu pni pclmulqdq dtes64 monitor ds_cpl vmx est tm2 ssse3 cx16 xtpr pdcm pcid sse4_1 sse4_2 x2apic popcnt tsc_deadline_timer xsave avx f16c rdrand lahf_lm ida arat epb pln pts dtherm tpr_shadow vnmi flexpriority ept vpid fsgsbase smep erms xsaveopt
bugs		:
bogomips	: 4789.11
clflush size	: 64
cache_alignment	: 64
address sizes	: 36 bits physical, 48 bits virtual
power management:

processor	: 1
vendor_id	: GenuineIntel
cpu family	: 6
model		: 58
model name	: Intel(R) Core(TM) i7-3517U CPU @ 1.90GHz
stepping	: 9
microcode	: 0x12
cpu MHz		: 2799.937
cache size	: 4096 KB
physical id	: 0
siblings	: 4
core id		: 0
cpu cores	: 2
apicid		: 1
initial apicid	: 1
fpu		: yes
fpu_exception	: yes
cpuid level	: 13
wp		: yes
flags		: fpu vme de pse tsc msr pae mce cx8 apic sep mtrr pge mca cmov pat pse36 clflush dts acpi mmx fxsr sse sse2 ss ht tm pbe syscall nx rdtscp lm constant_tsc arch_perfmon pebs bts rep_good nopl xtopology nonstop_tsc aperfmperf eagerfpu pni pclmulqdq dtes64 monitor ds_cpl vmx est tm2 ssse3 cx16 xtpr pdcm pcid sse4_1 sse4_2 x2apic popcnt tsc_deadline_timer xsave avx f16c rdrand lahf_lm ida arat epb pln pts dtherm tpr_shadow vnmi flexpriority ept vpid fsgsbase smep erms xsaveopt
bugs		:
bogomips	: 4789.11
clflush size	: 64
cache_alignment	: 64
address sizes	: 36 bits physical, 48 bits virtual
power management:

processor	: 2
vendor_id	: GenuineIntel
cpu family	: 6
model		: 58
model name	: Intel(R) Core(TM) i7-3517U CPU @ 1.90GHz
stepping	: 9
microcode	: 0x12
cpu MHz		: 2799.937
cache size	: 4096 KB
physical id	: 0
siblings	: 4
core id		: 1
cpu cores	: 2
apicid		: 2
initial apicid	: 2
fpu		: yes
fpu_exception	: yes
cpuid level	: 13
wp		: yes
flags		: fpu vme de pse tsc msr pae mce cx8 apic sep mtrr pge mca cmov pat pse36 clflush dts acpi mmx fxsr sse sse2 ss ht tm pbe syscall nx rdtscp lm constant_tsc arch_perfmon pebs bts rep_good nopl xtopology nonstop_tsc aperfmperf eagerfpu pni pclmulqdq dtes64 monitor ds_cpl vmx est tm2 ssse3 cx16 xtpr pdcm pcid sse4_1 sse4_2 x2apic popcnt tsc_deadline_timer xsave avx f16c rdrand lahf_lm ida arat epb pln pts dtherm tpr_shadow vnmi flexpriority ept vpid fsgsbase smep erms xsaveopt
bugs		:
bogomips	: 4789.11
clflush size	: 64
cache_alignment	: 64
address sizes	: 36 bits physical, 48 bits virtual
power management:

processor	: 3
vendor_id	: GenuineIntel
cpu family	: 6
model		: 58
model name	: Intel(R) Core(TM) i7-3517U CPU @ 1.90GHz
stepping	: 9
microcode	: 0x12
cpu MHz		: 2799.937
cache size	: 4096 KB
physical id	: 0
siblings	: 4
core id		: 1
cpu cores	: 2
apicid		: 3
initial apicid	: 3
fpu		: yes
fpu_exception	: yes
cpuid level	: 13
wp		: yes
flags		: fpu vme de pse tsc msr pae mce cx8 apic sep mtrr pge mca cmov pat pse36 clflush dts acpi mmx fxsr sse sse2 ss ht tm pbe syscall nx rdtscp lm constant_tsc arch_perfmon pebs bts rep_good nopl xtopology nonstop_tsc aperfmperf eagerfpu pni pclmulqdq dtes64 monitor ds_cpl vmx est tm2 ssse3 cx16 xtpr pdcm pcid sse4_1 sse4_2 x2apic popcnt tsc_deadline_timer xsave avx f16c rdrand lahf_lm ida arat epb pln pts dtherm tpr_shadow vnmi flexpriority ept vpid fsgsbase smep erms xsaveopt
bugs		:
bogomips	: 4789.11
clflush size	: 64
cache_alignment	: 64
address sizes	: 36 bits physical, 48 bits virtual
power management:



Memory: 4k page, physical 3879128k(1029984k free), swap 975868k(947648k free)

vm_info: Java HotSpot(TM) 64-Bit Server VM (24.80-b11) for linux-amd64 JRE (1.7.0_80-b15), built on Apr 10 2015 19:53:14 by "java_re" with gcc 4.3.0 20080428 (Red Hat 4.3.0-8)

time: Sat Apr 29 14:10:25 2017
elapsed time: 1 seconds

