#
# A fatal error has been detected by the Java Runtime Environment:
#
#  SIGSEGV (0xb) at pc=0x00007f2608a48263, pid=2965, tid=139801458980608
#
# JRE version: Java(TM) SE Runtime Environment (7.0_80-b15) (build 1.7.0_80-b15)
# Java VM: Java HotSpot(TM) 64-Bit Server VM (24.80-b11 mixed mode linux-amd64 compressed oops)
# Problematic frame:
# C  [libsimgrid.so+0x190263]  xbt_dynar_member+0x23
#
# Failed to write core dump. Core dumps have been disabled. To enable core dumping, try "ulimit -c unlimited" before starting Java again
#
# If you would like to submit a bug report, please visit:
#   http://bugreport.java.com/bugreport/crash.jsp
#

---------------  T H R E A D  ---------------

Current thread (0x00007f261406a000):  VMThread [stack: 0x00007f26103d3000,0x00007f26104d4000] [id=2974]

siginfo:si_signo=SIGSEGV: si_errno=0, si_code=1 (SEGV_MAPERR), si_addr=0x0000000000000000

Registers:
RAX=0x0000000000000000, RBX=0x00007f2608db4700, RCX=0x00007f261415af20, RDX=0x00007f26104d3a30
RSP=0x00007f26104d2890, RBP=0x00007f2614154ec0, RSI=0x00007f26104d2a38, RDI=0x00007f26104d2950
R8 =0x00007f261414bed0, R9 =0x0000000000000000, R10=0x0000000000000c58, R11=0x00007f2608a48240
R12=0x00007f2608dbf790, R13=0x00007f2614134f10, R14=0x00000000000003d8, R15=0x00007f2614027e58
RIP=0x00007f2608a48263, EFLAGS=0x0000000000010206, CSGSFS=0x0000000000000033, ERR=0x0000000000000004
  TRAPNO=0x000000000000000e

Top of Stack: (sp=0x00007f26104d2890)
0x00007f26104d2890:   00007f26141338b0 00007f26104d28b0
0x00007f26104d28a0:   00007f261414bf70 00007f26104d2a38
0x00007f26104d28b0:   00000000ffffffff 0000000000000008
0x00007f26104d28c0:   00007f26088d1628 00007f26141338b0
0x00007f26104d28d0:   00007f26140035c7 00007f2614133c10
0x00007f26104d28e0:   00007f26104d2a30 0000000000000000
0x00007f26104d28f0:   0000000000000005 0000000000000000
0x00007f26104d2900:   00007f26104d2a58 00007f261bd38c11
0x00007f26104d2910:   0000000000000000 0000000000000000
0x00007f26104d2920:   0000000000000005 00007f2608d83de8
0x00007f26104d2930:   00007f2608dbf790 00007f2614134f10
0x00007f26104d2940:   00000000000003d8 00007f2614027e58
0x00007f26104d2950:   0000000000000000 00007f261bd3d9ad
0x00007f26104d2960:   0000000000000005 0000000000000000
0x00007f26104d2970:   00007f26141338b0 00007f26088d1628
0x00007f26104d2980:   00007f2608db4700 00007f2614154ec0
0x00007f26104d2990:   00007f2608dbf790 00007f261bd44f30
0x00007f26104d29a0:   00007f26088c1308 00007f26141338b0
0x00007f26104d29b0:   00000000000005a3 000000001bf71e05
0x00007f26104d29c0:   0000000000000000 00007f261406ac00
0x00007f26104d29d0:   00007f261406ac00 00007f26104d2aa0
0x00007f26104d29e0:   00007f261415af20 00007f261415af20
0x00007f26104d29f0:   0000000000000001 00007f26104d2a38
0x00007f26104d2a00:   00007f261414bf70 00007f261414bed0
0x00007f26104d2a10:   0000000000000000 00007f26141338b0
0x00007f26104d2a20:   00007f2608db4700 00007f2608a6534f
0x00007f26104d2a30:   0000000000000000 00007f261415af20
0x00007f26104d2a40:   0000000000000005 0000000000000000
0x00007f26104d2a50:   00007f2614027e58 00007f2608db7a98
0x00007f26104d2a60:   00007f261414e130 0000000000000001
0x00007f26104d2a70:   00007f2614134f10 00007f2608a46d37
0x00007f26104d2a80:   00007f2614134f10 00007f2608db7098 

Instructions: (pc=0x00007f2608a48263)
0x00007f2608a48243:   ec 90 01 00 00 48 8b 05 01 a2 33 00 48 89 7c 24
0x00007f2608a48253:   10 48 89 74 24 18 ff 10 48 8d bc 24 c0 00 00 00
0x00007f2608a48263:   48 8b 08 48 89 04 24 48 89 38 48 89 4c 24 08 e8
0x00007f2608a48273:   79 31 ed ff 85 c0 74 75 48 8b 14 24 c7 42 08 01 

Register to memory mapping:

RAX=0x0000000000000000 is an unknown value
RBX=0x00007f2608db4700: _simgrid_log_category__simix_process+0 in /tmp/simgrid-java1179820425536773018/libsimgrid.so at 0x00007f26088b8000
RCX=0x00007f261415af20 is an unknown value
RDX=0x00007f26104d3a30 is an unknown value
RSP=0x00007f26104d2890 is an unknown value
RBP=0x00007f2614154ec0 is an unknown value
RSI=0x00007f26104d2a38 is an unknown value
RDI=0x00007f26104d2950 is an unknown value
R8 =0x00007f261414bed0 is an unknown value
R9 =0x0000000000000000 is an unknown value
R10=0x0000000000000c58 is an unknown value
R11=0x00007f2608a48240: xbt_dynar_member+0 in /tmp/simgrid-java1179820425536773018/libsimgrid.so at 0x00007f26088b8000
R12=0x00007f2608dbf790: simix_global+0 in /tmp/simgrid-java1179820425536773018/libsimgrid.so at 0x00007f26088b8000
R13=0x00007f2614134f10 is an unknown value
R14=0x00000000000003d8 is an unknown value
R15=0x00007f2614027e58 is an unknown value


Stack: [0x00007f26103d3000,0x00007f26104d4000],  sp=0x00007f26104d2890,  free space=1022k
Native frames: (J=compiled Java code, j=interpreted, Vv=VM code, C=native code)
C  [libsimgrid.so+0x190263]  xbt_dynar_member+0x23

VM_Operation (0x00007f2608104730): Exit, mode: safepoint, requested by thread 0x00007f25f0001000


---------------  P R O C E S S  ---------------

Java Threads: ( => current thread )
  0x00007f25f0001000 JavaThread "SIGTERM handler" daemon [_thread_blocked, id=2990, stack(0x00007f2608005000,0x00007f2608106000)]
  0x00007f25ac001000 JavaThread "Thread-8" [_thread_blocked, id=2988, stack(0x00007f25d8ffa000,0x00007f25d97fb000)]
  0x00007f25b8001000 JavaThread "Thread-7" [_thread_in_native, id=2989, stack(0x00007f25d87f9000,0x00007f25d8ffa000)]
  0x00007f25c8001000 JavaThread "Thread-6" [_thread_in_native, id=2985, stack(0x00007f25da7fd000,0x00007f25daffe000)]
  0x00007f25b4001000 JavaThread "Thread-5" [_thread_in_native, id=2987, stack(0x00007f25d97fb000,0x00007f25d9ffc000)]
  0x00007f25bc001000 JavaThread "Thread-4" [_thread_in_native, id=2986, stack(0x00007f25d9ffc000,0x00007f25da7fd000)]
  0x00007f25c4001000 JavaThread "Thread-3" [_thread_in_native, id=2984, stack(0x00007f25daffe000,0x00007f25db7ff000)]
  0x00007f25cc001000 JavaThread "Thread-2" [_thread_in_native, id=2983, stack(0x00007f25d37ff000,0x00007f25d4000000)]
  0x00007f25d4001000 JavaThread "Thread-1" [_thread_in_native, id=2982, stack(0x00007f25db7ff000,0x00007f25dc000000)]
  0x00007f2614099000 JavaThread "Service Thread" daemon [_thread_blocked, id=2980, stack(0x00007f26095ea000,0x00007f26096eb000)]
  0x00007f2614096800 JavaThread "C2 CompilerThread1" daemon [_thread_blocked, id=2979, stack(0x00007f26096eb000,0x00007f26097ec000)]
  0x00007f2614093800 JavaThread "C2 CompilerThread0" daemon [_thread_blocked, id=2978, stack(0x00007f26097ec000,0x00007f26098ed000)]
  0x00007f2614091800 JavaThread "Signal Dispatcher" daemon [_thread_blocked, id=2977, stack(0x00007f26100d0000,0x00007f26101d1000)]
  0x00007f2614070800 JavaThread "Finalizer" daemon [_thread_blocked, id=2976, stack(0x00007f26101d1000,0x00007f26102d2000)]
  0x00007f261406e000 JavaThread "Reference Handler" daemon [_thread_blocked, id=2975, stack(0x00007f26102d2000,0x00007f26103d3000)]
  0x00007f2614009800 JavaThread "main" [_thread_in_native, id=2969, stack(0x00007f261be31000,0x00007f261bf32000)]

Other Threads:
=>0x00007f261406a000 VMThread [stack: 0x00007f26103d3000,0x00007f26104d4000] [id=2974]

VM state:at safepoint (shutting down)

VM Mutex/Monitor currently owned by a thread:  ([mutex/lock_event])
[0x00007f26140061b0] Threads_lock - owner thread: 0x00007f261406a000

Heap
 PSYoungGen      total 17920K, used 10140K [0x00000000ec400000, 0x00000000ed800000, 0x0000000100000000)
  eden space 15360K, 66% used [0x00000000ec400000,0x00000000ecde7110,0x00000000ed300000)
  from space 2560K, 0% used [0x00000000ed580000,0x00000000ed580000,0x00000000ed800000)
  to   space 2560K, 0% used [0x00000000ed300000,0x00000000ed300000,0x00000000ed580000)
 ParOldGen       total 40448K, used 0K [0x00000000c4c00000, 0x00000000c7380000, 0x00000000ec400000)
  object space 40448K, 0% used [0x00000000c4c00000,0x00000000c4c00000,0x00000000c7380000)
 PSPermGen       total 21504K, used 3675K [0x00000000bfa00000, 0x00000000c0f00000, 0x00000000c4c00000)
  object space 21504K, 17% used [0x00000000bfa00000,0x00000000bfd96fa0,0x00000000c0f00000)

Card table byte_map: [0x00007f2618f13000,0x00007f2619117000] byte_map_base: 0x00007f2618916000

Polling page: 0x00007f261bf4e000

Code Cache  [0x00007f2611000000, 0x00007f2611270000, 0x00007f2614000000)
 total_blobs=248 nmethods=40 adapters=162 free_code_cache=48701Kb largest_free_block=49848704

Compilation events (10 events):
Event: 1.036 Thread 0x00007f2614093800 nmethod 36 0x00007f261106b090 code [0x00007f261106b1c0, 0x00007f261106b238]
Event: 1.036 Thread 0x00007f2614093800   37             java.lang.Integer::getChars (131 bytes)
Event: 1.037 Thread 0x00007f2614093800 nmethod 37 0x00007f261106ea50 code [0x00007f261106eba0, 0x00007f261106ecf8]
Event: 1.042 Thread 0x00007f2614096800 nmethod 34 0x00007f2611074290 code [0x00007f2611074480, 0x00007f2611075668]
Event: 1.058 Thread 0x00007f2614093800   38             java.lang.CharacterData::of (120 bytes)
Event: 1.058 Thread 0x00007f2614096800   39             java.lang.CharacterDataLatin1::getProperties (11 bytes)
Event: 1.058 Thread 0x00007f2614096800 nmethod 39 0x00007f261106cc50 code [0x00007f261106cd80, 0x00007f261106cdf8]
Event: 1.058 Thread 0x00007f2614093800 nmethod 38 0x00007f26110728d0 code [0x00007f2611072a00, 0x00007f2611072a78]
Event: 1.115 Thread 0x00007f2614096800   40  s          java.lang.StringBuffer::append (10 bytes)
Event: 1.117 Thread 0x00007f2614096800 nmethod 40 0x00007f2611070950 code [0x00007f2611070aa0, 0x00007f2611070dc8]

GC Heap History (0 events):
No events

Deoptimization events (0 events):
No events

Internal exceptions (10 events):
Event: 1.137 Thread 0x00007f25c4001000 Threw 0x00000000ecc59fc8 at /HUDSON/workspace/7u-2-build-linux-amd64/jdk7u80/2329/hotspot/src/share/vm/prims/jni.cpp:743
Event: 1.137 Thread 0x00007f25bc001000 Threw 0x00000000ecc10680 at /HUDSON/workspace/7u-2-build-linux-amd64/jdk7u80/2329/hotspot/src/share/vm/prims/jni.cpp:743
Event: 1.138 Thread 0x00007f25b8001000 Threw 0x00000000ecc8d370 at /HUDSON/workspace/7u-2-build-linux-amd64/jdk7u80/2329/hotspot/src/share/vm/prims/jni.cpp:743
Event: 1.138 Thread 0x00007f25cc001000 Threw 0x00000000eccd4910 at /HUDSON/workspace/7u-2-build-linux-amd64/jdk7u80/2329/hotspot/src/share/vm/prims/jni.cpp:743
Event: 1.138 Thread 0x00007f25c4001000 Threw 0x00000000ecc5b280 at /HUDSON/workspace/7u-2-build-linux-amd64/jdk7u80/2329/hotspot/src/share/vm/prims/jni.cpp:743
Event: 1.139 Thread 0x00007f25bc001000 Threw 0x00000000ecc11938 at /HUDSON/workspace/7u-2-build-linux-amd64/jdk7u80/2329/hotspot/src/share/vm/prims/jni.cpp:743
Event: 1.140 Thread 0x00007f25b8001000 Threw 0x00000000ecc8e628 at /HUDSON/workspace/7u-2-build-linux-amd64/jdk7u80/2329/hotspot/src/share/vm/prims/jni.cpp:743
Event: 1.142 Thread 0x00007f25cc001000 Threw 0x00000000eccd5bc8 at /HUDSON/workspace/7u-2-build-linux-amd64/jdk7u80/2329/hotspot/src/share/vm/prims/jni.cpp:743
Event: 1.142 Thread 0x00007f25c4001000 Threw 0x00000000ecc5c538 at /HUDSON/workspace/7u-2-build-linux-amd64/jdk7u80/2329/hotspot/src/share/vm/prims/jni.cpp:743
Event: 1.144 Thread 0x00007f25bc001000 Threw 0x00000000ecc12bf0 at /HUDSON/workspace/7u-2-build-linux-amd64/jdk7u80/2329/hotspot/src/share/vm/prims/jni.cpp:743

Events (10 events):
Event: 1.140 Thread 0x00007f25f0001000 Thread added: 0x00007f25f0001000
Event: 1.140 loading class 0x00007f25e4079010
Event: 1.140 loading class 0x00007f25e4079010 done
Event: 1.140 loading class 0x00007f25e4078fe0
Event: 1.140 loading class 0x00007f25e4078fa0
Event: 1.140 loading class 0x00007f25e4078fa0 done
Event: 1.140 loading class 0x00007f25e4078fe0 done
Event: 1.140 Thread 0x00007f25b0001000 Thread added: 0x00007f25b0001000
Event: 1.144 Thread 0x00007f25b0001000 Thread exited: 0x00007f25b0001000
Event: 1.144 Executing VM operation: Exit


Dynamic libraries:
00400000-00401000 r-xp 00000000 08:07 663942                             /home/elixandre/jdk1.7.0_80/bin/java
00600000-00601000 rw-p 00000000 08:07 663942                             /home/elixandre/jdk1.7.0_80/bin/java
01ca1000-01cc2000 rw-p 00000000 00:00 0                                  [heap]
bfa00000-c0f00000 rw-p 00000000 00:00 0 
c0f00000-c4c00000 rw-p 00000000 00:00 0 
c4c00000-c7380000 rw-p 00000000 00:00 0 
c7380000-ec400000 rw-p 00000000 00:00 0 
ec400000-ed800000 rw-p 00000000 00:00 0 
ed800000-100000000 rw-p 00000000 00:00 0 
7f25a4000000-7f25a4021000 rw-p 00000000 00:00 0 
7f25a4021000-7f25a8000000 ---p 00000000 00:00 0 
7f25ac000000-7f25ac167000 rw-p 00000000 00:00 0 
7f25ac167000-7f25b0000000 ---p 00000000 00:00 0 
7f25b0000000-7f25b0021000 rw-p 00000000 00:00 0 
7f25b0021000-7f25b4000000 ---p 00000000 00:00 0 
7f25b4000000-7f25b4125000 rw-p 00000000 00:00 0 
7f25b4125000-7f25b8000000 ---p 00000000 00:00 0 
7f25b8000000-7f25b8149000 rw-p 00000000 00:00 0 
7f25b8149000-7f25bc000000 ---p 00000000 00:00 0 
7f25bc000000-7f25bc190000 rw-p 00000000 00:00 0 
7f25bc190000-7f25c0000000 ---p 00000000 00:00 0 
7f25c4000000-7f25c4186000 rw-p 00000000 00:00 0 
7f25c4186000-7f25c8000000 ---p 00000000 00:00 0 
7f25c8000000-7f25c815c000 rw-p 00000000 00:00 0 
7f25c815c000-7f25cc000000 ---p 00000000 00:00 0 
7f25cc000000-7f25cc128000 rw-p 00000000 00:00 0 
7f25cc128000-7f25d0000000 ---p 00000000 00:00 0 
7f25d37ff000-7f25d3802000 ---p 00000000 00:00 0 
7f25d3802000-7f25d4000000 rw-p 00000000 00:00 0 
7f25d4000000-7f25d4199000 rw-p 00000000 00:00 0 
7f25d4199000-7f25d8000000 ---p 00000000 00:00 0 
7f25d86f8000-7f25d86fb000 ---p 00000000 00:00 0 
7f25d86fb000-7f25d87f9000 rw-p 00000000 00:00 0 
7f25d87f9000-7f25d87fc000 ---p 00000000 00:00 0 
7f25d87fc000-7f25d8ffa000 rw-p 00000000 00:00 0 
7f25d8ffa000-7f25d8ffd000 ---p 00000000 00:00 0 
7f25d8ffd000-7f25d97fb000 rw-p 00000000 00:00 0 
7f25d97fb000-7f25d97fe000 ---p 00000000 00:00 0 
7f25d97fe000-7f25d9ffc000 rw-p 00000000 00:00 0 
7f25d9ffc000-7f25d9fff000 ---p 00000000 00:00 0 
7f25d9fff000-7f25da7fd000 rw-p 00000000 00:00 0 
7f25da7fd000-7f25da800000 ---p 00000000 00:00 0 
7f25da800000-7f25daffe000 rw-p 00000000 00:00 0 
7f25daffe000-7f25db001000 ---p 00000000 00:00 0 
7f25db001000-7f25db7ff000 rw-p 00000000 00:00 0 
7f25db7ff000-7f25db802000 ---p 00000000 00:00 0 
7f25db802000-7f25dc000000 rw-p 00000000 00:00 0 
7f25dc000000-7f25dc021000 rw-p 00000000 00:00 0 
7f25dc021000-7f25e0000000 ---p 00000000 00:00 0 
7f25e0000000-7f25e0021000 rw-p 00000000 00:00 0 
7f25e0021000-7f25e4000000 ---p 00000000 00:00 0 
7f25e4000000-7f25e4117000 rw-p 00000000 00:00 0 
7f25e4117000-7f25e8000000 ---p 00000000 00:00 0 
7f25e8000000-7f25e8230000 rw-p 00000000 00:00 0 
7f25e8230000-7f25ec000000 ---p 00000000 00:00 0 
7f25ec000000-7f25ec021000 rw-p 00000000 00:00 0 
7f25ec021000-7f25f0000000 ---p 00000000 00:00 0 
7f25f0000000-7f25f0021000 rw-p 00000000 00:00 0 
7f25f0021000-7f25f4000000 ---p 00000000 00:00 0 
7f25f4000000-7f25f4021000 rw-p 00000000 00:00 0 
7f25f4021000-7f25f8000000 ---p 00000000 00:00 0 
7f25f8000000-7f25f8021000 rw-p 00000000 00:00 0 
7f25f8021000-7f25fc000000 ---p 00000000 00:00 0 
7f25fc000000-7f25fc021000 rw-p 00000000 00:00 0 
7f25fc021000-7f2600000000 ---p 00000000 00:00 0 
7f2600000000-7f2600021000 rw-p 00000000 00:00 0 
7f2600021000-7f2604000000 ---p 00000000 00:00 0 
7f2604000000-7f2604021000 rw-p 00000000 00:00 0 
7f2604021000-7f2608000000 ---p 00000000 00:00 0 
7f2608005000-7f2608008000 ---p 00000000 00:00 0 
7f2608008000-7f2608106000 rw-p 00000000 00:00 0 
7f2608106000-7f260811e000 r-xp 00000000 08:07 544833                     /tmp/simgrid-java1179820425536773018/libsimgrid-java.so (deleted)
7f260811e000-7f260831e000 ---p 00018000 08:07 544833                     /tmp/simgrid-java1179820425536773018/libsimgrid-java.so (deleted)
7f260831e000-7f260831f000 rw-p 00018000 08:07 544833                     /tmp/simgrid-java1179820425536773018/libsimgrid-java.so (deleted)
7f260831f000-7f2608335000 r-xp 00000000 08:07 528568                     /lib/x86_64-linux-gnu/libgcc_s.so.1
7f2608335000-7f2608534000 ---p 00016000 08:07 528568                     /lib/x86_64-linux-gnu/libgcc_s.so.1
7f2608534000-7f2608535000 r--p 00015000 08:07 528568                     /lib/x86_64-linux-gnu/libgcc_s.so.1
7f2608535000-7f2608536000 rw-p 00016000 08:07 528568                     /lib/x86_64-linux-gnu/libgcc_s.so.1
7f2608536000-7f26086a9000 r-xp 00000000 08:07 1059329                    /usr/lib/x86_64-linux-gnu/libstdc++.so.6.0.21
7f26086a9000-7f26088a8000 ---p 00173000 08:07 1059329                    /usr/lib/x86_64-linux-gnu/libstdc++.so.6.0.21
7f26088a8000-7f26088b2000 r--p 00172000 08:07 1059329                    /usr/lib/x86_64-linux-gnu/libstdc++.so.6.0.21
7f26088b2000-7f26088b4000 rw-p 0017c000 08:07 1059329                    /usr/lib/x86_64-linux-gnu/libstdc++.so.6.0.21
7f26088b4000-7f26088b8000 rw-p 00000000 00:00 0 
7f26088b8000-7f2608b7d000 r-xp 00000000 08:07 544831                     /tmp/simgrid-java1179820425536773018/libsimgrid.so (deleted)
7f2608b7d000-7f2608d7d000 ---p 002c5000 08:07 544831                     /tmp/simgrid-java1179820425536773018/libsimgrid.so (deleted)
7f2608d7d000-7f2608db8000 rw-p 002c5000 08:07 544831                     /tmp/simgrid-java1179820425536773018/libsimgrid.so (deleted)
7f2608db8000-7f26090c1000 rw-p 00000000 00:00 0 
7f26090c1000-7f26090d8000 r-xp 00000000 08:07 663689                     /home/elixandre/jdk1.7.0_80/jre/lib/amd64/libnet.so
7f26090d8000-7f26092d7000 ---p 00017000 08:07 663689                     /home/elixandre/jdk1.7.0_80/jre/lib/amd64/libnet.so
7f26092d7000-7f26092d8000 rw-p 00016000 08:07 663689                     /home/elixandre/jdk1.7.0_80/jre/lib/amd64/libnet.so
7f26092d8000-7f26092e8000 r-xp 00000000 08:07 663688                     /home/elixandre/jdk1.7.0_80/jre/lib/amd64/libnio.so
7f26092e8000-7f26094e8000 ---p 00010000 08:07 663688                     /home/elixandre/jdk1.7.0_80/jre/lib/amd64/libnio.so
7f26094e8000-7f26094e9000 rw-p 00010000 08:07 663688                     /home/elixandre/jdk1.7.0_80/jre/lib/amd64/libnio.so
7f26094e9000-7f26094ea000 ---p 00000000 00:00 0 
7f26094ea000-7f26095ea000 rw-p 00000000 00:00 0 
7f26095ea000-7f26095ed000 ---p 00000000 00:00 0 
7f26095ed000-7f26096eb000 rw-p 00000000 00:00 0 
7f26096eb000-7f26096ee000 ---p 00000000 00:00 0 
7f26096ee000-7f26097ec000 rw-p 00000000 00:00 0 
7f26097ec000-7f26097ef000 ---p 00000000 00:00 0 
7f26097ef000-7f26098ed000 rw-p 00000000 00:00 0 
7f26098ed000-7f2609fd0000 r--p 00000000 08:07 1055607                    /usr/lib/locale/locale-archive
7f2609fd0000-7f260c000000 rw-p 00000000 00:00 0 
7f260c000000-7f260c021000 rw-p 00000000 00:00 0 
7f260c021000-7f2610000000 ---p 00000000 00:00 0 
7f26100d0000-7f26100d3000 ---p 00000000 00:00 0 
7f26100d3000-7f26101d1000 rw-p 00000000 00:00 0 
7f26101d1000-7f26101d4000 ---p 00000000 00:00 0 
7f26101d4000-7f26102d2000 rw-p 00000000 00:00 0 
7f26102d2000-7f26102d5000 ---p 00000000 00:00 0 
7f26102d5000-7f26103d3000 rw-p 00000000 00:00 0 
7f26103d3000-7f26103d4000 ---p 00000000 00:00 0 
7f26103d4000-7f2611000000 rw-p 00000000 00:00 0 
7f2611000000-7f2611270000 rwxp 00000000 00:00 0 
7f2611270000-7f261440b000 rw-p 00000000 00:00 0 
7f261440b000-7f2618000000 ---p 00000000 00:00 0 
7f261801b000-7f26184ee000 rw-p 00000000 00:00 0 
7f26184ee000-7f26186ae000 r--s 039fb000 08:07 663892                     /home/elixandre/jdk1.7.0_80/jre/lib/rt.jar
7f26186ae000-7f26189aa000 rw-p 00000000 00:00 0 
7f26189aa000-7f26189ab000 ---p 00000000 00:00 0 
7f26189ab000-7f2618aab000 rw-p 00000000 00:00 0 
7f2618aab000-7f2618aac000 ---p 00000000 00:00 0 
7f2618aac000-7f2618bac000 rw-p 00000000 00:00 0 
7f2618bac000-7f2618bad000 ---p 00000000 00:00 0 
7f2618bad000-7f2618cad000 rw-p 00000000 00:00 0 
7f2618cad000-7f2618cae000 ---p 00000000 00:00 0 
7f2618cae000-7f2618db9000 rw-p 00000000 00:00 0 
7f2618db9000-7f2618dd7000 rw-p 00000000 00:00 0 
7f2618dd7000-7f2618deb000 rw-p 00000000 00:00 0 
7f2618deb000-7f2618f13000 rw-p 00000000 00:00 0 
7f2618f13000-7f2618f1e000 rw-p 00000000 00:00 0 
7f2618f1e000-7f2618f3c000 rw-p 00000000 00:00 0 
7f2618f3c000-7f2618f50000 rw-p 00000000 00:00 0 
7f2618f50000-7f2619078000 rw-p 00000000 00:00 0 
7f2619078000-7f2619082000 rw-p 00000000 00:00 0 
7f2619082000-7f2619116000 rw-p 00000000 00:00 0 
7f2619116000-7f2619117000 rw-p 00000000 00:00 0 
7f2619117000-7f261912e000 r-xp 00000000 08:07 663687                     /home/elixandre/jdk1.7.0_80/jre/lib/amd64/libzip.so
7f261912e000-7f261932e000 ---p 00017000 08:07 663687                     /home/elixandre/jdk1.7.0_80/jre/lib/amd64/libzip.so
7f261932e000-7f261932f000 rw-p 00017000 08:07 663687                     /home/elixandre/jdk1.7.0_80/jre/lib/amd64/libzip.so
7f261932f000-7f2619339000 r-xp 00000000 08:07 529521                     /lib/x86_64-linux-gnu/libnss_files-2.21.so
7f2619339000-7f2619539000 ---p 0000a000 08:07 529521                     /lib/x86_64-linux-gnu/libnss_files-2.21.so
7f2619539000-7f261953a000 r--p 0000a000 08:07 529521                     /lib/x86_64-linux-gnu/libnss_files-2.21.so
7f261953a000-7f261953b000 rw-p 0000b000 08:07 529521                     /lib/x86_64-linux-gnu/libnss_files-2.21.so
7f261953b000-7f2619546000 r-xp 00000000 08:07 529535                     /lib/x86_64-linux-gnu/libnss_nis-2.21.so
7f2619546000-7f2619745000 ---p 0000b000 08:07 529535                     /lib/x86_64-linux-gnu/libnss_nis-2.21.so
7f2619745000-7f2619746000 r--p 0000a000 08:07 529535                     /lib/x86_64-linux-gnu/libnss_nis-2.21.so
7f2619746000-7f2619747000 rw-p 0000b000 08:07 529535                     /lib/x86_64-linux-gnu/libnss_nis-2.21.so
7f2619747000-7f261975e000 r-xp 00000000 08:07 529538                     /lib/x86_64-linux-gnu/libnsl-2.21.so
7f261975e000-7f261995d000 ---p 00017000 08:07 529538                     /lib/x86_64-linux-gnu/libnsl-2.21.so
7f261995d000-7f261995e000 r--p 00016000 08:07 529538                     /lib/x86_64-linux-gnu/libnsl-2.21.so
7f261995e000-7f261995f000 rw-p 00017000 08:07 529538                     /lib/x86_64-linux-gnu/libnsl-2.21.so
7f261995f000-7f2619961000 rw-p 00000000 00:00 0 
7f2619961000-7f2619969000 r-xp 00000000 08:07 529523                     /lib/x86_64-linux-gnu/libnss_compat-2.21.so
7f2619969000-7f2619b68000 ---p 00008000 08:07 529523                     /lib/x86_64-linux-gnu/libnss_compat-2.21.so
7f2619b68000-7f2619b69000 r--p 00007000 08:07 529523                     /lib/x86_64-linux-gnu/libnss_compat-2.21.so
7f2619b69000-7f2619b6a000 rw-p 00008000 08:07 529523                     /lib/x86_64-linux-gnu/libnss_compat-2.21.so
7f2619b6a000-7f2619b93000 r-xp 00000000 08:07 663623                     /home/elixandre/jdk1.7.0_80/jre/lib/amd64/libjava.so
7f2619b93000-7f2619d93000 ---p 00029000 08:07 663623                     /home/elixandre/jdk1.7.0_80/jre/lib/amd64/libjava.so
7f2619d93000-7f2619d95000 rw-p 00029000 08:07 663623                     /home/elixandre/jdk1.7.0_80/jre/lib/amd64/libjava.so
7f2619d95000-7f2619da2000 r-xp 00000000 08:07 663501                     /home/elixandre/jdk1.7.0_80/jre/lib/amd64/libverify.so
7f2619da2000-7f2619fa1000 ---p 0000d000 08:07 663501                     /home/elixandre/jdk1.7.0_80/jre/lib/amd64/libverify.so
7f2619fa1000-7f2619fa3000 rw-p 0000c000 08:07 663501                     /home/elixandre/jdk1.7.0_80/jre/lib/amd64/libverify.so
7f2619fa3000-7f2619faa000 r-xp 00000000 08:07 529522                     /lib/x86_64-linux-gnu/librt-2.21.so
7f2619faa000-7f261a1a9000 ---p 00007000 08:07 529522                     /lib/x86_64-linux-gnu/librt-2.21.so
7f261a1a9000-7f261a1aa000 r--p 00006000 08:07 529522                     /lib/x86_64-linux-gnu/librt-2.21.so
7f261a1aa000-7f261a1ab000 rw-p 00007000 08:07 529522                     /lib/x86_64-linux-gnu/librt-2.21.so
7f261a1ab000-7f261a2b2000 r-xp 00000000 08:07 529524                     /lib/x86_64-linux-gnu/libm-2.21.so
7f261a2b2000-7f261a4b1000 ---p 00107000 08:07 529524                     /lib/x86_64-linux-gnu/libm-2.21.so
7f261a4b1000-7f261a4b2000 r--p 00106000 08:07 529524                     /lib/x86_64-linux-gnu/libm-2.21.so
7f261a4b2000-7f261a4b3000 rw-p 00107000 08:07 529524                     /lib/x86_64-linux-gnu/libm-2.21.so
7f261a4b3000-7f261b029000 r-xp 00000000 08:07 663273                     /home/elixandre/jdk1.7.0_80/jre/lib/amd64/server/libjvm.so
7f261b029000-7f261b228000 ---p 00b76000 08:07 663273                     /home/elixandre/jdk1.7.0_80/jre/lib/amd64/server/libjvm.so
7f261b228000-7f261b2ec000 rw-p 00b75000 08:07 663273                     /home/elixandre/jdk1.7.0_80/jre/lib/amd64/server/libjvm.so
7f261b2ec000-7f261b32d000 rw-p 00000000 00:00 0 
7f261b32d000-7f261b4ed000 r-xp 00000000 08:07 529541                     /lib/x86_64-linux-gnu/libc-2.21.so
7f261b4ed000-7f261b6ed000 ---p 001c0000 08:07 529541                     /lib/x86_64-linux-gnu/libc-2.21.so
7f261b6ed000-7f261b6f1000 r--p 001c0000 08:07 529541                     /lib/x86_64-linux-gnu/libc-2.21.so
7f261b6f1000-7f261b6f3000 rw-p 001c4000 08:07 529541                     /lib/x86_64-linux-gnu/libc-2.21.so
7f261b6f3000-7f261b6f7000 rw-p 00000000 00:00 0 
7f261b6f7000-7f261b6fa000 r-xp 00000000 08:07 529528                     /lib/x86_64-linux-gnu/libdl-2.21.so
7f261b6fa000-7f261b8f9000 ---p 00003000 08:07 529528                     /lib/x86_64-linux-gnu/libdl-2.21.so
7f261b8f9000-7f261b8fa000 r--p 00002000 08:07 529528                     /lib/x86_64-linux-gnu/libdl-2.21.so
7f261b8fa000-7f261b8fb000 rw-p 00003000 08:07 529528                     /lib/x86_64-linux-gnu/libdl-2.21.so
7f261b8fb000-7f261b910000 r-xp 00000000 08:07 663695                     /home/elixandre/jdk1.7.0_80/lib/amd64/jli/libjli.so
7f261b910000-7f261bb0f000 ---p 00015000 08:07 663695                     /home/elixandre/jdk1.7.0_80/lib/amd64/jli/libjli.so
7f261bb0f000-7f261bb10000 rw-p 00014000 08:07 663695                     /home/elixandre/jdk1.7.0_80/lib/amd64/jli/libjli.so
7f261bb10000-7f261bb28000 r-xp 00000000 08:07 529525                     /lib/x86_64-linux-gnu/libpthread-2.21.so
7f261bb28000-7f261bd28000 ---p 00018000 08:07 529525                     /lib/x86_64-linux-gnu/libpthread-2.21.so
7f261bd28000-7f261bd29000 r--p 00018000 08:07 529525                     /lib/x86_64-linux-gnu/libpthread-2.21.so
7f261bd29000-7f261bd2a000 rw-p 00019000 08:07 529525                     /lib/x86_64-linux-gnu/libpthread-2.21.so
7f261bd2a000-7f261bd2e000 rw-p 00000000 00:00 0 
7f261bd2e000-7f261bd52000 r-xp 00000000 08:07 529539                     /lib/x86_64-linux-gnu/ld-2.21.so
7f261bd5c000-7f261bd7b000 rw-p 00000000 00:00 0 
7f261bd7b000-7f261be31000 rw-p 00000000 00:00 0 
7f261be31000-7f261be34000 ---p 00000000 00:00 0 
7f261be34000-7f261bf36000 rw-p 00000000 00:00 0 
7f261bf3e000-7f261bf42000 r--s 0008b000 08:07 663627                     /home/elixandre/jdk1.7.0_80/jre/lib/jsse.jar
7f261bf42000-7f261bf45000 r--s 00f76000 08:07 542783                     /home/elixandre/Downloads/simgrid.jar
7f261bf45000-7f261bf4d000 rw-s 00000000 08:07 544827                     /tmp/hsperfdata_elixandre/2965 (deleted)
7f261bf4d000-7f261bf4e000 rw-p 00000000 00:00 0 
7f261bf4e000-7f261bf4f000 ---p 00000000 00:00 0 
7f261bf4f000-7f261bf51000 rw-p 00000000 00:00 0 
7f261bf51000-7f261bf52000 r--p 00023000 08:07 529539                     /lib/x86_64-linux-gnu/ld-2.21.so
7f261bf52000-7f261bf53000 rw-p 00024000 08:07 529539                     /lib/x86_64-linux-gnu/ld-2.21.so
7f261bf53000-7f261bf54000 rw-p 00000000 00:00 0 
7ffd60ea8000-7ffd60ec9000 rw-p 00000000 00:00 0                          [stack]
7ffd60ece000-7ffd60ed0000 r--p 00000000 00:00 0                          [vvar]
7ffd60ed0000-7ffd60ed2000 r-xp 00000000 00:00 0                          [vdso]
ffffffffff600000-ffffffffff601000 r-xp 00000000 00:00 0                  [vsyscall]

VM Arguments:
jvm_args: -Dfile.encoding=UTF-8 
java_command: vcube.VCube platform.xml deployment.xml
Launcher Type: SUN_STANDARD

Environment Variables:
PATH=/usr/local/sbin:/usr/local/bin:/usr/sbin:/usr/bin:/sbin:/bin:/usr/games:/usr/local/games:/home/elixandre/.rvm/bin
LD_LIBRARY_PATH=/home/elixandre/jdk1.7.0_80/jre/lib/amd64:/home/elixandre/jdk1.7.0_80/jre/lib/i386:
SHELL=/bin/bash
DISPLAY=:0

Signal Handlers:
SIGSEGV: [libjvm.so+0x9a3b20], sa_mask[0]=0x7ffbfeff, sa_flags=0x10000004
SIGBUS: [libjvm.so+0x9a3b20], sa_mask[0]=0x7ffbfeff, sa_flags=0x10000004
SIGFPE: [libjvm.so+0x81e740], sa_mask[0]=0x7ffbfeff, sa_flags=0x10000004
SIGPIPE: [libjvm.so+0x81e740], sa_mask[0]=0x7ffbfeff, sa_flags=0x10000004
SIGXFSZ: [libjvm.so+0x81e740], sa_mask[0]=0x7ffbfeff, sa_flags=0x10000004
SIGILL: [libjvm.so+0x81e740], sa_mask[0]=0x7ffbfeff, sa_flags=0x10000004
SIGUSR1: SIG_DFL, sa_mask[0]=0x00000000, sa_flags=0x00000000
SIGUSR2: [libjvm.so+0x81ffb0], sa_mask[0]=0x00000004, sa_flags=0x10000004
SIGHUP: [libjvm.so+0x8210d0], sa_mask[0]=0x7ffbfeff, sa_flags=0x10000004
SIGINT: [libsimgrid.so+0x8ff50], sa_mask[0]=0x00000002, sa_flags=0x10000000
SIGTERM: [libjvm.so+0x8210d0], sa_mask[0]=0x7ffbfeff, sa_flags=0x10000004
SIGQUIT: [libjvm.so+0x8210d0], sa_mask[0]=0x7ffbfeff, sa_flags=0x10000004


---------------  S Y S T E M  ---------------

OS:jessie/sid

uname:Linux 4.2.0-42-generic #49-Ubuntu SMP Tue Jun 28 21:26:26 UTC 2016 x86_64
libc:glibc 2.21 NPTL 2.21 
rlimit: STACK 8192k, CORE 0k, NPROC 15009, NOFILE 65536, AS infinity
load average:0.82 1.09 0.68

/proc/meminfo:
MemTotal:        3879128 kB
MemFree:         1077352 kB
MemAvailable:    1857020 kB
Buffers:           83552 kB
Cached:          1016104 kB
SwapCached:            0 kB
Active:          1835708 kB
Inactive:         795148 kB
Active(anon):    1533128 kB
Inactive(anon):   171732 kB
Active(file):     302580 kB
Inactive(file):   623416 kB
Unevictable:          48 kB
Mlocked:              48 kB
SwapTotal:        975868 kB
SwapFree:         975868 kB
Dirty:             12672 kB
Writeback:             0 kB
AnonPages:       1531284 kB
Mapped:           337464 kB
Shmem:            173664 kB
Slab:              75584 kB
SReclaimable:      45216 kB
SUnreclaim:        30368 kB
KernelStack:        9488 kB
PageTables:        32972 kB
NFS_Unstable:          0 kB
Bounce:                0 kB
WritebackTmp:          0 kB
CommitLimit:     2915432 kB
Committed_AS:    5620056 kB
VmallocTotal:   34359738367 kB
VmallocUsed:      347648 kB
VmallocChunk:   34358947836 kB
HardwareCorrupted:     0 kB
AnonHugePages:    702464 kB
CmaTotal:              0 kB
CmaFree:               0 kB
HugePages_Total:       0
HugePages_Free:        0
HugePages_Rsvd:        0
HugePages_Surp:        0
Hugepagesize:       2048 kB
DirectMap4k:      117496 kB
DirectMap2M:     3909632 kB


CPU:total 4 (2 cores per cpu, 2 threads per core) family 6 model 58 stepping 9, cmov, cx8, fxsr, mmx, sse, sse2, sse3, ssse3, sse4.1, sse4.2, popcnt, avx, erms, ht, tsc, tscinvbit, tscinv

/proc/cpuinfo:
processor	: 0
vendor_id	: GenuineIntel
cpu family	: 6
model		: 58
model name	: Intel(R) Core(TM) i7-3517U CPU @ 1.90GHz
stepping	: 9
microcode	: 0x12
cpu MHz		: 1252.968
cache size	: 4096 KB
physical id	: 0
siblings	: 4
core id		: 0
cpu cores	: 2
apicid		: 0
initial apicid	: 0
fpu		: yes
fpu_exception	: yes
cpuid level	: 13
wp		: yes
flags		: fpu vme de pse tsc msr pae mce cx8 apic sep mtrr pge mca cmov pat pse36 clflush dts acpi mmx fxsr sse sse2 ss ht tm pbe syscall nx rdtscp lm constant_tsc arch_perfmon pebs bts rep_good nopl xtopology nonstop_tsc aperfmperf eagerfpu pni pclmulqdq dtes64 monitor ds_cpl vmx est tm2 ssse3 cx16 xtpr pdcm pcid sse4_1 sse4_2 x2apic popcnt tsc_deadline_timer xsave avx f16c rdrand lahf_lm ida arat epb pln pts dtherm tpr_shadow vnmi flexpriority ept vpid fsgsbase smep erms xsaveopt
bugs		:
bogomips	: 4789.21
clflush size	: 64
cache_alignment	: 64
address sizes	: 36 bits physical, 48 bits virtual
power management:

processor	: 1
vendor_id	: GenuineIntel
cpu family	: 6
model		: 58
model name	: Intel(R) Core(TM) i7-3517U CPU @ 1.90GHz
stepping	: 9
microcode	: 0x12
cpu MHz		: 1280.062
cache size	: 4096 KB
physical id	: 0
siblings	: 4
core id		: 0
cpu cores	: 2
apicid		: 1
initial apicid	: 1
fpu		: yes
fpu_exception	: yes
cpuid level	: 13
wp		: yes
flags		: fpu vme de pse tsc msr pae mce cx8 apic sep mtrr pge mca cmov pat pse36 clflush dts acpi mmx fxsr sse sse2 ss ht tm pbe syscall nx rdtscp lm constant_tsc arch_perfmon pebs bts rep_good nopl xtopology nonstop_tsc aperfmperf eagerfpu pni pclmulqdq dtes64 monitor ds_cpl vmx est tm2 ssse3 cx16 xtpr pdcm pcid sse4_1 sse4_2 x2apic popcnt tsc_deadline_timer xsave avx f16c rdrand lahf_lm ida arat epb pln pts dtherm tpr_shadow vnmi flexpriority ept vpid fsgsbase smep erms xsaveopt
bugs		:
bogomips	: 4789.21
clflush size	: 64
cache_alignment	: 64
address sizes	: 36 bits physical, 48 bits virtual
power management:

processor	: 2
vendor_id	: GenuineIntel
cpu family	: 6
model		: 58
model name	: Intel(R) Core(TM) i7-3517U CPU @ 1.90GHz
stepping	: 9
microcode	: 0x12
cpu MHz		: 1226.906
cache size	: 4096 KB
physical id	: 0
siblings	: 4
core id		: 1
cpu cores	: 2
apicid		: 2
initial apicid	: 2
fpu		: yes
fpu_exception	: yes
cpuid level	: 13
wp		: yes
flags		: fpu vme de pse tsc msr pae mce cx8 apic sep mtrr pge mca cmov pat pse36 clflush dts acpi mmx fxsr sse sse2 ss ht tm pbe syscall nx rdtscp lm constant_tsc arch_perfmon pebs bts rep_good nopl xtopology nonstop_tsc aperfmperf eagerfpu pni pclmulqdq dtes64 monitor ds_cpl vmx est tm2 ssse3 cx16 xtpr pdcm pcid sse4_1 sse4_2 x2apic popcnt tsc_deadline_timer xsave avx f16c rdrand lahf_lm ida arat epb pln pts dtherm tpr_shadow vnmi flexpriority ept vpid fsgsbase smep erms xsaveopt
bugs		:
bogomips	: 4789.21
clflush size	: 64
cache_alignment	: 64
address sizes	: 36 bits physical, 48 bits virtual
power management:

processor	: 3
vendor_id	: GenuineIntel
cpu family	: 6
model		: 58
model name	: Intel(R) Core(TM) i7-3517U CPU @ 1.90GHz
stepping	: 9
microcode	: 0x12
cpu MHz		: 1284.187
cache size	: 4096 KB
physical id	: 0
siblings	: 4
core id		: 1
cpu cores	: 2
apicid		: 3
initial apicid	: 3
fpu		: yes
fpu_exception	: yes
cpuid level	: 13
wp		: yes
flags		: fpu vme de pse tsc msr pae mce cx8 apic sep mtrr pge mca cmov pat pse36 clflush dts acpi mmx fxsr sse sse2 ss ht tm pbe syscall nx rdtscp lm constant_tsc arch_perfmon pebs bts rep_good nopl xtopology nonstop_tsc aperfmperf eagerfpu pni pclmulqdq dtes64 monitor ds_cpl vmx est tm2 ssse3 cx16 xtpr pdcm pcid sse4_1 sse4_2 x2apic popcnt tsc_deadline_timer xsave avx f16c rdrand lahf_lm ida arat epb pln pts dtherm tpr_shadow vnmi flexpriority ept vpid fsgsbase smep erms xsaveopt
bugs		:
bogomips	: 4789.21
clflush size	: 64
cache_alignment	: 64
address sizes	: 36 bits physical, 48 bits virtual
power management:



Memory: 4k page, physical 3879128k(1077352k free), swap 975868k(975868k free)

vm_info: Java HotSpot(TM) 64-Bit Server VM (24.80-b11) for linux-amd64 JRE (1.7.0_80-b15), built on Apr 10 2015 19:53:14 by "java_re" with gcc 4.3.0 20080428 (Red Hat 4.3.0-8)

time: Fri May  5 15:29:37 2017
elapsed time: 1 seconds

