#
# A fatal error has been detected by the Java Runtime Environment:
#
#  SIGSEGV (0xb) at pc=0x00007f9945e4c263, pid=5667, tid=140296457524992
#
# JRE version: Java(TM) SE Runtime Environment (7.0_80-b15) (build 1.7.0_80-b15)
# Java VM: Java HotSpot(TM) 64-Bit Server VM (24.80-b11 mixed mode linux-amd64 compressed oops)
# Problematic frame:
# C  [libsimgrid.so+0x190263]  xbt_dynar_member+0x23
#
# Failed to write core dump. Core dumps have been disabled. To enable core dumping, try "ulimit -c unlimited" before starting Java again
#
# If you would like to submit a bug report, please visit:
#   http://bugreport.java.com/bugreport/crash.jsp
#

---------------  T H R E A D  ---------------

Current thread (0x00007f994c06a000):  VMThread [stack: 0x00007f9950739000,0x00007f995083a000] [id=5676]

siginfo:si_signo=SIGSEGV: si_errno=0, si_code=1 (SEGV_MAPERR), si_addr=0x0000000000000000

Registers:
RAX=0x0000000000000000, RBX=0x00007f99461b8700, RCX=0x00007f99461c3790, RDX=0x00007f9950839a30
RSP=0x00007f9950838590, RBP=0x00007f994c15cac0, RSI=0x00007f9950838738, RDI=0x00007f9950838650
R8 =0x00007f994c153ad0, R9 =0x0000000000000001, R10=0x0000000000000c58, R11=0x00007f9945e4c240
R12=0x00007f99461c3790, R13=0x00007f994c13cb40, R14=0x00000000000003d8, R15=0x00007f994c027e58
RIP=0x00007f9945e4c263, EFLAGS=0x0000000000010206, CSGSFS=0x0000000000000033, ERR=0x0000000000000004
  TRAPNO=0x000000000000000e

Top of Stack: (sp=0x00007f9950838590)
0x00007f9950838590:   00007f994c13b4b0 00007f99508385b0
0x00007f99508385a0:   00007f994c153b40 00007f9950838738
0x00007f99508385b0:   00000000ffffffff 00007f994c27c490
0x00007f99508385c0:   00007f9945cd5628 00007f994c13b4b0
0x00007f99508385d0:   00007f994c0034af 00007f994c27c490
0x00007f99508385e0:   00007f994c1641d0 00007f9900000001
0x00007f99508385f0:   0000000000000000 0000000000000000
0x00007f9950838600:   00007f994c164300 00007f994c42a000
0x00007f9950838610:   00000000000003d8 00007f994c42be80
0x00007f9950838620:   00007f9946183400 00007f9946187de8
0x00007f9950838630:   00007f99461c3790 00007f994c13cb40
0x00007f9950838640:   00000000000003d8 00007f994c027e58
0x00007f9950838650:   0000000000000000 00007f99550889ad
0x00007f9950838660:   0000000000000005 0000000000000000
0x00007f9950838670:   00007f994c13cb40 00007f9945cd5628
0x00007f9950838680:   00007f99461b8700 00007f994c15cac0
0x00007f9950838690:   00007f99461c3790 00007f995508ff30
0x00007f99508386a0:   00007f994c24bc30 00007f9946183400
0x00007f99508386b0:   00007f994c162b20 00007f9945e691a7
0x00007f99508386c0:   00007f994c15d7f0 00007f994c15d6f0
0x00007f99508386d0:   00007f994c15d8f0 00007f994c150118
0x00007f99508386e0:   00007f994c196d90 00007f99461c3790
0x00007f99508386f0:   00007f994c153ad0 00007f9950838738
0x00007f9950838700:   00007f994c153b40 00007f994c153ad0
0x00007f9950838710:   0000000000000001 00007f994c13b4b0
0x00007f9950838720:   00007f99461b8700 00007f9945e6934f
0x00007f9950838730:   0000000000000000 00007f994c162b20
0x00007f9950838740:   0000000000000005 0000000000000000
0x00007f9950838750:   00007f994c027e58 00007f99461bba98
0x00007f9950838760:   00007f994c155d30 0000000000000001
0x00007f9950838770:   00007f994c13cb40 00007f9945e4ad37
0x00007f9950838780:   00007f994c13cb40 00007f99461bb098 

Instructions: (pc=0x00007f9945e4c263)
0x00007f9945e4c243:   ec 90 01 00 00 48 8b 05 01 a2 33 00 48 89 7c 24
0x00007f9945e4c253:   10 48 89 74 24 18 ff 10 48 8d bc 24 c0 00 00 00
0x00007f9945e4c263:   48 8b 08 48 89 04 24 48 89 38 48 89 4c 24 08 e8
0x00007f9945e4c273:   79 31 ed ff 85 c0 74 75 48 8b 14 24 c7 42 08 01 

Register to memory mapping:

RAX=0x0000000000000000 is an unknown value
RBX=0x00007f99461b8700: _simgrid_log_category__simix_process+0 in /tmp/simgrid-java3673187044692381971/libsimgrid.so at 0x00007f9945cbc000
RCX=0x00007f99461c3790: simix_global+0 in /tmp/simgrid-java3673187044692381971/libsimgrid.so at 0x00007f9945cbc000
RDX=0x00007f9950839a30 is an unknown value
RSP=0x00007f9950838590 is an unknown value
RBP=0x00007f994c15cac0 is an unknown value
RSI=0x00007f9950838738 is an unknown value
RDI=0x00007f9950838650 is an unknown value
R8 =0x00007f994c153ad0 is an unknown value
R9 =0x0000000000000001 is an unknown value
R10=0x0000000000000c58 is an unknown value
R11=0x00007f9945e4c240: xbt_dynar_member+0 in /tmp/simgrid-java3673187044692381971/libsimgrid.so at 0x00007f9945cbc000
R12=0x00007f99461c3790: simix_global+0 in /tmp/simgrid-java3673187044692381971/libsimgrid.so at 0x00007f9945cbc000
R13=0x00007f994c13cb40 is an unknown value
R14=0x00000000000003d8 is an unknown value
R15=0x00007f994c027e58 is an unknown value


Stack: [0x00007f9950739000,0x00007f995083a000],  sp=0x00007f9950838590,  free space=1021k
Native frames: (J=compiled Java code, j=interpreted, Vv=VM code, C=native code)
C  [libsimgrid.so+0x190263]  xbt_dynar_member+0x23

VM_Operation (0x00007f9944398430): Exit, mode: safepoint, requested by thread 0x00007f9920009000


---------------  P R O C E S S  ---------------

Java Threads: ( => current thread )
  0x00007f98d0019000 JavaThread "Thread-0" [_thread_blocked, id=5700, stack(0x00007f9944407000,0x00007f9944508000)]
  0x00007f9920009000 JavaThread "SIGTERM handler" daemon [_thread_blocked, id=5699, stack(0x00007f9944299000,0x00007f994439a000)]
  0x00007f98cc001000 JavaThread "Thread-15" [_thread_in_native, id=5698, stack(0x00007f98e8ffa000,0x00007f98e97fb000)]
  0x00007f98d8001000 JavaThread "Thread-14" [_thread_in_native, id=5697, stack(0x00007f98e97fb000,0x00007f98e9ffc000)]
  0x00007f98d4001000 JavaThread "Thread-13" [_thread_in_native, id=5696, stack(0x00007f98e9ffc000,0x00007f98ea7fd000)]
  0x00007f98e0001000 JavaThread "Thread-12" [_thread_in_native, id=5695, stack(0x00007f98ea7fd000,0x00007f98eaffe000)]
  0x00007f98dc001000 JavaThread "Thread-11" [_thread_in_native, id=5694, stack(0x00007f98eaffe000,0x00007f98eb7ff000)]
  0x00007f98e4001000 JavaThread "Thread-10" [_thread_in_native, id=5693, stack(0x00007f98eb7ff000,0x00007f98ec000000)]
  0x00007f98f0001000 JavaThread "Thread-9" [_thread_in_native, id=5692, stack(0x00007f990c7f9000,0x00007f990cffa000)]
  0x00007f98ec001000 JavaThread "Thread-8" [_thread_blocked, id=5691, stack(0x00007f990cffa000,0x00007f990d7fb000)]
  0x00007f98f8001000 JavaThread "Thread-7" [_thread_in_native, id=5690, stack(0x00007f990d7fb000,0x00007f990dffc000)]
  0x00007f98f4001000 JavaThread "Thread-6" [_thread_in_native, id=5689, stack(0x00007f990dffc000,0x00007f990e7fd000)]
  0x00007f9900001000 JavaThread "Thread-5" [_thread_in_native, id=5688, stack(0x00007f990e7fd000,0x00007f990effe000)]
  0x00007f98fc001000 JavaThread "Thread-4" [_thread_in_native, id=5687, stack(0x00007f990effe000,0x00007f990f7ff000)]
  0x00007f9904001000 JavaThread "Thread-3" [_thread_in_native, id=5686, stack(0x00007f990f7ff000,0x00007f9910000000)]
  0x00007f9908001000 JavaThread "Thread-2" [_thread_in_native, id=5685, stack(0x00007f9944508000,0x00007f9944d09000)]
  0x00007f9914001000 JavaThread "Thread-1" [_thread_in_native, id=5684, stack(0x00007f9944d09000,0x00007f994550a000)]
  0x00007f994c0a1000 JavaThread "Service Thread" daemon [_thread_blocked, id=5682, stack(0x00007f9950133000,0x00007f9950234000)]
  0x00007f994c09e800 JavaThread "C2 CompilerThread1" daemon [_thread_blocked, id=5681, stack(0x00007f9950234000,0x00007f9950335000)]
  0x00007f994c09b800 JavaThread "C2 CompilerThread0" daemon [_thread_blocked, id=5680, stack(0x00007f9950335000,0x00007f9950436000)]
  0x00007f994c070800 JavaThread "Finalizer" daemon [_thread_blocked, id=5678, stack(0x00007f9950537000,0x00007f9950638000)]
  0x00007f994c06e000 JavaThread "Reference Handler" daemon [_thread_blocked, id=5677, stack(0x00007f9950638000,0x00007f9950739000)]
  0x00007f994c009800 JavaThread "main" [_thread_in_native, id=5671, stack(0x00007f995517c000,0x00007f995527d000)]

Other Threads:
=>0x00007f994c06a000 VMThread [stack: 0x00007f9950739000,0x00007f995083a000] [id=5676]

VM state:at safepoint (shutting down)

VM Mutex/Monitor currently owned by a thread:  ([mutex/lock_event])
[0x00007f994c0061b0] Threads_lock - owner thread: 0x00007f994c06a000

Heap
 PSYoungGen      total 17920K, used 11676K [0x00000000ec400000, 0x00000000ed800000, 0x0000000100000000)
  eden space 15360K, 76% used [0x00000000ec400000,0x00000000ecf67260,0x00000000ed300000)
  from space 2560K, 0% used [0x00000000ed580000,0x00000000ed580000,0x00000000ed800000)
  to   space 2560K, 0% used [0x00000000ed300000,0x00000000ed300000,0x00000000ed580000)
 ParOldGen       total 40448K, used 0K [0x00000000c4c00000, 0x00000000c7380000, 0x00000000ec400000)
  object space 40448K, 0% used [0x00000000c4c00000,0x00000000c4c00000,0x00000000c7380000)
 PSPermGen       total 21504K, used 3902K [0x00000000bfa00000, 0x00000000c0f00000, 0x00000000c4c00000)
  object space 21504K, 18% used [0x00000000bfa00000,0x00000000bfdcfb18,0x00000000c0f00000)

Card table byte_map: [0x00007f995225e000,0x00007f9952462000] byte_map_base: 0x00007f9951c61000

Polling page: 0x00007f9955299000

Code Cache  [0x00007f9949000000, 0x00007f9949270000, 0x00007f994c000000)
 total_blobs=240 nmethods=31 adapters=163 free_code_cache=48716Kb largest_free_block=49865728

Compilation events (10 events):
Event: 1.254 Thread 0x00007f994c09b800 nmethod 27 0x00007f99490690d0 code [0x00007f9949069220, 0x00007f99490693f8]
Event: 1.272 Thread 0x00007f994c09e800   28             java.lang.StringBuilder::toString (17 bytes)
Event: 1.277 Thread 0x00007f994c09e800 nmethod 28 0x00007f994906e350 code [0x00007f994906e4a0, 0x00007f994906e798]
Event: 1.316 Thread 0x00007f994c09b800   29             vcube.Node::encontrarResponsavel (27 bytes)
Event: 1.318 Thread 0x00007f994c09b800 nmethod 29 0x00007f994906e010 code [0x00007f994906e160, 0x00007f994906e258]
Event: 1.429 Thread 0x00007f994c09e800   30 % !         vcube.Node::main @ 269 (1670 bytes)
Event: 1.479 Thread 0x00007f994c09b800   31             java.lang.Integer::stringSize (21 bytes)
Event: 1.480 Thread 0x00007f994c09b800 nmethod 31 0x00007f994906e990 code [0x00007f994906eac0, 0x00007f994906eb38]
Event: 1.480 Thread 0x00007f994c09b800   32             java.lang.Integer::getChars (131 bytes)
Event: 1.482 Thread 0x00007f994c09b800 nmethod 32 0x00007f994906dbd0 code [0x00007f994906dd20, 0x00007f994906de78]

GC Heap History (0 events):
No events

Deoptimization events (0 events):
No events

Internal exceptions (10 events):
Event: 1.547 Thread 0x00007f98f0001000 Threw 0x00000000ec7b2940 at /HUDSON/workspace/7u-2-build-linux-amd64/jdk7u80/2329/hotspot/src/share/vm/prims/jni.cpp:743
Event: 1.547 Thread 0x00007f98d4001000 Threw 0x00000000ec8e3c08 at /HUDSON/workspace/7u-2-build-linux-amd64/jdk7u80/2329/hotspot/src/share/vm/prims/jni.cpp:743
Event: 1.548 Thread 0x00007f98cc001000 Threw 0x00000000ec97d9c8 at /HUDSON/workspace/7u-2-build-linux-amd64/jdk7u80/2329/hotspot/src/share/vm/prims/jni.cpp:743
Event: 1.548 Thread 0x00007f9914001000 Threw 0x00000000ecd5d350 at /HUDSON/workspace/7u-2-build-linux-amd64/jdk7u80/2329/hotspot/src/share/vm/prims/jni.cpp:743
Event: 1.548 Thread 0x00007f98e4001000 Threw 0x00000000ec7fed98 at /HUDSON/workspace/7u-2-build-linux-amd64/jdk7u80/2329/hotspot/src/share/vm/prims/jni.cpp:743
Event: 1.548 Thread 0x00007f98d8001000 Threw 0x00000000ec9313b8 at /HUDSON/workspace/7u-2-build-linux-amd64/jdk7u80/2329/hotspot/src/share/vm/prims/jni.cpp:743
Event: 1.549 Thread 0x00007f98dc001000 Threw 0x00000000ec84b2e8 at /HUDSON/workspace/7u-2-build-linux-amd64/jdk7u80/2329/hotspot/src/share/vm/prims/jni.cpp:743
Event: 1.549 Thread 0x00007f98fc001000 Threw 0x00000000ecd27e20 at /HUDSON/workspace/7u-2-build-linux-amd64/jdk7u80/2329/hotspot/src/share/vm/prims/jni.cpp:743
Event: 1.549 Thread 0x00007f98e0001000 Threw 0x00000000ec897838 at /HUDSON/workspace/7u-2-build-linux-amd64/jdk7u80/2329/hotspot/src/share/vm/prims/jni.cpp:743
Event: 1.549 Thread 0x00007f98ec001000 Threw 0x00000000eccf3d28 at /HUDSON/workspace/7u-2-build-linux-amd64/jdk7u80/2329/hotspot/src/share/vm/prims/jni.cpp:743

Events (10 events):
Event: 1.528 Thread 0x00007f9920009000 Thread added: 0x00007f9920009000
Event: 1.530 loading class 0x00007f994c104680
Event: 1.533 loading class 0x00007f994c104680 done
Event: 1.535 loading class 0x00007f994c104650
Event: 1.536 loading class 0x00007f994c104610
Event: 1.537 loading class 0x00007f994c104610 done
Event: 1.537 loading class 0x00007f994c104650 done
Event: 1.540 Thread 0x00007f98d0019000 Thread added: 0x00007f98d0019000
Event: 1.549 Thread 0x00007f994c099800 Thread exited: 0x00007f994c099800
Event: 1.549 Executing VM operation: Exit


Dynamic libraries:
00400000-00401000 r-xp 00000000 08:07 663942                             /home/elixandre/jdk1.7.0_80/bin/java
00600000-00601000 rw-p 00000000 08:07 663942                             /home/elixandre/jdk1.7.0_80/bin/java
01a72000-01a93000 rw-p 00000000 00:00 0                                  [heap]
bfa00000-c0f00000 rw-p 00000000 00:00 0 
c0f00000-c4c00000 rw-p 00000000 00:00 0 
c4c00000-c7380000 rw-p 00000000 00:00 0 
c7380000-ec400000 rw-p 00000000 00:00 0 
ec400000-ed800000 rw-p 00000000 00:00 0 
ed800000-100000000 rw-p 00000000 00:00 0 
7f98c4000000-7f98c4021000 rw-p 00000000 00:00 0 
7f98c4021000-7f98c8000000 ---p 00000000 00:00 0 
7f98cc000000-7f98cc069000 rw-p 00000000 00:00 0 
7f98cc069000-7f98d0000000 ---p 00000000 00:00 0 
7f98d0000000-7f98d0021000 rw-p 00000000 00:00 0 
7f98d0021000-7f98d4000000 ---p 00000000 00:00 0 
7f98d4000000-7f98d4022000 rw-p 00000000 00:00 0 
7f98d4022000-7f98d8000000 ---p 00000000 00:00 0 
7f98d8000000-7f98d806c000 rw-p 00000000 00:00 0 
7f98d806c000-7f98dc000000 ---p 00000000 00:00 0 
7f98dc000000-7f98dc022000 rw-p 00000000 00:00 0 
7f98dc022000-7f98e0000000 ---p 00000000 00:00 0 
7f98e0000000-7f98e0022000 rw-p 00000000 00:00 0 
7f98e0022000-7f98e4000000 ---p 00000000 00:00 0 
7f98e4000000-7f98e4022000 rw-p 00000000 00:00 0 
7f98e4022000-7f98e8000000 ---p 00000000 00:00 0 
7f98e8ffa000-7f98e8ffd000 ---p 00000000 00:00 0 
7f98e8ffd000-7f98e97fb000 rw-p 00000000 00:00 0 
7f98e97fb000-7f98e97fe000 ---p 00000000 00:00 0 
7f98e97fe000-7f98e9ffc000 rw-p 00000000 00:00 0 
7f98e9ffc000-7f98e9fff000 ---p 00000000 00:00 0 
7f98e9fff000-7f98ea7fd000 rw-p 00000000 00:00 0 
7f98ea7fd000-7f98ea800000 ---p 00000000 00:00 0 
7f98ea800000-7f98eaffe000 rw-p 00000000 00:00 0 
7f98eaffe000-7f98eb001000 ---p 00000000 00:00 0 
7f98eb001000-7f98eb7ff000 rw-p 00000000 00:00 0 
7f98eb7ff000-7f98eb802000 ---p 00000000 00:00 0 
7f98eb802000-7f98ec000000 rw-p 00000000 00:00 0 
7f98ec000000-7f98ec07f000 rw-p 00000000 00:00 0 
7f98ec07f000-7f98f0000000 ---p 00000000 00:00 0 
7f98f0000000-7f98f0022000 rw-p 00000000 00:00 0 
7f98f0022000-7f98f4000000 ---p 00000000 00:00 0 
7f98f4000000-7f98f407d000 rw-p 00000000 00:00 0 
7f98f407d000-7f98f8000000 ---p 00000000 00:00 0 
7f98f8000000-7f98f807f000 rw-p 00000000 00:00 0 
7f98f807f000-7f98fc000000 ---p 00000000 00:00 0 
7f98fc000000-7f98fc083000 rw-p 00000000 00:00 0 
7f98fc083000-7f9900000000 ---p 00000000 00:00 0 
7f9900000000-7f99000c4000 rw-p 00000000 00:00 0 
7f99000c4000-7f9904000000 ---p 00000000 00:00 0 
7f9904000000-7f9904082000 rw-p 00000000 00:00 0 
7f9904082000-7f9908000000 ---p 00000000 00:00 0 
7f9908000000-7f990807f000 rw-p 00000000 00:00 0 
7f990807f000-7f990c000000 ---p 00000000 00:00 0 
7f990c7f9000-7f990c7fc000 ---p 00000000 00:00 0 
7f990c7fc000-7f990cffa000 rw-p 00000000 00:00 0 
7f990cffa000-7f990cffd000 ---p 00000000 00:00 0 
7f990cffd000-7f990d7fb000 rw-p 00000000 00:00 0 
7f990d7fb000-7f990d7fe000 ---p 00000000 00:00 0 
7f990d7fe000-7f990dffc000 rw-p 00000000 00:00 0 
7f990dffc000-7f990dfff000 ---p 00000000 00:00 0 
7f990dfff000-7f990e7fd000 rw-p 00000000 00:00 0 
7f990e7fd000-7f990e800000 ---p 00000000 00:00 0 
7f990e800000-7f990effe000 rw-p 00000000 00:00 0 
7f990effe000-7f990f001000 ---p 00000000 00:00 0 
7f990f001000-7f990f7ff000 rw-p 00000000 00:00 0 
7f990f7ff000-7f990f802000 ---p 00000000 00:00 0 
7f990f802000-7f9910000000 rw-p 00000000 00:00 0 
7f9910000000-7f9910021000 rw-p 00000000 00:00 0 
7f9910021000-7f9914000000 ---p 00000000 00:00 0 
7f9914000000-7f99140de000 rw-p 00000000 00:00 0 
7f99140de000-7f9918000000 ---p 00000000 00:00 0 
7f9918000000-7f991896a000 rw-p 00000000 00:00 0 
7f991896a000-7f991c000000 ---p 00000000 00:00 0 
7f991c000000-7f991c021000 rw-p 00000000 00:00 0 
7f991c021000-7f9920000000 ---p 00000000 00:00 0 
7f9920000000-7f9920021000 rw-p 00000000 00:00 0 
7f9920021000-7f9924000000 ---p 00000000 00:00 0 
7f9924000000-7f99240ea000 rw-p 00000000 00:00 0 
7f99240ea000-7f9928000000 ---p 00000000 00:00 0 
7f9928000000-7f9928021000 rw-p 00000000 00:00 0 
7f9928021000-7f992c000000 ---p 00000000 00:00 0 
7f992c000000-7f992c021000 rw-p 00000000 00:00 0 
7f992c021000-7f9930000000 ---p 00000000 00:00 0 
7f9930000000-7f9930021000 rw-p 00000000 00:00 0 
7f9930021000-7f9934000000 ---p 00000000 00:00 0 
7f9934000000-7f9934021000 rw-p 00000000 00:00 0 
7f9934021000-7f9938000000 ---p 00000000 00:00 0 
7f9938000000-7f9938021000 rw-p 00000000 00:00 0 
7f9938021000-7f993c000000 ---p 00000000 00:00 0 
7f993c000000-7f993c021000 rw-p 00000000 00:00 0 
7f993c021000-7f9940000000 ---p 00000000 00:00 0 
7f9940000000-7f9940021000 rw-p 00000000 00:00 0 
7f9940021000-7f9944000000 ---p 00000000 00:00 0 
7f9944299000-7f994429c000 ---p 00000000 00:00 0 
7f994429c000-7f994439a000 rw-p 00000000 00:00 0 
7f9944407000-7f994440a000 ---p 00000000 00:00 0 
7f994440a000-7f9944508000 rw-p 00000000 00:00 0 
7f9944508000-7f994450b000 ---p 00000000 00:00 0 
7f994450b000-7f9944d09000 rw-p 00000000 00:00 0 
7f9944d09000-7f9944d0c000 ---p 00000000 00:00 0 
7f9944d0c000-7f994550a000 rw-p 00000000 00:00 0 
7f994550a000-7f9945522000 r-xp 00000000 08:07 794668                     /tmp/simgrid-java3673187044692381971/libsimgrid-java.so (deleted)
7f9945522000-7f9945722000 ---p 00018000 08:07 794668                     /tmp/simgrid-java3673187044692381971/libsimgrid-java.so (deleted)
7f9945722000-7f9945723000 rw-p 00018000 08:07 794668                     /tmp/simgrid-java3673187044692381971/libsimgrid-java.so (deleted)
7f9945723000-7f9945739000 r-xp 00000000 08:07 528568                     /lib/x86_64-linux-gnu/libgcc_s.so.1
7f9945739000-7f9945938000 ---p 00016000 08:07 528568                     /lib/x86_64-linux-gnu/libgcc_s.so.1
7f9945938000-7f9945939000 r--p 00015000 08:07 528568                     /lib/x86_64-linux-gnu/libgcc_s.so.1
7f9945939000-7f994593a000 rw-p 00016000 08:07 528568                     /lib/x86_64-linux-gnu/libgcc_s.so.1
7f994593a000-7f9945aad000 r-xp 00000000 08:07 1059329                    /usr/lib/x86_64-linux-gnu/libstdc++.so.6.0.21
7f9945aad000-7f9945cac000 ---p 00173000 08:07 1059329                    /usr/lib/x86_64-linux-gnu/libstdc++.so.6.0.21
7f9945cac000-7f9945cb6000 r--p 00172000 08:07 1059329                    /usr/lib/x86_64-linux-gnu/libstdc++.so.6.0.21
7f9945cb6000-7f9945cb8000 rw-p 0017c000 08:07 1059329                    /usr/lib/x86_64-linux-gnu/libstdc++.so.6.0.21
7f9945cb8000-7f9945cbc000 rw-p 00000000 00:00 0 
7f9945cbc000-7f9945f81000 r-xp 00000000 08:07 794659                     /tmp/simgrid-java3673187044692381971/libsimgrid.so (deleted)
7f9945f81000-7f9946181000 ---p 002c5000 08:07 794659                     /tmp/simgrid-java3673187044692381971/libsimgrid.so (deleted)
7f9946181000-7f99461bc000 rw-p 002c5000 08:07 794659                     /tmp/simgrid-java3673187044692381971/libsimgrid.so (deleted)
7f99461bc000-7f99464c5000 rw-p 00000000 00:00 0 
7f99464c5000-7f99464dc000 r-xp 00000000 08:07 663689                     /home/elixandre/jdk1.7.0_80/jre/lib/amd64/libnet.so
7f99464dc000-7f99466db000 ---p 00017000 08:07 663689                     /home/elixandre/jdk1.7.0_80/jre/lib/amd64/libnet.so
7f99466db000-7f99466dc000 rw-p 00016000 08:07 663689                     /home/elixandre/jdk1.7.0_80/jre/lib/amd64/libnet.so
7f99466dc000-7f99466ec000 r-xp 00000000 08:07 663688                     /home/elixandre/jdk1.7.0_80/jre/lib/amd64/libnio.so
7f99466ec000-7f99468ec000 ---p 00010000 08:07 663688                     /home/elixandre/jdk1.7.0_80/jre/lib/amd64/libnio.so
7f99468ec000-7f99468ed000 rw-p 00010000 08:07 663688                     /home/elixandre/jdk1.7.0_80/jre/lib/amd64/libnio.so
7f99468ed000-7f9946fd0000 r--p 00000000 08:07 1055607                    /usr/lib/locale/locale-archive
7f9946fd0000-7f9949000000 rw-p 00000000 00:00 0 
7f9949000000-7f9949270000 rwxp 00000000 00:00 0 
7f9949270000-7f994c42f000 rw-p 00000000 00:00 0 
7f994c42f000-7f9950000000 ---p 00000000 00:00 0 
7f9950032000-7f9950033000 ---p 00000000 00:00 0 
7f9950033000-7f9950133000 rw-p 00000000 00:00 0 
7f9950133000-7f9950136000 ---p 00000000 00:00 0 
7f9950136000-7f9950234000 rw-p 00000000 00:00 0 
7f9950234000-7f9950237000 ---p 00000000 00:00 0 
7f9950237000-7f9950335000 rw-p 00000000 00:00 0 
7f9950335000-7f9950338000 ---p 00000000 00:00 0 
7f9950338000-7f9950436000 rw-p 00000000 00:00 0 
7f9950436000-7f9950439000 ---p 00000000 00:00 0 
7f9950439000-7f9950537000 rw-p 00000000 00:00 0 
7f9950537000-7f995053a000 ---p 00000000 00:00 0 
7f995053a000-7f9950638000 rw-p 00000000 00:00 0 
7f9950638000-7f995063b000 ---p 00000000 00:00 0 
7f995063b000-7f9950739000 rw-p 00000000 00:00 0 
7f9950739000-7f995073a000 ---p 00000000 00:00 0 
7f995073a000-7f9951839000 rw-p 00000000 00:00 0 
7f9951839000-7f99519f9000 r--s 039fb000 08:07 663892                     /home/elixandre/jdk1.7.0_80/jre/lib/rt.jar
7f99519f9000-7f9951cf5000 rw-p 00000000 00:00 0 
7f9951cf5000-7f9951cf6000 ---p 00000000 00:00 0 
7f9951cf6000-7f9951df6000 rw-p 00000000 00:00 0 
7f9951df6000-7f9951df7000 ---p 00000000 00:00 0 
7f9951df7000-7f9951ef7000 rw-p 00000000 00:00 0 
7f9951ef7000-7f9951ef8000 ---p 00000000 00:00 0 
7f9951ef8000-7f9951ff8000 rw-p 00000000 00:00 0 
7f9951ff8000-7f9951ff9000 ---p 00000000 00:00 0 
7f9951ff9000-7f9952104000 rw-p 00000000 00:00 0 
7f9952104000-7f9952122000 rw-p 00000000 00:00 0 
7f9952122000-7f9952136000 rw-p 00000000 00:00 0 
7f9952136000-7f995225e000 rw-p 00000000 00:00 0 
7f995225e000-7f9952269000 rw-p 00000000 00:00 0 
7f9952269000-7f9952287000 rw-p 00000000 00:00 0 
7f9952287000-7f995229b000 rw-p 00000000 00:00 0 
7f995229b000-7f99523c3000 rw-p 00000000 00:00 0 
7f99523c3000-7f99523cd000 rw-p 00000000 00:00 0 
7f99523cd000-7f9952461000 rw-p 00000000 00:00 0 
7f9952461000-7f9952462000 rw-p 00000000 00:00 0 
7f9952462000-7f9952479000 r-xp 00000000 08:07 663687                     /home/elixandre/jdk1.7.0_80/jre/lib/amd64/libzip.so
7f9952479000-7f9952679000 ---p 00017000 08:07 663687                     /home/elixandre/jdk1.7.0_80/jre/lib/amd64/libzip.so
7f9952679000-7f995267a000 rw-p 00017000 08:07 663687                     /home/elixandre/jdk1.7.0_80/jre/lib/amd64/libzip.so
7f995267a000-7f9952684000 r-xp 00000000 08:07 529521                     /lib/x86_64-linux-gnu/libnss_files-2.21.so
7f9952684000-7f9952884000 ---p 0000a000 08:07 529521                     /lib/x86_64-linux-gnu/libnss_files-2.21.so
7f9952884000-7f9952885000 r--p 0000a000 08:07 529521                     /lib/x86_64-linux-gnu/libnss_files-2.21.so
7f9952885000-7f9952886000 rw-p 0000b000 08:07 529521                     /lib/x86_64-linux-gnu/libnss_files-2.21.so
7f9952886000-7f9952891000 r-xp 00000000 08:07 529535                     /lib/x86_64-linux-gnu/libnss_nis-2.21.so
7f9952891000-7f9952a90000 ---p 0000b000 08:07 529535                     /lib/x86_64-linux-gnu/libnss_nis-2.21.so
7f9952a90000-7f9952a91000 r--p 0000a000 08:07 529535                     /lib/x86_64-linux-gnu/libnss_nis-2.21.so
7f9952a91000-7f9952a92000 rw-p 0000b000 08:07 529535                     /lib/x86_64-linux-gnu/libnss_nis-2.21.so
7f9952a92000-7f9952aa9000 r-xp 00000000 08:07 529538                     /lib/x86_64-linux-gnu/libnsl-2.21.so
7f9952aa9000-7f9952ca8000 ---p 00017000 08:07 529538                     /lib/x86_64-linux-gnu/libnsl-2.21.so
7f9952ca8000-7f9952ca9000 r--p 00016000 08:07 529538                     /lib/x86_64-linux-gnu/libnsl-2.21.so
7f9952ca9000-7f9952caa000 rw-p 00017000 08:07 529538                     /lib/x86_64-linux-gnu/libnsl-2.21.so
7f9952caa000-7f9952cac000 rw-p 00000000 00:00 0 
7f9952cac000-7f9952cb4000 r-xp 00000000 08:07 529523                     /lib/x86_64-linux-gnu/libnss_compat-2.21.so
7f9952cb4000-7f9952eb3000 ---p 00008000 08:07 529523                     /lib/x86_64-linux-gnu/libnss_compat-2.21.so
7f9952eb3000-7f9952eb4000 r--p 00007000 08:07 529523                     /lib/x86_64-linux-gnu/libnss_compat-2.21.so
7f9952eb4000-7f9952eb5000 rw-p 00008000 08:07 529523                     /lib/x86_64-linux-gnu/libnss_compat-2.21.so
7f9952eb5000-7f9952ede000 r-xp 00000000 08:07 663623                     /home/elixandre/jdk1.7.0_80/jre/lib/amd64/libjava.so
7f9952ede000-7f99530de000 ---p 00029000 08:07 663623                     /home/elixandre/jdk1.7.0_80/jre/lib/amd64/libjava.so
7f99530de000-7f99530e0000 rw-p 00029000 08:07 663623                     /home/elixandre/jdk1.7.0_80/jre/lib/amd64/libjava.so
7f99530e0000-7f99530ed000 r-xp 00000000 08:07 663501                     /home/elixandre/jdk1.7.0_80/jre/lib/amd64/libverify.so
7f99530ed000-7f99532ec000 ---p 0000d000 08:07 663501                     /home/elixandre/jdk1.7.0_80/jre/lib/amd64/libverify.so
7f99532ec000-7f99532ee000 rw-p 0000c000 08:07 663501                     /home/elixandre/jdk1.7.0_80/jre/lib/amd64/libverify.so
7f99532ee000-7f99532f5000 r-xp 00000000 08:07 529522                     /lib/x86_64-linux-gnu/librt-2.21.so
7f99532f5000-7f99534f4000 ---p 00007000 08:07 529522                     /lib/x86_64-linux-gnu/librt-2.21.so
7f99534f4000-7f99534f5000 r--p 00006000 08:07 529522                     /lib/x86_64-linux-gnu/librt-2.21.so
7f99534f5000-7f99534f6000 rw-p 00007000 08:07 529522                     /lib/x86_64-linux-gnu/librt-2.21.so
7f99534f6000-7f99535fd000 r-xp 00000000 08:07 529524                     /lib/x86_64-linux-gnu/libm-2.21.so
7f99535fd000-7f99537fc000 ---p 00107000 08:07 529524                     /lib/x86_64-linux-gnu/libm-2.21.so
7f99537fc000-7f99537fd000 r--p 00106000 08:07 529524                     /lib/x86_64-linux-gnu/libm-2.21.so
7f99537fd000-7f99537fe000 rw-p 00107000 08:07 529524                     /lib/x86_64-linux-gnu/libm-2.21.so
7f99537fe000-7f9954374000 r-xp 00000000 08:07 663273                     /home/elixandre/jdk1.7.0_80/jre/lib/amd64/server/libjvm.so
7f9954374000-7f9954573000 ---p 00b76000 08:07 663273                     /home/elixandre/jdk1.7.0_80/jre/lib/amd64/server/libjvm.so
7f9954573000-7f9954637000 rw-p 00b75000 08:07 663273                     /home/elixandre/jdk1.7.0_80/jre/lib/amd64/server/libjvm.so
7f9954637000-7f9954678000 rw-p 00000000 00:00 0 
7f9954678000-7f9954838000 r-xp 00000000 08:07 529541                     /lib/x86_64-linux-gnu/libc-2.21.so
7f9954838000-7f9954a38000 ---p 001c0000 08:07 529541                     /lib/x86_64-linux-gnu/libc-2.21.so
7f9954a38000-7f9954a3c000 r--p 001c0000 08:07 529541                     /lib/x86_64-linux-gnu/libc-2.21.so
7f9954a3c000-7f9954a3e000 rw-p 001c4000 08:07 529541                     /lib/x86_64-linux-gnu/libc-2.21.so
7f9954a3e000-7f9954a42000 rw-p 00000000 00:00 0 
7f9954a42000-7f9954a45000 r-xp 00000000 08:07 529528                     /lib/x86_64-linux-gnu/libdl-2.21.so
7f9954a45000-7f9954c44000 ---p 00003000 08:07 529528                     /lib/x86_64-linux-gnu/libdl-2.21.so
7f9954c44000-7f9954c45000 r--p 00002000 08:07 529528                     /lib/x86_64-linux-gnu/libdl-2.21.so
7f9954c45000-7f9954c46000 rw-p 00003000 08:07 529528                     /lib/x86_64-linux-gnu/libdl-2.21.so
7f9954c46000-7f9954c5b000 r-xp 00000000 08:07 663695                     /home/elixandre/jdk1.7.0_80/lib/amd64/jli/libjli.so
7f9954c5b000-7f9954e5a000 ---p 00015000 08:07 663695                     /home/elixandre/jdk1.7.0_80/lib/amd64/jli/libjli.so
7f9954e5a000-7f9954e5b000 rw-p 00014000 08:07 663695                     /home/elixandre/jdk1.7.0_80/lib/amd64/jli/libjli.so
7f9954e5b000-7f9954e73000 r-xp 00000000 08:07 529525                     /lib/x86_64-linux-gnu/libpthread-2.21.so
7f9954e73000-7f9955073000 ---p 00018000 08:07 529525                     /lib/x86_64-linux-gnu/libpthread-2.21.so
7f9955073000-7f9955074000 r--p 00018000 08:07 529525                     /lib/x86_64-linux-gnu/libpthread-2.21.so
7f9955074000-7f9955075000 rw-p 00019000 08:07 529525                     /lib/x86_64-linux-gnu/libpthread-2.21.so
7f9955075000-7f9955079000 rw-p 00000000 00:00 0 
7f9955079000-7f995509d000 r-xp 00000000 08:07 529539                     /lib/x86_64-linux-gnu/ld-2.21.so
7f99550a7000-7f99550c6000 rw-p 00000000 00:00 0 
7f99550c6000-7f995517c000 rw-p 00000000 00:00 0 
7f995517c000-7f995517f000 ---p 00000000 00:00 0 
7f995517f000-7f9955281000 rw-p 00000000 00:00 0 
7f9955289000-7f995528d000 r--s 0008b000 08:07 663627                     /home/elixandre/jdk1.7.0_80/jre/lib/jsse.jar
7f995528d000-7f9955290000 r--s 00f76000 08:07 542783                     /home/elixandre/Downloads/simgrid.jar
7f9955290000-7f9955298000 rw-s 00000000 08:07 544733                     /tmp/hsperfdata_elixandre/5667 (deleted)
7f9955298000-7f9955299000 rw-p 00000000 00:00 0 
7f9955299000-7f995529a000 ---p 00000000 00:00 0 
7f995529a000-7f995529c000 rw-p 00000000 00:00 0 
7f995529c000-7f995529d000 r--p 00023000 08:07 529539                     /lib/x86_64-linux-gnu/ld-2.21.so
7f995529d000-7f995529e000 rw-p 00024000 08:07 529539                     /lib/x86_64-linux-gnu/ld-2.21.so
7f995529e000-7f995529f000 rw-p 00000000 00:00 0 
7fffa7b4a000-7fffa7b6b000 rw-p 00000000 00:00 0                          [stack]
7fffa7b7c000-7fffa7b7e000 r--p 00000000 00:00 0                          [vvar]
7fffa7b7e000-7fffa7b80000 r-xp 00000000 00:00 0                          [vdso]
ffffffffff600000-ffffffffff601000 r-xp 00000000 00:00 0                  [vsyscall]

VM Arguments:
jvm_args: -Dfile.encoding=UTF-8 
java_command: vcube.VCube platform.xml deployment.xml
Launcher Type: SUN_STANDARD

Environment Variables:
PATH=/usr/local/sbin:/usr/local/bin:/usr/sbin:/usr/bin:/sbin:/bin:/usr/games:/usr/local/games:/home/elixandre/.rvm/bin
LD_LIBRARY_PATH=/home/elixandre/jdk1.7.0_80/jre/lib/amd64:/home/elixandre/jdk1.7.0_80/jre/lib/i386:
SHELL=/bin/bash
DISPLAY=:0

Signal Handlers:
SIGSEGV: [libjvm.so+0x9a3b20], sa_mask[0]=0x7ffbfeff, sa_flags=0x10000004
SIGBUS: [libjvm.so+0x9a3b20], sa_mask[0]=0x7ffbfeff, sa_flags=0x10000004
SIGFPE: [libjvm.so+0x81e740], sa_mask[0]=0x7ffbfeff, sa_flags=0x10000004
SIGPIPE: [libjvm.so+0x81e740], sa_mask[0]=0x7ffbfeff, sa_flags=0x10000004
SIGXFSZ: [libjvm.so+0x81e740], sa_mask[0]=0x7ffbfeff, sa_flags=0x10000004
SIGILL: [libjvm.so+0x81e740], sa_mask[0]=0x7ffbfeff, sa_flags=0x10000004
SIGUSR1: SIG_DFL, sa_mask[0]=0x00000000, sa_flags=0x00000000
SIGUSR2: [libjvm.so+0x81ffb0], sa_mask[0]=0x00000004, sa_flags=0x10000004
SIGHUP: [libjvm.so+0x8210d0], sa_mask[0]=0x7ffbfeff, sa_flags=0x10000004
SIGINT: [libsimgrid.so+0x8ff50], sa_mask[0]=0x00000002, sa_flags=0x10000000
SIGTERM: [libjvm.so+0x8210d0], sa_mask[0]=0x7ffbfeff, sa_flags=0x10000004
SIGQUIT: [libjvm.so+0x8210d0], sa_mask[0]=0x7ffbfeff, sa_flags=0x10000004


---------------  S Y S T E M  ---------------

OS:jessie/sid

uname:Linux 4.2.0-42-generic #49-Ubuntu SMP Tue Jun 28 21:26:26 UTC 2016 x86_64
libc:glibc 2.21 NPTL 2.21 
rlimit: STACK 8192k, CORE 0k, NPROC 15009, NOFILE 65536, AS infinity
load average:0.64 0.60 0.53

/proc/meminfo:
MemTotal:        3879128 kB
MemFree:         1084776 kB
MemAvailable:    1992328 kB
Buffers:           77564 kB
Cached:          1103864 kB
SwapCached:         2696 kB
Active:          1436676 kB
Inactive:        1118540 kB
Active(anon):     878440 kB
Inactive(anon):   655940 kB
Active(file):     558236 kB
Inactive(file):   462600 kB
Unevictable:          32 kB
Mlocked:              32 kB
SwapTotal:        975868 kB
SwapFree:         947504 kB
Dirty:             24356 kB
Writeback:             0 kB
AnonPages:       1371668 kB
Mapped:           289080 kB
Shmem:            160564 kB
Slab:             144856 kB
SReclaimable:     111300 kB
SUnreclaim:        33556 kB
KernelStack:        9024 kB
PageTables:        33920 kB
NFS_Unstable:          0 kB
Bounce:                0 kB
WritebackTmp:          0 kB
CommitLimit:     2915432 kB
Committed_AS:    5084848 kB
VmallocTotal:   34359738367 kB
VmallocUsed:      347648 kB
VmallocChunk:   34358947836 kB
HardwareCorrupted:     0 kB
AnonHugePages:    942080 kB
CmaTotal:              0 kB
CmaFree:               0 kB
HugePages_Total:       0
HugePages_Free:        0
HugePages_Rsvd:        0
HugePages_Surp:        0
Hugepagesize:       2048 kB
DirectMap4k:      131832 kB
DirectMap2M:     3895296 kB


CPU:total 4 (2 cores per cpu, 2 threads per core) family 6 model 58 stepping 9, cmov, cx8, fxsr, mmx, sse, sse2, sse3, ssse3, sse4.1, sse4.2, popcnt, avx, erms, ht, tsc, tscinvbit, tscinv

/proc/cpuinfo:
processor	: 0
vendor_id	: GenuineIntel
cpu family	: 6
model		: 58
model name	: Intel(R) Core(TM) i7-3517U CPU @ 1.90GHz
stepping	: 9
microcode	: 0x12
cpu MHz		: 1136.156
cache size	: 4096 KB
physical id	: 0
siblings	: 4
core id		: 0
cpu cores	: 2
apicid		: 0
initial apicid	: 0
fpu		: yes
fpu_exception	: yes
cpuid level	: 13
wp		: yes
flags		: fpu vme de pse tsc msr pae mce cx8 apic sep mtrr pge mca cmov pat pse36 clflush dts acpi mmx fxsr sse sse2 ss ht tm pbe syscall nx rdtscp lm constant_tsc arch_perfmon pebs bts rep_good nopl xtopology nonstop_tsc aperfmperf eagerfpu pni pclmulqdq dtes64 monitor ds_cpl vmx est tm2 ssse3 cx16 xtpr pdcm pcid sse4_1 sse4_2 x2apic popcnt tsc_deadline_timer xsave avx f16c rdrand lahf_lm ida arat epb pln pts dtherm tpr_shadow vnmi flexpriority ept vpid fsgsbase smep erms xsaveopt
bugs		:
bogomips	: 4789.11
clflush size	: 64
cache_alignment	: 64
address sizes	: 36 bits physical, 48 bits virtual
power management:

processor	: 1
vendor_id	: GenuineIntel
cpu family	: 6
model		: 58
model name	: Intel(R) Core(TM) i7-3517U CPU @ 1.90GHz
stepping	: 9
microcode	: 0x12
cpu MHz		: 1149.187
cache size	: 4096 KB
physical id	: 0
siblings	: 4
core id		: 0
cpu cores	: 2
apicid		: 1
initial apicid	: 1
fpu		: yes
fpu_exception	: yes
cpuid level	: 13
wp		: yes
flags		: fpu vme de pse tsc msr pae mce cx8 apic sep mtrr pge mca cmov pat pse36 clflush dts acpi mmx fxsr sse sse2 ss ht tm pbe syscall nx rdtscp lm constant_tsc arch_perfmon pebs bts rep_good nopl xtopology nonstop_tsc aperfmperf eagerfpu pni pclmulqdq dtes64 monitor ds_cpl vmx est tm2 ssse3 cx16 xtpr pdcm pcid sse4_1 sse4_2 x2apic popcnt tsc_deadline_timer xsave avx f16c rdrand lahf_lm ida arat epb pln pts dtherm tpr_shadow vnmi flexpriority ept vpid fsgsbase smep erms xsaveopt
bugs		:
bogomips	: 4789.11
clflush size	: 64
cache_alignment	: 64
address sizes	: 36 bits physical, 48 bits virtual
power management:

processor	: 2
vendor_id	: GenuineIntel
cpu family	: 6
model		: 58
model name	: Intel(R) Core(TM) i7-3517U CPU @ 1.90GHz
stepping	: 9
microcode	: 0x12
cpu MHz		: 1135.312
cache size	: 4096 KB
physical id	: 0
siblings	: 4
core id		: 1
cpu cores	: 2
apicid		: 2
initial apicid	: 2
fpu		: yes
fpu_exception	: yes
cpuid level	: 13
wp		: yes
flags		: fpu vme de pse tsc msr pae mce cx8 apic sep mtrr pge mca cmov pat pse36 clflush dts acpi mmx fxsr sse sse2 ss ht tm pbe syscall nx rdtscp lm constant_tsc arch_perfmon pebs bts rep_good nopl xtopology nonstop_tsc aperfmperf eagerfpu pni pclmulqdq dtes64 monitor ds_cpl vmx est tm2 ssse3 cx16 xtpr pdcm pcid sse4_1 sse4_2 x2apic popcnt tsc_deadline_timer xsave avx f16c rdrand lahf_lm ida arat epb pln pts dtherm tpr_shadow vnmi flexpriority ept vpid fsgsbase smep erms xsaveopt
bugs		:
bogomips	: 4789.11
clflush size	: 64
cache_alignment	: 64
address sizes	: 36 bits physical, 48 bits virtual
power management:

processor	: 3
vendor_id	: GenuineIntel
cpu family	: 6
model		: 58
model name	: Intel(R) Core(TM) i7-3517U CPU @ 1.90GHz
stepping	: 9
microcode	: 0x12
cpu MHz		: 998.812
cache size	: 4096 KB
physical id	: 0
siblings	: 4
core id		: 1
cpu cores	: 2
apicid		: 3
initial apicid	: 3
fpu		: yes
fpu_exception	: yes
cpuid level	: 13
wp		: yes
flags		: fpu vme de pse tsc msr pae mce cx8 apic sep mtrr pge mca cmov pat pse36 clflush dts acpi mmx fxsr sse sse2 ss ht tm pbe syscall nx rdtscp lm constant_tsc arch_perfmon pebs bts rep_good nopl xtopology nonstop_tsc aperfmperf eagerfpu pni pclmulqdq dtes64 monitor ds_cpl vmx est tm2 ssse3 cx16 xtpr pdcm pcid sse4_1 sse4_2 x2apic popcnt tsc_deadline_timer xsave avx f16c rdrand lahf_lm ida arat epb pln pts dtherm tpr_shadow vnmi flexpriority ept vpid fsgsbase smep erms xsaveopt
bugs		:
bogomips	: 4789.11
clflush size	: 64
cache_alignment	: 64
address sizes	: 36 bits physical, 48 bits virtual
power management:



Memory: 4k page, physical 3879128k(1084776k free), swap 975868k(947504k free)

vm_info: Java HotSpot(TM) 64-Bit Server VM (24.80-b11) for linux-amd64 JRE (1.7.0_80-b15), built on Apr 10 2015 19:53:14 by "java_re" with gcc 4.3.0 20080428 (Red Hat 4.3.0-8)

time: Sat Apr 29 13:20:37 2017
elapsed time: 1 seconds

