#
# A fatal error has been detected by the Java Runtime Environment:
#
#  SIGSEGV (0xb) at pc=0x00007f77a6a78263, pid=5534, tid=140151968171776
#
# JRE version: Java(TM) SE Runtime Environment (7.0_80-b15) (build 1.7.0_80-b15)
# Java VM: Java HotSpot(TM) 64-Bit Server VM (24.80-b11 mixed mode linux-amd64 compressed oops)
# Problematic frame:
# C  [libsimgrid.so+0x190263]  xbt_dynar_member+0x23
#
# Failed to write core dump. Core dumps have been disabled. To enable core dumping, try "ulimit -c unlimited" before starting Java again
#
# If you would like to submit a bug report, please visit:
#   http://bugreport.java.com/bugreport/crash.jsp
#

---------------  T H R E A D  ---------------

Current thread (0x00007f77b406a000):  VMThread [stack: 0x00007f77ac370000,0x00007f77ac471000] [id=5543]

siginfo:si_signo=SIGSEGV: si_errno=0, si_code=1 (SEGV_MAPERR), si_addr=0x0000000000000000

Registers:
RAX=0x0000000000000000, RBX=0x00007f77a6de4700, RCX=0x00007f77a6def790, RDX=0x00007f77ac470a30
RSP=0x00007f77ac46f810, RBP=0x00007f77b4134b10, RSI=0x00007f77ac46f9b8, RDI=0x00007f77ac46f8d0
R8 =0x00007f77b412bb20, R9 =0x0000000000000001, R10=0x0000000000000c58, R11=0x00007f77a6a78240
R12=0x00007f77a6def790, R13=0x00007f77b4114b80, R14=0x00000000000003d8, R15=0x00007f77b4027e58
RIP=0x00007f77a6a78263, EFLAGS=0x0000000000010202, CSGSFS=0x0000000000000033, ERR=0x0000000000000004
  TRAPNO=0x000000000000000e

Top of Stack: (sp=0x00007f77ac46f810)
0x00007f77ac46f810:   00007f77b4113520 00007f77ac46f830
0x00007f77ac46f820:   00007f77b412bbc0 00007f77ac46f9b8
0x00007f77ac46f830:   00000000ffffffff 0000000000000008
0x00007f77ac46f840:   00007f77a6901628 00007f77b4113520
0x00007f77ac46f850:   00007f77b40037f7 00007f77b4113880
0x00007f77ac46f860:   00007f77ac46f9b0 0000000000000001
0x00007f77ac46f870:   00007f77b4252d40 00007f77b413c270
0x00007f77ac46f880:   00007f77a6de4100 00007f77a69e2b40
0x00007f77ac46f890:   0000000000000000 00007f77b551d990
0x00007f77ac46f8a0:   00007f77a6a83ca0 00007f77a6db3de8
0x00007f77ac46f8b0:   00007f77a6def790 00007f77b4114b80
0x00007f77ac46f8c0:   00000000000003d8 00007f77b4027e58
0x00007f77ac46f8d0:   0000000000000000 00007f77b9cf59ad
0x00007f77ac46f8e0:   0000000000000005 0000000000000000
0x00007f77ac46f8f0:   00007f77b4114b80 00007f77a6901628
0x00007f77ac46f900:   00007f77a6de4700 00007f77b4134b10
0x00007f77ac46f910:   00007f77a6def790 00007f77b9cfcf30
0x00007f77ac46f920:   00007f77b55a56e0 00007f77a6daf400
0x00007f77ac46f930:   00007f77b4265fb0 00007f77a6a951a7
0x00007f77ac46f940:   00007f77b42644d0 00007f77b42644d0
0x00007f77ac46f950:   00007f77b42646d0 00007f77b4135218
0x00007f77ac46f960:   00007f77b416ede0 00007f77a6def790
0x00007f77ac46f970:   00007f77b412bb20 00007f77ac46f9b8
0x00007f77ac46f980:   00007f77b412bbc0 00007f77b412bb20
0x00007f77ac46f990:   0000000000000001 00007f77b4113520
0x00007f77ac46f9a0:   00007f77a6de4700 00007f77a6a9534f
0x00007f77ac46f9b0:   0000000000000000 00007f77b4265fb0
0x00007f77ac46f9c0:   0000000000000005 0000000000000000
0x00007f77ac46f9d0:   00007f77b4027e58 00007f77a6de7a98
0x00007f77ac46f9e0:   00007f77b412dd80 0000000000000001
0x00007f77ac46f9f0:   00007f77b4114b80 00007f77a6a76d37
0x00007f77ac46fa00:   00007f77b4114b80 00007f77a6de7098 

Instructions: (pc=0x00007f77a6a78263)
0x00007f77a6a78243:   ec 90 01 00 00 48 8b 05 01 a2 33 00 48 89 7c 24
0x00007f77a6a78253:   10 48 89 74 24 18 ff 10 48 8d bc 24 c0 00 00 00
0x00007f77a6a78263:   48 8b 08 48 89 04 24 48 89 38 48 89 4c 24 08 e8
0x00007f77a6a78273:   79 31 ed ff 85 c0 74 75 48 8b 14 24 c7 42 08 01 

Register to memory mapping:

RAX=0x0000000000000000 is an unknown value
RBX=0x00007f77a6de4700: _simgrid_log_category__simix_process+0 in /tmp/simgrid-java3136186330330379963/libsimgrid.so at 0x00007f77a68e8000
RCX=0x00007f77a6def790: simix_global+0 in /tmp/simgrid-java3136186330330379963/libsimgrid.so at 0x00007f77a68e8000
RDX=0x00007f77ac470a30 is an unknown value
RSP=0x00007f77ac46f810 is an unknown value
RBP=0x00007f77b4134b10 is an unknown value
RSI=0x00007f77ac46f9b8 is an unknown value
RDI=0x00007f77ac46f8d0 is an unknown value
R8 =0x00007f77b412bb20 is an unknown value
R9 =0x0000000000000001 is an unknown value
R10=0x0000000000000c58 is an unknown value
R11=0x00007f77a6a78240: xbt_dynar_member+0 in /tmp/simgrid-java3136186330330379963/libsimgrid.so at 0x00007f77a68e8000
R12=0x00007f77a6def790: simix_global+0 in /tmp/simgrid-java3136186330330379963/libsimgrid.so at 0x00007f77a68e8000
R13=0x00007f77b4114b80 is an unknown value
R14=0x00000000000003d8 is an unknown value
R15=0x00007f77b4027e58 is an unknown value


Stack: [0x00007f77ac370000,0x00007f77ac471000],  sp=0x00007f77ac46f810,  free space=1022k
Native frames: (J=compiled Java code, j=interpreted, Vv=VM code, C=native code)
C  [libsimgrid.so+0x190263]  xbt_dynar_member+0x23

VM_Operation (0x00007f77a51326b0): Exit, mode: safepoint, requested by thread 0x00007f7780001000


---------------  P R O C E S S  ---------------

Java Threads: ( => current thread )
  0x00007f7780001000 JavaThread "SIGTERM handler" daemon [_thread_blocked, id=5577, stack(0x00007f77a5033000,0x00007f77a5134000)]
  0x00007f776c001000 JavaThread "Thread-15" [_thread_in_native, id=5565, stack(0x00007f77a5134000,0x00007f77a5935000)]
  0x00007f7760001000 JavaThread "Thread-14" [_thread_in_native, id=5564, stack(0x00007f77a5935000,0x00007f77a6136000)]
  0x00007f7764001000 JavaThread "Thread-13" [_thread_blocked, id=5563, stack(0x00007f779f7ff000,0x00007f77a0000000)]
  0x00007f775c001000 JavaThread "Thread-12" [_thread_in_native, id=5562, stack(0x00007f779effe000,0x00007f779f7ff000)]
  0x00007f7758001000 JavaThread "Thread-11" [_thread_in_native, id=5561, stack(0x00007f779e7fd000,0x00007f779effe000)]
  0x00007f7750001000 JavaThread "Thread-10" [_thread_in_native, id=5560, stack(0x00007f779dffc000,0x00007f779e7fd000)]
  0x00007f7754001000 JavaThread "Thread-8" [_thread_in_native, id=5559, stack(0x00007f779d7fb000,0x00007f779dffc000)]
  0x00007f77b4099000 JavaThread "Service Thread" daemon [_thread_blocked, id=5549, stack(0x00007f77a761a000,0x00007f77a771b000)]
  0x00007f77b4096800 JavaThread "C2 CompilerThread1" daemon [_thread_blocked, id=5548, stack(0x00007f77a771b000,0x00007f77a781c000)]
  0x00007f77b4093800 JavaThread "C2 CompilerThread0" daemon [_thread_blocked, id=5547, stack(0x00007f77a781c000,0x00007f77a791d000)]
  0x00007f77b4091800 JavaThread "Signal Dispatcher" daemon [_thread_blocked, id=5546, stack(0x00007f77ac06d000,0x00007f77ac16e000)]
  0x00007f77b4070800 JavaThread "Finalizer" daemon [_thread_blocked, id=5545, stack(0x00007f77ac16e000,0x00007f77ac26f000)]
  0x00007f77b406e000 JavaThread "Reference Handler" daemon [_thread_blocked, id=5544, stack(0x00007f77ac26f000,0x00007f77ac370000)]
  0x00007f77b4009800 JavaThread "main" [_thread_in_native, id=5538, stack(0x00007f77b9de9000,0x00007f77b9eea000)]

Other Threads:
=>0x00007f77b406a000 VMThread [stack: 0x00007f77ac370000,0x00007f77ac471000] [id=5543]

VM state:at safepoint (shutting down)

VM Mutex/Monitor currently owned by a thread:  ([mutex/lock_event])
[0x00007f77b40061b0] Threads_lock - owner thread: 0x00007f77b406a000

Heap
 PSYoungGen      total 17920K, used 10666K [0x00000000ec400000, 0x00000000ed800000, 0x0000000100000000)
  eden space 15360K, 52% used [0x00000000ec400000,0x00000000ecbea890,0x00000000ed300000)
  from space 2560K, 100% used [0x00000000ed580000,0x00000000ed800000,0x00000000ed800000)
  to   space 2560K, 0% used [0x00000000ed300000,0x00000000ed300000,0x00000000ed580000)
 ParOldGen       total 40448K, used 7988K [0x00000000c4c00000, 0x00000000c7380000, 0x00000000ec400000)
  object space 40448K, 19% used [0x00000000c4c00000,0x00000000c53cd3c0,0x00000000c7380000)
 PSPermGen       total 21504K, used 3554K [0x00000000bfa00000, 0x00000000c0f00000, 0x00000000c4c00000)
  object space 21504K, 16% used [0x00000000bfa00000,0x00000000bfd788f8,0x00000000c0f00000)

Card table byte_map: [0x00007f77afd68000,0x00007f77aff6c000] byte_map_base: 0x00007f77af76b000

Polling page: 0x00007f77b9f06000

Code Cache  [0x00007f77aff6c000, 0x00007f77b01dc000, 0x00007f77b2f6c000)
 total_blobs=229 nmethods=24 adapters=159 free_code_cache=48708Kb largest_free_block=49835328

Compilation events (10 events):
Event: 1.677 Thread 0x00007f77b4096800 nmethod 12 0x00007f77affcf190 code [0x00007f77affcf2e0, 0x00007f77affcf4c8]
Event: 1.677 Thread 0x00007f77b4093800 nmethod 20 0x00007f77affd7d50 code [0x00007f77affd7ea0, 0x00007f77affd8208]
Event: 1.677 Thread 0x00007f77b4093800   22             java.lang.Exception::<init> (5 bytes)
Event: 1.677 Thread 0x00007f77b4096800   21             org.simgrid.msg.MsgException::<init> (5 bytes)
Event: 1.679 Thread 0x00007f77b4093800 nmethod 22 0x00007f77affd5cd0 code [0x00007f77affd5e20, 0x00007f77affd6188]
Event: 1.679 Thread 0x00007f77b4093800   23             java.lang.Throwable::<init> (29 bytes)
Event: 1.681 Thread 0x00007f77b4096800 nmethod 21 0x00007f77affd41d0 code [0x00007f77affd4320, 0x00007f77affd4688]
Event: 1.681 Thread 0x00007f77b4093800 nmethod 23 0x00007f77affd7790 code [0x00007f77affd78e0, 0x00007f77affd7c48]
Event: 2.778 Thread 0x00007f77b4093800   24 % !         vcube.Node::main @ 3 (1503 bytes)
Event: 2.923 Thread 0x00007f77b4093800 nmethod 24% 0x00007f77affdf550 code [0x00007f77affdfb40, 0x00007f77affe3000]

GC Heap History (4 events):
Event: 6.577 GC heap before
{Heap before GC invocations=1 (full 0):
 PSYoungGen      total 17920K, used 15360K [0x00000000ec400000, 0x00000000ed800000, 0x0000000100000000)
  eden space 15360K, 100% used [0x00000000ec400000,0x00000000ed300000,0x00000000ed300000)
  from space 2560K, 0% used [0x00000000ed580000,0x00000000ed580000,0x00000000ed800000)
  to   space 2560K, 0% used [0x00000000ed300000,0x00000000ed300000,0x00000000ed580000)
 ParOldGen       total 40448K, used 0K [0x00000000c4c00000, 0x00000000c7380000, 0x00000000ec400000)
  object space 40448K, 0% used [0x00000000c4c00000,0x00000000c4c00000,0x00000000c7380000)
 PSPermGen       total 21504K, used 3546K [0x00000000bfa00000, 0x00000000c0f00000, 0x00000000c4c00000)
  object space 21504K, 16% used [0x00000000bfa00000,0x00000000bfd76a08,0x00000000c0f00000)
Event: 6.594 GC heap after
Heap after GC invocations=1 (full 0):
 PSYoungGen      total 17920K, used 2560K [0x00000000ec400000, 0x00000000ed800000, 0x0000000100000000)
  eden space 15360K, 0% used [0x00000000ec400000,0x00000000ec400000,0x00000000ed300000)
  from space 2560K, 100% used [0x00000000ed300000,0x00000000ed580000,0x00000000ed580000)
  to   space 2560K, 0% used [0x00000000ed580000,0x00000000ed580000,0x00000000ed800000)
 ParOldGen       total 40448K, used 2180K [0x00000000c4c00000, 0x00000000c7380000, 0x00000000ec400000)
  object space 40448K, 5% used [0x00000000c4c00000,0x00000000c4e213c0,0x00000000c7380000)
 PSPermGen       total 21504K, used 3546K [0x00000000bfa00000, 0x00000000c0f00000, 0x00000000c4c00000)
  object space 21504K, 16% used [0x00000000bfa00000,0x00000000bfd76a08,0x00000000c0f00000)
}
Event: 37.273 GC heap before
{Heap before GC invocations=2 (full 0):
 PSYoungGen      total 17920K, used 17920K [0x00000000ec400000, 0x00000000ed800000, 0x0000000100000000)
  eden space 15360K, 100% used [0x00000000ec400000,0x00000000ed300000,0x00000000ed300000)
  from space 2560K, 100% used [0x00000000ed300000,0x00000000ed580000,0x00000000ed580000)
  to   space 2560K, 0% used [0x00000000ed580000,0x00000000ed580000,0x00000000ed800000)
 ParOldGen       total 40448K, used 2180K [0x00000000c4c00000, 0x00000000c7380000, 0x00000000ec400000)
  object space 40448K, 5% used [0x00000000c4c00000,0x00000000c4e213c0,0x00000000c7380000)
 PSPermGen       total 21504K, used 3546K [0x00000000bfa00000, 0x00000000c0f00000, 0x00000000c4c00000)
  object space 21504K, 16% used [0x00000000bfa00000,0x00000000bfd76a08,0x00000000c0f00000)
Event: 37.290 GC heap after
Heap after GC invocations=2 (full 0):
 PSYoungGen      total 17920K, used 2560K [0x00000000ec400000, 0x00000000ed800000, 0x0000000100000000)
  eden space 15360K, 0% used [0x00000000ec400000,0x00000000ec400000,0x00000000ed300000)
  from space 2560K, 100% used [0x00000000ed580000,0x00000000ed800000,0x00000000ed800000)
  to   space 2560K, 0% used [0x00000000ed300000,0x00000000ed300000,0x00000000ed580000)
 ParOldGen       total 40448K, used 7988K [0x00000000c4c00000, 0x00000000c7380000, 0x00000000ec400000)
  object space 40448K, 19% used [0x00000000c4c00000,0x00000000c53cd3c0,0x00000000c7380000)
 PSPermGen       total 21504K, used 3546K [0x00000000bfa00000, 0x00000000c0f00000, 0x00000000c4c00000)
  object space 21504K, 16% used [0x00000000bfa00000,0x00000000bfd76a08,0x00000000c0f00000)
}

Deoptimization events (1 events):
Event: 6.595 Thread 0x00007f77b4070800 Uncommon trap: reason=unstable_if action=reinterpret pc=0x00007f77affd1070 method=java.lang.ref.Reference.<init>(Ljava/lang/Object;Ljava/lang/ref/ReferenceQueue;)V @ 11

Internal exceptions (10 events):
Event: 64.343 Thread 0x00007f775c001000 Threw 0x00000000ecb46ef8 at /HUDSON/workspace/7u-2-build-linux-amd64/jdk7u80/2329/hotspot/src/share/vm/prims/jni.cpp:743
Event: 64.345 Thread 0x00007f7754001000 Threw 0x00000000ecb66830 at /HUDSON/workspace/7u-2-build-linux-amd64/jdk7u80/2329/hotspot/src/share/vm/prims/jni.cpp:743
Event: 64.347 Thread 0x00007f7764001000 Threw 0x00000000ecaeb358 at /HUDSON/workspace/7u-2-build-linux-amd64/jdk7u80/2329/hotspot/src/share/vm/prims/jni.cpp:743
Event: 64.349 Thread 0x00007f7750001000 Threw 0x00000000ecac6c48 at /HUDSON/workspace/7u-2-build-linux-amd64/jdk7u80/2329/hotspot/src/share/vm/prims/jni.cpp:743
Event: 64.351 Thread 0x00007f7760001000 Threw 0x00000000ecb0a840 at /HUDSON/workspace/7u-2-build-linux-amd64/jdk7u80/2329/hotspot/src/share/vm/prims/jni.cpp:743
Event: 64.353 Thread 0x00007f7758001000 Threw 0x00000000ecae6a58 at /HUDSON/workspace/7u-2-build-linux-amd64/jdk7u80/2329/hotspot/src/share/vm/prims/jni.cpp:743
Event: 64.355 Thread 0x00007f776c001000 Threw 0x00000000ecb29d28 at /HUDSON/workspace/7u-2-build-linux-amd64/jdk7u80/2329/hotspot/src/share/vm/prims/jni.cpp:743
Event: 64.358 Thread 0x00007f775c001000 Threw 0x00000000ecb470d8 at /HUDSON/workspace/7u-2-build-linux-amd64/jdk7u80/2329/hotspot/src/share/vm/prims/jni.cpp:743
Event: 64.360 Thread 0x00007f7754001000 Threw 0x00000000ecb66a10 at /HUDSON/workspace/7u-2-build-linux-amd64/jdk7u80/2329/hotspot/src/share/vm/prims/jni.cpp:743
Event: 64.362 Thread 0x00007f7764001000 Threw 0x00000000ecaeb538 at /HUDSON/workspace/7u-2-build-linux-amd64/jdk7u80/2329/hotspot/src/share/vm/prims/jni.cpp:743

Events (10 events):
Event: 64.362 loading class 0x00007f77ad6cd0a0
Event: 64.362 loading class 0x00007f77ad6cd0a0 done
Event: 64.362 Thread 0x00007f7780001000 Thread added: 0x00007f7780001000
Event: 64.362 loading class 0x00007f77840713e0
Event: 64.362 loading class 0x00007f77840713a0
Event: 64.362 loading class 0x00007f77840713a0 done
Event: 64.362 loading class 0x00007f77840713e0 done
Event: 64.363 Thread 0x00007f7768002800 Thread added: 0x00007f7768002800
Event: 64.364 Thread 0x00007f7768002800 Thread exited: 0x00007f7768002800
Event: 64.364 Executing VM operation: Exit


Dynamic libraries:
00400000-00401000 r-xp 00000000 08:07 663942                             /home/elixandre/jdk1.7.0_80/bin/java
00600000-00601000 rw-p 00000000 08:07 663942                             /home/elixandre/jdk1.7.0_80/bin/java
01776000-01797000 rw-p 00000000 00:00 0                                  [heap]
bfa00000-c0f00000 rw-p 00000000 00:00 0 
c0f00000-c4c00000 rw-p 00000000 00:00 0 
c4c00000-c7380000 rw-p 00000000 00:00 0 
c7380000-ec400000 rw-p 00000000 00:00 0 
ec400000-ed800000 rw-p 00000000 00:00 0 
ed800000-100000000 rw-p 00000000 00:00 0 
7f7750000000-7f7750cc3000 rw-p 00000000 00:00 0 
7f7750cc3000-7f7754000000 ---p 00000000 00:00 0 
7f7754000000-7f7754cc9000 rw-p 00000000 00:00 0 
7f7754cc9000-7f7758000000 ---p 00000000 00:00 0 
7f7758000000-7f7758cc1000 rw-p 00000000 00:00 0 
7f7758cc1000-7f775c000000 ---p 00000000 00:00 0 
7f775c000000-7f775ccbe000 rw-p 00000000 00:00 0 
7f775ccbe000-7f7760000000 ---p 00000000 00:00 0 
7f7760000000-7f7760cb9000 rw-p 00000000 00:00 0 
7f7760cb9000-7f7764000000 ---p 00000000 00:00 0 
7f7764000000-7f7764cbc000 rw-p 00000000 00:00 0 
7f7764cbc000-7f7768000000 ---p 00000000 00:00 0 
7f7768000000-7f7768022000 rw-p 00000000 00:00 0 
7f7768022000-7f776c000000 ---p 00000000 00:00 0 
7f776c000000-7f776ccb9000 rw-p 00000000 00:00 0 
7f776ccb9000-7f7770000000 ---p 00000000 00:00 0 
7f7770000000-7f7770021000 rw-p 00000000 00:00 0 
7f7770021000-7f7774000000 ---p 00000000 00:00 0 
7f7774000000-7f7774022000 rw-p 00000000 00:00 0 
7f7774022000-7f7778000000 ---p 00000000 00:00 0 
7f7778000000-7f7778062000 rw-p 00000000 00:00 0 
7f7778062000-7f777c000000 ---p 00000000 00:00 0 
7f777c000000-7f777c021000 rw-p 00000000 00:00 0 
7f777c021000-7f7780000000 ---p 00000000 00:00 0 
7f7780000000-7f7780021000 rw-p 00000000 00:00 0 
7f7780021000-7f7784000000 ---p 00000000 00:00 0 
7f7784000000-7f7784754000 rw-p 00000000 00:00 0 
7f7784754000-7f7788000000 ---p 00000000 00:00 0 
7f7788000000-7f7788021000 rw-p 00000000 00:00 0 
7f7788021000-7f778c000000 ---p 00000000 00:00 0 
7f778c000000-7f778c021000 rw-p 00000000 00:00 0 
7f778c021000-7f7790000000 ---p 00000000 00:00 0 
7f7790000000-7f7790021000 rw-p 00000000 00:00 0 
7f7790021000-7f7794000000 ---p 00000000 00:00 0 
7f7794000000-7f7794021000 rw-p 00000000 00:00 0 
7f7794021000-7f7798000000 ---p 00000000 00:00 0 
7f7798000000-7f7798021000 rw-p 00000000 00:00 0 
7f7798021000-7f779c000000 ---p 00000000 00:00 0 
7f779d7fb000-7f779d7fe000 ---p 00000000 00:00 0 
7f779d7fe000-7f779dffc000 rw-p 00000000 00:00 0 
7f779dffc000-7f779dfff000 ---p 00000000 00:00 0 
7f779dfff000-7f779e7fd000 rw-p 00000000 00:00 0 
7f779e7fd000-7f779e800000 ---p 00000000 00:00 0 
7f779e800000-7f779effe000 rw-p 00000000 00:00 0 
7f779effe000-7f779f001000 ---p 00000000 00:00 0 
7f779f001000-7f779f7ff000 rw-p 00000000 00:00 0 
7f779f7ff000-7f779f802000 ---p 00000000 00:00 0 
7f779f802000-7f77a0000000 rw-p 00000000 00:00 0 
7f77a0000000-7f77a0021000 rw-p 00000000 00:00 0 
7f77a0021000-7f77a4000000 ---p 00000000 00:00 0 
7f77a4f32000-7f77a4f35000 ---p 00000000 00:00 0 
7f77a4f35000-7f77a5033000 rw-p 00000000 00:00 0 
7f77a5033000-7f77a5036000 ---p 00000000 00:00 0 
7f77a5036000-7f77a5134000 rw-p 00000000 00:00 0 
7f77a5134000-7f77a5137000 ---p 00000000 00:00 0 
7f77a5137000-7f77a5935000 rw-p 00000000 00:00 0 
7f77a5935000-7f77a5938000 ---p 00000000 00:00 0 
7f77a5938000-7f77a6136000 rw-p 00000000 00:00 0 
7f77a6136000-7f77a614e000 r-xp 00000000 08:07 794645                     /tmp/simgrid-java3136186330330379963/libsimgrid-java.so (deleted)
7f77a614e000-7f77a634e000 ---p 00018000 08:07 794645                     /tmp/simgrid-java3136186330330379963/libsimgrid-java.so (deleted)
7f77a634e000-7f77a634f000 rw-p 00018000 08:07 794645                     /tmp/simgrid-java3136186330330379963/libsimgrid-java.so (deleted)
7f77a634f000-7f77a6365000 r-xp 00000000 08:07 528568                     /lib/x86_64-linux-gnu/libgcc_s.so.1
7f77a6365000-7f77a6564000 ---p 00016000 08:07 528568                     /lib/x86_64-linux-gnu/libgcc_s.so.1
7f77a6564000-7f77a6565000 r--p 00015000 08:07 528568                     /lib/x86_64-linux-gnu/libgcc_s.so.1
7f77a6565000-7f77a6566000 rw-p 00016000 08:07 528568                     /lib/x86_64-linux-gnu/libgcc_s.so.1
7f77a6566000-7f77a66d9000 r-xp 00000000 08:07 1059329                    /usr/lib/x86_64-linux-gnu/libstdc++.so.6.0.21
7f77a66d9000-7f77a68d8000 ---p 00173000 08:07 1059329                    /usr/lib/x86_64-linux-gnu/libstdc++.so.6.0.21
7f77a68d8000-7f77a68e2000 r--p 00172000 08:07 1059329                    /usr/lib/x86_64-linux-gnu/libstdc++.so.6.0.21
7f77a68e2000-7f77a68e4000 rw-p 0017c000 08:07 1059329                    /usr/lib/x86_64-linux-gnu/libstdc++.so.6.0.21
7f77a68e4000-7f77a68e8000 rw-p 00000000 00:00 0 
7f77a68e8000-7f77a6bad000 r-xp 00000000 08:07 794592                     /tmp/simgrid-java3136186330330379963/libsimgrid.so (deleted)
7f77a6bad000-7f77a6dad000 ---p 002c5000 08:07 794592                     /tmp/simgrid-java3136186330330379963/libsimgrid.so (deleted)
7f77a6dad000-7f77a6de8000 rw-p 002c5000 08:07 794592                     /tmp/simgrid-java3136186330330379963/libsimgrid.so (deleted)
7f77a6de8000-7f77a70f1000 rw-p 00000000 00:00 0 
7f77a70f1000-7f77a7108000 r-xp 00000000 08:07 663689                     /home/elixandre/jdk1.7.0_80/jre/lib/amd64/libnet.so
7f77a7108000-7f77a7307000 ---p 00017000 08:07 663689                     /home/elixandre/jdk1.7.0_80/jre/lib/amd64/libnet.so
7f77a7307000-7f77a7308000 rw-p 00016000 08:07 663689                     /home/elixandre/jdk1.7.0_80/jre/lib/amd64/libnet.so
7f77a7308000-7f77a7318000 r-xp 00000000 08:07 663688                     /home/elixandre/jdk1.7.0_80/jre/lib/amd64/libnio.so
7f77a7318000-7f77a7518000 ---p 00010000 08:07 663688                     /home/elixandre/jdk1.7.0_80/jre/lib/amd64/libnio.so
7f77a7518000-7f77a7519000 rw-p 00010000 08:07 663688                     /home/elixandre/jdk1.7.0_80/jre/lib/amd64/libnio.so
7f77a7519000-7f77a751a000 ---p 00000000 00:00 0 
7f77a751a000-7f77a761a000 rw-p 00000000 00:00 0 
7f77a761a000-7f77a761d000 ---p 00000000 00:00 0 
7f77a761d000-7f77a771b000 rw-p 00000000 00:00 0 
7f77a771b000-7f77a771e000 ---p 00000000 00:00 0 
7f77a771e000-7f77a781c000 rw-p 00000000 00:00 0 
7f77a781c000-7f77a781f000 ---p 00000000 00:00 0 
7f77a781f000-7f77a791d000 rw-p 00000000 00:00 0 
7f77a791d000-7f77a8000000 r--p 00000000 08:07 1055607                    /usr/lib/locale/locale-archive
7f77a8000000-7f77a8021000 rw-p 00000000 00:00 0 
7f77a8021000-7f77ac000000 ---p 00000000 00:00 0 
7f77ac06d000-7f77ac070000 ---p 00000000 00:00 0 
7f77ac070000-7f77ac16e000 rw-p 00000000 00:00 0 
7f77ac16e000-7f77ac171000 ---p 00000000 00:00 0 
7f77ac171000-7f77ac26f000 rw-p 00000000 00:00 0 
7f77ac26f000-7f77ac272000 ---p 00000000 00:00 0 
7f77ac272000-7f77ac370000 rw-p 00000000 00:00 0 
7f77ac370000-7f77ac371000 ---p 00000000 00:00 0 
7f77ac371000-7f77ad44f000 rw-p 00000000 00:00 0 
7f77ad44f000-7f77ad60f000 r--s 039fb000 08:07 663892                     /home/elixandre/jdk1.7.0_80/jre/lib/rt.jar
7f77ad60f000-7f77af93b000 rw-p 00000000 00:00 0 
7f77af93b000-7f77af93c000 ---p 00000000 00:00 0 
7f77af93c000-7f77afa3c000 rw-p 00000000 00:00 0 
7f77afa3c000-7f77afa3d000 ---p 00000000 00:00 0 
7f77afa3d000-7f77afb3d000 rw-p 00000000 00:00 0 
7f77afb3d000-7f77afb3e000 ---p 00000000 00:00 0 
7f77afb3e000-7f77afc3e000 rw-p 00000000 00:00 0 
7f77afc3e000-7f77afc3f000 ---p 00000000 00:00 0 
7f77afc3f000-7f77afd4a000 rw-p 00000000 00:00 0 
7f77afd4a000-7f77afd68000 rw-p 00000000 00:00 0 
7f77afd68000-7f77afd73000 rw-p 00000000 00:00 0 
7f77afd73000-7f77afd91000 rw-p 00000000 00:00 0 
7f77afd91000-7f77afda5000 rw-p 00000000 00:00 0 
7f77afda5000-7f77afecd000 rw-p 00000000 00:00 0 
7f77afecd000-7f77afed7000 rw-p 00000000 00:00 0 
7f77afed7000-7f77aff6b000 rw-p 00000000 00:00 0 
7f77aff6b000-7f77aff6c000 rw-p 00000000 00:00 0 
7f77aff6c000-7f77b01dc000 rwxp 00000000 00:00 0 
7f77b01dc000-7f77b2f6c000 rw-p 00000000 00:00 0 
7f77b2f6c000-7f77b2f83000 r-xp 00000000 08:07 663687                     /home/elixandre/jdk1.7.0_80/jre/lib/amd64/libzip.so
7f77b2f83000-7f77b3183000 ---p 00017000 08:07 663687                     /home/elixandre/jdk1.7.0_80/jre/lib/amd64/libzip.so
7f77b3183000-7f77b3184000 rw-p 00017000 08:07 663687                     /home/elixandre/jdk1.7.0_80/jre/lib/amd64/libzip.so
7f77b3184000-7f77b318e000 r-xp 00000000 08:07 529521                     /lib/x86_64-linux-gnu/libnss_files-2.21.so
7f77b318e000-7f77b338e000 ---p 0000a000 08:07 529521                     /lib/x86_64-linux-gnu/libnss_files-2.21.so
7f77b338e000-7f77b338f000 r--p 0000a000 08:07 529521                     /lib/x86_64-linux-gnu/libnss_files-2.21.so
7f77b338f000-7f77b3390000 rw-p 0000b000 08:07 529521                     /lib/x86_64-linux-gnu/libnss_files-2.21.so
7f77b3390000-7f77b339b000 r-xp 00000000 08:07 529535                     /lib/x86_64-linux-gnu/libnss_nis-2.21.so
7f77b339b000-7f77b359a000 ---p 0000b000 08:07 529535                     /lib/x86_64-linux-gnu/libnss_nis-2.21.so
7f77b359a000-7f77b359b000 r--p 0000a000 08:07 529535                     /lib/x86_64-linux-gnu/libnss_nis-2.21.so
7f77b359b000-7f77b359c000 rw-p 0000b000 08:07 529535                     /lib/x86_64-linux-gnu/libnss_nis-2.21.so
7f77b359c000-7f77b35b3000 r-xp 00000000 08:07 529538                     /lib/x86_64-linux-gnu/libnsl-2.21.so
7f77b35b3000-7f77b37b2000 ---p 00017000 08:07 529538                     /lib/x86_64-linux-gnu/libnsl-2.21.so
7f77b37b2000-7f77b37b3000 r--p 00016000 08:07 529538                     /lib/x86_64-linux-gnu/libnsl-2.21.so
7f77b37b3000-7f77b37b4000 rw-p 00017000 08:07 529538                     /lib/x86_64-linux-gnu/libnsl-2.21.so
7f77b37b4000-7f77b37b6000 rw-p 00000000 00:00 0 
7f77b37b6000-7f77b37be000 r-xp 00000000 08:07 529523                     /lib/x86_64-linux-gnu/libnss_compat-2.21.so
7f77b37be000-7f77b39bd000 ---p 00008000 08:07 529523                     /lib/x86_64-linux-gnu/libnss_compat-2.21.so
7f77b39bd000-7f77b39be000 r--p 00007000 08:07 529523                     /lib/x86_64-linux-gnu/libnss_compat-2.21.so
7f77b39be000-7f77b39bf000 rw-p 00008000 08:07 529523                     /lib/x86_64-linux-gnu/libnss_compat-2.21.so
7f77b39bf000-7f77b39e8000 r-xp 00000000 08:07 663623                     /home/elixandre/jdk1.7.0_80/jre/lib/amd64/libjava.so
7f77b39e8000-7f77b3be8000 ---p 00029000 08:07 663623                     /home/elixandre/jdk1.7.0_80/jre/lib/amd64/libjava.so
7f77b3be8000-7f77b3bea000 rw-p 00029000 08:07 663623                     /home/elixandre/jdk1.7.0_80/jre/lib/amd64/libjava.so
7f77b3bea000-7f77b3bf7000 r-xp 00000000 08:07 663501                     /home/elixandre/jdk1.7.0_80/jre/lib/amd64/libverify.so
7f77b3bf7000-7f77b3df6000 ---p 0000d000 08:07 663501                     /home/elixandre/jdk1.7.0_80/jre/lib/amd64/libverify.so
7f77b3df6000-7f77b3df8000 rw-p 0000c000 08:07 663501                     /home/elixandre/jdk1.7.0_80/jre/lib/amd64/libverify.so
7f77b3df8000-7f77b3dff000 r-xp 00000000 08:07 529522                     /lib/x86_64-linux-gnu/librt-2.21.so
7f77b3dff000-7f77b3ffe000 ---p 00007000 08:07 529522                     /lib/x86_64-linux-gnu/librt-2.21.so
7f77b3ffe000-7f77b3fff000 r--p 00006000 08:07 529522                     /lib/x86_64-linux-gnu/librt-2.21.so
7f77b3fff000-7f77b4000000 rw-p 00007000 08:07 529522                     /lib/x86_64-linux-gnu/librt-2.21.so
7f77b4000000-7f77b55a7000 rw-p 00000000 00:00 0 
7f77b55a7000-7f77b8000000 ---p 00000000 00:00 0 
7f77b8006000-7f77b803b000 rw-p 00000000 00:00 0 
7f77b803b000-7f77b8163000 rw-p 00000000 00:00 0 
7f77b8163000-7f77b826a000 r-xp 00000000 08:07 529524                     /lib/x86_64-linux-gnu/libm-2.21.so
7f77b826a000-7f77b8469000 ---p 00107000 08:07 529524                     /lib/x86_64-linux-gnu/libm-2.21.so
7f77b8469000-7f77b846a000 r--p 00106000 08:07 529524                     /lib/x86_64-linux-gnu/libm-2.21.so
7f77b846a000-7f77b846b000 rw-p 00107000 08:07 529524                     /lib/x86_64-linux-gnu/libm-2.21.so
7f77b846b000-7f77b8fe1000 r-xp 00000000 08:07 663273                     /home/elixandre/jdk1.7.0_80/jre/lib/amd64/server/libjvm.so
7f77b8fe1000-7f77b91e0000 ---p 00b76000 08:07 663273                     /home/elixandre/jdk1.7.0_80/jre/lib/amd64/server/libjvm.so
7f77b91e0000-7f77b92a4000 rw-p 00b75000 08:07 663273                     /home/elixandre/jdk1.7.0_80/jre/lib/amd64/server/libjvm.so
7f77b92a4000-7f77b92e5000 rw-p 00000000 00:00 0 
7f77b92e5000-7f77b94a5000 r-xp 00000000 08:07 529541                     /lib/x86_64-linux-gnu/libc-2.21.so
7f77b94a5000-7f77b96a5000 ---p 001c0000 08:07 529541                     /lib/x86_64-linux-gnu/libc-2.21.so
7f77b96a5000-7f77b96a9000 r--p 001c0000 08:07 529541                     /lib/x86_64-linux-gnu/libc-2.21.so
7f77b96a9000-7f77b96ab000 rw-p 001c4000 08:07 529541                     /lib/x86_64-linux-gnu/libc-2.21.so
7f77b96ab000-7f77b96af000 rw-p 00000000 00:00 0 
7f77b96af000-7f77b96b2000 r-xp 00000000 08:07 529528                     /lib/x86_64-linux-gnu/libdl-2.21.so
7f77b96b2000-7f77b98b1000 ---p 00003000 08:07 529528                     /lib/x86_64-linux-gnu/libdl-2.21.so
7f77b98b1000-7f77b98b2000 r--p 00002000 08:07 529528                     /lib/x86_64-linux-gnu/libdl-2.21.so
7f77b98b2000-7f77b98b3000 rw-p 00003000 08:07 529528                     /lib/x86_64-linux-gnu/libdl-2.21.so
7f77b98b3000-7f77b98c8000 r-xp 00000000 08:07 663695                     /home/elixandre/jdk1.7.0_80/lib/amd64/jli/libjli.so
7f77b98c8000-7f77b9ac7000 ---p 00015000 08:07 663695                     /home/elixandre/jdk1.7.0_80/lib/amd64/jli/libjli.so
7f77b9ac7000-7f77b9ac8000 rw-p 00014000 08:07 663695                     /home/elixandre/jdk1.7.0_80/lib/amd64/jli/libjli.so
7f77b9ac8000-7f77b9ae0000 r-xp 00000000 08:07 529525                     /lib/x86_64-linux-gnu/libpthread-2.21.so
7f77b9ae0000-7f77b9ce0000 ---p 00018000 08:07 529525                     /lib/x86_64-linux-gnu/libpthread-2.21.so
7f77b9ce0000-7f77b9ce1000 r--p 00018000 08:07 529525                     /lib/x86_64-linux-gnu/libpthread-2.21.so
7f77b9ce1000-7f77b9ce2000 rw-p 00019000 08:07 529525                     /lib/x86_64-linux-gnu/libpthread-2.21.so
7f77b9ce2000-7f77b9ce6000 rw-p 00000000 00:00 0 
7f77b9ce6000-7f77b9d0a000 r-xp 00000000 08:07 529539                     /lib/x86_64-linux-gnu/ld-2.21.so
7f77b9d14000-7f77b9d33000 rw-p 00000000 00:00 0 
7f77b9d33000-7f77b9de9000 rw-p 00000000 00:00 0 
7f77b9de9000-7f77b9dec000 ---p 00000000 00:00 0 
7f77b9dec000-7f77b9eee000 rw-p 00000000 00:00 0 
7f77b9ef6000-7f77b9efa000 r--s 0008b000 08:07 663627                     /home/elixandre/jdk1.7.0_80/jre/lib/jsse.jar
7f77b9efa000-7f77b9efd000 r--s 00f76000 08:07 542783                     /home/elixandre/Downloads/simgrid.jar
7f77b9efd000-7f77b9f05000 rw-s 00000000 08:07 544733                     /tmp/hsperfdata_elixandre/5534 (deleted)
7f77b9f05000-7f77b9f06000 rw-p 00000000 00:00 0 
7f77b9f06000-7f77b9f07000 ---p 00000000 00:00 0 
7f77b9f07000-7f77b9f09000 rw-p 00000000 00:00 0 
7f77b9f09000-7f77b9f0a000 r--p 00023000 08:07 529539                     /lib/x86_64-linux-gnu/ld-2.21.so
7f77b9f0a000-7f77b9f0b000 rw-p 00024000 08:07 529539                     /lib/x86_64-linux-gnu/ld-2.21.so
7f77b9f0b000-7f77b9f0c000 rw-p 00000000 00:00 0 
7fff593d5000-7fff593f6000 rw-p 00000000 00:00 0                          [stack]
7fff593fb000-7fff593fd000 r--p 00000000 00:00 0                          [vvar]
7fff593fd000-7fff593ff000 r-xp 00000000 00:00 0                          [vdso]
ffffffffff600000-ffffffffff601000 r-xp 00000000 00:00 0                  [vsyscall]

VM Arguments:
jvm_args: -Dfile.encoding=UTF-8 
java_command: vcube.VCube platform.xml deployment.xml
Launcher Type: SUN_STANDARD

Environment Variables:
PATH=/usr/local/sbin:/usr/local/bin:/usr/sbin:/usr/bin:/sbin:/bin:/usr/games:/usr/local/games:/home/elixandre/.rvm/bin
LD_LIBRARY_PATH=/home/elixandre/jdk1.7.0_80/jre/lib/amd64:/home/elixandre/jdk1.7.0_80/jre/lib/i386:
SHELL=/bin/bash
DISPLAY=:0

Signal Handlers:
SIGSEGV: [libjvm.so+0x9a3b20], sa_mask[0]=0x7ffbfeff, sa_flags=0x10000004
SIGBUS: [libjvm.so+0x9a3b20], sa_mask[0]=0x7ffbfeff, sa_flags=0x10000004
SIGFPE: [libjvm.so+0x81e740], sa_mask[0]=0x7ffbfeff, sa_flags=0x10000004
SIGPIPE: [libjvm.so+0x81e740], sa_mask[0]=0x7ffbfeff, sa_flags=0x10000004
SIGXFSZ: [libjvm.so+0x81e740], sa_mask[0]=0x7ffbfeff, sa_flags=0x10000004
SIGILL: [libjvm.so+0x81e740], sa_mask[0]=0x7ffbfeff, sa_flags=0x10000004
SIGUSR1: SIG_DFL, sa_mask[0]=0x00000000, sa_flags=0x00000000
SIGUSR2: [libjvm.so+0x81ffb0], sa_mask[0]=0x00000004, sa_flags=0x10000004
SIGHUP: [libjvm.so+0x8210d0], sa_mask[0]=0x7ffbfeff, sa_flags=0x10000004
SIGINT: [libsimgrid.so+0x8ff50], sa_mask[0]=0x00000002, sa_flags=0x10000000
SIGTERM: [libjvm.so+0x8210d0], sa_mask[0]=0x7ffbfeff, sa_flags=0x10000004
SIGQUIT: [libjvm.so+0x8210d0], sa_mask[0]=0x7ffbfeff, sa_flags=0x10000004


---------------  S Y S T E M  ---------------

OS:jessie/sid

uname:Linux 4.2.0-42-generic #49-Ubuntu SMP Tue Jun 28 21:26:26 UTC 2016 x86_64
libc:glibc 2.21 NPTL 2.21 
rlimit: STACK 8192k, CORE 0k, NPROC 15009, NOFILE 65536, AS infinity
load average:1.31 0.69 0.55

/proc/meminfo:
MemTotal:        3879128 kB
MemFree:          980600 kB
MemAvailable:    1875428 kB
Buffers:           77068 kB
Cached:          1091176 kB
SwapCached:         2680 kB
Active:          1541724 kB
Inactive:        1118136 kB
Active(anon):     996252 kB
Inactive(anon):   655496 kB
Active(file):     545472 kB
Inactive(file):   462640 kB
Unevictable:          32 kB
Mlocked:              32 kB
SwapTotal:        975868 kB
SwapFree:         947488 kB
Dirty:               120 kB
Writeback:             0 kB
AnonPages:       1489472 kB
Mapped:           288696 kB
Shmem:            160132 kB
Slab:             144640 kB
SReclaimable:     111300 kB
SUnreclaim:        33340 kB
KernelStack:        8880 kB
PageTables:        34076 kB
NFS_Unstable:          0 kB
Bounce:                0 kB
WritebackTmp:          0 kB
CommitLimit:     2915432 kB
Committed_AS:    5025356 kB
VmallocTotal:   34359738367 kB
VmallocUsed:      347648 kB
VmallocChunk:   34358947836 kB
HardwareCorrupted:     0 kB
AnonHugePages:    942080 kB
CmaTotal:              0 kB
CmaFree:               0 kB
HugePages_Total:       0
HugePages_Free:        0
HugePages_Rsvd:        0
HugePages_Surp:        0
Hugepagesize:       2048 kB
DirectMap4k:      131832 kB
DirectMap2M:     3895296 kB


CPU:total 4 (2 cores per cpu, 2 threads per core) family 6 model 58 stepping 9, cmov, cx8, fxsr, mmx, sse, sse2, sse3, ssse3, sse4.1, sse4.2, popcnt, avx, erms, ht, tsc, tscinvbit, tscinv

/proc/cpuinfo:
processor	: 0
vendor_id	: GenuineIntel
cpu family	: 6
model		: 58
model name	: Intel(R) Core(TM) i7-3517U CPU @ 1.90GHz
stepping	: 9
microcode	: 0x12
cpu MHz		: 2980.687
cache size	: 4096 KB
physical id	: 0
siblings	: 4
core id		: 0
cpu cores	: 2
apicid		: 0
initial apicid	: 0
fpu		: yes
fpu_exception	: yes
cpuid level	: 13
wp		: yes
flags		: fpu vme de pse tsc msr pae mce cx8 apic sep mtrr pge mca cmov pat pse36 clflush dts acpi mmx fxsr sse sse2 ss ht tm pbe syscall nx rdtscp lm constant_tsc arch_perfmon pebs bts rep_good nopl xtopology nonstop_tsc aperfmperf eagerfpu pni pclmulqdq dtes64 monitor ds_cpl vmx est tm2 ssse3 cx16 xtpr pdcm pcid sse4_1 sse4_2 x2apic popcnt tsc_deadline_timer xsave avx f16c rdrand lahf_lm ida arat epb pln pts dtherm tpr_shadow vnmi flexpriority ept vpid fsgsbase smep erms xsaveopt
bugs		:
bogomips	: 4789.11
clflush size	: 64
cache_alignment	: 64
address sizes	: 36 bits physical, 48 bits virtual
power management:

processor	: 1
vendor_id	: GenuineIntel
cpu family	: 6
model		: 58
model name	: Intel(R) Core(TM) i7-3517U CPU @ 1.90GHz
stepping	: 9
microcode	: 0x12
cpu MHz		: 2981.250
cache size	: 4096 KB
physical id	: 0
siblings	: 4
core id		: 0
cpu cores	: 2
apicid		: 1
initial apicid	: 1
fpu		: yes
fpu_exception	: yes
cpuid level	: 13
wp		: yes
flags		: fpu vme de pse tsc msr pae mce cx8 apic sep mtrr pge mca cmov pat pse36 clflush dts acpi mmx fxsr sse sse2 ss ht tm pbe syscall nx rdtscp lm constant_tsc arch_perfmon pebs bts rep_good nopl xtopology nonstop_tsc aperfmperf eagerfpu pni pclmulqdq dtes64 monitor ds_cpl vmx est tm2 ssse3 cx16 xtpr pdcm pcid sse4_1 sse4_2 x2apic popcnt tsc_deadline_timer xsave avx f16c rdrand lahf_lm ida arat epb pln pts dtherm tpr_shadow vnmi flexpriority ept vpid fsgsbase smep erms xsaveopt
bugs		:
bogomips	: 4789.11
clflush size	: 64
cache_alignment	: 64
address sizes	: 36 bits physical, 48 bits virtual
power management:

processor	: 2
vendor_id	: GenuineIntel
cpu family	: 6
model		: 58
model name	: Intel(R) Core(TM) i7-3517U CPU @ 1.90GHz
stepping	: 9
microcode	: 0x12
cpu MHz		: 1294.687
cache size	: 4096 KB
physical id	: 0
siblings	: 4
core id		: 1
cpu cores	: 2
apicid		: 2
initial apicid	: 2
fpu		: yes
fpu_exception	: yes
cpuid level	: 13
wp		: yes
flags		: fpu vme de pse tsc msr pae mce cx8 apic sep mtrr pge mca cmov pat pse36 clflush dts acpi mmx fxsr sse sse2 ss ht tm pbe syscall nx rdtscp lm constant_tsc arch_perfmon pebs bts rep_good nopl xtopology nonstop_tsc aperfmperf eagerfpu pni pclmulqdq dtes64 monitor ds_cpl vmx est tm2 ssse3 cx16 xtpr pdcm pcid sse4_1 sse4_2 x2apic popcnt tsc_deadline_timer xsave avx f16c rdrand lahf_lm ida arat epb pln pts dtherm tpr_shadow vnmi flexpriority ept vpid fsgsbase smep erms xsaveopt
bugs		:
bogomips	: 4789.11
clflush size	: 64
cache_alignment	: 64
address sizes	: 36 bits physical, 48 bits virtual
power management:

processor	: 3
vendor_id	: GenuineIntel
cpu family	: 6
model		: 58
model name	: Intel(R) Core(TM) i7-3517U CPU @ 1.90GHz
stepping	: 9
microcode	: 0x12
cpu MHz		: 2800.031
cache size	: 4096 KB
physical id	: 0
siblings	: 4
core id		: 1
cpu cores	: 2
apicid		: 3
initial apicid	: 3
fpu		: yes
fpu_exception	: yes
cpuid level	: 13
wp		: yes
flags		: fpu vme de pse tsc msr pae mce cx8 apic sep mtrr pge mca cmov pat pse36 clflush dts acpi mmx fxsr sse sse2 ss ht tm pbe syscall nx rdtscp lm constant_tsc arch_perfmon pebs bts rep_good nopl xtopology nonstop_tsc aperfmperf eagerfpu pni pclmulqdq dtes64 monitor ds_cpl vmx est tm2 ssse3 cx16 xtpr pdcm pcid sse4_1 sse4_2 x2apic popcnt tsc_deadline_timer xsave avx f16c rdrand lahf_lm ida arat epb pln pts dtherm tpr_shadow vnmi flexpriority ept vpid fsgsbase smep erms xsaveopt
bugs		:
bogomips	: 4789.11
clflush size	: 64
cache_alignment	: 64
address sizes	: 36 bits physical, 48 bits virtual
power management:



Memory: 4k page, physical 3879128k(980600k free), swap 975868k(947488k free)

vm_info: Java HotSpot(TM) 64-Bit Server VM (24.80-b11) for linux-amd64 JRE (1.7.0_80-b15), built on Apr 10 2015 19:53:14 by "java_re" with gcc 4.3.0 20080428 (Red Hat 4.3.0-8)

time: Sat Apr 29 13:19:02 2017
elapsed time: 64 seconds

