#
# A fatal error has been detected by the Java Runtime Environment:
#
#  SIGSEGV (0xb) at pc=0x00007fec7290a76b, pid=6018, tid=140653023229696
#
# JRE version: Java(TM) SE Runtime Environment (7.0_80-b15) (build 1.7.0_80-b15)
# Java VM: Java HotSpot(TM) 64-Bit Server VM (24.80-b11 mixed mode linux-amd64 compressed oops)
# Problematic frame:
# C  [libc.so.6+0x8076b]  _IO_str_seekoff+0x299b
#
# Failed to write core dump. Core dumps have been disabled. To enable core dumping, try "ulimit -c unlimited" before starting Java again
#
# If you would like to submit a bug report, please visit:
#   http://bugreport.java.com/bugreport/crash.jsp
# The crash happened outside the Java Virtual Machine in native code.
# See problematic frame for where to report the bug.
#

---------------  T H R E A D  ---------------

Current thread (0x00007fec6c070800):  JavaThread "Finalizer" daemon [_thread_in_native, id=6030, stack(0x00007fec556c7000,0x00007fec557c8000)]

siginfo:si_signo=SIGSEGV: si_errno=0, si_code=128 (), si_addr=0x0000000000000000

Registers:
RAX=0x00007fec2c1d2c80, RBX=0x00007fec2c01c510, RCX=0x00007fec557c66c0, RDX=0x8b919adfcedf90a0
RSP=0x00007fec557c64e0, RBP=0x746e652031206f60, RSI=0x0000000000000001, RDI=0x0000000000000000
R8 =0x00007fec0800a410, R9 =0x0000000000000001, R10=0x0000000000000004, R11=0x00007fec7285fde8
R12=0x746ee50c5d223470, R13=0x00007fec2c000020, R14=0x00007fec557c66c0, R15=0x00007fec6c070800
RIP=0x00007fec7290a76b, EFLAGS=0x0000000000010202, CSGSFS=0x0000000000000033, ERR=0x0000000000000000
  TRAPNO=0x000000000000000d

Top of Stack: (sp=0x00007fec557c64e0)
0x00007fec557c64e0:   00007fec557c6500 0000000000000120
0x00007fec557c64f0:   0000000000000008 00007fec721d13a6
0x00007fec557c6500:   00007fec7284c580 00007fec0800a520
0x00007fec557c6510:   00007fec37ff3ce0 00007fec0800a490
0x00007fec557c6520:   00000000bfdbe038 00007fec00000001
0x00007fec557c6530:   00007fec0800a520 00007fec7290e7ec
0x00007fec557c6540:   00007fec557c6560 00000000000000a8
0x00007fec557c6550:   0000000000000008 00007fec2c01c450
0x00007fec557c6560:   00007fec37ff3ce0 0000000000000000
0x00007fec557c6570:   00000000bfdbe038 00007fec557c66c0
0x00007fec557c6580:   00007fec6c070800 00007fec7290e7ec
0x00007fec557c6590:   0000007fbfa016c0 00007fec0800a520
0x00007fec557c65a0:   00007fec6c070c20 00007fec0800a410
0x00007fec557c65b0:   00007fec37ff3ce0 00007fec2c01c450
0x00007fec557c65c0:   00007fec37ff3ce0 0000000000000000
0x00007fec557c65d0:   00000000bfdbe038 00007fec37b7c683
0x00007fec557c65e0:   ffffffff00000006 ffffffffbfa00000
0x00007fec557c65f0:   01000000bfa016c0 00000000bfdd08a0
0x00007fec557c6600:   00000000bfa016b0 00007fec6c071078
0x00007fec557c6610:   00007fec6c070800 0000000000000015
0x00007fec557c6620:   00007fec557c6670 00007fec376d3de7
0x00007fec557c6630:   0000000000000000 00000000bfdbe038
0x00007fec557c6640:   00007fec557c66a0 00007fec69012d98
0x00007fec557c6650:   00007fec6c071078 00007fec6c006cb0
0x00007fec557c6660:   00007fec557c6660 0000000000000000
0x00007fec557c6670:   00007fec557c66c0 00000000bfdbfa10
0x00007fec557c6680:   0000000000000000 00000000bfdbe038
0x00007fec557c6690:   0000000000000000 00007fec557c66c0
0x00007fec557c66a0:   00007fec557c6708 00007fec69006058
0x00007fec557c66b0:   0000000000000000 00007fec6900ecd8
0x00007fec557c66c0:   00000000ed4d2108 00007fec557c66c8
0x00007fec557c66d0:   00000000bfdbdf51 00007fec557c6720 

Instructions: (pc=0x00007fec7290a76b)
0x00007fec7290a74b:   4c 8d 24 2e c7 44 24 48 00 00 00 00 48 39 c6 0f
0x00007fec7290a75b:   84 70 09 00 00 41 f6 45 04 02 0f 84 85 08 00 00
0x00007fec7290a76b:   49 8b 44 24 08 a8 01 0f 84 98 08 00 00 49 89 c7
0x00007fec7290a77b:   49 83 e7 f8 48 83 f8 10 0f 86 e7 06 00 00 4d 3b 

Register to memory mapping:

RAX=0x00007fec2c1d2c80 is an unknown value
RBX=0x00007fec2c01c510 is an unknown value
RCX=0x00007fec557c66c0 is pointing into the stack for thread: 0x00007fec6c070800
RDX=0x8b919adfcedf90a0 is an unknown value
RSP=0x00007fec557c64e0 is pointing into the stack for thread: 0x00007fec6c070800
RBP=0x746e652031206f60 is an unknown value
RSI=0x0000000000000001 is an unknown value
RDI=0x0000000000000000 is an unknown value
R8 =0x00007fec0800a410 is an unknown value
R9 =0x0000000000000001 is an unknown value
R10=0x0000000000000004 is an unknown value
R11=0x00007fec7285fde8: <offset 0xe4fde8> in /home/elixandre/jdk1.7.0_80/jre/lib/amd64/server/libjvm.so at 0x00007fec71a10000
R12=0x746ee50c5d223470 is an unknown value
R13=0x00007fec2c000020 is an unknown value
R14=0x00007fec557c66c0 is pointing into the stack for thread: 0x00007fec6c070800
R15=0x00007fec6c070800 is a thread


Stack: [0x00007fec556c7000,0x00007fec557c8000],  sp=0x00007fec557c64e0,  free space=1021k
Native frames: (J=compiled Java code, j=interpreted, Vv=VM code, C=native code)
C  [libc.so.6+0x8076b]  _IO_str_seekoff+0x299b

[error occurred during error reporting (printing native stack), id 0xb]

Java frames: (J=compiled Java code, j=interpreted, Vv=VM code)
j  org.simgrid.msg.Task.nativeFinalize()V+0
j  org.simgrid.msg.Task.finalize()V+1
j  java.lang.System$2.invokeFinalize(Ljava/lang/Object;)V+1
j  java.lang.ref.Finalizer.runFinalizer(Lsun/misc/JavaLangAccess;)V+46
j  java.lang.ref.Finalizer.access$100(Ljava/lang/ref/Finalizer;Lsun/misc/JavaLangAccess;)V+2
j  java.lang.ref.Finalizer$FinalizerThread.run()V+45
v  ~StubRoutines::call_stub

---------------  P R O C E S S  ---------------

Java Threads: ( => current thread )
  0x00007febe8001000 JavaThread "Thread-15" [_thread_in_native, id=6050, stack(0x00007fec22ffe000,0x00007fec237ff000)]
  0x00007febf4001000 JavaThread "Thread-14" [_thread_in_native, id=6049, stack(0x00007fec237ff000,0x00007fec24000000)]
  0x00007febf0001000 JavaThread "Thread-13" [_thread_in_native, id=6048, stack(0x00007fec287f9000,0x00007fec28ffa000)]
  0x00007febfc001000 JavaThread "Thread-12" [_thread_in_native, id=6047, stack(0x00007fec28ffa000,0x00007fec297fb000)]
  0x00007febf8001000 JavaThread "Thread-11" [_thread_in_native, id=6046, stack(0x00007fec297fb000,0x00007fec29ffc000)]
  0x00007fec04001000 JavaThread "Thread-10" [_thread_in_native, id=6045, stack(0x00007fec29ffc000,0x00007fec2a7fd000)]
  0x00007fec00001000 JavaThread "Thread-9" [_thread_in_native, id=6044, stack(0x00007fec2a7fd000,0x00007fec2affe000)]
  0x00007fec0c001000 JavaThread "Thread-8" [_thread_in_native, id=6043, stack(0x00007fec2affe000,0x00007fec2b7ff000)]
  0x00007fec08001000 JavaThread "Thread-7" [_thread_in_native, id=6042, stack(0x00007fec2b7ff000,0x00007fec2c000000)]
  0x00007fec14001000 JavaThread "Thread-6" [_thread_in_native, id=6041, stack(0x00007fec346c2000,0x00007fec34ec3000)]
  0x00007fec10001000 JavaThread "Thread-5" [_thread_in_native, id=6040, stack(0x00007fec34ec3000,0x00007fec356c4000)]
  0x00007fec1c001000 JavaThread "Thread-1" [_thread_in_native, id=6038, stack(0x00007fec35ec5000,0x00007fec366c6000)]
  0x00007fec18001000 JavaThread "Thread-2" [_thread_in_native, id=6039, stack(0x00007fec356c4000,0x00007fec35ec5000)]
  0x00007fec24001000 JavaThread "Thread-3" [_thread_in_native, id=6037, stack(0x00007fec366c6000,0x00007fec36ec7000)]
  0x00007fec2c001000 JavaThread "Thread-4" [_thread_in_vm, id=6036, stack(0x00007fec36ec7000,0x00007fec376c8000)]
  0x00007fec6c099000 JavaThread "Service Thread" daemon [_thread_blocked, id=6034, stack(0x00007fec54be0000,0x00007fec54ce1000)]
  0x00007fec6c096800 JavaThread "C2 CompilerThread1" daemon [_thread_blocked, id=6033, stack(0x00007fec54ce1000,0x00007fec54de2000)]
  0x00007fec6c093800 JavaThread "C2 CompilerThread0" daemon [_thread_blocked, id=6032, stack(0x00007fec54de2000,0x00007fec54ee3000)]
  0x00007fec6c091800 JavaThread "Signal Dispatcher" daemon [_thread_blocked, id=6031, stack(0x00007fec54ee3000,0x00007fec54fe4000)]
=>0x00007fec6c070800 JavaThread "Finalizer" daemon [_thread_in_native, id=6030, stack(0x00007fec556c7000,0x00007fec557c8000)]
  0x00007fec6c06e000 JavaThread "Reference Handler" daemon [_thread_blocked, id=6029, stack(0x00007fec557c8000,0x00007fec558c9000)]
  0x00007fec6c009800 JavaThread "main" [_thread_in_native, id=6023, stack(0x00007fec7338e000,0x00007fec7348f000)]

Other Threads:
  0x00007fec6c06a000 VMThread [stack: 0x00007fec558c9000,0x00007fec559ca000] [id=6028]
  0x00007fec6c0a4000 WatcherThread [stack: 0x00007fec54adf000,0x00007fec54be0000] [id=6035]

VM state:not at safepoint (normal execution)

VM Mutex/Monitor currently owned by a thread: None

Heap
 PSYoungGen      total 17920K, used 3230K [0x00000000ec400000, 0x00000000ed800000, 0x0000000100000000)
  eden space 15360K, 6% used [0x00000000ec400000,0x00000000ec4efb70,0x00000000ed300000)
  from space 2560K, 88% used [0x00000000ed300000,0x00000000ed538000,0x00000000ed580000)
  to   space 2560K, 0% used [0x00000000ed580000,0x00000000ed580000,0x00000000ed800000)
 ParOldGen       total 40448K, used 8K [0x00000000c4c00000, 0x00000000c7380000, 0x00000000ec400000)
  object space 40448K, 0% used [0x00000000c4c00000,0x00000000c4c02000,0x00000000c7380000)
 PSPermGen       total 21504K, used 3906K [0x00000000bfa00000, 0x00000000c0f00000, 0x00000000c4c00000)
  object space 21504K, 18% used [0x00000000bfa00000,0x00000000bfdd0948,0x00000000c0f00000)

Card table byte_map: [0x00007fec70470000,0x00007fec70674000] byte_map_base: 0x00007fec6fe73000

Polling page: 0x00007fec734ab000

Code Cache  [0x00007fec69000000, 0x00007fec69270000, 0x00007fec6c000000)
 total_blobs=253 nmethods=44 adapters=163 free_code_cache=48695Kb largest_free_block=49839872

Compilation events (10 events):
Event: 1.593 Thread 0x00007fec6c096800   38             java.lang.CharacterData::of (120 bytes)
Event: 1.593 Thread 0x00007fec6c093800   39             java.lang.CharacterDataLatin1::getProperties (11 bytes)
Event: 1.594 Thread 0x00007fec6c096800 nmethod 38 0x00007fec6906e5d0 code [0x00007fec6906e700, 0x00007fec6906e778]
Event: 1.594 Thread 0x00007fec6c093800 nmethod 39 0x00007fec6906c650 code [0x00007fec6906c780, 0x00007fec6906c7f8]
Event: 1.710 Thread 0x00007fec6c096800   40  s          java.lang.StringBuffer::append (10 bytes)
Event: 1.711 Thread 0x00007fec6c096800 nmethod 40 0x00007fec69070a50 code [0x00007fec69070ba0, 0x00007fec69070ec8]
Event: 1.723 Thread 0x00007fec6c093800   41             org.simgrid.msg.Task::receive (7 bytes)
Event: 1.723 Thread 0x00007fec6c093800 nmethod 41 0x00007fec69071c50 code [0x00007fec69071da0, 0x00007fec69071e08]
Event: 1.859 Thread 0x00007fec6c096800   43             java.lang.String::indexOf (7 bytes)
Event: 1.862 Thread 0x00007fec6c096800 nmethod 43 0x00007fec690764d0 code [0x00007fec69076620, 0x00007fec69076778]

GC Heap History (2 events):
Event: 1.981 GC heap before
{Heap before GC invocations=1 (full 0):
 PSYoungGen      total 17920K, used 15360K [0x00000000ec400000, 0x00000000ed800000, 0x0000000100000000)
  eden space 15360K, 100% used [0x00000000ec400000,0x00000000ed300000,0x00000000ed300000)
  from space 2560K, 0% used [0x00000000ed580000,0x00000000ed580000,0x00000000ed800000)
  to   space 2560K, 0% used [0x00000000ed300000,0x00000000ed300000,0x00000000ed580000)
 ParOldGen       total 40448K, used 0K [0x00000000c4c00000, 0x00000000c7380000, 0x00000000ec400000)
  object space 40448K, 0% used [0x00000000c4c00000,0x00000000c4c00000,0x00000000c7380000)
 PSPermGen       total 21504K, used 3901K [0x00000000bfa00000, 0x00000000c0f00000, 0x00000000c4c00000)
  object space 21504K, 18% used [0x00000000bfa00000,0x00000000bfdcf480,0x00000000c0f00000)
Event: 1.989 GC heap after
Heap after GC invocations=1 (full 0):
 PSYoungGen      total 17920K, used 2272K [0x00000000ec400000, 0x00000000ed800000, 0x0000000100000000)
  eden space 15360K, 0% used [0x00000000ec400000,0x00000000ec400000,0x00000000ed300000)
  from space 2560K, 88% used [0x00000000ed300000,0x00000000ed538000,0x00000000ed580000)
  to   space 2560K, 0% used [0x00000000ed580000,0x00000000ed580000,0x00000000ed800000)
 ParOldGen       total 40448K, used 8K [0x00000000c4c00000, 0x00000000c7380000, 0x00000000ec400000)
  object space 40448K, 0% used [0x00000000c4c00000,0x00000000c4c02000,0x00000000c7380000)
 PSPermGen       total 21504K, used 3901K [0x00000000bfa00000, 0x00000000c0f00000, 0x00000000c4c00000)
  object space 21504K, 18% used [0x00000000bfa00000,0x00000000bfdcf480,0x00000000c0f00000)
}

Deoptimization events (0 events):
No events

Internal exceptions (10 events):
Event: 1.979 Thread 0x00007fec00001000 Threw 0x00000000ec7b9608 at /HUDSON/workspace/7u-2-build-linux-amd64/jdk7u80/2329/hotspot/src/share/vm/prims/jni.cpp:743
Event: 1.979 Thread 0x00007febf0001000 Threw 0x00000000ec8ea8d0 at /HUDSON/workspace/7u-2-build-linux-amd64/jdk7u80/2329/hotspot/src/share/vm/prims/jni.cpp:743
Event: 1.979 Thread 0x00007fec08001000 Threw 0x00000000ed07fdc8 at /HUDSON/workspace/7u-2-build-linux-amd64/jdk7u80/2329/hotspot/src/share/vm/prims/jni.cpp:743
Event: 1.979 Thread 0x00007fec14001000 Threw 0x00000000ed0cbd38 at /HUDSON/workspace/7u-2-build-linux-amd64/jdk7u80/2329/hotspot/src/share/vm/prims/jni.cpp:743
Event: 1.979 Thread 0x00007fec18001000 Threw 0x00000000ed16df00 at /HUDSON/workspace/7u-2-build-linux-amd64/jdk7u80/2329/hotspot/src/share/vm/prims/jni.cpp:743
Event: 1.981 Thread 0x00007fec04001000 Threw 0x00000000ec805a60 at /HUDSON/workspace/7u-2-build-linux-amd64/jdk7u80/2329/hotspot/src/share/vm/prims/jni.cpp:743
Event: 1.981 Thread 0x00007febf4001000 Threw 0x00000000ec936e20 at /HUDSON/workspace/7u-2-build-linux-amd64/jdk7u80/2329/hotspot/src/share/vm/prims/jni.cpp:743
Event: 1.981 Thread 0x00007febf8001000 Threw 0x00000000ec851f50 at /HUDSON/workspace/7u-2-build-linux-amd64/jdk7u80/2329/hotspot/src/share/vm/prims/jni.cpp:743
Event: 1.981 Thread 0x00007febe8001000 Threw 0x00000000ec9d0098 at /HUDSON/workspace/7u-2-build-linux-amd64/jdk7u80/2329/hotspot/src/share/vm/prims/jni.cpp:743
Event: 1.981 Thread 0x00007fec2c001000 Threw 0x00000000ed1e7858 at /HUDSON/workspace/7u-2-build-linux-amd64/jdk7u80/2329/hotspot/src/share/vm/prims/jni.cpp:743

Events (10 events):
Event: 0.312 loading class 0x00007fec68ca0c90 done
Event: 0.312 loading class 0x00007fec4400d9d0 done
Event: 0.337 Thread 0x00007fec04001000 Thread added: 0x00007fec04001000
Event: 0.379 Thread 0x00007febf8001000 Thread added: 0x00007febf8001000
Event: 0.412 Thread 0x00007febfc001000 Thread added: 0x00007febfc001000
Event: 0.445 Thread 0x00007febf0001000 Thread added: 0x00007febf0001000
Event: 0.480 Thread 0x00007febf4001000 Thread added: 0x00007febf4001000
Event: 0.574 Thread 0x00007febe8001000 Thread added: 0x00007febe8001000
Event: 1.981 Executing VM operation: ParallelGCFailedAllocation
Event: 1.989 Executing VM operation: ParallelGCFailedAllocation done


Dynamic libraries:
00400000-00401000 r-xp 00000000 08:07 663942                             /home/elixandre/jdk1.7.0_80/bin/java
00600000-00601000 rw-p 00000000 08:07 663942                             /home/elixandre/jdk1.7.0_80/bin/java
0101d000-0103e000 rw-p 00000000 00:00 0                                  [heap]
bfa00000-c0f00000 rw-p 00000000 00:00 0 
c0f00000-c4c00000 rw-p 00000000 00:00 0 
c4c00000-c7380000 rw-p 00000000 00:00 0 
c7380000-ec400000 rw-p 00000000 00:00 0 
ec400000-ed800000 rw-p 00000000 00:00 0 
ed800000-100000000 rw-p 00000000 00:00 0 
7febe8000000-7febe8022000 rw-p 00000000 00:00 0 
7febe8022000-7febec000000 ---p 00000000 00:00 0 
7febf0000000-7febf0022000 rw-p 00000000 00:00 0 
7febf0022000-7febf4000000 ---p 00000000 00:00 0 
7febf4000000-7febf4022000 rw-p 00000000 00:00 0 
7febf4022000-7febf8000000 ---p 00000000 00:00 0 
7febf8000000-7febf8022000 rw-p 00000000 00:00 0 
7febf8022000-7febfc000000 ---p 00000000 00:00 0 
7febfc000000-7febfc022000 rw-p 00000000 00:00 0 
7febfc022000-7fec00000000 ---p 00000000 00:00 0 
7fec00000000-7fec00022000 rw-p 00000000 00:00 0 
7fec00022000-7fec04000000 ---p 00000000 00:00 0 
7fec04000000-7fec04022000 rw-p 00000000 00:00 0 
7fec04022000-7fec08000000 ---p 00000000 00:00 0 
7fec08000000-7fec08165000 rw-p 00000000 00:00 0 
7fec08165000-7fec0c000000 ---p 00000000 00:00 0 
7fec0c000000-7fec0c1bc000 rw-p 00000000 00:00 0 
7fec0c1bc000-7fec10000000 ---p 00000000 00:00 0 
7fec10000000-7fec10164000 rw-p 00000000 00:00 0 
7fec10164000-7fec14000000 ---p 00000000 00:00 0 
7fec14000000-7fec14165000 rw-p 00000000 00:00 0 
7fec14165000-7fec18000000 ---p 00000000 00:00 0 
7fec18000000-7fec18165000 rw-p 00000000 00:00 0 
7fec18165000-7fec1c000000 ---p 00000000 00:00 0 
7fec1c000000-7fec1c164000 rw-p 00000000 00:00 0 
7fec1c164000-7fec20000000 ---p 00000000 00:00 0 
7fec22ffe000-7fec23001000 ---p 00000000 00:00 0 
7fec23001000-7fec237ff000 rw-p 00000000 00:00 0 
7fec237ff000-7fec23802000 ---p 00000000 00:00 0 
7fec23802000-7fec24000000 rw-p 00000000 00:00 0 
7fec24000000-7fec24164000 rw-p 00000000 00:00 0 
7fec24164000-7fec28000000 ---p 00000000 00:00 0 
7fec287f9000-7fec287fc000 ---p 00000000 00:00 0 
7fec287fc000-7fec28ffa000 rw-p 00000000 00:00 0 
7fec28ffa000-7fec28ffd000 ---p 00000000 00:00 0 
7fec28ffd000-7fec297fb000 rw-p 00000000 00:00 0 
7fec297fb000-7fec297fe000 ---p 00000000 00:00 0 
7fec297fe000-7fec29ffc000 rw-p 00000000 00:00 0 
7fec29ffc000-7fec29fff000 ---p 00000000 00:00 0 
7fec29fff000-7fec2a7fd000 rw-p 00000000 00:00 0 
7fec2a7fd000-7fec2a800000 ---p 00000000 00:00 0 
7fec2a800000-7fec2affe000 rw-p 00000000 00:00 0 
7fec2affe000-7fec2b001000 ---p 00000000 00:00 0 
7fec2b001000-7fec2b7ff000 rw-p 00000000 00:00 0 
7fec2b7ff000-7fec2b802000 ---p 00000000 00:00 0 
7fec2b802000-7fec2c000000 rw-p 00000000 00:00 0 
7fec2c000000-7fec2c1d3000 rw-p 00000000 00:00 0 
7fec2c1d3000-7fec30000000 ---p 00000000 00:00 0 
7fec30000000-7fec30021000 rw-p 00000000 00:00 0 
7fec30021000-7fec34000000 ---p 00000000 00:00 0 
7fec346c2000-7fec346c5000 ---p 00000000 00:00 0 
7fec346c5000-7fec34ec3000 rw-p 00000000 00:00 0 
7fec34ec3000-7fec34ec6000 ---p 00000000 00:00 0 
7fec34ec6000-7fec356c4000 rw-p 00000000 00:00 0 
7fec356c4000-7fec356c7000 ---p 00000000 00:00 0 
7fec356c7000-7fec35ec5000 rw-p 00000000 00:00 0 
7fec35ec5000-7fec35ec8000 ---p 00000000 00:00 0 
7fec35ec8000-7fec366c6000 rw-p 00000000 00:00 0 
7fec366c6000-7fec366c9000 ---p 00000000 00:00 0 
7fec366c9000-7fec36ec7000 rw-p 00000000 00:00 0 
7fec36ec7000-7fec36eca000 ---p 00000000 00:00 0 
7fec36eca000-7fec376c8000 rw-p 00000000 00:00 0 
7fec376c8000-7fec376e0000 r-xp 00000000 08:07 794703                     /tmp/simgrid-java7155849196236994566/libsimgrid-java.so
7fec376e0000-7fec378e0000 ---p 00018000 08:07 794703                     /tmp/simgrid-java7155849196236994566/libsimgrid-java.so
7fec378e0000-7fec378e1000 rw-p 00018000 08:07 794703                     /tmp/simgrid-java7155849196236994566/libsimgrid-java.so
7fec378e1000-7fec378f7000 r-xp 00000000 08:07 528568                     /lib/x86_64-linux-gnu/libgcc_s.so.1
7fec378f7000-7fec37af6000 ---p 00016000 08:07 528568                     /lib/x86_64-linux-gnu/libgcc_s.so.1
7fec37af6000-7fec37af7000 r--p 00015000 08:07 528568                     /lib/x86_64-linux-gnu/libgcc_s.so.1
7fec37af7000-7fec37af8000 rw-p 00016000 08:07 528568                     /lib/x86_64-linux-gnu/libgcc_s.so.1
7fec37af8000-7fec37dbd000 r-xp 00000000 08:07 794697                     /tmp/simgrid-java7155849196236994566/libsimgrid.so
7fec37dbd000-7fec37fbd000 ---p 002c5000 08:07 794697                     /tmp/simgrid-java7155849196236994566/libsimgrid.so
7fec37fbd000-7fec37ff8000 rw-p 002c5000 08:07 794697                     /tmp/simgrid-java7155849196236994566/libsimgrid.so
7fec37ff8000-7fec38000000 rw-p 00000000 00:00 0 
7fec38000000-7fec3808d000 rw-p 00000000 00:00 0 
7fec3808d000-7fec3c000000 ---p 00000000 00:00 0 
7fec3c000000-7fec3c021000 rw-p 00000000 00:00 0 
7fec3c021000-7fec40000000 ---p 00000000 00:00 0 
7fec40000000-7fec40021000 rw-p 00000000 00:00 0 
7fec40021000-7fec44000000 ---p 00000000 00:00 0 
7fec44000000-7fec442c3000 rw-p 00000000 00:00 0 
7fec442c3000-7fec48000000 ---p 00000000 00:00 0 
7fec48000000-7fec48021000 rw-p 00000000 00:00 0 
7fec48021000-7fec4c000000 ---p 00000000 00:00 0 
7fec4c000000-7fec4c021000 rw-p 00000000 00:00 0 
7fec4c021000-7fec50000000 ---p 00000000 00:00 0 
7fec50000000-7fec50021000 rw-p 00000000 00:00 0 
7fec50021000-7fec54000000 ---p 00000000 00:00 0 
7fec54034000-7fec541a7000 r-xp 00000000 08:07 1059329                    /usr/lib/x86_64-linux-gnu/libstdc++.so.6.0.21
7fec541a7000-7fec543a6000 ---p 00173000 08:07 1059329                    /usr/lib/x86_64-linux-gnu/libstdc++.so.6.0.21
7fec543a6000-7fec543b0000 r--p 00172000 08:07 1059329                    /usr/lib/x86_64-linux-gnu/libstdc++.so.6.0.21
7fec543b0000-7fec543b2000 rw-p 0017c000 08:07 1059329                    /usr/lib/x86_64-linux-gnu/libstdc++.so.6.0.21
7fec543b2000-7fec546b7000 rw-p 00000000 00:00 0 
7fec546b7000-7fec546ce000 r-xp 00000000 08:07 663689                     /home/elixandre/jdk1.7.0_80/jre/lib/amd64/libnet.so
7fec546ce000-7fec548cd000 ---p 00017000 08:07 663689                     /home/elixandre/jdk1.7.0_80/jre/lib/amd64/libnet.so
7fec548cd000-7fec548ce000 rw-p 00016000 08:07 663689                     /home/elixandre/jdk1.7.0_80/jre/lib/amd64/libnet.so
7fec548ce000-7fec548de000 r-xp 00000000 08:07 663688                     /home/elixandre/jdk1.7.0_80/jre/lib/amd64/libnio.so
7fec548de000-7fec54ade000 ---p 00010000 08:07 663688                     /home/elixandre/jdk1.7.0_80/jre/lib/amd64/libnio.so
7fec54ade000-7fec54adf000 rw-p 00010000 08:07 663688                     /home/elixandre/jdk1.7.0_80/jre/lib/amd64/libnio.so
7fec54adf000-7fec54ae0000 ---p 00000000 00:00 0 
7fec54ae0000-7fec54be0000 rw-p 00000000 00:00 0 
7fec54be0000-7fec54be3000 ---p 00000000 00:00 0 
7fec54be3000-7fec54ce1000 rw-p 00000000 00:00 0 
7fec54ce1000-7fec54ce4000 ---p 00000000 00:00 0 
7fec54ce4000-7fec54de2000 rw-p 00000000 00:00 0 
7fec54de2000-7fec54de5000 ---p 00000000 00:00 0 
7fec54de5000-7fec54ee3000 rw-p 00000000 00:00 0 
7fec54ee3000-7fec54ee6000 ---p 00000000 00:00 0 
7fec54ee6000-7fec54fe4000 rw-p 00000000 00:00 0 
7fec54fe4000-7fec556c7000 r--p 00000000 08:07 1055607                    /usr/lib/locale/locale-archive
7fec556c7000-7fec556ca000 ---p 00000000 00:00 0 
7fec556ca000-7fec557c8000 rw-p 00000000 00:00 0 
7fec557c8000-7fec557cb000 ---p 00000000 00:00 0 
7fec557cb000-7fec558c9000 rw-p 00000000 00:00 0 
7fec558c9000-7fec558ca000 ---p 00000000 00:00 0 
7fec558ca000-7fec58000000 rw-p 00000000 00:00 0 
7fec58000000-7fec58021000 rw-p 00000000 00:00 0 
7fec58021000-7fec5c000000 ---p 00000000 00:00 0 
7fec5c000000-7fec5c021000 rw-p 00000000 00:00 0 
7fec5c021000-7fec60000000 ---p 00000000 00:00 0 
7fec60000000-7fec60021000 rw-p 00000000 00:00 0 
7fec60021000-7fec64000000 ---p 00000000 00:00 0 
7fec64000000-7fec64021000 rw-p 00000000 00:00 0 
7fec64021000-7fec68000000 ---p 00000000 00:00 0 
7fec6804a000-7fec68a43000 rw-p 00000000 00:00 0 
7fec68a43000-7fec68c03000 r--s 039fb000 08:07 663892                     /home/elixandre/jdk1.7.0_80/jre/lib/rt.jar
7fec68c03000-7fec68eff000 rw-p 00000000 00:00 0 
7fec68eff000-7fec68f00000 ---p 00000000 00:00 0 
7fec68f00000-7fec69000000 rw-p 00000000 00:00 0 
7fec69000000-7fec69270000 rwxp 00000000 00:00 0 
7fec69270000-7fec6c418000 rw-p 00000000 00:00 0 
7fec6c418000-7fec70000000 ---p 00000000 00:00 0 
7fec70008000-7fec70009000 ---p 00000000 00:00 0 
7fec70009000-7fec70109000 rw-p 00000000 00:00 0 
7fec70109000-7fec7010a000 ---p 00000000 00:00 0 
7fec7010a000-7fec7020a000 rw-p 00000000 00:00 0 
7fec7020a000-7fec7020b000 ---p 00000000 00:00 0 
7fec7020b000-7fec70316000 rw-p 00000000 00:00 0 
7fec70316000-7fec70334000 rw-p 00000000 00:00 0 
7fec70334000-7fec70348000 rw-p 00000000 00:00 0 
7fec70348000-7fec70470000 rw-p 00000000 00:00 0 
7fec70470000-7fec7047b000 rw-p 00000000 00:00 0 
7fec7047b000-7fec70499000 rw-p 00000000 00:00 0 
7fec70499000-7fec704ad000 rw-p 00000000 00:00 0 
7fec704ad000-7fec705d5000 rw-p 00000000 00:00 0 
7fec705d5000-7fec705df000 rw-p 00000000 00:00 0 
7fec705df000-7fec70673000 rw-p 00000000 00:00 0 
7fec70673000-7fec70674000 rw-p 00000000 00:00 0 
7fec70674000-7fec7068b000 r-xp 00000000 08:07 663687                     /home/elixandre/jdk1.7.0_80/jre/lib/amd64/libzip.so
7fec7068b000-7fec7088b000 ---p 00017000 08:07 663687                     /home/elixandre/jdk1.7.0_80/jre/lib/amd64/libzip.so
7fec7088b000-7fec7088c000 rw-p 00017000 08:07 663687                     /home/elixandre/jdk1.7.0_80/jre/lib/amd64/libzip.so
7fec7088c000-7fec70896000 r-xp 00000000 08:07 529521                     /lib/x86_64-linux-gnu/libnss_files-2.21.so
7fec70896000-7fec70a96000 ---p 0000a000 08:07 529521                     /lib/x86_64-linux-gnu/libnss_files-2.21.so
7fec70a96000-7fec70a97000 r--p 0000a000 08:07 529521                     /lib/x86_64-linux-gnu/libnss_files-2.21.so
7fec70a97000-7fec70a98000 rw-p 0000b000 08:07 529521                     /lib/x86_64-linux-gnu/libnss_files-2.21.so
7fec70a98000-7fec70aa3000 r-xp 00000000 08:07 529535                     /lib/x86_64-linux-gnu/libnss_nis-2.21.so
7fec70aa3000-7fec70ca2000 ---p 0000b000 08:07 529535                     /lib/x86_64-linux-gnu/libnss_nis-2.21.so
7fec70ca2000-7fec70ca3000 r--p 0000a000 08:07 529535                     /lib/x86_64-linux-gnu/libnss_nis-2.21.so
7fec70ca3000-7fec70ca4000 rw-p 0000b000 08:07 529535                     /lib/x86_64-linux-gnu/libnss_nis-2.21.so
7fec70ca4000-7fec70cbb000 r-xp 00000000 08:07 529538                     /lib/x86_64-linux-gnu/libnsl-2.21.so
7fec70cbb000-7fec70eba000 ---p 00017000 08:07 529538                     /lib/x86_64-linux-gnu/libnsl-2.21.so
7fec70eba000-7fec70ebb000 r--p 00016000 08:07 529538                     /lib/x86_64-linux-gnu/libnsl-2.21.so
7fec70ebb000-7fec70ebc000 rw-p 00017000 08:07 529538                     /lib/x86_64-linux-gnu/libnsl-2.21.so
7fec70ebc000-7fec70ebe000 rw-p 00000000 00:00 0 
7fec70ebe000-7fec70ec6000 r-xp 00000000 08:07 529523                     /lib/x86_64-linux-gnu/libnss_compat-2.21.so
7fec70ec6000-7fec710c5000 ---p 00008000 08:07 529523                     /lib/x86_64-linux-gnu/libnss_compat-2.21.so
7fec710c5000-7fec710c6000 r--p 00007000 08:07 529523                     /lib/x86_64-linux-gnu/libnss_compat-2.21.so
7fec710c6000-7fec710c7000 rw-p 00008000 08:07 529523                     /lib/x86_64-linux-gnu/libnss_compat-2.21.so
7fec710c7000-7fec710f0000 r-xp 00000000 08:07 663623                     /home/elixandre/jdk1.7.0_80/jre/lib/amd64/libjava.so
7fec710f0000-7fec712f0000 ---p 00029000 08:07 663623                     /home/elixandre/jdk1.7.0_80/jre/lib/amd64/libjava.so
7fec712f0000-7fec712f2000 rw-p 00029000 08:07 663623                     /home/elixandre/jdk1.7.0_80/jre/lib/amd64/libjava.so
7fec712f2000-7fec712ff000 r-xp 00000000 08:07 663501                     /home/elixandre/jdk1.7.0_80/jre/lib/amd64/libverify.so
7fec712ff000-7fec714fe000 ---p 0000d000 08:07 663501                     /home/elixandre/jdk1.7.0_80/jre/lib/amd64/libverify.so
7fec714fe000-7fec71500000 rw-p 0000c000 08:07 663501                     /home/elixandre/jdk1.7.0_80/jre/lib/amd64/libverify.so
7fec71500000-7fec71507000 r-xp 00000000 08:07 529522                     /lib/x86_64-linux-gnu/librt-2.21.so
7fec71507000-7fec71706000 ---p 00007000 08:07 529522                     /lib/x86_64-linux-gnu/librt-2.21.so
7fec71706000-7fec71707000 r--p 00006000 08:07 529522                     /lib/x86_64-linux-gnu/librt-2.21.so
7fec71707000-7fec71708000 rw-p 00007000 08:07 529522                     /lib/x86_64-linux-gnu/librt-2.21.so
7fec71708000-7fec7180f000 r-xp 00000000 08:07 529524                     /lib/x86_64-linux-gnu/libm-2.21.so
7fec7180f000-7fec71a0e000 ---p 00107000 08:07 529524                     /lib/x86_64-linux-gnu/libm-2.21.so
7fec71a0e000-7fec71a0f000 r--p 00106000 08:07 529524                     /lib/x86_64-linux-gnu/libm-2.21.so
7fec71a0f000-7fec71a10000 rw-p 00107000 08:07 529524                     /lib/x86_64-linux-gnu/libm-2.21.so
7fec71a10000-7fec72586000 r-xp 00000000 08:07 663273                     /home/elixandre/jdk1.7.0_80/jre/lib/amd64/server/libjvm.so
7fec72586000-7fec72785000 ---p 00b76000 08:07 663273                     /home/elixandre/jdk1.7.0_80/jre/lib/amd64/server/libjvm.so
7fec72785000-7fec72849000 rw-p 00b75000 08:07 663273                     /home/elixandre/jdk1.7.0_80/jre/lib/amd64/server/libjvm.so
7fec72849000-7fec7288a000 rw-p 00000000 00:00 0 
7fec7288a000-7fec72a4a000 r-xp 00000000 08:07 529541                     /lib/x86_64-linux-gnu/libc-2.21.so
7fec72a4a000-7fec72c4a000 ---p 001c0000 08:07 529541                     /lib/x86_64-linux-gnu/libc-2.21.so
7fec72c4a000-7fec72c4e000 r--p 001c0000 08:07 529541                     /lib/x86_64-linux-gnu/libc-2.21.so
7fec72c4e000-7fec72c50000 rw-p 001c4000 08:07 529541                     /lib/x86_64-linux-gnu/libc-2.21.so
7fec72c50000-7fec72c54000 rw-p 00000000 00:00 0 
7fec72c54000-7fec72c57000 r-xp 00000000 08:07 529528                     /lib/x86_64-linux-gnu/libdl-2.21.so
7fec72c57000-7fec72e56000 ---p 00003000 08:07 529528                     /lib/x86_64-linux-gnu/libdl-2.21.so
7fec72e56000-7fec72e57000 r--p 00002000 08:07 529528                     /lib/x86_64-linux-gnu/libdl-2.21.so
7fec72e57000-7fec72e58000 rw-p 00003000 08:07 529528                     /lib/x86_64-linux-gnu/libdl-2.21.so
7fec72e58000-7fec72e6d000 r-xp 00000000 08:07 663695                     /home/elixandre/jdk1.7.0_80/lib/amd64/jli/libjli.so
7fec72e6d000-7fec7306c000 ---p 00015000 08:07 663695                     /home/elixandre/jdk1.7.0_80/lib/amd64/jli/libjli.so
7fec7306c000-7fec7306d000 rw-p 00014000 08:07 663695                     /home/elixandre/jdk1.7.0_80/lib/amd64/jli/libjli.so
7fec7306d000-7fec73085000 r-xp 00000000 08:07 529525                     /lib/x86_64-linux-gnu/libpthread-2.21.so
7fec73085000-7fec73285000 ---p 00018000 08:07 529525                     /lib/x86_64-linux-gnu/libpthread-2.21.so
7fec73285000-7fec73286000 r--p 00018000 08:07 529525                     /lib/x86_64-linux-gnu/libpthread-2.21.so
7fec73286000-7fec73287000 rw-p 00019000 08:07 529525                     /lib/x86_64-linux-gnu/libpthread-2.21.so
7fec73287000-7fec7328b000 rw-p 00000000 00:00 0 
7fec7328b000-7fec732af000 r-xp 00000000 08:07 529539                     /lib/x86_64-linux-gnu/ld-2.21.so
7fec732b9000-7fec732d8000 rw-p 00000000 00:00 0 
7fec732d8000-7fec7338e000 rw-p 00000000 00:00 0 
7fec7338e000-7fec73391000 ---p 00000000 00:00 0 
7fec73391000-7fec73493000 rw-p 00000000 00:00 0 
7fec7349a000-7fec7349b000 rw-p 00000000 00:00 0 
7fec7349b000-7fec7349f000 r--s 0008b000 08:07 663627                     /home/elixandre/jdk1.7.0_80/jre/lib/jsse.jar
7fec7349f000-7fec734a2000 r--s 00f76000 08:07 542783                     /home/elixandre/Downloads/simgrid.jar
7fec734a2000-7fec734aa000 rw-s 00000000 08:07 544733                     /tmp/hsperfdata_elixandre/6018
7fec734aa000-7fec734ab000 rw-p 00000000 00:00 0 
7fec734ab000-7fec734ac000 r--p 00000000 00:00 0 
7fec734ac000-7fec734ae000 rw-p 00000000 00:00 0 
7fec734ae000-7fec734af000 r--p 00023000 08:07 529539                     /lib/x86_64-linux-gnu/ld-2.21.so
7fec734af000-7fec734b0000 rw-p 00024000 08:07 529539                     /lib/x86_64-linux-gnu/ld-2.21.so
7fec734b0000-7fec734b1000 rw-p 00000000 00:00 0 
7ffc7f64a000-7ffc7f66b000 rw-p 00000000 00:00 0                          [stack]
7ffc7f7ca000-7ffc7f7cc000 r--p 00000000 00:00 0                          [vvar]
7ffc7f7cc000-7ffc7f7ce000 r-xp 00000000 00:00 0                          [vdso]
ffffffffff600000-ffffffffff601000 r-xp 00000000 00:00 0                  [vsyscall]

VM Arguments:
jvm_args: -Dfile.encoding=UTF-8 
java_command: vcube.VCube platform.xml deployment.xml
Launcher Type: SUN_STANDARD

Environment Variables:
PATH=/usr/local/sbin:/usr/local/bin:/usr/sbin:/usr/bin:/sbin:/bin:/usr/games:/usr/local/games:/home/elixandre/.rvm/bin
LD_LIBRARY_PATH=/home/elixandre/jdk1.7.0_80/jre/lib/amd64:/home/elixandre/jdk1.7.0_80/jre/lib/i386:
SHELL=/bin/bash
DISPLAY=:0

Signal Handlers:
SIGSEGV: [libjvm.so+0x9a3b20], sa_mask[0]=0x7ffbfeff, sa_flags=0x10000004
SIGBUS: [libjvm.so+0x9a3b20], sa_mask[0]=0x7ffbfeff, sa_flags=0x10000004
SIGFPE: [libjvm.so+0x81e740], sa_mask[0]=0x7ffbfeff, sa_flags=0x10000004
SIGPIPE: [libjvm.so+0x81e740], sa_mask[0]=0x7ffbfeff, sa_flags=0x10000004
SIGXFSZ: [libjvm.so+0x81e740], sa_mask[0]=0x7ffbfeff, sa_flags=0x10000004
SIGILL: [libjvm.so+0x81e740], sa_mask[0]=0x7ffbfeff, sa_flags=0x10000004
SIGUSR1: SIG_DFL, sa_mask[0]=0x00000000, sa_flags=0x00000000
SIGUSR2: [libjvm.so+0x81ffb0], sa_mask[0]=0x00000004, sa_flags=0x10000004
SIGHUP: [libjvm.so+0x8210d0], sa_mask[0]=0x7ffbfeff, sa_flags=0x10000004
SIGINT: [libsimgrid.so+0x8ff50], sa_mask[0]=0x00000002, sa_flags=0x10000000
SIGTERM: [libjvm.so+0x8210d0], sa_mask[0]=0x7ffbfeff, sa_flags=0x10000004
SIGQUIT: [libjvm.so+0x8210d0], sa_mask[0]=0x7ffbfeff, sa_flags=0x10000004


---------------  S Y S T E M  ---------------

OS:jessie/sid

uname:Linux 4.2.0-42-generic #49-Ubuntu SMP Tue Jun 28 21:26:26 UTC 2016 x86_64
libc:glibc 2.21 NPTL 2.21 
rlimit: STACK 8192k, CORE 0k, NPROC 15009, NOFILE 65536, AS infinity
load average:0.80 0.42 0.22

/proc/meminfo:
MemTotal:        3879128 kB
MemFree:         1035416 kB
MemAvailable:    1962076 kB
Buffers:           80640 kB
Cached:          1121672 kB
SwapCached:         2724 kB
Active:          1482304 kB
Inactive:        1122268 kB
Active(anon):     906888 kB
Inactive(anon):   657740 kB
Active(file):     575416 kB
Inactive(file):   464528 kB
Unevictable:          32 kB
Mlocked:              32 kB
SwapTotal:        975868 kB
SwapFree:         947608 kB
Dirty:             12712 kB
Writeback:             0 kB
AnonPages:       1400112 kB
Mapped:           288796 kB
Shmem:            162320 kB
Slab:             144612 kB
SReclaimable:     111300 kB
SUnreclaim:        33312 kB
KernelStack:        9024 kB
PageTables:        33916 kB
NFS_Unstable:          0 kB
Bounce:                0 kB
WritebackTmp:          0 kB
CommitLimit:     2915432 kB
Committed_AS:    5091992 kB
VmallocTotal:   34359738367 kB
VmallocUsed:      347648 kB
VmallocChunk:   34358947836 kB
HardwareCorrupted:     0 kB
AnonHugePages:    991232 kB
CmaTotal:              0 kB
CmaFree:               0 kB
HugePages_Total:       0
HugePages_Free:        0
HugePages_Rsvd:        0
HugePages_Surp:        0
Hugepagesize:       2048 kB
DirectMap4k:      131832 kB
DirectMap2M:     3895296 kB


CPU:total 4 (2 cores per cpu, 2 threads per core) family 6 model 58 stepping 9, cmov, cx8, fxsr, mmx, sse, sse2, sse3, ssse3, sse4.1, sse4.2, popcnt, avx, erms, ht, tsc, tscinvbit, tscinv

/proc/cpuinfo:
processor	: 0
vendor_id	: GenuineIntel
cpu family	: 6
model		: 58
model name	: Intel(R) Core(TM) i7-3517U CPU @ 1.90GHz
stepping	: 9
microcode	: 0x12
cpu MHz		: 2799.937
cache size	: 4096 KB
physical id	: 0
siblings	: 4
core id		: 0
cpu cores	: 2
apicid		: 0
initial apicid	: 0
fpu		: yes
fpu_exception	: yes
cpuid level	: 13
wp		: yes
flags		: fpu vme de pse tsc msr pae mce cx8 apic sep mtrr pge mca cmov pat pse36 clflush dts acpi mmx fxsr sse sse2 ss ht tm pbe syscall nx rdtscp lm constant_tsc arch_perfmon pebs bts rep_good nopl xtopology nonstop_tsc aperfmperf eagerfpu pni pclmulqdq dtes64 monitor ds_cpl vmx est tm2 ssse3 cx16 xtpr pdcm pcid sse4_1 sse4_2 x2apic popcnt tsc_deadline_timer xsave avx f16c rdrand lahf_lm ida arat epb pln pts dtherm tpr_shadow vnmi flexpriority ept vpid fsgsbase smep erms xsaveopt
bugs		:
bogomips	: 4789.11
clflush size	: 64
cache_alignment	: 64
address sizes	: 36 bits physical, 48 bits virtual
power management:

processor	: 1
vendor_id	: GenuineIntel
cpu family	: 6
model		: 58
model name	: Intel(R) Core(TM) i7-3517U CPU @ 1.90GHz
stepping	: 9
microcode	: 0x12
cpu MHz		: 2799.937
cache size	: 4096 KB
physical id	: 0
siblings	: 4
core id		: 0
cpu cores	: 2
apicid		: 1
initial apicid	: 1
fpu		: yes
fpu_exception	: yes
cpuid level	: 13
wp		: yes
flags		: fpu vme de pse tsc msr pae mce cx8 apic sep mtrr pge mca cmov pat pse36 clflush dts acpi mmx fxsr sse sse2 ss ht tm pbe syscall nx rdtscp lm constant_tsc arch_perfmon pebs bts rep_good nopl xtopology nonstop_tsc aperfmperf eagerfpu pni pclmulqdq dtes64 monitor ds_cpl vmx est tm2 ssse3 cx16 xtpr pdcm pcid sse4_1 sse4_2 x2apic popcnt tsc_deadline_timer xsave avx f16c rdrand lahf_lm ida arat epb pln pts dtherm tpr_shadow vnmi flexpriority ept vpid fsgsbase smep erms xsaveopt
bugs		:
bogomips	: 4789.11
clflush size	: 64
cache_alignment	: 64
address sizes	: 36 bits physical, 48 bits virtual
power management:

processor	: 2
vendor_id	: GenuineIntel
cpu family	: 6
model		: 58
model name	: Intel(R) Core(TM) i7-3517U CPU @ 1.90GHz
stepping	: 9
microcode	: 0x12
cpu MHz		: 2799.937
cache size	: 4096 KB
physical id	: 0
siblings	: 4
core id		: 1
cpu cores	: 2
apicid		: 2
initial apicid	: 2
fpu		: yes
fpu_exception	: yes
cpuid level	: 13
wp		: yes
flags		: fpu vme de pse tsc msr pae mce cx8 apic sep mtrr pge mca cmov pat pse36 clflush dts acpi mmx fxsr sse sse2 ss ht tm pbe syscall nx rdtscp lm constant_tsc arch_perfmon pebs bts rep_good nopl xtopology nonstop_tsc aperfmperf eagerfpu pni pclmulqdq dtes64 monitor ds_cpl vmx est tm2 ssse3 cx16 xtpr pdcm pcid sse4_1 sse4_2 x2apic popcnt tsc_deadline_timer xsave avx f16c rdrand lahf_lm ida arat epb pln pts dtherm tpr_shadow vnmi flexpriority ept vpid fsgsbase smep erms xsaveopt
bugs		:
bogomips	: 4789.11
clflush size	: 64
cache_alignment	: 64
address sizes	: 36 bits physical, 48 bits virtual
power management:

processor	: 3
vendor_id	: GenuineIntel
cpu family	: 6
model		: 58
model name	: Intel(R) Core(TM) i7-3517U CPU @ 1.90GHz
stepping	: 9
microcode	: 0x12
cpu MHz		: 2799.937
cache size	: 4096 KB
physical id	: 0
siblings	: 4
core id		: 1
cpu cores	: 2
apicid		: 3
initial apicid	: 3
fpu		: yes
fpu_exception	: yes
cpuid level	: 13
wp		: yes
flags		: fpu vme de pse tsc msr pae mce cx8 apic sep mtrr pge mca cmov pat pse36 clflush dts acpi mmx fxsr sse sse2 ss ht tm pbe syscall nx rdtscp lm constant_tsc arch_perfmon pebs bts rep_good nopl xtopology nonstop_tsc aperfmperf eagerfpu pni pclmulqdq dtes64 monitor ds_cpl vmx est tm2 ssse3 cx16 xtpr pdcm pcid sse4_1 sse4_2 x2apic popcnt tsc_deadline_timer xsave avx f16c rdrand lahf_lm ida arat epb pln pts dtherm tpr_shadow vnmi flexpriority ept vpid fsgsbase smep erms xsaveopt
bugs		:
bogomips	: 4789.11
clflush size	: 64
cache_alignment	: 64
address sizes	: 36 bits physical, 48 bits virtual
power management:



Memory: 4k page, physical 3879128k(1035416k free), swap 975868k(947608k free)

vm_info: Java HotSpot(TM) 64-Bit Server VM (24.80-b11) for linux-amd64 JRE (1.7.0_80-b15), built on Apr 10 2015 19:53:14 by "java_re" with gcc 4.3.0 20080428 (Red Hat 4.3.0-8)

time: Sat Apr 29 14:00:26 2017
elapsed time: 2 seconds

