#
# A fatal error has been detected by the Java Runtime Environment:
#
#  SIGSEGV (0xb) at pc=0x00007f67f200c263, pid=9432, tid=0x00007f68088d7700
#
# JRE version: Java(TM) SE Runtime Environment (8.0_111-b14) (build 1.8.0_111-b14)
# Java VM: Java HotSpot(TM) 64-Bit Server VM (25.111-b14 mixed mode linux-amd64 compressed oops)
# Problematic frame:
# C  [libsimgrid.so+0x190263]  xbt_dynar_member+0x23
#
# Failed to write core dump. Core dumps have been disabled. To enable core dumping, try "ulimit -c unlimited" before starting Java again
#
# If you would like to submit a bug report, please visit:
#   http://bugreport.java.com/bugreport/crash.jsp
#

---------------  T H R E A D  ---------------

Current thread (0x00007f681c077800):  VMThread [stack: 0x00007f68087d7000,0x00007f68088d8000] [id=9442]

siginfo: si_signo: 11 (SIGSEGV), si_code: 1 (SEGV_MAPERR), si_addr: 0x0000000000000000

Registers:
RAX=0x0000000000000000, RBX=0x00007f67f2378700, RCX=0x0000000000000000, RDX=0x00007f68088d7a30
RSP=0x00007f68088d6710, RBP=0x00007f681c14aa00, RSI=0x00007f68088d68b8, RDI=0x00007f68088d67d0
R8 =0x00007f681c141a10, R9 =0x00007f681c141a10, R10=0x0000000000000c58, R11=0x00007f67f200c240
R12=0x00007f67f2383790, R13=0x00007f681c12aa00, R14=0x00000000000003d8, R15=0x00007f681c026e88
RIP=0x00007f67f200c263, EFLAGS=0x0000000000010202, CSGSFS=0x0000000000000033, ERR=0x0000000000000004
  TRAPNO=0x000000000000000e

Top of Stack: (sp=0x00007f68088d6710)
0x00007f68088d6710:   0000000000000000 0000000000000000
0x00007f68088d6720:   00007f681c141a80 00007f68088d68b8
0x00007f68088d6730:   0000000000000000 0000000000000000
0x00007f68088d6740:   0000000000000000 0000000000000000
0x00007f68088d6750:   0000000000000000 0000000000000000
0x00007f68088d6760:   0000000000000000 0000000000000000
0x00007f68088d6770:   0000000000000000 0000000000000000
0x00007f68088d6780:   0000ff00000000ff 00000000ff000000
0x00007f68088d6790:   0000000000000000 0000000000000000
0x00007f68088d67a0:   0000000000000000 0000000000000000
0x00007f68088d67b0:   0000000000000000 0000000000000000
0x00007f68088d67c0:   0000000042c80000 0000000000000000
0x00007f68088d67d0:   0000000000000000 0000000000000000
0x00007f68088d67e0:   00007f6820b3fff0 00007f6820b404b0
0x00007f68088d67f0:   0000000000000000 0000000000000000
0x00007f68088d6800:   00007f67f2343400 00007f681c1516b0
0x00007f68088d6810:   00007f681c12aa00 00007f67f2002a0a
0x00007f68088d6820:   00007f681cd28060 00007f67f2343400
0x00007f68088d6830:   00007f681c1516b0 00007f67f2072286
0x00007f68088d6840:   00007f681c188f40 0000000000000000
0x00007f68088d6850:   0000000000000000 00007f68088d68b8
0x00007f68088d6860:   00007f681c141a80 00007f681c141a10
0x00007f68088d6870:   00007f681c141a10 00007f67f237ba98
0x00007f68088d6880:   00007f681c143c70 0000000000000001
0x00007f68088d6890:   00007f67f2378700 00007f681c128ee0
0x00007f68088d68a0:   00007f67f2378700 00007f67f202934f
0x00007f68088d68b0:   0000000000000000 00007f681c1516b0
0x00007f68088d68c0:   00007f6820b3fff0 00007f6820b404b0
0x00007f68088d68d0:   0000000000000000 00007f67f237ba98
0x00007f68088d68e0:   00007f681c143c70 0000000000000001
0x00007f68088d68f0:   00007f681c12aa00 00007f67f200ad37
0x00007f68088d6900:   00007f681c12aa00 00007f67f237b098 

Instructions: (pc=0x00007f67f200c263)
0x00007f67f200c243:   ec 90 01 00 00 48 8b 05 01 a2 33 00 48 89 7c 24
0x00007f67f200c253:   10 48 89 74 24 18 ff 10 48 8d bc 24 c0 00 00 00
0x00007f67f200c263:   48 8b 08 48 89 04 24 48 89 38 48 89 4c 24 08 e8
0x00007f67f200c273:   79 31 ed ff 85 c0 74 75 48 8b 14 24 c7 42 08 01 

Register to memory mapping:

RAX=0x0000000000000000 is an unknown value
RBX=0x00007f67f2378700: _simgrid_log_category__simix_process+0 in /tmp/simgrid-java8841607039245193950/libsimgrid.so at 0x00007f67f1e7c000
RCX=0x0000000000000000 is an unknown value
RDX=0x00007f68088d7a30 is an unknown value
RSP=0x00007f68088d6710 is an unknown value
RBP=0x00007f681c14aa00 is an unknown value
RSI=0x00007f68088d68b8 is an unknown value
RDI=0x00007f68088d67d0 is an unknown value
R8 =0x00007f681c141a10 is an unknown value
R9 =0x00007f681c141a10 is an unknown value
R10=0x0000000000000c58 is an unknown value
R11=0x00007f67f200c240: xbt_dynar_member+0 in /tmp/simgrid-java8841607039245193950/libsimgrid.so at 0x00007f67f1e7c000
R12=0x00007f67f2383790: simix_global+0 in /tmp/simgrid-java8841607039245193950/libsimgrid.so at 0x00007f67f1e7c000
R13=0x00007f681c12aa00 is an unknown value
R14=0x00000000000003d8 is an unknown value
R15=0x00007f681c026e88 is an unknown value


Stack: [0x00007f68087d7000,0x00007f68088d8000],  sp=0x00007f68088d6710,  free space=1021k
Native frames: (J=compiled Java code, j=interpreted, Vv=VM code, C=native code)
C  [libsimgrid.so+0x190263]  xbt_dynar_member+0x23

VM_Operation (0x00007f67f06c74d0): Exit, mode: safepoint, requested by thread 0x00007f67e0001000


---------------  P R O C E S S  ---------------

Java Threads: ( => current thread )
  0x00007f6780001000 JavaThread "Thread-0" [_thread_blocked, id=9468, stack(0x00007f67f04c7000,0x00007f67f05c8000)]
  0x00007f67e0001000 JavaThread "SIGTERM handler" daemon [_thread_blocked, id=9467, stack(0x00007f67f05c8000,0x00007f67f06c9000)]
  0x00007f678c001000 JavaThread "Thread-16" [_thread_in_native, id=9466, stack(0x00007f67b87f9000,0x00007f67b8ffa000)]
  0x00007f6788001000 JavaThread "Thread-15" [_thread_in_native, id=9465, stack(0x00007f67b8ffa000,0x00007f67b97fb000)]
  0x00007f6794001000 JavaThread "Thread-14" [_thread_in_native, id=9464, stack(0x00007f67b97fb000,0x00007f67b9ffc000)]
  0x00007f6790001000 JavaThread "Thread-13" [_thread_in_native, id=9463, stack(0x00007f67b9ffc000,0x00007f67ba7fd000)]
  0x00007f679c001000 JavaThread "Thread-12" [_thread_in_native, id=9462, stack(0x00007f67ba7fd000,0x00007f67baffe000)]
  0x00007f6798001000 JavaThread "Thread-11" [_thread_in_native, id=9461, stack(0x00007f67baffe000,0x00007f67bb7ff000)]
  0x00007f67a4001000 JavaThread "Thread-10" [_thread_in_native, id=9460, stack(0x00007f67bb7ff000,0x00007f67bc000000)]
  0x00007f67a0001000 JavaThread "Thread-9" [_thread_in_native, id=9459, stack(0x00007f67cc7f9000,0x00007f67ccffa000)]
  0x00007f67a8001000 JavaThread "Thread-8" [_thread_in_native, id=9458, stack(0x00007f67ccffa000,0x00007f67cd7fb000)]
  0x00007f67b0001000 JavaThread "Thread-7" [_thread_in_native, id=9457, stack(0x00007f67cd7fb000,0x00007f67cdffc000)]
  0x00007f67b4001000 JavaThread "Thread-6" [_thread_in_native, id=9455, stack(0x00007f67ce7fd000,0x00007f67ceffe000)]
  0x00007f67ac001000 JavaThread "Thread-5" [_thread_blocked, id=9456, stack(0x00007f67cdffc000,0x00007f67ce7fd000)]
  0x00007f67bc001000 JavaThread "Thread-4" [_thread_in_native, id=9454, stack(0x00007f67ceffe000,0x00007f67cf7ff000)]
  0x00007f67c4001000 JavaThread "Thread-2" [_thread_in_native, id=9453, stack(0x00007f67cf7ff000,0x00007f67d0000000)]
  0x00007f67c0001000 JavaThread "Thread-1" [_thread_in_native, id=9452, stack(0x00007f67f06c9000,0x00007f67f0eca000)]
  0x00007f67c8001000 JavaThread "Thread-3" [_thread_in_native, id=9451, stack(0x00007f67f0eca000,0x00007f67f16cb000)]
  0x00007f681c0c0000 JavaThread "Service Thread" daemon [_thread_blocked, id=9449, stack(0x00007f68080d0000,0x00007f68081d1000)]
  0x00007f681c0bd000 JavaThread "C1 CompilerThread2" daemon [_thread_blocked, id=9448, stack(0x00007f68081d1000,0x00007f68082d2000)]
  0x00007f681c0bb000 JavaThread "C2 CompilerThread1" daemon [_thread_blocked, id=9447, stack(0x00007f68082d2000,0x00007f68083d3000)]
  0x00007f681c0b8800 JavaThread "C2 CompilerThread0" daemon [_thread_blocked, id=9446, stack(0x00007f68083d3000,0x00007f68084d4000)]
  0x00007f681c084000 JavaThread "Finalizer" daemon [_thread_blocked, id=9444, stack(0x00007f68085d5000,0x00007f68086d6000)]
  0x00007f681c07f000 JavaThread "Reference Handler" daemon [_thread_blocked, id=9443, stack(0x00007f68086d6000,0x00007f68087d7000)]
  0x00007f681c00a000 JavaThread "main" [_thread_in_native, id=9435, stack(0x00007f682542d000,0x00007f682552e000)]

Other Threads:
=>0x00007f681c077800 VMThread [stack: 0x00007f68087d7000,0x00007f68088d8000] [id=9442]

VM state:at safepoint (shutting down)

VM Mutex/Monitor currently owned by a thread:  ([mutex/lock_event])
[0x00007f681c0060f0] Threads_lock - owner thread: 0x00007f681c077800

Heap:
 PSYoungGen      total 17920K, used 11215K [0x00000000d5580000, 0x00000000d7880000, 0x0000000100000000)
  eden space 15360K, 56% used [0x00000000d5580000,0x00000000d5dfbd08,0x00000000d6480000)
  from space 2560K, 98% used [0x00000000d6700000,0x00000000d6978020,0x00000000d6980000)
  to   space 2560K, 0% used [0x00000000d6480000,0x00000000d6480000,0x00000000d6700000)
 ParOldGen       total 40960K, used 3344K [0x0000000080000000, 0x0000000082800000, 0x00000000d5580000)
  object space 40960K, 8% used [0x0000000080000000,0x0000000080344020,0x0000000082800000)
 Metaspace       used 3750K, capacity 4704K, committed 4864K, reserved 1056768K
  class space    used 417K, capacity 464K, committed 512K, reserved 1048576K

Card table byte_map: [0x00007f6821dd3000,0x00007f68221d4000] byte_map_base: 0x00007f68219d3000

Marking Bits: (ParMarkBitMap*) 0x00007f68248fd220
 Begin Bits: [0x00007f6809000000, 0x00007f680b000000)
 End Bits:   [0x00007f680b000000, 0x00007f680d000000)

Polling page: 0x00007f682554c000

CodeCache: size=245760Kb used=2237Kb max_used=2257Kb free=243522Kb
 bounds [0x00007f680d000000, 0x00007f680d270000, 0x00007f681c000000]
 total_blobs=453 nmethods=190 adapters=177
 compilation: enabled

Compilation events (10 events):
Event: 1.376 Thread 0x00007f681c0b8800  187       4       java.util.AbstractCollection::toArray (147 bytes)
Event: 1.394 Thread 0x00007f681c0b8800 nmethod 187 0x00007f680d167690 code [0x00007f680d167820, 0x00007f680d167eb8]
Event: 1.552 Thread 0x00007f681c0bb000 nmethod 186% 0x00007f680d224590 code [0x00007f680d224ae0, 0x00007f680d2297a0]
Event: 1.799 Thread 0x00007f681c0b8800  188 % !   4       vcube.Node::main @ 35 (1850 bytes)
Event: 2.028 Thread 0x00007f681c0b8800 nmethod 188% 0x00007f680d22cb90 code [0x00007f680d22d080, 0x00007f680d231b20]
Event: 2.652 Thread 0x00007f681c0bb000  189 % !   4       vcube.Node::main @ 1763 (1850 bytes)
Event: 2.855 Thread 0x00007f681c0bb000 nmethod 189% 0x00007f680d234a90 code [0x00007f680d234f80, 0x00007f680d239680]
Event: 2.948 Thread 0x00007f681c0bd000  190 % !   3       vcube.Node::main @ 59 (1850 bytes)
Event: 2.990 Thread 0x00007f681c0b8800  191       4       vcube.Node::conferirTimestempStatus (75 bytes)
Event: 2.994 Thread 0x00007f681c0b8800 nmethod 191 0x00007f680d166b90 code [0x00007f680d166ce0, 0x00007f680d166f18]

GC Heap History (4 events):
Event: 0.966 GC heap before
{Heap before GC invocations=1 (full 0):
 PSYoungGen      total 17920K, used 15360K [0x00000000d5580000, 0x00000000d6980000, 0x0000000100000000)
  eden space 15360K, 100% used [0x00000000d5580000,0x00000000d6480000,0x00000000d6480000)
  from space 2560K, 0% used [0x00000000d6700000,0x00000000d6700000,0x00000000d6980000)
  to   space 2560K, 0% used [0x00000000d6480000,0x00000000d6480000,0x00000000d6700000)
 ParOldGen       total 40960K, used 0K [0x0000000080000000, 0x0000000082800000, 0x00000000d5580000)
  object space 40960K, 0% used [0x0000000080000000,0x0000000080000000,0x0000000082800000)
 Metaspace       used 3735K, capacity 4704K, committed 4864K, reserved 1056768K
  class space    used 414K, capacity 464K, committed 512K, reserved 1048576K
Event: 0.974 GC heap after
Heap after GC invocations=1 (full 0):
 PSYoungGen      total 17920K, used 2560K [0x00000000d5580000, 0x00000000d6980000, 0x0000000100000000)
  eden space 15360K, 0% used [0x00000000d5580000,0x00000000d5580000,0x00000000d6480000)
  from space 2560K, 100% used [0x00000000d6480000,0x00000000d6700000,0x00000000d6700000)
  to   space 2560K, 0% used [0x00000000d6700000,0x00000000d6700000,0x00000000d6980000)
 ParOldGen       total 40960K, used 304K [0x0000000080000000, 0x0000000082800000, 0x00000000d5580000)
  object space 40960K, 0% used [0x0000000080000000,0x000000008004c020,0x0000000082800000)
 Metaspace       used 3735K, capacity 4704K, committed 4864K, reserved 1056768K
  class space    used 414K, capacity 464K, committed 512K, reserved 1048576K
}
Event: 1.953 GC heap before
{Heap before GC invocations=2 (full 0):
 PSYoungGen      total 17920K, used 17920K [0x00000000d5580000, 0x00000000d6980000, 0x0000000100000000)
  eden space 15360K, 100% used [0x00000000d5580000,0x00000000d6480000,0x00000000d6480000)
  from space 2560K, 100% used [0x00000000d6480000,0x00000000d6700000,0x00000000d6700000)
  to   space 2560K, 0% used [0x00000000d6700000,0x00000000d6700000,0x00000000d6980000)
 ParOldGen       total 40960K, used 304K [0x0000000080000000, 0x0000000082800000, 0x00000000d5580000)
  object space 40960K, 0% used [0x0000000080000000,0x000000008004c020,0x0000000082800000)
 Metaspace       used 3735K, capacity 4704K, committed 4864K, reserved 1056768K
  class space    used 414K, capacity 464K, committed 512K, reserved 1048576K
Event: 1.975 GC heap after
Heap after GC invocations=2 (full 0):
 PSYoungGen      total 17920K, used 2528K [0x00000000d5580000, 0x00000000d7880000, 0x0000000100000000)
  eden space 15360K, 0% used [0x00000000d5580000,0x00000000d5580000,0x00000000d6480000)
  from space 2560K, 98% used [0x00000000d6700000,0x00000000d6978020,0x00000000d6980000)
  to   space 2560K, 0% used [0x00000000d6480000,0x00000000d6480000,0x00000000d6700000)
 ParOldGen       total 40960K, used 3344K [0x0000000080000000, 0x0000000082800000, 0x00000000d5580000)
  object space 40960K, 8% used [0x0000000080000000,0x0000000080344020,0x0000000082800000)
 Metaspace       used 3735K, capacity 4704K, committed 4864K, reserved 1056768K
  class space    used 414K, capacity 464K, committed 512K, reserved 1048576K
}

Deoptimization events (2 events):
Event: 1.261 Thread 0x00007f67c8001000 Uncommon trap: reason=predicate action=maybe_recompile pc=0x00007f680d168960 method=java.util.AbstractCollection.toArray([Ljava/lang/Object;)[Ljava/lang/Object; @ 49
Event: 2.676 Thread 0x00007f67c0001000 Uncommon trap: reason=unstable_if action=reinterpret pc=0x00007f680d229348 method=vcube.Node.main([Ljava/lang/String;)V @ 412

Internal exceptions (10 events):
Event: 2.972 Thread 0x00007f67b0001000 Exception <a 'java/lang/ArrayIndexOutOfBoundsException'> (0x00000000d5b43548) thrown at [/HUDSON3/workspace/8-2-build-linux-amd64/jdk8u111/7883/hotspot/src/share/vm/runtime/sharedRuntime.cpp, line 605]
Event: 2.972 Thread 0x00007f67ac001000 Exception <a 'java/lang/ArrayIndexOutOfBoundsException'> (0x00000000d5b5e8b8) thrown at [/HUDSON3/workspace/8-2-build-linux-amd64/jdk8u111/7883/hotspot/src/share/vm/runtime/sharedRuntime.cpp, line 605]
Event: 2.987 Thread 0x00007f67c0001000 Exception <a 'java/lang/ArrayIndexOutOfBoundsException'> (0x00000000d5c2c0a8) thrown at [/HUDSON3/workspace/8-2-build-linux-amd64/jdk8u111/7883/hotspot/src/share/vm/runtime/sharedRuntime.cpp, line 605]
Event: 2.988 Thread 0x00007f67c8001000 Exception <a 'java/lang/ArrayIndexOutOfBoundsException'> (0x00000000d5b7b6f0) thrown at [/HUDSON3/workspace/8-2-build-linux-amd64/jdk8u111/7883/hotspot/src/share/vm/runtime/sharedRuntime.cpp, line 605]
Event: 2.990 Thread 0x00007f67a8001000 Exception <a 'java/lang/ArrayIndexOutOfBoundsException'> (0x00000000d5b0ffa0) thrown at [/HUDSON3/workspace/8-2-build-linux-amd64/jdk8u111/7883/hotspot/src/share/vm/runtime/sharedRuntime.cpp, line 605]
Event: 2.991 Thread 0x00007f678c001000 Exception <a 'java/lang/ArrayIndexOutOfBoundsException'> (0x00000000d5c5b000) thrown at [/HUDSON3/workspace/8-2-build-linux-amd64/jdk8u111/7883/hotspot/src/share/vm/runtime/sharedRuntime.cpp, line 605]
Event: 2.991 Thread 0x00007f67b0001000 Exception <a 'java/lang/ArrayIndexOutOfBoundsException'> (0x00000000d5b46830) thrown at [/HUDSON3/workspace/8-2-build-linux-amd64/jdk8u111/7883/hotspot/src/share/vm/runtime/sharedRuntime.cpp, line 605]
Event: 2.991 Thread 0x00007f6790001000 Exception <a 'java/lang/ArrayIndexOutOfBoundsException'> (0x00000000d5c765f0) thrown at [/HUDSON3/workspace/8-2-build-linux-amd64/jdk8u111/7883/hotspot/src/share/vm/runtime/sharedRuntime.cpp, line 605]
Event: 2.991 Thread 0x00007f67b4001000 Exception <a 'java/lang/ArrayIndexOutOfBoundsException'> (0x00000000d5b2af38) thrown at [/HUDSON3/workspace/8-2-build-linux-amd64/jdk8u111/7883/hotspot/src/share/vm/runtime/sharedRuntime.cpp, line 605]
Event: 2.991 Thread 0x00007f67ac001000 Exception <a 'java/lang/ArrayIndexOutOfBoundsException'> (0x00000000d5b61b70) thrown at [/HUDSON3/workspace/8-2-build-linux-amd64/jdk8u111/7883/hotspot/src/share/vm/runtime/sharedRuntime.cpp, line 605]

Events (10 events):
Event: 3.132 Thread 0x00007f67e0001000 Thread added: 0x00007f67e0001000
Event: 3.132 loading class java/util/IdentityHashMap$KeySet
Event: 3.132 loading class java/util/IdentityHashMap$KeySet done
Event: 3.133 loading class java/util/IdentityHashMap$KeyIterator
Event: 3.133 loading class java/util/IdentityHashMap$IdentityHashMapIterator
Event: 3.133 loading class java/util/IdentityHashMap$IdentityHashMapIterator done
Event: 3.133 loading class java/util/IdentityHashMap$KeyIterator done
Event: 3.133 Thread 0x00007f6780001000 Thread added: 0x00007f6780001000
Event: 3.134 Thread 0x00007f681c0b7000 Thread exited: 0x00007f681c0b7000
Event: 3.134 Executing VM operation: Exit


Dynamic libraries:
00400000-00401000 r-xp 00000000 08:01 8784123                            /home/elixandrebaldi/jdk1.8.0_111/bin/java
00600000-00601000 rw-p 00000000 08:01 8784123                            /home/elixandrebaldi/jdk1.8.0_111/bin/java
0119e000-011bf000 rw-p 00000000 00:00 0                                  [heap]
80000000-82800000 rw-p 00000000 00:00 0 
82800000-d5580000 ---p 00000000 00:00 0 
d5580000-d7880000 rw-p 00000000 00:00 0 
d7880000-100000000 ---p 00000000 00:00 0 
100000000-100080000 rw-p 00000000 00:00 0 
100080000-140000000 ---p 00000000 00:00 0 
7f6780000000-7f6780021000 rw-p 00000000 00:00 0 
7f6780021000-7f6784000000 ---p 00000000 00:00 0 
7f6788000000-7f67882ec000 rw-p 00000000 00:00 0 
7f67882ec000-7f678c000000 ---p 00000000 00:00 0 
7f678c000000-7f678c2ed000 rw-p 00000000 00:00 0 
7f678c2ed000-7f6790000000 ---p 00000000 00:00 0 
7f6790000000-7f67902ec000 rw-p 00000000 00:00 0 
7f67902ec000-7f6794000000 ---p 00000000 00:00 0 
7f6794000000-7f67942ee000 rw-p 00000000 00:00 0 
7f67942ee000-7f6798000000 ---p 00000000 00:00 0 
7f6798000000-7f67982ed000 rw-p 00000000 00:00 0 
7f67982ed000-7f679c000000 ---p 00000000 00:00 0 
7f679c000000-7f679c2ec000 rw-p 00000000 00:00 0 
7f679c2ec000-7f67a0000000 ---p 00000000 00:00 0 
7f67a0000000-7f67a02ec000 rw-p 00000000 00:00 0 
7f67a02ec000-7f67a4000000 ---p 00000000 00:00 0 
7f67a4000000-7f67a42ee000 rw-p 00000000 00:00 0 
7f67a42ee000-7f67a8000000 ---p 00000000 00:00 0 
7f67a8000000-7f67a82ed000 rw-p 00000000 00:00 0 
7f67a82ed000-7f67ac000000 ---p 00000000 00:00 0 
7f67ac000000-7f67ac2ea000 rw-p 00000000 00:00 0 
7f67ac2ea000-7f67b0000000 ---p 00000000 00:00 0 
7f67b0000000-7f67b02e9000 rw-p 00000000 00:00 0 
7f67b02e9000-7f67b4000000 ---p 00000000 00:00 0 
7f67b4000000-7f67b42eb000 rw-p 00000000 00:00 0 
7f67b42eb000-7f67b8000000 ---p 00000000 00:00 0 
7f67b87f9000-7f67b87fc000 ---p 00000000 00:00 0 
7f67b87fc000-7f67b8ffa000 rw-p 00000000 00:00 0 
7f67b8ffa000-7f67b8ffd000 ---p 00000000 00:00 0 
7f67b8ffd000-7f67b97fb000 rw-p 00000000 00:00 0 
7f67b97fb000-7f67b97fe000 ---p 00000000 00:00 0 
7f67b97fe000-7f67b9ffc000 rw-p 00000000 00:00 0 
7f67b9ffc000-7f67b9fff000 ---p 00000000 00:00 0 
7f67b9fff000-7f67ba7fd000 rw-p 00000000 00:00 0 
7f67ba7fd000-7f67ba800000 ---p 00000000 00:00 0 
7f67ba800000-7f67baffe000 rw-p 00000000 00:00 0 
7f67baffe000-7f67bb001000 ---p 00000000 00:00 0 
7f67bb001000-7f67bb7ff000 rw-p 00000000 00:00 0 
7f67bb7ff000-7f67bb802000 ---p 00000000 00:00 0 
7f67bb802000-7f67bc000000 rw-p 00000000 00:00 0 
7f67bc000000-7f67bc2eb000 rw-p 00000000 00:00 0 
7f67bc2eb000-7f67c0000000 ---p 00000000 00:00 0 
7f67c0000000-7f67c02e7000 rw-p 00000000 00:00 0 
7f67c02e7000-7f67c4000000 ---p 00000000 00:00 0 
7f67c4000000-7f67c42eb000 rw-p 00000000 00:00 0 
7f67c42eb000-7f67c8000000 ---p 00000000 00:00 0 
7f67c8000000-7f67c82f6000 rw-p 00000000 00:00 0 
7f67c82f6000-7f67cc000000 ---p 00000000 00:00 0 
7f67cc7f9000-7f67cc7fc000 ---p 00000000 00:00 0 
7f67cc7fc000-7f67ccffa000 rw-p 00000000 00:00 0 
7f67ccffa000-7f67ccffd000 ---p 00000000 00:00 0 
7f67ccffd000-7f67cd7fb000 rw-p 00000000 00:00 0 
7f67cd7fb000-7f67cd7fe000 ---p 00000000 00:00 0 
7f67cd7fe000-7f67cdffc000 rw-p 00000000 00:00 0 
7f67cdffc000-7f67cdfff000 ---p 00000000 00:00 0 
7f67cdfff000-7f67ce7fd000 rw-p 00000000 00:00 0 
7f67ce7fd000-7f67ce800000 ---p 00000000 00:00 0 
7f67ce800000-7f67ceffe000 rw-p 00000000 00:00 0 
7f67ceffe000-7f67cf001000 ---p 00000000 00:00 0 
7f67cf001000-7f67cf7ff000 rw-p 00000000 00:00 0 
7f67cf7ff000-7f67cf802000 ---p 00000000 00:00 0 
7f67cf802000-7f67d0000000 rw-p 00000000 00:00 0 
7f67d0000000-7f67d0021000 rw-p 00000000 00:00 0 
7f67d0021000-7f67d4000000 ---p 00000000 00:00 0 
7f67d4000000-7f67d4021000 rw-p 00000000 00:00 0 
7f67d4021000-7f67d8000000 ---p 00000000 00:00 0 
7f67d8000000-7f67d86fa000 rw-p 00000000 00:00 0 
7f67d86fa000-7f67dc000000 ---p 00000000 00:00 0 
7f67dc000000-7f67dc416000 rw-p 00000000 00:00 0 
7f67dc416000-7f67e0000000 ---p 00000000 00:00 0 
7f67e0000000-7f67e0021000 rw-p 00000000 00:00 0 
7f67e0021000-7f67e4000000 ---p 00000000 00:00 0 
7f67e4000000-7f67e450d000 rw-p 00000000 00:00 0 
7f67e450d000-7f67e8000000 ---p 00000000 00:00 0 
7f67e8000000-7f67e8021000 rw-p 00000000 00:00 0 
7f67e8021000-7f67ec000000 ---p 00000000 00:00 0 
7f67ec000000-7f67ec021000 rw-p 00000000 00:00 0 
7f67ec021000-7f67f0000000 ---p 00000000 00:00 0 
7f67f04c7000-7f67f04ca000 ---p 00000000 00:00 0 
7f67f04ca000-7f67f05c8000 rw-p 00000000 00:00 0 
7f67f05c8000-7f67f05cb000 ---p 00000000 00:00 0 
7f67f05cb000-7f67f06c9000 rw-p 00000000 00:00 0 
7f67f06c9000-7f67f06cc000 ---p 00000000 00:00 0 
7f67f06cc000-7f67f0eca000 rw-p 00000000 00:00 0 
7f67f0eca000-7f67f0ecd000 ---p 00000000 00:00 0 
7f67f0ecd000-7f67f16cb000 rw-p 00000000 00:00 0 
7f67f16cb000-7f67f16e3000 r-xp 00000000 08:01 2359590                    /tmp/simgrid-java8841607039245193950/libsimgrid-java.so (deleted)
7f67f16e3000-7f67f18e3000 ---p 00018000 08:01 2359590                    /tmp/simgrid-java8841607039245193950/libsimgrid-java.so (deleted)
7f67f18e3000-7f67f18e4000 rw-p 00018000 08:01 2359590                    /tmp/simgrid-java8841607039245193950/libsimgrid-java.so (deleted)
7f67f18e4000-7f67f18fa000 r-xp 00000000 08:01 3936627                    /lib/x86_64-linux-gnu/libgcc_s.so.1
7f67f18fa000-7f67f1af9000 ---p 00016000 08:01 3936627                    /lib/x86_64-linux-gnu/libgcc_s.so.1
7f67f1af9000-7f67f1afa000 rw-p 00015000 08:01 3936627                    /lib/x86_64-linux-gnu/libgcc_s.so.1
7f67f1afa000-7f67f1c6c000 r-xp 00000000 08:01 23332798                   /usr/lib/x86_64-linux-gnu/libstdc++.so.6.0.21
7f67f1c6c000-7f67f1e6c000 ---p 00172000 08:01 23332798                   /usr/lib/x86_64-linux-gnu/libstdc++.so.6.0.21
7f67f1e6c000-7f67f1e76000 r--p 00172000 08:01 23332798                   /usr/lib/x86_64-linux-gnu/libstdc++.so.6.0.21
7f67f1e76000-7f67f1e78000 rw-p 0017c000 08:01 23332798                   /usr/lib/x86_64-linux-gnu/libstdc++.so.6.0.21
7f67f1e78000-7f67f1e7c000 rw-p 00000000 00:00 0 
7f67f1e7c000-7f67f2141000 r-xp 00000000 08:01 2359589                    /tmp/simgrid-java8841607039245193950/libsimgrid.so (deleted)
7f67f2141000-7f67f2341000 ---p 002c5000 08:01 2359589                    /tmp/simgrid-java8841607039245193950/libsimgrid.so (deleted)
7f67f2341000-7f67f237c000 rw-p 002c5000 08:01 2359589                    /tmp/simgrid-java8841607039245193950/libsimgrid.so (deleted)
7f67f237c000-7f67f2685000 rw-p 00000000 00:00 0 
7f67f2685000-7f67f269b000 r-xp 00000000 08:01 8783936                    /home/elixandrebaldi/jdk1.8.0_111/jre/lib/amd64/libnet.so
7f67f269b000-7f67f289b000 ---p 00016000 08:01 8783936                    /home/elixandrebaldi/jdk1.8.0_111/jre/lib/amd64/libnet.so
7f67f289b000-7f67f289c000 rw-p 00016000 08:01 8783936                    /home/elixandrebaldi/jdk1.8.0_111/jre/lib/amd64/libnet.so
7f67f289c000-7f67f28ad000 r-xp 00000000 08:01 8783935                    /home/elixandrebaldi/jdk1.8.0_111/jre/lib/amd64/libnio.so
7f67f28ad000-7f67f2aac000 ---p 00011000 08:01 8783935                    /home/elixandrebaldi/jdk1.8.0_111/jre/lib/amd64/libnio.so
7f67f2aac000-7f67f2aad000 rw-p 00010000 08:01 8783935                    /home/elixandrebaldi/jdk1.8.0_111/jre/lib/amd64/libnio.so
7f67f2aad000-7f67f2aae000 ---p 00000000 00:00 0 
7f67f2aae000-7f67f2bae000 rw-p 00000000 00:00 0 
7f67f2bae000-7f67f4000000 r--p 00000000 08:01 23331759                   /usr/lib/locale/locale-archive
7f67f4000000-7f67f4021000 rw-p 00000000 00:00 0 
7f67f4021000-7f67f8000000 ---p 00000000 00:00 0 
7f67f8000000-7f67f8021000 rw-p 00000000 00:00 0 
7f67f8021000-7f67fc000000 ---p 00000000 00:00 0 
7f67fc000000-7f67fc021000 rw-p 00000000 00:00 0 
7f67fc021000-7f6800000000 ---p 00000000 00:00 0 
7f6800000000-7f6800021000 rw-p 00000000 00:00 0 
7f6800021000-7f6804000000 ---p 00000000 00:00 0 
7f6804000000-7f6804021000 rw-p 00000000 00:00 0 
7f6804021000-7f6808000000 ---p 00000000 00:00 0 
7f68080d0000-7f68080d3000 ---p 00000000 00:00 0 
7f68080d3000-7f68081d1000 rw-p 00000000 00:00 0 
7f68081d1000-7f68081d4000 ---p 00000000 00:00 0 
7f68081d4000-7f68082d2000 rw-p 00000000 00:00 0 
7f68082d2000-7f68082d5000 ---p 00000000 00:00 0 
7f68082d5000-7f68083d3000 rw-p 00000000 00:00 0 
7f68083d3000-7f68083d6000 ---p 00000000 00:00 0 
7f68083d6000-7f68084d4000 rw-p 00000000 00:00 0 
7f68084d4000-7f68084d7000 ---p 00000000 00:00 0 
7f68084d7000-7f68085d5000 rw-p 00000000 00:00 0 
7f68085d5000-7f68085d8000 ---p 00000000 00:00 0 
7f68085d8000-7f68086d6000 rw-p 00000000 00:00 0 
7f68086d6000-7f68086d9000 ---p 00000000 00:00 0 
7f68086d9000-7f68087d7000 rw-p 00000000 00:00 0 
7f68087d7000-7f68087d8000 ---p 00000000 00:00 0 
7f68087d8000-7f680d000000 rw-p 00000000 00:00 0 
7f680d000000-7f680d270000 rwxp 00000000 00:00 0 
7f680d270000-7f681c000000 ---p 00000000 00:00 0 
7f681c000000-7f681cd3b000 rw-p 00000000 00:00 0 
7f681cd3b000-7f6820000000 ---p 00000000 00:00 0 
7f682001c000-7f68208d6000 rw-p 00000000 00:00 0 
7f68208d6000-7f6820aae000 r--s 03d2a000 08:01 8784070                    /home/elixandrebaldi/jdk1.8.0_111/jre/lib/rt.jar
7f6820aae000-7f6820f64000 rw-p 00000000 00:00 0 
7f6820f64000-7f6821324000 ---p 00000000 00:00 0 
7f6821324000-7f6821724000 rw-p 00000000 00:00 0 
7f6821724000-7f6821725000 ---p 00000000 00:00 0 
7f6821725000-7f6821825000 rw-p 00000000 00:00 0 
7f6821825000-7f6821826000 ---p 00000000 00:00 0 
7f6821826000-7f6821926000 rw-p 00000000 00:00 0 
7f6821926000-7f6821927000 ---p 00000000 00:00 0 
7f6821927000-7f6821a27000 rw-p 00000000 00:00 0 
7f6821a27000-7f6821a28000 ---p 00000000 00:00 0 
7f6821a28000-7f6821b3c000 rw-p 00000000 00:00 0 
7f6821b3c000-7f6821dd3000 ---p 00000000 00:00 0 
7f6821dd3000-7f6821de7000 rw-p 00000000 00:00 0 
7f6821de7000-7f682207d000 ---p 00000000 00:00 0 
7f682207d000-7f6822090000 rw-p 00000000 00:00 0 
7f6822090000-7f68221d3000 ---p 00000000 00:00 0 
7f68221d3000-7f68221de000 rw-p 00000000 00:00 0 
7f68221de000-7f6822594000 ---p 00000000 00:00 0 
7f6822594000-7f68225ae000 r-xp 00000000 08:01 8783934                    /home/elixandrebaldi/jdk1.8.0_111/jre/lib/amd64/libzip.so
7f68225ae000-7f68227ae000 ---p 0001a000 08:01 8783934                    /home/elixandrebaldi/jdk1.8.0_111/jre/lib/amd64/libzip.so
7f68227ae000-7f68227af000 rw-p 0001a000 08:01 8783934                    /home/elixandrebaldi/jdk1.8.0_111/jre/lib/amd64/libzip.so
7f68227af000-7f68227ba000 r-xp 00000000 08:01 3932251                    /lib/x86_64-linux-gnu/libnss_files-2.23.so
7f68227ba000-7f68229b9000 ---p 0000b000 08:01 3932251                    /lib/x86_64-linux-gnu/libnss_files-2.23.so
7f68229b9000-7f68229ba000 r--p 0000a000 08:01 3932251                    /lib/x86_64-linux-gnu/libnss_files-2.23.so
7f68229ba000-7f68229bb000 rw-p 0000b000 08:01 3932251                    /lib/x86_64-linux-gnu/libnss_files-2.23.so
7f68229bb000-7f68229c1000 rw-p 00000000 00:00 0 
7f68229c1000-7f68229cc000 r-xp 00000000 08:01 3932244                    /lib/x86_64-linux-gnu/libnss_nis-2.23.so
7f68229cc000-7f6822bcb000 ---p 0000b000 08:01 3932244                    /lib/x86_64-linux-gnu/libnss_nis-2.23.so
7f6822bcb000-7f6822bcc000 r--p 0000a000 08:01 3932244                    /lib/x86_64-linux-gnu/libnss_nis-2.23.so
7f6822bcc000-7f6822bcd000 rw-p 0000b000 08:01 3932244                    /lib/x86_64-linux-gnu/libnss_nis-2.23.so
7f6822bcd000-7f6822be3000 r-xp 00000000 08:01 3932246                    /lib/x86_64-linux-gnu/libnsl-2.23.so
7f6822be3000-7f6822de2000 ---p 00016000 08:01 3932246                    /lib/x86_64-linux-gnu/libnsl-2.23.so
7f6822de2000-7f6822de3000 r--p 00015000 08:01 3932246                    /lib/x86_64-linux-gnu/libnsl-2.23.so
7f6822de3000-7f6822de4000 rw-p 00016000 08:01 3932246                    /lib/x86_64-linux-gnu/libnsl-2.23.so
7f6822de4000-7f6822de6000 rw-p 00000000 00:00 0 
7f6822de6000-7f6822dee000 r-xp 00000000 08:01 3932253                    /lib/x86_64-linux-gnu/libnss_compat-2.23.so
7f6822dee000-7f6822fed000 ---p 00008000 08:01 3932253                    /lib/x86_64-linux-gnu/libnss_compat-2.23.so
7f6822fed000-7f6822fee000 r--p 00007000 08:01 3932253                    /lib/x86_64-linux-gnu/libnss_compat-2.23.so
7f6822fee000-7f6822fef000 rw-p 00008000 08:01 3932253                    /lib/x86_64-linux-gnu/libnss_compat-2.23.so
7f6822fef000-7f682301a000 r-xp 00000000 08:01 8783907                    /home/elixandrebaldi/jdk1.8.0_111/jre/lib/amd64/libjava.so
7f682301a000-7f6823219000 ---p 0002b000 08:01 8783907                    /home/elixandrebaldi/jdk1.8.0_111/jre/lib/amd64/libjava.so
7f6823219000-7f682321b000 rw-p 0002a000 08:01 8783907                    /home/elixandrebaldi/jdk1.8.0_111/jre/lib/amd64/libjava.so
7f682321b000-7f6823228000 r-xp 00000000 08:01 8783870                    /home/elixandrebaldi/jdk1.8.0_111/jre/lib/amd64/libverify.so
7f6823228000-7f6823427000 ---p 0000d000 08:01 8783870                    /home/elixandrebaldi/jdk1.8.0_111/jre/lib/amd64/libverify.so
7f6823427000-7f6823429000 rw-p 0000c000 08:01 8783870                    /home/elixandrebaldi/jdk1.8.0_111/jre/lib/amd64/libverify.so
7f6823429000-7f6823430000 r-xp 00000000 08:01 3932254                    /lib/x86_64-linux-gnu/librt-2.23.so
7f6823430000-7f682362f000 ---p 00007000 08:01 3932254                    /lib/x86_64-linux-gnu/librt-2.23.so
7f682362f000-7f6823630000 r--p 00006000 08:01 3932254                    /lib/x86_64-linux-gnu/librt-2.23.so
7f6823630000-7f6823631000 rw-p 00007000 08:01 3932254                    /lib/x86_64-linux-gnu/librt-2.23.so
7f6823631000-7f6823739000 r-xp 00000000 08:01 3932245                    /lib/x86_64-linux-gnu/libm-2.23.so
7f6823739000-7f6823938000 ---p 00108000 08:01 3932245                    /lib/x86_64-linux-gnu/libm-2.23.so
7f6823938000-7f6823939000 r--p 00107000 08:01 3932245                    /lib/x86_64-linux-gnu/libm-2.23.so
7f6823939000-7f682393a000 rw-p 00108000 08:01 3932245                    /lib/x86_64-linux-gnu/libm-2.23.so
7f682393a000-7f6824607000 r-xp 00000000 08:01 8783785                    /home/elixandrebaldi/jdk1.8.0_111/jre/lib/amd64/server/libjvm.so
7f6824607000-7f6824806000 ---p 00ccd000 08:01 8783785                    /home/elixandrebaldi/jdk1.8.0_111/jre/lib/amd64/server/libjvm.so
7f6824806000-7f68248df000 rw-p 00ccc000 08:01 8783785                    /home/elixandrebaldi/jdk1.8.0_111/jre/lib/amd64/server/libjvm.so
7f68248df000-7f682492a000 rw-p 00000000 00:00 0 
7f682492a000-7f6824ae9000 r-xp 00000000 08:01 3932247                    /lib/x86_64-linux-gnu/libc-2.23.so
7f6824ae9000-7f6824ce9000 ---p 001bf000 08:01 3932247                    /lib/x86_64-linux-gnu/libc-2.23.so
7f6824ce9000-7f6824ced000 r--p 001bf000 08:01 3932247                    /lib/x86_64-linux-gnu/libc-2.23.so
7f6824ced000-7f6824cef000 rw-p 001c3000 08:01 3932247                    /lib/x86_64-linux-gnu/libc-2.23.so
7f6824cef000-7f6824cf3000 rw-p 00000000 00:00 0 
7f6824cf3000-7f6824cf6000 r-xp 00000000 08:01 3932243                    /lib/x86_64-linux-gnu/libdl-2.23.so
7f6824cf6000-7f6824ef5000 ---p 00003000 08:01 3932243                    /lib/x86_64-linux-gnu/libdl-2.23.so
7f6824ef5000-7f6824ef6000 r--p 00002000 08:01 3932243                    /lib/x86_64-linux-gnu/libdl-2.23.so
7f6824ef6000-7f6824ef7000 rw-p 00003000 08:01 3932243                    /lib/x86_64-linux-gnu/libdl-2.23.so
7f6824ef7000-7f6824f0c000 r-xp 00000000 08:01 8783943                    /home/elixandrebaldi/jdk1.8.0_111/lib/amd64/jli/libjli.so
7f6824f0c000-7f682510c000 ---p 00015000 08:01 8783943                    /home/elixandrebaldi/jdk1.8.0_111/lib/amd64/jli/libjli.so
7f682510c000-7f682510d000 rw-p 00015000 08:01 8783943                    /home/elixandrebaldi/jdk1.8.0_111/lib/amd64/jli/libjli.so
7f682510d000-7f6825125000 r-xp 00000000 08:01 3932258                    /lib/x86_64-linux-gnu/libpthread-2.23.so
7f6825125000-7f6825324000 ---p 00018000 08:01 3932258                    /lib/x86_64-linux-gnu/libpthread-2.23.so
7f6825324000-7f6825325000 r--p 00017000 08:01 3932258                    /lib/x86_64-linux-gnu/libpthread-2.23.so
7f6825325000-7f6825326000 rw-p 00018000 08:01 3932258                    /lib/x86_64-linux-gnu/libpthread-2.23.so
7f6825326000-7f682532a000 rw-p 00000000 00:00 0 
7f682532a000-7f6825350000 r-xp 00000000 08:01 3932248                    /lib/x86_64-linux-gnu/ld-2.23.so
7f6825361000-7f682542d000 rw-p 00000000 00:00 0 
7f682542d000-7f6825430000 ---p 00000000 00:00 0 
7f6825430000-7f6825532000 rw-p 00000000 00:00 0 
7f682553b000-7f6825540000 r--s 00096000 08:01 8783911                    /home/elixandrebaldi/jdk1.8.0_111/jre/lib/jsse.jar
7f6825540000-7f6825543000 r--s 00f76000 08:01 8524426                    /home/elixandrebaldi/Documentos/VCubeDHT/simgrid.jar
7f6825543000-7f682554b000 rw-s 00000000 08:01 2359392                    /tmp/hsperfdata_elixandrebaldi/9432 (deleted)
7f682554b000-7f682554c000 rw-p 00000000 00:00 0 
7f682554c000-7f682554d000 ---p 00000000 00:00 0 
7f682554d000-7f682554f000 rw-p 00000000 00:00 0 
7f682554f000-7f6825550000 r--p 00025000 08:01 3932248                    /lib/x86_64-linux-gnu/ld-2.23.so
7f6825550000-7f6825551000 rw-p 00026000 08:01 3932248                    /lib/x86_64-linux-gnu/ld-2.23.so
7f6825551000-7f6825552000 rw-p 00000000 00:00 0 
7ffd5a3e2000-7ffd5a403000 rw-p 00000000 00:00 0                          [stack]
7ffd5a477000-7ffd5a479000 r--p 00000000 00:00 0                          [vvar]
7ffd5a479000-7ffd5a47b000 r-xp 00000000 00:00 0                          [vdso]
ffffffffff600000-ffffffffff601000 r-xp 00000000 00:00 0                  [vsyscall]

VM Arguments:
jvm_args: -Dfile.encoding=UTF-8 -Xmx2048m 
java_command: vcube.VCube platform.xml deployment.xml
java_class_path (initial): /home/elixandrebaldi/Documentos/VCubeDHT/simgrid.jar:/home/elixandrebaldi/Documentos/VCubeDHT/VCube/build/classes
Launcher Type: SUN_STANDARD

Environment Variables:
PATH=/home/elixandrebaldi/bin:/home/elixandrebaldi/.local/bin:/usr/local/sbin:/usr/local/bin:/usr/sbin:/usr/bin:/sbin:/bin:/usr/games:/usr/local/games
LD_LIBRARY_PATH=/home/elixandrebaldi/jdk1.8.0_111/jre/lib/amd64:/home/elixandrebaldi/jdk1.8.0_111/jre/lib/i386:
SHELL=/bin/bash
DISPLAY=:0

Signal Handlers:
SIGSEGV: [libjvm.so+0xac64b0], sa_mask[0]=11111111011111111101111111111110, sa_flags=SA_RESTART|SA_SIGINFO
SIGBUS: [libjvm.so+0xac64b0], sa_mask[0]=11111111011111111101111111111110, sa_flags=SA_RESTART|SA_SIGINFO
SIGFPE: [libjvm.so+0x91f950], sa_mask[0]=11111111011111111101111111111110, sa_flags=SA_RESTART|SA_SIGINFO
SIGPIPE: [libjvm.so+0x91f950], sa_mask[0]=11111111011111111101111111111110, sa_flags=SA_RESTART|SA_SIGINFO
SIGXFSZ: [libjvm.so+0x91f950], sa_mask[0]=11111111011111111101111111111110, sa_flags=SA_RESTART|SA_SIGINFO
SIGILL: [libjvm.so+0x91f950], sa_mask[0]=11111111011111111101111111111110, sa_flags=SA_RESTART|SA_SIGINFO
SIGUSR1: SIG_DFL, sa_mask[0]=00000000000000000000000000000000, sa_flags=none
SIGUSR2: [libjvm.so+0x920f80], sa_mask[0]=00100000000000000000000000000000, sa_flags=SA_RESTART|SA_SIGINFO
SIGHUP: [libjvm.so+0x922380], sa_mask[0]=11111111011111111101111111111110, sa_flags=SA_RESTART|SA_SIGINFO
SIGINT: [libsimgrid.so+0x8ff50], sa_mask[0]=01000000000000000000000000000000, sa_flags=SA_RESTART
SIGTERM: [libjvm.so+0x922380], sa_mask[0]=11111111011111111101111111111110, sa_flags=SA_RESTART|SA_SIGINFO
SIGQUIT: [libjvm.so+0x922380], sa_mask[0]=11111111011111111101111111111110, sa_flags=SA_RESTART|SA_SIGINFO


---------------  S Y S T E M  ---------------

OS:DISTRIB_ID="elementary"
DISTRIB_RELEASE=0.4.1
DISTRIB_CODENAME=loki
DISTRIB_DESCRIPTION="elementary OS 0.4.1 Loki"

uname:Linux 4.4.0-79-generic #100-Ubuntu SMP Wed May 17 19:58:14 UTC 2017 x86_64
libc:glibc 2.23 NPTL 2.23 
rlimit: STACK 8192k, CORE 0k, NPROC 14991, NOFILE 65536, AS infinity
load average:0.77 0.67 0.68

/proc/meminfo:
MemTotal:        3878592 kB
MemFree:          765460 kB
MemAvailable:    1572896 kB
Buffers:          125700 kB
Cached:           965076 kB
SwapCached:          192 kB
Active:          1836884 kB
Inactive:        1031692 kB
Active(anon):    1260524 kB
Inactive(anon):   656052 kB
Active(file):     576360 kB
Inactive(file):   375640 kB
Unevictable:          48 kB
Mlocked:              48 kB
SwapTotal:       4025340 kB
SwapFree:        4022092 kB
Dirty:             12232 kB
Writeback:             0 kB
AnonPages:       1777764 kB
Mapped:           242448 kB
Shmem:            138776 kB
Slab:             147484 kB
SReclaimable:     115860 kB
SUnreclaim:        31624 kB
KernelStack:        8480 kB
PageTables:        31360 kB
NFS_Unstable:          0 kB
Bounce:                0 kB
WritebackTmp:          0 kB
CommitLimit:     5964636 kB
Committed_AS:    5107064 kB
VmallocTotal:   34359738367 kB
VmallocUsed:           0 kB
VmallocChunk:          0 kB
HardwareCorrupted:     0 kB
AnonHugePages:   1253376 kB
CmaTotal:              0 kB
CmaFree:               0 kB
HugePages_Total:       0
HugePages_Free:        0
HugePages_Rsvd:        0
HugePages_Surp:        0
Hugepagesize:       2048 kB
DirectMap4k:      144120 kB
DirectMap2M:     3883008 kB


CPU:total 4 (2 cores per cpu, 2 threads per core) family 6 model 58 stepping 9, cmov, cx8, fxsr, mmx, sse, sse2, sse3, ssse3, sse4.1, sse4.2, popcnt, avx, clmul, erms, ht, tsc, tscinvbit, tscinv

/proc/cpuinfo:
processor	: 0
vendor_id	: GenuineIntel
cpu family	: 6
model		: 58
model name	: Intel(R) Core(TM) i7-3517U CPU @ 1.90GHz
stepping	: 9
microcode	: 0x12
cpu MHz		: 1299.750
cache size	: 4096 KB
physical id	: 0
siblings	: 4
core id		: 0
cpu cores	: 2
apicid		: 0
initial apicid	: 0
fpu		: yes
fpu_exception	: yes
cpuid level	: 13
wp		: yes
flags		: fpu vme de pse tsc msr pae mce cx8 apic sep mtrr pge mca cmov pat pse36 clflush dts acpi mmx fxsr sse sse2 ss ht tm pbe syscall nx rdtscp lm constant_tsc arch_perfmon pebs bts rep_good nopl xtopology nonstop_tsc aperfmperf eagerfpu pni pclmulqdq dtes64 monitor ds_cpl vmx est tm2 ssse3 cx16 xtpr pdcm pcid sse4_1 sse4_2 x2apic popcnt tsc_deadline_timer xsave avx f16c rdrand lahf_lm epb tpr_shadow vnmi flexpriority ept vpid fsgsbase smep erms xsaveopt dtherm ida arat pln pts
bugs		:
bogomips	: 4789.43
clflush size	: 64
cache_alignment	: 64
address sizes	: 36 bits physical, 48 bits virtual
power management:

processor	: 1
vendor_id	: GenuineIntel
cpu family	: 6
model		: 58
model name	: Intel(R) Core(TM) i7-3517U CPU @ 1.90GHz
stepping	: 9
microcode	: 0x12
cpu MHz		: 1280.250
cache size	: 4096 KB
physical id	: 0
siblings	: 4
core id		: 0
cpu cores	: 2
apicid		: 1
initial apicid	: 1
fpu		: yes
fpu_exception	: yes
cpuid level	: 13
wp		: yes
flags		: fpu vme de pse tsc msr pae mce cx8 apic sep mtrr pge mca cmov pat pse36 clflush dts acpi mmx fxsr sse sse2 ss ht tm pbe syscall nx rdtscp lm constant_tsc arch_perfmon pebs bts rep_good nopl xtopology nonstop_tsc aperfmperf eagerfpu pni pclmulqdq dtes64 monitor ds_cpl vmx est tm2 ssse3 cx16 xtpr pdcm pcid sse4_1 sse4_2 x2apic popcnt tsc_deadline_timer xsave avx f16c rdrand lahf_lm epb tpr_shadow vnmi flexpriority ept vpid fsgsbase smep erms xsaveopt dtherm ida arat pln pts
bugs		:
bogomips	: 4789.43
clflush size	: 64
cache_alignment	: 64
address sizes	: 36 bits physical, 48 bits virtual
power management:

processor	: 2
vendor_id	: GenuineIntel
cpu family	: 6
model		: 58
model name	: Intel(R) Core(TM) i7-3517U CPU @ 1.90GHz
stepping	: 9
microcode	: 0x12
cpu MHz		: 1240.781
cache size	: 4096 KB
physical id	: 0
siblings	: 4
core id		: 1
cpu cores	: 2
apicid		: 2
initial apicid	: 2
fpu		: yes
fpu_exception	: yes
cpuid level	: 13
wp		: yes
flags		: fpu vme de pse tsc msr pae mce cx8 apic sep mtrr pge mca cmov pat pse36 clflush dts acpi mmx fxsr sse sse2 ss ht tm pbe syscall nx rdtscp lm constant_tsc arch_perfmon pebs bts rep_good nopl xtopology nonstop_tsc aperfmperf eagerfpu pni pclmulqdq dtes64 monitor ds_cpl vmx est tm2 ssse3 cx16 xtpr pdcm pcid sse4_1 sse4_2 x2apic popcnt tsc_deadline_timer xsave avx f16c rdrand lahf_lm epb tpr_shadow vnmi flexpriority ept vpid fsgsbase smep erms xsaveopt dtherm ida arat pln pts
bugs		:
bogomips	: 4789.43
clflush size	: 64
cache_alignment	: 64
address sizes	: 36 bits physical, 48 bits virtual
power management:

processor	: 3
vendor_id	: GenuineIntel
cpu family	: 6
model		: 58
model name	: Intel(R) Core(TM) i7-3517U CPU @ 1.90GHz
stepping	: 9
microcode	: 0x12
cpu MHz		: 1295.343
cache size	: 4096 KB
physical id	: 0
siblings	: 4
core id		: 1
cpu cores	: 2
apicid		: 3
initial apicid	: 3
fpu		: yes
fpu_exception	: yes
cpuid level	: 13
wp		: yes
flags		: fpu vme de pse tsc msr pae mce cx8 apic sep mtrr pge mca cmov pat pse36 clflush dts acpi mmx fxsr sse sse2 ss ht tm pbe syscall nx rdtscp lm constant_tsc arch_perfmon pebs bts rep_good nopl xtopology nonstop_tsc aperfmperf eagerfpu pni pclmulqdq dtes64 monitor ds_cpl vmx est tm2 ssse3 cx16 xtpr pdcm pcid sse4_1 sse4_2 x2apic popcnt tsc_deadline_timer xsave avx f16c rdrand lahf_lm epb tpr_shadow vnmi flexpriority ept vpid fsgsbase smep erms xsaveopt dtherm ida arat pln pts
bugs		:
bogomips	: 4789.43
clflush size	: 64
cache_alignment	: 64
address sizes	: 36 bits physical, 48 bits virtual
power management:



Memory: 4k page, physical 3878592k(765460k free), swap 4025340k(4022092k free)

vm_info: Java HotSpot(TM) 64-Bit Server VM (25.111-b14) for linux-amd64 JRE (1.8.0_111-b14), built on Sep 22 2016 16:14:03 by "java_re" with gcc 4.3.0 20080428 (Red Hat 4.3.0-8)

time: Tue Jun 13 22:35:28 2017
elapsed time: 3 seconds (0d 0h 0m 3s)

