#
# A fatal error has been detected by the Java Runtime Environment:
#
#  SIGSEGV (0xb) at pc=0x00007f6e4335d263, pid=2720, tid=140111779370752
#
# JRE version: Java(TM) SE Runtime Environment (7.0_80-b15) (build 1.7.0_80-b15)
# Java VM: Java HotSpot(TM) 64-Bit Server VM (24.80-b11 mixed mode linux-amd64 compressed oops)
# Problematic frame:
# C  [libsimgrid.so+0x190263]  xbt_dynar_member+0x23
#
# Failed to write core dump. Core dumps have been disabled. To enable core dumping, try "ulimit -c unlimited" before starting Java again
#
# If you would like to submit a bug report, please visit:
#   http://bugreport.java.com/bugreport/crash.jsp
#

---------------  T H R E A D  ---------------

Current thread (0x00007f6e5806a000):  VMThread [stack: 0x00007f6e50c69000,0x00007f6e50d6a000] [id=2730]

siginfo:si_signo=SIGSEGV: si_errno=0, si_code=1 (SEGV_MAPERR), si_addr=0x0000000000000000

Registers:
RAX=0x0000000000000000, RBX=0x00007f6e436c9700, RCX=0x00007f6e436d4790, RDX=0x00007f6e50d69a30
RSP=0x00007f6e50d68710, RBP=0x00007f6e5814cac0, RSI=0x00007f6e50d688b8, RDI=0x00007f6e50d687d0
R8 =0x00007f6e58143ad0, R9 =0x0000000000000001, R10=0x0000000000000c58, R11=0x00007f6e4335d240
R12=0x00007f6e436d4790, R13=0x00007f6e5812cb30, R14=0x00000000000003d8, R15=0x00007f6e58027e58
RIP=0x00007f6e4335d263, EFLAGS=0x0000000000010202, CSGSFS=0x0000000000000033, ERR=0x0000000000000004
  TRAPNO=0x000000000000000e

Top of Stack: (sp=0x00007f6e50d68710)
0x00007f6e50d68710:   00007f6e5812b4d0 00007f6e50d68730
0x00007f6e50d68720:   00007f6e58143b40 00007f6e50d688b8
0x00007f6e50d68730:   00000000ffffffff 00007f6e582567b0
0x00007f6e50d68740:   00007f6e431e6628 00007f6e5812b4d0
0x00007f6e50d68750:   00007f6e54a2ab40 00007f6e582567b0
0x00007f6e50d68760:   00007f6e581541e0 00007f6e00000001
0x00007f6e50d68770:   0000000000000000 0000000000000000
0x00007f6e50d68780:   00007f6e58154310 00007f6e58154340
0x00007f6e50d68790:   00000000000003d8 00007f6e582572a0
0x00007f6e50d687a0:   00007f6e43694400 00007f6e43698de8
0x00007f6e50d687b0:   00007f6e436d4790 00007f6e5812cb30
0x00007f6e50d687c0:   00000000000003d8 00007f6e58027e58
0x00007f6e50d687d0:   0000000000000000 00007f6e5e5f49ad
0x00007f6e50d687e0:   0000000000000005 0000000000000000
0x00007f6e50d687f0:   00007f6e5812cb30 00007f6e431e6628
0x00007f6e50d68800:   00007f6e436c9700 00007f6e5814cac0
0x00007f6e50d68810:   00007f6e436d4790 00007f6e5e5fbf30
0x00007f6e50d68820:   00007f6e58225970 00007f6e43694400
0x00007f6e50d68830:   00007f6e58152900 00007f6e4337a1a7
0x00007f6e50d68840:   00007f6e5814d768 00007f6e5814d600
0x00007f6e50d68850:   00007f6e5814d800 00007f6e58140138
0x00007f6e50d68860:   00007f6e58170f80 00007f6e436d4790
0x00007f6e50d68870:   00007f6e58143ad0 00007f6e50d688b8
0x00007f6e50d68880:   00007f6e58143b40 00007f6e58143ad0
0x00007f6e50d68890:   0000000000000001 00007f6e5812b4d0
0x00007f6e50d688a0:   00007f6e436c9700 00007f6e4337a34f
0x00007f6e50d688b0:   0000000000000000 00007f6e58152900
0x00007f6e50d688c0:   0000000000000005 0000000000000000
0x00007f6e50d688d0:   00007f6e58027e58 00007f6e436cca98
0x00007f6e50d688e0:   00007f6e58145d30 0000000000000001
0x00007f6e50d688f0:   00007f6e5812cb30 00007f6e4335bd37
0x00007f6e50d68900:   00007f6e5812cb30 00007f6e436cc098 

Instructions: (pc=0x00007f6e4335d263)
0x00007f6e4335d243:   ec 90 01 00 00 48 8b 05 01 a2 33 00 48 89 7c 24
0x00007f6e4335d253:   10 48 89 74 24 18 ff 10 48 8d bc 24 c0 00 00 00
0x00007f6e4335d263:   48 8b 08 48 89 04 24 48 89 38 48 89 4c 24 08 e8
0x00007f6e4335d273:   79 31 ed ff 85 c0 74 75 48 8b 14 24 c7 42 08 01 

Register to memory mapping:

RAX=0x0000000000000000 is an unknown value
RBX=0x00007f6e436c9700: _simgrid_log_category__simix_process+0 in /tmp/simgrid-java6981998426582413418/libsimgrid.so at 0x00007f6e431cd000
RCX=0x00007f6e436d4790: simix_global+0 in /tmp/simgrid-java6981998426582413418/libsimgrid.so at 0x00007f6e431cd000
RDX=0x00007f6e50d69a30 is an unknown value
RSP=0x00007f6e50d68710 is an unknown value
RBP=0x00007f6e5814cac0 is an unknown value
RSI=0x00007f6e50d688b8 is an unknown value
RDI=0x00007f6e50d687d0 is an unknown value
R8 =0x00007f6e58143ad0 is an unknown value
R9 =0x0000000000000001 is an unknown value
R10=0x0000000000000c58 is an unknown value
R11=0x00007f6e4335d240: xbt_dynar_member+0 in /tmp/simgrid-java6981998426582413418/libsimgrid.so at 0x00007f6e431cd000
R12=0x00007f6e436d4790: simix_global+0 in /tmp/simgrid-java6981998426582413418/libsimgrid.so at 0x00007f6e431cd000
R13=0x00007f6e5812cb30 is an unknown value
R14=0x00000000000003d8 is an unknown value
R15=0x00007f6e58027e58 is an unknown value


Stack: [0x00007f6e50c69000,0x00007f6e50d6a000],  sp=0x00007f6e50d68710,  free space=1021k
Native frames: (J=compiled Java code, j=interpreted, Vv=VM code, C=native code)
C  [libsimgrid.so+0x190263]  xbt_dynar_member+0x23

VM_Operation (0x00007f6e402145b0): Exit, mode: safepoint, requested by thread 0x00007f6e30001000


---------------  P R O C E S S  ---------------

Java Threads: ( => current thread )
  0x00007f6e30001000 JavaThread "SIGTERM handler" daemon [_thread_blocked, id=2746, stack(0x00007f6e40115000,0x00007f6e40216000)]
  0x00007f6df4001000 JavaThread "Thread-8" [_thread_in_native, id=2742, stack(0x00007f6e40216000,0x00007f6e40a17000)]
  0x00007f6e00001000 JavaThread "Thread-7" [_thread_blocked, id=2745, stack(0x00007f6e0a7fd000,0x00007f6e0affe000)]
  0x00007f6dfc001000 JavaThread "Thread-6" [_thread_in_native, id=2744, stack(0x00007f6e0affe000,0x00007f6e0b7ff000)]
  0x00007f6e0c001000 JavaThread "Thread-5" [_thread_in_native, id=2740, stack(0x00007f6e41218000,0x00007f6e41a19000)]
  0x00007f6e10001000 JavaThread "Thread-4" [_thread_in_native, id=2741, stack(0x00007f6e40a17000,0x00007f6e41218000)]
  0x00007f6e04001000 JavaThread "Thread-2" [_thread_in_native, id=2743, stack(0x00007f6e0b7ff000,0x00007f6e0c000000)]
  0x00007f6e18001000 JavaThread "Thread-3" [_thread_in_native, id=2739, stack(0x00007f6e41a19000,0x00007f6e4221a000)]
  0x00007f6e14001000 JavaThread "Thread-1" [_thread_in_native, id=2738, stack(0x00007f6e4221a000,0x00007f6e42a1b000)]
  0x00007f6e58099000 JavaThread "Service Thread" daemon [_thread_blocked, id=2736, stack(0x00007f6e43eff000,0x00007f6e44000000)]
  0x00007f6e58096800 JavaThread "C2 CompilerThread1" daemon [_thread_blocked, id=2735, stack(0x00007f6e50081000,0x00007f6e50182000)]
  0x00007f6e58093800 JavaThread "C2 CompilerThread0" daemon [_thread_blocked, id=2734, stack(0x00007f6e50182000,0x00007f6e50283000)]
  0x00007f6e58091800 JavaThread "Signal Dispatcher" daemon [_thread_blocked, id=2733, stack(0x00007f6e50283000,0x00007f6e50384000)]
  0x00007f6e58070800 JavaThread "Finalizer" daemon [_thread_blocked, id=2732, stack(0x00007f6e50a67000,0x00007f6e50b68000)]
  0x00007f6e5806e000 JavaThread "Reference Handler" daemon [_thread_blocked, id=2731, stack(0x00007f6e50b68000,0x00007f6e50c69000)]
  0x00007f6e58009800 JavaThread "main" [_thread_in_native, id=2723, stack(0x00007f6e5e6e8000,0x00007f6e5e7e9000)]

Other Threads:
=>0x00007f6e5806a000 VMThread [stack: 0x00007f6e50c69000,0x00007f6e50d6a000] [id=2730]

VM state:at safepoint (shutting down)

VM Mutex/Monitor currently owned by a thread:  ([mutex/lock_event])
[0x00007f6e580061b0] Threads_lock - owner thread: 0x00007f6e5806a000

Heap
 PSYoungGen      total 17920K, used 5838K [0x00000000ec400000, 0x00000000ed800000, 0x0000000100000000)
  eden space 15360K, 38% used [0x00000000ec400000,0x00000000ec9b3ad8,0x00000000ed300000)
  from space 2560K, 0% used [0x00000000ed580000,0x00000000ed580000,0x00000000ed800000)
  to   space 2560K, 0% used [0x00000000ed300000,0x00000000ed300000,0x00000000ed580000)
 ParOldGen       total 40448K, used 0K [0x00000000c4c00000, 0x00000000c7380000, 0x00000000ec400000)
  object space 40448K, 0% used [0x00000000c4c00000,0x00000000c4c00000,0x00000000c7380000)
 PSPermGen       total 21504K, used 3582K [0x00000000bfa00000, 0x00000000c0f00000, 0x00000000c4c00000)
  object space 21504K, 16% used [0x00000000bfa00000,0x00000000bfd7fb68,0x00000000c0f00000)

Card table byte_map: [0x00007f6e547be000,0x00007f6e549c2000] byte_map_base: 0x00007f6e541c1000

Polling page: 0x00007f6e5e805000

Code Cache  [0x00007f6e549c2000, 0x00007f6e54c32000, 0x00007f6e579c2000)
 total_blobs=221 nmethods=15 adapters=160 free_code_cache=48740Kb largest_free_block=49888896

Compilation events (10 events):
Event: 1.043 Thread 0x00007f6e58093800 nmethod 11 0x00007f6e54a27c10 code [0x00007f6e54a27d40, 0x00007f6e54a27db8]
Event: 1.089 Thread 0x00007f6e58093800   12             java.util.regex.Matcher::reset (83 bytes)
Event: 1.092 Thread 0x00007f6e58093800 nmethod 12 0x00007f6e54a29390 code [0x00007f6e54a294e0, 0x00007f6e54a295f8]
Event: 1.094 Thread 0x00007f6e58093800   13             java.util.regex.Matcher::search (109 bytes)
Event: 1.109 Thread 0x00007f6e58096800   14             java.lang.String::charAt (29 bytes)
Event: 1.110 Thread 0x00007f6e58096800 nmethod 14 0x00007f6e54a297d0 code [0x00007f6e54a29920, 0x00007f6e54a299d8]
Event: 1.111 Thread 0x00007f6e58093800 nmethod 13 0x00007f6e54a2a9d0 code [0x00007f6e54a2ab40, 0x00007f6e54a2add8]
Event: 1.174 Thread 0x00007f6e58096800   15             java.lang.String::getChars (62 bytes)
Event: 1.178 Thread 0x00007f6e58096800 nmethod 15 0x00007f6e54a2a590 code [0x00007f6e54a2a6e0, 0x00007f6e54a2a858]
Event: 1.178 Thread 0x00007f6e58093800   16             java.lang.AbstractStringBuilder::append (48 bytes)

GC Heap History (0 events):
No events

Deoptimization events (0 events):
No events

Internal exceptions (10 events):
Event: 1.164 Thread 0x00007f6df4001000 Threw 0x00000000ec832de8 at /HUDSON/workspace/7u-2-build-linux-amd64/jdk7u80/2329/hotspot/src/share/vm/prims/jni.cpp:743
Event: 1.167 Thread 0x00007f6e00001000 Threw 0x00000000ec72e130 at /HUDSON/workspace/7u-2-build-linux-amd64/jdk7u80/2329/hotspot/src/share/vm/prims/jni.cpp:743
Event: 1.168 Thread 0x00007f6e18001000 Threw 0x00000000ec5a9c08 at /HUDSON/workspace/7u-2-build-linux-amd64/jdk7u80/2329/hotspot/src/share/vm/prims/jni.cpp:743
Event: 1.168 Thread 0x00007f6e0c001000 Threw 0x00000000ec6b0868 at /HUDSON/workspace/7u-2-build-linux-amd64/jdk7u80/2329/hotspot/src/share/vm/prims/jni.cpp:743
Event: 1.169 Thread 0x00007f6df4001000 Threw 0x00000000ec880dd0 at /HUDSON/workspace/7u-2-build-linux-amd64/jdk7u80/2329/hotspot/src/share/vm/prims/jni.cpp:743
Event: 1.170 Thread 0x00007f6e00001000 Threw 0x00000000ec72f3e8 at /HUDSON/workspace/7u-2-build-linux-amd64/jdk7u80/2329/hotspot/src/share/vm/prims/jni.cpp:743
Event: 1.171 Thread 0x00007f6e18001000 Threw 0x00000000ec5aaec0 at /HUDSON/workspace/7u-2-build-linux-amd64/jdk7u80/2329/hotspot/src/share/vm/prims/jni.cpp:743
Event: 1.171 Thread 0x00007f6e0c001000 Threw 0x00000000ec6b1b20 at /HUDSON/workspace/7u-2-build-linux-amd64/jdk7u80/2329/hotspot/src/share/vm/prims/jni.cpp:743
Event: 1.172 Thread 0x00007f6df4001000 Threw 0x00000000ec882088 at /HUDSON/workspace/7u-2-build-linux-amd64/jdk7u80/2329/hotspot/src/share/vm/prims/jni.cpp:743
Event: 1.174 Thread 0x00007f6e00001000 Threw 0x00000000ec7306a0 at /HUDSON/workspace/7u-2-build-linux-amd64/jdk7u80/2329/hotspot/src/share/vm/prims/jni.cpp:743

Events (10 events):
Event: 1.176 Thread 0x00007f6e30001000 Thread added: 0x00007f6e30001000
Event: 1.176 loading class 0x00007f6e58104680
Event: 1.176 loading class 0x00007f6e58104680 done
Event: 1.176 loading class 0x00007f6e58104650
Event: 1.177 loading class 0x00007f6e58104610
Event: 1.177 loading class 0x00007f6e58104610 done
Event: 1.177 loading class 0x00007f6e58104650 done
Event: 1.178 Thread 0x00007f6df8001000 Thread added: 0x00007f6df8001000
Event: 1.178 Thread 0x00007f6df8001000 Thread exited: 0x00007f6df8001000
Event: 1.179 Executing VM operation: Exit


Dynamic libraries:
00400000-00401000 r-xp 00000000 08:07 663942                             /home/elixandre/jdk1.7.0_80/bin/java
00600000-00601000 rw-p 00000000 08:07 663942                             /home/elixandre/jdk1.7.0_80/bin/java
016e5000-01706000 rw-p 00000000 00:00 0                                  [heap]
bfa00000-c0f00000 rw-p 00000000 00:00 0 
c0f00000-c4c00000 rw-p 00000000 00:00 0 
c4c00000-c7380000 rw-p 00000000 00:00 0 
c7380000-ec400000 rw-p 00000000 00:00 0 
ec400000-ed800000 rw-p 00000000 00:00 0 
ed800000-100000000 rw-p 00000000 00:00 0 
7f6dec000000-7f6dec021000 rw-p 00000000 00:00 0 
7f6dec021000-7f6df0000000 ---p 00000000 00:00 0 
7f6df4000000-7f6df409b000 rw-p 00000000 00:00 0 
7f6df409b000-7f6df8000000 ---p 00000000 00:00 0 
7f6df8000000-7f6df8021000 rw-p 00000000 00:00 0 
7f6df8021000-7f6dfc000000 ---p 00000000 00:00 0 
7f6dfc000000-7f6dfc072000 rw-p 00000000 00:00 0 
7f6dfc072000-7f6e00000000 ---p 00000000 00:00 0 
7f6e00000000-7f6e00053000 rw-p 00000000 00:00 0 
7f6e00053000-7f6e04000000 ---p 00000000 00:00 0 
7f6e04000000-7f6e0402f000 rw-p 00000000 00:00 0 
7f6e0402f000-7f6e08000000 ---p 00000000 00:00 0 
7f6e0a7fd000-7f6e0a800000 ---p 00000000 00:00 0 
7f6e0a800000-7f6e0affe000 rw-p 00000000 00:00 0 
7f6e0affe000-7f6e0b001000 ---p 00000000 00:00 0 
7f6e0b001000-7f6e0b7ff000 rw-p 00000000 00:00 0 
7f6e0b7ff000-7f6e0b802000 ---p 00000000 00:00 0 
7f6e0b802000-7f6e0c000000 rw-p 00000000 00:00 0 
7f6e0c000000-7f6e0c08f000 rw-p 00000000 00:00 0 
7f6e0c08f000-7f6e10000000 ---p 00000000 00:00 0 
7f6e10000000-7f6e10068000 rw-p 00000000 00:00 0 
7f6e10068000-7f6e14000000 ---p 00000000 00:00 0 
7f6e14000000-7f6e140a4000 rw-p 00000000 00:00 0 
7f6e140a4000-7f6e18000000 ---p 00000000 00:00 0 
7f6e18000000-7f6e1802f000 rw-p 00000000 00:00 0 
7f6e1802f000-7f6e1c000000 ---p 00000000 00:00 0 
7f6e1c000000-7f6e1c021000 rw-p 00000000 00:00 0 
7f6e1c021000-7f6e20000000 ---p 00000000 00:00 0 
7f6e20000000-7f6e20021000 rw-p 00000000 00:00 0 
7f6e20021000-7f6e24000000 ---p 00000000 00:00 0 
7f6e24000000-7f6e240b6000 rw-p 00000000 00:00 0 
7f6e240b6000-7f6e28000000 ---p 00000000 00:00 0 
7f6e28000000-7f6e280bd000 rw-p 00000000 00:00 0 
7f6e280bd000-7f6e2c000000 ---p 00000000 00:00 0 
7f6e2c000000-7f6e2c021000 rw-p 00000000 00:00 0 
7f6e2c021000-7f6e30000000 ---p 00000000 00:00 0 
7f6e30000000-7f6e30021000 rw-p 00000000 00:00 0 
7f6e30021000-7f6e34000000 ---p 00000000 00:00 0 
7f6e34000000-7f6e34021000 rw-p 00000000 00:00 0 
7f6e34021000-7f6e38000000 ---p 00000000 00:00 0 
7f6e38000000-7f6e38021000 rw-p 00000000 00:00 0 
7f6e38021000-7f6e3c000000 ---p 00000000 00:00 0 
7f6e3c000000-7f6e3c021000 rw-p 00000000 00:00 0 
7f6e3c021000-7f6e40000000 ---p 00000000 00:00 0 
7f6e40014000-7f6e40017000 ---p 00000000 00:00 0 
7f6e40017000-7f6e40115000 rw-p 00000000 00:00 0 
7f6e40115000-7f6e40118000 ---p 00000000 00:00 0 
7f6e40118000-7f6e40216000 rw-p 00000000 00:00 0 
7f6e40216000-7f6e40219000 ---p 00000000 00:00 0 
7f6e40219000-7f6e40a17000 rw-p 00000000 00:00 0 
7f6e40a17000-7f6e40a1a000 ---p 00000000 00:00 0 
7f6e40a1a000-7f6e41218000 rw-p 00000000 00:00 0 
7f6e41218000-7f6e4121b000 ---p 00000000 00:00 0 
7f6e4121b000-7f6e41a19000 rw-p 00000000 00:00 0 
7f6e41a19000-7f6e41a1c000 ---p 00000000 00:00 0 
7f6e41a1c000-7f6e4221a000 rw-p 00000000 00:00 0 
7f6e4221a000-7f6e4221d000 ---p 00000000 00:00 0 
7f6e4221d000-7f6e42a1b000 rw-p 00000000 00:00 0 
7f6e42a1b000-7f6e42a33000 r-xp 00000000 08:07 821194                     /tmp/simgrid-java6981998426582413418/libsimgrid-java.so (deleted)
7f6e42a33000-7f6e42c33000 ---p 00018000 08:07 821194                     /tmp/simgrid-java6981998426582413418/libsimgrid-java.so (deleted)
7f6e42c33000-7f6e42c34000 rw-p 00018000 08:07 821194                     /tmp/simgrid-java6981998426582413418/libsimgrid-java.so (deleted)
7f6e42c34000-7f6e42c4a000 r-xp 00000000 08:07 528568                     /lib/x86_64-linux-gnu/libgcc_s.so.1
7f6e42c4a000-7f6e42e49000 ---p 00016000 08:07 528568                     /lib/x86_64-linux-gnu/libgcc_s.so.1
7f6e42e49000-7f6e42e4a000 r--p 00015000 08:07 528568                     /lib/x86_64-linux-gnu/libgcc_s.so.1
7f6e42e4a000-7f6e42e4b000 rw-p 00016000 08:07 528568                     /lib/x86_64-linux-gnu/libgcc_s.so.1
7f6e42e4b000-7f6e42fbe000 r-xp 00000000 08:07 1059329                    /usr/lib/x86_64-linux-gnu/libstdc++.so.6.0.21
7f6e42fbe000-7f6e431bd000 ---p 00173000 08:07 1059329                    /usr/lib/x86_64-linux-gnu/libstdc++.so.6.0.21
7f6e431bd000-7f6e431c7000 r--p 00172000 08:07 1059329                    /usr/lib/x86_64-linux-gnu/libstdc++.so.6.0.21
7f6e431c7000-7f6e431c9000 rw-p 0017c000 08:07 1059329                    /usr/lib/x86_64-linux-gnu/libstdc++.so.6.0.21
7f6e431c9000-7f6e431cd000 rw-p 00000000 00:00 0 
7f6e431cd000-7f6e43492000 r-xp 00000000 08:07 821080                     /tmp/simgrid-java6981998426582413418/libsimgrid.so (deleted)
7f6e43492000-7f6e43692000 ---p 002c5000 08:07 821080                     /tmp/simgrid-java6981998426582413418/libsimgrid.so (deleted)
7f6e43692000-7f6e436cd000 rw-p 002c5000 08:07 821080                     /tmp/simgrid-java6981998426582413418/libsimgrid.so (deleted)
7f6e436cd000-7f6e439d6000 rw-p 00000000 00:00 0 
7f6e439d6000-7f6e439ed000 r-xp 00000000 08:07 663689                     /home/elixandre/jdk1.7.0_80/jre/lib/amd64/libnet.so
7f6e439ed000-7f6e43bec000 ---p 00017000 08:07 663689                     /home/elixandre/jdk1.7.0_80/jre/lib/amd64/libnet.so
7f6e43bec000-7f6e43bed000 rw-p 00016000 08:07 663689                     /home/elixandre/jdk1.7.0_80/jre/lib/amd64/libnet.so
7f6e43bed000-7f6e43bfd000 r-xp 00000000 08:07 663688                     /home/elixandre/jdk1.7.0_80/jre/lib/amd64/libnio.so
7f6e43bfd000-7f6e43dfd000 ---p 00010000 08:07 663688                     /home/elixandre/jdk1.7.0_80/jre/lib/amd64/libnio.so
7f6e43dfd000-7f6e43dfe000 rw-p 00010000 08:07 663688                     /home/elixandre/jdk1.7.0_80/jre/lib/amd64/libnio.so
7f6e43dfe000-7f6e43dff000 ---p 00000000 00:00 0 
7f6e43dff000-7f6e43eff000 rw-p 00000000 00:00 0 
7f6e43eff000-7f6e43f02000 ---p 00000000 00:00 0 
7f6e43f02000-7f6e44000000 rw-p 00000000 00:00 0 
7f6e44000000-7f6e44021000 rw-p 00000000 00:00 0 
7f6e44021000-7f6e48000000 ---p 00000000 00:00 0 
7f6e48000000-7f6e48021000 rw-p 00000000 00:00 0 
7f6e48021000-7f6e4c000000 ---p 00000000 00:00 0 
7f6e4c000000-7f6e4c021000 rw-p 00000000 00:00 0 
7f6e4c021000-7f6e50000000 ---p 00000000 00:00 0 
7f6e50081000-7f6e50084000 ---p 00000000 00:00 0 
7f6e50084000-7f6e50182000 rw-p 00000000 00:00 0 
7f6e50182000-7f6e50185000 ---p 00000000 00:00 0 
7f6e50185000-7f6e50283000 rw-p 00000000 00:00 0 
7f6e50283000-7f6e50286000 ---p 00000000 00:00 0 
7f6e50286000-7f6e50384000 rw-p 00000000 00:00 0 
7f6e50384000-7f6e50a67000 r--p 00000000 08:07 1055607                    /usr/lib/locale/locale-archive
7f6e50a67000-7f6e50a6a000 ---p 00000000 00:00 0 
7f6e50a6a000-7f6e50b68000 rw-p 00000000 00:00 0 
7f6e50b68000-7f6e50b6b000 ---p 00000000 00:00 0 
7f6e50b6b000-7f6e50c69000 rw-p 00000000 00:00 0 
7f6e50c69000-7f6e50c6a000 ---p 00000000 00:00 0 
7f6e50c6a000-7f6e51d69000 rw-p 00000000 00:00 0 
7f6e51d69000-7f6e51f29000 r--s 039fb000 08:07 663892                     /home/elixandre/jdk1.7.0_80/jre/lib/rt.jar
7f6e51f29000-7f6e54255000 rw-p 00000000 00:00 0 
7f6e54255000-7f6e54256000 ---p 00000000 00:00 0 
7f6e54256000-7f6e54356000 rw-p 00000000 00:00 0 
7f6e54356000-7f6e54357000 ---p 00000000 00:00 0 
7f6e54357000-7f6e54457000 rw-p 00000000 00:00 0 
7f6e54457000-7f6e54458000 ---p 00000000 00:00 0 
7f6e54458000-7f6e54558000 rw-p 00000000 00:00 0 
7f6e54558000-7f6e54559000 ---p 00000000 00:00 0 
7f6e54559000-7f6e54664000 rw-p 00000000 00:00 0 
7f6e54664000-7f6e54682000 rw-p 00000000 00:00 0 
7f6e54682000-7f6e54696000 rw-p 00000000 00:00 0 
7f6e54696000-7f6e547be000 rw-p 00000000 00:00 0 
7f6e547be000-7f6e547c9000 rw-p 00000000 00:00 0 
7f6e547c9000-7f6e547e7000 rw-p 00000000 00:00 0 
7f6e547e7000-7f6e547fb000 rw-p 00000000 00:00 0 
7f6e547fb000-7f6e54923000 rw-p 00000000 00:00 0 
7f6e54923000-7f6e5492d000 rw-p 00000000 00:00 0 
7f6e5492d000-7f6e549c1000 rw-p 00000000 00:00 0 
7f6e549c1000-7f6e549c2000 rw-p 00000000 00:00 0 
7f6e549c2000-7f6e54c32000 rwxp 00000000 00:00 0 
7f6e54c32000-7f6e579c2000 rw-p 00000000 00:00 0 
7f6e579c2000-7f6e579d9000 r-xp 00000000 08:07 663687                     /home/elixandre/jdk1.7.0_80/jre/lib/amd64/libzip.so
7f6e579d9000-7f6e57bd9000 ---p 00017000 08:07 663687                     /home/elixandre/jdk1.7.0_80/jre/lib/amd64/libzip.so
7f6e57bd9000-7f6e57bda000 rw-p 00017000 08:07 663687                     /home/elixandre/jdk1.7.0_80/jre/lib/amd64/libzip.so
7f6e57bda000-7f6e57be4000 r-xp 00000000 08:07 529521                     /lib/x86_64-linux-gnu/libnss_files-2.21.so
7f6e57be4000-7f6e57de4000 ---p 0000a000 08:07 529521                     /lib/x86_64-linux-gnu/libnss_files-2.21.so
7f6e57de4000-7f6e57de5000 r--p 0000a000 08:07 529521                     /lib/x86_64-linux-gnu/libnss_files-2.21.so
7f6e57de5000-7f6e57de6000 rw-p 0000b000 08:07 529521                     /lib/x86_64-linux-gnu/libnss_files-2.21.so
7f6e57de6000-7f6e57dfd000 r-xp 00000000 08:07 529538                     /lib/x86_64-linux-gnu/libnsl-2.21.so
7f6e57dfd000-7f6e57ffc000 ---p 00017000 08:07 529538                     /lib/x86_64-linux-gnu/libnsl-2.21.so
7f6e57ffc000-7f6e57ffd000 r--p 00016000 08:07 529538                     /lib/x86_64-linux-gnu/libnsl-2.21.so
7f6e57ffd000-7f6e57ffe000 rw-p 00017000 08:07 529538                     /lib/x86_64-linux-gnu/libnsl-2.21.so
7f6e57ffe000-7f6e58000000 rw-p 00000000 00:00 0 
7f6e58000000-7f6e58403000 rw-p 00000000 00:00 0 
7f6e58403000-7f6e5c000000 ---p 00000000 00:00 0 
7f6e5c00c000-7f6e5c017000 r-xp 00000000 08:07 529535                     /lib/x86_64-linux-gnu/libnss_nis-2.21.so
7f6e5c017000-7f6e5c216000 ---p 0000b000 08:07 529535                     /lib/x86_64-linux-gnu/libnss_nis-2.21.so
7f6e5c216000-7f6e5c217000 r--p 0000a000 08:07 529535                     /lib/x86_64-linux-gnu/libnss_nis-2.21.so
7f6e5c217000-7f6e5c218000 rw-p 0000b000 08:07 529535                     /lib/x86_64-linux-gnu/libnss_nis-2.21.so
7f6e5c218000-7f6e5c220000 r-xp 00000000 08:07 529523                     /lib/x86_64-linux-gnu/libnss_compat-2.21.so
7f6e5c220000-7f6e5c41f000 ---p 00008000 08:07 529523                     /lib/x86_64-linux-gnu/libnss_compat-2.21.so
7f6e5c41f000-7f6e5c420000 r--p 00007000 08:07 529523                     /lib/x86_64-linux-gnu/libnss_compat-2.21.so
7f6e5c420000-7f6e5c421000 rw-p 00008000 08:07 529523                     /lib/x86_64-linux-gnu/libnss_compat-2.21.so
7f6e5c421000-7f6e5c44a000 r-xp 00000000 08:07 663623                     /home/elixandre/jdk1.7.0_80/jre/lib/amd64/libjava.so
7f6e5c44a000-7f6e5c64a000 ---p 00029000 08:07 663623                     /home/elixandre/jdk1.7.0_80/jre/lib/amd64/libjava.so
7f6e5c64a000-7f6e5c64c000 rw-p 00029000 08:07 663623                     /home/elixandre/jdk1.7.0_80/jre/lib/amd64/libjava.so
7f6e5c64c000-7f6e5c659000 r-xp 00000000 08:07 663501                     /home/elixandre/jdk1.7.0_80/jre/lib/amd64/libverify.so
7f6e5c659000-7f6e5c858000 ---p 0000d000 08:07 663501                     /home/elixandre/jdk1.7.0_80/jre/lib/amd64/libverify.so
7f6e5c858000-7f6e5c85a000 rw-p 0000c000 08:07 663501                     /home/elixandre/jdk1.7.0_80/jre/lib/amd64/libverify.so
7f6e5c85a000-7f6e5c861000 r-xp 00000000 08:07 529522                     /lib/x86_64-linux-gnu/librt-2.21.so
7f6e5c861000-7f6e5ca60000 ---p 00007000 08:07 529522                     /lib/x86_64-linux-gnu/librt-2.21.so
7f6e5ca60000-7f6e5ca61000 r--p 00006000 08:07 529522                     /lib/x86_64-linux-gnu/librt-2.21.so
7f6e5ca61000-7f6e5ca62000 rw-p 00007000 08:07 529522                     /lib/x86_64-linux-gnu/librt-2.21.so
7f6e5ca62000-7f6e5cb69000 r-xp 00000000 08:07 529524                     /lib/x86_64-linux-gnu/libm-2.21.so
7f6e5cb69000-7f6e5cd68000 ---p 00107000 08:07 529524                     /lib/x86_64-linux-gnu/libm-2.21.so
7f6e5cd68000-7f6e5cd69000 r--p 00106000 08:07 529524                     /lib/x86_64-linux-gnu/libm-2.21.so
7f6e5cd69000-7f6e5cd6a000 rw-p 00107000 08:07 529524                     /lib/x86_64-linux-gnu/libm-2.21.so
7f6e5cd6a000-7f6e5d8e0000 r-xp 00000000 08:07 663273                     /home/elixandre/jdk1.7.0_80/jre/lib/amd64/server/libjvm.so
7f6e5d8e0000-7f6e5dadf000 ---p 00b76000 08:07 663273                     /home/elixandre/jdk1.7.0_80/jre/lib/amd64/server/libjvm.so
7f6e5dadf000-7f6e5dba3000 rw-p 00b75000 08:07 663273                     /home/elixandre/jdk1.7.0_80/jre/lib/amd64/server/libjvm.so
7f6e5dba3000-7f6e5dbe4000 rw-p 00000000 00:00 0 
7f6e5dbe4000-7f6e5dda4000 r-xp 00000000 08:07 529541                     /lib/x86_64-linux-gnu/libc-2.21.so
7f6e5dda4000-7f6e5dfa4000 ---p 001c0000 08:07 529541                     /lib/x86_64-linux-gnu/libc-2.21.so
7f6e5dfa4000-7f6e5dfa8000 r--p 001c0000 08:07 529541                     /lib/x86_64-linux-gnu/libc-2.21.so
7f6e5dfa8000-7f6e5dfaa000 rw-p 001c4000 08:07 529541                     /lib/x86_64-linux-gnu/libc-2.21.so
7f6e5dfaa000-7f6e5dfae000 rw-p 00000000 00:00 0 
7f6e5dfae000-7f6e5dfb1000 r-xp 00000000 08:07 529528                     /lib/x86_64-linux-gnu/libdl-2.21.so
7f6e5dfb1000-7f6e5e1b0000 ---p 00003000 08:07 529528                     /lib/x86_64-linux-gnu/libdl-2.21.so
7f6e5e1b0000-7f6e5e1b1000 r--p 00002000 08:07 529528                     /lib/x86_64-linux-gnu/libdl-2.21.so
7f6e5e1b1000-7f6e5e1b2000 rw-p 00003000 08:07 529528                     /lib/x86_64-linux-gnu/libdl-2.21.so
7f6e5e1b2000-7f6e5e1c7000 r-xp 00000000 08:07 663695                     /home/elixandre/jdk1.7.0_80/lib/amd64/jli/libjli.so
7f6e5e1c7000-7f6e5e3c6000 ---p 00015000 08:07 663695                     /home/elixandre/jdk1.7.0_80/lib/amd64/jli/libjli.so
7f6e5e3c6000-7f6e5e3c7000 rw-p 00014000 08:07 663695                     /home/elixandre/jdk1.7.0_80/lib/amd64/jli/libjli.so
7f6e5e3c7000-7f6e5e3df000 r-xp 00000000 08:07 529525                     /lib/x86_64-linux-gnu/libpthread-2.21.so
7f6e5e3df000-7f6e5e5df000 ---p 00018000 08:07 529525                     /lib/x86_64-linux-gnu/libpthread-2.21.so
7f6e5e5df000-7f6e5e5e0000 r--p 00018000 08:07 529525                     /lib/x86_64-linux-gnu/libpthread-2.21.so
7f6e5e5e0000-7f6e5e5e1000 rw-p 00019000 08:07 529525                     /lib/x86_64-linux-gnu/libpthread-2.21.so
7f6e5e5e1000-7f6e5e5e5000 rw-p 00000000 00:00 0 
7f6e5e5e5000-7f6e5e609000 r-xp 00000000 08:07 529539                     /lib/x86_64-linux-gnu/ld-2.21.so
7f6e5e613000-7f6e5e632000 rw-p 00000000 00:00 0 
7f6e5e632000-7f6e5e6e8000 rw-p 00000000 00:00 0 
7f6e5e6e8000-7f6e5e6eb000 ---p 00000000 00:00 0 
7f6e5e6eb000-7f6e5e7ed000 rw-p 00000000 00:00 0 
7f6e5e7f5000-7f6e5e7f9000 r--s 0008b000 08:07 663627                     /home/elixandre/jdk1.7.0_80/jre/lib/jsse.jar
7f6e5e7f9000-7f6e5e7fc000 r--s 00f76000 08:07 542783                     /home/elixandre/Downloads/simgrid.jar
7f6e5e7fc000-7f6e5e804000 rw-s 00000000 08:07 798527                     /tmp/hsperfdata_elixandre/2720 (deleted)
7f6e5e804000-7f6e5e805000 rw-p 00000000 00:00 0 
7f6e5e805000-7f6e5e806000 ---p 00000000 00:00 0 
7f6e5e806000-7f6e5e808000 rw-p 00000000 00:00 0 
7f6e5e808000-7f6e5e809000 r--p 00023000 08:07 529539                     /lib/x86_64-linux-gnu/ld-2.21.so
7f6e5e809000-7f6e5e80a000 rw-p 00024000 08:07 529539                     /lib/x86_64-linux-gnu/ld-2.21.so
7f6e5e80a000-7f6e5e80b000 rw-p 00000000 00:00 0 
7fff18063000-7fff18084000 rw-p 00000000 00:00 0                          [stack]
7fff1813e000-7fff18140000 r--p 00000000 00:00 0                          [vvar]
7fff18140000-7fff18142000 r-xp 00000000 00:00 0                          [vdso]
ffffffffff600000-ffffffffff601000 r-xp 00000000 00:00 0                  [vsyscall]

VM Arguments:
jvm_args: -Dfile.encoding=UTF-8 
java_command: vcube.VCube platform.xml deployment.xml
Launcher Type: SUN_STANDARD

Environment Variables:
PATH=/usr/local/sbin:/usr/local/bin:/usr/sbin:/usr/bin:/sbin:/bin:/usr/games:/usr/local/games:/home/elixandre/.rvm/bin
LD_LIBRARY_PATH=/home/elixandre/jdk1.7.0_80/jre/lib/amd64:/home/elixandre/jdk1.7.0_80/jre/lib/i386:
SHELL=/bin/bash
DISPLAY=:0

Signal Handlers:
SIGSEGV: [libjvm.so+0x9a3b20], sa_mask[0]=0x7ffbfeff, sa_flags=0x10000004
SIGBUS: [libjvm.so+0x9a3b20], sa_mask[0]=0x7ffbfeff, sa_flags=0x10000004
SIGFPE: [libjvm.so+0x81e740], sa_mask[0]=0x7ffbfeff, sa_flags=0x10000004
SIGPIPE: [libjvm.so+0x81e740], sa_mask[0]=0x7ffbfeff, sa_flags=0x10000004
SIGXFSZ: [libjvm.so+0x81e740], sa_mask[0]=0x7ffbfeff, sa_flags=0x10000004
SIGILL: [libjvm.so+0x81e740], sa_mask[0]=0x7ffbfeff, sa_flags=0x10000004
SIGUSR1: SIG_DFL, sa_mask[0]=0x00000000, sa_flags=0x00000000
SIGUSR2: [libjvm.so+0x81ffb0], sa_mask[0]=0x00000004, sa_flags=0x10000004
SIGHUP: [libjvm.so+0x8210d0], sa_mask[0]=0x7ffbfeff, sa_flags=0x10000004
SIGINT: [libsimgrid.so+0x8ff50], sa_mask[0]=0x00000002, sa_flags=0x10000000
SIGTERM: [libjvm.so+0x8210d0], sa_mask[0]=0x7ffbfeff, sa_flags=0x10000004
SIGQUIT: [libjvm.so+0x8210d0], sa_mask[0]=0x7ffbfeff, sa_flags=0x10000004


---------------  S Y S T E M  ---------------

OS:jessie/sid

uname:Linux 4.2.0-42-generic #49-Ubuntu SMP Tue Jun 28 21:26:26 UTC 2016 x86_64
libc:glibc 2.21 NPTL 2.21 
rlimit: STACK 8192k, CORE 0k, NPROC 15009, NOFILE 65536, AS infinity
load average:1.56 1.33 0.64

/proc/meminfo:
MemTotal:        3879128 kB
MemFree:         1401164 kB
MemAvailable:    2098884 kB
Buffers:           76808 kB
Cached:           920176 kB
SwapCached:            0 kB
Active:          1581776 kB
Inactive:         732192 kB
Active(anon):    1318760 kB
Inactive(anon):   148644 kB
Active(file):     263016 kB
Inactive(file):   583548 kB
Unevictable:          48 kB
Mlocked:              48 kB
SwapTotal:        975868 kB
SwapFree:         975868 kB
Dirty:             12484 kB
Writeback:             0 kB
AnonPages:       1317080 kB
Mapped:           339636 kB
Shmem:            150384 kB
Slab:              70396 kB
SReclaimable:      40184 kB
SUnreclaim:        30212 kB
KernelStack:        9264 kB
PageTables:        32740 kB
NFS_Unstable:          0 kB
Bounce:                0 kB
WritebackTmp:          0 kB
CommitLimit:     2915432 kB
Committed_AS:    5379332 kB
VmallocTotal:   34359738367 kB
VmallocUsed:      347648 kB
VmallocChunk:   34358947836 kB
HardwareCorrupted:     0 kB
AnonHugePages:    571392 kB
CmaTotal:              0 kB
CmaFree:               0 kB
HugePages_Total:       0
HugePages_Free:        0
HugePages_Rsvd:        0
HugePages_Surp:        0
Hugepagesize:       2048 kB
DirectMap4k:      117496 kB
DirectMap2M:     3909632 kB


CPU:total 4 (2 cores per cpu, 2 threads per core) family 6 model 58 stepping 9, cmov, cx8, fxsr, mmx, sse, sse2, sse3, ssse3, sse4.1, sse4.2, popcnt, avx, erms, ht, tsc, tscinvbit, tscinv

/proc/cpuinfo:
processor	: 0
vendor_id	: GenuineIntel
cpu family	: 6
model		: 58
model name	: Intel(R) Core(TM) i7-3517U CPU @ 1.90GHz
stepping	: 9
microcode	: 0x12
cpu MHz		: 2216.250
cache size	: 4096 KB
physical id	: 0
siblings	: 4
core id		: 0
cpu cores	: 2
apicid		: 0
initial apicid	: 0
fpu		: yes
fpu_exception	: yes
cpuid level	: 13
wp		: yes
flags		: fpu vme de pse tsc msr pae mce cx8 apic sep mtrr pge mca cmov pat pse36 clflush dts acpi mmx fxsr sse sse2 ss ht tm pbe syscall nx rdtscp lm constant_tsc arch_perfmon pebs bts rep_good nopl xtopology nonstop_tsc aperfmperf eagerfpu pni pclmulqdq dtes64 monitor ds_cpl vmx est tm2 ssse3 cx16 xtpr pdcm pcid sse4_1 sse4_2 x2apic popcnt tsc_deadline_timer xsave avx f16c rdrand lahf_lm ida arat epb pln pts dtherm tpr_shadow vnmi flexpriority ept vpid fsgsbase smep erms xsaveopt
bugs		:
bogomips	: 4788.86
clflush size	: 64
cache_alignment	: 64
address sizes	: 36 bits physical, 48 bits virtual
power management:

processor	: 1
vendor_id	: GenuineIntel
cpu family	: 6
model		: 58
model name	: Intel(R) Core(TM) i7-3517U CPU @ 1.90GHz
stepping	: 9
microcode	: 0x12
cpu MHz		: 2385.187
cache size	: 4096 KB
physical id	: 0
siblings	: 4
core id		: 0
cpu cores	: 2
apicid		: 1
initial apicid	: 1
fpu		: yes
fpu_exception	: yes
cpuid level	: 13
wp		: yes
flags		: fpu vme de pse tsc msr pae mce cx8 apic sep mtrr pge mca cmov pat pse36 clflush dts acpi mmx fxsr sse sse2 ss ht tm pbe syscall nx rdtscp lm constant_tsc arch_perfmon pebs bts rep_good nopl xtopology nonstop_tsc aperfmperf eagerfpu pni pclmulqdq dtes64 monitor ds_cpl vmx est tm2 ssse3 cx16 xtpr pdcm pcid sse4_1 sse4_2 x2apic popcnt tsc_deadline_timer xsave avx f16c rdrand lahf_lm ida arat epb pln pts dtherm tpr_shadow vnmi flexpriority ept vpid fsgsbase smep erms xsaveopt
bugs		:
bogomips	: 4788.86
clflush size	: 64
cache_alignment	: 64
address sizes	: 36 bits physical, 48 bits virtual
power management:

processor	: 2
vendor_id	: GenuineIntel
cpu family	: 6
model		: 58
model name	: Intel(R) Core(TM) i7-3517U CPU @ 1.90GHz
stepping	: 9
microcode	: 0x12
cpu MHz		: 2702.718
cache size	: 4096 KB
physical id	: 0
siblings	: 4
core id		: 1
cpu cores	: 2
apicid		: 2
initial apicid	: 2
fpu		: yes
fpu_exception	: yes
cpuid level	: 13
wp		: yes
flags		: fpu vme de pse tsc msr pae mce cx8 apic sep mtrr pge mca cmov pat pse36 clflush dts acpi mmx fxsr sse sse2 ss ht tm pbe syscall nx rdtscp lm constant_tsc arch_perfmon pebs bts rep_good nopl xtopology nonstop_tsc aperfmperf eagerfpu pni pclmulqdq dtes64 monitor ds_cpl vmx est tm2 ssse3 cx16 xtpr pdcm pcid sse4_1 sse4_2 x2apic popcnt tsc_deadline_timer xsave avx f16c rdrand lahf_lm ida arat epb pln pts dtherm tpr_shadow vnmi flexpriority ept vpid fsgsbase smep erms xsaveopt
bugs		:
bogomips	: 4788.86
clflush size	: 64
cache_alignment	: 64
address sizes	: 36 bits physical, 48 bits virtual
power management:

processor	: 3
vendor_id	: GenuineIntel
cpu family	: 6
model		: 58
model name	: Intel(R) Core(TM) i7-3517U CPU @ 1.90GHz
stepping	: 9
microcode	: 0x12
cpu MHz		: 2458.031
cache size	: 4096 KB
physical id	: 0
siblings	: 4
core id		: 1
cpu cores	: 2
apicid		: 3
initial apicid	: 3
fpu		: yes
fpu_exception	: yes
cpuid level	: 13
wp		: yes
flags		: fpu vme de pse tsc msr pae mce cx8 apic sep mtrr pge mca cmov pat pse36 clflush dts acpi mmx fxsr sse sse2 ss ht tm pbe syscall nx rdtscp lm constant_tsc arch_perfmon pebs bts rep_good nopl xtopology nonstop_tsc aperfmperf eagerfpu pni pclmulqdq dtes64 monitor ds_cpl vmx est tm2 ssse3 cx16 xtpr pdcm pcid sse4_1 sse4_2 x2apic popcnt tsc_deadline_timer xsave avx f16c rdrand lahf_lm ida arat epb pln pts dtherm tpr_shadow vnmi flexpriority ept vpid fsgsbase smep erms xsaveopt
bugs		:
bogomips	: 4788.86
clflush size	: 64
cache_alignment	: 64
address sizes	: 36 bits physical, 48 bits virtual
power management:



Memory: 4k page, physical 3879128k(1401164k free), swap 975868k(975868k free)

vm_info: Java HotSpot(TM) 64-Bit Server VM (24.80-b11) for linux-amd64 JRE (1.7.0_80-b15), built on Apr 10 2015 19:53:14 by "java_re" with gcc 4.3.0 20080428 (Red Hat 4.3.0-8)

time: Thu May  4 09:52:49 2017
elapsed time: 1 seconds

