#
# A fatal error has been detected by the Java Runtime Environment:
#
#  SIGSEGV (0xb) at pc=0x00007f1294e3c263, pid=4366, tid=139717810878208
#
# JRE version: Java(TM) SE Runtime Environment (7.0_80-b15) (build 1.7.0_80-b15)
# Java VM: Java HotSpot(TM) 64-Bit Server VM (24.80-b11 mixed mode linux-amd64 compressed oops)
# Problematic frame:
# C  [libsimgrid.so+0x190263]  xbt_dynar_member+0x23
#
# Failed to write core dump. Core dumps have been disabled. To enable core dumping, try "ulimit -c unlimited" before starting Java again
#
# If you would like to submit a bug report, please visit:
#   http://bugreport.java.com/bugreport/crash.jsp
#

---------------  T H R E A D  ---------------

Current thread (0x00007f129c06a000):  VMThread [stack: 0x00007f12966c7000,0x00007f12967c8000] [id=4376]

siginfo:si_signo=SIGSEGV: si_errno=0, si_code=1 (SEGV_MAPERR), si_addr=0x0000000000000000

Registers:
RAX=0x0000000000000000, RBX=0x00007f12951a8700, RCX=0x00007f12951b3790, RDX=0x00007f12967c7a30
RSP=0x00007f12967c6810, RBP=0x00007f129c11c990, RSI=0x00007f12967c69b8, RDI=0x00007f12967c68d0
R8 =0x00007f129c1139a0, R9 =0x0000000000000001, R10=0x0000000000000c58, R11=0x00007f1294e3c240
R12=0x00007f12951b3790, R13=0x00007f129c0fca90, R14=0x00000000000003d8, R15=0x00007f129c027e58
RIP=0x00007f1294e3c263, EFLAGS=0x0000000000010202, CSGSFS=0x0000000000000033, ERR=0x0000000000000004
  TRAPNO=0x000000000000000e

Top of Stack: (sp=0x00007f12967c6810)
0x00007f12967c6810:   00007f129c0fb470 00007f12967c6830
0x00007f12967c6820:   00007f129c113a10 00007f12967c69b8
0x00007f12967c6830:   00000000ffffffff 00007f129c226710
0x00007f12967c6840:   00007f1294cc5628 00007f129c0fb470
0x00007f12967c6850:   00007f129c00390f 00007f129c226710
0x00007f12967c6860:   00007f129c1240a0 00007f1200000001
0x00007f12967c6870:   0000000000000000 0000000000000000
0x00007f12967c6880:   00007f129c1241d0 00007f129c124200
0x00007f12967c6890:   00000000000003d8 00007f129c3d1910
0x00007f12967c68a0:   00007f1295173400 00007f1295177de8
0x00007f12967c68b0:   00007f12951b3790 00007f129c0fca90
0x00007f12967c68c0:   00000000000003d8 00007f129c027e58
0x00007f12967c68d0:   0000000000000000 00007f12a40ae9ad
0x00007f12967c68e0:   0000000000000005 0000000000000000
0x00007f12967c68f0:   00007f129c0fca90 00007f1294cc5628
0x00007f12967c6900:   00007f12951a8700 00007f129c11c990
0x00007f12967c6910:   00007f12951b3790 00007f12a40b5f30
0x00007f12967c6920:   00007f129c1f5650 00007f1295173400
0x00007f12967c6930:   00007f129c122750 00007f1294e591a7
0x00007f12967c6940:   00007f129c11e928 00007f129c11e850
0x00007f12967c6950:   00007f129c11ea50 00007f129c11d220
0x00007f12967c6960:   00007f129c140e40 00007f12951b3790
0x00007f12967c6970:   00007f129c1139a0 00007f12967c69b8
0x00007f12967c6980:   00007f129c113a10 00007f129c1139a0
0x00007f12967c6990:   0000000000000001 00007f129c0fb470
0x00007f12967c69a0:   00007f12951a8700 00007f1294e5934f
0x00007f12967c69b0:   0000000000000000 00007f129c122750
0x00007f12967c69c0:   0000000000000005 0000000000000000
0x00007f12967c69d0:   00007f129c027e58 00007f12951aba98
0x00007f12967c69e0:   00007f129c115c00 0000000000000001
0x00007f12967c69f0:   00007f129c0fca90 00007f1294e3ad37
0x00007f12967c6a00:   00007f129c0fca90 00007f12951ab098 

Instructions: (pc=0x00007f1294e3c263)
0x00007f1294e3c243:   ec 90 01 00 00 48 8b 05 01 a2 33 00 48 89 7c 24
0x00007f1294e3c253:   10 48 89 74 24 18 ff 10 48 8d bc 24 c0 00 00 00
0x00007f1294e3c263:   48 8b 08 48 89 04 24 48 89 38 48 89 4c 24 08 e8
0x00007f1294e3c273:   79 31 ed ff 85 c0 74 75 48 8b 14 24 c7 42 08 01 

Register to memory mapping:

RAX=0x0000000000000000 is an unknown value
RBX=0x00007f12951a8700: _simgrid_log_category__simix_process+0 in /tmp/simgrid-java8956204436418458873/libsimgrid.so at 0x00007f1294cac000
RCX=0x00007f12951b3790: simix_global+0 in /tmp/simgrid-java8956204436418458873/libsimgrid.so at 0x00007f1294cac000
RDX=0x00007f12967c7a30 is an unknown value
RSP=0x00007f12967c6810 is an unknown value
RBP=0x00007f129c11c990 is an unknown value
RSI=0x00007f12967c69b8 is an unknown value
RDI=0x00007f12967c68d0 is an unknown value
R8 =0x00007f129c1139a0 is an unknown value
R9 =0x0000000000000001 is an unknown value
R10=0x0000000000000c58 is an unknown value
R11=0x00007f1294e3c240: xbt_dynar_member+0 in /tmp/simgrid-java8956204436418458873/libsimgrid.so at 0x00007f1294cac000
R12=0x00007f12951b3790: simix_global+0 in /tmp/simgrid-java8956204436418458873/libsimgrid.so at 0x00007f1294cac000
R13=0x00007f129c0fca90 is an unknown value
R14=0x00000000000003d8 is an unknown value
R15=0x00007f129c027e58 is an unknown value


Stack: [0x00007f12966c7000,0x00007f12967c8000],  sp=0x00007f12967c6810,  free space=1022k
Native frames: (J=compiled Java code, j=interpreted, Vv=VM code, C=native code)
C  [libsimgrid.so+0x190263]  xbt_dynar_member+0x23

VM_Operation (0x00007f12944f86b0): Exit, mode: safepoint, requested by thread 0x00007f1270001000


---------------  P R O C E S S  ---------------

Java Threads: ( => current thread )
  0x00007f1270001000 JavaThread "SIGTERM handler" daemon [_thread_blocked, id=4392, stack(0x00007f12943f9000,0x00007f12944fa000)]
  0x00007f1234001000 JavaThread "Thread-7" [_thread_in_native, id=4391, stack(0x00007f125b7ff000,0x00007f125c000000)]
  0x00007f123c001000 JavaThread "Thread-6" [_thread_in_native, id=4390, stack(0x00007f12647f9000,0x00007f1264ffa000)]
  0x00007f1244001000 JavaThread "Thread-4" [_thread_blocked, id=4388, stack(0x00007f12657fb000,0x00007f1265ffc000)]
  0x00007f1248001000 JavaThread "Thread-5" [_thread_in_native, id=4387, stack(0x00007f1265ffc000,0x00007f12667fd000)]
  0x00007f1250001000 JavaThread "Thread-8" [_thread_in_native, id=4389, stack(0x00007f1264ffa000,0x00007f12657fb000)]
  0x00007f1254001000 JavaThread "Thread-3" [_thread_in_native, id=4386, stack(0x00007f12667fd000,0x00007f1266ffe000)]
  0x00007f124c001000 JavaThread "Thread-2" [_thread_in_native, id=4385, stack(0x00007f1266ffe000,0x00007f12677ff000)]
  0x00007f125c001000 JavaThread "Thread-1" [_thread_in_native, id=4384, stack(0x00007f12677ff000,0x00007f1268000000)]
  0x00007f129c099000 JavaThread "Service Thread" daemon [_thread_blocked, id=4382, stack(0x00007f12959de000,0x00007f1295adf000)]
  0x00007f129c096800 JavaThread "C2 CompilerThread1" daemon [_thread_blocked, id=4381, stack(0x00007f1295adf000,0x00007f1295be0000)]
  0x00007f129c093800 JavaThread "C2 CompilerThread0" daemon [_thread_blocked, id=4380, stack(0x00007f1295be0000,0x00007f1295ce1000)]
  0x00007f129c070800 JavaThread "Finalizer" daemon [_thread_blocked, id=4378, stack(0x00007f12964c5000,0x00007f12965c6000)]
  0x00007f129c06e000 JavaThread "Reference Handler" daemon [_thread_blocked, id=4377, stack(0x00007f12965c6000,0x00007f12966c7000)]
  0x00007f129c009800 JavaThread "main" [_thread_in_native, id=4368, stack(0x00007f12a41a2000,0x00007f12a42a3000)]

Other Threads:
=>0x00007f129c06a000 VMThread [stack: 0x00007f12966c7000,0x00007f12967c8000] [id=4376]

VM state:at safepoint (shutting down)

VM Mutex/Monitor currently owned by a thread:  ([mutex/lock_event])
[0x00007f129c0061b0] Threads_lock - owner thread: 0x00007f129c06a000

Heap
 PSYoungGen      total 17920K, used 11983K [0x00000000ec400000, 0x00000000ed800000, 0x0000000100000000)
  eden space 15360K, 78% used [0x00000000ec400000,0x00000000ecfb3f78,0x00000000ed300000)
  from space 2560K, 0% used [0x00000000ed580000,0x00000000ed580000,0x00000000ed800000)
  to   space 2560K, 0% used [0x00000000ed300000,0x00000000ed300000,0x00000000ed580000)
 ParOldGen       total 40448K, used 0K [0x00000000c4c00000, 0x00000000c7380000, 0x00000000ec400000)
  object space 40448K, 0% used [0x00000000c4c00000,0x00000000c4c00000,0x00000000c7380000)
 PSPermGen       total 21504K, used 3586K [0x00000000bfa00000, 0x00000000c0f00000, 0x00000000c4c00000)
  object space 21504K, 16% used [0x00000000bfa00000,0x00000000bfd80948,0x00000000c0f00000)

Card table byte_map: [0x00007f12a1284000,0x00007f12a1488000] byte_map_base: 0x00007f12a0c87000

Polling page: 0x00007f12a42bf000

Code Cache  [0x00007f1299000000, 0x00007f1299270000, 0x00007f129c000000)
 total_blobs=244 nmethods=38 adapters=160 free_code_cache=48700Kb largest_free_block=49840576

Compilation events (10 events):
Event: 1.907 Thread 0x00007f129c096800   34             java.lang.Integer::parseInt (261 bytes)
Event: 1.911 Thread 0x00007f129c096800 nmethod 34 0x00007f1299071550 code [0x00007f12990716e0, 0x00007f1299071a38]
Event: 1.928 Thread 0x00007f129c093800   35             java.util.regex.Pattern::has (15 bytes)
Event: 1.928 Thread 0x00007f129c093800 nmethod 35 0x00007f129906e3d0 code [0x00007f129906e500, 0x00007f129906e558]
Event: 1.948 Thread 0x00007f129c096800   36             java.util.regex.Pattern::compile (406 bytes)
Event: 1.959 Thread 0x00007f129c093800   37             java.util.regex.Pattern::newSlice (181 bytes)
Event: 1.965 Thread 0x00007f129c093800 nmethod 37 0x00007f129906f790 code [0x00007f129906f8e0, 0x00007f129906fb98]
Event: 2.042 Thread 0x00007f129c096800 nmethod 36 0x00007f1299076250 code [0x00007f1299076440, 0x00007f1299077628]
Event: 2.113 Thread 0x00007f129c093800   38             java.lang.CharacterDataLatin1::getProperties (11 bytes)
Event: 2.113 Thread 0x00007f129c093800 nmethod 38 0x00007f129906e190 code [0x00007f129906e2c0, 0x00007f129906e338]

GC Heap History (0 events):
No events

Deoptimization events (0 events):
No events

Internal exceptions (10 events):
Event: 2.108 Thread 0x00007f123c001000 Threw 0x00000000ece00e28 at /HUDSON/workspace/7u-2-build-linux-amd64/jdk7u80/2329/hotspot/src/share/vm/prims/jni.cpp:743
Event: 2.110 Thread 0x00007f1254001000 Threw 0x00000000ecdc4ee0 at /HUDSON/workspace/7u-2-build-linux-amd64/jdk7u80/2329/hotspot/src/share/vm/prims/jni.cpp:743
Event: 2.110 Thread 0x00007f1234001000 Threw 0x00000000ece413f8 at /HUDSON/workspace/7u-2-build-linux-amd64/jdk7u80/2329/hotspot/src/share/vm/prims/jni.cpp:743
Event: 2.110 Thread 0x00007f124c001000 Threw 0x00000000ecd7f8b0 at /HUDSON/workspace/7u-2-build-linux-amd64/jdk7u80/2329/hotspot/src/share/vm/prims/jni.cpp:743
Event: 2.111 Thread 0x00007f1250001000 Threw 0x00000000eced3da0 at /HUDSON/workspace/7u-2-build-linux-amd64/jdk7u80/2329/hotspot/src/share/vm/prims/jni.cpp:743
Event: 2.112 Thread 0x00007f125c001000 Threw 0x00000000ecd41608 at /HUDSON/workspace/7u-2-build-linux-amd64/jdk7u80/2329/hotspot/src/share/vm/prims/jni.cpp:743
Event: 2.112 Thread 0x00007f123c001000 Threw 0x00000000ece030d0 at /HUDSON/workspace/7u-2-build-linux-amd64/jdk7u80/2329/hotspot/src/share/vm/prims/jni.cpp:743
Event: 2.114 Thread 0x00007f1254001000 Threw 0x00000000ecdc7188 at /HUDSON/workspace/7u-2-build-linux-amd64/jdk7u80/2329/hotspot/src/share/vm/prims/jni.cpp:743
Event: 2.114 Thread 0x00007f1234001000 Threw 0x00000000ece436a0 at /HUDSON/workspace/7u-2-build-linux-amd64/jdk7u80/2329/hotspot/src/share/vm/prims/jni.cpp:743
Event: 2.114 Thread 0x00007f124c001000 Threw 0x00000000ecd81b58 at /HUDSON/workspace/7u-2-build-linux-amd64/jdk7u80/2329/hotspot/src/share/vm/prims/jni.cpp:743

Events (10 events):
Event: 2.110 loading class 0x00007f126805fed0
Event: 2.110 loading class 0x00007f126805fed0 done
Event: 2.110 loading class 0x00007f126805fea0
Event: 2.110 loading class 0x00007f126805fe60
Event: 2.110 loading class 0x00007f126805fe60 done
Event: 2.110 loading class 0x00007f126805fea0 done
Event: 2.114 Thread 0x00007f1238001000 Thread added: 0x00007f1238001000
Event: 2.116 Thread 0x00007f1238001000 Thread exited: 0x00007f1238001000
Event: 2.116 Thread 0x00007f129c091800 Thread exited: 0x00007f129c091800
Event: 2.116 Executing VM operation: Exit


Dynamic libraries:
00400000-00401000 r-xp 00000000 08:07 663942                             /home/elixandre/jdk1.7.0_80/bin/java
00600000-00601000 rw-p 00000000 08:07 663942                             /home/elixandre/jdk1.7.0_80/bin/java
017b5000-017d6000 rw-p 00000000 00:00 0                                  [heap]
bfa00000-c0f00000 rw-p 00000000 00:00 0 
c0f00000-c4c00000 rw-p 00000000 00:00 0 
c4c00000-c7380000 rw-p 00000000 00:00 0 
c7380000-ec400000 rw-p 00000000 00:00 0 
ec400000-ed800000 rw-p 00000000 00:00 0 
ed800000-100000000 rw-p 00000000 00:00 0 
7f122c000000-7f122c021000 rw-p 00000000 00:00 0 
7f122c021000-7f1230000000 ---p 00000000 00:00 0 
7f1234000000-7f12340fe000 rw-p 00000000 00:00 0 
7f12340fe000-7f1238000000 ---p 00000000 00:00 0 
7f1238000000-7f1238021000 rw-p 00000000 00:00 0 
7f1238021000-7f123c000000 ---p 00000000 00:00 0 
7f123c000000-7f123c104000 rw-p 00000000 00:00 0 
7f123c104000-7f1240000000 ---p 00000000 00:00 0 
7f1244000000-7f124412c000 rw-p 00000000 00:00 0 
7f124412c000-7f1248000000 ---p 00000000 00:00 0 
7f1248000000-7f12480d4000 rw-p 00000000 00:00 0 
7f12480d4000-7f124c000000 ---p 00000000 00:00 0 
7f124c000000-7f124c10a000 rw-p 00000000 00:00 0 
7f124c10a000-7f1250000000 ---p 00000000 00:00 0 
7f1250000000-7f12500ff000 rw-p 00000000 00:00 0 
7f12500ff000-7f1254000000 ---p 00000000 00:00 0 
7f1254000000-7f125410b000 rw-p 00000000 00:00 0 
7f125410b000-7f1258000000 ---p 00000000 00:00 0 
7f125b7ff000-7f125b802000 ---p 00000000 00:00 0 
7f125b802000-7f125c000000 rw-p 00000000 00:00 0 
7f125c000000-7f125c134000 rw-p 00000000 00:00 0 
7f125c134000-7f1260000000 ---p 00000000 00:00 0 
7f1260000000-7f1260021000 rw-p 00000000 00:00 0 
7f1260021000-7f1264000000 ---p 00000000 00:00 0 
7f12647f9000-7f12647fc000 ---p 00000000 00:00 0 
7f12647fc000-7f1264ffa000 rw-p 00000000 00:00 0 
7f1264ffa000-7f1264ffd000 ---p 00000000 00:00 0 
7f1264ffd000-7f12657fb000 rw-p 00000000 00:00 0 
7f12657fb000-7f12657fe000 ---p 00000000 00:00 0 
7f12657fe000-7f1265ffc000 rw-p 00000000 00:00 0 
7f1265ffc000-7f1265fff000 ---p 00000000 00:00 0 
7f1265fff000-7f12667fd000 rw-p 00000000 00:00 0 
7f12667fd000-7f1266800000 ---p 00000000 00:00 0 
7f1266800000-7f1266ffe000 rw-p 00000000 00:00 0 
7f1266ffe000-7f1267001000 ---p 00000000 00:00 0 
7f1267001000-7f12677ff000 rw-p 00000000 00:00 0 
7f12677ff000-7f1267802000 ---p 00000000 00:00 0 
7f1267802000-7f1268000000 rw-p 00000000 00:00 0 
7f1268000000-7f126824f000 rw-p 00000000 00:00 0 
7f126824f000-7f126c000000 ---p 00000000 00:00 0 
7f126c000000-7f126c021000 rw-p 00000000 00:00 0 
7f126c021000-7f1270000000 ---p 00000000 00:00 0 
7f1270000000-7f1270021000 rw-p 00000000 00:00 0 
7f1270021000-7f1274000000 ---p 00000000 00:00 0 
7f1274000000-7f12740ee000 rw-p 00000000 00:00 0 
7f12740ee000-7f1278000000 ---p 00000000 00:00 0 
7f1278000000-7f1278021000 rw-p 00000000 00:00 0 
7f1278021000-7f127c000000 ---p 00000000 00:00 0 
7f127c000000-7f127c021000 rw-p 00000000 00:00 0 
7f127c021000-7f1280000000 ---p 00000000 00:00 0 
7f1280000000-7f1280021000 rw-p 00000000 00:00 0 
7f1280021000-7f1284000000 ---p 00000000 00:00 0 
7f1284000000-7f1284021000 rw-p 00000000 00:00 0 
7f1284021000-7f1288000000 ---p 00000000 00:00 0 
7f1288000000-7f1288021000 rw-p 00000000 00:00 0 
7f1288021000-7f128c000000 ---p 00000000 00:00 0 
7f128c000000-7f128c021000 rw-p 00000000 00:00 0 
7f128c021000-7f1290000000 ---p 00000000 00:00 0 
7f1290000000-7f1290021000 rw-p 00000000 00:00 0 
7f1290021000-7f1294000000 ---p 00000000 00:00 0 
7f12942f8000-7f12942fb000 ---p 00000000 00:00 0 
7f12942fb000-7f12943f9000 rw-p 00000000 00:00 0 
7f12943f9000-7f12943fc000 ---p 00000000 00:00 0 
7f12943fc000-7f12944fa000 rw-p 00000000 00:00 0 
7f12944fa000-7f1294512000 r-xp 00000000 08:07 544853                     /tmp/simgrid-java8956204436418458873/libsimgrid-java.so (deleted)
7f1294512000-7f1294712000 ---p 00018000 08:07 544853                     /tmp/simgrid-java8956204436418458873/libsimgrid-java.so (deleted)
7f1294712000-7f1294713000 rw-p 00018000 08:07 544853                     /tmp/simgrid-java8956204436418458873/libsimgrid-java.so (deleted)
7f1294713000-7f1294729000 r-xp 00000000 08:07 528568                     /lib/x86_64-linux-gnu/libgcc_s.so.1
7f1294729000-7f1294928000 ---p 00016000 08:07 528568                     /lib/x86_64-linux-gnu/libgcc_s.so.1
7f1294928000-7f1294929000 r--p 00015000 08:07 528568                     /lib/x86_64-linux-gnu/libgcc_s.so.1
7f1294929000-7f129492a000 rw-p 00016000 08:07 528568                     /lib/x86_64-linux-gnu/libgcc_s.so.1
7f129492a000-7f1294a9d000 r-xp 00000000 08:07 1059329                    /usr/lib/x86_64-linux-gnu/libstdc++.so.6.0.21
7f1294a9d000-7f1294c9c000 ---p 00173000 08:07 1059329                    /usr/lib/x86_64-linux-gnu/libstdc++.so.6.0.21
7f1294c9c000-7f1294ca6000 r--p 00172000 08:07 1059329                    /usr/lib/x86_64-linux-gnu/libstdc++.so.6.0.21
7f1294ca6000-7f1294ca8000 rw-p 0017c000 08:07 1059329                    /usr/lib/x86_64-linux-gnu/libstdc++.so.6.0.21
7f1294ca8000-7f1294cac000 rw-p 00000000 00:00 0 
7f1294cac000-7f1294f71000 r-xp 00000000 08:07 544852                     /tmp/simgrid-java8956204436418458873/libsimgrid.so (deleted)
7f1294f71000-7f1295171000 ---p 002c5000 08:07 544852                     /tmp/simgrid-java8956204436418458873/libsimgrid.so (deleted)
7f1295171000-7f12951ac000 rw-p 002c5000 08:07 544852                     /tmp/simgrid-java8956204436418458873/libsimgrid.so (deleted)
7f12951ac000-7f12954b5000 rw-p 00000000 00:00 0 
7f12954b5000-7f12954cc000 r-xp 00000000 08:07 663689                     /home/elixandre/jdk1.7.0_80/jre/lib/amd64/libnet.so
7f12954cc000-7f12956cb000 ---p 00017000 08:07 663689                     /home/elixandre/jdk1.7.0_80/jre/lib/amd64/libnet.so
7f12956cb000-7f12956cc000 rw-p 00016000 08:07 663689                     /home/elixandre/jdk1.7.0_80/jre/lib/amd64/libnet.so
7f12956cc000-7f12956dc000 r-xp 00000000 08:07 663688                     /home/elixandre/jdk1.7.0_80/jre/lib/amd64/libnio.so
7f12956dc000-7f12958dc000 ---p 00010000 08:07 663688                     /home/elixandre/jdk1.7.0_80/jre/lib/amd64/libnio.so
7f12958dc000-7f12958dd000 rw-p 00010000 08:07 663688                     /home/elixandre/jdk1.7.0_80/jre/lib/amd64/libnio.so
7f12958dd000-7f12958de000 ---p 00000000 00:00 0 
7f12958de000-7f12959de000 rw-p 00000000 00:00 0 
7f12959de000-7f12959e1000 ---p 00000000 00:00 0 
7f12959e1000-7f1295adf000 rw-p 00000000 00:00 0 
7f1295adf000-7f1295ae2000 ---p 00000000 00:00 0 
7f1295ae2000-7f1295be0000 rw-p 00000000 00:00 0 
7f1295be0000-7f1295be3000 ---p 00000000 00:00 0 
7f1295be3000-7f1295ce1000 rw-p 00000000 00:00 0 
7f1295ce1000-7f1295ce4000 ---p 00000000 00:00 0 
7f1295ce4000-7f1295de2000 rw-p 00000000 00:00 0 
7f1295de2000-7f12964c5000 r--p 00000000 08:07 1055607                    /usr/lib/locale/locale-archive
7f12964c5000-7f12964c8000 ---p 00000000 00:00 0 
7f12964c8000-7f12965c6000 rw-p 00000000 00:00 0 
7f12965c6000-7f12965c9000 ---p 00000000 00:00 0 
7f12965c9000-7f12966c7000 rw-p 00000000 00:00 0 
7f12966c7000-7f12966c8000 ---p 00000000 00:00 0 
7f12966c8000-7f1299000000 rw-p 00000000 00:00 0 
7f1299000000-7f1299270000 rwxp 00000000 00:00 0 
7f1299270000-7f129c3d3000 rw-p 00000000 00:00 0 
7f129c3d3000-7f12a0000000 ---p 00000000 00:00 0 
7f12a0068000-7f12a085f000 rw-p 00000000 00:00 0 
7f12a085f000-7f12a0a1f000 r--s 039fb000 08:07 663892                     /home/elixandre/jdk1.7.0_80/jre/lib/rt.jar
7f12a0a1f000-7f12a0d1b000 rw-p 00000000 00:00 0 
7f12a0d1b000-7f12a0d1c000 ---p 00000000 00:00 0 
7f12a0d1c000-7f12a0e1c000 rw-p 00000000 00:00 0 
7f12a0e1c000-7f12a0e1d000 ---p 00000000 00:00 0 
7f12a0e1d000-7f12a0f1d000 rw-p 00000000 00:00 0 
7f12a0f1d000-7f12a0f1e000 ---p 00000000 00:00 0 
7f12a0f1e000-7f12a101e000 rw-p 00000000 00:00 0 
7f12a101e000-7f12a101f000 ---p 00000000 00:00 0 
7f12a101f000-7f12a112a000 rw-p 00000000 00:00 0 
7f12a112a000-7f12a1148000 rw-p 00000000 00:00 0 
7f12a1148000-7f12a115c000 rw-p 00000000 00:00 0 
7f12a115c000-7f12a1284000 rw-p 00000000 00:00 0 
7f12a1284000-7f12a128f000 rw-p 00000000 00:00 0 
7f12a128f000-7f12a12ad000 rw-p 00000000 00:00 0 
7f12a12ad000-7f12a12c1000 rw-p 00000000 00:00 0 
7f12a12c1000-7f12a13e9000 rw-p 00000000 00:00 0 
7f12a13e9000-7f12a13f3000 rw-p 00000000 00:00 0 
7f12a13f3000-7f12a1487000 rw-p 00000000 00:00 0 
7f12a1487000-7f12a1488000 rw-p 00000000 00:00 0 
7f12a1488000-7f12a149f000 r-xp 00000000 08:07 663687                     /home/elixandre/jdk1.7.0_80/jre/lib/amd64/libzip.so
7f12a149f000-7f12a169f000 ---p 00017000 08:07 663687                     /home/elixandre/jdk1.7.0_80/jre/lib/amd64/libzip.so
7f12a169f000-7f12a16a0000 rw-p 00017000 08:07 663687                     /home/elixandre/jdk1.7.0_80/jre/lib/amd64/libzip.so
7f12a16a0000-7f12a16aa000 r-xp 00000000 08:07 529521                     /lib/x86_64-linux-gnu/libnss_files-2.21.so
7f12a16aa000-7f12a18aa000 ---p 0000a000 08:07 529521                     /lib/x86_64-linux-gnu/libnss_files-2.21.so
7f12a18aa000-7f12a18ab000 r--p 0000a000 08:07 529521                     /lib/x86_64-linux-gnu/libnss_files-2.21.so
7f12a18ab000-7f12a18ac000 rw-p 0000b000 08:07 529521                     /lib/x86_64-linux-gnu/libnss_files-2.21.so
7f12a18ac000-7f12a18b7000 r-xp 00000000 08:07 529535                     /lib/x86_64-linux-gnu/libnss_nis-2.21.so
7f12a18b7000-7f12a1ab6000 ---p 0000b000 08:07 529535                     /lib/x86_64-linux-gnu/libnss_nis-2.21.so
7f12a1ab6000-7f12a1ab7000 r--p 0000a000 08:07 529535                     /lib/x86_64-linux-gnu/libnss_nis-2.21.so
7f12a1ab7000-7f12a1ab8000 rw-p 0000b000 08:07 529535                     /lib/x86_64-linux-gnu/libnss_nis-2.21.so
7f12a1ab8000-7f12a1acf000 r-xp 00000000 08:07 529538                     /lib/x86_64-linux-gnu/libnsl-2.21.so
7f12a1acf000-7f12a1cce000 ---p 00017000 08:07 529538                     /lib/x86_64-linux-gnu/libnsl-2.21.so
7f12a1cce000-7f12a1ccf000 r--p 00016000 08:07 529538                     /lib/x86_64-linux-gnu/libnsl-2.21.so
7f12a1ccf000-7f12a1cd0000 rw-p 00017000 08:07 529538                     /lib/x86_64-linux-gnu/libnsl-2.21.so
7f12a1cd0000-7f12a1cd2000 rw-p 00000000 00:00 0 
7f12a1cd2000-7f12a1cda000 r-xp 00000000 08:07 529523                     /lib/x86_64-linux-gnu/libnss_compat-2.21.so
7f12a1cda000-7f12a1ed9000 ---p 00008000 08:07 529523                     /lib/x86_64-linux-gnu/libnss_compat-2.21.so
7f12a1ed9000-7f12a1eda000 r--p 00007000 08:07 529523                     /lib/x86_64-linux-gnu/libnss_compat-2.21.so
7f12a1eda000-7f12a1edb000 rw-p 00008000 08:07 529523                     /lib/x86_64-linux-gnu/libnss_compat-2.21.so
7f12a1edb000-7f12a1f04000 r-xp 00000000 08:07 663623                     /home/elixandre/jdk1.7.0_80/jre/lib/amd64/libjava.so
7f12a1f04000-7f12a2104000 ---p 00029000 08:07 663623                     /home/elixandre/jdk1.7.0_80/jre/lib/amd64/libjava.so
7f12a2104000-7f12a2106000 rw-p 00029000 08:07 663623                     /home/elixandre/jdk1.7.0_80/jre/lib/amd64/libjava.so
7f12a2106000-7f12a2113000 r-xp 00000000 08:07 663501                     /home/elixandre/jdk1.7.0_80/jre/lib/amd64/libverify.so
7f12a2113000-7f12a2312000 ---p 0000d000 08:07 663501                     /home/elixandre/jdk1.7.0_80/jre/lib/amd64/libverify.so
7f12a2312000-7f12a2314000 rw-p 0000c000 08:07 663501                     /home/elixandre/jdk1.7.0_80/jre/lib/amd64/libverify.so
7f12a2314000-7f12a231b000 r-xp 00000000 08:07 529522                     /lib/x86_64-linux-gnu/librt-2.21.so
7f12a231b000-7f12a251a000 ---p 00007000 08:07 529522                     /lib/x86_64-linux-gnu/librt-2.21.so
7f12a251a000-7f12a251b000 r--p 00006000 08:07 529522                     /lib/x86_64-linux-gnu/librt-2.21.so
7f12a251b000-7f12a251c000 rw-p 00007000 08:07 529522                     /lib/x86_64-linux-gnu/librt-2.21.so
7f12a251c000-7f12a2623000 r-xp 00000000 08:07 529524                     /lib/x86_64-linux-gnu/libm-2.21.so
7f12a2623000-7f12a2822000 ---p 00107000 08:07 529524                     /lib/x86_64-linux-gnu/libm-2.21.so
7f12a2822000-7f12a2823000 r--p 00106000 08:07 529524                     /lib/x86_64-linux-gnu/libm-2.21.so
7f12a2823000-7f12a2824000 rw-p 00107000 08:07 529524                     /lib/x86_64-linux-gnu/libm-2.21.so
7f12a2824000-7f12a339a000 r-xp 00000000 08:07 663273                     /home/elixandre/jdk1.7.0_80/jre/lib/amd64/server/libjvm.so
7f12a339a000-7f12a3599000 ---p 00b76000 08:07 663273                     /home/elixandre/jdk1.7.0_80/jre/lib/amd64/server/libjvm.so
7f12a3599000-7f12a365d000 rw-p 00b75000 08:07 663273                     /home/elixandre/jdk1.7.0_80/jre/lib/amd64/server/libjvm.so
7f12a365d000-7f12a369e000 rw-p 00000000 00:00 0 
7f12a369e000-7f12a385e000 r-xp 00000000 08:07 529541                     /lib/x86_64-linux-gnu/libc-2.21.so
7f12a385e000-7f12a3a5e000 ---p 001c0000 08:07 529541                     /lib/x86_64-linux-gnu/libc-2.21.so
7f12a3a5e000-7f12a3a62000 r--p 001c0000 08:07 529541                     /lib/x86_64-linux-gnu/libc-2.21.so
7f12a3a62000-7f12a3a64000 rw-p 001c4000 08:07 529541                     /lib/x86_64-linux-gnu/libc-2.21.so
7f12a3a64000-7f12a3a68000 rw-p 00000000 00:00 0 
7f12a3a68000-7f12a3a6b000 r-xp 00000000 08:07 529528                     /lib/x86_64-linux-gnu/libdl-2.21.so
7f12a3a6b000-7f12a3c6a000 ---p 00003000 08:07 529528                     /lib/x86_64-linux-gnu/libdl-2.21.so
7f12a3c6a000-7f12a3c6b000 r--p 00002000 08:07 529528                     /lib/x86_64-linux-gnu/libdl-2.21.so
7f12a3c6b000-7f12a3c6c000 rw-p 00003000 08:07 529528                     /lib/x86_64-linux-gnu/libdl-2.21.so
7f12a3c6c000-7f12a3c81000 r-xp 00000000 08:07 663695                     /home/elixandre/jdk1.7.0_80/lib/amd64/jli/libjli.so
7f12a3c81000-7f12a3e80000 ---p 00015000 08:07 663695                     /home/elixandre/jdk1.7.0_80/lib/amd64/jli/libjli.so
7f12a3e80000-7f12a3e81000 rw-p 00014000 08:07 663695                     /home/elixandre/jdk1.7.0_80/lib/amd64/jli/libjli.so
7f12a3e81000-7f12a3e99000 r-xp 00000000 08:07 529525                     /lib/x86_64-linux-gnu/libpthread-2.21.so
7f12a3e99000-7f12a4099000 ---p 00018000 08:07 529525                     /lib/x86_64-linux-gnu/libpthread-2.21.so
7f12a4099000-7f12a409a000 r--p 00018000 08:07 529525                     /lib/x86_64-linux-gnu/libpthread-2.21.so
7f12a409a000-7f12a409b000 rw-p 00019000 08:07 529525                     /lib/x86_64-linux-gnu/libpthread-2.21.so
7f12a409b000-7f12a409f000 rw-p 00000000 00:00 0 
7f12a409f000-7f12a40c3000 r-xp 00000000 08:07 529539                     /lib/x86_64-linux-gnu/ld-2.21.so
7f12a40cd000-7f12a40ec000 rw-p 00000000 00:00 0 
7f12a40ec000-7f12a41a2000 rw-p 00000000 00:00 0 
7f12a41a2000-7f12a41a5000 ---p 00000000 00:00 0 
7f12a41a5000-7f12a42a7000 rw-p 00000000 00:00 0 
7f12a42af000-7f12a42b3000 r--s 0008b000 08:07 663627                     /home/elixandre/jdk1.7.0_80/jre/lib/jsse.jar
7f12a42b3000-7f12a42b6000 r--s 00f76000 08:07 542783                     /home/elixandre/Downloads/simgrid.jar
7f12a42b6000-7f12a42be000 rw-s 00000000 08:07 544733                     /tmp/hsperfdata_elixandre/4366 (deleted)
7f12a42be000-7f12a42bf000 rw-p 00000000 00:00 0 
7f12a42bf000-7f12a42c0000 ---p 00000000 00:00 0 
7f12a42c0000-7f12a42c2000 rw-p 00000000 00:00 0 
7f12a42c2000-7f12a42c3000 r--p 00023000 08:07 529539                     /lib/x86_64-linux-gnu/ld-2.21.so
7f12a42c3000-7f12a42c4000 rw-p 00024000 08:07 529539                     /lib/x86_64-linux-gnu/ld-2.21.so
7f12a42c4000-7f12a42c5000 rw-p 00000000 00:00 0 
7fffdd7d4000-7fffdd7f5000 rw-p 00000000 00:00 0                          [stack]
7fffdd7f7000-7fffdd7f9000 r--p 00000000 00:00 0                          [vvar]
7fffdd7f9000-7fffdd7fb000 r-xp 00000000 00:00 0                          [vdso]
ffffffffff600000-ffffffffff601000 r-xp 00000000 00:00 0                  [vsyscall]

VM Arguments:
jvm_args: -Dfile.encoding=UTF-8 
java_command: vcube.VCube platform.xml deployment.xml
Launcher Type: SUN_STANDARD

Environment Variables:
PATH=/usr/local/sbin:/usr/local/bin:/usr/sbin:/usr/bin:/sbin:/bin:/usr/games:/usr/local/games:/home/elixandre/.rvm/bin
LD_LIBRARY_PATH=/home/elixandre/jdk1.7.0_80/jre/lib/amd64:/home/elixandre/jdk1.7.0_80/jre/lib/i386:
SHELL=/bin/bash
DISPLAY=:0

Signal Handlers:
SIGSEGV: [libjvm.so+0x9a3b20], sa_mask[0]=0x7ffbfeff, sa_flags=0x10000004
SIGBUS: [libjvm.so+0x9a3b20], sa_mask[0]=0x7ffbfeff, sa_flags=0x10000004
SIGFPE: [libjvm.so+0x81e740], sa_mask[0]=0x7ffbfeff, sa_flags=0x10000004
SIGPIPE: [libjvm.so+0x81e740], sa_mask[0]=0x7ffbfeff, sa_flags=0x10000004
SIGXFSZ: [libjvm.so+0x81e740], sa_mask[0]=0x7ffbfeff, sa_flags=0x10000004
SIGILL: [libjvm.so+0x81e740], sa_mask[0]=0x7ffbfeff, sa_flags=0x10000004
SIGUSR1: SIG_DFL, sa_mask[0]=0x00000000, sa_flags=0x00000000
SIGUSR2: [libjvm.so+0x81ffb0], sa_mask[0]=0x00000004, sa_flags=0x10000004
SIGHUP: [libjvm.so+0x8210d0], sa_mask[0]=0x7ffbfeff, sa_flags=0x10000004
SIGINT: [libsimgrid.so+0x8ff50], sa_mask[0]=0x00000002, sa_flags=0x10000000
SIGTERM: [libjvm.so+0x8210d0], sa_mask[0]=0x7ffbfeff, sa_flags=0x10000004
SIGQUIT: [libjvm.so+0x8210d0], sa_mask[0]=0x7ffbfeff, sa_flags=0x10000004


---------------  S Y S T E M  ---------------

OS:jessie/sid

uname:Linux 4.2.0-42-generic #49-Ubuntu SMP Tue Jun 28 21:26:26 UTC 2016 x86_64
libc:glibc 2.21 NPTL 2.21 
rlimit: STACK 8192k, CORE 0k, NPROC 15009, NOFILE 65536, AS infinity
load average:2.32 1.63 1.17

/proc/meminfo:
MemTotal:        3879128 kB
MemFree:          217676 kB
MemAvailable:    1654600 kB
Buffers:          178596 kB
Cached:          1532084 kB
SwapCached:            0 kB
Active:          2527668 kB
Inactive:         868828 kB
Active(anon):    1665288 kB
Inactive(anon):   193200 kB
Active(file):     862380 kB
Inactive(file):   675628 kB
Unevictable:          32 kB
Mlocked:              32 kB
SwapTotal:        975868 kB
SwapFree:         975868 kB
Dirty:             13560 kB
Writeback:             0 kB
AnonPages:       1685884 kB
Mapped:           348772 kB
Shmem:            172676 kB
Slab:             167844 kB
SReclaimable:     135704 kB
SUnreclaim:        32140 kB
KernelStack:        9856 kB
PageTables:        34220 kB
NFS_Unstable:          0 kB
Bounce:                0 kB
WritebackTmp:          0 kB
CommitLimit:     2915432 kB
Committed_AS:    5803912 kB
VmallocTotal:   34359738367 kB
VmallocUsed:      347648 kB
VmallocChunk:   34358947836 kB
HardwareCorrupted:     0 kB
AnonHugePages:    911360 kB
CmaTotal:              0 kB
CmaFree:               0 kB
HugePages_Total:       0
HugePages_Free:        0
HugePages_Rsvd:        0
HugePages_Surp:        0
Hugepagesize:       2048 kB
DirectMap4k:      125688 kB
DirectMap2M:     3901440 kB


CPU:total 4 (2 cores per cpu, 2 threads per core) family 6 model 58 stepping 9, cmov, cx8, fxsr, mmx, sse, sse2, sse3, ssse3, sse4.1, sse4.2, popcnt, avx, erms, ht, tsc, tscinvbit, tscinv

/proc/cpuinfo:
processor	: 0
vendor_id	: GenuineIntel
cpu family	: 6
model		: 58
model name	: Intel(R) Core(TM) i7-3517U CPU @ 1.90GHz
stepping	: 9
microcode	: 0x12
cpu MHz		: 2816.062
cache size	: 4096 KB
physical id	: 0
siblings	: 4
core id		: 0
cpu cores	: 2
apicid		: 0
initial apicid	: 0
fpu		: yes
fpu_exception	: yes
cpuid level	: 13
wp		: yes
flags		: fpu vme de pse tsc msr pae mce cx8 apic sep mtrr pge mca cmov pat pse36 clflush dts acpi mmx fxsr sse sse2 ss ht tm pbe syscall nx rdtscp lm constant_tsc arch_perfmon pebs bts rep_good nopl xtopology nonstop_tsc aperfmperf eagerfpu pni pclmulqdq dtes64 monitor ds_cpl vmx est tm2 ssse3 cx16 xtpr pdcm pcid sse4_1 sse4_2 x2apic popcnt tsc_deadline_timer xsave avx f16c rdrand lahf_lm ida arat epb pln pts dtherm tpr_shadow vnmi flexpriority ept vpid fsgsbase smep erms xsaveopt
bugs		:
bogomips	: 4788.88
clflush size	: 64
cache_alignment	: 64
address sizes	: 36 bits physical, 48 bits virtual
power management:

processor	: 1
vendor_id	: GenuineIntel
cpu family	: 6
model		: 58
model name	: Intel(R) Core(TM) i7-3517U CPU @ 1.90GHz
stepping	: 9
microcode	: 0x12
cpu MHz		: 2717.625
cache size	: 4096 KB
physical id	: 0
siblings	: 4
core id		: 0
cpu cores	: 2
apicid		: 1
initial apicid	: 1
fpu		: yes
fpu_exception	: yes
cpuid level	: 13
wp		: yes
flags		: fpu vme de pse tsc msr pae mce cx8 apic sep mtrr pge mca cmov pat pse36 clflush dts acpi mmx fxsr sse sse2 ss ht tm pbe syscall nx rdtscp lm constant_tsc arch_perfmon pebs bts rep_good nopl xtopology nonstop_tsc aperfmperf eagerfpu pni pclmulqdq dtes64 monitor ds_cpl vmx est tm2 ssse3 cx16 xtpr pdcm pcid sse4_1 sse4_2 x2apic popcnt tsc_deadline_timer xsave avx f16c rdrand lahf_lm ida arat epb pln pts dtherm tpr_shadow vnmi flexpriority ept vpid fsgsbase smep erms xsaveopt
bugs		:
bogomips	: 4788.88
clflush size	: 64
cache_alignment	: 64
address sizes	: 36 bits physical, 48 bits virtual
power management:

processor	: 2
vendor_id	: GenuineIntel
cpu family	: 6
model		: 58
model name	: Intel(R) Core(TM) i7-3517U CPU @ 1.90GHz
stepping	: 9
microcode	: 0x12
cpu MHz		: 2722.968
cache size	: 4096 KB
physical id	: 0
siblings	: 4
core id		: 1
cpu cores	: 2
apicid		: 2
initial apicid	: 2
fpu		: yes
fpu_exception	: yes
cpuid level	: 13
wp		: yes
flags		: fpu vme de pse tsc msr pae mce cx8 apic sep mtrr pge mca cmov pat pse36 clflush dts acpi mmx fxsr sse sse2 ss ht tm pbe syscall nx rdtscp lm constant_tsc arch_perfmon pebs bts rep_good nopl xtopology nonstop_tsc aperfmperf eagerfpu pni pclmulqdq dtes64 monitor ds_cpl vmx est tm2 ssse3 cx16 xtpr pdcm pcid sse4_1 sse4_2 x2apic popcnt tsc_deadline_timer xsave avx f16c rdrand lahf_lm ida arat epb pln pts dtherm tpr_shadow vnmi flexpriority ept vpid fsgsbase smep erms xsaveopt
bugs		:
bogomips	: 4788.88
clflush size	: 64
cache_alignment	: 64
address sizes	: 36 bits physical, 48 bits virtual
power management:

processor	: 3
vendor_id	: GenuineIntel
cpu family	: 6
model		: 58
model name	: Intel(R) Core(TM) i7-3517U CPU @ 1.90GHz
stepping	: 9
microcode	: 0x12
cpu MHz		: 2738.343
cache size	: 4096 KB
physical id	: 0
siblings	: 4
core id		: 1
cpu cores	: 2
apicid		: 3
initial apicid	: 3
fpu		: yes
fpu_exception	: yes
cpuid level	: 13
wp		: yes
flags		: fpu vme de pse tsc msr pae mce cx8 apic sep mtrr pge mca cmov pat pse36 clflush dts acpi mmx fxsr sse sse2 ss ht tm pbe syscall nx rdtscp lm constant_tsc arch_perfmon pebs bts rep_good nopl xtopology nonstop_tsc aperfmperf eagerfpu pni pclmulqdq dtes64 monitor ds_cpl vmx est tm2 ssse3 cx16 xtpr pdcm pcid sse4_1 sse4_2 x2apic popcnt tsc_deadline_timer xsave avx f16c rdrand lahf_lm ida arat epb pln pts dtherm tpr_shadow vnmi flexpriority ept vpid fsgsbase smep erms xsaveopt
bugs		:
bogomips	: 4788.88
clflush size	: 64
cache_alignment	: 64
address sizes	: 36 bits physical, 48 bits virtual
power management:



Memory: 4k page, physical 3879128k(218268k free), swap 975868k(975868k free)

vm_info: Java HotSpot(TM) 64-Bit Server VM (24.80-b11) for linux-amd64 JRE (1.7.0_80-b15), built on Apr 10 2015 19:53:14 by "java_re" with gcc 4.3.0 20080428 (Red Hat 4.3.0-8)

time: Mon May  1 11:22:40 2017
elapsed time: 2 seconds

