#
# A fatal error has been detected by the Java Runtime Environment:
#
#  SIGSEGV (0xb) at pc=0x00007f5bdd32d263, pid=6118, tid=140032657573632
#
# JRE version: Java(TM) SE Runtime Environment (7.0_80-b15) (build 1.7.0_80-b15)
# Java VM: Java HotSpot(TM) 64-Bit Server VM (24.80-b11 mixed mode linux-amd64 compressed oops)
# Problematic frame:
# C  [libsimgrid.so+0x190263]  xbt_dynar_member+0x23
#
# Failed to write core dump. Core dumps have been disabled. To enable core dumping, try "ulimit -c unlimited" before starting Java again
#
# If you would like to submit a bug report, please visit:
#   http://bugreport.java.com/bugreport/crash.jsp
#

---------------  T H R E A D  ---------------

Current thread (0x00007f5be806a000):  VMThread [stack: 0x00007f5be4bfc000,0x00007f5be4cfd000] [id=6127]

siginfo:si_signo=SIGSEGV: si_errno=0, si_code=1 (SEGV_MAPERR), si_addr=0x0000000000000000

Registers:
RAX=0x0000000000000000, RBX=0x00007f5bdd699700, RCX=0x00007f5bdd6a4790, RDX=0x00007f5be4cfca30
RSP=0x00007f5be4cfb810, RBP=0x00007f5be8124a00, RSI=0x00007f5be4cfb9b8, RDI=0x00007f5be4cfb8d0
R8 =0x00007f5be811ba10, R9 =0x0000000000000001, R10=0x0000000000000c58, R11=0x00007f5bdd32d240
R12=0x00007f5bdd6a4790, R13=0x00007f5be8104a50, R14=0x00000000000003d8, R15=0x00007f5be8027e58
RIP=0x00007f5bdd32d263, EFLAGS=0x0000000000010202, CSGSFS=0x0000000000000033, ERR=0x0000000000000004
  TRAPNO=0x000000000000000e

Top of Stack: (sp=0x00007f5be4cfb810)
0x00007f5be4cfb810:   00007f5be81033f0 00007f5be4cfb830
0x00007f5be4cfb820:   00007f5be811ba80 00007f5be4cfb9b8
0x00007f5be4cfb830:   00000000ffffffff 00007f5be8244280
0x00007f5be4cfb840:   00007f5bdd1b6628 00007f5be81033f0
0x00007f5be4cfb850:   00007f5be5065ac0 00007f5be8244280
0x00007f5be4cfb860:   00007f5be812c110 00007f5b00000001
0x00007f5be4cfb870:   0000000000000000 0000000000000000
0x00007f5be4cfb880:   00007f5be812c240 00007f5be83f1be0
0x00007f5be4cfb890:   00000000000003d8 00007f5be83f0790
0x00007f5be4cfb8a0:   00007f5bdd664400 00007f5bdd668de8
0x00007f5be4cfb8b0:   00007f5bdd6a4790 00007f5be8104a50
0x00007f5be4cfb8c0:   00000000000003d8 00007f5be8027e58
0x00007f5be4cfb8d0:   0000000000000000 00007f5bf060c9ad
0x00007f5be4cfb8e0:   0000000000000005 0000000000000000
0x00007f5be4cfb8f0:   00007f5be8104a50 00007f5bdd1b6628
0x00007f5be4cfb900:   00007f5bdd699700 00007f5be8124a00
0x00007f5be4cfb910:   00007f5bdd6a4790 00007f5bf0613f30
0x00007f5be4cfb920:   00007f5be8214030 00007f5bdd664400
0x00007f5be4cfb930:   00007f5be812aa60 00007f5bdd34a1a7
0x00007f5be4cfb940:   00007f5be8125a98 00007f5be81258e0
0x00007f5be4cfb950:   00007f5be8125ae0 00007f5be8118078
0x00007f5be4cfb960:   00007f5be815ece0 00007f5bdd6a4790
0x00007f5be4cfb970:   00007f5be811ba10 00007f5be4cfb9b8
0x00007f5be4cfb980:   00007f5be811ba80 00007f5be811ba10
0x00007f5be4cfb990:   0000000000000001 00007f5be81033f0
0x00007f5be4cfb9a0:   00007f5bdd699700 00007f5bdd34a34f
0x00007f5be4cfb9b0:   0000000000000000 00007f5be812aa60
0x00007f5be4cfb9c0:   0000000000000005 0000000000000000
0x00007f5be4cfb9d0:   00007f5be8027e58 00007f5bdd69ca98
0x00007f5be4cfb9e0:   00007f5be811dc70 0000000000000001
0x00007f5be4cfb9f0:   00007f5be8104a50 00007f5bdd32bd37
0x00007f5be4cfba00:   00007f5be8104a50 00007f5bdd69c098 

Instructions: (pc=0x00007f5bdd32d263)
0x00007f5bdd32d243:   ec 90 01 00 00 48 8b 05 01 a2 33 00 48 89 7c 24
0x00007f5bdd32d253:   10 48 89 74 24 18 ff 10 48 8d bc 24 c0 00 00 00
0x00007f5bdd32d263:   48 8b 08 48 89 04 24 48 89 38 48 89 4c 24 08 e8
0x00007f5bdd32d273:   79 31 ed ff 85 c0 74 75 48 8b 14 24 c7 42 08 01 

Register to memory mapping:

RAX=0x0000000000000000 is an unknown value
RBX=0x00007f5bdd699700: _simgrid_log_category__simix_process+0 in /tmp/simgrid-java3071723718036852130/libsimgrid.so at 0x00007f5bdd19d000
RCX=0x00007f5bdd6a4790: simix_global+0 in /tmp/simgrid-java3071723718036852130/libsimgrid.so at 0x00007f5bdd19d000
RDX=0x00007f5be4cfca30 is an unknown value
RSP=0x00007f5be4cfb810 is an unknown value
RBP=0x00007f5be8124a00 is an unknown value
RSI=0x00007f5be4cfb9b8 is an unknown value
RDI=0x00007f5be4cfb8d0 is an unknown value
R8 =0x00007f5be811ba10 is an unknown value
R9 =0x0000000000000001 is an unknown value
R10=0x0000000000000c58 is an unknown value
R11=0x00007f5bdd32d240: xbt_dynar_member+0 in /tmp/simgrid-java3071723718036852130/libsimgrid.so at 0x00007f5bdd19d000
R12=0x00007f5bdd6a4790: simix_global+0 in /tmp/simgrid-java3071723718036852130/libsimgrid.so at 0x00007f5bdd19d000
R13=0x00007f5be8104a50 is an unknown value
R14=0x00000000000003d8 is an unknown value
R15=0x00007f5be8027e58 is an unknown value


Stack: [0x00007f5be4bfc000,0x00007f5be4cfd000],  sp=0x00007f5be4cfb810,  free space=1022k
Native frames: (J=compiled Java code, j=interpreted, Vv=VM code, C=native code)
C  [libsimgrid.so+0x190263]  xbt_dynar_member+0x23

VM_Operation (0x00007f5bdc1e86b0): Exit, mode: safepoint, requested by thread 0x00007f5bc4001000


---------------  P R O C E S S  ---------------

Java Threads: ( => current thread )
  0x00007f5bc4001000 JavaThread "SIGTERM handler" daemon [_thread_blocked, id=6150, stack(0x00007f5bdc0e9000,0x00007f5bdc1ea000)]
  0x00007f5b70001000 JavaThread "Thread-15" [_thread_in_native, id=6149, stack(0x00007f5b887f9000,0x00007f5b88ffa000)]
  0x00007f5b6c001000 JavaThread "Thread-14" [_thread_in_native, id=6148, stack(0x00007f5b88ffa000,0x00007f5b897fb000)]
  0x00007f5b78001000 JavaThread "Thread-13" [_thread_in_native, id=6147, stack(0x00007f5b897fb000,0x00007f5b89ffc000)]
  0x00007f5b74001000 JavaThread "Thread-12" [_thread_in_native, id=6146, stack(0x00007f5b89ffc000,0x00007f5b8a7fd000)]
  0x00007f5b80001000 JavaThread "Thread-11" [_thread_in_native, id=6145, stack(0x00007f5b8a7fd000,0x00007f5b8affe000)]
  0x00007f5b7c001000 JavaThread "Thread-10" [_thread_in_native, id=6144, stack(0x00007f5b8affe000,0x00007f5b8b7ff000)]
  0x00007f5b84001000 JavaThread "Thread-7" [_thread_in_native, id=6143, stack(0x00007f5b8b7ff000,0x00007f5b8c000000)]
  0x00007f5b8c001000 JavaThread "Thread-9" [_thread_in_native, id=6141, stack(0x00007f5bacffa000,0x00007f5bad7fb000)]
  0x00007f5b90001000 JavaThread "Thread-6" [_thread_in_native, id=6142, stack(0x00007f5bac7f9000,0x00007f5bacffa000)]
  0x00007f5b98001000 JavaThread "Thread-8" [_thread_in_native, id=6139, stack(0x00007f5badffc000,0x00007f5bae7fd000)]
  0x00007f5ba0001000 JavaThread "Thread-5" [_thread_in_native, id=6140, stack(0x00007f5bad7fb000,0x00007f5badffc000)]
  0x00007f5b94001000 JavaThread "Thread-3" [_thread_in_native, id=6138, stack(0x00007f5bae7fd000,0x00007f5baeffe000)]
  0x00007f5b9c001000 JavaThread "Thread-4" [_thread_in_native, id=6137, stack(0x00007f5baeffe000,0x00007f5baf7ff000)]
  0x00007f5ba4001000 JavaThread "Thread-2" [_thread_blocked, id=6136, stack(0x00007f5baf7ff000,0x00007f5bb0000000)]
  0x00007f5ba8001000 JavaThread "Thread-1" [_thread_in_native, id=6135, stack(0x00007f5bdc1ea000,0x00007f5bdc9eb000)]
  0x00007f5be8099000 JavaThread "Service Thread" daemon [_thread_blocked, id=6133, stack(0x00007f5bddecf000,0x00007f5bddfd0000)]
  0x00007f5be8096800 JavaThread "C2 CompilerThread1" daemon [_thread_blocked, id=6132, stack(0x00007f5be4014000,0x00007f5be4115000)]
  0x00007f5be8093800 JavaThread "C2 CompilerThread0" daemon [_thread_blocked, id=6131, stack(0x00007f5be4115000,0x00007f5be4216000)]
  0x00007f5be8070800 JavaThread "Finalizer" daemon [_thread_blocked, id=6129, stack(0x00007f5be49fa000,0x00007f5be4afb000)]
  0x00007f5be806e000 JavaThread "Reference Handler" daemon [_thread_blocked, id=6128, stack(0x00007f5be4afb000,0x00007f5be4bfc000)]
  0x00007f5be8009800 JavaThread "main" [_thread_in_native, id=6122, stack(0x00007f5bf0700000,0x00007f5bf0801000)]

Other Threads:
=>0x00007f5be806a000 VMThread [stack: 0x00007f5be4bfc000,0x00007f5be4cfd000] [id=6127]

VM state:at safepoint (shutting down)

VM Mutex/Monitor currently owned by a thread:  ([mutex/lock_event])
[0x00007f5be80061b0] Threads_lock - owner thread: 0x00007f5be806a000

Heap
 PSYoungGen      total 17920K, used 15360K [0x00000000ec400000, 0x00000000ed800000, 0x0000000100000000)
  eden space 15360K, 100% used [0x00000000ec400000,0x00000000ed300000,0x00000000ed300000)
  from space 2560K, 0% used [0x00000000ed580000,0x00000000ed580000,0x00000000ed800000)
  to   space 2560K, 0% used [0x00000000ed300000,0x00000000ed300000,0x00000000ed580000)
 ParOldGen       total 40448K, used 0K [0x00000000c4c00000, 0x00000000c7380000, 0x00000000ec400000)
  object space 40448K, 0% used [0x00000000c4c00000,0x00000000c4c00000,0x00000000c7380000)
 PSPermGen       total 21504K, used 3912K [0x00000000bfa00000, 0x00000000c0f00000, 0x00000000c4c00000)
  object space 21504K, 18% used [0x00000000bfa00000,0x00000000bfdd22d8,0x00000000c0f00000)

Card table byte_map: [0x00007f5bed7e2000,0x00007f5bed9e6000] byte_map_base: 0x00007f5bed1e5000

Polling page: 0x00007f5bf081d000

Code Cache  [0x00007f5be5000000, 0x00007f5be5270000, 0x00007f5be8000000)
 total_blobs=252 nmethods=43 adapters=163 free_code_cache=48693Kb largest_free_block=49837632

Compilation events (10 events):
Event: 1.640 Thread 0x00007f5be8096800   38             java.lang.CharacterData::of (120 bytes)
Event: 1.641 Thread 0x00007f5be8093800   39             java.lang.CharacterDataLatin1::getProperties (11 bytes)
Event: 1.641 Thread 0x00007f5be8093800 nmethod 39 0x00007f5be5068610 code [0x00007f5be5068740, 0x00007f5be50687b8]
Event: 1.641 Thread 0x00007f5be8096800 nmethod 38 0x00007f5be5074390 code [0x00007f5be50744c0, 0x00007f5be5074538]
Event: 1.735 Thread 0x00007f5be8093800   40  s          java.lang.StringBuffer::append (10 bytes)
Event: 1.737 Thread 0x00007f5be8093800 nmethod 40 0x00007f5be5073e50 code [0x00007f5be5073fa0, 0x00007f5be50742c8]
Event: 1.760 Thread 0x00007f5be8093800   41             org.simgrid.msg.Task::receive (7 bytes)
Event: 1.760 Thread 0x00007f5be8093800 nmethod 41 0x00007f5be5069910 code [0x00007f5be5069a60, 0x00007f5be5069ac8]
Event: 1.787 Thread 0x00007f5be8093800   43             vcube.Node::imprimirTimestemp (72 bytes)
Event: 1.796 Thread 0x00007f5be8093800 nmethod 43 0x00007f5be5076450 code [0x00007f5be50765e0, 0x00007f5be5076b28]

GC Heap History (0 events):
No events

Deoptimization events (0 events):
No events

Internal exceptions (10 events):
Event: 1.908 Thread 0x00007f5b84001000 Threw 0x00000000ec7b2b08 at /HUDSON/workspace/7u-2-build-linux-amd64/jdk7u80/2329/hotspot/src/share/vm/prims/jni.cpp:743
Event: 1.908 Thread 0x00007f5b78001000 Threw 0x00000000ec930ac0 at /HUDSON/workspace/7u-2-build-linux-amd64/jdk7u80/2329/hotspot/src/share/vm/prims/jni.cpp:743
Event: 1.908 Thread 0x00007f5b90001000 Threw 0x00000000ed099100 at /HUDSON/workspace/7u-2-build-linux-amd64/jdk7u80/2329/hotspot/src/share/vm/prims/jni.cpp:743
Event: 1.909 Thread 0x00007f5b7c001000 Threw 0x00000000ec7fef60 at /HUDSON/workspace/7u-2-build-linux-amd64/jdk7u80/2329/hotspot/src/share/vm/prims/jni.cpp:743
Event: 1.910 Thread 0x00007f5b6c001000 Threw 0x00000000ec97d010 at /HUDSON/workspace/7u-2-build-linux-amd64/jdk7u80/2329/hotspot/src/share/vm/prims/jni.cpp:743
Event: 1.910 Thread 0x00007f5b80001000 Threw 0x00000000ec84b450 at /HUDSON/workspace/7u-2-build-linux-amd64/jdk7u80/2329/hotspot/src/share/vm/prims/jni.cpp:743
Event: 1.910 Thread 0x00007f5b70001000 Threw 0x00000000ec9c9560 at /HUDSON/workspace/7u-2-build-linux-amd64/jdk7u80/2329/hotspot/src/share/vm/prims/jni.cpp:743
Event: 1.910 Thread 0x00007f5b9c001000 Threw 0x00000000ed020b50 at /HUDSON/workspace/7u-2-build-linux-amd64/jdk7u80/2329/hotspot/src/share/vm/prims/jni.cpp:743
Event: 1.910 Thread 0x00007f5ba4001000 Threw 0x00000000ecf88b18 at /HUDSON/workspace/7u-2-build-linux-amd64/jdk7u80/2329/hotspot/src/share/vm/prims/jni.cpp:743
Event: 1.910 Thread 0x00007f5b98001000 Threw 0x00000000ecfd41c0 at /HUDSON/workspace/7u-2-build-linux-amd64/jdk7u80/2329/hotspot/src/share/vm/prims/jni.cpp:743

Events (10 events):
Event: 1.912 loading class 0x00007f5bb8061430
Event: 1.912 loading class 0x00007f5bb8061430 done
Event: 1.912 loading class 0x00007f5bb8061400
Event: 1.912 loading class 0x00007f5bb80613c0
Event: 1.912 loading class 0x00007f5bb80613c0 done
Event: 1.912 loading class 0x00007f5bb8061400 done
Event: 1.913 Thread 0x00007f5b64001000 Thread added: 0x00007f5b64001000
Event: 1.913 Thread 0x00007f5b64001000 Thread exited: 0x00007f5b64001000
Event: 1.914 Thread 0x00007f5be8091800 Thread exited: 0x00007f5be8091800
Event: 1.914 Executing VM operation: Exit


Dynamic libraries:
00400000-00401000 r-xp 00000000 08:07 663942                             /home/elixandre/jdk1.7.0_80/bin/java
00600000-00601000 rw-p 00000000 08:07 663942                             /home/elixandre/jdk1.7.0_80/bin/java
02470000-02491000 rw-p 00000000 00:00 0                                  [heap]
bfa00000-c0f00000 rw-p 00000000 00:00 0 
c0f00000-c4c00000 rw-p 00000000 00:00 0 
c4c00000-c7380000 rw-p 00000000 00:00 0 
c7380000-ec400000 rw-p 00000000 00:00 0 
ec400000-ed800000 rw-p 00000000 00:00 0 
ed800000-100000000 rw-p 00000000 00:00 0 
7f5b64000000-7f5b64021000 rw-p 00000000 00:00 0 
7f5b64021000-7f5b68000000 ---p 00000000 00:00 0 
7f5b68000000-7f5b68021000 rw-p 00000000 00:00 0 
7f5b68021000-7f5b6c000000 ---p 00000000 00:00 0 
7f5b6c000000-7f5b6c022000 rw-p 00000000 00:00 0 
7f5b6c022000-7f5b70000000 ---p 00000000 00:00 0 
7f5b70000000-7f5b70022000 rw-p 00000000 00:00 0 
7f5b70022000-7f5b74000000 ---p 00000000 00:00 0 
7f5b74000000-7f5b74022000 rw-p 00000000 00:00 0 
7f5b74022000-7f5b78000000 ---p 00000000 00:00 0 
7f5b78000000-7f5b78022000 rw-p 00000000 00:00 0 
7f5b78022000-7f5b7c000000 ---p 00000000 00:00 0 
7f5b7c000000-7f5b7c022000 rw-p 00000000 00:00 0 
7f5b7c022000-7f5b80000000 ---p 00000000 00:00 0 
7f5b80000000-7f5b80022000 rw-p 00000000 00:00 0 
7f5b80022000-7f5b84000000 ---p 00000000 00:00 0 
7f5b84000000-7f5b84022000 rw-p 00000000 00:00 0 
7f5b84022000-7f5b88000000 ---p 00000000 00:00 0 
7f5b887f9000-7f5b887fc000 ---p 00000000 00:00 0 
7f5b887fc000-7f5b88ffa000 rw-p 00000000 00:00 0 
7f5b88ffa000-7f5b88ffd000 ---p 00000000 00:00 0 
7f5b88ffd000-7f5b897fb000 rw-p 00000000 00:00 0 
7f5b897fb000-7f5b897fe000 ---p 00000000 00:00 0 
7f5b897fe000-7f5b89ffc000 rw-p 00000000 00:00 0 
7f5b89ffc000-7f5b89fff000 ---p 00000000 00:00 0 
7f5b89fff000-7f5b8a7fd000 rw-p 00000000 00:00 0 
7f5b8a7fd000-7f5b8a800000 ---p 00000000 00:00 0 
7f5b8a800000-7f5b8affe000 rw-p 00000000 00:00 0 
7f5b8affe000-7f5b8b001000 ---p 00000000 00:00 0 
7f5b8b001000-7f5b8b7ff000 rw-p 00000000 00:00 0 
7f5b8b7ff000-7f5b8b802000 ---p 00000000 00:00 0 
7f5b8b802000-7f5b8c000000 rw-p 00000000 00:00 0 
7f5b8c000000-7f5b8c11b000 rw-p 00000000 00:00 0 
7f5b8c11b000-7f5b90000000 ---p 00000000 00:00 0 
7f5b90000000-7f5b9015d000 rw-p 00000000 00:00 0 
7f5b9015d000-7f5b94000000 ---p 00000000 00:00 0 
7f5b94000000-7f5b9411b000 rw-p 00000000 00:00 0 
7f5b9411b000-7f5b98000000 ---p 00000000 00:00 0 
7f5b98000000-7f5b9811b000 rw-p 00000000 00:00 0 
7f5b9811b000-7f5b9c000000 ---p 00000000 00:00 0 
7f5b9c000000-7f5b9c11b000 rw-p 00000000 00:00 0 
7f5b9c11b000-7f5ba0000000 ---p 00000000 00:00 0 
7f5ba0000000-7f5ba011c000 rw-p 00000000 00:00 0 
7f5ba011c000-7f5ba4000000 ---p 00000000 00:00 0 
7f5ba4000000-7f5ba411b000 rw-p 00000000 00:00 0 
7f5ba411b000-7f5ba8000000 ---p 00000000 00:00 0 
7f5ba8000000-7f5ba8175000 rw-p 00000000 00:00 0 
7f5ba8175000-7f5bac000000 ---p 00000000 00:00 0 
7f5bac6f8000-7f5bac6fb000 ---p 00000000 00:00 0 
7f5bac6fb000-7f5bac7f9000 rw-p 00000000 00:00 0 
7f5bac7f9000-7f5bac7fc000 ---p 00000000 00:00 0 
7f5bac7fc000-7f5bacffa000 rw-p 00000000 00:00 0 
7f5bacffa000-7f5bacffd000 ---p 00000000 00:00 0 
7f5bacffd000-7f5bad7fb000 rw-p 00000000 00:00 0 
7f5bad7fb000-7f5bad7fe000 ---p 00000000 00:00 0 
7f5bad7fe000-7f5badffc000 rw-p 00000000 00:00 0 
7f5badffc000-7f5badfff000 ---p 00000000 00:00 0 
7f5badfff000-7f5bae7fd000 rw-p 00000000 00:00 0 
7f5bae7fd000-7f5bae800000 ---p 00000000 00:00 0 
7f5bae800000-7f5baeffe000 rw-p 00000000 00:00 0 
7f5baeffe000-7f5baf001000 ---p 00000000 00:00 0 
7f5baf001000-7f5baf7ff000 rw-p 00000000 00:00 0 
7f5baf7ff000-7f5baf802000 ---p 00000000 00:00 0 
7f5baf802000-7f5bb0000000 rw-p 00000000 00:00 0 
7f5bb0000000-7f5bb0021000 rw-p 00000000 00:00 0 
7f5bb0021000-7f5bb4000000 ---p 00000000 00:00 0 
7f5bb4000000-7f5bb4021000 rw-p 00000000 00:00 0 
7f5bb4021000-7f5bb8000000 ---p 00000000 00:00 0 
7f5bb8000000-7f5bb82a6000 rw-p 00000000 00:00 0 
7f5bb82a6000-7f5bbc000000 ---p 00000000 00:00 0 
7f5bbc000000-7f5bbc115000 rw-p 00000000 00:00 0 
7f5bbc115000-7f5bc0000000 ---p 00000000 00:00 0 
7f5bc0000000-7f5bc0021000 rw-p 00000000 00:00 0 
7f5bc0021000-7f5bc4000000 ---p 00000000 00:00 0 
7f5bc4000000-7f5bc4021000 rw-p 00000000 00:00 0 
7f5bc4021000-7f5bc8000000 ---p 00000000 00:00 0 
7f5bc8000000-7f5bc8021000 rw-p 00000000 00:00 0 
7f5bc8021000-7f5bcc000000 ---p 00000000 00:00 0 
7f5bcc000000-7f5bcc021000 rw-p 00000000 00:00 0 
7f5bcc021000-7f5bd0000000 ---p 00000000 00:00 0 
7f5bd0000000-7f5bd0021000 rw-p 00000000 00:00 0 
7f5bd0021000-7f5bd4000000 ---p 00000000 00:00 0 
7f5bd4000000-7f5bd4021000 rw-p 00000000 00:00 0 
7f5bd4021000-7f5bd8000000 ---p 00000000 00:00 0 
7f5bd8000000-7f5bd8021000 rw-p 00000000 00:00 0 
7f5bd8021000-7f5bdc000000 ---p 00000000 00:00 0 
7f5bdc0e9000-7f5bdc0ec000 ---p 00000000 00:00 0 
7f5bdc0ec000-7f5bdc1ea000 rw-p 00000000 00:00 0 
7f5bdc1ea000-7f5bdc1ed000 ---p 00000000 00:00 0 
7f5bdc1ed000-7f5bdc9eb000 rw-p 00000000 00:00 0 
7f5bdc9eb000-7f5bdca03000 r-xp 00000000 08:07 794742                     /tmp/simgrid-java3071723718036852130/libsimgrid-java.so (deleted)
7f5bdca03000-7f5bdcc03000 ---p 00018000 08:07 794742                     /tmp/simgrid-java3071723718036852130/libsimgrid-java.so (deleted)
7f5bdcc03000-7f5bdcc04000 rw-p 00018000 08:07 794742                     /tmp/simgrid-java3071723718036852130/libsimgrid-java.so (deleted)
7f5bdcc04000-7f5bdcc1a000 r-xp 00000000 08:07 528568                     /lib/x86_64-linux-gnu/libgcc_s.so.1
7f5bdcc1a000-7f5bdce19000 ---p 00016000 08:07 528568                     /lib/x86_64-linux-gnu/libgcc_s.so.1
7f5bdce19000-7f5bdce1a000 r--p 00015000 08:07 528568                     /lib/x86_64-linux-gnu/libgcc_s.so.1
7f5bdce1a000-7f5bdce1b000 rw-p 00016000 08:07 528568                     /lib/x86_64-linux-gnu/libgcc_s.so.1
7f5bdce1b000-7f5bdcf8e000 r-xp 00000000 08:07 1059329                    /usr/lib/x86_64-linux-gnu/libstdc++.so.6.0.21
7f5bdcf8e000-7f5bdd18d000 ---p 00173000 08:07 1059329                    /usr/lib/x86_64-linux-gnu/libstdc++.so.6.0.21
7f5bdd18d000-7f5bdd197000 r--p 00172000 08:07 1059329                    /usr/lib/x86_64-linux-gnu/libstdc++.so.6.0.21
7f5bdd197000-7f5bdd199000 rw-p 0017c000 08:07 1059329                    /usr/lib/x86_64-linux-gnu/libstdc++.so.6.0.21
7f5bdd199000-7f5bdd19d000 rw-p 00000000 00:00 0 
7f5bdd19d000-7f5bdd462000 r-xp 00000000 08:07 794736                     /tmp/simgrid-java3071723718036852130/libsimgrid.so (deleted)
7f5bdd462000-7f5bdd662000 ---p 002c5000 08:07 794736                     /tmp/simgrid-java3071723718036852130/libsimgrid.so (deleted)
7f5bdd662000-7f5bdd69d000 rw-p 002c5000 08:07 794736                     /tmp/simgrid-java3071723718036852130/libsimgrid.so (deleted)
7f5bdd69d000-7f5bdd9a6000 rw-p 00000000 00:00 0 
7f5bdd9a6000-7f5bdd9bd000 r-xp 00000000 08:07 663689                     /home/elixandre/jdk1.7.0_80/jre/lib/amd64/libnet.so
7f5bdd9bd000-7f5bddbbc000 ---p 00017000 08:07 663689                     /home/elixandre/jdk1.7.0_80/jre/lib/amd64/libnet.so
7f5bddbbc000-7f5bddbbd000 rw-p 00016000 08:07 663689                     /home/elixandre/jdk1.7.0_80/jre/lib/amd64/libnet.so
7f5bddbbd000-7f5bddbcd000 r-xp 00000000 08:07 663688                     /home/elixandre/jdk1.7.0_80/jre/lib/amd64/libnio.so
7f5bddbcd000-7f5bdddcd000 ---p 00010000 08:07 663688                     /home/elixandre/jdk1.7.0_80/jre/lib/amd64/libnio.so
7f5bdddcd000-7f5bdddce000 rw-p 00010000 08:07 663688                     /home/elixandre/jdk1.7.0_80/jre/lib/amd64/libnio.so
7f5bdddce000-7f5bdddcf000 ---p 00000000 00:00 0 
7f5bdddcf000-7f5bddecf000 rw-p 00000000 00:00 0 
7f5bddecf000-7f5bdded2000 ---p 00000000 00:00 0 
7f5bdded2000-7f5be0000000 rw-p 00000000 00:00 0 
7f5be0000000-7f5be0021000 rw-p 00000000 00:00 0 
7f5be0021000-7f5be4000000 ---p 00000000 00:00 0 
7f5be4014000-7f5be4017000 ---p 00000000 00:00 0 
7f5be4017000-7f5be4115000 rw-p 00000000 00:00 0 
7f5be4115000-7f5be4118000 ---p 00000000 00:00 0 
7f5be4118000-7f5be4216000 rw-p 00000000 00:00 0 
7f5be4216000-7f5be4219000 ---p 00000000 00:00 0 
7f5be4219000-7f5be4317000 rw-p 00000000 00:00 0 
7f5be4317000-7f5be49fa000 r--p 00000000 08:07 1055607                    /usr/lib/locale/locale-archive
7f5be49fa000-7f5be49fd000 ---p 00000000 00:00 0 
7f5be49fd000-7f5be4afb000 rw-p 00000000 00:00 0 
7f5be4afb000-7f5be4afe000 ---p 00000000 00:00 0 
7f5be4afe000-7f5be4bfc000 rw-p 00000000 00:00 0 
7f5be4bfc000-7f5be4bfd000 ---p 00000000 00:00 0 
7f5be4bfd000-7f5be5000000 rw-p 00000000 00:00 0 
7f5be5000000-7f5be5270000 rwxp 00000000 00:00 0 
7f5be5270000-7f5be83f8000 rw-p 00000000 00:00 0 
7f5be83f8000-7f5bec000000 ---p 00000000 00:00 0 
7f5bec0c1000-7f5becdbd000 rw-p 00000000 00:00 0 
7f5becdbd000-7f5becf7d000 r--s 039fb000 08:07 663892                     /home/elixandre/jdk1.7.0_80/jre/lib/rt.jar
7f5becf7d000-7f5bed279000 rw-p 00000000 00:00 0 
7f5bed279000-7f5bed27a000 ---p 00000000 00:00 0 
7f5bed27a000-7f5bed37a000 rw-p 00000000 00:00 0 
7f5bed37a000-7f5bed37b000 ---p 00000000 00:00 0 
7f5bed37b000-7f5bed47b000 rw-p 00000000 00:00 0 
7f5bed47b000-7f5bed47c000 ---p 00000000 00:00 0 
7f5bed47c000-7f5bed57c000 rw-p 00000000 00:00 0 
7f5bed57c000-7f5bed57d000 ---p 00000000 00:00 0 
7f5bed57d000-7f5bed688000 rw-p 00000000 00:00 0 
7f5bed688000-7f5bed6a6000 rw-p 00000000 00:00 0 
7f5bed6a6000-7f5bed6ba000 rw-p 00000000 00:00 0 
7f5bed6ba000-7f5bed7e2000 rw-p 00000000 00:00 0 
7f5bed7e2000-7f5bed7ed000 rw-p 00000000 00:00 0 
7f5bed7ed000-7f5bed80b000 rw-p 00000000 00:00 0 
7f5bed80b000-7f5bed81f000 rw-p 00000000 00:00 0 
7f5bed81f000-7f5bed947000 rw-p 00000000 00:00 0 
7f5bed947000-7f5bed951000 rw-p 00000000 00:00 0 
7f5bed951000-7f5bed9e5000 rw-p 00000000 00:00 0 
7f5bed9e5000-7f5bed9e6000 rw-p 00000000 00:00 0 
7f5bed9e6000-7f5bed9fd000 r-xp 00000000 08:07 663687                     /home/elixandre/jdk1.7.0_80/jre/lib/amd64/libzip.so
7f5bed9fd000-7f5bedbfd000 ---p 00017000 08:07 663687                     /home/elixandre/jdk1.7.0_80/jre/lib/amd64/libzip.so
7f5bedbfd000-7f5bedbfe000 rw-p 00017000 08:07 663687                     /home/elixandre/jdk1.7.0_80/jre/lib/amd64/libzip.so
7f5bedbfe000-7f5bedc08000 r-xp 00000000 08:07 529521                     /lib/x86_64-linux-gnu/libnss_files-2.21.so
7f5bedc08000-7f5bede08000 ---p 0000a000 08:07 529521                     /lib/x86_64-linux-gnu/libnss_files-2.21.so
7f5bede08000-7f5bede09000 r--p 0000a000 08:07 529521                     /lib/x86_64-linux-gnu/libnss_files-2.21.so
7f5bede09000-7f5bede0a000 rw-p 0000b000 08:07 529521                     /lib/x86_64-linux-gnu/libnss_files-2.21.so
7f5bede0a000-7f5bede15000 r-xp 00000000 08:07 529535                     /lib/x86_64-linux-gnu/libnss_nis-2.21.so
7f5bede15000-7f5bee014000 ---p 0000b000 08:07 529535                     /lib/x86_64-linux-gnu/libnss_nis-2.21.so
7f5bee014000-7f5bee015000 r--p 0000a000 08:07 529535                     /lib/x86_64-linux-gnu/libnss_nis-2.21.so
7f5bee015000-7f5bee016000 rw-p 0000b000 08:07 529535                     /lib/x86_64-linux-gnu/libnss_nis-2.21.so
7f5bee016000-7f5bee02d000 r-xp 00000000 08:07 529538                     /lib/x86_64-linux-gnu/libnsl-2.21.so
7f5bee02d000-7f5bee22c000 ---p 00017000 08:07 529538                     /lib/x86_64-linux-gnu/libnsl-2.21.so
7f5bee22c000-7f5bee22d000 r--p 00016000 08:07 529538                     /lib/x86_64-linux-gnu/libnsl-2.21.so
7f5bee22d000-7f5bee22e000 rw-p 00017000 08:07 529538                     /lib/x86_64-linux-gnu/libnsl-2.21.so
7f5bee22e000-7f5bee230000 rw-p 00000000 00:00 0 
7f5bee230000-7f5bee238000 r-xp 00000000 08:07 529523                     /lib/x86_64-linux-gnu/libnss_compat-2.21.so
7f5bee238000-7f5bee437000 ---p 00008000 08:07 529523                     /lib/x86_64-linux-gnu/libnss_compat-2.21.so
7f5bee437000-7f5bee438000 r--p 00007000 08:07 529523                     /lib/x86_64-linux-gnu/libnss_compat-2.21.so
7f5bee438000-7f5bee439000 rw-p 00008000 08:07 529523                     /lib/x86_64-linux-gnu/libnss_compat-2.21.so
7f5bee439000-7f5bee462000 r-xp 00000000 08:07 663623                     /home/elixandre/jdk1.7.0_80/jre/lib/amd64/libjava.so
7f5bee462000-7f5bee662000 ---p 00029000 08:07 663623                     /home/elixandre/jdk1.7.0_80/jre/lib/amd64/libjava.so
7f5bee662000-7f5bee664000 rw-p 00029000 08:07 663623                     /home/elixandre/jdk1.7.0_80/jre/lib/amd64/libjava.so
7f5bee664000-7f5bee671000 r-xp 00000000 08:07 663501                     /home/elixandre/jdk1.7.0_80/jre/lib/amd64/libverify.so
7f5bee671000-7f5bee870000 ---p 0000d000 08:07 663501                     /home/elixandre/jdk1.7.0_80/jre/lib/amd64/libverify.so
7f5bee870000-7f5bee872000 rw-p 0000c000 08:07 663501                     /home/elixandre/jdk1.7.0_80/jre/lib/amd64/libverify.so
7f5bee872000-7f5bee879000 r-xp 00000000 08:07 529522                     /lib/x86_64-linux-gnu/librt-2.21.so
7f5bee879000-7f5beea78000 ---p 00007000 08:07 529522                     /lib/x86_64-linux-gnu/librt-2.21.so
7f5beea78000-7f5beea79000 r--p 00006000 08:07 529522                     /lib/x86_64-linux-gnu/librt-2.21.so
7f5beea79000-7f5beea7a000 rw-p 00007000 08:07 529522                     /lib/x86_64-linux-gnu/librt-2.21.so
7f5beea7a000-7f5beeb81000 r-xp 00000000 08:07 529524                     /lib/x86_64-linux-gnu/libm-2.21.so
7f5beeb81000-7f5beed80000 ---p 00107000 08:07 529524                     /lib/x86_64-linux-gnu/libm-2.21.so
7f5beed80000-7f5beed81000 r--p 00106000 08:07 529524                     /lib/x86_64-linux-gnu/libm-2.21.so
7f5beed81000-7f5beed82000 rw-p 00107000 08:07 529524                     /lib/x86_64-linux-gnu/libm-2.21.so
7f5beed82000-7f5bef8f8000 r-xp 00000000 08:07 663273                     /home/elixandre/jdk1.7.0_80/jre/lib/amd64/server/libjvm.so
7f5bef8f8000-7f5befaf7000 ---p 00b76000 08:07 663273                     /home/elixandre/jdk1.7.0_80/jre/lib/amd64/server/libjvm.so
7f5befaf7000-7f5befbbb000 rw-p 00b75000 08:07 663273                     /home/elixandre/jdk1.7.0_80/jre/lib/amd64/server/libjvm.so
7f5befbbb000-7f5befbfc000 rw-p 00000000 00:00 0 
7f5befbfc000-7f5befdbc000 r-xp 00000000 08:07 529541                     /lib/x86_64-linux-gnu/libc-2.21.so
7f5befdbc000-7f5beffbc000 ---p 001c0000 08:07 529541                     /lib/x86_64-linux-gnu/libc-2.21.so
7f5beffbc000-7f5beffc0000 r--p 001c0000 08:07 529541                     /lib/x86_64-linux-gnu/libc-2.21.so
7f5beffc0000-7f5beffc2000 rw-p 001c4000 08:07 529541                     /lib/x86_64-linux-gnu/libc-2.21.so
7f5beffc2000-7f5beffc6000 rw-p 00000000 00:00 0 
7f5beffc6000-7f5beffc9000 r-xp 00000000 08:07 529528                     /lib/x86_64-linux-gnu/libdl-2.21.so
7f5beffc9000-7f5bf01c8000 ---p 00003000 08:07 529528                     /lib/x86_64-linux-gnu/libdl-2.21.so
7f5bf01c8000-7f5bf01c9000 r--p 00002000 08:07 529528                     /lib/x86_64-linux-gnu/libdl-2.21.so
7f5bf01c9000-7f5bf01ca000 rw-p 00003000 08:07 529528                     /lib/x86_64-linux-gnu/libdl-2.21.so
7f5bf01ca000-7f5bf01df000 r-xp 00000000 08:07 663695                     /home/elixandre/jdk1.7.0_80/lib/amd64/jli/libjli.so
7f5bf01df000-7f5bf03de000 ---p 00015000 08:07 663695                     /home/elixandre/jdk1.7.0_80/lib/amd64/jli/libjli.so
7f5bf03de000-7f5bf03df000 rw-p 00014000 08:07 663695                     /home/elixandre/jdk1.7.0_80/lib/amd64/jli/libjli.so
7f5bf03df000-7f5bf03f7000 r-xp 00000000 08:07 529525                     /lib/x86_64-linux-gnu/libpthread-2.21.so
7f5bf03f7000-7f5bf05f7000 ---p 00018000 08:07 529525                     /lib/x86_64-linux-gnu/libpthread-2.21.so
7f5bf05f7000-7f5bf05f8000 r--p 00018000 08:07 529525                     /lib/x86_64-linux-gnu/libpthread-2.21.so
7f5bf05f8000-7f5bf05f9000 rw-p 00019000 08:07 529525                     /lib/x86_64-linux-gnu/libpthread-2.21.so
7f5bf05f9000-7f5bf05fd000 rw-p 00000000 00:00 0 
7f5bf05fd000-7f5bf0621000 r-xp 00000000 08:07 529539                     /lib/x86_64-linux-gnu/ld-2.21.so
7f5bf062b000-7f5bf064a000 rw-p 00000000 00:00 0 
7f5bf064a000-7f5bf0700000 rw-p 00000000 00:00 0 
7f5bf0700000-7f5bf0703000 ---p 00000000 00:00 0 
7f5bf0703000-7f5bf0805000 rw-p 00000000 00:00 0 
7f5bf080d000-7f5bf0811000 r--s 0008b000 08:07 663627                     /home/elixandre/jdk1.7.0_80/jre/lib/jsse.jar
7f5bf0811000-7f5bf0814000 r--s 00f76000 08:07 542783                     /home/elixandre/Downloads/simgrid.jar
7f5bf0814000-7f5bf081c000 rw-s 00000000 08:07 544733                     /tmp/hsperfdata_elixandre/6118 (deleted)
7f5bf081c000-7f5bf081d000 rw-p 00000000 00:00 0 
7f5bf081d000-7f5bf081e000 ---p 00000000 00:00 0 
7f5bf081e000-7f5bf0820000 rw-p 00000000 00:00 0 
7f5bf0820000-7f5bf0821000 r--p 00023000 08:07 529539                     /lib/x86_64-linux-gnu/ld-2.21.so
7f5bf0821000-7f5bf0822000 rw-p 00024000 08:07 529539                     /lib/x86_64-linux-gnu/ld-2.21.so
7f5bf0822000-7f5bf0823000 rw-p 00000000 00:00 0 
7ffeff584000-7ffeff5a5000 rw-p 00000000 00:00 0                          [stack]
7ffeff5d7000-7ffeff5d9000 r--p 00000000 00:00 0                          [vvar]
7ffeff5d9000-7ffeff5db000 r-xp 00000000 00:00 0                          [vdso]
ffffffffff600000-ffffffffff601000 r-xp 00000000 00:00 0                  [vsyscall]

VM Arguments:
jvm_args: -Dfile.encoding=UTF-8 
java_command: vcube.VCube platform.xml deployment.xml
Launcher Type: SUN_STANDARD

Environment Variables:
PATH=/usr/local/sbin:/usr/local/bin:/usr/sbin:/usr/bin:/sbin:/bin:/usr/games:/usr/local/games:/home/elixandre/.rvm/bin
LD_LIBRARY_PATH=/home/elixandre/jdk1.7.0_80/jre/lib/amd64:/home/elixandre/jdk1.7.0_80/jre/lib/i386:
SHELL=/bin/bash
DISPLAY=:0

Signal Handlers:
SIGSEGV: [libjvm.so+0x9a3b20], sa_mask[0]=0x7ffbfeff, sa_flags=0x10000004
SIGBUS: [libjvm.so+0x9a3b20], sa_mask[0]=0x7ffbfeff, sa_flags=0x10000004
SIGFPE: [libjvm.so+0x81e740], sa_mask[0]=0x7ffbfeff, sa_flags=0x10000004
SIGPIPE: [libjvm.so+0x81e740], sa_mask[0]=0x7ffbfeff, sa_flags=0x10000004
SIGXFSZ: [libjvm.so+0x81e740], sa_mask[0]=0x7ffbfeff, sa_flags=0x10000004
SIGILL: [libjvm.so+0x81e740], sa_mask[0]=0x7ffbfeff, sa_flags=0x10000004
SIGUSR1: SIG_DFL, sa_mask[0]=0x00000000, sa_flags=0x00000000
SIGUSR2: [libjvm.so+0x81ffb0], sa_mask[0]=0x00000004, sa_flags=0x10000004
SIGHUP: [libjvm.so+0x8210d0], sa_mask[0]=0x7ffbfeff, sa_flags=0x10000004
SIGINT: [libsimgrid.so+0x8ff50], sa_mask[0]=0x00000002, sa_flags=0x10000000
SIGTERM: [libjvm.so+0x8210d0], sa_mask[0]=0x7ffbfeff, sa_flags=0x10000004
SIGQUIT: [libjvm.so+0x8210d0], sa_mask[0]=0x7ffbfeff, sa_flags=0x10000004


---------------  S Y S T E M  ---------------

OS:jessie/sid

uname:Linux 4.2.0-42-generic #49-Ubuntu SMP Tue Jun 28 21:26:26 UTC 2016 x86_64
libc:glibc 2.21 NPTL 2.21 
rlimit: STACK 8192k, CORE 0k, NPROC 15009, NOFILE 65536, AS infinity
load average:0.73 0.41 0.23

/proc/meminfo:
MemTotal:        3879128 kB
MemFree:         1031268 kB
MemAvailable:    1970572 kB
Buffers:           81032 kB
Cached:          1131436 kB
SwapCached:         2748 kB
Active:          1488892 kB
Inactive:        1119872 kB
Active(anon):     900852 kB
Inactive(anon):   655324 kB
Active(file):     588040 kB
Inactive(file):   464548 kB
Unevictable:          32 kB
Mlocked:              32 kB
SwapTotal:        975868 kB
SwapFree:         947616 kB
Dirty:             12876 kB
Writeback:             0 kB
AnonPages:       1393984 kB
Mapped:           289036 kB
Shmem:            159880 kB
Slab:             144944 kB
SReclaimable:     111300 kB
SUnreclaim:        33644 kB
KernelStack:        8944 kB
PageTables:        33944 kB
NFS_Unstable:          0 kB
Bounce:                0 kB
WritebackTmp:          0 kB
CommitLimit:     2915432 kB
Committed_AS:    5089232 kB
VmallocTotal:   34359738367 kB
VmallocUsed:      347648 kB
VmallocChunk:   34358947836 kB
HardwareCorrupted:     0 kB
AnonHugePages:    991232 kB
CmaTotal:              0 kB
CmaFree:               0 kB
HugePages_Total:       0
HugePages_Free:        0
HugePages_Rsvd:        0
HugePages_Surp:        0
Hugepagesize:       2048 kB
DirectMap4k:      131832 kB
DirectMap2M:     3895296 kB


CPU:total 4 (2 cores per cpu, 2 threads per core) family 6 model 58 stepping 9, cmov, cx8, fxsr, mmx, sse, sse2, sse3, ssse3, sse4.1, sse4.2, popcnt, avx, erms, ht, tsc, tscinvbit, tscinv

/proc/cpuinfo:
processor	: 0
vendor_id	: GenuineIntel
cpu family	: 6
model		: 58
model name	: Intel(R) Core(TM) i7-3517U CPU @ 1.90GHz
stepping	: 9
microcode	: 0x12
cpu MHz		: 2799.937
cache size	: 4096 KB
physical id	: 0
siblings	: 4
core id		: 0
cpu cores	: 2
apicid		: 0
initial apicid	: 0
fpu		: yes
fpu_exception	: yes
cpuid level	: 13
wp		: yes
flags		: fpu vme de pse tsc msr pae mce cx8 apic sep mtrr pge mca cmov pat pse36 clflush dts acpi mmx fxsr sse sse2 ss ht tm pbe syscall nx rdtscp lm constant_tsc arch_perfmon pebs bts rep_good nopl xtopology nonstop_tsc aperfmperf eagerfpu pni pclmulqdq dtes64 monitor ds_cpl vmx est tm2 ssse3 cx16 xtpr pdcm pcid sse4_1 sse4_2 x2apic popcnt tsc_deadline_timer xsave avx f16c rdrand lahf_lm ida arat epb pln pts dtherm tpr_shadow vnmi flexpriority ept vpid fsgsbase smep erms xsaveopt
bugs		:
bogomips	: 4789.11
clflush size	: 64
cache_alignment	: 64
address sizes	: 36 bits physical, 48 bits virtual
power management:

processor	: 1
vendor_id	: GenuineIntel
cpu family	: 6
model		: 58
model name	: Intel(R) Core(TM) i7-3517U CPU @ 1.90GHz
stepping	: 9
microcode	: 0x12
cpu MHz		: 2805.000
cache size	: 4096 KB
physical id	: 0
siblings	: 4
core id		: 0
cpu cores	: 2
apicid		: 1
initial apicid	: 1
fpu		: yes
fpu_exception	: yes
cpuid level	: 13
wp		: yes
flags		: fpu vme de pse tsc msr pae mce cx8 apic sep mtrr pge mca cmov pat pse36 clflush dts acpi mmx fxsr sse sse2 ss ht tm pbe syscall nx rdtscp lm constant_tsc arch_perfmon pebs bts rep_good nopl xtopology nonstop_tsc aperfmperf eagerfpu pni pclmulqdq dtes64 monitor ds_cpl vmx est tm2 ssse3 cx16 xtpr pdcm pcid sse4_1 sse4_2 x2apic popcnt tsc_deadline_timer xsave avx f16c rdrand lahf_lm ida arat epb pln pts dtherm tpr_shadow vnmi flexpriority ept vpid fsgsbase smep erms xsaveopt
bugs		:
bogomips	: 4789.11
clflush size	: 64
cache_alignment	: 64
address sizes	: 36 bits physical, 48 bits virtual
power management:

processor	: 2
vendor_id	: GenuineIntel
cpu family	: 6
model		: 58
model name	: Intel(R) Core(TM) i7-3517U CPU @ 1.90GHz
stepping	: 9
microcode	: 0x12
cpu MHz		: 2794.125
cache size	: 4096 KB
physical id	: 0
siblings	: 4
core id		: 1
cpu cores	: 2
apicid		: 2
initial apicid	: 2
fpu		: yes
fpu_exception	: yes
cpuid level	: 13
wp		: yes
flags		: fpu vme de pse tsc msr pae mce cx8 apic sep mtrr pge mca cmov pat pse36 clflush dts acpi mmx fxsr sse sse2 ss ht tm pbe syscall nx rdtscp lm constant_tsc arch_perfmon pebs bts rep_good nopl xtopology nonstop_tsc aperfmperf eagerfpu pni pclmulqdq dtes64 monitor ds_cpl vmx est tm2 ssse3 cx16 xtpr pdcm pcid sse4_1 sse4_2 x2apic popcnt tsc_deadline_timer xsave avx f16c rdrand lahf_lm ida arat epb pln pts dtherm tpr_shadow vnmi flexpriority ept vpid fsgsbase smep erms xsaveopt
bugs		:
bogomips	: 4789.11
clflush size	: 64
cache_alignment	: 64
address sizes	: 36 bits physical, 48 bits virtual
power management:

processor	: 3
vendor_id	: GenuineIntel
cpu family	: 6
model		: 58
model name	: Intel(R) Core(TM) i7-3517U CPU @ 1.90GHz
stepping	: 9
microcode	: 0x12
cpu MHz		: 2793.750
cache size	: 4096 KB
physical id	: 0
siblings	: 4
core id		: 1
cpu cores	: 2
apicid		: 3
initial apicid	: 3
fpu		: yes
fpu_exception	: yes
cpuid level	: 13
wp		: yes
flags		: fpu vme de pse tsc msr pae mce cx8 apic sep mtrr pge mca cmov pat pse36 clflush dts acpi mmx fxsr sse sse2 ss ht tm pbe syscall nx rdtscp lm constant_tsc arch_perfmon pebs bts rep_good nopl xtopology nonstop_tsc aperfmperf eagerfpu pni pclmulqdq dtes64 monitor ds_cpl vmx est tm2 ssse3 cx16 xtpr pdcm pcid sse4_1 sse4_2 x2apic popcnt tsc_deadline_timer xsave avx f16c rdrand lahf_lm ida arat epb pln pts dtherm tpr_shadow vnmi flexpriority ept vpid fsgsbase smep erms xsaveopt
bugs		:
bogomips	: 4789.11
clflush size	: 64
cache_alignment	: 64
address sizes	: 36 bits physical, 48 bits virtual
power management:



Memory: 4k page, physical 3879128k(1031268k free), swap 975868k(947616k free)

vm_info: Java HotSpot(TM) 64-Bit Server VM (24.80-b11) for linux-amd64 JRE (1.7.0_80-b15), built on Apr 10 2015 19:53:14 by "java_re" with gcc 4.3.0 20080428 (Red Hat 4.3.0-8)

time: Sat Apr 29 14:03:12 2017
elapsed time: 2 seconds

