#
# A fatal error has been detected by the Java Runtime Environment:
#
#  SIGSEGV (0xb) at pc=0x00007f7f60efb263, pid=16531, tid=0x00007f7f636f6700
#
# JRE version: Java(TM) SE Runtime Environment (8.0_111-b14) (build 1.8.0_111-b14)
# Java VM: Java HotSpot(TM) 64-Bit Server VM (25.111-b14 mixed mode linux-amd64 compressed oops)
# Problematic frame:
# C  [libsimgrid.so+0x190263]  xbt_dynar_member+0x23
#
# Failed to write core dump. Core dumps have been disabled. To enable core dumping, try "ulimit -c unlimited" before starting Java again
#
# If you would like to submit a bug report, please visit:
#   http://bugreport.java.com/bugreport/crash.jsp
#

---------------  T H R E A D  ---------------

Current thread (0x00007f7f80077800):  VMThread [stack: 0x00007f7f635f6000,0x00007f7f636f7000] [id=16540]

siginfo: si_signo: 11 (SIGSEGV), si_code: 1 (SEGV_MAPERR), si_addr: 0x0000000000000000

Registers:
RAX=0x0000000000000000, RBX=0x00007f7f61267700, RCX=0x00007f7f80182040, RDX=0x00007f7f636f6a30
RSP=0x00007f7f636f5590, RBP=0x00007f7f8017b1d0, RSI=0x00007f7f636f5738, RDI=0x00007f7f636f5650
R8 =0x00007f7f801721e0, R9 =0x0000000000000000, R10=0x0000000000000c58, R11=0x00007f7f60efb240
R12=0x00007f7f61272790, R13=0x00007f7f8015b200, R14=0x00000000000003d8, R15=0x00007f7f80026e68
RIP=0x00007f7f60efb263, EFLAGS=0x0000000000010206, CSGSFS=0x0000000000000033, ERR=0x0000000000000004
  TRAPNO=0x000000000000000e

Top of Stack: (sp=0x00007f7f636f5590)
0x00007f7f636f5590:   0000000000000000 0000000000000000
0x00007f7f636f55a0:   00007f7f80172280 00007f7f636f5738
0x00007f7f636f55b0:   0000000000000000 0000000000000000
0x00007f7f636f55c0:   0000000000000000 0000000000000000
0x00007f7f636f55d0:   0000000000000000 0000000000000000
0x00007f7f636f55e0:   0000000000000000 0000000000000000
0x00007f7f636f55f0:   0000000000000000 0000000000000000
0x00007f7f636f5600:   0000ff00000000ff 00000000ff000000
0x00007f7f636f5610:   0000000000000000 0000000000000000
0x00007f7f636f5620:   0000000000000000 0000000000000000
0x00007f7f636f5630:   0000000000000000 0000000000000000
0x00007f7f636f5640:   0000000042c80000 0000000000000000
0x00007f7f636f5650:   0000000000000000 0000000000000000
0x00007f7f636f5660:   0000000000000000 0000000000000000
0x00007f7f636f5670:   0000000000000000 0000000000000000
0x00007f7f636f5680:   0000000000000000 00000000000000ff
0x00007f7f636f5690:   0000000000000000 0000000000000000
0x00007f7f636f56a0:   0000000000000000 0000000000000000
0x00007f7f636f56b0:   0000000000000000 0000000000000000
0x00007f7f636f56c0:   00007f7f80182040 00007f7f80182040
0x00007f7f636f56d0:   0000000000000001 00007f7f636f5738
0x00007f7f636f56e0:   00007f7f80172280 00007f7f801721e0
0x00007f7f636f56f0:   0000000000000000 00007f7f6126aa98
0x00007f7f636f5700:   00007f7f80174440 0000000000000001
0x00007f7f636f5710:   00007f7f61267700 00007f7f80159670
0x00007f7f636f5720:   00007f7f61267700 00007f7f60f1834f
0x00007f7f636f5730:   0000000000000000 00007f7f80182040
0x00007f7f636f5740:   0000000000000000 0000000000000000
0x00007f7f636f5750:   0000000000000000 00007f7f6126aa98
0x00007f7f636f5760:   00007f7f80174440 0000000000000001
0x00007f7f636f5770:   00007f7f8015b200 00007f7f60ef9d37
0x00007f7f636f5780:   00007f7f8015b200 00007f7f6126a098 

Instructions: (pc=0x00007f7f60efb263)
0x00007f7f60efb243:   ec 90 01 00 00 48 8b 05 01 a2 33 00 48 89 7c 24
0x00007f7f60efb253:   10 48 89 74 24 18 ff 10 48 8d bc 24 c0 00 00 00
0x00007f7f60efb263:   48 8b 08 48 89 04 24 48 89 38 48 89 4c 24 08 e8
0x00007f7f60efb273:   79 31 ed ff 85 c0 74 75 48 8b 14 24 c7 42 08 01 

Register to memory mapping:

RAX=0x0000000000000000 is an unknown value
RBX=0x00007f7f61267700: _simgrid_log_category__simix_process+0 in /tmp/simgrid-java4471461773450058982/libsimgrid.so at 0x00007f7f60d6b000
RCX=0x00007f7f80182040 is an unknown value
RDX=0x00007f7f636f6a30 is an unknown value
RSP=0x00007f7f636f5590 is an unknown value
RBP=0x00007f7f8017b1d0 is an unknown value
RSI=0x00007f7f636f5738 is an unknown value
RDI=0x00007f7f636f5650 is an unknown value
R8 =0x00007f7f801721e0 is an unknown value
R9 =0x0000000000000000 is an unknown value
R10=0x0000000000000c58 is an unknown value
R11=0x00007f7f60efb240: xbt_dynar_member+0 in /tmp/simgrid-java4471461773450058982/libsimgrid.so at 0x00007f7f60d6b000
R12=0x00007f7f61272790: simix_global+0 in /tmp/simgrid-java4471461773450058982/libsimgrid.so at 0x00007f7f60d6b000
R13=0x00007f7f8015b200 is an unknown value
R14=0x00000000000003d8 is an unknown value
R15=0x00007f7f80026e68 is an unknown value


Stack: [0x00007f7f635f6000,0x00007f7f636f7000],  sp=0x00007f7f636f5590,  free space=1021k
Native frames: (J=compiled Java code, j=interpreted, Vv=VM code, C=native code)
C  [libsimgrid.so+0x190263]  xbt_dynar_member+0x23

VM_Operation (0x00007f7f605b8450): Exit, mode: safepoint, requested by thread 0x00007f7f48001000


---------------  P R O C E S S  ---------------

Java Threads: ( => current thread )
  0x00007f7f48001000 JavaThread "SIGTERM handler" daemon [_thread_blocked, id=16572, stack(0x00007f7f604b9000,0x00007f7f605ba000)]
  0x00007f7ee8001000 JavaThread "Thread-16" [_thread_in_native, id=16564, stack(0x00007f7ef6ffe000,0x00007f7ef77ff000)]
  0x00007f7ef0001000 JavaThread "Thread-14" [_thread_in_native, id=16563, stack(0x00007f7ef77ff000,0x00007f7ef8000000)]
  0x00007f7ef8001000 JavaThread "Thread-15" [_thread_in_native, id=16561, stack(0x00007f7f18ffa000,0x00007f7f197fb000)]
  0x00007f7efc001000 JavaThread "Thread-12" [_thread_in_native, id=16562, stack(0x00007f7f187f9000,0x00007f7f18ffa000)]
  0x00007f7f04001000 JavaThread "Thread-13" [_thread_in_native, id=16560, stack(0x00007f7f197fb000,0x00007f7f19ffc000)]
  0x00007f7f00001000 JavaThread "Thread-11" [_thread_in_native, id=16559, stack(0x00007f7f19ffc000,0x00007f7f1a7fd000)]
  0x00007f7f08001000 JavaThread "Thread-8" [_thread_in_native, id=16556, stack(0x00007f7f1b7ff000,0x00007f7f1c000000)]
  0x00007f7f10001000 JavaThread "Thread-9" [_thread_in_native, id=16558, stack(0x00007f7f1a7fd000,0x00007f7f1affe000)]
  0x00007f7f0c001000 JavaThread "Thread-10" [_thread_in_native, id=16557, stack(0x00007f7f1affe000,0x00007f7f1b7ff000)]
  0x00007f7f20001000 JavaThread "Thread-6" [_thread_in_native, id=16554, stack(0x00007f7f34ffa000,0x00007f7f357fb000)]
  0x00007f7f24001000 JavaThread "Thread-4" [_thread_in_native, id=16551, stack(0x00007f7f367fd000,0x00007f7f36ffe000)]
  0x00007f7f2c001000 JavaThread "Thread-3" [_thread_in_native, id=16552, stack(0x00007f7f35ffc000,0x00007f7f367fd000)]
  0x00007f7f28001000 JavaThread "Thread-2" [_thread_in_native, id=16550, stack(0x00007f7f36ffe000,0x00007f7f377ff000)]
  0x00007f7f30001000 JavaThread "Thread-1" [_thread_blocked, id=16549, stack(0x00007f7f377ff000,0x00007f7f38000000)]
  0x00007f7f800d2000 JavaThread "Service Thread" daemon [_thread_blocked, id=16547, stack(0x00007f7f61a9d000,0x00007f7f61b9e000)]
  0x00007f7f800bd000 JavaThread "C1 CompilerThread2" daemon [_thread_blocked, id=16546, stack(0x00007f7f61b9e000,0x00007f7f61c9f000)]
  0x00007f7f800bb000 JavaThread "C2 CompilerThread1" daemon [_thread_blocked, id=16545, stack(0x00007f7f61c9f000,0x00007f7f61da0000)]
  0x00007f7f800b8800 JavaThread "C2 CompilerThread0" daemon [_thread_blocked, id=16544, stack(0x00007f7f61da0000,0x00007f7f61ea1000)]
  0x00007f7f800b7000 JavaThread "Signal Dispatcher" daemon [_thread_blocked, id=16543, stack(0x00007f7f61ea1000,0x00007f7f61fa2000)]
  0x00007f7f80084000 JavaThread "Finalizer" daemon [_thread_blocked, id=16542, stack(0x00007f7f633f4000,0x00007f7f634f5000)]
  0x00007f7f8007f000 JavaThread "Reference Handler" daemon [_thread_blocked, id=16541, stack(0x00007f7f634f5000,0x00007f7f635f6000)]
  0x00007f7f8000a000 JavaThread "main" [_thread_in_native, id=16533, stack(0x00007f7f89a11000,0x00007f7f89b12000)]

Other Threads:
=>0x00007f7f80077800 VMThread [stack: 0x00007f7f635f6000,0x00007f7f636f7000] [id=16540]

VM state:at safepoint (shutting down)

VM Mutex/Monitor currently owned by a thread:  ([mutex/lock_event])
[0x00007f7f800060d0] Threads_lock - owner thread: 0x00007f7f80077800

Heap:
 PSYoungGen      total 22016K, used 16785K [0x00000000ec400000, 0x00000000eea00000, 0x0000000100000000)
  eden space 12800K, 59% used [0x00000000ec400000,0x00000000ecb645b8,0x00000000ed080000)
  from space 9216K, 100% used [0x00000000edc00000,0x00000000ee500000,0x00000000ee500000)
  to   space 11776K, 0% used [0x00000000ed080000,0x00000000ed080000,0x00000000edc00000)
 ParOldGen       total 40960K, used 18228K [0x00000000c4c00000, 0x00000000c7400000, 0x00000000ec400000)
  object space 40960K, 44% used [0x00000000c4c00000,0x00000000c5dcd080,0x00000000c7400000)
 Metaspace       used 3743K, capacity 4704K, committed 4864K, reserved 1056768K
  class space    used 418K, capacity 464K, committed 512K, reserved 1048576K

Card table byte_map: [0x00007f7f865dd000,0x00007f7f867b8000] byte_map_base: 0x00007f7f85fb7000

Marking Bits: (ParMarkBitMap*) 0x00007f7f88ee1220
 Begin Bits: [0x00007f7f842fd000, 0x00007f7f851cd000)
 End Bits:   [0x00007f7f851cd000, 0x00007f7f8609d000)

Polling page: 0x00007f7f89b30000

CodeCache: size=245760Kb used=2103Kb max_used=2149Kb free=243656Kb
 bounds [0x00007f7f71000000, 0x00007f7f71270000, 0x00007f7f80000000]
 total_blobs=454 nmethods=191 adapters=177
 compilation: enabled

Compilation events (10 events):
Event: 3.722 Thread 0x00007f7f800b8800  190 % !   4       vcube.Node::main @ 111 (1894 bytes)
Event: 4.344 Thread 0x00007f7f800b8800 nmethod 190% 0x00007f7f711f9350 code [0x00007f7f711f9e80, 0x00007f7f71204458]
Event: 4.357 Thread 0x00007f7f800bb000  191 % !   4       vcube.Node::main @ 1807 (1894 bytes)
Event: 4.607 Thread 0x00007f7f800b8800  192       4       vcube.Node::conferirTimestempStatus (70 bytes)
Event: 4.611 Thread 0x00007f7f800b8800 nmethod 192 0x00007f7f71165b50 code [0x00007f7f71165ca0, 0x00007f7f71165ed8]
Event: 4.978 Thread 0x00007f7f800b8800  193       4       java.lang.String::equals (81 bytes)
Event: 4.982 Thread 0x00007f7f800b8800 nmethod 193 0x00007f7f71165650 code [0x00007f7f711657a0, 0x00007f7f711659f8]
Event: 4.995 Thread 0x00007f7f800bb000 nmethod 191% 0x00007f7f71208e90 code [0x00007f7f712099c0, 0x00007f7f71213d78]
Event: 5.313 Thread 0x00007f7f800b8800  194 % !   4       vcube.Node::main @ 135 (1894 bytes)
Event: 9.804 Thread 0x00007f7f800b8800 nmethod 194% 0x00007f7f71223a50 code [0x00007f7f71224600, 0x00007f7f7122edc0]

GC Heap History (10 events):
Event: 6.447 GC heap before
{Heap before GC invocations=4 (full 0):
 PSYoungGen      total 17920K, used 17904K [0x00000000ec400000, 0x00000000ee700000, 0x0000000100000000)
  eden space 15360K, 100% used [0x00000000ec400000,0x00000000ed300000,0x00000000ed300000)
  from space 2560K, 99% used [0x00000000ed300000,0x00000000ed57c010,0x00000000ed580000)
  to   space 2560K, 0% used [0x00000000ee480000,0x00000000ee480000,0x00000000ee700000)
 ParOldGen       total 40960K, used 6688K [0x00000000c4c00000, 0x00000000c7400000, 0x00000000ec400000)
  object space 40960K, 16% used [0x00000000c4c00000,0x00000000c5288050,0x00000000c7400000)
 Metaspace       used 3734K, capacity 4704K, committed 4864K, reserved 1056768K
  class space    used 416K, capacity 464K, committed 512K, reserved 1048576K
Event: 6.465 GC heap after
Heap after GC invocations=4 (full 0):
 PSYoungGen      total 17920K, used 2544K [0x00000000ec400000, 0x00000000ee700000, 0x0000000100000000)
  eden space 15360K, 0% used [0x00000000ec400000,0x00000000ec400000,0x00000000ed300000)
  from space 2560K, 99% used [0x00000000ee480000,0x00000000ee6fc010,0x00000000ee700000)
  to   space 2560K, 0% used [0x00000000ed300000,0x00000000ed300000,0x00000000ed580000)
 ParOldGen       total 40960K, used 10172K [0x00000000c4c00000, 0x00000000c7400000, 0x00000000ec400000)
  object space 40960K, 24% used [0x00000000c4c00000,0x00000000c55ef060,0x00000000c7400000)
 Metaspace       used 3734K, capacity 4704K, committed 4864K, reserved 1056768K
  class space    used 416K, capacity 464K, committed 512K, reserved 1048576K
}
Event: 8.924 GC heap before
{Heap before GC invocations=5 (full 0):
 PSYoungGen      total 17920K, used 17904K [0x00000000ec400000, 0x00000000ee700000, 0x0000000100000000)
  eden space 15360K, 100% used [0x00000000ec400000,0x00000000ed300000,0x00000000ed300000)
  from space 2560K, 99% used [0x00000000ee480000,0x00000000ee6fc010,0x00000000ee700000)
  to   space 2560K, 0% used [0x00000000ed300000,0x00000000ed300000,0x00000000ed580000)
 ParOldGen       total 40960K, used 10172K [0x00000000c4c00000, 0x00000000c7400000, 0x00000000ec400000)
  object space 40960K, 24% used [0x00000000c4c00000,0x00000000c55ef060,0x00000000c7400000)
 Metaspace       used 3734K, capacity 4704K, committed 4864K, reserved 1056768K
  class space    used 416K, capacity 464K, committed 512K, reserved 1048576K
Event: 8.940 GC heap after
Heap after GC invocations=5 (full 0):
 PSYoungGen      total 17920K, used 2560K [0x00000000ec400000, 0x00000000ee500000, 0x0000000100000000)
  eden space 15360K, 0% used [0x00000000ec400000,0x00000000ec400000,0x00000000ed300000)
  from space 2560K, 100% used [0x00000000ed300000,0x00000000ed580000,0x00000000ed580000)
  to   space 8192K, 0% used [0x00000000edd00000,0x00000000edd00000,0x00000000ee500000)
 ParOldGen       total 40960K, used 13796K [0x00000000c4c00000, 0x00000000c7400000, 0x00000000ec400000)
  object space 40960K, 33% used [0x00000000c4c00000,0x00000000c5979060,0x00000000c7400000)
 Metaspace       used 3734K, capacity 4704K, committed 4864K, reserved 1056768K
  class space    used 416K, capacity 464K, committed 512K, reserved 1048576K
}
Event: 13.838 GC heap before
{Heap before GC invocations=6 (full 0):
 PSYoungGen      total 17920K, used 17920K [0x00000000ec400000, 0x00000000ee500000, 0x0000000100000000)
  eden space 15360K, 100% used [0x00000000ec400000,0x00000000ed300000,0x00000000ed300000)
  from space 2560K, 100% used [0x00000000ed300000,0x00000000ed580000,0x00000000ed580000)
  to   space 8192K, 0% used [0x00000000edd00000,0x00000000edd00000,0x00000000ee500000)
 ParOldGen       total 40960K, used 13796K [0x00000000c4c00000, 0x00000000c7400000, 0x00000000ec400000)
  object space 40960K, 33% used [0x00000000c4c00000,0x00000000c5979060,0x00000000c7400000)
 Metaspace       used 3734K, capacity 4704K, committed 4864K, reserved 1056768K
  class space    used 416K, capacity 464K, committed 512K, reserved 1048576K
Event: 13.895 GC heap after
Heap after GC invocations=6 (full 0):
 PSYoungGen      total 22016K, used 6240K [0x00000000ec400000, 0x00000000ee380000, 0x0000000100000000)
  eden space 15360K, 0% used [0x00000000ec400000,0x00000000ec400000,0x00000000ed300000)
  from space 6656K, 93% used [0x00000000edd00000,0x00000000ee318000,0x00000000ee380000)
  to   space 8192K, 0% used [0x00000000ed380000,0x00000000ed380000,0x00000000edb80000)
 ParOldGen       total 40960K, used 13804K [0x00000000c4c00000, 0x00000000c7400000, 0x00000000ec400000)
  object space 40960K, 33% used [0x00000000c4c00000,0x00000000c597b060,0x00000000c7400000)
 Metaspace       used 3734K, capacity 4704K, committed 4864K, reserved 1056768K
  class space    used 416K, capacity 464K, committed 512K, reserved 1048576K
}
Event: 20.981 GC heap before
{Heap before GC invocations=7 (full 0):
 PSYoungGen      total 22016K, used 21600K [0x00000000ec400000, 0x00000000ee380000, 0x0000000100000000)
  eden space 15360K, 100% used [0x00000000ec400000,0x00000000ed300000,0x00000000ed300000)
  from space 6656K, 93% used [0x00000000edd00000,0x00000000ee318000,0x00000000ee380000)
  to   space 8192K, 0% used [0x00000000ed380000,0x00000000ed380000,0x00000000edb80000)
 ParOldGen       total 40960K, used 13804K [0x00000000c4c00000, 0x00000000c7400000, 0x00000000ec400000)
  object space 40960K, 33% used [0x00000000c4c00000,0x00000000c597b060,0x00000000c7400000)
 Metaspace       used 3734K, capacity 4704K, committed 4864K, reserved 1056768K
  class space    used 416K, capacity 464K, committed 512K, reserved 1048576K
Event: 21.027 GC heap after
Heap after GC invocations=7 (full 0):
 PSYoungGen      total 23552K, used 8096K [0x00000000ec400000, 0x00000000ee500000, 0x0000000100000000)
  eden space 15360K, 0% used [0x00000000ec400000,0x00000000ec400000,0x00000000ed300000)
  from space 8192K, 98% used [0x00000000ed380000,0x00000000edb68000,0x00000000edb80000)
  to   space 9216K, 0% used [0x00000000edc00000,0x00000000edc00000,0x00000000ee500000)
 ParOldGen       total 40960K, used 15628K [0x00000000c4c00000, 0x00000000c7400000, 0x00000000ec400000)
  object space 40960K, 38% used [0x00000000c4c00000,0x00000000c5b43080,0x00000000c7400000)
 Metaspace       used 3734K, capacity 4704K, committed 4864K, reserved 1056768K
  class space    used 416K, capacity 464K, committed 512K, reserved 1048576K
}
Event: 27.043 GC heap before
{Heap before GC invocations=8 (full 0):
 PSYoungGen      total 23552K, used 23456K [0x00000000ec400000, 0x00000000ee500000, 0x0000000100000000)
  eden space 15360K, 100% used [0x00000000ec400000,0x00000000ed300000,0x00000000ed300000)
  from space 8192K, 98% used [0x00000000ed380000,0x00000000edb68000,0x00000000edb80000)
  to   space 9216K, 0% used [0x00000000edc00000,0x00000000edc00000,0x00000000ee500000)
 ParOldGen       total 40960K, used 15628K [0x00000000c4c00000, 0x00000000c7400000, 0x00000000ec400000)
  object space 40960K, 38% used [0x00000000c4c00000,0x00000000c5b43080,0x00000000c7400000)
 Metaspace       used 3734K, capacity 4704K, committed 4864K, reserved 1056768K
  class space    used 416K, capacity 464K, committed 512K, reserved 1048576K
Event: 27.060 GC heap after
Heap after GC invocations=8 (full 0):
 PSYoungGen      total 22016K, used 9216K [0x00000000ec400000, 0x00000000eea00000, 0x0000000100000000)
  eden space 12800K, 0% used [0x00000000ec400000,0x00000000ec400000,0x00000000ed080000)
  from space 9216K, 100% used [0x00000000edc00000,0x00000000ee500000,0x00000000ee500000)
  to   space 11776K, 0% used [0x00000000ed080000,0x00000000ed080000,0x00000000edc00000)
 ParOldGen       total 40960K, used 18228K [0x00000000c4c00000, 0x00000000c7400000, 0x00000000ec400000)
  object space 40960K, 44% used [0x00000000c4c00000,0x00000000c5dcd080,0x00000000c7400000)
 Metaspace       used 3734K, capacity 4704K, committed 4864K, reserved 1056768K
  class space    used 416K, capacity 464K, committed 512K, reserved 1048576K
}

Deoptimization events (10 events):
Event: 2.259 Thread 0x00007f7f2c001000 Uncommon trap: reason=unstable_if action=reinterpret pc=0x00007f7f71174b94 method=vcube.Node.main([Ljava/lang/String;)V @ 290
Event: 2.797 Thread 0x00007f7f20001000 Uncommon trap: reason=unstable_if action=reinterpret pc=0x00007f7f71174b94 method=vcube.Node.main([Ljava/lang/String;)V @ 290
Event: 2.837 Thread 0x00007f7f08001000 Uncommon trap: reason=unstable_if action=reinterpret pc=0x00007f7f71174b94 method=vcube.Node.main([Ljava/lang/String;)V @ 290
Event: 3.568 Thread 0x00007f7f0c001000 Uncommon trap: reason=unstable_if action=reinterpret pc=0x00007f7f71174b94 method=vcube.Node.main([Ljava/lang/String;)V @ 290
Event: 3.586 Thread 0x00007f7f10001000 Uncommon trap: reason=unstable_if action=reinterpret pc=0x00007f7f71174b94 method=vcube.Node.main([Ljava/lang/String;)V @ 290
Event: 3.605 Thread 0x00007f7f00001000 Uncommon trap: reason=unstable_if action=reinterpret pc=0x00007f7f71174b94 method=vcube.Node.main([Ljava/lang/String;)V @ 290
Event: 3.625 Thread 0x00007f7f04001000 Uncommon trap: reason=unstable_if action=reinterpret pc=0x00007f7f71174b94 method=vcube.Node.main([Ljava/lang/String;)V @ 290
Event: 3.916 Thread 0x00007f7ef8001000 Uncommon trap: reason=unstable_if action=reinterpret pc=0x00007f7f71174b94 method=vcube.Node.main([Ljava/lang/String;)V @ 290
Event: 4.027 Thread 0x00007f7ef0001000 Uncommon trap: reason=unstable_if action=reinterpret pc=0x00007f7f71174b94 method=vcube.Node.main([Ljava/lang/String;)V @ 290
Event: 4.068 Thread 0x00007f7ee8001000 Uncommon trap: reason=unstable_if action=reinterpret pc=0x00007f7f71174b94 method=vcube.Node.main([Ljava/lang/String;)V @ 290

Internal exceptions (10 events):
Event: 4.609 Thread 0x00007f7f0c001000 Exception <a 'java/lang/ArrayIndexOutOfBoundsException'> (0x00000000ec7521e0) thrown at [/HUDSON3/workspace/8-2-build-linux-amd64/jdk8u111/7883/hotspot/src/share/vm/runtime/sharedRuntime.cpp, line 605]
Event: 4.609 Thread 0x00007f7efc001000 Exception <a 'java/lang/ArrayIndexOutOfBoundsException'> (0x00000000ec7c6dd0) thrown at [/HUDSON3/workspace/8-2-build-linux-amd64/jdk8u111/7883/hotspot/src/share/vm/runtime/sharedRuntime.cpp, line 605]
Event: 4.609 Thread 0x00007f7ef8001000 Exception <a 'java/lang/ArrayIndexOutOfBoundsException'> (0x00000000ec815dc0) thrown at [/HUDSON3/workspace/8-2-build-linux-amd64/jdk8u111/7883/hotspot/src/share/vm/runtime/sharedRuntime.cpp, line 605]
Event: 4.609 Thread 0x00007f7f24001000 Exception <a 'java/lang/ArrayIndexOutOfBoundsException'> (0x00000000ec7da9e0) thrown at [/HUDSON3/workspace/8-2-build-linux-amd64/jdk8u111/7883/hotspot/src/share/vm/runtime/sharedRuntime.cpp, line 605]
Event: 4.609 Thread 0x00007f7ee8001000 Exception <a 'java/lang/ArrayIndexOutOfBoundsException'> (0x00000000ec829070) thrown at [/HUDSON3/workspace/8-2-build-linux-amd64/jdk8u111/7883/hotspot/src/share/vm/runtime/sharedRuntime.cpp, line 605]
Event: 4.610 Thread 0x00007f7f04001000 Exception <a 'java/lang/ArrayIndexOutOfBoundsException'> (0x00000000ec78d208) thrown at [/HUDSON3/workspace/8-2-build-linux-amd64/jdk8u111/7883/hotspot/src/share/vm/runtime/sharedRuntime.cpp, line 605]
Event: 4.610 Thread 0x00007f7f10001000 Exception <a 'java/lang/ArrayIndexOutOfBoundsException'> (0x00000000ec779908) thrown at [/HUDSON3/workspace/8-2-build-linux-amd64/jdk8u111/7883/hotspot/src/share/vm/runtime/sharedRuntime.cpp, line 605]
Event: 4.610 Thread 0x00007f7f28001000 Exception <a 'java/lang/ArrayIndexOutOfBoundsException'> (0x00000000ec801f38) thrown at [/HUDSON3/workspace/8-2-build-linux-amd64/jdk8u111/7883/hotspot/src/share/vm/runtime/sharedRuntime.cpp, line 605]
Event: 4.610 Thread 0x00007f7f00001000 Exception <a 'java/lang/ArrayIndexOutOfBoundsException'> (0x00000000ec765a10) thrown at [/HUDSON3/workspace/8-2-build-linux-amd64/jdk8u111/7883/hotspot/src/share/vm/runtime/sharedRuntime.cpp, line 605]
Event: 4.610 Thread 0x00007f7ef0001000 Exception <a 'java/lang/ArrayIndexOutOfBoundsException'> (0x00000000ec83cf60) thrown at [/HUDSON3/workspace/8-2-build-linux-amd64/jdk8u111/7883/hotspot/src/share/vm/runtime/sharedRuntime.cpp, line 605]

Events (10 events):
Event: 29.616 loading class sun/misc/Signal$1
Event: 29.644 loading class sun/misc/Signal$1 done
Event: 29.644 Thread 0x00007f7f48001000 Thread added: 0x00007f7f48001000
Event: 29.644 loading class java/util/IdentityHashMap$KeyIterator
Event: 29.644 loading class java/util/IdentityHashMap$IdentityHashMapIterator
Event: 29.644 loading class java/util/IdentityHashMap$IdentityHashMapIterator done
Event: 29.644 loading class java/util/IdentityHashMap$KeyIterator done
Event: 29.644 Thread 0x00007f7f1c001000 Thread added: 0x00007f7f1c001000
Event: 29.645 Thread 0x00007f7f1c001000 Thread exited: 0x00007f7f1c001000
Event: 29.645 Executing VM operation: Exit


Dynamic libraries:
00400000-00401000 r-xp 00000000 08:01 8784123                            /home/elixandrebaldi/jdk1.8.0_111/bin/java
00600000-00601000 rw-p 00000000 08:01 8784123                            /home/elixandrebaldi/jdk1.8.0_111/bin/java
0154d000-0156e000 rw-p 00000000 00:00 0                                  [heap]
c4c00000-c7400000 rw-p 00000000 00:00 0 
c7400000-ec400000 ---p 00000000 00:00 0 
ec400000-eea00000 rw-p 00000000 00:00 0 
eea00000-100000000 ---p 00000000 00:00 0 
100000000-100080000 rw-p 00000000 00:00 0 
100080000-140000000 ---p 00000000 00:00 0 
7f7ee8000000-7f7ee8d14000 rw-p 00000000 00:00 0 
7f7ee8d14000-7f7eec000000 ---p 00000000 00:00 0 
7f7ef0000000-7f7ef0d13000 rw-p 00000000 00:00 0 
7f7ef0d13000-7f7ef4000000 ---p 00000000 00:00 0 
7f7ef6ffe000-7f7ef7001000 ---p 00000000 00:00 0 
7f7ef7001000-7f7ef77ff000 rw-p 00000000 00:00 0 
7f7ef77ff000-7f7ef7802000 ---p 00000000 00:00 0 
7f7ef7802000-7f7ef8000000 rw-p 00000000 00:00 0 
7f7ef8000000-7f7ef8d11000 rw-p 00000000 00:00 0 
7f7ef8d11000-7f7efc000000 ---p 00000000 00:00 0 
7f7efc000000-7f7efcd16000 rw-p 00000000 00:00 0 
7f7efcd16000-7f7f00000000 ---p 00000000 00:00 0 
7f7f00000000-7f7f00d14000 rw-p 00000000 00:00 0 
7f7f00d14000-7f7f04000000 ---p 00000000 00:00 0 
7f7f04000000-7f7f04d13000 rw-p 00000000 00:00 0 
7f7f04d13000-7f7f08000000 ---p 00000000 00:00 0 
7f7f08000000-7f7f08d12000 rw-p 00000000 00:00 0 
7f7f08d12000-7f7f0c000000 ---p 00000000 00:00 0 
7f7f0c000000-7f7f0cd16000 rw-p 00000000 00:00 0 
7f7f0cd16000-7f7f10000000 ---p 00000000 00:00 0 
7f7f10000000-7f7f10d11000 rw-p 00000000 00:00 0 
7f7f10d11000-7f7f14000000 ---p 00000000 00:00 0 
7f7f14000000-7f7f14022000 rw-p 00000000 00:00 0 
7f7f14022000-7f7f18000000 ---p 00000000 00:00 0 
7f7f187f9000-7f7f187fc000 ---p 00000000 00:00 0 
7f7f187fc000-7f7f18ffa000 rw-p 00000000 00:00 0 
7f7f18ffa000-7f7f18ffd000 ---p 00000000 00:00 0 
7f7f18ffd000-7f7f197fb000 rw-p 00000000 00:00 0 
7f7f197fb000-7f7f197fe000 ---p 00000000 00:00 0 
7f7f197fe000-7f7f19ffc000 rw-p 00000000 00:00 0 
7f7f19ffc000-7f7f19fff000 ---p 00000000 00:00 0 
7f7f19fff000-7f7f1a7fd000 rw-p 00000000 00:00 0 
7f7f1a7fd000-7f7f1a800000 ---p 00000000 00:00 0 
7f7f1a800000-7f7f1affe000 rw-p 00000000 00:00 0 
7f7f1affe000-7f7f1b001000 ---p 00000000 00:00 0 
7f7f1b001000-7f7f1b7ff000 rw-p 00000000 00:00 0 
7f7f1b7ff000-7f7f1b802000 ---p 00000000 00:00 0 
7f7f1b802000-7f7f1c000000 rw-p 00000000 00:00 0 
7f7f1c000000-7f7f1c022000 rw-p 00000000 00:00 0 
7f7f1c022000-7f7f20000000 ---p 00000000 00:00 0 
7f7f20000000-7f7f20d12000 rw-p 00000000 00:00 0 
7f7f20d12000-7f7f24000000 ---p 00000000 00:00 0 
7f7f24000000-7f7f24d13000 rw-p 00000000 00:00 0 
7f7f24d13000-7f7f28000000 ---p 00000000 00:00 0 
7f7f28000000-7f7f28d15000 rw-p 00000000 00:00 0 
7f7f28d15000-7f7f2c000000 ---p 00000000 00:00 0 
7f7f2c000000-7f7f2cd13000 rw-p 00000000 00:00 0 
7f7f2cd13000-7f7f30000000 ---p 00000000 00:00 0 
7f7f30000000-7f7f30d14000 rw-p 00000000 00:00 0 
7f7f30d14000-7f7f34000000 ---p 00000000 00:00 0 
7f7f347f9000-7f7f347fc000 ---p 00000000 00:00 0 
7f7f347fc000-7f7f34ffa000 rw-p 00000000 00:00 0 
7f7f34ffa000-7f7f34ffd000 ---p 00000000 00:00 0 
7f7f34ffd000-7f7f357fb000 rw-p 00000000 00:00 0 
7f7f357fb000-7f7f357fe000 ---p 00000000 00:00 0 
7f7f357fe000-7f7f35ffc000 rw-p 00000000 00:00 0 
7f7f35ffc000-7f7f35fff000 ---p 00000000 00:00 0 
7f7f35fff000-7f7f367fd000 rw-p 00000000 00:00 0 
7f7f367fd000-7f7f36800000 ---p 00000000 00:00 0 
7f7f36800000-7f7f36ffe000 rw-p 00000000 00:00 0 
7f7f36ffe000-7f7f37001000 ---p 00000000 00:00 0 
7f7f37001000-7f7f377ff000 rw-p 00000000 00:00 0 
7f7f377ff000-7f7f37802000 ---p 00000000 00:00 0 
7f7f37802000-7f7f38000000 rw-p 00000000 00:00 0 
7f7f38000000-7f7f38021000 rw-p 00000000 00:00 0 
7f7f38021000-7f7f3c000000 ---p 00000000 00:00 0 
7f7f3c000000-7f7f3c021000 rw-p 00000000 00:00 0 
7f7f3c021000-7f7f40000000 ---p 00000000 00:00 0 
7f7f40000000-7f7f409fd000 rw-p 00000000 00:00 0 
7f7f409fd000-7f7f44000000 ---p 00000000 00:00 0 
7f7f44000000-7f7f440c2000 rw-p 00000000 00:00 0 
7f7f440c2000-7f7f48000000 ---p 00000000 00:00 0 
7f7f48000000-7f7f48021000 rw-p 00000000 00:00 0 
7f7f48021000-7f7f4c000000 ---p 00000000 00:00 0 
7f7f4c000000-7f7f4ddb0000 rw-p 00000000 00:00 0 
7f7f4ddb0000-7f7f50000000 ---p 00000000 00:00 0 
7f7f50000000-7f7f50021000 rw-p 00000000 00:00 0 
7f7f50021000-7f7f54000000 ---p 00000000 00:00 0 
7f7f54000000-7f7f54021000 rw-p 00000000 00:00 0 
7f7f54021000-7f7f58000000 ---p 00000000 00:00 0 
7f7f58000000-7f7f58021000 rw-p 00000000 00:00 0 
7f7f58021000-7f7f5c000000 ---p 00000000 00:00 0 
7f7f5c000000-7f7f5c021000 rw-p 00000000 00:00 0 
7f7f5c021000-7f7f60000000 ---p 00000000 00:00 0 
7f7f603b8000-7f7f603bb000 ---p 00000000 00:00 0 
7f7f603bb000-7f7f604b9000 rw-p 00000000 00:00 0 
7f7f604b9000-7f7f604bc000 ---p 00000000 00:00 0 
7f7f604bc000-7f7f605ba000 rw-p 00000000 00:00 0 
7f7f605ba000-7f7f605d2000 r-xp 00000000 08:01 2360325                    /tmp/simgrid-java4471461773450058982/libsimgrid-java.so (deleted)
7f7f605d2000-7f7f607d2000 ---p 00018000 08:01 2360325                    /tmp/simgrid-java4471461773450058982/libsimgrid-java.so (deleted)
7f7f607d2000-7f7f607d3000 rw-p 00018000 08:01 2360325                    /tmp/simgrid-java4471461773450058982/libsimgrid-java.so (deleted)
7f7f607d3000-7f7f607e9000 r-xp 00000000 08:01 3936627                    /lib/x86_64-linux-gnu/libgcc_s.so.1
7f7f607e9000-7f7f609e8000 ---p 00016000 08:01 3936627                    /lib/x86_64-linux-gnu/libgcc_s.so.1
7f7f609e8000-7f7f609e9000 rw-p 00015000 08:01 3936627                    /lib/x86_64-linux-gnu/libgcc_s.so.1
7f7f609e9000-7f7f60b5b000 r-xp 00000000 08:01 23332798                   /usr/lib/x86_64-linux-gnu/libstdc++.so.6.0.21
7f7f60b5b000-7f7f60d5b000 ---p 00172000 08:01 23332798                   /usr/lib/x86_64-linux-gnu/libstdc++.so.6.0.21
7f7f60d5b000-7f7f60d65000 r--p 00172000 08:01 23332798                   /usr/lib/x86_64-linux-gnu/libstdc++.so.6.0.21
7f7f60d65000-7f7f60d67000 rw-p 0017c000 08:01 23332798                   /usr/lib/x86_64-linux-gnu/libstdc++.so.6.0.21
7f7f60d67000-7f7f60d6b000 rw-p 00000000 00:00 0 
7f7f60d6b000-7f7f61030000 r-xp 00000000 08:01 2360324                    /tmp/simgrid-java4471461773450058982/libsimgrid.so (deleted)
7f7f61030000-7f7f61230000 ---p 002c5000 08:01 2360324                    /tmp/simgrid-java4471461773450058982/libsimgrid.so (deleted)
7f7f61230000-7f7f6126b000 rw-p 002c5000 08:01 2360324                    /tmp/simgrid-java4471461773450058982/libsimgrid.so (deleted)
7f7f6126b000-7f7f61574000 rw-p 00000000 00:00 0 
7f7f61574000-7f7f6158a000 r-xp 00000000 08:01 8783936                    /home/elixandrebaldi/jdk1.8.0_111/jre/lib/amd64/libnet.so
7f7f6158a000-7f7f6178a000 ---p 00016000 08:01 8783936                    /home/elixandrebaldi/jdk1.8.0_111/jre/lib/amd64/libnet.so
7f7f6178a000-7f7f6178b000 rw-p 00016000 08:01 8783936                    /home/elixandrebaldi/jdk1.8.0_111/jre/lib/amd64/libnet.so
7f7f6178b000-7f7f6179c000 r-xp 00000000 08:01 8783935                    /home/elixandrebaldi/jdk1.8.0_111/jre/lib/amd64/libnio.so
7f7f6179c000-7f7f6199b000 ---p 00011000 08:01 8783935                    /home/elixandrebaldi/jdk1.8.0_111/jre/lib/amd64/libnio.so
7f7f6199b000-7f7f6199c000 rw-p 00010000 08:01 8783935                    /home/elixandrebaldi/jdk1.8.0_111/jre/lib/amd64/libnio.so
7f7f6199c000-7f7f6199d000 ---p 00000000 00:00 0 
7f7f6199d000-7f7f61a9d000 rw-p 00000000 00:00 0 
7f7f61a9d000-7f7f61aa0000 ---p 00000000 00:00 0 
7f7f61aa0000-7f7f61b9e000 rw-p 00000000 00:00 0 
7f7f61b9e000-7f7f61ba1000 ---p 00000000 00:00 0 
7f7f61ba1000-7f7f61c9f000 rw-p 00000000 00:00 0 
7f7f61c9f000-7f7f61ca2000 ---p 00000000 00:00 0 
7f7f61ca2000-7f7f61da0000 rw-p 00000000 00:00 0 
7f7f61da0000-7f7f61da3000 ---p 00000000 00:00 0 
7f7f61da3000-7f7f61ea1000 rw-p 00000000 00:00 0 
7f7f61ea1000-7f7f61ea4000 ---p 00000000 00:00 0 
7f7f61ea4000-7f7f61fa2000 rw-p 00000000 00:00 0 
7f7f61fa2000-7f7f633f4000 r--p 00000000 08:01 23331759                   /usr/lib/locale/locale-archive
7f7f633f4000-7f7f633f7000 ---p 00000000 00:00 0 
7f7f633f7000-7f7f634f5000 rw-p 00000000 00:00 0 
7f7f634f5000-7f7f634f8000 ---p 00000000 00:00 0 
7f7f634f8000-7f7f635f6000 rw-p 00000000 00:00 0 
7f7f635f6000-7f7f635f7000 ---p 00000000 00:00 0 
7f7f635f7000-7f7f64000000 rw-p 00000000 00:00 0 
7f7f64000000-7f7f64021000 rw-p 00000000 00:00 0 
7f7f64021000-7f7f68000000 ---p 00000000 00:00 0 
7f7f68000000-7f7f68021000 rw-p 00000000 00:00 0 
7f7f68021000-7f7f6c000000 ---p 00000000 00:00 0 
7f7f6c000000-7f7f6c021000 rw-p 00000000 00:00 0 
7f7f6c021000-7f7f70000000 ---p 00000000 00:00 0 
7f7f70001000-7f7f70628000 rw-p 00000000 00:00 0 
7f7f70628000-7f7f70800000 r--s 03d2a000 08:01 8784070                    /home/elixandrebaldi/jdk1.8.0_111/jre/lib/rt.jar
7f7f70800000-7f7f70c40000 rw-p 00000000 00:00 0 
7f7f70c40000-7f7f71000000 ---p 00000000 00:00 0 
7f7f71000000-7f7f71270000 rwxp 00000000 00:00 0 
7f7f71270000-7f7f80000000 ---p 00000000 00:00 0 
7f7f80000000-7f7f82893000 rw-p 00000000 00:00 0 
7f7f82893000-7f7f84000000 ---p 00000000 00:00 0 
7f7f8401c000-7f7f8609d000 rw-p 00000000 00:00 0 
7f7f8609d000-7f7f8609e000 ---p 00000000 00:00 0 
7f7f8609e000-7f7f8619e000 rw-p 00000000 00:00 0 
7f7f8619e000-7f7f8619f000 ---p 00000000 00:00 0 
7f7f8619f000-7f7f8629f000 rw-p 00000000 00:00 0 
7f7f8629f000-7f7f862a0000 ---p 00000000 00:00 0 
7f7f862a0000-7f7f863a0000 rw-p 00000000 00:00 0 
7f7f863a0000-7f7f863a1000 ---p 00000000 00:00 0 
7f7f863a1000-7f7f864b5000 rw-p 00000000 00:00 0 
7f7f864b5000-7f7f865dd000 ---p 00000000 00:00 0 
7f7f865dd000-7f7f865f1000 rw-p 00000000 00:00 0 
7f7f865f1000-7f7f86719000 ---p 00000000 00:00 0 
7f7f86719000-7f7f8672c000 rw-p 00000000 00:00 0 
7f7f8672c000-7f7f867b7000 ---p 00000000 00:00 0 
7f7f867b7000-7f7f867c2000 rw-p 00000000 00:00 0 
7f7f867c2000-7f7f86b78000 ---p 00000000 00:00 0 
7f7f86b78000-7f7f86b92000 r-xp 00000000 08:01 8783934                    /home/elixandrebaldi/jdk1.8.0_111/jre/lib/amd64/libzip.so
7f7f86b92000-7f7f86d92000 ---p 0001a000 08:01 8783934                    /home/elixandrebaldi/jdk1.8.0_111/jre/lib/amd64/libzip.so
7f7f86d92000-7f7f86d93000 rw-p 0001a000 08:01 8783934                    /home/elixandrebaldi/jdk1.8.0_111/jre/lib/amd64/libzip.so
7f7f86d93000-7f7f86d9e000 r-xp 00000000 08:01 3932251                    /lib/x86_64-linux-gnu/libnss_files-2.23.so
7f7f86d9e000-7f7f86f9d000 ---p 0000b000 08:01 3932251                    /lib/x86_64-linux-gnu/libnss_files-2.23.so
7f7f86f9d000-7f7f86f9e000 r--p 0000a000 08:01 3932251                    /lib/x86_64-linux-gnu/libnss_files-2.23.so
7f7f86f9e000-7f7f86f9f000 rw-p 0000b000 08:01 3932251                    /lib/x86_64-linux-gnu/libnss_files-2.23.so
7f7f86f9f000-7f7f86fa5000 rw-p 00000000 00:00 0 
7f7f86fa5000-7f7f86fb0000 r-xp 00000000 08:01 3932244                    /lib/x86_64-linux-gnu/libnss_nis-2.23.so
7f7f86fb0000-7f7f871af000 ---p 0000b000 08:01 3932244                    /lib/x86_64-linux-gnu/libnss_nis-2.23.so
7f7f871af000-7f7f871b0000 r--p 0000a000 08:01 3932244                    /lib/x86_64-linux-gnu/libnss_nis-2.23.so
7f7f871b0000-7f7f871b1000 rw-p 0000b000 08:01 3932244                    /lib/x86_64-linux-gnu/libnss_nis-2.23.so
7f7f871b1000-7f7f871c7000 r-xp 00000000 08:01 3932246                    /lib/x86_64-linux-gnu/libnsl-2.23.so
7f7f871c7000-7f7f873c6000 ---p 00016000 08:01 3932246                    /lib/x86_64-linux-gnu/libnsl-2.23.so
7f7f873c6000-7f7f873c7000 r--p 00015000 08:01 3932246                    /lib/x86_64-linux-gnu/libnsl-2.23.so
7f7f873c7000-7f7f873c8000 rw-p 00016000 08:01 3932246                    /lib/x86_64-linux-gnu/libnsl-2.23.so
7f7f873c8000-7f7f873ca000 rw-p 00000000 00:00 0 
7f7f873ca000-7f7f873d2000 r-xp 00000000 08:01 3932253                    /lib/x86_64-linux-gnu/libnss_compat-2.23.so
7f7f873d2000-7f7f875d1000 ---p 00008000 08:01 3932253                    /lib/x86_64-linux-gnu/libnss_compat-2.23.so
7f7f875d1000-7f7f875d2000 r--p 00007000 08:01 3932253                    /lib/x86_64-linux-gnu/libnss_compat-2.23.so
7f7f875d2000-7f7f875d3000 rw-p 00008000 08:01 3932253                    /lib/x86_64-linux-gnu/libnss_compat-2.23.so
7f7f875d3000-7f7f875fe000 r-xp 00000000 08:01 8783907                    /home/elixandrebaldi/jdk1.8.0_111/jre/lib/amd64/libjava.so
7f7f875fe000-7f7f877fd000 ---p 0002b000 08:01 8783907                    /home/elixandrebaldi/jdk1.8.0_111/jre/lib/amd64/libjava.so
7f7f877fd000-7f7f877ff000 rw-p 0002a000 08:01 8783907                    /home/elixandrebaldi/jdk1.8.0_111/jre/lib/amd64/libjava.so
7f7f877ff000-7f7f8780c000 r-xp 00000000 08:01 8783870                    /home/elixandrebaldi/jdk1.8.0_111/jre/lib/amd64/libverify.so
7f7f8780c000-7f7f87a0b000 ---p 0000d000 08:01 8783870                    /home/elixandrebaldi/jdk1.8.0_111/jre/lib/amd64/libverify.so
7f7f87a0b000-7f7f87a0d000 rw-p 0000c000 08:01 8783870                    /home/elixandrebaldi/jdk1.8.0_111/jre/lib/amd64/libverify.so
7f7f87a0d000-7f7f87a14000 r-xp 00000000 08:01 3932254                    /lib/x86_64-linux-gnu/librt-2.23.so
7f7f87a14000-7f7f87c13000 ---p 00007000 08:01 3932254                    /lib/x86_64-linux-gnu/librt-2.23.so
7f7f87c13000-7f7f87c14000 r--p 00006000 08:01 3932254                    /lib/x86_64-linux-gnu/librt-2.23.so
7f7f87c14000-7f7f87c15000 rw-p 00007000 08:01 3932254                    /lib/x86_64-linux-gnu/librt-2.23.so
7f7f87c15000-7f7f87d1d000 r-xp 00000000 08:01 3932245                    /lib/x86_64-linux-gnu/libm-2.23.so
7f7f87d1d000-7f7f87f1c000 ---p 00108000 08:01 3932245                    /lib/x86_64-linux-gnu/libm-2.23.so
7f7f87f1c000-7f7f87f1d000 r--p 00107000 08:01 3932245                    /lib/x86_64-linux-gnu/libm-2.23.so
7f7f87f1d000-7f7f87f1e000 rw-p 00108000 08:01 3932245                    /lib/x86_64-linux-gnu/libm-2.23.so
7f7f87f1e000-7f7f88beb000 r-xp 00000000 08:01 8783785                    /home/elixandrebaldi/jdk1.8.0_111/jre/lib/amd64/server/libjvm.so
7f7f88beb000-7f7f88dea000 ---p 00ccd000 08:01 8783785                    /home/elixandrebaldi/jdk1.8.0_111/jre/lib/amd64/server/libjvm.so
7f7f88dea000-7f7f88ec3000 rw-p 00ccc000 08:01 8783785                    /home/elixandrebaldi/jdk1.8.0_111/jre/lib/amd64/server/libjvm.so
7f7f88ec3000-7f7f88f0e000 rw-p 00000000 00:00 0 
7f7f88f0e000-7f7f890cd000 r-xp 00000000 08:01 3932247                    /lib/x86_64-linux-gnu/libc-2.23.so
7f7f890cd000-7f7f892cd000 ---p 001bf000 08:01 3932247                    /lib/x86_64-linux-gnu/libc-2.23.so
7f7f892cd000-7f7f892d1000 r--p 001bf000 08:01 3932247                    /lib/x86_64-linux-gnu/libc-2.23.so
7f7f892d1000-7f7f892d3000 rw-p 001c3000 08:01 3932247                    /lib/x86_64-linux-gnu/libc-2.23.so
7f7f892d3000-7f7f892d7000 rw-p 00000000 00:00 0 
7f7f892d7000-7f7f892da000 r-xp 00000000 08:01 3932243                    /lib/x86_64-linux-gnu/libdl-2.23.so
7f7f892da000-7f7f894d9000 ---p 00003000 08:01 3932243                    /lib/x86_64-linux-gnu/libdl-2.23.so
7f7f894d9000-7f7f894da000 r--p 00002000 08:01 3932243                    /lib/x86_64-linux-gnu/libdl-2.23.so
7f7f894da000-7f7f894db000 rw-p 00003000 08:01 3932243                    /lib/x86_64-linux-gnu/libdl-2.23.so
7f7f894db000-7f7f894f0000 r-xp 00000000 08:01 8783943                    /home/elixandrebaldi/jdk1.8.0_111/lib/amd64/jli/libjli.so
7f7f894f0000-7f7f896f0000 ---p 00015000 08:01 8783943                    /home/elixandrebaldi/jdk1.8.0_111/lib/amd64/jli/libjli.so
7f7f896f0000-7f7f896f1000 rw-p 00015000 08:01 8783943                    /home/elixandrebaldi/jdk1.8.0_111/lib/amd64/jli/libjli.so
7f7f896f1000-7f7f89709000 r-xp 00000000 08:01 3932258                    /lib/x86_64-linux-gnu/libpthread-2.23.so
7f7f89709000-7f7f89908000 ---p 00018000 08:01 3932258                    /lib/x86_64-linux-gnu/libpthread-2.23.so
7f7f89908000-7f7f89909000 r--p 00017000 08:01 3932258                    /lib/x86_64-linux-gnu/libpthread-2.23.so
7f7f89909000-7f7f8990a000 rw-p 00018000 08:01 3932258                    /lib/x86_64-linux-gnu/libpthread-2.23.so
7f7f8990a000-7f7f8990e000 rw-p 00000000 00:00 0 
7f7f8990e000-7f7f89934000 r-xp 00000000 08:01 3932248                    /lib/x86_64-linux-gnu/ld-2.23.so
7f7f89939000-7f7f89a11000 rw-p 00000000 00:00 0 
7f7f89a11000-7f7f89a14000 ---p 00000000 00:00 0 
7f7f89a14000-7f7f89b16000 rw-p 00000000 00:00 0 
7f7f89b1f000-7f7f89b24000 r--s 00096000 08:01 8783911                    /home/elixandrebaldi/jdk1.8.0_111/jre/lib/jsse.jar
7f7f89b24000-7f7f89b27000 r--s 00f76000 08:01 8524426                    /home/elixandrebaldi/Documentos/VCubeDHT/simgrid.jar
7f7f89b27000-7f7f89b2f000 rw-s 00000000 08:01 2359623                    /tmp/hsperfdata_elixandrebaldi/16531 (deleted)
7f7f89b2f000-7f7f89b30000 rw-p 00000000 00:00 0 
7f7f89b30000-7f7f89b31000 ---p 00000000 00:00 0 
7f7f89b31000-7f7f89b33000 rw-p 00000000 00:00 0 
7f7f89b33000-7f7f89b34000 r--p 00025000 08:01 3932248                    /lib/x86_64-linux-gnu/ld-2.23.so
7f7f89b34000-7f7f89b35000 rw-p 00026000 08:01 3932248                    /lib/x86_64-linux-gnu/ld-2.23.so
7f7f89b35000-7f7f89b36000 rw-p 00000000 00:00 0 
7ffd2f85b000-7ffd2f87c000 rw-p 00000000 00:00 0                          [stack]
7ffd2f8ef000-7ffd2f8f1000 r--p 00000000 00:00 0                          [vvar]
7ffd2f8f1000-7ffd2f8f3000 r-xp 00000000 00:00 0                          [vdso]
ffffffffff600000-ffffffffff601000 r-xp 00000000 00:00 0                  [vsyscall]

VM Arguments:
jvm_args: -Dfile.encoding=UTF-8 
java_command: vcube.VCube platform.xml deployment.xml
java_class_path (initial): /home/elixandrebaldi/Documentos/VCubeDHT/simgrid.jar:/home/elixandrebaldi/Documentos/VCubeDHT/VCube/build/classes
Launcher Type: SUN_STANDARD

Environment Variables:
PATH=/home/elixandrebaldi/bin:/home/elixandrebaldi/.local/bin:/usr/local/sbin:/usr/local/bin:/usr/sbin:/usr/bin:/sbin:/bin:/usr/games:/usr/local/games
LD_LIBRARY_PATH=/home/elixandrebaldi/jdk1.8.0_111/jre/lib/amd64:/home/elixandrebaldi/jdk1.8.0_111/jre/lib/i386:
SHELL=/bin/bash
DISPLAY=:0

Signal Handlers:
SIGSEGV: [libjvm.so+0xac64b0], sa_mask[0]=11111111011111111101111111111110, sa_flags=SA_RESTART|SA_SIGINFO
SIGBUS: [libjvm.so+0xac64b0], sa_mask[0]=11111111011111111101111111111110, sa_flags=SA_RESTART|SA_SIGINFO
SIGFPE: [libjvm.so+0x91f950], sa_mask[0]=11111111011111111101111111111110, sa_flags=SA_RESTART|SA_SIGINFO
SIGPIPE: [libjvm.so+0x91f950], sa_mask[0]=11111111011111111101111111111110, sa_flags=SA_RESTART|SA_SIGINFO
SIGXFSZ: [libjvm.so+0x91f950], sa_mask[0]=11111111011111111101111111111110, sa_flags=SA_RESTART|SA_SIGINFO
SIGILL: [libjvm.so+0x91f950], sa_mask[0]=11111111011111111101111111111110, sa_flags=SA_RESTART|SA_SIGINFO
SIGUSR1: SIG_DFL, sa_mask[0]=00000000000000000000000000000000, sa_flags=none
SIGUSR2: [libjvm.so+0x920f80], sa_mask[0]=00100000000000000000000000000000, sa_flags=SA_RESTART|SA_SIGINFO
SIGHUP: [libjvm.so+0x922380], sa_mask[0]=11111111011111111101111111111110, sa_flags=SA_RESTART|SA_SIGINFO
SIGINT: [libsimgrid.so+0x8ff50], sa_mask[0]=01000000000000000000000000000000, sa_flags=SA_RESTART
SIGTERM: [libjvm.so+0x922380], sa_mask[0]=11111111011111111101111111111110, sa_flags=SA_RESTART|SA_SIGINFO
SIGQUIT: [libjvm.so+0x922380], sa_mask[0]=11111111011111111101111111111110, sa_flags=SA_RESTART|SA_SIGINFO


---------------  S Y S T E M  ---------------

OS:DISTRIB_ID="elementary"
DISTRIB_RELEASE=0.4.1
DISTRIB_CODENAME=loki
DISTRIB_DESCRIPTION="elementary OS 0.4.1 Loki"

uname:Linux 4.4.0-79-generic #100-Ubuntu SMP Wed May 17 19:58:14 UTC 2017 x86_64
libc:glibc 2.23 NPTL 2.23 
rlimit: STACK 8192k, CORE 0k, NPROC 14991, NOFILE 65536, AS infinity
load average:1.00 4.06 4.17

/proc/meminfo:
MemTotal:        3878592 kB
MemFree:          226480 kB
MemAvailable:     444868 kB
Buffers:           25184 kB
Cached:           739056 kB
SwapCached:        51108 kB
Active:          2454804 kB
Inactive:         993344 kB
Active(anon):    2220588 kB
Inactive(anon):   829064 kB
Active(file):     234216 kB
Inactive(file):   164280 kB
Unevictable:          64 kB
Mlocked:              64 kB
SwapTotal:       4025340 kB
SwapFree:        3632328 kB
Dirty:               136 kB
Writeback:             0 kB
AnonPages:       2633220 kB
Mapped:           458104 kB
Shmem:            365744 kB
Slab:              82580 kB
SReclaimable:      44776 kB
SUnreclaim:        37804 kB
KernelStack:       10992 kB
PageTables:        47164 kB
NFS_Unstable:          0 kB
Bounce:                0 kB
WritebackTmp:          0 kB
CommitLimit:     5964636 kB
Committed_AS:    8215232 kB
VmallocTotal:   34359738367 kB
VmallocUsed:           0 kB
VmallocChunk:          0 kB
HardwareCorrupted:     0 kB
AnonHugePages:   1148928 kB
CmaTotal:              0 kB
CmaFree:               0 kB
HugePages_Total:       0
HugePages_Free:        0
HugePages_Rsvd:        0
HugePages_Surp:        0
Hugepagesize:       2048 kB
DirectMap4k:      189176 kB
DirectMap2M:     3837952 kB


CPU:total 4 (2 cores per cpu, 2 threads per core) family 6 model 58 stepping 9, cmov, cx8, fxsr, mmx, sse, sse2, sse3, ssse3, sse4.1, sse4.2, popcnt, avx, clmul, erms, ht, tsc, tscinvbit, tscinv

/proc/cpuinfo:
processor	: 0
vendor_id	: GenuineIntel
cpu family	: 6
model		: 58
model name	: Intel(R) Core(TM) i7-3517U CPU @ 1.90GHz
stepping	: 9
microcode	: 0x12
cpu MHz		: 1199.812
cache size	: 4096 KB
physical id	: 0
siblings	: 4
core id		: 0
cpu cores	: 2
apicid		: 0
initial apicid	: 0
fpu		: yes
fpu_exception	: yes
cpuid level	: 13
wp		: yes
flags		: fpu vme de pse tsc msr pae mce cx8 apic sep mtrr pge mca cmov pat pse36 clflush dts acpi mmx fxsr sse sse2 ss ht tm pbe syscall nx rdtscp lm constant_tsc arch_perfmon pebs bts rep_good nopl xtopology nonstop_tsc aperfmperf eagerfpu pni pclmulqdq dtes64 monitor ds_cpl vmx est tm2 ssse3 cx16 xtpr pdcm pcid sse4_1 sse4_2 x2apic popcnt tsc_deadline_timer xsave avx f16c rdrand lahf_lm epb tpr_shadow vnmi flexpriority ept vpid fsgsbase smep erms xsaveopt dtherm ida arat pln pts
bugs		:
bogomips	: 4789.47
clflush size	: 64
cache_alignment	: 64
address sizes	: 36 bits physical, 48 bits virtual
power management:

processor	: 1
vendor_id	: GenuineIntel
cpu family	: 6
model		: 58
model name	: Intel(R) Core(TM) i7-3517U CPU @ 1.90GHz
stepping	: 9
microcode	: 0x12
cpu MHz		: 1204.218
cache size	: 4096 KB
physical id	: 0
siblings	: 4
core id		: 0
cpu cores	: 2
apicid		: 1
initial apicid	: 1
fpu		: yes
fpu_exception	: yes
cpuid level	: 13
wp		: yes
flags		: fpu vme de pse tsc msr pae mce cx8 apic sep mtrr pge mca cmov pat pse36 clflush dts acpi mmx fxsr sse sse2 ss ht tm pbe syscall nx rdtscp lm constant_tsc arch_perfmon pebs bts rep_good nopl xtopology nonstop_tsc aperfmperf eagerfpu pni pclmulqdq dtes64 monitor ds_cpl vmx est tm2 ssse3 cx16 xtpr pdcm pcid sse4_1 sse4_2 x2apic popcnt tsc_deadline_timer xsave avx f16c rdrand lahf_lm epb tpr_shadow vnmi flexpriority ept vpid fsgsbase smep erms xsaveopt dtherm ida arat pln pts
bugs		:
bogomips	: 4789.47
clflush size	: 64
cache_alignment	: 64
address sizes	: 36 bits physical, 48 bits virtual
power management:

processor	: 2
vendor_id	: GenuineIntel
cpu family	: 6
model		: 58
model name	: Intel(R) Core(TM) i7-3517U CPU @ 1.90GHz
stepping	: 9
microcode	: 0x12
cpu MHz		: 1181.625
cache size	: 4096 KB
physical id	: 0
siblings	: 4
core id		: 1
cpu cores	: 2
apicid		: 2
initial apicid	: 2
fpu		: yes
fpu_exception	: yes
cpuid level	: 13
wp		: yes
flags		: fpu vme de pse tsc msr pae mce cx8 apic sep mtrr pge mca cmov pat pse36 clflush dts acpi mmx fxsr sse sse2 ss ht tm pbe syscall nx rdtscp lm constant_tsc arch_perfmon pebs bts rep_good nopl xtopology nonstop_tsc aperfmperf eagerfpu pni pclmulqdq dtes64 monitor ds_cpl vmx est tm2 ssse3 cx16 xtpr pdcm pcid sse4_1 sse4_2 x2apic popcnt tsc_deadline_timer xsave avx f16c rdrand lahf_lm epb tpr_shadow vnmi flexpriority ept vpid fsgsbase smep erms xsaveopt dtherm ida arat pln pts
bugs		:
bogomips	: 4789.47
clflush size	: 64
cache_alignment	: 64
address sizes	: 36 bits physical, 48 bits virtual
power management:

processor	: 3
vendor_id	: GenuineIntel
cpu family	: 6
model		: 58
model name	: Intel(R) Core(TM) i7-3517U CPU @ 1.90GHz
stepping	: 9
microcode	: 0x12
cpu MHz		: 1232.625
cache size	: 4096 KB
physical id	: 0
siblings	: 4
core id		: 1
cpu cores	: 2
apicid		: 3
initial apicid	: 3
fpu		: yes
fpu_exception	: yes
cpuid level	: 13
wp		: yes
flags		: fpu vme de pse tsc msr pae mce cx8 apic sep mtrr pge mca cmov pat pse36 clflush dts acpi mmx fxsr sse sse2 ss ht tm pbe syscall nx rdtscp lm constant_tsc arch_perfmon pebs bts rep_good nopl xtopology nonstop_tsc aperfmperf eagerfpu pni pclmulqdq dtes64 monitor ds_cpl vmx est tm2 ssse3 cx16 xtpr pdcm pcid sse4_1 sse4_2 x2apic popcnt tsc_deadline_timer xsave avx f16c rdrand lahf_lm epb tpr_shadow vnmi flexpriority ept vpid fsgsbase smep erms xsaveopt dtherm ida arat pln pts
bugs		:
bogomips	: 4789.47
clflush size	: 64
cache_alignment	: 64
address sizes	: 36 bits physical, 48 bits virtual
power management:



Memory: 4k page, physical 3878592k(226480k free), swap 4025340k(3632328k free)

vm_info: Java HotSpot(TM) 64-Bit Server VM (25.111-b14) for linux-amd64 JRE (1.8.0_111-b14), built on Sep 22 2016 16:14:03 by "java_re" with gcc 4.3.0 20080428 (Red Hat 4.3.0-8)

time: Sat Jun 10 18:50:29 2017
elapsed time: 29 seconds (0d 0h 0m 29s)

