#
# A fatal error has been detected by the Java Runtime Environment:
#
#  SIGSEGV (0xb) at pc=0x00007f1e69501263, pid=16579, tid=0x00007f1e6bcfc700
#
# JRE version: Java(TM) SE Runtime Environment (8.0_111-b14) (build 1.8.0_111-b14)
# Java VM: Java HotSpot(TM) 64-Bit Server VM (25.111-b14 mixed mode linux-amd64 compressed oops)
# Problematic frame:
# C  [libsimgrid.so+0x190263]  xbt_dynar_member+0x23
#
# Failed to write core dump. Core dumps have been disabled. To enable core dumping, try "ulimit -c unlimited" before starting Java again
#
# If you would like to submit a bug report, please visit:
#   http://bugreport.java.com/bugreport/crash.jsp
#

---------------  T H R E A D  ---------------

Current thread (0x00007f1e84077800):  VMThread [stack: 0x00007f1e6bbfc000,0x00007f1e6bcfd000] [id=16588]

siginfo: si_signo: 11 (SIGSEGV), si_code: 1 (SEGV_MAPERR), si_addr: 0x0000000000000000

Registers:
RAX=0x0000000000000000, RBX=0x00007f1e6986d700, RCX=0x0000000000000000, RDX=0x00007f1e6bcfca30
RSP=0x00007f1e6bcfb590, RBP=0x00007f1e8416a8b0, RSI=0x00007f1e6bcfb738, RDI=0x00007f1e6bcfb650
R8 =0x00007f1e841618c0, R9 =0x00007f1e841618c0, R10=0x0000000000000c58, R11=0x00007f1e69501240
R12=0x00007f1e69878790, R13=0x00007f1e8414a8b0, R14=0x00000000000003d8, R15=0x00007f1e84026e68
RIP=0x00007f1e69501263, EFLAGS=0x0000000000010206, CSGSFS=0x0000000000000033, ERR=0x0000000000000004
  TRAPNO=0x000000000000000e

Top of Stack: (sp=0x00007f1e6bcfb590)
0x00007f1e6bcfb590:   0000000000000000 0000000000000000
0x00007f1e6bcfb5a0:   00007f1e84161930 00007f1e6bcfb738
0x00007f1e6bcfb5b0:   0000000000000000 0000000000000000
0x00007f1e6bcfb5c0:   0000000000000000 0000000000000000
0x00007f1e6bcfb5d0:   0000000000000000 0000000000000000
0x00007f1e6bcfb5e0:   0000000000000000 0000000000000000
0x00007f1e6bcfb5f0:   0000000000000000 0000000000000000
0x00007f1e6bcfb600:   0000ff00000000ff 00000000ff000000
0x00007f1e6bcfb610:   0000000000000000 0000000000000000
0x00007f1e6bcfb620:   000000004c0d91a2 0000000000000000
0x00007f1e6bcfb630:   0000000000000000 0000000000000000
0x00007f1e6bcfb640:   3efe791f3efe791f 0000000000000000
0x00007f1e6bcfb650:   0000000000000000 0000000000000000
0x00007f1e6bcfb660:   3ea1036da1e00000 0000000000000000
0x00007f1e6bcfb670:   0000000000000000 0000000000000000
0x00007f1e6bcfb680:   00007f1e69838400 00007f1e84171560
0x00007f1e6bcfb690:   00007f1e8414a8b0 00007f1e694f7a0a
0x00007f1e6bcfb6a0:   00007f1e8772dc20 00007f1e69838400
0x00007f1e6bcfb6b0:   00007f1e84171560 00007f1e69567286
0x00007f1e6bcfb6c0:   00007f1e841a8dd0 0000000000000000
0x00007f1e6bcfb6d0:   0000000000000000 00007f1e6bcfb738
0x00007f1e6bcfb6e0:   00007f1e84161930 00007f1e841618c0
0x00007f1e6bcfb6f0:   00007f1e841618c0 00007f1e69870a98
0x00007f1e6bcfb700:   00007f1e84163b20 0000000000000001
0x00007f1e6bcfb710:   00007f1e6986d700 00007f1e84148d90
0x00007f1e6bcfb720:   00007f1e6986d700 00007f1e6951e34f
0x00007f1e6bcfb730:   0000000000000000 00007f1e84171560
0x00007f1e6bcfb740:   3ea1036da1e00000 0000000000000000
0x00007f1e6bcfb750:   0000000000000000 00007f1e69870a98
0x00007f1e6bcfb760:   00007f1e84163b20 0000000000000001
0x00007f1e6bcfb770:   00007f1e8414a8b0 00007f1e694ffd37
0x00007f1e6bcfb780:   00007f1e8414a8b0 00007f1e69870098 

Instructions: (pc=0x00007f1e69501263)
0x00007f1e69501243:   ec 90 01 00 00 48 8b 05 01 a2 33 00 48 89 7c 24
0x00007f1e69501253:   10 48 89 74 24 18 ff 10 48 8d bc 24 c0 00 00 00
0x00007f1e69501263:   48 8b 08 48 89 04 24 48 89 38 48 89 4c 24 08 e8
0x00007f1e69501273:   79 31 ed ff 85 c0 74 75 48 8b 14 24 c7 42 08 01 

Register to memory mapping:

RAX=0x0000000000000000 is an unknown value
RBX=0x00007f1e6986d700: _simgrid_log_category__simix_process+0 in /tmp/simgrid-java1371721355418081542/libsimgrid.so at 0x00007f1e69371000
RCX=0x0000000000000000 is an unknown value
RDX=0x00007f1e6bcfca30 is an unknown value
RSP=0x00007f1e6bcfb590 is an unknown value
RBP=0x00007f1e8416a8b0 is an unknown value
RSI=0x00007f1e6bcfb738 is an unknown value
RDI=0x00007f1e6bcfb650 is an unknown value
R8 =0x00007f1e841618c0 is an unknown value
R9 =0x00007f1e841618c0 is an unknown value
R10=0x0000000000000c58 is an unknown value
R11=0x00007f1e69501240: xbt_dynar_member+0 in /tmp/simgrid-java1371721355418081542/libsimgrid.so at 0x00007f1e69371000
R12=0x00007f1e69878790: simix_global+0 in /tmp/simgrid-java1371721355418081542/libsimgrid.so at 0x00007f1e69371000
R13=0x00007f1e8414a8b0 is an unknown value
R14=0x00000000000003d8 is an unknown value
R15=0x00007f1e84026e68 is an unknown value


Stack: [0x00007f1e6bbfc000,0x00007f1e6bcfd000],  sp=0x00007f1e6bcfb590,  free space=1021k
Native frames: (J=compiled Java code, j=interpreted, Vv=VM code, C=native code)
C  [libsimgrid.so+0x190263]  xbt_dynar_member+0x23

VM_Operation (0x00007f1e683bd450): Exit, mode: safepoint, requested by thread 0x00007f1e50001000


---------------  P R O C E S S  ---------------

Java Threads: ( => current thread )
  0x00007f1dd8001000 JavaThread "Thread-0" [_thread_blocked, id=16628, stack(0x00007f1e681bd000,0x00007f1e682be000)]
  0x00007f1e50001000 JavaThread "SIGTERM handler" daemon [_thread_blocked, id=16627, stack(0x00007f1e682be000,0x00007f1e683bf000)]
  0x00007f1dd4001000 JavaThread "Thread-16" [_thread_in_native, id=16612, stack(0x00007f1e177ff000,0x00007f1e18000000)]
  0x00007f1ddc001000 JavaThread "Thread-14" [_thread_in_native, id=16611, stack(0x00007f1e2c7f9000,0x00007f1e2cffa000)]
  0x00007f1de8001000 JavaThread "Thread-11" [_thread_in_native, id=16610, stack(0x00007f1e2cffa000,0x00007f1e2d7fb000)]
  0x00007f1e10001000 JavaThread "Thread-13" [_thread_in_native, id=16601, stack(0x00007f1e39ffc000,0x00007f1e3a7fd000)]
  0x00007f1e04001000 JavaThread "Thread-8" [_thread_in_native, id=16609, stack(0x00007f1e2d7fb000,0x00007f1e2dffc000)]
  0x00007f1dec001000 JavaThread "Thread-7" [_thread_in_native, id=16606, stack(0x00007f1e2effe000,0x00007f1e2f7ff000)]
  0x00007f1e0c001000 JavaThread "Thread-9" [_thread_in_native, id=16602, stack(0x00007f1e397fb000,0x00007f1e39ffc000)]
  0x00007f1de4001000 JavaThread "Thread-12" [_thread_in_native, id=16608, stack(0x00007f1e2dffc000,0x00007f1e2e7fd000)]
  0x00007f1df4001000 JavaThread "Thread-6" [_thread_in_native, id=16605, stack(0x00007f1e2f7ff000,0x00007f1e30000000)]
  0x00007f1dfc001000 JavaThread "Thread-15" [_thread_in_native, id=16604, stack(0x00007f1e387f9000,0x00007f1e38ffa000)]
  0x00007f1e1c001000 JavaThread "Thread-10" [_thread_blocked, id=16607, stack(0x00007f1e2e7fd000,0x00007f1e2effe000)]
  0x00007f1e24001000 JavaThread "Thread-4" [_thread_in_native, id=16600, stack(0x00007f1e3a7fd000,0x00007f1e3affe000)]
  0x00007f1e18001000 JavaThread "Thread-5" [_thread_in_native, id=16603, stack(0x00007f1e38ffa000,0x00007f1e397fb000)]
  0x00007f1e20001000 JavaThread "Thread-3" [_thread_in_native, id=16599, stack(0x00007f1e3affe000,0x00007f1e3b7ff000)]
  0x00007f1e28001000 JavaThread "Thread-1" [_thread_in_native, id=16598, stack(0x00007f1e3b7ff000,0x00007f1e3c000000)]
  0x00007f1e30001000 JavaThread "Thread-2" [_thread_in_native, id=16597, stack(0x00007f1e683bf000,0x00007f1e68bc0000)]
  0x00007f1e840c0000 JavaThread "Service Thread" daemon [_thread_blocked, id=16595, stack(0x00007f1e6a0a3000,0x00007f1e6a1a4000)]
  0x00007f1e840bd000 JavaThread "C1 CompilerThread2" daemon [_thread_blocked, id=16594, stack(0x00007f1e6a1a4000,0x00007f1e6a2a5000)]
  0x00007f1e840bb000 JavaThread "C2 CompilerThread1" daemon [_thread_blocked, id=16593, stack(0x00007f1e6a2a5000,0x00007f1e6a3a6000)]
  0x00007f1e840b8800 JavaThread "C2 CompilerThread0" daemon [_thread_blocked, id=16592, stack(0x00007f1e6a3a6000,0x00007f1e6a4a7000)]
  0x00007f1e84084000 JavaThread "Finalizer" daemon [_thread_blocked, id=16590, stack(0x00007f1e6b9fa000,0x00007f1e6bafb000)]
  0x00007f1e8407f000 JavaThread "Reference Handler" daemon [_thread_blocked, id=16589, stack(0x00007f1e6bafb000,0x00007f1e6bbfc000)]
  0x00007f1e8400a000 JavaThread "main" [_thread_in_native, id=16583, stack(0x00007f1e8a0ac000,0x00007f1e8a1ad000)]

Other Threads:
=>0x00007f1e84077800 VMThread [stack: 0x00007f1e6bbfc000,0x00007f1e6bcfd000] [id=16588]

VM state:at safepoint (shutting down)

VM Mutex/Monitor currently owned by a thread:  ([mutex/lock_event])
[0x00007f1e840060d0] Threads_lock - owner thread: 0x00007f1e84077800

Heap:
 PSYoungGen      total 61952K, used 18748K [0x00000000ec400000, 0x00000000f2600000, 0x0000000100000000)
  eden space 59392K, 31% used [0x00000000ec400000,0x00000000ed64f038,0x00000000efe00000)
  from space 2560K, 0% used [0x00000000f0000000,0x00000000f0000000,0x00000000f0280000)
  to   space 20480K, 0% used [0x00000000f1200000,0x00000000f1200000,0x00000000f2600000)
 ParOldGen       total 77824K, used 36241K [0x00000000c4c00000, 0x00000000c9800000, 0x00000000ec400000)
  object space 77824K, 46% used [0x00000000c4c00000,0x00000000c6f64688,0x00000000c9800000)
 Metaspace       used 3751K, capacity 4704K, committed 4864K, reserved 1056768K
  class space    used 417K, capacity 464K, committed 512K, reserved 1048576K

Card table byte_map: [0x00007f1e73bd0000,0x00007f1e73dab000] byte_map_base: 0x00007f1e735aa000

Marking Bits: (ParMarkBitMap*) 0x00007f1e8957c220
 Begin Bits: [0x00007f1e718f0000, 0x00007f1e727c0000)
 End Bits:   [0x00007f1e727c0000, 0x00007f1e73690000)

Polling page: 0x00007f1e8a1cb000

CodeCache: size=245760Kb used=2095Kb max_used=2116Kb free=243664Kb
 bounds [0x00007f1e7416b000, 0x00007f1e743db000, 0x00007f1e8316b000]
 total_blobs=478 nmethods=215 adapters=177
 compilation: enabled

Compilation events (10 events):
Event: 42.850 Thread 0x00007f1e840b8800 nmethod 208 0x00007f1e743333d0 code [0x00007f1e74333540, 0x00007f1e74333a28]
Event: 42.850 Thread 0x00007f1e840b8800  209       4       java.lang.ref.ReferenceQueue::reallyPoll (66 bytes)
Event: 42.851 Thread 0x00007f1e840b8800 nmethod 209 0x00007f1e7430ab90 code [0x00007f1e7430ace0, 0x00007f1e7430ae18]
Event: 42.851 Thread 0x00007f1e840b8800  210       4       java.lang.ref.ReferenceQueue::remove (6 bytes)
Event: 42.853 Thread 0x00007f1e840bb000 nmethod 213 0x00007f1e74332810 code [0x00007f1e743329c0, 0x00007f1e74332ff8]
Event: 42.853 Thread 0x00007f1e840bb000  214   !   4       java.lang.ref.Finalizer::remove (94 bytes)
Event: 42.855 Thread 0x00007f1e840bb000 nmethod 214 0x00007f1e74336e10 code [0x00007f1e74336f80, 0x00007f1e74337258]
Event: 42.855 Thread 0x00007f1e840bb000  215   !   4       org.simgrid.msg.Task::finalize (18 bytes)
Event: 42.856 Thread 0x00007f1e840bb000 nmethod 215 0x00007f1e7432d990 code [0x00007f1e7432dae0, 0x00007f1e7432db78]
Event: 42.858 Thread 0x00007f1e840b8800 nmethod 210 0x00007f1e74336390 code [0x00007f1e74336520, 0x00007f1e74336ad0]

GC Heap History (10 events):
Event: 1.406 GC heap before
{Heap before GC invocations=2 (full 0):
 PSYoungGen      total 17920K, used 17904K [0x00000000ec400000, 0x00000000ee700000, 0x0000000100000000)
  eden space 15360K, 100% used [0x00000000ec400000,0x00000000ed300000,0x00000000ed300000)
  from space 2560K, 99% used [0x00000000ed300000,0x00000000ed57c010,0x00000000ed580000)
  to   space 2560K, 0% used [0x00000000ee480000,0x00000000ee480000,0x00000000ee700000)
 ParOldGen       total 40960K, used 312K [0x00000000c4c00000, 0x00000000c7400000, 0x00000000ec400000)
  object space 40960K, 0% used [0x00000000c4c00000,0x00000000c4c4e020,0x00000000c7400000)
 Metaspace       used 3726K, capacity 4704K, committed 4864K, reserved 1056768K
  class space    used 414K, capacity 464K, committed 512K, reserved 1048576K
Event: 1.421 GC heap after
Heap after GC invocations=2 (full 0):
 PSYoungGen      total 33280K, used 2544K [0x00000000ec400000, 0x00000000ee700000, 0x0000000100000000)
  eden space 30720K, 0% used [0x00000000ec400000,0x00000000ec400000,0x00000000ee200000)
  from space 2560K, 99% used [0x00000000ee480000,0x00000000ee6fc010,0x00000000ee700000)
  to   space 2560K, 0% used [0x00000000ee200000,0x00000000ee200000,0x00000000ee480000)
 ParOldGen       total 40960K, used 3264K [0x00000000c4c00000, 0x00000000c7400000, 0x00000000ec400000)
  object space 40960K, 7% used [0x00000000c4c00000,0x00000000c4f30020,0x00000000c7400000)
 Metaspace       used 3726K, capacity 4704K, committed 4864K, reserved 1056768K
  class space    used 414K, capacity 464K, committed 512K, reserved 1048576K
}
Event: 4.025 GC heap before
{Heap before GC invocations=3 (full 0):
 PSYoungGen      total 33280K, used 33264K [0x00000000ec400000, 0x00000000ee700000, 0x0000000100000000)
  eden space 30720K, 100% used [0x00000000ec400000,0x00000000ee200000,0x00000000ee200000)
  from space 2560K, 99% used [0x00000000ee480000,0x00000000ee6fc010,0x00000000ee700000)
  to   space 2560K, 0% used [0x00000000ee200000,0x00000000ee200000,0x00000000ee480000)
 ParOldGen       total 40960K, used 3264K [0x00000000c4c00000, 0x00000000c7400000, 0x00000000ec400000)
  object space 40960K, 7% used [0x00000000c4c00000,0x00000000c4f30020,0x00000000c7400000)
 Metaspace       used 3736K, capacity 4704K, committed 4864K, reserved 1056768K
  class space    used 414K, capacity 464K, committed 512K, reserved 1048576K
Event: 4.057 GC heap after
Heap after GC invocations=3 (full 0):
 PSYoungGen      total 33280K, used 2528K [0x00000000ec400000, 0x00000000f0500000, 0x0000000100000000)
  eden space 30720K, 0% used [0x00000000ec400000,0x00000000ec400000,0x00000000ee200000)
  from space 2560K, 98% used [0x00000000ee200000,0x00000000ee478020,0x00000000ee480000)
  to   space 2560K, 0% used [0x00000000f0280000,0x00000000f0280000,0x00000000f0500000)
 ParOldGen       total 40960K, used 10056K [0x00000000c4c00000, 0x00000000c7400000, 0x00000000ec400000)
  object space 40960K, 24% used [0x00000000c4c00000,0x00000000c55d2020,0x00000000c7400000)
 Metaspace       used 3736K, capacity 4704K, committed 4864K, reserved 1056768K
  class space    used 414K, capacity 464K, committed 512K, reserved 1048576K
}
Event: 11.952 GC heap before
{Heap before GC invocations=4 (full 0):
 PSYoungGen      total 33280K, used 33248K [0x00000000ec400000, 0x00000000f0500000, 0x0000000100000000)
  eden space 30720K, 100% used [0x00000000ec400000,0x00000000ee200000,0x00000000ee200000)
  from space 2560K, 98% used [0x00000000ee200000,0x00000000ee478020,0x00000000ee480000)
  to   space 2560K, 0% used [0x00000000f0280000,0x00000000f0280000,0x00000000f0500000)
 ParOldGen       total 40960K, used 10056K [0x00000000c4c00000, 0x00000000c7400000, 0x00000000ec400000)
  object space 40960K, 24% used [0x00000000c4c00000,0x00000000c55d2020,0x00000000c7400000)
 Metaspace       used 3736K, capacity 4704K, committed 4864K, reserved 1056768K
  class space    used 414K, capacity 464K, committed 512K, reserved 1048576K
Event: 11.980 GC heap after
Heap after GC invocations=4 (full 0):
 PSYoungGen      total 64000K, used 2560K [0x00000000ec400000, 0x00000000f0500000, 0x0000000100000000)
  eden space 61440K, 0% used [0x00000000ec400000,0x00000000ec400000,0x00000000f0000000)
  from space 2560K, 100% used [0x00000000f0280000,0x00000000f0500000,0x00000000f0500000)
  to   space 2560K, 0% used [0x00000000f0000000,0x00000000f0000000,0x00000000f0280000)
 ParOldGen       total 40960K, used 17296K [0x00000000c4c00000, 0x00000000c7400000, 0x00000000ec400000)
  object space 40960K, 42% used [0x00000000c4c00000,0x00000000c5ce4020,0x00000000c7400000)
 Metaspace       used 3736K, capacity 4704K, committed 4864K, reserved 1056768K
  class space    used 414K, capacity 464K, committed 512K, reserved 1048576K
}
Event: 42.241 GC heap before
{Heap before GC invocations=5 (full 0):
 PSYoungGen      total 64000K, used 64000K [0x00000000ec400000, 0x00000000f0500000, 0x0000000100000000)
  eden space 61440K, 100% used [0x00000000ec400000,0x00000000f0000000,0x00000000f0000000)
  from space 2560K, 100% used [0x00000000f0280000,0x00000000f0500000,0x00000000f0500000)
  to   space 2560K, 0% used [0x00000000f0000000,0x00000000f0000000,0x00000000f0280000)
 ParOldGen       total 40960K, used 17296K [0x00000000c4c00000, 0x00000000c7400000, 0x00000000ec400000)
  object space 40960K, 42% used [0x00000000c4c00000,0x00000000c5ce4020,0x00000000c7400000)
 Metaspace       used 3736K, capacity 4704K, committed 4864K, reserved 1056768K
  class space    used 414K, capacity 464K, committed 512K, reserved 1048576K
Event: 42.319 GC heap after
Heap after GC invocations=5 (full 0):
 PSYoungGen      total 61952K, used 2528K [0x00000000ec400000, 0x00000000f2600000, 0x0000000100000000)
  eden space 59392K, 0% used [0x00000000ec400000,0x00000000ec400000,0x00000000efe00000)
  from space 2560K, 98% used [0x00000000f0000000,0x00000000f0278020,0x00000000f0280000)
  to   space 20480K, 0% used [0x00000000f1200000,0x00000000f1200000,0x00000000f2600000)
 ParOldGen       total 40960K, used 34200K [0x00000000c4c00000, 0x00000000c7400000, 0x00000000ec400000)
  object space 40960K, 83% used [0x00000000c4c00000,0x00000000c6d66020,0x00000000c7400000)
 Metaspace       used 3736K, capacity 4704K, committed 4864K, reserved 1056768K
  class space    used 414K, capacity 464K, committed 512K, reserved 1048576K
}
Event: 42.319 GC heap before
{Heap before GC invocations=6 (full 1):
 PSYoungGen      total 61952K, used 2528K [0x00000000ec400000, 0x00000000f2600000, 0x0000000100000000)
  eden space 59392K, 0% used [0x00000000ec400000,0x00000000ec400000,0x00000000efe00000)
  from space 2560K, 98% used [0x00000000f0000000,0x00000000f0278020,0x00000000f0280000)
  to   space 20480K, 0% used [0x00000000f1200000,0x00000000f1200000,0x00000000f2600000)
 ParOldGen       total 40960K, used 34200K [0x00000000c4c00000, 0x00000000c7400000, 0x00000000ec400000)
  object space 40960K, 83% used [0x00000000c4c00000,0x00000000c6d66020,0x00000000c7400000)
 Metaspace       used 3736K, capacity 4704K, committed 4864K, reserved 1056768K
  class space    used 414K, capacity 464K, committed 512K, reserved 1048576K
Event: 42.817 GC heap after
Heap after GC invocations=6 (full 1):
 PSYoungGen      total 61952K, used 0K [0x00000000ec400000, 0x00000000f2600000, 0x0000000100000000)
  eden space 59392K, 0% used [0x00000000ec400000,0x00000000ec400000,0x00000000efe00000)
  from space 2560K, 0% used [0x00000000f0000000,0x00000000f0000000,0x00000000f0280000)
  to   space 20480K, 0% used [0x00000000f1200000,0x00000000f1200000,0x00000000f2600000)
 ParOldGen       total 77824K, used 36241K [0x00000000c4c00000, 0x00000000c9800000, 0x00000000ec400000)
  object space 77824K, 46% used [0x00000000c4c00000,0x00000000c6f64688,0x00000000c9800000)
 Metaspace       used 3736K, capacity 4704K, committed 4864K, reserved 1056768K
  class space    used 414K, capacity 464K, committed 512K, reserved 1048576K
}

Deoptimization events (9 events):
Event: 0.960 Thread 0x00007f1e30001000 Uncommon trap: reason=predicate action=maybe_recompile pc=0x00007f1e74306720 method=java.util.AbstractCollection.toArray([Ljava/lang/Object;)[Ljava/lang/Object; @ 49
Event: 1.022 Thread 0x00007f1e20001000 Uncommon trap: reason=array_check action=maybe_recompile pc=0x00007f1e742cbd28 method=java.util.AbstractCollection.toArray([Ljava/lang/Object;)[Ljava/lang/Object; @ 119
Event: 1.023 Thread 0x00007f1e10001000 Uncommon trap: reason=array_check action=maybe_recompile pc=0x00007f1e742cbd28 method=java.util.AbstractCollection.toArray([Ljava/lang/Object;)[Ljava/lang/Object; @ 119
Event: 1.023 Thread 0x00007f1e0c001000 Uncommon trap: reason=array_check action=maybe_recompile pc=0x00007f1e742cbd28 method=java.util.AbstractCollection.toArray([Ljava/lang/Object;)[Ljava/lang/Object; @ 119
Event: 1.023 Thread 0x00007f1e1c001000 Uncommon trap: reason=array_check action=maybe_recompile pc=0x00007f1e742cbd28 method=java.util.AbstractCollection.toArray([Ljava/lang/Object;)[Ljava/lang/Object; @ 119
Event: 3.843 Thread 0x00007f1df4001000 Uncommon trap: reason=unstable_if action=reinterpret pc=0x00007f1e7433bc6c method=vcube.Node.main([Ljava/lang/String;)V @ 380
Event: 4.270 Thread 0x00007f1e1c001000 Uncommon trap: reason=unstable_if action=reinterpret pc=0x00007f1e7433bc6c method=vcube.Node.main([Ljava/lang/String;)V @ 380
Event: 4.321 Thread 0x00007f1e04001000 Uncommon trap: reason=unstable_if action=reinterpret pc=0x00007f1e7433bc6c method=vcube.Node.main([Ljava/lang/String;)V @ 380
Event: 4.376 Thread 0x00007f1ddc001000 Uncommon trap: reason=unstable_if action=reinterpret pc=0x00007f1e7433bc6c method=vcube.Node.main([Ljava/lang/String;)V @ 380

Internal exceptions (10 events):
Event: 1.658 Thread 0x00007f1dd4001000 Exception <a 'java/lang/ArrayIndexOutOfBoundsException'> (0x00000000ec85f8b0) thrown at [/HUDSON3/workspace/8-2-build-linux-amd64/jdk8u111/7883/hotspot/src/share/vm/runtime/sharedRuntime.cpp, line 605]
Event: 1.658 Thread 0x00007f1e10001000 Exception <a 'java/lang/ArrayIndexOutOfBoundsException'> (0x00000000eca812e8) thrown at [/HUDSON3/workspace/8-2-build-linux-amd64/jdk8u111/7883/hotspot/src/share/vm/runtime/sharedRuntime.cpp, line 605]
Event: 1.658 Thread 0x00007f1de8001000 Exception <a 'java/lang/ArrayIndexOutOfBoundsException'> (0x00000000ec903e78) thrown at [/HUDSON3/workspace/8-2-build-linux-amd64/jdk8u111/7883/hotspot/src/share/vm/runtime/sharedRuntime.cpp, line 605]
Event: 1.658 Thread 0x00007f1e04001000 Exception <a 'java/lang/ArrayIndexOutOfBoundsException'> (0x00000000ec8cd1e0) thrown at [/HUDSON3/workspace/8-2-build-linux-amd64/jdk8u111/7883/hotspot/src/share/vm/runtime/sharedRuntime.cpp, line 605]
Event: 1.658 Thread 0x00007f1de4001000 Exception <a 'java/lang/ArrayIndexOutOfBoundsException'> (0x00000000ec896568) thrown at [/HUDSON3/workspace/8-2-build-linux-amd64/jdk8u111/7883/hotspot/src/share/vm/runtime/sharedRuntime.cpp, line 605]
Event: 1.658 Thread 0x00007f1e1c001000 Exception <a 'java/lang/ArrayIndexOutOfBoundsException'> (0x00000000ec93ab30) thrown at [/HUDSON3/workspace/8-2-build-linux-amd64/jdk8u111/7883/hotspot/src/share/vm/runtime/sharedRuntime.cpp, line 605]
Event: 1.658 Thread 0x00007f1e0c001000 Exception <a 'java/lang/ArrayIndexOutOfBoundsException'> (0x00000000ec970b48) thrown at [/HUDSON3/workspace/8-2-build-linux-amd64/jdk8u111/7883/hotspot/src/share/vm/runtime/sharedRuntime.cpp, line 605]
Event: 1.658 Thread 0x00007f1e28001000 Exception <a 'java/lang/ArrayIndexOutOfBoundsException'> (0x00000000ecab7b60) thrown at [/HUDSON3/workspace/8-2-build-linux-amd64/jdk8u111/7883/hotspot/src/share/vm/runtime/sharedRuntime.cpp, line 605]
Event: 1.658 Thread 0x00007f1e24001000 Exception <a 'java/lang/ArrayIndexOutOfBoundsException'> (0x00000000eca4a4b8) thrown at [/HUDSON3/workspace/8-2-build-linux-amd64/jdk8u111/7883/hotspot/src/share/vm/runtime/sharedRuntime.cpp, line 605]
Event: 1.658 Thread 0x00007f1e18001000 Exception <a 'java/lang/ArrayIndexOutOfBoundsException'> (0x00000000ec9dd3b0) thrown at [/HUDSON3/workspace/8-2-build-linux-amd64/jdk8u111/7883/hotspot/src/share/vm/runtime/sharedRuntime.cpp, line 605]

Events (10 events):
Event: 61.226 Thread 0x00007f1e50001000 Thread added: 0x00007f1e50001000
Event: 61.226 loading class java/util/IdentityHashMap$KeySet
Event: 61.227 loading class java/util/IdentityHashMap$KeySet done
Event: 61.227 loading class java/util/IdentityHashMap$KeyIterator
Event: 61.227 loading class java/util/IdentityHashMap$IdentityHashMapIterator
Event: 61.227 loading class java/util/IdentityHashMap$IdentityHashMapIterator done
Event: 61.227 loading class java/util/IdentityHashMap$KeyIterator done
Event: 61.227 Thread 0x00007f1dd8001000 Thread added: 0x00007f1dd8001000
Event: 61.228 Executing VM operation: Exit
Event: 61.228 Thread 0x00007f1e840b7000 Thread exited: 0x00007f1e840b7000


Dynamic libraries:
00400000-00401000 r-xp 00000000 08:01 8784123                            /home/elixandrebaldi/jdk1.8.0_111/bin/java
00600000-00601000 rw-p 00000000 08:01 8784123                            /home/elixandrebaldi/jdk1.8.0_111/bin/java
0210e000-0212f000 rw-p 00000000 00:00 0                                  [heap]
c4c00000-c9800000 rw-p 00000000 00:00 0 
c9800000-ec400000 ---p 00000000 00:00 0 
ec400000-f2600000 rw-p 00000000 00:00 0 
f2600000-100000000 ---p 00000000 00:00 0 
100000000-100080000 rw-p 00000000 00:00 0 
100080000-140000000 ---p 00000000 00:00 0 
7f1dd4000000-7f1dd4f4e000 rw-p 00000000 00:00 0 
7f1dd4f4e000-7f1dd8000000 ---p 00000000 00:00 0 
7f1dd8000000-7f1dd8021000 rw-p 00000000 00:00 0 
7f1dd8021000-7f1ddc000000 ---p 00000000 00:00 0 
7f1ddc000000-7f1ddcf4e000 rw-p 00000000 00:00 0 
7f1ddcf4e000-7f1de0000000 ---p 00000000 00:00 0 
7f1de4000000-7f1de4f52000 rw-p 00000000 00:00 0 
7f1de4f52000-7f1de8000000 ---p 00000000 00:00 0 
7f1de8000000-7f1de8f64000 rw-p 00000000 00:00 0 
7f1de8f64000-7f1dec000000 ---p 00000000 00:00 0 
7f1dec000000-7f1decf5d000 rw-p 00000000 00:00 0 
7f1decf5d000-7f1df0000000 ---p 00000000 00:00 0 
7f1df4000000-7f1df4f52000 rw-p 00000000 00:00 0 
7f1df4f52000-7f1df8000000 ---p 00000000 00:00 0 
7f1dfc000000-7f1dfcf4a000 rw-p 00000000 00:00 0 
7f1dfcf4a000-7f1e00000000 ---p 00000000 00:00 0 
7f1e04000000-7f1e04f59000 rw-p 00000000 00:00 0 
7f1e04f59000-7f1e08000000 ---p 00000000 00:00 0 
7f1e0c000000-7f1e0cf5a000 rw-p 00000000 00:00 0 
7f1e0cf5a000-7f1e10000000 ---p 00000000 00:00 0 
7f1e10000000-7f1e10f5b000 rw-p 00000000 00:00 0 
7f1e10f5b000-7f1e14000000 ---p 00000000 00:00 0 
7f1e177ff000-7f1e17802000 ---p 00000000 00:00 0 
7f1e17802000-7f1e18000000 rw-p 00000000 00:00 0 
7f1e18000000-7f1e18f51000 rw-p 00000000 00:00 0 
7f1e18f51000-7f1e1c000000 ---p 00000000 00:00 0 
7f1e1c000000-7f1e1cf57000 rw-p 00000000 00:00 0 
7f1e1cf57000-7f1e20000000 ---p 00000000 00:00 0 
7f1e20000000-7f1e20f5c000 rw-p 00000000 00:00 0 
7f1e20f5c000-7f1e24000000 ---p 00000000 00:00 0 
7f1e24000000-7f1e24f46000 rw-p 00000000 00:00 0 
7f1e24f46000-7f1e28000000 ---p 00000000 00:00 0 
7f1e28000000-7f1e28f5b000 rw-p 00000000 00:00 0 
7f1e28f5b000-7f1e2c000000 ---p 00000000 00:00 0 
7f1e2c7f9000-7f1e2c7fc000 ---p 00000000 00:00 0 
7f1e2c7fc000-7f1e2cffa000 rw-p 00000000 00:00 0 
7f1e2cffa000-7f1e2cffd000 ---p 00000000 00:00 0 
7f1e2cffd000-7f1e2d7fb000 rw-p 00000000 00:00 0 
7f1e2d7fb000-7f1e2d7fe000 ---p 00000000 00:00 0 
7f1e2d7fe000-7f1e2dffc000 rw-p 00000000 00:00 0 
7f1e2dffc000-7f1e2dfff000 ---p 00000000 00:00 0 
7f1e2dfff000-7f1e2e7fd000 rw-p 00000000 00:00 0 
7f1e2e7fd000-7f1e2e800000 ---p 00000000 00:00 0 
7f1e2e800000-7f1e2effe000 rw-p 00000000 00:00 0 
7f1e2effe000-7f1e2f001000 ---p 00000000 00:00 0 
7f1e2f001000-7f1e2f7ff000 rw-p 00000000 00:00 0 
7f1e2f7ff000-7f1e2f802000 ---p 00000000 00:00 0 
7f1e2f802000-7f1e30000000 rw-p 00000000 00:00 0 
7f1e30000000-7f1e30f5c000 rw-p 00000000 00:00 0 
7f1e30f5c000-7f1e34000000 ---p 00000000 00:00 0 
7f1e34000000-7f1e34021000 rw-p 00000000 00:00 0 
7f1e34021000-7f1e38000000 ---p 00000000 00:00 0 
7f1e387f9000-7f1e387fc000 ---p 00000000 00:00 0 
7f1e387fc000-7f1e38ffa000 rw-p 00000000 00:00 0 
7f1e38ffa000-7f1e38ffd000 ---p 00000000 00:00 0 
7f1e38ffd000-7f1e397fb000 rw-p 00000000 00:00 0 
7f1e397fb000-7f1e397fe000 ---p 00000000 00:00 0 
7f1e397fe000-7f1e39ffc000 rw-p 00000000 00:00 0 
7f1e39ffc000-7f1e39fff000 ---p 00000000 00:00 0 
7f1e39fff000-7f1e3a7fd000 rw-p 00000000 00:00 0 
7f1e3a7fd000-7f1e3a800000 ---p 00000000 00:00 0 
7f1e3a800000-7f1e3affe000 rw-p 00000000 00:00 0 
7f1e3affe000-7f1e3b001000 ---p 00000000 00:00 0 
7f1e3b001000-7f1e3b7ff000 rw-p 00000000 00:00 0 
7f1e3b7ff000-7f1e3b802000 ---p 00000000 00:00 0 
7f1e3b802000-7f1e3c000000 rw-p 00000000 00:00 0 
7f1e3c000000-7f1e3c42c000 rw-p 00000000 00:00 0 
7f1e3c42c000-7f1e40000000 ---p 00000000 00:00 0 
7f1e40000000-7f1e40021000 rw-p 00000000 00:00 0 
7f1e40021000-7f1e44000000 ---p 00000000 00:00 0 
7f1e44000000-7f1e45b99000 rw-p 00000000 00:00 0 
7f1e45b99000-7f1e48000000 ---p 00000000 00:00 0 
7f1e48000000-7f1e49525000 rw-p 00000000 00:00 0 
7f1e49525000-7f1e4c000000 ---p 00000000 00:00 0 
7f1e4c000000-7f1e4c021000 rw-p 00000000 00:00 0 
7f1e4c021000-7f1e50000000 ---p 00000000 00:00 0 
7f1e50000000-7f1e50021000 rw-p 00000000 00:00 0 
7f1e50021000-7f1e54000000 ---p 00000000 00:00 0 
7f1e54000000-7f1e54021000 rw-p 00000000 00:00 0 
7f1e54021000-7f1e58000000 ---p 00000000 00:00 0 
7f1e58000000-7f1e58021000 rw-p 00000000 00:00 0 
7f1e58021000-7f1e5c000000 ---p 00000000 00:00 0 
7f1e5c000000-7f1e5c021000 rw-p 00000000 00:00 0 
7f1e5c021000-7f1e60000000 ---p 00000000 00:00 0 
7f1e60000000-7f1e60021000 rw-p 00000000 00:00 0 
7f1e60021000-7f1e64000000 ---p 00000000 00:00 0 
7f1e64000000-7f1e64021000 rw-p 00000000 00:00 0 
7f1e64021000-7f1e68000000 ---p 00000000 00:00 0 
7f1e681bd000-7f1e681c0000 ---p 00000000 00:00 0 
7f1e681c0000-7f1e682be000 rw-p 00000000 00:00 0 
7f1e682be000-7f1e682c1000 ---p 00000000 00:00 0 
7f1e682c1000-7f1e683bf000 rw-p 00000000 00:00 0 
7f1e683bf000-7f1e683c2000 ---p 00000000 00:00 0 
7f1e683c2000-7f1e68bc0000 rw-p 00000000 00:00 0 
7f1e68bc0000-7f1e68bd8000 r-xp 00000000 08:01 2360325                    /tmp/simgrid-java1371721355418081542/libsimgrid-java.so (deleted)
7f1e68bd8000-7f1e68dd8000 ---p 00018000 08:01 2360325                    /tmp/simgrid-java1371721355418081542/libsimgrid-java.so (deleted)
7f1e68dd8000-7f1e68dd9000 rw-p 00018000 08:01 2360325                    /tmp/simgrid-java1371721355418081542/libsimgrid-java.so (deleted)
7f1e68dd9000-7f1e68def000 r-xp 00000000 08:01 3936627                    /lib/x86_64-linux-gnu/libgcc_s.so.1
7f1e68def000-7f1e68fee000 ---p 00016000 08:01 3936627                    /lib/x86_64-linux-gnu/libgcc_s.so.1
7f1e68fee000-7f1e68fef000 rw-p 00015000 08:01 3936627                    /lib/x86_64-linux-gnu/libgcc_s.so.1
7f1e68fef000-7f1e69161000 r-xp 00000000 08:01 23332798                   /usr/lib/x86_64-linux-gnu/libstdc++.so.6.0.21
7f1e69161000-7f1e69361000 ---p 00172000 08:01 23332798                   /usr/lib/x86_64-linux-gnu/libstdc++.so.6.0.21
7f1e69361000-7f1e6936b000 r--p 00172000 08:01 23332798                   /usr/lib/x86_64-linux-gnu/libstdc++.so.6.0.21
7f1e6936b000-7f1e6936d000 rw-p 0017c000 08:01 23332798                   /usr/lib/x86_64-linux-gnu/libstdc++.so.6.0.21
7f1e6936d000-7f1e69371000 rw-p 00000000 00:00 0 
7f1e69371000-7f1e69636000 r-xp 00000000 08:01 2360324                    /tmp/simgrid-java1371721355418081542/libsimgrid.so (deleted)
7f1e69636000-7f1e69836000 ---p 002c5000 08:01 2360324                    /tmp/simgrid-java1371721355418081542/libsimgrid.so (deleted)
7f1e69836000-7f1e69871000 rw-p 002c5000 08:01 2360324                    /tmp/simgrid-java1371721355418081542/libsimgrid.so (deleted)
7f1e69871000-7f1e69b7a000 rw-p 00000000 00:00 0 
7f1e69b7a000-7f1e69b90000 r-xp 00000000 08:01 8783936                    /home/elixandrebaldi/jdk1.8.0_111/jre/lib/amd64/libnet.so
7f1e69b90000-7f1e69d90000 ---p 00016000 08:01 8783936                    /home/elixandrebaldi/jdk1.8.0_111/jre/lib/amd64/libnet.so
7f1e69d90000-7f1e69d91000 rw-p 00016000 08:01 8783936                    /home/elixandrebaldi/jdk1.8.0_111/jre/lib/amd64/libnet.so
7f1e69d91000-7f1e69da2000 r-xp 00000000 08:01 8783935                    /home/elixandrebaldi/jdk1.8.0_111/jre/lib/amd64/libnio.so
7f1e69da2000-7f1e69fa1000 ---p 00011000 08:01 8783935                    /home/elixandrebaldi/jdk1.8.0_111/jre/lib/amd64/libnio.so
7f1e69fa1000-7f1e69fa2000 rw-p 00010000 08:01 8783935                    /home/elixandrebaldi/jdk1.8.0_111/jre/lib/amd64/libnio.so
7f1e69fa2000-7f1e69fa3000 ---p 00000000 00:00 0 
7f1e69fa3000-7f1e6a0a3000 rw-p 00000000 00:00 0 
7f1e6a0a3000-7f1e6a0a6000 ---p 00000000 00:00 0 
7f1e6a0a6000-7f1e6a1a4000 rw-p 00000000 00:00 0 
7f1e6a1a4000-7f1e6a1a7000 ---p 00000000 00:00 0 
7f1e6a1a7000-7f1e6a2a5000 rw-p 00000000 00:00 0 
7f1e6a2a5000-7f1e6a2a8000 ---p 00000000 00:00 0 
7f1e6a2a8000-7f1e6a3a6000 rw-p 00000000 00:00 0 
7f1e6a3a6000-7f1e6a3a9000 ---p 00000000 00:00 0 
7f1e6a3a9000-7f1e6a4a7000 rw-p 00000000 00:00 0 
7f1e6a4a7000-7f1e6a4aa000 ---p 00000000 00:00 0 
7f1e6a4aa000-7f1e6a5a8000 rw-p 00000000 00:00 0 
7f1e6a5a8000-7f1e6b9fa000 r--p 00000000 08:01 23331759                   /usr/lib/locale/locale-archive
7f1e6b9fa000-7f1e6b9fd000 ---p 00000000 00:00 0 
7f1e6b9fd000-7f1e6bafb000 rw-p 00000000 00:00 0 
7f1e6bafb000-7f1e6bafe000 ---p 00000000 00:00 0 
7f1e6bafe000-7f1e6bbfc000 rw-p 00000000 00:00 0 
7f1e6bbfc000-7f1e6bbfd000 ---p 00000000 00:00 0 
7f1e6bbfd000-7f1e6c000000 rw-p 00000000 00:00 0 
7f1e6c000000-7f1e6c056000 rw-p 00000000 00:00 0 
7f1e6c056000-7f1e70000000 ---p 00000000 00:00 0 
7f1e700a1000-7f1e70d3e000 rw-p 00000000 00:00 0 
7f1e70d3e000-7f1e70f16000 r--s 03d2a000 08:01 8784070                    /home/elixandrebaldi/jdk1.8.0_111/jre/lib/rt.jar
7f1e70f16000-7f1e71356000 rw-p 00000000 00:00 0 
7f1e71356000-7f1e71716000 ---p 00000000 00:00 0 
7f1e71716000-7f1e73690000 rw-p 00000000 00:00 0 
7f1e73690000-7f1e73691000 ---p 00000000 00:00 0 
7f1e73691000-7f1e73791000 rw-p 00000000 00:00 0 
7f1e73791000-7f1e73792000 ---p 00000000 00:00 0 
7f1e73792000-7f1e73892000 rw-p 00000000 00:00 0 
7f1e73892000-7f1e73893000 ---p 00000000 00:00 0 
7f1e73893000-7f1e73993000 rw-p 00000000 00:00 0 
7f1e73993000-7f1e73994000 ---p 00000000 00:00 0 
7f1e73994000-7f1e73aba000 rw-p 00000000 00:00 0 
7f1e73aba000-7f1e73bd0000 ---p 00000000 00:00 0 
7f1e73bd0000-7f1e73bf6000 rw-p 00000000 00:00 0 
7f1e73bf6000-7f1e73d0c000 ---p 00000000 00:00 0 
7f1e73d0c000-7f1e73d3d000 rw-p 00000000 00:00 0 
7f1e73d3d000-7f1e73daa000 ---p 00000000 00:00 0 
7f1e73daa000-7f1e73db5000 rw-p 00000000 00:00 0 
7f1e73db5000-7f1e7416b000 ---p 00000000 00:00 0 
7f1e7416b000-7f1e743db000 rwxp 00000000 00:00 0 
7f1e743db000-7f1e8316b000 ---p 00000000 00:00 0 
7f1e8316b000-7f1e83185000 r-xp 00000000 08:01 8783934                    /home/elixandrebaldi/jdk1.8.0_111/jre/lib/amd64/libzip.so
7f1e83185000-7f1e83385000 ---p 0001a000 08:01 8783934                    /home/elixandrebaldi/jdk1.8.0_111/jre/lib/amd64/libzip.so
7f1e83385000-7f1e83386000 rw-p 0001a000 08:01 8783934                    /home/elixandrebaldi/jdk1.8.0_111/jre/lib/amd64/libzip.so
7f1e83386000-7f1e83391000 r-xp 00000000 08:01 3932251                    /lib/x86_64-linux-gnu/libnss_files-2.23.so
7f1e83391000-7f1e83590000 ---p 0000b000 08:01 3932251                    /lib/x86_64-linux-gnu/libnss_files-2.23.so
7f1e83590000-7f1e83591000 r--p 0000a000 08:01 3932251                    /lib/x86_64-linux-gnu/libnss_files-2.23.so
7f1e83591000-7f1e83592000 rw-p 0000b000 08:01 3932251                    /lib/x86_64-linux-gnu/libnss_files-2.23.so
7f1e83592000-7f1e83598000 rw-p 00000000 00:00 0 
7f1e83598000-7f1e835a3000 r-xp 00000000 08:01 3932244                    /lib/x86_64-linux-gnu/libnss_nis-2.23.so
7f1e835a3000-7f1e837a2000 ---p 0000b000 08:01 3932244                    /lib/x86_64-linux-gnu/libnss_nis-2.23.so
7f1e837a2000-7f1e837a3000 r--p 0000a000 08:01 3932244                    /lib/x86_64-linux-gnu/libnss_nis-2.23.so
7f1e837a3000-7f1e837a4000 rw-p 0000b000 08:01 3932244                    /lib/x86_64-linux-gnu/libnss_nis-2.23.so
7f1e837a4000-7f1e837ba000 r-xp 00000000 08:01 3932246                    /lib/x86_64-linux-gnu/libnsl-2.23.so
7f1e837ba000-7f1e839b9000 ---p 00016000 08:01 3932246                    /lib/x86_64-linux-gnu/libnsl-2.23.so
7f1e839b9000-7f1e839ba000 r--p 00015000 08:01 3932246                    /lib/x86_64-linux-gnu/libnsl-2.23.so
7f1e839ba000-7f1e839bb000 rw-p 00016000 08:01 3932246                    /lib/x86_64-linux-gnu/libnsl-2.23.so
7f1e839bb000-7f1e839bd000 rw-p 00000000 00:00 0 
7f1e839bd000-7f1e839c5000 r-xp 00000000 08:01 3932253                    /lib/x86_64-linux-gnu/libnss_compat-2.23.so
7f1e839c5000-7f1e83bc4000 ---p 00008000 08:01 3932253                    /lib/x86_64-linux-gnu/libnss_compat-2.23.so
7f1e83bc4000-7f1e83bc5000 r--p 00007000 08:01 3932253                    /lib/x86_64-linux-gnu/libnss_compat-2.23.so
7f1e83bc5000-7f1e83bc6000 rw-p 00008000 08:01 3932253                    /lib/x86_64-linux-gnu/libnss_compat-2.23.so
7f1e83bc6000-7f1e83bf1000 r-xp 00000000 08:01 8783907                    /home/elixandrebaldi/jdk1.8.0_111/jre/lib/amd64/libjava.so
7f1e83bf1000-7f1e83df0000 ---p 0002b000 08:01 8783907                    /home/elixandrebaldi/jdk1.8.0_111/jre/lib/amd64/libjava.so
7f1e83df0000-7f1e83df2000 rw-p 0002a000 08:01 8783907                    /home/elixandrebaldi/jdk1.8.0_111/jre/lib/amd64/libjava.so
7f1e83df2000-7f1e83dff000 r-xp 00000000 08:01 8783870                    /home/elixandrebaldi/jdk1.8.0_111/jre/lib/amd64/libverify.so
7f1e83dff000-7f1e83ffe000 ---p 0000d000 08:01 8783870                    /home/elixandrebaldi/jdk1.8.0_111/jre/lib/amd64/libverify.so
7f1e83ffe000-7f1e84000000 rw-p 0000c000 08:01 8783870                    /home/elixandrebaldi/jdk1.8.0_111/jre/lib/amd64/libverify.so
7f1e84000000-7f1e8776d000 rw-p 00000000 00:00 0 
7f1e8776d000-7f1e88000000 ---p 00000000 00:00 0 
7f1e88011000-7f1e880a8000 rw-p 00000000 00:00 0 
7f1e880a8000-7f1e880af000 r-xp 00000000 08:01 3932254                    /lib/x86_64-linux-gnu/librt-2.23.so
7f1e880af000-7f1e882ae000 ---p 00007000 08:01 3932254                    /lib/x86_64-linux-gnu/librt-2.23.so
7f1e882ae000-7f1e882af000 r--p 00006000 08:01 3932254                    /lib/x86_64-linux-gnu/librt-2.23.so
7f1e882af000-7f1e882b0000 rw-p 00007000 08:01 3932254                    /lib/x86_64-linux-gnu/librt-2.23.so
7f1e882b0000-7f1e883b8000 r-xp 00000000 08:01 3932245                    /lib/x86_64-linux-gnu/libm-2.23.so
7f1e883b8000-7f1e885b7000 ---p 00108000 08:01 3932245                    /lib/x86_64-linux-gnu/libm-2.23.so
7f1e885b7000-7f1e885b8000 r--p 00107000 08:01 3932245                    /lib/x86_64-linux-gnu/libm-2.23.so
7f1e885b8000-7f1e885b9000 rw-p 00108000 08:01 3932245                    /lib/x86_64-linux-gnu/libm-2.23.so
7f1e885b9000-7f1e89286000 r-xp 00000000 08:01 8783785                    /home/elixandrebaldi/jdk1.8.0_111/jre/lib/amd64/server/libjvm.so
7f1e89286000-7f1e89485000 ---p 00ccd000 08:01 8783785                    /home/elixandrebaldi/jdk1.8.0_111/jre/lib/amd64/server/libjvm.so
7f1e89485000-7f1e8955e000 rw-p 00ccc000 08:01 8783785                    /home/elixandrebaldi/jdk1.8.0_111/jre/lib/amd64/server/libjvm.so
7f1e8955e000-7f1e895a9000 rw-p 00000000 00:00 0 
7f1e895a9000-7f1e89768000 r-xp 00000000 08:01 3932247                    /lib/x86_64-linux-gnu/libc-2.23.so
7f1e89768000-7f1e89968000 ---p 001bf000 08:01 3932247                    /lib/x86_64-linux-gnu/libc-2.23.so
7f1e89968000-7f1e8996c000 r--p 001bf000 08:01 3932247                    /lib/x86_64-linux-gnu/libc-2.23.so
7f1e8996c000-7f1e8996e000 rw-p 001c3000 08:01 3932247                    /lib/x86_64-linux-gnu/libc-2.23.so
7f1e8996e000-7f1e89972000 rw-p 00000000 00:00 0 
7f1e89972000-7f1e89975000 r-xp 00000000 08:01 3932243                    /lib/x86_64-linux-gnu/libdl-2.23.so
7f1e89975000-7f1e89b74000 ---p 00003000 08:01 3932243                    /lib/x86_64-linux-gnu/libdl-2.23.so
7f1e89b74000-7f1e89b75000 r--p 00002000 08:01 3932243                    /lib/x86_64-linux-gnu/libdl-2.23.so
7f1e89b75000-7f1e89b76000 rw-p 00003000 08:01 3932243                    /lib/x86_64-linux-gnu/libdl-2.23.so
7f1e89b76000-7f1e89b8b000 r-xp 00000000 08:01 8783943                    /home/elixandrebaldi/jdk1.8.0_111/lib/amd64/jli/libjli.so
7f1e89b8b000-7f1e89d8b000 ---p 00015000 08:01 8783943                    /home/elixandrebaldi/jdk1.8.0_111/lib/amd64/jli/libjli.so
7f1e89d8b000-7f1e89d8c000 rw-p 00015000 08:01 8783943                    /home/elixandrebaldi/jdk1.8.0_111/lib/amd64/jli/libjli.so
7f1e89d8c000-7f1e89da4000 r-xp 00000000 08:01 3932258                    /lib/x86_64-linux-gnu/libpthread-2.23.so
7f1e89da4000-7f1e89fa3000 ---p 00018000 08:01 3932258                    /lib/x86_64-linux-gnu/libpthread-2.23.so
7f1e89fa3000-7f1e89fa4000 r--p 00017000 08:01 3932258                    /lib/x86_64-linux-gnu/libpthread-2.23.so
7f1e89fa4000-7f1e89fa5000 rw-p 00018000 08:01 3932258                    /lib/x86_64-linux-gnu/libpthread-2.23.so
7f1e89fa5000-7f1e89fa9000 rw-p 00000000 00:00 0 
7f1e89fa9000-7f1e89fcf000 r-xp 00000000 08:01 3932248                    /lib/x86_64-linux-gnu/ld-2.23.so
7f1e89fd4000-7f1e8a0ac000 rw-p 00000000 00:00 0 
7f1e8a0ac000-7f1e8a0af000 ---p 00000000 00:00 0 
7f1e8a0af000-7f1e8a1b1000 rw-p 00000000 00:00 0 
7f1e8a1ba000-7f1e8a1bf000 r--s 00096000 08:01 8783911                    /home/elixandrebaldi/jdk1.8.0_111/jre/lib/jsse.jar
7f1e8a1bf000-7f1e8a1c2000 r--s 00f76000 08:01 8524426                    /home/elixandrebaldi/Documentos/VCubeDHT/simgrid.jar
7f1e8a1c2000-7f1e8a1ca000 rw-s 00000000 08:01 2359623                    /tmp/hsperfdata_elixandrebaldi/16579 (deleted)
7f1e8a1ca000-7f1e8a1cb000 rw-p 00000000 00:00 0 
7f1e8a1cb000-7f1e8a1cc000 ---p 00000000 00:00 0 
7f1e8a1cc000-7f1e8a1ce000 rw-p 00000000 00:00 0 
7f1e8a1ce000-7f1e8a1cf000 r--p 00025000 08:01 3932248                    /lib/x86_64-linux-gnu/ld-2.23.so
7f1e8a1cf000-7f1e8a1d0000 rw-p 00026000 08:01 3932248                    /lib/x86_64-linux-gnu/ld-2.23.so
7f1e8a1d0000-7f1e8a1d1000 rw-p 00000000 00:00 0 
7ffc7a416000-7ffc7a437000 rw-p 00000000 00:00 0                          [stack]
7ffc7a493000-7ffc7a495000 r--p 00000000 00:00 0                          [vvar]
7ffc7a495000-7ffc7a497000 r-xp 00000000 00:00 0                          [vdso]
ffffffffff600000-ffffffffff601000 r-xp 00000000 00:00 0                  [vsyscall]

VM Arguments:
jvm_args: -Dfile.encoding=UTF-8 
java_command: vcube.VCube platform.xml deployment.xml
java_class_path (initial): /home/elixandrebaldi/Documentos/VCubeDHT/simgrid.jar:/home/elixandrebaldi/Documentos/VCubeDHT/VCube/build/classes
Launcher Type: SUN_STANDARD

Environment Variables:
PATH=/home/elixandrebaldi/bin:/home/elixandrebaldi/.local/bin:/usr/local/sbin:/usr/local/bin:/usr/sbin:/usr/bin:/sbin:/bin:/usr/games:/usr/local/games
LD_LIBRARY_PATH=/home/elixandrebaldi/jdk1.8.0_111/jre/lib/amd64:/home/elixandrebaldi/jdk1.8.0_111/jre/lib/i386:
SHELL=/bin/bash
DISPLAY=:0

Signal Handlers:
SIGSEGV: [libjvm.so+0xac64b0], sa_mask[0]=11111111011111111101111111111110, sa_flags=SA_RESTART|SA_SIGINFO
SIGBUS: [libjvm.so+0xac64b0], sa_mask[0]=11111111011111111101111111111110, sa_flags=SA_RESTART|SA_SIGINFO
SIGFPE: [libjvm.so+0x91f950], sa_mask[0]=11111111011111111101111111111110, sa_flags=SA_RESTART|SA_SIGINFO
SIGPIPE: [libjvm.so+0x91f950], sa_mask[0]=11111111011111111101111111111110, sa_flags=SA_RESTART|SA_SIGINFO
SIGXFSZ: [libjvm.so+0x91f950], sa_mask[0]=11111111011111111101111111111110, sa_flags=SA_RESTART|SA_SIGINFO
SIGILL: [libjvm.so+0x91f950], sa_mask[0]=11111111011111111101111111111110, sa_flags=SA_RESTART|SA_SIGINFO
SIGUSR1: SIG_DFL, sa_mask[0]=00000000000000000000000000000000, sa_flags=none
SIGUSR2: [libjvm.so+0x920f80], sa_mask[0]=00100000000000000000000000000000, sa_flags=SA_RESTART|SA_SIGINFO
SIGHUP: [libjvm.so+0x922380], sa_mask[0]=11111111011111111101111111111110, sa_flags=SA_RESTART|SA_SIGINFO
SIGINT: [libsimgrid.so+0x8ff50], sa_mask[0]=01000000000000000000000000000000, sa_flags=SA_RESTART
SIGTERM: [libjvm.so+0x922380], sa_mask[0]=11111111011111111101111111111110, sa_flags=SA_RESTART|SA_SIGINFO
SIGQUIT: [libjvm.so+0x922380], sa_mask[0]=11111111011111111101111111111110, sa_flags=SA_RESTART|SA_SIGINFO


---------------  S Y S T E M  ---------------

OS:DISTRIB_ID="elementary"
DISTRIB_RELEASE=0.4.1
DISTRIB_CODENAME=loki
DISTRIB_DESCRIPTION="elementary OS 0.4.1 Loki"

uname:Linux 4.4.0-79-generic #100-Ubuntu SMP Wed May 17 19:58:14 UTC 2017 x86_64
libc:glibc 2.23 NPTL 2.23 
rlimit: STACK 8192k, CORE 0k, NPROC 14991, NOFILE 65536, AS infinity
load average:0.96 3.21 3.85

/proc/meminfo:
MemTotal:        3878592 kB
MemFree:          148956 kB
MemAvailable:     360688 kB
Buffers:           24876 kB
Cached:           729668 kB
SwapCached:         4856 kB
Active:          2607936 kB
Inactive:         916144 kB
Active(anon):    2352700 kB
Inactive(anon):   779596 kB
Active(file):     255236 kB
Inactive(file):   136548 kB
Unevictable:          64 kB
Mlocked:              64 kB
SwapTotal:       4025340 kB
SwapFree:        3632332 kB
Dirty:                48 kB
Writeback:             0 kB
AnonPages:       2765028 kB
Mapped:           456768 kB
Shmem:            362760 kB
Slab:              82668 kB
SReclaimable:      44884 kB
SUnreclaim:        37784 kB
KernelStack:       10960 kB
PageTables:        47452 kB
NFS_Unstable:          0 kB
Bounce:                0 kB
WritebackTmp:          0 kB
CommitLimit:     5964636 kB
Committed_AS:    8318140 kB
VmallocTotal:   34359738367 kB
VmallocUsed:           0 kB
VmallocChunk:          0 kB
HardwareCorrupted:     0 kB
AnonHugePages:   1198080 kB
CmaTotal:              0 kB
CmaFree:               0 kB
HugePages_Total:       0
HugePages_Free:        0
HugePages_Rsvd:        0
HugePages_Surp:        0
Hugepagesize:       2048 kB
DirectMap4k:      189176 kB
DirectMap2M:     3837952 kB


CPU:total 4 (2 cores per cpu, 2 threads per core) family 6 model 58 stepping 9, cmov, cx8, fxsr, mmx, sse, sse2, sse3, ssse3, sse4.1, sse4.2, popcnt, avx, clmul, erms, ht, tsc, tscinvbit, tscinv

/proc/cpuinfo:
processor	: 0
vendor_id	: GenuineIntel
cpu family	: 6
model		: 58
model name	: Intel(R) Core(TM) i7-3517U CPU @ 1.90GHz
stepping	: 9
microcode	: 0x12
cpu MHz		: 1472.250
cache size	: 4096 KB
physical id	: 0
siblings	: 4
core id		: 0
cpu cores	: 2
apicid		: 0
initial apicid	: 0
fpu		: yes
fpu_exception	: yes
cpuid level	: 13
wp		: yes
flags		: fpu vme de pse tsc msr pae mce cx8 apic sep mtrr pge mca cmov pat pse36 clflush dts acpi mmx fxsr sse sse2 ss ht tm pbe syscall nx rdtscp lm constant_tsc arch_perfmon pebs bts rep_good nopl xtopology nonstop_tsc aperfmperf eagerfpu pni pclmulqdq dtes64 monitor ds_cpl vmx est tm2 ssse3 cx16 xtpr pdcm pcid sse4_1 sse4_2 x2apic popcnt tsc_deadline_timer xsave avx f16c rdrand lahf_lm epb tpr_shadow vnmi flexpriority ept vpid fsgsbase smep erms xsaveopt dtherm ida arat pln pts
bugs		:
bogomips	: 4789.47
clflush size	: 64
cache_alignment	: 64
address sizes	: 36 bits physical, 48 bits virtual
power management:

processor	: 1
vendor_id	: GenuineIntel
cpu family	: 6
model		: 58
model name	: Intel(R) Core(TM) i7-3517U CPU @ 1.90GHz
stepping	: 9
microcode	: 0x12
cpu MHz		: 2604.281
cache size	: 4096 KB
physical id	: 0
siblings	: 4
core id		: 0
cpu cores	: 2
apicid		: 1
initial apicid	: 1
fpu		: yes
fpu_exception	: yes
cpuid level	: 13
wp		: yes
flags		: fpu vme de pse tsc msr pae mce cx8 apic sep mtrr pge mca cmov pat pse36 clflush dts acpi mmx fxsr sse sse2 ss ht tm pbe syscall nx rdtscp lm constant_tsc arch_perfmon pebs bts rep_good nopl xtopology nonstop_tsc aperfmperf eagerfpu pni pclmulqdq dtes64 monitor ds_cpl vmx est tm2 ssse3 cx16 xtpr pdcm pcid sse4_1 sse4_2 x2apic popcnt tsc_deadline_timer xsave avx f16c rdrand lahf_lm epb tpr_shadow vnmi flexpriority ept vpid fsgsbase smep erms xsaveopt dtherm ida arat pln pts
bugs		:
bogomips	: 4789.47
clflush size	: 64
cache_alignment	: 64
address sizes	: 36 bits physical, 48 bits virtual
power management:

processor	: 2
vendor_id	: GenuineIntel
cpu family	: 6
model		: 58
model name	: Intel(R) Core(TM) i7-3517U CPU @ 1.90GHz
stepping	: 9
microcode	: 0x12
cpu MHz		: 2589.843
cache size	: 4096 KB
physical id	: 0
siblings	: 4
core id		: 1
cpu cores	: 2
apicid		: 2
initial apicid	: 2
fpu		: yes
fpu_exception	: yes
cpuid level	: 13
wp		: yes
flags		: fpu vme de pse tsc msr pae mce cx8 apic sep mtrr pge mca cmov pat pse36 clflush dts acpi mmx fxsr sse sse2 ss ht tm pbe syscall nx rdtscp lm constant_tsc arch_perfmon pebs bts rep_good nopl xtopology nonstop_tsc aperfmperf eagerfpu pni pclmulqdq dtes64 monitor ds_cpl vmx est tm2 ssse3 cx16 xtpr pdcm pcid sse4_1 sse4_2 x2apic popcnt tsc_deadline_timer xsave avx f16c rdrand lahf_lm epb tpr_shadow vnmi flexpriority ept vpid fsgsbase smep erms xsaveopt dtherm ida arat pln pts
bugs		:
bogomips	: 4789.47
clflush size	: 64
cache_alignment	: 64
address sizes	: 36 bits physical, 48 bits virtual
power management:

processor	: 3
vendor_id	: GenuineIntel
cpu family	: 6
model		: 58
model name	: Intel(R) Core(TM) i7-3517U CPU @ 1.90GHz
stepping	: 9
microcode	: 0x12
cpu MHz		: 1616.718
cache size	: 4096 KB
physical id	: 0
siblings	: 4
core id		: 1
cpu cores	: 2
apicid		: 3
initial apicid	: 3
fpu		: yes
fpu_exception	: yes
cpuid level	: 13
wp		: yes
flags		: fpu vme de pse tsc msr pae mce cx8 apic sep mtrr pge mca cmov pat pse36 clflush dts acpi mmx fxsr sse sse2 ss ht tm pbe syscall nx rdtscp lm constant_tsc arch_perfmon pebs bts rep_good nopl xtopology nonstop_tsc aperfmperf eagerfpu pni pclmulqdq dtes64 monitor ds_cpl vmx est tm2 ssse3 cx16 xtpr pdcm pcid sse4_1 sse4_2 x2apic popcnt tsc_deadline_timer xsave avx f16c rdrand lahf_lm epb tpr_shadow vnmi flexpriority ept vpid fsgsbase smep erms xsaveopt dtherm ida arat pln pts
bugs		:
bogomips	: 4789.47
clflush size	: 64
cache_alignment	: 64
address sizes	: 36 bits physical, 48 bits virtual
power management:



Memory: 4k page, physical 3878592k(148956k free), swap 4025340k(3632332k free)

vm_info: Java HotSpot(TM) 64-Bit Server VM (25.111-b14) for linux-amd64 JRE (1.8.0_111-b14), built on Sep 22 2016 16:14:03 by "java_re" with gcc 4.3.0 20080428 (Red Hat 4.3.0-8)

time: Sat Jun 10 18:52:03 2017
elapsed time: 61 seconds (0d 0h 1m 1s)

