#
# A fatal error has been detected by the Java Runtime Environment:
#
#  SIGSEGV (0xb) at pc=0x00007f3369644263, pid=6074, tid=139858815022848
#
# JRE version: Java(TM) SE Runtime Environment (7.0_80-b15) (build 1.7.0_80-b15)
# Java VM: Java HotSpot(TM) 64-Bit Server VM (24.80-b11 mixed mode linux-amd64 compressed oops)
# Problematic frame:
# C  [libsimgrid.so+0x190263]  xbt_dynar_member+0x23
#
# Failed to write core dump. Core dumps have been disabled. To enable core dumping, try "ulimit -c unlimited" before starting Java again
#
# If you would like to submit a bug report, please visit:
#   http://bugreport.java.com/bugreport/crash.jsp
#

---------------  T H R E A D  ---------------

Current thread (0x00007f337006a000):  VMThread [stack: 0x00007f336aecf000,0x00007f336afd0000] [id=6084]

siginfo:si_signo=SIGSEGV: si_errno=0, si_code=1 (SEGV_MAPERR), si_addr=0x0000000000000000

Registers:
RAX=0x0000000000000000, RBX=0x00007f33699b0700, RCX=0x00007f33699bb790, RDX=0x00007f336afcfa30
RSP=0x00007f336afce610, RBP=0x00007f33701649e0, RSI=0x00007f336afce7b8, RDI=0x00007f336afce6d0
R8 =0x00007f337015b9f0, R9 =0x0000000000000001, R10=0x0000000000000c58, R11=0x00007f3369644240
R12=0x00007f33699bb790, R13=0x00007f3370144a30, R14=0x00000000000003d8, R15=0x00007f3370027e58
RIP=0x00007f3369644263, EFLAGS=0x0000000000010202, CSGSFS=0x0000000000000033, ERR=0x0000000000000004
  TRAPNO=0x000000000000000e

Top of Stack: (sp=0x00007f336afce610)
0x00007f336afce610:   00007f33701433d0 00007f336afce630
0x00007f336afce620:   00007f337015ba90 00007f336afce7b8
0x00007f336afce630:   00000000ffffffff 00007f3370284250
0x00007f336afce640:   00007f33694cd628 00007f33701433d0
0x00007f336afce650:   00007f336d067340 00007f3370284250
0x00007f336afce660:   00007f337016c0f0 00007f3300000001
0x00007f336afce670:   0000000000000000 0000000000000000
0x00007f336afce680:   00007f337016c220 00007f3370431b70
0x00007f336afce690:   00000000000003d8 00007f3370431710
0x00007f336afce6a0:   00007f336997b400 00007f336997fde8
0x00007f336afce6b0:   00007f33699bb790 00007f3370144a30
0x00007f336afce6c0:   00000000000003d8 00007f3370027e58
0x00007f336afce6d0:   0000000000000000 00007f33789369ad
0x00007f336afce6e0:   0000000000000005 0000000000000000
0x00007f336afce6f0:   00007f3370144a30 00007f33694cd628
0x00007f336afce700:   00007f33699b0700 00007f33701649e0
0x00007f336afce710:   00007f33699bb790 00007f337893df30
0x00007f336afce720:   00007f3370252980 00007f336997b400
0x00007f336afce730:   00007f337016aa40 00007f33696611a7
0x00007f336afce740:   00007f3370166018 00007f3370165ed0
0x00007f336afce750:   00007f33701660d0 00007f3370158058
0x00007f336afce760:   00007f337019ecb0 00007f33699bb790
0x00007f336afce770:   00007f337015b9f0 00007f336afce7b8
0x00007f336afce780:   00007f337015ba90 00007f337015b9f0
0x00007f336afce790:   0000000000000001 00007f33701433d0
0x00007f336afce7a0:   00007f33699b0700 00007f336966134f
0x00007f336afce7b0:   0000000000000000 00007f337016aa40
0x00007f336afce7c0:   0000000000000005 0000000000000000
0x00007f336afce7d0:   00007f3370027e58 00007f33699b3a98
0x00007f336afce7e0:   00007f337015dc50 0000000000000001
0x00007f336afce7f0:   00007f3370144a30 00007f3369642d37
0x00007f336afce800:   00007f3370144a30 00007f33699b3098 

Instructions: (pc=0x00007f3369644263)
0x00007f3369644243:   ec 90 01 00 00 48 8b 05 01 a2 33 00 48 89 7c 24
0x00007f3369644253:   10 48 89 74 24 18 ff 10 48 8d bc 24 c0 00 00 00
0x00007f3369644263:   48 8b 08 48 89 04 24 48 89 38 48 89 4c 24 08 e8
0x00007f3369644273:   79 31 ed ff 85 c0 74 75 48 8b 14 24 c7 42 08 01 

Register to memory mapping:

RAX=0x0000000000000000 is an unknown value
RBX=0x00007f33699b0700: _simgrid_log_category__simix_process+0 in /tmp/simgrid-java7803428394075127731/libsimgrid.so at 0x00007f33694b4000
RCX=0x00007f33699bb790: simix_global+0 in /tmp/simgrid-java7803428394075127731/libsimgrid.so at 0x00007f33694b4000
RDX=0x00007f336afcfa30 is an unknown value
RSP=0x00007f336afce610 is an unknown value
RBP=0x00007f33701649e0 is an unknown value
RSI=0x00007f336afce7b8 is an unknown value
RDI=0x00007f336afce6d0 is an unknown value
R8 =0x00007f337015b9f0 is an unknown value
R9 =0x0000000000000001 is an unknown value
R10=0x0000000000000c58 is an unknown value
R11=0x00007f3369644240: xbt_dynar_member+0 in /tmp/simgrid-java7803428394075127731/libsimgrid.so at 0x00007f33694b4000
R12=0x00007f33699bb790: simix_global+0 in /tmp/simgrid-java7803428394075127731/libsimgrid.so at 0x00007f33694b4000
R13=0x00007f3370144a30 is an unknown value
R14=0x00000000000003d8 is an unknown value
R15=0x00007f3370027e58 is an unknown value


Stack: [0x00007f336aecf000,0x00007f336afd0000],  sp=0x00007f336afce610,  free space=1021k
Native frames: (J=compiled Java code, j=interpreted, Vv=VM code, C=native code)
C  [libsimgrid.so+0x190263]  xbt_dynar_member+0x23

VM_Operation (0x00007f33684ff4b0): Exit, mode: safepoint, requested by thread 0x00007f3344001000


---------------  P R O C E S S  ---------------

Java Threads: ( => current thread )
  0x00007f3344001000 JavaThread "SIGTERM handler" daemon [_thread_blocked, id=6107, stack(0x00007f3368400000,0x00007f3368501000)]
  0x00007f32f8001000 JavaThread "Thread-15" [_thread_in_native, id=6106, stack(0x00007f33287f9000,0x00007f3328ffa000)]
  0x00007f32f4001000 JavaThread "Thread-14" [_thread_in_native, id=6105, stack(0x00007f3328ffa000,0x00007f33297fb000)]
  0x00007f3300001000 JavaThread "Thread-13" [_thread_in_native, id=6104, stack(0x00007f33297fb000,0x00007f3329ffc000)]
  0x00007f32fc001000 JavaThread "Thread-12" [_thread_in_native, id=6103, stack(0x00007f3329ffc000,0x00007f332a7fd000)]
  0x00007f3308001000 JavaThread "Thread-11" [_thread_in_native, id=6102, stack(0x00007f332a7fd000,0x00007f332affe000)]
  0x00007f3304001000 JavaThread "Thread-10" [_thread_in_native, id=6101, stack(0x00007f332b7ff000,0x00007f332c000000)]
  0x00007f3310001000 JavaThread "Thread-9" [_thread_in_native, id=6100, stack(0x00007f33307f9000,0x00007f3330ffa000)]
  0x00007f330c001000 JavaThread "Thread-7" [_thread_in_native, id=6099, stack(0x00007f3330ffa000,0x00007f33317fb000)]
  0x00007f3318001000 JavaThread "Thread-6" [_thread_in_native, id=6098, stack(0x00007f33317fb000,0x00007f3331ffc000)]
  0x00007f3314001000 JavaThread "Thread-8" [_thread_in_native, id=6097, stack(0x00007f3331ffc000,0x00007f33327fd000)]
  0x00007f3320001000 JavaThread "Thread-4" [_thread_in_native, id=6095, stack(0x00007f3332ffe000,0x00007f33337ff000)]
  0x00007f331c001000 JavaThread "Thread-3" [_thread_in_native, id=6096, stack(0x00007f33327fd000,0x00007f3332ffe000)]
  0x00007f3324001000 JavaThread "Thread-5" [_thread_in_native, id=6094, stack(0x00007f332affe000,0x00007f332b7ff000)]
  0x00007f332c001000 JavaThread "Thread-2" [_thread_blocked, id=6093, stack(0x00007f33337ff000,0x00007f3334000000)]
  0x00007f3338001000 JavaThread "Thread-1" [_thread_in_native, id=6092, stack(0x00007f3368501000,0x00007f3368d02000)]
  0x00007f3370099000 JavaThread "Service Thread" daemon [_thread_blocked, id=6090, stack(0x00007f336a1e6000,0x00007f336a2e7000)]
  0x00007f3370096800 JavaThread "C2 CompilerThread1" daemon [_thread_blocked, id=6089, stack(0x00007f336a2e7000,0x00007f336a3e8000)]
  0x00007f3370093800 JavaThread "C2 CompilerThread0" daemon [_thread_blocked, id=6088, stack(0x00007f336a3e8000,0x00007f336a4e9000)]
  0x00007f3370070800 JavaThread "Finalizer" daemon [_thread_blocked, id=6086, stack(0x00007f336accd000,0x00007f336adce000)]
  0x00007f337006e000 JavaThread "Reference Handler" daemon [_thread_blocked, id=6085, stack(0x00007f336adce000,0x00007f336aecf000)]
  0x00007f3370009800 JavaThread "main" [_thread_in_native, id=6077, stack(0x00007f3378a2a000,0x00007f3378b2b000)]

Other Threads:
=>0x00007f337006a000 VMThread [stack: 0x00007f336aecf000,0x00007f336afd0000] [id=6084]

VM state:at safepoint (shutting down)

VM Mutex/Monitor currently owned by a thread:  ([mutex/lock_event])
[0x00007f33700061b0] Threads_lock - owner thread: 0x00007f337006a000

Heap
 PSYoungGen      total 17920K, used 11984K [0x00000000ec400000, 0x00000000ed800000, 0x0000000100000000)
  eden space 15360K, 78% used [0x00000000ec400000,0x00000000ecfb40b0,0x00000000ed300000)
  from space 2560K, 0% used [0x00000000ed580000,0x00000000ed580000,0x00000000ed800000)
  to   space 2560K, 0% used [0x00000000ed300000,0x00000000ed300000,0x00000000ed580000)
 ParOldGen       total 40448K, used 0K [0x00000000c4c00000, 0x00000000c7380000, 0x00000000ec400000)
  object space 40448K, 0% used [0x00000000c4c00000,0x00000000c4c00000,0x00000000c7380000)
 PSPermGen       total 21504K, used 3903K [0x00000000bfa00000, 0x00000000c0f00000, 0x00000000c4c00000)
  object space 21504K, 18% used [0x00000000bfa00000,0x00000000bfdcfc78,0x00000000c0f00000)

Card table byte_map: [0x00007f3375b0c000,0x00007f3375d10000] byte_map_base: 0x00007f337550f000

Polling page: 0x00007f3378b47000

Code Cache  [0x00007f336d000000, 0x00007f336d270000, 0x00007f3370000000)
 total_blobs=242 nmethods=33 adapters=163 free_code_cache=48709Kb largest_free_block=49859904

Compilation events (10 events):
Event: 0.901 Thread 0x00007f3370096800   29             vcube.VCubeTask::setTimestempStatus (27 bytes)
Event: 0.905 Thread 0x00007f3370096800 nmethod 29 0x00007f336d06ba50 code [0x00007f336d06bba0, 0x00007f336d06bcd8]
Event: 0.926 Thread 0x00007f3370093800   30             vcube.Node::conferirTimestemp (47 bytes)
Event: 0.930 Thread 0x00007f3370093800 nmethod 30 0x00007f336d06f950 code [0x00007f336d06faa0, 0x00007f336d06fc58]
Event: 1.279 Thread 0x00007f3370096800   31             org.simgrid.msg.Task::getName (5 bytes)
Event: 1.279 Thread 0x00007f3370096800 nmethod 31 0x00007f336d06e150 code [0x00007f336d06e280, 0x00007f336d06e2d8]
Event: 1.280 Thread 0x00007f3370096800   32             java.lang.AbstractStringBuilder::append (144 bytes)
Event: 1.292 Thread 0x00007f3370096800 nmethod 32 0x00007f336d070a50 code [0x00007f336d070bc0, 0x00007f336d0711d8]
Event: 1.327 Thread 0x00007f3370093800   33             java.util.regex.Pattern$Slice::match (79 bytes)
Event: 1.340 Thread 0x00007f3370093800 nmethod 33 0x00007f336d0701d0 code [0x00007f336d070340, 0x00007f336d070778]

GC Heap History (0 events):
No events

Deoptimization events (0 events):
No events

Internal exceptions (10 events):
Event: 1.645 Thread 0x00007f3300001000 Threw 0x00000000ec925a68 at /HUDSON/workspace/7u-2-build-linux-amd64/jdk7u80/2329/hotspot/src/share/vm/prims/jni.cpp:743
Event: 1.645 Thread 0x00007f3310001000 Threw 0x00000000ec7a7af8 at /HUDSON/workspace/7u-2-build-linux-amd64/jdk7u80/2329/hotspot/src/share/vm/prims/jni.cpp:743
Event: 1.645 Thread 0x00007f330c001000 Threw 0x00000000ecd97970 at /HUDSON/workspace/7u-2-build-linux-amd64/jdk7u80/2329/hotspot/src/share/vm/prims/jni.cpp:743
Event: 1.650 Thread 0x00007f3304001000 Threw 0x00000000ec7f3f00 at /HUDSON/workspace/7u-2-build-linux-amd64/jdk7u80/2329/hotspot/src/share/vm/prims/jni.cpp:743
Event: 1.651 Thread 0x00007f32f4001000 Threw 0x00000000ec971fb8 at /HUDSON/workspace/7u-2-build-linux-amd64/jdk7u80/2329/hotspot/src/share/vm/prims/jni.cpp:743
Event: 1.653 Thread 0x00007f3308001000 Threw 0x00000000ec8403f0 at /HUDSON/workspace/7u-2-build-linux-amd64/jdk7u80/2329/hotspot/src/share/vm/prims/jni.cpp:743
Event: 1.653 Thread 0x00007f32f8001000 Threw 0x00000000ecaf1988 at /HUDSON/workspace/7u-2-build-linux-amd64/jdk7u80/2329/hotspot/src/share/vm/prims/jni.cpp:743
Event: 1.653 Thread 0x00007f3324001000 Threw 0x00000000ece4afa8 at /HUDSON/workspace/7u-2-build-linux-amd64/jdk7u80/2329/hotspot/src/share/vm/prims/jni.cpp:743
Event: 1.653 Thread 0x00007f332c001000 Threw 0x00000000ecdb2b58 at /HUDSON/workspace/7u-2-build-linux-amd64/jdk7u80/2329/hotspot/src/share/vm/prims/jni.cpp:743
Event: 1.654 Thread 0x00007f331c001000 Threw 0x00000000ecdfe670 at /HUDSON/workspace/7u-2-build-linux-amd64/jdk7u80/2329/hotspot/src/share/vm/prims/jni.cpp:743

Events (10 events):
Event: 1.660 loading class 0x00007f3348071410
Event: 1.660 loading class 0x00007f3348071410 done
Event: 1.660 loading class 0x00007f33480713e0
Event: 1.660 loading class 0x00007f33480713a0
Event: 1.660 loading class 0x00007f33480713a0 done
Event: 1.660 loading class 0x00007f33480713e0 done
Event: 1.660 Thread 0x00007f32ec001000 Thread added: 0x00007f32ec001000
Event: 1.661 Thread 0x00007f32ec001000 Thread exited: 0x00007f32ec001000
Event: 1.661 Executing VM operation: Exit
Event: 1.661 Thread 0x00007f3370091800 Thread exited: 0x00007f3370091800


Dynamic libraries:
00400000-00401000 r-xp 00000000 08:07 663942                             /home/elixandre/jdk1.7.0_80/bin/java
00600000-00601000 rw-p 00000000 08:07 663942                             /home/elixandre/jdk1.7.0_80/bin/java
0129e000-012bf000 rw-p 00000000 00:00 0                                  [heap]
bfa00000-c0f00000 rw-p 00000000 00:00 0 
c0f00000-c4c00000 rw-p 00000000 00:00 0 
c4c00000-c7380000 rw-p 00000000 00:00 0 
c7380000-ec400000 rw-p 00000000 00:00 0 
ec400000-ed800000 rw-p 00000000 00:00 0 
ed800000-100000000 rw-p 00000000 00:00 0 
7f32ec000000-7f32ec021000 rw-p 00000000 00:00 0 
7f32ec021000-7f32f0000000 ---p 00000000 00:00 0 
7f32f0000000-7f32f0021000 rw-p 00000000 00:00 0 
7f32f0021000-7f32f4000000 ---p 00000000 00:00 0 
7f32f4000000-7f32f4022000 rw-p 00000000 00:00 0 
7f32f4022000-7f32f8000000 ---p 00000000 00:00 0 
7f32f8000000-7f32f8022000 rw-p 00000000 00:00 0 
7f32f8022000-7f32fc000000 ---p 00000000 00:00 0 
7f32fc000000-7f32fc022000 rw-p 00000000 00:00 0 
7f32fc022000-7f3300000000 ---p 00000000 00:00 0 
7f3300000000-7f3300022000 rw-p 00000000 00:00 0 
7f3300022000-7f3304000000 ---p 00000000 00:00 0 
7f3304000000-7f3304022000 rw-p 00000000 00:00 0 
7f3304022000-7f3308000000 ---p 00000000 00:00 0 
7f3308000000-7f3308022000 rw-p 00000000 00:00 0 
7f3308022000-7f330c000000 ---p 00000000 00:00 0 
7f330c000000-7f330c0c1000 rw-p 00000000 00:00 0 
7f330c0c1000-7f3310000000 ---p 00000000 00:00 0 
7f3310000000-7f3310022000 rw-p 00000000 00:00 0 
7f3310022000-7f3314000000 ---p 00000000 00:00 0 
7f3314000000-7f33140a2000 rw-p 00000000 00:00 0 
7f33140a2000-7f3318000000 ---p 00000000 00:00 0 
7f3318000000-7f33180a2000 rw-p 00000000 00:00 0 
7f33180a2000-7f331c000000 ---p 00000000 00:00 0 
7f331c000000-7f331c0a7000 rw-p 00000000 00:00 0 
7f331c0a7000-7f3320000000 ---p 00000000 00:00 0 
7f3320000000-7f33200a2000 rw-p 00000000 00:00 0 
7f33200a2000-7f3324000000 ---p 00000000 00:00 0 
7f3324000000-7f33240a1000 rw-p 00000000 00:00 0 
7f33240a1000-7f3328000000 ---p 00000000 00:00 0 
7f33287f9000-7f33287fc000 ---p 00000000 00:00 0 
7f33287fc000-7f3328ffa000 rw-p 00000000 00:00 0 
7f3328ffa000-7f3328ffd000 ---p 00000000 00:00 0 
7f3328ffd000-7f33297fb000 rw-p 00000000 00:00 0 
7f33297fb000-7f33297fe000 ---p 00000000 00:00 0 
7f33297fe000-7f3329ffc000 rw-p 00000000 00:00 0 
7f3329ffc000-7f3329fff000 ---p 00000000 00:00 0 
7f3329fff000-7f332a7fd000 rw-p 00000000 00:00 0 
7f332a7fd000-7f332a800000 ---p 00000000 00:00 0 
7f332a800000-7f332affe000 rw-p 00000000 00:00 0 
7f332affe000-7f332b001000 ---p 00000000 00:00 0 
7f332b001000-7f332b7ff000 rw-p 00000000 00:00 0 
7f332b7ff000-7f332b802000 ---p 00000000 00:00 0 
7f332b802000-7f332c000000 rw-p 00000000 00:00 0 
7f332c000000-7f332c0a1000 rw-p 00000000 00:00 0 
7f332c0a1000-7f3330000000 ---p 00000000 00:00 0 
7f33307f9000-7f33307fc000 ---p 00000000 00:00 0 
7f33307fc000-7f3330ffa000 rw-p 00000000 00:00 0 
7f3330ffa000-7f3330ffd000 ---p 00000000 00:00 0 
7f3330ffd000-7f33317fb000 rw-p 00000000 00:00 0 
7f33317fb000-7f33317fe000 ---p 00000000 00:00 0 
7f33317fe000-7f3331ffc000 rw-p 00000000 00:00 0 
7f3331ffc000-7f3331fff000 ---p 00000000 00:00 0 
7f3331fff000-7f33327fd000 rw-p 00000000 00:00 0 
7f33327fd000-7f3332800000 ---p 00000000 00:00 0 
7f3332800000-7f3332ffe000 rw-p 00000000 00:00 0 
7f3332ffe000-7f3333001000 ---p 00000000 00:00 0 
7f3333001000-7f33337ff000 rw-p 00000000 00:00 0 
7f33337ff000-7f3333802000 ---p 00000000 00:00 0 
7f3333802000-7f3334000000 rw-p 00000000 00:00 0 
7f3334000000-7f3334021000 rw-p 00000000 00:00 0 
7f3334021000-7f3338000000 ---p 00000000 00:00 0 
7f3338000000-7f33380d8000 rw-p 00000000 00:00 0 
7f33380d8000-7f333c000000 ---p 00000000 00:00 0 
7f333c000000-7f333c0da000 rw-p 00000000 00:00 0 
7f333c0da000-7f3340000000 ---p 00000000 00:00 0 
7f3340000000-7f3340021000 rw-p 00000000 00:00 0 
7f3340021000-7f3344000000 ---p 00000000 00:00 0 
7f3344000000-7f3344021000 rw-p 00000000 00:00 0 
7f3344021000-7f3348000000 ---p 00000000 00:00 0 
7f3348000000-7f3348134000 rw-p 00000000 00:00 0 
7f3348134000-7f334c000000 ---p 00000000 00:00 0 
7f334c000000-7f334c021000 rw-p 00000000 00:00 0 
7f334c021000-7f3350000000 ---p 00000000 00:00 0 
7f3350000000-7f3350021000 rw-p 00000000 00:00 0 
7f3350021000-7f3354000000 ---p 00000000 00:00 0 
7f3354000000-7f3354021000 rw-p 00000000 00:00 0 
7f3354021000-7f3358000000 ---p 00000000 00:00 0 
7f3358000000-7f3358021000 rw-p 00000000 00:00 0 
7f3358021000-7f335c000000 ---p 00000000 00:00 0 
7f335c000000-7f335c021000 rw-p 00000000 00:00 0 
7f335c021000-7f3360000000 ---p 00000000 00:00 0 
7f3360000000-7f3360021000 rw-p 00000000 00:00 0 
7f3360021000-7f3364000000 ---p 00000000 00:00 0 
7f3364000000-7f3364021000 rw-p 00000000 00:00 0 
7f3364021000-7f3368000000 ---p 00000000 00:00 0 
7f33682ff000-7f3368302000 ---p 00000000 00:00 0 
7f3368302000-7f3368400000 rw-p 00000000 00:00 0 
7f3368400000-7f3368403000 ---p 00000000 00:00 0 
7f3368403000-7f3368501000 rw-p 00000000 00:00 0 
7f3368501000-7f3368504000 ---p 00000000 00:00 0 
7f3368504000-7f3368d02000 rw-p 00000000 00:00 0 
7f3368d02000-7f3368d1a000 r-xp 00000000 08:07 794742                     /tmp/simgrid-java7803428394075127731/libsimgrid-java.so (deleted)
7f3368d1a000-7f3368f1a000 ---p 00018000 08:07 794742                     /tmp/simgrid-java7803428394075127731/libsimgrid-java.so (deleted)
7f3368f1a000-7f3368f1b000 rw-p 00018000 08:07 794742                     /tmp/simgrid-java7803428394075127731/libsimgrid-java.so (deleted)
7f3368f1b000-7f3368f31000 r-xp 00000000 08:07 528568                     /lib/x86_64-linux-gnu/libgcc_s.so.1
7f3368f31000-7f3369130000 ---p 00016000 08:07 528568                     /lib/x86_64-linux-gnu/libgcc_s.so.1
7f3369130000-7f3369131000 r--p 00015000 08:07 528568                     /lib/x86_64-linux-gnu/libgcc_s.so.1
7f3369131000-7f3369132000 rw-p 00016000 08:07 528568                     /lib/x86_64-linux-gnu/libgcc_s.so.1
7f3369132000-7f33692a5000 r-xp 00000000 08:07 1059329                    /usr/lib/x86_64-linux-gnu/libstdc++.so.6.0.21
7f33692a5000-7f33694a4000 ---p 00173000 08:07 1059329                    /usr/lib/x86_64-linux-gnu/libstdc++.so.6.0.21
7f33694a4000-7f33694ae000 r--p 00172000 08:07 1059329                    /usr/lib/x86_64-linux-gnu/libstdc++.so.6.0.21
7f33694ae000-7f33694b0000 rw-p 0017c000 08:07 1059329                    /usr/lib/x86_64-linux-gnu/libstdc++.so.6.0.21
7f33694b0000-7f33694b4000 rw-p 00000000 00:00 0 
7f33694b4000-7f3369779000 r-xp 00000000 08:07 794736                     /tmp/simgrid-java7803428394075127731/libsimgrid.so (deleted)
7f3369779000-7f3369979000 ---p 002c5000 08:07 794736                     /tmp/simgrid-java7803428394075127731/libsimgrid.so (deleted)
7f3369979000-7f33699b4000 rw-p 002c5000 08:07 794736                     /tmp/simgrid-java7803428394075127731/libsimgrid.so (deleted)
7f33699b4000-7f3369cbd000 rw-p 00000000 00:00 0 
7f3369cbd000-7f3369cd4000 r-xp 00000000 08:07 663689                     /home/elixandre/jdk1.7.0_80/jre/lib/amd64/libnet.so
7f3369cd4000-7f3369ed3000 ---p 00017000 08:07 663689                     /home/elixandre/jdk1.7.0_80/jre/lib/amd64/libnet.so
7f3369ed3000-7f3369ed4000 rw-p 00016000 08:07 663689                     /home/elixandre/jdk1.7.0_80/jre/lib/amd64/libnet.so
7f3369ed4000-7f3369ee4000 r-xp 00000000 08:07 663688                     /home/elixandre/jdk1.7.0_80/jre/lib/amd64/libnio.so
7f3369ee4000-7f336a0e4000 ---p 00010000 08:07 663688                     /home/elixandre/jdk1.7.0_80/jre/lib/amd64/libnio.so
7f336a0e4000-7f336a0e5000 rw-p 00010000 08:07 663688                     /home/elixandre/jdk1.7.0_80/jre/lib/amd64/libnio.so
7f336a0e5000-7f336a0e6000 ---p 00000000 00:00 0 
7f336a0e6000-7f336a1e6000 rw-p 00000000 00:00 0 
7f336a1e6000-7f336a1e9000 ---p 00000000 00:00 0 
7f336a1e9000-7f336a2e7000 rw-p 00000000 00:00 0 
7f336a2e7000-7f336a2ea000 ---p 00000000 00:00 0 
7f336a2ea000-7f336a3e8000 rw-p 00000000 00:00 0 
7f336a3e8000-7f336a3eb000 ---p 00000000 00:00 0 
7f336a3eb000-7f336a4e9000 rw-p 00000000 00:00 0 
7f336a4e9000-7f336a4ec000 ---p 00000000 00:00 0 
7f336a4ec000-7f336a5ea000 rw-p 00000000 00:00 0 
7f336a5ea000-7f336accd000 r--p 00000000 08:07 1055607                    /usr/lib/locale/locale-archive
7f336accd000-7f336acd0000 ---p 00000000 00:00 0 
7f336acd0000-7f336adce000 rw-p 00000000 00:00 0 
7f336adce000-7f336add1000 ---p 00000000 00:00 0 
7f336add1000-7f336aecf000 rw-p 00000000 00:00 0 
7f336aecf000-7f336aed0000 ---p 00000000 00:00 0 
7f336aed0000-7f336d000000 rw-p 00000000 00:00 0 
7f336d000000-7f336d270000 rwxp 00000000 00:00 0 
7f336d270000-7f3370437000 rw-p 00000000 00:00 0 
7f3370437000-7f3374000000 ---p 00000000 00:00 0 
7f33740e8000-7f33750e7000 rw-p 00000000 00:00 0 
7f33750e7000-7f33752a7000 r--s 039fb000 08:07 663892                     /home/elixandre/jdk1.7.0_80/jre/lib/rt.jar
7f33752a7000-7f33755a3000 rw-p 00000000 00:00 0 
7f33755a3000-7f33755a4000 ---p 00000000 00:00 0 
7f33755a4000-7f33756a4000 rw-p 00000000 00:00 0 
7f33756a4000-7f33756a5000 ---p 00000000 00:00 0 
7f33756a5000-7f33757a5000 rw-p 00000000 00:00 0 
7f33757a5000-7f33757a6000 ---p 00000000 00:00 0 
7f33757a6000-7f33758a6000 rw-p 00000000 00:00 0 
7f33758a6000-7f33758a7000 ---p 00000000 00:00 0 
7f33758a7000-7f33759b2000 rw-p 00000000 00:00 0 
7f33759b2000-7f33759d0000 rw-p 00000000 00:00 0 
7f33759d0000-7f33759e4000 rw-p 00000000 00:00 0 
7f33759e4000-7f3375b0c000 rw-p 00000000 00:00 0 
7f3375b0c000-7f3375b17000 rw-p 00000000 00:00 0 
7f3375b17000-7f3375b35000 rw-p 00000000 00:00 0 
7f3375b35000-7f3375b49000 rw-p 00000000 00:00 0 
7f3375b49000-7f3375c71000 rw-p 00000000 00:00 0 
7f3375c71000-7f3375c7b000 rw-p 00000000 00:00 0 
7f3375c7b000-7f3375d0f000 rw-p 00000000 00:00 0 
7f3375d0f000-7f3375d10000 rw-p 00000000 00:00 0 
7f3375d10000-7f3375d27000 r-xp 00000000 08:07 663687                     /home/elixandre/jdk1.7.0_80/jre/lib/amd64/libzip.so
7f3375d27000-7f3375f27000 ---p 00017000 08:07 663687                     /home/elixandre/jdk1.7.0_80/jre/lib/amd64/libzip.so
7f3375f27000-7f3375f28000 rw-p 00017000 08:07 663687                     /home/elixandre/jdk1.7.0_80/jre/lib/amd64/libzip.so
7f3375f28000-7f3375f32000 r-xp 00000000 08:07 529521                     /lib/x86_64-linux-gnu/libnss_files-2.21.so
7f3375f32000-7f3376132000 ---p 0000a000 08:07 529521                     /lib/x86_64-linux-gnu/libnss_files-2.21.so
7f3376132000-7f3376133000 r--p 0000a000 08:07 529521                     /lib/x86_64-linux-gnu/libnss_files-2.21.so
7f3376133000-7f3376134000 rw-p 0000b000 08:07 529521                     /lib/x86_64-linux-gnu/libnss_files-2.21.so
7f3376134000-7f337613f000 r-xp 00000000 08:07 529535                     /lib/x86_64-linux-gnu/libnss_nis-2.21.so
7f337613f000-7f337633e000 ---p 0000b000 08:07 529535                     /lib/x86_64-linux-gnu/libnss_nis-2.21.so
7f337633e000-7f337633f000 r--p 0000a000 08:07 529535                     /lib/x86_64-linux-gnu/libnss_nis-2.21.so
7f337633f000-7f3376340000 rw-p 0000b000 08:07 529535                     /lib/x86_64-linux-gnu/libnss_nis-2.21.so
7f3376340000-7f3376357000 r-xp 00000000 08:07 529538                     /lib/x86_64-linux-gnu/libnsl-2.21.so
7f3376357000-7f3376556000 ---p 00017000 08:07 529538                     /lib/x86_64-linux-gnu/libnsl-2.21.so
7f3376556000-7f3376557000 r--p 00016000 08:07 529538                     /lib/x86_64-linux-gnu/libnsl-2.21.so
7f3376557000-7f3376558000 rw-p 00017000 08:07 529538                     /lib/x86_64-linux-gnu/libnsl-2.21.so
7f3376558000-7f337655a000 rw-p 00000000 00:00 0 
7f337655a000-7f3376562000 r-xp 00000000 08:07 529523                     /lib/x86_64-linux-gnu/libnss_compat-2.21.so
7f3376562000-7f3376761000 ---p 00008000 08:07 529523                     /lib/x86_64-linux-gnu/libnss_compat-2.21.so
7f3376761000-7f3376762000 r--p 00007000 08:07 529523                     /lib/x86_64-linux-gnu/libnss_compat-2.21.so
7f3376762000-7f3376763000 rw-p 00008000 08:07 529523                     /lib/x86_64-linux-gnu/libnss_compat-2.21.so
7f3376763000-7f337678c000 r-xp 00000000 08:07 663623                     /home/elixandre/jdk1.7.0_80/jre/lib/amd64/libjava.so
7f337678c000-7f337698c000 ---p 00029000 08:07 663623                     /home/elixandre/jdk1.7.0_80/jre/lib/amd64/libjava.so
7f337698c000-7f337698e000 rw-p 00029000 08:07 663623                     /home/elixandre/jdk1.7.0_80/jre/lib/amd64/libjava.so
7f337698e000-7f337699b000 r-xp 00000000 08:07 663501                     /home/elixandre/jdk1.7.0_80/jre/lib/amd64/libverify.so
7f337699b000-7f3376b9a000 ---p 0000d000 08:07 663501                     /home/elixandre/jdk1.7.0_80/jre/lib/amd64/libverify.so
7f3376b9a000-7f3376b9c000 rw-p 0000c000 08:07 663501                     /home/elixandre/jdk1.7.0_80/jre/lib/amd64/libverify.so
7f3376b9c000-7f3376ba3000 r-xp 00000000 08:07 529522                     /lib/x86_64-linux-gnu/librt-2.21.so
7f3376ba3000-7f3376da2000 ---p 00007000 08:07 529522                     /lib/x86_64-linux-gnu/librt-2.21.so
7f3376da2000-7f3376da3000 r--p 00006000 08:07 529522                     /lib/x86_64-linux-gnu/librt-2.21.so
7f3376da3000-7f3376da4000 rw-p 00007000 08:07 529522                     /lib/x86_64-linux-gnu/librt-2.21.so
7f3376da4000-7f3376eab000 r-xp 00000000 08:07 529524                     /lib/x86_64-linux-gnu/libm-2.21.so
7f3376eab000-7f33770aa000 ---p 00107000 08:07 529524                     /lib/x86_64-linux-gnu/libm-2.21.so
7f33770aa000-7f33770ab000 r--p 00106000 08:07 529524                     /lib/x86_64-linux-gnu/libm-2.21.so
7f33770ab000-7f33770ac000 rw-p 00107000 08:07 529524                     /lib/x86_64-linux-gnu/libm-2.21.so
7f33770ac000-7f3377c22000 r-xp 00000000 08:07 663273                     /home/elixandre/jdk1.7.0_80/jre/lib/amd64/server/libjvm.so
7f3377c22000-7f3377e21000 ---p 00b76000 08:07 663273                     /home/elixandre/jdk1.7.0_80/jre/lib/amd64/server/libjvm.so
7f3377e21000-7f3377ee5000 rw-p 00b75000 08:07 663273                     /home/elixandre/jdk1.7.0_80/jre/lib/amd64/server/libjvm.so
7f3377ee5000-7f3377f26000 rw-p 00000000 00:00 0 
7f3377f26000-7f33780e6000 r-xp 00000000 08:07 529541                     /lib/x86_64-linux-gnu/libc-2.21.so
7f33780e6000-7f33782e6000 ---p 001c0000 08:07 529541                     /lib/x86_64-linux-gnu/libc-2.21.so
7f33782e6000-7f33782ea000 r--p 001c0000 08:07 529541                     /lib/x86_64-linux-gnu/libc-2.21.so
7f33782ea000-7f33782ec000 rw-p 001c4000 08:07 529541                     /lib/x86_64-linux-gnu/libc-2.21.so
7f33782ec000-7f33782f0000 rw-p 00000000 00:00 0 
7f33782f0000-7f33782f3000 r-xp 00000000 08:07 529528                     /lib/x86_64-linux-gnu/libdl-2.21.so
7f33782f3000-7f33784f2000 ---p 00003000 08:07 529528                     /lib/x86_64-linux-gnu/libdl-2.21.so
7f33784f2000-7f33784f3000 r--p 00002000 08:07 529528                     /lib/x86_64-linux-gnu/libdl-2.21.so
7f33784f3000-7f33784f4000 rw-p 00003000 08:07 529528                     /lib/x86_64-linux-gnu/libdl-2.21.so
7f33784f4000-7f3378509000 r-xp 00000000 08:07 663695                     /home/elixandre/jdk1.7.0_80/lib/amd64/jli/libjli.so
7f3378509000-7f3378708000 ---p 00015000 08:07 663695                     /home/elixandre/jdk1.7.0_80/lib/amd64/jli/libjli.so
7f3378708000-7f3378709000 rw-p 00014000 08:07 663695                     /home/elixandre/jdk1.7.0_80/lib/amd64/jli/libjli.so
7f3378709000-7f3378721000 r-xp 00000000 08:07 529525                     /lib/x86_64-linux-gnu/libpthread-2.21.so
7f3378721000-7f3378921000 ---p 00018000 08:07 529525                     /lib/x86_64-linux-gnu/libpthread-2.21.so
7f3378921000-7f3378922000 r--p 00018000 08:07 529525                     /lib/x86_64-linux-gnu/libpthread-2.21.so
7f3378922000-7f3378923000 rw-p 00019000 08:07 529525                     /lib/x86_64-linux-gnu/libpthread-2.21.so
7f3378923000-7f3378927000 rw-p 00000000 00:00 0 
7f3378927000-7f337894b000 r-xp 00000000 08:07 529539                     /lib/x86_64-linux-gnu/ld-2.21.so
7f3378955000-7f3378974000 rw-p 00000000 00:00 0 
7f3378974000-7f3378a2a000 rw-p 00000000 00:00 0 
7f3378a2a000-7f3378a2d000 ---p 00000000 00:00 0 
7f3378a2d000-7f3378b2f000 rw-p 00000000 00:00 0 
7f3378b37000-7f3378b3b000 r--s 0008b000 08:07 663627                     /home/elixandre/jdk1.7.0_80/jre/lib/jsse.jar
7f3378b3b000-7f3378b3e000 r--s 00f76000 08:07 542783                     /home/elixandre/Downloads/simgrid.jar
7f3378b3e000-7f3378b46000 rw-s 00000000 08:07 544733                     /tmp/hsperfdata_elixandre/6074 (deleted)
7f3378b46000-7f3378b47000 rw-p 00000000 00:00 0 
7f3378b47000-7f3378b48000 ---p 00000000 00:00 0 
7f3378b48000-7f3378b4a000 rw-p 00000000 00:00 0 
7f3378b4a000-7f3378b4b000 r--p 00023000 08:07 529539                     /lib/x86_64-linux-gnu/ld-2.21.so
7f3378b4b000-7f3378b4c000 rw-p 00024000 08:07 529539                     /lib/x86_64-linux-gnu/ld-2.21.so
7f3378b4c000-7f3378b4d000 rw-p 00000000 00:00 0 
7fff943c2000-7fff943e3000 rw-p 00000000 00:00 0                          [stack]
7fff943e8000-7fff943ea000 r--p 00000000 00:00 0                          [vvar]
7fff943ea000-7fff943ec000 r-xp 00000000 00:00 0                          [vdso]
ffffffffff600000-ffffffffff601000 r-xp 00000000 00:00 0                  [vsyscall]

VM Arguments:
jvm_args: -Dfile.encoding=UTF-8 
java_command: vcube.VCube platform.xml deployment.xml
Launcher Type: SUN_STANDARD

Environment Variables:
PATH=/usr/local/sbin:/usr/local/bin:/usr/sbin:/usr/bin:/sbin:/bin:/usr/games:/usr/local/games:/home/elixandre/.rvm/bin
LD_LIBRARY_PATH=/home/elixandre/jdk1.7.0_80/jre/lib/amd64:/home/elixandre/jdk1.7.0_80/jre/lib/i386:
SHELL=/bin/bash
DISPLAY=:0

Signal Handlers:
SIGSEGV: [libjvm.so+0x9a3b20], sa_mask[0]=0x7ffbfeff, sa_flags=0x10000004
SIGBUS: [libjvm.so+0x9a3b20], sa_mask[0]=0x7ffbfeff, sa_flags=0x10000004
SIGFPE: [libjvm.so+0x81e740], sa_mask[0]=0x7ffbfeff, sa_flags=0x10000004
SIGPIPE: [libjvm.so+0x81e740], sa_mask[0]=0x7ffbfeff, sa_flags=0x10000004
SIGXFSZ: [libjvm.so+0x81e740], sa_mask[0]=0x7ffbfeff, sa_flags=0x10000004
SIGILL: [libjvm.so+0x81e740], sa_mask[0]=0x7ffbfeff, sa_flags=0x10000004
SIGUSR1: SIG_DFL, sa_mask[0]=0x00000000, sa_flags=0x00000000
SIGUSR2: [libjvm.so+0x81ffb0], sa_mask[0]=0x00000004, sa_flags=0x10000004
SIGHUP: [libjvm.so+0x8210d0], sa_mask[0]=0x7ffbfeff, sa_flags=0x10000004
SIGINT: [libsimgrid.so+0x8ff50], sa_mask[0]=0x00000002, sa_flags=0x10000000
SIGTERM: [libjvm.so+0x8210d0], sa_mask[0]=0x7ffbfeff, sa_flags=0x10000004
SIGQUIT: [libjvm.so+0x8210d0], sa_mask[0]=0x7ffbfeff, sa_flags=0x10000004


---------------  S Y S T E M  ---------------

OS:jessie/sid

uname:Linux 4.2.0-42-generic #49-Ubuntu SMP Tue Jun 28 21:26:26 UTC 2016 x86_64
libc:glibc 2.21 NPTL 2.21 
rlimit: STACK 8192k, CORE 0k, NPROC 15009, NOFILE 65536, AS infinity
load average:0.30 0.32 0.20

/proc/meminfo:
MemTotal:        3879128 kB
MemFree:         1040260 kB
MemAvailable:    1979492 kB
Buffers:           80920 kB
Cached:          1132384 kB
SwapCached:         2720 kB
Active:          1479076 kB
Inactive:        1120740 kB
Active(anon):     891096 kB
Inactive(anon):   656204 kB
Active(file):     587980 kB
Inactive(file):   464536 kB
Unevictable:          32 kB
Mlocked:              32 kB
SwapTotal:        975868 kB
SwapFree:         947612 kB
Dirty:             12784 kB
Writeback:             0 kB
AnonPages:       1384228 kB
Mapped:           289528 kB
Shmem:            160788 kB
Slab:             144856 kB
SReclaimable:     111300 kB
SUnreclaim:        33556 kB
KernelStack:        9008 kB
PageTables:        33928 kB
NFS_Unstable:          0 kB
Bounce:                0 kB
WritebackTmp:          0 kB
CommitLimit:     2915432 kB
Committed_AS:    5088128 kB
VmallocTotal:   34359738367 kB
VmallocUsed:      347648 kB
VmallocChunk:   34358947836 kB
HardwareCorrupted:     0 kB
AnonHugePages:    987136 kB
CmaTotal:              0 kB
CmaFree:               0 kB
HugePages_Total:       0
HugePages_Free:        0
HugePages_Rsvd:        0
HugePages_Surp:        0
Hugepagesize:       2048 kB
DirectMap4k:      131832 kB
DirectMap2M:     3895296 kB


CPU:total 4 (2 cores per cpu, 2 threads per core) family 6 model 58 stepping 9, cmov, cx8, fxsr, mmx, sse, sse2, sse3, ssse3, sse4.1, sse4.2, popcnt, avx, erms, ht, tsc, tscinvbit, tscinv

/proc/cpuinfo:
processor	: 0
vendor_id	: GenuineIntel
cpu family	: 6
model		: 58
model name	: Intel(R) Core(TM) i7-3517U CPU @ 1.90GHz
stepping	: 9
microcode	: 0x12
cpu MHz		: 823.406
cache size	: 4096 KB
physical id	: 0
siblings	: 4
core id		: 0
cpu cores	: 2
apicid		: 0
initial apicid	: 0
fpu		: yes
fpu_exception	: yes
cpuid level	: 13
wp		: yes
flags		: fpu vme de pse tsc msr pae mce cx8 apic sep mtrr pge mca cmov pat pse36 clflush dts acpi mmx fxsr sse sse2 ss ht tm pbe syscall nx rdtscp lm constant_tsc arch_perfmon pebs bts rep_good nopl xtopology nonstop_tsc aperfmperf eagerfpu pni pclmulqdq dtes64 monitor ds_cpl vmx est tm2 ssse3 cx16 xtpr pdcm pcid sse4_1 sse4_2 x2apic popcnt tsc_deadline_timer xsave avx f16c rdrand lahf_lm ida arat epb pln pts dtherm tpr_shadow vnmi flexpriority ept vpid fsgsbase smep erms xsaveopt
bugs		:
bogomips	: 4789.11
clflush size	: 64
cache_alignment	: 64
address sizes	: 36 bits physical, 48 bits virtual
power management:

processor	: 1
vendor_id	: GenuineIntel
cpu family	: 6
model		: 58
model name	: Intel(R) Core(TM) i7-3517U CPU @ 1.90GHz
stepping	: 9
microcode	: 0x12
cpu MHz		: 964.125
cache size	: 4096 KB
physical id	: 0
siblings	: 4
core id		: 0
cpu cores	: 2
apicid		: 1
initial apicid	: 1
fpu		: yes
fpu_exception	: yes
cpuid level	: 13
wp		: yes
flags		: fpu vme de pse tsc msr pae mce cx8 apic sep mtrr pge mca cmov pat pse36 clflush dts acpi mmx fxsr sse sse2 ss ht tm pbe syscall nx rdtscp lm constant_tsc arch_perfmon pebs bts rep_good nopl xtopology nonstop_tsc aperfmperf eagerfpu pni pclmulqdq dtes64 monitor ds_cpl vmx est tm2 ssse3 cx16 xtpr pdcm pcid sse4_1 sse4_2 x2apic popcnt tsc_deadline_timer xsave avx f16c rdrand lahf_lm ida arat epb pln pts dtherm tpr_shadow vnmi flexpriority ept vpid fsgsbase smep erms xsaveopt
bugs		:
bogomips	: 4789.11
clflush size	: 64
cache_alignment	: 64
address sizes	: 36 bits physical, 48 bits virtual
power management:

processor	: 2
vendor_id	: GenuineIntel
cpu family	: 6
model		: 58
model name	: Intel(R) Core(TM) i7-3517U CPU @ 1.90GHz
stepping	: 9
microcode	: 0x12
cpu MHz		: 1099.312
cache size	: 4096 KB
physical id	: 0
siblings	: 4
core id		: 1
cpu cores	: 2
apicid		: 2
initial apicid	: 2
fpu		: yes
fpu_exception	: yes
cpuid level	: 13
wp		: yes
flags		: fpu vme de pse tsc msr pae mce cx8 apic sep mtrr pge mca cmov pat pse36 clflush dts acpi mmx fxsr sse sse2 ss ht tm pbe syscall nx rdtscp lm constant_tsc arch_perfmon pebs bts rep_good nopl xtopology nonstop_tsc aperfmperf eagerfpu pni pclmulqdq dtes64 monitor ds_cpl vmx est tm2 ssse3 cx16 xtpr pdcm pcid sse4_1 sse4_2 x2apic popcnt tsc_deadline_timer xsave avx f16c rdrand lahf_lm ida arat epb pln pts dtherm tpr_shadow vnmi flexpriority ept vpid fsgsbase smep erms xsaveopt
bugs		:
bogomips	: 4789.11
clflush size	: 64
cache_alignment	: 64
address sizes	: 36 bits physical, 48 bits virtual
power management:

processor	: 3
vendor_id	: GenuineIntel
cpu family	: 6
model		: 58
model name	: Intel(R) Core(TM) i7-3517U CPU @ 1.90GHz
stepping	: 9
microcode	: 0x12
cpu MHz		: 1140.281
cache size	: 4096 KB
physical id	: 0
siblings	: 4
core id		: 1
cpu cores	: 2
apicid		: 3
initial apicid	: 3
fpu		: yes
fpu_exception	: yes
cpuid level	: 13
wp		: yes
flags		: fpu vme de pse tsc msr pae mce cx8 apic sep mtrr pge mca cmov pat pse36 clflush dts acpi mmx fxsr sse sse2 ss ht tm pbe syscall nx rdtscp lm constant_tsc arch_perfmon pebs bts rep_good nopl xtopology nonstop_tsc aperfmperf eagerfpu pni pclmulqdq dtes64 monitor ds_cpl vmx est tm2 ssse3 cx16 xtpr pdcm pcid sse4_1 sse4_2 x2apic popcnt tsc_deadline_timer xsave avx f16c rdrand lahf_lm ida arat epb pln pts dtherm tpr_shadow vnmi flexpriority ept vpid fsgsbase smep erms xsaveopt
bugs		:
bogomips	: 4789.11
clflush size	: 64
cache_alignment	: 64
address sizes	: 36 bits physical, 48 bits virtual
power management:



Memory: 4k page, physical 3879128k(1040260k free), swap 975868k(947612k free)

vm_info: Java HotSpot(TM) 64-Bit Server VM (24.80-b11) for linux-amd64 JRE (1.7.0_80-b15), built on Apr 10 2015 19:53:14 by "java_re" with gcc 4.3.0 20080428 (Red Hat 4.3.0-8)

time: Sat Apr 29 14:02:46 2017
elapsed time: 1 seconds

