#
# A fatal error has been detected by the Java Runtime Environment:
#
#  SIGSEGV (0xb) at pc=0x00007fa579dff646, pid=14353, tid=0x00007fa598592700
#
# JRE version: Java(TM) SE Runtime Environment (8.0_111-b14) (build 1.8.0_111-b14)
# Java VM: Java HotSpot(TM) 64-Bit Server VM (25.111-b14 mixed mode linux-amd64 compressed oops)
# Problematic frame:
# C  [libsimgrid.so+0x84646]  MSG_task_destroy+0x16
#
# Failed to write core dump. Core dumps have been disabled. To enable core dumping, try "ulimit -c unlimited" before starting Java again
#
# If you would like to submit a bug report, please visit:
#   http://bugreport.java.com/bugreport/crash.jsp
# The crash happened outside the Java Virtual Machine in native code.
# See problematic frame for where to report the bug.
#

---------------  T H R E A D  ---------------

Current thread (0x00007fa5a8084000):  JavaThread "Finalizer" daemon [_thread_in_native, id=14365, stack(0x00007fa598492000,0x00007fa598593000)]

siginfo: si_signo: 11 (SIGSEGV), si_code: 1 (SEGV_MAPERR), si_addr: 0x000000000000007d

Registers:
RAX=0x0000000000000025, RBX=0x00007fa51c01c7f0, RCX=0x00007fa598591480, RDX=0x0000000000000042
RSP=0x00007fa598591410, RBP=0x00007fa5985914c0, RSI=0x00007fa598591480, RDI=0x00007fa51c01c7f0
R8 =0x0000000000000def, R9 =0x00000000d66236c0, R10=0x0000000000000004, R11=0x00007fa5b07bcf88
R12=0x0000000000000000, R13=0x00007fa5985914e0, R14=0x00007fa5acdf5e90, R15=0x00007fa5a8084000
RIP=0x00007fa579dff646, EFLAGS=0x0000000000010206, CSGSFS=0x0000000000000033, ERR=0x0000000000000004
  TRAPNO=0x000000000000000e

Top of Stack: (sp=0x00007fa598591410)
0x00007fa598591410:   00007fa598591470 00007fa5b0105f5f
0x00007fa598591420:   00007fa5800036e0 00007fa5a8084000
0x00007fa598591430:   ffffffffffffffff 00000001ffffffff
0x00007fa598591440:   00007fa5a807f000 00007fa5a804cd30
0x00007fa598591450:   00007fa5a8084000 00007fa5795d5de7
0x00007fa598591460:   00007fa5800036c8 00007fa5acdf1e38
0x00007fa598591470:   00007fa5985914c0 00007fa599185be6
0x00007fa598591480:   00000000d66236c0 00007fa580006300
0x00007fa598591490:   00007fa5800062e0 00007fa5a8084000
0x00007fa5985914a0:   00007fa598591530 00007fa5a804cd30
0x00007fa5985914b0:   00000000d64e6098 00007fa5a8084000
0x00007fa5985914c0:   00007fa598591528 00007fa5990082bd
0x00007fa5985914d0:   00007fa598591510 00007fa5990082bd
0x00007fa5985914e0:   00000000d66236c0 00007fa5985914e8
0x00007fa5985914f0:   00007fa5acdf1d71 00007fa598591540
0x00007fa598591500:   00007fa5acdf2cb8 00007fa5acdf5e90
0x00007fa598591510:   00007fa5acdf1d98 00007fa5985914e0
0x00007fa598591520:   00007fa598591540 00007fa598591588
0x00007fa598591530:   00007fa5990082bd 0000000000000000
0x00007fa598591540:   00000000d66236c0 00007fa598591548
0x00007fa598591550:   00007fa5acb591f1 00007fa5985915a0
0x00007fa598591560:   00007fa5acb59288 00007fa5acd10808
0x00007fa598591570:   00007fa5acb59200 00007fa598591540
0x00007fa598591580:   00007fa598591598 00007fa5985915f8
0x00007fa598591590:   00007fa599008302 00000000d66236c0
0x00007fa5985915a0:   00000000d6489f90 0000000000000009
0x00007fa5985915b0:   0000000000000000 00007fa5985915a8
0x00007fa5985915c0:   00007fa5aca0d5e6 00007fa598591620
0x00007fa5985915d0:   00007fa5aca8ee10 00007fa5acd102e8
0x00007fa5985915e0:   00007fa5aca0d628 00007fa598591598
0x00007fa5985915f0:   00007fa598591618 00007fa598591668
0x00007fa598591600:   00007fa5990082bd 0000000000000000 

Instructions: (pc=0x00007fa579dff646)
0x00007fa579dff626:   ff 66 0f 1f 84 00 00 00 00 00 55 53 48 83 ec 58
0x00007fa579dff636:   48 85 ff 0f 84 01 01 00 00 48 8b 47 08 48 89 fb
0x00007fa579dff646:   48 83 78 58 00 74 05 e8 4e 04 fe ff 48 8b 2d 5f
0x00007fa579dff656:   43 44 00 8b 55 28 85 d2 0f 84 bc 00 00 00 83 7d 

Register to memory mapping:

RAX=0x0000000000000025 is an unknown value
RBX=0x00007fa51c01c7f0 is an unknown value
RCX=0x00007fa598591480 is pointing into the stack for thread: 0x00007fa5a8084000
RDX=0x0000000000000042 is an unknown value
RSP=0x00007fa598591410 is pointing into the stack for thread: 0x00007fa5a8084000
RBP=0x00007fa5985914c0 is pointing into the stack for thread: 0x00007fa5a8084000
RSI=0x00007fa598591480 is pointing into the stack for thread: 0x00007fa5a8084000
RDI=0x00007fa51c01c7f0 is an unknown value
R8 =0x0000000000000def is an unknown value
R9 =0x00000000d66236c0 is an oop
vcube.VCubeTask 
 - klass: 'vcube/VCubeTask'
R10=0x0000000000000004 is an unknown value
R11=0x00007fa5b07bcf88: <offset 0xfc3f88> in /home/elixandrebaldi/jdk1.8.0_111/jre/lib/amd64/server/libjvm.so at 0x00007fa5af7f9000
R12=0x0000000000000000 is an unknown value
R13=0x00007fa5985914e0 is pointing into the stack for thread: 0x00007fa5a8084000
R14=0x00007fa5acdf5e90 is pointing into metadata
R15=0x00007fa5a8084000 is a thread


Stack: [0x00007fa598492000,0x00007fa598593000],  sp=0x00007fa598591410,  free space=1021k
Native frames: (J=compiled Java code, j=interpreted, Vv=VM code, C=native code)
C  [libsimgrid.so+0x84646]  MSG_task_destroy+0x16
j  org.simgrid.msg.Task.finalize()V+1
j  java.lang.System$2.invokeFinalize(Ljava/lang/Object;)V+1
j  java.lang.ref.Finalizer.runFinalizer(Lsun/misc/JavaLangAccess;)V+46
j  java.lang.ref.Finalizer.access$100(Ljava/lang/ref/Finalizer;Lsun/misc/JavaLangAccess;)V+2
j  java.lang.ref.Finalizer$FinalizerThread.run()V+45
v  ~StubRoutines::call_stub
V  [libjvm.so+0x690206]  JavaCalls::call_helper(JavaValue*, methodHandle*, JavaCallArguments*, Thread*)+0x1056
V  [libjvm.so+0x690711]  JavaCalls::call_virtual(JavaValue*, KlassHandle, Symbol*, Symbol*, JavaCallArguments*, Thread*)+0x321
V  [libjvm.so+0x690bb7]  JavaCalls::call_virtual(JavaValue*, Handle, KlassHandle, Symbol*, Symbol*, Thread*)+0x47
V  [libjvm.so+0x7278f0]  thread_entry(JavaThread*, Thread*)+0xa0
V  [libjvm.so+0xa742b3]  JavaThread::thread_main_inner()+0x103
V  [libjvm.so+0xa743fc]  JavaThread::run()+0x11c
V  [libjvm.so+0x924ea8]  java_start(Thread*)+0x108
C  [libpthread.so.0+0x76ba]  start_thread+0xca

Java frames: (J=compiled Java code, j=interpreted, Vv=VM code)
J 231  org.simgrid.msg.Task.nativeFinalize()V (0 bytes) @ 0x00007fa599185b78 [0x00007fa599185b40+0x38]
j  org.simgrid.msg.Task.finalize()V+1
j  java.lang.System$2.invokeFinalize(Ljava/lang/Object;)V+1
j  java.lang.ref.Finalizer.runFinalizer(Lsun/misc/JavaLangAccess;)V+46
j  java.lang.ref.Finalizer.access$100(Ljava/lang/ref/Finalizer;Lsun/misc/JavaLangAccess;)V+2
j  java.lang.ref.Finalizer$FinalizerThread.run()V+45
v  ~StubRoutines::call_stub

---------------  P R O C E S S  ---------------

Java Threads: ( => current thread )
  0x00007fa508001000 JavaThread "Thread-15" [_thread_in_native, id=14385, stack(0x00007fa535ffc000,0x00007fa5367fd000)]
  0x00007fa514001000 JavaThread "Thread-14" [_thread_in_native, id=14386, stack(0x00007fa5357fb000,0x00007fa535ffc000)]
  0x00007fa510001000 JavaThread "Thread-13" [_thread_in_native, id=14387, stack(0x00007fa534ffa000,0x00007fa5357fb000)]
  0x00007fa51c001000 JavaThread "Thread-12" [_thread_in_native, id=14384, stack(0x00007fa5367fd000,0x00007fa536ffe000)]
  0x00007fa518001000 JavaThread "Thread-16" [_thread_in_native, id=14383, stack(0x00007fa536ffe000,0x00007fa5377ff000)]
  0x00007fa520001000 JavaThread "Thread-10" [_thread_in_native, id=14382, stack(0x00007fa526ffe000,0x00007fa5277ff000)]
  0x00007fa528001000 JavaThread "Thread-8" [_thread_in_native, id=14381, stack(0x00007fa5377ff000,0x00007fa538000000)]
  0x00007fa530001000 JavaThread "Thread-9" [_thread_in_native, id=14379, stack(0x00007fa554ffa000,0x00007fa5557fb000)]
  0x00007fa53c001000 JavaThread "Thread-7" [_thread_in_native, id=14380, stack(0x00007fa5547f9000,0x00007fa554ffa000)]
  0x00007fa544001000 JavaThread "Thread-6" [_thread_in_native, id=14377, stack(0x00007fa555ffc000,0x00007fa5567fd000)]
  0x00007fa538001000 JavaThread "Thread-5" [_thread_in_native, id=14378, stack(0x00007fa5557fb000,0x00007fa555ffc000)]
  0x00007fa540001000 JavaThread "Thread-11" [_thread_in_native, id=14376, stack(0x00007fa5567fd000,0x00007fa556ffe000)]
  0x00007fa54c001000 JavaThread "Thread-4" [_thread_in_native, id=14375, stack(0x00007fa556ffe000,0x00007fa5577ff000)]
  0x00007fa550001000 JavaThread "Thread-3" [_thread_in_native, id=14373, stack(0x00007fa5785c8000,0x00007fa578dc9000)]
  0x00007fa548001000 JavaThread "Thread-2" [_thread_in_native, id=14374, stack(0x00007fa5577ff000,0x00007fa558000000)]
  0x00007fa55c001000 JavaThread "Thread-1" [_thread_in_native, id=14372, stack(0x00007fa578dc9000,0x00007fa5795ca000)]
  0x00007fa5a80c0000 JavaThread "Service Thread" daemon [_thread_blocked, id=14370, stack(0x00007fa57aaad000,0x00007fa57abae000)]
  0x00007fa5a80bd000 JavaThread "C1 CompilerThread2" daemon [_thread_in_vm, id=14369, stack(0x00007fa59808e000,0x00007fa59818f000)]
  0x00007fa5a80bb000 JavaThread "C2 CompilerThread1" daemon [_thread_blocked, id=14368, stack(0x00007fa59818f000,0x00007fa598290000)]
  0x00007fa5a80b8800 JavaThread "C2 CompilerThread0" daemon [_thread_blocked, id=14367, stack(0x00007fa598290000,0x00007fa598391000)]
  0x00007fa5a80b7000 JavaThread "Signal Dispatcher" daemon [_thread_blocked, id=14366, stack(0x00007fa598391000,0x00007fa598492000)]
=>0x00007fa5a8084000 JavaThread "Finalizer" daemon [_thread_in_native, id=14365, stack(0x00007fa598492000,0x00007fa598593000)]
  0x00007fa5a807f000 JavaThread "Reference Handler" daemon [_thread_blocked, id=14364, stack(0x00007fa598593000,0x00007fa598694000)]
  0x00007fa5a800a000 JavaThread "main" [_thread_in_native, id=14358, stack(0x00007fa5b12ec000,0x00007fa5b13ed000)]

Other Threads:
  0x00007fa5a8077800 VMThread [stack: 0x00007fa598694000,0x00007fa598795000] [id=14363]
  0x00007fa5a80c2800 WatcherThread [stack: 0x00007fa57a9ac000,0x00007fa57aaad000] [id=14371]

VM state:not at safepoint (normal execution)

VM Mutex/Monitor currently owned by a thread: None

Heap:
 PSYoungGen      total 17920K, used 5549K [0x00000000d5580000, 0x00000000d6980000, 0x0000000100000000)
  eden space 15360K, 19% used [0x00000000d5580000,0x00000000d586f710,0x00000000d6480000)
  from space 2560K, 99% used [0x00000000d6480000,0x00000000d66fc010,0x00000000d6700000)
  to   space 2560K, 0% used [0x00000000d6700000,0x00000000d6700000,0x00000000d6980000)
 ParOldGen       total 40960K, used 928K [0x0000000080000000, 0x0000000082800000, 0x00000000d5580000)
  object space 40960K, 2% used [0x0000000080000000,0x00000000800e8000,0x0000000082800000)
 Metaspace       used 3748K, capacity 4640K, committed 4864K, reserved 1056768K
  class space    used 415K, capacity 464K, committed 512K, reserved 1048576K

Card table byte_map: [0x00007fa5adc92000,0x00007fa5ae093000] byte_map_base: 0x00007fa5ad892000

Marking Bits: (ParMarkBitMap*) 0x00007fa5b07bc220
 Begin Bits: [0x00007fa588000000, 0x00007fa58a000000)
 End Bits:   [0x00007fa58a000000, 0x00007fa58c000000)

Polling page: 0x00007fa5b140b000

CodeCache: size=245760Kb used=1598Kb max_used=1604Kb free=244161Kb
 bounds [0x00007fa599000000, 0x00007fa599270000, 0x00007fa5a8000000]
 total_blobs=501 nmethods=238 adapters=177
 compilation: enabled

Compilation events (10 events):
Event: 1.158 Thread 0x00007fa5a80bb000  214       4       java.util.regex.Pattern::newSlice (181 bytes)
Event: 1.187 Thread 0x00007fa5a80b8800 nmethod 215 0x00007fa599183b50 code [0x00007fa599183d60, 0x00007fa599184e48]
Event: 1.187 Thread 0x00007fa5a80b8800  216       4       java.lang.StringBuilder::append (8 bytes)
Event: 1.196 Thread 0x00007fa5a80bb000 nmethod 214 0x00007fa599186090 code [0x00007fa599186200, 0x00007fa5991864d8]
Event: 1.198 Thread 0x00007fa5a80b8800 nmethod 216 0x00007fa599187310 code [0x00007fa5991874a0, 0x00007fa599187b68]
Event: 1.320 Thread 0x00007fa5a80bd000  217       3       sun.misc.VM::addFinalRefCount (24 bytes)
Event: 1.322 Thread 0x00007fa5a80bd000 nmethod 217 0x00007fa599186f90 code [0x00007fa599187100, 0x00007fa5991872b0]
Event: 1.323 Thread 0x00007fa5a80bd000  218   !   3       java.lang.ref.Reference::tryHandlePending (115 bytes)
Event: 1.325 Thread 0x00007fa5a80b8800  233       4       sun.misc.VM::addFinalRefCount (24 bytes)
Event: 1.326 Thread 0x00007fa5a80b8800 nmethod 233 0x00007fa59917ef90 code [0x00007fa59917f0e0, 0x00007fa59917f158]

GC Heap History (2 events):
Event: 1.311 GC heap before
{Heap before GC invocations=1 (full 0):
 PSYoungGen      total 17920K, used 15360K [0x00000000d5580000, 0x00000000d6980000, 0x0000000100000000)
  eden space 15360K, 100% used [0x00000000d5580000,0x00000000d6480000,0x00000000d6480000)
  from space 2560K, 0% used [0x00000000d6700000,0x00000000d6700000,0x00000000d6980000)
  to   space 2560K, 0% used [0x00000000d6480000,0x00000000d6480000,0x00000000d6700000)
 ParOldGen       total 40960K, used 0K [0x0000000080000000, 0x0000000082800000, 0x00000000d5580000)
  object space 40960K, 0% used [0x0000000080000000,0x0000000080000000,0x0000000082800000)
 Metaspace       used 3738K, capacity 4640K, committed 4864K, reserved 1056768K
  class space    used 415K, capacity 464K, committed 512K, reserved 1048576K
Event: 1.319 GC heap after
Heap after GC invocations=1 (full 0):
 PSYoungGen      total 17920K, used 2544K [0x00000000d5580000, 0x00000000d6980000, 0x0000000100000000)
  eden space 15360K, 0% used [0x00000000d5580000,0x00000000d5580000,0x00000000d6480000)
  from space 2560K, 99% used [0x00000000d6480000,0x00000000d66fc010,0x00000000d6700000)
  to   space 2560K, 0% used [0x00000000d6700000,0x00000000d6700000,0x00000000d6980000)
 ParOldGen       total 40960K, used 928K [0x0000000080000000, 0x0000000082800000, 0x00000000d5580000)
  object space 40960K, 2% used [0x0000000080000000,0x00000000800e8000,0x0000000082800000)
 Metaspace       used 3738K, capacity 4640K, committed 4864K, reserved 1056768K
  class space    used 415K, capacity 464K, committed 512K, reserved 1048576K
}

Deoptimization events (0 events):
No events

Internal exceptions (10 events):
Event: 1.306 Thread 0x00007fa53c001000 Exception <a 'org/simgrid/msg/TimeoutException'> (0x00000000d62b4c70) thrown at [/HUDSON3/workspace/8-2-build-linux-amd64/jdk8u111/7883/hotspot/src/share/vm/prims/jni.cpp, line 735]
Event: 1.306 Thread 0x00007fa514001000 Exception <a 'org/simgrid/msg/TimeoutException'> (0x00000000d63fb598) thrown at [/HUDSON3/workspace/8-2-build-linux-amd64/jdk8u111/7883/hotspot/src/share/vm/prims/jni.cpp, line 735]
Event: 1.308 Thread 0x00007fa550001000 Exception <a 'org/simgrid/msg/TimeoutException'> (0x00000000d63c3dc0) thrown at [/HUDSON3/workspace/8-2-build-linux-amd64/jdk8u111/7883/hotspot/src/share/vm/prims/jni.cpp, line 735]
Event: 1.308 Thread 0x00007fa540001000 Exception <a 'org/simgrid/msg/TimeoutException'> (0x00000000d62f5138) thrown at [/HUDSON3/workspace/8-2-build-linux-amd64/jdk8u111/7883/hotspot/src/share/vm/prims/jni.cpp, line 735]
Event: 1.308 Thread 0x00007fa530001000 Exception <a 'org/simgrid/msg/TimeoutException'> (0x00000000d633f3b0) thrown at [/HUDSON3/workspace/8-2-build-linux-amd64/jdk8u111/7883/hotspot/src/share/vm/prims/jni.cpp, line 735]
Event: 1.308 Thread 0x00007fa548001000 Exception <a 'org/simgrid/msg/TimeoutException'> (0x00000000d638a730) thrown at [/HUDSON3/workspace/8-2-build-linux-amd64/jdk8u111/7883/hotspot/src/share/vm/prims/jni.cpp, line 735]
Event: 1.310 Thread 0x00007fa508001000 Exception <a 'org/simgrid/msg/TimeoutException'> (0x00000000d6439268) thrown at [/HUDSON3/workspace/8-2-build-linux-amd64/jdk8u111/7883/hotspot/src/share/vm/prims/jni.cpp, line 735]
Event: 1.310 Thread 0x00007fa518001000 Exception <a 'org/simgrid/msg/TimeoutException'> (0x00000000d6268400) thrown at [/HUDSON3/workspace/8-2-build-linux-amd64/jdk8u111/7883/hotspot/src/share/vm/prims/jni.cpp, line 735]
Event: 1.319 Thread 0x00007fa53c001000 Exception <a 'org/simgrid/msg/TimeoutException'> (0x00000000d6482328) thrown at [/HUDSON3/workspace/8-2-build-linux-amd64/jdk8u111/7883/hotspot/src/share/vm/prims/jni.cpp, line 735]
Event: 1.326 Thread 0x00007fa514001000 Exception <a 'org/simgrid/msg/TimeoutException'> (0x00000000d561fd18) thrown at [/HUDSON3/workspace/8-2-build-linux-amd64/jdk8u111/7883/hotspot/src/share/vm/prims/jni.cpp, line 735]

Events (10 events):
Event: 0.210 loading class org/simgrid/msg/Comm
Event: 0.210 loading class org/simgrid/msg/Comm done
Event: 0.222 loading class java/util/regex/Pattern$BnM
Event: 0.222 loading class java/util/regex/Pattern$BnM done
Event: 0.222 loading class java/util/regex/Pattern$SliceS
Event: 0.222 loading class java/util/regex/Pattern$SliceS done
Event: 0.232 loading class org/simgrid/msg/TimeoutException
Event: 0.232 loading class org/simgrid/msg/TimeoutException done
Event: 1.311 Executing VM operation: ParallelGCFailedAllocation
Event: 1.319 Executing VM operation: ParallelGCFailedAllocation done


Dynamic libraries:
00400000-00401000 r-xp 00000000 08:01 8784123                            /home/elixandrebaldi/jdk1.8.0_111/bin/java
00600000-00601000 rw-p 00000000 08:01 8784123                            /home/elixandrebaldi/jdk1.8.0_111/bin/java
01ca1000-01cc2000 rw-p 00000000 00:00 0                                  [heap]
80000000-82800000 rw-p 00000000 00:00 0 
82800000-d5580000 ---p 00000000 00:00 0 
d5580000-d6980000 rw-p 00000000 00:00 0 
d6980000-100000000 ---p 00000000 00:00 0 
100000000-100080000 rw-p 00000000 00:00 0 
100080000-140000000 ---p 00000000 00:00 0 
7fa508000000-7fa5080d9000 rw-p 00000000 00:00 0 
7fa5080d9000-7fa50c000000 ---p 00000000 00:00 0 
7fa510000000-7fa5100d7000 rw-p 00000000 00:00 0 
7fa5100d7000-7fa514000000 ---p 00000000 00:00 0 
7fa514000000-7fa5140d8000 rw-p 00000000 00:00 0 
7fa5140d8000-7fa518000000 ---p 00000000 00:00 0 
7fa518000000-7fa5180db000 rw-p 00000000 00:00 0 
7fa5180db000-7fa51c000000 ---p 00000000 00:00 0 
7fa51c000000-7fa51c0dd000 rw-p 00000000 00:00 0 
7fa51c0dd000-7fa520000000 ---p 00000000 00:00 0 
7fa520000000-7fa5200db000 rw-p 00000000 00:00 0 
7fa5200db000-7fa524000000 ---p 00000000 00:00 0 
7fa526ffe000-7fa527001000 ---p 00000000 00:00 0 
7fa527001000-7fa5277ff000 rw-p 00000000 00:00 0 
7fa528000000-7fa5280d6000 rw-p 00000000 00:00 0 
7fa5280d6000-7fa52c000000 ---p 00000000 00:00 0 
7fa530000000-7fa5300d8000 rw-p 00000000 00:00 0 
7fa5300d8000-7fa534000000 ---p 00000000 00:00 0 
7fa534ffa000-7fa534ffd000 ---p 00000000 00:00 0 
7fa534ffd000-7fa5357fb000 rw-p 00000000 00:00 0 
7fa5357fb000-7fa5357fe000 ---p 00000000 00:00 0 
7fa5357fe000-7fa535ffc000 rw-p 00000000 00:00 0 
7fa535ffc000-7fa535fff000 ---p 00000000 00:00 0 
7fa535fff000-7fa5367fd000 rw-p 00000000 00:00 0 
7fa5367fd000-7fa536800000 ---p 00000000 00:00 0 
7fa536800000-7fa536ffe000 rw-p 00000000 00:00 0 
7fa536ffe000-7fa537001000 ---p 00000000 00:00 0 
7fa537001000-7fa5377ff000 rw-p 00000000 00:00 0 
7fa5377ff000-7fa537802000 ---p 00000000 00:00 0 
7fa537802000-7fa538000000 rw-p 00000000 00:00 0 
7fa538000000-7fa5380d8000 rw-p 00000000 00:00 0 
7fa5380d8000-7fa53c000000 ---p 00000000 00:00 0 
7fa53c000000-7fa53c0e0000 rw-p 00000000 00:00 0 
7fa53c0e0000-7fa540000000 ---p 00000000 00:00 0 
7fa540000000-7fa5400df000 rw-p 00000000 00:00 0 
7fa5400df000-7fa544000000 ---p 00000000 00:00 0 
7fa544000000-7fa5440d7000 rw-p 00000000 00:00 0 
7fa5440d7000-7fa548000000 ---p 00000000 00:00 0 
7fa548000000-7fa5480d6000 rw-p 00000000 00:00 0 
7fa5480d6000-7fa54c000000 ---p 00000000 00:00 0 
7fa54c000000-7fa54c0d8000 rw-p 00000000 00:00 0 
7fa54c0d8000-7fa550000000 ---p 00000000 00:00 0 
7fa550000000-7fa5500d5000 rw-p 00000000 00:00 0 
7fa5500d5000-7fa554000000 ---p 00000000 00:00 0 
7fa5547f9000-7fa5547fc000 ---p 00000000 00:00 0 
7fa5547fc000-7fa554ffa000 rw-p 00000000 00:00 0 
7fa554ffa000-7fa554ffd000 ---p 00000000 00:00 0 
7fa554ffd000-7fa5557fb000 rw-p 00000000 00:00 0 
7fa5557fb000-7fa5557fe000 ---p 00000000 00:00 0 
7fa5557fe000-7fa555ffc000 rw-p 00000000 00:00 0 
7fa555ffc000-7fa555fff000 ---p 00000000 00:00 0 
7fa555fff000-7fa5567fd000 rw-p 00000000 00:00 0 
7fa5567fd000-7fa556800000 ---p 00000000 00:00 0 
7fa556800000-7fa556ffe000 rw-p 00000000 00:00 0 
7fa556ffe000-7fa557001000 ---p 00000000 00:00 0 
7fa557001000-7fa5577ff000 rw-p 00000000 00:00 0 
7fa5577ff000-7fa557802000 ---p 00000000 00:00 0 
7fa557802000-7fa558000000 rw-p 00000000 00:00 0 
7fa558000000-7fa558021000 rw-p 00000000 00:00 0 
7fa558021000-7fa55c000000 ---p 00000000 00:00 0 
7fa55c000000-7fa55c0e4000 rw-p 00000000 00:00 0 
7fa55c0e4000-7fa560000000 ---p 00000000 00:00 0 
7fa560000000-7fa56015c000 rw-p 00000000 00:00 0 
7fa56015c000-7fa564000000 ---p 00000000 00:00 0 
7fa564000000-7fa564021000 rw-p 00000000 00:00 0 
7fa564021000-7fa568000000 ---p 00000000 00:00 0 
7fa568000000-7fa5681a4000 rw-p 00000000 00:00 0 
7fa5681a4000-7fa56c000000 ---p 00000000 00:00 0 
7fa56c000000-7fa56c072000 rw-p 00000000 00:00 0 
7fa56c072000-7fa570000000 ---p 00000000 00:00 0 
7fa570000000-7fa570021000 rw-p 00000000 00:00 0 
7fa570021000-7fa574000000 ---p 00000000 00:00 0 
7fa574000000-7fa574104000 rw-p 00000000 00:00 0 
7fa574104000-7fa578000000 ---p 00000000 00:00 0 
7fa578431000-7fa5785c8000 rw-p 00000000 00:00 0 
7fa5785c8000-7fa5785cb000 ---p 00000000 00:00 0 
7fa5785cb000-7fa578dc9000 rw-p 00000000 00:00 0 
7fa578dc9000-7fa578dcc000 ---p 00000000 00:00 0 
7fa578dcc000-7fa5795ca000 rw-p 00000000 00:00 0 
7fa5795ca000-7fa5795e2000 r-xp 00000000 08:01 2359805                    /tmp/simgrid-java7191621323402984673/libsimgrid-java.so
7fa5795e2000-7fa5797e2000 ---p 00018000 08:01 2359805                    /tmp/simgrid-java7191621323402984673/libsimgrid-java.so
7fa5797e2000-7fa5797e3000 rw-p 00018000 08:01 2359805                    /tmp/simgrid-java7191621323402984673/libsimgrid-java.so
7fa5797e3000-7fa5797f9000 r-xp 00000000 08:01 3936627                    /lib/x86_64-linux-gnu/libgcc_s.so.1
7fa5797f9000-7fa5799f8000 ---p 00016000 08:01 3936627                    /lib/x86_64-linux-gnu/libgcc_s.so.1
7fa5799f8000-7fa5799f9000 rw-p 00015000 08:01 3936627                    /lib/x86_64-linux-gnu/libgcc_s.so.1
7fa5799f9000-7fa579b6b000 r-xp 00000000 08:01 23332798                   /usr/lib/x86_64-linux-gnu/libstdc++.so.6.0.21
7fa579b6b000-7fa579d6b000 ---p 00172000 08:01 23332798                   /usr/lib/x86_64-linux-gnu/libstdc++.so.6.0.21
7fa579d6b000-7fa579d75000 r--p 00172000 08:01 23332798                   /usr/lib/x86_64-linux-gnu/libstdc++.so.6.0.21
7fa579d75000-7fa579d77000 rw-p 0017c000 08:01 23332798                   /usr/lib/x86_64-linux-gnu/libstdc++.so.6.0.21
7fa579d77000-7fa579d7b000 rw-p 00000000 00:00 0 
7fa579d7b000-7fa57a040000 r-xp 00000000 08:01 2359804                    /tmp/simgrid-java7191621323402984673/libsimgrid.so
7fa57a040000-7fa57a240000 ---p 002c5000 08:01 2359804                    /tmp/simgrid-java7191621323402984673/libsimgrid.so
7fa57a240000-7fa57a27b000 rw-p 002c5000 08:01 2359804                    /tmp/simgrid-java7191621323402984673/libsimgrid.so
7fa57a27b000-7fa57a584000 rw-p 00000000 00:00 0 
7fa57a584000-7fa57a59a000 r-xp 00000000 08:01 8783936                    /home/elixandrebaldi/jdk1.8.0_111/jre/lib/amd64/libnet.so
7fa57a59a000-7fa57a79a000 ---p 00016000 08:01 8783936                    /home/elixandrebaldi/jdk1.8.0_111/jre/lib/amd64/libnet.so
7fa57a79a000-7fa57a79b000 rw-p 00016000 08:01 8783936                    /home/elixandrebaldi/jdk1.8.0_111/jre/lib/amd64/libnet.so
7fa57a79b000-7fa57a7ac000 r-xp 00000000 08:01 8783935                    /home/elixandrebaldi/jdk1.8.0_111/jre/lib/amd64/libnio.so
7fa57a7ac000-7fa57a9ab000 ---p 00011000 08:01 8783935                    /home/elixandrebaldi/jdk1.8.0_111/jre/lib/amd64/libnio.so
7fa57a9ab000-7fa57a9ac000 rw-p 00010000 08:01 8783935                    /home/elixandrebaldi/jdk1.8.0_111/jre/lib/amd64/libnio.so
7fa57a9ac000-7fa57a9ad000 ---p 00000000 00:00 0 
7fa57a9ad000-7fa57aaad000 rw-p 00000000 00:00 0 
7fa57aaad000-7fa57aab0000 ---p 00000000 00:00 0 
7fa57aab0000-7fa57abae000 rw-p 00000000 00:00 0 
7fa57abae000-7fa57c000000 r--p 00000000 08:01 23331759                   /usr/lib/locale/locale-archive
7fa57c000000-7fa57c021000 rw-p 00000000 00:00 0 
7fa57c021000-7fa580000000 ---p 00000000 00:00 0 
7fa580000000-7fa580021000 rw-p 00000000 00:00 0 
7fa580021000-7fa584000000 ---p 00000000 00:00 0 
7fa584000000-7fa584021000 rw-p 00000000 00:00 0 
7fa584021000-7fa588000000 ---p 00000000 00:00 0 
7fa588000000-7fa58c000000 rw-p 00000000 00:00 0 
7fa58c000000-7fa58c021000 rw-p 00000000 00:00 0 
7fa58c021000-7fa590000000 ---p 00000000 00:00 0 
7fa590000000-7fa590021000 rw-p 00000000 00:00 0 
7fa590021000-7fa594000000 ---p 00000000 00:00 0 
7fa594000000-7fa594021000 rw-p 00000000 00:00 0 
7fa594021000-7fa598000000 ---p 00000000 00:00 0 
7fa59808e000-7fa598091000 ---p 00000000 00:00 0 
7fa598091000-7fa59818f000 rw-p 00000000 00:00 0 
7fa59818f000-7fa598192000 ---p 00000000 00:00 0 
7fa598192000-7fa598290000 rw-p 00000000 00:00 0 
7fa598290000-7fa598293000 ---p 00000000 00:00 0 
7fa598293000-7fa598391000 rw-p 00000000 00:00 0 
7fa598391000-7fa598394000 ---p 00000000 00:00 0 
7fa598394000-7fa598492000 rw-p 00000000 00:00 0 
7fa598492000-7fa598495000 ---p 00000000 00:00 0 
7fa598495000-7fa598593000 rw-p 00000000 00:00 0 
7fa598593000-7fa598596000 ---p 00000000 00:00 0 
7fa598596000-7fa598694000 rw-p 00000000 00:00 0 
7fa598694000-7fa598695000 ---p 00000000 00:00 0 
7fa598695000-7fa599000000 rw-p 00000000 00:00 0 
7fa599000000-7fa599270000 rwxp 00000000 00:00 0 
7fa599270000-7fa5a8000000 ---p 00000000 00:00 0 
7fa5a8000000-7fa5a8439000 rw-p 00000000 00:00 0 
7fa5a8439000-7fa5ac000000 ---p 00000000 00:00 0 
7fa5ac01e000-7fa5ac795000 rw-p 00000000 00:00 0 
7fa5ac795000-7fa5ac96d000 r--s 03d2a000 08:01 8784070                    /home/elixandrebaldi/jdk1.8.0_111/jre/lib/rt.jar
7fa5ac96d000-7fa5ace23000 rw-p 00000000 00:00 0 
7fa5ace23000-7fa5ad1e3000 ---p 00000000 00:00 0 
7fa5ad1e3000-7fa5ad5e3000 rw-p 00000000 00:00 0 
7fa5ad5e3000-7fa5ad5e4000 ---p 00000000 00:00 0 
7fa5ad5e4000-7fa5ad6e4000 rw-p 00000000 00:00 0 
7fa5ad6e4000-7fa5ad6e5000 ---p 00000000 00:00 0 
7fa5ad6e5000-7fa5ad7e5000 rw-p 00000000 00:00 0 
7fa5ad7e5000-7fa5ad7e6000 ---p 00000000 00:00 0 
7fa5ad7e6000-7fa5ad8e6000 rw-p 00000000 00:00 0 
7fa5ad8e6000-7fa5ad8e7000 ---p 00000000 00:00 0 
7fa5ad8e7000-7fa5ad9fb000 rw-p 00000000 00:00 0 
7fa5ad9fb000-7fa5adc92000 ---p 00000000 00:00 0 
7fa5adc92000-7fa5adca6000 rw-p 00000000 00:00 0 
7fa5adca6000-7fa5adf3c000 ---p 00000000 00:00 0 
7fa5adf3c000-7fa5adf47000 rw-p 00000000 00:00 0 
7fa5adf47000-7fa5ae092000 ---p 00000000 00:00 0 
7fa5ae092000-7fa5ae09d000 rw-p 00000000 00:00 0 
7fa5ae09d000-7fa5ae453000 ---p 00000000 00:00 0 
7fa5ae453000-7fa5ae46d000 r-xp 00000000 08:01 8783934                    /home/elixandrebaldi/jdk1.8.0_111/jre/lib/amd64/libzip.so
7fa5ae46d000-7fa5ae66d000 ---p 0001a000 08:01 8783934                    /home/elixandrebaldi/jdk1.8.0_111/jre/lib/amd64/libzip.so
7fa5ae66d000-7fa5ae66e000 rw-p 0001a000 08:01 8783934                    /home/elixandrebaldi/jdk1.8.0_111/jre/lib/amd64/libzip.so
7fa5ae66e000-7fa5ae679000 r-xp 00000000 08:01 3932251                    /lib/x86_64-linux-gnu/libnss_files-2.23.so
7fa5ae679000-7fa5ae878000 ---p 0000b000 08:01 3932251                    /lib/x86_64-linux-gnu/libnss_files-2.23.so
7fa5ae878000-7fa5ae879000 r--p 0000a000 08:01 3932251                    /lib/x86_64-linux-gnu/libnss_files-2.23.so
7fa5ae879000-7fa5ae87a000 rw-p 0000b000 08:01 3932251                    /lib/x86_64-linux-gnu/libnss_files-2.23.so
7fa5ae87a000-7fa5ae880000 rw-p 00000000 00:00 0 
7fa5ae880000-7fa5ae88b000 r-xp 00000000 08:01 3932244                    /lib/x86_64-linux-gnu/libnss_nis-2.23.so
7fa5ae88b000-7fa5aea8a000 ---p 0000b000 08:01 3932244                    /lib/x86_64-linux-gnu/libnss_nis-2.23.so
7fa5aea8a000-7fa5aea8b000 r--p 0000a000 08:01 3932244                    /lib/x86_64-linux-gnu/libnss_nis-2.23.so
7fa5aea8b000-7fa5aea8c000 rw-p 0000b000 08:01 3932244                    /lib/x86_64-linux-gnu/libnss_nis-2.23.so
7fa5aea8c000-7fa5aeaa2000 r-xp 00000000 08:01 3932246                    /lib/x86_64-linux-gnu/libnsl-2.23.so
7fa5aeaa2000-7fa5aeca1000 ---p 00016000 08:01 3932246                    /lib/x86_64-linux-gnu/libnsl-2.23.so
7fa5aeca1000-7fa5aeca2000 r--p 00015000 08:01 3932246                    /lib/x86_64-linux-gnu/libnsl-2.23.so
7fa5aeca2000-7fa5aeca3000 rw-p 00016000 08:01 3932246                    /lib/x86_64-linux-gnu/libnsl-2.23.so
7fa5aeca3000-7fa5aeca5000 rw-p 00000000 00:00 0 
7fa5aeca5000-7fa5aecad000 r-xp 00000000 08:01 3932253                    /lib/x86_64-linux-gnu/libnss_compat-2.23.so
7fa5aecad000-7fa5aeeac000 ---p 00008000 08:01 3932253                    /lib/x86_64-linux-gnu/libnss_compat-2.23.so
7fa5aeeac000-7fa5aeead000 r--p 00007000 08:01 3932253                    /lib/x86_64-linux-gnu/libnss_compat-2.23.so
7fa5aeead000-7fa5aeeae000 rw-p 00008000 08:01 3932253                    /lib/x86_64-linux-gnu/libnss_compat-2.23.so
7fa5aeeae000-7fa5aeed9000 r-xp 00000000 08:01 8783907                    /home/elixandrebaldi/jdk1.8.0_111/jre/lib/amd64/libjava.so
7fa5aeed9000-7fa5af0d8000 ---p 0002b000 08:01 8783907                    /home/elixandrebaldi/jdk1.8.0_111/jre/lib/amd64/libjava.so
7fa5af0d8000-7fa5af0da000 rw-p 0002a000 08:01 8783907                    /home/elixandrebaldi/jdk1.8.0_111/jre/lib/amd64/libjava.so
7fa5af0da000-7fa5af0e7000 r-xp 00000000 08:01 8783870                    /home/elixandrebaldi/jdk1.8.0_111/jre/lib/amd64/libverify.so
7fa5af0e7000-7fa5af2e6000 ---p 0000d000 08:01 8783870                    /home/elixandrebaldi/jdk1.8.0_111/jre/lib/amd64/libverify.so
7fa5af2e6000-7fa5af2e8000 rw-p 0000c000 08:01 8783870                    /home/elixandrebaldi/jdk1.8.0_111/jre/lib/amd64/libverify.so
7fa5af2e8000-7fa5af2ef000 r-xp 00000000 08:01 3932254                    /lib/x86_64-linux-gnu/librt-2.23.so
7fa5af2ef000-7fa5af4ee000 ---p 00007000 08:01 3932254                    /lib/x86_64-linux-gnu/librt-2.23.so
7fa5af4ee000-7fa5af4ef000 r--p 00006000 08:01 3932254                    /lib/x86_64-linux-gnu/librt-2.23.so
7fa5af4ef000-7fa5af4f0000 rw-p 00007000 08:01 3932254                    /lib/x86_64-linux-gnu/librt-2.23.so
7fa5af4f0000-7fa5af5f8000 r-xp 00000000 08:01 3932245                    /lib/x86_64-linux-gnu/libm-2.23.so
7fa5af5f8000-7fa5af7f7000 ---p 00108000 08:01 3932245                    /lib/x86_64-linux-gnu/libm-2.23.so
7fa5af7f7000-7fa5af7f8000 r--p 00107000 08:01 3932245                    /lib/x86_64-linux-gnu/libm-2.23.so
7fa5af7f8000-7fa5af7f9000 rw-p 00108000 08:01 3932245                    /lib/x86_64-linux-gnu/libm-2.23.so
7fa5af7f9000-7fa5b04c6000 r-xp 00000000 08:01 8783785                    /home/elixandrebaldi/jdk1.8.0_111/jre/lib/amd64/server/libjvm.so
7fa5b04c6000-7fa5b06c5000 ---p 00ccd000 08:01 8783785                    /home/elixandrebaldi/jdk1.8.0_111/jre/lib/amd64/server/libjvm.so
7fa5b06c5000-7fa5b079e000 rw-p 00ccc000 08:01 8783785                    /home/elixandrebaldi/jdk1.8.0_111/jre/lib/amd64/server/libjvm.so
7fa5b079e000-7fa5b07e9000 rw-p 00000000 00:00 0 
7fa5b07e9000-7fa5b09a8000 r-xp 00000000 08:01 3932247                    /lib/x86_64-linux-gnu/libc-2.23.so
7fa5b09a8000-7fa5b0ba8000 ---p 001bf000 08:01 3932247                    /lib/x86_64-linux-gnu/libc-2.23.so
7fa5b0ba8000-7fa5b0bac000 r--p 001bf000 08:01 3932247                    /lib/x86_64-linux-gnu/libc-2.23.so
7fa5b0bac000-7fa5b0bae000 rw-p 001c3000 08:01 3932247                    /lib/x86_64-linux-gnu/libc-2.23.so
7fa5b0bae000-7fa5b0bb2000 rw-p 00000000 00:00 0 
7fa5b0bb2000-7fa5b0bb5000 r-xp 00000000 08:01 3932243                    /lib/x86_64-linux-gnu/libdl-2.23.so
7fa5b0bb5000-7fa5b0db4000 ---p 00003000 08:01 3932243                    /lib/x86_64-linux-gnu/libdl-2.23.so
7fa5b0db4000-7fa5b0db5000 r--p 00002000 08:01 3932243                    /lib/x86_64-linux-gnu/libdl-2.23.so
7fa5b0db5000-7fa5b0db6000 rw-p 00003000 08:01 3932243                    /lib/x86_64-linux-gnu/libdl-2.23.so
7fa5b0db6000-7fa5b0dcb000 r-xp 00000000 08:01 8783943                    /home/elixandrebaldi/jdk1.8.0_111/lib/amd64/jli/libjli.so
7fa5b0dcb000-7fa5b0fcb000 ---p 00015000 08:01 8783943                    /home/elixandrebaldi/jdk1.8.0_111/lib/amd64/jli/libjli.so
7fa5b0fcb000-7fa5b0fcc000 rw-p 00015000 08:01 8783943                    /home/elixandrebaldi/jdk1.8.0_111/lib/amd64/jli/libjli.so
7fa5b0fcc000-7fa5b0fe4000 r-xp 00000000 08:01 3932258                    /lib/x86_64-linux-gnu/libpthread-2.23.so
7fa5b0fe4000-7fa5b11e3000 ---p 00018000 08:01 3932258                    /lib/x86_64-linux-gnu/libpthread-2.23.so
7fa5b11e3000-7fa5b11e4000 r--p 00017000 08:01 3932258                    /lib/x86_64-linux-gnu/libpthread-2.23.so
7fa5b11e4000-7fa5b11e5000 rw-p 00018000 08:01 3932258                    /lib/x86_64-linux-gnu/libpthread-2.23.so
7fa5b11e5000-7fa5b11e9000 rw-p 00000000 00:00 0 
7fa5b11e9000-7fa5b120f000 r-xp 00000000 08:01 3932248                    /lib/x86_64-linux-gnu/ld-2.23.so
7fa5b1220000-7fa5b12ec000 rw-p 00000000 00:00 0 
7fa5b12ec000-7fa5b12ef000 ---p 00000000 00:00 0 
7fa5b12ef000-7fa5b13f1000 rw-p 00000000 00:00 0 
7fa5b13fa000-7fa5b13ff000 r--s 00096000 08:01 8783911                    /home/elixandrebaldi/jdk1.8.0_111/jre/lib/jsse.jar
7fa5b13ff000-7fa5b1402000 r--s 00f76000 08:01 8524426                    /home/elixandrebaldi/Documentos/VCubeDHT/simgrid.jar
7fa5b1402000-7fa5b140a000 rw-s 00000000 08:01 2359594                    /tmp/hsperfdata_elixandrebaldi/14353
7fa5b140a000-7fa5b140b000 rw-p 00000000 00:00 0 
7fa5b140b000-7fa5b140c000 r--p 00000000 00:00 0 
7fa5b140c000-7fa5b140e000 rw-p 00000000 00:00 0 
7fa5b140e000-7fa5b140f000 r--p 00025000 08:01 3932248                    /lib/x86_64-linux-gnu/ld-2.23.so
7fa5b140f000-7fa5b1410000 rw-p 00026000 08:01 3932248                    /lib/x86_64-linux-gnu/ld-2.23.so
7fa5b1410000-7fa5b1411000 rw-p 00000000 00:00 0 
7ffed3791000-7ffed37b2000 rw-p 00000000 00:00 0                          [stack]
7ffed37e2000-7ffed37e4000 r--p 00000000 00:00 0                          [vvar]
7ffed37e4000-7ffed37e6000 r-xp 00000000 00:00 0                          [vdso]
ffffffffff600000-ffffffffff601000 r-xp 00000000 00:00 0                  [vsyscall]

VM Arguments:
jvm_args: -Dfile.encoding=UTF-8 -Xmx2048m 
java_command: vcube.VCube platform.xml deployment.xml
java_class_path (initial): /home/elixandrebaldi/Documentos/VCubeDHT/simgrid.jar:/home/elixandrebaldi/Documentos/VCubeDHT/VCube/build/classes
Launcher Type: SUN_STANDARD

Environment Variables:
PATH=/home/elixandrebaldi/bin:/home/elixandrebaldi/.local/bin:/usr/local/sbin:/usr/local/bin:/usr/sbin:/usr/bin:/sbin:/bin:/usr/games:/usr/local/games
LD_LIBRARY_PATH=/home/elixandrebaldi/jdk1.8.0_111/jre/lib/amd64:/home/elixandrebaldi/jdk1.8.0_111/jre/lib/i386:
SHELL=/bin/bash
DISPLAY=:0

Signal Handlers:
SIGSEGV: [libjvm.so+0xac64b0], sa_mask[0]=11111111011111111101111111111110, sa_flags=SA_RESTART|SA_SIGINFO
SIGBUS: [libjvm.so+0xac64b0], sa_mask[0]=11111111011111111101111111111110, sa_flags=SA_RESTART|SA_SIGINFO
SIGFPE: [libjvm.so+0x91f950], sa_mask[0]=11111111011111111101111111111110, sa_flags=SA_RESTART|SA_SIGINFO
SIGPIPE: [libjvm.so+0x91f950], sa_mask[0]=11111111011111111101111111111110, sa_flags=SA_RESTART|SA_SIGINFO
SIGXFSZ: [libjvm.so+0x91f950], sa_mask[0]=11111111011111111101111111111110, sa_flags=SA_RESTART|SA_SIGINFO
SIGILL: [libjvm.so+0x91f950], sa_mask[0]=11111111011111111101111111111110, sa_flags=SA_RESTART|SA_SIGINFO
SIGUSR1: SIG_DFL, sa_mask[0]=00000000000000000000000000000000, sa_flags=none
SIGUSR2: [libjvm.so+0x920f80], sa_mask[0]=00100000000000000000000000000000, sa_flags=SA_RESTART|SA_SIGINFO
SIGHUP: [libjvm.so+0x922380], sa_mask[0]=11111111011111111101111111111110, sa_flags=SA_RESTART|SA_SIGINFO
SIGINT: [libsimgrid.so+0x8ff50], sa_mask[0]=01000000000000000000000000000000, sa_flags=SA_RESTART
SIGTERM: [libjvm.so+0x922380], sa_mask[0]=11111111011111111101111111111110, sa_flags=SA_RESTART|SA_SIGINFO
SIGQUIT: [libjvm.so+0x922380], sa_mask[0]=11111111011111111101111111111110, sa_flags=SA_RESTART|SA_SIGINFO


---------------  S Y S T E M  ---------------

OS:DISTRIB_ID="elementary"
DISTRIB_RELEASE=0.4.1
DISTRIB_CODENAME=loki
DISTRIB_DESCRIPTION="elementary OS 0.4.1 Loki"

uname:Linux 4.4.0-79-generic #100-Ubuntu SMP Wed May 17 19:58:14 UTC 2017 x86_64
libc:glibc 2.23 NPTL 2.23 
rlimit: STACK 8192k, CORE 0k, NPROC 14991, NOFILE 65536, AS infinity
load average:0.73 1.33 4.00

/proc/meminfo:
MemTotal:        3878592 kB
MemFree:         1611328 kB
MemAvailable:    1937756 kB
Buffers:           35084 kB
Cached:           580660 kB
SwapCached:        95576 kB
Active:          1170680 kB
Inactive:         913652 kB
Active(anon):     906056 kB
Inactive(anon):   670200 kB
Active(file):     264624 kB
Inactive(file):   243452 kB
Unevictable:          64 kB
Mlocked:              64 kB
SwapTotal:       4025340 kB
SwapFree:        3402620 kB
Dirty:             12264 kB
Writeback:             0 kB
AnonPages:       1399276 kB
Mapped:           241200 kB
Shmem:            107540 kB
Slab:              75472 kB
SReclaimable:      41696 kB
SUnreclaim:        33776 kB
KernelStack:        9344 kB
PageTables:        35928 kB
NFS_Unstable:          0 kB
Bounce:                0 kB
WritebackTmp:          0 kB
CommitLimit:     5964636 kB
Committed_AS:    6036872 kB
VmallocTotal:   34359738367 kB
VmallocUsed:           0 kB
VmallocChunk:          0 kB
HardwareCorrupted:     0 kB
AnonHugePages:    843776 kB
CmaTotal:              0 kB
CmaFree:               0 kB
HugePages_Total:       0
HugePages_Free:        0
HugePages_Rsvd:        0
HugePages_Surp:        0
Hugepagesize:       2048 kB
DirectMap4k:      154360 kB
DirectMap2M:     3872768 kB


CPU:total 4 (2 cores per cpu, 2 threads per core) family 6 model 58 stepping 9, cmov, cx8, fxsr, mmx, sse, sse2, sse3, ssse3, sse4.1, sse4.2, popcnt, avx, clmul, erms, ht, tsc, tscinvbit, tscinv

/proc/cpuinfo:
processor	: 0
vendor_id	: GenuineIntel
cpu family	: 6
model		: 58
model name	: Intel(R) Core(TM) i7-3517U CPU @ 1.90GHz
stepping	: 9
microcode	: 0x12
cpu MHz		: 2799.937
cache size	: 4096 KB
physical id	: 0
siblings	: 4
core id		: 0
cpu cores	: 2
apicid		: 0
initial apicid	: 0
fpu		: yes
fpu_exception	: yes
cpuid level	: 13
wp		: yes
flags		: fpu vme de pse tsc msr pae mce cx8 apic sep mtrr pge mca cmov pat pse36 clflush dts acpi mmx fxsr sse sse2 ss ht tm pbe syscall nx rdtscp lm constant_tsc arch_perfmon pebs bts rep_good nopl xtopology nonstop_tsc aperfmperf eagerfpu pni pclmulqdq dtes64 monitor ds_cpl vmx est tm2 ssse3 cx16 xtpr pdcm pcid sse4_1 sse4_2 x2apic popcnt tsc_deadline_timer xsave avx f16c rdrand lahf_lm epb tpr_shadow vnmi flexpriority ept vpid fsgsbase smep erms xsaveopt dtherm ida arat pln pts
bugs		:
bogomips	: 4789.43
clflush size	: 64
cache_alignment	: 64
address sizes	: 36 bits physical, 48 bits virtual
power management:

processor	: 1
vendor_id	: GenuineIntel
cpu family	: 6
model		: 58
model name	: Intel(R) Core(TM) i7-3517U CPU @ 1.90GHz
stepping	: 9
microcode	: 0x12
cpu MHz		: 2799.937
cache size	: 4096 KB
physical id	: 0
siblings	: 4
core id		: 0
cpu cores	: 2
apicid		: 1
initial apicid	: 1
fpu		: yes
fpu_exception	: yes
cpuid level	: 13
wp		: yes
flags		: fpu vme de pse tsc msr pae mce cx8 apic sep mtrr pge mca cmov pat pse36 clflush dts acpi mmx fxsr sse sse2 ss ht tm pbe syscall nx rdtscp lm constant_tsc arch_perfmon pebs bts rep_good nopl xtopology nonstop_tsc aperfmperf eagerfpu pni pclmulqdq dtes64 monitor ds_cpl vmx est tm2 ssse3 cx16 xtpr pdcm pcid sse4_1 sse4_2 x2apic popcnt tsc_deadline_timer xsave avx f16c rdrand lahf_lm epb tpr_shadow vnmi flexpriority ept vpid fsgsbase smep erms xsaveopt dtherm ida arat pln pts
bugs		:
bogomips	: 4789.43
clflush size	: 64
cache_alignment	: 64
address sizes	: 36 bits physical, 48 bits virtual
power management:

processor	: 2
vendor_id	: GenuineIntel
cpu family	: 6
model		: 58
model name	: Intel(R) Core(TM) i7-3517U CPU @ 1.90GHz
stepping	: 9
microcode	: 0x12
cpu MHz		: 2799.937
cache size	: 4096 KB
physical id	: 0
siblings	: 4
core id		: 1
cpu cores	: 2
apicid		: 2
initial apicid	: 2
fpu		: yes
fpu_exception	: yes
cpuid level	: 13
wp		: yes
flags		: fpu vme de pse tsc msr pae mce cx8 apic sep mtrr pge mca cmov pat pse36 clflush dts acpi mmx fxsr sse sse2 ss ht tm pbe syscall nx rdtscp lm constant_tsc arch_perfmon pebs bts rep_good nopl xtopology nonstop_tsc aperfmperf eagerfpu pni pclmulqdq dtes64 monitor ds_cpl vmx est tm2 ssse3 cx16 xtpr pdcm pcid sse4_1 sse4_2 x2apic popcnt tsc_deadline_timer xsave avx f16c rdrand lahf_lm epb tpr_shadow vnmi flexpriority ept vpid fsgsbase smep erms xsaveopt dtherm ida arat pln pts
bugs		:
bogomips	: 4789.43
clflush size	: 64
cache_alignment	: 64
address sizes	: 36 bits physical, 48 bits virtual
power management:

processor	: 3
vendor_id	: GenuineIntel
cpu family	: 6
model		: 58
model name	: Intel(R) Core(TM) i7-3517U CPU @ 1.90GHz
stepping	: 9
microcode	: 0x12
cpu MHz		: 2799.937
cache size	: 4096 KB
physical id	: 0
siblings	: 4
core id		: 1
cpu cores	: 2
apicid		: 3
initial apicid	: 3
fpu		: yes
fpu_exception	: yes
cpuid level	: 13
wp		: yes
flags		: fpu vme de pse tsc msr pae mce cx8 apic sep mtrr pge mca cmov pat pse36 clflush dts acpi mmx fxsr sse sse2 ss ht tm pbe syscall nx rdtscp lm constant_tsc arch_perfmon pebs bts rep_good nopl xtopology nonstop_tsc aperfmperf eagerfpu pni pclmulqdq dtes64 monitor ds_cpl vmx est tm2 ssse3 cx16 xtpr pdcm pcid sse4_1 sse4_2 x2apic popcnt tsc_deadline_timer xsave avx f16c rdrand lahf_lm epb tpr_shadow vnmi flexpriority ept vpid fsgsbase smep erms xsaveopt dtherm ida arat pln pts
bugs		:
bogomips	: 4789.43
clflush size	: 64
cache_alignment	: 64
address sizes	: 36 bits physical, 48 bits virtual
power management:



Memory: 4k page, physical 3878592k(1611328k free), swap 4025340k(3402620k free)

vm_info: Java HotSpot(TM) 64-Bit Server VM (25.111-b14) for linux-amd64 JRE (1.8.0_111-b14), built on Sep 22 2016 16:14:03 by "java_re" with gcc 4.3.0 20080428 (Red Hat 4.3.0-8)

time: Tue Jun 13 23:15:10 2017
elapsed time: 1 seconds (0d 0h 0m 1s)

