#
# A fatal error has been detected by the Java Runtime Environment:
#
#  SIGSEGV (0xb) at pc=0x00007f2f5f15b263, pid=5767, tid=139841731155712
#
# JRE version: Java(TM) SE Runtime Environment (7.0_80-b15) (build 1.7.0_80-b15)
# Java VM: Java HotSpot(TM) 64-Bit Server VM (24.80-b11 mixed mode linux-amd64 compressed oops)
# Problematic frame:
# C  [libsimgrid.so+0x190263]  xbt_dynar_member+0x23
#
# Failed to write core dump. Core dumps have been disabled. To enable core dumping, try "ulimit -c unlimited" before starting Java again
#
# If you would like to submit a bug report, please visit:
#   http://bugreport.java.com/bugreport/crash.jsp
#

---------------  T H R E A D  ---------------

Current thread (0x00007f2f8406a000):  VMThread [stack: 0x00007f2f70a5d000,0x00007f2f70b5e000] [id=5776]

siginfo:si_signo=SIGSEGV: si_errno=0, si_code=1 (SEGV_MAPERR), si_addr=0x0000000000000000

Registers:
RAX=0x0000000000000000, RBX=0x00007f2f5f4c7700, RCX=0x0000000000000000, RDX=0x00007f2f70b5da30
RSP=0x00007f2f70b5c790, RBP=0x00007f2f84124a00, RSI=0x00007f2f70b5c938, RDI=0x00007f2f70b5c850
R8 =0x00007f2f8411ba10, R9 =0x00007f2f8411ba10, R10=0x0000000000000c58, R11=0x00007f2f5f15b240
R12=0x00007f2f5f4d2790, R13=0x00007f2f84104a50, R14=0x00000000000003d8, R15=0x00007f2f84027e58
RIP=0x00007f2f5f15b263, EFLAGS=0x0000000000010206, CSGSFS=0x0000000000000033, ERR=0x0000000000000004
  TRAPNO=0x000000000000000e

Top of Stack: (sp=0x00007f2f70b5c790)
0x00007f2f70b5c790:   00007f2f841033f0 00007f2f70b5c7b0
0x00007f2f70b5c7a0:   00007f2f8411ba80 00007f2f70b5c938
0x00007f2f70b5c7b0:   00000000ffffffff 00007f2f842442b0
0x00007f2f70b5c7c0:   00007f2f5efe4628 00007f2f841033f0
0x00007f2f70b5c7d0:   00007f2f840035c7 00007f2f842442b0
0x00007f2f70b5c7e0:   00007f2f8412c120 00007f2f00000001
0x00007f2f70b5c7f0:   0000000000000000 0000000000000000
0x00007f2f70b5c800:   00007f2f8412c250 00007f2f843f1970
0x00007f2f70b5c810:   00000000000003d8 00007f2f843f0380
0x00007f2f70b5c820:   00007f2f5f492400 00007f2f5f496de8
0x00007f2f70b5c830:   00007f2f5f4d2790 00007f2f84104a50
0x00007f2f70b5c840:   00000000000003d8 00007f2f84027e58
0x00007f2f70b5c850:   0000000000000000 00007f2f8a3f09ad
0x00007f2f70b5c860:   0000000000000005 0000000000000000
0x00007f2f70b5c870:   00007f2f84104a50 00007f2f5efe4628
0x00007f2f70b5c880:   00007f2f5f4c7700 00007f2f84124a00
0x00007f2f70b5c890:   00007f2f5f4d2790 00007f2f8a3f7f30
0x00007f2f70b5c8a0:   00007f2f84214d60 00007f2f5f492400
0x00007f2f70b5c8b0:   00007f2f84129890 00007f2f5f1c1286
0x00007f2f70b5c8c0:   0000000000000000 00007f2f8406ac00
0x00007f2f70b5c8d0:   00007f2f8406ac00 00007f2f70b5c9a0
0x00007f2f70b5c8e0:   00007f2f8415ecf0 0000000000000000
0x00007f2f70b5c8f0:   0000000000000000 00007f2f70b5c938
0x00007f2f70b5c900:   00007f2f8411ba80 00007f2f8411ba10
0x00007f2f70b5c910:   00007f2f8411ba10 00007f2f841033f0
0x00007f2f70b5c920:   00007f2f5f4c7700 00007f2f5f17834f
0x00007f2f70b5c930:   0000000000000000 00007f2f84129890
0x00007f2f70b5c940:   0000000000000005 0000000000000000
0x00007f2f70b5c950:   00007f2f84027e58 00007f2f5f4caa98
0x00007f2f70b5c960:   00007f2f8411dc70 0000000000000001
0x00007f2f70b5c970:   00007f2f84104a50 00007f2f5f159d37
0x00007f2f70b5c980:   00007f2f84104a50 00007f2f5f4ca098 

Instructions: (pc=0x00007f2f5f15b263)
0x00007f2f5f15b243:   ec 90 01 00 00 48 8b 05 01 a2 33 00 48 89 7c 24
0x00007f2f5f15b253:   10 48 89 74 24 18 ff 10 48 8d bc 24 c0 00 00 00
0x00007f2f5f15b263:   48 8b 08 48 89 04 24 48 89 38 48 89 4c 24 08 e8
0x00007f2f5f15b273:   79 31 ed ff 85 c0 74 75 48 8b 14 24 c7 42 08 01 

Register to memory mapping:

RAX=0x0000000000000000 is an unknown value
RBX=0x00007f2f5f4c7700: _simgrid_log_category__simix_process+0 in /tmp/simgrid-java4994785217833456719/libsimgrid.so at 0x00007f2f5efcb000
RCX=0x0000000000000000 is an unknown value
RDX=0x00007f2f70b5da30 is an unknown value
RSP=0x00007f2f70b5c790 is an unknown value
RBP=0x00007f2f84124a00 is an unknown value
RSI=0x00007f2f70b5c938 is an unknown value
RDI=0x00007f2f70b5c850 is an unknown value
R8 =0x00007f2f8411ba10 is an unknown value
R9 =0x00007f2f8411ba10 is an unknown value
R10=0x0000000000000c58 is an unknown value
R11=0x00007f2f5f15b240: xbt_dynar_member+0 in /tmp/simgrid-java4994785217833456719/libsimgrid.so at 0x00007f2f5efcb000
R12=0x00007f2f5f4d2790: simix_global+0 in /tmp/simgrid-java4994785217833456719/libsimgrid.so at 0x00007f2f5efcb000
R13=0x00007f2f84104a50 is an unknown value
R14=0x00000000000003d8 is an unknown value
R15=0x00007f2f84027e58 is an unknown value


Stack: [0x00007f2f70a5d000,0x00007f2f70b5e000],  sp=0x00007f2f70b5c790,  free space=1021k
Native frames: (J=compiled Java code, j=interpreted, Vv=VM code, C=native code)
C  [libsimgrid.so+0x190263]  xbt_dynar_member+0x23

VM_Operation (0x00007f2f487f7630): Exit, mode: safepoint, requested by thread 0x00007f2f58001000


---------------  P R O C E S S  ---------------

Java Threads: ( => current thread )
  0x00007f2f58001000 JavaThread "SIGTERM handler" daemon [_thread_blocked, id=5799, stack(0x00007f2f486f8000,0x00007f2f487f9000)]
  0x00007f2efc001000 JavaThread "Thread-15" [_thread_in_native, id=5798, stack(0x00007f2f327fd000,0x00007f2f32ffe000)]
  0x00007f2f08001000 JavaThread "Thread-14" [_thread_in_native, id=5797, stack(0x00007f2f32ffe000,0x00007f2f337ff000)]
  0x00007f2f04001000 JavaThread "Thread-13" [_thread_in_native, id=5796, stack(0x00007f2f337ff000,0x00007f2f34000000)]
  0x00007f2f10001000 JavaThread "Thread-12" [_thread_in_native, id=5795, stack(0x00007f2f487f9000,0x00007f2f48ffa000)]
  0x00007f2f0c001000 JavaThread "Thread-11" [_thread_in_native, id=5794, stack(0x00007f2f48ffa000,0x00007f2f497fb000)]
  0x00007f2f18001000 JavaThread "Thread-10" [_thread_in_native, id=5793, stack(0x00007f2f497fb000,0x00007f2f49ffc000)]
  0x00007f2f20001000 JavaThread "Thread-9" [_thread_in_native, id=5790, stack(0x00007f2f4affe000,0x00007f2f4b7ff000)]
  0x00007f2f14001000 JavaThread "Thread-5" [_thread_in_native, id=5792, stack(0x00007f2f49ffc000,0x00007f2f4a7fd000)]
  0x00007f2f38001000 JavaThread "Thread-7" [_thread_in_native, id=5791, stack(0x00007f2f4a7fd000,0x00007f2f4affe000)]
  0x00007f2f34001000 JavaThread "Thread-3" [_thread_in_native, id=5789, stack(0x00007f2f4b7ff000,0x00007f2f4c000000)]
  0x00007f2f24001000 JavaThread "Thread-6" [_thread_in_native, id=5788, stack(0x00007f2f5c014000,0x00007f2f5c815000)]
  0x00007f2f2c001000 JavaThread "Thread-8" [_thread_in_native, id=5787, stack(0x00007f2f5c815000,0x00007f2f5d016000)]
  0x00007f2f40001000 JavaThread "Thread-4" [_thread_blocked, id=5786, stack(0x00007f2f5d016000,0x00007f2f5d817000)]
  0x00007f2f1c001000 JavaThread "Thread-2" [_thread_in_native, id=5785, stack(0x00007f2f5d817000,0x00007f2f5e018000)]
  0x00007f2f3c001000 JavaThread "Thread-1" [_thread_in_native, id=5784, stack(0x00007f2f5e018000,0x00007f2f5e819000)]
  0x00007f2f84099000 JavaThread "Service Thread" daemon [_thread_blocked, id=5782, stack(0x00007f2f5fcfd000,0x00007f2f5fdfe000)]
  0x00007f2f84096800 JavaThread "C2 CompilerThread1" daemon [_thread_blocked, id=5781, stack(0x00007f2f5fdfe000,0x00007f2f5feff000)]
  0x00007f2f84093800 JavaThread "C2 CompilerThread0" daemon [_thread_blocked, id=5780, stack(0x00007f2f5feff000,0x00007f2f60000000)]
  0x00007f2f84070800 JavaThread "Finalizer" daemon [_thread_blocked, id=5778, stack(0x00007f2f7085b000,0x00007f2f7095c000)]
  0x00007f2f8406e000 JavaThread "Reference Handler" daemon [_thread_blocked, id=5777, stack(0x00007f2f7095c000,0x00007f2f70a5d000)]
  0x00007f2f84009800 JavaThread "main" [_thread_in_native, id=5771, stack(0x00007f2f8a4e4000,0x00007f2f8a5e5000)]

Other Threads:
=>0x00007f2f8406a000 VMThread [stack: 0x00007f2f70a5d000,0x00007f2f70b5e000] [id=5776]

VM state:at safepoint (shutting down)

VM Mutex/Monitor currently owned by a thread:  ([mutex/lock_event])
[0x00007f2f840061b0] Threads_lock - owner thread: 0x00007f2f8406a000

Heap
 PSYoungGen      total 17920K, used 14134K [0x00000000ec400000, 0x00000000ed800000, 0x0000000100000000)
  eden space 15360K, 92% used [0x00000000ec400000,0x00000000ed1cdb30,0x00000000ed300000)
  from space 2560K, 0% used [0x00000000ed580000,0x00000000ed580000,0x00000000ed800000)
  to   space 2560K, 0% used [0x00000000ed300000,0x00000000ed300000,0x00000000ed580000)
 ParOldGen       total 40448K, used 0K [0x00000000c4c00000, 0x00000000c7380000, 0x00000000ec400000)
  object space 40448K, 0% used [0x00000000c4c00000,0x00000000c4c00000,0x00000000c7380000)
 PSPermGen       total 21504K, used 3912K [0x00000000bfa00000, 0x00000000c0f00000, 0x00000000c4c00000)
  object space 21504K, 18% used [0x00000000bfa00000,0x00000000bfdd2030,0x00000000c0f00000)

Card table byte_map: [0x00007f2f805b2000,0x00007f2f807b6000] byte_map_base: 0x00007f2f7ffb5000

Polling page: 0x00007f2f8a601000

Code Cache  [0x00007f2f807b6000, 0x00007f2f80a26000, 0x00007f2f837b6000)
 total_blobs=251 nmethods=42 adapters=163 free_code_cache=48696Kb largest_free_block=49843648

Compilation events (10 events):
Event: 1.811 Thread 0x00007f2f84096800 nmethod 36 0x00007f2f808228d0 code [0x00007f2f80822a00, 0x00007f2f80822a78]
Event: 1.811 Thread 0x00007f2f84093800 nmethod 37 0x00007f2f80824c90 code [0x00007f2f80824dc0, 0x00007f2f80824e38]
Event: 1.920 Thread 0x00007f2f84096800   38             java.lang.StringBuilder::append (8 bytes)
Event: 1.920 Thread 0x00007f2f84093800   39             java.lang.AbstractStringBuilder::append (62 bytes)
Event: 1.924 Thread 0x00007f2f84096800 nmethod 38 0x00007f2f80828f10 code [0x00007f2f80829080, 0x00007f2f80829558]
Event: 1.926 Thread 0x00007f2f84093800 nmethod 39 0x00007f2f80828490 code [0x00007f2f80828600, 0x00007f2f80828ad8]
Event: 2.076 Thread 0x00007f2f84096800   40  s          java.lang.StringBuffer::append (10 bytes)
Event: 2.078 Thread 0x00007f2f84096800 nmethod 40 0x00007f2f80824750 code [0x00007f2f808248a0, 0x00007f2f80824bc8]
Event: 2.091 Thread 0x00007f2f84093800   41             org.simgrid.msg.Task::receive (7 bytes)
Event: 2.092 Thread 0x00007f2f84093800 nmethod 41 0x00007f2f80824490 code [0x00007f2f808245e0, 0x00007f2f80824648]

GC Heap History (0 events):
No events

Deoptimization events (0 events):
No events

Internal exceptions (10 events):
Event: 2.199 Thread 0x00007f2f0c001000 Threw 0x00000000ec84bfa8 at /HUDSON/workspace/7u-2-build-linux-amd64/jdk7u80/2329/hotspot/src/share/vm/prims/jni.cpp:743
Event: 2.199 Thread 0x00007f2efc001000 Threw 0x00000000ec9ca100 at /HUDSON/workspace/7u-2-build-linux-amd64/jdk7u80/2329/hotspot/src/share/vm/prims/jni.cpp:743
Event: 2.199 Thread 0x00007f2f2c001000 Threw 0x00000000ecf98a48 at /HUDSON/workspace/7u-2-build-linux-amd64/jdk7u80/2329/hotspot/src/share/vm/prims/jni.cpp:743
Event: 2.199 Thread 0x00007f2f34001000 Threw 0x00000000ecfcd060 at /HUDSON/workspace/7u-2-build-linux-amd64/jdk7u80/2329/hotspot/src/share/vm/prims/jni.cpp:743
Event: 2.199 Thread 0x00007f2f20001000 Threw 0x00000000ed058c80 at /HUDSON/workspace/7u-2-build-linux-amd64/jdk7u80/2329/hotspot/src/share/vm/prims/jni.cpp:743
Event: 2.202 Thread 0x00007f2f10001000 Threw 0x00000000ec898558 at /HUDSON/workspace/7u-2-build-linux-amd64/jdk7u80/2329/hotspot/src/share/vm/prims/jni.cpp:743
Event: 2.203 Thread 0x00007f2f04001000 Threw 0x00000000ec8e4a48 at /HUDSON/workspace/7u-2-build-linux-amd64/jdk7u80/2329/hotspot/src/share/vm/prims/jni.cpp:743
Event: 2.203 Thread 0x00007f2f14001000 Threw 0x00000000ec766a50 at /HUDSON/workspace/7u-2-build-linux-amd64/jdk7u80/2329/hotspot/src/share/vm/prims/jni.cpp:743
Event: 2.203 Thread 0x00007f2f3c001000 Threw 0x00000000ed01f110 at /HUDSON/workspace/7u-2-build-linux-amd64/jdk7u80/2329/hotspot/src/share/vm/prims/jni.cpp:743
Event: 2.204 Thread 0x00007f2f18001000 Threw 0x00000000ec7ffbd8 at /HUDSON/workspace/7u-2-build-linux-amd64/jdk7u80/2329/hotspot/src/share/vm/prims/jni.cpp:743

Events (10 events):
Event: 2.202 loading class 0x00007f2f5401e860
Event: 2.202 loading class 0x00007f2f5401e860 done
Event: 2.202 loading class 0x00007f2f5401e830
Event: 2.202 loading class 0x00007f2f5401e7f0
Event: 2.203 loading class 0x00007f2f5401e7f0 done
Event: 2.203 loading class 0x00007f2f5401e830 done
Event: 2.203 Thread 0x00007f2f00001000 Thread added: 0x00007f2f00001000
Event: 2.203 Thread 0x00007f2f00001000 Thread exited: 0x00007f2f00001000
Event: 2.204 Thread 0x00007f2f84091800 Thread exited: 0x00007f2f84091800
Event: 2.204 Executing VM operation: Exit


Dynamic libraries:
00400000-00401000 r-xp 00000000 08:07 663942                             /home/elixandre/jdk1.7.0_80/bin/java
00600000-00601000 rw-p 00000000 08:07 663942                             /home/elixandre/jdk1.7.0_80/bin/java
023bf000-023e0000 rw-p 00000000 00:00 0                                  [heap]
bfa00000-c0f00000 rw-p 00000000 00:00 0 
c0f00000-c4c00000 rw-p 00000000 00:00 0 
c4c00000-c7380000 rw-p 00000000 00:00 0 
c7380000-ec400000 rw-p 00000000 00:00 0 
ec400000-ed800000 rw-p 00000000 00:00 0 
ed800000-100000000 rw-p 00000000 00:00 0 
7f2ef4000000-7f2ef4021000 rw-p 00000000 00:00 0 
7f2ef4021000-7f2ef8000000 ---p 00000000 00:00 0 
7f2efc000000-7f2efc022000 rw-p 00000000 00:00 0 
7f2efc022000-7f2f00000000 ---p 00000000 00:00 0 
7f2f00000000-7f2f00021000 rw-p 00000000 00:00 0 
7f2f00021000-7f2f04000000 ---p 00000000 00:00 0 
7f2f04000000-7f2f04022000 rw-p 00000000 00:00 0 
7f2f04022000-7f2f08000000 ---p 00000000 00:00 0 
7f2f08000000-7f2f08022000 rw-p 00000000 00:00 0 
7f2f08022000-7f2f0c000000 ---p 00000000 00:00 0 
7f2f0c000000-7f2f0c022000 rw-p 00000000 00:00 0 
7f2f0c022000-7f2f10000000 ---p 00000000 00:00 0 
7f2f10000000-7f2f10022000 rw-p 00000000 00:00 0 
7f2f10022000-7f2f14000000 ---p 00000000 00:00 0 
7f2f14000000-7f2f14022000 rw-p 00000000 00:00 0 
7f2f14022000-7f2f18000000 ---p 00000000 00:00 0 
7f2f18000000-7f2f18022000 rw-p 00000000 00:00 0 
7f2f18022000-7f2f1c000000 ---p 00000000 00:00 0 
7f2f1c000000-7f2f1c123000 rw-p 00000000 00:00 0 
7f2f1c123000-7f2f20000000 ---p 00000000 00:00 0 
7f2f20000000-7f2f20123000 rw-p 00000000 00:00 0 
7f2f20123000-7f2f24000000 ---p 00000000 00:00 0 
7f2f24000000-7f2f24123000 rw-p 00000000 00:00 0 
7f2f24123000-7f2f28000000 ---p 00000000 00:00 0 
7f2f2c000000-7f2f2c124000 rw-p 00000000 00:00 0 
7f2f2c124000-7f2f30000000 ---p 00000000 00:00 0 
7f2f327fd000-7f2f32800000 ---p 00000000 00:00 0 
7f2f32800000-7f2f32ffe000 rw-p 00000000 00:00 0 
7f2f32ffe000-7f2f33001000 ---p 00000000 00:00 0 
7f2f33001000-7f2f337ff000 rw-p 00000000 00:00 0 
7f2f337ff000-7f2f33802000 ---p 00000000 00:00 0 
7f2f33802000-7f2f34000000 rw-p 00000000 00:00 0 
7f2f34000000-7f2f34123000 rw-p 00000000 00:00 0 
7f2f34123000-7f2f38000000 ---p 00000000 00:00 0 
7f2f38000000-7f2f38168000 rw-p 00000000 00:00 0 
7f2f38168000-7f2f3c000000 ---p 00000000 00:00 0 
7f2f3c000000-7f2f3c17f000 rw-p 00000000 00:00 0 
7f2f3c17f000-7f2f40000000 ---p 00000000 00:00 0 
7f2f40000000-7f2f40123000 rw-p 00000000 00:00 0 
7f2f40123000-7f2f44000000 ---p 00000000 00:00 0 
7f2f44000000-7f2f44021000 rw-p 00000000 00:00 0 
7f2f44021000-7f2f48000000 ---p 00000000 00:00 0 
7f2f485f7000-7f2f485fa000 ---p 00000000 00:00 0 
7f2f485fa000-7f2f486f8000 rw-p 00000000 00:00 0 
7f2f486f8000-7f2f486fb000 ---p 00000000 00:00 0 
7f2f486fb000-7f2f487f9000 rw-p 00000000 00:00 0 
7f2f487f9000-7f2f487fc000 ---p 00000000 00:00 0 
7f2f487fc000-7f2f48ffa000 rw-p 00000000 00:00 0 
7f2f48ffa000-7f2f48ffd000 ---p 00000000 00:00 0 
7f2f48ffd000-7f2f497fb000 rw-p 00000000 00:00 0 
7f2f497fb000-7f2f497fe000 ---p 00000000 00:00 0 
7f2f497fe000-7f2f49ffc000 rw-p 00000000 00:00 0 
7f2f49ffc000-7f2f49fff000 ---p 00000000 00:00 0 
7f2f49fff000-7f2f4a7fd000 rw-p 00000000 00:00 0 
7f2f4a7fd000-7f2f4a800000 ---p 00000000 00:00 0 
7f2f4a800000-7f2f4affe000 rw-p 00000000 00:00 0 
7f2f4affe000-7f2f4b001000 ---p 00000000 00:00 0 
7f2f4b001000-7f2f4b7ff000 rw-p 00000000 00:00 0 
7f2f4b7ff000-7f2f4b802000 ---p 00000000 00:00 0 
7f2f4b802000-7f2f4c000000 rw-p 00000000 00:00 0 
7f2f4c000000-7f2f4c0df000 rw-p 00000000 00:00 0 
7f2f4c0df000-7f2f50000000 ---p 00000000 00:00 0 
7f2f50000000-7f2f50021000 rw-p 00000000 00:00 0 
7f2f50021000-7f2f54000000 ---p 00000000 00:00 0 
7f2f54000000-7f2f542ea000 rw-p 00000000 00:00 0 
7f2f542ea000-7f2f58000000 ---p 00000000 00:00 0 
7f2f58000000-7f2f58021000 rw-p 00000000 00:00 0 
7f2f58021000-7f2f5c000000 ---p 00000000 00:00 0 
7f2f5c014000-7f2f5c017000 ---p 00000000 00:00 0 
7f2f5c017000-7f2f5c815000 rw-p 00000000 00:00 0 
7f2f5c815000-7f2f5c818000 ---p 00000000 00:00 0 
7f2f5c818000-7f2f5d016000 rw-p 00000000 00:00 0 
7f2f5d016000-7f2f5d019000 ---p 00000000 00:00 0 
7f2f5d019000-7f2f5d817000 rw-p 00000000 00:00 0 
7f2f5d817000-7f2f5d81a000 ---p 00000000 00:00 0 
7f2f5d81a000-7f2f5e018000 rw-p 00000000 00:00 0 
7f2f5e018000-7f2f5e01b000 ---p 00000000 00:00 0 
7f2f5e01b000-7f2f5e819000 rw-p 00000000 00:00 0 
7f2f5e819000-7f2f5e831000 r-xp 00000000 08:07 794697                     /tmp/simgrid-java4994785217833456719/libsimgrid-java.so (deleted)
7f2f5e831000-7f2f5ea31000 ---p 00018000 08:07 794697                     /tmp/simgrid-java4994785217833456719/libsimgrid-java.so (deleted)
7f2f5ea31000-7f2f5ea32000 rw-p 00018000 08:07 794697                     /tmp/simgrid-java4994785217833456719/libsimgrid-java.so (deleted)
7f2f5ea32000-7f2f5ea48000 r-xp 00000000 08:07 528568                     /lib/x86_64-linux-gnu/libgcc_s.so.1
7f2f5ea48000-7f2f5ec47000 ---p 00016000 08:07 528568                     /lib/x86_64-linux-gnu/libgcc_s.so.1
7f2f5ec47000-7f2f5ec48000 r--p 00015000 08:07 528568                     /lib/x86_64-linux-gnu/libgcc_s.so.1
7f2f5ec48000-7f2f5ec49000 rw-p 00016000 08:07 528568                     /lib/x86_64-linux-gnu/libgcc_s.so.1
7f2f5ec49000-7f2f5edbc000 r-xp 00000000 08:07 1059329                    /usr/lib/x86_64-linux-gnu/libstdc++.so.6.0.21
7f2f5edbc000-7f2f5efbb000 ---p 00173000 08:07 1059329                    /usr/lib/x86_64-linux-gnu/libstdc++.so.6.0.21
7f2f5efbb000-7f2f5efc5000 r--p 00172000 08:07 1059329                    /usr/lib/x86_64-linux-gnu/libstdc++.so.6.0.21
7f2f5efc5000-7f2f5efc7000 rw-p 0017c000 08:07 1059329                    /usr/lib/x86_64-linux-gnu/libstdc++.so.6.0.21
7f2f5efc7000-7f2f5efcb000 rw-p 00000000 00:00 0 
7f2f5efcb000-7f2f5f290000 r-xp 00000000 08:07 794682                     /tmp/simgrid-java4994785217833456719/libsimgrid.so (deleted)
7f2f5f290000-7f2f5f490000 ---p 002c5000 08:07 794682                     /tmp/simgrid-java4994785217833456719/libsimgrid.so (deleted)
7f2f5f490000-7f2f5f4cb000 rw-p 002c5000 08:07 794682                     /tmp/simgrid-java4994785217833456719/libsimgrid.so (deleted)
7f2f5f4cb000-7f2f5f7d4000 rw-p 00000000 00:00 0 
7f2f5f7d4000-7f2f5f7eb000 r-xp 00000000 08:07 663689                     /home/elixandre/jdk1.7.0_80/jre/lib/amd64/libnet.so
7f2f5f7eb000-7f2f5f9ea000 ---p 00017000 08:07 663689                     /home/elixandre/jdk1.7.0_80/jre/lib/amd64/libnet.so
7f2f5f9ea000-7f2f5f9eb000 rw-p 00016000 08:07 663689                     /home/elixandre/jdk1.7.0_80/jre/lib/amd64/libnet.so
7f2f5f9eb000-7f2f5f9fb000 r-xp 00000000 08:07 663688                     /home/elixandre/jdk1.7.0_80/jre/lib/amd64/libnio.so
7f2f5f9fb000-7f2f5fbfb000 ---p 00010000 08:07 663688                     /home/elixandre/jdk1.7.0_80/jre/lib/amd64/libnio.so
7f2f5fbfb000-7f2f5fbfc000 rw-p 00010000 08:07 663688                     /home/elixandre/jdk1.7.0_80/jre/lib/amd64/libnio.so
7f2f5fbfc000-7f2f5fbfd000 ---p 00000000 00:00 0 
7f2f5fbfd000-7f2f5fcfd000 rw-p 00000000 00:00 0 
7f2f5fcfd000-7f2f5fd00000 ---p 00000000 00:00 0 
7f2f5fd00000-7f2f5fdfe000 rw-p 00000000 00:00 0 
7f2f5fdfe000-7f2f5fe01000 ---p 00000000 00:00 0 
7f2f5fe01000-7f2f5feff000 rw-p 00000000 00:00 0 
7f2f5feff000-7f2f5ff02000 ---p 00000000 00:00 0 
7f2f5ff02000-7f2f60000000 rw-p 00000000 00:00 0 
7f2f60000000-7f2f60021000 rw-p 00000000 00:00 0 
7f2f60021000-7f2f64000000 ---p 00000000 00:00 0 
7f2f64000000-7f2f64021000 rw-p 00000000 00:00 0 
7f2f64021000-7f2f68000000 ---p 00000000 00:00 0 
7f2f68000000-7f2f68021000 rw-p 00000000 00:00 0 
7f2f68021000-7f2f6c000000 ---p 00000000 00:00 0 
7f2f6c000000-7f2f6c021000 rw-p 00000000 00:00 0 
7f2f6c021000-7f2f70000000 ---p 00000000 00:00 0 
7f2f70077000-7f2f7007a000 ---p 00000000 00:00 0 
7f2f7007a000-7f2f70178000 rw-p 00000000 00:00 0 
7f2f70178000-7f2f7085b000 r--p 00000000 08:07 1055607                    /usr/lib/locale/locale-archive
7f2f7085b000-7f2f7085e000 ---p 00000000 00:00 0 
7f2f7085e000-7f2f7095c000 rw-p 00000000 00:00 0 
7f2f7095c000-7f2f7095f000 ---p 00000000 00:00 0 
7f2f7095f000-7f2f70a5d000 rw-p 00000000 00:00 0 
7f2f70a5d000-7f2f70a5e000 ---p 00000000 00:00 0 
7f2f70a5e000-7f2f71b3c000 rw-p 00000000 00:00 0 
7f2f71b3c000-7f2f71cfc000 r--s 039fb000 08:07 663892                     /home/elixandre/jdk1.7.0_80/jre/lib/rt.jar
7f2f71cfc000-7f2f74000000 rw-p 00000000 00:00 0 
7f2f74000000-7f2f74021000 rw-p 00000000 00:00 0 
7f2f74021000-7f2f78000000 ---p 00000000 00:00 0 
7f2f78000000-7f2f78021000 rw-p 00000000 00:00 0 
7f2f78021000-7f2f7c000000 ---p 00000000 00:00 0 
7f2f7c000000-7f2f7c021000 rw-p 00000000 00:00 0 
7f2f7c021000-7f2f80000000 ---p 00000000 00:00 0 
7f2f80000000-7f2f80049000 rw-p 00000000 00:00 0 
7f2f80049000-7f2f8004a000 ---p 00000000 00:00 0 
7f2f8004a000-7f2f8014a000 rw-p 00000000 00:00 0 
7f2f8014a000-7f2f8014b000 ---p 00000000 00:00 0 
7f2f8014b000-7f2f8024b000 rw-p 00000000 00:00 0 
7f2f8024b000-7f2f8024c000 ---p 00000000 00:00 0 
7f2f8024c000-7f2f8034c000 rw-p 00000000 00:00 0 
7f2f8034c000-7f2f8034d000 ---p 00000000 00:00 0 
7f2f8034d000-7f2f80458000 rw-p 00000000 00:00 0 
7f2f80458000-7f2f80476000 rw-p 00000000 00:00 0 
7f2f80476000-7f2f8048a000 rw-p 00000000 00:00 0 
7f2f8048a000-7f2f805b2000 rw-p 00000000 00:00 0 
7f2f805b2000-7f2f805bd000 rw-p 00000000 00:00 0 
7f2f805bd000-7f2f805db000 rw-p 00000000 00:00 0 
7f2f805db000-7f2f805ef000 rw-p 00000000 00:00 0 
7f2f805ef000-7f2f80717000 rw-p 00000000 00:00 0 
7f2f80717000-7f2f80721000 rw-p 00000000 00:00 0 
7f2f80721000-7f2f807b5000 rw-p 00000000 00:00 0 
7f2f807b5000-7f2f807b6000 rw-p 00000000 00:00 0 
7f2f807b6000-7f2f80a26000 rwxp 00000000 00:00 0 
7f2f80a26000-7f2f837b6000 rw-p 00000000 00:00 0 
7f2f837b6000-7f2f837cd000 r-xp 00000000 08:07 663687                     /home/elixandre/jdk1.7.0_80/jre/lib/amd64/libzip.so
7f2f837cd000-7f2f839cd000 ---p 00017000 08:07 663687                     /home/elixandre/jdk1.7.0_80/jre/lib/amd64/libzip.so
7f2f839cd000-7f2f839ce000 rw-p 00017000 08:07 663687                     /home/elixandre/jdk1.7.0_80/jre/lib/amd64/libzip.so
7f2f839ce000-7f2f839d8000 r-xp 00000000 08:07 529521                     /lib/x86_64-linux-gnu/libnss_files-2.21.so
7f2f839d8000-7f2f83bd8000 ---p 0000a000 08:07 529521                     /lib/x86_64-linux-gnu/libnss_files-2.21.so
7f2f83bd8000-7f2f83bd9000 r--p 0000a000 08:07 529521                     /lib/x86_64-linux-gnu/libnss_files-2.21.so
7f2f83bd9000-7f2f83bda000 rw-p 0000b000 08:07 529521                     /lib/x86_64-linux-gnu/libnss_files-2.21.so
7f2f83bda000-7f2f83be5000 r-xp 00000000 08:07 529535                     /lib/x86_64-linux-gnu/libnss_nis-2.21.so
7f2f83be5000-7f2f83de4000 ---p 0000b000 08:07 529535                     /lib/x86_64-linux-gnu/libnss_nis-2.21.so
7f2f83de4000-7f2f83de5000 r--p 0000a000 08:07 529535                     /lib/x86_64-linux-gnu/libnss_nis-2.21.so
7f2f83de5000-7f2f83de6000 rw-p 0000b000 08:07 529535                     /lib/x86_64-linux-gnu/libnss_nis-2.21.so
7f2f83de6000-7f2f83dfd000 r-xp 00000000 08:07 529538                     /lib/x86_64-linux-gnu/libnsl-2.21.so
7f2f83dfd000-7f2f83ffc000 ---p 00017000 08:07 529538                     /lib/x86_64-linux-gnu/libnsl-2.21.so
7f2f83ffc000-7f2f83ffd000 r--p 00016000 08:07 529538                     /lib/x86_64-linux-gnu/libnsl-2.21.so
7f2f83ffd000-7f2f83ffe000 rw-p 00017000 08:07 529538                     /lib/x86_64-linux-gnu/libnsl-2.21.so
7f2f83ffe000-7f2f84000000 rw-p 00000000 00:00 0 
7f2f84000000-7f2f843f7000 rw-p 00000000 00:00 0 
7f2f843f7000-7f2f88000000 ---p 00000000 00:00 0 
7f2f88014000-7f2f8801c000 r-xp 00000000 08:07 529523                     /lib/x86_64-linux-gnu/libnss_compat-2.21.so
7f2f8801c000-7f2f8821b000 ---p 00008000 08:07 529523                     /lib/x86_64-linux-gnu/libnss_compat-2.21.so
7f2f8821b000-7f2f8821c000 r--p 00007000 08:07 529523                     /lib/x86_64-linux-gnu/libnss_compat-2.21.so
7f2f8821c000-7f2f8821d000 rw-p 00008000 08:07 529523                     /lib/x86_64-linux-gnu/libnss_compat-2.21.so
7f2f8821d000-7f2f88246000 r-xp 00000000 08:07 663623                     /home/elixandre/jdk1.7.0_80/jre/lib/amd64/libjava.so
7f2f88246000-7f2f88446000 ---p 00029000 08:07 663623                     /home/elixandre/jdk1.7.0_80/jre/lib/amd64/libjava.so
7f2f88446000-7f2f88448000 rw-p 00029000 08:07 663623                     /home/elixandre/jdk1.7.0_80/jre/lib/amd64/libjava.so
7f2f88448000-7f2f88455000 r-xp 00000000 08:07 663501                     /home/elixandre/jdk1.7.0_80/jre/lib/amd64/libverify.so
7f2f88455000-7f2f88654000 ---p 0000d000 08:07 663501                     /home/elixandre/jdk1.7.0_80/jre/lib/amd64/libverify.so
7f2f88654000-7f2f88656000 rw-p 0000c000 08:07 663501                     /home/elixandre/jdk1.7.0_80/jre/lib/amd64/libverify.so
7f2f88656000-7f2f8865d000 r-xp 00000000 08:07 529522                     /lib/x86_64-linux-gnu/librt-2.21.so
7f2f8865d000-7f2f8885c000 ---p 00007000 08:07 529522                     /lib/x86_64-linux-gnu/librt-2.21.so
7f2f8885c000-7f2f8885d000 r--p 00006000 08:07 529522                     /lib/x86_64-linux-gnu/librt-2.21.so
7f2f8885d000-7f2f8885e000 rw-p 00007000 08:07 529522                     /lib/x86_64-linux-gnu/librt-2.21.so
7f2f8885e000-7f2f88965000 r-xp 00000000 08:07 529524                     /lib/x86_64-linux-gnu/libm-2.21.so
7f2f88965000-7f2f88b64000 ---p 00107000 08:07 529524                     /lib/x86_64-linux-gnu/libm-2.21.so
7f2f88b64000-7f2f88b65000 r--p 00106000 08:07 529524                     /lib/x86_64-linux-gnu/libm-2.21.so
7f2f88b65000-7f2f88b66000 rw-p 00107000 08:07 529524                     /lib/x86_64-linux-gnu/libm-2.21.so
7f2f88b66000-7f2f896dc000 r-xp 00000000 08:07 663273                     /home/elixandre/jdk1.7.0_80/jre/lib/amd64/server/libjvm.so
7f2f896dc000-7f2f898db000 ---p 00b76000 08:07 663273                     /home/elixandre/jdk1.7.0_80/jre/lib/amd64/server/libjvm.so
7f2f898db000-7f2f8999f000 rw-p 00b75000 08:07 663273                     /home/elixandre/jdk1.7.0_80/jre/lib/amd64/server/libjvm.so
7f2f8999f000-7f2f899e0000 rw-p 00000000 00:00 0 
7f2f899e0000-7f2f89ba0000 r-xp 00000000 08:07 529541                     /lib/x86_64-linux-gnu/libc-2.21.so
7f2f89ba0000-7f2f89da0000 ---p 001c0000 08:07 529541                     /lib/x86_64-linux-gnu/libc-2.21.so
7f2f89da0000-7f2f89da4000 r--p 001c0000 08:07 529541                     /lib/x86_64-linux-gnu/libc-2.21.so
7f2f89da4000-7f2f89da6000 rw-p 001c4000 08:07 529541                     /lib/x86_64-linux-gnu/libc-2.21.so
7f2f89da6000-7f2f89daa000 rw-p 00000000 00:00 0 
7f2f89daa000-7f2f89dad000 r-xp 00000000 08:07 529528                     /lib/x86_64-linux-gnu/libdl-2.21.so
7f2f89dad000-7f2f89fac000 ---p 00003000 08:07 529528                     /lib/x86_64-linux-gnu/libdl-2.21.so
7f2f89fac000-7f2f89fad000 r--p 00002000 08:07 529528                     /lib/x86_64-linux-gnu/libdl-2.21.so
7f2f89fad000-7f2f89fae000 rw-p 00003000 08:07 529528                     /lib/x86_64-linux-gnu/libdl-2.21.so
7f2f89fae000-7f2f89fc3000 r-xp 00000000 08:07 663695                     /home/elixandre/jdk1.7.0_80/lib/amd64/jli/libjli.so
7f2f89fc3000-7f2f8a1c2000 ---p 00015000 08:07 663695                     /home/elixandre/jdk1.7.0_80/lib/amd64/jli/libjli.so
7f2f8a1c2000-7f2f8a1c3000 rw-p 00014000 08:07 663695                     /home/elixandre/jdk1.7.0_80/lib/amd64/jli/libjli.so
7f2f8a1c3000-7f2f8a1db000 r-xp 00000000 08:07 529525                     /lib/x86_64-linux-gnu/libpthread-2.21.so
7f2f8a1db000-7f2f8a3db000 ---p 00018000 08:07 529525                     /lib/x86_64-linux-gnu/libpthread-2.21.so
7f2f8a3db000-7f2f8a3dc000 r--p 00018000 08:07 529525                     /lib/x86_64-linux-gnu/libpthread-2.21.so
7f2f8a3dc000-7f2f8a3dd000 rw-p 00019000 08:07 529525                     /lib/x86_64-linux-gnu/libpthread-2.21.so
7f2f8a3dd000-7f2f8a3e1000 rw-p 00000000 00:00 0 
7f2f8a3e1000-7f2f8a405000 r-xp 00000000 08:07 529539                     /lib/x86_64-linux-gnu/ld-2.21.so
7f2f8a40f000-7f2f8a42e000 rw-p 00000000 00:00 0 
7f2f8a42e000-7f2f8a4e4000 rw-p 00000000 00:00 0 
7f2f8a4e4000-7f2f8a4e7000 ---p 00000000 00:00 0 
7f2f8a4e7000-7f2f8a5e9000 rw-p 00000000 00:00 0 
7f2f8a5f1000-7f2f8a5f5000 r--s 0008b000 08:07 663627                     /home/elixandre/jdk1.7.0_80/jre/lib/jsse.jar
7f2f8a5f5000-7f2f8a5f8000 r--s 00f76000 08:07 542783                     /home/elixandre/Downloads/simgrid.jar
7f2f8a5f8000-7f2f8a600000 rw-s 00000000 08:07 544733                     /tmp/hsperfdata_elixandre/5767 (deleted)
7f2f8a600000-7f2f8a601000 rw-p 00000000 00:00 0 
7f2f8a601000-7f2f8a602000 ---p 00000000 00:00 0 
7f2f8a602000-7f2f8a604000 rw-p 00000000 00:00 0 
7f2f8a604000-7f2f8a605000 r--p 00023000 08:07 529539                     /lib/x86_64-linux-gnu/ld-2.21.so
7f2f8a605000-7f2f8a606000 rw-p 00024000 08:07 529539                     /lib/x86_64-linux-gnu/ld-2.21.so
7f2f8a606000-7f2f8a607000 rw-p 00000000 00:00 0 
7fffe718f000-7fffe71b0000 rw-p 00000000 00:00 0                          [stack]
7fffe71de000-7fffe71e0000 r--p 00000000 00:00 0                          [vvar]
7fffe71e0000-7fffe71e2000 r-xp 00000000 00:00 0                          [vdso]
ffffffffff600000-ffffffffff601000 r-xp 00000000 00:00 0                  [vsyscall]

VM Arguments:
jvm_args: -Dfile.encoding=UTF-8 
java_command: vcube.VCube platform.xml deployment.xml
Launcher Type: SUN_STANDARD

Environment Variables:
PATH=/usr/local/sbin:/usr/local/bin:/usr/sbin:/usr/bin:/sbin:/bin:/usr/games:/usr/local/games:/home/elixandre/.rvm/bin
LD_LIBRARY_PATH=/home/elixandre/jdk1.7.0_80/jre/lib/amd64:/home/elixandre/jdk1.7.0_80/jre/lib/i386:
SHELL=/bin/bash
DISPLAY=:0

Signal Handlers:
SIGSEGV: [libjvm.so+0x9a3b20], sa_mask[0]=0x7ffbfeff, sa_flags=0x10000004
SIGBUS: [libjvm.so+0x9a3b20], sa_mask[0]=0x7ffbfeff, sa_flags=0x10000004
SIGFPE: [libjvm.so+0x81e740], sa_mask[0]=0x7ffbfeff, sa_flags=0x10000004
SIGPIPE: [libjvm.so+0x81e740], sa_mask[0]=0x7ffbfeff, sa_flags=0x10000004
SIGXFSZ: [libjvm.so+0x81e740], sa_mask[0]=0x7ffbfeff, sa_flags=0x10000004
SIGILL: [libjvm.so+0x81e740], sa_mask[0]=0x7ffbfeff, sa_flags=0x10000004
SIGUSR1: SIG_DFL, sa_mask[0]=0x00000000, sa_flags=0x00000000
SIGUSR2: [libjvm.so+0x81ffb0], sa_mask[0]=0x00000004, sa_flags=0x10000004
SIGHUP: [libjvm.so+0x8210d0], sa_mask[0]=0x7ffbfeff, sa_flags=0x10000004
SIGINT: [libsimgrid.so+0x8ff50], sa_mask[0]=0x00000002, sa_flags=0x10000000
SIGTERM: [libjvm.so+0x8210d0], sa_mask[0]=0x7ffbfeff, sa_flags=0x10000004
SIGQUIT: [libjvm.so+0x8210d0], sa_mask[0]=0x7ffbfeff, sa_flags=0x10000004


---------------  S Y S T E M  ---------------

OS:jessie/sid

uname:Linux 4.2.0-42-generic #49-Ubuntu SMP Tue Jun 28 21:26:26 UTC 2016 x86_64
libc:glibc 2.21 NPTL 2.21 
rlimit: STACK 8192k, CORE 0k, NPROC 15009, NOFILE 65536, AS infinity
load average:0.32 0.29 0.39

/proc/meminfo:
MemTotal:        3879128 kB
MemFree:         1071164 kB
MemAvailable:    1991244 kB
Buffers:           77912 kB
Cached:          1115716 kB
SwapCached:         2700 kB
Active:          1450848 kB
Inactive:        1118196 kB
Active(anon):     880036 kB
Inactive(anon):   655644 kB
Active(file):     570812 kB
Inactive(file):   462552 kB
Unevictable:          32 kB
Mlocked:              32 kB
SwapTotal:        975868 kB
SwapFree:         947520 kB
Dirty:             12584 kB
Writeback:             0 kB
AnonPages:       1373256 kB
Mapped:           288956 kB
Shmem:            160264 kB
Slab:             145108 kB
SReclaimable:     111300 kB
SUnreclaim:        33808 kB
KernelStack:        8944 kB
PageTables:        33912 kB
NFS_Unstable:          0 kB
Bounce:                0 kB
WritebackTmp:          0 kB
CommitLimit:     2915432 kB
Committed_AS:    5086804 kB
VmallocTotal:   34359738367 kB
VmallocUsed:      347648 kB
VmallocChunk:   34358947836 kB
HardwareCorrupted:     0 kB
AnonHugePages:    942080 kB
CmaTotal:              0 kB
CmaFree:               0 kB
HugePages_Total:       0
HugePages_Free:        0
HugePages_Rsvd:        0
HugePages_Surp:        0
Hugepagesize:       2048 kB
DirectMap4k:      131832 kB
DirectMap2M:     3895296 kB


CPU:total 4 (2 cores per cpu, 2 threads per core) family 6 model 58 stepping 9, cmov, cx8, fxsr, mmx, sse, sse2, sse3, ssse3, sse4.1, sse4.2, popcnt, avx, erms, ht, tsc, tscinvbit, tscinv

/proc/cpuinfo:
processor	: 0
vendor_id	: GenuineIntel
cpu family	: 6
model		: 58
model name	: Intel(R) Core(TM) i7-3517U CPU @ 1.90GHz
stepping	: 9
microcode	: 0x12
cpu MHz		: 2590.968
cache size	: 4096 KB
physical id	: 0
siblings	: 4
core id		: 0
cpu cores	: 2
apicid		: 0
initial apicid	: 0
fpu		: yes
fpu_exception	: yes
cpuid level	: 13
wp		: yes
flags		: fpu vme de pse tsc msr pae mce cx8 apic sep mtrr pge mca cmov pat pse36 clflush dts acpi mmx fxsr sse sse2 ss ht tm pbe syscall nx rdtscp lm constant_tsc arch_perfmon pebs bts rep_good nopl xtopology nonstop_tsc aperfmperf eagerfpu pni pclmulqdq dtes64 monitor ds_cpl vmx est tm2 ssse3 cx16 xtpr pdcm pcid sse4_1 sse4_2 x2apic popcnt tsc_deadline_timer xsave avx f16c rdrand lahf_lm ida arat epb pln pts dtherm tpr_shadow vnmi flexpriority ept vpid fsgsbase smep erms xsaveopt
bugs		:
bogomips	: 4789.11
clflush size	: 64
cache_alignment	: 64
address sizes	: 36 bits physical, 48 bits virtual
power management:

processor	: 1
vendor_id	: GenuineIntel
cpu family	: 6
model		: 58
model name	: Intel(R) Core(TM) i7-3517U CPU @ 1.90GHz
stepping	: 9
microcode	: 0x12
cpu MHz		: 2517.750
cache size	: 4096 KB
physical id	: 0
siblings	: 4
core id		: 0
cpu cores	: 2
apicid		: 1
initial apicid	: 1
fpu		: yes
fpu_exception	: yes
cpuid level	: 13
wp		: yes
flags		: fpu vme de pse tsc msr pae mce cx8 apic sep mtrr pge mca cmov pat pse36 clflush dts acpi mmx fxsr sse sse2 ss ht tm pbe syscall nx rdtscp lm constant_tsc arch_perfmon pebs bts rep_good nopl xtopology nonstop_tsc aperfmperf eagerfpu pni pclmulqdq dtes64 monitor ds_cpl vmx est tm2 ssse3 cx16 xtpr pdcm pcid sse4_1 sse4_2 x2apic popcnt tsc_deadline_timer xsave avx f16c rdrand lahf_lm ida arat epb pln pts dtherm tpr_shadow vnmi flexpriority ept vpid fsgsbase smep erms xsaveopt
bugs		:
bogomips	: 4789.11
clflush size	: 64
cache_alignment	: 64
address sizes	: 36 bits physical, 48 bits virtual
power management:

processor	: 2
vendor_id	: GenuineIntel
cpu family	: 6
model		: 58
model name	: Intel(R) Core(TM) i7-3517U CPU @ 1.90GHz
stepping	: 9
microcode	: 0x12
cpu MHz		: 2697.281
cache size	: 4096 KB
physical id	: 0
siblings	: 4
core id		: 1
cpu cores	: 2
apicid		: 2
initial apicid	: 2
fpu		: yes
fpu_exception	: yes
cpuid level	: 13
wp		: yes
flags		: fpu vme de pse tsc msr pae mce cx8 apic sep mtrr pge mca cmov pat pse36 clflush dts acpi mmx fxsr sse sse2 ss ht tm pbe syscall nx rdtscp lm constant_tsc arch_perfmon pebs bts rep_good nopl xtopology nonstop_tsc aperfmperf eagerfpu pni pclmulqdq dtes64 monitor ds_cpl vmx est tm2 ssse3 cx16 xtpr pdcm pcid sse4_1 sse4_2 x2apic popcnt tsc_deadline_timer xsave avx f16c rdrand lahf_lm ida arat epb pln pts dtherm tpr_shadow vnmi flexpriority ept vpid fsgsbase smep erms xsaveopt
bugs		:
bogomips	: 4789.11
clflush size	: 64
cache_alignment	: 64
address sizes	: 36 bits physical, 48 bits virtual
power management:

processor	: 3
vendor_id	: GenuineIntel
cpu family	: 6
model		: 58
model name	: Intel(R) Core(TM) i7-3517U CPU @ 1.90GHz
stepping	: 9
microcode	: 0x12
cpu MHz		: 2635.312
cache size	: 4096 KB
physical id	: 0
siblings	: 4
core id		: 1
cpu cores	: 2
apicid		: 3
initial apicid	: 3
fpu		: yes
fpu_exception	: yes
cpuid level	: 13
wp		: yes
flags		: fpu vme de pse tsc msr pae mce cx8 apic sep mtrr pge mca cmov pat pse36 clflush dts acpi mmx fxsr sse sse2 ss ht tm pbe syscall nx rdtscp lm constant_tsc arch_perfmon pebs bts rep_good nopl xtopology nonstop_tsc aperfmperf eagerfpu pni pclmulqdq dtes64 monitor ds_cpl vmx est tm2 ssse3 cx16 xtpr pdcm pcid sse4_1 sse4_2 x2apic popcnt tsc_deadline_timer xsave avx f16c rdrand lahf_lm ida arat epb pln pts dtherm tpr_shadow vnmi flexpriority ept vpid fsgsbase smep erms xsaveopt
bugs		:
bogomips	: 4789.11
clflush size	: 64
cache_alignment	: 64
address sizes	: 36 bits physical, 48 bits virtual
power management:



Memory: 4k page, physical 3879128k(1071164k free), swap 975868k(947520k free)

vm_info: Java HotSpot(TM) 64-Bit Server VM (24.80-b11) for linux-amd64 JRE (1.7.0_80-b15), built on Apr 10 2015 19:53:14 by "java_re" with gcc 4.3.0 20080428 (Red Hat 4.3.0-8)

time: Sat Apr 29 13:26:37 2017
elapsed time: 2 seconds

