#
# A fatal error has been detected by the Java Runtime Environment:
#
#  SIGSEGV (0xb) at pc=0x00007f04adadf76b, pid=3876, tid=139657851365120
#
# JRE version: Java(TM) SE Runtime Environment (7.0_80-b15) (build 1.7.0_80-b15)
# Java VM: Java HotSpot(TM) 64-Bit Server VM (24.80-b11 mixed mode linux-amd64 compressed oops)
# Problematic frame:
# C  [libc.so.6+0x8076b]  _IO_str_seekoff+0x299b
#
# Failed to write core dump. Core dumps have been disabled. To enable core dumping, try "ulimit -c unlimited" before starting Java again
#
# If you would like to submit a bug report, please visit:
#   http://bugreport.java.com/bugreport/crash.jsp
# The crash happened outside the Java Virtual Machine in native code.
# See problematic frame for where to report the bug.
#

---------------  T H R E A D  ---------------

Current thread (0x00007f04a8070800):  JavaThread "Finalizer" daemon [_thread_in_native, id=3887, stack(0x00007f04a08ee000,0x00007f04a09ef000)]

siginfo:si_signo=SIGSEGV: si_errno=0, si_code=1 (SEGV_MAPERR), si_addr=0x00007f73c4623388

Registers:
RAX=0x00007f046018cd60, RBX=0x00007f046000c310, RCX=0x00007f04a09ed7c0, RDX=0xffffff909b9e8f90
RSP=0x00007f04a09ed5e0, RBP=0x0000006f64617070, RSI=0x0000000000000001, RDI=0x0000000000000000
R8 =0x0000000000000e39, R9 =0x0000000000000001, R10=0x0000000000000006, R11=0x00007f04ada34de8
R12=0x00007f73c4623380, R13=0x00007f0460000020, R14=0x00007f04a09ed7c0, R15=0x00007f04a8070800
RIP=0x00007f04adadf76b, EFLAGS=0x0000000000010202, CSGSFS=0x0000000000000033, ERR=0x0000000000000004
  TRAPNO=0x000000000000000e

Top of Stack: (sp=0x00007f04a09ed5e0)
0x00007f04a09ed5e0:   00007f04a09ed600 0000000000000120
0x00007f04a09ed5f0:   0000000000000008 00007f04ad3a63a6
0x00007f04a09ed600:   00007f04ada21580 00007f045c010db0
0x00007f04a09ed610:   00007f04835c7ce0 00007f045c010d20
0x00007f04a09ed620:   00000000bfdbe090 00007f0400000001
0x00007f04a09ed630:   00007f045c010db0 00007f04adae37ec
0x00007f04a09ed640:   00007f04a09ed660 00000000000000a8
0x00007f04a09ed650:   0000000000000008 00007f046000c250
0x00007f04a09ed660:   00007f04835c7ce0 0000000000000000
0x00007f04a09ed670:   00000000bfdbe090 00007f04a09ed7c0
0x00007f04a09ed680:   00007f04a8070800 00007f04adae37ec
0x00007f04a09ed690:   0000007fbfa016c0 00007f04a8071078
0x00007f04a09ed6a0:   00007f04a8070c20 00007f045c010ca0
0x00007f04a09ed6b0:   00007f04835c7ce0 00007f046000c250
0x00007f04a09ed6c0:   00007f04835c7ce0 0000000000000000
0x00007f04a09ed6d0:   00000000bfdbe090 00007f0483150683
0x00007f04a09ed6e0:   00007f04a8070800 00007f04a8070800
0x00007f04a09ed6f0:   01007f0484003618 00007f04ad3f3582
0x00007f04a09ed700:   0000000000001385 00007f04a8071078
0x00007f04a09ed710:   00007f04a09ed770 00007f04ad3f399c
0x00007f04a09ed720:   00007f04840036e0 00007f048290cde7
0x00007f04a09ed730:   0000000000000000 00000000bfdbe090
0x00007f04a09ed740:   00007f04a09ed7a0 00007f04a47c8d98
0x00007f04a09ed750:   00007f04a09ed7b0 00007f04ad3f4a0b
0x00007f04a09ed760:   00007f04a09ed760 0000000000000000
0x00007f04a09ed770:   00007f04a09ed7c0 00000000bfdbfa68
0x00007f04a09ed780:   0000000000000000 00000000bfdbe090
0x00007f04a09ed790:   0000000000000000 00007f04a09ed7c0
0x00007f04a09ed7a0:   00007f04a09ed808 00007f04a47bc058
0x00007f04a09ed7b0:   0000000000000000 00007f04a47c4cd8
0x00007f04a09ed7c0:   00000000ed3d4f70 00007f04a09ed7c8
0x00007f04a09ed7d0:   00000000bfdbdfa9 00007f04a09ed820 

Instructions: (pc=0x00007f04adadf76b)
0x00007f04adadf74b:   4c 8d 24 2e c7 44 24 48 00 00 00 00 48 39 c6 0f
0x00007f04adadf75b:   84 70 09 00 00 41 f6 45 04 02 0f 84 85 08 00 00
0x00007f04adadf76b:   49 8b 44 24 08 a8 01 0f 84 98 08 00 00 49 89 c7
0x00007f04adadf77b:   49 83 e7 f8 48 83 f8 10 0f 86 e7 06 00 00 4d 3b 

Register to memory mapping:

RAX=0x00007f046018cd60 is an unknown value
RBX=0x00007f046000c310 is an unknown value
RCX=0x00007f04a09ed7c0 is pointing into the stack for thread: 0x00007f04a8070800
RDX=0xffffff909b9e8f90 is an unknown value
RSP=0x00007f04a09ed5e0 is pointing into the stack for thread: 0x00007f04a8070800
RBP=0x0000006f64617070 is an unknown value
RSI=0x0000000000000001 is an unknown value
RDI=0x0000000000000000 is an unknown value
R8 =0x0000000000000e39 is an unknown value
R9 =0x0000000000000001 is an unknown value
R10=0x0000000000000006 is an unknown value
R11=0x00007f04ada34de8: <offset 0xe4fde8> in /home/elixandre/jdk1.7.0_80/jre/lib/amd64/server/libjvm.so at 0x00007f04acbe5000
R12=0x00007f73c4623380 is an unknown value
R13=0x00007f0460000020 is an unknown value
R14=0x00007f04a09ed7c0 is pointing into the stack for thread: 0x00007f04a8070800
R15=0x00007f04a8070800 is a thread


Stack: [0x00007f04a08ee000,0x00007f04a09ef000],  sp=0x00007f04a09ed5e0,  free space=1021k
Native frames: (J=compiled Java code, j=interpreted, Vv=VM code, C=native code)
C  [libc.so.6+0x8076b]  _IO_str_seekoff+0x299b

[error occurred during error reporting (printing native stack), id 0xb]

Java frames: (J=compiled Java code, j=interpreted, Vv=VM code)
j  org.simgrid.msg.Task.nativeFinalize()V+0
j  org.simgrid.msg.Task.finalize()V+1
j  java.lang.System$2.invokeFinalize(Ljava/lang/Object;)V+1
j  java.lang.ref.Finalizer.runFinalizer(Lsun/misc/JavaLangAccess;)V+46
j  java.lang.ref.Finalizer.access$100(Ljava/lang/ref/Finalizer;Lsun/misc/JavaLangAccess;)V+2
j  java.lang.ref.Finalizer$FinalizerThread.run()V+45
v  ~StubRoutines::call_stub

---------------  P R O C E S S  ---------------

Java Threads: ( => current thread )
  0x00007f044c001000 JavaThread "Thread-8" [_thread_in_native, id=3900, stack(0x00007f04567fd000,0x00007f0456ffe000)]
  0x00007f0448001000 JavaThread "Thread-7" [_thread_in_native, id=3899, stack(0x00007f0456ffe000,0x00007f04577ff000)]
  0x00007f0450001000 JavaThread "Thread-5" [_thread_in_native, id=3898, stack(0x00007f04577ff000,0x00007f0458000000)]
  0x00007f045c001000 JavaThread "Thread-6" [_thread_in_native, id=3897, stack(0x00007f04800fc000,0x00007f04808fd000)]
  0x00007f0458001000 JavaThread "Thread-4" [_thread_in_native, id=3896, stack(0x00007f04808fd000,0x00007f04810fe000)]
  0x00007f0464001000 JavaThread "Thread-3" [_thread_in_native, id=3895, stack(0x00007f04810fe000,0x00007f04818ff000)]
  0x00007f0460001000 JavaThread "Thread-2" [_thread_in_vm, id=3894, stack(0x00007f04818ff000,0x00007f0482100000)]
  0x00007f046c001000 JavaThread "Thread-1" [_thread_in_native, id=3893, stack(0x00007f0482100000,0x00007f0482901000)]
  0x00007f04a8099000 JavaThread "Service Thread" daemon [_thread_blocked, id=3891, stack(0x00007f0483dfe000,0x00007f0483eff000)]
  0x00007f04a8096800 JavaThread "C2 CompilerThread1" daemon [_thread_blocked, id=3890, stack(0x00007f0483eff000,0x00007f0484000000)]
  0x00007f04a8093800 JavaThread "C2 CompilerThread0" daemon [_thread_blocked, id=3889, stack(0x00007f04a0009000,0x00007f04a010a000)]
  0x00007f04a8091800 JavaThread "Signal Dispatcher" daemon [_thread_blocked, id=3888, stack(0x00007f04a010a000,0x00007f04a020b000)]
=>0x00007f04a8070800 JavaThread "Finalizer" daemon [_thread_in_native, id=3887, stack(0x00007f04a08ee000,0x00007f04a09ef000)]
  0x00007f04a806e000 JavaThread "Reference Handler" daemon [_thread_blocked, id=3886, stack(0x00007f04a09ef000,0x00007f04a0af0000)]
  0x00007f04a8009800 JavaThread "main" [_thread_in_native, id=3879, stack(0x00007f04ae563000,0x00007f04ae664000)]

Other Threads:
  0x00007f04a806a000 VMThread [stack: 0x00007f04a0af0000,0x00007f04a0bf1000] [id=3885]
  0x00007f04a80a3800 WatcherThread [stack: 0x00007f0483cfd000,0x00007f0483dfe000] [id=3892]

VM state:not at safepoint (normal execution)

VM Mutex/Monitor currently owned by a thread: None

Heap
 PSYoungGen      total 17920K, used 4356K [0x00000000ec400000, 0x00000000ee700000, 0x0000000100000000)
  eden space 15360K, 12% used [0x00000000ec400000,0x00000000ec5f1160,0x00000000ed300000)
  from space 2560K, 92% used [0x00000000ed300000,0x00000000ed550000,0x00000000ed580000)
  to   space 2560K, 0% used [0x00000000ee480000,0x00000000ee480000,0x00000000ee700000)
 ParOldGen       total 40448K, used 8K [0x00000000c4c00000, 0x00000000c7380000, 0x00000000ec400000)
  object space 40448K, 0% used [0x00000000c4c00000,0x00000000c4c02000,0x00000000c7380000)
 PSPermGen       total 21504K, used 3905K [0x00000000bfa00000, 0x00000000c0f00000, 0x00000000c4c00000)
  object space 21504K, 18% used [0x00000000bfa00000,0x00000000bfdd0440,0x00000000c0f00000)

Card table byte_map: [0x00007f04a45b2000,0x00007f04a47b6000] byte_map_base: 0x00007f04a3fb5000

Polling page: 0x00007f04ae680000

Code Cache  [0x00007f04a47b6000, 0x00007f04a4a26000, 0x00007f04a77b6000)
 total_blobs=262 nmethods=53 adapters=163 free_code_cache=48680Kb largest_free_block=49828800

Compilation events (10 events):
Event: 3.164 Thread 0x00007f04a8093800   50             java.lang.String::toString (2 bytes)
Event: 3.164 Thread 0x00007f04a8093800 nmethod 50 0x00007f04a482ae50 code [0x00007f04a482af80, 0x00007f04a482afd8]
Event: 3.164 Thread 0x00007f04a8093800   51             java.lang.CharacterDataLatin1::digit (91 bytes)
Event: 3.165 Thread 0x00007f04a8093800 nmethod 51 0x00007f04a482d610 code [0x00007f04a482d760, 0x00007f04a482d878]
Event: 3.165 Thread 0x00007f04a8093800   52             sun.misc.VM::addFinalRefCount (24 bytes)
Event: 3.166 Thread 0x00007f04a8093800 nmethod 52 0x00007f04a482c0d0 code [0x00007f04a482c200, 0x00007f04a482c278]
Event: 3.166 Thread 0x00007f04a8096800   48             java.lang.ref.FinalReference::<init> (7 bytes)
Event: 3.167 Thread 0x00007f04a8096800 nmethod 48 0x00007f04a482be50 code [0x00007f04a482bf80, 0x00007f04a482c018]
Event: 3.168 Thread 0x00007f04a8093800   53             java.lang.Integer::parseInt (7 bytes)
Event: 3.172 Thread 0x00007f04a8093800 nmethod 53 0x00007f04a482e8d0 code [0x00007f04a482ea60, 0x00007f04a482ed18]

GC Heap History (2 events):
Event: 3.108 GC heap before
{Heap before GC invocations=1 (full 0):
 PSYoungGen      total 17920K, used 15360K [0x00000000ec400000, 0x00000000ed800000, 0x0000000100000000)
  eden space 15360K, 100% used [0x00000000ec400000,0x00000000ed300000,0x00000000ed300000)
  from space 2560K, 0% used [0x00000000ed580000,0x00000000ed580000,0x00000000ed800000)
  to   space 2560K, 0% used [0x00000000ed300000,0x00000000ed300000,0x00000000ed580000)
 ParOldGen       total 40448K, used 0K [0x00000000c4c00000, 0x00000000c7380000, 0x00000000ec400000)
  object space 40448K, 0% used [0x00000000c4c00000,0x00000000c4c00000,0x00000000c7380000)
 PSPermGen       total 21504K, used 3899K [0x00000000bfa00000, 0x00000000c0f00000, 0x00000000c4c00000)
  object space 21504K, 18% used [0x00000000bfa00000,0x00000000bfdcef78,0x00000000c0f00000)
Event: 3.140 GC heap after
Heap after GC invocations=1 (full 0):
 PSYoungGen      total 17920K, used 2368K [0x00000000ec400000, 0x00000000ee700000, 0x0000000100000000)
  eden space 15360K, 0% used [0x00000000ec400000,0x00000000ec400000,0x00000000ed300000)
  from space 2560K, 92% used [0x00000000ed300000,0x00000000ed550000,0x00000000ed580000)
  to   space 2560K, 0% used [0x00000000ee480000,0x00000000ee480000,0x00000000ee700000)
 ParOldGen       total 40448K, used 8K [0x00000000c4c00000, 0x00000000c7380000, 0x00000000ec400000)
  object space 40448K, 0% used [0x00000000c4c00000,0x00000000c4c02000,0x00000000c7380000)
 PSPermGen       total 21504K, used 3899K [0x00000000bfa00000, 0x00000000c0f00000, 0x00000000c4c00000)
  object space 21504K, 18% used [0x00000000bfa00000,0x00000000bfdcef78,0x00000000c0f00000)
}

Deoptimization events (0 events):
No events

Internal exceptions (10 events):
Event: 3.155 Thread 0x00007f0448001000 Threw 0x00000000ec47ba40 at /HUDSON/workspace/7u-2-build-linux-amd64/jdk7u80/2329/hotspot/src/share/vm/prims/jni.cpp:743
Event: 3.156 Thread 0x00007f0450001000 Threw 0x00000000ec400e30 at /HUDSON/workspace/7u-2-build-linux-amd64/jdk7u80/2329/hotspot/src/share/vm/prims/jni.cpp:743
Event: 3.157 Thread 0x00007f0458001000 Threw 0x00000000ec577108 at /HUDSON/workspace/7u-2-build-linux-amd64/jdk7u80/2329/hotspot/src/share/vm/prims/jni.cpp:743
Event: 3.160 Thread 0x00007f046c001000 Threw 0x00000000ec4ab9d8 at /HUDSON/workspace/7u-2-build-linux-amd64/jdk7u80/2329/hotspot/src/share/vm/prims/jni.cpp:743
Event: 3.161 Thread 0x00007f0448001000 Threw 0x00000000ec47d470 at /HUDSON/workspace/7u-2-build-linux-amd64/jdk7u80/2329/hotspot/src/share/vm/prims/jni.cpp:743
Event: 3.161 Thread 0x00007f0450001000 Threw 0x00000000ec402860 at /HUDSON/workspace/7u-2-build-linux-amd64/jdk7u80/2329/hotspot/src/share/vm/prims/jni.cpp:743
Event: 3.168 Thread 0x00007f0458001000 Threw 0x00000000ec578b38 at /HUDSON/workspace/7u-2-build-linux-amd64/jdk7u80/2329/hotspot/src/share/vm/prims/jni.cpp:743
Event: 3.169 Thread 0x00007f046c001000 Threw 0x00000000ec4ad408 at /HUDSON/workspace/7u-2-build-linux-amd64/jdk7u80/2329/hotspot/src/share/vm/prims/jni.cpp:743
Event: 3.170 Thread 0x00007f0448001000 Threw 0x00000000ec47eea0 at /HUDSON/workspace/7u-2-build-linux-amd64/jdk7u80/2329/hotspot/src/share/vm/prims/jni.cpp:743
Event: 3.170 Thread 0x00007f0450001000 Threw 0x00000000ec404290 at /HUDSON/workspace/7u-2-build-linux-amd64/jdk7u80/2329/hotspot/src/share/vm/prims/jni.cpp:743

Events (10 events):
Event: 0.312 loading class 0x00007f046c006920
Event: 0.312 loading class 0x00007f046c006920 done
Event: 0.325 loading class 0x00007f04a1e135c0
Event: 0.326 loading class 0x00007f04a1e135c0 done
Event: 0.326 loading class 0x00007f0478050500
Event: 0.326 loading class 0x00007f04a1e0bc90
Event: 0.326 loading class 0x00007f04a1e0bc90 done
Event: 0.326 loading class 0x00007f0478050500 done
Event: 3.108 Executing VM operation: ParallelGCFailedAllocation
Event: 3.140 Executing VM operation: ParallelGCFailedAllocation done


Dynamic libraries:
00400000-00401000 r-xp 00000000 08:07 663942                             /home/elixandre/jdk1.7.0_80/bin/java
00600000-00601000 rw-p 00000000 08:07 663942                             /home/elixandre/jdk1.7.0_80/bin/java
008f8000-00919000 rw-p 00000000 00:00 0                                  [heap]
bfa00000-c0f00000 rw-p 00000000 00:00 0 
c0f00000-c4c00000 rw-p 00000000 00:00 0 
c4c00000-c7380000 rw-p 00000000 00:00 0 
c7380000-ec400000 rw-p 00000000 00:00 0 
ec400000-ee700000 rw-p 00000000 00:00 0 
ee700000-100000000 rw-p 00000000 00:00 0 
7f0448000000-7f0448194000 rw-p 00000000 00:00 0 
7f0448194000-7f044c000000 ---p 00000000 00:00 0 
7f044c000000-7f044c190000 rw-p 00000000 00:00 0 
7f044c190000-7f0450000000 ---p 00000000 00:00 0 
7f0450000000-7f0450193000 rw-p 00000000 00:00 0 
7f0450193000-7f0454000000 ---p 00000000 00:00 0 
7f04567fd000-7f0456800000 ---p 00000000 00:00 0 
7f0456800000-7f0456ffe000 rw-p 00000000 00:00 0 
7f0456ffe000-7f0457001000 ---p 00000000 00:00 0 
7f0457001000-7f04577ff000 rw-p 00000000 00:00 0 
7f04577ff000-7f0457802000 ---p 00000000 00:00 0 
7f0457802000-7f0458000000 rw-p 00000000 00:00 0 
7f0458000000-7f0458192000 rw-p 00000000 00:00 0 
7f0458192000-7f045c000000 ---p 00000000 00:00 0 
7f045c000000-7f045c191000 rw-p 00000000 00:00 0 
7f045c191000-7f0460000000 ---p 00000000 00:00 0 
7f0460000000-7f046018d000 rw-p 00000000 00:00 0 
7f046018d000-7f0464000000 ---p 00000000 00:00 0 
7f0464000000-7f046418e000 rw-p 00000000 00:00 0 
7f046418e000-7f0468000000 ---p 00000000 00:00 0 
7f0468000000-7f0468021000 rw-p 00000000 00:00 0 
7f0468021000-7f046c000000 ---p 00000000 00:00 0 
7f046c000000-7f046c1a8000 rw-p 00000000 00:00 0 
7f046c1a8000-7f0470000000 ---p 00000000 00:00 0 
7f0470000000-7f0470225000 rw-p 00000000 00:00 0 
7f0470225000-7f0474000000 ---p 00000000 00:00 0 
7f0474000000-7f0474021000 rw-p 00000000 00:00 0 
7f0474021000-7f0478000000 ---p 00000000 00:00 0 
7f0478000000-7f0478137000 rw-p 00000000 00:00 0 
7f0478137000-7f047c000000 ---p 00000000 00:00 0 
7f047c000000-7f047c021000 rw-p 00000000 00:00 0 
7f047c021000-7f0480000000 ---p 00000000 00:00 0 
7f04800fc000-7f04800ff000 ---p 00000000 00:00 0 
7f04800ff000-7f04808fd000 rw-p 00000000 00:00 0 
7f04808fd000-7f0480900000 ---p 00000000 00:00 0 
7f0480900000-7f04810fe000 rw-p 00000000 00:00 0 
7f04810fe000-7f0481101000 ---p 00000000 00:00 0 
7f0481101000-7f04818ff000 rw-p 00000000 00:00 0 
7f04818ff000-7f0481902000 ---p 00000000 00:00 0 
7f0481902000-7f0482100000 rw-p 00000000 00:00 0 
7f0482100000-7f0482103000 ---p 00000000 00:00 0 
7f0482103000-7f0482901000 rw-p 00000000 00:00 0 
7f0482901000-7f0482919000 r-xp 00000000 08:07 544843                     /tmp/simgrid-java5239585316848323241/libsimgrid-java.so
7f0482919000-7f0482b19000 ---p 00018000 08:07 544843                     /tmp/simgrid-java5239585316848323241/libsimgrid-java.so
7f0482b19000-7f0482b1a000 rw-p 00018000 08:07 544843                     /tmp/simgrid-java5239585316848323241/libsimgrid-java.so
7f0482b1a000-7f0482b30000 r-xp 00000000 08:07 528568                     /lib/x86_64-linux-gnu/libgcc_s.so.1
7f0482b30000-7f0482d2f000 ---p 00016000 08:07 528568                     /lib/x86_64-linux-gnu/libgcc_s.so.1
7f0482d2f000-7f0482d30000 r--p 00015000 08:07 528568                     /lib/x86_64-linux-gnu/libgcc_s.so.1
7f0482d30000-7f0482d31000 rw-p 00016000 08:07 528568                     /lib/x86_64-linux-gnu/libgcc_s.so.1
7f0482d31000-7f0482ea4000 r-xp 00000000 08:07 1059329                    /usr/lib/x86_64-linux-gnu/libstdc++.so.6.0.21
7f0482ea4000-7f04830a3000 ---p 00173000 08:07 1059329                    /usr/lib/x86_64-linux-gnu/libstdc++.so.6.0.21
7f04830a3000-7f04830ad000 r--p 00172000 08:07 1059329                    /usr/lib/x86_64-linux-gnu/libstdc++.so.6.0.21
7f04830ad000-7f04830af000 rw-p 0017c000 08:07 1059329                    /usr/lib/x86_64-linux-gnu/libstdc++.so.6.0.21
7f04830af000-7f04830b3000 rw-p 00000000 00:00 0 
7f04830cc000-7f0483391000 r-xp 00000000 08:07 544841                     /tmp/simgrid-java5239585316848323241/libsimgrid.so
7f0483391000-7f0483591000 ---p 002c5000 08:07 544841                     /tmp/simgrid-java5239585316848323241/libsimgrid.so
7f0483591000-7f04835cc000 rw-p 002c5000 08:07 544841                     /tmp/simgrid-java5239585316848323241/libsimgrid.so
7f04835cc000-7f04838d5000 rw-p 00000000 00:00 0 
7f04838d5000-7f04838ec000 r-xp 00000000 08:07 663689                     /home/elixandre/jdk1.7.0_80/jre/lib/amd64/libnet.so
7f04838ec000-7f0483aeb000 ---p 00017000 08:07 663689                     /home/elixandre/jdk1.7.0_80/jre/lib/amd64/libnet.so
7f0483aeb000-7f0483aec000 rw-p 00016000 08:07 663689                     /home/elixandre/jdk1.7.0_80/jre/lib/amd64/libnet.so
7f0483aec000-7f0483afc000 r-xp 00000000 08:07 663688                     /home/elixandre/jdk1.7.0_80/jre/lib/amd64/libnio.so
7f0483afc000-7f0483cfc000 ---p 00010000 08:07 663688                     /home/elixandre/jdk1.7.0_80/jre/lib/amd64/libnio.so
7f0483cfc000-7f0483cfd000 rw-p 00010000 08:07 663688                     /home/elixandre/jdk1.7.0_80/jre/lib/amd64/libnio.so
7f0483cfd000-7f0483cfe000 ---p 00000000 00:00 0 
7f0483cfe000-7f0483dfe000 rw-p 00000000 00:00 0 
7f0483dfe000-7f0483e01000 ---p 00000000 00:00 0 
7f0483e01000-7f0483eff000 rw-p 00000000 00:00 0 
7f0483eff000-7f0483f02000 ---p 00000000 00:00 0 
7f0483f02000-7f0484000000 rw-p 00000000 00:00 0 
7f0484000000-7f0484021000 rw-p 00000000 00:00 0 
7f0484021000-7f0488000000 ---p 00000000 00:00 0 
7f0488000000-7f0488021000 rw-p 00000000 00:00 0 
7f0488021000-7f048c000000 ---p 00000000 00:00 0 
7f048c000000-7f048c021000 rw-p 00000000 00:00 0 
7f048c021000-7f0490000000 ---p 00000000 00:00 0 
7f0490000000-7f0490021000 rw-p 00000000 00:00 0 
7f0490021000-7f0494000000 ---p 00000000 00:00 0 
7f0494000000-7f0494021000 rw-p 00000000 00:00 0 
7f0494021000-7f0498000000 ---p 00000000 00:00 0 
7f0498000000-7f0498021000 rw-p 00000000 00:00 0 
7f0498021000-7f049c000000 ---p 00000000 00:00 0 
7f049c000000-7f049c021000 rw-p 00000000 00:00 0 
7f049c021000-7f04a0000000 ---p 00000000 00:00 0 
7f04a0009000-7f04a000c000 ---p 00000000 00:00 0 
7f04a000c000-7f04a010a000 rw-p 00000000 00:00 0 
7f04a010a000-7f04a010d000 ---p 00000000 00:00 0 
7f04a010d000-7f04a020b000 rw-p 00000000 00:00 0 
7f04a020b000-7f04a08ee000 r--p 00000000 08:07 1055607                    /usr/lib/locale/locale-archive
7f04a08ee000-7f04a08f1000 ---p 00000000 00:00 0 
7f04a08f1000-7f04a09ef000 rw-p 00000000 00:00 0 
7f04a09ef000-7f04a09f2000 ---p 00000000 00:00 0 
7f04a09f2000-7f04a0af0000 rw-p 00000000 00:00 0 
7f04a0af0000-7f04a0af1000 ---p 00000000 00:00 0 
7f04a0af1000-7f04a1bae000 rw-p 00000000 00:00 0 
7f04a1bae000-7f04a1d6e000 r--s 039fb000 08:07 663892                     /home/elixandre/jdk1.7.0_80/jre/lib/rt.jar
7f04a1d6e000-7f04a4072000 rw-p 00000000 00:00 0 
7f04a4072000-7f04a4073000 ---p 00000000 00:00 0 
7f04a4073000-7f04a4173000 rw-p 00000000 00:00 0 
7f04a4173000-7f04a4174000 ---p 00000000 00:00 0 
7f04a4174000-7f04a4274000 rw-p 00000000 00:00 0 
7f04a4274000-7f04a4275000 ---p 00000000 00:00 0 
7f04a4275000-7f04a4375000 rw-p 00000000 00:00 0 
7f04a4375000-7f04a4376000 ---p 00000000 00:00 0 
7f04a4376000-7f04a448a000 rw-p 00000000 00:00 0 
7f04a448a000-7f04a45b2000 rw-p 00000000 00:00 0 
7f04a45b2000-7f04a45bd000 rw-p 00000000 00:00 0 
7f04a45bd000-7f04a45db000 rw-p 00000000 00:00 0 
7f04a45db000-7f04a45ef000 rw-p 00000000 00:00 0 
7f04a45ef000-7f04a4717000 rw-p 00000000 00:00 0 
7f04a4717000-7f04a4729000 rw-p 00000000 00:00 0 
7f04a4729000-7f04a47b5000 rw-p 00000000 00:00 0 
7f04a47b5000-7f04a47b6000 rw-p 00000000 00:00 0 
7f04a47b6000-7f04a4a26000 rwxp 00000000 00:00 0 
7f04a4a26000-7f04a77b6000 rw-p 00000000 00:00 0 
7f04a77b6000-7f04a77cd000 r-xp 00000000 08:07 663687                     /home/elixandre/jdk1.7.0_80/jre/lib/amd64/libzip.so
7f04a77cd000-7f04a79cd000 ---p 00017000 08:07 663687                     /home/elixandre/jdk1.7.0_80/jre/lib/amd64/libzip.so
7f04a79cd000-7f04a79ce000 rw-p 00017000 08:07 663687                     /home/elixandre/jdk1.7.0_80/jre/lib/amd64/libzip.so
7f04a79ce000-7f04a79d8000 r-xp 00000000 08:07 529521                     /lib/x86_64-linux-gnu/libnss_files-2.21.so
7f04a79d8000-7f04a7bd8000 ---p 0000a000 08:07 529521                     /lib/x86_64-linux-gnu/libnss_files-2.21.so
7f04a7bd8000-7f04a7bd9000 r--p 0000a000 08:07 529521                     /lib/x86_64-linux-gnu/libnss_files-2.21.so
7f04a7bd9000-7f04a7bda000 rw-p 0000b000 08:07 529521                     /lib/x86_64-linux-gnu/libnss_files-2.21.so
7f04a7bda000-7f04a7be5000 r-xp 00000000 08:07 529535                     /lib/x86_64-linux-gnu/libnss_nis-2.21.so
7f04a7be5000-7f04a7de4000 ---p 0000b000 08:07 529535                     /lib/x86_64-linux-gnu/libnss_nis-2.21.so
7f04a7de4000-7f04a7de5000 r--p 0000a000 08:07 529535                     /lib/x86_64-linux-gnu/libnss_nis-2.21.so
7f04a7de5000-7f04a7de6000 rw-p 0000b000 08:07 529535                     /lib/x86_64-linux-gnu/libnss_nis-2.21.so
7f04a7de6000-7f04a7dfd000 r-xp 00000000 08:07 529538                     /lib/x86_64-linux-gnu/libnsl-2.21.so
7f04a7dfd000-7f04a7ffc000 ---p 00017000 08:07 529538                     /lib/x86_64-linux-gnu/libnsl-2.21.so
7f04a7ffc000-7f04a7ffd000 r--p 00016000 08:07 529538                     /lib/x86_64-linux-gnu/libnsl-2.21.so
7f04a7ffd000-7f04a7ffe000 rw-p 00017000 08:07 529538                     /lib/x86_64-linux-gnu/libnsl-2.21.so
7f04a7ffe000-7f04a8000000 rw-p 00000000 00:00 0 
7f04a8000000-7f04a83db000 rw-p 00000000 00:00 0 
7f04a83db000-7f04ac000000 ---p 00000000 00:00 0 
7f04ac000000-7f04ac075000 rw-p 00000000 00:00 0 
7f04ac075000-7f04ac093000 rw-p 00000000 00:00 0 
7f04ac093000-7f04ac09b000 r-xp 00000000 08:07 529523                     /lib/x86_64-linux-gnu/libnss_compat-2.21.so
7f04ac09b000-7f04ac29a000 ---p 00008000 08:07 529523                     /lib/x86_64-linux-gnu/libnss_compat-2.21.so
7f04ac29a000-7f04ac29b000 r--p 00007000 08:07 529523                     /lib/x86_64-linux-gnu/libnss_compat-2.21.so
7f04ac29b000-7f04ac29c000 rw-p 00008000 08:07 529523                     /lib/x86_64-linux-gnu/libnss_compat-2.21.so
7f04ac29c000-7f04ac2c5000 r-xp 00000000 08:07 663623                     /home/elixandre/jdk1.7.0_80/jre/lib/amd64/libjava.so
7f04ac2c5000-7f04ac4c5000 ---p 00029000 08:07 663623                     /home/elixandre/jdk1.7.0_80/jre/lib/amd64/libjava.so
7f04ac4c5000-7f04ac4c7000 rw-p 00029000 08:07 663623                     /home/elixandre/jdk1.7.0_80/jre/lib/amd64/libjava.so
7f04ac4c7000-7f04ac4d4000 r-xp 00000000 08:07 663501                     /home/elixandre/jdk1.7.0_80/jre/lib/amd64/libverify.so
7f04ac4d4000-7f04ac6d3000 ---p 0000d000 08:07 663501                     /home/elixandre/jdk1.7.0_80/jre/lib/amd64/libverify.so
7f04ac6d3000-7f04ac6d5000 rw-p 0000c000 08:07 663501                     /home/elixandre/jdk1.7.0_80/jre/lib/amd64/libverify.so
7f04ac6d5000-7f04ac6dc000 r-xp 00000000 08:07 529522                     /lib/x86_64-linux-gnu/librt-2.21.so
7f04ac6dc000-7f04ac8db000 ---p 00007000 08:07 529522                     /lib/x86_64-linux-gnu/librt-2.21.so
7f04ac8db000-7f04ac8dc000 r--p 00006000 08:07 529522                     /lib/x86_64-linux-gnu/librt-2.21.so
7f04ac8dc000-7f04ac8dd000 rw-p 00007000 08:07 529522                     /lib/x86_64-linux-gnu/librt-2.21.so
7f04ac8dd000-7f04ac9e4000 r-xp 00000000 08:07 529524                     /lib/x86_64-linux-gnu/libm-2.21.so
7f04ac9e4000-7f04acbe3000 ---p 00107000 08:07 529524                     /lib/x86_64-linux-gnu/libm-2.21.so
7f04acbe3000-7f04acbe4000 r--p 00106000 08:07 529524                     /lib/x86_64-linux-gnu/libm-2.21.so
7f04acbe4000-7f04acbe5000 rw-p 00107000 08:07 529524                     /lib/x86_64-linux-gnu/libm-2.21.so
7f04acbe5000-7f04ad75b000 r-xp 00000000 08:07 663273                     /home/elixandre/jdk1.7.0_80/jre/lib/amd64/server/libjvm.so
7f04ad75b000-7f04ad95a000 ---p 00b76000 08:07 663273                     /home/elixandre/jdk1.7.0_80/jre/lib/amd64/server/libjvm.so
7f04ad95a000-7f04ada1e000 rw-p 00b75000 08:07 663273                     /home/elixandre/jdk1.7.0_80/jre/lib/amd64/server/libjvm.so
7f04ada1e000-7f04ada5f000 rw-p 00000000 00:00 0 
7f04ada5f000-7f04adc1f000 r-xp 00000000 08:07 529541                     /lib/x86_64-linux-gnu/libc-2.21.so
7f04adc1f000-7f04ade1f000 ---p 001c0000 08:07 529541                     /lib/x86_64-linux-gnu/libc-2.21.so
7f04ade1f000-7f04ade23000 r--p 001c0000 08:07 529541                     /lib/x86_64-linux-gnu/libc-2.21.so
7f04ade23000-7f04ade25000 rw-p 001c4000 08:07 529541                     /lib/x86_64-linux-gnu/libc-2.21.so
7f04ade25000-7f04ade29000 rw-p 00000000 00:00 0 
7f04ade29000-7f04ade2c000 r-xp 00000000 08:07 529528                     /lib/x86_64-linux-gnu/libdl-2.21.so
7f04ade2c000-7f04ae02b000 ---p 00003000 08:07 529528                     /lib/x86_64-linux-gnu/libdl-2.21.so
7f04ae02b000-7f04ae02c000 r--p 00002000 08:07 529528                     /lib/x86_64-linux-gnu/libdl-2.21.so
7f04ae02c000-7f04ae02d000 rw-p 00003000 08:07 529528                     /lib/x86_64-linux-gnu/libdl-2.21.so
7f04ae02d000-7f04ae042000 r-xp 00000000 08:07 663695                     /home/elixandre/jdk1.7.0_80/lib/amd64/jli/libjli.so
7f04ae042000-7f04ae241000 ---p 00015000 08:07 663695                     /home/elixandre/jdk1.7.0_80/lib/amd64/jli/libjli.so
7f04ae241000-7f04ae242000 rw-p 00014000 08:07 663695                     /home/elixandre/jdk1.7.0_80/lib/amd64/jli/libjli.so
7f04ae242000-7f04ae25a000 r-xp 00000000 08:07 529525                     /lib/x86_64-linux-gnu/libpthread-2.21.so
7f04ae25a000-7f04ae45a000 ---p 00018000 08:07 529525                     /lib/x86_64-linux-gnu/libpthread-2.21.so
7f04ae45a000-7f04ae45b000 r--p 00018000 08:07 529525                     /lib/x86_64-linux-gnu/libpthread-2.21.so
7f04ae45b000-7f04ae45c000 rw-p 00019000 08:07 529525                     /lib/x86_64-linux-gnu/libpthread-2.21.so
7f04ae45c000-7f04ae460000 rw-p 00000000 00:00 0 
7f04ae460000-7f04ae484000 r-xp 00000000 08:07 529539                     /lib/x86_64-linux-gnu/ld-2.21.so
7f04ae48e000-7f04ae4ad000 rw-p 00000000 00:00 0 
7f04ae4ad000-7f04ae563000 rw-p 00000000 00:00 0 
7f04ae563000-7f04ae566000 ---p 00000000 00:00 0 
7f04ae566000-7f04ae668000 rw-p 00000000 00:00 0 
7f04ae66f000-7f04ae670000 rw-p 00000000 00:00 0 
7f04ae670000-7f04ae674000 r--s 0008b000 08:07 663627                     /home/elixandre/jdk1.7.0_80/jre/lib/jsse.jar
7f04ae674000-7f04ae677000 r--s 00f76000 08:07 542783                     /home/elixandre/Downloads/simgrid.jar
7f04ae677000-7f04ae67f000 rw-s 00000000 08:07 544733                     /tmp/hsperfdata_elixandre/3876
7f04ae67f000-7f04ae680000 rw-p 00000000 00:00 0 
7f04ae680000-7f04ae681000 r--p 00000000 00:00 0 
7f04ae681000-7f04ae683000 rw-p 00000000 00:00 0 
7f04ae683000-7f04ae684000 r--p 00023000 08:07 529539                     /lib/x86_64-linux-gnu/ld-2.21.so
7f04ae684000-7f04ae685000 rw-p 00024000 08:07 529539                     /lib/x86_64-linux-gnu/ld-2.21.so
7f04ae685000-7f04ae686000 rw-p 00000000 00:00 0 
7ffecff3b000-7ffecff5c000 rw-p 00000000 00:00 0                          [stack]
7ffecffc8000-7ffecffca000 r--p 00000000 00:00 0                          [vvar]
7ffecffca000-7ffecffcc000 r-xp 00000000 00:00 0                          [vdso]
ffffffffff600000-ffffffffff601000 r-xp 00000000 00:00 0                  [vsyscall]

VM Arguments:
jvm_args: -Dfile.encoding=UTF-8 
java_command: vcube.VCube platform.xml deployment.xml
Launcher Type: SUN_STANDARD

Environment Variables:
PATH=/usr/local/sbin:/usr/local/bin:/usr/sbin:/usr/bin:/sbin:/bin:/usr/games:/usr/local/games:/home/elixandre/.rvm/bin
LD_LIBRARY_PATH=/home/elixandre/jdk1.7.0_80/jre/lib/amd64:/home/elixandre/jdk1.7.0_80/jre/lib/i386:
SHELL=/bin/bash
DISPLAY=:0

Signal Handlers:
SIGSEGV: [libjvm.so+0x9a3b20], sa_mask[0]=0x7ffbfeff, sa_flags=0x10000004
SIGBUS: [libjvm.so+0x9a3b20], sa_mask[0]=0x7ffbfeff, sa_flags=0x10000004
SIGFPE: [libjvm.so+0x81e740], sa_mask[0]=0x7ffbfeff, sa_flags=0x10000004
SIGPIPE: [libjvm.so+0x81e740], sa_mask[0]=0x7ffbfeff, sa_flags=0x10000004
SIGXFSZ: [libjvm.so+0x81e740], sa_mask[0]=0x7ffbfeff, sa_flags=0x10000004
SIGILL: [libjvm.so+0x81e740], sa_mask[0]=0x7ffbfeff, sa_flags=0x10000004
SIGUSR1: SIG_DFL, sa_mask[0]=0x00000000, sa_flags=0x00000000
SIGUSR2: [libjvm.so+0x81ffb0], sa_mask[0]=0x00000004, sa_flags=0x10000004
SIGHUP: [libjvm.so+0x8210d0], sa_mask[0]=0x7ffbfeff, sa_flags=0x10000004
SIGINT: [libsimgrid.so+0x8ff50], sa_mask[0]=0x00000002, sa_flags=0x10000000
SIGTERM: [libjvm.so+0x8210d0], sa_mask[0]=0x7ffbfeff, sa_flags=0x10000004
SIGQUIT: [libjvm.so+0x8210d0], sa_mask[0]=0x7ffbfeff, sa_flags=0x10000004


---------------  S Y S T E M  ---------------

OS:jessie/sid

uname:Linux 4.2.0-42-generic #49-Ubuntu SMP Tue Jun 28 21:26:26 UTC 2016 x86_64
libc:glibc 2.21 NPTL 2.21 
rlimit: STACK 8192k, CORE 0k, NPROC 15009, NOFILE 65536, AS infinity
load average:1.63 0.93 0.74

/proc/meminfo:
MemTotal:        3879128 kB
MemFree:          386732 kB
MemAvailable:    1761128 kB
Buffers:          174284 kB
Cached:          1480836 kB
SwapCached:            0 kB
Active:          2408996 kB
Inactive:         822008 kB
Active(anon):    1578580 kB
Inactive(anon):   175968 kB
Active(file):     830416 kB
Inactive(file):   646040 kB
Unevictable:          32 kB
Mlocked:              32 kB
SwapTotal:        975868 kB
SwapFree:         975868 kB
Dirty:             13184 kB
Writeback:             0 kB
AnonPages:       1575964 kB
Mapped:           348364 kB
Shmem:            178664 kB
Slab:             165704 kB
SReclaimable:     133752 kB
SUnreclaim:        31952 kB
KernelStack:        9520 kB
PageTables:        33996 kB
NFS_Unstable:          0 kB
Bounce:                0 kB
WritebackTmp:          0 kB
CommitLimit:     2915432 kB
Committed_AS:    5682032 kB
VmallocTotal:   34359738367 kB
VmallocUsed:      347648 kB
VmallocChunk:   34358947836 kB
HardwareCorrupted:     0 kB
AnonHugePages:    823296 kB
CmaTotal:              0 kB
CmaFree:               0 kB
HugePages_Total:       0
HugePages_Free:        0
HugePages_Rsvd:        0
HugePages_Surp:        0
Hugepagesize:       2048 kB
DirectMap4k:      125688 kB
DirectMap2M:     3901440 kB


CPU:total 4 (2 cores per cpu, 2 threads per core) family 6 model 58 stepping 9, cmov, cx8, fxsr, mmx, sse, sse2, sse3, ssse3, sse4.1, sse4.2, popcnt, avx, erms, ht, tsc, tscinvbit, tscinv

/proc/cpuinfo:
processor	: 0
vendor_id	: GenuineIntel
cpu family	: 6
model		: 58
model name	: Intel(R) Core(TM) i7-3517U CPU @ 1.90GHz
stepping	: 9
microcode	: 0x12
cpu MHz		: 2799.937
cache size	: 4096 KB
physical id	: 0
siblings	: 4
core id		: 0
cpu cores	: 2
apicid		: 0
initial apicid	: 0
fpu		: yes
fpu_exception	: yes
cpuid level	: 13
wp		: yes
flags		: fpu vme de pse tsc msr pae mce cx8 apic sep mtrr pge mca cmov pat pse36 clflush dts acpi mmx fxsr sse sse2 ss ht tm pbe syscall nx rdtscp lm constant_tsc arch_perfmon pebs bts rep_good nopl xtopology nonstop_tsc aperfmperf eagerfpu pni pclmulqdq dtes64 monitor ds_cpl vmx est tm2 ssse3 cx16 xtpr pdcm pcid sse4_1 sse4_2 x2apic popcnt tsc_deadline_timer xsave avx f16c rdrand lahf_lm ida arat epb pln pts dtherm tpr_shadow vnmi flexpriority ept vpid fsgsbase smep erms xsaveopt
bugs		:
bogomips	: 4788.88
clflush size	: 64
cache_alignment	: 64
address sizes	: 36 bits physical, 48 bits virtual
power management:

processor	: 1
vendor_id	: GenuineIntel
cpu family	: 6
model		: 58
model name	: Intel(R) Core(TM) i7-3517U CPU @ 1.90GHz
stepping	: 9
microcode	: 0x12
cpu MHz		: 2799.937
cache size	: 4096 KB
physical id	: 0
siblings	: 4
core id		: 0
cpu cores	: 2
apicid		: 1
initial apicid	: 1
fpu		: yes
fpu_exception	: yes
cpuid level	: 13
wp		: yes
flags		: fpu vme de pse tsc msr pae mce cx8 apic sep mtrr pge mca cmov pat pse36 clflush dts acpi mmx fxsr sse sse2 ss ht tm pbe syscall nx rdtscp lm constant_tsc arch_perfmon pebs bts rep_good nopl xtopology nonstop_tsc aperfmperf eagerfpu pni pclmulqdq dtes64 monitor ds_cpl vmx est tm2 ssse3 cx16 xtpr pdcm pcid sse4_1 sse4_2 x2apic popcnt tsc_deadline_timer xsave avx f16c rdrand lahf_lm ida arat epb pln pts dtherm tpr_shadow vnmi flexpriority ept vpid fsgsbase smep erms xsaveopt
bugs		:
bogomips	: 4788.88
clflush size	: 64
cache_alignment	: 64
address sizes	: 36 bits physical, 48 bits virtual
power management:

processor	: 2
vendor_id	: GenuineIntel
cpu family	: 6
model		: 58
model name	: Intel(R) Core(TM) i7-3517U CPU @ 1.90GHz
stepping	: 9
microcode	: 0x12
cpu MHz		: 2799.937
cache size	: 4096 KB
physical id	: 0
siblings	: 4
core id		: 1
cpu cores	: 2
apicid		: 2
initial apicid	: 2
fpu		: yes
fpu_exception	: yes
cpuid level	: 13
wp		: yes
flags		: fpu vme de pse tsc msr pae mce cx8 apic sep mtrr pge mca cmov pat pse36 clflush dts acpi mmx fxsr sse sse2 ss ht tm pbe syscall nx rdtscp lm constant_tsc arch_perfmon pebs bts rep_good nopl xtopology nonstop_tsc aperfmperf eagerfpu pni pclmulqdq dtes64 monitor ds_cpl vmx est tm2 ssse3 cx16 xtpr pdcm pcid sse4_1 sse4_2 x2apic popcnt tsc_deadline_timer xsave avx f16c rdrand lahf_lm ida arat epb pln pts dtherm tpr_shadow vnmi flexpriority ept vpid fsgsbase smep erms xsaveopt
bugs		:
bogomips	: 4788.88
clflush size	: 64
cache_alignment	: 64
address sizes	: 36 bits physical, 48 bits virtual
power management:

processor	: 3
vendor_id	: GenuineIntel
cpu family	: 6
model		: 58
model name	: Intel(R) Core(TM) i7-3517U CPU @ 1.90GHz
stepping	: 9
microcode	: 0x12
cpu MHz		: 2799.937
cache size	: 4096 KB
physical id	: 0
siblings	: 4
core id		: 1
cpu cores	: 2
apicid		: 3
initial apicid	: 3
fpu		: yes
fpu_exception	: yes
cpuid level	: 13
wp		: yes
flags		: fpu vme de pse tsc msr pae mce cx8 apic sep mtrr pge mca cmov pat pse36 clflush dts acpi mmx fxsr sse sse2 ss ht tm pbe syscall nx rdtscp lm constant_tsc arch_perfmon pebs bts rep_good nopl xtopology nonstop_tsc aperfmperf eagerfpu pni pclmulqdq dtes64 monitor ds_cpl vmx est tm2 ssse3 cx16 xtpr pdcm pcid sse4_1 sse4_2 x2apic popcnt tsc_deadline_timer xsave avx f16c rdrand lahf_lm ida arat epb pln pts dtherm tpr_shadow vnmi flexpriority ept vpid fsgsbase smep erms xsaveopt
bugs		:
bogomips	: 4788.88
clflush size	: 64
cache_alignment	: 64
address sizes	: 36 bits physical, 48 bits virtual
power management:



Memory: 4k page, physical 3879128k(386608k free), swap 975868k(975868k free)

vm_info: Java HotSpot(TM) 64-Bit Server VM (24.80-b11) for linux-amd64 JRE (1.7.0_80-b15), built on Apr 10 2015 19:53:14 by "java_re" with gcc 4.3.0 20080428 (Red Hat 4.3.0-8)

time: Mon May  1 11:08:46 2017
elapsed time: 3 seconds

