#
# A fatal error has been detected by the Java Runtime Environment:
#
#  SIGSEGV (0xb) at pc=0x00007f55666e19c2, pid=8826, tid=0x00007f554a429700
#
# JRE version: Java(TM) SE Runtime Environment (8.0_111-b14) (build 1.8.0_111-b14)
# Java VM: Java HotSpot(TM) 64-Bit Server VM (25.111-b14 mixed mode linux-amd64 compressed oops)
# Problematic frame:
# C  [libc.so.6+0x7f9c2]
#
# Failed to write core dump. Core dumps have been disabled. To enable core dumping, try "ulimit -c unlimited" before starting Java again
#
# If you would like to submit a bug report, please visit:
#   http://bugreport.java.com/bugreport/crash.jsp
# The crash happened outside the Java Virtual Machine in native code.
# See problematic frame for where to report the bug.
#

---------------  T H R E A D  ---------------

Current thread (0x00007f5560084000):  JavaThread "Finalizer" daemon [_thread_in_native, id=8838, stack(0x00007f554a329000,0x00007f554a42a000)]

siginfo: si_signo: 11 (SIGSEGV), si_code: 1 (SEGV_MAPERR), si_addr: 0x00007fc468629998

Registers:
RAX=0x00007f5504140940, RBX=0x00007f5504012920, RCX=0x00007f554a428660, RDX=0xffffff909b9e8f90
RSP=0x00007f554a428500, RBP=0x00007f5504000020, RSI=0x0000000000000001, RDI=0x00007f5504000020
R8 =0x000000010002e188, R9 =0x0000000000000001, R10=0x0000000000000004, R11=0x00007f5566635f88
R12=0x0000006f64617070, R13=0x00007fc468629990, R14=0x00007f554a428868, R15=0x00007f5560084000
RIP=0x00007f55666e19c2, EFLAGS=0x0000000000010202, CSGSFS=0x0000000000000033, ERR=0x0000000000000004
  TRAPNO=0x000000000000000e

Top of Stack: (sp=0x00007f554a428500)
0x00007f554a428500:   0000000060084000 00007f5560084000
0x00007f554a428510:   0000000000000158 0000000000000000
0x00007f554a428520:   00007f554a428700 00007f5551109f9e
0x00007f554a428530:   00007f554a4287f8 00007f5500000001
0x00007f554a428540:   00007f5504011ee0 00007f55666e598c
0x00007f554a428550:   00007f554a428590 00007f5565cb112f
0x00007f554a428560:   0000000000000000 00007f5504012860
0x00007f554a428570:   00007f5513ff3ce0 0000000000000000
0x00007f554a428580:   00007f554a4287f8 00007f554a428868
0x00007f554a428590:   00007f5560084000 00007f55666e598c
0x00007f554a4285a0:   0000007f60084000 00007f5504011ee0
0x00007f554a4285b0:   00007f554b868cb8 00007f5504012830
0x00007f554a4285c0:   00007f5513ff3ce0 00007f5504012860
0x00007f554a4285d0:   00007f5513ff3ce0 0000000000000000
0x00007f554a4285e0:   00007f554a4287f8 00007f5513b7c683
0x00007f554a4285f0:   0000000000000000 0000000000000000
0x00007f554a428600:   0000000000000000 0000000000000000
0x00007f554a428610:   00007f5560084000 00007f554a428868
0x00007f554a428620:   00007f554a428640 00007f5565f57bc9
0x00007f554a428630:   00007f554a4286e0 00007f5513352de7
0x00007f554a428640:   00007f554a428720 00007f554bc4d920
0x00007f554a428650:   00007f554a4286a0 00007f55511aaba6
0x00007f554a428660:   00000000d65a9840 00007f5565cf8403
0x00007f554a428670:   0000000000000000 00007f5560084000
0x00007f554a428680:   00007f5560084000 0000000000000000
0x00007f554a428690:   00007f554a428800 0000000000000000
0x00007f554a4286a0:   00007f554a428848 00007f55511bd244
0x00007f554a4286b0:   0000000000000000 00007f5504012830
0x00007f554a4286c0:   00000000d648c440 00000000d64ff530
0x00007f554a4286d0:   00007f554a428700 00007f554a428700
0x00007f554a4286e0:   0000000000000158 0000000000000003
0x00007f554a4286f0:   0000000000000628 00007f554a428780 

Instructions: (pc=0x00007f55666e19c2)
0x00007f55666e19a2:   2c 26 48 39 c6 0f 84 e1 0e 00 00 45 31 c9 c7 44
0x00007f55666e19b2:   24 38 00 00 00 00 f6 45 04 02 0f 84 7e 08 00 00
0x00007f55666e19c2:   49 8b 45 08 a8 01 0f 84 92 08 00 00 49 89 c7 49
0x00007f55666e19d2:   83 e7 f8 48 83 f8 10 0f 86 d1 06 00 00 4c 3b bd 

Register to memory mapping:

RAX=0x00007f5504140940 is an unknown value
RBX=0x00007f5504012920 is an unknown value
RCX=0x00007f554a428660 is pointing into the stack for thread: 0x00007f5560084000
RDX=0xffffff909b9e8f90 is an unknown value
RSP=0x00007f554a428500 is pointing into the stack for thread: 0x00007f5560084000
RBP=0x00007f5504000020 is an unknown value
RSI=0x0000000000000001 is an unknown value
RDI=0x00007f5504000020 is an unknown value
R8 =0x000000010002e188 is pointing into metadata
R9 =0x0000000000000001 is an unknown value
R10=0x0000000000000004 is an unknown value
R11=0x00007f5566635f88: <offset 0xfc3f88> in /home/elixandrebaldi/jdk1.8.0_111/jre/lib/amd64/server/libjvm.so at 0x00007f5565672000
R12=0x0000006f64617070 is an unknown value
R13=0x00007fc468629990 is an unknown value
R14=0x00007f554a428868 is pointing into the stack for thread: 0x00007f5560084000
R15=0x00007f5560084000 is a thread


Stack: [0x00007f554a329000,0x00007f554a42a000],  sp=0x00007f554a428500,  free space=1021k
Native frames: (J=compiled Java code, j=interpreted, Vv=VM code, C=native code)
C  [libc.so.6+0x7f9c2]

Java frames: (J=compiled Java code, j=interpreted, Vv=VM code)
J 297  org.simgrid.msg.Task.nativeFinalize()V (0 bytes) @ 0x00007f55511aab38 [0x00007f55511aab00+0x38]
J 296 C1 org.simgrid.msg.Task.finalize()V (18 bytes) @ 0x00007f55511bd244 [0x00007f55511bd140+0x104]
J 291 C1 java.lang.ref.Finalizer.runFinalizer(Lsun/misc/JavaLangAccess;)V (62 bytes) @ 0x00007f55511bc244 [0x00007f55511bbcc0+0x584]
J 290 C1 java.lang.ref.Finalizer.access$100(Ljava/lang/ref/Finalizer;Lsun/misc/JavaLangAccess;)V (6 bytes) @ 0x00007f55511b44dc [0x00007f55511b4480+0x5c]
j  java.lang.ref.Finalizer$FinalizerThread.run()V+45
v  ~StubRoutines::call_stub

---------------  P R O C E S S  ---------------

Java Threads: ( => current thread )
  0x00007f54e8001000 JavaThread "Thread-8" [_thread_in_native, id=8852, stack(0x00007f54faffe000,0x00007f54fb7ff000)]
  0x00007f54f0001000 JavaThread "Thread-7" [_thread_in_native, id=8851, stack(0x00007f54fb7ff000,0x00007f54fc000000)]
  0x00007f54f4001000 JavaThread "Thread-4" [_thread_in_native, id=8850, stack(0x00007f5510341000,0x00007f5510b42000)]
  0x00007f5500001000 JavaThread "Thread-5" [_thread_in_native, id=8849, stack(0x00007f5510b42000,0x00007f5511343000)]
  0x00007f54fc001000 JavaThread "Thread-3" [_thread_in_native, id=8848, stack(0x00007f5511343000,0x00007f5511b44000)]
  0x00007f5508001000 JavaThread "Thread-6" [_thread_in_native, id=8847, stack(0x00007f5511b44000,0x00007f5512345000)]
  0x00007f550c001000 JavaThread "Thread-2" [_thread_in_native, id=8845, stack(0x00007f5512b46000,0x00007f5513347000)]
  0x00007f5504001000 JavaThread "Thread-1" [_thread_in_vm, id=8846, stack(0x00007f5512345000,0x00007f5512b46000)]
  0x00007f55600c8000 JavaThread "Service Thread" daemon [_thread_blocked, id=8843, stack(0x00007f55489d2000,0x00007f5548ad3000)]
  0x00007f55600bd000 JavaThread "C1 CompilerThread2" daemon [_thread_blocked, id=8842, stack(0x00007f5548ad3000,0x00007f5548bd4000)]
  0x00007f55600bb000 JavaThread "C2 CompilerThread1" daemon [_thread_blocked, id=8841, stack(0x00007f5548bd4000,0x00007f5548cd5000)]
  0x00007f55600b8800 JavaThread "C2 CompilerThread0" daemon [_thread_blocked, id=8840, stack(0x00007f5548cd5000,0x00007f5548dd6000)]
  0x00007f55600b7000 JavaThread "Signal Dispatcher" daemon [_thread_blocked, id=8839, stack(0x00007f5548dd6000,0x00007f5548ed7000)]
=>0x00007f5560084000 JavaThread "Finalizer" daemon [_thread_in_native, id=8838, stack(0x00007f554a329000,0x00007f554a42a000)]
  0x00007f556007f000 JavaThread "Reference Handler" daemon [_thread_in_Java, id=8837, stack(0x00007f554a42a000,0x00007f554a52b000)]
  0x00007f556000a000 JavaThread "main" [_thread_in_native, id=8828, stack(0x00007f5567165000,0x00007f5567266000)]

Other Threads:
  0x00007f5560077800 VMThread [stack: 0x00007f554a52b000,0x00007f554a62c000] [id=8836]
  0x00007f55600cb800 WatcherThread [stack: 0x00007f55488d1000,0x00007f55489d2000] [id=8844]

VM state:not at safepoint (normal execution)

VM Mutex/Monitor currently owned by a thread: None

Heap:
 PSYoungGen      total 17920K, used 3628K [0x00000000d5580000, 0x00000000d6980000, 0x0000000100000000)
  eden space 15360K, 9% used [0x00000000d5580000,0x00000000d56ef2a0,0x00000000d6480000)
  from space 2560K, 84% used [0x00000000d6480000,0x00000000d669c010,0x00000000d6700000)
  to   space 2560K, 0% used [0x00000000d6700000,0x00000000d6700000,0x00000000d6980000)
 ParOldGen       total 40960K, used 0K [0x0000000080000000, 0x0000000082800000, 0x00000000d5580000)
  object space 40960K, 0% used [0x0000000080000000,0x0000000080000000,0x0000000082800000)
 Metaspace       used 3779K, capacity 4640K, committed 4864K, reserved 1056768K
  class space    used 414K, capacity 464K, committed 512K, reserved 1048576K

Card table byte_map: [0x00007f555083f000,0x00007f5550c40000] byte_map_base: 0x00007f555043f000

Marking Bits: (ParMarkBitMap*) 0x00007f5566635220
 Begin Bits: [0x00007f554c43b000, 0x00007f554e43b000)
 End Bits:   [0x00007f554e43b000, 0x00007f555043b000)

Polling page: 0x00007f5567284000

CodeCache: size=245760Kb used=1779Kb max_used=1792Kb free=243980Kb
 bounds [0x00007f5551000000, 0x00007f5551270000, 0x00007f5560000000]
 total_blobs=563 nmethods=300 adapters=177
 compilation: enabled

Compilation events (10 events):
Event: 1.752 Thread 0x00007f55600bd000  299       1       java.lang.ref.Finalizer::access$000 (4 bytes)
Event: 1.752 Thread 0x00007f55600bd000 nmethod 299 0x00007f555118edd0 code [0x00007f555118ef20, 0x00007f555118f010]
Event: 1.752 Thread 0x00007f55600bd000  300       1       java.lang.ref.Reference::clear (6 bytes)
Event: 1.752 Thread 0x00007f55600bd000 nmethod 300 0x00007f55511ac250 code [0x00007f55511ac3a0, 0x00007f55511ac4d0]
Event: 1.752 Thread 0x00007f55600bd000  292       3       java.lang.ref.Finalizer::hasBeenFinalized (14 bytes)
Event: 1.753 Thread 0x00007f55600bd000 nmethod 292 0x00007f55511b3f90 code [0x00007f55511b4100, 0x00007f55511b42b0]
Event: 1.753 Thread 0x00007f55600bd000  293   !   3       java.lang.ref.Finalizer::remove (94 bytes)
Event: 1.753 Thread 0x00007f55600bd000 nmethod 293 0x00007f55511bc7d0 code [0x00007f55511bc960, 0x00007f55511bce30]
Event: 1.753 Thread 0x00007f55600bd000  296   !   3       org.simgrid.msg.Task::finalize (18 bytes)
Event: 1.753 Thread 0x00007f55600bd000 nmethod 296 0x00007f55511bcf90 code [0x00007f55511bd140, 0x00007f55511bd608]

GC Heap History (2 events):
Event: 1.737 GC heap before
{Heap before GC invocations=1 (full 0):
 PSYoungGen      total 17920K, used 15360K [0x00000000d5580000, 0x00000000d6980000, 0x0000000100000000)
  eden space 15360K, 100% used [0x00000000d5580000,0x00000000d6480000,0x00000000d6480000)
  from space 2560K, 0% used [0x00000000d6700000,0x00000000d6700000,0x00000000d6980000)
  to   space 2560K, 0% used [0x00000000d6480000,0x00000000d6480000,0x00000000d6700000)
 ParOldGen       total 40960K, used 0K [0x0000000080000000, 0x0000000082800000, 0x00000000d5580000)
  object space 40960K, 0% used [0x0000000080000000,0x0000000080000000,0x0000000082800000)
 Metaspace       used 3769K, capacity 4640K, committed 4864K, reserved 1056768K
  class space    used 414K, capacity 464K, committed 512K, reserved 1048576K
Event: 1.744 GC heap after
Heap after GC invocations=1 (full 0):
 PSYoungGen      total 17920K, used 2160K [0x00000000d5580000, 0x00000000d6980000, 0x0000000100000000)
  eden space 15360K, 0% used [0x00000000d5580000,0x00000000d5580000,0x00000000d6480000)
  from space 2560K, 84% used [0x00000000d6480000,0x00000000d669c010,0x00000000d6700000)
  to   space 2560K, 0% used [0x00000000d6700000,0x00000000d6700000,0x00000000d6980000)
 ParOldGen       total 40960K, used 0K [0x0000000080000000, 0x0000000082800000, 0x00000000d5580000)
  object space 40960K, 0% used [0x0000000080000000,0x0000000080000000,0x0000000082800000)
 Metaspace       used 3769K, capacity 4640K, committed 4864K, reserved 1056768K
  class space    used 414K, capacity 464K, committed 512K, reserved 1048576K
}

Deoptimization events (0 events):
No events

Internal exceptions (10 events):
Event: 1.722 Thread 0x00007f54fc001000 Exception <a 'org/simgrid/msg/TimeoutException'> (0x00000000d6219c68) thrown at [/HUDSON3/workspace/8-2-build-linux-amd64/jdk8u111/7883/hotspot/src/share/vm/prims/jni.cpp, line 735]
Event: 1.722 Thread 0x00007f54f4001000 Exception <a 'org/simgrid/msg/TimeoutException'> (0x00000000d62fe4e0) thrown at [/HUDSON3/workspace/8-2-build-linux-amd64/jdk8u111/7883/hotspot/src/share/vm/prims/jni.cpp, line 735]
Event: 1.727 Thread 0x00007f54e8001000 Exception <a 'org/simgrid/msg/TimeoutException'> (0x00000000d6266c68) thrown at [/HUDSON3/workspace/8-2-build-linux-amd64/jdk8u111/7883/hotspot/src/share/vm/prims/jni.cpp, line 735]
Event: 1.729 Thread 0x00007f5504001000 Exception <a 'org/simgrid/msg/TimeoutException'> (0x00000000d61cec28) thrown at [/HUDSON3/workspace/8-2-build-linux-amd64/jdk8u111/7883/hotspot/src/share/vm/prims/jni.cpp, line 735]
Event: 1.729 Thread 0x00007f5508001000 Exception <a 'org/simgrid/msg/TimeoutException'> (0x00000000d6182b80) thrown at [/HUDSON3/workspace/8-2-build-linux-amd64/jdk8u111/7883/hotspot/src/share/vm/prims/jni.cpp, line 735]
Event: 1.729 Thread 0x00007f5500001000 Exception <a 'org/simgrid/msg/TimeoutException'> (0x00000000d6350638) thrown at [/HUDSON3/workspace/8-2-build-linux-amd64/jdk8u111/7883/hotspot/src/share/vm/prims/jni.cpp, line 735]
Event: 1.733 Thread 0x00007f550c001000 Exception <a 'org/simgrid/msg/TimeoutException'> (0x00000000d631bfe8) thrown at [/HUDSON3/workspace/8-2-build-linux-amd64/jdk8u111/7883/hotspot/src/share/vm/prims/jni.cpp, line 735]
Event: 1.733 Thread 0x00007f54f0001000 Exception <a 'org/simgrid/msg/TimeoutException'> (0x00000000d62b4818) thrown at [/HUDSON3/workspace/8-2-build-linux-amd64/jdk8u111/7883/hotspot/src/share/vm/prims/jni.cpp, line 735]
Event: 1.733 Thread 0x00007f54fc001000 Exception <a 'org/simgrid/msg/TimeoutException'> (0x00000000d621c160) thrown at [/HUDSON3/workspace/8-2-build-linux-amd64/jdk8u111/7883/hotspot/src/share/vm/prims/jni.cpp, line 735]
Event: 1.733 Thread 0x00007f54f4001000 Exception <a 'org/simgrid/msg/TimeoutException'> (0x00000000d63009d8) thrown at [/HUDSON3/workspace/8-2-build-linux-amd64/jdk8u111/7883/hotspot/src/share/vm/prims/jni.cpp, line 735]

Events (10 events):
Event: 0.218 loading class org/simgrid/msg/Task
Event: 0.218 loading class org/simgrid/msg/Task done
Event: 0.219 loading class org/simgrid/msg/Comm
Event: 0.219 loading class org/simgrid/msg/Comm done
Event: 0.233 loading class java/util/regex/Pattern$BnM
Event: 0.233 loading class java/util/regex/Pattern$BnM done
Event: 0.245 loading class org/simgrid/msg/TimeoutException
Event: 0.245 loading class org/simgrid/msg/TimeoutException done
Event: 1.736 Executing VM operation: ParallelGCFailedAllocation
Event: 1.744 Executing VM operation: ParallelGCFailedAllocation done


Dynamic libraries:
00400000-00401000 r-xp 00000000 08:01 8784123                            /home/elixandrebaldi/jdk1.8.0_111/bin/java
00600000-00601000 rw-p 00000000 08:01 8784123                            /home/elixandrebaldi/jdk1.8.0_111/bin/java
014c6000-014e7000 rw-p 00000000 00:00 0                                  [heap]
80000000-82800000 rw-p 00000000 00:00 0 
82800000-d5580000 ---p 00000000 00:00 0 
d5580000-d6980000 rw-p 00000000 00:00 0 
d6980000-100000000 ---p 00000000 00:00 0 
100000000-100080000 rw-p 00000000 00:00 0 
100080000-140000000 ---p 00000000 00:00 0 
7f54e8000000-7f54e8144000 rw-p 00000000 00:00 0 
7f54e8144000-7f54ec000000 ---p 00000000 00:00 0 
7f54f0000000-7f54f0142000 rw-p 00000000 00:00 0 
7f54f0142000-7f54f4000000 ---p 00000000 00:00 0 
7f54f4000000-7f54f413f000 rw-p 00000000 00:00 0 
7f54f413f000-7f54f8000000 ---p 00000000 00:00 0 
7f54faffe000-7f54fb001000 ---p 00000000 00:00 0 
7f54fb001000-7f54fb7ff000 rw-p 00000000 00:00 0 
7f54fb7ff000-7f54fb802000 ---p 00000000 00:00 0 
7f54fb802000-7f54fc000000 rw-p 00000000 00:00 0 
7f54fc000000-7f54fc141000 rw-p 00000000 00:00 0 
7f54fc141000-7f5500000000 ---p 00000000 00:00 0 
7f5500000000-7f5500144000 rw-p 00000000 00:00 0 
7f5500144000-7f5504000000 ---p 00000000 00:00 0 
7f5504000000-7f5504141000 rw-p 00000000 00:00 0 
7f5504141000-7f5508000000 ---p 00000000 00:00 0 
7f5508000000-7f5508143000 rw-p 00000000 00:00 0 
7f5508143000-7f550c000000 ---p 00000000 00:00 0 
7f550c000000-7f550c14b000 rw-p 00000000 00:00 0 
7f550c14b000-7f5510000000 ---p 00000000 00:00 0 
7f5510341000-7f5510344000 ---p 00000000 00:00 0 
7f5510344000-7f5510b42000 rw-p 00000000 00:00 0 
7f5510b42000-7f5510b45000 ---p 00000000 00:00 0 
7f5510b45000-7f5511343000 rw-p 00000000 00:00 0 
7f5511343000-7f5511346000 ---p 00000000 00:00 0 
7f5511346000-7f5511b44000 rw-p 00000000 00:00 0 
7f5511b44000-7f5511b47000 ---p 00000000 00:00 0 
7f5511b47000-7f5512345000 rw-p 00000000 00:00 0 
7f5512345000-7f5512348000 ---p 00000000 00:00 0 
7f5512348000-7f5512b46000 rw-p 00000000 00:00 0 
7f5512b46000-7f5512b49000 ---p 00000000 00:00 0 
7f5512b49000-7f5513347000 rw-p 00000000 00:00 0 
7f5513347000-7f551335f000 r-xp 00000000 08:01 2359400                    /tmp/simgrid-java468520550506436820/libsimgrid-java.so
7f551335f000-7f551355f000 ---p 00018000 08:01 2359400                    /tmp/simgrid-java468520550506436820/libsimgrid-java.so
7f551355f000-7f5513560000 rw-p 00018000 08:01 2359400                    /tmp/simgrid-java468520550506436820/libsimgrid-java.so
7f5513560000-7f5513576000 r-xp 00000000 08:01 3936627                    /lib/x86_64-linux-gnu/libgcc_s.so.1
7f5513576000-7f5513775000 ---p 00016000 08:01 3936627                    /lib/x86_64-linux-gnu/libgcc_s.so.1
7f5513775000-7f5513776000 rw-p 00015000 08:01 3936627                    /lib/x86_64-linux-gnu/libgcc_s.so.1
7f5513776000-7f55138e8000 r-xp 00000000 08:01 23332798                   /usr/lib/x86_64-linux-gnu/libstdc++.so.6.0.21
7f55138e8000-7f5513ae8000 ---p 00172000 08:01 23332798                   /usr/lib/x86_64-linux-gnu/libstdc++.so.6.0.21
7f5513ae8000-7f5513af2000 r--p 00172000 08:01 23332798                   /usr/lib/x86_64-linux-gnu/libstdc++.so.6.0.21
7f5513af2000-7f5513af4000 rw-p 0017c000 08:01 23332798                   /usr/lib/x86_64-linux-gnu/libstdc++.so.6.0.21
7f5513af4000-7f5513af8000 rw-p 00000000 00:00 0 
7f5513af8000-7f5513dbd000 r-xp 00000000 08:01 2359399                    /tmp/simgrid-java468520550506436820/libsimgrid.so
7f5513dbd000-7f5513fbd000 ---p 002c5000 08:01 2359399                    /tmp/simgrid-java468520550506436820/libsimgrid.so
7f5513fbd000-7f5513ff8000 rw-p 002c5000 08:01 2359399                    /tmp/simgrid-java468520550506436820/libsimgrid.so
7f5513ff8000-7f5514000000 rw-p 00000000 00:00 0 
7f5514000000-7f5514021000 rw-p 00000000 00:00 0 
7f5514021000-7f5518000000 ---p 00000000 00:00 0 
7f5518000000-7f5518021000 rw-p 00000000 00:00 0 
7f5518021000-7f551c000000 ---p 00000000 00:00 0 
7f551c000000-7f551c115000 rw-p 00000000 00:00 0 
7f551c115000-7f5520000000 ---p 00000000 00:00 0 
7f5520000000-7f5520173000 rw-p 00000000 00:00 0 
7f5520173000-7f5524000000 ---p 00000000 00:00 0 
7f5524000000-7f5524021000 rw-p 00000000 00:00 0 
7f5524021000-7f5528000000 ---p 00000000 00:00 0 
7f5528000000-7f5528243000 rw-p 00000000 00:00 0 
7f5528243000-7f552c000000 ---p 00000000 00:00 0 
7f552c000000-7f552c021000 rw-p 00000000 00:00 0 
7f552c021000-7f5530000000 ---p 00000000 00:00 0 
7f5530000000-7f5530021000 rw-p 00000000 00:00 0 
7f5530021000-7f5534000000 ---p 00000000 00:00 0 
7f5534000000-7f5534021000 rw-p 00000000 00:00 0 
7f5534021000-7f5538000000 ---p 00000000 00:00 0 
7f5538000000-7f5538021000 rw-p 00000000 00:00 0 
7f5538021000-7f553c000000 ---p 00000000 00:00 0 
7f553c000000-7f553c021000 rw-p 00000000 00:00 0 
7f553c021000-7f5540000000 ---p 00000000 00:00 0 
7f5540000000-7f5540021000 rw-p 00000000 00:00 0 
7f5540021000-7f5544000000 ---p 00000000 00:00 0 
7f5544000000-7f5544021000 rw-p 00000000 00:00 0 
7f5544021000-7f5548000000 ---p 00000000 00:00 0 
7f55481a8000-7f55484a9000 rw-p 00000000 00:00 0 
7f55484a9000-7f55484bf000 r-xp 00000000 08:01 8783936                    /home/elixandrebaldi/jdk1.8.0_111/jre/lib/amd64/libnet.so
7f55484bf000-7f55486bf000 ---p 00016000 08:01 8783936                    /home/elixandrebaldi/jdk1.8.0_111/jre/lib/amd64/libnet.so
7f55486bf000-7f55486c0000 rw-p 00016000 08:01 8783936                    /home/elixandrebaldi/jdk1.8.0_111/jre/lib/amd64/libnet.so
7f55486c0000-7f55486d1000 r-xp 00000000 08:01 8783935                    /home/elixandrebaldi/jdk1.8.0_111/jre/lib/amd64/libnio.so
7f55486d1000-7f55488d0000 ---p 00011000 08:01 8783935                    /home/elixandrebaldi/jdk1.8.0_111/jre/lib/amd64/libnio.so
7f55488d0000-7f55488d1000 rw-p 00010000 08:01 8783935                    /home/elixandrebaldi/jdk1.8.0_111/jre/lib/amd64/libnio.so
7f55488d1000-7f55488d2000 ---p 00000000 00:00 0 
7f55488d2000-7f55489d2000 rw-p 00000000 00:00 0 
7f55489d2000-7f55489d5000 ---p 00000000 00:00 0 
7f55489d5000-7f5548ad3000 rw-p 00000000 00:00 0 
7f5548ad3000-7f5548ad6000 ---p 00000000 00:00 0 
7f5548ad6000-7f5548bd4000 rw-p 00000000 00:00 0 
7f5548bd4000-7f5548bd7000 ---p 00000000 00:00 0 
7f5548bd7000-7f5548cd5000 rw-p 00000000 00:00 0 
7f5548cd5000-7f5548cd8000 ---p 00000000 00:00 0 
7f5548cd8000-7f5548dd6000 rw-p 00000000 00:00 0 
7f5548dd6000-7f5548dd9000 ---p 00000000 00:00 0 
7f5548dd9000-7f5548ed7000 rw-p 00000000 00:00 0 
7f5548ed7000-7f554a329000 r--p 00000000 08:01 23331759                   /usr/lib/locale/locale-archive
7f554a329000-7f554a32c000 ---p 00000000 00:00 0 
7f554a32c000-7f554a42a000 rw-p 00000000 00:00 0 
7f554a42a000-7f554a42d000 ---p 00000000 00:00 0 
7f554a42d000-7f554a52b000 rw-p 00000000 00:00 0 
7f554a52b000-7f554a52c000 ---p 00000000 00:00 0 
7f554a52c000-7f554b5ed000 rw-p 00000000 00:00 0 
7f554b5ed000-7f554b7c5000 r--s 03d2a000 08:01 8784070                    /home/elixandrebaldi/jdk1.8.0_111/jre/lib/rt.jar
7f554b7c5000-7f554bc7b000 rw-p 00000000 00:00 0 
7f554bc7b000-7f554c03b000 ---p 00000000 00:00 0 
7f554c03b000-7f555043b000 rw-p 00000000 00:00 0 
7f555043b000-7f555043c000 ---p 00000000 00:00 0 
7f555043c000-7f555053c000 rw-p 00000000 00:00 0 
7f555053c000-7f555053d000 ---p 00000000 00:00 0 
7f555053d000-7f555063d000 rw-p 00000000 00:00 0 
7f555063d000-7f555063e000 ---p 00000000 00:00 0 
7f555063e000-7f555073e000 rw-p 00000000 00:00 0 
7f555073e000-7f555073f000 ---p 00000000 00:00 0 
7f555073f000-7f5550853000 rw-p 00000000 00:00 0 
7f5550853000-7f5550ae9000 ---p 00000000 00:00 0 
7f5550ae9000-7f5550af4000 rw-p 00000000 00:00 0 
7f5550af4000-7f5550c3f000 ---p 00000000 00:00 0 
7f5550c3f000-7f5550c4a000 rw-p 00000000 00:00 0 
7f5550c4a000-7f5551000000 ---p 00000000 00:00 0 
7f5551000000-7f5551270000 rwxp 00000000 00:00 0 
7f5551270000-7f5560000000 ---p 00000000 00:00 0 
7f5560000000-7f5560431000 rw-p 00000000 00:00 0 
7f5560431000-7f5564000000 ---p 00000000 00:00 0 
7f5564000000-7f5564035000 rw-p 00000000 00:00 0 
7f5564035000-7f55642cc000 ---p 00000000 00:00 0 
7f55642cc000-7f55642e6000 r-xp 00000000 08:01 8783934                    /home/elixandrebaldi/jdk1.8.0_111/jre/lib/amd64/libzip.so
7f55642e6000-7f55644e6000 ---p 0001a000 08:01 8783934                    /home/elixandrebaldi/jdk1.8.0_111/jre/lib/amd64/libzip.so
7f55644e6000-7f55644e7000 rw-p 0001a000 08:01 8783934                    /home/elixandrebaldi/jdk1.8.0_111/jre/lib/amd64/libzip.so
7f55644e7000-7f55644f2000 r-xp 00000000 08:01 3932251                    /lib/x86_64-linux-gnu/libnss_files-2.23.so
7f55644f2000-7f55646f1000 ---p 0000b000 08:01 3932251                    /lib/x86_64-linux-gnu/libnss_files-2.23.so
7f55646f1000-7f55646f2000 r--p 0000a000 08:01 3932251                    /lib/x86_64-linux-gnu/libnss_files-2.23.so
7f55646f2000-7f55646f3000 rw-p 0000b000 08:01 3932251                    /lib/x86_64-linux-gnu/libnss_files-2.23.so
7f55646f3000-7f55646f9000 rw-p 00000000 00:00 0 
7f55646f9000-7f5564704000 r-xp 00000000 08:01 3932244                    /lib/x86_64-linux-gnu/libnss_nis-2.23.so
7f5564704000-7f5564903000 ---p 0000b000 08:01 3932244                    /lib/x86_64-linux-gnu/libnss_nis-2.23.so
7f5564903000-7f5564904000 r--p 0000a000 08:01 3932244                    /lib/x86_64-linux-gnu/libnss_nis-2.23.so
7f5564904000-7f5564905000 rw-p 0000b000 08:01 3932244                    /lib/x86_64-linux-gnu/libnss_nis-2.23.so
7f5564905000-7f556491b000 r-xp 00000000 08:01 3932246                    /lib/x86_64-linux-gnu/libnsl-2.23.so
7f556491b000-7f5564b1a000 ---p 00016000 08:01 3932246                    /lib/x86_64-linux-gnu/libnsl-2.23.so
7f5564b1a000-7f5564b1b000 r--p 00015000 08:01 3932246                    /lib/x86_64-linux-gnu/libnsl-2.23.so
7f5564b1b000-7f5564b1c000 rw-p 00016000 08:01 3932246                    /lib/x86_64-linux-gnu/libnsl-2.23.so
7f5564b1c000-7f5564b1e000 rw-p 00000000 00:00 0 
7f5564b1e000-7f5564b26000 r-xp 00000000 08:01 3932253                    /lib/x86_64-linux-gnu/libnss_compat-2.23.so
7f5564b26000-7f5564d25000 ---p 00008000 08:01 3932253                    /lib/x86_64-linux-gnu/libnss_compat-2.23.so
7f5564d25000-7f5564d26000 r--p 00007000 08:01 3932253                    /lib/x86_64-linux-gnu/libnss_compat-2.23.so
7f5564d26000-7f5564d27000 rw-p 00008000 08:01 3932253                    /lib/x86_64-linux-gnu/libnss_compat-2.23.so
7f5564d27000-7f5564d52000 r-xp 00000000 08:01 8783907                    /home/elixandrebaldi/jdk1.8.0_111/jre/lib/amd64/libjava.so
7f5564d52000-7f5564f51000 ---p 0002b000 08:01 8783907                    /home/elixandrebaldi/jdk1.8.0_111/jre/lib/amd64/libjava.so
7f5564f51000-7f5564f53000 rw-p 0002a000 08:01 8783907                    /home/elixandrebaldi/jdk1.8.0_111/jre/lib/amd64/libjava.so
7f5564f53000-7f5564f60000 r-xp 00000000 08:01 8783870                    /home/elixandrebaldi/jdk1.8.0_111/jre/lib/amd64/libverify.so
7f5564f60000-7f556515f000 ---p 0000d000 08:01 8783870                    /home/elixandrebaldi/jdk1.8.0_111/jre/lib/amd64/libverify.so
7f556515f000-7f5565161000 rw-p 0000c000 08:01 8783870                    /home/elixandrebaldi/jdk1.8.0_111/jre/lib/amd64/libverify.so
7f5565161000-7f5565168000 r-xp 00000000 08:01 3932254                    /lib/x86_64-linux-gnu/librt-2.23.so
7f5565168000-7f5565367000 ---p 00007000 08:01 3932254                    /lib/x86_64-linux-gnu/librt-2.23.so
7f5565367000-7f5565368000 r--p 00006000 08:01 3932254                    /lib/x86_64-linux-gnu/librt-2.23.so
7f5565368000-7f5565369000 rw-p 00007000 08:01 3932254                    /lib/x86_64-linux-gnu/librt-2.23.so
7f5565369000-7f5565471000 r-xp 00000000 08:01 3932245                    /lib/x86_64-linux-gnu/libm-2.23.so
7f5565471000-7f5565670000 ---p 00108000 08:01 3932245                    /lib/x86_64-linux-gnu/libm-2.23.so
7f5565670000-7f5565671000 r--p 00107000 08:01 3932245                    /lib/x86_64-linux-gnu/libm-2.23.so
7f5565671000-7f5565672000 rw-p 00108000 08:01 3932245                    /lib/x86_64-linux-gnu/libm-2.23.so
7f5565672000-7f556633f000 r-xp 00000000 08:01 8783785                    /home/elixandrebaldi/jdk1.8.0_111/jre/lib/amd64/server/libjvm.so
7f556633f000-7f556653e000 ---p 00ccd000 08:01 8783785                    /home/elixandrebaldi/jdk1.8.0_111/jre/lib/amd64/server/libjvm.so
7f556653e000-7f5566617000 rw-p 00ccc000 08:01 8783785                    /home/elixandrebaldi/jdk1.8.0_111/jre/lib/amd64/server/libjvm.so
7f5566617000-7f5566662000 rw-p 00000000 00:00 0 
7f5566662000-7f5566821000 r-xp 00000000 08:01 3932247                    /lib/x86_64-linux-gnu/libc-2.23.so
7f5566821000-7f5566a21000 ---p 001bf000 08:01 3932247                    /lib/x86_64-linux-gnu/libc-2.23.so
7f5566a21000-7f5566a25000 r--p 001bf000 08:01 3932247                    /lib/x86_64-linux-gnu/libc-2.23.so
7f5566a25000-7f5566a27000 rw-p 001c3000 08:01 3932247                    /lib/x86_64-linux-gnu/libc-2.23.so
7f5566a27000-7f5566a2b000 rw-p 00000000 00:00 0 
7f5566a2b000-7f5566a2e000 r-xp 00000000 08:01 3932243                    /lib/x86_64-linux-gnu/libdl-2.23.so
7f5566a2e000-7f5566c2d000 ---p 00003000 08:01 3932243                    /lib/x86_64-linux-gnu/libdl-2.23.so
7f5566c2d000-7f5566c2e000 r--p 00002000 08:01 3932243                    /lib/x86_64-linux-gnu/libdl-2.23.so
7f5566c2e000-7f5566c2f000 rw-p 00003000 08:01 3932243                    /lib/x86_64-linux-gnu/libdl-2.23.so
7f5566c2f000-7f5566c44000 r-xp 00000000 08:01 8783943                    /home/elixandrebaldi/jdk1.8.0_111/lib/amd64/jli/libjli.so
7f5566c44000-7f5566e44000 ---p 00015000 08:01 8783943                    /home/elixandrebaldi/jdk1.8.0_111/lib/amd64/jli/libjli.so
7f5566e44000-7f5566e45000 rw-p 00015000 08:01 8783943                    /home/elixandrebaldi/jdk1.8.0_111/lib/amd64/jli/libjli.so
7f5566e45000-7f5566e5d000 r-xp 00000000 08:01 3932258                    /lib/x86_64-linux-gnu/libpthread-2.23.so
7f5566e5d000-7f556705c000 ---p 00018000 08:01 3932258                    /lib/x86_64-linux-gnu/libpthread-2.23.so
7f556705c000-7f556705d000 r--p 00017000 08:01 3932258                    /lib/x86_64-linux-gnu/libpthread-2.23.so
7f556705d000-7f556705e000 rw-p 00018000 08:01 3932258                    /lib/x86_64-linux-gnu/libpthread-2.23.so
7f556705e000-7f5567062000 rw-p 00000000 00:00 0 
7f5567062000-7f5567088000 r-xp 00000000 08:01 3932248                    /lib/x86_64-linux-gnu/ld-2.23.so
7f5567099000-7f5567165000 rw-p 00000000 00:00 0 
7f5567165000-7f5567168000 ---p 00000000 00:00 0 
7f5567168000-7f556726a000 rw-p 00000000 00:00 0 
7f5567273000-7f5567278000 r--s 00096000 08:01 8783911                    /home/elixandrebaldi/jdk1.8.0_111/jre/lib/jsse.jar
7f5567278000-7f556727b000 r--s 00f76000 08:01 8524426                    /home/elixandrebaldi/Documentos/VCubeDHT/simgrid.jar
7f556727b000-7f5567283000 rw-s 00000000 08:01 2359392                    /tmp/hsperfdata_elixandrebaldi/8826
7f5567283000-7f5567284000 rw-p 00000000 00:00 0 
7f5567284000-7f5567285000 r--p 00000000 00:00 0 
7f5567285000-7f5567287000 rw-p 00000000 00:00 0 
7f5567287000-7f5567288000 r--p 00025000 08:01 3932248                    /lib/x86_64-linux-gnu/ld-2.23.so
7f5567288000-7f5567289000 rw-p 00026000 08:01 3932248                    /lib/x86_64-linux-gnu/ld-2.23.so
7f5567289000-7f556728a000 rw-p 00000000 00:00 0 
7ffe3b900000-7ffe3b921000 rw-p 00000000 00:00 0                          [stack]
7ffe3b9fa000-7ffe3b9fc000 r--p 00000000 00:00 0                          [vvar]
7ffe3b9fc000-7ffe3b9fe000 r-xp 00000000 00:00 0                          [vdso]
ffffffffff600000-ffffffffff601000 r-xp 00000000 00:00 0                  [vsyscall]

VM Arguments:
jvm_args: -Dfile.encoding=UTF-8 -Xmx2048m 
java_command: vcube.VCube platform.xml deployment.xml
java_class_path (initial): /home/elixandrebaldi/Documentos/VCubeDHT/simgrid.jar:/home/elixandrebaldi/Documentos/VCubeDHT/VCube/build/classes
Launcher Type: SUN_STANDARD

Environment Variables:
PATH=/home/elixandrebaldi/bin:/home/elixandrebaldi/.local/bin:/usr/local/sbin:/usr/local/bin:/usr/sbin:/usr/bin:/sbin:/bin:/usr/games:/usr/local/games
LD_LIBRARY_PATH=/home/elixandrebaldi/jdk1.8.0_111/jre/lib/amd64:/home/elixandrebaldi/jdk1.8.0_111/jre/lib/i386:
SHELL=/bin/bash
DISPLAY=:0

Signal Handlers:
SIGSEGV: [libjvm.so+0xac64b0], sa_mask[0]=11111111011111111101111111111110, sa_flags=SA_RESTART|SA_SIGINFO
SIGBUS: [libjvm.so+0xac64b0], sa_mask[0]=11111111011111111101111111111110, sa_flags=SA_RESTART|SA_SIGINFO
SIGFPE: [libjvm.so+0x91f950], sa_mask[0]=11111111011111111101111111111110, sa_flags=SA_RESTART|SA_SIGINFO
SIGPIPE: [libjvm.so+0x91f950], sa_mask[0]=11111111011111111101111111111110, sa_flags=SA_RESTART|SA_SIGINFO
SIGXFSZ: [libjvm.so+0x91f950], sa_mask[0]=11111111011111111101111111111110, sa_flags=SA_RESTART|SA_SIGINFO
SIGILL: [libjvm.so+0x91f950], sa_mask[0]=11111111011111111101111111111110, sa_flags=SA_RESTART|SA_SIGINFO
SIGUSR1: SIG_DFL, sa_mask[0]=00000000000000000000000000000000, sa_flags=none
SIGUSR2: [libjvm.so+0x920f80], sa_mask[0]=00100000000000000000000000000000, sa_flags=SA_RESTART|SA_SIGINFO
SIGHUP: [libjvm.so+0x922380], sa_mask[0]=11111111011111111101111111111110, sa_flags=SA_RESTART|SA_SIGINFO
SIGINT: [libsimgrid.so+0x8ff50], sa_mask[0]=01000000000000000000000000000000, sa_flags=SA_RESTART
SIGTERM: [libjvm.so+0x922380], sa_mask[0]=11111111011111111101111111111110, sa_flags=SA_RESTART|SA_SIGINFO
SIGQUIT: [libjvm.so+0x922380], sa_mask[0]=11111111011111111101111111111110, sa_flags=SA_RESTART|SA_SIGINFO


---------------  S Y S T E M  ---------------

OS:DISTRIB_ID="elementary"
DISTRIB_RELEASE=0.4.1
DISTRIB_CODENAME=loki
DISTRIB_DESCRIPTION="elementary OS 0.4.1 Loki"

uname:Linux 4.4.0-79-generic #100-Ubuntu SMP Wed May 17 19:58:14 UTC 2017 x86_64
libc:glibc 2.23 NPTL 2.23 
rlimit: STACK 8192k, CORE 0k, NPROC 14991, NOFILE 65536, AS infinity
load average:0.83 0.71 0.77

/proc/meminfo:
MemTotal:        3878592 kB
MemFree:         1103516 kB
MemAvailable:    1631632 kB
Buffers:          115004 kB
Cached:           698656 kB
SwapCached:          176 kB
Active:          1550236 kB
Inactive:         980592 kB
Active(anon):    1193516 kB
Inactive(anon):   662096 kB
Active(file):     356720 kB
Inactive(file):   318496 kB
Unevictable:          48 kB
Mlocked:              48 kB
SwapTotal:       4025340 kB
SwapFree:        4022076 kB
Dirty:             21024 kB
Writeback:             0 kB
AnonPages:       1719224 kB
Mapped:           290084 kB
Shmem:            138260 kB
Slab:             142068 kB
SReclaimable:     110792 kB
SUnreclaim:        31276 kB
KernelStack:        9664 kB
PageTables:        32128 kB
NFS_Unstable:          0 kB
Bounce:                0 kB
WritebackTmp:          0 kB
CommitLimit:     5964636 kB
Committed_AS:    5102200 kB
VmallocTotal:   34359738367 kB
VmallocUsed:           0 kB
VmallocChunk:          0 kB
HardwareCorrupted:     0 kB
AnonHugePages:   1122304 kB
CmaTotal:              0 kB
CmaFree:               0 kB
HugePages_Total:       0
HugePages_Free:        0
HugePages_Rsvd:        0
HugePages_Surp:        0
Hugepagesize:       2048 kB
DirectMap4k:      144120 kB
DirectMap2M:     3883008 kB


CPU:total 4 (2 cores per cpu, 2 threads per core) family 6 model 58 stepping 9, cmov, cx8, fxsr, mmx, sse, sse2, sse3, ssse3, sse4.1, sse4.2, popcnt, avx, clmul, erms, ht, tsc, tscinvbit, tscinv

/proc/cpuinfo:
processor	: 0
vendor_id	: GenuineIntel
cpu family	: 6
model		: 58
model name	: Intel(R) Core(TM) i7-3517U CPU @ 1.90GHz
stepping	: 9
microcode	: 0x12
cpu MHz		: 2799.937
cache size	: 4096 KB
physical id	: 0
siblings	: 4
core id		: 0
cpu cores	: 2
apicid		: 0
initial apicid	: 0
fpu		: yes
fpu_exception	: yes
cpuid level	: 13
wp		: yes
flags		: fpu vme de pse tsc msr pae mce cx8 apic sep mtrr pge mca cmov pat pse36 clflush dts acpi mmx fxsr sse sse2 ss ht tm pbe syscall nx rdtscp lm constant_tsc arch_perfmon pebs bts rep_good nopl xtopology nonstop_tsc aperfmperf eagerfpu pni pclmulqdq dtes64 monitor ds_cpl vmx est tm2 ssse3 cx16 xtpr pdcm pcid sse4_1 sse4_2 x2apic popcnt tsc_deadline_timer xsave avx f16c rdrand lahf_lm epb tpr_shadow vnmi flexpriority ept vpid fsgsbase smep erms xsaveopt dtherm ida arat pln pts
bugs		:
bogomips	: 4789.43
clflush size	: 64
cache_alignment	: 64
address sizes	: 36 bits physical, 48 bits virtual
power management:

processor	: 1
vendor_id	: GenuineIntel
cpu family	: 6
model		: 58
model name	: Intel(R) Core(TM) i7-3517U CPU @ 1.90GHz
stepping	: 9
microcode	: 0x12
cpu MHz		: 2799.937
cache size	: 4096 KB
physical id	: 0
siblings	: 4
core id		: 0
cpu cores	: 2
apicid		: 1
initial apicid	: 1
fpu		: yes
fpu_exception	: yes
cpuid level	: 13
wp		: yes
flags		: fpu vme de pse tsc msr pae mce cx8 apic sep mtrr pge mca cmov pat pse36 clflush dts acpi mmx fxsr sse sse2 ss ht tm pbe syscall nx rdtscp lm constant_tsc arch_perfmon pebs bts rep_good nopl xtopology nonstop_tsc aperfmperf eagerfpu pni pclmulqdq dtes64 monitor ds_cpl vmx est tm2 ssse3 cx16 xtpr pdcm pcid sse4_1 sse4_2 x2apic popcnt tsc_deadline_timer xsave avx f16c rdrand lahf_lm epb tpr_shadow vnmi flexpriority ept vpid fsgsbase smep erms xsaveopt dtherm ida arat pln pts
bugs		:
bogomips	: 4789.43
clflush size	: 64
cache_alignment	: 64
address sizes	: 36 bits physical, 48 bits virtual
power management:

processor	: 2
vendor_id	: GenuineIntel
cpu family	: 6
model		: 58
model name	: Intel(R) Core(TM) i7-3517U CPU @ 1.90GHz
stepping	: 9
microcode	: 0x12
cpu MHz		: 2799.937
cache size	: 4096 KB
physical id	: 0
siblings	: 4
core id		: 1
cpu cores	: 2
apicid		: 2
initial apicid	: 2
fpu		: yes
fpu_exception	: yes
cpuid level	: 13
wp		: yes
flags		: fpu vme de pse tsc msr pae mce cx8 apic sep mtrr pge mca cmov pat pse36 clflush dts acpi mmx fxsr sse sse2 ss ht tm pbe syscall nx rdtscp lm constant_tsc arch_perfmon pebs bts rep_good nopl xtopology nonstop_tsc aperfmperf eagerfpu pni pclmulqdq dtes64 monitor ds_cpl vmx est tm2 ssse3 cx16 xtpr pdcm pcid sse4_1 sse4_2 x2apic popcnt tsc_deadline_timer xsave avx f16c rdrand lahf_lm epb tpr_shadow vnmi flexpriority ept vpid fsgsbase smep erms xsaveopt dtherm ida arat pln pts
bugs		:
bogomips	: 4789.43
clflush size	: 64
cache_alignment	: 64
address sizes	: 36 bits physical, 48 bits virtual
power management:

processor	: 3
vendor_id	: GenuineIntel
cpu family	: 6
model		: 58
model name	: Intel(R) Core(TM) i7-3517U CPU @ 1.90GHz
stepping	: 9
microcode	: 0x12
cpu MHz		: 2799.937
cache size	: 4096 KB
physical id	: 0
siblings	: 4
core id		: 1
cpu cores	: 2
apicid		: 3
initial apicid	: 3
fpu		: yes
fpu_exception	: yes
cpuid level	: 13
wp		: yes
flags		: fpu vme de pse tsc msr pae mce cx8 apic sep mtrr pge mca cmov pat pse36 clflush dts acpi mmx fxsr sse sse2 ss ht tm pbe syscall nx rdtscp lm constant_tsc arch_perfmon pebs bts rep_good nopl xtopology nonstop_tsc aperfmperf eagerfpu pni pclmulqdq dtes64 monitor ds_cpl vmx est tm2 ssse3 cx16 xtpr pdcm pcid sse4_1 sse4_2 x2apic popcnt tsc_deadline_timer xsave avx f16c rdrand lahf_lm epb tpr_shadow vnmi flexpriority ept vpid fsgsbase smep erms xsaveopt dtherm ida arat pln pts
bugs		:
bogomips	: 4789.43
clflush size	: 64
cache_alignment	: 64
address sizes	: 36 bits physical, 48 bits virtual
power management:



Memory: 4k page, physical 3878592k(1103516k free), swap 4025340k(4022076k free)

vm_info: Java HotSpot(TM) 64-Bit Server VM (25.111-b14) for linux-amd64 JRE (1.8.0_111-b14), built on Sep 22 2016 16:14:03 by "java_re" with gcc 4.3.0 20080428 (Red Hat 4.3.0-8)

time: Tue Jun 13 22:20:25 2017
elapsed time: 1 seconds (0d 0h 0m 1s)

