#
# A fatal error has been detected by the Java Runtime Environment:
#
#  SIGSEGV (0xb) at pc=0x00007f0c54795263, pid=5424, tid=0x00007f0c5cdfd700
#
# JRE version: Java(TM) SE Runtime Environment (8.0_111-b14) (build 1.8.0_111-b14)
# Java VM: Java HotSpot(TM) 64-Bit Server VM (25.111-b14 mixed mode linux-amd64 compressed oops)
# Problematic frame:
# C  [libsimgrid.so+0x190263]  xbt_dynar_member+0x23
#
# Failed to write core dump. Core dumps have been disabled. To enable core dumping, try "ulimit -c unlimited" before starting Java again
#
# If you would like to submit a bug report, please visit:
#   http://bugreport.java.com/bugreport/crash.jsp
#

---------------  T H R E A D  ---------------

Current thread (0x00007f0c6c077800):  VMThread [stack: 0x00007f0c5ccfd000,0x00007f0c5cdfe000] [id=5434]

siginfo: si_signo: 11 (SIGSEGV), si_code: 1 (SEGV_MAPERR), si_addr: 0x0000000000000000

Registers:
RAX=0x0000000000000000, RBX=0x00007f0c54b01700, RCX=0x0000000000000000, RDX=0x00007f0c5cdfda30
RSP=0x00007f0c5cdfc710, RBP=0x00007f0c6c142960, RSI=0x00007f0c5cdfc8b8, RDI=0x00007f0c5cdfc7d0
R8 =0x00007f0c6c139970, R9 =0x00007f0c6c139970, R10=0x0000000000000c58, R11=0x00007f0c54795240
R12=0x00007f0c54b0c790, R13=0x00007f0c6c122960, R14=0x00000000000003d8, R15=0x00007f0c6c026e68
RIP=0x00007f0c54795263, EFLAGS=0x0000000000010202, CSGSFS=0x0000000000000033, ERR=0x0000000000000004
  TRAPNO=0x000000000000000e

Top of Stack: (sp=0x00007f0c5cdfc710)
0x00007f0c5cdfc710:   0000000000000000 0000000000000000
0x00007f0c5cdfc720:   00007f0c6c139a10 00007f0c5cdfc8b8
0x00007f0c5cdfc730:   0000000000000000 0000000000000000
0x00007f0c5cdfc740:   0000000000000000 0000000000000000
0x00007f0c5cdfc750:   0000000000000000 0000000000000000
0x00007f0c5cdfc760:   0000000000000000 0000000000000000
0x00007f0c5cdfc770:   0000000000000000 0000000000000000
0x00007f0c5cdfc780:   0000ff00000000ff 00000000ff000000
0x00007f0c5cdfc790:   0000000000000000 0000000000000000
0x00007f0c5cdfc7a0:   0000000000000000 0000000000000000
0x00007f0c5cdfc7b0:   0000000000000000 0000000000000000
0x00007f0c5cdfc7c0:   0000000042c80000 0000000000000000
0x00007f0c5cdfc7d0:   0000000000000000 0000000000000000
0x00007f0c5cdfc7e0:   0000000000000000 0000000000000000
0x00007f0c5cdfc7f0:   0000000000000000 0000000000000000
0x00007f0c5cdfc800:   00007f0c54acc400 00007f0c6c149610
0x00007f0c5cdfc810:   00007f0c6c122960 00007f0c5478ba0a
0x00007f0c5cdfc820:   00007f0c6d788180 00007f0c54acc400
0x00007f0c5cdfc830:   00007f0c6c149610 00007f0c547fb286
0x00007f0c5cdfc840:   00007f0c6c180e90 0000000000000000
0x00007f0c5cdfc850:   0000000000000000 00007f0c5cdfc8b8
0x00007f0c5cdfc860:   00007f0c6c139a10 00007f0c6c139970
0x00007f0c5cdfc870:   00007f0c6c139970 00007f0c54b04a98
0x00007f0c5cdfc880:   00007f0c6c13bbd0 0000000000000001
0x00007f0c5cdfc890:   00007f0c54b01700 00007f0c6c120e40
0x00007f0c5cdfc8a0:   00007f0c54b01700 00007f0c547b234f
0x00007f0c5cdfc8b0:   0000000000000000 00007f0c6c149610
0x00007f0c5cdfc8c0:   0000000000000000 0000000000000000
0x00007f0c5cdfc8d0:   0000000000000000 00007f0c54b04a98
0x00007f0c5cdfc8e0:   00007f0c6c13bbd0 0000000000000001
0x00007f0c5cdfc8f0:   00007f0c6c122960 00007f0c54793d37
0x00007f0c5cdfc900:   00007f0c6c122960 00007f0c54b04098 

Instructions: (pc=0x00007f0c54795263)
0x00007f0c54795243:   ec 90 01 00 00 48 8b 05 01 a2 33 00 48 89 7c 24
0x00007f0c54795253:   10 48 89 74 24 18 ff 10 48 8d bc 24 c0 00 00 00
0x00007f0c54795263:   48 8b 08 48 89 04 24 48 89 38 48 89 4c 24 08 e8
0x00007f0c54795273:   79 31 ed ff 85 c0 74 75 48 8b 14 24 c7 42 08 01 

Register to memory mapping:

RAX=0x0000000000000000 is an unknown value
RBX=0x00007f0c54b01700: _simgrid_log_category__simix_process+0 in /tmp/simgrid-java6690203965122797098/libsimgrid.so at 0x00007f0c54605000
RCX=0x0000000000000000 is an unknown value
RDX=0x00007f0c5cdfda30 is an unknown value
RSP=0x00007f0c5cdfc710 is an unknown value
RBP=0x00007f0c6c142960 is an unknown value
RSI=0x00007f0c5cdfc8b8 is an unknown value
RDI=0x00007f0c5cdfc7d0 is an unknown value
R8 =0x00007f0c6c139970 is an unknown value
R9 =0x00007f0c6c139970 is an unknown value
R10=0x0000000000000c58 is an unknown value
R11=0x00007f0c54795240: xbt_dynar_member+0 in /tmp/simgrid-java6690203965122797098/libsimgrid.so at 0x00007f0c54605000
R12=0x00007f0c54b0c790: simix_global+0 in /tmp/simgrid-java6690203965122797098/libsimgrid.so at 0x00007f0c54605000
R13=0x00007f0c6c122960 is an unknown value
R14=0x00000000000003d8 is an unknown value
R15=0x00007f0c6c026e68 is an unknown value


Stack: [0x00007f0c5ccfd000,0x00007f0c5cdfe000],  sp=0x00007f0c5cdfc710,  free space=1021k
Native frames: (J=compiled Java code, j=interpreted, Vv=VM code, C=native code)
C  [libsimgrid.so+0x190263]  xbt_dynar_member+0x23

VM_Operation (0x00007f0c245de4d0): Exit, mode: safepoint, requested by thread 0x00007f0c3c001000


---------------  P R O C E S S  ---------------

Java Threads: ( => current thread )
  0x00007f0c3c001000 JavaThread "SIGTERM handler" daemon [_thread_blocked, id=5463, stack(0x00007f0c244df000,0x00007f0c245e0000)]
  0x00007f0bd4001000 JavaThread "Thread-16" [_thread_in_native, id=5458, stack(0x00007f0be2ffe000,0x00007f0be37ff000)]
  0x00007f0bdc001000 JavaThread "Thread-15" [_thread_in_native, id=5457, stack(0x00007f0be37ff000,0x00007f0be4000000)]
  0x00007f0be8001000 JavaThread "Thread-14" [_thread_in_native, id=5456, stack(0x00007f0c007f9000,0x00007f0c00ffa000)]
  0x00007f0be4001000 JavaThread "Thread-13" [_thread_in_native, id=5455, stack(0x00007f0c00ffa000,0x00007f0c017fb000)]
  0x00007f0bf0001000 JavaThread "Thread-12" [_thread_in_native, id=5454, stack(0x00007f0c017fb000,0x00007f0c01ffc000)]
  0x00007f0bec001000 JavaThread "Thread-10" [_thread_in_native, id=5453, stack(0x00007f0c01ffc000,0x00007f0c027fd000)]
  0x00007f0bf8001000 JavaThread "Thread-11" [_thread_in_native, id=5452, stack(0x00007f0c027fd000,0x00007f0c02ffe000)]
  0x00007f0bf4001000 JavaThread "Thread-9" [_thread_blocked, id=5451, stack(0x00007f0c02ffe000,0x00007f0c037ff000)]
  0x00007f0bfc001000 JavaThread "Thread-8" [_thread_in_native, id=5450, stack(0x00007f0c037ff000,0x00007f0c04000000)]
  0x00007f0c08001000 JavaThread "Thread-7" [_thread_in_native, id=5449, stack(0x00007f0c245e0000,0x00007f0c24de1000)]
  0x00007f0c04001000 JavaThread "Thread-6" [_thread_in_native, id=5448, stack(0x00007f0c24de1000,0x00007f0c255e2000)]
  0x00007f0c10001000 JavaThread "Thread-5" [_thread_in_native, id=5447, stack(0x00007f0c255e2000,0x00007f0c25de3000)]
  0x00007f0c0c001000 JavaThread "Thread-3" [_thread_in_native, id=5446, stack(0x00007f0c25de3000,0x00007f0c265e4000)]
  0x00007f0c18001000 JavaThread "Thread-4" [_thread_in_native, id=5445, stack(0x00007f0c265e4000,0x00007f0c26de5000)]
  0x00007f0c14001000 JavaThread "Thread-2" [_thread_in_native, id=5444, stack(0x00007f0c26de5000,0x00007f0c275e6000)]
  0x00007f0c1c001000 JavaThread "Thread-1" [_thread_in_native, id=5443, stack(0x00007f0c275e6000,0x00007f0c27de7000)]
  0x00007f0c6c0c0000 JavaThread "Service Thread" daemon [_thread_blocked, id=5441, stack(0x00007f0c5c5f6000,0x00007f0c5c6f7000)]
  0x00007f0c6c0bd000 JavaThread "C1 CompilerThread2" daemon [_thread_blocked, id=5440, stack(0x00007f0c5c6f7000,0x00007f0c5c7f8000)]
  0x00007f0c6c0bb000 JavaThread "C2 CompilerThread1" daemon [_thread_blocked, id=5439, stack(0x00007f0c5c7f8000,0x00007f0c5c8f9000)]
  0x00007f0c6c0b8800 JavaThread "C2 CompilerThread0" daemon [_thread_blocked, id=5438, stack(0x00007f0c5c8f9000,0x00007f0c5c9fa000)]
  0x00007f0c6c084000 JavaThread "Finalizer" daemon [_thread_blocked, id=5436, stack(0x00007f0c5cafb000,0x00007f0c5cbfc000)]
  0x00007f0c6c07f000 JavaThread "Reference Handler" daemon [_thread_blocked, id=5435, stack(0x00007f0c5cbfc000,0x00007f0c5ccfd000)]
  0x00007f0c6c00a000 JavaThread "main" [_thread_in_native, id=5427, stack(0x00007f0c75445000,0x00007f0c75546000)]

Other Threads:
=>0x00007f0c6c077800 VMThread [stack: 0x00007f0c5ccfd000,0x00007f0c5cdfe000] [id=5434]

VM state:at safepoint (shutting down)

VM Mutex/Monitor currently owned by a thread:  ([mutex/lock_event])
[0x00007f0c6c0060d0] Threads_lock - owner thread: 0x00007f0c6c077800

Heap:
 PSYoungGen      total 33280K, used 14996K [0x00000000ec400000, 0x00000000f0500000, 0x0000000100000000)
  eden space 30720K, 40% used [0x00000000ec400000,0x00000000ed02d030,0x00000000ee200000)
  from space 2560K, 98% used [0x00000000ee200000,0x00000000ee478020,0x00000000ee480000)
  to   space 2560K, 0% used [0x00000000f0280000,0x00000000f0280000,0x00000000f0500000)
 ParOldGen       total 40960K, used 10920K [0x00000000c4c00000, 0x00000000c7400000, 0x00000000ec400000)
  object space 40960K, 26% used [0x00000000c4c00000,0x00000000c56aa020,0x00000000c7400000)
 Metaspace       used 3760K, capacity 4704K, committed 4864K, reserved 1056768K
  class space    used 417K, capacity 464K, committed 512K, reserved 1048576K

Card table byte_map: [0x00007f0c72011000,0x00007f0c721ec000] byte_map_base: 0x00007f0c719eb000

Marking Bits: (ParMarkBitMap*) 0x00007f0c74915220
 Begin Bits: [0x00007f0c56260000, 0x00007f0c57130000)
 End Bits:   [0x00007f0c57130000, 0x00007f0c58000000)

Polling page: 0x00007f0c75564000

CodeCache: size=245760Kb used=2399Kb max_used=2441Kb free=243360Kb
 bounds [0x00007f0c5d000000, 0x00007f0c5d280000, 0x00007f0c6c000000]
 total_blobs=475 nmethods=212 adapters=177
 compilation: enabled

Compilation events (10 events):
Event: 3.752 Thread 0x00007f0c6c0bd000 nmethod 208% 0x00007f0c5d20ec90 code [0x00007f0c5d20ffa0, 0x00007f0c5d21eb88]
Event: 4.403 Thread 0x00007f0c6c0b8800  209       4       java.lang.String::equals (81 bytes)
Event: 4.408 Thread 0x00007f0c6c0b8800 nmethod 209 0x00007f0c5d1c85d0 code [0x00007f0c5d1c8720, 0x00007f0c5d1c8978]
Event: 4.503 Thread 0x00007f0c6c0bd000  210 % !   3       vcube.Node::main @ 235 (1818 bytes)
Event: 4.517 Thread 0x00007f0c6c0bd000 nmethod 210% 0x00007f0c5d22a110 code [0x00007f0c5d22b420, 0x00007f0c5d23a308]
Event: 5.607 Thread 0x00007f0c6c0bb000  211 % !   4       vcube.Node::main @ 35 (1818 bytes)
Event: 6.895 Thread 0x00007f0c6c0bb000 nmethod 211% 0x00007f0c5d24fa10 code [0x00007f0c5d250440, 0x00007f0c5d259c48]
Event: 7.792 Thread 0x00007f0c6c0b8800  212 % !   4       vcube.Node::main @ 1731 (1818 bytes)
Event: 8.590 Thread 0x00007f0c6c0b8800 nmethod 212% 0x00007f0c5d268b50 code [0x00007f0c5d2695c0, 0x00007f0c5d2730c8]
Event: 8.785 Thread 0x00007f0c6c0bb000  213 % !   4       vcube.Node::main @ 59 (1818 bytes)

GC Heap History (6 events):
Event: 0.959 GC heap before
{Heap before GC invocations=1 (full 0):
 PSYoungGen      total 17920K, used 15360K [0x00000000ec400000, 0x00000000ed800000, 0x0000000100000000)
  eden space 15360K, 100% used [0x00000000ec400000,0x00000000ed300000,0x00000000ed300000)
  from space 2560K, 0% used [0x00000000ed580000,0x00000000ed580000,0x00000000ed800000)
  to   space 2560K, 0% used [0x00000000ed300000,0x00000000ed300000,0x00000000ed580000)
 ParOldGen       total 40960K, used 0K [0x00000000c4c00000, 0x00000000c7400000, 0x00000000ec400000)
  object space 40960K, 0% used [0x00000000c4c00000,0x00000000c4c00000,0x00000000c7400000)
 Metaspace       used 3735K, capacity 4704K, committed 4864K, reserved 1056768K
  class space    used 414K, capacity 464K, committed 512K, reserved 1048576K
Event: 1.008 GC heap after
Heap after GC invocations=1 (full 0):
 PSYoungGen      total 17920K, used 2544K [0x00000000ec400000, 0x00000000ee700000, 0x0000000100000000)
  eden space 15360K, 0% used [0x00000000ec400000,0x00000000ec400000,0x00000000ed300000)
  from space 2560K, 99% used [0x00000000ed300000,0x00000000ed57c010,0x00000000ed580000)
  to   space 2560K, 0% used [0x00000000ee480000,0x00000000ee480000,0x00000000ee700000)
 ParOldGen       total 40960K, used 272K [0x00000000c4c00000, 0x00000000c7400000, 0x00000000ec400000)
  object space 40960K, 0% used [0x00000000c4c00000,0x00000000c4c44020,0x00000000c7400000)
 Metaspace       used 3735K, capacity 4704K, committed 4864K, reserved 1056768K
  class space    used 414K, capacity 464K, committed 512K, reserved 1048576K
}
Event: 2.268 GC heap before
{Heap before GC invocations=2 (full 0):
 PSYoungGen      total 17920K, used 17904K [0x00000000ec400000, 0x00000000ee700000, 0x0000000100000000)
  eden space 15360K, 100% used [0x00000000ec400000,0x00000000ed300000,0x00000000ed300000)
  from space 2560K, 99% used [0x00000000ed300000,0x00000000ed57c010,0x00000000ed580000)
  to   space 2560K, 0% used [0x00000000ee480000,0x00000000ee480000,0x00000000ee700000)
 ParOldGen       total 40960K, used 272K [0x00000000c4c00000, 0x00000000c7400000, 0x00000000ec400000)
  object space 40960K, 0% used [0x00000000c4c00000,0x00000000c4c44020,0x00000000c7400000)
 Metaspace       used 3745K, capacity 4704K, committed 4864K, reserved 1056768K
  class space    used 414K, capacity 464K, committed 512K, reserved 1048576K
Event: 2.280 GC heap after
Heap after GC invocations=2 (full 0):
 PSYoungGen      total 33280K, used 2528K [0x00000000ec400000, 0x00000000ee700000, 0x0000000100000000)
  eden space 30720K, 0% used [0x00000000ec400000,0x00000000ec400000,0x00000000ee200000)
  from space 2560K, 98% used [0x00000000ee480000,0x00000000ee6f8020,0x00000000ee700000)
  to   space 2560K, 0% used [0x00000000ee200000,0x00000000ee200000,0x00000000ee480000)
 ParOldGen       total 40960K, used 3392K [0x00000000c4c00000, 0x00000000c7400000, 0x00000000ec400000)
  object space 40960K, 8% used [0x00000000c4c00000,0x00000000c4f50020,0x00000000c7400000)
 Metaspace       used 3745K, capacity 4704K, committed 4864K, reserved 1056768K
  class space    used 414K, capacity 464K, committed 512K, reserved 1048576K
}
Event: 6.756 GC heap before
{Heap before GC invocations=3 (full 0):
 PSYoungGen      total 33280K, used 33248K [0x00000000ec400000, 0x00000000ee700000, 0x0000000100000000)
  eden space 30720K, 100% used [0x00000000ec400000,0x00000000ee200000,0x00000000ee200000)
  from space 2560K, 98% used [0x00000000ee480000,0x00000000ee6f8020,0x00000000ee700000)
  to   space 2560K, 0% used [0x00000000ee200000,0x00000000ee200000,0x00000000ee480000)
 ParOldGen       total 40960K, used 3392K [0x00000000c4c00000, 0x00000000c7400000, 0x00000000ec400000)
  object space 40960K, 8% used [0x00000000c4c00000,0x00000000c4f50020,0x00000000c7400000)
 Metaspace       used 3745K, capacity 4704K, committed 4864K, reserved 1056768K
  class space    used 414K, capacity 464K, committed 512K, reserved 1048576K
Event: 6.857 GC heap after
Heap after GC invocations=3 (full 0):
 PSYoungGen      total 33280K, used 2528K [0x00000000ec400000, 0x00000000f0500000, 0x0000000100000000)
  eden space 30720K, 0% used [0x00000000ec400000,0x00000000ec400000,0x00000000ee200000)
  from space 2560K, 98% used [0x00000000ee200000,0x00000000ee478020,0x00000000ee480000)
  to   space 2560K, 0% used [0x00000000f0280000,0x00000000f0280000,0x00000000f0500000)
 ParOldGen       total 40960K, used 10920K [0x00000000c4c00000, 0x00000000c7400000, 0x00000000ec400000)
  object space 40960K, 26% used [0x00000000c4c00000,0x00000000c56aa020,0x00000000c7400000)
 Metaspace       used 3745K, capacity 4704K, committed 4864K, reserved 1056768K
  class space    used 414K, capacity 464K, committed 512K, reserved 1048576K
}

Deoptimization events (10 events):
Event: 3.587 Thread 0x00007f0c0c001000 Uncommon trap: reason=unstable_if action=reinterpret pc=0x00007f0c5d1e10b4 method=vcube.Node.main([Ljava/lang/String;)V @ 380
Event: 4.480 Thread 0x00007f0c10001000 Uncommon trap: reason=unstable_if action=reinterpret pc=0x00007f0c5d1d8fe8 method=vcube.Node.main([Ljava/lang/String;)V @ 380
Event: 4.503 Thread 0x00007f0c04001000 Uncommon trap: reason=unstable_if action=reinterpret pc=0x00007f0c5d1d8fe8 method=vcube.Node.main([Ljava/lang/String;)V @ 380
Event: 4.540 Thread 0x00007f0c08001000 Uncommon trap: reason=unstable_if action=reinterpret pc=0x00007f0c5d1e10b4 method=vcube.Node.main([Ljava/lang/String;)V @ 380
Event: 6.065 Thread 0x00007f0bf4001000 Uncommon trap: reason=unstable_if action=reinterpret pc=0x00007f0c5d1d8fe8 method=vcube.Node.main([Ljava/lang/String;)V @ 380
Event: 6.093 Thread 0x00007f0bf4001000 Uncommon trap: reason=unstable_if action=reinterpret pc=0x00007f0c5d1f04d8 method=vcube.Node.main([Ljava/lang/String;)V @ 214
Event: 6.097 Thread 0x00007f0bf8001000 Uncommon trap: reason=unstable_if action=reinterpret pc=0x00007f0c5d1d8fe8 method=vcube.Node.main([Ljava/lang/String;)V @ 380
Event: 6.448 Thread 0x00007f0bec001000 Uncommon trap: reason=unstable_if action=reinterpret pc=0x00007f0c5d1d8fe8 method=vcube.Node.main([Ljava/lang/String;)V @ 380
Event: 6.529 Thread 0x00007f0be8001000 Uncommon trap: reason=unstable_if action=reinterpret pc=0x00007f0c5d1d8fe8 method=vcube.Node.main([Ljava/lang/String;)V @ 380
Event: 6.576 Thread 0x00007f0bd4001000 Uncommon trap: reason=unstable_if action=reinterpret pc=0x00007f0c5d1d8fe8 method=vcube.Node.main([Ljava/lang/String;)V @ 380

Internal exceptions (10 events):
Event: 3.661 Thread 0x00007f0c14001000 Exception <a 'java/lang/ArrayIndexOutOfBoundsException'> (0x00000000eccb4e78) thrown at [/HUDSON3/workspace/8-2-build-linux-amd64/jdk8u111/7883/hotspot/src/share/vm/runtime/sharedRuntime.cpp, line 605]
Event: 3.669 Thread 0x00007f0bfc001000 Exception <a 'java/lang/ArrayIndexOutOfBoundsException'> (0x00000000ecee8650) thrown at [/HUDSON3/workspace/8-2-build-linux-amd64/jdk8u111/7883/hotspot/src/share/vm/runtime/sharedRuntime.cpp, line 605]
Event: 3.669 Thread 0x00007f0bf0001000 Exception <a 'java/lang/ArrayIndexOutOfBoundsException'> (0x00000000ece7dff0) thrown at [/HUDSON3/workspace/8-2-build-linux-amd64/jdk8u111/7883/hotspot/src/share/vm/runtime/sharedRuntime.cpp, line 605]
Event: 3.669 Thread 0x00007f0be4001000 Exception <a 'java/lang/ArrayIndexOutOfBoundsException'> (0x00000000eceb4c88) thrown at [/HUDSON3/workspace/8-2-build-linux-amd64/jdk8u111/7883/hotspot/src/share/vm/runtime/sharedRuntime.cpp, line 605]
Event: 3.669 Thread 0x00007f0bdc001000 Exception <a 'java/lang/ArrayIndexOutOfBoundsException'> (0x00000000ece47358) thrown at [/HUDSON3/workspace/8-2-build-linux-amd64/jdk8u111/7883/hotspot/src/share/vm/runtime/sharedRuntime.cpp, line 605]
Event: 3.691 Thread 0x00007f0c18001000 Exception <a 'java/lang/ArrayIndexOutOfBoundsException'> (0x00000000ecf1df10) thrown at [/HUDSON3/workspace/8-2-build-linux-amd64/jdk8u111/7883/hotspot/src/share/vm/runtime/sharedRuntime.cpp, line 605]
Event: 3.691 Thread 0x00007f0c14001000 Exception <a 'java/lang/ArrayIndexOutOfBoundsException'> (0x00000000eccb80f8) thrown at [/HUDSON3/workspace/8-2-build-linux-amd64/jdk8u111/7883/hotspot/src/share/vm/runtime/sharedRuntime.cpp, line 605]
Event: 3.691 Thread 0x00007f0c0c001000 Exception <a 'java/lang/ArrayIndexOutOfBoundsException'> (0x00000000ecbe37a0) thrown at [/HUDSON3/workspace/8-2-build-linux-amd64/jdk8u111/7883/hotspot/src/share/vm/runtime/sharedRuntime.cpp, line 605]
Event: 3.699 Thread 0x00007f0bfc001000 Exception <a 'java/lang/ArrayIndexOutOfBoundsException'> (0x00000000eceeb938) thrown at [/HUDSON3/workspace/8-2-build-linux-amd64/jdk8u111/7883/hotspot/src/share/vm/runtime/sharedRuntime.cpp, line 605]
Event: 3.699 Thread 0x00007f0be4001000 Exception <a 'java/lang/ArrayIndexOutOfBoundsException'> (0x00000000eceb8080) thrown at [/HUDSON3/workspace/8-2-build-linux-amd64/jdk8u111/7883/hotspot/src/share/vm/runtime/sharedRuntime.cpp, line 605]

Events (10 events):
Event: 8.969 loading class java/util/IdentityHashMap$KeySet
Event: 8.969 loading class java/util/IdentityHashMap$KeySet done
Event: 8.969 loading class java/util/IdentityHashMap$KeyIterator
Event: 8.969 loading class java/util/IdentityHashMap$IdentityHashMapIterator
Event: 8.969 loading class java/util/IdentityHashMap$IdentityHashMapIterator done
Event: 8.969 loading class java/util/IdentityHashMap$KeyIterator done
Event: 8.970 Thread 0x00007f0bd8001000 Thread added: 0x00007f0bd8001000
Event: 8.970 Thread 0x00007f0bd8001000 Thread exited: 0x00007f0bd8001000
Event: 8.970 Thread 0x00007f0c6c0b7000 Thread exited: 0x00007f0c6c0b7000
Event: 8.970 Executing VM operation: Exit


Dynamic libraries:
00400000-00401000 r-xp 00000000 08:01 8784123                            /home/elixandrebaldi/jdk1.8.0_111/bin/java
00600000-00601000 rw-p 00000000 08:01 8784123                            /home/elixandrebaldi/jdk1.8.0_111/bin/java
01fe6000-02007000 rw-p 00000000 00:00 0                                  [heap]
c4c00000-c7400000 rw-p 00000000 00:00 0 
c7400000-ec400000 ---p 00000000 00:00 0 
ec400000-f0500000 rw-p 00000000 00:00 0 
f0500000-100000000 ---p 00000000 00:00 0 
100000000-100080000 rw-p 00000000 00:00 0 
100080000-140000000 ---p 00000000 00:00 0 
7f0bd4000000-7f0bd4625000 rw-p 00000000 00:00 0 
7f0bd4625000-7f0bd8000000 ---p 00000000 00:00 0 
7f0bd8000000-7f0bd8021000 rw-p 00000000 00:00 0 
7f0bd8021000-7f0bdc000000 ---p 00000000 00:00 0 
7f0bdc000000-7f0bdc622000 rw-p 00000000 00:00 0 
7f0bdc622000-7f0be0000000 ---p 00000000 00:00 0 
7f0be2ffe000-7f0be3001000 ---p 00000000 00:00 0 
7f0be3001000-7f0be37ff000 rw-p 00000000 00:00 0 
7f0be37ff000-7f0be3802000 ---p 00000000 00:00 0 
7f0be3802000-7f0be4000000 rw-p 00000000 00:00 0 
7f0be4000000-7f0be461f000 rw-p 00000000 00:00 0 
7f0be461f000-7f0be8000000 ---p 00000000 00:00 0 
7f0be8000000-7f0be861e000 rw-p 00000000 00:00 0 
7f0be861e000-7f0bec000000 ---p 00000000 00:00 0 
7f0bec000000-7f0bec629000 rw-p 00000000 00:00 0 
7f0bec629000-7f0bf0000000 ---p 00000000 00:00 0 
7f0bf0000000-7f0bf0623000 rw-p 00000000 00:00 0 
7f0bf0623000-7f0bf4000000 ---p 00000000 00:00 0 
7f0bf4000000-7f0bf462e000 rw-p 00000000 00:00 0 
7f0bf462e000-7f0bf8000000 ---p 00000000 00:00 0 
7f0bf8000000-7f0bf862a000 rw-p 00000000 00:00 0 
7f0bf862a000-7f0bfc000000 ---p 00000000 00:00 0 
7f0bfc000000-7f0bfc61f000 rw-p 00000000 00:00 0 
7f0bfc61f000-7f0c00000000 ---p 00000000 00:00 0 
7f0c007f9000-7f0c007fc000 ---p 00000000 00:00 0 
7f0c007fc000-7f0c00ffa000 rw-p 00000000 00:00 0 
7f0c00ffa000-7f0c00ffd000 ---p 00000000 00:00 0 
7f0c00ffd000-7f0c017fb000 rw-p 00000000 00:00 0 
7f0c017fb000-7f0c017fe000 ---p 00000000 00:00 0 
7f0c017fe000-7f0c01ffc000 rw-p 00000000 00:00 0 
7f0c01ffc000-7f0c01fff000 ---p 00000000 00:00 0 
7f0c01fff000-7f0c027fd000 rw-p 00000000 00:00 0 
7f0c027fd000-7f0c02800000 ---p 00000000 00:00 0 
7f0c02800000-7f0c02ffe000 rw-p 00000000 00:00 0 
7f0c02ffe000-7f0c03001000 ---p 00000000 00:00 0 
7f0c03001000-7f0c037ff000 rw-p 00000000 00:00 0 
7f0c037ff000-7f0c03802000 ---p 00000000 00:00 0 
7f0c03802000-7f0c04000000 rw-p 00000000 00:00 0 
7f0c04000000-7f0c04621000 rw-p 00000000 00:00 0 
7f0c04621000-7f0c08000000 ---p 00000000 00:00 0 
7f0c08000000-7f0c0861d000 rw-p 00000000 00:00 0 
7f0c0861d000-7f0c0c000000 ---p 00000000 00:00 0 
7f0c0c000000-7f0c0c621000 rw-p 00000000 00:00 0 
7f0c0c621000-7f0c10000000 ---p 00000000 00:00 0 
7f0c10000000-7f0c10622000 rw-p 00000000 00:00 0 
7f0c10622000-7f0c14000000 ---p 00000000 00:00 0 
7f0c14000000-7f0c14620000 rw-p 00000000 00:00 0 
7f0c14620000-7f0c18000000 ---p 00000000 00:00 0 
7f0c18000000-7f0c18620000 rw-p 00000000 00:00 0 
7f0c18620000-7f0c1c000000 ---p 00000000 00:00 0 
7f0c1c000000-7f0c1c623000 rw-p 00000000 00:00 0 
7f0c1c623000-7f0c20000000 ---p 00000000 00:00 0 
7f0c20000000-7f0c20021000 rw-p 00000000 00:00 0 
7f0c20021000-7f0c24000000 ---p 00000000 00:00 0 
7f0c243de000-7f0c243e1000 ---p 00000000 00:00 0 
7f0c243e1000-7f0c244df000 rw-p 00000000 00:00 0 
7f0c244df000-7f0c244e2000 ---p 00000000 00:00 0 
7f0c244e2000-7f0c245e0000 rw-p 00000000 00:00 0 
7f0c245e0000-7f0c245e3000 ---p 00000000 00:00 0 
7f0c245e3000-7f0c24de1000 rw-p 00000000 00:00 0 
7f0c24de1000-7f0c24de4000 ---p 00000000 00:00 0 
7f0c24de4000-7f0c255e2000 rw-p 00000000 00:00 0 
7f0c255e2000-7f0c255e5000 ---p 00000000 00:00 0 
7f0c255e5000-7f0c25de3000 rw-p 00000000 00:00 0 
7f0c25de3000-7f0c25de6000 ---p 00000000 00:00 0 
7f0c25de6000-7f0c265e4000 rw-p 00000000 00:00 0 
7f0c265e4000-7f0c265e7000 ---p 00000000 00:00 0 
7f0c265e7000-7f0c26de5000 rw-p 00000000 00:00 0 
7f0c26de5000-7f0c26de8000 ---p 00000000 00:00 0 
7f0c26de8000-7f0c275e6000 rw-p 00000000 00:00 0 
7f0c275e6000-7f0c275e9000 ---p 00000000 00:00 0 
7f0c275e9000-7f0c27de7000 rw-p 00000000 00:00 0 
7f0c27de7000-7f0c27dff000 r-xp 00000000 08:01 2359394                    /tmp/simgrid-java6690203965122797098/libsimgrid-java.so (deleted)
7f0c27dff000-7f0c27fff000 ---p 00018000 08:01 2359394                    /tmp/simgrid-java6690203965122797098/libsimgrid-java.so (deleted)
7f0c27fff000-7f0c28000000 rw-p 00018000 08:01 2359394                    /tmp/simgrid-java6690203965122797098/libsimgrid-java.so (deleted)
7f0c28000000-7f0c28424000 rw-p 00000000 00:00 0 
7f0c28424000-7f0c2c000000 ---p 00000000 00:00 0 
7f0c2c000000-7f0c2c021000 rw-p 00000000 00:00 0 
7f0c2c021000-7f0c30000000 ---p 00000000 00:00 0 
7f0c30000000-7f0c3077b000 rw-p 00000000 00:00 0 
7f0c3077b000-7f0c34000000 ---p 00000000 00:00 0 
7f0c34000000-7f0c3589b000 rw-p 00000000 00:00 0 
7f0c3589b000-7f0c38000000 ---p 00000000 00:00 0 
7f0c38000000-7f0c38021000 rw-p 00000000 00:00 0 
7f0c38021000-7f0c3c000000 ---p 00000000 00:00 0 
7f0c3c000000-7f0c3c021000 rw-p 00000000 00:00 0 
7f0c3c021000-7f0c40000000 ---p 00000000 00:00 0 
7f0c40000000-7f0c40021000 rw-p 00000000 00:00 0 
7f0c40021000-7f0c44000000 ---p 00000000 00:00 0 
7f0c44000000-7f0c44021000 rw-p 00000000 00:00 0 
7f0c44021000-7f0c48000000 ---p 00000000 00:00 0 
7f0c48000000-7f0c48021000 rw-p 00000000 00:00 0 
7f0c48021000-7f0c4c000000 ---p 00000000 00:00 0 
7f0c4c000000-7f0c4c021000 rw-p 00000000 00:00 0 
7f0c4c021000-7f0c50000000 ---p 00000000 00:00 0 
7f0c50000000-7f0c50021000 rw-p 00000000 00:00 0 
7f0c50021000-7f0c54000000 ---p 00000000 00:00 0 
7f0c5406d000-7f0c54083000 r-xp 00000000 08:01 3936627                    /lib/x86_64-linux-gnu/libgcc_s.so.1
7f0c54083000-7f0c54282000 ---p 00016000 08:01 3936627                    /lib/x86_64-linux-gnu/libgcc_s.so.1
7f0c54282000-7f0c54283000 rw-p 00015000 08:01 3936627                    /lib/x86_64-linux-gnu/libgcc_s.so.1
7f0c54283000-7f0c543f5000 r-xp 00000000 08:01 23332798                   /usr/lib/x86_64-linux-gnu/libstdc++.so.6.0.21
7f0c543f5000-7f0c545f5000 ---p 00172000 08:01 23332798                   /usr/lib/x86_64-linux-gnu/libstdc++.so.6.0.21
7f0c545f5000-7f0c545ff000 r--p 00172000 08:01 23332798                   /usr/lib/x86_64-linux-gnu/libstdc++.so.6.0.21
7f0c545ff000-7f0c54601000 rw-p 0017c000 08:01 23332798                   /usr/lib/x86_64-linux-gnu/libstdc++.so.6.0.21
7f0c54601000-7f0c54605000 rw-p 00000000 00:00 0 
7f0c54605000-7f0c548ca000 r-xp 00000000 08:01 2359391                    /tmp/simgrid-java6690203965122797098/libsimgrid.so (deleted)
7f0c548ca000-7f0c54aca000 ---p 002c5000 08:01 2359391                    /tmp/simgrid-java6690203965122797098/libsimgrid.so (deleted)
7f0c54aca000-7f0c54b05000 rw-p 002c5000 08:01 2359391                    /tmp/simgrid-java6690203965122797098/libsimgrid.so (deleted)
7f0c54b05000-7f0c54e0e000 rw-p 00000000 00:00 0 
7f0c54e0e000-7f0c56260000 r--p 00000000 08:01 23331759                   /usr/lib/locale/locale-archive
7f0c56260000-7f0c58000000 rw-p 00000000 00:00 0 
7f0c58000000-7f0c58021000 rw-p 00000000 00:00 0 
7f0c58021000-7f0c5c000000 ---p 00000000 00:00 0 
7f0c5c0cd000-7f0c5c0e3000 r-xp 00000000 08:01 8783936                    /home/elixandrebaldi/jdk1.8.0_111/jre/lib/amd64/libnet.so
7f0c5c0e3000-7f0c5c2e3000 ---p 00016000 08:01 8783936                    /home/elixandrebaldi/jdk1.8.0_111/jre/lib/amd64/libnet.so
7f0c5c2e3000-7f0c5c2e4000 rw-p 00016000 08:01 8783936                    /home/elixandrebaldi/jdk1.8.0_111/jre/lib/amd64/libnet.so
7f0c5c2e4000-7f0c5c2f5000 r-xp 00000000 08:01 8783935                    /home/elixandrebaldi/jdk1.8.0_111/jre/lib/amd64/libnio.so
7f0c5c2f5000-7f0c5c4f4000 ---p 00011000 08:01 8783935                    /home/elixandrebaldi/jdk1.8.0_111/jre/lib/amd64/libnio.so
7f0c5c4f4000-7f0c5c4f5000 rw-p 00010000 08:01 8783935                    /home/elixandrebaldi/jdk1.8.0_111/jre/lib/amd64/libnio.so
7f0c5c4f5000-7f0c5c4f6000 ---p 00000000 00:00 0 
7f0c5c4f6000-7f0c5c5f6000 rw-p 00000000 00:00 0 
7f0c5c5f6000-7f0c5c5f9000 ---p 00000000 00:00 0 
7f0c5c5f9000-7f0c5c6f7000 rw-p 00000000 00:00 0 
7f0c5c6f7000-7f0c5c6fa000 ---p 00000000 00:00 0 
7f0c5c6fa000-7f0c5c7f8000 rw-p 00000000 00:00 0 
7f0c5c7f8000-7f0c5c7fb000 ---p 00000000 00:00 0 
7f0c5c7fb000-7f0c5c8f9000 rw-p 00000000 00:00 0 
7f0c5c8f9000-7f0c5c8fc000 ---p 00000000 00:00 0 
7f0c5c8fc000-7f0c5c9fa000 rw-p 00000000 00:00 0 
7f0c5c9fa000-7f0c5c9fd000 ---p 00000000 00:00 0 
7f0c5c9fd000-7f0c5cafb000 rw-p 00000000 00:00 0 
7f0c5cafb000-7f0c5cafe000 ---p 00000000 00:00 0 
7f0c5cafe000-7f0c5cbfc000 rw-p 00000000 00:00 0 
7f0c5cbfc000-7f0c5cbff000 ---p 00000000 00:00 0 
7f0c5cbff000-7f0c5ccfd000 rw-p 00000000 00:00 0 
7f0c5ccfd000-7f0c5ccfe000 ---p 00000000 00:00 0 
7f0c5ccfe000-7f0c5d000000 rw-p 00000000 00:00 0 
7f0c5d000000-7f0c5d280000 rwxp 00000000 00:00 0 
7f0c5d280000-7f0c6c000000 ---p 00000000 00:00 0 
7f0c6c000000-7f0c6d794000 rw-p 00000000 00:00 0 
7f0c6d794000-7f0c70000000 ---p 00000000 00:00 0 
7f0c700ea000-7f0c70ea9000 rw-p 00000000 00:00 0 
7f0c70ea9000-7f0c71081000 r--s 03d2a000 08:01 8784070                    /home/elixandrebaldi/jdk1.8.0_111/jre/lib/rt.jar
7f0c71081000-7f0c71537000 rw-p 00000000 00:00 0 
7f0c71537000-7f0c718f7000 ---p 00000000 00:00 0 
7f0c718f7000-7f0c71ad1000 rw-p 00000000 00:00 0 
7f0c71ad1000-7f0c71ad2000 ---p 00000000 00:00 0 
7f0c71ad2000-7f0c71bd2000 rw-p 00000000 00:00 0 
7f0c71bd2000-7f0c71bd3000 ---p 00000000 00:00 0 
7f0c71bd3000-7f0c71cd3000 rw-p 00000000 00:00 0 
7f0c71cd3000-7f0c71cd4000 ---p 00000000 00:00 0 
7f0c71cd4000-7f0c71dd4000 rw-p 00000000 00:00 0 
7f0c71dd4000-7f0c71dd5000 ---p 00000000 00:00 0 
7f0c71dd5000-7f0c71ee9000 rw-p 00000000 00:00 0 
7f0c71ee9000-7f0c72011000 ---p 00000000 00:00 0 
7f0c72011000-7f0c72025000 rw-p 00000000 00:00 0 
7f0c72025000-7f0c7214d000 ---p 00000000 00:00 0 
7f0c7214d000-7f0c7216e000 rw-p 00000000 00:00 0 
7f0c7216e000-7f0c721eb000 ---p 00000000 00:00 0 
7f0c721eb000-7f0c721f6000 rw-p 00000000 00:00 0 
7f0c721f6000-7f0c725ac000 ---p 00000000 00:00 0 
7f0c725ac000-7f0c725c6000 r-xp 00000000 08:01 8783934                    /home/elixandrebaldi/jdk1.8.0_111/jre/lib/amd64/libzip.so
7f0c725c6000-7f0c727c6000 ---p 0001a000 08:01 8783934                    /home/elixandrebaldi/jdk1.8.0_111/jre/lib/amd64/libzip.so
7f0c727c6000-7f0c727c7000 rw-p 0001a000 08:01 8783934                    /home/elixandrebaldi/jdk1.8.0_111/jre/lib/amd64/libzip.so
7f0c727c7000-7f0c727d2000 r-xp 00000000 08:01 3932251                    /lib/x86_64-linux-gnu/libnss_files-2.23.so
7f0c727d2000-7f0c729d1000 ---p 0000b000 08:01 3932251                    /lib/x86_64-linux-gnu/libnss_files-2.23.so
7f0c729d1000-7f0c729d2000 r--p 0000a000 08:01 3932251                    /lib/x86_64-linux-gnu/libnss_files-2.23.so
7f0c729d2000-7f0c729d3000 rw-p 0000b000 08:01 3932251                    /lib/x86_64-linux-gnu/libnss_files-2.23.so
7f0c729d3000-7f0c729d9000 rw-p 00000000 00:00 0 
7f0c729d9000-7f0c729e4000 r-xp 00000000 08:01 3932244                    /lib/x86_64-linux-gnu/libnss_nis-2.23.so
7f0c729e4000-7f0c72be3000 ---p 0000b000 08:01 3932244                    /lib/x86_64-linux-gnu/libnss_nis-2.23.so
7f0c72be3000-7f0c72be4000 r--p 0000a000 08:01 3932244                    /lib/x86_64-linux-gnu/libnss_nis-2.23.so
7f0c72be4000-7f0c72be5000 rw-p 0000b000 08:01 3932244                    /lib/x86_64-linux-gnu/libnss_nis-2.23.so
7f0c72be5000-7f0c72bfb000 r-xp 00000000 08:01 3932246                    /lib/x86_64-linux-gnu/libnsl-2.23.so
7f0c72bfb000-7f0c72dfa000 ---p 00016000 08:01 3932246                    /lib/x86_64-linux-gnu/libnsl-2.23.so
7f0c72dfa000-7f0c72dfb000 r--p 00015000 08:01 3932246                    /lib/x86_64-linux-gnu/libnsl-2.23.so
7f0c72dfb000-7f0c72dfc000 rw-p 00016000 08:01 3932246                    /lib/x86_64-linux-gnu/libnsl-2.23.so
7f0c72dfc000-7f0c72dfe000 rw-p 00000000 00:00 0 
7f0c72dfe000-7f0c72e06000 r-xp 00000000 08:01 3932253                    /lib/x86_64-linux-gnu/libnss_compat-2.23.so
7f0c72e06000-7f0c73005000 ---p 00008000 08:01 3932253                    /lib/x86_64-linux-gnu/libnss_compat-2.23.so
7f0c73005000-7f0c73006000 r--p 00007000 08:01 3932253                    /lib/x86_64-linux-gnu/libnss_compat-2.23.so
7f0c73006000-7f0c73007000 rw-p 00008000 08:01 3932253                    /lib/x86_64-linux-gnu/libnss_compat-2.23.so
7f0c73007000-7f0c73032000 r-xp 00000000 08:01 8783907                    /home/elixandrebaldi/jdk1.8.0_111/jre/lib/amd64/libjava.so
7f0c73032000-7f0c73231000 ---p 0002b000 08:01 8783907                    /home/elixandrebaldi/jdk1.8.0_111/jre/lib/amd64/libjava.so
7f0c73231000-7f0c73233000 rw-p 0002a000 08:01 8783907                    /home/elixandrebaldi/jdk1.8.0_111/jre/lib/amd64/libjava.so
7f0c73233000-7f0c73240000 r-xp 00000000 08:01 8783870                    /home/elixandrebaldi/jdk1.8.0_111/jre/lib/amd64/libverify.so
7f0c73240000-7f0c7343f000 ---p 0000d000 08:01 8783870                    /home/elixandrebaldi/jdk1.8.0_111/jre/lib/amd64/libverify.so
7f0c7343f000-7f0c73441000 rw-p 0000c000 08:01 8783870                    /home/elixandrebaldi/jdk1.8.0_111/jre/lib/amd64/libverify.so
7f0c73441000-7f0c73448000 r-xp 00000000 08:01 3932254                    /lib/x86_64-linux-gnu/librt-2.23.so
7f0c73448000-7f0c73647000 ---p 00007000 08:01 3932254                    /lib/x86_64-linux-gnu/librt-2.23.so
7f0c73647000-7f0c73648000 r--p 00006000 08:01 3932254                    /lib/x86_64-linux-gnu/librt-2.23.so
7f0c73648000-7f0c73649000 rw-p 00007000 08:01 3932254                    /lib/x86_64-linux-gnu/librt-2.23.so
7f0c73649000-7f0c73751000 r-xp 00000000 08:01 3932245                    /lib/x86_64-linux-gnu/libm-2.23.so
7f0c73751000-7f0c73950000 ---p 00108000 08:01 3932245                    /lib/x86_64-linux-gnu/libm-2.23.so
7f0c73950000-7f0c73951000 r--p 00107000 08:01 3932245                    /lib/x86_64-linux-gnu/libm-2.23.so
7f0c73951000-7f0c73952000 rw-p 00108000 08:01 3932245                    /lib/x86_64-linux-gnu/libm-2.23.so
7f0c73952000-7f0c7461f000 r-xp 00000000 08:01 8783785                    /home/elixandrebaldi/jdk1.8.0_111/jre/lib/amd64/server/libjvm.so
7f0c7461f000-7f0c7481e000 ---p 00ccd000 08:01 8783785                    /home/elixandrebaldi/jdk1.8.0_111/jre/lib/amd64/server/libjvm.so
7f0c7481e000-7f0c748f7000 rw-p 00ccc000 08:01 8783785                    /home/elixandrebaldi/jdk1.8.0_111/jre/lib/amd64/server/libjvm.so
7f0c748f7000-7f0c74942000 rw-p 00000000 00:00 0 
7f0c74942000-7f0c74b01000 r-xp 00000000 08:01 3932247                    /lib/x86_64-linux-gnu/libc-2.23.so
7f0c74b01000-7f0c74d01000 ---p 001bf000 08:01 3932247                    /lib/x86_64-linux-gnu/libc-2.23.so
7f0c74d01000-7f0c74d05000 r--p 001bf000 08:01 3932247                    /lib/x86_64-linux-gnu/libc-2.23.so
7f0c74d05000-7f0c74d07000 rw-p 001c3000 08:01 3932247                    /lib/x86_64-linux-gnu/libc-2.23.so
7f0c74d07000-7f0c74d0b000 rw-p 00000000 00:00 0 
7f0c74d0b000-7f0c74d0e000 r-xp 00000000 08:01 3932243                    /lib/x86_64-linux-gnu/libdl-2.23.so
7f0c74d0e000-7f0c74f0d000 ---p 00003000 08:01 3932243                    /lib/x86_64-linux-gnu/libdl-2.23.so
7f0c74f0d000-7f0c74f0e000 r--p 00002000 08:01 3932243                    /lib/x86_64-linux-gnu/libdl-2.23.so
7f0c74f0e000-7f0c74f0f000 rw-p 00003000 08:01 3932243                    /lib/x86_64-linux-gnu/libdl-2.23.so
7f0c74f0f000-7f0c74f24000 r-xp 00000000 08:01 8783943                    /home/elixandrebaldi/jdk1.8.0_111/lib/amd64/jli/libjli.so
7f0c74f24000-7f0c75124000 ---p 00015000 08:01 8783943                    /home/elixandrebaldi/jdk1.8.0_111/lib/amd64/jli/libjli.so
7f0c75124000-7f0c75125000 rw-p 00015000 08:01 8783943                    /home/elixandrebaldi/jdk1.8.0_111/lib/amd64/jli/libjli.so
7f0c75125000-7f0c7513d000 r-xp 00000000 08:01 3932258                    /lib/x86_64-linux-gnu/libpthread-2.23.so
7f0c7513d000-7f0c7533c000 ---p 00018000 08:01 3932258                    /lib/x86_64-linux-gnu/libpthread-2.23.so
7f0c7533c000-7f0c7533d000 r--p 00017000 08:01 3932258                    /lib/x86_64-linux-gnu/libpthread-2.23.so
7f0c7533d000-7f0c7533e000 rw-p 00018000 08:01 3932258                    /lib/x86_64-linux-gnu/libpthread-2.23.so
7f0c7533e000-7f0c75342000 rw-p 00000000 00:00 0 
7f0c75342000-7f0c75368000 r-xp 00000000 08:01 3932248                    /lib/x86_64-linux-gnu/ld-2.23.so
7f0c7536d000-7f0c75445000 rw-p 00000000 00:00 0 
7f0c75445000-7f0c75448000 ---p 00000000 00:00 0 
7f0c75448000-7f0c7554a000 rw-p 00000000 00:00 0 
7f0c75553000-7f0c75558000 r--s 00096000 08:01 8783911                    /home/elixandrebaldi/jdk1.8.0_111/jre/lib/jsse.jar
7f0c75558000-7f0c7555b000 r--s 00f76000 08:01 8524426                    /home/elixandrebaldi/Documentos/VCubeDHT/simgrid.jar
7f0c7555b000-7f0c75563000 rw-s 00000000 08:01 2359380                    /tmp/hsperfdata_elixandrebaldi/5424 (deleted)
7f0c75563000-7f0c75564000 rw-p 00000000 00:00 0 
7f0c75564000-7f0c75565000 ---p 00000000 00:00 0 
7f0c75565000-7f0c75567000 rw-p 00000000 00:00 0 
7f0c75567000-7f0c75568000 r--p 00025000 08:01 3932248                    /lib/x86_64-linux-gnu/ld-2.23.so
7f0c75568000-7f0c75569000 rw-p 00026000 08:01 3932248                    /lib/x86_64-linux-gnu/ld-2.23.so
7f0c75569000-7f0c7556a000 rw-p 00000000 00:00 0 
7ffcefa2d000-7ffcefa4e000 rw-p 00000000 00:00 0                          [stack]
7ffcefb3c000-7ffcefb3e000 r--p 00000000 00:00 0                          [vvar]
7ffcefb3e000-7ffcefb40000 r-xp 00000000 00:00 0                          [vdso]
ffffffffff600000-ffffffffff601000 r-xp 00000000 00:00 0                  [vsyscall]

VM Arguments:
jvm_args: -Dfile.encoding=UTF-8 
java_command: vcube.VCube platform.xml deployment.xml
java_class_path (initial): /home/elixandrebaldi/Documentos/VCubeDHT/simgrid.jar:/home/elixandrebaldi/Documentos/VCubeDHT/VCube/build/classes
Launcher Type: SUN_STANDARD

Environment Variables:
PATH=/home/elixandrebaldi/bin:/home/elixandrebaldi/.local/bin:/usr/local/sbin:/usr/local/bin:/usr/sbin:/usr/bin:/sbin:/bin:/usr/games:/usr/local/games
LD_LIBRARY_PATH=/home/elixandrebaldi/jdk1.8.0_111/jre/lib/amd64:/home/elixandrebaldi/jdk1.8.0_111/jre/lib/i386:
SHELL=/bin/bash
DISPLAY=:0

Signal Handlers:
SIGSEGV: [libjvm.so+0xac64b0], sa_mask[0]=11111111011111111101111111111110, sa_flags=SA_RESTART|SA_SIGINFO
SIGBUS: [libjvm.so+0xac64b0], sa_mask[0]=11111111011111111101111111111110, sa_flags=SA_RESTART|SA_SIGINFO
SIGFPE: [libjvm.so+0x91f950], sa_mask[0]=11111111011111111101111111111110, sa_flags=SA_RESTART|SA_SIGINFO
SIGPIPE: [libjvm.so+0x91f950], sa_mask[0]=11111111011111111101111111111110, sa_flags=SA_RESTART|SA_SIGINFO
SIGXFSZ: [libjvm.so+0x91f950], sa_mask[0]=11111111011111111101111111111110, sa_flags=SA_RESTART|SA_SIGINFO
SIGILL: [libjvm.so+0x91f950], sa_mask[0]=11111111011111111101111111111110, sa_flags=SA_RESTART|SA_SIGINFO
SIGUSR1: SIG_DFL, sa_mask[0]=00000000000000000000000000000000, sa_flags=none
SIGUSR2: [libjvm.so+0x920f80], sa_mask[0]=00100000000000000000000000000000, sa_flags=SA_RESTART|SA_SIGINFO
SIGHUP: [libjvm.so+0x922380], sa_mask[0]=11111111011111111101111111111110, sa_flags=SA_RESTART|SA_SIGINFO
SIGINT: [libsimgrid.so+0x8ff50], sa_mask[0]=01000000000000000000000000000000, sa_flags=SA_RESTART
SIGTERM: [libjvm.so+0x922380], sa_mask[0]=11111111011111111101111111111110, sa_flags=SA_RESTART|SA_SIGINFO
SIGQUIT: [libjvm.so+0x922380], sa_mask[0]=11111111011111111101111111111110, sa_flags=SA_RESTART|SA_SIGINFO


---------------  S Y S T E M  ---------------

OS:DISTRIB_ID="elementary"
DISTRIB_RELEASE=0.4.1
DISTRIB_CODENAME=loki
DISTRIB_DESCRIPTION="elementary OS 0.4.1 Loki"

uname:Linux 4.4.0-79-generic #100-Ubuntu SMP Wed May 17 19:58:14 UTC 2017 x86_64
libc:glibc 2.23 NPTL 2.23 
rlimit: STACK 8192k, CORE 0k, NPROC 14991, NOFILE 65536, AS infinity
load average:1.19 0.58 0.80

/proc/meminfo:
MemTotal:        3878592 kB
MemFree:          224696 kB
MemAvailable:    1160312 kB
Buffers:          149388 kB
Cached:          1120416 kB
SwapCached:         3548 kB
Active:          2455116 kB
Inactive:         938004 kB
Active(anon):    1746128 kB
Inactive(anon):   568408 kB
Active(file):     708988 kB
Inactive(file):   369596 kB
Unevictable:          48 kB
Mlocked:              48 kB
SwapTotal:       4025340 kB
SwapFree:        4010056 kB
Dirty:             12212 kB
Writeback:             0 kB
AnonPages:       2119832 kB
Mapped:           409944 kB
Shmem:            191220 kB
Slab:             154268 kB
SReclaimable:     119052 kB
SUnreclaim:        35216 kB
KernelStack:        9440 kB
PageTables:        37048 kB
NFS_Unstable:          0 kB
Bounce:                0 kB
WritebackTmp:          0 kB
CommitLimit:     5964636 kB
Committed_AS:    6305704 kB
VmallocTotal:   34359738367 kB
VmallocUsed:           0 kB
VmallocChunk:          0 kB
HardwareCorrupted:     0 kB
AnonHugePages:    802816 kB
CmaTotal:              0 kB
CmaFree:               0 kB
HugePages_Total:       0
HugePages_Free:        0
HugePages_Rsvd:        0
HugePages_Surp:        0
Hugepagesize:       2048 kB
DirectMap4k:      156408 kB
DirectMap2M:     3870720 kB


CPU:total 4 (2 cores per cpu, 2 threads per core) family 6 model 58 stepping 9, cmov, cx8, fxsr, mmx, sse, sse2, sse3, ssse3, sse4.1, sse4.2, popcnt, avx, clmul, erms, ht, tsc, tscinvbit, tscinv

/proc/cpuinfo:
processor	: 0
vendor_id	: GenuineIntel
cpu family	: 6
model		: 58
model name	: Intel(R) Core(TM) i7-3517U CPU @ 1.90GHz
stepping	: 9
microcode	: 0x12
cpu MHz		: 2796.937
cache size	: 4096 KB
physical id	: 0
siblings	: 4
core id		: 0
cpu cores	: 2
apicid		: 0
initial apicid	: 0
fpu		: yes
fpu_exception	: yes
cpuid level	: 13
wp		: yes
flags		: fpu vme de pse tsc msr pae mce cx8 apic sep mtrr pge mca cmov pat pse36 clflush dts acpi mmx fxsr sse sse2 ss ht tm pbe syscall nx rdtscp lm constant_tsc arch_perfmon pebs bts rep_good nopl xtopology nonstop_tsc aperfmperf eagerfpu pni pclmulqdq dtes64 monitor ds_cpl vmx est tm2 ssse3 cx16 xtpr pdcm pcid sse4_1 sse4_2 x2apic popcnt tsc_deadline_timer xsave avx f16c rdrand lahf_lm epb tpr_shadow vnmi flexpriority ept vpid fsgsbase smep erms xsaveopt dtherm ida arat pln pts
bugs		:
bogomips	: 4788.84
clflush size	: 64
cache_alignment	: 64
address sizes	: 36 bits physical, 48 bits virtual
power management:

processor	: 1
vendor_id	: GenuineIntel
cpu family	: 6
model		: 58
model name	: Intel(R) Core(TM) i7-3517U CPU @ 1.90GHz
stepping	: 9
microcode	: 0x12
cpu MHz		: 2763.843
cache size	: 4096 KB
physical id	: 0
siblings	: 4
core id		: 0
cpu cores	: 2
apicid		: 1
initial apicid	: 1
fpu		: yes
fpu_exception	: yes
cpuid level	: 13
wp		: yes
flags		: fpu vme de pse tsc msr pae mce cx8 apic sep mtrr pge mca cmov pat pse36 clflush dts acpi mmx fxsr sse sse2 ss ht tm pbe syscall nx rdtscp lm constant_tsc arch_perfmon pebs bts rep_good nopl xtopology nonstop_tsc aperfmperf eagerfpu pni pclmulqdq dtes64 monitor ds_cpl vmx est tm2 ssse3 cx16 xtpr pdcm pcid sse4_1 sse4_2 x2apic popcnt tsc_deadline_timer xsave avx f16c rdrand lahf_lm epb tpr_shadow vnmi flexpriority ept vpid fsgsbase smep erms xsaveopt dtherm ida arat pln pts
bugs		:
bogomips	: 4788.84
clflush size	: 64
cache_alignment	: 64
address sizes	: 36 bits physical, 48 bits virtual
power management:

processor	: 2
vendor_id	: GenuineIntel
cpu family	: 6
model		: 58
model name	: Intel(R) Core(TM) i7-3517U CPU @ 1.90GHz
stepping	: 9
microcode	: 0x12
cpu MHz		: 2839.875
cache size	: 4096 KB
physical id	: 0
siblings	: 4
core id		: 1
cpu cores	: 2
apicid		: 2
initial apicid	: 2
fpu		: yes
fpu_exception	: yes
cpuid level	: 13
wp		: yes
flags		: fpu vme de pse tsc msr pae mce cx8 apic sep mtrr pge mca cmov pat pse36 clflush dts acpi mmx fxsr sse sse2 ss ht tm pbe syscall nx rdtscp lm constant_tsc arch_perfmon pebs bts rep_good nopl xtopology nonstop_tsc aperfmperf eagerfpu pni pclmulqdq dtes64 monitor ds_cpl vmx est tm2 ssse3 cx16 xtpr pdcm pcid sse4_1 sse4_2 x2apic popcnt tsc_deadline_timer xsave avx f16c rdrand lahf_lm epb tpr_shadow vnmi flexpriority ept vpid fsgsbase smep erms xsaveopt dtherm ida arat pln pts
bugs		:
bogomips	: 4788.84
clflush size	: 64
cache_alignment	: 64
address sizes	: 36 bits physical, 48 bits virtual
power management:

processor	: 3
vendor_id	: GenuineIntel
cpu family	: 6
model		: 58
model name	: Intel(R) Core(TM) i7-3517U CPU @ 1.90GHz
stepping	: 9
microcode	: 0x12
cpu MHz		: 2897.437
cache size	: 4096 KB
physical id	: 0
siblings	: 4
core id		: 1
cpu cores	: 2
apicid		: 3
initial apicid	: 3
fpu		: yes
fpu_exception	: yes
cpuid level	: 13
wp		: yes
flags		: fpu vme de pse tsc msr pae mce cx8 apic sep mtrr pge mca cmov pat pse36 clflush dts acpi mmx fxsr sse sse2 ss ht tm pbe syscall nx rdtscp lm constant_tsc arch_perfmon pebs bts rep_good nopl xtopology nonstop_tsc aperfmperf eagerfpu pni pclmulqdq dtes64 monitor ds_cpl vmx est tm2 ssse3 cx16 xtpr pdcm pcid sse4_1 sse4_2 x2apic popcnt tsc_deadline_timer xsave avx f16c rdrand lahf_lm epb tpr_shadow vnmi flexpriority ept vpid fsgsbase smep erms xsaveopt dtherm ida arat pln pts
bugs		:
bogomips	: 4788.84
clflush size	: 64
cache_alignment	: 64
address sizes	: 36 bits physical, 48 bits virtual
power management:



Memory: 4k page, physical 3878592k(224696k free), swap 4025340k(4010056k free)

vm_info: Java HotSpot(TM) 64-Bit Server VM (25.111-b14) for linux-amd64 JRE (1.8.0_111-b14), built on Sep 22 2016 16:14:03 by "java_re" with gcc 4.3.0 20080428 (Red Hat 4.3.0-8)

time: Mon Jun 12 14:02:15 2017
elapsed time: 9 seconds (0d 0h 0m 9s)

