#
# A fatal error has been detected by the Java Runtime Environment:
#
#  SIGSEGV (0xb) at pc=0x00007fdd7f987263, pid=3707, tid=140589938116352
#
# JRE version: Java(TM) SE Runtime Environment (7.0_80-b15) (build 1.7.0_80-b15)
# Java VM: Java HotSpot(TM) 64-Bit Server VM (24.80-b11 mixed mode linux-amd64 compressed oops)
# Problematic frame:
# C  [libsimgrid.so+0x190263]  xbt_dynar_member+0x23
#
# Failed to write core dump. Core dumps have been disabled. To enable core dumping, try "ulimit -c unlimited" before starting Java again
#
# If you would like to submit a bug report, please visit:
#   http://bugreport.java.com/bugreport/crash.jsp
#

---------------  T H R E A D  ---------------

Current thread (0x00007fddb806a000):  VMThread [stack: 0x00007fdda5420000,0x00007fdda5521000] [id=3717]

siginfo:si_signo=SIGSEGV: si_errno=0, si_code=1 (SEGV_MAPERR), si_addr=0x0000000000000000

Registers:
RAX=0x0000000000000000, RBX=0x00007fdd7fcf3700, RCX=0x00007fddb81628e0, RDX=0x00007fdda5520a30
RSP=0x00007fdda551f590, RBP=0x00007fddb815caa0, RSI=0x00007fdda551f738, RDI=0x00007fdda551f650
R8 =0x00007fddb8153ab0, R9 =0x0000000000000000, R10=0x0000000000000c58, R11=0x00007fdd7f987240
R12=0x00007fdd7fcfe790, R13=0x00007fddb813cb10, R14=0x00000000000003d8, R15=0x00007fddb8027e58
RIP=0x00007fdd7f987263, EFLAGS=0x0000000000010206, CSGSFS=0x0000000000000033, ERR=0x0000000000000004
  TRAPNO=0x000000000000000e

Top of Stack: (sp=0x00007fdda551f590)
0x00007fdda551f590:   00007fddb813b4b0 00007fdda551f5b0
0x00007fdda551f5a0:   00007fddb8153b20 00007fdda551f738
0x00007fdda551f5b0:   00000000ffffffff 0000000000000008
0x00007fdda551f5c0:   00007fdd7f810628 00007fddb813b4b0
0x00007fdda551f5d0:   00007fddb5067340 00007fddb813b810
0x00007fdda551f5e0:   00007fdda551f730 0000000000000000
0x00007fdda551f5f0:   0000000000000005 0000000000000000
0x00007fdda551f600:   00007fdda551f758 00007fddbedaec11
0x00007fdda551f610:   0000000000000000 0000000000000000
0x00007fdda551f620:   0000000000000005 00007fdd7fcc2de8
0x00007fdda551f630:   00007fdd7fcfe790 00007fddb813cb10
0x00007fdda551f640:   00000000000003d8 00007fddb8027e58
0x00007fdda551f650:   0000000000000000 00007fddbedb39ad
0x00007fdda551f660:   0000000000000005 0000000000000000
0x00007fdda551f670:   00007fddb813b4b0 00007fdd7f810628
0x00007fdda551f680:   00007fdd7fcf3700 00007fddb815caa0
0x00007fdda551f690:   00007fdd7fcfe790 00007fddbedbaf30
0x00007fdda551f6a0:   00007fdd7f800308 00007fddb813b4b0
0x00007fdda551f6b0:   0000000000000a3d 00000000240c478e
0x00007fdda551f6c0:   0000000000000000 00007fddb806ac00
0x00007fdda551f6d0:   00007fddb806ac00 00007fdda551f7a0
0x00007fdda551f6e0:   00007fddb81628e0 00007fddb81628e0
0x00007fdda551f6f0:   0000000000000001 00007fdda551f738
0x00007fdda551f700:   00007fddb8153b20 00007fddb8153ab0
0x00007fdda551f710:   0000000000000000 00007fddb813b4b0
0x00007fdda551f720:   00007fdd7fcf3700 00007fdd7f9a434f
0x00007fdda551f730:   0000000000000000 00007fddb81628e0
0x00007fdda551f740:   0000000000000005 0000000000000000
0x00007fdda551f750:   00007fddb8027e58 00007fdd7fcf6a98
0x00007fdda551f760:   00007fddb8155d10 0000000000000001
0x00007fdda551f770:   00007fddb813cb10 00007fdd7f985d37
0x00007fdda551f780:   00007fddb813cb10 00007fdd7fcf6098 

Instructions: (pc=0x00007fdd7f987263)
0x00007fdd7f987243:   ec 90 01 00 00 48 8b 05 01 a2 33 00 48 89 7c 24
0x00007fdd7f987253:   10 48 89 74 24 18 ff 10 48 8d bc 24 c0 00 00 00
0x00007fdd7f987263:   48 8b 08 48 89 04 24 48 89 38 48 89 4c 24 08 e8
0x00007fdd7f987273:   79 31 ed ff 85 c0 74 75 48 8b 14 24 c7 42 08 01 

Register to memory mapping:

RAX=0x0000000000000000 is an unknown value
RBX=0x00007fdd7fcf3700: _simgrid_log_category__simix_process+0 in /tmp/simgrid-java8565257608149026603/libsimgrid.so at 0x00007fdd7f7f7000
RCX=0x00007fddb81628e0 is an unknown value
RDX=0x00007fdda5520a30 is an unknown value
RSP=0x00007fdda551f590 is an unknown value
RBP=0x00007fddb815caa0 is an unknown value
RSI=0x00007fdda551f738 is an unknown value
RDI=0x00007fdda551f650 is an unknown value
R8 =0x00007fddb8153ab0 is an unknown value
R9 =0x0000000000000000 is an unknown value
R10=0x0000000000000c58 is an unknown value
R11=0x00007fdd7f987240: xbt_dynar_member+0 in /tmp/simgrid-java8565257608149026603/libsimgrid.so at 0x00007fdd7f7f7000
R12=0x00007fdd7fcfe790: simix_global+0 in /tmp/simgrid-java8565257608149026603/libsimgrid.so at 0x00007fdd7f7f7000
R13=0x00007fddb813cb10 is an unknown value
R14=0x00000000000003d8 is an unknown value
R15=0x00007fddb8027e58 is an unknown value


Stack: [0x00007fdda5420000,0x00007fdda5521000],  sp=0x00007fdda551f590,  free space=1021k
Native frames: (J=compiled Java code, j=interpreted, Vv=VM code, C=native code)
C  [libsimgrid.so+0x190263]  xbt_dynar_member+0x23

VM_Operation (0x00007fdda420c430): Exit, mode: safepoint, requested by thread 0x00007fdd94001000


---------------  P R O C E S S  ---------------

Java Threads: ( => current thread )
  0x00007fdd94001000 JavaThread "SIGTERM handler" daemon [_thread_blocked, id=3733, stack(0x00007fdda410d000,0x00007fdda420e000)]
  0x00007fdd5c001000 JavaThread "Thread-7" [_thread_in_native, id=3730, stack(0x00007fdd7c03f000,0x00007fdd7c840000)]
  0x00007fdd58001000 JavaThread "Thread-6" [_thread_in_native, id=3729, stack(0x00007fdd7c840000,0x00007fdd7d041000)]
  0x00007fdd6c001000 JavaThread "Thread-8" [_thread_in_native, id=3732, stack(0x00007fdd76ffe000,0x00007fdd777ff000)]
  0x00007fdd64001000 JavaThread "Thread-3" [_thread_in_native, id=3727, stack(0x00007fdd7d842000,0x00007fdd7e043000)]
  0x00007fdd70001000 JavaThread "Thread-1" [_thread_in_native, id=3731, stack(0x00007fdd777ff000,0x00007fdd78000000)]
  0x00007fdd78001000 JavaThread "Thread-2" [_thread_blocked, id=3725, stack(0x00007fdd7e844000,0x00007fdd7f045000)]
  0x00007fdd60001000 JavaThread "Thread-4" [_thread_in_native, id=3728, stack(0x00007fdd7d041000,0x00007fdd7d842000)]
  0x00007fdd68001000 JavaThread "Thread-5" [_thread_in_native, id=3726, stack(0x00007fdd7e043000,0x00007fdd7e844000)]
  0x00007fddb80a1000 JavaThread "Service Thread" daemon [_thread_blocked, id=3723, stack(0x00007fdda4737000,0x00007fdda4838000)]
  0x00007fddb809e800 JavaThread "C2 CompilerThread1" daemon [_thread_blocked, id=3722, stack(0x00007fdda4838000,0x00007fdda4939000)]
  0x00007fddb809b800 JavaThread "C2 CompilerThread0" daemon [_thread_blocked, id=3721, stack(0x00007fdda4939000,0x00007fdda4a3a000)]
  0x00007fddb8070800 JavaThread "Finalizer" daemon [_thread_blocked, id=3719, stack(0x00007fdda521e000,0x00007fdda531f000)]
  0x00007fddb806e000 JavaThread "Reference Handler" daemon [_thread_blocked, id=3718, stack(0x00007fdda531f000,0x00007fdda5420000)]
  0x00007fddb8009800 JavaThread "main" [_thread_in_native, id=3709, stack(0x00007fddbeea7000,0x00007fddbefa8000)]

Other Threads:
=>0x00007fddb806a000 VMThread [stack: 0x00007fdda5420000,0x00007fdda5521000] [id=3717]

VM state:at safepoint (shutting down)

VM Mutex/Monitor currently owned by a thread:  ([mutex/lock_event])
[0x00007fddb80061b0] Threads_lock - owner thread: 0x00007fddb806a000

Heap
 PSYoungGen      total 17920K, used 9525K [0x00000000ec400000, 0x00000000ed800000, 0x0000000100000000)
  eden space 15360K, 62% used [0x00000000ec400000,0x00000000ecd4d640,0x00000000ed300000)
  from space 2560K, 0% used [0x00000000ed580000,0x00000000ed580000,0x00000000ed800000)
  to   space 2560K, 0% used [0x00000000ed300000,0x00000000ed300000,0x00000000ed580000)
 ParOldGen       total 40448K, used 0K [0x00000000c4c00000, 0x00000000c7380000, 0x00000000ec400000)
  object space 40448K, 0% used [0x00000000c4c00000,0x00000000c4c00000,0x00000000c7380000)
 PSPermGen       total 21504K, used 3903K [0x00000000bfa00000, 0x00000000c0f00000, 0x00000000c4c00000)
  object space 21504K, 18% used [0x00000000bfa00000,0x00000000bfdcfd08,0x00000000c0f00000)

Card table byte_map: [0x00007fddb4dfc000,0x00007fddb5000000] byte_map_base: 0x00007fddb47ff000

Polling page: 0x00007fddbefc4000

Code Cache  [0x00007fddb5000000, 0x00007fddb5270000, 0x00007fddb8000000)
 total_blobs=241 nmethods=32 adapters=163 free_code_cache=48713Kb largest_free_block=49865984

Compilation events (10 events):
Event: 1.082 Thread 0x00007fddb809e800   28             java.lang.StringBuilder::append (8 bytes)
Event: 1.082 Thread 0x00007fddb809b800   29             java.lang.AbstractStringBuilder::append (62 bytes)
Event: 1.095 Thread 0x00007fddb809e800 nmethod 28 0x00007fddb506bbd0 code [0x00007fddb506bd40, 0x00007fddb506c398]
Event: 1.097 Thread 0x00007fddb809b800 nmethod 29 0x00007fddb506fb10 code [0x00007fddb506fc80, 0x00007fddb50702f8]
Event: 1.578 Thread 0x00007fddb809e800   30             org.simgrid.msg.Task::getName (5 bytes)
Event: 1.578 Thread 0x00007fddb809e800 nmethod 30 0x00007fddb50697d0 code [0x00007fddb5069900, 0x00007fddb5069958]
Event: 1.765 Thread 0x00007fddb809b800   31             java.lang.AbstractStringBuilder::append (144 bytes)
Event: 1.777 Thread 0x00007fddb809b800 nmethod 31 0x00007fddb5070750 code [0x00007fddb50708c0, 0x00007fddb5070eb8]
Event: 1.786 Thread 0x00007fddb809e800   32             java.util.regex.Pattern$Slice::match (79 bytes)
Event: 1.795 Thread 0x00007fddb809e800 nmethod 32 0x00007fddb5071290 code [0x00007fddb5071400, 0x00007fddb5071838]

GC Heap History (0 events):
No events

Deoptimization events (0 events):
No events

Internal exceptions (10 events):
Event: 2.000 Thread 0x00007fdd60001000 Threw 0x00000000eca97df0 at /HUDSON/workspace/7u-2-build-linux-amd64/jdk7u80/2329/hotspot/src/share/vm/prims/jni.cpp:743
Event: 2.003 Thread 0x00007fdd78001000 Threw 0x00000000ecb66df0 at /HUDSON/workspace/7u-2-build-linux-amd64/jdk7u80/2329/hotspot/src/share/vm/prims/jni.cpp:743
Event: 2.003 Thread 0x00007fdd70001000 Threw 0x00000000ecae5738 at /HUDSON/workspace/7u-2-build-linux-amd64/jdk7u80/2329/hotspot/src/share/vm/prims/jni.cpp:743
Event: 2.003 Thread 0x00007fdd5c001000 Threw 0x00000000ecb31230 at /HUDSON/workspace/7u-2-build-linux-amd64/jdk7u80/2329/hotspot/src/share/vm/prims/jni.cpp:743
Event: 2.005 Thread 0x00007fdd60001000 Threw 0x00000000eca99e38 at /HUDSON/workspace/7u-2-build-linux-amd64/jdk7u80/2329/hotspot/src/share/vm/prims/jni.cpp:743
Event: 2.006 Thread 0x00007fdd78001000 Threw 0x00000000ecb68e38 at /HUDSON/workspace/7u-2-build-linux-amd64/jdk7u80/2329/hotspot/src/share/vm/prims/jni.cpp:743
Event: 2.007 Thread 0x00007fdd70001000 Threw 0x00000000ecb811b8 at /HUDSON/workspace/7u-2-build-linux-amd64/jdk7u80/2329/hotspot/src/share/vm/prims/jni.cpp:743
Event: 2.007 Thread 0x00007fdd5c001000 Threw 0x00000000ecb33278 at /HUDSON/workspace/7u-2-build-linux-amd64/jdk7u80/2329/hotspot/src/share/vm/prims/jni.cpp:743
Event: 2.008 Thread 0x00007fdd60001000 Threw 0x00000000ecbcf338 at /HUDSON/workspace/7u-2-build-linux-amd64/jdk7u80/2329/hotspot/src/share/vm/prims/jni.cpp:743
Event: 2.009 Thread 0x00007fdd78001000 Threw 0x00000000ecb6ae80 at /HUDSON/workspace/7u-2-build-linux-amd64/jdk7u80/2329/hotspot/src/share/vm/prims/jni.cpp:743

Events (10 events):
Event: 2.020 loading class 0x00007fdd8c0358a0
Event: 2.020 loading class 0x00007fdd8c0358a0 done
Event: 2.020 loading class 0x00007fdd8c035870
Event: 2.020 loading class 0x00007fdd8c035830
Event: 2.020 loading class 0x00007fdd8c035830 done
Event: 2.020 loading class 0x00007fdd8c035870 done
Event: 2.020 Thread 0x00007fdd50001000 Thread added: 0x00007fdd50001000
Event: 2.021 Thread 0x00007fddb8099800 Thread exited: 0x00007fddb8099800
Event: 2.021 Thread 0x00007fdd50001000 Thread exited: 0x00007fdd50001000
Event: 2.022 Executing VM operation: Exit


Dynamic libraries:
00400000-00401000 r-xp 00000000 08:07 663942                             /home/elixandre/jdk1.7.0_80/bin/java
00600000-00601000 rw-p 00000000 08:07 663942                             /home/elixandre/jdk1.7.0_80/bin/java
007db000-007fc000 rw-p 00000000 00:00 0                                  [heap]
bfa00000-c0f00000 rw-p 00000000 00:00 0 
c0f00000-c4c00000 rw-p 00000000 00:00 0 
c4c00000-c7380000 rw-p 00000000 00:00 0 
c7380000-ec400000 rw-p 00000000 00:00 0 
ec400000-ed800000 rw-p 00000000 00:00 0 
ed800000-100000000 rw-p 00000000 00:00 0 
7fdd50000000-7fdd50021000 rw-p 00000000 00:00 0 
7fdd50021000-7fdd54000000 ---p 00000000 00:00 0 
7fdd54000000-7fdd54021000 rw-p 00000000 00:00 0 
7fdd54021000-7fdd58000000 ---p 00000000 00:00 0 
7fdd58000000-7fdd580a0000 rw-p 00000000 00:00 0 
7fdd580a0000-7fdd5c000000 ---p 00000000 00:00 0 
7fdd5c000000-7fdd5c09f000 rw-p 00000000 00:00 0 
7fdd5c09f000-7fdd60000000 ---p 00000000 00:00 0 
7fdd60000000-7fdd6009f000 rw-p 00000000 00:00 0 
7fdd6009f000-7fdd64000000 ---p 00000000 00:00 0 
7fdd64000000-7fdd6409c000 rw-p 00000000 00:00 0 
7fdd6409c000-7fdd68000000 ---p 00000000 00:00 0 
7fdd68000000-7fdd6809c000 rw-p 00000000 00:00 0 
7fdd6809c000-7fdd6c000000 ---p 00000000 00:00 0 
7fdd6c000000-7fdd6c09f000 rw-p 00000000 00:00 0 
7fdd6c09f000-7fdd70000000 ---p 00000000 00:00 0 
7fdd70000000-7fdd7009f000 rw-p 00000000 00:00 0 
7fdd7009f000-7fdd74000000 ---p 00000000 00:00 0 
7fdd76ffe000-7fdd77001000 ---p 00000000 00:00 0 
7fdd77001000-7fdd777ff000 rw-p 00000000 00:00 0 
7fdd777ff000-7fdd77802000 ---p 00000000 00:00 0 
7fdd77802000-7fdd78000000 rw-p 00000000 00:00 0 
7fdd78000000-7fdd780b5000 rw-p 00000000 00:00 0 
7fdd780b5000-7fdd7c000000 ---p 00000000 00:00 0 
7fdd7c03f000-7fdd7c042000 ---p 00000000 00:00 0 
7fdd7c042000-7fdd7c840000 rw-p 00000000 00:00 0 
7fdd7c840000-7fdd7c843000 ---p 00000000 00:00 0 
7fdd7c843000-7fdd7d041000 rw-p 00000000 00:00 0 
7fdd7d041000-7fdd7d044000 ---p 00000000 00:00 0 
7fdd7d044000-7fdd7d842000 rw-p 00000000 00:00 0 
7fdd7d842000-7fdd7d845000 ---p 00000000 00:00 0 
7fdd7d845000-7fdd7e043000 rw-p 00000000 00:00 0 
7fdd7e043000-7fdd7e046000 ---p 00000000 00:00 0 
7fdd7e046000-7fdd7e844000 rw-p 00000000 00:00 0 
7fdd7e844000-7fdd7e847000 ---p 00000000 00:00 0 
7fdd7e847000-7fdd7f045000 rw-p 00000000 00:00 0 
7fdd7f045000-7fdd7f05d000 r-xp 00000000 08:07 544837                     /tmp/simgrid-java8565257608149026603/libsimgrid-java.so (deleted)
7fdd7f05d000-7fdd7f25d000 ---p 00018000 08:07 544837                     /tmp/simgrid-java8565257608149026603/libsimgrid-java.so (deleted)
7fdd7f25d000-7fdd7f25e000 rw-p 00018000 08:07 544837                     /tmp/simgrid-java8565257608149026603/libsimgrid-java.so (deleted)
7fdd7f25e000-7fdd7f274000 r-xp 00000000 08:07 528568                     /lib/x86_64-linux-gnu/libgcc_s.so.1
7fdd7f274000-7fdd7f473000 ---p 00016000 08:07 528568                     /lib/x86_64-linux-gnu/libgcc_s.so.1
7fdd7f473000-7fdd7f474000 r--p 00015000 08:07 528568                     /lib/x86_64-linux-gnu/libgcc_s.so.1
7fdd7f474000-7fdd7f475000 rw-p 00016000 08:07 528568                     /lib/x86_64-linux-gnu/libgcc_s.so.1
7fdd7f475000-7fdd7f5e8000 r-xp 00000000 08:07 1059329                    /usr/lib/x86_64-linux-gnu/libstdc++.so.6.0.21
7fdd7f5e8000-7fdd7f7e7000 ---p 00173000 08:07 1059329                    /usr/lib/x86_64-linux-gnu/libstdc++.so.6.0.21
7fdd7f7e7000-7fdd7f7f1000 r--p 00172000 08:07 1059329                    /usr/lib/x86_64-linux-gnu/libstdc++.so.6.0.21
7fdd7f7f1000-7fdd7f7f3000 rw-p 0017c000 08:07 1059329                    /usr/lib/x86_64-linux-gnu/libstdc++.so.6.0.21
7fdd7f7f3000-7fdd7f7f7000 rw-p 00000000 00:00 0 
7fdd7f7f7000-7fdd7fabc000 r-xp 00000000 08:07 544835                     /tmp/simgrid-java8565257608149026603/libsimgrid.so (deleted)
7fdd7fabc000-7fdd7fcbc000 ---p 002c5000 08:07 544835                     /tmp/simgrid-java8565257608149026603/libsimgrid.so (deleted)
7fdd7fcbc000-7fdd7fcf7000 rw-p 002c5000 08:07 544835                     /tmp/simgrid-java8565257608149026603/libsimgrid.so (deleted)
7fdd7fcf7000-7fdd80000000 rw-p 00000000 00:00 0 
7fdd80000000-7fdd80021000 rw-p 00000000 00:00 0 
7fdd80021000-7fdd84000000 ---p 00000000 00:00 0 
7fdd84000000-7fdd84021000 rw-p 00000000 00:00 0 
7fdd84021000-7fdd88000000 ---p 00000000 00:00 0 
7fdd88000000-7fdd8810e000 rw-p 00000000 00:00 0 
7fdd8810e000-7fdd8c000000 ---p 00000000 00:00 0 
7fdd8c000000-7fdd8c0f5000 rw-p 00000000 00:00 0 
7fdd8c0f5000-7fdd90000000 ---p 00000000 00:00 0 
7fdd90000000-7fdd90021000 rw-p 00000000 00:00 0 
7fdd90021000-7fdd94000000 ---p 00000000 00:00 0 
7fdd94000000-7fdd94021000 rw-p 00000000 00:00 0 
7fdd94021000-7fdd98000000 ---p 00000000 00:00 0 
7fdd98000000-7fdd98021000 rw-p 00000000 00:00 0 
7fdd98021000-7fdd9c000000 ---p 00000000 00:00 0 
7fdd9c000000-7fdd9c021000 rw-p 00000000 00:00 0 
7fdd9c021000-7fdda0000000 ---p 00000000 00:00 0 
7fdda0000000-7fdda0021000 rw-p 00000000 00:00 0 
7fdda0021000-7fdda4000000 ---p 00000000 00:00 0 
7fdda400c000-7fdda400f000 ---p 00000000 00:00 0 
7fdda400f000-7fdda410d000 rw-p 00000000 00:00 0 
7fdda410d000-7fdda4110000 ---p 00000000 00:00 0 
7fdda4110000-7fdda420e000 rw-p 00000000 00:00 0 
7fdda420e000-7fdda4225000 r-xp 00000000 08:07 663689                     /home/elixandre/jdk1.7.0_80/jre/lib/amd64/libnet.so
7fdda4225000-7fdda4424000 ---p 00017000 08:07 663689                     /home/elixandre/jdk1.7.0_80/jre/lib/amd64/libnet.so
7fdda4424000-7fdda4425000 rw-p 00016000 08:07 663689                     /home/elixandre/jdk1.7.0_80/jre/lib/amd64/libnet.so
7fdda4425000-7fdda4435000 r-xp 00000000 08:07 663688                     /home/elixandre/jdk1.7.0_80/jre/lib/amd64/libnio.so
7fdda4435000-7fdda4635000 ---p 00010000 08:07 663688                     /home/elixandre/jdk1.7.0_80/jre/lib/amd64/libnio.so
7fdda4635000-7fdda4636000 rw-p 00010000 08:07 663688                     /home/elixandre/jdk1.7.0_80/jre/lib/amd64/libnio.so
7fdda4636000-7fdda4637000 ---p 00000000 00:00 0 
7fdda4637000-7fdda4737000 rw-p 00000000 00:00 0 
7fdda4737000-7fdda473a000 ---p 00000000 00:00 0 
7fdda473a000-7fdda4838000 rw-p 00000000 00:00 0 
7fdda4838000-7fdda483b000 ---p 00000000 00:00 0 
7fdda483b000-7fdda4939000 rw-p 00000000 00:00 0 
7fdda4939000-7fdda493c000 ---p 00000000 00:00 0 
7fdda493c000-7fdda4a3a000 rw-p 00000000 00:00 0 
7fdda4a3a000-7fdda4a3d000 ---p 00000000 00:00 0 
7fdda4a3d000-7fdda4b3b000 rw-p 00000000 00:00 0 
7fdda4b3b000-7fdda521e000 r--p 00000000 08:07 1055607                    /usr/lib/locale/locale-archive
7fdda521e000-7fdda5221000 ---p 00000000 00:00 0 
7fdda5221000-7fdda531f000 rw-p 00000000 00:00 0 
7fdda531f000-7fdda5322000 ---p 00000000 00:00 0 
7fdda5322000-7fdda5420000 rw-p 00000000 00:00 0 
7fdda5420000-7fdda5421000 ---p 00000000 00:00 0 
7fdda5421000-7fdda8000000 rw-p 00000000 00:00 0 
7fdda8000000-7fdda8021000 rw-p 00000000 00:00 0 
7fdda8021000-7fddac000000 ---p 00000000 00:00 0 
7fddac000000-7fddac021000 rw-p 00000000 00:00 0 
7fddac021000-7fddb0000000 ---p 00000000 00:00 0 
7fddb0000000-7fddb0021000 rw-p 00000000 00:00 0 
7fddb0021000-7fddb4000000 ---p 00000000 00:00 0 
7fddb4014000-7fddb4564000 rw-p 00000000 00:00 0 
7fddb4564000-7fddb4724000 r--s 039fb000 08:07 663892                     /home/elixandre/jdk1.7.0_80/jre/lib/rt.jar
7fddb4724000-7fddb49f8000 rw-p 00000000 00:00 0 
7fddb49f8000-7fddb49f9000 ---p 00000000 00:00 0 
7fddb49f9000-7fddb4af9000 rw-p 00000000 00:00 0 
7fddb4af9000-7fddb4afa000 ---p 00000000 00:00 0 
7fddb4afa000-7fddb4bfa000 rw-p 00000000 00:00 0 
7fddb4bfa000-7fddb4bfb000 ---p 00000000 00:00 0 
7fddb4bfb000-7fddb4cfb000 rw-p 00000000 00:00 0 
7fddb4cfb000-7fddb4cfc000 ---p 00000000 00:00 0 
7fddb4cfc000-7fddb4e07000 rw-p 00000000 00:00 0 
7fddb4e07000-7fddb4e25000 rw-p 00000000 00:00 0 
7fddb4e25000-7fddb4e39000 rw-p 00000000 00:00 0 
7fddb4e39000-7fddb4f61000 rw-p 00000000 00:00 0 
7fddb4f61000-7fddb4f6b000 rw-p 00000000 00:00 0 
7fddb4f6b000-7fddb4fff000 rw-p 00000000 00:00 0 
7fddb4fff000-7fddb5000000 rw-p 00000000 00:00 0 
7fddb5000000-7fddb5270000 rwxp 00000000 00:00 0 
7fddb5270000-7fddb8413000 rw-p 00000000 00:00 0 
7fddb8413000-7fddbc000000 ---p 00000000 00:00 0 
7fddbc000000-7fddbc033000 rw-p 00000000 00:00 0 
7fddbc033000-7fddbc051000 rw-p 00000000 00:00 0 
7fddbc051000-7fddbc065000 rw-p 00000000 00:00 0 
7fddbc065000-7fddbc18d000 rw-p 00000000 00:00 0 
7fddbc18d000-7fddbc1a4000 r-xp 00000000 08:07 663687                     /home/elixandre/jdk1.7.0_80/jre/lib/amd64/libzip.so
7fddbc1a4000-7fddbc3a4000 ---p 00017000 08:07 663687                     /home/elixandre/jdk1.7.0_80/jre/lib/amd64/libzip.so
7fddbc3a4000-7fddbc3a5000 rw-p 00017000 08:07 663687                     /home/elixandre/jdk1.7.0_80/jre/lib/amd64/libzip.so
7fddbc3a5000-7fddbc3af000 r-xp 00000000 08:07 529521                     /lib/x86_64-linux-gnu/libnss_files-2.21.so
7fddbc3af000-7fddbc5af000 ---p 0000a000 08:07 529521                     /lib/x86_64-linux-gnu/libnss_files-2.21.so
7fddbc5af000-7fddbc5b0000 r--p 0000a000 08:07 529521                     /lib/x86_64-linux-gnu/libnss_files-2.21.so
7fddbc5b0000-7fddbc5b1000 rw-p 0000b000 08:07 529521                     /lib/x86_64-linux-gnu/libnss_files-2.21.so
7fddbc5b1000-7fddbc5bc000 r-xp 00000000 08:07 529535                     /lib/x86_64-linux-gnu/libnss_nis-2.21.so
7fddbc5bc000-7fddbc7bb000 ---p 0000b000 08:07 529535                     /lib/x86_64-linux-gnu/libnss_nis-2.21.so
7fddbc7bb000-7fddbc7bc000 r--p 0000a000 08:07 529535                     /lib/x86_64-linux-gnu/libnss_nis-2.21.so
7fddbc7bc000-7fddbc7bd000 rw-p 0000b000 08:07 529535                     /lib/x86_64-linux-gnu/libnss_nis-2.21.so
7fddbc7bd000-7fddbc7d4000 r-xp 00000000 08:07 529538                     /lib/x86_64-linux-gnu/libnsl-2.21.so
7fddbc7d4000-7fddbc9d3000 ---p 00017000 08:07 529538                     /lib/x86_64-linux-gnu/libnsl-2.21.so
7fddbc9d3000-7fddbc9d4000 r--p 00016000 08:07 529538                     /lib/x86_64-linux-gnu/libnsl-2.21.so
7fddbc9d4000-7fddbc9d5000 rw-p 00017000 08:07 529538                     /lib/x86_64-linux-gnu/libnsl-2.21.so
7fddbc9d5000-7fddbc9d7000 rw-p 00000000 00:00 0 
7fddbc9d7000-7fddbc9df000 r-xp 00000000 08:07 529523                     /lib/x86_64-linux-gnu/libnss_compat-2.21.so
7fddbc9df000-7fddbcbde000 ---p 00008000 08:07 529523                     /lib/x86_64-linux-gnu/libnss_compat-2.21.so
7fddbcbde000-7fddbcbdf000 r--p 00007000 08:07 529523                     /lib/x86_64-linux-gnu/libnss_compat-2.21.so
7fddbcbdf000-7fddbcbe0000 rw-p 00008000 08:07 529523                     /lib/x86_64-linux-gnu/libnss_compat-2.21.so
7fddbcbe0000-7fddbcc09000 r-xp 00000000 08:07 663623                     /home/elixandre/jdk1.7.0_80/jre/lib/amd64/libjava.so
7fddbcc09000-7fddbce09000 ---p 00029000 08:07 663623                     /home/elixandre/jdk1.7.0_80/jre/lib/amd64/libjava.so
7fddbce09000-7fddbce0b000 rw-p 00029000 08:07 663623                     /home/elixandre/jdk1.7.0_80/jre/lib/amd64/libjava.so
7fddbce0b000-7fddbce18000 r-xp 00000000 08:07 663501                     /home/elixandre/jdk1.7.0_80/jre/lib/amd64/libverify.so
7fddbce18000-7fddbd017000 ---p 0000d000 08:07 663501                     /home/elixandre/jdk1.7.0_80/jre/lib/amd64/libverify.so
7fddbd017000-7fddbd019000 rw-p 0000c000 08:07 663501                     /home/elixandre/jdk1.7.0_80/jre/lib/amd64/libverify.so
7fddbd019000-7fddbd020000 r-xp 00000000 08:07 529522                     /lib/x86_64-linux-gnu/librt-2.21.so
7fddbd020000-7fddbd21f000 ---p 00007000 08:07 529522                     /lib/x86_64-linux-gnu/librt-2.21.so
7fddbd21f000-7fddbd220000 r--p 00006000 08:07 529522                     /lib/x86_64-linux-gnu/librt-2.21.so
7fddbd220000-7fddbd221000 rw-p 00007000 08:07 529522                     /lib/x86_64-linux-gnu/librt-2.21.so
7fddbd221000-7fddbd328000 r-xp 00000000 08:07 529524                     /lib/x86_64-linux-gnu/libm-2.21.so
7fddbd328000-7fddbd527000 ---p 00107000 08:07 529524                     /lib/x86_64-linux-gnu/libm-2.21.so
7fddbd527000-7fddbd528000 r--p 00106000 08:07 529524                     /lib/x86_64-linux-gnu/libm-2.21.so
7fddbd528000-7fddbd529000 rw-p 00107000 08:07 529524                     /lib/x86_64-linux-gnu/libm-2.21.so
7fddbd529000-7fddbe09f000 r-xp 00000000 08:07 663273                     /home/elixandre/jdk1.7.0_80/jre/lib/amd64/server/libjvm.so
7fddbe09f000-7fddbe29e000 ---p 00b76000 08:07 663273                     /home/elixandre/jdk1.7.0_80/jre/lib/amd64/server/libjvm.so
7fddbe29e000-7fddbe362000 rw-p 00b75000 08:07 663273                     /home/elixandre/jdk1.7.0_80/jre/lib/amd64/server/libjvm.so
7fddbe362000-7fddbe3a3000 rw-p 00000000 00:00 0 
7fddbe3a3000-7fddbe563000 r-xp 00000000 08:07 529541                     /lib/x86_64-linux-gnu/libc-2.21.so
7fddbe563000-7fddbe763000 ---p 001c0000 08:07 529541                     /lib/x86_64-linux-gnu/libc-2.21.so
7fddbe763000-7fddbe767000 r--p 001c0000 08:07 529541                     /lib/x86_64-linux-gnu/libc-2.21.so
7fddbe767000-7fddbe769000 rw-p 001c4000 08:07 529541                     /lib/x86_64-linux-gnu/libc-2.21.so
7fddbe769000-7fddbe76d000 rw-p 00000000 00:00 0 
7fddbe76d000-7fddbe770000 r-xp 00000000 08:07 529528                     /lib/x86_64-linux-gnu/libdl-2.21.so
7fddbe770000-7fddbe96f000 ---p 00003000 08:07 529528                     /lib/x86_64-linux-gnu/libdl-2.21.so
7fddbe96f000-7fddbe970000 r--p 00002000 08:07 529528                     /lib/x86_64-linux-gnu/libdl-2.21.so
7fddbe970000-7fddbe971000 rw-p 00003000 08:07 529528                     /lib/x86_64-linux-gnu/libdl-2.21.so
7fddbe971000-7fddbe986000 r-xp 00000000 08:07 663695                     /home/elixandre/jdk1.7.0_80/lib/amd64/jli/libjli.so
7fddbe986000-7fddbeb85000 ---p 00015000 08:07 663695                     /home/elixandre/jdk1.7.0_80/lib/amd64/jli/libjli.so
7fddbeb85000-7fddbeb86000 rw-p 00014000 08:07 663695                     /home/elixandre/jdk1.7.0_80/lib/amd64/jli/libjli.so
7fddbeb86000-7fddbeb9e000 r-xp 00000000 08:07 529525                     /lib/x86_64-linux-gnu/libpthread-2.21.so
7fddbeb9e000-7fddbed9e000 ---p 00018000 08:07 529525                     /lib/x86_64-linux-gnu/libpthread-2.21.so
7fddbed9e000-7fddbed9f000 r--p 00018000 08:07 529525                     /lib/x86_64-linux-gnu/libpthread-2.21.so
7fddbed9f000-7fddbeda0000 rw-p 00019000 08:07 529525                     /lib/x86_64-linux-gnu/libpthread-2.21.so
7fddbeda0000-7fddbeda4000 rw-p 00000000 00:00 0 
7fddbeda4000-7fddbedc8000 r-xp 00000000 08:07 529539                     /lib/x86_64-linux-gnu/ld-2.21.so
7fddbedd2000-7fddbedf1000 rw-p 00000000 00:00 0 
7fddbedf1000-7fddbeea7000 rw-p 00000000 00:00 0 
7fddbeea7000-7fddbeeaa000 ---p 00000000 00:00 0 
7fddbeeaa000-7fddbefac000 rw-p 00000000 00:00 0 
7fddbefb4000-7fddbefb8000 r--s 0008b000 08:07 663627                     /home/elixandre/jdk1.7.0_80/jre/lib/jsse.jar
7fddbefb8000-7fddbefbb000 r--s 00f76000 08:07 542783                     /home/elixandre/Downloads/simgrid.jar
7fddbefbb000-7fddbefc3000 rw-s 00000000 08:07 544733                     /tmp/hsperfdata_elixandre/3707 (deleted)
7fddbefc3000-7fddbefc4000 rw-p 00000000 00:00 0 
7fddbefc4000-7fddbefc5000 ---p 00000000 00:00 0 
7fddbefc5000-7fddbefc7000 rw-p 00000000 00:00 0 
7fddbefc7000-7fddbefc8000 r--p 00023000 08:07 529539                     /lib/x86_64-linux-gnu/ld-2.21.so
7fddbefc8000-7fddbefc9000 rw-p 00024000 08:07 529539                     /lib/x86_64-linux-gnu/ld-2.21.so
7fddbefc9000-7fddbefca000 rw-p 00000000 00:00 0 
7ffe75be5000-7ffe75c06000 rw-p 00000000 00:00 0                          [stack]
7ffe75ccc000-7ffe75cce000 r--p 00000000 00:00 0                          [vvar]
7ffe75cce000-7ffe75cd0000 r-xp 00000000 00:00 0                          [vdso]
ffffffffff600000-ffffffffff601000 r-xp 00000000 00:00 0                  [vsyscall]

VM Arguments:
jvm_args: -Dfile.encoding=UTF-8 
java_command: vcube.VCube platform.xml deployment.xml
Launcher Type: SUN_STANDARD

Environment Variables:
PATH=/usr/local/sbin:/usr/local/bin:/usr/sbin:/usr/bin:/sbin:/bin:/usr/games:/usr/local/games:/home/elixandre/.rvm/bin
LD_LIBRARY_PATH=/home/elixandre/jdk1.7.0_80/jre/lib/amd64:/home/elixandre/jdk1.7.0_80/jre/lib/i386:
SHELL=/bin/bash
DISPLAY=:0

Signal Handlers:
SIGSEGV: [libjvm.so+0x9a3b20], sa_mask[0]=0x7ffbfeff, sa_flags=0x10000004
SIGBUS: [libjvm.so+0x9a3b20], sa_mask[0]=0x7ffbfeff, sa_flags=0x10000004
SIGFPE: [libjvm.so+0x81e740], sa_mask[0]=0x7ffbfeff, sa_flags=0x10000004
SIGPIPE: [libjvm.so+0x81e740], sa_mask[0]=0x7ffbfeff, sa_flags=0x10000004
SIGXFSZ: [libjvm.so+0x81e740], sa_mask[0]=0x7ffbfeff, sa_flags=0x10000004
SIGILL: [libjvm.so+0x81e740], sa_mask[0]=0x7ffbfeff, sa_flags=0x10000004
SIGUSR1: SIG_DFL, sa_mask[0]=0x00000000, sa_flags=0x00000000
SIGUSR2: [libjvm.so+0x81ffb0], sa_mask[0]=0x00000004, sa_flags=0x10000004
SIGHUP: [libjvm.so+0x8210d0], sa_mask[0]=0x7ffbfeff, sa_flags=0x10000004
SIGINT: [libsimgrid.so+0x8ff50], sa_mask[0]=0x00000002, sa_flags=0x10000000
SIGTERM: [libjvm.so+0x8210d0], sa_mask[0]=0x7ffbfeff, sa_flags=0x10000004
SIGQUIT: [libjvm.so+0x8210d0], sa_mask[0]=0x7ffbfeff, sa_flags=0x10000004


---------------  S Y S T E M  ---------------

OS:jessie/sid

uname:Linux 4.2.0-42-generic #49-Ubuntu SMP Tue Jun 28 21:26:26 UTC 2016 x86_64
libc:glibc 2.21 NPTL 2.21 
rlimit: STACK 8192k, CORE 0k, NPROC 15009, NOFILE 65536, AS infinity
load average:0.26 0.50 0.60

/proc/meminfo:
MemTotal:        3879128 kB
MemFree:          480776 kB
MemAvailable:    1839420 kB
Buffers:          173780 kB
Cached:          1459788 kB
SwapCached:            0 kB
Active:          2322116 kB
Inactive:         815568 kB
Active(anon):    1506456 kB
Inactive(anon):   170288 kB
Active(file):     815660 kB
Inactive(file):   645280 kB
Unevictable:          32 kB
Mlocked:              32 kB
SwapTotal:        975868 kB
SwapFree:         975868 kB
Dirty:             12504 kB
Writeback:             0 kB
AnonPages:       1504184 kB
Mapped:           348628 kB
Shmem:            172600 kB
Slab:             165248 kB
SReclaimable:     133280 kB
SUnreclaim:        31968 kB
KernelStack:        9408 kB
PageTables:        33912 kB
NFS_Unstable:          0 kB
Bounce:                0 kB
WritebackTmp:          0 kB
CommitLimit:     2915432 kB
Committed_AS:    5611432 kB
VmallocTotal:   34359738367 kB
VmallocUsed:      347648 kB
VmallocChunk:   34358947836 kB
HardwareCorrupted:     0 kB
AnonHugePages:    763904 kB
CmaTotal:              0 kB
CmaFree:               0 kB
HugePages_Total:       0
HugePages_Free:        0
HugePages_Rsvd:        0
HugePages_Surp:        0
Hugepagesize:       2048 kB
DirectMap4k:      125688 kB
DirectMap2M:     3901440 kB


CPU:total 4 (2 cores per cpu, 2 threads per core) family 6 model 58 stepping 9, cmov, cx8, fxsr, mmx, sse, sse2, sse3, ssse3, sse4.1, sse4.2, popcnt, avx, erms, ht, tsc, tscinvbit, tscinv

/proc/cpuinfo:
processor	: 0
vendor_id	: GenuineIntel
cpu family	: 6
model		: 58
model name	: Intel(R) Core(TM) i7-3517U CPU @ 1.90GHz
stepping	: 9
microcode	: 0x12
cpu MHz		: 2379.281
cache size	: 4096 KB
physical id	: 0
siblings	: 4
core id		: 0
cpu cores	: 2
apicid		: 0
initial apicid	: 0
fpu		: yes
fpu_exception	: yes
cpuid level	: 13
wp		: yes
flags		: fpu vme de pse tsc msr pae mce cx8 apic sep mtrr pge mca cmov pat pse36 clflush dts acpi mmx fxsr sse sse2 ss ht tm pbe syscall nx rdtscp lm constant_tsc arch_perfmon pebs bts rep_good nopl xtopology nonstop_tsc aperfmperf eagerfpu pni pclmulqdq dtes64 monitor ds_cpl vmx est tm2 ssse3 cx16 xtpr pdcm pcid sse4_1 sse4_2 x2apic popcnt tsc_deadline_timer xsave avx f16c rdrand lahf_lm ida arat epb pln pts dtherm tpr_shadow vnmi flexpriority ept vpid fsgsbase smep erms xsaveopt
bugs		:
bogomips	: 4788.88
clflush size	: 64
cache_alignment	: 64
address sizes	: 36 bits physical, 48 bits virtual
power management:

processor	: 1
vendor_id	: GenuineIntel
cpu family	: 6
model		: 58
model name	: Intel(R) Core(TM) i7-3517U CPU @ 1.90GHz
stepping	: 9
microcode	: 0x12
cpu MHz		: 2235.656
cache size	: 4096 KB
physical id	: 0
siblings	: 4
core id		: 0
cpu cores	: 2
apicid		: 1
initial apicid	: 1
fpu		: yes
fpu_exception	: yes
cpuid level	: 13
wp		: yes
flags		: fpu vme de pse tsc msr pae mce cx8 apic sep mtrr pge mca cmov pat pse36 clflush dts acpi mmx fxsr sse sse2 ss ht tm pbe syscall nx rdtscp lm constant_tsc arch_perfmon pebs bts rep_good nopl xtopology nonstop_tsc aperfmperf eagerfpu pni pclmulqdq dtes64 monitor ds_cpl vmx est tm2 ssse3 cx16 xtpr pdcm pcid sse4_1 sse4_2 x2apic popcnt tsc_deadline_timer xsave avx f16c rdrand lahf_lm ida arat epb pln pts dtherm tpr_shadow vnmi flexpriority ept vpid fsgsbase smep erms xsaveopt
bugs		:
bogomips	: 4788.88
clflush size	: 64
cache_alignment	: 64
address sizes	: 36 bits physical, 48 bits virtual
power management:

processor	: 2
vendor_id	: GenuineIntel
cpu family	: 6
model		: 58
model name	: Intel(R) Core(TM) i7-3517U CPU @ 1.90GHz
stepping	: 9
microcode	: 0x12
cpu MHz		: 2651.812
cache size	: 4096 KB
physical id	: 0
siblings	: 4
core id		: 1
cpu cores	: 2
apicid		: 2
initial apicid	: 2
fpu		: yes
fpu_exception	: yes
cpuid level	: 13
wp		: yes
flags		: fpu vme de pse tsc msr pae mce cx8 apic sep mtrr pge mca cmov pat pse36 clflush dts acpi mmx fxsr sse sse2 ss ht tm pbe syscall nx rdtscp lm constant_tsc arch_perfmon pebs bts rep_good nopl xtopology nonstop_tsc aperfmperf eagerfpu pni pclmulqdq dtes64 monitor ds_cpl vmx est tm2 ssse3 cx16 xtpr pdcm pcid sse4_1 sse4_2 x2apic popcnt tsc_deadline_timer xsave avx f16c rdrand lahf_lm ida arat epb pln pts dtherm tpr_shadow vnmi flexpriority ept vpid fsgsbase smep erms xsaveopt
bugs		:
bogomips	: 4788.88
clflush size	: 64
cache_alignment	: 64
address sizes	: 36 bits physical, 48 bits virtual
power management:

processor	: 3
vendor_id	: GenuineIntel
cpu family	: 6
model		: 58
model name	: Intel(R) Core(TM) i7-3517U CPU @ 1.90GHz
stepping	: 9
microcode	: 0x12
cpu MHz		: 2695.968
cache size	: 4096 KB
physical id	: 0
siblings	: 4
core id		: 1
cpu cores	: 2
apicid		: 3
initial apicid	: 3
fpu		: yes
fpu_exception	: yes
cpuid level	: 13
wp		: yes
flags		: fpu vme de pse tsc msr pae mce cx8 apic sep mtrr pge mca cmov pat pse36 clflush dts acpi mmx fxsr sse sse2 ss ht tm pbe syscall nx rdtscp lm constant_tsc arch_perfmon pebs bts rep_good nopl xtopology nonstop_tsc aperfmperf eagerfpu pni pclmulqdq dtes64 monitor ds_cpl vmx est tm2 ssse3 cx16 xtpr pdcm pcid sse4_1 sse4_2 x2apic popcnt tsc_deadline_timer xsave avx f16c rdrand lahf_lm ida arat epb pln pts dtherm tpr_shadow vnmi flexpriority ept vpid fsgsbase smep erms xsaveopt
bugs		:
bogomips	: 4788.88
clflush size	: 64
cache_alignment	: 64
address sizes	: 36 bits physical, 48 bits virtual
power management:



Memory: 4k page, physical 3879128k(480776k free), swap 975868k(975868k free)

vm_info: Java HotSpot(TM) 64-Bit Server VM (24.80-b11) for linux-amd64 JRE (1.7.0_80-b15), built on Apr 10 2015 19:53:14 by "java_re" with gcc 4.3.0 20080428 (Red Hat 4.3.0-8)

time: Mon May  1 11:06:12 2017
elapsed time: 2 seconds

