#
# A fatal error has been detected by the Java Runtime Environment:
#
#  SIGSEGV (0xb) at pc=0x00007fc5bc453646, pid=16492, tid=0x00007fc5beb58700
#
# JRE version: Java(TM) SE Runtime Environment (8.0_111-b14) (build 1.8.0_111-b14)
# Java VM: Java HotSpot(TM) 64-Bit Server VM (25.111-b14 mixed mode linux-amd64 compressed oops)
# Problematic frame:
# C  [libsimgrid.so+0x84646]  MSG_task_destroy+0x16
#
# Failed to write core dump. Core dumps have been disabled. To enable core dumping, try "ulimit -c unlimited" before starting Java again
#
# If you would like to submit a bug report, please visit:
#   http://bugreport.java.com/bugreport/crash.jsp
# The crash happened outside the Java Virtual Machine in native code.
# See problematic frame for where to report the bug.
#

---------------  T H R E A D  ---------------

Current thread (0x00007fc5d0084000):  JavaThread "Finalizer" daemon [_thread_in_native, id=16503, stack(0x00007fc5bea58000,0x00007fc5beb59000)]

siginfo: si_signo: 11 (SIGSEGV), si_code: 1 (SEGV_MAPERR), si_addr: 0x000000000000007d

Registers:
RAX=0x0000000000000025, RBX=0x00007fc5801e89e0, RCX=0x00007fc5beb57760, RDX=0x0000000000000042
RSP=0x00007fc5beb57680, RBP=0x00007fc5beb57740, RSI=0x00007fc5beb57760, RDI=0x00007fc5801e89e0
R8 =0x00007fc5701977f0, R9 =0x00000000c4c85d00, R10=0x0000000000000004, R11=0x00007fc5d85b0f88
R12=0x0000000000000000, R13=0x00007fc5d51a0e70, R14=0x00007fc5beb57760, R15=0x00007fc5d0084000
RIP=0x00007fc5bc453646, EFLAGS=0x0000000000010202, CSGSFS=0x0000000000000033, ERR=0x0000000000000004
  TRAPNO=0x000000000000000e

Top of Stack: (sp=0x00007fc5beb57680)
0x00007fc5beb57680:   0000000000001388 00007fc5d00848a8
0x00007fc5beb57690:   00007fc5beb576f0 00007fc5d7ef9f41
0x00007fc5beb576a0:   00007fc5a00036e0 00007fc5d0084000
0x00007fc5beb576b0:   ffffffffffffffff 00000001ffffffff
0x00007fc5beb576c0:   0000000000000000 00007fc587bdcde7
0x00007fc5beb576d0:   0000000000000000 00007fc5d51a0e70
0x00007fc5beb576e0:   00007fc5beb57740 00007fc5c1017a34
0x00007fc5beb576f0:   00007fc5beb57790 00007fc5d7efc23b
0x00007fc5beb57700:   00007fc5beb57700 0000000000000000
0x00007fc5beb57710:   00007fc5beb57760 00007fc5d51a1cf0
0x00007fc5beb57720:   0000000000000000 00007fc5d51a0e70
0x00007fc5beb57730:   0000000000000000 00007fc5beb57760
0x00007fc5beb57740:   00007fc5beb577a8 00007fc5c10082bd
0x00007fc5beb57750:   0000000000000000 00007fc5c1011538
0x00007fc5beb57760:   00000000c4c85d00 00007fc5beb57768
0x00007fc5beb57770:   00007fc5d51a0da9 00007fc5beb577c0
0x00007fc5beb57780:   00007fc5d51a1cf0 0000000000000000
0x00007fc5beb57790:   00007fc5d51a0dd0 00007fc5beb57760
0x00007fc5beb577a0:   00007fc5beb577c0 00007fc5beb57808
0x00007fc5beb577b0:   00007fc5c10082bd 0000000000000000
0x00007fc5beb577c0:   00000000c4c85d00 00007fc5beb577c8
0x00007fc5beb577d0:   00007fc5d4f081f1 00007fc5beb57820
0x00007fc5beb577e0:   00007fc5d4f08288 0000000000000000
0x00007fc5beb577f0:   00007fc5d4f08200 00007fc5beb577c0
0x00007fc5beb57800:   00007fc5beb57818 00007fc5beb57878
0x00007fc5beb57810:   00007fc5c1008302 00000000c4c85d00
0x00007fc5beb57820:   00000000ed312520 0000000000000009
0x00007fc5beb57830:   0000000000000000 00007fc5beb57828
0x00007fc5beb57840:   00007fc5d4dbc5e6 00007fc5beb578a0
0x00007fc5beb57850:   00007fc5d4e3de10 0000000000000000
0x00007fc5beb57860:   00007fc5d4dbc628 00007fc5beb57818
0x00007fc5beb57870:   00007fc5beb57898 00007fc5beb578e8 

Instructions: (pc=0x00007fc5bc453646)
0x00007fc5bc453626:   ff 66 0f 1f 84 00 00 00 00 00 55 53 48 83 ec 58
0x00007fc5bc453636:   48 85 ff 0f 84 01 01 00 00 48 8b 47 08 48 89 fb
0x00007fc5bc453646:   48 83 78 58 00 74 05 e8 4e 04 fe ff 48 8b 2d 5f
0x00007fc5bc453656:   43 44 00 8b 55 28 85 d2 0f 84 bc 00 00 00 83 7d 

Register to memory mapping:

RAX=0x0000000000000025 is an unknown value
RBX=0x00007fc5801e89e0 is an unknown value
RCX=0x00007fc5beb57760 is pointing into the stack for thread: 0x00007fc5d0084000
RDX=0x0000000000000042 is an unknown value
RSP=0x00007fc5beb57680 is pointing into the stack for thread: 0x00007fc5d0084000
RBP=0x00007fc5beb57740 is pointing into the stack for thread: 0x00007fc5d0084000
RSI=0x00007fc5beb57760 is pointing into the stack for thread: 0x00007fc5d0084000
RDI=0x00007fc5801e89e0 is an unknown value
R8 =0x00007fc5701977f0 is an unknown value
R9 =0x00000000c4c85d00 is an oop
vcube.VCubeTask 
 - klass: 'vcube/VCubeTask'
R10=0x0000000000000004 is an unknown value
R11=0x00007fc5d85b0f88: <offset 0xfc3f88> in /home/elixandrebaldi/jdk1.8.0_111/jre/lib/amd64/server/libjvm.so at 0x00007fc5d75ed000
R12=0x0000000000000000 is an unknown value
R13={method} {0x00007fc5d51a0e70} 'nativeFinalize' '()V' in 'org/simgrid/msg/Task'
R14=0x00007fc5beb57760 is pointing into the stack for thread: 0x00007fc5d0084000
R15=0x00007fc5d0084000 is a thread


Stack: [0x00007fc5bea58000,0x00007fc5beb59000],  sp=0x00007fc5beb57680,  free space=1021k
Native frames: (J=compiled Java code, j=interpreted, Vv=VM code, C=native code)
C  [libsimgrid.so+0x84646]  MSG_task_destroy+0x16
j  org.simgrid.msg.Task.finalize()V+1
j  java.lang.System$2.invokeFinalize(Ljava/lang/Object;)V+1
j  java.lang.ref.Finalizer.runFinalizer(Lsun/misc/JavaLangAccess;)V+46
j  java.lang.ref.Finalizer.access$100(Ljava/lang/ref/Finalizer;Lsun/misc/JavaLangAccess;)V+2
j  java.lang.ref.Finalizer$FinalizerThread.run()V+45
v  ~StubRoutines::call_stub
V  [libjvm.so+0x690206]  JavaCalls::call_helper(JavaValue*, methodHandle*, JavaCallArguments*, Thread*)+0x1056
V  [libjvm.so+0x690711]  JavaCalls::call_virtual(JavaValue*, KlassHandle, Symbol*, Symbol*, JavaCallArguments*, Thread*)+0x321
V  [libjvm.so+0x690bb7]  JavaCalls::call_virtual(JavaValue*, Handle, KlassHandle, Symbol*, Symbol*, Thread*)+0x47
V  [libjvm.so+0x7278f0]  thread_entry(JavaThread*, Thread*)+0xa0
V  [libjvm.so+0xa742b3]  JavaThread::thread_main_inner()+0x103
V  [libjvm.so+0xa743fc]  JavaThread::run()+0x11c
V  [libjvm.so+0x924ea8]  java_start(Thread*)+0x108
C  [libpthread.so.0+0x76ba]  start_thread+0xca

Java frames: (J=compiled Java code, j=interpreted, Vv=VM code)
j  org.simgrid.msg.Task.nativeFinalize()V+0
j  org.simgrid.msg.Task.finalize()V+1
j  java.lang.System$2.invokeFinalize(Ljava/lang/Object;)V+1
j  java.lang.ref.Finalizer.runFinalizer(Lsun/misc/JavaLangAccess;)V+46
j  java.lang.ref.Finalizer.access$100(Ljava/lang/ref/Finalizer;Lsun/misc/JavaLangAccess;)V+2
j  java.lang.ref.Finalizer$FinalizerThread.run()V+45
v  ~StubRoutines::call_stub

---------------  P R O C E S S  ---------------

Java Threads: ( => current thread )
  0x00007fc560001000 JavaThread "Thread-8" [_thread_in_native, id=16517, stack(0x00007fc5677ff000,0x00007fc568000000)]
  0x00007fc568001000 JavaThread "Thread-5" [_thread_in_native, id=16515, stack(0x00007fc584bcb000,0x00007fc5853cc000)]
  0x00007fc574001000 JavaThread "Thread-4" [_thread_in_native, id=16510, stack(0x00007fc5873d0000,0x00007fc587bd1000)]
  0x00007fc578001000 JavaThread "Thread-7" [_thread_in_native, id=16511, stack(0x00007fc586bcf000,0x00007fc5873d0000)]
  0x00007fc570001000 JavaThread "Thread-2" [_thread_in_native, id=16513, stack(0x00007fc585bcd000,0x00007fc5863ce000)]
  0x00007fc580001000 JavaThread "Thread-1" [_thread_in_native, id=16512, stack(0x00007fc5863ce000,0x00007fc586bcf000)]
  0x00007fc5d00ca000 JavaThread "Service Thread" daemon [_thread_blocked, id=16508, stack(0x00007fc5bd101000,0x00007fc5bd202000)]
  0x00007fc5d00bd000 JavaThread "C1 CompilerThread2" daemon [_thread_blocked, id=16507, stack(0x00007fc5bd202000,0x00007fc5bd303000)]
  0x00007fc5d00bb000 JavaThread "C2 CompilerThread1" daemon [_thread_in_native, id=16506, stack(0x00007fc5bd303000,0x00007fc5bd404000)]
  0x00007fc5d00b8800 JavaThread "C2 CompilerThread0" daemon [_thread_in_native, id=16505, stack(0x00007fc5bd404000,0x00007fc5bd505000)]
  0x00007fc5d00b7000 JavaThread "Signal Dispatcher" daemon [_thread_blocked, id=16504, stack(0x00007fc5bd505000,0x00007fc5bd606000)]
=>0x00007fc5d0084000 JavaThread "Finalizer" daemon [_thread_in_native, id=16503, stack(0x00007fc5bea58000,0x00007fc5beb59000)]
  0x00007fc5d007f000 JavaThread "Reference Handler" daemon [_thread_blocked, id=16502, stack(0x00007fc5beb59000,0x00007fc5bec5a000)]
  0x00007fc5d000a000 JavaThread "main" [_thread_in_native, id=16494, stack(0x00007fc5d90e0000,0x00007fc5d91e1000)]

Other Threads:
  0x00007fc5d0077800 VMThread [stack: 0x00007fc5bec5a000,0x00007fc5bed5b000] [id=16501]
  0x00007fc5d00cd000 WatcherThread [stack: 0x00007fc5bd000000,0x00007fc5bd101000] [id=16509]

VM state:not at safepoint (normal execution)

VM Mutex/Monitor currently owned by a thread: None

Heap:
 PSYoungGen      total 17920K, used 5219K [0x00000000ec400000, 0x00000000ed800000, 0x0000000100000000)
  eden space 15360K, 17% used [0x00000000ec400000,0x00000000ec6a0ea8,0x00000000ed300000)
  from space 2560K, 98% used [0x00000000ed300000,0x00000000ed578020,0x00000000ed580000)
  to   space 2560K, 0% used [0x00000000ed580000,0x00000000ed580000,0x00000000ed800000)
 ParOldGen       total 40960K, used 840K [0x00000000c4c00000, 0x00000000c7400000, 0x00000000ec400000)
  object space 40960K, 2% used [0x00000000c4c00000,0x00000000c4cd2000,0x00000000c7400000)
 Metaspace       used 3769K, capacity 4704K, committed 4864K, reserved 1056768K
  class space    used 418K, capacity 464K, committed 512K, reserved 1048576K

Card table byte_map: [0x00007fc5d5cac000,0x00007fc5d5e87000] byte_map_base: 0x00007fc5d5686000

Marking Bits: (ParMarkBitMap*) 0x00007fc5d85b0220
 Begin Bits: [0x00007fc5bf260000, 0x00007fc5c0130000)
 End Bits:   [0x00007fc5c0130000, 0x00007fc5c1000000)

Polling page: 0x00007fc5d91ff000

CodeCache: size=245760Kb used=1600Kb max_used=1614Kb free=244159Kb
 bounds [0x00007fc5c1000000, 0x00007fc5c1270000, 0x00007fc5d0000000]
 total_blobs=499 nmethods=236 adapters=177
 compilation: enabled

Compilation events (10 events):
Event: 0.936 Thread 0x00007fc5d00b8800  228       4       java.lang.StringBuilder::append (8 bytes)
Event: 0.953 Thread 0x00007fc5d00b8800 nmethod 228 0x00007fc5c118e810 code [0x00007fc5c118e9a0, 0x00007fc5c118f028]
Event: 0.980 Thread 0x00007fc5d00bb000  229       4       java.lang.String::valueOf (5 bytes)
Event: 0.982 Thread 0x00007fc5d00b8800  230       4       java.lang.Integer::toString (48 bytes)
Event: 0.988 Thread 0x00007fc5d00bb000 nmethod 229 0x00007fc5c118df10 code [0x00007fc5c118e080, 0x00007fc5c118e4b8]
Event: 0.991 Thread 0x00007fc5d00b8800 nmethod 230 0x00007fc5c118d650 code [0x00007fc5c118d7c0, 0x00007fc5c118dbf8]
Event: 1.199 Thread 0x00007fc5d00bb000  231 % !   4       vcube.Node::main @ 1807 (1894 bytes)
Event: 1.229 Thread 0x00007fc5d00b8800  232       4       java.util.regex.Pattern::newSlice (181 bytes)
Event: 1.291 Thread 0x00007fc5d00b8800 nmethod 232 0x00007fc5c118d090 code [0x00007fc5c118d200, 0x00007fc5c118d4d8]
Event: 1.291 Thread 0x00007fc5d00b8800  233       4       java.util.regex.Pattern::compile (406 bytes)

GC Heap History (2 events):
Event: 1.411 GC heap before
{Heap before GC invocations=1 (full 0):
 PSYoungGen      total 17920K, used 15360K [0x00000000ec400000, 0x00000000ed800000, 0x0000000100000000)
  eden space 15360K, 100% used [0x00000000ec400000,0x00000000ed300000,0x00000000ed300000)
  from space 2560K, 0% used [0x00000000ed580000,0x00000000ed580000,0x00000000ed800000)
  to   space 2560K, 0% used [0x00000000ed300000,0x00000000ed300000,0x00000000ed580000)
 ParOldGen       total 40960K, used 0K [0x00000000c4c00000, 0x00000000c7400000, 0x00000000ec400000)
  object space 40960K, 0% used [0x00000000c4c00000,0x00000000c4c00000,0x00000000c7400000)
 Metaspace       used 3766K, capacity 4704K, committed 4864K, reserved 1056768K
  class space    used 418K, capacity 464K, committed 512K, reserved 1048576K
Event: 1.424 GC heap after
Heap after GC invocations=1 (full 0):
 PSYoungGen      total 17920K, used 2528K [0x00000000ec400000, 0x00000000ed800000, 0x0000000100000000)
  eden space 15360K, 0% used [0x00000000ec400000,0x00000000ec400000,0x00000000ed300000)
  from space 2560K, 98% used [0x00000000ed300000,0x00000000ed578020,0x00000000ed580000)
  to   space 2560K, 0% used [0x00000000ed580000,0x00000000ed580000,0x00000000ed800000)
 ParOldGen       total 40960K, used 840K [0x00000000c4c00000, 0x00000000c7400000, 0x00000000ec400000)
  object space 40960K, 2% used [0x00000000c4c00000,0x00000000c4cd2000,0x00000000c7400000)
 Metaspace       used 3766K, capacity 4704K, committed 4864K, reserved 1056768K
  class space    used 418K, capacity 464K, committed 512K, reserved 1048576K
}

Deoptimization events (0 events):
No events

Internal exceptions (10 events):
Event: 1.406 Thread 0x00007fc580001000 Exception <a 'org/simgrid/msg/TimeoutException'> (0x00000000ed1c23d0) thrown at [/HUDSON3/workspace/8-2-build-linux-amd64/jdk8u111/7883/hotspot/src/share/vm/prims/jni.cpp, line 735]
Event: 1.407 Thread 0x00007fc570001000 Exception <a 'org/simgrid/msg/TimeoutException'> (0x00000000ed180940) thrown at [/HUDSON3/workspace/8-2-build-linux-amd64/jdk8u111/7883/hotspot/src/share/vm/prims/jni.cpp, line 735]
Event: 1.407 Thread 0x00007fc574001000 Exception <a 'org/simgrid/msg/TimeoutException'> (0x00000000ed1ffd28) thrown at [/HUDSON3/workspace/8-2-build-linux-amd64/jdk8u111/7883/hotspot/src/share/vm/prims/jni.cpp, line 735]
Event: 1.407 Thread 0x00007fc568001000 Exception <a 'org/simgrid/msg/TimeoutException'> (0x00000000ed2d98f8) thrown at [/HUDSON3/workspace/8-2-build-linux-amd64/jdk8u111/7883/hotspot/src/share/vm/prims/jni.cpp, line 735]
Event: 1.408 Thread 0x00007fc560001000 Exception <a 'org/simgrid/msg/TimeoutException'> (0x00000000ed253b70) thrown at [/HUDSON3/workspace/8-2-build-linux-amd64/jdk8u111/7883/hotspot/src/share/vm/prims/jni.cpp, line 735]
Event: 1.408 Thread 0x00007fc578001000 Exception <a 'org/simgrid/msg/TimeoutException'> (0x00000000ed289f70) thrown at [/HUDSON3/workspace/8-2-build-linux-amd64/jdk8u111/7883/hotspot/src/share/vm/prims/jni.cpp, line 735]
Event: 1.409 Thread 0x00007fc580001000 Exception <a 'org/simgrid/msg/TimeoutException'> (0x00000000ed1c3c20) thrown at [/HUDSON3/workspace/8-2-build-linux-amd64/jdk8u111/7883/hotspot/src/share/vm/prims/jni.cpp, line 735]
Event: 1.409 Thread 0x00007fc570001000 Exception <a 'org/simgrid/msg/TimeoutException'> (0x00000000ed181e88) thrown at [/HUDSON3/workspace/8-2-build-linux-amd64/jdk8u111/7883/hotspot/src/share/vm/prims/jni.cpp, line 735]
Event: 1.409 Thread 0x00007fc574001000 Exception <a 'org/simgrid/msg/TimeoutException'> (0x00000000ed200fd8) thrown at [/HUDSON3/workspace/8-2-build-linux-amd64/jdk8u111/7883/hotspot/src/share/vm/prims/jni.cpp, line 735]
Event: 1.409 Thread 0x00007fc568001000 Exception <a 'org/simgrid/msg/TimeoutException'> (0x00000000ed2db3b0) thrown at [/HUDSON3/workspace/8-2-build-linux-amd64/jdk8u111/7883/hotspot/src/share/vm/prims/jni.cpp, line 735]

Events (10 events):
Event: 0.376 loading class java/lang/Throwable$WrappedPrintStream
Event: 0.376 loading class java/lang/Throwable$PrintStreamOrWriter
Event: 0.377 loading class java/lang/Throwable$PrintStreamOrWriter done
Event: 0.377 loading class java/lang/Throwable$WrappedPrintStream done
Event: 0.377 loading class java/util/IdentityHashMap$KeySet
Event: 0.377 loading class java/util/IdentityHashMap$KeySet done
Event: 0.377 Thread 0x00007fc56c001000 Thread exited: 0x00007fc56c001000
Event: 0.389 Thread 0x00007fc57c001000 Thread exited: 0x00007fc57c001000
Event: 1.410 Executing VM operation: ParallelGCFailedAllocation
Event: 1.424 Executing VM operation: ParallelGCFailedAllocation done


Dynamic libraries:
00400000-00401000 r-xp 00000000 08:01 8784123                            /home/elixandrebaldi/jdk1.8.0_111/bin/java
00600000-00601000 rw-p 00000000 08:01 8784123                            /home/elixandrebaldi/jdk1.8.0_111/bin/java
01ef0000-01f11000 rw-p 00000000 00:00 0                                  [heap]
c4c00000-c7400000 rw-p 00000000 00:00 0 
c7400000-ec400000 ---p 00000000 00:00 0 
ec400000-ed800000 rw-p 00000000 00:00 0 
ed800000-100000000 ---p 00000000 00:00 0 
100000000-100080000 rw-p 00000000 00:00 0 
100080000-140000000 ---p 00000000 00:00 0 
7fc560000000-7fc5603f8000 rw-p 00000000 00:00 0 
7fc5603f8000-7fc564000000 ---p 00000000 00:00 0 
7fc5677ff000-7fc567802000 ---p 00000000 00:00 0 
7fc567802000-7fc568000000 rw-p 00000000 00:00 0 
7fc568000000-7fc568377000 rw-p 00000000 00:00 0 
7fc568377000-7fc56c000000 ---p 00000000 00:00 0 
7fc56c000000-7fc56c022000 rw-p 00000000 00:00 0 
7fc56c022000-7fc570000000 ---p 00000000 00:00 0 
7fc570000000-7fc570286000 rw-p 00000000 00:00 0 
7fc570286000-7fc574000000 ---p 00000000 00:00 0 
7fc574000000-7fc574288000 rw-p 00000000 00:00 0 
7fc574288000-7fc578000000 ---p 00000000 00:00 0 
7fc578000000-7fc578376000 rw-p 00000000 00:00 0 
7fc578376000-7fc57c000000 ---p 00000000 00:00 0 
7fc57c000000-7fc57c022000 rw-p 00000000 00:00 0 
7fc57c022000-7fc580000000 ---p 00000000 00:00 0 
7fc580000000-7fc5802fd000 rw-p 00000000 00:00 0 
7fc5802fd000-7fc584000000 ---p 00000000 00:00 0 
7fc584233000-7fc5843ca000 rw-p 00000000 00:00 0 
7fc5843ca000-7fc5843cd000 ---p 00000000 00:00 0 
7fc5843cd000-7fc584bcb000 rw-p 00000000 00:00 0 
7fc584bcb000-7fc584bce000 ---p 00000000 00:00 0 
7fc584bce000-7fc5853cc000 rw-p 00000000 00:00 0 
7fc5853cc000-7fc5853cf000 ---p 00000000 00:00 0 
7fc5853cf000-7fc585bcd000 rw-p 00000000 00:00 0 
7fc585bcd000-7fc585bd0000 ---p 00000000 00:00 0 
7fc585bd0000-7fc5863ce000 rw-p 00000000 00:00 0 
7fc5863ce000-7fc5863d1000 ---p 00000000 00:00 0 
7fc5863d1000-7fc586bcf000 rw-p 00000000 00:00 0 
7fc586bcf000-7fc586bd2000 ---p 00000000 00:00 0 
7fc586bd2000-7fc5873d0000 rw-p 00000000 00:00 0 
7fc5873d0000-7fc5873d3000 ---p 00000000 00:00 0 
7fc5873d3000-7fc587bd1000 rw-p 00000000 00:00 0 
7fc587bd1000-7fc587be9000 r-xp 00000000 08:01 2360322                    /tmp/simgrid-java628110563624185393/libsimgrid-java.so
7fc587be9000-7fc587de9000 ---p 00018000 08:01 2360322                    /tmp/simgrid-java628110563624185393/libsimgrid-java.so
7fc587de9000-7fc587dea000 rw-p 00018000 08:01 2360322                    /tmp/simgrid-java628110563624185393/libsimgrid-java.so
7fc587dea000-7fc587e00000 r-xp 00000000 08:01 3936627                    /lib/x86_64-linux-gnu/libgcc_s.so.1
7fc587e00000-7fc587fff000 ---p 00016000 08:01 3936627                    /lib/x86_64-linux-gnu/libgcc_s.so.1
7fc587fff000-7fc588000000 rw-p 00015000 08:01 3936627                    /lib/x86_64-linux-gnu/libgcc_s.so.1
7fc588000000-7fc588021000 rw-p 00000000 00:00 0 
7fc588021000-7fc58c000000 ---p 00000000 00:00 0 
7fc58c000000-7fc58c021000 rw-p 00000000 00:00 0 
7fc58c021000-7fc590000000 ---p 00000000 00:00 0 
7fc590000000-7fc591157000 rw-p 00000000 00:00 0 
7fc591157000-7fc594000000 ---p 00000000 00:00 0 
7fc594000000-7fc594175000 rw-p 00000000 00:00 0 
7fc594175000-7fc598000000 ---p 00000000 00:00 0 
7fc598000000-7fc598021000 rw-p 00000000 00:00 0 
7fc598021000-7fc59c000000 ---p 00000000 00:00 0 
7fc59c000000-7fc59c2d2000 rw-p 00000000 00:00 0 
7fc59c2d2000-7fc5a0000000 ---p 00000000 00:00 0 
7fc5a0000000-7fc5a0021000 rw-p 00000000 00:00 0 
7fc5a0021000-7fc5a4000000 ---p 00000000 00:00 0 
7fc5a4000000-7fc5a4104000 rw-p 00000000 00:00 0 
7fc5a4104000-7fc5a8000000 ---p 00000000 00:00 0 
7fc5a8000000-7fc5a8021000 rw-p 00000000 00:00 0 
7fc5a8021000-7fc5ac000000 ---p 00000000 00:00 0 
7fc5ac000000-7fc5ac021000 rw-p 00000000 00:00 0 
7fc5ac021000-7fc5b0000000 ---p 00000000 00:00 0 
7fc5b0000000-7fc5b0021000 rw-p 00000000 00:00 0 
7fc5b0021000-7fc5b4000000 ---p 00000000 00:00 0 
7fc5b4000000-7fc5b4021000 rw-p 00000000 00:00 0 
7fc5b4021000-7fc5b8000000 ---p 00000000 00:00 0 
7fc5b8000000-7fc5b8021000 rw-p 00000000 00:00 0 
7fc5b8021000-7fc5bc000000 ---p 00000000 00:00 0 
7fc5bc04d000-7fc5bc1bf000 r-xp 00000000 08:01 23332798                   /usr/lib/x86_64-linux-gnu/libstdc++.so.6.0.21
7fc5bc1bf000-7fc5bc3bf000 ---p 00172000 08:01 23332798                   /usr/lib/x86_64-linux-gnu/libstdc++.so.6.0.21
7fc5bc3bf000-7fc5bc3c9000 r--p 00172000 08:01 23332798                   /usr/lib/x86_64-linux-gnu/libstdc++.so.6.0.21
7fc5bc3c9000-7fc5bc3cb000 rw-p 0017c000 08:01 23332798                   /usr/lib/x86_64-linux-gnu/libstdc++.so.6.0.21
7fc5bc3cb000-7fc5bc3cf000 rw-p 00000000 00:00 0 
7fc5bc3cf000-7fc5bc694000 r-xp 00000000 08:01 2360321                    /tmp/simgrid-java628110563624185393/libsimgrid.so
7fc5bc694000-7fc5bc894000 ---p 002c5000 08:01 2360321                    /tmp/simgrid-java628110563624185393/libsimgrid.so
7fc5bc894000-7fc5bc8cf000 rw-p 002c5000 08:01 2360321                    /tmp/simgrid-java628110563624185393/libsimgrid.so
7fc5bc8cf000-7fc5bcbd8000 rw-p 00000000 00:00 0 
7fc5bcbd8000-7fc5bcbee000 r-xp 00000000 08:01 8783936                    /home/elixandrebaldi/jdk1.8.0_111/jre/lib/amd64/libnet.so
7fc5bcbee000-7fc5bcdee000 ---p 00016000 08:01 8783936                    /home/elixandrebaldi/jdk1.8.0_111/jre/lib/amd64/libnet.so
7fc5bcdee000-7fc5bcdef000 rw-p 00016000 08:01 8783936                    /home/elixandrebaldi/jdk1.8.0_111/jre/lib/amd64/libnet.so
7fc5bcdef000-7fc5bce00000 r-xp 00000000 08:01 8783935                    /home/elixandrebaldi/jdk1.8.0_111/jre/lib/amd64/libnio.so
7fc5bce00000-7fc5bcfff000 ---p 00011000 08:01 8783935                    /home/elixandrebaldi/jdk1.8.0_111/jre/lib/amd64/libnio.so
7fc5bcfff000-7fc5bd000000 rw-p 00010000 08:01 8783935                    /home/elixandrebaldi/jdk1.8.0_111/jre/lib/amd64/libnio.so
7fc5bd000000-7fc5bd001000 ---p 00000000 00:00 0 
7fc5bd001000-7fc5bd101000 rw-p 00000000 00:00 0 
7fc5bd101000-7fc5bd104000 ---p 00000000 00:00 0 
7fc5bd104000-7fc5bd202000 rw-p 00000000 00:00 0 
7fc5bd202000-7fc5bd205000 ---p 00000000 00:00 0 
7fc5bd205000-7fc5bd303000 rw-p 00000000 00:00 0 
7fc5bd303000-7fc5bd306000 ---p 00000000 00:00 0 
7fc5bd306000-7fc5bd404000 rw-p 00000000 00:00 0 
7fc5bd404000-7fc5bd407000 ---p 00000000 00:00 0 
7fc5bd407000-7fc5bd505000 rw-p 00000000 00:00 0 
7fc5bd505000-7fc5bd508000 ---p 00000000 00:00 0 
7fc5bd508000-7fc5bd606000 rw-p 00000000 00:00 0 
7fc5bd606000-7fc5bea58000 r--p 00000000 08:01 23331759                   /usr/lib/locale/locale-archive
7fc5bea58000-7fc5bea5b000 ---p 00000000 00:00 0 
7fc5bea5b000-7fc5beb59000 rw-p 00000000 00:00 0 
7fc5beb59000-7fc5beb5c000 ---p 00000000 00:00 0 
7fc5beb5c000-7fc5bec5a000 rw-p 00000000 00:00 0 
7fc5bec5a000-7fc5bec5b000 ---p 00000000 00:00 0 
7fc5bec5b000-7fc5c1000000 rw-p 00000000 00:00 0 
7fc5c1000000-7fc5c1270000 rwxp 00000000 00:00 0 
7fc5c1270000-7fc5d0000000 ---p 00000000 00:00 0 
7fc5d0000000-7fc5d04b1000 rw-p 00000000 00:00 0 
7fc5d04b1000-7fc5d4000000 ---p 00000000 00:00 0 
7fc5d4088000-7fc5d4b44000 rw-p 00000000 00:00 0 
7fc5d4b44000-7fc5d4d1c000 r--s 03d2a000 08:01 8784070                    /home/elixandrebaldi/jdk1.8.0_111/jre/lib/rt.jar
7fc5d4d1c000-7fc5d51d2000 rw-p 00000000 00:00 0 
7fc5d51d2000-7fc5d5592000 ---p 00000000 00:00 0 
7fc5d5592000-7fc5d576c000 rw-p 00000000 00:00 0 
7fc5d576c000-7fc5d576d000 ---p 00000000 00:00 0 
7fc5d576d000-7fc5d586d000 rw-p 00000000 00:00 0 
7fc5d586d000-7fc5d586e000 ---p 00000000 00:00 0 
7fc5d586e000-7fc5d596e000 rw-p 00000000 00:00 0 
7fc5d596e000-7fc5d596f000 ---p 00000000 00:00 0 
7fc5d596f000-7fc5d5a6f000 rw-p 00000000 00:00 0 
7fc5d5a6f000-7fc5d5a70000 ---p 00000000 00:00 0 
7fc5d5a70000-7fc5d5b84000 rw-p 00000000 00:00 0 
7fc5d5b84000-7fc5d5cac000 ---p 00000000 00:00 0 
7fc5d5cac000-7fc5d5cc0000 rw-p 00000000 00:00 0 
7fc5d5cc0000-7fc5d5de8000 ---p 00000000 00:00 0 
7fc5d5de8000-7fc5d5df2000 rw-p 00000000 00:00 0 
7fc5d5df2000-7fc5d5e86000 ---p 00000000 00:00 0 
7fc5d5e86000-7fc5d5e91000 rw-p 00000000 00:00 0 
7fc5d5e91000-7fc5d6247000 ---p 00000000 00:00 0 
7fc5d6247000-7fc5d6261000 r-xp 00000000 08:01 8783934                    /home/elixandrebaldi/jdk1.8.0_111/jre/lib/amd64/libzip.so
7fc5d6261000-7fc5d6461000 ---p 0001a000 08:01 8783934                    /home/elixandrebaldi/jdk1.8.0_111/jre/lib/amd64/libzip.so
7fc5d6461000-7fc5d6462000 rw-p 0001a000 08:01 8783934                    /home/elixandrebaldi/jdk1.8.0_111/jre/lib/amd64/libzip.so
7fc5d6462000-7fc5d646d000 r-xp 00000000 08:01 3932251                    /lib/x86_64-linux-gnu/libnss_files-2.23.so
7fc5d646d000-7fc5d666c000 ---p 0000b000 08:01 3932251                    /lib/x86_64-linux-gnu/libnss_files-2.23.so
7fc5d666c000-7fc5d666d000 r--p 0000a000 08:01 3932251                    /lib/x86_64-linux-gnu/libnss_files-2.23.so
7fc5d666d000-7fc5d666e000 rw-p 0000b000 08:01 3932251                    /lib/x86_64-linux-gnu/libnss_files-2.23.so
7fc5d666e000-7fc5d6674000 rw-p 00000000 00:00 0 
7fc5d6674000-7fc5d667f000 r-xp 00000000 08:01 3932244                    /lib/x86_64-linux-gnu/libnss_nis-2.23.so
7fc5d667f000-7fc5d687e000 ---p 0000b000 08:01 3932244                    /lib/x86_64-linux-gnu/libnss_nis-2.23.so
7fc5d687e000-7fc5d687f000 r--p 0000a000 08:01 3932244                    /lib/x86_64-linux-gnu/libnss_nis-2.23.so
7fc5d687f000-7fc5d6880000 rw-p 0000b000 08:01 3932244                    /lib/x86_64-linux-gnu/libnss_nis-2.23.so
7fc5d6880000-7fc5d6896000 r-xp 00000000 08:01 3932246                    /lib/x86_64-linux-gnu/libnsl-2.23.so
7fc5d6896000-7fc5d6a95000 ---p 00016000 08:01 3932246                    /lib/x86_64-linux-gnu/libnsl-2.23.so
7fc5d6a95000-7fc5d6a96000 r--p 00015000 08:01 3932246                    /lib/x86_64-linux-gnu/libnsl-2.23.so
7fc5d6a96000-7fc5d6a97000 rw-p 00016000 08:01 3932246                    /lib/x86_64-linux-gnu/libnsl-2.23.so
7fc5d6a97000-7fc5d6a99000 rw-p 00000000 00:00 0 
7fc5d6a99000-7fc5d6aa1000 r-xp 00000000 08:01 3932253                    /lib/x86_64-linux-gnu/libnss_compat-2.23.so
7fc5d6aa1000-7fc5d6ca0000 ---p 00008000 08:01 3932253                    /lib/x86_64-linux-gnu/libnss_compat-2.23.so
7fc5d6ca0000-7fc5d6ca1000 r--p 00007000 08:01 3932253                    /lib/x86_64-linux-gnu/libnss_compat-2.23.so
7fc5d6ca1000-7fc5d6ca2000 rw-p 00008000 08:01 3932253                    /lib/x86_64-linux-gnu/libnss_compat-2.23.so
7fc5d6ca2000-7fc5d6ccd000 r-xp 00000000 08:01 8783907                    /home/elixandrebaldi/jdk1.8.0_111/jre/lib/amd64/libjava.so
7fc5d6ccd000-7fc5d6ecc000 ---p 0002b000 08:01 8783907                    /home/elixandrebaldi/jdk1.8.0_111/jre/lib/amd64/libjava.so
7fc5d6ecc000-7fc5d6ece000 rw-p 0002a000 08:01 8783907                    /home/elixandrebaldi/jdk1.8.0_111/jre/lib/amd64/libjava.so
7fc5d6ece000-7fc5d6edb000 r-xp 00000000 08:01 8783870                    /home/elixandrebaldi/jdk1.8.0_111/jre/lib/amd64/libverify.so
7fc5d6edb000-7fc5d70da000 ---p 0000d000 08:01 8783870                    /home/elixandrebaldi/jdk1.8.0_111/jre/lib/amd64/libverify.so
7fc5d70da000-7fc5d70dc000 rw-p 0000c000 08:01 8783870                    /home/elixandrebaldi/jdk1.8.0_111/jre/lib/amd64/libverify.so
7fc5d70dc000-7fc5d70e3000 r-xp 00000000 08:01 3932254                    /lib/x86_64-linux-gnu/librt-2.23.so
7fc5d70e3000-7fc5d72e2000 ---p 00007000 08:01 3932254                    /lib/x86_64-linux-gnu/librt-2.23.so
7fc5d72e2000-7fc5d72e3000 r--p 00006000 08:01 3932254                    /lib/x86_64-linux-gnu/librt-2.23.so
7fc5d72e3000-7fc5d72e4000 rw-p 00007000 08:01 3932254                    /lib/x86_64-linux-gnu/librt-2.23.so
7fc5d72e4000-7fc5d73ec000 r-xp 00000000 08:01 3932245                    /lib/x86_64-linux-gnu/libm-2.23.so
7fc5d73ec000-7fc5d75eb000 ---p 00108000 08:01 3932245                    /lib/x86_64-linux-gnu/libm-2.23.so
7fc5d75eb000-7fc5d75ec000 r--p 00107000 08:01 3932245                    /lib/x86_64-linux-gnu/libm-2.23.so
7fc5d75ec000-7fc5d75ed000 rw-p 00108000 08:01 3932245                    /lib/x86_64-linux-gnu/libm-2.23.so
7fc5d75ed000-7fc5d82ba000 r-xp 00000000 08:01 8783785                    /home/elixandrebaldi/jdk1.8.0_111/jre/lib/amd64/server/libjvm.so
7fc5d82ba000-7fc5d84b9000 ---p 00ccd000 08:01 8783785                    /home/elixandrebaldi/jdk1.8.0_111/jre/lib/amd64/server/libjvm.so
7fc5d84b9000-7fc5d8592000 rw-p 00ccc000 08:01 8783785                    /home/elixandrebaldi/jdk1.8.0_111/jre/lib/amd64/server/libjvm.so
7fc5d8592000-7fc5d85dd000 rw-p 00000000 00:00 0 
7fc5d85dd000-7fc5d879c000 r-xp 00000000 08:01 3932247                    /lib/x86_64-linux-gnu/libc-2.23.so
7fc5d879c000-7fc5d899c000 ---p 001bf000 08:01 3932247                    /lib/x86_64-linux-gnu/libc-2.23.so
7fc5d899c000-7fc5d89a0000 r--p 001bf000 08:01 3932247                    /lib/x86_64-linux-gnu/libc-2.23.so
7fc5d89a0000-7fc5d89a2000 rw-p 001c3000 08:01 3932247                    /lib/x86_64-linux-gnu/libc-2.23.so
7fc5d89a2000-7fc5d89a6000 rw-p 00000000 00:00 0 
7fc5d89a6000-7fc5d89a9000 r-xp 00000000 08:01 3932243                    /lib/x86_64-linux-gnu/libdl-2.23.so
7fc5d89a9000-7fc5d8ba8000 ---p 00003000 08:01 3932243                    /lib/x86_64-linux-gnu/libdl-2.23.so
7fc5d8ba8000-7fc5d8ba9000 r--p 00002000 08:01 3932243                    /lib/x86_64-linux-gnu/libdl-2.23.so
7fc5d8ba9000-7fc5d8baa000 rw-p 00003000 08:01 3932243                    /lib/x86_64-linux-gnu/libdl-2.23.so
7fc5d8baa000-7fc5d8bbf000 r-xp 00000000 08:01 8783943                    /home/elixandrebaldi/jdk1.8.0_111/lib/amd64/jli/libjli.so
7fc5d8bbf000-7fc5d8dbf000 ---p 00015000 08:01 8783943                    /home/elixandrebaldi/jdk1.8.0_111/lib/amd64/jli/libjli.so
7fc5d8dbf000-7fc5d8dc0000 rw-p 00015000 08:01 8783943                    /home/elixandrebaldi/jdk1.8.0_111/lib/amd64/jli/libjli.so
7fc5d8dc0000-7fc5d8dd8000 r-xp 00000000 08:01 3932258                    /lib/x86_64-linux-gnu/libpthread-2.23.so
7fc5d8dd8000-7fc5d8fd7000 ---p 00018000 08:01 3932258                    /lib/x86_64-linux-gnu/libpthread-2.23.so
7fc5d8fd7000-7fc5d8fd8000 r--p 00017000 08:01 3932258                    /lib/x86_64-linux-gnu/libpthread-2.23.so
7fc5d8fd8000-7fc5d8fd9000 rw-p 00018000 08:01 3932258                    /lib/x86_64-linux-gnu/libpthread-2.23.so
7fc5d8fd9000-7fc5d8fdd000 rw-p 00000000 00:00 0 
7fc5d8fdd000-7fc5d9003000 r-xp 00000000 08:01 3932248                    /lib/x86_64-linux-gnu/ld-2.23.so
7fc5d9008000-7fc5d90e0000 rw-p 00000000 00:00 0 
7fc5d90e0000-7fc5d90e3000 ---p 00000000 00:00 0 
7fc5d90e3000-7fc5d91e5000 rw-p 00000000 00:00 0 
7fc5d91ee000-7fc5d91f3000 r--s 00096000 08:01 8783911                    /home/elixandrebaldi/jdk1.8.0_111/jre/lib/jsse.jar
7fc5d91f3000-7fc5d91f6000 r--s 00f76000 08:01 8524426                    /home/elixandrebaldi/Documentos/VCubeDHT/simgrid.jar
7fc5d91f6000-7fc5d91fe000 rw-s 00000000 08:01 2359623                    /tmp/hsperfdata_elixandrebaldi/16492
7fc5d91fe000-7fc5d91ff000 rw-p 00000000 00:00 0 
7fc5d91ff000-7fc5d9200000 r--p 00000000 00:00 0 
7fc5d9200000-7fc5d9202000 rw-p 00000000 00:00 0 
7fc5d9202000-7fc5d9203000 r--p 00025000 08:01 3932248                    /lib/x86_64-linux-gnu/ld-2.23.so
7fc5d9203000-7fc5d9204000 rw-p 00026000 08:01 3932248                    /lib/x86_64-linux-gnu/ld-2.23.so
7fc5d9204000-7fc5d9205000 rw-p 00000000 00:00 0 
7fff659c7000-7fff659e8000 rw-p 00000000 00:00 0                          [stack]
7fff659f6000-7fff659f8000 r--p 00000000 00:00 0                          [vvar]
7fff659f8000-7fff659fa000 r-xp 00000000 00:00 0                          [vdso]
ffffffffff600000-ffffffffff601000 r-xp 00000000 00:00 0                  [vsyscall]

VM Arguments:
jvm_args: -Dfile.encoding=UTF-8 
java_command: vcube.VCube platform.xml deployment.xml
java_class_path (initial): /home/elixandrebaldi/Documentos/VCubeDHT/simgrid.jar:/home/elixandrebaldi/Documentos/VCubeDHT/VCube/build/classes
Launcher Type: SUN_STANDARD

Environment Variables:
PATH=/home/elixandrebaldi/bin:/home/elixandrebaldi/.local/bin:/usr/local/sbin:/usr/local/bin:/usr/sbin:/usr/bin:/sbin:/bin:/usr/games:/usr/local/games
LD_LIBRARY_PATH=/home/elixandrebaldi/jdk1.8.0_111/jre/lib/amd64:/home/elixandrebaldi/jdk1.8.0_111/jre/lib/i386:
SHELL=/bin/bash
DISPLAY=:0

Signal Handlers:
SIGSEGV: [libjvm.so+0xac64b0], sa_mask[0]=11111111011111111101111111111110, sa_flags=SA_RESTART|SA_SIGINFO
SIGBUS: [libjvm.so+0xac64b0], sa_mask[0]=11111111011111111101111111111110, sa_flags=SA_RESTART|SA_SIGINFO
SIGFPE: [libjvm.so+0x91f950], sa_mask[0]=11111111011111111101111111111110, sa_flags=SA_RESTART|SA_SIGINFO
SIGPIPE: [libjvm.so+0x91f950], sa_mask[0]=11111111011111111101111111111110, sa_flags=SA_RESTART|SA_SIGINFO
SIGXFSZ: [libjvm.so+0x91f950], sa_mask[0]=11111111011111111101111111111110, sa_flags=SA_RESTART|SA_SIGINFO
SIGILL: [libjvm.so+0x91f950], sa_mask[0]=11111111011111111101111111111110, sa_flags=SA_RESTART|SA_SIGINFO
SIGUSR1: SIG_DFL, sa_mask[0]=00000000000000000000000000000000, sa_flags=none
SIGUSR2: [libjvm.so+0x920f80], sa_mask[0]=00100000000000000000000000000000, sa_flags=SA_RESTART|SA_SIGINFO
SIGHUP: [libjvm.so+0x922380], sa_mask[0]=11111111011111111101111111111110, sa_flags=SA_RESTART|SA_SIGINFO
SIGINT: [libsimgrid.so+0x8ff50], sa_mask[0]=01000000000000000000000000000000, sa_flags=SA_RESTART
SIGTERM: [libjvm.so+0x922380], sa_mask[0]=11111111011111111101111111111110, sa_flags=SA_RESTART|SA_SIGINFO
SIGQUIT: [libjvm.so+0x922380], sa_mask[0]=11111111011111111101111111111110, sa_flags=SA_RESTART|SA_SIGINFO


---------------  S Y S T E M  ---------------

OS:DISTRIB_ID="elementary"
DISTRIB_RELEASE=0.4.1
DISTRIB_CODENAME=loki
DISTRIB_DESCRIPTION="elementary OS 0.4.1 Loki"

uname:Linux 4.4.0-79-generic #100-Ubuntu SMP Wed May 17 19:58:14 UTC 2017 x86_64
libc:glibc 2.23 NPTL 2.23 
rlimit: STACK 8192k, CORE 0k, NPROC 14991, NOFILE 65536, AS infinity
load average:0.92 4.92 4.44

/proc/meminfo:
MemTotal:        3878592 kB
MemFree:          481548 kB
MemAvailable:     687036 kB
Buffers:           24824 kB
Cached:           732496 kB
SwapCached:        51108 kB
Active:          2195140 kB
Inactive:         998904 kB
Active(anon):    1973528 kB
Inactive(anon):   834776 kB
Active(file):     221612 kB
Inactive(file):   164128 kB
Unevictable:          64 kB
Mlocked:              64 kB
SwapTotal:       4025340 kB
SwapFree:        3632328 kB
Dirty:             12340 kB
Writeback:             0 kB
AnonPages:       2385976 kB
Mapped:           461452 kB
Shmem:            371604 kB
Slab:              82224 kB
SReclaimable:      44488 kB
SUnreclaim:        37736 kB
KernelStack:       10832 kB
PageTables:        46548 kB
NFS_Unstable:          0 kB
Bounce:                0 kB
WritebackTmp:          0 kB
CommitLimit:     5964636 kB
Committed_AS:    8151832 kB
VmallocTotal:   34359738367 kB
VmallocUsed:           0 kB
VmallocChunk:          0 kB
HardwareCorrupted:     0 kB
AnonHugePages:   1103872 kB
CmaTotal:              0 kB
CmaFree:               0 kB
HugePages_Total:       0
HugePages_Free:        0
HugePages_Rsvd:        0
HugePages_Surp:        0
Hugepagesize:       2048 kB
DirectMap4k:      189176 kB
DirectMap2M:     3837952 kB


CPU:total 4 (2 cores per cpu, 2 threads per core) family 6 model 58 stepping 9, cmov, cx8, fxsr, mmx, sse, sse2, sse3, ssse3, sse4.1, sse4.2, popcnt, avx, clmul, erms, ht, tsc, tscinvbit, tscinv

/proc/cpuinfo:
processor	: 0
vendor_id	: GenuineIntel
cpu family	: 6
model		: 58
model name	: Intel(R) Core(TM) i7-3517U CPU @ 1.90GHz
stepping	: 9
microcode	: 0x12
cpu MHz		: 2799.937
cache size	: 4096 KB
physical id	: 0
siblings	: 4
core id		: 0
cpu cores	: 2
apicid		: 0
initial apicid	: 0
fpu		: yes
fpu_exception	: yes
cpuid level	: 13
wp		: yes
flags		: fpu vme de pse tsc msr pae mce cx8 apic sep mtrr pge mca cmov pat pse36 clflush dts acpi mmx fxsr sse sse2 ss ht tm pbe syscall nx rdtscp lm constant_tsc arch_perfmon pebs bts rep_good nopl xtopology nonstop_tsc aperfmperf eagerfpu pni pclmulqdq dtes64 monitor ds_cpl vmx est tm2 ssse3 cx16 xtpr pdcm pcid sse4_1 sse4_2 x2apic popcnt tsc_deadline_timer xsave avx f16c rdrand lahf_lm epb tpr_shadow vnmi flexpriority ept vpid fsgsbase smep erms xsaveopt dtherm ida arat pln pts
bugs		:
bogomips	: 4789.47
clflush size	: 64
cache_alignment	: 64
address sizes	: 36 bits physical, 48 bits virtual
power management:

processor	: 1
vendor_id	: GenuineIntel
cpu family	: 6
model		: 58
model name	: Intel(R) Core(TM) i7-3517U CPU @ 1.90GHz
stepping	: 9
microcode	: 0x12
cpu MHz		: 2799.937
cache size	: 4096 KB
physical id	: 0
siblings	: 4
core id		: 0
cpu cores	: 2
apicid		: 1
initial apicid	: 1
fpu		: yes
fpu_exception	: yes
cpuid level	: 13
wp		: yes
flags		: fpu vme de pse tsc msr pae mce cx8 apic sep mtrr pge mca cmov pat pse36 clflush dts acpi mmx fxsr sse sse2 ss ht tm pbe syscall nx rdtscp lm constant_tsc arch_perfmon pebs bts rep_good nopl xtopology nonstop_tsc aperfmperf eagerfpu pni pclmulqdq dtes64 monitor ds_cpl vmx est tm2 ssse3 cx16 xtpr pdcm pcid sse4_1 sse4_2 x2apic popcnt tsc_deadline_timer xsave avx f16c rdrand lahf_lm epb tpr_shadow vnmi flexpriority ept vpid fsgsbase smep erms xsaveopt dtherm ida arat pln pts
bugs		:
bogomips	: 4789.47
clflush size	: 64
cache_alignment	: 64
address sizes	: 36 bits physical, 48 bits virtual
power management:

processor	: 2
vendor_id	: GenuineIntel
cpu family	: 6
model		: 58
model name	: Intel(R) Core(TM) i7-3517U CPU @ 1.90GHz
stepping	: 9
microcode	: 0x12
cpu MHz		: 2799.937
cache size	: 4096 KB
physical id	: 0
siblings	: 4
core id		: 1
cpu cores	: 2
apicid		: 2
initial apicid	: 2
fpu		: yes
fpu_exception	: yes
cpuid level	: 13
wp		: yes
flags		: fpu vme de pse tsc msr pae mce cx8 apic sep mtrr pge mca cmov pat pse36 clflush dts acpi mmx fxsr sse sse2 ss ht tm pbe syscall nx rdtscp lm constant_tsc arch_perfmon pebs bts rep_good nopl xtopology nonstop_tsc aperfmperf eagerfpu pni pclmulqdq dtes64 monitor ds_cpl vmx est tm2 ssse3 cx16 xtpr pdcm pcid sse4_1 sse4_2 x2apic popcnt tsc_deadline_timer xsave avx f16c rdrand lahf_lm epb tpr_shadow vnmi flexpriority ept vpid fsgsbase smep erms xsaveopt dtherm ida arat pln pts
bugs		:
bogomips	: 4789.47
clflush size	: 64
cache_alignment	: 64
address sizes	: 36 bits physical, 48 bits virtual
power management:

processor	: 3
vendor_id	: GenuineIntel
cpu family	: 6
model		: 58
model name	: Intel(R) Core(TM) i7-3517U CPU @ 1.90GHz
stepping	: 9
microcode	: 0x12
cpu MHz		: 2799.937
cache size	: 4096 KB
physical id	: 0
siblings	: 4
core id		: 1
cpu cores	: 2
apicid		: 3
initial apicid	: 3
fpu		: yes
fpu_exception	: yes
cpuid level	: 13
wp		: yes
flags		: fpu vme de pse tsc msr pae mce cx8 apic sep mtrr pge mca cmov pat pse36 clflush dts acpi mmx fxsr sse sse2 ss ht tm pbe syscall nx rdtscp lm constant_tsc arch_perfmon pebs bts rep_good nopl xtopology nonstop_tsc aperfmperf eagerfpu pni pclmulqdq dtes64 monitor ds_cpl vmx est tm2 ssse3 cx16 xtpr pdcm pcid sse4_1 sse4_2 x2apic popcnt tsc_deadline_timer xsave avx f16c rdrand lahf_lm epb tpr_shadow vnmi flexpriority ept vpid fsgsbase smep erms xsaveopt dtherm ida arat pln pts
bugs		:
bogomips	: 4789.47
clflush size	: 64
cache_alignment	: 64
address sizes	: 36 bits physical, 48 bits virtual
power management:



Memory: 4k page, physical 3878592k(481548k free), swap 4025340k(3632328k free)

vm_info: Java HotSpot(TM) 64-Bit Server VM (25.111-b14) for linux-amd64 JRE (1.8.0_111-b14), built on Sep 22 2016 16:14:03 by "java_re" with gcc 4.3.0 20080428 (Red Hat 4.3.0-8)

time: Sat Jun 10 18:49:19 2017
elapsed time: 1 seconds (0d 0h 0m 1s)

