#
# A fatal error has been detected by the Java Runtime Environment:
#
#  SIGSEGV (0xb) at pc=0x00007f6254264263, pid=9347, tid=0x00007f625560d700
#
# JRE version: Java(TM) SE Runtime Environment (8.0_111-b14) (build 1.8.0_111-b14)
# Java VM: Java HotSpot(TM) 64-Bit Server VM (25.111-b14 mixed mode linux-amd64 compressed oops)
# Problematic frame:
# C  [libsimgrid.so+0x190263]  xbt_dynar_member+0x23
#
# Failed to write core dump. Core dumps have been disabled. To enable core dumping, try "ulimit -c unlimited" before starting Java again
#
# If you would like to submit a bug report, please visit:
#   http://bugreport.java.com/bugreport/crash.jsp
#

---------------  T H R E A D  ---------------

Current thread (0x00007f6268077800):  VMThread [stack: 0x00007f625550d000,0x00007f625560e000] [id=9356]

siginfo: si_signo: 11 (SIGSEGV), si_code: 1 (SEGV_MAPERR), si_addr: 0x0000000000000000

Registers:
RAX=0x0000000000000000, RBX=0x00007f62545d0700, RCX=0x0000000000000000, RDX=0x00007f625560da30
RSP=0x00007f625560c590, RBP=0x00007f62681324c0, RSI=0x00007f625560c738, RDI=0x00007f625560c650
R8 =0x00007f62681294d0, R9 =0x00007f62681294d0, R10=0x0000000000000c58, R11=0x00007f6254264240
R12=0x00007f62545db790, R13=0x00007f62681124f0, R14=0x00000000000003d8, R15=0x00007f6268026e88
RIP=0x00007f6254264263, EFLAGS=0x0000000000010206, CSGSFS=0x0000000000000033, ERR=0x0000000000000004
  TRAPNO=0x000000000000000e

Top of Stack: (sp=0x00007f625560c590)
0x00007f625560c590:   0000000000000000 0000000000000000
0x00007f625560c5a0:   00007f6268129570 00007f625560c738
0x00007f625560c5b0:   0000000000000000 0000000000000000
0x00007f625560c5c0:   0000000000000000 0000000000000000
0x00007f625560c5d0:   0000000000000000 0000000000000000
0x00007f625560c5e0:   0000000000000000 0000000000000000
0x00007f625560c5f0:   0000000000000000 0000000000000000
0x00007f625560c600:   0000ff00000000ff 00000000ff000000
0x00007f625560c610:   0000000000000000 0000000000000000
0x00007f625560c620:   0000000000000000 0000000000000000
0x00007f625560c630:   0000000000000000 0000000000000000
0x00007f625560c640:   0000000042c80000 0000000000000000
0x00007f625560c650:   0000000000000000 0000000000000000
0x00007f625560c660:   00007f6256817ff0 00007f62568184b0
0x00007f625560c670:   0000000000000000 0000000000000000
0x00007f625560c680:   00007f625459b400 00007f62681380d0
0x00007f625560c690:   00007f62681124f0 00007f625425aa0a
0x00007f625560c6a0:   00007f626898b980 00007f625459b400
0x00007f625560c6b0:   00007f62681380d0 00007f62542ca286
0x00007f625560c6c0:   00007f6268170980 0000000000000000
0x00007f625560c6d0:   0000000000000000 00007f625560c738
0x00007f625560c6e0:   00007f6268129570 00007f62681294d0
0x00007f625560c6f0:   00007f62681294d0 00007f62545d3a98
0x00007f625560c700:   00007f626812b730 0000000000000001
0x00007f625560c710:   00007f62545d0700 00007f62681109d0
0x00007f625560c720:   00007f62545d0700 00007f625428134f
0x00007f625560c730:   0000000000000000 00007f62681380d0
0x00007f625560c740:   00007f6256817ff0 00007f62568184b0
0x00007f625560c750:   0000000000000000 00007f62545d3a98
0x00007f625560c760:   00007f626812b730 0000000000000001
0x00007f625560c770:   00007f62681124f0 00007f6254262d37
0x00007f625560c780:   00007f62681124f0 00007f62545d3098 

Instructions: (pc=0x00007f6254264263)
0x00007f6254264243:   ec 90 01 00 00 48 8b 05 01 a2 33 00 48 89 7c 24
0x00007f6254264253:   10 48 89 74 24 18 ff 10 48 8d bc 24 c0 00 00 00
0x00007f6254264263:   48 8b 08 48 89 04 24 48 89 38 48 89 4c 24 08 e8
0x00007f6254264273:   79 31 ed ff 85 c0 74 75 48 8b 14 24 c7 42 08 01 

Register to memory mapping:

RAX=0x0000000000000000 is an unknown value
RBX=0x00007f62545d0700: _simgrid_log_category__simix_process+0 in /tmp/simgrid-java6475461999638324973/libsimgrid.so at 0x00007f62540d4000
RCX=0x0000000000000000 is an unknown value
RDX=0x00007f625560da30 is an unknown value
RSP=0x00007f625560c590 is an unknown value
RBP=0x00007f62681324c0 is an unknown value
RSI=0x00007f625560c738 is an unknown value
RDI=0x00007f625560c650 is an unknown value
R8 =0x00007f62681294d0 is an unknown value
R9 =0x00007f62681294d0 is an unknown value
R10=0x0000000000000c58 is an unknown value
R11=0x00007f6254264240: xbt_dynar_member+0 in /tmp/simgrid-java6475461999638324973/libsimgrid.so at 0x00007f62540d4000
R12=0x00007f62545db790: simix_global+0 in /tmp/simgrid-java6475461999638324973/libsimgrid.so at 0x00007f62540d4000
R13=0x00007f62681124f0 is an unknown value
R14=0x00000000000003d8 is an unknown value
R15=0x00007f6268026e88 is an unknown value


Stack: [0x00007f625550d000,0x00007f625560e000],  sp=0x00007f625560c590,  free space=1021k
Native frames: (J=compiled Java code, j=interpreted, Vv=VM code, C=native code)
C  [libsimgrid.so+0x190263]  xbt_dynar_member+0x23

VM_Operation (0x00007f62303f7450): Exit, mode: safepoint, requested by thread 0x00007f622c001000


---------------  P R O C E S S  ---------------

Java Threads: ( => current thread )
  0x00007f61b4001000 JavaThread "Thread-0" [_thread_blocked, id=9382, stack(0x00007f62301f7000,0x00007f62302f8000)]
  0x00007f622c001000 JavaThread "SIGTERM handler" daemon [_thread_blocked, id=9381, stack(0x00007f62302f8000,0x00007f62303f9000)]
  0x00007f61c0001000 JavaThread "Thread-16" [_thread_in_native, id=9379, stack(0x00007f6211ffc000,0x00007f62127fd000)]
  0x00007f61bc001000 JavaThread "Thread-15" [_thread_in_native, id=9378, stack(0x00007f62127fd000,0x00007f6212ffe000)]
  0x00007f61c8001000 JavaThread "Thread-14" [_thread_in_native, id=9380, stack(0x00007f62117fb000,0x00007f6211ffc000)]
  0x00007f61cc001000 JavaThread "Thread-13" [_thread_in_native, id=9376, stack(0x00007f62137ff000,0x00007f6214000000)]
  0x00007f61c4001000 JavaThread "Thread-10" [_thread_in_native, id=9377, stack(0x00007f6212ffe000,0x00007f62137ff000)]
  0x00007f61d8001000 JavaThread "Thread-5" [_thread_in_native, id=9365, stack(0x00007f6231bfc000,0x00007f62323fd000)]
  0x00007f61d4001000 JavaThread "Thread-4" [_thread_in_native, id=9374, stack(0x00007f6218ffa000,0x00007f62197fb000)]
  0x00007f61dc001000 JavaThread "Thread-6" [_thread_blocked, id=9367, stack(0x00007f6230bfa000,0x00007f62313fb000)]
  0x00007f6200001000 JavaThread "Thread-1" [_thread_in_native, id=9369, stack(0x00007f621b7ff000,0x00007f621c000000)]
  0x00007f61e8001000 JavaThread "Thread-8" [_thread_in_native, id=9366, stack(0x00007f62313fb000,0x00007f6231bfc000)]
  0x00007f6204001000 JavaThread "Thread-12" [_thread_in_native, id=9371, stack(0x00007f621a7fd000,0x00007f621affe000)]
  0x00007f61f4001000 JavaThread "Thread-9" [_thread_in_native, id=9372, stack(0x00007f6219ffc000,0x00007f621a7fd000)]
  0x00007f61fc001000 JavaThread "Thread-2" [_thread_in_native, id=9368, stack(0x00007f62303f9000,0x00007f6230bfa000)]
  0x00007f61e4001000 JavaThread "Thread-11" [_thread_in_native, id=9373, stack(0x00007f62197fb000,0x00007f6219ffc000)]
  0x00007f61ec001000 JavaThread "Thread-3" [_thread_in_native, id=9370, stack(0x00007f621affe000,0x00007f621b7ff000)]
  0x00007f620c001000 JavaThread "Thread-7" [_thread_in_native, id=9375, stack(0x00007f62187f9000,0x00007f6218ffa000)]
  0x00007f62680c0000 JavaThread "Service Thread" daemon [_thread_blocked, id=9363, stack(0x00007f6254e06000,0x00007f6254f07000)]
  0x00007f62680bd000 JavaThread "C1 CompilerThread2" daemon [_thread_blocked, id=9362, stack(0x00007f6254f07000,0x00007f6255008000)]
  0x00007f62680bb000 JavaThread "C2 CompilerThread1" daemon [_thread_blocked, id=9361, stack(0x00007f6255008000,0x00007f6255109000)]
  0x00007f62680b8800 JavaThread "C2 CompilerThread0" daemon [_thread_blocked, id=9360, stack(0x00007f6255109000,0x00007f625520a000)]
  0x00007f6268084000 JavaThread "Finalizer" daemon [_thread_blocked, id=9358, stack(0x00007f625530b000,0x00007f625540c000)]
  0x00007f626807f000 JavaThread "Reference Handler" daemon [_thread_blocked, id=9357, stack(0x00007f625540c000,0x00007f625550d000)]
  0x00007f626800a000 JavaThread "main" [_thread_in_native, id=9350, stack(0x00007f626e150000,0x00007f626e251000)]

Other Threads:
=>0x00007f6268077800 VMThread [stack: 0x00007f625550d000,0x00007f625560e000] [id=9356]

VM state:at safepoint (shutting down)

VM Mutex/Monitor currently owned by a thread:  ([mutex/lock_event])
[0x00007f62680060f0] Threads_lock - owner thread: 0x00007f6268077800

Heap:
 PSYoungGen      total 17920K, used 13705K [0x00000000d5580000, 0x00000000d7880000, 0x0000000100000000)
  eden space 15360K, 72% used [0x00000000d5580000,0x00000000d60666b8,0x00000000d6480000)
  from space 2560K, 99% used [0x00000000d6480000,0x00000000d66fc010,0x00000000d6700000)
  to   space 2560K, 0% used [0x00000000d7600000,0x00000000d7600000,0x00000000d7880000)
 ParOldGen       total 40960K, used 296K [0x0000000080000000, 0x0000000082800000, 0x00000000d5580000)
  object space 40960K, 0% used [0x0000000080000000,0x000000008004a020,0x0000000082800000)
 Metaspace       used 3754K, capacity 4704K, committed 4864K, reserved 1056768K
  class space    used 417K, capacity 464K, committed 512K, reserved 1048576K

Card table byte_map: [0x00007f62579aa000,0x00007f6257dab000] byte_map_base: 0x00007f62575aa000

Marking Bits: (ParMarkBitMap*) 0x00007f626d620220
 Begin Bits: [0x00007f624c000000, 0x00007f624e000000)
 End Bits:   [0x00007f624e000000, 0x00007f6250000000)

Polling page: 0x00007f626e26f000

CodeCache: size=245760Kb used=1958Kb max_used=1980Kb free=243801Kb
 bounds [0x00007f625816b000, 0x00007f62583db000, 0x00007f626716b000]
 total_blobs=453 nmethods=190 adapters=177
 compilation: enabled

Compilation events (10 events):
Event: 1.315 Thread 0x00007f62680bd000  186 % !   3       vcube.Node::main @ 35 (1855 bytes)
Event: 1.325 Thread 0x00007f62680b8800  187       4       java.util.AbstractCollection::toArray (147 bytes)
Event: 1.337 Thread 0x00007f62680bb000  188       4       java.lang.String::split (326 bytes)
Event: 1.339 Thread 0x00007f62680b8800 nmethod 187 0x00007f625832f090 code [0x00007f625832f200, 0x00007f625832f738]
Event: 1.348 Thread 0x00007f62680bd000 nmethod 186% 0x00007f625832fb10 code [0x00007f6258330ec0, 0x00007f6258340268]
Event: 1.369 Thread 0x00007f62680b8800  189 % !   4       vcube.Node::main @ 59 (1855 bytes)
Event: 1.472 Thread 0x00007f62680bb000 nmethod 188 0x00007f625834f250 code [0x00007f625834f4e0, 0x00007f6258351378]
Event: 1.472 Thread 0x00007f62680bb000  190       4       java.util.AbstractCollection::toArray (147 bytes)
Event: 1.492 Thread 0x00007f62680bb000 nmethod 190 0x00007f625834e490 code [0x00007f625834e620, 0x00007f625834ecb8]
Event: 1.792 Thread 0x00007f62680b8800 nmethod 189% 0x00007f6258358250 code [0x00007f62583587c0, 0x00007f625835d4b0]

GC Heap History (2 events):
Event: 0.983 GC heap before
{Heap before GC invocations=1 (full 0):
 PSYoungGen      total 17920K, used 15360K [0x00000000d5580000, 0x00000000d6980000, 0x0000000100000000)
  eden space 15360K, 100% used [0x00000000d5580000,0x00000000d6480000,0x00000000d6480000)
  from space 2560K, 0% used [0x00000000d6700000,0x00000000d6700000,0x00000000d6980000)
  to   space 2560K, 0% used [0x00000000d6480000,0x00000000d6480000,0x00000000d6700000)
 ParOldGen       total 40960K, used 0K [0x0000000080000000, 0x0000000082800000, 0x00000000d5580000)
  object space 40960K, 0% used [0x0000000080000000,0x0000000080000000,0x0000000082800000)
 Metaspace       used 3735K, capacity 4704K, committed 4864K, reserved 1056768K
  class space    used 414K, capacity 464K, committed 512K, reserved 1048576K
Event: 0.996 GC heap after
Heap after GC invocations=1 (full 0):
 PSYoungGen      total 17920K, used 2544K [0x00000000d5580000, 0x00000000d7880000, 0x0000000100000000)
  eden space 15360K, 0% used [0x00000000d5580000,0x00000000d5580000,0x00000000d6480000)
  from space 2560K, 99% used [0x00000000d6480000,0x00000000d66fc010,0x00000000d6700000)
  to   space 2560K, 0% used [0x00000000d7600000,0x00000000d7600000,0x00000000d7880000)
 ParOldGen       total 40960K, used 296K [0x0000000080000000, 0x0000000082800000, 0x00000000d5580000)
  object space 40960K, 0% used [0x0000000080000000,0x000000008004a020,0x0000000082800000)
 Metaspace       used 3735K, capacity 4704K, committed 4864K, reserved 1056768K
  class space    used 414K, capacity 464K, committed 512K, reserved 1048576K
}

Deoptimization events (1 events):
Event: 1.341 Thread 0x00007f61e4001000 Uncommon trap: reason=predicate action=maybe_recompile pc=0x00007f625832f5a0 method=java.util.AbstractCollection.toArray([Ljava/lang/Object;)[Ljava/lang/Object; @ 49

Internal exceptions (10 events):
Event: 1.790 Thread 0x00007f61e8001000 Exception <a 'java/lang/ArrayIndexOutOfBoundsException'> (0x00000000d5f5dcc0) thrown at [/HUDSON3/workspace/8-2-build-linux-amd64/jdk8u111/7883/hotspot/src/share/vm/runtime/sharedRuntime.cpp, line 605]
Event: 1.790 Thread 0x00007f61ec001000 Exception <a 'java/lang/ArrayIndexOutOfBoundsException'> (0x00000000d5ffb248) thrown at [/HUDSON3/workspace/8-2-build-linux-amd64/jdk8u111/7883/hotspot/src/share/vm/runtime/sharedRuntime.cpp, line 605]
Event: 1.790 Thread 0x00007f6200001000 Exception <a 'java/lang/ArrayIndexOutOfBoundsException'> (0x00000000d5ee9100) thrown at [/HUDSON3/workspace/8-2-build-linux-amd64/jdk8u111/7883/hotspot/src/share/vm/runtime/sharedRuntime.cpp, line 605]
Event: 1.791 Thread 0x00007f61cc001000 Exception <a 'java/lang/ArrayIndexOutOfBoundsException'> (0x00000000d5e9a488) thrown at [/HUDSON3/workspace/8-2-build-linux-amd64/jdk8u111/7883/hotspot/src/share/vm/runtime/sharedRuntime.cpp, line 605]
Event: 1.791 Thread 0x00007f61c4001000 Exception <a 'java/lang/ArrayIndexOutOfBoundsException'> (0x00000000d5e72578) thrown at [/HUDSON3/workspace/8-2-build-linux-amd64/jdk8u111/7883/hotspot/src/share/vm/runtime/sharedRuntime.cpp, line 605]
Event: 1.791 Thread 0x00007f61bc001000 Exception <a 'java/lang/ArrayIndexOutOfBoundsException'> (0x00000000d5e4a668) thrown at [/HUDSON3/workspace/8-2-build-linux-amd64/jdk8u111/7883/hotspot/src/share/vm/runtime/sharedRuntime.cpp, line 605]
Event: 1.791 Thread 0x00007f61c0001000 Exception <a 'java/lang/ArrayIndexOutOfBoundsException'> (0x00000000d5e22758) thrown at [/HUDSON3/workspace/8-2-build-linux-amd64/jdk8u111/7883/hotspot/src/share/vm/runtime/sharedRuntime.cpp, line 605]
Event: 1.791 Thread 0x00007f61e4001000 Exception <a 'java/lang/ArrayIndexOutOfBoundsException'> (0x00000000d5dab2c8) thrown at [/HUDSON3/workspace/8-2-build-linux-amd64/jdk8u111/7883/hotspot/src/share/vm/runtime/sharedRuntime.cpp, line 605]
Event: 1.791 Thread 0x00007f620c001000 Exception <a 'java/lang/ArrayIndexOutOfBoundsException'> (0x00000000d5dfa848) thrown at [/HUDSON3/workspace/8-2-build-linux-amd64/jdk8u111/7883/hotspot/src/share/vm/runtime/sharedRuntime.cpp, line 605]
Event: 1.800 Thread 0x00007f61d8001000 Exception <a 'java/lang/ArrayIndexOutOfBoundsException'> (0x00000000d5f84198) thrown at [/HUDSON3/workspace/8-2-build-linux-amd64/jdk8u111/7883/hotspot/src/share/vm/runtime/sharedRuntime.cpp, line 605]

Events (10 events):
Event: 1.793 Thread 0x00007f622c001000 Thread added: 0x00007f622c001000
Event: 1.793 loading class java/util/IdentityHashMap$KeySet
Event: 1.793 loading class java/util/IdentityHashMap$KeySet done
Event: 1.794 loading class java/util/IdentityHashMap$KeyIterator
Event: 1.794 loading class java/util/IdentityHashMap$IdentityHashMapIterator
Event: 1.794 loading class java/util/IdentityHashMap$IdentityHashMapIterator done
Event: 1.794 loading class java/util/IdentityHashMap$KeyIterator done
Event: 1.801 Thread 0x00007f61b4001000 Thread added: 0x00007f61b4001000
Event: 1.802 Thread 0x00007f62680b7000 Thread exited: 0x00007f62680b7000
Event: 1.802 Executing VM operation: Exit


Dynamic libraries:
00400000-00401000 r-xp 00000000 08:01 8784123                            /home/elixandrebaldi/jdk1.8.0_111/bin/java
00600000-00601000 rw-p 00000000 08:01 8784123                            /home/elixandrebaldi/jdk1.8.0_111/bin/java
01fd8000-01ff9000 rw-p 00000000 00:00 0                                  [heap]
80000000-82800000 rw-p 00000000 00:00 0 
82800000-d5580000 ---p 00000000 00:00 0 
d5580000-d7880000 rw-p 00000000 00:00 0 
d7880000-100000000 ---p 00000000 00:00 0 
100000000-100080000 rw-p 00000000 00:00 0 
100080000-140000000 ---p 00000000 00:00 0 
7f61b4000000-7f61b4021000 rw-p 00000000 00:00 0 
7f61b4021000-7f61b8000000 ---p 00000000 00:00 0 
7f61bc000000-7f61bc1c6000 rw-p 00000000 00:00 0 
7f61bc1c6000-7f61c0000000 ---p 00000000 00:00 0 
7f61c0000000-7f61c01c6000 rw-p 00000000 00:00 0 
7f61c01c6000-7f61c4000000 ---p 00000000 00:00 0 
7f61c4000000-7f61c41c8000 rw-p 00000000 00:00 0 
7f61c41c8000-7f61c8000000 ---p 00000000 00:00 0 
7f61c8000000-7f61c81c7000 rw-p 00000000 00:00 0 
7f61c81c7000-7f61cc000000 ---p 00000000 00:00 0 
7f61cc000000-7f61cc1c9000 rw-p 00000000 00:00 0 
7f61cc1c9000-7f61d0000000 ---p 00000000 00:00 0 
7f61d4000000-7f61d41c7000 rw-p 00000000 00:00 0 
7f61d41c7000-7f61d8000000 ---p 00000000 00:00 0 
7f61d8000000-7f61d81d3000 rw-p 00000000 00:00 0 
7f61d81d3000-7f61dc000000 ---p 00000000 00:00 0 
7f61dc000000-7f61dc1c5000 rw-p 00000000 00:00 0 
7f61dc1c5000-7f61e0000000 ---p 00000000 00:00 0 
7f61e4000000-7f61e41c9000 rw-p 00000000 00:00 0 
7f61e41c9000-7f61e8000000 ---p 00000000 00:00 0 
7f61e8000000-7f61e81c4000 rw-p 00000000 00:00 0 
7f61e81c4000-7f61ec000000 ---p 00000000 00:00 0 
7f61ec000000-7f61ec1c7000 rw-p 00000000 00:00 0 
7f61ec1c7000-7f61f0000000 ---p 00000000 00:00 0 
7f61f4000000-7f61f41c6000 rw-p 00000000 00:00 0 
7f61f41c6000-7f61f8000000 ---p 00000000 00:00 0 
7f61fc000000-7f61fc1c6000 rw-p 00000000 00:00 0 
7f61fc1c6000-7f6200000000 ---p 00000000 00:00 0 
7f6200000000-7f62001c7000 rw-p 00000000 00:00 0 
7f62001c7000-7f6204000000 ---p 00000000 00:00 0 
7f6204000000-7f62041c6000 rw-p 00000000 00:00 0 
7f62041c6000-7f6208000000 ---p 00000000 00:00 0 
7f620c000000-7f620c1c8000 rw-p 00000000 00:00 0 
7f620c1c8000-7f6210000000 ---p 00000000 00:00 0 
7f62117fb000-7f62117fe000 ---p 00000000 00:00 0 
7f62117fe000-7f6211ffc000 rw-p 00000000 00:00 0 
7f6211ffc000-7f6211fff000 ---p 00000000 00:00 0 
7f6211fff000-7f62127fd000 rw-p 00000000 00:00 0 
7f62127fd000-7f6212800000 ---p 00000000 00:00 0 
7f6212800000-7f6212ffe000 rw-p 00000000 00:00 0 
7f6212ffe000-7f6213001000 ---p 00000000 00:00 0 
7f6213001000-7f62137ff000 rw-p 00000000 00:00 0 
7f62137ff000-7f6213802000 ---p 00000000 00:00 0 
7f6213802000-7f6214000000 rw-p 00000000 00:00 0 
7f6214000000-7f6214021000 rw-p 00000000 00:00 0 
7f6214021000-7f6218000000 ---p 00000000 00:00 0 
7f62187f9000-7f62187fc000 ---p 00000000 00:00 0 
7f62187fc000-7f6218ffa000 rw-p 00000000 00:00 0 
7f6218ffa000-7f6218ffd000 ---p 00000000 00:00 0 
7f6218ffd000-7f62197fb000 rw-p 00000000 00:00 0 
7f62197fb000-7f62197fe000 ---p 00000000 00:00 0 
7f62197fe000-7f6219ffc000 rw-p 00000000 00:00 0 
7f6219ffc000-7f6219fff000 ---p 00000000 00:00 0 
7f6219fff000-7f621a7fd000 rw-p 00000000 00:00 0 
7f621a7fd000-7f621a800000 ---p 00000000 00:00 0 
7f621a800000-7f621affe000 rw-p 00000000 00:00 0 
7f621affe000-7f621b001000 ---p 00000000 00:00 0 
7f621b001000-7f621b7ff000 rw-p 00000000 00:00 0 
7f621b7ff000-7f621b802000 ---p 00000000 00:00 0 
7f621b802000-7f621c000000 rw-p 00000000 00:00 0 
7f621c000000-7f621c4fe000 rw-p 00000000 00:00 0 
7f621c4fe000-7f6220000000 ---p 00000000 00:00 0 
7f6220000000-7f6220021000 rw-p 00000000 00:00 0 
7f6220021000-7f6224000000 ---p 00000000 00:00 0 
7f6224000000-7f622468d000 rw-p 00000000 00:00 0 
7f622468d000-7f6228000000 ---p 00000000 00:00 0 
7f6228000000-7f62281d4000 rw-p 00000000 00:00 0 
7f62281d4000-7f622c000000 ---p 00000000 00:00 0 
7f622c000000-7f622c021000 rw-p 00000000 00:00 0 
7f622c021000-7f6230000000 ---p 00000000 00:00 0 
7f62301f7000-7f62301fa000 ---p 00000000 00:00 0 
7f62301fa000-7f62302f8000 rw-p 00000000 00:00 0 
7f62302f8000-7f62302fb000 ---p 00000000 00:00 0 
7f62302fb000-7f62303f9000 rw-p 00000000 00:00 0 
7f62303f9000-7f62303fc000 ---p 00000000 00:00 0 
7f62303fc000-7f6230bfa000 rw-p 00000000 00:00 0 
7f6230bfa000-7f6230bfd000 ---p 00000000 00:00 0 
7f6230bfd000-7f62313fb000 rw-p 00000000 00:00 0 
7f62313fb000-7f62313fe000 ---p 00000000 00:00 0 
7f62313fe000-7f6231bfc000 rw-p 00000000 00:00 0 
7f6231bfc000-7f6231bff000 ---p 00000000 00:00 0 
7f6231bff000-7f62323fd000 rw-p 00000000 00:00 0 
7f62323fd000-7f6232415000 r-xp 00000000 08:01 2359590                    /tmp/simgrid-java6475461999638324973/libsimgrid-java.so (deleted)
7f6232415000-7f6232615000 ---p 00018000 08:01 2359590                    /tmp/simgrid-java6475461999638324973/libsimgrid-java.so (deleted)
7f6232615000-7f6232616000 rw-p 00018000 08:01 2359590                    /tmp/simgrid-java6475461999638324973/libsimgrid-java.so (deleted)
7f6232616000-7f623262c000 r-xp 00000000 08:01 3936627                    /lib/x86_64-linux-gnu/libgcc_s.so.1
7f623262c000-7f623282b000 ---p 00016000 08:01 3936627                    /lib/x86_64-linux-gnu/libgcc_s.so.1
7f623282b000-7f623282c000 rw-p 00015000 08:01 3936627                    /lib/x86_64-linux-gnu/libgcc_s.so.1
7f623282c000-7f623299e000 r-xp 00000000 08:01 23332798                   /usr/lib/x86_64-linux-gnu/libstdc++.so.6.0.21
7f623299e000-7f6232b9e000 ---p 00172000 08:01 23332798                   /usr/lib/x86_64-linux-gnu/libstdc++.so.6.0.21
7f6232b9e000-7f6232ba8000 r--p 00172000 08:01 23332798                   /usr/lib/x86_64-linux-gnu/libstdc++.so.6.0.21
7f6232ba8000-7f6232baa000 rw-p 0017c000 08:01 23332798                   /usr/lib/x86_64-linux-gnu/libstdc++.so.6.0.21
7f6232baa000-7f6232bae000 rw-p 00000000 00:00 0 
7f6232bae000-7f6234000000 r--p 00000000 08:01 23331759                   /usr/lib/locale/locale-archive
7f6234000000-7f6234021000 rw-p 00000000 00:00 0 
7f6234021000-7f6238000000 ---p 00000000 00:00 0 
7f6238000000-7f6238021000 rw-p 00000000 00:00 0 
7f6238021000-7f623c000000 ---p 00000000 00:00 0 
7f623c000000-7f623c021000 rw-p 00000000 00:00 0 
7f623c021000-7f6240000000 ---p 00000000 00:00 0 
7f6240000000-7f6240021000 rw-p 00000000 00:00 0 
7f6240021000-7f6244000000 ---p 00000000 00:00 0 
7f6244000000-7f6244021000 rw-p 00000000 00:00 0 
7f6244021000-7f6248000000 ---p 00000000 00:00 0 
7f6248000000-7f6248021000 rw-p 00000000 00:00 0 
7f6248021000-7f624c000000 ---p 00000000 00:00 0 
7f624c000000-7f6250000000 rw-p 00000000 00:00 0 
7f6250000000-7f6250021000 rw-p 00000000 00:00 0 
7f6250021000-7f6254000000 ---p 00000000 00:00 0 
7f62540d4000-7f6254399000 r-xp 00000000 08:01 2359589                    /tmp/simgrid-java6475461999638324973/libsimgrid.so (deleted)
7f6254399000-7f6254599000 ---p 002c5000 08:01 2359589                    /tmp/simgrid-java6475461999638324973/libsimgrid.so (deleted)
7f6254599000-7f62545d4000 rw-p 002c5000 08:01 2359589                    /tmp/simgrid-java6475461999638324973/libsimgrid.so (deleted)
7f62545d4000-7f62548dd000 rw-p 00000000 00:00 0 
7f62548dd000-7f62548f3000 r-xp 00000000 08:01 8783936                    /home/elixandrebaldi/jdk1.8.0_111/jre/lib/amd64/libnet.so
7f62548f3000-7f6254af3000 ---p 00016000 08:01 8783936                    /home/elixandrebaldi/jdk1.8.0_111/jre/lib/amd64/libnet.so
7f6254af3000-7f6254af4000 rw-p 00016000 08:01 8783936                    /home/elixandrebaldi/jdk1.8.0_111/jre/lib/amd64/libnet.so
7f6254af4000-7f6254b05000 r-xp 00000000 08:01 8783935                    /home/elixandrebaldi/jdk1.8.0_111/jre/lib/amd64/libnio.so
7f6254b05000-7f6254d04000 ---p 00011000 08:01 8783935                    /home/elixandrebaldi/jdk1.8.0_111/jre/lib/amd64/libnio.so
7f6254d04000-7f6254d05000 rw-p 00010000 08:01 8783935                    /home/elixandrebaldi/jdk1.8.0_111/jre/lib/amd64/libnio.so
7f6254d05000-7f6254d06000 ---p 00000000 00:00 0 
7f6254d06000-7f6254e06000 rw-p 00000000 00:00 0 
7f6254e06000-7f6254e09000 ---p 00000000 00:00 0 
7f6254e09000-7f6254f07000 rw-p 00000000 00:00 0 
7f6254f07000-7f6254f0a000 ---p 00000000 00:00 0 
7f6254f0a000-7f6255008000 rw-p 00000000 00:00 0 
7f6255008000-7f625500b000 ---p 00000000 00:00 0 
7f625500b000-7f6255109000 rw-p 00000000 00:00 0 
7f6255109000-7f625510c000 ---p 00000000 00:00 0 
7f625510c000-7f625520a000 rw-p 00000000 00:00 0 
7f625520a000-7f625520d000 ---p 00000000 00:00 0 
7f625520d000-7f625530b000 rw-p 00000000 00:00 0 
7f625530b000-7f625530e000 ---p 00000000 00:00 0 
7f625530e000-7f625540c000 rw-p 00000000 00:00 0 
7f625540c000-7f625540f000 ---p 00000000 00:00 0 
7f625540f000-7f625550d000 rw-p 00000000 00:00 0 
7f625550d000-7f625550e000 ---p 00000000 00:00 0 
7f625550e000-7f62565ae000 rw-p 00000000 00:00 0 
7f62565ae000-7f6256786000 r--s 03d2a000 08:01 8784070                    /home/elixandrebaldi/jdk1.8.0_111/jre/lib/rt.jar
7f6256786000-7f6256c3c000 rw-p 00000000 00:00 0 
7f6256c3c000-7f6256ffc000 ---p 00000000 00:00 0 
7f6256ffc000-7f62573fc000 rw-p 00000000 00:00 0 
7f62573fc000-7f62573fd000 ---p 00000000 00:00 0 
7f62573fd000-7f62574fd000 rw-p 00000000 00:00 0 
7f62574fd000-7f62574fe000 ---p 00000000 00:00 0 
7f62574fe000-7f62575fe000 rw-p 00000000 00:00 0 
7f62575fe000-7f62575ff000 ---p 00000000 00:00 0 
7f62575ff000-7f6257713000 rw-p 00000000 00:00 0 
7f6257713000-7f62579aa000 ---p 00000000 00:00 0 
7f62579aa000-7f62579be000 rw-p 00000000 00:00 0 
7f62579be000-7f6257c54000 ---p 00000000 00:00 0 
7f6257c54000-7f6257c67000 rw-p 00000000 00:00 0 
7f6257c67000-7f6257daa000 ---p 00000000 00:00 0 
7f6257daa000-7f6257db5000 rw-p 00000000 00:00 0 
7f6257db5000-7f625816b000 ---p 00000000 00:00 0 
7f625816b000-7f62583db000 rwxp 00000000 00:00 0 
7f62583db000-7f626716b000 ---p 00000000 00:00 0 
7f626716b000-7f6267185000 r-xp 00000000 08:01 8783934                    /home/elixandrebaldi/jdk1.8.0_111/jre/lib/amd64/libzip.so
7f6267185000-7f6267385000 ---p 0001a000 08:01 8783934                    /home/elixandrebaldi/jdk1.8.0_111/jre/lib/amd64/libzip.so
7f6267385000-7f6267386000 rw-p 0001a000 08:01 8783934                    /home/elixandrebaldi/jdk1.8.0_111/jre/lib/amd64/libzip.so
7f6267386000-7f6267391000 r-xp 00000000 08:01 3932251                    /lib/x86_64-linux-gnu/libnss_files-2.23.so
7f6267391000-7f6267590000 ---p 0000b000 08:01 3932251                    /lib/x86_64-linux-gnu/libnss_files-2.23.so
7f6267590000-7f6267591000 r--p 0000a000 08:01 3932251                    /lib/x86_64-linux-gnu/libnss_files-2.23.so
7f6267591000-7f6267592000 rw-p 0000b000 08:01 3932251                    /lib/x86_64-linux-gnu/libnss_files-2.23.so
7f6267592000-7f6267598000 rw-p 00000000 00:00 0 
7f6267598000-7f62675a3000 r-xp 00000000 08:01 3932244                    /lib/x86_64-linux-gnu/libnss_nis-2.23.so
7f62675a3000-7f62677a2000 ---p 0000b000 08:01 3932244                    /lib/x86_64-linux-gnu/libnss_nis-2.23.so
7f62677a2000-7f62677a3000 r--p 0000a000 08:01 3932244                    /lib/x86_64-linux-gnu/libnss_nis-2.23.so
7f62677a3000-7f62677a4000 rw-p 0000b000 08:01 3932244                    /lib/x86_64-linux-gnu/libnss_nis-2.23.so
7f62677a4000-7f62677ba000 r-xp 00000000 08:01 3932246                    /lib/x86_64-linux-gnu/libnsl-2.23.so
7f62677ba000-7f62679b9000 ---p 00016000 08:01 3932246                    /lib/x86_64-linux-gnu/libnsl-2.23.so
7f62679b9000-7f62679ba000 r--p 00015000 08:01 3932246                    /lib/x86_64-linux-gnu/libnsl-2.23.so
7f62679ba000-7f62679bb000 rw-p 00016000 08:01 3932246                    /lib/x86_64-linux-gnu/libnsl-2.23.so
7f62679bb000-7f62679bd000 rw-p 00000000 00:00 0 
7f62679bd000-7f62679c5000 r-xp 00000000 08:01 3932253                    /lib/x86_64-linux-gnu/libnss_compat-2.23.so
7f62679c5000-7f6267bc4000 ---p 00008000 08:01 3932253                    /lib/x86_64-linux-gnu/libnss_compat-2.23.so
7f6267bc4000-7f6267bc5000 r--p 00007000 08:01 3932253                    /lib/x86_64-linux-gnu/libnss_compat-2.23.so
7f6267bc5000-7f6267bc6000 rw-p 00008000 08:01 3932253                    /lib/x86_64-linux-gnu/libnss_compat-2.23.so
7f6267bc6000-7f6267bf1000 r-xp 00000000 08:01 8783907                    /home/elixandrebaldi/jdk1.8.0_111/jre/lib/amd64/libjava.so
7f6267bf1000-7f6267df0000 ---p 0002b000 08:01 8783907                    /home/elixandrebaldi/jdk1.8.0_111/jre/lib/amd64/libjava.so
7f6267df0000-7f6267df2000 rw-p 0002a000 08:01 8783907                    /home/elixandrebaldi/jdk1.8.0_111/jre/lib/amd64/libjava.so
7f6267df2000-7f6267dff000 r-xp 00000000 08:01 8783870                    /home/elixandrebaldi/jdk1.8.0_111/jre/lib/amd64/libverify.so
7f6267dff000-7f6267ffe000 ---p 0000d000 08:01 8783870                    /home/elixandrebaldi/jdk1.8.0_111/jre/lib/amd64/libverify.so
7f6267ffe000-7f6268000000 rw-p 0000c000 08:01 8783870                    /home/elixandrebaldi/jdk1.8.0_111/jre/lib/amd64/libverify.so
7f6268000000-7f62689a8000 rw-p 00000000 00:00 0 
7f62689a8000-7f626c000000 ---p 00000000 00:00 0 
7f626c009000-7f626c04b000 rw-p 00000000 00:00 0 
7f626c04b000-7f626c04c000 ---p 00000000 00:00 0 
7f626c04c000-7f626c14c000 rw-p 00000000 00:00 0 
7f626c14c000-7f626c153000 r-xp 00000000 08:01 3932254                    /lib/x86_64-linux-gnu/librt-2.23.so
7f626c153000-7f626c352000 ---p 00007000 08:01 3932254                    /lib/x86_64-linux-gnu/librt-2.23.so
7f626c352000-7f626c353000 r--p 00006000 08:01 3932254                    /lib/x86_64-linux-gnu/librt-2.23.so
7f626c353000-7f626c354000 rw-p 00007000 08:01 3932254                    /lib/x86_64-linux-gnu/librt-2.23.so
7f626c354000-7f626c45c000 r-xp 00000000 08:01 3932245                    /lib/x86_64-linux-gnu/libm-2.23.so
7f626c45c000-7f626c65b000 ---p 00108000 08:01 3932245                    /lib/x86_64-linux-gnu/libm-2.23.so
7f626c65b000-7f626c65c000 r--p 00107000 08:01 3932245                    /lib/x86_64-linux-gnu/libm-2.23.so
7f626c65c000-7f626c65d000 rw-p 00108000 08:01 3932245                    /lib/x86_64-linux-gnu/libm-2.23.so
7f626c65d000-7f626d32a000 r-xp 00000000 08:01 8783785                    /home/elixandrebaldi/jdk1.8.0_111/jre/lib/amd64/server/libjvm.so
7f626d32a000-7f626d529000 ---p 00ccd000 08:01 8783785                    /home/elixandrebaldi/jdk1.8.0_111/jre/lib/amd64/server/libjvm.so
7f626d529000-7f626d602000 rw-p 00ccc000 08:01 8783785                    /home/elixandrebaldi/jdk1.8.0_111/jre/lib/amd64/server/libjvm.so
7f626d602000-7f626d64d000 rw-p 00000000 00:00 0 
7f626d64d000-7f626d80c000 r-xp 00000000 08:01 3932247                    /lib/x86_64-linux-gnu/libc-2.23.so
7f626d80c000-7f626da0c000 ---p 001bf000 08:01 3932247                    /lib/x86_64-linux-gnu/libc-2.23.so
7f626da0c000-7f626da10000 r--p 001bf000 08:01 3932247                    /lib/x86_64-linux-gnu/libc-2.23.so
7f626da10000-7f626da12000 rw-p 001c3000 08:01 3932247                    /lib/x86_64-linux-gnu/libc-2.23.so
7f626da12000-7f626da16000 rw-p 00000000 00:00 0 
7f626da16000-7f626da19000 r-xp 00000000 08:01 3932243                    /lib/x86_64-linux-gnu/libdl-2.23.so
7f626da19000-7f626dc18000 ---p 00003000 08:01 3932243                    /lib/x86_64-linux-gnu/libdl-2.23.so
7f626dc18000-7f626dc19000 r--p 00002000 08:01 3932243                    /lib/x86_64-linux-gnu/libdl-2.23.so
7f626dc19000-7f626dc1a000 rw-p 00003000 08:01 3932243                    /lib/x86_64-linux-gnu/libdl-2.23.so
7f626dc1a000-7f626dc2f000 r-xp 00000000 08:01 8783943                    /home/elixandrebaldi/jdk1.8.0_111/lib/amd64/jli/libjli.so
7f626dc2f000-7f626de2f000 ---p 00015000 08:01 8783943                    /home/elixandrebaldi/jdk1.8.0_111/lib/amd64/jli/libjli.so
7f626de2f000-7f626de30000 rw-p 00015000 08:01 8783943                    /home/elixandrebaldi/jdk1.8.0_111/lib/amd64/jli/libjli.so
7f626de30000-7f626de48000 r-xp 00000000 08:01 3932258                    /lib/x86_64-linux-gnu/libpthread-2.23.so
7f626de48000-7f626e047000 ---p 00018000 08:01 3932258                    /lib/x86_64-linux-gnu/libpthread-2.23.so
7f626e047000-7f626e048000 r--p 00017000 08:01 3932258                    /lib/x86_64-linux-gnu/libpthread-2.23.so
7f626e048000-7f626e049000 rw-p 00018000 08:01 3932258                    /lib/x86_64-linux-gnu/libpthread-2.23.so
7f626e049000-7f626e04d000 rw-p 00000000 00:00 0 
7f626e04d000-7f626e073000 r-xp 00000000 08:01 3932248                    /lib/x86_64-linux-gnu/ld-2.23.so
7f626e084000-7f626e150000 rw-p 00000000 00:00 0 
7f626e150000-7f626e153000 ---p 00000000 00:00 0 
7f626e153000-7f626e255000 rw-p 00000000 00:00 0 
7f626e25e000-7f626e263000 r--s 00096000 08:01 8783911                    /home/elixandrebaldi/jdk1.8.0_111/jre/lib/jsse.jar
7f626e263000-7f626e266000 r--s 00f76000 08:01 8524426                    /home/elixandrebaldi/Documentos/VCubeDHT/simgrid.jar
7f626e266000-7f626e26e000 rw-s 00000000 08:01 2359392                    /tmp/hsperfdata_elixandrebaldi/9347 (deleted)
7f626e26e000-7f626e26f000 rw-p 00000000 00:00 0 
7f626e26f000-7f626e270000 ---p 00000000 00:00 0 
7f626e270000-7f626e272000 rw-p 00000000 00:00 0 
7f626e272000-7f626e273000 r--p 00025000 08:01 3932248                    /lib/x86_64-linux-gnu/ld-2.23.so
7f626e273000-7f626e274000 rw-p 00026000 08:01 3932248                    /lib/x86_64-linux-gnu/ld-2.23.so
7f626e274000-7f626e275000 rw-p 00000000 00:00 0 
7ffe25f4c000-7ffe25f6d000 rw-p 00000000 00:00 0                          [stack]
7ffe25f98000-7ffe25f9a000 r--p 00000000 00:00 0                          [vvar]
7ffe25f9a000-7ffe25f9c000 r-xp 00000000 00:00 0                          [vdso]
ffffffffff600000-ffffffffff601000 r-xp 00000000 00:00 0                  [vsyscall]

VM Arguments:
jvm_args: -Dfile.encoding=UTF-8 -Xmx2048m 
java_command: vcube.VCube platform.xml deployment.xml
java_class_path (initial): /home/elixandrebaldi/Documentos/VCubeDHT/simgrid.jar:/home/elixandrebaldi/Documentos/VCubeDHT/VCube/build/classes
Launcher Type: SUN_STANDARD

Environment Variables:
PATH=/home/elixandrebaldi/bin:/home/elixandrebaldi/.local/bin:/usr/local/sbin:/usr/local/bin:/usr/sbin:/usr/bin:/sbin:/bin:/usr/games:/usr/local/games
LD_LIBRARY_PATH=/home/elixandrebaldi/jdk1.8.0_111/jre/lib/amd64:/home/elixandrebaldi/jdk1.8.0_111/jre/lib/i386:
SHELL=/bin/bash
DISPLAY=:0

Signal Handlers:
SIGSEGV: [libjvm.so+0xac64b0], sa_mask[0]=11111111011111111101111111111110, sa_flags=SA_RESTART|SA_SIGINFO
SIGBUS: [libjvm.so+0xac64b0], sa_mask[0]=11111111011111111101111111111110, sa_flags=SA_RESTART|SA_SIGINFO
SIGFPE: [libjvm.so+0x91f950], sa_mask[0]=11111111011111111101111111111110, sa_flags=SA_RESTART|SA_SIGINFO
SIGPIPE: [libjvm.so+0x91f950], sa_mask[0]=11111111011111111101111111111110, sa_flags=SA_RESTART|SA_SIGINFO
SIGXFSZ: [libjvm.so+0x91f950], sa_mask[0]=11111111011111111101111111111110, sa_flags=SA_RESTART|SA_SIGINFO
SIGILL: [libjvm.so+0x91f950], sa_mask[0]=11111111011111111101111111111110, sa_flags=SA_RESTART|SA_SIGINFO
SIGUSR1: SIG_DFL, sa_mask[0]=00000000000000000000000000000000, sa_flags=none
SIGUSR2: [libjvm.so+0x920f80], sa_mask[0]=00100000000000000000000000000000, sa_flags=SA_RESTART|SA_SIGINFO
SIGHUP: [libjvm.so+0x922380], sa_mask[0]=11111111011111111101111111111110, sa_flags=SA_RESTART|SA_SIGINFO
SIGINT: [libsimgrid.so+0x8ff50], sa_mask[0]=01000000000000000000000000000000, sa_flags=SA_RESTART
SIGTERM: [libjvm.so+0x922380], sa_mask[0]=11111111011111111101111111111110, sa_flags=SA_RESTART|SA_SIGINFO
SIGQUIT: [libjvm.so+0x922380], sa_mask[0]=11111111011111111101111111111110, sa_flags=SA_RESTART|SA_SIGINFO


---------------  S Y S T E M  ---------------

OS:DISTRIB_ID="elementary"
DISTRIB_RELEASE=0.4.1
DISTRIB_CODENAME=loki
DISTRIB_DESCRIPTION="elementary OS 0.4.1 Loki"

uname:Linux 4.4.0-79-generic #100-Ubuntu SMP Wed May 17 19:58:14 UTC 2017 x86_64
libc:glibc 2.23 NPTL 2.23 
rlimit: STACK 8192k, CORE 0k, NPROC 14991, NOFILE 65536, AS infinity
load average:0.34 0.58 0.66

/proc/meminfo:
MemTotal:        3878592 kB
MemFree:          783972 kB
MemAvailable:    1589188 kB
Buffers:          123892 kB
Cached:           967220 kB
SwapCached:          192 kB
Active:          1815420 kB
Inactive:        1034224 kB
Active(anon):    1241220 kB
Inactive(anon):   658644 kB
Active(file):     574200 kB
Inactive(file):   375580 kB
Unevictable:          48 kB
Mlocked:              48 kB
SwapTotal:       4025340 kB
SwapFree:        4022092 kB
Dirty:             12400 kB
Writeback:             0 kB
AnonPages:       1758512 kB
Mapped:           243776 kB
Shmem:            141332 kB
Slab:             148400 kB
SReclaimable:     115864 kB
SUnreclaim:        32536 kB
KernelStack:        8512 kB
PageTables:        31256 kB
NFS_Unstable:          0 kB
Bounce:                0 kB
WritebackTmp:          0 kB
CommitLimit:     5964636 kB
Committed_AS:    5111020 kB
VmallocTotal:   34359738367 kB
VmallocUsed:           0 kB
VmallocChunk:          0 kB
HardwareCorrupted:     0 kB
AnonHugePages:   1251328 kB
CmaTotal:              0 kB
CmaFree:               0 kB
HugePages_Total:       0
HugePages_Free:        0
HugePages_Rsvd:        0
HugePages_Surp:        0
Hugepagesize:       2048 kB
DirectMap4k:      144120 kB
DirectMap2M:     3883008 kB


CPU:total 4 (2 cores per cpu, 2 threads per core) family 6 model 58 stepping 9, cmov, cx8, fxsr, mmx, sse, sse2, sse3, ssse3, sse4.1, sse4.2, popcnt, avx, clmul, erms, ht, tsc, tscinvbit, tscinv

/proc/cpuinfo:
processor	: 0
vendor_id	: GenuineIntel
cpu family	: 6
model		: 58
model name	: Intel(R) Core(TM) i7-3517U CPU @ 1.90GHz
stepping	: 9
microcode	: 0x12
cpu MHz		: 2635.781
cache size	: 4096 KB
physical id	: 0
siblings	: 4
core id		: 0
cpu cores	: 2
apicid		: 0
initial apicid	: 0
fpu		: yes
fpu_exception	: yes
cpuid level	: 13
wp		: yes
flags		: fpu vme de pse tsc msr pae mce cx8 apic sep mtrr pge mca cmov pat pse36 clflush dts acpi mmx fxsr sse sse2 ss ht tm pbe syscall nx rdtscp lm constant_tsc arch_perfmon pebs bts rep_good nopl xtopology nonstop_tsc aperfmperf eagerfpu pni pclmulqdq dtes64 monitor ds_cpl vmx est tm2 ssse3 cx16 xtpr pdcm pcid sse4_1 sse4_2 x2apic popcnt tsc_deadline_timer xsave avx f16c rdrand lahf_lm epb tpr_shadow vnmi flexpriority ept vpid fsgsbase smep erms xsaveopt dtherm ida arat pln pts
bugs		:
bogomips	: 4789.43
clflush size	: 64
cache_alignment	: 64
address sizes	: 36 bits physical, 48 bits virtual
power management:

processor	: 1
vendor_id	: GenuineIntel
cpu family	: 6
model		: 58
model name	: Intel(R) Core(TM) i7-3517U CPU @ 1.90GHz
stepping	: 9
microcode	: 0x12
cpu MHz		: 2973.656
cache size	: 4096 KB
physical id	: 0
siblings	: 4
core id		: 0
cpu cores	: 2
apicid		: 1
initial apicid	: 1
fpu		: yes
fpu_exception	: yes
cpuid level	: 13
wp		: yes
flags		: fpu vme de pse tsc msr pae mce cx8 apic sep mtrr pge mca cmov pat pse36 clflush dts acpi mmx fxsr sse sse2 ss ht tm pbe syscall nx rdtscp lm constant_tsc arch_perfmon pebs bts rep_good nopl xtopology nonstop_tsc aperfmperf eagerfpu pni pclmulqdq dtes64 monitor ds_cpl vmx est tm2 ssse3 cx16 xtpr pdcm pcid sse4_1 sse4_2 x2apic popcnt tsc_deadline_timer xsave avx f16c rdrand lahf_lm epb tpr_shadow vnmi flexpriority ept vpid fsgsbase smep erms xsaveopt dtherm ida arat pln pts
bugs		:
bogomips	: 4789.43
clflush size	: 64
cache_alignment	: 64
address sizes	: 36 bits physical, 48 bits virtual
power management:

processor	: 2
vendor_id	: GenuineIntel
cpu family	: 6
model		: 58
model name	: Intel(R) Core(TM) i7-3517U CPU @ 1.90GHz
stepping	: 9
microcode	: 0x12
cpu MHz		: 2480.718
cache size	: 4096 KB
physical id	: 0
siblings	: 4
core id		: 1
cpu cores	: 2
apicid		: 2
initial apicid	: 2
fpu		: yes
fpu_exception	: yes
cpuid level	: 13
wp		: yes
flags		: fpu vme de pse tsc msr pae mce cx8 apic sep mtrr pge mca cmov pat pse36 clflush dts acpi mmx fxsr sse sse2 ss ht tm pbe syscall nx rdtscp lm constant_tsc arch_perfmon pebs bts rep_good nopl xtopology nonstop_tsc aperfmperf eagerfpu pni pclmulqdq dtes64 monitor ds_cpl vmx est tm2 ssse3 cx16 xtpr pdcm pcid sse4_1 sse4_2 x2apic popcnt tsc_deadline_timer xsave avx f16c rdrand lahf_lm epb tpr_shadow vnmi flexpriority ept vpid fsgsbase smep erms xsaveopt dtherm ida arat pln pts
bugs		:
bogomips	: 4789.43
clflush size	: 64
cache_alignment	: 64
address sizes	: 36 bits physical, 48 bits virtual
power management:

processor	: 3
vendor_id	: GenuineIntel
cpu family	: 6
model		: 58
model name	: Intel(R) Core(TM) i7-3517U CPU @ 1.90GHz
stepping	: 9
microcode	: 0x12
cpu MHz		: 2532.375
cache size	: 4096 KB
physical id	: 0
siblings	: 4
core id		: 1
cpu cores	: 2
apicid		: 3
initial apicid	: 3
fpu		: yes
fpu_exception	: yes
cpuid level	: 13
wp		: yes
flags		: fpu vme de pse tsc msr pae mce cx8 apic sep mtrr pge mca cmov pat pse36 clflush dts acpi mmx fxsr sse sse2 ss ht tm pbe syscall nx rdtscp lm constant_tsc arch_perfmon pebs bts rep_good nopl xtopology nonstop_tsc aperfmperf eagerfpu pni pclmulqdq dtes64 monitor ds_cpl vmx est tm2 ssse3 cx16 xtpr pdcm pcid sse4_1 sse4_2 x2apic popcnt tsc_deadline_timer xsave avx f16c rdrand lahf_lm epb tpr_shadow vnmi flexpriority ept vpid fsgsbase smep erms xsaveopt dtherm ida arat pln pts
bugs		:
bogomips	: 4789.43
clflush size	: 64
cache_alignment	: 64
address sizes	: 36 bits physical, 48 bits virtual
power management:



Memory: 4k page, physical 3878592k(783972k free), swap 4025340k(4022092k free)

vm_info: Java HotSpot(TM) 64-Bit Server VM (25.111-b14) for linux-amd64 JRE (1.8.0_111-b14), built on Sep 22 2016 16:14:03 by "java_re" with gcc 4.3.0 20080428 (Red Hat 4.3.0-8)

time: Tue Jun 13 22:33:45 2017
elapsed time: 2 seconds (0d 0h 0m 2s)

