#
# A fatal error has been detected by the Java Runtime Environment:
#
#  SIGSEGV (0xb) at pc=0x00007f14ace429c2, pid=10412, tid=0x00007f14872f2700
#
# JRE version: Java(TM) SE Runtime Environment (8.0_111-b14) (build 1.8.0_111-b14)
# Java VM: Java HotSpot(TM) 64-Bit Server VM (25.111-b14 mixed mode linux-amd64 compressed oops)
# Problematic frame:
# C  [libc.so.6+0x7f9c2]
#
# Failed to write core dump. Core dumps have been disabled. To enable core dumping, try "ulimit -c unlimited" before starting Java again
#
# If you would like to submit a bug report, please visit:
#   http://bugreport.java.com/bugreport/crash.jsp
# The crash happened outside the Java Virtual Machine in native code.
# See problematic frame for where to report the bug.
#

---------------  T H R E A D  ---------------

Current thread (0x00007f14a4084000):  JavaThread "Finalizer" daemon [_thread_in_native, id=10423, stack(0x00007f14871f2000,0x00007f14872f3000)]

siginfo: si_signo: 11 (SIGSEGV), si_code: 1 (SEGV_MAPERR), si_addr: 0x00007f839063e3f8

Registers:
RAX=0x00007f142c07f730, RBX=0x00007f142c027380, RCX=0x00007f14872f1760, RDX=0xffffff909b9e8f90
RSP=0x00007f14872f1590, RBP=0x00007f142c000020, RSI=0x0000000000000001, RDI=0x00007f142c000020
R8 =0x00007f143c028b70, R9 =0x0000000000000001, R10=0x0000000000000002, R11=0x00007f14acd96f88
R12=0x0000006f64617070, R13=0x00007f839063e3f0, R14=0x00007f14872f1760, R15=0x00007f14a4084000
RIP=0x00007f14ace429c2, EFLAGS=0x0000000000010202, CSGSFS=0x0000000000000033, ERR=0x0000000000000004
  TRAPNO=0x000000000000000e

Top of Stack: (sp=0x00007f14872f1590)
0x00007f14872f1590:   00000000872f1670 00007f14872f1660
0x00007f14872f15a0:   00007f14872f16e0 00007f143c02b030
0x00007f14872f15b0:   00007f1485064ce0 00007f143c028bf0
0x00007f14872f15c0:   00007f1494a34d90 00007f1400000001
0x00007f14872f15d0:   00007f143c02b030 00007f14ace4698c
0x00007f14872f15e0:   ffffffffa4029d10 0000000000000000
0x00007f14872f15f0:   01007f14872f1610 00007f142c0272c0
0x00007f14872f1600:   00007f1485064ce0 0000000000000000
0x00007f14872f1610:   00007f1494a34d90 00007f14872f1760
0x00007f14872f1620:   00007f14a4084000 00007f14ace4698c
0x00007f14872f1630:   0000007f950055d0 00007f143c02b030
0x00007f14872f1640:   00007f14872f1788 00007f143c028b70
0x00007f14872f1650:   00007f1485064ce0 00007f142c0272c0
0x00007f14872f1660:   00007f1485064ce0 0000000000000000
0x00007f14872f1670:   00007f1494a34d90 00007f1484bed683
0x00007f14872f1680:   0000000000001388 00007f14a40848a8
0x00007f14872f1690:   00007f14872f16f0 00007f14ac6dfb35
0x00007f14872f16a0:   00007f14740036e0 00007f14a4084000
0x00007f14872f16b0:   ffffffffffffffff 00000001ffffffff
0x00007f14872f16c0:   0000000000000000 00007f14843c3de7
0x00007f14872f16d0:   0000000000000000 00007f1494a34d90
0x00007f14872f16e0:   00007f14872f1740 00007f1495017a34
0x00007f14872f16f0:   00007f14872f1790 00007f14ac6e223b
0x00007f14872f1700:   00007f14872f1700 0000000000000000
0x00007f14872f1710:   00007f14872f1760 00007f1494a35c10
0x00007f14872f1720:   0000000000000000 00007f1494a34d90
0x00007f14872f1730:   0000000000000000 00007f14872f1760
0x00007f14872f1740:   00007f14872f17a8 00007f14950082bd
0x00007f14872f1750:   0000000000000000 00007f1495011538
0x00007f14872f1760:   00000000c4c0ecf0 00007f14872f1768
0x00007f14872f1770:   00007f1494a34cc9 00007f14872f17c0
0x00007f14872f1780:   00007f1494a35c10 00007f1494a3d548 

Instructions: (pc=0x00007f14ace429c2)
0x00007f14ace429a2:   2c 26 48 39 c6 0f 84 e1 0e 00 00 45 31 c9 c7 44
0x00007f14ace429b2:   24 38 00 00 00 00 f6 45 04 02 0f 84 7e 08 00 00
0x00007f14ace429c2:   49 8b 45 08 a8 01 0f 84 92 08 00 00 49 89 c7 49
0x00007f14ace429d2:   83 e7 f8 48 83 f8 10 0f 86 d1 06 00 00 4c 3b bd 

Register to memory mapping:

RAX=0x00007f142c07f730 is an unknown value
RBX=0x00007f142c027380 is an unknown value
RCX=0x00007f14872f1760 is pointing into the stack for thread: 0x00007f14a4084000
RDX=0xffffff909b9e8f90 is an unknown value
RSP=0x00007f14872f1590 is pointing into the stack for thread: 0x00007f14a4084000
RBP=0x00007f142c000020 is an unknown value
RSI=0x0000000000000001 is an unknown value
RDI=0x00007f142c000020 is an unknown value
R8 =0x00007f143c028b70 is an unknown value
R9 =0x0000000000000001 is an unknown value
R10=0x0000000000000002 is an unknown value
R11=0x00007f14acd96f88: <offset 0xfc3f88> in /home/elixandrebaldi/jdk1.8.0_111/jre/lib/amd64/server/libjvm.so at 0x00007f14abdd3000
R12=0x0000006f64617070 is an unknown value
R13=0x00007f839063e3f0 is an unknown value
R14=0x00007f14872f1760 is pointing into the stack for thread: 0x00007f14a4084000
R15=0x00007f14a4084000 is a thread


Stack: [0x00007f14871f2000,0x00007f14872f3000],  sp=0x00007f14872f1590,  free space=1021k
Native frames: (J=compiled Java code, j=interpreted, Vv=VM code, C=native code)
C  [libc.so.6+0x7f9c2]

Java frames: (J=compiled Java code, j=interpreted, Vv=VM code)
j  org.simgrid.msg.Task.nativeFinalize()V+0
j  org.simgrid.msg.Task.finalize()V+1
j  java.lang.System$2.invokeFinalize(Ljava/lang/Object;)V+1
j  java.lang.ref.Finalizer.runFinalizer(Lsun/misc/JavaLangAccess;)V+46
j  java.lang.ref.Finalizer.access$100(Ljava/lang/ref/Finalizer;Lsun/misc/JavaLangAccess;)V+2
j  java.lang.ref.Finalizer$FinalizerThread.run()V+45
v  ~StubRoutines::call_stub

---------------  P R O C E S S  ---------------

Java Threads: ( => current thread )
  0x00007f1448002800 JavaThread "Thread-32" [_thread_in_native, id=10461, stack(0x00007f14067f5000,0x00007f1406ff6000)]
  0x00007f143c002800 JavaThread "Thread-31" [_thread_in_native, id=10460, stack(0x00007f1406ff6000,0x00007f14077f7000)]
  0x00007f1440003000 JavaThread "Thread-30" [_thread_in_native, id=10459, stack(0x00007f14077f7000,0x00007f1407ff8000)]
  0x00007f1438003000 JavaThread "Thread-29" [_thread_in_native, id=10458, stack(0x00007f1407ff8000,0x00007f14087f9000)]
  0x00007f1434003000 JavaThread "Thread-28" [_thread_in_native, id=10457, stack(0x00007f14087f9000,0x00007f1408ffa000)]
  0x00007f142c003000 JavaThread "Thread-27" [_thread_in_native, id=10456, stack(0x00007f1408ffa000,0x00007f14097fb000)]
  0x00007f1430003000 JavaThread "Thread-26" [_thread_in_native, id=10455, stack(0x00007f14097fb000,0x00007f1409ffc000)]
  0x00007f1428003000 JavaThread "Thread-25" [_thread_in_native, id=10454, stack(0x00007f1409ffc000,0x00007f140a7fd000)]
  0x00007f1420003000 JavaThread "Thread-24" [_thread_in_native, id=10453, stack(0x00007f140a7fd000,0x00007f140affe000)]
  0x00007f1424003000 JavaThread "Thread-23" [_thread_in_native, id=10452, stack(0x00007f140affe000,0x00007f140b7ff000)]
  0x00007f1418003000 JavaThread "Thread-21" [_thread_in_native, id=10451, stack(0x00007f140b7ff000,0x00007f140c000000)]
  0x00007f1410003000 JavaThread "Thread-22" [_thread_in_native, id=10450, stack(0x00007f141c7f9000,0x00007f141cffa000)]
  0x00007f140c003000 JavaThread "Thread-20" [_thread_in_native, id=10449, stack(0x00007f141cffa000,0x00007f141d7fb000)]
  0x00007f1414003000 JavaThread "Thread-18" [_thread_in_native, id=10448, stack(0x00007f141d7fb000,0x00007f141dffc000)]
  0x0000000000ad6800 JavaThread "Thread-17" [_thread_in_native, id=10447, stack(0x00007f141dffc000,0x00007f141e7fd000)]
  0x00007f1410001000 JavaThread "Thread-16" [_thread_in_native, id=10444, stack(0x00007f141f7ff000,0x00007f1420000000)]
  0x00007f1414001000 JavaThread "Thread-15" [_thread_in_native, id=10445, stack(0x00007f141effe000,0x00007f141f7ff000)]
  0x00007f140c001000 JavaThread "Thread-14" [_thread_in_native, id=10446, stack(0x00007f141e7fd000,0x00007f141effe000)]
  0x00007f1418001000 JavaThread "Thread-13" [_thread_in_native, id=10443, stack(0x00007f14507f9000,0x00007f1450ffa000)]
  0x00007f1424001000 JavaThread "Thread-12" [_thread_in_native, id=10442, stack(0x00007f1450ffa000,0x00007f14517fb000)]
  0x00007f1420001000 JavaThread "Thread-11" [_thread_in_native, id=10441, stack(0x00007f14517fb000,0x00007f1451ffc000)]
  0x00007f1430001000 JavaThread "Thread-19" [_thread_in_native, id=10440, stack(0x00007f1451ffc000,0x00007f14527fd000)]
  0x00007f1428001000 JavaThread "Thread-10" [_thread_in_native, id=10439, stack(0x00007f14527fd000,0x00007f1452ffe000)]
  0x00007f1434001000 JavaThread "Thread-8" [_thread_in_native, id=10436, stack(0x00007f1458ffa000,0x00007f14597fb000)]
  0x00007f1438001000 JavaThread "Thread-7" [_thread_in_native, id=10437, stack(0x00007f14587f9000,0x00007f1458ffa000)]
  0x00007f1440001000 JavaThread "Thread-6" [_thread_in_native, id=10435, stack(0x00007f14597fb000,0x00007f1459ffc000)]
  0x00007f143c001000 JavaThread "Thread-5" [_thread_in_native, id=10434, stack(0x00007f1459ffc000,0x00007f145a7fd000)]
  0x00007f1444001000 JavaThread "Thread-3" [_thread_in_native, id=10432, stack(0x00007f145affe000,0x00007f145b7ff000)]
  0x00007f144c001000 JavaThread "Thread-2" [_thread_in_native, id=10431, stack(0x00007f14537ff000,0x00007f1454000000)]
  0x00007f1454001000 JavaThread "Thread-1" [_thread_in_native, id=10430, stack(0x00007f145b7ff000,0x00007f145c000000)]
  0x00007f14a40c0000 JavaThread "Service Thread" daemon [_thread_blocked, id=10428, stack(0x00007f148589b000,0x00007f148599c000)]
  0x00007f14a40bd000 JavaThread "C1 CompilerThread2" daemon [_thread_blocked, id=10427, stack(0x00007f148599c000,0x00007f1485a9d000)]
  0x00007f14a40bb000 JavaThread "C2 CompilerThread1" daemon [_thread_blocked, id=10426, stack(0x00007f1485a9d000,0x00007f1485b9e000)]
  0x00007f14a40b8800 JavaThread "C2 CompilerThread0" daemon [_thread_blocked, id=10425, stack(0x00007f1485b9e000,0x00007f1485c9f000)]
  0x00007f14a40b7000 JavaThread "Signal Dispatcher" daemon [_thread_blocked, id=10424, stack(0x00007f1485c9f000,0x00007f1485da0000)]
=>0x00007f14a4084000 JavaThread "Finalizer" daemon [_thread_in_native, id=10423, stack(0x00007f14871f2000,0x00007f14872f3000)]
  0x00007f14a407f000 JavaThread "Reference Handler" daemon [_thread_in_Java, id=10422, stack(0x00007f14872f3000,0x00007f14873f4000)]
  0x00007f14a400a000 JavaThread "main" [_thread_in_native, id=10416, stack(0x00007f14ad8c6000,0x00007f14ad9c7000)]

Other Threads:
  0x00007f14a4077800 VMThread [stack: 0x00007f14873f4000,0x00007f14874f5000] [id=10421]
  0x00007f14a40c2800 WatcherThread [stack: 0x00007f148579a000,0x00007f148589b000] [id=10429]

VM state:not at safepoint (normal execution)

VM Mutex/Monitor currently owned by a thread: None

Heap:
 PSYoungGen      total 17920K, used 2995K [0x00000000ec400000, 0x00000000ed800000, 0x0000000100000000)
  eden space 15360K, 3% used [0x00000000ec400000,0x00000000ec474c08,0x00000000ed300000)
  from space 2560K, 98% used [0x00000000ed300000,0x00000000ed578020,0x00000000ed580000)
  to   space 2560K, 0% used [0x00000000ed580000,0x00000000ed580000,0x00000000ed800000)
 ParOldGen       total 40960K, used 528K [0x00000000c4c00000, 0x00000000c7400000, 0x00000000ec400000)
  object space 40960K, 1% used [0x00000000c4c00000,0x00000000c4c84000,0x00000000c7400000)
 Metaspace       used 3763K, capacity 4704K, committed 4864K, reserved 1056768K
  class space    used 418K, capacity 464K, committed 512K, reserved 1048576K

Card table byte_map: [0x00007f14aa492000,0x00007f14aa66d000] byte_map_base: 0x00007f14a9e6c000

Marking Bits: (ParMarkBitMap*) 0x00007f14acd96220
 Begin Bits: [0x00007f14a81b2000, 0x00007f14a9082000)
 End Bits:   [0x00007f14a9082000, 0x00007f14a9f52000)

Polling page: 0x00007f14ad9e5000

CodeCache: size=245760Kb used=1518Kb max_used=1530Kb free=244241Kb
 bounds [0x00007f1495000000, 0x00007f1495270000, 0x00007f14a4000000]
 total_blobs=474 nmethods=211 adapters=177
 compilation: enabled

Compilation events (10 events):
Event: 0.788 Thread 0x00007f14a40bb000  206       4       vcube.Node::encontrarMaisCheio (171 bytes)
Event: 0.799 Thread 0x00007f14a40bb000 nmethod 206 0x00007f1495176410 code [0x00007f1495176580, 0x00007f1495176a98]
Event: 0.808 Thread 0x00007f14a40b8800  207       4       java.lang.ref.Finalizer::register (10 bytes)
Event: 0.810 Thread 0x00007f14a40b8800 nmethod 207 0x00007f149517db90 code [0x00007f149517dd00, 0x00007f149517e098]
Event: 0.814 Thread 0x00007f14a40b8800  208       4       vcube.VCubeTask::<init> (36 bytes)
Event: 0.816 Thread 0x00007f14a40b8800 nmethod 208 0x00007f149517d650 code [0x00007f149517d7c0, 0x00007f149517d9c8]
Event: 0.824 Thread 0x00007f14a40bd000  209       3       vcube.Node::solicitarEstaLog (31 bytes)
Event: 0.824 Thread 0x00007f14a40bd000 nmethod 209 0x00007f149517d190 code [0x00007f149517d300, 0x00007f149517d550]
Event: 0.843 Thread 0x00007f14a40bb000  210       4       java.util.regex.Pattern$BnM::optimize (179 bytes)
Event: 0.852 Thread 0x00007f14a40bb000 nmethod 210 0x00007f149517c710 code [0x00007f149517c8a0, 0x00007f149517ce78]

GC Heap History (2 events):
Event: 0.875 GC heap before
{Heap before GC invocations=1 (full 0):
 PSYoungGen      total 17920K, used 15360K [0x00000000ec400000, 0x00000000ed800000, 0x0000000100000000)
  eden space 15360K, 100% used [0x00000000ec400000,0x00000000ed300000,0x00000000ed300000)
  from space 2560K, 0% used [0x00000000ed580000,0x00000000ed580000,0x00000000ed800000)
  to   space 2560K, 0% used [0x00000000ed300000,0x00000000ed300000,0x00000000ed580000)
 ParOldGen       total 40960K, used 0K [0x00000000c4c00000, 0x00000000c7400000, 0x00000000ec400000)
  object space 40960K, 0% used [0x00000000c4c00000,0x00000000c4c00000,0x00000000c7400000)
 Metaspace       used 3756K, capacity 4704K, committed 4864K, reserved 1056768K
  class space    used 418K, capacity 464K, committed 512K, reserved 1048576K
Event: 0.883 GC heap after
Heap after GC invocations=1 (full 0):
 PSYoungGen      total 17920K, used 2528K [0x00000000ec400000, 0x00000000ed800000, 0x0000000100000000)
  eden space 15360K, 0% used [0x00000000ec400000,0x00000000ec400000,0x00000000ed300000)
  from space 2560K, 98% used [0x00000000ed300000,0x00000000ed578020,0x00000000ed580000)
  to   space 2560K, 0% used [0x00000000ed580000,0x00000000ed580000,0x00000000ed800000)
 ParOldGen       total 40960K, used 528K [0x00000000c4c00000, 0x00000000c7400000, 0x00000000ec400000)
  object space 40960K, 1% used [0x00000000c4c00000,0x00000000c4c84000,0x00000000c7400000)
 Metaspace       used 3756K, capacity 4704K, committed 4864K, reserved 1056768K
  class space    used 418K, capacity 464K, committed 512K, reserved 1048576K
}

Deoptimization events (1 events):
Event: 0.458 Thread 0x00007f142c001000 Uncommon trap: reason=unstable_if action=reinterpret pc=0x00007f149513b360 method=vcube.Node.conferirTimestempStatus([I)V @ 20

Internal exceptions (10 events):
Event: 0.863 Thread 0x00007f1418003000 Exception <a 'org/simgrid/msg/TimeoutException'> (0x00000000ece24200) thrown at [/HUDSON3/workspace/8-2-build-linux-amd64/jdk8u111/7883/hotspot/src/share/vm/prims/jni.cpp, line 735]
Event: 0.867 Thread 0x00007f1448002800 Exception <a 'org/simgrid/msg/TimeoutException'> (0x00000000ed2609b8) thrown at [/HUDSON3/workspace/8-2-build-linux-amd64/jdk8u111/7883/hotspot/src/share/vm/prims/jni.cpp, line 735]
Event: 0.870 Thread 0x00007f1430003000 Exception <a 'org/simgrid/msg/TimeoutException'> (0x00000000ecf5c820) thrown at [/HUDSON3/workspace/8-2-build-linux-amd64/jdk8u111/7883/hotspot/src/share/vm/prims/jni.cpp, line 735]
Event: 0.871 Thread 0x00007f1418001000 Exception <a 'org/simgrid/msg/TimeoutException'> (0x00000000ecbb1a50) thrown at [/HUDSON3/workspace/8-2-build-linux-amd64/jdk8u111/7883/hotspot/src/share/vm/prims/jni.cpp, line 735]
Event: 0.873 Thread 0x00007f140c001000 Exception <a 'org/simgrid/msg/TimeoutException'> (0x00000000ed188f70) thrown at [/HUDSON3/workspace/8-2-build-linux-amd64/jdk8u111/7883/hotspot/src/share/vm/prims/jni.cpp, line 735]
Event: 0.873 Thread 0x00007f1410001000 Exception <a 'org/simgrid/msg/TimeoutException'> (0x00000000ed2abc40) thrown at [/HUDSON3/workspace/8-2-build-linux-amd64/jdk8u111/7883/hotspot/src/share/vm/prims/jni.cpp, line 735]
Event: 0.873 Thread 0x00007f1424003000 Exception <a 'org/simgrid/msg/TimeoutException'> (0x00000000ece724c0) thrown at [/HUDSON3/workspace/8-2-build-linux-amd64/jdk8u111/7883/hotspot/src/share/vm/prims/jni.cpp, line 735]
Event: 0.875 Thread 0x00007f1420001000 Exception <a 'org/simgrid/msg/TimeoutException'> (0x00000000ecb1c080) thrown at [/HUDSON3/workspace/8-2-build-linux-amd64/jdk8u111/7883/hotspot/src/share/vm/prims/jni.cpp, line 735]
Event: 0.875 Thread 0x00007f1438001000 Exception <a 'org/simgrid/msg/TimeoutException'> (0x00000000ec995f00) thrown at [/HUDSON3/workspace/8-2-build-linux-amd64/jdk8u111/7883/hotspot/src/share/vm/prims/jni.cpp, line 735]
Event: 0.875 Thread 0x00007f140c003000 Exception <a 'org/simgrid/msg/TimeoutException'> (0x00000000ecd8fe88) thrown at [/HUDSON3/workspace/8-2-build-linux-amd64/jdk8u111/7883/hotspot/src/share/vm/prims/jni.cpp, line 735]

Events (10 events):
Event: 0.709 loading class java/lang/Throwable$PrintStreamOrWriter done
Event: 0.709 loading class java/lang/Throwable$WrappedPrintStream done
Event: 0.709 loading class java/util/IdentityHashMap$KeySet
Event: 0.709 loading class java/util/IdentityHashMap$KeySet done
Event: 0.710 Thread 0x00007f1448001000 Thread exited: 0x00007f1448001000
Event: 0.788 Thread 0x00007f1410003000 DEOPT PACKING pc=0x00007f149516b038 sp=0x00007f141cff8760
Event: 0.788 Thread 0x00007f1410003000 DEOPT UNPACKING pc=0x00007f1495047633 sp=0x00007f141cff8488 mode 0
Event: 0.793 Thread 0x00007f142c001000 Thread exited: 0x00007f142c001000
Event: 0.875 Executing VM operation: ParallelGCFailedAllocation
Event: 0.883 Executing VM operation: ParallelGCFailedAllocation done


Dynamic libraries:
00400000-00401000 r-xp 00000000 08:01 8784123                            /home/elixandrebaldi/jdk1.8.0_111/bin/java
00600000-00601000 rw-p 00000000 08:01 8784123                            /home/elixandrebaldi/jdk1.8.0_111/bin/java
00ad4000-00b16000 rw-p 00000000 00:00 0                                  [heap]
c4c00000-c7400000 rw-p 00000000 00:00 0 
c7400000-ec400000 ---p 00000000 00:00 0 
ec400000-ed800000 rw-p 00000000 00:00 0 
ed800000-100000000 ---p 00000000 00:00 0 
100000000-100080000 rw-p 00000000 00:00 0 
100080000-140000000 ---p 00000000 00:00 0 
7f14067f5000-7f14067f8000 ---p 00000000 00:00 0 
7f14067f8000-7f1406ff6000 rw-p 00000000 00:00 0 
7f1406ff6000-7f1406ff9000 ---p 00000000 00:00 0 
7f1406ff9000-7f14077f7000 rw-p 00000000 00:00 0 
7f14077f7000-7f14077fa000 ---p 00000000 00:00 0 
7f14077fa000-7f1407ff8000 rw-p 00000000 00:00 0 
7f1407ff8000-7f1407ffb000 ---p 00000000 00:00 0 
7f1407ffb000-7f14087f9000 rw-p 00000000 00:00 0 
7f14087f9000-7f14087fc000 ---p 00000000 00:00 0 
7f14087fc000-7f1408ffa000 rw-p 00000000 00:00 0 
7f1408ffa000-7f1408ffd000 ---p 00000000 00:00 0 
7f1408ffd000-7f14097fb000 rw-p 00000000 00:00 0 
7f14097fb000-7f14097fe000 ---p 00000000 00:00 0 
7f14097fe000-7f1409ffc000 rw-p 00000000 00:00 0 
7f1409ffc000-7f1409fff000 ---p 00000000 00:00 0 
7f1409fff000-7f140a7fd000 rw-p 00000000 00:00 0 
7f140a7fd000-7f140a800000 ---p 00000000 00:00 0 
7f140a800000-7f140affe000 rw-p 00000000 00:00 0 
7f140affe000-7f140b001000 ---p 00000000 00:00 0 
7f140b001000-7f140b7ff000 rw-p 00000000 00:00 0 
7f140b7ff000-7f140b802000 ---p 00000000 00:00 0 
7f140b802000-7f140c000000 rw-p 00000000 00:00 0 
7f140c000000-7f140c09a000 rw-p 00000000 00:00 0 
7f140c09a000-7f1410000000 ---p 00000000 00:00 0 
7f1410000000-7f1410085000 rw-p 00000000 00:00 0 
7f1410085000-7f1414000000 ---p 00000000 00:00 0 
7f1414000000-7f1414079000 rw-p 00000000 00:00 0 
7f1414079000-7f1418000000 ---p 00000000 00:00 0 
7f1418000000-7f141807f000 rw-p 00000000 00:00 0 
7f141807f000-7f141c000000 ---p 00000000 00:00 0 
7f141c7f9000-7f141c7fc000 ---p 00000000 00:00 0 
7f141c7fc000-7f141cffa000 rw-p 00000000 00:00 0 
7f141cffa000-7f141cffd000 ---p 00000000 00:00 0 
7f141cffd000-7f141d7fb000 rw-p 00000000 00:00 0 
7f141d7fb000-7f141d7fe000 ---p 00000000 00:00 0 
7f141d7fe000-7f141dffc000 rw-p 00000000 00:00 0 
7f141dffc000-7f141dfff000 ---p 00000000 00:00 0 
7f141dfff000-7f141e7fd000 rw-p 00000000 00:00 0 
7f141e7fd000-7f141e800000 ---p 00000000 00:00 0 
7f141e800000-7f141effe000 rw-p 00000000 00:00 0 
7f141effe000-7f141f001000 ---p 00000000 00:00 0 
7f141f001000-7f141f7ff000 rw-p 00000000 00:00 0 
7f141f7ff000-7f141f802000 ---p 00000000 00:00 0 
7f141f802000-7f1420000000 rw-p 00000000 00:00 0 
7f1420000000-7f142007b000 rw-p 00000000 00:00 0 
7f142007b000-7f1424000000 ---p 00000000 00:00 0 
7f1424000000-7f142407a000 rw-p 00000000 00:00 0 
7f142407a000-7f1428000000 ---p 00000000 00:00 0 
7f1428000000-7f142807e000 rw-p 00000000 00:00 0 
7f142807e000-7f142c000000 ---p 00000000 00:00 0 
7f142c000000-7f142c080000 rw-p 00000000 00:00 0 
7f142c080000-7f1430000000 ---p 00000000 00:00 0 
7f1430000000-7f143007c000 rw-p 00000000 00:00 0 
7f143007c000-7f1434000000 ---p 00000000 00:00 0 
7f1434000000-7f143407f000 rw-p 00000000 00:00 0 
7f143407f000-7f1438000000 ---p 00000000 00:00 0 
7f1438000000-7f143807e000 rw-p 00000000 00:00 0 
7f143807e000-7f143c000000 ---p 00000000 00:00 0 
7f143c000000-7f143c079000 rw-p 00000000 00:00 0 
7f143c079000-7f1440000000 ---p 00000000 00:00 0 
7f1440000000-7f144007c000 rw-p 00000000 00:00 0 
7f144007c000-7f1444000000 ---p 00000000 00:00 0 
7f1444000000-7f1444041000 rw-p 00000000 00:00 0 
7f1444041000-7f1448000000 ---p 00000000 00:00 0 
7f1448000000-7f144806e000 rw-p 00000000 00:00 0 
7f144806e000-7f144c000000 ---p 00000000 00:00 0 
7f144c000000-7f144c037000 rw-p 00000000 00:00 0 
7f144c037000-7f1450000000 ---p 00000000 00:00 0 
7f14507f9000-7f14507fc000 ---p 00000000 00:00 0 
7f14507fc000-7f1450ffa000 rw-p 00000000 00:00 0 
7f1450ffa000-7f1450ffd000 ---p 00000000 00:00 0 
7f1450ffd000-7f14517fb000 rw-p 00000000 00:00 0 
7f14517fb000-7f14517fe000 ---p 00000000 00:00 0 
7f14517fe000-7f1451ffc000 rw-p 00000000 00:00 0 
7f1451ffc000-7f1451fff000 ---p 00000000 00:00 0 
7f1451fff000-7f14527fd000 rw-p 00000000 00:00 0 
7f14527fd000-7f1452800000 ---p 00000000 00:00 0 
7f1452800000-7f1452ffe000 rw-p 00000000 00:00 0 
7f1452ffe000-7f1453001000 ---p 00000000 00:00 0 
7f1453001000-7f14537ff000 rw-p 00000000 00:00 0 
7f14537ff000-7f1453802000 ---p 00000000 00:00 0 
7f1453802000-7f1454000000 rw-p 00000000 00:00 0 
7f1454000000-7f1454066000 rw-p 00000000 00:00 0 
7f1454066000-7f1458000000 ---p 00000000 00:00 0 
7f14587f9000-7f14587fc000 ---p 00000000 00:00 0 
7f14587fc000-7f1458ffa000 rw-p 00000000 00:00 0 
7f1458ffa000-7f1458ffd000 ---p 00000000 00:00 0 
7f1458ffd000-7f14597fb000 rw-p 00000000 00:00 0 
7f14597fb000-7f14597fe000 ---p 00000000 00:00 0 
7f14597fe000-7f1459ffc000 rw-p 00000000 00:00 0 
7f1459ffc000-7f1459fff000 ---p 00000000 00:00 0 
7f1459fff000-7f145a7fd000 rw-p 00000000 00:00 0 
7f145a7fd000-7f145a800000 ---p 00000000 00:00 0 
7f145a800000-7f145affe000 rw-p 00000000 00:00 0 
7f145affe000-7f145b001000 ---p 00000000 00:00 0 
7f145b001000-7f145b7ff000 rw-p 00000000 00:00 0 
7f145b7ff000-7f145b802000 ---p 00000000 00:00 0 
7f145b802000-7f145c000000 rw-p 00000000 00:00 0 
7f145c000000-7f145c021000 rw-p 00000000 00:00 0 
7f145c021000-7f1460000000 ---p 00000000 00:00 0 
7f1460000000-7f1460021000 rw-p 00000000 00:00 0 
7f1460021000-7f1464000000 ---p 00000000 00:00 0 
7f1464000000-7f14640d9000 rw-p 00000000 00:00 0 
7f14640d9000-7f1468000000 ---p 00000000 00:00 0 
7f1468000000-7f14680c9000 rw-p 00000000 00:00 0 
7f14680c9000-7f146c000000 ---p 00000000 00:00 0 
7f146c000000-7f146c021000 rw-p 00000000 00:00 0 
7f146c021000-7f1470000000 ---p 00000000 00:00 0 
7f1470000000-7f147009d000 rw-p 00000000 00:00 0 
7f147009d000-7f1474000000 ---p 00000000 00:00 0 
7f1474000000-7f1474021000 rw-p 00000000 00:00 0 
7f1474021000-7f1478000000 ---p 00000000 00:00 0 
7f1478000000-7f1478021000 rw-p 00000000 00:00 0 
7f1478021000-7f147c000000 ---p 00000000 00:00 0 
7f147c000000-7f147c021000 rw-p 00000000 00:00 0 
7f147c021000-7f1480000000 ---p 00000000 00:00 0 
7f1480000000-7f1480021000 rw-p 00000000 00:00 0 
7f1480021000-7f1484000000 ---p 00000000 00:00 0 
7f14843b8000-7f14843d0000 r-xp 00000000 08:01 2359785                    /tmp/simgrid-java7524664648271153779/libsimgrid-java.so
7f14843d0000-7f14845d0000 ---p 00018000 08:01 2359785                    /tmp/simgrid-java7524664648271153779/libsimgrid-java.so
7f14845d0000-7f14845d1000 rw-p 00018000 08:01 2359785                    /tmp/simgrid-java7524664648271153779/libsimgrid-java.so
7f14845d1000-7f14845e7000 r-xp 00000000 08:01 3936627                    /lib/x86_64-linux-gnu/libgcc_s.so.1
7f14845e7000-7f14847e6000 ---p 00016000 08:01 3936627                    /lib/x86_64-linux-gnu/libgcc_s.so.1
7f14847e6000-7f14847e7000 rw-p 00015000 08:01 3936627                    /lib/x86_64-linux-gnu/libgcc_s.so.1
7f14847e7000-7f1484959000 r-xp 00000000 08:01 23332798                   /usr/lib/x86_64-linux-gnu/libstdc++.so.6.0.21
7f1484959000-7f1484b59000 ---p 00172000 08:01 23332798                   /usr/lib/x86_64-linux-gnu/libstdc++.so.6.0.21
7f1484b59000-7f1484b63000 r--p 00172000 08:01 23332798                   /usr/lib/x86_64-linux-gnu/libstdc++.so.6.0.21
7f1484b63000-7f1484b65000 rw-p 0017c000 08:01 23332798                   /usr/lib/x86_64-linux-gnu/libstdc++.so.6.0.21
7f1484b65000-7f1484b69000 rw-p 00000000 00:00 0 
7f1484b69000-7f1484e2e000 r-xp 00000000 08:01 2359784                    /tmp/simgrid-java7524664648271153779/libsimgrid.so
7f1484e2e000-7f148502e000 ---p 002c5000 08:01 2359784                    /tmp/simgrid-java7524664648271153779/libsimgrid.so
7f148502e000-7f1485069000 rw-p 002c5000 08:01 2359784                    /tmp/simgrid-java7524664648271153779/libsimgrid.so
7f1485069000-7f1485372000 rw-p 00000000 00:00 0 
7f1485372000-7f1485388000 r-xp 00000000 08:01 8783936                    /home/elixandrebaldi/jdk1.8.0_111/jre/lib/amd64/libnet.so
7f1485388000-7f1485588000 ---p 00016000 08:01 8783936                    /home/elixandrebaldi/jdk1.8.0_111/jre/lib/amd64/libnet.so
7f1485588000-7f1485589000 rw-p 00016000 08:01 8783936                    /home/elixandrebaldi/jdk1.8.0_111/jre/lib/amd64/libnet.so
7f1485589000-7f148559a000 r-xp 00000000 08:01 8783935                    /home/elixandrebaldi/jdk1.8.0_111/jre/lib/amd64/libnio.so
7f148559a000-7f1485799000 ---p 00011000 08:01 8783935                    /home/elixandrebaldi/jdk1.8.0_111/jre/lib/amd64/libnio.so
7f1485799000-7f148579a000 rw-p 00010000 08:01 8783935                    /home/elixandrebaldi/jdk1.8.0_111/jre/lib/amd64/libnio.so
7f148579a000-7f148579b000 ---p 00000000 00:00 0 
7f148579b000-7f148589b000 rw-p 00000000 00:00 0 
7f148589b000-7f148589e000 ---p 00000000 00:00 0 
7f148589e000-7f148599c000 rw-p 00000000 00:00 0 
7f148599c000-7f148599f000 ---p 00000000 00:00 0 
7f148599f000-7f1485a9d000 rw-p 00000000 00:00 0 
7f1485a9d000-7f1485aa0000 ---p 00000000 00:00 0 
7f1485aa0000-7f1485b9e000 rw-p 00000000 00:00 0 
7f1485b9e000-7f1485ba1000 ---p 00000000 00:00 0 
7f1485ba1000-7f1485c9f000 rw-p 00000000 00:00 0 
7f1485c9f000-7f1485ca2000 ---p 00000000 00:00 0 
7f1485ca2000-7f1485da0000 rw-p 00000000 00:00 0 
7f1485da0000-7f14871f2000 r--p 00000000 08:01 23331759                   /usr/lib/locale/locale-archive
7f14871f2000-7f14871f5000 ---p 00000000 00:00 0 
7f14871f5000-7f14872f3000 rw-p 00000000 00:00 0 
7f14872f3000-7f14872f6000 ---p 00000000 00:00 0 
7f14872f6000-7f14873f4000 rw-p 00000000 00:00 0 
7f14873f4000-7f14873f5000 ---p 00000000 00:00 0 
7f14873f5000-7f1488000000 rw-p 00000000 00:00 0 
7f1488000000-7f1488021000 rw-p 00000000 00:00 0 
7f1488021000-7f148c000000 ---p 00000000 00:00 0 
7f148c000000-7f148c021000 rw-p 00000000 00:00 0 
7f148c021000-7f1490000000 ---p 00000000 00:00 0 
7f1490000000-7f1490021000 rw-p 00000000 00:00 0 
7f1490021000-7f1494000000 ---p 00000000 00:00 0 
7f149404a000-7f149444e000 rw-p 00000000 00:00 0 
7f149444e000-7f1494626000 r--s 03d2a000 08:01 8784070                    /home/elixandrebaldi/jdk1.8.0_111/jre/lib/rt.jar
7f1494626000-7f1494a66000 rw-p 00000000 00:00 0 
7f1494a66000-7f1494e26000 ---p 00000000 00:00 0 
7f1494e26000-7f1495000000 rw-p 00000000 00:00 0 
7f1495000000-7f1495270000 rwxp 00000000 00:00 0 
7f1495270000-7f14a4000000 ---p 00000000 00:00 0 
7f14a4000000-7f14a447b000 rw-p 00000000 00:00 0 
7f14a447b000-7f14a8000000 ---p 00000000 00:00 0 
7f14a808a000-7f14a9f52000 rw-p 00000000 00:00 0 
7f14a9f52000-7f14a9f53000 ---p 00000000 00:00 0 
7f14a9f53000-7f14aa053000 rw-p 00000000 00:00 0 
7f14aa053000-7f14aa054000 ---p 00000000 00:00 0 
7f14aa054000-7f14aa154000 rw-p 00000000 00:00 0 
7f14aa154000-7f14aa155000 ---p 00000000 00:00 0 
7f14aa155000-7f14aa255000 rw-p 00000000 00:00 0 
7f14aa255000-7f14aa256000 ---p 00000000 00:00 0 
7f14aa256000-7f14aa36a000 rw-p 00000000 00:00 0 
7f14aa36a000-7f14aa492000 ---p 00000000 00:00 0 
7f14aa492000-7f14aa4a6000 rw-p 00000000 00:00 0 
7f14aa4a6000-7f14aa5ce000 ---p 00000000 00:00 0 
7f14aa5ce000-7f14aa5d8000 rw-p 00000000 00:00 0 
7f14aa5d8000-7f14aa66c000 ---p 00000000 00:00 0 
7f14aa66c000-7f14aa677000 rw-p 00000000 00:00 0 
7f14aa677000-7f14aaa2d000 ---p 00000000 00:00 0 
7f14aaa2d000-7f14aaa47000 r-xp 00000000 08:01 8783934                    /home/elixandrebaldi/jdk1.8.0_111/jre/lib/amd64/libzip.so
7f14aaa47000-7f14aac47000 ---p 0001a000 08:01 8783934                    /home/elixandrebaldi/jdk1.8.0_111/jre/lib/amd64/libzip.so
7f14aac47000-7f14aac48000 rw-p 0001a000 08:01 8783934                    /home/elixandrebaldi/jdk1.8.0_111/jre/lib/amd64/libzip.so
7f14aac48000-7f14aac53000 r-xp 00000000 08:01 3932251                    /lib/x86_64-linux-gnu/libnss_files-2.23.so
7f14aac53000-7f14aae52000 ---p 0000b000 08:01 3932251                    /lib/x86_64-linux-gnu/libnss_files-2.23.so
7f14aae52000-7f14aae53000 r--p 0000a000 08:01 3932251                    /lib/x86_64-linux-gnu/libnss_files-2.23.so
7f14aae53000-7f14aae54000 rw-p 0000b000 08:01 3932251                    /lib/x86_64-linux-gnu/libnss_files-2.23.so
7f14aae54000-7f14aae5a000 rw-p 00000000 00:00 0 
7f14aae5a000-7f14aae65000 r-xp 00000000 08:01 3932244                    /lib/x86_64-linux-gnu/libnss_nis-2.23.so
7f14aae65000-7f14ab064000 ---p 0000b000 08:01 3932244                    /lib/x86_64-linux-gnu/libnss_nis-2.23.so
7f14ab064000-7f14ab065000 r--p 0000a000 08:01 3932244                    /lib/x86_64-linux-gnu/libnss_nis-2.23.so
7f14ab065000-7f14ab066000 rw-p 0000b000 08:01 3932244                    /lib/x86_64-linux-gnu/libnss_nis-2.23.so
7f14ab066000-7f14ab07c000 r-xp 00000000 08:01 3932246                    /lib/x86_64-linux-gnu/libnsl-2.23.so
7f14ab07c000-7f14ab27b000 ---p 00016000 08:01 3932246                    /lib/x86_64-linux-gnu/libnsl-2.23.so
7f14ab27b000-7f14ab27c000 r--p 00015000 08:01 3932246                    /lib/x86_64-linux-gnu/libnsl-2.23.so
7f14ab27c000-7f14ab27d000 rw-p 00016000 08:01 3932246                    /lib/x86_64-linux-gnu/libnsl-2.23.so
7f14ab27d000-7f14ab27f000 rw-p 00000000 00:00 0 
7f14ab27f000-7f14ab287000 r-xp 00000000 08:01 3932253                    /lib/x86_64-linux-gnu/libnss_compat-2.23.so
7f14ab287000-7f14ab486000 ---p 00008000 08:01 3932253                    /lib/x86_64-linux-gnu/libnss_compat-2.23.so
7f14ab486000-7f14ab487000 r--p 00007000 08:01 3932253                    /lib/x86_64-linux-gnu/libnss_compat-2.23.so
7f14ab487000-7f14ab488000 rw-p 00008000 08:01 3932253                    /lib/x86_64-linux-gnu/libnss_compat-2.23.so
7f14ab488000-7f14ab4b3000 r-xp 00000000 08:01 8783907                    /home/elixandrebaldi/jdk1.8.0_111/jre/lib/amd64/libjava.so
7f14ab4b3000-7f14ab6b2000 ---p 0002b000 08:01 8783907                    /home/elixandrebaldi/jdk1.8.0_111/jre/lib/amd64/libjava.so
7f14ab6b2000-7f14ab6b4000 rw-p 0002a000 08:01 8783907                    /home/elixandrebaldi/jdk1.8.0_111/jre/lib/amd64/libjava.so
7f14ab6b4000-7f14ab6c1000 r-xp 00000000 08:01 8783870                    /home/elixandrebaldi/jdk1.8.0_111/jre/lib/amd64/libverify.so
7f14ab6c1000-7f14ab8c0000 ---p 0000d000 08:01 8783870                    /home/elixandrebaldi/jdk1.8.0_111/jre/lib/amd64/libverify.so
7f14ab8c0000-7f14ab8c2000 rw-p 0000c000 08:01 8783870                    /home/elixandrebaldi/jdk1.8.0_111/jre/lib/amd64/libverify.so
7f14ab8c2000-7f14ab8c9000 r-xp 00000000 08:01 3932254                    /lib/x86_64-linux-gnu/librt-2.23.so
7f14ab8c9000-7f14abac8000 ---p 00007000 08:01 3932254                    /lib/x86_64-linux-gnu/librt-2.23.so
7f14abac8000-7f14abac9000 r--p 00006000 08:01 3932254                    /lib/x86_64-linux-gnu/librt-2.23.so
7f14abac9000-7f14abaca000 rw-p 00007000 08:01 3932254                    /lib/x86_64-linux-gnu/librt-2.23.so
7f14abaca000-7f14abbd2000 r-xp 00000000 08:01 3932245                    /lib/x86_64-linux-gnu/libm-2.23.so
7f14abbd2000-7f14abdd1000 ---p 00108000 08:01 3932245                    /lib/x86_64-linux-gnu/libm-2.23.so
7f14abdd1000-7f14abdd2000 r--p 00107000 08:01 3932245                    /lib/x86_64-linux-gnu/libm-2.23.so
7f14abdd2000-7f14abdd3000 rw-p 00108000 08:01 3932245                    /lib/x86_64-linux-gnu/libm-2.23.so
7f14abdd3000-7f14acaa0000 r-xp 00000000 08:01 8783785                    /home/elixandrebaldi/jdk1.8.0_111/jre/lib/amd64/server/libjvm.so
7f14acaa0000-7f14acc9f000 ---p 00ccd000 08:01 8783785                    /home/elixandrebaldi/jdk1.8.0_111/jre/lib/amd64/server/libjvm.so
7f14acc9f000-7f14acd78000 rw-p 00ccc000 08:01 8783785                    /home/elixandrebaldi/jdk1.8.0_111/jre/lib/amd64/server/libjvm.so
7f14acd78000-7f14acdc3000 rw-p 00000000 00:00 0 
7f14acdc3000-7f14acf82000 r-xp 00000000 08:01 3932247                    /lib/x86_64-linux-gnu/libc-2.23.so
7f14acf82000-7f14ad182000 ---p 001bf000 08:01 3932247                    /lib/x86_64-linux-gnu/libc-2.23.so
7f14ad182000-7f14ad186000 r--p 001bf000 08:01 3932247                    /lib/x86_64-linux-gnu/libc-2.23.so
7f14ad186000-7f14ad188000 rw-p 001c3000 08:01 3932247                    /lib/x86_64-linux-gnu/libc-2.23.so
7f14ad188000-7f14ad18c000 rw-p 00000000 00:00 0 
7f14ad18c000-7f14ad18f000 r-xp 00000000 08:01 3932243                    /lib/x86_64-linux-gnu/libdl-2.23.so
7f14ad18f000-7f14ad38e000 ---p 00003000 08:01 3932243                    /lib/x86_64-linux-gnu/libdl-2.23.so
7f14ad38e000-7f14ad38f000 r--p 00002000 08:01 3932243                    /lib/x86_64-linux-gnu/libdl-2.23.so
7f14ad38f000-7f14ad390000 rw-p 00003000 08:01 3932243                    /lib/x86_64-linux-gnu/libdl-2.23.so
7f14ad390000-7f14ad3a5000 r-xp 00000000 08:01 8783943                    /home/elixandrebaldi/jdk1.8.0_111/lib/amd64/jli/libjli.so
7f14ad3a5000-7f14ad5a5000 ---p 00015000 08:01 8783943                    /home/elixandrebaldi/jdk1.8.0_111/lib/amd64/jli/libjli.so
7f14ad5a5000-7f14ad5a6000 rw-p 00015000 08:01 8783943                    /home/elixandrebaldi/jdk1.8.0_111/lib/amd64/jli/libjli.so
7f14ad5a6000-7f14ad5be000 r-xp 00000000 08:01 3932258                    /lib/x86_64-linux-gnu/libpthread-2.23.so
7f14ad5be000-7f14ad7bd000 ---p 00018000 08:01 3932258                    /lib/x86_64-linux-gnu/libpthread-2.23.so
7f14ad7bd000-7f14ad7be000 r--p 00017000 08:01 3932258                    /lib/x86_64-linux-gnu/libpthread-2.23.so
7f14ad7be000-7f14ad7bf000 rw-p 00018000 08:01 3932258                    /lib/x86_64-linux-gnu/libpthread-2.23.so
7f14ad7bf000-7f14ad7c3000 rw-p 00000000 00:00 0 
7f14ad7c3000-7f14ad7e9000 r-xp 00000000 08:01 3932248                    /lib/x86_64-linux-gnu/ld-2.23.so
7f14ad7ee000-7f14ad8c6000 rw-p 00000000 00:00 0 
7f14ad8c6000-7f14ad8c9000 ---p 00000000 00:00 0 
7f14ad8c9000-7f14ad9cb000 rw-p 00000000 00:00 0 
7f14ad9d4000-7f14ad9d9000 r--s 00096000 08:01 8783911                    /home/elixandrebaldi/jdk1.8.0_111/jre/lib/jsse.jar
7f14ad9d9000-7f14ad9dc000 r--s 00f76000 08:01 8524426                    /home/elixandrebaldi/Documentos/VCubeDHT/simgrid.jar
7f14ad9dc000-7f14ad9e4000 rw-s 00000000 08:01 2359391                    /tmp/hsperfdata_elixandrebaldi/10412
7f14ad9e4000-7f14ad9e5000 rw-p 00000000 00:00 0 
7f14ad9e5000-7f14ad9e6000 r--p 00000000 00:00 0 
7f14ad9e6000-7f14ad9e8000 rw-p 00000000 00:00 0 
7f14ad9e8000-7f14ad9e9000 r--p 00025000 08:01 3932248                    /lib/x86_64-linux-gnu/ld-2.23.so
7f14ad9e9000-7f14ad9ea000 rw-p 00026000 08:01 3932248                    /lib/x86_64-linux-gnu/ld-2.23.so
7f14ad9ea000-7f14ad9eb000 rw-p 00000000 00:00 0 
7ffc96f0c000-7ffc96f2d000 rw-p 00000000 00:00 0                          [stack]
7ffc96fe1000-7ffc96fe3000 r--p 00000000 00:00 0                          [vvar]
7ffc96fe3000-7ffc96fe5000 r-xp 00000000 00:00 0                          [vdso]
ffffffffff600000-ffffffffff601000 r-xp 00000000 00:00 0                  [vsyscall]

VM Arguments:
jvm_args: -Dfile.encoding=UTF-8 
java_command: vcube.VCube platform.xml deployment.xml
java_class_path (initial): /home/elixandrebaldi/Documentos/VCubeDHT/simgrid.jar:/home/elixandrebaldi/Documentos/VCubeDHT/VCube/build/classes
Launcher Type: SUN_STANDARD

Environment Variables:
PATH=/home/elixandrebaldi/bin:/home/elixandrebaldi/.local/bin:/usr/local/sbin:/usr/local/bin:/usr/sbin:/usr/bin:/sbin:/bin:/usr/games:/usr/local/games
LD_LIBRARY_PATH=/home/elixandrebaldi/jdk1.8.0_111/jre/lib/amd64:/home/elixandrebaldi/jdk1.8.0_111/jre/lib/i386:
SHELL=/bin/bash
DISPLAY=:0

Signal Handlers:
SIGSEGV: [libjvm.so+0xac64b0], sa_mask[0]=11111111011111111101111111111110, sa_flags=SA_RESTART|SA_SIGINFO
SIGBUS: [libjvm.so+0xac64b0], sa_mask[0]=11111111011111111101111111111110, sa_flags=SA_RESTART|SA_SIGINFO
SIGFPE: [libjvm.so+0x91f950], sa_mask[0]=11111111011111111101111111111110, sa_flags=SA_RESTART|SA_SIGINFO
SIGPIPE: [libjvm.so+0x91f950], sa_mask[0]=11111111011111111101111111111110, sa_flags=SA_RESTART|SA_SIGINFO
SIGXFSZ: [libjvm.so+0x91f950], sa_mask[0]=11111111011111111101111111111110, sa_flags=SA_RESTART|SA_SIGINFO
SIGILL: [libjvm.so+0x91f950], sa_mask[0]=11111111011111111101111111111110, sa_flags=SA_RESTART|SA_SIGINFO
SIGUSR1: SIG_DFL, sa_mask[0]=00000000000000000000000000000000, sa_flags=none
SIGUSR2: [libjvm.so+0x920f80], sa_mask[0]=00100000000000000000000000000000, sa_flags=SA_RESTART|SA_SIGINFO
SIGHUP: [libjvm.so+0x922380], sa_mask[0]=11111111011111111101111111111110, sa_flags=SA_RESTART|SA_SIGINFO
SIGINT: [libsimgrid.so+0x8ff50], sa_mask[0]=01000000000000000000000000000000, sa_flags=SA_RESTART
SIGTERM: [libjvm.so+0x922380], sa_mask[0]=11111111011111111101111111111110, sa_flags=SA_RESTART|SA_SIGINFO
SIGQUIT: [libjvm.so+0x922380], sa_mask[0]=11111111011111111101111111111110, sa_flags=SA_RESTART|SA_SIGINFO


---------------  S Y S T E M  ---------------

OS:DISTRIB_ID="elementary"
DISTRIB_RELEASE=0.4.1
DISTRIB_CODENAME=loki
DISTRIB_DESCRIPTION="elementary OS 0.4.1 Loki"

uname:Linux 4.4.0-79-generic #100-Ubuntu SMP Wed May 17 19:58:14 UTC 2017 x86_64
libc:glibc 2.23 NPTL 2.23 
rlimit: STACK 8192k, CORE 0k, NPROC 14991, NOFILE 65536, AS infinity
load average:0.32 0.50 0.65

/proc/meminfo:
MemTotal:        3878592 kB
MemFree:          672856 kB
MemAvailable:    1592156 kB
Buffers:          132308 kB
Cached:          1082200 kB
SwapCached:          188 kB
Active:          1907120 kB
Inactive:        1045860 kB
Active(anon):    1222876 kB
Inactive(anon):   668280 kB
Active(file):     684244 kB
Inactive(file):   377580 kB
Unevictable:          48 kB
Mlocked:              48 kB
SwapTotal:       4025340 kB
SwapFree:        4022160 kB
Dirty:             12320 kB
Writeback:             0 kB
AnonPages:       1742596 kB
Mapped:           249004 kB
Shmem:            152684 kB
Slab:             151792 kB
SReclaimable:     119940 kB
SUnreclaim:        31852 kB
KernelStack:        8656 kB
PageTables:        31000 kB
NFS_Unstable:          0 kB
Bounce:                0 kB
WritebackTmp:          0 kB
CommitLimit:     5964636 kB
Committed_AS:    5216588 kB
VmallocTotal:   34359738367 kB
VmallocUsed:           0 kB
VmallocChunk:          0 kB
HardwareCorrupted:     0 kB
AnonHugePages:   1257472 kB
CmaTotal:              0 kB
CmaFree:               0 kB
HugePages_Total:       0
HugePages_Free:        0
HugePages_Rsvd:        0
HugePages_Surp:        0
Hugepagesize:       2048 kB
DirectMap4k:      144120 kB
DirectMap2M:     3883008 kB


CPU:total 4 (2 cores per cpu, 2 threads per core) family 6 model 58 stepping 9, cmov, cx8, fxsr, mmx, sse, sse2, sse3, ssse3, sse4.1, sse4.2, popcnt, avx, clmul, erms, ht, tsc, tscinvbit, tscinv

/proc/cpuinfo:
processor	: 0
vendor_id	: GenuineIntel
cpu family	: 6
model		: 58
model name	: Intel(R) Core(TM) i7-3517U CPU @ 1.90GHz
stepping	: 9
microcode	: 0x12
cpu MHz		: 2777.062
cache size	: 4096 KB
physical id	: 0
siblings	: 4
core id		: 0
cpu cores	: 2
apicid		: 0
initial apicid	: 0
fpu		: yes
fpu_exception	: yes
cpuid level	: 13
wp		: yes
flags		: fpu vme de pse tsc msr pae mce cx8 apic sep mtrr pge mca cmov pat pse36 clflush dts acpi mmx fxsr sse sse2 ss ht tm pbe syscall nx rdtscp lm constant_tsc arch_perfmon pebs bts rep_good nopl xtopology nonstop_tsc aperfmperf eagerfpu pni pclmulqdq dtes64 monitor ds_cpl vmx est tm2 ssse3 cx16 xtpr pdcm pcid sse4_1 sse4_2 x2apic popcnt tsc_deadline_timer xsave avx f16c rdrand lahf_lm epb tpr_shadow vnmi flexpriority ept vpid fsgsbase smep erms xsaveopt dtherm ida arat pln pts
bugs		:
bogomips	: 4789.43
clflush size	: 64
cache_alignment	: 64
address sizes	: 36 bits physical, 48 bits virtual
power management:

processor	: 1
vendor_id	: GenuineIntel
cpu family	: 6
model		: 58
model name	: Intel(R) Core(TM) i7-3517U CPU @ 1.90GHz
stepping	: 9
microcode	: 0x12
cpu MHz		: 2776.875
cache size	: 4096 KB
physical id	: 0
siblings	: 4
core id		: 0
cpu cores	: 2
apicid		: 1
initial apicid	: 1
fpu		: yes
fpu_exception	: yes
cpuid level	: 13
wp		: yes
flags		: fpu vme de pse tsc msr pae mce cx8 apic sep mtrr pge mca cmov pat pse36 clflush dts acpi mmx fxsr sse sse2 ss ht tm pbe syscall nx rdtscp lm constant_tsc arch_perfmon pebs bts rep_good nopl xtopology nonstop_tsc aperfmperf eagerfpu pni pclmulqdq dtes64 monitor ds_cpl vmx est tm2 ssse3 cx16 xtpr pdcm pcid sse4_1 sse4_2 x2apic popcnt tsc_deadline_timer xsave avx f16c rdrand lahf_lm epb tpr_shadow vnmi flexpriority ept vpid fsgsbase smep erms xsaveopt dtherm ida arat pln pts
bugs		:
bogomips	: 4789.43
clflush size	: 64
cache_alignment	: 64
address sizes	: 36 bits physical, 48 bits virtual
power management:

processor	: 2
vendor_id	: GenuineIntel
cpu family	: 6
model		: 58
model name	: Intel(R) Core(TM) i7-3517U CPU @ 1.90GHz
stepping	: 9
microcode	: 0x12
cpu MHz		: 2779.875
cache size	: 4096 KB
physical id	: 0
siblings	: 4
core id		: 1
cpu cores	: 2
apicid		: 2
initial apicid	: 2
fpu		: yes
fpu_exception	: yes
cpuid level	: 13
wp		: yes
flags		: fpu vme de pse tsc msr pae mce cx8 apic sep mtrr pge mca cmov pat pse36 clflush dts acpi mmx fxsr sse sse2 ss ht tm pbe syscall nx rdtscp lm constant_tsc arch_perfmon pebs bts rep_good nopl xtopology nonstop_tsc aperfmperf eagerfpu pni pclmulqdq dtes64 monitor ds_cpl vmx est tm2 ssse3 cx16 xtpr pdcm pcid sse4_1 sse4_2 x2apic popcnt tsc_deadline_timer xsave avx f16c rdrand lahf_lm epb tpr_shadow vnmi flexpriority ept vpid fsgsbase smep erms xsaveopt dtherm ida arat pln pts
bugs		:
bogomips	: 4789.43
clflush size	: 64
cache_alignment	: 64
address sizes	: 36 bits physical, 48 bits virtual
power management:

processor	: 3
vendor_id	: GenuineIntel
cpu family	: 6
model		: 58
model name	: Intel(R) Core(TM) i7-3517U CPU @ 1.90GHz
stepping	: 9
microcode	: 0x12
cpu MHz		: 2766.000
cache size	: 4096 KB
physical id	: 0
siblings	: 4
core id		: 1
cpu cores	: 2
apicid		: 3
initial apicid	: 3
fpu		: yes
fpu_exception	: yes
cpuid level	: 13
wp		: yes
flags		: fpu vme de pse tsc msr pae mce cx8 apic sep mtrr pge mca cmov pat pse36 clflush dts acpi mmx fxsr sse sse2 ss ht tm pbe syscall nx rdtscp lm constant_tsc arch_perfmon pebs bts rep_good nopl xtopology nonstop_tsc aperfmperf eagerfpu pni pclmulqdq dtes64 monitor ds_cpl vmx est tm2 ssse3 cx16 xtpr pdcm pcid sse4_1 sse4_2 x2apic popcnt tsc_deadline_timer xsave avx f16c rdrand lahf_lm epb tpr_shadow vnmi flexpriority ept vpid fsgsbase smep erms xsaveopt dtherm ida arat pln pts
bugs		:
bogomips	: 4789.43
clflush size	: 64
cache_alignment	: 64
address sizes	: 36 bits physical, 48 bits virtual
power management:



Memory: 4k page, physical 3878592k(672856k free), swap 4025340k(4022160k free)

vm_info: Java HotSpot(TM) 64-Bit Server VM (25.111-b14) for linux-amd64 JRE (1.8.0_111-b14), built on Sep 22 2016 16:14:03 by "java_re" with gcc 4.3.0 20080428 (Red Hat 4.3.0-8)

time: Tue Jun 13 22:52:51 2017
elapsed time: 0 seconds (0d 0h 0m 0s)

