#
# A fatal error has been detected by the Java Runtime Environment:
#
#  SIGSEGV (0xb) at pc=0x00007fbc1305a263, pid=16888, tid=0x00007fbc318e7700
#
# JRE version: Java(TM) SE Runtime Environment (8.0_111-b14) (build 1.8.0_111-b14)
# Java VM: Java HotSpot(TM) 64-Bit Server VM (25.111-b14 mixed mode linux-amd64 compressed oops)
# Problematic frame:
# C  [libsimgrid.so+0x190263]  xbt_dynar_member+0x23
#
# Failed to write core dump. Core dumps have been disabled. To enable core dumping, try "ulimit -c unlimited" before starting Java again
#
# If you would like to submit a bug report, please visit:
#   http://bugreport.java.com/bugreport/crash.jsp
#

---------------  T H R E A D  ---------------

Current thread (0x00007fbc44077800):  VMThread [stack: 0x00007fbc317e7000,0x00007fbc318e8000] [id=16898]

siginfo: si_signo: 11 (SIGSEGV), si_code: 1 (SEGV_MAPERR), si_addr: 0x0000000000000000

Registers:
RAX=0x0000000000000000, RBX=0x00007fbc133c6700, RCX=0x0000000000000000, RDX=0x00007fbc318e7a30
RSP=0x00007fbc318e6710, RBP=0x00007fbc4416b4c0, RSI=0x00007fbc318e68b8, RDI=0x00007fbc318e67d0
R8 =0x00007fbc441624d0, R9 =0x00007fbc441624d0, R10=0x0000000000000c58, R11=0x00007fbc1305a240
R12=0x00007fbc133d1790, R13=0x00007fbc4414b4c0, R14=0x00000000000003d8, R15=0x00007fbc44026e68
RIP=0x00007fbc1305a263, EFLAGS=0x0000000000010202, CSGSFS=0x0000000000000033, ERR=0x0000000000000004
  TRAPNO=0x000000000000000e

Top of Stack: (sp=0x00007fbc318e6710)
0x00007fbc318e6710:   0000000000000000 0000000000000000
0x00007fbc318e6720:   00007fbc44162540 00007fbc318e68b8
0x00007fbc318e6730:   0000000000000000 0000000000000000
0x00007fbc318e6740:   0000000000000000 0000000000000000
0x00007fbc318e6750:   0000000000000000 0000000000000000
0x00007fbc318e6760:   0000000000000000 0000000000000000
0x00007fbc318e6770:   0000000000000000 0000000000000000
0x00007fbc318e6780:   0000ff00000000ff 00000000ff000000
0x00007fbc318e6790:   0000000000000000 0000000000000000
0x00007fbc318e67a0:   0000000000000000 0000000000000000
0x00007fbc318e67b0:   0000000000000000 0000000000000000
0x00007fbc318e67c0:   0000000042c80000 0000000000000000
0x00007fbc318e67d0:   0000000000000000 0000000000000000
0x00007fbc318e67e0:   0000000000000000 0000000000000000
0x00007fbc318e67f0:   0000000000000000 0000000000000000
0x00007fbc318e6800:   00007fbc13391400 00007fbc44172330
0x00007fbc318e6810:   00007fbc4414b4c0 00007fbc13050a0a
0x00007fbc318e6820:   00007fbc461abd20 00007fbc13391400
0x00007fbc318e6830:   00007fbc44172330 00007fbc130c0286
0x00007fbc318e6840:   00007fbc441a9970 0000000000000000
0x00007fbc318e6850:   0000000000000000 00007fbc318e68b8
0x00007fbc318e6860:   00007fbc44162540 00007fbc441624d0
0x00007fbc318e6870:   00007fbc441624d0 00007fbc133c9a98
0x00007fbc318e6880:   00007fbc44164730 0000000000000001
0x00007fbc318e6890:   00007fbc133c6700 00007fbc441499a0
0x00007fbc318e68a0:   00007fbc133c6700 00007fbc1307734f
0x00007fbc318e68b0:   0000000000000000 00007fbc44172330
0x00007fbc318e68c0:   0000000000000000 0000000000000000
0x00007fbc318e68d0:   0000000000000000 00007fbc133c9a98
0x00007fbc318e68e0:   00007fbc44164730 0000000000000001
0x00007fbc318e68f0:   00007fbc4414b4c0 00007fbc13058d37
0x00007fbc318e6900:   00007fbc4414b4c0 00007fbc133c9098 

Instructions: (pc=0x00007fbc1305a263)
0x00007fbc1305a243:   ec 90 01 00 00 48 8b 05 01 a2 33 00 48 89 7c 24
0x00007fbc1305a253:   10 48 89 74 24 18 ff 10 48 8d bc 24 c0 00 00 00
0x00007fbc1305a263:   48 8b 08 48 89 04 24 48 89 38 48 89 4c 24 08 e8
0x00007fbc1305a273:   79 31 ed ff 85 c0 74 75 48 8b 14 24 c7 42 08 01 

Register to memory mapping:

RAX=0x0000000000000000 is an unknown value
RBX=0x00007fbc133c6700: _simgrid_log_category__simix_process+0 in /tmp/simgrid-java5888222804564706908/libsimgrid.so at 0x00007fbc12eca000
RCX=0x0000000000000000 is an unknown value
RDX=0x00007fbc318e7a30 is an unknown value
RSP=0x00007fbc318e6710 is an unknown value
RBP=0x00007fbc4416b4c0 is an unknown value
RSI=0x00007fbc318e68b8 is an unknown value
RDI=0x00007fbc318e67d0 is an unknown value
R8 =0x00007fbc441624d0 is an unknown value
R9 =0x00007fbc441624d0 is an unknown value
R10=0x0000000000000c58 is an unknown value
R11=0x00007fbc1305a240: xbt_dynar_member+0 in /tmp/simgrid-java5888222804564706908/libsimgrid.so at 0x00007fbc12eca000
R12=0x00007fbc133d1790: simix_global+0 in /tmp/simgrid-java5888222804564706908/libsimgrid.so at 0x00007fbc12eca000
R13=0x00007fbc4414b4c0 is an unknown value
R14=0x00000000000003d8 is an unknown value
R15=0x00007fbc44026e68 is an unknown value


Stack: [0x00007fbc317e7000,0x00007fbc318e8000],  sp=0x00007fbc318e6710,  free space=1021k
Native frames: (J=compiled Java code, j=interpreted, Vv=VM code, C=native code)
C  [libsimgrid.so+0x190263]  xbt_dynar_member+0x23

VM_Operation (0x00007fbc107134d0): Exit, mode: safepoint, requested by thread 0x00007fbc0c001000


---------------  P R O C E S S  ---------------

Java Threads: ( => current thread )
  0x00007fbc0c001000 JavaThread "SIGTERM handler" daemon [_thread_blocked, id=16959, stack(0x00007fbc10614000,0x00007fbc10715000)]
  0x00007fbbb4001000 JavaThread "Thread-16" [_thread_in_native, id=16922, stack(0x00007fbbd17fb000,0x00007fbbd1ffc000)]
  0x00007fbbb0001000 JavaThread "Thread-15" [_thread_in_native, id=16920, stack(0x00007fbbd27fd000,0x00007fbbd2ffe000)]
  0x00007fbbc0001000 JavaThread "Thread-14" [_thread_in_native, id=16919, stack(0x00007fbbd2ffe000,0x00007fbbd37ff000)]
  0x00007fbbb8001000 JavaThread "Thread-13" [_thread_in_native, id=16921, stack(0x00007fbbd1ffc000,0x00007fbbd27fd000)]
  0x00007fbbbc001000 JavaThread "Thread-11" [_thread_in_native, id=16918, stack(0x00007fbbd37ff000,0x00007fbbd4000000)]
  0x00007fbbc8001000 JavaThread "Thread-12" [_thread_in_native, id=16917, stack(0x00007fbbec7f9000,0x00007fbbecffa000)]
  0x00007fbbcc001000 JavaThread "Thread-8" [_thread_blocked, id=16916, stack(0x00007fbbecffa000,0x00007fbbed7fb000)]
  0x00007fbbc4001000 JavaThread "Thread-9" [_thread_in_native, id=16915, stack(0x00007fbbed7fb000,0x00007fbbedffc000)]
  0x00007fbbd8001000 JavaThread "Thread-10" [_thread_in_native, id=16914, stack(0x00007fbbedffc000,0x00007fbbee7fd000)]
  0x00007fbbd4001000 JavaThread "Thread-7" [_thread_in_native, id=16913, stack(0x00007fbbee7fd000,0x00007fbbeeffe000)]
  0x00007fbbe0001000 JavaThread "Thread-5" [_thread_in_native, id=16912, stack(0x00007fbbeeffe000,0x00007fbbef7ff000)]
  0x00007fbbe8001000 JavaThread "Thread-6" [_thread_in_native, id=16909, stack(0x00007fbc10f16000,0x00007fbc11717000)]
  0x00007fbbdc001000 JavaThread "Thread-3" [_thread_in_native, id=16911, stack(0x00007fbbef7ff000,0x00007fbbf0000000)]
  0x00007fbbe4001000 JavaThread "Thread-4" [_thread_in_native, id=16910, stack(0x00007fbc10715000,0x00007fbc10f16000)]
  0x00007fbbf4001000 JavaThread "Thread-2" [_thread_in_native, id=16908, stack(0x00007fbc11717000,0x00007fbc11f18000)]
  0x00007fbbf0001000 JavaThread "Thread-1" [_thread_in_native, id=16907, stack(0x00007fbc11f18000,0x00007fbc12719000)]
  0x00007fbc440c0000 JavaThread "Service Thread" daemon [_thread_blocked, id=16905, stack(0x00007fbc13bfc000,0x00007fbc13cfd000)]
  0x00007fbc440bd000 JavaThread "C1 CompilerThread2" daemon [_thread_blocked, id=16904, stack(0x00007fbc13cfd000,0x00007fbc13dfe000)]
  0x00007fbc440bb000 JavaThread "C2 CompilerThread1" daemon [_thread_blocked, id=16903, stack(0x00007fbc13dfe000,0x00007fbc13eff000)]
  0x00007fbc440b8800 JavaThread "C2 CompilerThread0" daemon [_thread_blocked, id=16902, stack(0x00007fbc13eff000,0x00007fbc14000000)]
  0x00007fbc44084000 JavaThread "Finalizer" daemon [_thread_blocked, id=16900, stack(0x00007fbc315e5000,0x00007fbc316e6000)]
  0x00007fbc4407f000 JavaThread "Reference Handler" daemon [_thread_blocked, id=16899, stack(0x00007fbc316e6000,0x00007fbc317e7000)]
  0x00007fbc4400a000 JavaThread "main" [_thread_in_native, id=16893, stack(0x00007fbc4bbfd000,0x00007fbc4bcfe000)]

Other Threads:
=>0x00007fbc44077800 VMThread [stack: 0x00007fbc317e7000,0x00007fbc318e8000] [id=16898]

VM state:at safepoint (shutting down)

VM Mutex/Monitor currently owned by a thread:  ([mutex/lock_event])
[0x00007fbc440060d0] Threads_lock - owner thread: 0x00007fbc44077800

Heap:
 PSYoungGen      total 64000K, used 15094K [0x00000000ec400000, 0x00000000f0500000, 0x0000000100000000)
  eden space 61440K, 20% used [0x00000000ec400000,0x00000000ed03da50,0x00000000f0000000)
  from space 2560K, 100% used [0x00000000f0280000,0x00000000f0500000,0x00000000f0500000)
  to   space 2560K, 0% used [0x00000000f0000000,0x00000000f0000000,0x00000000f0280000)
 ParOldGen       total 40960K, used 18544K [0x00000000c4c00000, 0x00000000c7400000, 0x00000000ec400000)
  object space 40960K, 45% used [0x00000000c4c00000,0x00000000c5e1c060,0x00000000c7400000)
 Metaspace       used 3758K, capacity 4704K, committed 4864K, reserved 1056768K
  class space    used 417K, capacity 464K, committed 512K, reserved 1048576K

Card table byte_map: [0x00007fbc487c9000,0x00007fbc489a4000] byte_map_base: 0x00007fbc481a3000

Marking Bits: (ParMarkBitMap*) 0x00007fbc4b0cd220
 Begin Bits: [0x00007fbc33260000, 0x00007fbc34130000)
 End Bits:   [0x00007fbc34130000, 0x00007fbc35000000)

Polling page: 0x00007fbc4bd1c000

CodeCache: size=245760Kb used=2464Kb max_used=2506Kb free=243295Kb
 bounds [0x00007fbc35000000, 0x00007fbc35280000, 0x00007fbc44000000]
 total_blobs=468 nmethods=205 adapters=177
 compilation: enabled

Compilation events (10 events):
Event: 3.115 Thread 0x00007fbc440b8800 nmethod 201 0x00007fbc351de2d0 code [0x00007fbc351de420, 0x00007fbc351de678]
Event: 3.175 Thread 0x00007fbc440bb000 nmethod 199% 0x00007fbc35217c10 code [0x00007fbc35218100, 0x00007fbc3521c800]
Event: 4.030 Thread 0x00007fbc440bd000  202 % !   3       vcube.Node::main @ 59 (1818 bytes)
Event: 4.382 Thread 0x00007fbc440bd000 nmethod 202% 0x00007fbc3521f750 code [0x00007fbc35220a60, 0x00007fbc3522f6e8]
Event: 4.561 Thread 0x00007fbc440bd000  203 % !   3       vcube.Node::main @ 35 (1818 bytes)
Event: 4.891 Thread 0x00007fbc440bd000 nmethod 203% 0x00007fbc3523ad10 code [0x00007fbc3523c020, 0x00007fbc3524ac08]
Event: 6.394 Thread 0x00007fbc440b8800  204 % !   4       vcube.Node::main @ 59 (1818 bytes)
Event: 6.922 Thread 0x00007fbc440b8800 nmethod 204% 0x00007fbc35260a10 code [0x00007fbc352614e0, 0x00007fbc3526b368]
Event: 7.078 Thread 0x00007fbc440bb000  205 % !   4       vcube.Node::main @ 35 (1818 bytes)
Event: 8.555 Thread 0x00007fbc440bb000 nmethod 205% 0x00007fbc35270290 code [0x00007fbc35270cc0, 0x00007fbc3527a588]

GC Heap History (8 events):
Event: 0.596 GC heap before
{Heap before GC invocations=1 (full 0):
 PSYoungGen      total 17920K, used 15360K [0x00000000ec400000, 0x00000000ed800000, 0x0000000100000000)
  eden space 15360K, 100% used [0x00000000ec400000,0x00000000ed300000,0x00000000ed300000)
  from space 2560K, 0% used [0x00000000ed580000,0x00000000ed580000,0x00000000ed800000)
  to   space 2560K, 0% used [0x00000000ed300000,0x00000000ed300000,0x00000000ed580000)
 ParOldGen       total 40960K, used 0K [0x00000000c4c00000, 0x00000000c7400000, 0x00000000ec400000)
  object space 40960K, 0% used [0x00000000c4c00000,0x00000000c4c00000,0x00000000c7400000)
 Metaspace       used 3733K, capacity 4704K, committed 4864K, reserved 1056768K
  class space    used 414K, capacity 464K, committed 512K, reserved 1048576K
Event: 0.615 GC heap after
Heap after GC invocations=1 (full 0):
 PSYoungGen      total 17920K, used 2544K [0x00000000ec400000, 0x00000000ee700000, 0x0000000100000000)
  eden space 15360K, 0% used [0x00000000ec400000,0x00000000ec400000,0x00000000ed300000)
  from space 2560K, 99% used [0x00000000ed300000,0x00000000ed57c010,0x00000000ed580000)
  to   space 2560K, 0% used [0x00000000ee480000,0x00000000ee480000,0x00000000ee700000)
 ParOldGen       total 40960K, used 296K [0x00000000c4c00000, 0x00000000c7400000, 0x00000000ec400000)
  object space 40960K, 0% used [0x00000000c4c00000,0x00000000c4c4a020,0x00000000c7400000)
 Metaspace       used 3733K, capacity 4704K, committed 4864K, reserved 1056768K
  class space    used 414K, capacity 464K, committed 512K, reserved 1048576K
}
Event: 2.355 GC heap before
{Heap before GC invocations=2 (full 0):
 PSYoungGen      total 17920K, used 17904K [0x00000000ec400000, 0x00000000ee700000, 0x0000000100000000)
  eden space 15360K, 100% used [0x00000000ec400000,0x00000000ed300000,0x00000000ed300000)
  from space 2560K, 99% used [0x00000000ed300000,0x00000000ed57c010,0x00000000ed580000)
  to   space 2560K, 0% used [0x00000000ee480000,0x00000000ee480000,0x00000000ee700000)
 ParOldGen       total 40960K, used 296K [0x00000000c4c00000, 0x00000000c7400000, 0x00000000ec400000)
  object space 40960K, 0% used [0x00000000c4c00000,0x00000000c4c4a020,0x00000000c7400000)
 Metaspace       used 3743K, capacity 4704K, committed 4864K, reserved 1056768K
  class space    used 414K, capacity 464K, committed 512K, reserved 1048576K
Event: 2.370 GC heap after
Heap after GC invocations=2 (full 0):
 PSYoungGen      total 33280K, used 2544K [0x00000000ec400000, 0x00000000ee700000, 0x0000000100000000)
  eden space 30720K, 0% used [0x00000000ec400000,0x00000000ec400000,0x00000000ee200000)
  from space 2560K, 99% used [0x00000000ee480000,0x00000000ee6fc010,0x00000000ee700000)
  to   space 2560K, 0% used [0x00000000ee200000,0x00000000ee200000,0x00000000ee480000)
 ParOldGen       total 40960K, used 3264K [0x00000000c4c00000, 0x00000000c7400000, 0x00000000ec400000)
  object space 40960K, 7% used [0x00000000c4c00000,0x00000000c4f30020,0x00000000c7400000)
 Metaspace       used 3743K, capacity 4704K, committed 4864K, reserved 1056768K
  class space    used 414K, capacity 464K, committed 512K, reserved 1048576K
}
Event: 6.580 GC heap before
{Heap before GC invocations=3 (full 0):
 PSYoungGen      total 33280K, used 33264K [0x00000000ec400000, 0x00000000ee700000, 0x0000000100000000)
  eden space 30720K, 100% used [0x00000000ec400000,0x00000000ee200000,0x00000000ee200000)
  from space 2560K, 99% used [0x00000000ee480000,0x00000000ee6fc010,0x00000000ee700000)
  to   space 2560K, 0% used [0x00000000ee200000,0x00000000ee200000,0x00000000ee480000)
 ParOldGen       total 40960K, used 3264K [0x00000000c4c00000, 0x00000000c7400000, 0x00000000ec400000)
  object space 40960K, 7% used [0x00000000c4c00000,0x00000000c4f30020,0x00000000c7400000)
 Metaspace       used 3743K, capacity 4704K, committed 4864K, reserved 1056768K
  class space    used 414K, capacity 464K, committed 512K, reserved 1048576K
Event: 6.619 GC heap after
Heap after GC invocations=3 (full 0):
 PSYoungGen      total 33280K, used 2560K [0x00000000ec400000, 0x00000000f0500000, 0x0000000100000000)
  eden space 30720K, 0% used [0x00000000ec400000,0x00000000ec400000,0x00000000ee200000)
  from space 2560K, 100% used [0x00000000ee200000,0x00000000ee480000,0x00000000ee480000)
  to   space 2560K, 0% used [0x00000000f0280000,0x00000000f0280000,0x00000000f0500000)
 ParOldGen       total 40960K, used 10832K [0x00000000c4c00000, 0x00000000c7400000, 0x00000000ec400000)
  object space 40960K, 26% used [0x00000000c4c00000,0x00000000c5694060,0x00000000c7400000)
 Metaspace       used 3743K, capacity 4704K, committed 4864K, reserved 1056768K
  class space    used 414K, capacity 464K, committed 512K, reserved 1048576K
}
Event: 16.650 GC heap before
{Heap before GC invocations=4 (full 0):
 PSYoungGen      total 33280K, used 33280K [0x00000000ec400000, 0x00000000f0500000, 0x0000000100000000)
  eden space 30720K, 100% used [0x00000000ec400000,0x00000000ee200000,0x00000000ee200000)
  from space 2560K, 100% used [0x00000000ee200000,0x00000000ee480000,0x00000000ee480000)
  to   space 2560K, 0% used [0x00000000f0280000,0x00000000f0280000,0x00000000f0500000)
 ParOldGen       total 40960K, used 10832K [0x00000000c4c00000, 0x00000000c7400000, 0x00000000ec400000)
  object space 40960K, 26% used [0x00000000c4c00000,0x00000000c5694060,0x00000000c7400000)
 Metaspace       used 3743K, capacity 4704K, committed 4864K, reserved 1056768K
  class space    used 414K, capacity 464K, committed 512K, reserved 1048576K
Event: 16.675 GC heap after
Heap after GC invocations=4 (full 0):
 PSYoungGen      total 64000K, used 2560K [0x00000000ec400000, 0x00000000f0500000, 0x0000000100000000)
  eden space 61440K, 0% used [0x00000000ec400000,0x00000000ec400000,0x00000000f0000000)
  from space 2560K, 100% used [0x00000000f0280000,0x00000000f0500000,0x00000000f0500000)
  to   space 2560K, 0% used [0x00000000f0000000,0x00000000f0000000,0x00000000f0280000)
 ParOldGen       total 40960K, used 18544K [0x00000000c4c00000, 0x00000000c7400000, 0x00000000ec400000)
  object space 40960K, 45% used [0x00000000c4c00000,0x00000000c5e1c060,0x00000000c7400000)
 Metaspace       used 3743K, capacity 4704K, committed 4864K, reserved 1056768K
  class space    used 414K, capacity 464K, committed 512K, reserved 1048576K
}

Deoptimization events (10 events):
Event: 4.012 Thread 0x00007fbbdc001000 Uncommon trap: reason=unstable_if action=reinterpret pc=0x00007fbc352148a0 method=vcube.Node.main([Ljava/lang/String;)V @ 380
Event: 4.060 Thread 0x00007fbbd4001000 Uncommon trap: reason=unstable_if action=reinterpret pc=0x00007fbc35207208 method=vcube.Node.main([Ljava/lang/String;)V @ 380
Event: 4.082 Thread 0x00007fbbd8001000 Uncommon trap: reason=unstable_if action=reinterpret pc=0x00007fbc35207208 method=vcube.Node.main([Ljava/lang/String;)V @ 380
Event: 5.717 Thread 0x00007fbbc4001000 Uncommon trap: reason=unstable_if action=reinterpret pc=0x00007fbc35207208 method=vcube.Node.main([Ljava/lang/String;)V @ 380
Event: 5.949 Thread 0x00007fbbb4001000 Uncommon trap: reason=unstable_if action=reinterpret pc=0x00007fbc35207208 method=vcube.Node.main([Ljava/lang/String;)V @ 380
Event: 6.247 Thread 0x00007fbbc8001000 Uncommon trap: reason=unstable_if action=reinterpret pc=0x00007fbc352148a0 method=vcube.Node.main([Ljava/lang/String;)V @ 380
Event: 6.282 Thread 0x00007fbbbc001000 Uncommon trap: reason=unstable_if action=reinterpret pc=0x00007fbc35207208 method=vcube.Node.main([Ljava/lang/String;)V @ 380
Event: 6.317 Thread 0x00007fbbc0001000 Uncommon trap: reason=unstable_if action=reinterpret pc=0x00007fbc35207208 method=vcube.Node.main([Ljava/lang/String;)V @ 380
Event: 6.353 Thread 0x00007fbbb0001000 Uncommon trap: reason=unstable_if action=reinterpret pc=0x00007fbc352148a0 method=vcube.Node.main([Ljava/lang/String;)V @ 380
Event: 6.388 Thread 0x00007fbbb8001000 Uncommon trap: reason=unstable_if action=reinterpret pc=0x00007fbc35207208 method=vcube.Node.main([Ljava/lang/String;)V @ 380

Internal exceptions (10 events):
Event: 2.853 Thread 0x00007fbbf4001000 Exception <a 'java/lang/ArrayIndexOutOfBoundsException'> (0x00000000ec942bb0) thrown at [/HUDSON3/workspace/8-2-build-linux-amd64/jdk8u111/7883/hotspot/src/share/vm/runtime/sharedRuntime.cpp, line 605]
Event: 2.857 Thread 0x00007fbbd8001000 Exception <a 'java/lang/ArrayIndexOutOfBoundsException'> (0x00000000ec86b718) thrown at [/HUDSON3/workspace/8-2-build-linux-amd64/jdk8u111/7883/hotspot/src/share/vm/runtime/sharedRuntime.cpp, line 605]
Event: 2.857 Thread 0x00007fbbc0001000 Exception <a 'java/lang/ArrayIndexOutOfBoundsException'> (0x00000000ec836898) thrown at [/HUDSON3/workspace/8-2-build-linux-amd64/jdk8u111/7883/hotspot/src/share/vm/runtime/sharedRuntime.cpp, line 605]
Event: 2.857 Thread 0x00007fbbb8001000 Exception <a 'java/lang/ArrayIndexOutOfBoundsException'> (0x00000000ec7c8f98) thrown at [/HUDSON3/workspace/8-2-build-linux-amd64/jdk8u111/7883/hotspot/src/share/vm/runtime/sharedRuntime.cpp, line 605]
Event: 2.857 Thread 0x00007fbbe8001000 Exception <a 'java/lang/ArrayIndexOutOfBoundsException'> (0x00000000ec9b2a48) thrown at [/HUDSON3/workspace/8-2-build-linux-amd64/jdk8u111/7883/hotspot/src/share/vm/runtime/sharedRuntime.cpp, line 605]
Event: 2.857 Thread 0x00007fbbe4001000 Exception <a 'java/lang/ArrayIndexOutOfBoundsException'> (0x00000000ec97ca40) thrown at [/HUDSON3/workspace/8-2-build-linux-amd64/jdk8u111/7883/hotspot/src/share/vm/runtime/sharedRuntime.cpp, line 605]
Event: 2.857 Thread 0x00007fbbe0001000 Exception <a 'java/lang/ArrayIndexOutOfBoundsException'> (0x00000000ec90f720) thrown at [/HUDSON3/workspace/8-2-build-linux-amd64/jdk8u111/7883/hotspot/src/share/vm/runtime/sharedRuntime.cpp, line 605]
Event: 2.857 Thread 0x00007fbbdc001000 Exception <a 'java/lang/ArrayIndexOutOfBoundsException'> (0x00000000ec8d8c20) thrown at [/HUDSON3/workspace/8-2-build-linux-amd64/jdk8u111/7883/hotspot/src/share/vm/runtime/sharedRuntime.cpp, line 605]
Event: 2.857 Thread 0x00007fbbcc001000 Exception <a 'java/lang/ArrayIndexOutOfBoundsException'> (0x00000000ec792848) thrown at [/HUDSON3/workspace/8-2-build-linux-amd64/jdk8u111/7883/hotspot/src/share/vm/runtime/sharedRuntime.cpp, line 605]
Event: 2.875 Thread 0x00007fbbf4001000 Exception <a 'java/lang/ArrayIndexOutOfBoundsException'> (0x00000000ec945e30) thrown at [/HUDSON3/workspace/8-2-build-linux-amd64/jdk8u111/7883/hotspot/src/share/vm/runtime/sharedRuntime.cpp, line 605]

Events (10 events):
Event: 23.565 loading class java/util/IdentityHashMap$KeySet
Event: 23.565 loading class java/util/IdentityHashMap$KeySet done
Event: 23.565 loading class java/util/IdentityHashMap$KeyIterator
Event: 23.565 loading class java/util/IdentityHashMap$IdentityHashMapIterator
Event: 23.565 loading class java/util/IdentityHashMap$IdentityHashMapIterator done
Event: 23.565 loading class java/util/IdentityHashMap$KeyIterator done
Event: 23.566 Thread 0x00007fbba8001000 Thread added: 0x00007fbba8001000
Event: 23.566 Thread 0x00007fbba8001000 Thread exited: 0x00007fbba8001000
Event: 23.566 Thread 0x00007fbc440b7000 Thread exited: 0x00007fbc440b7000
Event: 23.566 Executing VM operation: Exit


Dynamic libraries:
00400000-00401000 r-xp 00000000 08:01 8784123                            /home/elixandrebaldi/jdk1.8.0_111/bin/java
00600000-00601000 rw-p 00000000 08:01 8784123                            /home/elixandrebaldi/jdk1.8.0_111/bin/java
01184000-011a5000 rw-p 00000000 00:00 0                                  [heap]
c4c00000-c7400000 rw-p 00000000 00:00 0 
c7400000-ec400000 ---p 00000000 00:00 0 
ec400000-f0500000 rw-p 00000000 00:00 0 
f0500000-100000000 ---p 00000000 00:00 0 
100000000-100080000 rw-p 00000000 00:00 0 
100080000-140000000 ---p 00000000 00:00 0 
7fbba8000000-7fbba8021000 rw-p 00000000 00:00 0 
7fbba8021000-7fbbac000000 ---p 00000000 00:00 0 
7fbbb0000000-7fbbb095a000 rw-p 00000000 00:00 0 
7fbbb095a000-7fbbb4000000 ---p 00000000 00:00 0 
7fbbb4000000-7fbbb495f000 rw-p 00000000 00:00 0 
7fbbb495f000-7fbbb8000000 ---p 00000000 00:00 0 
7fbbb8000000-7fbbb895b000 rw-p 00000000 00:00 0 
7fbbb895b000-7fbbbc000000 ---p 00000000 00:00 0 
7fbbbc000000-7fbbbc955000 rw-p 00000000 00:00 0 
7fbbbc955000-7fbbc0000000 ---p 00000000 00:00 0 
7fbbc0000000-7fbbc0956000 rw-p 00000000 00:00 0 
7fbbc0956000-7fbbc4000000 ---p 00000000 00:00 0 
7fbbc4000000-7fbbc4954000 rw-p 00000000 00:00 0 
7fbbc4954000-7fbbc8000000 ---p 00000000 00:00 0 
7fbbc8000000-7fbbc895d000 rw-p 00000000 00:00 0 
7fbbc895d000-7fbbcc000000 ---p 00000000 00:00 0 
7fbbcc000000-7fbbcc958000 rw-p 00000000 00:00 0 
7fbbcc958000-7fbbd0000000 ---p 00000000 00:00 0 
7fbbd17fb000-7fbbd17fe000 ---p 00000000 00:00 0 
7fbbd17fe000-7fbbd1ffc000 rw-p 00000000 00:00 0 
7fbbd1ffc000-7fbbd1fff000 ---p 00000000 00:00 0 
7fbbd1fff000-7fbbd27fd000 rw-p 00000000 00:00 0 
7fbbd27fd000-7fbbd2800000 ---p 00000000 00:00 0 
7fbbd2800000-7fbbd2ffe000 rw-p 00000000 00:00 0 
7fbbd2ffe000-7fbbd3001000 ---p 00000000 00:00 0 
7fbbd3001000-7fbbd37ff000 rw-p 00000000 00:00 0 
7fbbd37ff000-7fbbd3802000 ---p 00000000 00:00 0 
7fbbd3802000-7fbbd4000000 rw-p 00000000 00:00 0 
7fbbd4000000-7fbbd4959000 rw-p 00000000 00:00 0 
7fbbd4959000-7fbbd8000000 ---p 00000000 00:00 0 
7fbbd8000000-7fbbd8956000 rw-p 00000000 00:00 0 
7fbbd8956000-7fbbdc000000 ---p 00000000 00:00 0 
7fbbdc000000-7fbbdc953000 rw-p 00000000 00:00 0 
7fbbdc953000-7fbbe0000000 ---p 00000000 00:00 0 
7fbbe0000000-7fbbe0954000 rw-p 00000000 00:00 0 
7fbbe0954000-7fbbe4000000 ---p 00000000 00:00 0 
7fbbe4000000-7fbbe495c000 rw-p 00000000 00:00 0 
7fbbe495c000-7fbbe8000000 ---p 00000000 00:00 0 
7fbbe8000000-7fbbe895a000 rw-p 00000000 00:00 0 
7fbbe895a000-7fbbec000000 ---p 00000000 00:00 0 
7fbbec7f9000-7fbbec7fc000 ---p 00000000 00:00 0 
7fbbec7fc000-7fbbecffa000 rw-p 00000000 00:00 0 
7fbbecffa000-7fbbecffd000 ---p 00000000 00:00 0 
7fbbecffd000-7fbbed7fb000 rw-p 00000000 00:00 0 
7fbbed7fb000-7fbbed7fe000 ---p 00000000 00:00 0 
7fbbed7fe000-7fbbedffc000 rw-p 00000000 00:00 0 
7fbbedffc000-7fbbedfff000 ---p 00000000 00:00 0 
7fbbedfff000-7fbbee7fd000 rw-p 00000000 00:00 0 
7fbbee7fd000-7fbbee800000 ---p 00000000 00:00 0 
7fbbee800000-7fbbeeffe000 rw-p 00000000 00:00 0 
7fbbeeffe000-7fbbef001000 ---p 00000000 00:00 0 
7fbbef001000-7fbbef7ff000 rw-p 00000000 00:00 0 
7fbbef7ff000-7fbbef802000 ---p 00000000 00:00 0 
7fbbef802000-7fbbf0000000 rw-p 00000000 00:00 0 
7fbbf0000000-7fbbf0953000 rw-p 00000000 00:00 0 
7fbbf0953000-7fbbf4000000 ---p 00000000 00:00 0 
7fbbf4000000-7fbbf4952000 rw-p 00000000 00:00 0 
7fbbf4952000-7fbbf8000000 ---p 00000000 00:00 0 
7fbbf8000000-7fbbf8021000 rw-p 00000000 00:00 0 
7fbbf8021000-7fbbfc000000 ---p 00000000 00:00 0 
7fbbfc000000-7fbbfc021000 rw-p 00000000 00:00 0 
7fbbfc021000-7fbc00000000 ---p 00000000 00:00 0 
7fbc00000000-7fbc00745000 rw-p 00000000 00:00 0 
7fbc00745000-7fbc04000000 ---p 00000000 00:00 0 
7fbc04000000-7fbc043f2000 rw-p 00000000 00:00 0 
7fbc043f2000-7fbc08000000 ---p 00000000 00:00 0 
7fbc08000000-7fbc09911000 rw-p 00000000 00:00 0 
7fbc09911000-7fbc0c000000 ---p 00000000 00:00 0 
7fbc0c000000-7fbc0c021000 rw-p 00000000 00:00 0 
7fbc0c021000-7fbc10000000 ---p 00000000 00:00 0 
7fbc10513000-7fbc10516000 ---p 00000000 00:00 0 
7fbc10516000-7fbc10614000 rw-p 00000000 00:00 0 
7fbc10614000-7fbc10617000 ---p 00000000 00:00 0 
7fbc10617000-7fbc10715000 rw-p 00000000 00:00 0 
7fbc10715000-7fbc10718000 ---p 00000000 00:00 0 
7fbc10718000-7fbc10f16000 rw-p 00000000 00:00 0 
7fbc10f16000-7fbc10f19000 ---p 00000000 00:00 0 
7fbc10f19000-7fbc11717000 rw-p 00000000 00:00 0 
7fbc11717000-7fbc1171a000 ---p 00000000 00:00 0 
7fbc1171a000-7fbc11f18000 rw-p 00000000 00:00 0 
7fbc11f18000-7fbc11f1b000 ---p 00000000 00:00 0 
7fbc11f1b000-7fbc12719000 rw-p 00000000 00:00 0 
7fbc12719000-7fbc12731000 r-xp 00000000 08:01 2360325                    /tmp/simgrid-java5888222804564706908/libsimgrid-java.so (deleted)
7fbc12731000-7fbc12931000 ---p 00018000 08:01 2360325                    /tmp/simgrid-java5888222804564706908/libsimgrid-java.so (deleted)
7fbc12931000-7fbc12932000 rw-p 00018000 08:01 2360325                    /tmp/simgrid-java5888222804564706908/libsimgrid-java.so (deleted)
7fbc12932000-7fbc12948000 r-xp 00000000 08:01 3936627                    /lib/x86_64-linux-gnu/libgcc_s.so.1
7fbc12948000-7fbc12b47000 ---p 00016000 08:01 3936627                    /lib/x86_64-linux-gnu/libgcc_s.so.1
7fbc12b47000-7fbc12b48000 rw-p 00015000 08:01 3936627                    /lib/x86_64-linux-gnu/libgcc_s.so.1
7fbc12b48000-7fbc12cba000 r-xp 00000000 08:01 23332798                   /usr/lib/x86_64-linux-gnu/libstdc++.so.6.0.21
7fbc12cba000-7fbc12eba000 ---p 00172000 08:01 23332798                   /usr/lib/x86_64-linux-gnu/libstdc++.so.6.0.21
7fbc12eba000-7fbc12ec4000 r--p 00172000 08:01 23332798                   /usr/lib/x86_64-linux-gnu/libstdc++.so.6.0.21
7fbc12ec4000-7fbc12ec6000 rw-p 0017c000 08:01 23332798                   /usr/lib/x86_64-linux-gnu/libstdc++.so.6.0.21
7fbc12ec6000-7fbc12eca000 rw-p 00000000 00:00 0 
7fbc12eca000-7fbc1318f000 r-xp 00000000 08:01 2360324                    /tmp/simgrid-java5888222804564706908/libsimgrid.so (deleted)
7fbc1318f000-7fbc1338f000 ---p 002c5000 08:01 2360324                    /tmp/simgrid-java5888222804564706908/libsimgrid.so (deleted)
7fbc1338f000-7fbc133ca000 rw-p 002c5000 08:01 2360324                    /tmp/simgrid-java5888222804564706908/libsimgrid.so (deleted)
7fbc133ca000-7fbc136d3000 rw-p 00000000 00:00 0 
7fbc136d3000-7fbc136e9000 r-xp 00000000 08:01 8783936                    /home/elixandrebaldi/jdk1.8.0_111/jre/lib/amd64/libnet.so
7fbc136e9000-7fbc138e9000 ---p 00016000 08:01 8783936                    /home/elixandrebaldi/jdk1.8.0_111/jre/lib/amd64/libnet.so
7fbc138e9000-7fbc138ea000 rw-p 00016000 08:01 8783936                    /home/elixandrebaldi/jdk1.8.0_111/jre/lib/amd64/libnet.so
7fbc138ea000-7fbc138fb000 r-xp 00000000 08:01 8783935                    /home/elixandrebaldi/jdk1.8.0_111/jre/lib/amd64/libnio.so
7fbc138fb000-7fbc13afa000 ---p 00011000 08:01 8783935                    /home/elixandrebaldi/jdk1.8.0_111/jre/lib/amd64/libnio.so
7fbc13afa000-7fbc13afb000 rw-p 00010000 08:01 8783935                    /home/elixandrebaldi/jdk1.8.0_111/jre/lib/amd64/libnio.so
7fbc13afb000-7fbc13afc000 ---p 00000000 00:00 0 
7fbc13afc000-7fbc13bfc000 rw-p 00000000 00:00 0 
7fbc13bfc000-7fbc13bff000 ---p 00000000 00:00 0 
7fbc13bff000-7fbc13cfd000 rw-p 00000000 00:00 0 
7fbc13cfd000-7fbc13d00000 ---p 00000000 00:00 0 
7fbc13d00000-7fbc13dfe000 rw-p 00000000 00:00 0 
7fbc13dfe000-7fbc13e01000 ---p 00000000 00:00 0 
7fbc13e01000-7fbc13eff000 rw-p 00000000 00:00 0 
7fbc13eff000-7fbc13f02000 ---p 00000000 00:00 0 
7fbc13f02000-7fbc14000000 rw-p 00000000 00:00 0 
7fbc14000000-7fbc14021000 rw-p 00000000 00:00 0 
7fbc14021000-7fbc18000000 ---p 00000000 00:00 0 
7fbc18000000-7fbc18021000 rw-p 00000000 00:00 0 
7fbc18021000-7fbc1c000000 ---p 00000000 00:00 0 
7fbc1c000000-7fbc1c021000 rw-p 00000000 00:00 0 
7fbc1c021000-7fbc20000000 ---p 00000000 00:00 0 
7fbc20000000-7fbc20021000 rw-p 00000000 00:00 0 
7fbc20021000-7fbc24000000 ---p 00000000 00:00 0 
7fbc24000000-7fbc24021000 rw-p 00000000 00:00 0 
7fbc24021000-7fbc28000000 ---p 00000000 00:00 0 
7fbc28000000-7fbc28021000 rw-p 00000000 00:00 0 
7fbc28021000-7fbc2c000000 ---p 00000000 00:00 0 
7fbc2c000000-7fbc2c021000 rw-p 00000000 00:00 0 
7fbc2c021000-7fbc30000000 ---p 00000000 00:00 0 
7fbc30092000-7fbc30095000 ---p 00000000 00:00 0 
7fbc30095000-7fbc30193000 rw-p 00000000 00:00 0 
7fbc30193000-7fbc315e5000 r--p 00000000 08:01 23331759                   /usr/lib/locale/locale-archive
7fbc315e5000-7fbc315e8000 ---p 00000000 00:00 0 
7fbc315e8000-7fbc316e6000 rw-p 00000000 00:00 0 
7fbc316e6000-7fbc316e9000 ---p 00000000 00:00 0 
7fbc316e9000-7fbc317e7000 rw-p 00000000 00:00 0 
7fbc317e7000-7fbc317e8000 ---p 00000000 00:00 0 
7fbc317e8000-7fbc32888000 rw-p 00000000 00:00 0 
7fbc32888000-7fbc32a60000 r--s 03d2a000 08:01 8784070                    /home/elixandrebaldi/jdk1.8.0_111/jre/lib/rt.jar
7fbc32a60000-7fbc32ea0000 rw-p 00000000 00:00 0 
7fbc32ea0000-7fbc33260000 ---p 00000000 00:00 0 
7fbc33260000-7fbc35000000 rw-p 00000000 00:00 0 
7fbc35000000-7fbc35280000 rwxp 00000000 00:00 0 
7fbc35280000-7fbc44000000 ---p 00000000 00:00 0 
7fbc44000000-7fbc461bd000 rw-p 00000000 00:00 0 
7fbc461bd000-7fbc48000000 ---p 00000000 00:00 0 
7fbc48018000-7fbc48289000 rw-p 00000000 00:00 0 
7fbc48289000-7fbc4828a000 ---p 00000000 00:00 0 
7fbc4828a000-7fbc4838a000 rw-p 00000000 00:00 0 
7fbc4838a000-7fbc4838b000 ---p 00000000 00:00 0 
7fbc4838b000-7fbc4848b000 rw-p 00000000 00:00 0 
7fbc4848b000-7fbc4848c000 ---p 00000000 00:00 0 
7fbc4848c000-7fbc4858c000 rw-p 00000000 00:00 0 
7fbc4858c000-7fbc4858d000 ---p 00000000 00:00 0 
7fbc4858d000-7fbc486a1000 rw-p 00000000 00:00 0 
7fbc486a1000-7fbc487c9000 ---p 00000000 00:00 0 
7fbc487c9000-7fbc487dd000 rw-p 00000000 00:00 0 
7fbc487dd000-7fbc48905000 ---p 00000000 00:00 0 
7fbc48905000-7fbc48926000 rw-p 00000000 00:00 0 
7fbc48926000-7fbc489a3000 ---p 00000000 00:00 0 
7fbc489a3000-7fbc489ae000 rw-p 00000000 00:00 0 
7fbc489ae000-7fbc48d64000 ---p 00000000 00:00 0 
7fbc48d64000-7fbc48d7e000 r-xp 00000000 08:01 8783934                    /home/elixandrebaldi/jdk1.8.0_111/jre/lib/amd64/libzip.so
7fbc48d7e000-7fbc48f7e000 ---p 0001a000 08:01 8783934                    /home/elixandrebaldi/jdk1.8.0_111/jre/lib/amd64/libzip.so
7fbc48f7e000-7fbc48f7f000 rw-p 0001a000 08:01 8783934                    /home/elixandrebaldi/jdk1.8.0_111/jre/lib/amd64/libzip.so
7fbc48f7f000-7fbc48f8a000 r-xp 00000000 08:01 3932251                    /lib/x86_64-linux-gnu/libnss_files-2.23.so
7fbc48f8a000-7fbc49189000 ---p 0000b000 08:01 3932251                    /lib/x86_64-linux-gnu/libnss_files-2.23.so
7fbc49189000-7fbc4918a000 r--p 0000a000 08:01 3932251                    /lib/x86_64-linux-gnu/libnss_files-2.23.so
7fbc4918a000-7fbc4918b000 rw-p 0000b000 08:01 3932251                    /lib/x86_64-linux-gnu/libnss_files-2.23.so
7fbc4918b000-7fbc49191000 rw-p 00000000 00:00 0 
7fbc49191000-7fbc4919c000 r-xp 00000000 08:01 3932244                    /lib/x86_64-linux-gnu/libnss_nis-2.23.so
7fbc4919c000-7fbc4939b000 ---p 0000b000 08:01 3932244                    /lib/x86_64-linux-gnu/libnss_nis-2.23.so
7fbc4939b000-7fbc4939c000 r--p 0000a000 08:01 3932244                    /lib/x86_64-linux-gnu/libnss_nis-2.23.so
7fbc4939c000-7fbc4939d000 rw-p 0000b000 08:01 3932244                    /lib/x86_64-linux-gnu/libnss_nis-2.23.so
7fbc4939d000-7fbc493b3000 r-xp 00000000 08:01 3932246                    /lib/x86_64-linux-gnu/libnsl-2.23.so
7fbc493b3000-7fbc495b2000 ---p 00016000 08:01 3932246                    /lib/x86_64-linux-gnu/libnsl-2.23.so
7fbc495b2000-7fbc495b3000 r--p 00015000 08:01 3932246                    /lib/x86_64-linux-gnu/libnsl-2.23.so
7fbc495b3000-7fbc495b4000 rw-p 00016000 08:01 3932246                    /lib/x86_64-linux-gnu/libnsl-2.23.so
7fbc495b4000-7fbc495b6000 rw-p 00000000 00:00 0 
7fbc495b6000-7fbc495be000 r-xp 00000000 08:01 3932253                    /lib/x86_64-linux-gnu/libnss_compat-2.23.so
7fbc495be000-7fbc497bd000 ---p 00008000 08:01 3932253                    /lib/x86_64-linux-gnu/libnss_compat-2.23.so
7fbc497bd000-7fbc497be000 r--p 00007000 08:01 3932253                    /lib/x86_64-linux-gnu/libnss_compat-2.23.so
7fbc497be000-7fbc497bf000 rw-p 00008000 08:01 3932253                    /lib/x86_64-linux-gnu/libnss_compat-2.23.so
7fbc497bf000-7fbc497ea000 r-xp 00000000 08:01 8783907                    /home/elixandrebaldi/jdk1.8.0_111/jre/lib/amd64/libjava.so
7fbc497ea000-7fbc499e9000 ---p 0002b000 08:01 8783907                    /home/elixandrebaldi/jdk1.8.0_111/jre/lib/amd64/libjava.so
7fbc499e9000-7fbc499eb000 rw-p 0002a000 08:01 8783907                    /home/elixandrebaldi/jdk1.8.0_111/jre/lib/amd64/libjava.so
7fbc499eb000-7fbc499f8000 r-xp 00000000 08:01 8783870                    /home/elixandrebaldi/jdk1.8.0_111/jre/lib/amd64/libverify.so
7fbc499f8000-7fbc49bf7000 ---p 0000d000 08:01 8783870                    /home/elixandrebaldi/jdk1.8.0_111/jre/lib/amd64/libverify.so
7fbc49bf7000-7fbc49bf9000 rw-p 0000c000 08:01 8783870                    /home/elixandrebaldi/jdk1.8.0_111/jre/lib/amd64/libverify.so
7fbc49bf9000-7fbc49c00000 r-xp 00000000 08:01 3932254                    /lib/x86_64-linux-gnu/librt-2.23.so
7fbc49c00000-7fbc49dff000 ---p 00007000 08:01 3932254                    /lib/x86_64-linux-gnu/librt-2.23.so
7fbc49dff000-7fbc49e00000 r--p 00006000 08:01 3932254                    /lib/x86_64-linux-gnu/librt-2.23.so
7fbc49e00000-7fbc49e01000 rw-p 00007000 08:01 3932254                    /lib/x86_64-linux-gnu/librt-2.23.so
7fbc49e01000-7fbc49f09000 r-xp 00000000 08:01 3932245                    /lib/x86_64-linux-gnu/libm-2.23.so
7fbc49f09000-7fbc4a108000 ---p 00108000 08:01 3932245                    /lib/x86_64-linux-gnu/libm-2.23.so
7fbc4a108000-7fbc4a109000 r--p 00107000 08:01 3932245                    /lib/x86_64-linux-gnu/libm-2.23.so
7fbc4a109000-7fbc4a10a000 rw-p 00108000 08:01 3932245                    /lib/x86_64-linux-gnu/libm-2.23.so
7fbc4a10a000-7fbc4add7000 r-xp 00000000 08:01 8783785                    /home/elixandrebaldi/jdk1.8.0_111/jre/lib/amd64/server/libjvm.so
7fbc4add7000-7fbc4afd6000 ---p 00ccd000 08:01 8783785                    /home/elixandrebaldi/jdk1.8.0_111/jre/lib/amd64/server/libjvm.so
7fbc4afd6000-7fbc4b0af000 rw-p 00ccc000 08:01 8783785                    /home/elixandrebaldi/jdk1.8.0_111/jre/lib/amd64/server/libjvm.so
7fbc4b0af000-7fbc4b0fa000 rw-p 00000000 00:00 0 
7fbc4b0fa000-7fbc4b2b9000 r-xp 00000000 08:01 3932247                    /lib/x86_64-linux-gnu/libc-2.23.so
7fbc4b2b9000-7fbc4b4b9000 ---p 001bf000 08:01 3932247                    /lib/x86_64-linux-gnu/libc-2.23.so
7fbc4b4b9000-7fbc4b4bd000 r--p 001bf000 08:01 3932247                    /lib/x86_64-linux-gnu/libc-2.23.so
7fbc4b4bd000-7fbc4b4bf000 rw-p 001c3000 08:01 3932247                    /lib/x86_64-linux-gnu/libc-2.23.so
7fbc4b4bf000-7fbc4b4c3000 rw-p 00000000 00:00 0 
7fbc4b4c3000-7fbc4b4c6000 r-xp 00000000 08:01 3932243                    /lib/x86_64-linux-gnu/libdl-2.23.so
7fbc4b4c6000-7fbc4b6c5000 ---p 00003000 08:01 3932243                    /lib/x86_64-linux-gnu/libdl-2.23.so
7fbc4b6c5000-7fbc4b6c6000 r--p 00002000 08:01 3932243                    /lib/x86_64-linux-gnu/libdl-2.23.so
7fbc4b6c6000-7fbc4b6c7000 rw-p 00003000 08:01 3932243                    /lib/x86_64-linux-gnu/libdl-2.23.so
7fbc4b6c7000-7fbc4b6dc000 r-xp 00000000 08:01 8783943                    /home/elixandrebaldi/jdk1.8.0_111/lib/amd64/jli/libjli.so
7fbc4b6dc000-7fbc4b8dc000 ---p 00015000 08:01 8783943                    /home/elixandrebaldi/jdk1.8.0_111/lib/amd64/jli/libjli.so
7fbc4b8dc000-7fbc4b8dd000 rw-p 00015000 08:01 8783943                    /home/elixandrebaldi/jdk1.8.0_111/lib/amd64/jli/libjli.so
7fbc4b8dd000-7fbc4b8f5000 r-xp 00000000 08:01 3932258                    /lib/x86_64-linux-gnu/libpthread-2.23.so
7fbc4b8f5000-7fbc4baf4000 ---p 00018000 08:01 3932258                    /lib/x86_64-linux-gnu/libpthread-2.23.so
7fbc4baf4000-7fbc4baf5000 r--p 00017000 08:01 3932258                    /lib/x86_64-linux-gnu/libpthread-2.23.so
7fbc4baf5000-7fbc4baf6000 rw-p 00018000 08:01 3932258                    /lib/x86_64-linux-gnu/libpthread-2.23.so
7fbc4baf6000-7fbc4bafa000 rw-p 00000000 00:00 0 
7fbc4bafa000-7fbc4bb20000 r-xp 00000000 08:01 3932248                    /lib/x86_64-linux-gnu/ld-2.23.so
7fbc4bb25000-7fbc4bbfd000 rw-p 00000000 00:00 0 
7fbc4bbfd000-7fbc4bc00000 ---p 00000000 00:00 0 
7fbc4bc00000-7fbc4bd02000 rw-p 00000000 00:00 0 
7fbc4bd0b000-7fbc4bd10000 r--s 00096000 08:01 8783911                    /home/elixandrebaldi/jdk1.8.0_111/jre/lib/jsse.jar
7fbc4bd10000-7fbc4bd13000 r--s 00f76000 08:01 8524426                    /home/elixandrebaldi/Documentos/VCubeDHT/simgrid.jar
7fbc4bd13000-7fbc4bd1b000 rw-s 00000000 08:01 2359623                    /tmp/hsperfdata_elixandrebaldi/16888 (deleted)
7fbc4bd1b000-7fbc4bd1c000 rw-p 00000000 00:00 0 
7fbc4bd1c000-7fbc4bd1d000 ---p 00000000 00:00 0 
7fbc4bd1d000-7fbc4bd1f000 rw-p 00000000 00:00 0 
7fbc4bd1f000-7fbc4bd20000 r--p 00025000 08:01 3932248                    /lib/x86_64-linux-gnu/ld-2.23.so
7fbc4bd20000-7fbc4bd21000 rw-p 00026000 08:01 3932248                    /lib/x86_64-linux-gnu/ld-2.23.so
7fbc4bd21000-7fbc4bd22000 rw-p 00000000 00:00 0 
7fff30d9a000-7fff30dbb000 rw-p 00000000 00:00 0                          [stack]
7fff30dda000-7fff30ddc000 r--p 00000000 00:00 0                          [vvar]
7fff30ddc000-7fff30dde000 r-xp 00000000 00:00 0                          [vdso]
ffffffffff600000-ffffffffff601000 r-xp 00000000 00:00 0                  [vsyscall]

VM Arguments:
jvm_args: -Dfile.encoding=UTF-8 
java_command: vcube.VCube platform.xml deployment.xml
java_class_path (initial): /home/elixandrebaldi/Documentos/VCubeDHT/simgrid.jar:/home/elixandrebaldi/Documentos/VCubeDHT/VCube/build/classes
Launcher Type: SUN_STANDARD

Environment Variables:
PATH=/home/elixandrebaldi/bin:/home/elixandrebaldi/.local/bin:/usr/local/sbin:/usr/local/bin:/usr/sbin:/usr/bin:/sbin:/bin:/usr/games:/usr/local/games
LD_LIBRARY_PATH=/home/elixandrebaldi/jdk1.8.0_111/jre/lib/amd64:/home/elixandrebaldi/jdk1.8.0_111/jre/lib/i386:
SHELL=/bin/bash
DISPLAY=:0

Signal Handlers:
SIGSEGV: [libjvm.so+0xac64b0], sa_mask[0]=11111111011111111101111111111110, sa_flags=SA_RESTART|SA_SIGINFO
SIGBUS: [libjvm.so+0xac64b0], sa_mask[0]=11111111011111111101111111111110, sa_flags=SA_RESTART|SA_SIGINFO
SIGFPE: [libjvm.so+0x91f950], sa_mask[0]=11111111011111111101111111111110, sa_flags=SA_RESTART|SA_SIGINFO
SIGPIPE: [libjvm.so+0x91f950], sa_mask[0]=11111111011111111101111111111110, sa_flags=SA_RESTART|SA_SIGINFO
SIGXFSZ: [libjvm.so+0x91f950], sa_mask[0]=11111111011111111101111111111110, sa_flags=SA_RESTART|SA_SIGINFO
SIGILL: [libjvm.so+0x91f950], sa_mask[0]=11111111011111111101111111111110, sa_flags=SA_RESTART|SA_SIGINFO
SIGUSR1: SIG_DFL, sa_mask[0]=00000000000000000000000000000000, sa_flags=none
SIGUSR2: [libjvm.so+0x920f80], sa_mask[0]=00100000000000000000000000000000, sa_flags=SA_RESTART|SA_SIGINFO
SIGHUP: [libjvm.so+0x922380], sa_mask[0]=11111111011111111101111111111110, sa_flags=SA_RESTART|SA_SIGINFO
SIGINT: [libsimgrid.so+0x8ff50], sa_mask[0]=01000000000000000000000000000000, sa_flags=SA_RESTART
SIGTERM: [libjvm.so+0x922380], sa_mask[0]=11111111011111111101111111111110, sa_flags=SA_RESTART|SA_SIGINFO
SIGQUIT: [libjvm.so+0x922380], sa_mask[0]=11111111011111111101111111111110, sa_flags=SA_RESTART|SA_SIGINFO


---------------  S Y S T E M  ---------------

OS:DISTRIB_ID="elementary"
DISTRIB_RELEASE=0.4.1
DISTRIB_CODENAME=loki
DISTRIB_DESCRIPTION="elementary OS 0.4.1 Loki"

uname:Linux 4.4.0-79-generic #100-Ubuntu SMP Wed May 17 19:58:14 UTC 2017 x86_64
libc:glibc 2.23 NPTL 2.23 
rlimit: STACK 8192k, CORE 0k, NPROC 14991, NOFILE 65536, AS infinity
load average:1.29 1.73 2.88

/proc/meminfo:
MemTotal:        3878592 kB
MemFree:         1083472 kB
MemAvailable:    1335812 kB
Buffers:           30840 kB
Cached:           581628 kB
SwapCached:         4880 kB
Active:          1888028 kB
Inactive:         717232 kB
Active(anon):    1603572 kB
Inactive(anon):   568928 kB
Active(file):     284456 kB
Inactive(file):   148304 kB
Unevictable:          64 kB
Mlocked:              64 kB
SwapTotal:       4025340 kB
SwapFree:        3636096 kB
Dirty:             12160 kB
Writeback:             0 kB
AnonPages:       1988408 kB
Mapped:           296324 kB
Shmem:            179708 kB
Slab:              80908 kB
SReclaimable:      44152 kB
SUnreclaim:        36756 kB
KernelStack:        9792 kB
PageTables:        38204 kB
NFS_Unstable:          0 kB
Bounce:                0 kB
WritebackTmp:          0 kB
CommitLimit:     5964636 kB
Committed_AS:    6514876 kB
VmallocTotal:   34359738367 kB
VmallocUsed:           0 kB
VmallocChunk:          0 kB
HardwareCorrupted:     0 kB
AnonHugePages:   1046528 kB
CmaTotal:              0 kB
CmaFree:               0 kB
HugePages_Total:       0
HugePages_Free:        0
HugePages_Rsvd:        0
HugePages_Surp:        0
Hugepagesize:       2048 kB
DirectMap4k:      189176 kB
DirectMap2M:     3837952 kB


CPU:total 4 (2 cores per cpu, 2 threads per core) family 6 model 58 stepping 9, cmov, cx8, fxsr, mmx, sse, sse2, sse3, ssse3, sse4.1, sse4.2, popcnt, avx, clmul, erms, ht, tsc, tscinvbit, tscinv

/proc/cpuinfo:
processor	: 0
vendor_id	: GenuineIntel
cpu family	: 6
model		: 58
model name	: Intel(R) Core(TM) i7-3517U CPU @ 1.90GHz
stepping	: 9
microcode	: 0x12
cpu MHz		: 2804.343
cache size	: 4096 KB
physical id	: 0
siblings	: 4
core id		: 0
cpu cores	: 2
apicid		: 0
initial apicid	: 0
fpu		: yes
fpu_exception	: yes
cpuid level	: 13
wp		: yes
flags		: fpu vme de pse tsc msr pae mce cx8 apic sep mtrr pge mca cmov pat pse36 clflush dts acpi mmx fxsr sse sse2 ss ht tm pbe syscall nx rdtscp lm constant_tsc arch_perfmon pebs bts rep_good nopl xtopology nonstop_tsc aperfmperf eagerfpu pni pclmulqdq dtes64 monitor ds_cpl vmx est tm2 ssse3 cx16 xtpr pdcm pcid sse4_1 sse4_2 x2apic popcnt tsc_deadline_timer xsave avx f16c rdrand lahf_lm epb tpr_shadow vnmi flexpriority ept vpid fsgsbase smep erms xsaveopt dtherm ida arat pln pts
bugs		:
bogomips	: 4789.47
clflush size	: 64
cache_alignment	: 64
address sizes	: 36 bits physical, 48 bits virtual
power management:

processor	: 1
vendor_id	: GenuineIntel
cpu family	: 6
model		: 58
model name	: Intel(R) Core(TM) i7-3517U CPU @ 1.90GHz
stepping	: 9
microcode	: 0x12
cpu MHz		: 2679.187
cache size	: 4096 KB
physical id	: 0
siblings	: 4
core id		: 0
cpu cores	: 2
apicid		: 1
initial apicid	: 1
fpu		: yes
fpu_exception	: yes
cpuid level	: 13
wp		: yes
flags		: fpu vme de pse tsc msr pae mce cx8 apic sep mtrr pge mca cmov pat pse36 clflush dts acpi mmx fxsr sse sse2 ss ht tm pbe syscall nx rdtscp lm constant_tsc arch_perfmon pebs bts rep_good nopl xtopology nonstop_tsc aperfmperf eagerfpu pni pclmulqdq dtes64 monitor ds_cpl vmx est tm2 ssse3 cx16 xtpr pdcm pcid sse4_1 sse4_2 x2apic popcnt tsc_deadline_timer xsave avx f16c rdrand lahf_lm epb tpr_shadow vnmi flexpriority ept vpid fsgsbase smep erms xsaveopt dtherm ida arat pln pts
bugs		:
bogomips	: 4789.47
clflush size	: 64
cache_alignment	: 64
address sizes	: 36 bits physical, 48 bits virtual
power management:

processor	: 2
vendor_id	: GenuineIntel
cpu family	: 6
model		: 58
model name	: Intel(R) Core(TM) i7-3517U CPU @ 1.90GHz
stepping	: 9
microcode	: 0x12
cpu MHz		: 2629.875
cache size	: 4096 KB
physical id	: 0
siblings	: 4
core id		: 1
cpu cores	: 2
apicid		: 2
initial apicid	: 2
fpu		: yes
fpu_exception	: yes
cpuid level	: 13
wp		: yes
flags		: fpu vme de pse tsc msr pae mce cx8 apic sep mtrr pge mca cmov pat pse36 clflush dts acpi mmx fxsr sse sse2 ss ht tm pbe syscall nx rdtscp lm constant_tsc arch_perfmon pebs bts rep_good nopl xtopology nonstop_tsc aperfmperf eagerfpu pni pclmulqdq dtes64 monitor ds_cpl vmx est tm2 ssse3 cx16 xtpr pdcm pcid sse4_1 sse4_2 x2apic popcnt tsc_deadline_timer xsave avx f16c rdrand lahf_lm epb tpr_shadow vnmi flexpriority ept vpid fsgsbase smep erms xsaveopt dtherm ida arat pln pts
bugs		:
bogomips	: 4789.47
clflush size	: 64
cache_alignment	: 64
address sizes	: 36 bits physical, 48 bits virtual
power management:

processor	: 3
vendor_id	: GenuineIntel
cpu family	: 6
model		: 58
model name	: Intel(R) Core(TM) i7-3517U CPU @ 1.90GHz
stepping	: 9
microcode	: 0x12
cpu MHz		: 2660.718
cache size	: 4096 KB
physical id	: 0
siblings	: 4
core id		: 1
cpu cores	: 2
apicid		: 3
initial apicid	: 3
fpu		: yes
fpu_exception	: yes
cpuid level	: 13
wp		: yes
flags		: fpu vme de pse tsc msr pae mce cx8 apic sep mtrr pge mca cmov pat pse36 clflush dts acpi mmx fxsr sse sse2 ss ht tm pbe syscall nx rdtscp lm constant_tsc arch_perfmon pebs bts rep_good nopl xtopology nonstop_tsc aperfmperf eagerfpu pni pclmulqdq dtes64 monitor ds_cpl vmx est tm2 ssse3 cx16 xtpr pdcm pcid sse4_1 sse4_2 x2apic popcnt tsc_deadline_timer xsave avx f16c rdrand lahf_lm epb tpr_shadow vnmi flexpriority ept vpid fsgsbase smep erms xsaveopt dtherm ida arat pln pts
bugs		:
bogomips	: 4789.47
clflush size	: 64
cache_alignment	: 64
address sizes	: 36 bits physical, 48 bits virtual
power management:



Memory: 4k page, physical 3878592k(1083472k free), swap 4025340k(3636096k free)

vm_info: Java HotSpot(TM) 64-Bit Server VM (25.111-b14) for linux-amd64 JRE (1.8.0_111-b14), built on Sep 22 2016 16:14:03 by "java_re" with gcc 4.3.0 20080428 (Red Hat 4.3.0-8)

time: Sat Jun 10 18:59:04 2017
elapsed time: 23 seconds (0d 0h 0m 23s)

