#
# A fatal error has been detected by the Java Runtime Environment:
#
#  SIGSEGV (0xb) at pc=0x00007f31d5905263, pid=9146, tid=0x00007f31ec1d0700
#
# JRE version: Java(TM) SE Runtime Environment (8.0_111-b14) (build 1.8.0_111-b14)
# Java VM: Java HotSpot(TM) 64-Bit Server VM (25.111-b14 mixed mode linux-amd64 compressed oops)
# Problematic frame:
# C  [libsimgrid.so+0x190263]  xbt_dynar_member+0x23
#
# Failed to write core dump. Core dumps have been disabled. To enable core dumping, try "ulimit -c unlimited" before starting Java again
#
# If you would like to submit a bug report, please visit:
#   http://bugreport.java.com/bugreport/crash.jsp
#

---------------  T H R E A D  ---------------

Current thread (0x00007f3200077800):  VMThread [stack: 0x00007f31ec0d0000,0x00007f31ec1d1000] [id=9155]

siginfo: si_signo: 11 (SIGSEGV), si_code: 1 (SEGV_MAPERR), si_addr: 0x0000000000000000

Registers:
RAX=0x0000000000000000, RBX=0x00007f31d5c71700, RCX=0x0000000000000000, RDX=0x00007f31ec1d0a30
RSP=0x00007f31ec1cf610, RBP=0x00007f320015ae40, RSI=0x00007f31ec1cf7b8, RDI=0x00007f31ec1cf6d0
R8 =0x00007f3200151e50, R9 =0x00007f3200151e50, R10=0x0000000000000c58, R11=0x00007f31d5905240
R12=0x00007f31d5c7c790, R13=0x00007f320013ae50, R14=0x00000000000003d8, R15=0x00007f3200026e88
RIP=0x00007f31d5905263, EFLAGS=0x0000000000010202, CSGSFS=0x0000000000000033, ERR=0x0000000000000004
  TRAPNO=0x000000000000000e

Top of Stack: (sp=0x00007f31ec1cf610)
0x00007f31ec1cf610:   0000000000000000 0000000000000000
0x00007f31ec1cf620:   00007f3200151ef0 00007f31ec1cf7b8
0x00007f31ec1cf630:   0000000000000000 0000000000000000
0x00007f31ec1cf640:   0000000000000000 0000000000000000
0x00007f31ec1cf650:   0000000000000000 0000000000000000
0x00007f31ec1cf660:   0000000000000000 0000000000000000
0x00007f31ec1cf670:   0000000000000000 0000000000000000
0x00007f31ec1cf680:   0000ff00000000ff 00000000ff000000
0x00007f31ec1cf690:   0000000000000000 0000000000000000
0x00007f31ec1cf6a0:   0000000000000000 0000000000000000
0x00007f31ec1cf6b0:   0000000000000000 0000000000000000
0x00007f31ec1cf6c0:   0000000042c80000 0000000000000000
0x00007f31ec1cf6d0:   0000000000000000 0000000000000000
0x00007f31ec1cf6e0:   00007f3204430ff0 00007f32044314b0
0x00007f31ec1cf6f0:   0000000000000000 0000000000000000
0x00007f31ec1cf700:   00007f31d5c3c400 00007f3200161cb0
0x00007f31ec1cf710:   00007f320013ae50 00007f31d58fba0a
0x00007f31ec1cf720:   00007f3201c9a6c0 00007f31d5c3c400
0x00007f31ec1cf730:   00007f3200161cb0 00007f31d596b286
0x00007f31ec1cf740:   00007f3200199310 0000000000000000
0x00007f31ec1cf750:   0000000000000000 00007f31ec1cf7b8
0x00007f31ec1cf760:   00007f3200151ef0 00007f3200151e50
0x00007f31ec1cf770:   00007f3200151e50 00007f31d5c74a98
0x00007f31ec1cf780:   00007f32001540b0 0000000000000001
0x00007f31ec1cf790:   00007f31d5c71700 00007f3200139470
0x00007f31ec1cf7a0:   00007f31d5c71700 00007f31d592234f
0x00007f31ec1cf7b0:   0000000000000000 00007f3200161cb0
0x00007f31ec1cf7c0:   00007f3204430ff0 00007f32044314b0
0x00007f31ec1cf7d0:   0000000000000000 00007f31d5c74a98
0x00007f31ec1cf7e0:   00007f32001540b0 0000000000000001
0x00007f31ec1cf7f0:   00007f320013ae50 00007f31d5903d37
0x00007f31ec1cf800:   00007f320013ae50 00007f31d5c74098 

Instructions: (pc=0x00007f31d5905263)
0x00007f31d5905243:   ec 90 01 00 00 48 8b 05 01 a2 33 00 48 89 7c 24
0x00007f31d5905253:   10 48 89 74 24 18 ff 10 48 8d bc 24 c0 00 00 00
0x00007f31d5905263:   48 8b 08 48 89 04 24 48 89 38 48 89 4c 24 08 e8
0x00007f31d5905273:   79 31 ed ff 85 c0 74 75 48 8b 14 24 c7 42 08 01 

Register to memory mapping:

RAX=0x0000000000000000 is an unknown value
RBX=0x00007f31d5c71700: _simgrid_log_category__simix_process+0 in /tmp/simgrid-java7683455620115814627/libsimgrid.so at 0x00007f31d5775000
RCX=0x0000000000000000 is an unknown value
RDX=0x00007f31ec1d0a30 is an unknown value
RSP=0x00007f31ec1cf610 is an unknown value
RBP=0x00007f320015ae40 is an unknown value
RSI=0x00007f31ec1cf7b8 is an unknown value
RDI=0x00007f31ec1cf6d0 is an unknown value
R8 =0x00007f3200151e50 is an unknown value
R9 =0x00007f3200151e50 is an unknown value
R10=0x0000000000000c58 is an unknown value
R11=0x00007f31d5905240: xbt_dynar_member+0 in /tmp/simgrid-java7683455620115814627/libsimgrid.so at 0x00007f31d5775000
R12=0x00007f31d5c7c790: simix_global+0 in /tmp/simgrid-java7683455620115814627/libsimgrid.so at 0x00007f31d5775000
R13=0x00007f320013ae50 is an unknown value
R14=0x00000000000003d8 is an unknown value
R15=0x00007f3200026e88 is an unknown value


Stack: [0x00007f31ec0d0000,0x00007f31ec1d1000],  sp=0x00007f31ec1cf610,  free space=1021k
Native frames: (J=compiled Java code, j=interpreted, Vv=VM code, C=native code)
C  [libsimgrid.so+0x190263]  xbt_dynar_member+0x23

VM_Operation (0x00007f31d47c13d0): Exit, mode: safepoint, requested by thread 0x00007f31cc001000


---------------  P R O C E S S  ---------------

Java Threads: ( => current thread )
  0x00007f31cc001000 JavaThread "SIGTERM handler" daemon [_thread_blocked, id=9181, stack(0x00007f31d46c2000,0x00007f31d47c3000)]
  0x00007f3168001000 JavaThread "Thread-16" [_thread_in_native, id=9179, stack(0x00007f316f7ff000,0x00007f3170000000)]
  0x00007f3174001000 JavaThread "Thread-15" [_thread_in_native, id=9178, stack(0x00007f318c7f9000,0x00007f318cffa000)]
  0x00007f3170001000 JavaThread "Thread-14" [_thread_in_native, id=9177, stack(0x00007f318cffa000,0x00007f318d7fb000)]
  0x00007f317c001000 JavaThread "Thread-13" [_thread_in_native, id=9176, stack(0x00007f318d7fb000,0x00007f318dffc000)]
  0x00007f3178001000 JavaThread "Thread-12" [_thread_in_native, id=9175, stack(0x00007f318dffc000,0x00007f318e7fd000)]
  0x00007f3184001000 JavaThread "Thread-11" [_thread_blocked, id=9174, stack(0x00007f318e7fd000,0x00007f318effe000)]
  0x00007f3180001000 JavaThread "Thread-10" [_thread_in_native, id=9173, stack(0x00007f318effe000,0x00007f318f7ff000)]
  0x00007f3188001000 JavaThread "Thread-9" [_thread_in_native, id=9172, stack(0x00007f318f7ff000,0x00007f3190000000)]
  0x00007f3194001000 JavaThread "Thread-7" [_thread_in_native, id=9171, stack(0x00007f31ac7f9000,0x00007f31acffa000)]
  0x00007f3190001000 JavaThread "Thread-8" [_thread_in_native, id=9170, stack(0x00007f31acffa000,0x00007f31ad7fb000)]
  0x00007f319c001000 JavaThread "Thread-6" [_thread_in_native, id=9168, stack(0x00007f31adffc000,0x00007f31ae7fd000)]
  0x00007f3198001000 JavaThread "Thread-5" [_thread_in_native, id=9169, stack(0x00007f31ad7fb000,0x00007f31adffc000)]
  0x00007f31a4001000 JavaThread "Thread-4" [_thread_in_native, id=9167, stack(0x00007f31ae7fd000,0x00007f31aeffe000)]
  0x00007f31a0001000 JavaThread "Thread-3" [_thread_in_native, id=9166, stack(0x00007f31aeffe000,0x00007f31af7ff000)]
  0x00007f31a8001000 JavaThread "Thread-1" [_thread_in_native, id=9165, stack(0x00007f31af7ff000,0x00007f31b0000000)]
  0x00007f31b4001000 JavaThread "Thread-2" [_thread_in_native, id=9164, stack(0x00007f31d47c3000,0x00007f31d4fc4000)]
  0x00007f32000bf800 JavaThread "Service Thread" daemon [_thread_blocked, id=9162, stack(0x00007f31d64a7000,0x00007f31d65a8000)]
  0x00007f32000bd000 JavaThread "C1 CompilerThread2" daemon [_thread_blocked, id=9161, stack(0x00007f31d65a8000,0x00007f31d66a9000)]
  0x00007f32000bb000 JavaThread "C2 CompilerThread1" daemon [_thread_blocked, id=9160, stack(0x00007f31d66a9000,0x00007f31d67aa000)]
  0x00007f32000b8800 JavaThread "C2 CompilerThread0" daemon [_thread_blocked, id=9159, stack(0x00007f31d67aa000,0x00007f31d68ab000)]
  0x00007f3200084000 JavaThread "Finalizer" daemon [_thread_blocked, id=9157, stack(0x00007f31d7dfe000,0x00007f31d7eff000)]
  0x00007f320007f000 JavaThread "Reference Handler" daemon [_thread_blocked, id=9156, stack(0x00007f31d7eff000,0x00007f31d8000000)]
  0x00007f320000a000 JavaThread "main" [_thread_in_native, id=9148, stack(0x00007f3208d1e000,0x00007f3208e1f000)]

Other Threads:
=>0x00007f3200077800 VMThread [stack: 0x00007f31ec0d0000,0x00007f31ec1d1000] [id=9155]

VM state:at safepoint (shutting down)

VM Mutex/Monitor currently owned by a thread:  ([mutex/lock_event])
[0x00007f32000060f0] Threads_lock - owner thread: 0x00007f3200077800

Heap:
 PSYoungGen      total 33280K, used 29526K [0x00000000d5580000, 0x00000000d7880000, 0x0000000100000000)
  eden space 30720K, 87% used [0x00000000d5580000,0x00000000d6fd5960,0x00000000d7380000)
  from space 2560K, 100% used [0x00000000d7600000,0x00000000d7880000,0x00000000d7880000)
  to   space 2560K, 0% used [0x00000000d7380000,0x00000000d7380000,0x00000000d7600000)
 ParOldGen       total 40960K, used 10508K [0x0000000080000000, 0x0000000082800000, 0x00000000d5580000)
  object space 40960K, 25% used [0x0000000080000000,0x0000000080a433b0,0x0000000082800000)
 Metaspace       used 3738K, capacity 4704K, committed 4864K, reserved 1056768K
  class space    used 417K, capacity 464K, committed 512K, reserved 1048576K

Card table byte_map: [0x00007f32056c4000,0x00007f3205ac5000] byte_map_base: 0x00007f32052c4000

Marking Bits: (ParMarkBitMap*) 0x00007f32081ee220
 Begin Bits: [0x00007f31ed000000, 0x00007f31ef000000)
 End Bits:   [0x00007f31ef000000, 0x00007f31f1000000)

Polling page: 0x00007f3208e3d000

CodeCache: size=245760Kb used=2490Kb max_used=2534Kb free=243269Kb
 bounds [0x00007f31f1000000, 0x00007f31f1290000, 0x00007f3200000000]
 total_blobs=448 nmethods=186 adapters=177
 compilation: enabled

Compilation events (10 events):
Event: 4.565 Thread 0x00007f32000bd000  194 % !   3       vcube.Node::main @ 35 (1848 bytes)
Event: 4.934 Thread 0x00007f32000bd000 nmethod 194% 0x00007f31f1238ad0 code [0x00007f31f1239e60, 0x00007f31f1249178]
Event: 5.917 Thread 0x00007f32000bd000  195 % !   3       vcube.Node::main @ 59 (1848 bytes)
Event: 5.940 Thread 0x00007f32000bd000 nmethod 195% 0x00007f31f1254b10 code [0x00007f31f1255ea0, 0x00007f31f1265238]
Event: 7.005 Thread 0x00007f32000bd000  196       1       java.lang.ref.Finalizer::access$000 (4 bytes)
Event: 7.005 Thread 0x00007f32000bd000 nmethod 196 0x00007f31f1145410 code [0x00007f31f1145560, 0x00007f31f1145650]
Event: 7.843 Thread 0x00007f32000b8800  197 % !   4       vcube.Node::main @ 59 (1848 bytes)
Event: 8.674 Thread 0x00007f32000b8800 nmethod 197% 0x00007f31f1270c90 code [0x00007f31f12717a0, 0x00007f31f127b7d8]
Event: 9.708 Thread 0x00007f32000bb000  198 % !   4       vcube.Node::main @ 35 (1848 bytes)
Event: 10.344 Thread 0x00007f32000bb000 nmethod 198% 0x00007f31f1280890 code [0x00007f31f1281300, 0x00007f31f128b418]

GC Heap History (8 events):
Event: 1.295 GC heap before
{Heap before GC invocations=1 (full 0):
 PSYoungGen      total 17920K, used 15360K [0x00000000d5580000, 0x00000000d6980000, 0x0000000100000000)
  eden space 15360K, 100% used [0x00000000d5580000,0x00000000d6480000,0x00000000d6480000)
  from space 2560K, 0% used [0x00000000d6700000,0x00000000d6700000,0x00000000d6980000)
  to   space 2560K, 0% used [0x00000000d6480000,0x00000000d6480000,0x00000000d6700000)
 ParOldGen       total 40960K, used 0K [0x0000000080000000, 0x0000000082800000, 0x00000000d5580000)
  object space 40960K, 0% used [0x0000000080000000,0x0000000080000000,0x0000000082800000)
 Metaspace       used 3714K, capacity 4704K, committed 4864K, reserved 1056768K
  class space    used 414K, capacity 464K, committed 512K, reserved 1048576K
Event: 1.304 GC heap after
Heap after GC invocations=1 (full 0):
 PSYoungGen      total 17920K, used 2544K [0x00000000d5580000, 0x00000000d6980000, 0x0000000100000000)
  eden space 15360K, 0% used [0x00000000d5580000,0x00000000d5580000,0x00000000d6480000)
  from space 2560K, 99% used [0x00000000d6480000,0x00000000d66fc010,0x00000000d6700000)
  to   space 2560K, 0% used [0x00000000d6700000,0x00000000d6700000,0x00000000d6980000)
 ParOldGen       total 40960K, used 284K [0x0000000080000000, 0x0000000082800000, 0x00000000d5580000)
  object space 40960K, 0% used [0x0000000080000000,0x0000000080047370,0x0000000082800000)
 Metaspace       used 3714K, capacity 4704K, committed 4864K, reserved 1056768K
  class space    used 414K, capacity 464K, committed 512K, reserved 1048576K
}
Event: 2.336 GC heap before
{Heap before GC invocations=2 (full 0):
 PSYoungGen      total 17920K, used 17904K [0x00000000d5580000, 0x00000000d6980000, 0x0000000100000000)
  eden space 15360K, 100% used [0x00000000d5580000,0x00000000d6480000,0x00000000d6480000)
  from space 2560K, 99% used [0x00000000d6480000,0x00000000d66fc010,0x00000000d6700000)
  to   space 2560K, 0% used [0x00000000d6700000,0x00000000d6700000,0x00000000d6980000)
 ParOldGen       total 40960K, used 284K [0x0000000080000000, 0x0000000082800000, 0x00000000d5580000)
  object space 40960K, 0% used [0x0000000080000000,0x0000000080047370,0x0000000082800000)
 Metaspace       used 3722K, capacity 4704K, committed 4864K, reserved 1056768K
  class space    used 414K, capacity 464K, committed 512K, reserved 1048576K
Event: 2.356 GC heap after
Heap after GC invocations=2 (full 0):
 PSYoungGen      total 17920K, used 2560K [0x00000000d5580000, 0x00000000d7880000, 0x0000000100000000)
  eden space 15360K, 0% used [0x00000000d5580000,0x00000000d5580000,0x00000000d6480000)
  from space 2560K, 100% used [0x00000000d6700000,0x00000000d6980000,0x00000000d6980000)
  to   space 2560K, 0% used [0x00000000d6480000,0x00000000d6480000,0x00000000d6700000)
 ParOldGen       total 40960K, used 3220K [0x0000000080000000, 0x0000000082800000, 0x00000000d5580000)
  object space 40960K, 7% used [0x0000000080000000,0x0000000080325370,0x0000000082800000)
 Metaspace       used 3722K, capacity 4704K, committed 4864K, reserved 1056768K
  class space    used 414K, capacity 464K, committed 512K, reserved 1048576K
}
Event: 3.908 GC heap before
{Heap before GC invocations=3 (full 0):
 PSYoungGen      total 17920K, used 17920K [0x00000000d5580000, 0x00000000d7880000, 0x0000000100000000)
  eden space 15360K, 100% used [0x00000000d5580000,0x00000000d6480000,0x00000000d6480000)
  from space 2560K, 100% used [0x00000000d6700000,0x00000000d6980000,0x00000000d6980000)
  to   space 2560K, 0% used [0x00000000d6480000,0x00000000d6480000,0x00000000d6700000)
 ParOldGen       total 40960K, used 3220K [0x0000000080000000, 0x0000000082800000, 0x00000000d5580000)
  object space 40960K, 7% used [0x0000000080000000,0x0000000080325370,0x0000000082800000)
 Metaspace       used 3723K, capacity 4704K, committed 4864K, reserved 1056768K
  class space    used 414K, capacity 464K, committed 512K, reserved 1048576K
Event: 3.925 GC heap after
Heap after GC invocations=3 (full 0):
 PSYoungGen      total 17920K, used 2560K [0x00000000d5580000, 0x00000000d7880000, 0x0000000100000000)
  eden space 15360K, 0% used [0x00000000d5580000,0x00000000d5580000,0x00000000d6480000)
  from space 2560K, 100% used [0x00000000d6480000,0x00000000d6700000,0x00000000d6700000)
  to   space 2560K, 0% used [0x00000000d7600000,0x00000000d7600000,0x00000000d7880000)
 ParOldGen       total 40960K, used 6652K [0x0000000080000000, 0x0000000082800000, 0x00000000d5580000)
  object space 40960K, 16% used [0x0000000080000000,0x000000008067f3b0,0x0000000082800000)
 Metaspace       used 3723K, capacity 4704K, committed 4864K, reserved 1056768K
  class space    used 414K, capacity 464K, committed 512K, reserved 1048576K
}
Event: 6.991 GC heap before
{Heap before GC invocations=4 (full 0):
 PSYoungGen      total 17920K, used 17920K [0x00000000d5580000, 0x00000000d7880000, 0x0000000100000000)
  eden space 15360K, 100% used [0x00000000d5580000,0x00000000d6480000,0x00000000d6480000)
  from space 2560K, 100% used [0x00000000d6480000,0x00000000d6700000,0x00000000d6700000)
  to   space 2560K, 0% used [0x00000000d7600000,0x00000000d7600000,0x00000000d7880000)
 ParOldGen       total 40960K, used 6652K [0x0000000080000000, 0x0000000082800000, 0x00000000d5580000)
  object space 40960K, 16% used [0x0000000080000000,0x000000008067f3b0,0x0000000082800000)
 Metaspace       used 3723K, capacity 4704K, committed 4864K, reserved 1056768K
  class space    used 414K, capacity 464K, committed 512K, reserved 1048576K
Event: 7.004 GC heap after
Heap after GC invocations=4 (full 0):
 PSYoungGen      total 33280K, used 2560K [0x00000000d5580000, 0x00000000d7880000, 0x0000000100000000)
  eden space 30720K, 0% used [0x00000000d5580000,0x00000000d5580000,0x00000000d7380000)
  from space 2560K, 100% used [0x00000000d7600000,0x00000000d7880000,0x00000000d7880000)
  to   space 2560K, 0% used [0x00000000d7380000,0x00000000d7380000,0x00000000d7600000)
 ParOldGen       total 40960K, used 10508K [0x0000000080000000, 0x0000000082800000, 0x00000000d5580000)
  object space 40960K, 25% used [0x0000000080000000,0x0000000080a433b0,0x0000000082800000)
 Metaspace       used 3723K, capacity 4704K, committed 4864K, reserved 1056768K
  class space    used 414K, capacity 464K, committed 512K, reserved 1048576K
}

Deoptimization events (4 events):
Event: 1.904 Thread 0x00007f31b4001000 Uncommon trap: reason=predicate action=maybe_recompile pc=0x00007f31f11ed820 method=java.util.AbstractCollection.toArray([Ljava/lang/Object;)[Ljava/lang/Object; @ 49
Event: 4.539 Thread 0x00007f3194001000 Uncommon trap: reason=unstable_if action=reinterpret pc=0x00007f31f12009a0 method=vcube.Node.main([Ljava/lang/String;)V @ 410
Event: 6.439 Thread 0x00007f3178001000 Uncommon trap: reason=unstable_if action=reinterpret pc=0x00007f31f12009a0 method=vcube.Node.main([Ljava/lang/String;)V @ 410
Event: 6.569 Thread 0x00007f3168001000 Uncommon trap: reason=unstable_if action=reinterpret pc=0x00007f31f12009a0 method=vcube.Node.main([Ljava/lang/String;)V @ 410

Internal exceptions (10 events):
Event: 2.623 Thread 0x00007f317c001000 Exception <a 'java/lang/ArrayIndexOutOfBoundsException'> (0x00000000d595d268) thrown at [/HUDSON3/workspace/8-2-build-linux-amd64/jdk8u111/7883/hotspot/src/share/vm/runtime/sharedRuntime.cpp, line 605]
Event: 2.623 Thread 0x00007f3178001000 Exception <a 'java/lang/ArrayIndexOutOfBoundsException'> (0x00000000d59788c8) thrown at [/HUDSON3/workspace/8-2-build-linux-amd64/jdk8u111/7883/hotspot/src/share/vm/runtime/sharedRuntime.cpp, line 605]
Event: 2.623 Thread 0x00007f3184001000 Exception <a 'java/lang/ArrayIndexOutOfBoundsException'> (0x00000000d5926540) thrown at [/HUDSON3/workspace/8-2-build-linux-amd64/jdk8u111/7883/hotspot/src/share/vm/runtime/sharedRuntime.cpp, line 605]
Event: 2.623 Thread 0x00007f3180001000 Exception <a 'java/lang/ArrayIndexOutOfBoundsException'> (0x00000000d58efb78) thrown at [/HUDSON3/workspace/8-2-build-linux-amd64/jdk8u111/7883/hotspot/src/share/vm/runtime/sharedRuntime.cpp, line 605]
Event: 2.623 Thread 0x00007f3188001000 Exception <a 'java/lang/ArrayIndexOutOfBoundsException'> (0x00000000d590b220) thrown at [/HUDSON3/workspace/8-2-build-linux-amd64/jdk8u111/7883/hotspot/src/share/vm/runtime/sharedRuntime.cpp, line 605]
Event: 2.623 Thread 0x00007f3194001000 Exception <a 'java/lang/ArrayIndexOutOfBoundsException'> (0x00000000d59ca2b8) thrown at [/HUDSON3/workspace/8-2-build-linux-amd64/jdk8u111/7883/hotspot/src/share/vm/runtime/sharedRuntime.cpp, line 605]
Event: 2.623 Thread 0x00007f3190001000 Exception <a 'java/lang/ArrayIndexOutOfBoundsException'> (0x00000000d5a87c78) thrown at [/HUDSON3/workspace/8-2-build-linux-amd64/jdk8u111/7883/hotspot/src/share/vm/runtime/sharedRuntime.cpp, line 605]
Event: 2.623 Thread 0x00007f3198001000 Exception <a 'java/lang/ArrayIndexOutOfBoundsException'> (0x00000000d5a00268) thrown at [/HUDSON3/workspace/8-2-build-linux-amd64/jdk8u111/7883/hotspot/src/share/vm/runtime/sharedRuntime.cpp, line 605]
Event: 2.623 Thread 0x00007f3174001000 Exception <a 'java/lang/ArrayIndexOutOfBoundsException'> (0x00000000d5993f30) thrown at [/HUDSON3/workspace/8-2-build-linux-amd64/jdk8u111/7883/hotspot/src/share/vm/runtime/sharedRuntime.cpp, line 605]
Event: 2.623 Thread 0x00007f31a4001000 Exception <a 'java/lang/ArrayIndexOutOfBoundsException'> (0x00000000d5a36150) thrown at [/HUDSON3/workspace/8-2-build-linux-amd64/jdk8u111/7883/hotspot/src/share/vm/runtime/sharedRuntime.cpp, line 605]

Events (10 events):
Event: 14.482 loading class java/util/IdentityHashMap$KeySet
Event: 14.482 loading class java/util/IdentityHashMap$KeySet done
Event: 14.482 loading class java/util/IdentityHashMap$KeyIterator
Event: 14.482 loading class java/util/IdentityHashMap$IdentityHashMapIterator
Event: 14.482 loading class java/util/IdentityHashMap$IdentityHashMapIterator done
Event: 14.482 loading class java/util/IdentityHashMap$KeyIterator done
Event: 14.483 Thread 0x00007f3160001000 Thread added: 0x00007f3160001000
Event: 14.483 Thread 0x00007f3160001000 Thread exited: 0x00007f3160001000
Event: 14.483 Thread 0x00007f32000b7000 Thread exited: 0x00007f32000b7000
Event: 14.483 Executing VM operation: Exit


Dynamic libraries:
00400000-00401000 r-xp 00000000 08:01 8784123                            /home/elixandrebaldi/jdk1.8.0_111/bin/java
00600000-00601000 rw-p 00000000 08:01 8784123                            /home/elixandrebaldi/jdk1.8.0_111/bin/java
00ad9000-00afa000 rw-p 00000000 00:00 0                                  [heap]
80000000-82800000 rw-p 00000000 00:00 0 
82800000-d5580000 ---p 00000000 00:00 0 
d5580000-d7880000 rw-p 00000000 00:00 0 
d7880000-100000000 ---p 00000000 00:00 0 
100000000-100080000 rw-p 00000000 00:00 0 
100080000-140000000 ---p 00000000 00:00 0 
7f3160000000-7f3160021000 rw-p 00000000 00:00 0 
7f3160021000-7f3164000000 ---p 00000000 00:00 0 
7f3168000000-7f31687a5000 rw-p 00000000 00:00 0 
7f31687a5000-7f316c000000 ---p 00000000 00:00 0 
7f316f7ff000-7f316f802000 ---p 00000000 00:00 0 
7f316f802000-7f3170000000 rw-p 00000000 00:00 0 
7f3170000000-7f31707ac000 rw-p 00000000 00:00 0 
7f31707ac000-7f3174000000 ---p 00000000 00:00 0 
7f3174000000-7f31747a2000 rw-p 00000000 00:00 0 
7f31747a2000-7f3178000000 ---p 00000000 00:00 0 
7f3178000000-7f31787a5000 rw-p 00000000 00:00 0 
7f31787a5000-7f317c000000 ---p 00000000 00:00 0 
7f317c000000-7f317c7a4000 rw-p 00000000 00:00 0 
7f317c7a4000-7f3180000000 ---p 00000000 00:00 0 
7f3180000000-7f31807a3000 rw-p 00000000 00:00 0 
7f31807a3000-7f3184000000 ---p 00000000 00:00 0 
7f3184000000-7f31847a6000 rw-p 00000000 00:00 0 
7f31847a6000-7f3188000000 ---p 00000000 00:00 0 
7f3188000000-7f31887a1000 rw-p 00000000 00:00 0 
7f31887a1000-7f318c000000 ---p 00000000 00:00 0 
7f318c7f9000-7f318c7fc000 ---p 00000000 00:00 0 
7f318c7fc000-7f318cffa000 rw-p 00000000 00:00 0 
7f318cffa000-7f318cffd000 ---p 00000000 00:00 0 
7f318cffd000-7f318d7fb000 rw-p 00000000 00:00 0 
7f318d7fb000-7f318d7fe000 ---p 00000000 00:00 0 
7f318d7fe000-7f318dffc000 rw-p 00000000 00:00 0 
7f318dffc000-7f318dfff000 ---p 00000000 00:00 0 
7f318dfff000-7f318e7fd000 rw-p 00000000 00:00 0 
7f318e7fd000-7f318e800000 ---p 00000000 00:00 0 
7f318e800000-7f318effe000 rw-p 00000000 00:00 0 
7f318effe000-7f318f001000 ---p 00000000 00:00 0 
7f318f001000-7f318f7ff000 rw-p 00000000 00:00 0 
7f318f7ff000-7f318f802000 ---p 00000000 00:00 0 
7f318f802000-7f3190000000 rw-p 00000000 00:00 0 
7f3190000000-7f31907a2000 rw-p 00000000 00:00 0 
7f31907a2000-7f3194000000 ---p 00000000 00:00 0 
7f3194000000-7f31947a2000 rw-p 00000000 00:00 0 
7f31947a2000-7f3198000000 ---p 00000000 00:00 0 
7f3198000000-7f31987a4000 rw-p 00000000 00:00 0 
7f31987a4000-7f319c000000 ---p 00000000 00:00 0 
7f319c000000-7f319c7a5000 rw-p 00000000 00:00 0 
7f319c7a5000-7f31a0000000 ---p 00000000 00:00 0 
7f31a0000000-7f31a07a7000 rw-p 00000000 00:00 0 
7f31a07a7000-7f31a4000000 ---p 00000000 00:00 0 
7f31a4000000-7f31a47a7000 rw-p 00000000 00:00 0 
7f31a47a7000-7f31a8000000 ---p 00000000 00:00 0 
7f31a8000000-7f31a87a1000 rw-p 00000000 00:00 0 
7f31a87a1000-7f31ac000000 ---p 00000000 00:00 0 
7f31ac7f9000-7f31ac7fc000 ---p 00000000 00:00 0 
7f31ac7fc000-7f31acffa000 rw-p 00000000 00:00 0 
7f31acffa000-7f31acffd000 ---p 00000000 00:00 0 
7f31acffd000-7f31ad7fb000 rw-p 00000000 00:00 0 
7f31ad7fb000-7f31ad7fe000 ---p 00000000 00:00 0 
7f31ad7fe000-7f31adffc000 rw-p 00000000 00:00 0 
7f31adffc000-7f31adfff000 ---p 00000000 00:00 0 
7f31adfff000-7f31ae7fd000 rw-p 00000000 00:00 0 
7f31ae7fd000-7f31ae800000 ---p 00000000 00:00 0 
7f31ae800000-7f31aeffe000 rw-p 00000000 00:00 0 
7f31aeffe000-7f31af001000 ---p 00000000 00:00 0 
7f31af001000-7f31af7ff000 rw-p 00000000 00:00 0 
7f31af7ff000-7f31af802000 ---p 00000000 00:00 0 
7f31af802000-7f31b0000000 rw-p 00000000 00:00 0 
7f31b0000000-7f31b0021000 rw-p 00000000 00:00 0 
7f31b0021000-7f31b4000000 ---p 00000000 00:00 0 
7f31b4000000-7f31b47ac000 rw-p 00000000 00:00 0 
7f31b47ac000-7f31b8000000 ---p 00000000 00:00 0 
7f31b8000000-7f31b84bc000 rw-p 00000000 00:00 0 
7f31b84bc000-7f31bc000000 ---p 00000000 00:00 0 
7f31bc000000-7f31bc021000 rw-p 00000000 00:00 0 
7f31bc021000-7f31c0000000 ---p 00000000 00:00 0 
7f31c0000000-7f31c18a6000 rw-p 00000000 00:00 0 
7f31c18a6000-7f31c4000000 ---p 00000000 00:00 0 
7f31c4000000-7f31c4a81000 rw-p 00000000 00:00 0 
7f31c4a81000-7f31c8000000 ---p 00000000 00:00 0 
7f31c8000000-7f31c8021000 rw-p 00000000 00:00 0 
7f31c8021000-7f31cc000000 ---p 00000000 00:00 0 
7f31cc000000-7f31cc021000 rw-p 00000000 00:00 0 
7f31cc021000-7f31d0000000 ---p 00000000 00:00 0 
7f31d0000000-7f31d0021000 rw-p 00000000 00:00 0 
7f31d0021000-7f31d4000000 ---p 00000000 00:00 0 
7f31d45c1000-7f31d45c4000 ---p 00000000 00:00 0 
7f31d45c4000-7f31d46c2000 rw-p 00000000 00:00 0 
7f31d46c2000-7f31d46c5000 ---p 00000000 00:00 0 
7f31d46c5000-7f31d47c3000 rw-p 00000000 00:00 0 
7f31d47c3000-7f31d47c6000 ---p 00000000 00:00 0 
7f31d47c6000-7f31d4fc4000 rw-p 00000000 00:00 0 
7f31d4fc4000-7f31d4fdc000 r-xp 00000000 08:01 2359590                    /tmp/simgrid-java7683455620115814627/libsimgrid-java.so (deleted)
7f31d4fdc000-7f31d51dc000 ---p 00018000 08:01 2359590                    /tmp/simgrid-java7683455620115814627/libsimgrid-java.so (deleted)
7f31d51dc000-7f31d51dd000 rw-p 00018000 08:01 2359590                    /tmp/simgrid-java7683455620115814627/libsimgrid-java.so (deleted)
7f31d51dd000-7f31d51f3000 r-xp 00000000 08:01 3936627                    /lib/x86_64-linux-gnu/libgcc_s.so.1
7f31d51f3000-7f31d53f2000 ---p 00016000 08:01 3936627                    /lib/x86_64-linux-gnu/libgcc_s.so.1
7f31d53f2000-7f31d53f3000 rw-p 00015000 08:01 3936627                    /lib/x86_64-linux-gnu/libgcc_s.so.1
7f31d53f3000-7f31d5565000 r-xp 00000000 08:01 23332798                   /usr/lib/x86_64-linux-gnu/libstdc++.so.6.0.21
7f31d5565000-7f31d5765000 ---p 00172000 08:01 23332798                   /usr/lib/x86_64-linux-gnu/libstdc++.so.6.0.21
7f31d5765000-7f31d576f000 r--p 00172000 08:01 23332798                   /usr/lib/x86_64-linux-gnu/libstdc++.so.6.0.21
7f31d576f000-7f31d5771000 rw-p 0017c000 08:01 23332798                   /usr/lib/x86_64-linux-gnu/libstdc++.so.6.0.21
7f31d5771000-7f31d5775000 rw-p 00000000 00:00 0 
7f31d5775000-7f31d5a3a000 r-xp 00000000 08:01 2359589                    /tmp/simgrid-java7683455620115814627/libsimgrid.so (deleted)
7f31d5a3a000-7f31d5c3a000 ---p 002c5000 08:01 2359589                    /tmp/simgrid-java7683455620115814627/libsimgrid.so (deleted)
7f31d5c3a000-7f31d5c75000 rw-p 002c5000 08:01 2359589                    /tmp/simgrid-java7683455620115814627/libsimgrid.so (deleted)
7f31d5c75000-7f31d5f7e000 rw-p 00000000 00:00 0 
7f31d5f7e000-7f31d5f94000 r-xp 00000000 08:01 8783936                    /home/elixandrebaldi/jdk1.8.0_111/jre/lib/amd64/libnet.so
7f31d5f94000-7f31d6194000 ---p 00016000 08:01 8783936                    /home/elixandrebaldi/jdk1.8.0_111/jre/lib/amd64/libnet.so
7f31d6194000-7f31d6195000 rw-p 00016000 08:01 8783936                    /home/elixandrebaldi/jdk1.8.0_111/jre/lib/amd64/libnet.so
7f31d6195000-7f31d61a6000 r-xp 00000000 08:01 8783935                    /home/elixandrebaldi/jdk1.8.0_111/jre/lib/amd64/libnio.so
7f31d61a6000-7f31d63a5000 ---p 00011000 08:01 8783935                    /home/elixandrebaldi/jdk1.8.0_111/jre/lib/amd64/libnio.so
7f31d63a5000-7f31d63a6000 rw-p 00010000 08:01 8783935                    /home/elixandrebaldi/jdk1.8.0_111/jre/lib/amd64/libnio.so
7f31d63a6000-7f31d63a7000 ---p 00000000 00:00 0 
7f31d63a7000-7f31d64a7000 rw-p 00000000 00:00 0 
7f31d64a7000-7f31d64aa000 ---p 00000000 00:00 0 
7f31d64aa000-7f31d65a8000 rw-p 00000000 00:00 0 
7f31d65a8000-7f31d65ab000 ---p 00000000 00:00 0 
7f31d65ab000-7f31d66a9000 rw-p 00000000 00:00 0 
7f31d66a9000-7f31d66ac000 ---p 00000000 00:00 0 
7f31d66ac000-7f31d67aa000 rw-p 00000000 00:00 0 
7f31d67aa000-7f31d67ad000 ---p 00000000 00:00 0 
7f31d67ad000-7f31d68ab000 rw-p 00000000 00:00 0 
7f31d68ab000-7f31d68ae000 ---p 00000000 00:00 0 
7f31d68ae000-7f31d69ac000 rw-p 00000000 00:00 0 
7f31d69ac000-7f31d7dfe000 r--p 00000000 08:01 23331759                   /usr/lib/locale/locale-archive
7f31d7dfe000-7f31d7e01000 ---p 00000000 00:00 0 
7f31d7e01000-7f31d7eff000 rw-p 00000000 00:00 0 
7f31d7eff000-7f31d7f02000 ---p 00000000 00:00 0 
7f31d7f02000-7f31d8000000 rw-p 00000000 00:00 0 
7f31d8000000-7f31d8021000 rw-p 00000000 00:00 0 
7f31d8021000-7f31dc000000 ---p 00000000 00:00 0 
7f31dc000000-7f31dc021000 rw-p 00000000 00:00 0 
7f31dc021000-7f31e0000000 ---p 00000000 00:00 0 
7f31e0000000-7f31e0021000 rw-p 00000000 00:00 0 
7f31e0021000-7f31e4000000 ---p 00000000 00:00 0 
7f31e4000000-7f31e4021000 rw-p 00000000 00:00 0 
7f31e4021000-7f31e8000000 ---p 00000000 00:00 0 
7f31e8000000-7f31e8021000 rw-p 00000000 00:00 0 
7f31e8021000-7f31ec000000 ---p 00000000 00:00 0 
7f31ec0d0000-7f31ec0d1000 ---p 00000000 00:00 0 
7f31ec0d1000-7f31f1000000 rw-p 00000000 00:00 0 
7f31f1000000-7f31f1290000 rwxp 00000000 00:00 0 
7f31f1290000-7f3200000000 ---p 00000000 00:00 0 
7f3200000000-7f3201caa000 rw-p 00000000 00:00 0 
7f3201caa000-7f3204000000 ---p 00000000 00:00 0 
7f3204014000-7f32041c7000 rw-p 00000000 00:00 0 
7f32041c7000-7f320439f000 r--s 03d2a000 08:01 8784070                    /home/elixandrebaldi/jdk1.8.0_111/jre/lib/rt.jar
7f320439f000-7f3204855000 rw-p 00000000 00:00 0 
7f3204855000-7f3204c15000 ---p 00000000 00:00 0 
7f3204c15000-7f3205015000 rw-p 00000000 00:00 0 
7f3205015000-7f3205016000 ---p 00000000 00:00 0 
7f3205016000-7f3205116000 rw-p 00000000 00:00 0 
7f3205116000-7f3205117000 ---p 00000000 00:00 0 
7f3205117000-7f3205217000 rw-p 00000000 00:00 0 
7f3205217000-7f3205218000 ---p 00000000 00:00 0 
7f3205218000-7f3205318000 rw-p 00000000 00:00 0 
7f3205318000-7f3205319000 ---p 00000000 00:00 0 
7f3205319000-7f320542d000 rw-p 00000000 00:00 0 
7f320542d000-7f32056c4000 ---p 00000000 00:00 0 
7f32056c4000-7f32056d8000 rw-p 00000000 00:00 0 
7f32056d8000-7f320596e000 ---p 00000000 00:00 0 
7f320596e000-7f3205981000 rw-p 00000000 00:00 0 
7f3205981000-7f3205ac4000 ---p 00000000 00:00 0 
7f3205ac4000-7f3205ad0000 rw-p 00000000 00:00 0 
7f3205ad0000-7f3205e85000 ---p 00000000 00:00 0 
7f3205e85000-7f3205e9f000 r-xp 00000000 08:01 8783934                    /home/elixandrebaldi/jdk1.8.0_111/jre/lib/amd64/libzip.so
7f3205e9f000-7f320609f000 ---p 0001a000 08:01 8783934                    /home/elixandrebaldi/jdk1.8.0_111/jre/lib/amd64/libzip.so
7f320609f000-7f32060a0000 rw-p 0001a000 08:01 8783934                    /home/elixandrebaldi/jdk1.8.0_111/jre/lib/amd64/libzip.so
7f32060a0000-7f32060ab000 r-xp 00000000 08:01 3932251                    /lib/x86_64-linux-gnu/libnss_files-2.23.so
7f32060ab000-7f32062aa000 ---p 0000b000 08:01 3932251                    /lib/x86_64-linux-gnu/libnss_files-2.23.so
7f32062aa000-7f32062ab000 r--p 0000a000 08:01 3932251                    /lib/x86_64-linux-gnu/libnss_files-2.23.so
7f32062ab000-7f32062ac000 rw-p 0000b000 08:01 3932251                    /lib/x86_64-linux-gnu/libnss_files-2.23.so
7f32062ac000-7f32062b2000 rw-p 00000000 00:00 0 
7f32062b2000-7f32062bd000 r-xp 00000000 08:01 3932244                    /lib/x86_64-linux-gnu/libnss_nis-2.23.so
7f32062bd000-7f32064bc000 ---p 0000b000 08:01 3932244                    /lib/x86_64-linux-gnu/libnss_nis-2.23.so
7f32064bc000-7f32064bd000 r--p 0000a000 08:01 3932244                    /lib/x86_64-linux-gnu/libnss_nis-2.23.so
7f32064bd000-7f32064be000 rw-p 0000b000 08:01 3932244                    /lib/x86_64-linux-gnu/libnss_nis-2.23.so
7f32064be000-7f32064d4000 r-xp 00000000 08:01 3932246                    /lib/x86_64-linux-gnu/libnsl-2.23.so
7f32064d4000-7f32066d3000 ---p 00016000 08:01 3932246                    /lib/x86_64-linux-gnu/libnsl-2.23.so
7f32066d3000-7f32066d4000 r--p 00015000 08:01 3932246                    /lib/x86_64-linux-gnu/libnsl-2.23.so
7f32066d4000-7f32066d5000 rw-p 00016000 08:01 3932246                    /lib/x86_64-linux-gnu/libnsl-2.23.so
7f32066d5000-7f32066d7000 rw-p 00000000 00:00 0 
7f32066d7000-7f32066df000 r-xp 00000000 08:01 3932253                    /lib/x86_64-linux-gnu/libnss_compat-2.23.so
7f32066df000-7f32068de000 ---p 00008000 08:01 3932253                    /lib/x86_64-linux-gnu/libnss_compat-2.23.so
7f32068de000-7f32068df000 r--p 00007000 08:01 3932253                    /lib/x86_64-linux-gnu/libnss_compat-2.23.so
7f32068df000-7f32068e0000 rw-p 00008000 08:01 3932253                    /lib/x86_64-linux-gnu/libnss_compat-2.23.so
7f32068e0000-7f320690b000 r-xp 00000000 08:01 8783907                    /home/elixandrebaldi/jdk1.8.0_111/jre/lib/amd64/libjava.so
7f320690b000-7f3206b0a000 ---p 0002b000 08:01 8783907                    /home/elixandrebaldi/jdk1.8.0_111/jre/lib/amd64/libjava.so
7f3206b0a000-7f3206b0c000 rw-p 0002a000 08:01 8783907                    /home/elixandrebaldi/jdk1.8.0_111/jre/lib/amd64/libjava.so
7f3206b0c000-7f3206b19000 r-xp 00000000 08:01 8783870                    /home/elixandrebaldi/jdk1.8.0_111/jre/lib/amd64/libverify.so
7f3206b19000-7f3206d18000 ---p 0000d000 08:01 8783870                    /home/elixandrebaldi/jdk1.8.0_111/jre/lib/amd64/libverify.so
7f3206d18000-7f3206d1a000 rw-p 0000c000 08:01 8783870                    /home/elixandrebaldi/jdk1.8.0_111/jre/lib/amd64/libverify.so
7f3206d1a000-7f3206d21000 r-xp 00000000 08:01 3932254                    /lib/x86_64-linux-gnu/librt-2.23.so
7f3206d21000-7f3206f20000 ---p 00007000 08:01 3932254                    /lib/x86_64-linux-gnu/librt-2.23.so
7f3206f20000-7f3206f21000 r--p 00006000 08:01 3932254                    /lib/x86_64-linux-gnu/librt-2.23.so
7f3206f21000-7f3206f22000 rw-p 00007000 08:01 3932254                    /lib/x86_64-linux-gnu/librt-2.23.so
7f3206f22000-7f320702a000 r-xp 00000000 08:01 3932245                    /lib/x86_64-linux-gnu/libm-2.23.so
7f320702a000-7f3207229000 ---p 00108000 08:01 3932245                    /lib/x86_64-linux-gnu/libm-2.23.so
7f3207229000-7f320722a000 r--p 00107000 08:01 3932245                    /lib/x86_64-linux-gnu/libm-2.23.so
7f320722a000-7f320722b000 rw-p 00108000 08:01 3932245                    /lib/x86_64-linux-gnu/libm-2.23.so
7f320722b000-7f3207ef8000 r-xp 00000000 08:01 8783785                    /home/elixandrebaldi/jdk1.8.0_111/jre/lib/amd64/server/libjvm.so
7f3207ef8000-7f32080f7000 ---p 00ccd000 08:01 8783785                    /home/elixandrebaldi/jdk1.8.0_111/jre/lib/amd64/server/libjvm.so
7f32080f7000-7f32081d0000 rw-p 00ccc000 08:01 8783785                    /home/elixandrebaldi/jdk1.8.0_111/jre/lib/amd64/server/libjvm.so
7f32081d0000-7f320821b000 rw-p 00000000 00:00 0 
7f320821b000-7f32083da000 r-xp 00000000 08:01 3932247                    /lib/x86_64-linux-gnu/libc-2.23.so
7f32083da000-7f32085da000 ---p 001bf000 08:01 3932247                    /lib/x86_64-linux-gnu/libc-2.23.so
7f32085da000-7f32085de000 r--p 001bf000 08:01 3932247                    /lib/x86_64-linux-gnu/libc-2.23.so
7f32085de000-7f32085e0000 rw-p 001c3000 08:01 3932247                    /lib/x86_64-linux-gnu/libc-2.23.so
7f32085e0000-7f32085e4000 rw-p 00000000 00:00 0 
7f32085e4000-7f32085e7000 r-xp 00000000 08:01 3932243                    /lib/x86_64-linux-gnu/libdl-2.23.so
7f32085e7000-7f32087e6000 ---p 00003000 08:01 3932243                    /lib/x86_64-linux-gnu/libdl-2.23.so
7f32087e6000-7f32087e7000 r--p 00002000 08:01 3932243                    /lib/x86_64-linux-gnu/libdl-2.23.so
7f32087e7000-7f32087e8000 rw-p 00003000 08:01 3932243                    /lib/x86_64-linux-gnu/libdl-2.23.so
7f32087e8000-7f32087fd000 r-xp 00000000 08:01 8783943                    /home/elixandrebaldi/jdk1.8.0_111/lib/amd64/jli/libjli.so
7f32087fd000-7f32089fd000 ---p 00015000 08:01 8783943                    /home/elixandrebaldi/jdk1.8.0_111/lib/amd64/jli/libjli.so
7f32089fd000-7f32089fe000 rw-p 00015000 08:01 8783943                    /home/elixandrebaldi/jdk1.8.0_111/lib/amd64/jli/libjli.so
7f32089fe000-7f3208a16000 r-xp 00000000 08:01 3932258                    /lib/x86_64-linux-gnu/libpthread-2.23.so
7f3208a16000-7f3208c15000 ---p 00018000 08:01 3932258                    /lib/x86_64-linux-gnu/libpthread-2.23.so
7f3208c15000-7f3208c16000 r--p 00017000 08:01 3932258                    /lib/x86_64-linux-gnu/libpthread-2.23.so
7f3208c16000-7f3208c17000 rw-p 00018000 08:01 3932258                    /lib/x86_64-linux-gnu/libpthread-2.23.so
7f3208c17000-7f3208c1b000 rw-p 00000000 00:00 0 
7f3208c1b000-7f3208c41000 r-xp 00000000 08:01 3932248                    /lib/x86_64-linux-gnu/ld-2.23.so
7f3208c52000-7f3208d1e000 rw-p 00000000 00:00 0 
7f3208d1e000-7f3208d21000 ---p 00000000 00:00 0 
7f3208d21000-7f3208e23000 rw-p 00000000 00:00 0 
7f3208e2c000-7f3208e31000 r--s 00096000 08:01 8783911                    /home/elixandrebaldi/jdk1.8.0_111/jre/lib/jsse.jar
7f3208e31000-7f3208e34000 r--s 00f76000 08:01 8524426                    /home/elixandrebaldi/Documentos/VCubeDHT/simgrid.jar
7f3208e34000-7f3208e3c000 rw-s 00000000 08:01 2359392                    /tmp/hsperfdata_elixandrebaldi/9146 (deleted)
7f3208e3c000-7f3208e3d000 rw-p 00000000 00:00 0 
7f3208e3d000-7f3208e3e000 ---p 00000000 00:00 0 
7f3208e3e000-7f3208e40000 rw-p 00000000 00:00 0 
7f3208e40000-7f3208e41000 r--p 00025000 08:01 3932248                    /lib/x86_64-linux-gnu/ld-2.23.so
7f3208e41000-7f3208e42000 rw-p 00026000 08:01 3932248                    /lib/x86_64-linux-gnu/ld-2.23.so
7f3208e42000-7f3208e43000 rw-p 00000000 00:00 0 
7ffe88176000-7ffe88197000 rw-p 00000000 00:00 0                          [stack]
7ffe881bc000-7ffe881be000 r--p 00000000 00:00 0                          [vvar]
7ffe881be000-7ffe881c0000 r-xp 00000000 00:00 0                          [vdso]
ffffffffff600000-ffffffffff601000 r-xp 00000000 00:00 0                  [vsyscall]

VM Arguments:
jvm_args: -Dfile.encoding=UTF-8 -Xmx2048m 
java_command: vcube.VCube platform.xml deployment.xml
java_class_path (initial): /home/elixandrebaldi/Documentos/VCubeDHT/simgrid.jar:/home/elixandrebaldi/Documentos/VCubeDHT/VCube/build/classes
Launcher Type: SUN_STANDARD

Environment Variables:
PATH=/home/elixandrebaldi/bin:/home/elixandrebaldi/.local/bin:/usr/local/sbin:/usr/local/bin:/usr/sbin:/usr/bin:/sbin:/bin:/usr/games:/usr/local/games
LD_LIBRARY_PATH=/home/elixandrebaldi/jdk1.8.0_111/jre/lib/amd64:/home/elixandrebaldi/jdk1.8.0_111/jre/lib/i386:
SHELL=/bin/bash
DISPLAY=:0

Signal Handlers:
SIGSEGV: [libjvm.so+0xac64b0], sa_mask[0]=11111111011111111101111111111110, sa_flags=SA_RESTART|SA_SIGINFO
SIGBUS: [libjvm.so+0xac64b0], sa_mask[0]=11111111011111111101111111111110, sa_flags=SA_RESTART|SA_SIGINFO
SIGFPE: [libjvm.so+0x91f950], sa_mask[0]=11111111011111111101111111111110, sa_flags=SA_RESTART|SA_SIGINFO
SIGPIPE: [libjvm.so+0x91f950], sa_mask[0]=11111111011111111101111111111110, sa_flags=SA_RESTART|SA_SIGINFO
SIGXFSZ: [libjvm.so+0x91f950], sa_mask[0]=11111111011111111101111111111110, sa_flags=SA_RESTART|SA_SIGINFO
SIGILL: [libjvm.so+0x91f950], sa_mask[0]=11111111011111111101111111111110, sa_flags=SA_RESTART|SA_SIGINFO
SIGUSR1: SIG_DFL, sa_mask[0]=00000000000000000000000000000000, sa_flags=none
SIGUSR2: [libjvm.so+0x920f80], sa_mask[0]=00100000000000000000000000000000, sa_flags=SA_RESTART|SA_SIGINFO
SIGHUP: [libjvm.so+0x922380], sa_mask[0]=11111111011111111101111111111110, sa_flags=SA_RESTART|SA_SIGINFO
SIGINT: [libsimgrid.so+0x8ff50], sa_mask[0]=01000000000000000000000000000000, sa_flags=SA_RESTART
SIGTERM: [libjvm.so+0x922380], sa_mask[0]=11111111011111111101111111111110, sa_flags=SA_RESTART|SA_SIGINFO
SIGQUIT: [libjvm.so+0x922380], sa_mask[0]=11111111011111111101111111111110, sa_flags=SA_RESTART|SA_SIGINFO


---------------  S Y S T E M  ---------------

OS:DISTRIB_ID="elementary"
DISTRIB_RELEASE=0.4.1
DISTRIB_CODENAME=loki
DISTRIB_DESCRIPTION="elementary OS 0.4.1 Loki"

uname:Linux 4.4.0-79-generic #100-Ubuntu SMP Wed May 17 19:58:14 UTC 2017 x86_64
libc:glibc 2.23 NPTL 2.23 
rlimit: STACK 8192k, CORE 0k, NPROC 14991, NOFILE 65536, AS infinity
load average:1.40 0.83 0.74

/proc/meminfo:
MemTotal:        3878592 kB
MemFree:          657784 kB
MemAvailable:    1456324 kB
Buffers:          119844 kB
Cached:           962992 kB
SwapCached:          196 kB
Active:          1941888 kB
Inactive:        1034528 kB
Active(anon):    1372960 kB
Inactive(anon):   660084 kB
Active(file):     568928 kB
Inactive(file):   374444 kB
Unevictable:          48 kB
Mlocked:              48 kB
SwapTotal:       4025340 kB
SwapFree:        4022088 kB
Dirty:               200 kB
Writeback:             0 kB
AnonPages:       1893284 kB
Mapped:           243692 kB
Shmem:            139464 kB
Slab:             147340 kB
SReclaimable:     115324 kB
SUnreclaim:        32016 kB
KernelStack:        8448 kB
PageTables:        31552 kB
NFS_Unstable:          0 kB
Bounce:                0 kB
WritebackTmp:          0 kB
CommitLimit:     5964636 kB
Committed_AS:    5086308 kB
VmallocTotal:   34359738367 kB
VmallocUsed:           0 kB
VmallocChunk:          0 kB
HardwareCorrupted:     0 kB
AnonHugePages:   1230848 kB
CmaTotal:              0 kB
CmaFree:               0 kB
HugePages_Total:       0
HugePages_Free:        0
HugePages_Rsvd:        0
HugePages_Surp:        0
Hugepagesize:       2048 kB
DirectMap4k:      144120 kB
DirectMap2M:     3883008 kB


CPU:total 4 (2 cores per cpu, 2 threads per core) family 6 model 58 stepping 9, cmov, cx8, fxsr, mmx, sse, sse2, sse3, ssse3, sse4.1, sse4.2, popcnt, avx, clmul, erms, ht, tsc, tscinvbit, tscinv

/proc/cpuinfo:
processor	: 0
vendor_id	: GenuineIntel
cpu family	: 6
model		: 58
model name	: Intel(R) Core(TM) i7-3517U CPU @ 1.90GHz
stepping	: 9
microcode	: 0x12
cpu MHz		: 2746.125
cache size	: 4096 KB
physical id	: 0
siblings	: 4
core id		: 0
cpu cores	: 2
apicid		: 0
initial apicid	: 0
fpu		: yes
fpu_exception	: yes
cpuid level	: 13
wp		: yes
flags		: fpu vme de pse tsc msr pae mce cx8 apic sep mtrr pge mca cmov pat pse36 clflush dts acpi mmx fxsr sse sse2 ss ht tm pbe syscall nx rdtscp lm constant_tsc arch_perfmon pebs bts rep_good nopl xtopology nonstop_tsc aperfmperf eagerfpu pni pclmulqdq dtes64 monitor ds_cpl vmx est tm2 ssse3 cx16 xtpr pdcm pcid sse4_1 sse4_2 x2apic popcnt tsc_deadline_timer xsave avx f16c rdrand lahf_lm epb tpr_shadow vnmi flexpriority ept vpid fsgsbase smep erms xsaveopt dtherm ida arat pln pts
bugs		:
bogomips	: 4789.43
clflush size	: 64
cache_alignment	: 64
address sizes	: 36 bits physical, 48 bits virtual
power management:

processor	: 1
vendor_id	: GenuineIntel
cpu family	: 6
model		: 58
model name	: Intel(R) Core(TM) i7-3517U CPU @ 1.90GHz
stepping	: 9
microcode	: 0x12
cpu MHz		: 2774.437
cache size	: 4096 KB
physical id	: 0
siblings	: 4
core id		: 0
cpu cores	: 2
apicid		: 1
initial apicid	: 1
fpu		: yes
fpu_exception	: yes
cpuid level	: 13
wp		: yes
flags		: fpu vme de pse tsc msr pae mce cx8 apic sep mtrr pge mca cmov pat pse36 clflush dts acpi mmx fxsr sse sse2 ss ht tm pbe syscall nx rdtscp lm constant_tsc arch_perfmon pebs bts rep_good nopl xtopology nonstop_tsc aperfmperf eagerfpu pni pclmulqdq dtes64 monitor ds_cpl vmx est tm2 ssse3 cx16 xtpr pdcm pcid sse4_1 sse4_2 x2apic popcnt tsc_deadline_timer xsave avx f16c rdrand lahf_lm epb tpr_shadow vnmi flexpriority ept vpid fsgsbase smep erms xsaveopt dtherm ida arat pln pts
bugs		:
bogomips	: 4789.43
clflush size	: 64
cache_alignment	: 64
address sizes	: 36 bits physical, 48 bits virtual
power management:

processor	: 2
vendor_id	: GenuineIntel
cpu family	: 6
model		: 58
model name	: Intel(R) Core(TM) i7-3517U CPU @ 1.90GHz
stepping	: 9
microcode	: 0x12
cpu MHz		: 2489.062
cache size	: 4096 KB
physical id	: 0
siblings	: 4
core id		: 1
cpu cores	: 2
apicid		: 2
initial apicid	: 2
fpu		: yes
fpu_exception	: yes
cpuid level	: 13
wp		: yes
flags		: fpu vme de pse tsc msr pae mce cx8 apic sep mtrr pge mca cmov pat pse36 clflush dts acpi mmx fxsr sse sse2 ss ht tm pbe syscall nx rdtscp lm constant_tsc arch_perfmon pebs bts rep_good nopl xtopology nonstop_tsc aperfmperf eagerfpu pni pclmulqdq dtes64 monitor ds_cpl vmx est tm2 ssse3 cx16 xtpr pdcm pcid sse4_1 sse4_2 x2apic popcnt tsc_deadline_timer xsave avx f16c rdrand lahf_lm epb tpr_shadow vnmi flexpriority ept vpid fsgsbase smep erms xsaveopt dtherm ida arat pln pts
bugs		:
bogomips	: 4789.43
clflush size	: 64
cache_alignment	: 64
address sizes	: 36 bits physical, 48 bits virtual
power management:

processor	: 3
vendor_id	: GenuineIntel
cpu family	: 6
model		: 58
model name	: Intel(R) Core(TM) i7-3517U CPU @ 1.90GHz
stepping	: 9
microcode	: 0x12
cpu MHz		: 1846.687
cache size	: 4096 KB
physical id	: 0
siblings	: 4
core id		: 1
cpu cores	: 2
apicid		: 3
initial apicid	: 3
fpu		: yes
fpu_exception	: yes
cpuid level	: 13
wp		: yes
flags		: fpu vme de pse tsc msr pae mce cx8 apic sep mtrr pge mca cmov pat pse36 clflush dts acpi mmx fxsr sse sse2 ss ht tm pbe syscall nx rdtscp lm constant_tsc arch_perfmon pebs bts rep_good nopl xtopology nonstop_tsc aperfmperf eagerfpu pni pclmulqdq dtes64 monitor ds_cpl vmx est tm2 ssse3 cx16 xtpr pdcm pcid sse4_1 sse4_2 x2apic popcnt tsc_deadline_timer xsave avx f16c rdrand lahf_lm epb tpr_shadow vnmi flexpriority ept vpid fsgsbase smep erms xsaveopt dtherm ida arat pln pts
bugs		:
bogomips	: 4789.43
clflush size	: 64
cache_alignment	: 64
address sizes	: 36 bits physical, 48 bits virtual
power management:



Memory: 4k page, physical 3878592k(657784k free), swap 4025340k(4022088k free)

vm_info: Java HotSpot(TM) 64-Bit Server VM (25.111-b14) for linux-amd64 JRE (1.8.0_111-b14), built on Sep 22 2016 16:14:03 by "java_re" with gcc 4.3.0 20080428 (Red Hat 4.3.0-8)

time: Tue Jun 13 22:28:42 2017
elapsed time: 14 seconds (0d 0h 0m 14s)

