#
# A fatal error has been detected by the Java Runtime Environment:
#
#  SIGSEGV (0xb) at pc=0x00007f598345e263, pid=9220, tid=0x00007f59b9cd3700
#
# JRE version: Java(TM) SE Runtime Environment (8.0_111-b14) (build 1.8.0_111-b14)
# Java VM: Java HotSpot(TM) 64-Bit Server VM (25.111-b14 mixed mode linux-amd64 compressed oops)
# Problematic frame:
# C  [libsimgrid.so+0x190263]  xbt_dynar_member+0x23
#
# Failed to write core dump. Core dumps have been disabled. To enable core dumping, try "ulimit -c unlimited" before starting Java again
#
# If you would like to submit a bug report, please visit:
#   http://bugreport.java.com/bugreport/crash.jsp
#

---------------  T H R E A D  ---------------

Current thread (0x00007f59cc077800):  VMThread [stack: 0x00007f59b9bd3000,0x00007f59b9cd4000] [id=9230]

siginfo: si_signo: 11 (SIGSEGV), si_code: 1 (SEGV_MAPERR), si_addr: 0x0000000000000000

Registers:
RAX=0x0000000000000000, RBX=0x00007f59837ca700, RCX=0x00007f59cc18fb40, RDX=0x00007f59b9cd3a30
RSP=0x00007f59b9cd2910, RBP=0x00007f59cc188cd0, RSI=0x00007f59b9cd2ab8, RDI=0x00007f59b9cd29d0
R8 =0x00007f59cc17fce0, R9 =0x0000000000000000, R10=0x0000000000000c58, R11=0x00007f598345e240
R12=0x00007f59837d5790, R13=0x00007f59cc168d00, R14=0x00000000000003d8, R15=0x00007f59cc026e88
RIP=0x00007f598345e263, EFLAGS=0x0000000000010202, CSGSFS=0x0000000000000033, ERR=0x0000000000000004
  TRAPNO=0x000000000000000e

Top of Stack: (sp=0x00007f59b9cd2910)
0x00007f59b9cd2910:   0000000000000000 0000000000000000
0x00007f59b9cd2920:   00007f59cc17fd80 00007f59b9cd2ab8
0x00007f59b9cd2930:   0000000000000000 0000000000000000
0x00007f59b9cd2940:   0000000000000000 0000000000000000
0x00007f59b9cd2950:   0000000000000000 0000000000000000
0x00007f59b9cd2960:   0000000000000000 0000000000000000
0x00007f59b9cd2970:   0000000000000000 0000000000000000
0x00007f59b9cd2980:   0000ff00000000ff 00000000ff000000
0x00007f59b9cd2990:   0000000000000000 0000000000000000
0x00007f59b9cd29a0:   0000000000000000 0000000000000000
0x00007f59b9cd29b0:   0000000000000000 0000000000000000
0x00007f59b9cd29c0:   0000000042c80000 0000000000000000
0x00007f59b9cd29d0:   0000000000000000 0000000000000000
0x00007f59b9cd29e0:   0000000000000000 0000000000000000
0x00007f59b9cd29f0:   0000000000000000 0000000000000000
0x00007f59b9cd2a00:   0000000000000000 00000000000000ff
0x00007f59b9cd2a10:   0000000000000000 0000000000000000
0x00007f59b9cd2a20:   0000000000000000 0000000000000000
0x00007f59b9cd2a30:   0000000000000000 0000000000000000
0x00007f59b9cd2a40:   00007f59cc18fb40 00007f59cc18fb40
0x00007f59b9cd2a50:   0000000000000001 00007f59b9cd2ab8
0x00007f59b9cd2a60:   00007f59cc17fd80 00007f59cc17fce0
0x00007f59b9cd2a70:   0000000000000000 00007f59837cda98
0x00007f59b9cd2a80:   00007f59cc181f40 0000000000000001
0x00007f59b9cd2a90:   00007f59837ca700 00007f59cc167170
0x00007f59b9cd2aa0:   00007f59837ca700 00007f598347b34f
0x00007f59b9cd2ab0:   0000000000000000 00007f59cc18fb40
0x00007f59b9cd2ac0:   0000000000000000 0000000000000000
0x00007f59b9cd2ad0:   0000000000000000 00007f59837cda98
0x00007f59b9cd2ae0:   00007f59cc181f40 0000000000000001
0x00007f59b9cd2af0:   00007f59cc168d00 00007f598345cd37
0x00007f59b9cd2b00:   00007f59cc168d00 00007f59837cd098 

Instructions: (pc=0x00007f598345e263)
0x00007f598345e243:   ec 90 01 00 00 48 8b 05 01 a2 33 00 48 89 7c 24
0x00007f598345e253:   10 48 89 74 24 18 ff 10 48 8d bc 24 c0 00 00 00
0x00007f598345e263:   48 8b 08 48 89 04 24 48 89 38 48 89 4c 24 08 e8
0x00007f598345e273:   79 31 ed ff 85 c0 74 75 48 8b 14 24 c7 42 08 01 

Register to memory mapping:

RAX=0x0000000000000000 is an unknown value
RBX=0x00007f59837ca700: _simgrid_log_category__simix_process+0 in /tmp/simgrid-java3815605633463225000/libsimgrid.so at 0x00007f59832ce000
RCX=0x00007f59cc18fb40 is an unknown value
RDX=0x00007f59b9cd3a30 is an unknown value
RSP=0x00007f59b9cd2910 is an unknown value
RBP=0x00007f59cc188cd0 is an unknown value
RSI=0x00007f59b9cd2ab8 is an unknown value
RDI=0x00007f59b9cd29d0 is an unknown value
R8 =0x00007f59cc17fce0 is an unknown value
R9 =0x0000000000000000 is an unknown value
R10=0x0000000000000c58 is an unknown value
R11=0x00007f598345e240: xbt_dynar_member+0 in /tmp/simgrid-java3815605633463225000/libsimgrid.so at 0x00007f59832ce000
R12=0x00007f59837d5790: simix_global+0 in /tmp/simgrid-java3815605633463225000/libsimgrid.so at 0x00007f59832ce000
R13=0x00007f59cc168d00 is an unknown value
R14=0x00000000000003d8 is an unknown value
R15=0x00007f59cc026e88 is an unknown value


Stack: [0x00007f59b9bd3000,0x00007f59b9cd4000],  sp=0x00007f59b9cd2910,  free space=1022k
Native frames: (J=compiled Java code, j=interpreted, Vv=VM code, C=native code)
C  [libsimgrid.so+0x190263]  xbt_dynar_member+0x23

VM_Operation (0x00007f59803166d0): Exit, mode: safepoint, requested by thread 0x00007f5998001000


---------------  P R O C E S S  ---------------

Java Threads: ( => current thread )
  0x00007f5998001000 JavaThread "SIGTERM handler" daemon [_thread_blocked, id=9255, stack(0x00007f5980217000,0x00007f5980318000)]
  0x00007f5938001000 JavaThread "Thread-16" [_thread_in_native, id=9253, stack(0x00007f594a7fd000,0x00007f594affe000)]
  0x00007f5928001000 JavaThread "Thread-15" [_thread_in_native, id=9254, stack(0x00007f5949ffc000,0x00007f594a7fd000)]
  0x00007f5930001000 JavaThread "Thread-12" [_thread_in_native, id=9251, stack(0x00007f594b7ff000,0x00007f594c000000)]
  0x00007f5950001000 JavaThread "Thread-13" [_thread_in_native, id=9249, stack(0x00007f596cffa000,0x00007f596d7fb000)]
  0x00007f5940001000 JavaThread "Thread-14" [_thread_in_native, id=9252, stack(0x00007f594affe000,0x00007f594b7ff000)]
  0x00007f5944001000 JavaThread "Thread-11" [_thread_in_native, id=9250, stack(0x00007f596c7f9000,0x00007f596cffa000)]
  0x00007f594c001000 JavaThread "Thread-7" [_thread_in_native, id=9248, stack(0x00007f596d7fb000,0x00007f596dffc000)]
  0x00007f5958001000 JavaThread "Thread-10" [_thread_in_native, id=9247, stack(0x00007f596dffc000,0x00007f596e7fd000)]
  0x00007f5960001000 JavaThread "Thread-6" [_thread_in_native, id=9245, stack(0x00007f596effe000,0x00007f596f7ff000)]
  0x00007f5954001000 JavaThread "Thread-8" [_thread_in_native, id=9246, stack(0x00007f596e7fd000,0x00007f596effe000)]
  0x00007f595c001000 JavaThread "Thread-5" [_thread_in_native, id=9244, stack(0x00007f596f7ff000,0x00007f5970000000)]
  0x00007f5964001000 JavaThread "Thread-9" [_thread_in_native, id=9243, stack(0x00007f5980318000,0x00007f5980b19000)]
  0x00007f5968001000 JavaThread "Thread-3" [_thread_in_native, id=9242, stack(0x00007f5980b19000,0x00007f598131a000)]
  0x00007f5970001000 JavaThread "Thread-4" [_thread_in_native, id=9241, stack(0x00007f598131a000,0x00007f5981b1b000)]
  0x00007f5978001000 JavaThread "Thread-2" [_thread_in_native, id=9240, stack(0x00007f5981b1b000,0x00007f598231c000)]
  0x00007f5974001000 JavaThread "Thread-1" [_thread_blocked, id=9239, stack(0x00007f598231c000,0x00007f5982b1d000)]
  0x00007f59cc0c8000 JavaThread "Service Thread" daemon [_thread_blocked, id=9237, stack(0x00007f59b807a000,0x00007f59b817b000)]
  0x00007f59cc0bd000 JavaThread "C1 CompilerThread2" daemon [_thread_blocked, id=9236, stack(0x00007f59b817b000,0x00007f59b827c000)]
  0x00007f59cc0bb000 JavaThread "C2 CompilerThread1" daemon [_thread_blocked, id=9235, stack(0x00007f59b827c000,0x00007f59b837d000)]
  0x00007f59cc0b8800 JavaThread "C2 CompilerThread0" daemon [_thread_blocked, id=9234, stack(0x00007f59b837d000,0x00007f59b847e000)]
  0x00007f59cc0b7000 JavaThread "Signal Dispatcher" daemon [_thread_blocked, id=9233, stack(0x00007f59b847e000,0x00007f59b857f000)]
  0x00007f59cc084000 JavaThread "Finalizer" daemon [_thread_blocked, id=9232, stack(0x00007f59b99d1000,0x00007f59b9ad2000)]
  0x00007f59cc07f000 JavaThread "Reference Handler" daemon [_thread_blocked, id=9231, stack(0x00007f59b9ad2000,0x00007f59b9bd3000)]
  0x00007f59cc00a000 JavaThread "main" [_thread_in_native, id=9225, stack(0x00007f59d282c000,0x00007f59d292d000)]

Other Threads:
=>0x00007f59cc077800 VMThread [stack: 0x00007f59b9bd3000,0x00007f59b9cd4000] [id=9230]

VM state:at safepoint (shutting down)

VM Mutex/Monitor currently owned by a thread:  ([mutex/lock_event])
[0x00007f59cc0060f0] Threads_lock - owner thread: 0x00007f59cc077800

Heap:
 PSYoungGen      total 33280K, used 15608K [0x00000000d5580000, 0x00000000d9680000, 0x0000000100000000)
  eden space 30720K, 42% used [0x00000000d5580000,0x00000000d62460e0,0x00000000d7380000)
  from space 2560K, 98% used [0x00000000d7380000,0x00000000d75f8020,0x00000000d7600000)
  to   space 2560K, 0% used [0x00000000d9400000,0x00000000d9400000,0x00000000d9680000)
 ParOldGen       total 40960K, used 10692K [0x0000000080000000, 0x0000000082800000, 0x00000000d5580000)
  object space 40960K, 26% used [0x0000000080000000,0x0000000080a71030,0x0000000082800000)
 Metaspace       used 3753K, capacity 4704K, committed 4864K, reserved 1056768K
  class space    used 417K, capacity 464K, committed 512K, reserved 1048576K

Card table byte_map: [0x00007f59bbfed000,0x00007f59bc3ee000] byte_map_base: 0x00007f59bbbed000

Marking Bits: (ParMarkBitMap*) 0x00007f59d1cfc220
 Begin Bits: [0x00007f59a8000000, 0x00007f59aa000000)
 End Bits:   [0x00007f59aa000000, 0x00007f59ac000000)

Polling page: 0x00007f59d294b000

CodeCache: size=245760Kb used=2646Kb max_used=2646Kb free=243113Kb
 bounds [0x00007f59bc7ae000, 0x00007f59bca5e000, 0x00007f59cb7ae000]
 total_blobs=470 nmethods=207 adapters=177
 compilation: enabled

Compilation events (10 events):
Event: 2.224 Thread 0x00007f59cc0bb000 nmethod 202% 0x00007f59bca00110 code [0x00007f59bca00600, 0x00007f59bca04e20]
Event: 2.328 Thread 0x00007f59cc0b8800  204       4       java.lang.String::equals (81 bytes)
Event: 2.331 Thread 0x00007f59cc0b8800 nmethod 204 0x00007f59bc96d350 code [0x00007f59bc96d4a0, 0x00007f59bc96d6f8]
Event: 2.508 Thread 0x00007f59cc0bb000  205 % !   4       vcube.Node::main @ 1771 (1858 bytes)
Event: 3.389 Thread 0x00007f59cc0bb000 nmethod 205% 0x00007f59bca123d0 code [0x00007f59bca12e80, 0x00007f59bca1cc58]
Event: 3.391 Thread 0x00007f59cc0bd000  206 % !   3       vcube.Node::main @ 35 (1858 bytes)
Event: 3.409 Thread 0x00007f59cc0bd000 nmethod 206% 0x00007f59bca217d0 code [0x00007f59bca22b80, 0x00007f59bca31f88]
Event: 3.453 Thread 0x00007f59cc0bd000  207 % !   3       vcube.Node::main @ 59 (1858 bytes)
Event: 3.469 Thread 0x00007f59cc0bd000 nmethod 207% 0x00007f59bca3d990 code [0x00007f59bca3ed40, 0x00007f59bca4e1c8]
Event: 4.881 Thread 0x00007f59cc0b8800  208 % !   4       vcube.Node::main @ 59 (1858 bytes)

GC Heap History (6 events):
Event: 0.635 GC heap before
{Heap before GC invocations=1 (full 0):
 PSYoungGen      total 17920K, used 15360K [0x00000000d5580000, 0x00000000d6980000, 0x0000000100000000)
  eden space 15360K, 100% used [0x00000000d5580000,0x00000000d6480000,0x00000000d6480000)
  from space 2560K, 0% used [0x00000000d6700000,0x00000000d6700000,0x00000000d6980000)
  to   space 2560K, 0% used [0x00000000d6480000,0x00000000d6480000,0x00000000d6700000)
 ParOldGen       total 40960K, used 0K [0x0000000080000000, 0x0000000082800000, 0x00000000d5580000)
  object space 40960K, 0% used [0x0000000080000000,0x0000000080000000,0x0000000082800000)
 Metaspace       used 3728K, capacity 4704K, committed 4864K, reserved 1056768K
  class space    used 414K, capacity 464K, committed 512K, reserved 1048576K
Event: 0.644 GC heap after
Heap after GC invocations=1 (full 0):
 PSYoungGen      total 17920K, used 2544K [0x00000000d5580000, 0x00000000d7880000, 0x0000000100000000)
  eden space 15360K, 0% used [0x00000000d5580000,0x00000000d5580000,0x00000000d6480000)
  from space 2560K, 99% used [0x00000000d6480000,0x00000000d66fc010,0x00000000d6700000)
  to   space 2560K, 0% used [0x00000000d7600000,0x00000000d7600000,0x00000000d7880000)
 ParOldGen       total 40960K, used 352K [0x0000000080000000, 0x0000000082800000, 0x00000000d5580000)
  object space 40960K, 0% used [0x0000000080000000,0x0000000080058020,0x0000000082800000)
 Metaspace       used 3728K, capacity 4704K, committed 4864K, reserved 1056768K
  class space    used 414K, capacity 464K, committed 512K, reserved 1048576K
}
Event: 1.611 GC heap before
{Heap before GC invocations=2 (full 0):
 PSYoungGen      total 17920K, used 17904K [0x00000000d5580000, 0x00000000d7880000, 0x0000000100000000)
  eden space 15360K, 100% used [0x00000000d5580000,0x00000000d6480000,0x00000000d6480000)
  from space 2560K, 99% used [0x00000000d6480000,0x00000000d66fc010,0x00000000d6700000)
  to   space 2560K, 0% used [0x00000000d7600000,0x00000000d7600000,0x00000000d7880000)
 ParOldGen       total 40960K, used 352K [0x0000000080000000, 0x0000000082800000, 0x00000000d5580000)
  object space 40960K, 0% used [0x0000000080000000,0x0000000080058020,0x0000000082800000)
 Metaspace       used 3738K, capacity 4704K, committed 4864K, reserved 1056768K
  class space    used 414K, capacity 464K, committed 512K, reserved 1048576K
Event: 1.624 GC heap after
Heap after GC invocations=2 (full 0):
 PSYoungGen      total 33280K, used 2560K [0x00000000d5580000, 0x00000000d7880000, 0x0000000100000000)
  eden space 30720K, 0% used [0x00000000d5580000,0x00000000d5580000,0x00000000d7380000)
  from space 2560K, 100% used [0x00000000d7600000,0x00000000d7880000,0x00000000d7880000)
  to   space 2560K, 0% used [0x00000000d7380000,0x00000000d7380000,0x00000000d7600000)
 ParOldGen       total 40960K, used 3208K [0x0000000080000000, 0x0000000082800000, 0x00000000d5580000)
  object space 40960K, 7% used [0x0000000080000000,0x0000000080322020,0x0000000082800000)
 Metaspace       used 3738K, capacity 4704K, committed 4864K, reserved 1056768K
  class space    used 414K, capacity 464K, committed 512K, reserved 1048576K
}
Event: 5.571 GC heap before
{Heap before GC invocations=3 (full 0):
 PSYoungGen      total 33280K, used 33280K [0x00000000d5580000, 0x00000000d7880000, 0x0000000100000000)
  eden space 30720K, 100% used [0x00000000d5580000,0x00000000d7380000,0x00000000d7380000)
  from space 2560K, 100% used [0x00000000d7600000,0x00000000d7880000,0x00000000d7880000)
  to   space 2560K, 0% used [0x00000000d7380000,0x00000000d7380000,0x00000000d7600000)
 ParOldGen       total 40960K, used 3208K [0x0000000080000000, 0x0000000082800000, 0x00000000d5580000)
  object space 40960K, 7% used [0x0000000080000000,0x0000000080322020,0x0000000082800000)
 Metaspace       used 3738K, capacity 4704K, committed 4864K, reserved 1056768K
  class space    used 414K, capacity 464K, committed 512K, reserved 1048576K
Event: 5.602 GC heap after
Heap after GC invocations=3 (full 0):
 PSYoungGen      total 33280K, used 2528K [0x00000000d5580000, 0x00000000d9680000, 0x0000000100000000)
  eden space 30720K, 0% used [0x00000000d5580000,0x00000000d5580000,0x00000000d7380000)
  from space 2560K, 98% used [0x00000000d7380000,0x00000000d75f8020,0x00000000d7600000)
  to   space 2560K, 0% used [0x00000000d9400000,0x00000000d9400000,0x00000000d9680000)
 ParOldGen       total 40960K, used 10692K [0x0000000080000000, 0x0000000082800000, 0x00000000d5580000)
  object space 40960K, 26% used [0x0000000080000000,0x0000000080a71030,0x0000000082800000)
 Metaspace       used 3738K, capacity 4704K, committed 4864K, reserved 1056768K
  class space    used 414K, capacity 464K, committed 512K, reserved 1048576K
}

Deoptimization events (10 events):
Event: 1.041 Thread 0x00007f5960001000 Uncommon trap: reason=array_check action=maybe_recompile pc=0x00007f59bc9aaa28 method=java.util.AbstractCollection.toArray([Ljava/lang/Object;)[Ljava/lang/Object; @ 119
Event: 2.746 Thread 0x00007f5968001000 Uncommon trap: reason=unstable_if action=reinterpret pc=0x00007f59bc9f49ac method=vcube.Node.main([Ljava/lang/String;)V @ 412
Event: 3.254 Thread 0x00007f5964001000 Uncommon trap: reason=unstable_if action=reinterpret pc=0x00007f59bc9fcdb4 method=vcube.Node.main([Ljava/lang/String;)V @ 412
Event: 3.289 Thread 0x00007f595c001000 Uncommon trap: reason=unstable_if action=reinterpret pc=0x00007f59bc9fcdb4 method=vcube.Node.main([Ljava/lang/String;)V @ 412
Event: 3.336 Thread 0x00007f5960001000 Uncommon trap: reason=unstable_if action=reinterpret pc=0x00007f59bc9f49ac method=vcube.Node.main([Ljava/lang/String;)V @ 412
Event: 3.376 Thread 0x00007f5954001000 Uncommon trap: reason=unstable_if action=reinterpret pc=0x00007f59bc9f49ac method=vcube.Node.main([Ljava/lang/String;)V @ 412
Event: 5.043 Thread 0x00007f5958001000 Uncommon trap: reason=unstable_if action=reinterpret pc=0x00007f59bca049d0 method=vcube.Node.main([Ljava/lang/String;)V @ 412
Event: 5.462 Thread 0x00007f5944001000 Uncommon trap: reason=unstable_if action=reinterpret pc=0x00007f59bc9f49ac method=vcube.Node.main([Ljava/lang/String;)V @ 412
Event: 5.525 Thread 0x00007f5940001000 Uncommon trap: reason=unstable_if action=reinterpret pc=0x00007f59bc9f49ac method=vcube.Node.main([Ljava/lang/String;)V @ 412
Event: 5.611 Thread 0x00007f5928001000 Uncommon trap: reason=unstable_if action=reinterpret pc=0x00007f59bc9f49ac method=vcube.Node.main([Ljava/lang/String;)V @ 412

Internal exceptions (10 events):
Event: 2.059 Thread 0x00007f5964001000 Exception <a 'java/lang/ArrayIndexOutOfBoundsException'> (0x00000000d5a75f70) thrown at [/HUDSON3/workspace/8-2-build-linux-amd64/jdk8u111/7883/hotspot/src/share/vm/runtime/sharedRuntime.cpp, line 605]
Event: 2.059 Thread 0x00007f595c001000 Exception <a 'java/lang/ArrayIndexOutOfBoundsException'> (0x00000000d5aab8d0) thrown at [/HUDSON3/workspace/8-2-build-linux-amd64/jdk8u111/7883/hotspot/src/share/vm/runtime/sharedRuntime.cpp, line 605]
Event: 2.059 Thread 0x00007f5968001000 Exception <a 'java/lang/ArrayIndexOutOfBoundsException'> (0x00000000d5b18cd8) thrown at [/HUDSON3/workspace/8-2-build-linux-amd64/jdk8u111/7883/hotspot/src/share/vm/runtime/sharedRuntime.cpp, line 605]
Event: 2.059 Thread 0x00007f5978001000 Exception <a 'java/lang/ArrayIndexOutOfBoundsException'> (0x00000000d5b4ee60) thrown at [/HUDSON3/workspace/8-2-build-linux-amd64/jdk8u111/7883/hotspot/src/share/vm/runtime/sharedRuntime.cpp, line 605]
Event: 2.059 Thread 0x00007f5958001000 Exception <a 'java/lang/ArrayIndexOutOfBoundsException'> (0x00000000d592f120) thrown at [/HUDSON3/workspace/8-2-build-linux-amd64/jdk8u111/7883/hotspot/src/share/vm/runtime/sharedRuntime.cpp, line 605]
Event: 2.059 Thread 0x00007f5950001000 Exception <a 'java/lang/ArrayIndexOutOfBoundsException'> (0x00000000d5a40320) thrown at [/HUDSON3/workspace/8-2-build-linux-amd64/jdk8u111/7883/hotspot/src/share/vm/runtime/sharedRuntime.cpp, line 605]
Event: 2.059 Thread 0x00007f5930001000 Exception <a 'java/lang/ArrayIndexOutOfBoundsException'> (0x00000000d5a09698) thrown at [/HUDSON3/workspace/8-2-build-linux-amd64/jdk8u111/7883/hotspot/src/share/vm/runtime/sharedRuntime.cpp, line 605]
Event: 2.059 Thread 0x00007f5954001000 Exception <a 'java/lang/ArrayIndexOutOfBoundsException'> (0x00000000d59d32e0) thrown at [/HUDSON3/workspace/8-2-build-linux-amd64/jdk8u111/7883/hotspot/src/share/vm/runtime/sharedRuntime.cpp, line 605]
Event: 2.059 Thread 0x00007f594c001000 Exception <a 'java/lang/ArrayIndexOutOfBoundsException'> (0x00000000d58f8ff8) thrown at [/HUDSON3/workspace/8-2-build-linux-amd64/jdk8u111/7883/hotspot/src/share/vm/runtime/sharedRuntime.cpp, line 605]
Event: 2.059 Thread 0x00007f5938001000 Exception <a 'java/lang/ArrayIndexOutOfBoundsException'> (0x00000000d5965a70) thrown at [/HUDSON3/workspace/8-2-build-linux-amd64/jdk8u111/7883/hotspot/src/share/vm/runtime/sharedRuntime.cpp, line 605]

Events (10 events):
Event: 7.525 Thread 0x00007f5998001000 Thread added: 0x00007f5998001000
Event: 7.525 loading class java/util/IdentityHashMap$KeySet
Event: 7.525 loading class java/util/IdentityHashMap$KeySet done
Event: 7.525 loading class java/util/IdentityHashMap$KeyIterator
Event: 7.525 loading class java/util/IdentityHashMap$IdentityHashMapIterator
Event: 7.526 loading class java/util/IdentityHashMap$IdentityHashMapIterator done
Event: 7.526 loading class java/util/IdentityHashMap$KeyIterator done
Event: 7.526 Thread 0x00007f592c001000 Thread added: 0x00007f592c001000
Event: 7.527 Thread 0x00007f592c001000 Thread exited: 0x00007f592c001000
Event: 7.527 Executing VM operation: Exit


Dynamic libraries:
00400000-00401000 r-xp 00000000 08:01 8784123                            /home/elixandrebaldi/jdk1.8.0_111/bin/java
00600000-00601000 rw-p 00000000 08:01 8784123                            /home/elixandrebaldi/jdk1.8.0_111/bin/java
014c4000-014e5000 rw-p 00000000 00:00 0                                  [heap]
80000000-82800000 rw-p 00000000 00:00 0 
82800000-d5580000 ---p 00000000 00:00 0 
d5580000-d9680000 rw-p 00000000 00:00 0 
d9680000-100000000 ---p 00000000 00:00 0 
100000000-100080000 rw-p 00000000 00:00 0 
100080000-140000000 ---p 00000000 00:00 0 
7f5928000000-7f592863a000 rw-p 00000000 00:00 0 
7f592863a000-7f592c000000 ---p 00000000 00:00 0 
7f592c000000-7f592c021000 rw-p 00000000 00:00 0 
7f592c021000-7f5930000000 ---p 00000000 00:00 0 
7f5930000000-7f593062e000 rw-p 00000000 00:00 0 
7f593062e000-7f5934000000 ---p 00000000 00:00 0 
7f5938000000-7f593862a000 rw-p 00000000 00:00 0 
7f593862a000-7f593c000000 ---p 00000000 00:00 0 
7f5940000000-7f5940637000 rw-p 00000000 00:00 0 
7f5940637000-7f5944000000 ---p 00000000 00:00 0 
7f5944000000-7f5944633000 rw-p 00000000 00:00 0 
7f5944633000-7f5948000000 ---p 00000000 00:00 0 
7f5949ffc000-7f5949fff000 ---p 00000000 00:00 0 
7f5949fff000-7f594a7fd000 rw-p 00000000 00:00 0 
7f594a7fd000-7f594a800000 ---p 00000000 00:00 0 
7f594a800000-7f594affe000 rw-p 00000000 00:00 0 
7f594affe000-7f594b001000 ---p 00000000 00:00 0 
7f594b001000-7f594b7ff000 rw-p 00000000 00:00 0 
7f594b7ff000-7f594b802000 ---p 00000000 00:00 0 
7f594b802000-7f594c000000 rw-p 00000000 00:00 0 
7f594c000000-7f594c62e000 rw-p 00000000 00:00 0 
7f594c62e000-7f5950000000 ---p 00000000 00:00 0 
7f5950000000-7f595063c000 rw-p 00000000 00:00 0 
7f595063c000-7f5954000000 ---p 00000000 00:00 0 
7f5954000000-7f595462b000 rw-p 00000000 00:00 0 
7f595462b000-7f5958000000 ---p 00000000 00:00 0 
7f5958000000-7f5958633000 rw-p 00000000 00:00 0 
7f5958633000-7f595c000000 ---p 00000000 00:00 0 
7f595c000000-7f595c631000 rw-p 00000000 00:00 0 
7f595c631000-7f5960000000 ---p 00000000 00:00 0 
7f5960000000-7f596062a000 rw-p 00000000 00:00 0 
7f596062a000-7f5964000000 ---p 00000000 00:00 0 
7f5964000000-7f596462e000 rw-p 00000000 00:00 0 
7f596462e000-7f5968000000 ---p 00000000 00:00 0 
7f5968000000-7f596862c000 rw-p 00000000 00:00 0 
7f596862c000-7f596c000000 ---p 00000000 00:00 0 
7f596c7f9000-7f596c7fc000 ---p 00000000 00:00 0 
7f596c7fc000-7f596cffa000 rw-p 00000000 00:00 0 
7f596cffa000-7f596cffd000 ---p 00000000 00:00 0 
7f596cffd000-7f596d7fb000 rw-p 00000000 00:00 0 
7f596d7fb000-7f596d7fe000 ---p 00000000 00:00 0 
7f596d7fe000-7f596dffc000 rw-p 00000000 00:00 0 
7f596dffc000-7f596dfff000 ---p 00000000 00:00 0 
7f596dfff000-7f596e7fd000 rw-p 00000000 00:00 0 
7f596e7fd000-7f596e800000 ---p 00000000 00:00 0 
7f596e800000-7f596effe000 rw-p 00000000 00:00 0 
7f596effe000-7f596f001000 ---p 00000000 00:00 0 
7f596f001000-7f596f7ff000 rw-p 00000000 00:00 0 
7f596f7ff000-7f596f802000 ---p 00000000 00:00 0 
7f596f802000-7f5970000000 rw-p 00000000 00:00 0 
7f5970000000-7f597062f000 rw-p 00000000 00:00 0 
7f597062f000-7f5974000000 ---p 00000000 00:00 0 
7f5974000000-7f5974639000 rw-p 00000000 00:00 0 
7f5974639000-7f5978000000 ---p 00000000 00:00 0 
7f5978000000-7f5978631000 rw-p 00000000 00:00 0 
7f5978631000-7f597c000000 ---p 00000000 00:00 0 
7f597c000000-7f597c021000 rw-p 00000000 00:00 0 
7f597c021000-7f5980000000 ---p 00000000 00:00 0 
7f5980116000-7f5980119000 ---p 00000000 00:00 0 
7f5980119000-7f5980217000 rw-p 00000000 00:00 0 
7f5980217000-7f598021a000 ---p 00000000 00:00 0 
7f598021a000-7f5980318000 rw-p 00000000 00:00 0 
7f5980318000-7f598031b000 ---p 00000000 00:00 0 
7f598031b000-7f5980b19000 rw-p 00000000 00:00 0 
7f5980b19000-7f5980b1c000 ---p 00000000 00:00 0 
7f5980b1c000-7f598131a000 rw-p 00000000 00:00 0 
7f598131a000-7f598131d000 ---p 00000000 00:00 0 
7f598131d000-7f5981b1b000 rw-p 00000000 00:00 0 
7f5981b1b000-7f5981b1e000 ---p 00000000 00:00 0 
7f5981b1e000-7f598231c000 rw-p 00000000 00:00 0 
7f598231c000-7f598231f000 ---p 00000000 00:00 0 
7f598231f000-7f5982b1d000 rw-p 00000000 00:00 0 
7f5982b1d000-7f5982b35000 r-xp 00000000 08:01 2359590                    /tmp/simgrid-java3815605633463225000/libsimgrid-java.so (deleted)
7f5982b35000-7f5982d35000 ---p 00018000 08:01 2359590                    /tmp/simgrid-java3815605633463225000/libsimgrid-java.so (deleted)
7f5982d35000-7f5982d36000 rw-p 00018000 08:01 2359590                    /tmp/simgrid-java3815605633463225000/libsimgrid-java.so (deleted)
7f5982d36000-7f5982d4c000 r-xp 00000000 08:01 3936627                    /lib/x86_64-linux-gnu/libgcc_s.so.1
7f5982d4c000-7f5982f4b000 ---p 00016000 08:01 3936627                    /lib/x86_64-linux-gnu/libgcc_s.so.1
7f5982f4b000-7f5982f4c000 rw-p 00015000 08:01 3936627                    /lib/x86_64-linux-gnu/libgcc_s.so.1
7f5982f4c000-7f59830be000 r-xp 00000000 08:01 23332798                   /usr/lib/x86_64-linux-gnu/libstdc++.so.6.0.21
7f59830be000-7f59832be000 ---p 00172000 08:01 23332798                   /usr/lib/x86_64-linux-gnu/libstdc++.so.6.0.21
7f59832be000-7f59832c8000 r--p 00172000 08:01 23332798                   /usr/lib/x86_64-linux-gnu/libstdc++.so.6.0.21
7f59832c8000-7f59832ca000 rw-p 0017c000 08:01 23332798                   /usr/lib/x86_64-linux-gnu/libstdc++.so.6.0.21
7f59832ca000-7f59832ce000 rw-p 00000000 00:00 0 
7f59832ce000-7f5983593000 r-xp 00000000 08:01 2359589                    /tmp/simgrid-java3815605633463225000/libsimgrid.so (deleted)
7f5983593000-7f5983793000 ---p 002c5000 08:01 2359589                    /tmp/simgrid-java3815605633463225000/libsimgrid.so (deleted)
7f5983793000-7f59837ce000 rw-p 002c5000 08:01 2359589                    /tmp/simgrid-java3815605633463225000/libsimgrid.so (deleted)
7f59837ce000-7f5983ad7000 rw-p 00000000 00:00 0 
7f5983ad7000-7f5983aed000 r-xp 00000000 08:01 8783936                    /home/elixandrebaldi/jdk1.8.0_111/jre/lib/amd64/libnet.so
7f5983aed000-7f5983ced000 ---p 00016000 08:01 8783936                    /home/elixandrebaldi/jdk1.8.0_111/jre/lib/amd64/libnet.so
7f5983ced000-7f5983cee000 rw-p 00016000 08:01 8783936                    /home/elixandrebaldi/jdk1.8.0_111/jre/lib/amd64/libnet.so
7f5983cee000-7f5983cff000 r-xp 00000000 08:01 8783935                    /home/elixandrebaldi/jdk1.8.0_111/jre/lib/amd64/libnio.so
7f5983cff000-7f5983efe000 ---p 00011000 08:01 8783935                    /home/elixandrebaldi/jdk1.8.0_111/jre/lib/amd64/libnio.so
7f5983efe000-7f5983eff000 rw-p 00010000 08:01 8783935                    /home/elixandrebaldi/jdk1.8.0_111/jre/lib/amd64/libnio.so
7f5983eff000-7f5983f00000 ---p 00000000 00:00 0 
7f5983f00000-7f5984000000 rw-p 00000000 00:00 0 
7f5984000000-7f598441d000 rw-p 00000000 00:00 0 
7f598441d000-7f5988000000 ---p 00000000 00:00 0 
7f5988000000-7f5988021000 rw-p 00000000 00:00 0 
7f5988021000-7f598c000000 ---p 00000000 00:00 0 
7f598c000000-7f598c85d000 rw-p 00000000 00:00 0 
7f598c85d000-7f5990000000 ---p 00000000 00:00 0 
7f5990000000-7f59914bd000 rw-p 00000000 00:00 0 
7f59914bd000-7f5994000000 ---p 00000000 00:00 0 
7f5994000000-7f5994021000 rw-p 00000000 00:00 0 
7f5994021000-7f5998000000 ---p 00000000 00:00 0 
7f5998000000-7f5998021000 rw-p 00000000 00:00 0 
7f5998021000-7f599c000000 ---p 00000000 00:00 0 
7f599c000000-7f599c021000 rw-p 00000000 00:00 0 
7f599c021000-7f59a0000000 ---p 00000000 00:00 0 
7f59a0000000-7f59a0021000 rw-p 00000000 00:00 0 
7f59a0021000-7f59a4000000 ---p 00000000 00:00 0 
7f59a4000000-7f59a4021000 rw-p 00000000 00:00 0 
7f59a4021000-7f59a8000000 ---p 00000000 00:00 0 
7f59a8000000-7f59ac000000 rw-p 00000000 00:00 0 
7f59ac000000-7f59ac021000 rw-p 00000000 00:00 0 
7f59ac021000-7f59b0000000 ---p 00000000 00:00 0 
7f59b0000000-7f59b0021000 rw-p 00000000 00:00 0 
7f59b0021000-7f59b4000000 ---p 00000000 00:00 0 
7f59b4000000-7f59b4021000 rw-p 00000000 00:00 0 
7f59b4021000-7f59b8000000 ---p 00000000 00:00 0 
7f59b807a000-7f59b807d000 ---p 00000000 00:00 0 
7f59b807d000-7f59b817b000 rw-p 00000000 00:00 0 
7f59b817b000-7f59b817e000 ---p 00000000 00:00 0 
7f59b817e000-7f59b827c000 rw-p 00000000 00:00 0 
7f59b827c000-7f59b827f000 ---p 00000000 00:00 0 
7f59b827f000-7f59b837d000 rw-p 00000000 00:00 0 
7f59b837d000-7f59b8380000 ---p 00000000 00:00 0 
7f59b8380000-7f59b847e000 rw-p 00000000 00:00 0 
7f59b847e000-7f59b8481000 ---p 00000000 00:00 0 
7f59b8481000-7f59b857f000 rw-p 00000000 00:00 0 
7f59b857f000-7f59b99d1000 r--p 00000000 08:01 23331759                   /usr/lib/locale/locale-archive
7f59b99d1000-7f59b99d4000 ---p 00000000 00:00 0 
7f59b99d4000-7f59b9ad2000 rw-p 00000000 00:00 0 
7f59b9ad2000-7f59b9ad5000 ---p 00000000 00:00 0 
7f59b9ad5000-7f59b9bd3000 rw-p 00000000 00:00 0 
7f59b9bd3000-7f59b9bd4000 ---p 00000000 00:00 0 
7f59b9bd4000-7f59bac67000 rw-p 00000000 00:00 0 
7f59bac67000-7f59bae3f000 r--s 03d2a000 08:01 8784070                    /home/elixandrebaldi/jdk1.8.0_111/jre/lib/rt.jar
7f59bae3f000-7f59bb27f000 rw-p 00000000 00:00 0 
7f59bb27f000-7f59bb63f000 ---p 00000000 00:00 0 
7f59bb63f000-7f59bba3f000 rw-p 00000000 00:00 0 
7f59bba3f000-7f59bba40000 ---p 00000000 00:00 0 
7f59bba40000-7f59bbb40000 rw-p 00000000 00:00 0 
7f59bbb40000-7f59bbb41000 ---p 00000000 00:00 0 
7f59bbb41000-7f59bbc41000 rw-p 00000000 00:00 0 
7f59bbc41000-7f59bbc42000 ---p 00000000 00:00 0 
7f59bbc42000-7f59bbd56000 rw-p 00000000 00:00 0 
7f59bbd56000-7f59bbfed000 ---p 00000000 00:00 0 
7f59bbfed000-7f59bc001000 rw-p 00000000 00:00 0 
7f59bc001000-7f59bc297000 ---p 00000000 00:00 0 
7f59bc297000-7f59bc2b9000 rw-p 00000000 00:00 0 
7f59bc2b9000-7f59bc3ed000 ---p 00000000 00:00 0 
7f59bc3ed000-7f59bc3f9000 rw-p 00000000 00:00 0 
7f59bc3f9000-7f59bc7ae000 ---p 00000000 00:00 0 
7f59bc7ae000-7f59bca5e000 rwxp 00000000 00:00 0 
7f59bca5e000-7f59cb7ae000 ---p 00000000 00:00 0 
7f59cb7ae000-7f59cb7c8000 r-xp 00000000 08:01 8783934                    /home/elixandrebaldi/jdk1.8.0_111/jre/lib/amd64/libzip.so
7f59cb7c8000-7f59cb9c8000 ---p 0001a000 08:01 8783934                    /home/elixandrebaldi/jdk1.8.0_111/jre/lib/amd64/libzip.so
7f59cb9c8000-7f59cb9c9000 rw-p 0001a000 08:01 8783934                    /home/elixandrebaldi/jdk1.8.0_111/jre/lib/amd64/libzip.so
7f59cb9c9000-7f59cb9d4000 r-xp 00000000 08:01 3932251                    /lib/x86_64-linux-gnu/libnss_files-2.23.so
7f59cb9d4000-7f59cbbd3000 ---p 0000b000 08:01 3932251                    /lib/x86_64-linux-gnu/libnss_files-2.23.so
7f59cbbd3000-7f59cbbd4000 r--p 0000a000 08:01 3932251                    /lib/x86_64-linux-gnu/libnss_files-2.23.so
7f59cbbd4000-7f59cbbd5000 rw-p 0000b000 08:01 3932251                    /lib/x86_64-linux-gnu/libnss_files-2.23.so
7f59cbbd5000-7f59cbbdb000 rw-p 00000000 00:00 0 
7f59cbbdb000-7f59cbbe6000 r-xp 00000000 08:01 3932244                    /lib/x86_64-linux-gnu/libnss_nis-2.23.so
7f59cbbe6000-7f59cbde5000 ---p 0000b000 08:01 3932244                    /lib/x86_64-linux-gnu/libnss_nis-2.23.so
7f59cbde5000-7f59cbde6000 r--p 0000a000 08:01 3932244                    /lib/x86_64-linux-gnu/libnss_nis-2.23.so
7f59cbde6000-7f59cbde7000 rw-p 0000b000 08:01 3932244                    /lib/x86_64-linux-gnu/libnss_nis-2.23.so
7f59cbde7000-7f59cbdfd000 r-xp 00000000 08:01 3932246                    /lib/x86_64-linux-gnu/libnsl-2.23.so
7f59cbdfd000-7f59cbffc000 ---p 00016000 08:01 3932246                    /lib/x86_64-linux-gnu/libnsl-2.23.so
7f59cbffc000-7f59cbffd000 r--p 00015000 08:01 3932246                    /lib/x86_64-linux-gnu/libnsl-2.23.so
7f59cbffd000-7f59cbffe000 rw-p 00016000 08:01 3932246                    /lib/x86_64-linux-gnu/libnsl-2.23.so
7f59cbffe000-7f59cc000000 rw-p 00000000 00:00 0 
7f59cc000000-7f59cd7ba000 rw-p 00000000 00:00 0 
7f59cd7ba000-7f59d0000000 ---p 00000000 00:00 0 
7f59d001f000-7f59d00e4000 rw-p 00000000 00:00 0 
7f59d00e4000-7f59d00e5000 ---p 00000000 00:00 0 
7f59d00e5000-7f59d01e5000 rw-p 00000000 00:00 0 
7f59d01e5000-7f59d01ed000 r-xp 00000000 08:01 3932253                    /lib/x86_64-linux-gnu/libnss_compat-2.23.so
7f59d01ed000-7f59d03ec000 ---p 00008000 08:01 3932253                    /lib/x86_64-linux-gnu/libnss_compat-2.23.so
7f59d03ec000-7f59d03ed000 r--p 00007000 08:01 3932253                    /lib/x86_64-linux-gnu/libnss_compat-2.23.so
7f59d03ed000-7f59d03ee000 rw-p 00008000 08:01 3932253                    /lib/x86_64-linux-gnu/libnss_compat-2.23.so
7f59d03ee000-7f59d0419000 r-xp 00000000 08:01 8783907                    /home/elixandrebaldi/jdk1.8.0_111/jre/lib/amd64/libjava.so
7f59d0419000-7f59d0618000 ---p 0002b000 08:01 8783907                    /home/elixandrebaldi/jdk1.8.0_111/jre/lib/amd64/libjava.so
7f59d0618000-7f59d061a000 rw-p 0002a000 08:01 8783907                    /home/elixandrebaldi/jdk1.8.0_111/jre/lib/amd64/libjava.so
7f59d061a000-7f59d0627000 r-xp 00000000 08:01 8783870                    /home/elixandrebaldi/jdk1.8.0_111/jre/lib/amd64/libverify.so
7f59d0627000-7f59d0826000 ---p 0000d000 08:01 8783870                    /home/elixandrebaldi/jdk1.8.0_111/jre/lib/amd64/libverify.so
7f59d0826000-7f59d0828000 rw-p 0000c000 08:01 8783870                    /home/elixandrebaldi/jdk1.8.0_111/jre/lib/amd64/libverify.so
7f59d0828000-7f59d082f000 r-xp 00000000 08:01 3932254                    /lib/x86_64-linux-gnu/librt-2.23.so
7f59d082f000-7f59d0a2e000 ---p 00007000 08:01 3932254                    /lib/x86_64-linux-gnu/librt-2.23.so
7f59d0a2e000-7f59d0a2f000 r--p 00006000 08:01 3932254                    /lib/x86_64-linux-gnu/librt-2.23.so
7f59d0a2f000-7f59d0a30000 rw-p 00007000 08:01 3932254                    /lib/x86_64-linux-gnu/librt-2.23.so
7f59d0a30000-7f59d0b38000 r-xp 00000000 08:01 3932245                    /lib/x86_64-linux-gnu/libm-2.23.so
7f59d0b38000-7f59d0d37000 ---p 00108000 08:01 3932245                    /lib/x86_64-linux-gnu/libm-2.23.so
7f59d0d37000-7f59d0d38000 r--p 00107000 08:01 3932245                    /lib/x86_64-linux-gnu/libm-2.23.so
7f59d0d38000-7f59d0d39000 rw-p 00108000 08:01 3932245                    /lib/x86_64-linux-gnu/libm-2.23.so
7f59d0d39000-7f59d1a06000 r-xp 00000000 08:01 8783785                    /home/elixandrebaldi/jdk1.8.0_111/jre/lib/amd64/server/libjvm.so
7f59d1a06000-7f59d1c05000 ---p 00ccd000 08:01 8783785                    /home/elixandrebaldi/jdk1.8.0_111/jre/lib/amd64/server/libjvm.so
7f59d1c05000-7f59d1cde000 rw-p 00ccc000 08:01 8783785                    /home/elixandrebaldi/jdk1.8.0_111/jre/lib/amd64/server/libjvm.so
7f59d1cde000-7f59d1d29000 rw-p 00000000 00:00 0 
7f59d1d29000-7f59d1ee8000 r-xp 00000000 08:01 3932247                    /lib/x86_64-linux-gnu/libc-2.23.so
7f59d1ee8000-7f59d20e8000 ---p 001bf000 08:01 3932247                    /lib/x86_64-linux-gnu/libc-2.23.so
7f59d20e8000-7f59d20ec000 r--p 001bf000 08:01 3932247                    /lib/x86_64-linux-gnu/libc-2.23.so
7f59d20ec000-7f59d20ee000 rw-p 001c3000 08:01 3932247                    /lib/x86_64-linux-gnu/libc-2.23.so
7f59d20ee000-7f59d20f2000 rw-p 00000000 00:00 0 
7f59d20f2000-7f59d20f5000 r-xp 00000000 08:01 3932243                    /lib/x86_64-linux-gnu/libdl-2.23.so
7f59d20f5000-7f59d22f4000 ---p 00003000 08:01 3932243                    /lib/x86_64-linux-gnu/libdl-2.23.so
7f59d22f4000-7f59d22f5000 r--p 00002000 08:01 3932243                    /lib/x86_64-linux-gnu/libdl-2.23.so
7f59d22f5000-7f59d22f6000 rw-p 00003000 08:01 3932243                    /lib/x86_64-linux-gnu/libdl-2.23.so
7f59d22f6000-7f59d230b000 r-xp 00000000 08:01 8783943                    /home/elixandrebaldi/jdk1.8.0_111/lib/amd64/jli/libjli.so
7f59d230b000-7f59d250b000 ---p 00015000 08:01 8783943                    /home/elixandrebaldi/jdk1.8.0_111/lib/amd64/jli/libjli.so
7f59d250b000-7f59d250c000 rw-p 00015000 08:01 8783943                    /home/elixandrebaldi/jdk1.8.0_111/lib/amd64/jli/libjli.so
7f59d250c000-7f59d2524000 r-xp 00000000 08:01 3932258                    /lib/x86_64-linux-gnu/libpthread-2.23.so
7f59d2524000-7f59d2723000 ---p 00018000 08:01 3932258                    /lib/x86_64-linux-gnu/libpthread-2.23.so
7f59d2723000-7f59d2724000 r--p 00017000 08:01 3932258                    /lib/x86_64-linux-gnu/libpthread-2.23.so
7f59d2724000-7f59d2725000 rw-p 00018000 08:01 3932258                    /lib/x86_64-linux-gnu/libpthread-2.23.so
7f59d2725000-7f59d2729000 rw-p 00000000 00:00 0 
7f59d2729000-7f59d274f000 r-xp 00000000 08:01 3932248                    /lib/x86_64-linux-gnu/ld-2.23.so
7f59d2760000-7f59d282c000 rw-p 00000000 00:00 0 
7f59d282c000-7f59d282f000 ---p 00000000 00:00 0 
7f59d282f000-7f59d2931000 rw-p 00000000 00:00 0 
7f59d293a000-7f59d293f000 r--s 00096000 08:01 8783911                    /home/elixandrebaldi/jdk1.8.0_111/jre/lib/jsse.jar
7f59d293f000-7f59d2942000 r--s 00f76000 08:01 8524426                    /home/elixandrebaldi/Documentos/VCubeDHT/simgrid.jar
7f59d2942000-7f59d294a000 rw-s 00000000 08:01 2359392                    /tmp/hsperfdata_elixandrebaldi/9220 (deleted)
7f59d294a000-7f59d294b000 rw-p 00000000 00:00 0 
7f59d294b000-7f59d294c000 ---p 00000000 00:00 0 
7f59d294c000-7f59d294e000 rw-p 00000000 00:00 0 
7f59d294e000-7f59d294f000 r--p 00025000 08:01 3932248                    /lib/x86_64-linux-gnu/ld-2.23.so
7f59d294f000-7f59d2950000 rw-p 00026000 08:01 3932248                    /lib/x86_64-linux-gnu/ld-2.23.so
7f59d2950000-7f59d2951000 rw-p 00000000 00:00 0 
7ffd1ec2e000-7ffd1ec4f000 rw-p 00000000 00:00 0                          [stack]
7ffd1ec7d000-7ffd1ec7f000 r--p 00000000 00:00 0                          [vvar]
7ffd1ec7f000-7ffd1ec81000 r-xp 00000000 00:00 0                          [vdso]
ffffffffff600000-ffffffffff601000 r-xp 00000000 00:00 0                  [vsyscall]

VM Arguments:
jvm_args: -Dfile.encoding=UTF-8 -Xmx2048m 
java_command: vcube.VCube platform.xml deployment.xml
java_class_path (initial): /home/elixandrebaldi/Documentos/VCubeDHT/simgrid.jar:/home/elixandrebaldi/Documentos/VCubeDHT/VCube/build/classes
Launcher Type: SUN_STANDARD

Environment Variables:
PATH=/home/elixandrebaldi/bin:/home/elixandrebaldi/.local/bin:/usr/local/sbin:/usr/local/bin:/usr/sbin:/usr/bin:/sbin:/bin:/usr/games:/usr/local/games
LD_LIBRARY_PATH=/home/elixandrebaldi/jdk1.8.0_111/jre/lib/amd64:/home/elixandrebaldi/jdk1.8.0_111/jre/lib/i386:
SHELL=/bin/bash
DISPLAY=:0

Signal Handlers:
SIGSEGV: [libjvm.so+0xac64b0], sa_mask[0]=11111111011111111101111111111110, sa_flags=SA_RESTART|SA_SIGINFO
SIGBUS: [libjvm.so+0xac64b0], sa_mask[0]=11111111011111111101111111111110, sa_flags=SA_RESTART|SA_SIGINFO
SIGFPE: [libjvm.so+0x91f950], sa_mask[0]=11111111011111111101111111111110, sa_flags=SA_RESTART|SA_SIGINFO
SIGPIPE: [libjvm.so+0x91f950], sa_mask[0]=11111111011111111101111111111110, sa_flags=SA_RESTART|SA_SIGINFO
SIGXFSZ: [libjvm.so+0x91f950], sa_mask[0]=11111111011111111101111111111110, sa_flags=SA_RESTART|SA_SIGINFO
SIGILL: [libjvm.so+0x91f950], sa_mask[0]=11111111011111111101111111111110, sa_flags=SA_RESTART|SA_SIGINFO
SIGUSR1: SIG_DFL, sa_mask[0]=00000000000000000000000000000000, sa_flags=none
SIGUSR2: [libjvm.so+0x920f80], sa_mask[0]=00100000000000000000000000000000, sa_flags=SA_RESTART|SA_SIGINFO
SIGHUP: [libjvm.so+0x922380], sa_mask[0]=11111111011111111101111111111110, sa_flags=SA_RESTART|SA_SIGINFO
SIGINT: [libsimgrid.so+0x8ff50], sa_mask[0]=01000000000000000000000000000000, sa_flags=SA_RESTART
SIGTERM: [libjvm.so+0x922380], sa_mask[0]=11111111011111111101111111111110, sa_flags=SA_RESTART|SA_SIGINFO
SIGQUIT: [libjvm.so+0x922380], sa_mask[0]=11111111011111111101111111111110, sa_flags=SA_RESTART|SA_SIGINFO


---------------  S Y S T E M  ---------------

OS:DISTRIB_ID="elementary"
DISTRIB_RELEASE=0.4.1
DISTRIB_CODENAME=loki
DISTRIB_DESCRIPTION="elementary OS 0.4.1 Loki"

uname:Linux 4.4.0-79-generic #100-Ubuntu SMP Wed May 17 19:58:14 UTC 2017 x86_64
libc:glibc 2.23 NPTL 2.23 
rlimit: STACK 8192k, CORE 0k, NPROC 14991, NOFILE 65536, AS infinity
load average:0.49 0.64 0.68

/proc/meminfo:
MemTotal:        3878592 kB
MemFree:          665420 kB
MemAvailable:    1467944 kB
Buffers:          122764 kB
Cached:           963976 kB
SwapCached:          196 kB
Active:          1937280 kB
Inactive:        1031632 kB
Active(anon):    1364892 kB
Inactive(anon):   656720 kB
Active(file):     572388 kB
Inactive(file):   374912 kB
Unevictable:          48 kB
Mlocked:              48 kB
SwapTotal:       4025340 kB
SwapFree:        4022088 kB
Dirty:             12620 kB
Writeback:             0 kB
AnonPages:       1882100 kB
Mapped:           243060 kB
Shmem:            139440 kB
Slab:             147616 kB
SReclaimable:     115436 kB
SUnreclaim:        32180 kB
KernelStack:        8528 kB
PageTables:        31600 kB
NFS_Unstable:          0 kB
Bounce:                0 kB
WritebackTmp:          0 kB
CommitLimit:     5964636 kB
Committed_AS:    5126980 kB
VmallocTotal:   34359738367 kB
VmallocUsed:           0 kB
VmallocChunk:          0 kB
HardwareCorrupted:     0 kB
AnonHugePages:   1275904 kB
CmaTotal:              0 kB
CmaFree:               0 kB
HugePages_Total:       0
HugePages_Free:        0
HugePages_Rsvd:        0
HugePages_Surp:        0
Hugepagesize:       2048 kB
DirectMap4k:      144120 kB
DirectMap2M:     3883008 kB


CPU:total 4 (2 cores per cpu, 2 threads per core) family 6 model 58 stepping 9, cmov, cx8, fxsr, mmx, sse, sse2, sse3, ssse3, sse4.1, sse4.2, popcnt, avx, clmul, erms, ht, tsc, tscinvbit, tscinv

/proc/cpuinfo:
processor	: 0
vendor_id	: GenuineIntel
cpu family	: 6
model		: 58
model name	: Intel(R) Core(TM) i7-3517U CPU @ 1.90GHz
stepping	: 9
microcode	: 0x12
cpu MHz		: 1199.718
cache size	: 4096 KB
physical id	: 0
siblings	: 4
core id		: 0
cpu cores	: 2
apicid		: 0
initial apicid	: 0
fpu		: yes
fpu_exception	: yes
cpuid level	: 13
wp		: yes
flags		: fpu vme de pse tsc msr pae mce cx8 apic sep mtrr pge mca cmov pat pse36 clflush dts acpi mmx fxsr sse sse2 ss ht tm pbe syscall nx rdtscp lm constant_tsc arch_perfmon pebs bts rep_good nopl xtopology nonstop_tsc aperfmperf eagerfpu pni pclmulqdq dtes64 monitor ds_cpl vmx est tm2 ssse3 cx16 xtpr pdcm pcid sse4_1 sse4_2 x2apic popcnt tsc_deadline_timer xsave avx f16c rdrand lahf_lm epb tpr_shadow vnmi flexpriority ept vpid fsgsbase smep erms xsaveopt dtherm ida arat pln pts
bugs		:
bogomips	: 4789.43
clflush size	: 64
cache_alignment	: 64
address sizes	: 36 bits physical, 48 bits virtual
power management:

processor	: 1
vendor_id	: GenuineIntel
cpu family	: 6
model		: 58
model name	: Intel(R) Core(TM) i7-3517U CPU @ 1.90GHz
stepping	: 9
microcode	: 0x12
cpu MHz		: 1199.156
cache size	: 4096 KB
physical id	: 0
siblings	: 4
core id		: 0
cpu cores	: 2
apicid		: 1
initial apicid	: 1
fpu		: yes
fpu_exception	: yes
cpuid level	: 13
wp		: yes
flags		: fpu vme de pse tsc msr pae mce cx8 apic sep mtrr pge mca cmov pat pse36 clflush dts acpi mmx fxsr sse sse2 ss ht tm pbe syscall nx rdtscp lm constant_tsc arch_perfmon pebs bts rep_good nopl xtopology nonstop_tsc aperfmperf eagerfpu pni pclmulqdq dtes64 monitor ds_cpl vmx est tm2 ssse3 cx16 xtpr pdcm pcid sse4_1 sse4_2 x2apic popcnt tsc_deadline_timer xsave avx f16c rdrand lahf_lm epb tpr_shadow vnmi flexpriority ept vpid fsgsbase smep erms xsaveopt dtherm ida arat pln pts
bugs		:
bogomips	: 4789.43
clflush size	: 64
cache_alignment	: 64
address sizes	: 36 bits physical, 48 bits virtual
power management:

processor	: 2
vendor_id	: GenuineIntel
cpu family	: 6
model		: 58
model name	: Intel(R) Core(TM) i7-3517U CPU @ 1.90GHz
stepping	: 9
microcode	: 0x12
cpu MHz		: 927.468
cache size	: 4096 KB
physical id	: 0
siblings	: 4
core id		: 1
cpu cores	: 2
apicid		: 2
initial apicid	: 2
fpu		: yes
fpu_exception	: yes
cpuid level	: 13
wp		: yes
flags		: fpu vme de pse tsc msr pae mce cx8 apic sep mtrr pge mca cmov pat pse36 clflush dts acpi mmx fxsr sse sse2 ss ht tm pbe syscall nx rdtscp lm constant_tsc arch_perfmon pebs bts rep_good nopl xtopology nonstop_tsc aperfmperf eagerfpu pni pclmulqdq dtes64 monitor ds_cpl vmx est tm2 ssse3 cx16 xtpr pdcm pcid sse4_1 sse4_2 x2apic popcnt tsc_deadline_timer xsave avx f16c rdrand lahf_lm epb tpr_shadow vnmi flexpriority ept vpid fsgsbase smep erms xsaveopt dtherm ida arat pln pts
bugs		:
bogomips	: 4789.43
clflush size	: 64
cache_alignment	: 64
address sizes	: 36 bits physical, 48 bits virtual
power management:

processor	: 3
vendor_id	: GenuineIntel
cpu family	: 6
model		: 58
model name	: Intel(R) Core(TM) i7-3517U CPU @ 1.90GHz
stepping	: 9
microcode	: 0x12
cpu MHz		: 1186.687
cache size	: 4096 KB
physical id	: 0
siblings	: 4
core id		: 1
cpu cores	: 2
apicid		: 3
initial apicid	: 3
fpu		: yes
fpu_exception	: yes
cpuid level	: 13
wp		: yes
flags		: fpu vme de pse tsc msr pae mce cx8 apic sep mtrr pge mca cmov pat pse36 clflush dts acpi mmx fxsr sse sse2 ss ht tm pbe syscall nx rdtscp lm constant_tsc arch_perfmon pebs bts rep_good nopl xtopology nonstop_tsc aperfmperf eagerfpu pni pclmulqdq dtes64 monitor ds_cpl vmx est tm2 ssse3 cx16 xtpr pdcm pcid sse4_1 sse4_2 x2apic popcnt tsc_deadline_timer xsave avx f16c rdrand lahf_lm epb tpr_shadow vnmi flexpriority ept vpid fsgsbase smep erms xsaveopt dtherm ida arat pln pts
bugs		:
bogomips	: 4789.43
clflush size	: 64
cache_alignment	: 64
address sizes	: 36 bits physical, 48 bits virtual
power management:



Memory: 4k page, physical 3878592k(665420k free), swap 4025340k(4022088k free)

vm_info: Java HotSpot(TM) 64-Bit Server VM (25.111-b14) for linux-amd64 JRE (1.8.0_111-b14), built on Sep 22 2016 16:14:03 by "java_re" with gcc 4.3.0 20080428 (Red Hat 4.3.0-8)

time: Tue Jun 13 22:31:10 2017
elapsed time: 7 seconds (0d 0h 0m 7s)

