#
# A fatal error has been detected by the Java Runtime Environment:
#
#  SIGSEGV (0xb) at pc=0x00007f8167b7c646, pid=6570, tid=140193861736192
#
# JRE version: Java(TM) SE Runtime Environment (7.0_80-b15) (build 1.7.0_80-b15)
# Java VM: Java HotSpot(TM) 64-Bit Server VM (24.80-b11 mixed mode linux-amd64 compressed oops)
# Problematic frame:
# C  [libsimgrid.so+0x84646]  MSG_task_destroy+0x16
#
# Failed to write core dump. Core dumps have been disabled. To enable core dumping, try "ulimit -c unlimited" before starting Java again
#
# If you would like to submit a bug report, please visit:
#   http://bugreport.java.com/bugreport/crash.jsp
# The crash happened outside the Java Virtual Machine in native code.
# See problematic frame for where to report the bug.
#

---------------  T H R E A D  ---------------

Current thread (0x00007f8178070800):  JavaThread "Finalizer" daemon [_thread_in_native, id=6581, stack(0x00007f816d441000,0x00007f816d542000)]

siginfo:si_signo=SIGSEGV: si_errno=0, si_code=1 (SEGV_MAPERR), si_addr=0x0000000000000058

Registers:
RAX=0x0000000000000000, RBX=0x00007f8110032f50, RCX=0x00007f816d5406c0, RDX=0x0000000000000042
RSP=0x00007f816d5405e0, RBP=0x00007f816d5406a0, RSI=0x00007f816d5406c0, RDI=0x00007f8110032f50
R8 =0x00007f8110033470, R9 =0x00000000ed3b9750, R10=0x0000000000000006, R11=0x00007f817e59fde8
R12=0x0000000000000000, R13=0x00000000bfdbdef8, R14=0x00007f816d5406c0, R15=0x00007f8178070800
RIP=0x00007f8167b7c646, EFLAGS=0x0000000000010206, CSGSFS=0x0000000000000033, ERR=0x0000000000000004
  TRAPNO=0x000000000000000e

Top of Stack: (sp=0x00007f816d5405e0)
0x00007f816d5405e0:   0000000000000000 00000000bfdcca88
0x00007f816d5405f0:   01007f816d540610 00007f817df10aac
0x00007f816d540600:   0000000000000001 00007f8178071078
0x00007f816d540610:   00007f816d540680 00007f817df10eb5
0x00007f816d540620:   00007f816d540640 00007f8167351de7
0x00007f816d540630:   0000000000000000 00000000bfdbdef8
0x00007f816d540640:   00007f816d5406a0 00007f8175012d98
0x00007f816d540650:   00007f816d5406c8 00000000bfdcca00
0x00007f816d540660:   00007f816d540660 0000000000000000
0x00007f816d540670:   00007f816d5406c0 00000000bfdbf8d0
0x00007f816d540680:   0000000000000000 00000000bfdbdef8
0x00007f816d540690:   0000000000000000 00007f816d5406c0
0x00007f816d5406a0:   00007f816d540708 00007f8175006058
0x00007f816d5406b0:   0000000000000000 00007f817500ecd8
0x00007f816d5406c0:   00000000ed3b9750 00007f816d5406c8
0x00007f816d5406d0:   00000000bfdbde11 00007f816d540720
0x00007f816d5406e0:   00000000bfdbf8d0 0000000000000000
0x00007f816d5406f0:   00000000bfdbde38 00007f816d5406c0
0x00007f816d540700:   00007f816d540720 00007f816d540768
0x00007f816d540710:   00007f8175006058 0000000000000000
0x00007f816d540720:   00000000ed3b9750 00007f816d540728
0x00007f816d540730:   00000000bfbb67b9 00007f816d540780
0x00007f816d540740:   00000000bfbb6b28 0000000000000000
0x00007f816d540750:   00000000bfbb67c8 00007f816d540720
0x00007f816d540760:   00007f816d540778 00007f816d5407d8
0x00007f816d540770:   00007f8175006706 00000000ed3b9750
0x00007f816d540780:   00000000ed323290 0000000000000009
0x00007f816d540790:   0000000000000000 00007f816d540788
0x00007f816d5407a0:   00000000bfa30ca6 00007f816d540800
0x00007f816d5407b0:   00000000bfaab5a8 0000000000000000
0x00007f816d5407c0:   00000000bfa30ce8 00007f816d540778
0x00007f816d5407d0:   00007f816d5407f8 00007f816d540848 

Instructions: (pc=0x00007f8167b7c646)
0x00007f8167b7c626:   ff 66 0f 1f 84 00 00 00 00 00 55 53 48 83 ec 58
0x00007f8167b7c636:   48 85 ff 0f 84 01 01 00 00 48 8b 47 08 48 89 fb
0x00007f8167b7c646:   48 83 78 58 00 74 05 e8 4e 04 fe ff 48 8b 2d 5f
0x00007f8167b7c656:   43 44 00 8b 55 28 85 d2 0f 84 bc 00 00 00 83 7d 

Register to memory mapping:

RAX=0x0000000000000000 is an unknown value
RBX=0x00007f8110032f50 is an unknown value
RCX=0x00007f816d5406c0 is pointing into the stack for thread: 0x00007f8178070800
RDX=0x0000000000000042 is an unknown value
RSP=0x00007f816d5405e0 is pointing into the stack for thread: 0x00007f8178070800
RBP=0x00007f816d5406a0 is pointing into the stack for thread: 0x00007f8178070800
RSI=0x00007f816d5406c0 is pointing into the stack for thread: 0x00007f8178070800
RDI=0x00007f8110032f50 is an unknown value
R8 =0x00007f8110033470 is an unknown value
R9 =0x00000000ed3b9750 is an oop
vcube.VCubeTask 
 - klass: 'vcube/VCubeTask'
R10=0x0000000000000006 is an unknown value
R11=0x00007f817e59fde8: <offset 0xe4fde8> in /home/elixandre/jdk1.7.0_80/jre/lib/amd64/server/libjvm.so at 0x00007f817d750000
R12=0x0000000000000000 is an unknown value
R13=0x00000000bfdbdef8 is an oop
{method} 
 - klass: {other class}
R14=0x00007f816d5406c0 is pointing into the stack for thread: 0x00007f8178070800
R15=0x00007f8178070800 is a thread


Stack: [0x00007f816d441000,0x00007f816d542000],  sp=0x00007f816d5405e0,  free space=1021k
Native frames: (J=compiled Java code, j=interpreted, Vv=VM code, C=native code)
C  [libsimgrid.so+0x84646]  MSG_task_destroy+0x16
j  org.simgrid.msg.Task.finalize()V+1
j  java.lang.System$2.invokeFinalize(Ljava/lang/Object;)V+1
j  java.lang.ref.Finalizer.runFinalizer(Lsun/misc/JavaLangAccess;)V+46
j  java.lang.ref.Finalizer.access$100(Ljava/lang/ref/Finalizer;Lsun/misc/JavaLangAccess;)V+2
j  java.lang.ref.Finalizer$FinalizerThread.run()V+45
v  ~StubRoutines::call_stub
V  [libjvm.so+0x6020a5]  JavaCalls::call_helper(JavaValue*, methodHandle*, JavaCallArguments*, Thread*)+0x365
V  [libjvm.so+0x600b08]  JavaCalls::call(JavaValue*, methodHandle, JavaCallArguments*, Thread*)+0x28
V  [libjvm.so+0x600dd7]  JavaCalls::call_virtual(JavaValue*, KlassHandle, Symbol*, Symbol*, JavaCallArguments*, Thread*)+0x197
V  [libjvm.so+0x600ef7]  JavaCalls::call_virtual(JavaValue*, Handle, KlassHandle, Symbol*, Symbol*, Thread*)+0x47
V  [libjvm.so+0x67f8d5]  thread_entry(JavaThread*, Thread*)+0xe5
V  [libjvm.so+0x95bfff]  JavaThread::thread_main_inner()+0xdf
V  [libjvm.so+0x95c105]  JavaThread::run()+0xf5
V  [libjvm.so+0x8238c8]  java_start(Thread*)+0x108

Java frames: (J=compiled Java code, j=interpreted, Vv=VM code)
j  org.simgrid.msg.Task.nativeFinalize()V+0
j  org.simgrid.msg.Task.finalize()V+1
j  java.lang.System$2.invokeFinalize(Ljava/lang/Object;)V+1
j  java.lang.ref.Finalizer.runFinalizer(Lsun/misc/JavaLangAccess;)V+46
j  java.lang.ref.Finalizer.access$100(Ljava/lang/ref/Finalizer;Lsun/misc/JavaLangAccess;)V+2
j  java.lang.ref.Finalizer$FinalizerThread.run()V+45
v  ~StubRoutines::call_stub

---------------  P R O C E S S  ---------------

Java Threads: ( => current thread )
  0x00007f80e8001000 JavaThread "Thread-15" [_thread_in_native, id=6601, stack(0x00007f8136ffe000,0x00007f81377ff000)]
  0x00007f80f4001000 JavaThread "Thread-14" [_thread_in_native, id=6600, stack(0x00007f81377ff000,0x00007f8138000000)]
  0x00007f80f0001000 JavaThread "Thread-13" [_thread_in_native, id=6599, stack(0x00007f814c7f9000,0x00007f814cffa000)]
  0x00007f80fc001000 JavaThread "Thread-12" [_thread_in_native, id=6598, stack(0x00007f814cffa000,0x00007f814d7fb000)]
  0x00007f80f8001000 JavaThread "Thread-11" [_thread_in_native, id=6597, stack(0x00007f814d7fb000,0x00007f814dffc000)]
  0x00007f8104001000 JavaThread "Thread-10" [_thread_in_native, id=6596, stack(0x00007f814dffc000,0x00007f814e7fd000)]
  0x00007f8100001000 JavaThread "Thread-8" [_thread_in_native, id=6595, stack(0x00007f814e7fd000,0x00007f814effe000)]
  0x00007f812c001000 JavaThread "Thread-6" [_thread_in_native, id=6593, stack(0x00007f814f7ff000,0x00007f8150000000)]
  0x00007f810c001000 JavaThread "Thread-9" [_thread_in_native, id=6594, stack(0x00007f814effe000,0x00007f814f7ff000)]
  0x00007f8118001000 JavaThread "Thread-3" [_thread_in_native, id=6590, stack(0x00007f8165342000,0x00007f8165b43000)]
  0x00007f8120001000 JavaThread "Thread-7" [_thread_in_native, id=6589, stack(0x00007f8165b43000,0x00007f8166344000)]
  0x00007f8110001000 JavaThread "Thread-5" [_thread_in_native, id=6591, stack(0x00007f8164b41000,0x00007f8165342000)]
  0x00007f8108001000 JavaThread "Thread-4" [_thread_in_native, id=6592, stack(0x00007f8164340000,0x00007f8164b41000)]
  0x00007f8128001000 JavaThread "Thread-2" [_thread_in_native, id=6588, stack(0x00007f8166344000,0x00007f8166b45000)]
  0x00007f8130001000 JavaThread "Thread-1" [_thread_in_native, id=6587, stack(0x00007f8166b45000,0x00007f8167346000)]
  0x00007f8178099000 JavaThread "Service Thread" daemon [_thread_blocked, id=6585, stack(0x00007f816c95a000,0x00007f816ca5b000)]
  0x00007f8178096800 JavaThread "C2 CompilerThread1" daemon [_thread_blocked, id=6584, stack(0x00007f816ca5b000,0x00007f816cb5c000)]
  0x00007f8178093800 JavaThread "C2 CompilerThread0" daemon [_thread_blocked, id=6583, stack(0x00007f816cb5c000,0x00007f816cc5d000)]
  0x00007f8178091800 JavaThread "Signal Dispatcher" daemon [_thread_blocked, id=6582, stack(0x00007f816cc5d000,0x00007f816cd5e000)]
=>0x00007f8178070800 JavaThread "Finalizer" daemon [_thread_in_native, id=6581, stack(0x00007f816d441000,0x00007f816d542000)]
  0x00007f817806e000 JavaThread "Reference Handler" daemon [_thread_blocked, id=6580, stack(0x00007f816d542000,0x00007f816d643000)]
  0x00007f8178009800 JavaThread "main" [_thread_in_native, id=6574, stack(0x00007f817f0ce000,0x00007f817f1cf000)]

Other Threads:
  0x00007f817806a000 VMThread [stack: 0x00007f816d643000,0x00007f816d744000] [id=6579]
  0x00007f81780a4000 WatcherThread [stack: 0x00007f816c859000,0x00007f816c95a000] [id=6586]

VM state:not at safepoint (normal execution)

VM Mutex/Monitor currently owned by a thread: None

Heap
 PSYoungGen      total 17920K, used 4266K [0x00000000ec400000, 0x00000000ed800000, 0x0000000100000000)
  eden space 15360K, 16% used [0x00000000ec400000,0x00000000ec68abb0,0x00000000ed300000)
  from space 2560K, 65% used [0x00000000ed300000,0x00000000ed4a0020,0x00000000ed580000)
  to   space 2560K, 0% used [0x00000000ed580000,0x00000000ed580000,0x00000000ed800000)
 ParOldGen       total 40448K, used 8K [0x00000000c4c00000, 0x00000000c7380000, 0x00000000ec400000)
  object space 40448K, 0% used [0x00000000c4c00000,0x00000000c4c02000,0x00000000c7380000)
 PSPermGen       total 21504K, used 3892K [0x00000000bfa00000, 0x00000000c0f00000, 0x00000000c4c00000)
  object space 21504K, 18% used [0x00000000bfa00000,0x00000000bfdcd100,0x00000000c0f00000)

Card table byte_map: [0x00007f817c1b0000,0x00007f817c3b4000] byte_map_base: 0x00007f817bbb3000

Polling page: 0x00007f817f1eb000

Code Cache  [0x00007f8175000000, 0x00007f8175270000, 0x00007f8178000000)
 total_blobs=249 nmethods=40 adapters=163 free_code_cache=48695Kb largest_free_block=49844288

Compilation events (10 events):
Event: 1.816 Thread 0x00007f8178093800   36             java.lang.Integer::parseInt (261 bytes)
Event: 1.820 Thread 0x00007f8178093800 nmethod 36 0x00007f817506dcd0 code [0x00007f817506de60, 0x00007f817506e1b8]
Event: 1.839 Thread 0x00007f8178096800   37             java.util.regex.Pattern::compile (406 bytes)
Event: 1.844 Thread 0x00007f8178093800   38             vcube.VCubeTask::getEmissor (5 bytes)
Event: 1.845 Thread 0x00007f8178093800 nmethod 38 0x00007f8175071e10 code [0x00007f8175071f40, 0x00007f8175071f98]
Event: 1.854 Thread 0x00007f8178093800   39             java.util.regex.Pattern::newSlice (181 bytes)
Event: 1.860 Thread 0x00007f8178093800 nmethod 39 0x00007f817506d750 code [0x00007f817506d8a0, 0x00007f817506db58]
Event: 1.880 Thread 0x00007f8178096800 nmethod 37 0x00007f81750753d0 code [0x00007f81750755c0, 0x00007f81750767a8]
Event: 2.055 Thread 0x00007f8178093800   40             java.lang.CharacterDataLatin1::getProperties (11 bytes)
Event: 2.056 Thread 0x00007f8178093800 nmethod 40 0x00007f8175073a10 code [0x00007f8175073b40, 0x00007f8175073bb8]

GC Heap History (2 events):
Event: 2.208 GC heap before
{Heap before GC invocations=1 (full 0):
 PSYoungGen      total 17920K, used 15360K [0x00000000ec400000, 0x00000000ed800000, 0x0000000100000000)
  eden space 15360K, 100% used [0x00000000ec400000,0x00000000ed300000,0x00000000ed300000)
  from space 2560K, 0% used [0x00000000ed580000,0x00000000ed580000,0x00000000ed800000)
  to   space 2560K, 0% used [0x00000000ed300000,0x00000000ed300000,0x00000000ed580000)
 ParOldGen       total 40448K, used 0K [0x00000000c4c00000, 0x00000000c7380000, 0x00000000ec400000)
  object space 40448K, 0% used [0x00000000c4c00000,0x00000000c4c00000,0x00000000c7380000)
 PSPermGen       total 21504K, used 3890K [0x00000000bfa00000, 0x00000000c0f00000, 0x00000000c4c00000)
  object space 21504K, 18% used [0x00000000bfa00000,0x00000000bfdcca00,0x00000000c0f00000)
Event: 2.215 GC heap after
Heap after GC invocations=1 (full 0):
 PSYoungGen      total 17920K, used 1664K [0x00000000ec400000, 0x00000000ed800000, 0x0000000100000000)
  eden space 15360K, 0% used [0x00000000ec400000,0x00000000ec400000,0x00000000ed300000)
  from space 2560K, 65% used [0x00000000ed300000,0x00000000ed4a0020,0x00000000ed580000)
  to   space 2560K, 0% used [0x00000000ed580000,0x00000000ed580000,0x00000000ed800000)
 ParOldGen       total 40448K, used 8K [0x00000000c4c00000, 0x00000000c7380000, 0x00000000ec400000)
  object space 40448K, 0% used [0x00000000c4c00000,0x00000000c4c02000,0x00000000c7380000)
 PSPermGen       total 21504K, used 3890K [0x00000000bfa00000, 0x00000000c0f00000, 0x00000000c4c00000)
  object space 21504K, 18% used [0x00000000bfa00000,0x00000000bfdcca00,0x00000000c0f00000)
}

Deoptimization events (0 events):
No events

Internal exceptions (10 events):
Event: 2.201 Thread 0x00007f80e8001000 Threw 0x00000000ecfcfd70 at /HUDSON/workspace/7u-2-build-linux-amd64/jdk7u80/2329/hotspot/src/share/vm/prims/jni.cpp:743
Event: 2.201 Thread 0x00007f80fc001000 Threw 0x00000000ecdc64e0 at /HUDSON/workspace/7u-2-build-linux-amd64/jdk7u80/2329/hotspot/src/share/vm/prims/jni.cpp:743
Event: 2.202 Thread 0x00007f80f0001000 Threw 0x00000000ecef3f30 at /HUDSON/workspace/7u-2-build-linux-amd64/jdk7u80/2329/hotspot/src/share/vm/prims/jni.cpp:743
Event: 2.202 Thread 0x00007f8100001000 Threw 0x00000000ecc560c8 at /HUDSON/workspace/7u-2-build-linux-amd64/jdk7u80/2329/hotspot/src/share/vm/prims/jni.cpp:743
Event: 2.202 Thread 0x00007f8118001000 Threw 0x00000000ed27c668 at /HUDSON/workspace/7u-2-build-linux-amd64/jdk7u80/2329/hotspot/src/share/vm/prims/jni.cpp:743
Event: 2.204 Thread 0x00007f8130001000 Threw 0x00000000ed1cc538 at /HUDSON/workspace/7u-2-build-linux-amd64/jdk7u80/2329/hotspot/src/share/vm/prims/jni.cpp:743
Event: 2.205 Thread 0x00007f8104001000 Threw 0x00000000ecc9dc10 at /HUDSON/workspace/7u-2-build-linux-amd64/jdk7u80/2329/hotspot/src/share/vm/prims/jni.cpp:743
Event: 2.206 Thread 0x00007f80f4001000 Threw 0x00000000ecf88650 at /HUDSON/workspace/7u-2-build-linux-amd64/jdk7u80/2329/hotspot/src/share/vm/prims/jni.cpp:743
Event: 2.207 Thread 0x00007f812c001000 Threw 0x00000000ed238e50 at /HUDSON/workspace/7u-2-build-linux-amd64/jdk7u80/2329/hotspot/src/share/vm/prims/jni.cpp:743
Event: 2.207 Thread 0x00007f8108001000 Threw 0x00000000ed2c8530 at /HUDSON/workspace/7u-2-build-linux-amd64/jdk7u80/2329/hotspot/src/share/vm/prims/jni.cpp:743

Events (10 events):
Event: 0.217 loading class 0x00007f81749c5c90 done
Event: 0.217 loading class 0x00007f8140048470 done
Event: 0.241 Thread 0x00007f8104001000 Thread added: 0x00007f8104001000
Event: 0.309 Thread 0x00007f80f8001000 Thread added: 0x00007f80f8001000
Event: 0.356 Thread 0x00007f80fc001000 Thread added: 0x00007f80fc001000
Event: 0.393 Thread 0x00007f80f0001000 Thread added: 0x00007f80f0001000
Event: 0.415 Thread 0x00007f80f4001000 Thread added: 0x00007f80f4001000
Event: 0.458 Thread 0x00007f80e8001000 Thread added: 0x00007f80e8001000
Event: 2.208 Executing VM operation: ParallelGCFailedAllocation
Event: 2.215 Executing VM operation: ParallelGCFailedAllocation done


Dynamic libraries:
00400000-00401000 r-xp 00000000 08:07 663942                             /home/elixandre/jdk1.7.0_80/bin/java
00600000-00601000 rw-p 00000000 08:07 663942                             /home/elixandre/jdk1.7.0_80/bin/java
00645000-00666000 rw-p 00000000 00:00 0                                  [heap]
bfa00000-c0f00000 rw-p 00000000 00:00 0 
c0f00000-c4c00000 rw-p 00000000 00:00 0 
c4c00000-c7380000 rw-p 00000000 00:00 0 
c7380000-ec400000 rw-p 00000000 00:00 0 
ec400000-ed800000 rw-p 00000000 00:00 0 
ed800000-100000000 rw-p 00000000 00:00 0 
7f80e8000000-7f80e8022000 rw-p 00000000 00:00 0 
7f80e8022000-7f80ec000000 ---p 00000000 00:00 0 
7f80f0000000-7f80f0022000 rw-p 00000000 00:00 0 
7f80f0022000-7f80f4000000 ---p 00000000 00:00 0 
7f80f4000000-7f80f4022000 rw-p 00000000 00:00 0 
7f80f4022000-7f80f8000000 ---p 00000000 00:00 0 
7f80f8000000-7f80f8022000 rw-p 00000000 00:00 0 
7f80f8022000-7f80fc000000 ---p 00000000 00:00 0 
7f80fc000000-7f80fc022000 rw-p 00000000 00:00 0 
7f80fc022000-7f8100000000 ---p 00000000 00:00 0 
7f8100000000-7f8100022000 rw-p 00000000 00:00 0 
7f8100022000-7f8104000000 ---p 00000000 00:00 0 
7f8104000000-7f8104022000 rw-p 00000000 00:00 0 
7f8104022000-7f8108000000 ---p 00000000 00:00 0 
7f8108000000-7f81080fa000 rw-p 00000000 00:00 0 
7f81080fa000-7f810c000000 ---p 00000000 00:00 0 
7f810c000000-7f810c0f9000 rw-p 00000000 00:00 0 
7f810c0f9000-7f8110000000 ---p 00000000 00:00 0 
7f8110000000-7f81100f9000 rw-p 00000000 00:00 0 
7f81100f9000-7f8114000000 ---p 00000000 00:00 0 
7f8118000000-7f81180fb000 rw-p 00000000 00:00 0 
7f81180fb000-7f811c000000 ---p 00000000 00:00 0 
7f8120000000-7f81200f8000 rw-p 00000000 00:00 0 
7f81200f8000-7f8124000000 ---p 00000000 00:00 0 
7f8128000000-7f81280fc000 rw-p 00000000 00:00 0 
7f81280fc000-7f812c000000 ---p 00000000 00:00 0 
7f812c000000-7f812c0fd000 rw-p 00000000 00:00 0 
7f812c0fd000-7f8130000000 ---p 00000000 00:00 0 
7f8130000000-7f8130110000 rw-p 00000000 00:00 0 
7f8130110000-7f8134000000 ---p 00000000 00:00 0 
7f8136ffe000-7f8137001000 ---p 00000000 00:00 0 
7f8137001000-7f81377ff000 rw-p 00000000 00:00 0 
7f81377ff000-7f8137802000 ---p 00000000 00:00 0 
7f8137802000-7f8138000000 rw-p 00000000 00:00 0 
7f8138000000-7f8138021000 rw-p 00000000 00:00 0 
7f8138021000-7f813c000000 ---p 00000000 00:00 0 
7f813c000000-7f813c021000 rw-p 00000000 00:00 0 
7f813c021000-7f8140000000 ---p 00000000 00:00 0 
7f8140000000-7f814017d000 rw-p 00000000 00:00 0 
7f814017d000-7f8144000000 ---p 00000000 00:00 0 
7f8144000000-7f81441fa000 rw-p 00000000 00:00 0 
7f81441fa000-7f8148000000 ---p 00000000 00:00 0 
7f8148000000-7f8148021000 rw-p 00000000 00:00 0 
7f8148021000-7f814c000000 ---p 00000000 00:00 0 
7f814c7f9000-7f814c7fc000 ---p 00000000 00:00 0 
7f814c7fc000-7f814cffa000 rw-p 00000000 00:00 0 
7f814cffa000-7f814cffd000 ---p 00000000 00:00 0 
7f814cffd000-7f814d7fb000 rw-p 00000000 00:00 0 
7f814d7fb000-7f814d7fe000 ---p 00000000 00:00 0 
7f814d7fe000-7f814dffc000 rw-p 00000000 00:00 0 
7f814dffc000-7f814dfff000 ---p 00000000 00:00 0 
7f814dfff000-7f814e7fd000 rw-p 00000000 00:00 0 
7f814e7fd000-7f814e800000 ---p 00000000 00:00 0 
7f814e800000-7f814effe000 rw-p 00000000 00:00 0 
7f814effe000-7f814f001000 ---p 00000000 00:00 0 
7f814f001000-7f814f7ff000 rw-p 00000000 00:00 0 
7f814f7ff000-7f814f802000 ---p 00000000 00:00 0 
7f814f802000-7f8150000000 rw-p 00000000 00:00 0 
7f8150000000-7f8150021000 rw-p 00000000 00:00 0 
7f8150021000-7f8154000000 ---p 00000000 00:00 0 
7f8154000000-7f81540e1000 rw-p 00000000 00:00 0 
7f81540e1000-7f8158000000 ---p 00000000 00:00 0 
7f8158000000-7f8158021000 rw-p 00000000 00:00 0 
7f8158021000-7f815c000000 ---p 00000000 00:00 0 
7f815c000000-7f815c021000 rw-p 00000000 00:00 0 
7f815c021000-7f8160000000 ---p 00000000 00:00 0 
7f8160000000-7f8160021000 rw-p 00000000 00:00 0 
7f8160021000-7f8164000000 ---p 00000000 00:00 0 
7f81641d3000-7f8164340000 rw-p 00000000 00:00 0 
7f8164340000-7f8164343000 ---p 00000000 00:00 0 
7f8164343000-7f8164b41000 rw-p 00000000 00:00 0 
7f8164b41000-7f8164b44000 ---p 00000000 00:00 0 
7f8164b44000-7f8165342000 rw-p 00000000 00:00 0 
7f8165342000-7f8165345000 ---p 00000000 00:00 0 
7f8165345000-7f8165b43000 rw-p 00000000 00:00 0 
7f8165b43000-7f8165b46000 ---p 00000000 00:00 0 
7f8165b46000-7f8166344000 rw-p 00000000 00:00 0 
7f8166344000-7f8166347000 ---p 00000000 00:00 0 
7f8166347000-7f8166b45000 rw-p 00000000 00:00 0 
7f8166b45000-7f8166b48000 ---p 00000000 00:00 0 
7f8166b48000-7f8167346000 rw-p 00000000 00:00 0 
7f8167346000-7f816735e000 r-xp 00000000 08:07 794742                     /tmp/simgrid-java204137930286532470/libsimgrid-java.so
7f816735e000-7f816755e000 ---p 00018000 08:07 794742                     /tmp/simgrid-java204137930286532470/libsimgrid-java.so
7f816755e000-7f816755f000 rw-p 00018000 08:07 794742                     /tmp/simgrid-java204137930286532470/libsimgrid-java.so
7f816755f000-7f8167575000 r-xp 00000000 08:07 528568                     /lib/x86_64-linux-gnu/libgcc_s.so.1
7f8167575000-7f8167774000 ---p 00016000 08:07 528568                     /lib/x86_64-linux-gnu/libgcc_s.so.1
7f8167774000-7f8167775000 r--p 00015000 08:07 528568                     /lib/x86_64-linux-gnu/libgcc_s.so.1
7f8167775000-7f8167776000 rw-p 00016000 08:07 528568                     /lib/x86_64-linux-gnu/libgcc_s.so.1
7f8167776000-7f81678e9000 r-xp 00000000 08:07 1059329                    /usr/lib/x86_64-linux-gnu/libstdc++.so.6.0.21
7f81678e9000-7f8167ae8000 ---p 00173000 08:07 1059329                    /usr/lib/x86_64-linux-gnu/libstdc++.so.6.0.21
7f8167ae8000-7f8167af2000 r--p 00172000 08:07 1059329                    /usr/lib/x86_64-linux-gnu/libstdc++.so.6.0.21
7f8167af2000-7f8167af4000 rw-p 0017c000 08:07 1059329                    /usr/lib/x86_64-linux-gnu/libstdc++.so.6.0.21
7f8167af4000-7f8167af8000 rw-p 00000000 00:00 0 
7f8167af8000-7f8167dbd000 r-xp 00000000 08:07 794736                     /tmp/simgrid-java204137930286532470/libsimgrid.so
7f8167dbd000-7f8167fbd000 ---p 002c5000 08:07 794736                     /tmp/simgrid-java204137930286532470/libsimgrid.so
7f8167fbd000-7f8167ff8000 rw-p 002c5000 08:07 794736                     /tmp/simgrid-java204137930286532470/libsimgrid.so
7f8167ff8000-7f8168000000 rw-p 00000000 00:00 0 
7f8168000000-7f8168021000 rw-p 00000000 00:00 0 
7f8168021000-7f816c000000 ---p 00000000 00:00 0 
7f816c130000-7f816c431000 rw-p 00000000 00:00 0 
7f816c431000-7f816c448000 r-xp 00000000 08:07 663689                     /home/elixandre/jdk1.7.0_80/jre/lib/amd64/libnet.so
7f816c448000-7f816c647000 ---p 00017000 08:07 663689                     /home/elixandre/jdk1.7.0_80/jre/lib/amd64/libnet.so
7f816c647000-7f816c648000 rw-p 00016000 08:07 663689                     /home/elixandre/jdk1.7.0_80/jre/lib/amd64/libnet.so
7f816c648000-7f816c658000 r-xp 00000000 08:07 663688                     /home/elixandre/jdk1.7.0_80/jre/lib/amd64/libnio.so
7f816c658000-7f816c858000 ---p 00010000 08:07 663688                     /home/elixandre/jdk1.7.0_80/jre/lib/amd64/libnio.so
7f816c858000-7f816c859000 rw-p 00010000 08:07 663688                     /home/elixandre/jdk1.7.0_80/jre/lib/amd64/libnio.so
7f816c859000-7f816c85a000 ---p 00000000 00:00 0 
7f816c85a000-7f816c95a000 rw-p 00000000 00:00 0 
7f816c95a000-7f816c95d000 ---p 00000000 00:00 0 
7f816c95d000-7f816ca5b000 rw-p 00000000 00:00 0 
7f816ca5b000-7f816ca5e000 ---p 00000000 00:00 0 
7f816ca5e000-7f816cb5c000 rw-p 00000000 00:00 0 
7f816cb5c000-7f816cb5f000 ---p 00000000 00:00 0 
7f816cb5f000-7f816cc5d000 rw-p 00000000 00:00 0 
7f816cc5d000-7f816cc60000 ---p 00000000 00:00 0 
7f816cc60000-7f816cd5e000 rw-p 00000000 00:00 0 
7f816cd5e000-7f816d441000 r--p 00000000 08:07 1055607                    /usr/lib/locale/locale-archive
7f816d441000-7f816d444000 ---p 00000000 00:00 0 
7f816d444000-7f816d542000 rw-p 00000000 00:00 0 
7f816d542000-7f816d545000 ---p 00000000 00:00 0 
7f816d545000-7f816d643000 rw-p 00000000 00:00 0 
7f816d643000-7f816d644000 ---p 00000000 00:00 0 
7f816d644000-7f8170000000 rw-p 00000000 00:00 0 
7f8170000000-7f8170021000 rw-p 00000000 00:00 0 
7f8170021000-7f8174000000 ---p 00000000 00:00 0 
7f8174016000-7f8174768000 rw-p 00000000 00:00 0 
7f8174768000-7f8174928000 r--s 039fb000 08:07 663892                     /home/elixandre/jdk1.7.0_80/jre/lib/rt.jar
7f8174928000-7f8174bfc000 rw-p 00000000 00:00 0 
7f8174bfc000-7f8174bfd000 ---p 00000000 00:00 0 
7f8174bfd000-7f8174cfd000 rw-p 00000000 00:00 0 
7f8174cfd000-7f8174cfe000 ---p 00000000 00:00 0 
7f8174cfe000-7f8174dfe000 rw-p 00000000 00:00 0 
7f8174dfe000-7f8174dff000 ---p 00000000 00:00 0 
7f8174dff000-7f8174eff000 rw-p 00000000 00:00 0 
7f8174eff000-7f8174f00000 ---p 00000000 00:00 0 
7f8174f00000-7f8175000000 rw-p 00000000 00:00 0 
7f8175000000-7f8175270000 rwxp 00000000 00:00 0 
7f8175270000-7f8178427000 rw-p 00000000 00:00 0 
7f8178427000-7f817c000000 ---p 00000000 00:00 0 
7f817c002000-7f817c056000 rw-p 00000000 00:00 0 
7f817c056000-7f817c074000 rw-p 00000000 00:00 0 
7f817c074000-7f817c088000 rw-p 00000000 00:00 0 
7f817c088000-7f817c1b0000 rw-p 00000000 00:00 0 
7f817c1b0000-7f817c1bb000 rw-p 00000000 00:00 0 
7f817c1bb000-7f817c1d9000 rw-p 00000000 00:00 0 
7f817c1d9000-7f817c1ed000 rw-p 00000000 00:00 0 
7f817c1ed000-7f817c315000 rw-p 00000000 00:00 0 
7f817c315000-7f817c31f000 rw-p 00000000 00:00 0 
7f817c31f000-7f817c3b3000 rw-p 00000000 00:00 0 
7f817c3b3000-7f817c3b4000 rw-p 00000000 00:00 0 
7f817c3b4000-7f817c3cb000 r-xp 00000000 08:07 663687                     /home/elixandre/jdk1.7.0_80/jre/lib/amd64/libzip.so
7f817c3cb000-7f817c5cb000 ---p 00017000 08:07 663687                     /home/elixandre/jdk1.7.0_80/jre/lib/amd64/libzip.so
7f817c5cb000-7f817c5cc000 rw-p 00017000 08:07 663687                     /home/elixandre/jdk1.7.0_80/jre/lib/amd64/libzip.so
7f817c5cc000-7f817c5d6000 r-xp 00000000 08:07 529521                     /lib/x86_64-linux-gnu/libnss_files-2.21.so
7f817c5d6000-7f817c7d6000 ---p 0000a000 08:07 529521                     /lib/x86_64-linux-gnu/libnss_files-2.21.so
7f817c7d6000-7f817c7d7000 r--p 0000a000 08:07 529521                     /lib/x86_64-linux-gnu/libnss_files-2.21.so
7f817c7d7000-7f817c7d8000 rw-p 0000b000 08:07 529521                     /lib/x86_64-linux-gnu/libnss_files-2.21.so
7f817c7d8000-7f817c7e3000 r-xp 00000000 08:07 529535                     /lib/x86_64-linux-gnu/libnss_nis-2.21.so
7f817c7e3000-7f817c9e2000 ---p 0000b000 08:07 529535                     /lib/x86_64-linux-gnu/libnss_nis-2.21.so
7f817c9e2000-7f817c9e3000 r--p 0000a000 08:07 529535                     /lib/x86_64-linux-gnu/libnss_nis-2.21.so
7f817c9e3000-7f817c9e4000 rw-p 0000b000 08:07 529535                     /lib/x86_64-linux-gnu/libnss_nis-2.21.so
7f817c9e4000-7f817c9fb000 r-xp 00000000 08:07 529538                     /lib/x86_64-linux-gnu/libnsl-2.21.so
7f817c9fb000-7f817cbfa000 ---p 00017000 08:07 529538                     /lib/x86_64-linux-gnu/libnsl-2.21.so
7f817cbfa000-7f817cbfb000 r--p 00016000 08:07 529538                     /lib/x86_64-linux-gnu/libnsl-2.21.so
7f817cbfb000-7f817cbfc000 rw-p 00017000 08:07 529538                     /lib/x86_64-linux-gnu/libnsl-2.21.so
7f817cbfc000-7f817cbfe000 rw-p 00000000 00:00 0 
7f817cbfe000-7f817cc06000 r-xp 00000000 08:07 529523                     /lib/x86_64-linux-gnu/libnss_compat-2.21.so
7f817cc06000-7f817ce05000 ---p 00008000 08:07 529523                     /lib/x86_64-linux-gnu/libnss_compat-2.21.so
7f817ce05000-7f817ce06000 r--p 00007000 08:07 529523                     /lib/x86_64-linux-gnu/libnss_compat-2.21.so
7f817ce06000-7f817ce07000 rw-p 00008000 08:07 529523                     /lib/x86_64-linux-gnu/libnss_compat-2.21.so
7f817ce07000-7f817ce30000 r-xp 00000000 08:07 663623                     /home/elixandre/jdk1.7.0_80/jre/lib/amd64/libjava.so
7f817ce30000-7f817d030000 ---p 00029000 08:07 663623                     /home/elixandre/jdk1.7.0_80/jre/lib/amd64/libjava.so
7f817d030000-7f817d032000 rw-p 00029000 08:07 663623                     /home/elixandre/jdk1.7.0_80/jre/lib/amd64/libjava.so
7f817d032000-7f817d03f000 r-xp 00000000 08:07 663501                     /home/elixandre/jdk1.7.0_80/jre/lib/amd64/libverify.so
7f817d03f000-7f817d23e000 ---p 0000d000 08:07 663501                     /home/elixandre/jdk1.7.0_80/jre/lib/amd64/libverify.so
7f817d23e000-7f817d240000 rw-p 0000c000 08:07 663501                     /home/elixandre/jdk1.7.0_80/jre/lib/amd64/libverify.so
7f817d240000-7f817d247000 r-xp 00000000 08:07 529522                     /lib/x86_64-linux-gnu/librt-2.21.so
7f817d247000-7f817d446000 ---p 00007000 08:07 529522                     /lib/x86_64-linux-gnu/librt-2.21.so
7f817d446000-7f817d447000 r--p 00006000 08:07 529522                     /lib/x86_64-linux-gnu/librt-2.21.so
7f817d447000-7f817d448000 rw-p 00007000 08:07 529522                     /lib/x86_64-linux-gnu/librt-2.21.so
7f817d448000-7f817d54f000 r-xp 00000000 08:07 529524                     /lib/x86_64-linux-gnu/libm-2.21.so
7f817d54f000-7f817d74e000 ---p 00107000 08:07 529524                     /lib/x86_64-linux-gnu/libm-2.21.so
7f817d74e000-7f817d74f000 r--p 00106000 08:07 529524                     /lib/x86_64-linux-gnu/libm-2.21.so
7f817d74f000-7f817d750000 rw-p 00107000 08:07 529524                     /lib/x86_64-linux-gnu/libm-2.21.so
7f817d750000-7f817e2c6000 r-xp 00000000 08:07 663273                     /home/elixandre/jdk1.7.0_80/jre/lib/amd64/server/libjvm.so
7f817e2c6000-7f817e4c5000 ---p 00b76000 08:07 663273                     /home/elixandre/jdk1.7.0_80/jre/lib/amd64/server/libjvm.so
7f817e4c5000-7f817e589000 rw-p 00b75000 08:07 663273                     /home/elixandre/jdk1.7.0_80/jre/lib/amd64/server/libjvm.so
7f817e589000-7f817e5ca000 rw-p 00000000 00:00 0 
7f817e5ca000-7f817e78a000 r-xp 00000000 08:07 529541                     /lib/x86_64-linux-gnu/libc-2.21.so
7f817e78a000-7f817e98a000 ---p 001c0000 08:07 529541                     /lib/x86_64-linux-gnu/libc-2.21.so
7f817e98a000-7f817e98e000 r--p 001c0000 08:07 529541                     /lib/x86_64-linux-gnu/libc-2.21.so
7f817e98e000-7f817e990000 rw-p 001c4000 08:07 529541                     /lib/x86_64-linux-gnu/libc-2.21.so
7f817e990000-7f817e994000 rw-p 00000000 00:00 0 
7f817e994000-7f817e997000 r-xp 00000000 08:07 529528                     /lib/x86_64-linux-gnu/libdl-2.21.so
7f817e997000-7f817eb96000 ---p 00003000 08:07 529528                     /lib/x86_64-linux-gnu/libdl-2.21.so
7f817eb96000-7f817eb97000 r--p 00002000 08:07 529528                     /lib/x86_64-linux-gnu/libdl-2.21.so
7f817eb97000-7f817eb98000 rw-p 00003000 08:07 529528                     /lib/x86_64-linux-gnu/libdl-2.21.so
7f817eb98000-7f817ebad000 r-xp 00000000 08:07 663695                     /home/elixandre/jdk1.7.0_80/lib/amd64/jli/libjli.so
7f817ebad000-7f817edac000 ---p 00015000 08:07 663695                     /home/elixandre/jdk1.7.0_80/lib/amd64/jli/libjli.so
7f817edac000-7f817edad000 rw-p 00014000 08:07 663695                     /home/elixandre/jdk1.7.0_80/lib/amd64/jli/libjli.so
7f817edad000-7f817edc5000 r-xp 00000000 08:07 529525                     /lib/x86_64-linux-gnu/libpthread-2.21.so
7f817edc5000-7f817efc5000 ---p 00018000 08:07 529525                     /lib/x86_64-linux-gnu/libpthread-2.21.so
7f817efc5000-7f817efc6000 r--p 00018000 08:07 529525                     /lib/x86_64-linux-gnu/libpthread-2.21.so
7f817efc6000-7f817efc7000 rw-p 00019000 08:07 529525                     /lib/x86_64-linux-gnu/libpthread-2.21.so
7f817efc7000-7f817efcb000 rw-p 00000000 00:00 0 
7f817efcb000-7f817efef000 r-xp 00000000 08:07 529539                     /lib/x86_64-linux-gnu/ld-2.21.so
7f817eff9000-7f817f018000 rw-p 00000000 00:00 0 
7f817f018000-7f817f0ce000 rw-p 00000000 00:00 0 
7f817f0ce000-7f817f0d1000 ---p 00000000 00:00 0 
7f817f0d1000-7f817f1d3000 rw-p 00000000 00:00 0 
7f817f1da000-7f817f1db000 rw-p 00000000 00:00 0 
7f817f1db000-7f817f1df000 r--s 0008b000 08:07 663627                     /home/elixandre/jdk1.7.0_80/jre/lib/jsse.jar
7f817f1df000-7f817f1e2000 r--s 00f76000 08:07 542783                     /home/elixandre/Downloads/simgrid.jar
7f817f1e2000-7f817f1ea000 rw-s 00000000 08:07 544733                     /tmp/hsperfdata_elixandre/6570
7f817f1ea000-7f817f1eb000 rw-p 00000000 00:00 0 
7f817f1eb000-7f817f1ec000 r--p 00000000 00:00 0 
7f817f1ec000-7f817f1ee000 rw-p 00000000 00:00 0 
7f817f1ee000-7f817f1ef000 r--p 00023000 08:07 529539                     /lib/x86_64-linux-gnu/ld-2.21.so
7f817f1ef000-7f817f1f0000 rw-p 00024000 08:07 529539                     /lib/x86_64-linux-gnu/ld-2.21.so
7f817f1f0000-7f817f1f1000 rw-p 00000000 00:00 0 
7ffec4f70000-7ffec4f91000 rw-p 00000000 00:00 0                          [stack]
7ffec4fe9000-7ffec4feb000 r--p 00000000 00:00 0                          [vvar]
7ffec4feb000-7ffec4fed000 r-xp 00000000 00:00 0                          [vdso]
ffffffffff600000-ffffffffff601000 r-xp 00000000 00:00 0                  [vsyscall]

VM Arguments:
jvm_args: -Dfile.encoding=UTF-8 
java_command: vcube.VCube platform.xml deployment.xml
Launcher Type: SUN_STANDARD

Environment Variables:
PATH=/usr/local/sbin:/usr/local/bin:/usr/sbin:/usr/bin:/sbin:/bin:/usr/games:/usr/local/games:/home/elixandre/.rvm/bin
LD_LIBRARY_PATH=/home/elixandre/jdk1.7.0_80/jre/lib/amd64:/home/elixandre/jdk1.7.0_80/jre/lib/i386:
SHELL=/bin/bash
DISPLAY=:0

Signal Handlers:
SIGSEGV: [libjvm.so+0x9a3b20], sa_mask[0]=0x7ffbfeff, sa_flags=0x10000004
SIGBUS: [libjvm.so+0x9a3b20], sa_mask[0]=0x7ffbfeff, sa_flags=0x10000004
SIGFPE: [libjvm.so+0x81e740], sa_mask[0]=0x7ffbfeff, sa_flags=0x10000004
SIGPIPE: [libjvm.so+0x81e740], sa_mask[0]=0x7ffbfeff, sa_flags=0x10000004
SIGXFSZ: [libjvm.so+0x81e740], sa_mask[0]=0x7ffbfeff, sa_flags=0x10000004
SIGILL: [libjvm.so+0x81e740], sa_mask[0]=0x7ffbfeff, sa_flags=0x10000004
SIGUSR1: SIG_DFL, sa_mask[0]=0x00000000, sa_flags=0x00000000
SIGUSR2: [libjvm.so+0x81ffb0], sa_mask[0]=0x00000004, sa_flags=0x10000004
SIGHUP: [libjvm.so+0x8210d0], sa_mask[0]=0x7ffbfeff, sa_flags=0x10000004
SIGINT: [libsimgrid.so+0x8ff50], sa_mask[0]=0x00000002, sa_flags=0x10000000
SIGTERM: [libjvm.so+0x8210d0], sa_mask[0]=0x7ffbfeff, sa_flags=0x10000004
SIGQUIT: [libjvm.so+0x8210d0], sa_mask[0]=0x7ffbfeff, sa_flags=0x10000004


---------------  S Y S T E M  ---------------

OS:jessie/sid

uname:Linux 4.2.0-42-generic #49-Ubuntu SMP Tue Jun 28 21:26:26 UTC 2016 x86_64
libc:glibc 2.21 NPTL 2.21 
rlimit: STACK 8192k, CORE 0k, NPROC 15009, NOFILE 65536, AS infinity
load average:0.81 0.51 0.34

/proc/meminfo:
MemTotal:        3879128 kB
MemFree:         1016612 kB
MemAvailable:    1958432 kB
Buffers:           82176 kB
Cached:          1133900 kB
SwapCached:         2744 kB
Active:          1502852 kB
Inactive:        1119332 kB
Active(anon):     911720 kB
Inactive(anon):   655360 kB
Active(file):     591132 kB
Inactive(file):   463972 kB
Unevictable:          32 kB
Mlocked:              32 kB
SwapTotal:        975868 kB
SwapFree:         947652 kB
Dirty:             13316 kB
Writeback:             0 kB
AnonPages:       1405716 kB
Mapped:           289996 kB
Shmem:            160944 kB
Slab:             144416 kB
SReclaimable:     111304 kB
SUnreclaim:        33112 kB
KernelStack:        9008 kB
PageTables:        33924 kB
NFS_Unstable:          0 kB
Bounce:                0 kB
WritebackTmp:          0 kB
CommitLimit:     2915432 kB
Committed_AS:    5086552 kB
VmallocTotal:   34359738367 kB
VmallocUsed:      347648 kB
VmallocChunk:   34358947836 kB
HardwareCorrupted:     0 kB
AnonHugePages:   1064960 kB
CmaTotal:              0 kB
CmaFree:               0 kB
HugePages_Total:       0
HugePages_Free:        0
HugePages_Rsvd:        0
HugePages_Surp:        0
Hugepagesize:       2048 kB
DirectMap4k:      131832 kB
DirectMap2M:     3895296 kB


CPU:total 4 (2 cores per cpu, 2 threads per core) family 6 model 58 stepping 9, cmov, cx8, fxsr, mmx, sse, sse2, sse3, ssse3, sse4.1, sse4.2, popcnt, avx, erms, ht, tsc, tscinvbit, tscinv

/proc/cpuinfo:
processor	: 0
vendor_id	: GenuineIntel
cpu family	: 6
model		: 58
model name	: Intel(R) Core(TM) i7-3517U CPU @ 1.90GHz
stepping	: 9
microcode	: 0x12
cpu MHz		: 2799.937
cache size	: 4096 KB
physical id	: 0
siblings	: 4
core id		: 0
cpu cores	: 2
apicid		: 0
initial apicid	: 0
fpu		: yes
fpu_exception	: yes
cpuid level	: 13
wp		: yes
flags		: fpu vme de pse tsc msr pae mce cx8 apic sep mtrr pge mca cmov pat pse36 clflush dts acpi mmx fxsr sse sse2 ss ht tm pbe syscall nx rdtscp lm constant_tsc arch_perfmon pebs bts rep_good nopl xtopology nonstop_tsc aperfmperf eagerfpu pni pclmulqdq dtes64 monitor ds_cpl vmx est tm2 ssse3 cx16 xtpr pdcm pcid sse4_1 sse4_2 x2apic popcnt tsc_deadline_timer xsave avx f16c rdrand lahf_lm ida arat epb pln pts dtherm tpr_shadow vnmi flexpriority ept vpid fsgsbase smep erms xsaveopt
bugs		:
bogomips	: 4789.11
clflush size	: 64
cache_alignment	: 64
address sizes	: 36 bits physical, 48 bits virtual
power management:

processor	: 1
vendor_id	: GenuineIntel
cpu family	: 6
model		: 58
model name	: Intel(R) Core(TM) i7-3517U CPU @ 1.90GHz
stepping	: 9
microcode	: 0x12
cpu MHz		: 2799.281
cache size	: 4096 KB
physical id	: 0
siblings	: 4
core id		: 0
cpu cores	: 2
apicid		: 1
initial apicid	: 1
fpu		: yes
fpu_exception	: yes
cpuid level	: 13
wp		: yes
flags		: fpu vme de pse tsc msr pae mce cx8 apic sep mtrr pge mca cmov pat pse36 clflush dts acpi mmx fxsr sse sse2 ss ht tm pbe syscall nx rdtscp lm constant_tsc arch_perfmon pebs bts rep_good nopl xtopology nonstop_tsc aperfmperf eagerfpu pni pclmulqdq dtes64 monitor ds_cpl vmx est tm2 ssse3 cx16 xtpr pdcm pcid sse4_1 sse4_2 x2apic popcnt tsc_deadline_timer xsave avx f16c rdrand lahf_lm ida arat epb pln pts dtherm tpr_shadow vnmi flexpriority ept vpid fsgsbase smep erms xsaveopt
bugs		:
bogomips	: 4789.11
clflush size	: 64
cache_alignment	: 64
address sizes	: 36 bits physical, 48 bits virtual
power management:

processor	: 2
vendor_id	: GenuineIntel
cpu family	: 6
model		: 58
model name	: Intel(R) Core(TM) i7-3517U CPU @ 1.90GHz
stepping	: 9
microcode	: 0x12
cpu MHz		: 2799.937
cache size	: 4096 KB
physical id	: 0
siblings	: 4
core id		: 1
cpu cores	: 2
apicid		: 2
initial apicid	: 2
fpu		: yes
fpu_exception	: yes
cpuid level	: 13
wp		: yes
flags		: fpu vme de pse tsc msr pae mce cx8 apic sep mtrr pge mca cmov pat pse36 clflush dts acpi mmx fxsr sse sse2 ss ht tm pbe syscall nx rdtscp lm constant_tsc arch_perfmon pebs bts rep_good nopl xtopology nonstop_tsc aperfmperf eagerfpu pni pclmulqdq dtes64 monitor ds_cpl vmx est tm2 ssse3 cx16 xtpr pdcm pcid sse4_1 sse4_2 x2apic popcnt tsc_deadline_timer xsave avx f16c rdrand lahf_lm ida arat epb pln pts dtherm tpr_shadow vnmi flexpriority ept vpid fsgsbase smep erms xsaveopt
bugs		:
bogomips	: 4789.11
clflush size	: 64
cache_alignment	: 64
address sizes	: 36 bits physical, 48 bits virtual
power management:

processor	: 3
vendor_id	: GenuineIntel
cpu family	: 6
model		: 58
model name	: Intel(R) Core(TM) i7-3517U CPU @ 1.90GHz
stepping	: 9
microcode	: 0x12
cpu MHz		: 2799.937
cache size	: 4096 KB
physical id	: 0
siblings	: 4
core id		: 1
cpu cores	: 2
apicid		: 3
initial apicid	: 3
fpu		: yes
fpu_exception	: yes
cpuid level	: 13
wp		: yes
flags		: fpu vme de pse tsc msr pae mce cx8 apic sep mtrr pge mca cmov pat pse36 clflush dts acpi mmx fxsr sse sse2 ss ht tm pbe syscall nx rdtscp lm constant_tsc arch_perfmon pebs bts rep_good nopl xtopology nonstop_tsc aperfmperf eagerfpu pni pclmulqdq dtes64 monitor ds_cpl vmx est tm2 ssse3 cx16 xtpr pdcm pcid sse4_1 sse4_2 x2apic popcnt tsc_deadline_timer xsave avx f16c rdrand lahf_lm ida arat epb pln pts dtherm tpr_shadow vnmi flexpriority ept vpid fsgsbase smep erms xsaveopt
bugs		:
bogomips	: 4789.11
clflush size	: 64
cache_alignment	: 64
address sizes	: 36 bits physical, 48 bits virtual
power management:



Memory: 4k page, physical 3879128k(1016612k free), swap 975868k(947652k free)

vm_info: Java HotSpot(TM) 64-Bit Server VM (24.80-b11) for linux-amd64 JRE (1.7.0_80-b15), built on Apr 10 2015 19:53:14 by "java_re" with gcc 4.3.0 20080428 (Red Hat 4.3.0-8)

time: Sat Apr 29 14:11:06 2017
elapsed time: 2 seconds

