#
# A fatal error has been detected by the Java Runtime Environment:
#
#  SIGSEGV (0xb) at pc=0x00007f2b5ee58263, pid=4211, tid=0x00007f2b847e4700
#
# JRE version: Java(TM) SE Runtime Environment (8.0_111-b14) (build 1.8.0_111-b14)
# Java VM: Java HotSpot(TM) 64-Bit Server VM (25.111-b14 mixed mode linux-amd64 compressed oops)
# Problematic frame:
# C  [libsimgrid.so+0x190263]  xbt_dynar_member+0x23
#
# Failed to write core dump. Core dumps have been disabled. To enable core dumping, try "ulimit -c unlimited" before starting Java again
#
# If you would like to submit a bug report, please visit:
#   http://bugreport.java.com/bugreport/crash.jsp
#

---------------  T H R E A D  ---------------

Current thread (0x00007f2b9807a000):  VMThread [stack: 0x00007f2b846e4000,0x00007f2b847e5000] [id=4221]

siginfo: si_signo: 11 (SIGSEGV), si_code: 1 (SEGV_MAPERR), si_addr: 0x0000000000000000

Registers:
RAX=0x0000000000000000, RBX=0x00007f2b5f1c4700, RCX=0x0000000000000000, RDX=0x00007f2b847e4a40
RSP=0x00007f2b847e3590, RBP=0x00007f2b9815a5e0, RSI=0x00007f2b847e3738, RDI=0x00007f2b847e3650
R8 =0x00007f2b981515f0, R9 =0x00007f2b981515f0, R10=0x0000000000000c58, R11=0x00007f2b5ee58240
R12=0x00007f2b5f1cf790, R13=0x00007f2b9813ab10, R14=0x00000000000003d8, R15=0x00007f2b98029488
RIP=0x00007f2b5ee58263, EFLAGS=0x0000000000010206, CSGSFS=0x0000000000000033, ERR=0x0000000000000004
  TRAPNO=0x000000000000000e

Top of Stack: (sp=0x00007f2b847e3590)
0x00007f2b847e3590:   0000000000000000 0000000000000000
0x00007f2b847e35a0:   00007f2b98151690 00007f2b847e3738
0x00007f2b847e35b0:   0000000000000000 0000000000000000
0x00007f2b847e35c0:   0000000000000000 0000000000000000
0x00007f2b847e35d0:   0000000000000000 0000000000000000
0x00007f2b847e35e0:   0000000000000000 0000000000000000
0x00007f2b847e35f0:   0000000000000000 0000000000000000
0x00007f2b847e3600:   0000ff00000000ff 00000000ff000000
0x00007f2b847e3610:   0000000000000000 0000000000000000
0x00007f2b847e3620:   0000000000000000 0000000000000000
0x00007f2b847e3630:   0000000000000000 0000000000000000
0x00007f2b847e3640:   0000000042c80000 0000000000000000
0x00007f2b847e3650:   0000000000000000 0000000000000000
0x00007f2b847e3660:   006e006100780069 0062006500720064
0x00007f2b847e3670:   0000000000000000 0000000000000000
0x00007f2b847e3680:   00007f2b5f18f400 00007f2b98161450
0x00007f2b847e3690:   00007f2b9813ab10 00007f2b5ee4ea0a
0x00007f2b847e36a0:   00007f2b9a8d49e0 00007f2b5f18f400
0x00007f2b847e36b0:   00007f2b98161450 00007f2b5eebe286
0x00007f2b847e36c0:   00007f2b98198aa0 0000000000000000
0x00007f2b847e36d0:   0000000000000000 00007f2b847e3738
0x00007f2b847e36e0:   00007f2b98151690 00007f2b981515f0
0x00007f2b847e36f0:   00007f2b981515f0 00007f2b5f1c7a98
0x00007f2b847e3700:   00007f2b98153850 0000000000000001
0x00007f2b847e3710:   00007f2b5f1c4700 00007f2b98138cf0
0x00007f2b847e3720:   00007f2b5f1c4700 00007f2b5ee7534f
0x00007f2b847e3730:   0000000000000000 00007f2b98161450
0x00007f2b847e3740:   006e006100780069 0062006500720064
0x00007f2b847e3750:   0000000000000000 00007f2b5f1c7a98
0x00007f2b847e3760:   00007f2b98153850 0000000000000001
0x00007f2b847e3770:   00007f2b9813ab10 00007f2b5ee56d37
0x00007f2b847e3780:   00007f2b9813ab10 00007f2b5f1c7098 

Instructions: (pc=0x00007f2b5ee58263)
0x00007f2b5ee58243:   ec 90 01 00 00 48 8b 05 01 a2 33 00 48 89 7c 24
0x00007f2b5ee58253:   10 48 89 74 24 18 ff 10 48 8d bc 24 c0 00 00 00
0x00007f2b5ee58263:   48 8b 08 48 89 04 24 48 89 38 48 89 4c 24 08 e8
0x00007f2b5ee58273:   79 31 ed ff 85 c0 74 75 48 8b 14 24 c7 42 08 01 

Register to memory mapping:

RAX=0x0000000000000000 is an unknown value
RBX=0x00007f2b5f1c4700: _simgrid_log_category__simix_process+0 in /tmp/simgrid-java6289277782070048116/libsimgrid.so at 0x00007f2b5ecc8000
RCX=0x0000000000000000 is an unknown value
RDX=0x00007f2b847e4a40 is an unknown value
RSP=0x00007f2b847e3590 is an unknown value
RBP=0x00007f2b9815a5e0 is an unknown value
RSI=0x00007f2b847e3738 is an unknown value
RDI=0x00007f2b847e3650 is an unknown value
R8 =0x00007f2b981515f0 is an unknown value
R9 =0x00007f2b981515f0 is an unknown value
R10=0x0000000000000c58 is an unknown value
R11=0x00007f2b5ee58240: xbt_dynar_member+0 in /tmp/simgrid-java6289277782070048116/libsimgrid.so at 0x00007f2b5ecc8000
R12=0x00007f2b5f1cf790: simix_global+0 in /tmp/simgrid-java6289277782070048116/libsimgrid.so at 0x00007f2b5ecc8000
R13=0x00007f2b9813ab10 is an unknown value
R14=0x00000000000003d8 is an unknown value
R15=0x00007f2b98029488 is an unknown value


Stack: [0x00007f2b846e4000,0x00007f2b847e5000],  sp=0x00007f2b847e3590,  free space=1021k
Native frames: (J=compiled Java code, j=interpreted, Vv=VM code, C=native code)
C  [libsimgrid.so+0x190263]  xbt_dynar_member+0x23

VM_Operation (0x00007f2b5c5115d0): Exit, mode: safepoint, requested by thread 0x00007f2b60001000


---------------  P R O C E S S  ---------------

Java Threads: ( => current thread )
  0x00007f2b60001000 JavaThread "SIGTERM handler" daemon [_thread_blocked, id=4277, stack(0x00007f2b5c412000,0x00007f2b5c513000)]
  0x0000000000bd9800 JavaThread "Thread-14" [_thread_in_native, id=4239, stack(0x00007f2b5cd14000,0x00007f2b5d515000)]
  0x00007f2af4001000 JavaThread "Thread-13" [_thread_in_native, id=4244, stack(0x00007f2b3dffc000,0x00007f2b3e7fd000)]
  0x00007f2aec001000 JavaThread "Thread-12" [_thread_in_native, id=4238, stack(0x00007f2b5d515000,0x00007f2b5dd16000)]
  0x00007f2b0c001000 JavaThread "Thread-15" [_thread_in_native, id=4241, stack(0x00007f2b3f7ff000,0x00007f2b40000000)]
  0x00007f2afc001000 JavaThread "Thread-11" [_thread_in_native, id=4243, stack(0x00007f2b3e7fd000,0x00007f2b3effe000)]
  0x00007f2b04001000 JavaThread "Thread-10" [_thread_in_native, id=4242, stack(0x00007f2b3effe000,0x00007f2b3f7ff000)]
  0x00007f2b18003000 JavaThread "Thread-9" [_thread_in_native, id=4240, stack(0x00007f2b5c513000,0x00007f2b5cd14000)]
  0x00007f2b18001000 JavaThread "Thread-16" [_thread_in_native, id=4237, stack(0x00007f2b5dd16000,0x00007f2b5e517000)]
  0x00007f2b14001000 JavaThread "Thread-8" [_thread_in_native, id=4252, stack(0x00007f2b39ff4000,0x00007f2b3a7f5000)]
  0x00007f2b20001000 JavaThread "Thread-7" [_thread_in_native, id=4251, stack(0x00007f2b3a7f5000,0x00007f2b3aff6000)]
  0x00007f2b1c001000 JavaThread "Thread-6" [_thread_in_native, id=4250, stack(0x00007f2b3aff6000,0x00007f2b3b7f7000)]
  0x00007f2b28001000 JavaThread "Thread-5" [_thread_blocked, id=4249, stack(0x00007f2b3b7f7000,0x00007f2b3bff8000)]
  0x00007f2b24001000 JavaThread "Thread-4" [_thread_in_native, id=4248, stack(0x00007f2b3bff8000,0x00007f2b3c7f9000)]
  0x00007f2b30001000 JavaThread "Thread-3" [_thread_in_native, id=4247, stack(0x00007f2b3c7f9000,0x00007f2b3cffa000)]
  0x00007f2b2c001000 JavaThread "Thread-2" [_thread_in_native, id=4246, stack(0x00007f2b3cffa000,0x00007f2b3d7fb000)]
  0x00007f2b34001000 JavaThread "Thread-1" [_thread_in_native, id=4245, stack(0x00007f2b3d7fb000,0x00007f2b3dffc000)]
  0x00007f2b980d2800 JavaThread "Service Thread" daemon [_thread_blocked, id=4235, stack(0x00007f2b5f9fa000,0x00007f2b5fafb000)]
  0x00007f2b980cf000 JavaThread "C1 CompilerThread2" daemon [_thread_blocked, id=4234, stack(0x00007f2b5fafb000,0x00007f2b5fbfc000)]
  0x00007f2b980cd800 JavaThread "C2 CompilerThread1" daemon [_thread_blocked, id=4233, stack(0x00007f2b5fbfc000,0x00007f2b5fcfd000)]
  0x00007f2b980ca800 JavaThread "C2 CompilerThread0" daemon [_thread_blocked, id=4232, stack(0x00007f2b5fcfd000,0x00007f2b5fdfe000)]
  0x00007f2b64001000 JavaThread "JDWP Command Reader" daemon [_thread_blocked, id=4227, stack(0x00007f2b5fdfe000,0x00007f2b5feff000)]
  0x00007f2b980c8000 JavaThread "JDWP Event Helper Thread" daemon [_thread_blocked, id=4226, stack(0x00007f2b5feff000,0x00007f2b60000000)]
  0x00007f2b980c5000 JavaThread "JDWP Transport Listener: dt_socket" daemon [_thread_blocked, id=4225, stack(0x00007f2b840dc000,0x00007f2b841dd000)]
  0x00007f2b98086000 JavaThread "Finalizer" daemon [_thread_blocked, id=4223, stack(0x00007f2b844e2000,0x00007f2b845e3000)]
  0x00007f2b98081800 JavaThread "Reference Handler" daemon [_thread_blocked, id=4222, stack(0x00007f2b845e3000,0x00007f2b846e4000)]
  0x00007f2b9800c000 JavaThread "main" [_thread_in_native, id=4216, stack(0x00007f2ba0375000,0x00007f2ba0476000)]

Other Threads:
=>0x00007f2b9807a000 VMThread [stack: 0x00007f2b846e4000,0x00007f2b847e5000] [id=4221]

VM state:at safepoint (shutting down)

VM Mutex/Monitor currently owned by a thread:  ([mutex/lock_event])
[0x00007f2b980086f0] Threads_lock - owner thread: 0x00007f2b9807a000

Heap:
 PSYoungGen      total 153088K, used 72210K [0x00000000ec400000, 0x00000000f6e80000, 0x0000000100000000)
  eden space 131584K, 39% used [0x00000000ec400000,0x00000000ef6e4900,0x00000000f4480000)
  from space 21504K, 93% used [0x00000000f4480000,0x00000000f5820000,0x00000000f5980000)
  to   space 21504K, 0% used [0x00000000f5980000,0x00000000f5980000,0x00000000f6e80000)
 ParOldGen       total 349696K, used 8K [0x00000000c4c00000, 0x00000000da180000, 0x00000000ec400000)
  object space 349696K, 0% used [0x00000000c4c00000,0x00000000c4c02000,0x00000000da180000)
 Metaspace       used 3799K, capacity 4704K, committed 4864K, reserved 1056768K
  class space    used 418K, capacity 464K, committed 512K, reserved 1048576K

Card table byte_map: [0x00007f2b88638000,0x00007f2b88813000] byte_map_base: 0x00007f2b88012000

Marking Bits: (ParMarkBitMap*) 0x00007f2b9f845220
 Begin Bits: [0x00007f2b86358000, 0x00007f2b87228000)
 End Bits:   [0x00007f2b87228000, 0x00007f2b880f8000)

Polling page: 0x00007f2ba0494000

CodeCache: size=245760Kb used=2468Kb max_used=2478Kb free=243291Kb
 bounds [0x00007f2b88bd3000, 0x00007f2b88e43000, 0x00007f2b97bd3000]
 total_blobs=476 nmethods=221 adapters=177
 compilation: enabled

Compilation events (10 events):
Event: 15.916 Thread 0x00007f2b980cd800 nmethod 217 0x00007f2b88df45d0 code [0x00007f2b88df4780, 0x00007f2b88df4dd0]
Event: 15.916 Thread 0x00007f2b980cd800  218       4       java.lang.ref.Finalizer::access$100 (6 bytes)
Event: 15.924 Thread 0x00007f2b980cd800 nmethod 218 0x00007f2b88defa90 code [0x00007f2b88defc40, 0x00007f2b88df0318]
Event: 15.926 Thread 0x00007f2b980ca800 nmethod 216 0x00007f2b88e40110 code [0x00007f2b88e402c0, 0x00007f2b88e40958]
Event: 17.176 Thread 0x00007f2b980cd800  219       4       java.lang.AbstractStringBuilder::<init> (12 bytes)
Event: 17.178 Thread 0x00007f2b980cd800 nmethod 219 0x00007f2b88df4290 code [0x00007f2b88df43e0, 0x00007f2b88df4518]
Event: 19.632 Thread 0x00007f2b980cf000  220       3       java.util.Arrays::copyOf (19 bytes)
Event: 19.633 Thread 0x00007f2b980cf000 nmethod 220 0x00007f2b88def490 code [0x00007f2b88def620, 0x00007f2b88def948]
Event: 30.178 Thread 0x00007f2b980cf000  221       3       java.lang.ThreadLocal::getMap (5 bytes)
Event: 30.179 Thread 0x00007f2b980cf000 nmethod 221 0x00007f2b88def110 code [0x00007f2b88def280, 0x00007f2b88def3d0]

GC Heap History (2 events):
Event: 15.795 GC heap before
{Heap before GC invocations=1 (full 0):
 PSYoungGen      total 153088K, used 131584K [0x00000000ec400000, 0x00000000f6e80000, 0x0000000100000000)
  eden space 131584K, 100% used [0x00000000ec400000,0x00000000f4480000,0x00000000f4480000)
  from space 21504K, 0% used [0x00000000f5980000,0x00000000f5980000,0x00000000f6e80000)
  to   space 21504K, 0% used [0x00000000f4480000,0x00000000f4480000,0x00000000f5980000)
 ParOldGen       total 349696K, used 0K [0x00000000c4c00000, 0x00000000da180000, 0x00000000ec400000)
  object space 349696K, 0% used [0x00000000c4c00000,0x00000000c4c00000,0x00000000da180000)
 Metaspace       used 3774K, capacity 4704K, committed 4864K, reserved 1056768K
  class space    used 416K, capacity 464K, committed 512K, reserved 1048576K
Event: 15.854 GC heap after
Heap after GC invocations=1 (full 0):
 PSYoungGen      total 153088K, used 20096K [0x00000000ec400000, 0x00000000f6e80000, 0x0000000100000000)
  eden space 131584K, 0% used [0x00000000ec400000,0x00000000ec400000,0x00000000f4480000)
  from space 21504K, 93% used [0x00000000f4480000,0x00000000f5820000,0x00000000f5980000)
  to   space 21504K, 0% used [0x00000000f5980000,0x00000000f5980000,0x00000000f6e80000)
 ParOldGen       total 349696K, used 8K [0x00000000c4c00000, 0x00000000da180000, 0x00000000ec400000)
  object space 349696K, 0% used [0x00000000c4c00000,0x00000000c4c02000,0x00000000da180000)
 Metaspace       used 3774K, capacity 4704K, committed 4864K, reserved 1056768K
  class space    used 416K, capacity 464K, committed 512K, reserved 1048576K
}

Deoptimization events (10 events):
Event: 30.152 Thread 0x00007f2af4001000 Uncommon trap: reason=range_check action=none pc=0x00007f2b88d3816c method=vcube.Node.conferirTimestempStatus([I)V @ 13
Event: 30.153 Thread 0x00007f2b1c001000 Uncommon trap: reason=range_check action=none pc=0x00007f2b88d3816c method=vcube.Node.conferirTimestempStatus([I)V @ 13
Event: 30.153 Thread 0x00007f2b24001000 Uncommon trap: reason=range_check action=none pc=0x00007f2b88d3816c method=vcube.Node.conferirTimestempStatus([I)V @ 13
Event: 30.153 Thread 0x00007f2b2c001000 Uncommon trap: reason=range_check action=none pc=0x00007f2b88d3816c method=vcube.Node.conferirTimestempStatus([I)V @ 13
Event: 30.153 Thread 0x00007f2b18003000 Uncommon trap: reason=range_check action=none pc=0x00007f2b88d3816c method=vcube.Node.conferirTimestempStatus([I)V @ 13
Event: 30.153 Thread 0x00007f2b04001000 Uncommon trap: reason=range_check action=none pc=0x00007f2b88d3816c method=vcube.Node.conferirTimestempStatus([I)V @ 13
Event: 30.153 Thread 0x00007f2afc001000 Uncommon trap: reason=range_check action=none pc=0x00007f2b88d3816c method=vcube.Node.conferirTimestempStatus([I)V @ 13
Event: 30.153 Thread 0x00007f2b28001000 Uncommon trap: reason=range_check action=none pc=0x00007f2b88d3816c method=vcube.Node.conferirTimestempStatus([I)V @ 13
Event: 30.154 Thread 0x00007f2b34001000 Uncommon trap: reason=range_check action=none pc=0x00007f2b88d3816c method=vcube.Node.conferirTimestempStatus([I)V @ 13
Event: 30.154 Thread 0x00007f2aec001000 Uncommon trap: reason=range_check action=none pc=0x00007f2b88d3816c method=vcube.Node.conferirTimestempStatus([I)V @ 13

Internal exceptions (10 events):
Event: 30.152 Thread 0x00007f2af4001000 Exception <a 'java/lang/ArrayIndexOutOfBoundsException': 8> (0x00000000eebb55b8) thrown at [/HUDSON3/workspace/8-2-build-linux-amd64/jdk8u111/7883/hotspot/src/share/vm/interpreter/interpreterRuntime.cpp, line 366]
Event: 30.153 Thread 0x00007f2b1c001000 Exception <a 'java/lang/ArrayIndexOutOfBoundsException': 8> (0x00000000ee26ffe0) thrown at [/HUDSON3/workspace/8-2-build-linux-amd64/jdk8u111/7883/hotspot/src/share/vm/interpreter/interpreterRuntime.cpp, line 366]
Event: 30.153 Thread 0x00007f2b24001000 Exception <a 'java/lang/ArrayIndexOutOfBoundsException': 8> (0x00000000ee670b70) thrown at [/HUDSON3/workspace/8-2-build-linux-amd64/jdk8u111/7883/hotspot/src/share/vm/interpreter/interpreterRuntime.cpp, line 366]
Event: 30.153 Thread 0x00007f2b2c001000 Exception <a 'java/lang/ArrayIndexOutOfBoundsException': 8> (0x00000000ee11ab38) thrown at [/HUDSON3/workspace/8-2-build-linux-amd64/jdk8u111/7883/hotspot/src/share/vm/interpreter/interpreterRuntime.cpp, line 366]
Event: 30.153 Thread 0x00007f2b18003000 Exception <a 'java/lang/ArrayIndexOutOfBoundsException': 8> (0x00000000eefb4b08) thrown at [/HUDSON3/workspace/8-2-build-linux-amd64/jdk8u111/7883/hotspot/src/share/vm/interpreter/interpreterRuntime.cpp, line 366]
Event: 30.153 Thread 0x00007f2b04001000 Exception <a 'java/lang/ArrayIndexOutOfBoundsException': 8> (0x00000000eee5ee90) thrown at [/HUDSON3/workspace/8-2-build-linux-amd64/jdk8u111/7883/hotspot/src/share/vm/interpreter/interpreterRuntime.cpp, line 366]
Event: 30.153 Thread 0x00007f2afc001000 Exception <a 'java/lang/ArrayIndexOutOfBoundsException': 8> (0x00000000eed094d8) thrown at [/HUDSON3/workspace/8-2-build-linux-amd64/jdk8u111/7883/hotspot/src/share/vm/interpreter/interpreterRuntime.cpp, line 366]
Event: 30.153 Thread 0x00007f2b28001000 Exception <a 'java/lang/ArrayIndexOutOfBoundsException': 8> (0x00000000ee3c4b80) thrown at [/HUDSON3/workspace/8-2-build-linux-amd64/jdk8u111/7883/hotspot/src/share/vm/interpreter/interpreterRuntime.cpp, line 366]
Event: 30.154 Thread 0x00007f2b34001000 Exception <a 'java/lang/ArrayIndexOutOfBoundsException': 8> (0x00000000edfc4b60) thrown at [/HUDSON3/workspace/8-2-build-linux-amd64/jdk8u111/7883/hotspot/src/share/vm/interpreter/interpreterRuntime.cpp, line 366]
Event: 30.154 Thread 0x00007f2aec001000 Exception <a 'java/lang/ArrayIndexOutOfBoundsException': 8> (0x00000000eea67140) thrown at [/HUDSON3/workspace/8-2-build-linux-amd64/jdk8u111/7883/hotspot/src/share/vm/interpreter/interpreterRuntime.cpp, line 366]

Events (10 events):
Event: 30.172 loading class java/util/IdentityHashMap$KeySet
Event: 30.172 loading class java/util/IdentityHashMap$KeySet done
Event: 30.172 loading class java/util/IdentityHashMap$KeyIterator
Event: 30.172 loading class java/util/IdentityHashMap$IdentityHashMapIterator
Event: 30.173 loading class java/util/IdentityHashMap$IdentityHashMapIterator done
Event: 30.173 loading class java/util/IdentityHashMap$KeyIterator done
Event: 30.174 Thread 0x00007f2b14b3f000 Thread added: 0x00007f2b14b3f000
Event: 30.182 Thread 0x00007f2b14b3f000 Thread exited: 0x00007f2b14b3f000
Event: 30.185 Thread 0x00007f2b980b8800 Thread exited: 0x00007f2b980b8800
Event: 30.188 Executing VM operation: Exit


Dynamic libraries:
00400000-00401000 r-xp 00000000 08:01 8784123                            /home/elixandrebaldi/jdk1.8.0_111/bin/java
00600000-00601000 rw-p 00000000 08:01 8784123                            /home/elixandrebaldi/jdk1.8.0_111/bin/java
00bd7000-0170e000 rw-p 00000000 00:00 0                                  [heap]
c4c00000-da180000 rw-p 00000000 00:00 0 
da180000-ec400000 ---p 00000000 00:00 0 
ec400000-f6e80000 rw-p 00000000 00:00 0 
f6e80000-100000000 ---p 00000000 00:00 0 
100000000-100080000 rw-p 00000000 00:00 0 
100080000-140000000 ---p 00000000 00:00 0 
7f2aec000000-7f2aecb38000 rw-p 00000000 00:00 0 
7f2aecb38000-7f2af0000000 ---p 00000000 00:00 0 
7f2af4000000-7f2af4b45000 rw-p 00000000 00:00 0 
7f2af4b45000-7f2af8000000 ---p 00000000 00:00 0 
7f2afc000000-7f2afcb49000 rw-p 00000000 00:00 0 
7f2afcb49000-7f2b00000000 ---p 00000000 00:00 0 
7f2b04000000-7f2b04b32000 rw-p 00000000 00:00 0 
7f2b04b32000-7f2b08000000 ---p 00000000 00:00 0 
7f2b0c000000-7f2b0cb38000 rw-p 00000000 00:00 0 
7f2b0cb38000-7f2b10000000 ---p 00000000 00:00 0 
7f2b14000000-7f2b14b41000 rw-p 00000000 00:00 0 
7f2b14b41000-7f2b18000000 ---p 00000000 00:00 0 
7f2b18000000-7f2b19683000 rw-p 00000000 00:00 0 
7f2b19683000-7f2b1c000000 ---p 00000000 00:00 0 
7f2b1c000000-7f2b1cb30000 rw-p 00000000 00:00 0 
7f2b1cb30000-7f2b20000000 ---p 00000000 00:00 0 
7f2b20000000-7f2b20b53000 rw-p 00000000 00:00 0 
7f2b20b53000-7f2b24000000 ---p 00000000 00:00 0 
7f2b24000000-7f2b24b3d000 rw-p 00000000 00:00 0 
7f2b24b3d000-7f2b28000000 ---p 00000000 00:00 0 
7f2b28000000-7f2b28b40000 rw-p 00000000 00:00 0 
7f2b28b40000-7f2b2c000000 ---p 00000000 00:00 0 
7f2b2c000000-7f2b2cb32000 rw-p 00000000 00:00 0 
7f2b2cb32000-7f2b30000000 ---p 00000000 00:00 0 
7f2b30000000-7f2b30b3c000 rw-p 00000000 00:00 0 
7f2b30b3c000-7f2b34000000 ---p 00000000 00:00 0 
7f2b34000000-7f2b34b46000 rw-p 00000000 00:00 0 
7f2b34b46000-7f2b38000000 ---p 00000000 00:00 0 
7f2b39ff4000-7f2b39ff7000 ---p 00000000 00:00 0 
7f2b39ff7000-7f2b3a7f5000 rw-p 00000000 00:00 0 
7f2b3a7f5000-7f2b3a7f8000 ---p 00000000 00:00 0 
7f2b3a7f8000-7f2b3aff6000 rw-p 00000000 00:00 0 
7f2b3aff6000-7f2b3aff9000 ---p 00000000 00:00 0 
7f2b3aff9000-7f2b3b7f7000 rw-p 00000000 00:00 0 
7f2b3b7f7000-7f2b3b7fa000 ---p 00000000 00:00 0 
7f2b3b7fa000-7f2b3bff8000 rw-p 00000000 00:00 0 
7f2b3bff8000-7f2b3bffb000 ---p 00000000 00:00 0 
7f2b3bffb000-7f2b3c7f9000 rw-p 00000000 00:00 0 
7f2b3c7f9000-7f2b3c7fc000 ---p 00000000 00:00 0 
7f2b3c7fc000-7f2b3cffa000 rw-p 00000000 00:00 0 
7f2b3cffa000-7f2b3cffd000 ---p 00000000 00:00 0 
7f2b3cffd000-7f2b3d7fb000 rw-p 00000000 00:00 0 
7f2b3d7fb000-7f2b3d7fe000 ---p 00000000 00:00 0 
7f2b3d7fe000-7f2b3dffc000 rw-p 00000000 00:00 0 
7f2b3dffc000-7f2b3dfff000 ---p 00000000 00:00 0 
7f2b3dfff000-7f2b3e7fd000 rw-p 00000000 00:00 0 
7f2b3e7fd000-7f2b3e800000 ---p 00000000 00:00 0 
7f2b3e800000-7f2b3effe000 rw-p 00000000 00:00 0 
7f2b3effe000-7f2b3f001000 ---p 00000000 00:00 0 
7f2b3f001000-7f2b3f7ff000 rw-p 00000000 00:00 0 
7f2b3f7ff000-7f2b3f802000 ---p 00000000 00:00 0 
7f2b3f802000-7f2b40000000 rw-p 00000000 00:00 0 
7f2b40000000-7f2b40021000 rw-p 00000000 00:00 0 
7f2b40021000-7f2b44000000 ---p 00000000 00:00 0 
7f2b44000000-7f2b44021000 rw-p 00000000 00:00 0 
7f2b44021000-7f2b48000000 ---p 00000000 00:00 0 
7f2b48000000-7f2b489c9000 rw-p 00000000 00:00 0 
7f2b489c9000-7f2b4c000000 ---p 00000000 00:00 0 
7f2b4c000000-7f2b4c3cd000 rw-p 00000000 00:00 0 
7f2b4c3cd000-7f2b50000000 ---p 00000000 00:00 0 
7f2b50000000-7f2b50021000 rw-p 00000000 00:00 0 
7f2b50021000-7f2b54000000 ---p 00000000 00:00 0 
7f2b54000000-7f2b55e86000 rw-p 00000000 00:00 0 
7f2b55e86000-7f2b58000000 ---p 00000000 00:00 0 
7f2b58000000-7f2b58021000 rw-p 00000000 00:00 0 
7f2b58021000-7f2b5c000000 ---p 00000000 00:00 0 
7f2b5c311000-7f2b5c314000 ---p 00000000 00:00 0 
7f2b5c314000-7f2b5c412000 rw-p 00000000 00:00 0 
7f2b5c412000-7f2b5c415000 ---p 00000000 00:00 0 
7f2b5c415000-7f2b5c513000 rw-p 00000000 00:00 0 
7f2b5c513000-7f2b5c516000 ---p 00000000 00:00 0 
7f2b5c516000-7f2b5cd14000 rw-p 00000000 00:00 0 
7f2b5cd14000-7f2b5cd17000 ---p 00000000 00:00 0 
7f2b5cd17000-7f2b5d515000 rw-p 00000000 00:00 0 
7f2b5d515000-7f2b5d518000 ---p 00000000 00:00 0 
7f2b5d518000-7f2b5dd16000 rw-p 00000000 00:00 0 
7f2b5dd16000-7f2b5dd19000 ---p 00000000 00:00 0 
7f2b5dd19000-7f2b5e517000 rw-p 00000000 00:00 0 
7f2b5e517000-7f2b5e52f000 r-xp 00000000 08:01 2359389                    /tmp/simgrid-java6289277782070048116/libsimgrid-java.so (deleted)
7f2b5e52f000-7f2b5e72f000 ---p 00018000 08:01 2359389                    /tmp/simgrid-java6289277782070048116/libsimgrid-java.so (deleted)
7f2b5e72f000-7f2b5e730000 rw-p 00018000 08:01 2359389                    /tmp/simgrid-java6289277782070048116/libsimgrid-java.so (deleted)
7f2b5e730000-7f2b5e746000 r-xp 00000000 08:01 3936627                    /lib/x86_64-linux-gnu/libgcc_s.so.1
7f2b5e746000-7f2b5e945000 ---p 00016000 08:01 3936627                    /lib/x86_64-linux-gnu/libgcc_s.so.1
7f2b5e945000-7f2b5e946000 rw-p 00015000 08:01 3936627                    /lib/x86_64-linux-gnu/libgcc_s.so.1
7f2b5e946000-7f2b5eab8000 r-xp 00000000 08:01 23332798                   /usr/lib/x86_64-linux-gnu/libstdc++.so.6.0.21
7f2b5eab8000-7f2b5ecb8000 ---p 00172000 08:01 23332798                   /usr/lib/x86_64-linux-gnu/libstdc++.so.6.0.21
7f2b5ecb8000-7f2b5ecc2000 r--p 00172000 08:01 23332798                   /usr/lib/x86_64-linux-gnu/libstdc++.so.6.0.21
7f2b5ecc2000-7f2b5ecc4000 rw-p 0017c000 08:01 23332798                   /usr/lib/x86_64-linux-gnu/libstdc++.so.6.0.21
7f2b5ecc4000-7f2b5ecc8000 rw-p 00000000 00:00 0 
7f2b5ecc8000-7f2b5ef8d000 r-xp 00000000 08:01 2359388                    /tmp/simgrid-java6289277782070048116/libsimgrid.so (deleted)
7f2b5ef8d000-7f2b5f18d000 ---p 002c5000 08:01 2359388                    /tmp/simgrid-java6289277782070048116/libsimgrid.so (deleted)
7f2b5f18d000-7f2b5f1c8000 rw-p 002c5000 08:01 2359388                    /tmp/simgrid-java6289277782070048116/libsimgrid.so (deleted)
7f2b5f1c8000-7f2b5f4d1000 rw-p 00000000 00:00 0 
7f2b5f4d1000-7f2b5f4e7000 r-xp 00000000 08:01 8783936                    /home/elixandrebaldi/jdk1.8.0_111/jre/lib/amd64/libnet.so
7f2b5f4e7000-7f2b5f6e7000 ---p 00016000 08:01 8783936                    /home/elixandrebaldi/jdk1.8.0_111/jre/lib/amd64/libnet.so
7f2b5f6e7000-7f2b5f6e8000 rw-p 00016000 08:01 8783936                    /home/elixandrebaldi/jdk1.8.0_111/jre/lib/amd64/libnet.so
7f2b5f6e8000-7f2b5f6f9000 r-xp 00000000 08:01 8783935                    /home/elixandrebaldi/jdk1.8.0_111/jre/lib/amd64/libnio.so
7f2b5f6f9000-7f2b5f8f8000 ---p 00011000 08:01 8783935                    /home/elixandrebaldi/jdk1.8.0_111/jre/lib/amd64/libnio.so
7f2b5f8f8000-7f2b5f8f9000 rw-p 00010000 08:01 8783935                    /home/elixandrebaldi/jdk1.8.0_111/jre/lib/amd64/libnio.so
7f2b5f8f9000-7f2b5f8fa000 ---p 00000000 00:00 0 
7f2b5f8fa000-7f2b5f9fa000 rw-p 00000000 00:00 0 
7f2b5f9fa000-7f2b5f9fd000 ---p 00000000 00:00 0 
7f2b5f9fd000-7f2b5fafb000 rw-p 00000000 00:00 0 
7f2b5fafb000-7f2b5fafe000 ---p 00000000 00:00 0 
7f2b5fafe000-7f2b5fbfc000 rw-p 00000000 00:00 0 
7f2b5fbfc000-7f2b5fbff000 ---p 00000000 00:00 0 
7f2b5fbff000-7f2b5fcfd000 rw-p 00000000 00:00 0 
7f2b5fcfd000-7f2b5fd00000 ---p 00000000 00:00 0 
7f2b5fd00000-7f2b5fdfe000 rw-p 00000000 00:00 0 
7f2b5fdfe000-7f2b5fe01000 ---p 00000000 00:00 0 
7f2b5fe01000-7f2b5feff000 rw-p 00000000 00:00 0 
7f2b5feff000-7f2b5ff02000 ---p 00000000 00:00 0 
7f2b5ff02000-7f2b60000000 rw-p 00000000 00:00 0 
7f2b60000000-7f2b60021000 rw-p 00000000 00:00 0 
7f2b60021000-7f2b64000000 ---p 00000000 00:00 0 
7f2b64000000-7f2b64021000 rw-p 00000000 00:00 0 
7f2b64021000-7f2b68000000 ---p 00000000 00:00 0 
7f2b68000000-7f2b68021000 rw-p 00000000 00:00 0 
7f2b68021000-7f2b6c000000 ---p 00000000 00:00 0 
7f2b6c000000-7f2b6c021000 rw-p 00000000 00:00 0 
7f2b6c021000-7f2b70000000 ---p 00000000 00:00 0 
7f2b70000000-7f2b70021000 rw-p 00000000 00:00 0 
7f2b70021000-7f2b74000000 ---p 00000000 00:00 0 
7f2b74000000-7f2b74021000 rw-p 00000000 00:00 0 
7f2b74021000-7f2b78000000 ---p 00000000 00:00 0 
7f2b78000000-7f2b78021000 rw-p 00000000 00:00 0 
7f2b78021000-7f2b7c000000 ---p 00000000 00:00 0 
7f2b7c000000-7f2b7c021000 rw-p 00000000 00:00 0 
7f2b7c021000-7f2b80000000 ---p 00000000 00:00 0 
7f2b80000000-7f2b80021000 rw-p 00000000 00:00 0 
7f2b80021000-7f2b84000000 ---p 00000000 00:00 0 
7f2b840bb000-7f2b840dc000 r--p 00000000 08:01 24787980                   /usr/share/locale-langpack/pt_BR/LC_MESSAGES/libc.mo
7f2b840dc000-7f2b840df000 ---p 00000000 00:00 0 
7f2b840df000-7f2b841dd000 rw-p 00000000 00:00 0 
7f2b841dd000-7f2b841e1000 r-xp 00000000 08:01 8783799                    /home/elixandrebaldi/jdk1.8.0_111/jre/lib/amd64/libdt_socket.so
7f2b841e1000-7f2b843e0000 ---p 00004000 08:01 8783799                    /home/elixandrebaldi/jdk1.8.0_111/jre/lib/amd64/libdt_socket.so
7f2b843e0000-7f2b843e1000 rw-p 00003000 08:01 8783799                    /home/elixandrebaldi/jdk1.8.0_111/jre/lib/amd64/libdt_socket.so
7f2b843e1000-7f2b843e4000 ---p 00000000 00:00 0 
7f2b843e4000-7f2b844e2000 rw-p 00000000 00:00 0 
7f2b844e2000-7f2b844e5000 ---p 00000000 00:00 0 
7f2b844e5000-7f2b845e3000 rw-p 00000000 00:00 0 
7f2b845e3000-7f2b845e6000 ---p 00000000 00:00 0 
7f2b845e6000-7f2b846e4000 rw-p 00000000 00:00 0 
7f2b846e4000-7f2b846e5000 ---p 00000000 00:00 0 
7f2b846e5000-7f2b857a6000 rw-p 00000000 00:00 0 
7f2b857a6000-7f2b8597e000 r--s 03d2a000 08:01 8784070                    /home/elixandrebaldi/jdk1.8.0_111/jre/lib/rt.jar
7f2b8597e000-7f2b85dbe000 rw-p 00000000 00:00 0 
7f2b85dbe000-7f2b8617e000 ---p 00000000 00:00 0 
7f2b8617e000-7f2b880f8000 rw-p 00000000 00:00 0 
7f2b880f8000-7f2b880f9000 ---p 00000000 00:00 0 
7f2b880f9000-7f2b881f9000 rw-p 00000000 00:00 0 
7f2b881f9000-7f2b881fa000 ---p 00000000 00:00 0 
7f2b881fa000-7f2b882fa000 rw-p 00000000 00:00 0 
7f2b882fa000-7f2b882fb000 ---p 00000000 00:00 0 
7f2b882fb000-7f2b883fb000 rw-p 00000000 00:00 0 
7f2b883fb000-7f2b883fc000 ---p 00000000 00:00 0 
7f2b883fc000-7f2b885a7000 rw-p 00000000 00:00 0 
7f2b885a7000-7f2b88638000 ---p 00000000 00:00 0 
7f2b88638000-7f2b886e3000 rw-p 00000000 00:00 0 
7f2b886e3000-7f2b88774000 ---p 00000000 00:00 0 
7f2b88774000-7f2b887ca000 rw-p 00000000 00:00 0 
7f2b887ca000-7f2b88812000 ---p 00000000 00:00 0 
7f2b88812000-7f2b8881d000 rw-p 00000000 00:00 0 
7f2b8881d000-7f2b88bd3000 ---p 00000000 00:00 0 
7f2b88bd3000-7f2b88e43000 rwxp 00000000 00:00 0 
7f2b88e43000-7f2b97bd3000 ---p 00000000 00:00 0 
7f2b97bd3000-7f2b97bed000 r-xp 00000000 08:01 8783934                    /home/elixandrebaldi/jdk1.8.0_111/jre/lib/amd64/libzip.so
7f2b97bed000-7f2b97ded000 ---p 0001a000 08:01 8783934                    /home/elixandrebaldi/jdk1.8.0_111/jre/lib/amd64/libzip.so
7f2b97ded000-7f2b97dee000 rw-p 0001a000 08:01 8783934                    /home/elixandrebaldi/jdk1.8.0_111/jre/lib/amd64/libzip.so
7f2b97dee000-7f2b97df9000 r-xp 00000000 08:01 3932251                    /lib/x86_64-linux-gnu/libnss_files-2.23.so
7f2b97df9000-7f2b97ff8000 ---p 0000b000 08:01 3932251                    /lib/x86_64-linux-gnu/libnss_files-2.23.so
7f2b97ff8000-7f2b97ff9000 r--p 0000a000 08:01 3932251                    /lib/x86_64-linux-gnu/libnss_files-2.23.so
7f2b97ff9000-7f2b97ffa000 rw-p 0000b000 08:01 3932251                    /lib/x86_64-linux-gnu/libnss_files-2.23.so
7f2b97ffa000-7f2b98000000 rw-p 00000000 00:00 0 
7f2b98000000-7f2b9a915000 rw-p 00000000 00:00 0 
7f2b9a915000-7f2b9c000000 ---p 00000000 00:00 0 
7f2b9c004000-7f2b9c07a000 rw-p 00000000 00:00 0 
7f2b9c07a000-7f2b9c085000 r-xp 00000000 08:01 3932244                    /lib/x86_64-linux-gnu/libnss_nis-2.23.so
7f2b9c085000-7f2b9c284000 ---p 0000b000 08:01 3932244                    /lib/x86_64-linux-gnu/libnss_nis-2.23.so
7f2b9c284000-7f2b9c285000 r--p 0000a000 08:01 3932244                    /lib/x86_64-linux-gnu/libnss_nis-2.23.so
7f2b9c285000-7f2b9c286000 rw-p 0000b000 08:01 3932244                    /lib/x86_64-linux-gnu/libnss_nis-2.23.so
7f2b9c286000-7f2b9c29c000 r-xp 00000000 08:01 3932246                    /lib/x86_64-linux-gnu/libnsl-2.23.so
7f2b9c29c000-7f2b9c49b000 ---p 00016000 08:01 3932246                    /lib/x86_64-linux-gnu/libnsl-2.23.so
7f2b9c49b000-7f2b9c49c000 r--p 00015000 08:01 3932246                    /lib/x86_64-linux-gnu/libnsl-2.23.so
7f2b9c49c000-7f2b9c49d000 rw-p 00016000 08:01 3932246                    /lib/x86_64-linux-gnu/libnsl-2.23.so
7f2b9c49d000-7f2b9c49f000 rw-p 00000000 00:00 0 
7f2b9c49f000-7f2b9c4a7000 r-xp 00000000 08:01 3932253                    /lib/x86_64-linux-gnu/libnss_compat-2.23.so
7f2b9c4a7000-7f2b9c6a6000 ---p 00008000 08:01 3932253                    /lib/x86_64-linux-gnu/libnss_compat-2.23.so
7f2b9c6a6000-7f2b9c6a7000 r--p 00007000 08:01 3932253                    /lib/x86_64-linux-gnu/libnss_compat-2.23.so
7f2b9c6a7000-7f2b9c6a8000 rw-p 00008000 08:01 3932253                    /lib/x86_64-linux-gnu/libnss_compat-2.23.so
7f2b9c6a8000-7f2b9dafa000 r--p 00000000 08:01 23331759                   /usr/lib/locale/locale-archive
7f2b9dafa000-7f2b9dafc000 r-xp 00000000 08:01 8783932                    /home/elixandrebaldi/jdk1.8.0_111/jre/lib/amd64/libnpt.so
7f2b9dafc000-7f2b9dcfc000 ---p 00002000 08:01 8783932                    /home/elixandrebaldi/jdk1.8.0_111/jre/lib/amd64/libnpt.so
7f2b9dcfc000-7f2b9dcfd000 rw-p 00002000 08:01 8783932                    /home/elixandrebaldi/jdk1.8.0_111/jre/lib/amd64/libnpt.so
7f2b9dcfd000-7f2b9dd36000 r-xp 00000000 08:01 8783902                    /home/elixandrebaldi/jdk1.8.0_111/jre/lib/amd64/libjdwp.so
7f2b9dd36000-7f2b9df35000 ---p 00039000 08:01 8783902                    /home/elixandrebaldi/jdk1.8.0_111/jre/lib/amd64/libjdwp.so
7f2b9df35000-7f2b9df37000 rw-p 00038000 08:01 8783902                    /home/elixandrebaldi/jdk1.8.0_111/jre/lib/amd64/libjdwp.so
7f2b9df37000-7f2b9df62000 r-xp 00000000 08:01 8783907                    /home/elixandrebaldi/jdk1.8.0_111/jre/lib/amd64/libjava.so
7f2b9df62000-7f2b9e161000 ---p 0002b000 08:01 8783907                    /home/elixandrebaldi/jdk1.8.0_111/jre/lib/amd64/libjava.so
7f2b9e161000-7f2b9e163000 rw-p 0002a000 08:01 8783907                    /home/elixandrebaldi/jdk1.8.0_111/jre/lib/amd64/libjava.so
7f2b9e163000-7f2b9e170000 r-xp 00000000 08:01 8783870                    /home/elixandrebaldi/jdk1.8.0_111/jre/lib/amd64/libverify.so
7f2b9e170000-7f2b9e36f000 ---p 0000d000 08:01 8783870                    /home/elixandrebaldi/jdk1.8.0_111/jre/lib/amd64/libverify.so
7f2b9e36f000-7f2b9e371000 rw-p 0000c000 08:01 8783870                    /home/elixandrebaldi/jdk1.8.0_111/jre/lib/amd64/libverify.so
7f2b9e371000-7f2b9e378000 r-xp 00000000 08:01 3932254                    /lib/x86_64-linux-gnu/librt-2.23.so
7f2b9e378000-7f2b9e577000 ---p 00007000 08:01 3932254                    /lib/x86_64-linux-gnu/librt-2.23.so
7f2b9e577000-7f2b9e578000 r--p 00006000 08:01 3932254                    /lib/x86_64-linux-gnu/librt-2.23.so
7f2b9e578000-7f2b9e579000 rw-p 00007000 08:01 3932254                    /lib/x86_64-linux-gnu/librt-2.23.so
7f2b9e579000-7f2b9e681000 r-xp 00000000 08:01 3932245                    /lib/x86_64-linux-gnu/libm-2.23.so
7f2b9e681000-7f2b9e880000 ---p 00108000 08:01 3932245                    /lib/x86_64-linux-gnu/libm-2.23.so
7f2b9e880000-7f2b9e881000 r--p 00107000 08:01 3932245                    /lib/x86_64-linux-gnu/libm-2.23.so
7f2b9e881000-7f2b9e882000 rw-p 00108000 08:01 3932245                    /lib/x86_64-linux-gnu/libm-2.23.so
7f2b9e882000-7f2b9f54f000 r-xp 00000000 08:01 8783785                    /home/elixandrebaldi/jdk1.8.0_111/jre/lib/amd64/server/libjvm.so
7f2b9f54f000-7f2b9f74e000 ---p 00ccd000 08:01 8783785                    /home/elixandrebaldi/jdk1.8.0_111/jre/lib/amd64/server/libjvm.so
7f2b9f74e000-7f2b9f827000 rw-p 00ccc000 08:01 8783785                    /home/elixandrebaldi/jdk1.8.0_111/jre/lib/amd64/server/libjvm.so
7f2b9f827000-7f2b9f872000 rw-p 00000000 00:00 0 
7f2b9f872000-7f2b9fa31000 r-xp 00000000 08:01 3932247                    /lib/x86_64-linux-gnu/libc-2.23.so
7f2b9fa31000-7f2b9fc31000 ---p 001bf000 08:01 3932247                    /lib/x86_64-linux-gnu/libc-2.23.so
7f2b9fc31000-7f2b9fc35000 r--p 001bf000 08:01 3932247                    /lib/x86_64-linux-gnu/libc-2.23.so
7f2b9fc35000-7f2b9fc37000 rw-p 001c3000 08:01 3932247                    /lib/x86_64-linux-gnu/libc-2.23.so
7f2b9fc37000-7f2b9fc3b000 rw-p 00000000 00:00 0 
7f2b9fc3b000-7f2b9fc3e000 r-xp 00000000 08:01 3932243                    /lib/x86_64-linux-gnu/libdl-2.23.so
7f2b9fc3e000-7f2b9fe3d000 ---p 00003000 08:01 3932243                    /lib/x86_64-linux-gnu/libdl-2.23.so
7f2b9fe3d000-7f2b9fe3e000 r--p 00002000 08:01 3932243                    /lib/x86_64-linux-gnu/libdl-2.23.so
7f2b9fe3e000-7f2b9fe3f000 rw-p 00003000 08:01 3932243                    /lib/x86_64-linux-gnu/libdl-2.23.so
7f2b9fe3f000-7f2b9fe54000 r-xp 00000000 08:01 8783943                    /home/elixandrebaldi/jdk1.8.0_111/lib/amd64/jli/libjli.so
7f2b9fe54000-7f2ba0054000 ---p 00015000 08:01 8783943                    /home/elixandrebaldi/jdk1.8.0_111/lib/amd64/jli/libjli.so
7f2ba0054000-7f2ba0055000 rw-p 00015000 08:01 8783943                    /home/elixandrebaldi/jdk1.8.0_111/lib/amd64/jli/libjli.so
7f2ba0055000-7f2ba006d000 r-xp 00000000 08:01 3932258                    /lib/x86_64-linux-gnu/libpthread-2.23.so
7f2ba006d000-7f2ba026c000 ---p 00018000 08:01 3932258                    /lib/x86_64-linux-gnu/libpthread-2.23.so
7f2ba026c000-7f2ba026d000 r--p 00017000 08:01 3932258                    /lib/x86_64-linux-gnu/libpthread-2.23.so
7f2ba026d000-7f2ba026e000 rw-p 00018000 08:01 3932258                    /lib/x86_64-linux-gnu/libpthread-2.23.so
7f2ba026e000-7f2ba0272000 rw-p 00000000 00:00 0 
7f2ba0272000-7f2ba0298000 r-xp 00000000 08:01 3932248                    /lib/x86_64-linux-gnu/ld-2.23.so
7f2ba029d000-7f2ba0375000 rw-p 00000000 00:00 0 
7f2ba0375000-7f2ba0378000 ---p 00000000 00:00 0 
7f2ba0378000-7f2ba047a000 rw-p 00000000 00:00 0 
7f2ba047c000-7f2ba0483000 r--s 00000000 08:01 23463272                   /usr/lib/x86_64-linux-gnu/gconv/gconv-modules.cache
7f2ba0483000-7f2ba0488000 r--s 00096000 08:01 8783911                    /home/elixandrebaldi/jdk1.8.0_111/jre/lib/jsse.jar
7f2ba0488000-7f2ba048b000 r--s 00f76000 08:01 8524426                    /home/elixandrebaldi/Documentos/VCubeDHT/simgrid.jar
7f2ba048b000-7f2ba0493000 rw-s 00000000 08:01 2359380                    /tmp/hsperfdata_elixandrebaldi/4211 (deleted)
7f2ba0493000-7f2ba0494000 rw-p 00000000 00:00 0 
7f2ba0494000-7f2ba0495000 ---p 00000000 00:00 0 
7f2ba0495000-7f2ba0497000 rw-p 00000000 00:00 0 
7f2ba0497000-7f2ba0498000 r--p 00025000 08:01 3932248                    /lib/x86_64-linux-gnu/ld-2.23.so
7f2ba0498000-7f2ba0499000 rw-p 00026000 08:01 3932248                    /lib/x86_64-linux-gnu/ld-2.23.so
7f2ba0499000-7f2ba049a000 rw-p 00000000 00:00 0 
7ffcf2984000-7ffcf29a5000 rw-p 00000000 00:00 0                          [stack]
7ffcf29aa000-7ffcf29ac000 r--p 00000000 00:00 0                          [vvar]
7ffcf29ac000-7ffcf29ae000 r-xp 00000000 00:00 0                          [vdso]
ffffffffff600000-ffffffffff601000 r-xp 00000000 00:00 0                  [vsyscall]

VM Arguments:
jvm_args: -Xdebug -Xrunjdwp:transport=dt_socket,address=localhost:38419 -Dfile.encoding=UTF-8 -Xms512m 
java_command: vcube.VCube platform.xml deployment.xml
java_class_path (initial): /home/elixandrebaldi/Documentos/VCubeDHT/simgrid.jar:/home/elixandrebaldi/Documentos/VCubeDHT/VCube/build/classes
Launcher Type: SUN_STANDARD

Environment Variables:
PATH=/home/elixandrebaldi/bin:/home/elixandrebaldi/.local/bin:/usr/local/sbin:/usr/local/bin:/usr/sbin:/usr/bin:/sbin:/bin:/usr/games:/usr/local/games
LD_LIBRARY_PATH=/home/elixandrebaldi/jdk1.8.0_111/jre/lib/amd64:/home/elixandrebaldi/jdk1.8.0_111/jre/lib/i386:
SHELL=/bin/bash
DISPLAY=:0

Signal Handlers:
SIGSEGV: [libjvm.so+0xac64b0], sa_mask[0]=11111111011111111101111111111110, sa_flags=SA_RESTART|SA_SIGINFO
SIGBUS: [libjvm.so+0xac64b0], sa_mask[0]=11111111011111111101111111111110, sa_flags=SA_RESTART|SA_SIGINFO
SIGFPE: [libjvm.so+0x91f950], sa_mask[0]=11111111011111111101111111111110, sa_flags=SA_RESTART|SA_SIGINFO
SIGPIPE: [libjvm.so+0x91f950], sa_mask[0]=11111111011111111101111111111110, sa_flags=SA_RESTART|SA_SIGINFO
SIGXFSZ: [libjvm.so+0x91f950], sa_mask[0]=11111111011111111101111111111110, sa_flags=SA_RESTART|SA_SIGINFO
SIGILL: [libjvm.so+0x91f950], sa_mask[0]=11111111011111111101111111111110, sa_flags=SA_RESTART|SA_SIGINFO
SIGUSR1: SIG_DFL, sa_mask[0]=00000000000000000000000000000000, sa_flags=none
SIGUSR2: [libjvm.so+0x920f80], sa_mask[0]=00100000000000000000000000000000, sa_flags=SA_RESTART|SA_SIGINFO
SIGHUP: [libjvm.so+0x922380], sa_mask[0]=11111111011111111101111111111110, sa_flags=SA_RESTART|SA_SIGINFO
SIGINT: [libsimgrid.so+0x8ff50], sa_mask[0]=01000000000000000000000000000000, sa_flags=SA_RESTART
SIGTERM: [libjvm.so+0x922380], sa_mask[0]=11111111011111111101111111111110, sa_flags=SA_RESTART|SA_SIGINFO
SIGQUIT: [libjvm.so+0x922380], sa_mask[0]=11111111011111111101111111111110, sa_flags=SA_RESTART|SA_SIGINFO


---------------  S Y S T E M  ---------------

OS:DISTRIB_ID="elementary"
DISTRIB_RELEASE=0.4.1
DISTRIB_CODENAME=loki
DISTRIB_DESCRIPTION="elementary OS 0.4.1 Loki"

uname:Linux 4.4.0-79-generic #100-Ubuntu SMP Wed May 17 19:58:14 UTC 2017 x86_64
libc:glibc 2.23 NPTL 2.23 
rlimit: STACK 8192k, CORE 0k, NPROC 14991, NOFILE 65536, AS infinity
load average:3.14 3.30 1.72

/proc/meminfo:
MemTotal:        3878592 kB
MemFree:          141580 kB
MemAvailable:    1047636 kB
Buffers:          160492 kB
Cached:          1080932 kB
SwapCached:          140 kB
Active:          2424912 kB
Inactive:        1044884 kB
Active(anon):    1903296 kB
Inactive(anon):   520700 kB
Active(file):     521616 kB
Inactive(file):   524184 kB
Unevictable:          48 kB
Mlocked:              48 kB
SwapTotal:       4025340 kB
SwapFree:        4020396 kB
Dirty:             12308 kB
Writeback:             0 kB
AnonPages:       2228320 kB
Mapped:           399736 kB
Shmem:            195624 kB
Slab:             158368 kB
SReclaimable:     125504 kB
SUnreclaim:        32864 kB
KernelStack:        9728 kB
PageTables:        37988 kB
NFS_Unstable:          0 kB
Bounce:                0 kB
WritebackTmp:          0 kB
CommitLimit:     5964636 kB
Committed_AS:    6783152 kB
VmallocTotal:   34359738367 kB
VmallocUsed:           0 kB
VmallocChunk:          0 kB
HardwareCorrupted:     0 kB
AnonHugePages:    743424 kB
CmaTotal:              0 kB
CmaFree:               0 kB
HugePages_Total:       0
HugePages_Free:        0
HugePages_Rsvd:        0
HugePages_Surp:        0
Hugepagesize:       2048 kB
DirectMap4k:      150264 kB
DirectMap2M:     3876864 kB


CPU:total 4 (2 cores per cpu, 2 threads per core) family 6 model 58 stepping 9, cmov, cx8, fxsr, mmx, sse, sse2, sse3, ssse3, sse4.1, sse4.2, popcnt, avx, clmul, erms, ht, tsc, tscinvbit, tscinv

/proc/cpuinfo:
processor	: 0
vendor_id	: GenuineIntel
cpu family	: 6
model		: 58
model name	: Intel(R) Core(TM) i7-3517U CPU @ 1.90GHz
stepping	: 9
microcode	: 0x12
cpu MHz		: 2799.937
cache size	: 4096 KB
physical id	: 0
siblings	: 4
core id		: 0
cpu cores	: 2
apicid		: 0
initial apicid	: 0
fpu		: yes
fpu_exception	: yes
cpuid level	: 13
wp		: yes
flags		: fpu vme de pse tsc msr pae mce cx8 apic sep mtrr pge mca cmov pat pse36 clflush dts acpi mmx fxsr sse sse2 ss ht tm pbe syscall nx rdtscp lm constant_tsc arch_perfmon pebs bts rep_good nopl xtopology nonstop_tsc aperfmperf eagerfpu pni pclmulqdq dtes64 monitor ds_cpl vmx est tm2 ssse3 cx16 xtpr pdcm pcid sse4_1 sse4_2 x2apic popcnt tsc_deadline_timer xsave avx f16c rdrand lahf_lm epb tpr_shadow vnmi flexpriority ept vpid fsgsbase smep erms xsaveopt dtherm ida arat pln pts
bugs		:
bogomips	: 4788.84
clflush size	: 64
cache_alignment	: 64
address sizes	: 36 bits physical, 48 bits virtual
power management:

processor	: 1
vendor_id	: GenuineIntel
cpu family	: 6
model		: 58
model name	: Intel(R) Core(TM) i7-3517U CPU @ 1.90GHz
stepping	: 9
microcode	: 0x12
cpu MHz		: 2799.937
cache size	: 4096 KB
physical id	: 0
siblings	: 4
core id		: 0
cpu cores	: 2
apicid		: 1
initial apicid	: 1
fpu		: yes
fpu_exception	: yes
cpuid level	: 13
wp		: yes
flags		: fpu vme de pse tsc msr pae mce cx8 apic sep mtrr pge mca cmov pat pse36 clflush dts acpi mmx fxsr sse sse2 ss ht tm pbe syscall nx rdtscp lm constant_tsc arch_perfmon pebs bts rep_good nopl xtopology nonstop_tsc aperfmperf eagerfpu pni pclmulqdq dtes64 monitor ds_cpl vmx est tm2 ssse3 cx16 xtpr pdcm pcid sse4_1 sse4_2 x2apic popcnt tsc_deadline_timer xsave avx f16c rdrand lahf_lm epb tpr_shadow vnmi flexpriority ept vpid fsgsbase smep erms xsaveopt dtherm ida arat pln pts
bugs		:
bogomips	: 4788.84
clflush size	: 64
cache_alignment	: 64
address sizes	: 36 bits physical, 48 bits virtual
power management:

processor	: 2
vendor_id	: GenuineIntel
cpu family	: 6
model		: 58
model name	: Intel(R) Core(TM) i7-3517U CPU @ 1.90GHz
stepping	: 9
microcode	: 0x12
cpu MHz		: 2799.937
cache size	: 4096 KB
physical id	: 0
siblings	: 4
core id		: 1
cpu cores	: 2
apicid		: 2
initial apicid	: 2
fpu		: yes
fpu_exception	: yes
cpuid level	: 13
wp		: yes
flags		: fpu vme de pse tsc msr pae mce cx8 apic sep mtrr pge mca cmov pat pse36 clflush dts acpi mmx fxsr sse sse2 ss ht tm pbe syscall nx rdtscp lm constant_tsc arch_perfmon pebs bts rep_good nopl xtopology nonstop_tsc aperfmperf eagerfpu pni pclmulqdq dtes64 monitor ds_cpl vmx est tm2 ssse3 cx16 xtpr pdcm pcid sse4_1 sse4_2 x2apic popcnt tsc_deadline_timer xsave avx f16c rdrand lahf_lm epb tpr_shadow vnmi flexpriority ept vpid fsgsbase smep erms xsaveopt dtherm ida arat pln pts
bugs		:
bogomips	: 4788.84
clflush size	: 64
cache_alignment	: 64
address sizes	: 36 bits physical, 48 bits virtual
power management:

processor	: 3
vendor_id	: GenuineIntel
cpu family	: 6
model		: 58
model name	: Intel(R) Core(TM) i7-3517U CPU @ 1.90GHz
stepping	: 9
microcode	: 0x12
cpu MHz		: 2799.937
cache size	: 4096 KB
physical id	: 0
siblings	: 4
core id		: 1
cpu cores	: 2
apicid		: 3
initial apicid	: 3
fpu		: yes
fpu_exception	: yes
cpuid level	: 13
wp		: yes
flags		: fpu vme de pse tsc msr pae mce cx8 apic sep mtrr pge mca cmov pat pse36 clflush dts acpi mmx fxsr sse sse2 ss ht tm pbe syscall nx rdtscp lm constant_tsc arch_perfmon pebs bts rep_good nopl xtopology nonstop_tsc aperfmperf eagerfpu pni pclmulqdq dtes64 monitor ds_cpl vmx est tm2 ssse3 cx16 xtpr pdcm pcid sse4_1 sse4_2 x2apic popcnt tsc_deadline_timer xsave avx f16c rdrand lahf_lm epb tpr_shadow vnmi flexpriority ept vpid fsgsbase smep erms xsaveopt dtherm ida arat pln pts
bugs		:
bogomips	: 4788.84
clflush size	: 64
cache_alignment	: 64
address sizes	: 36 bits physical, 48 bits virtual
power management:



Memory: 4k page, physical 3878592k(141580k free), swap 4025340k(4020396k free)

vm_info: Java HotSpot(TM) 64-Bit Server VM (25.111-b14) for linux-amd64 JRE (1.8.0_111-b14), built on Sep 22 2016 16:14:03 by "java_re" with gcc 4.3.0 20080428 (Red Hat 4.3.0-8)

time: Mon Jun 12 13:43:49 2017
elapsed time: 30 seconds (0d 0h 0m 30s)

