#
# A fatal error has been detected by the Java Runtime Environment:
#
#  SIGSEGV (0xb) at pc=0x00007f4c98f7976b, pid=2581, tid=139966673835776
#
# JRE version: Java(TM) SE Runtime Environment (7.0_80-b15) (build 1.7.0_80-b15)
# Java VM: Java HotSpot(TM) 64-Bit Server VM (24.80-b11 mixed mode linux-amd64 compressed oops)
# Problematic frame:
# C  [libc.so.6+0x8076b]  _IO_str_seekoff+0x299b
#
# Failed to write core dump. Core dumps have been disabled. To enable core dumping, try "ulimit -c unlimited" before starting Java again
#
# If you would like to submit a bug report, please visit:
#   http://bugreport.java.com/bugreport/crash.jsp
# The crash happened outside the Java Virtual Machine in native code.
# See problematic frame for where to report the bug.
#

---------------  T H R E A D  ---------------

Current thread (0x00007f4c90070800):  JavaThread "Finalizer" daemon [_thread_in_native, id=2592, stack(0x00007f4c87cfd000,0x00007f4c87dfe000)]

siginfo:si_signo=SIGSEGV: si_errno=0, si_code=1 (SEGV_MAPERR), si_addr=0x00007fbbb463bb88

Registers:
RAX=0x00007f4c501a7e20, RBX=0x00007f4c50024b10, RCX=0x00007f4c87dfc740, RDX=0xffffff909b9e8f90
RSP=0x00007f4c87dfc560, RBP=0x0000006f64617070, RSI=0x0000000000000001, RDI=0x0000000000000000
R8 =0x00007f4c40010240, R9 =0x0000000000000001, R10=0x0000000000000006, R11=0x00007f4c98ecede8
R12=0x00007fbbb463bb80, R13=0x00007f4c50000020, R14=0x00007f4c87dfc740, R15=0x00007f4c90070800
RIP=0x00007f4c98f7976b, EFLAGS=0x0000000000010202, CSGSFS=0x0000000000000033, ERR=0x0000000000000004
  TRAPNO=0x000000000000000e

Top of Stack: (sp=0x00007f4c87dfc560)
0x00007f4c87dfc560:   00007f4c996e73f0 00000000900710c0
0x00007f4c87dfc570:   00007f4c90070d20 00007f4c87dfc5b0
0x00007f4c87dfc580:   00000000000000b7 00007f4c40010370
0x00007f4c87dfc590:   00007f4c869dfce0 00007f4c400102e0
0x00007f4c87dfc5a0:   00000000bfdbde88 00007f4c00000001
0x00007f4c87dfc5b0:   00007f4c40010370 00007f4c98f7d7ec
0x00007f4c87dfc5c0:   00007f4c90071500 00007f4c90071528
0x00007f4c87dfc5d0:   00007f4c90071550 00007f4c50024a50
0x00007f4c87dfc5e0:   00007f4c869dfce0 0000000000000000
0x00007f4c87dfc5f0:   00000000bfdbde88 00007f4c87dfc740
0x00007f4c87dfc600:   00007f4c90070800 00007f4c98f7d7ec
0x00007f4c87dfc610:   0000007f90071528 00007f4c90071078
0x00007f4c87dfc620:   00007f4c9006e000 00007f4c40010240
0x00007f4c87dfc630:   00007f4c869dfce0 00007f4c50024a50
0x00007f4c87dfc640:   00007f4c869dfce0 0000000000000000
0x00007f4c87dfc650:   00000000bfdbde88 00007f4c86568683
0x00007f4c87dfc660:   00007f4c90070800 00007f4c74004d18
0x00007f4c87dfc670:   01007f4c74004ce0 00007f4c87dfc680
0x00007f4c87dfc680:   0000000000000bad 00007f4c90071078
0x00007f4c87dfc690:   00007f4c90070800 00007f4c9888d99c
0x00007f4c87dfc6a0:   00007f4c90071500 00007f4c85d3dde7
0x00007f4c87dfc6b0:   0000000000000000 00000000bfdbde88
0x00007f4c87dfc6c0:   00007f4c87dfc720 00007f4c8d012d98
0x00007f4c87dfc6d0:   00007f4c87dfc730 00007f4c9888ea0b
0x00007f4c87dfc6e0:   00007f4c87dfc6e0 0000000000000000
0x00007f4c87dfc6f0:   00007f4c87dfc740 00000000bfdbf860
0x00007f4c87dfc700:   0000000000000000 00000000bfdbde88
0x00007f4c87dfc710:   0000000000000000 00007f4c87dfc740
0x00007f4c87dfc720:   00007f4c87dfc788 00007f4c8d006058
0x00007f4c87dfc730:   0000000000000000 00007f4c8d00ecd8
0x00007f4c87dfc740:   00000000ed3dce58 00007f4c87dfc748
0x00007f4c87dfc750:   00000000bfdbdda1 00007f4c87dfc7a0 

Instructions: (pc=0x00007f4c98f7976b)
0x00007f4c98f7974b:   4c 8d 24 2e c7 44 24 48 00 00 00 00 48 39 c6 0f
0x00007f4c98f7975b:   84 70 09 00 00 41 f6 45 04 02 0f 84 85 08 00 00
0x00007f4c98f7976b:   49 8b 44 24 08 a8 01 0f 84 98 08 00 00 49 89 c7
0x00007f4c98f7977b:   49 83 e7 f8 48 83 f8 10 0f 86 e7 06 00 00 4d 3b 

Register to memory mapping:

RAX=0x00007f4c501a7e20 is an unknown value
RBX=0x00007f4c50024b10 is an unknown value
RCX=0x00007f4c87dfc740 is pointing into the stack for thread: 0x00007f4c90070800
RDX=0xffffff909b9e8f90 is an unknown value
RSP=0x00007f4c87dfc560 is pointing into the stack for thread: 0x00007f4c90070800
RBP=0x0000006f64617070 is an unknown value
RSI=0x0000000000000001 is an unknown value
RDI=0x0000000000000000 is an unknown value
R8 =0x00007f4c40010240 is an unknown value
R9 =0x0000000000000001 is an unknown value
R10=0x0000000000000006 is an unknown value
R11=0x00007f4c98ecede8: <offset 0xe4fde8> in /home/elixandre/jdk1.7.0_80/jre/lib/amd64/server/libjvm.so at 0x00007f4c9807f000
R12=0x00007fbbb463bb80 is an unknown value
R13=0x00007f4c50000020 is an unknown value
R14=0x00007f4c87dfc740 is pointing into the stack for thread: 0x00007f4c90070800
R15=0x00007f4c90070800 is a thread


Stack: [0x00007f4c87cfd000,0x00007f4c87dfe000],  sp=0x00007f4c87dfc560,  free space=1021k
Native frames: (J=compiled Java code, j=interpreted, Vv=VM code, C=native code)
C  [libc.so.6+0x8076b]  _IO_str_seekoff+0x299b

[error occurred during error reporting (printing native stack), id 0xb]

Java frames: (J=compiled Java code, j=interpreted, Vv=VM code)
j  org.simgrid.msg.Task.nativeFinalize()V+0
j  org.simgrid.msg.Task.finalize()V+1
j  java.lang.System$2.invokeFinalize(Ljava/lang/Object;)V+1
j  java.lang.ref.Finalizer.runFinalizer(Lsun/misc/JavaLangAccess;)V+46
j  java.lang.ref.Finalizer.access$100(Ljava/lang/ref/Finalizer;Lsun/misc/JavaLangAccess;)V+2
j  java.lang.ref.Finalizer$FinalizerThread.run()V+45
v  ~StubRoutines::call_stub

---------------  P R O C E S S  ---------------

Java Threads: ( => current thread )
  0x00007f4c30001000 JavaThread "Thread-8" [_thread_in_native, id=2605, stack(0x00007f4c457fb000,0x00007f4c45ffc000)]
  0x00007f4c3c001000 JavaThread "Thread-7" [_thread_in_native, id=2604, stack(0x00007f4c45ffc000,0x00007f4c467fd000)]
  0x00007f4c38001000 JavaThread "Thread-6" [_thread_in_native, id=2603, stack(0x00007f4c467fd000,0x00007f4c46ffe000)]
  0x00007f4c40001000 JavaThread "Thread-5" [_thread_in_native, id=2602, stack(0x00007f4c46ffe000,0x00007f4c477ff000)]
  0x00007f4c4c001000 JavaThread "Thread-4" [_thread_in_native, id=2601, stack(0x00007f4c477ff000,0x00007f4c48000000)]
  0x00007f4c48001000 JavaThread "Thread-3" [_thread_in_native, id=2600, stack(0x00007f4c8452f000,0x00007f4c84d30000)]
  0x00007f4c54001000 JavaThread "Thread-2" [_thread_in_native, id=2599, stack(0x00007f4c84d30000,0x00007f4c85531000)]
  0x00007f4c50001000 JavaThread "Thread-1" [_thread_in_vm, id=2598, stack(0x00007f4c85531000,0x00007f4c85d32000)]
  0x00007f4c90099000 JavaThread "Service Thread" daemon [_thread_blocked, id=2596, stack(0x00007f4c87216000,0x00007f4c87317000)]
  0x00007f4c90096800 JavaThread "C2 CompilerThread1" daemon [_thread_blocked, id=2595, stack(0x00007f4c87317000,0x00007f4c87418000)]
  0x00007f4c90093800 JavaThread "C2 CompilerThread0" daemon [_thread_blocked, id=2594, stack(0x00007f4c87418000,0x00007f4c87519000)]
  0x00007f4c90091800 JavaThread "Signal Dispatcher" daemon [_thread_blocked, id=2593, stack(0x00007f4c87519000,0x00007f4c8761a000)]
=>0x00007f4c90070800 JavaThread "Finalizer" daemon [_thread_in_native, id=2592, stack(0x00007f4c87cfd000,0x00007f4c87dfe000)]
  0x00007f4c9006e000 JavaThread "Reference Handler" daemon [_thread_in_Java, id=2591, stack(0x00007f4c87dfe000,0x00007f4c87eff000)]
  0x00007f4c90009800 JavaThread "main" [_thread_in_native, id=2584, stack(0x00007f4c999fd000,0x00007f4c99afe000)]

Other Threads:
  0x00007f4c9006a000 VMThread [stack: 0x00007f4c87eff000,0x00007f4c88000000] [id=2590]
  0x00007f4c900a4000 WatcherThread [stack: 0x00007f4c87115000,0x00007f4c87216000] [id=2597]

VM state:not at safepoint (normal execution)

VM Mutex/Monitor currently owned by a thread: None

Heap
 PSYoungGen      total 17920K, used 4234K [0x00000000ec400000, 0x00000000ee700000, 0x0000000100000000)
  eden space 15360K, 11% used [0x00000000ec400000,0x00000000ec5caae0,0x00000000ed300000)
  from space 2560K, 93% used [0x00000000ed300000,0x00000000ed558000,0x00000000ed580000)
  to   space 2560K, 0% used [0x00000000ee480000,0x00000000ee480000,0x00000000ee700000)
 ParOldGen       total 40448K, used 0K [0x00000000c4c00000, 0x00000000c7380000, 0x00000000ec400000)
  object space 40448K, 0% used [0x00000000c4c00000,0x00000000c4c00000,0x00000000c7380000)
 PSPermGen       total 21504K, used 3900K [0x00000000bfa00000, 0x00000000c0f00000, 0x00000000c4c00000)
  object space 21504K, 18% used [0x00000000bfa00000,0x00000000bfdcf078,0x00000000c0f00000)

Card table byte_map: [0x00007f4c96adf000,0x00007f4c96ce3000] byte_map_base: 0x00007f4c964e2000

Polling page: 0x00007f4c99b1a000

Code Cache  [0x00007f4c8d000000, 0x00007f4c8d270000, 0x00007f4c90000000)
 total_blobs=258 nmethods=49 adapters=163 free_code_cache=48685Kb largest_free_block=49829952

Compilation events (10 events):
Event: 2.573 Thread 0x00007f4c90093800   41             vcube.Node::imprimirTimestempStatus (72 bytes)
Event: 2.584 Thread 0x00007f4c90093800 nmethod 41 0x00007f4c8d072ed0 code [0x00007f4c8d073060, 0x00007f4c8d0735a8]
Event: 2.584 Thread 0x00007f4c90096800 nmethod 40 0x00007f4c8d06d310 code [0x00007f4c8d06d4a0, 0x00007f4c8d06d9e8]
Event: 2.837 Thread 0x00007f4c90093800   42             java.lang.String::indexOf (7 bytes)
Event: 2.840 Thread 0x00007f4c90093800 nmethod 42 0x00007f4c8d06cf50 code [0x00007f4c8d06d0a0, 0x00007f4c8d06d1f8]
Event: 2.947 Thread 0x00007f4c90096800   43             org.simgrid.msg.Task::receive (7 bytes)
Event: 2.947 Thread 0x00007f4c90096800 nmethod 43 0x00007f4c8d06c910 code [0x00007f4c8d06ca60, 0x00007f4c8d06cac8]
Event: 3.313 Thread 0x00007f4c90093800   45             java.lang.ref.Finalizer::register (10 bytes)
Event: 3.316 Thread 0x00007f4c90093800 nmethod 45 0x00007f4c8d075750 code [0x00007f4c8d0758c0, 0x00007f4c8d075c58]
Event: 3.316 Thread 0x00007f4c90093800   46             java.lang.ref.Finalizer::<init> (23 bytes)

GC Heap History (2 events):
Event: 3.259 GC heap before
{Heap before GC invocations=1 (full 0):
 PSYoungGen      total 17920K, used 15360K [0x00000000ec400000, 0x00000000ed800000, 0x0000000100000000)
  eden space 15360K, 100% used [0x00000000ec400000,0x00000000ed300000,0x00000000ed300000)
  from space 2560K, 0% used [0x00000000ed580000,0x00000000ed580000,0x00000000ed800000)
  to   space 2560K, 0% used [0x00000000ed300000,0x00000000ed300000,0x00000000ed580000)
 ParOldGen       total 40448K, used 0K [0x00000000c4c00000, 0x00000000c7380000, 0x00000000ec400000)
  object space 40448K, 0% used [0x00000000c4c00000,0x00000000c4c00000,0x00000000c7380000)
 PSPermGen       total 21504K, used 3898K [0x00000000bfa00000, 0x00000000c0f00000, 0x00000000c4c00000)
  object space 21504K, 18% used [0x00000000bfa00000,0x00000000bfdcea60,0x00000000c0f00000)
Event: 3.293 GC heap after
Heap after GC invocations=1 (full 0):
 PSYoungGen      total 17920K, used 2400K [0x00000000ec400000, 0x00000000ee700000, 0x0000000100000000)
  eden space 15360K, 0% used [0x00000000ec400000,0x00000000ec400000,0x00000000ed300000)
  from space 2560K, 93% used [0x00000000ed300000,0x00000000ed558000,0x00000000ed580000)
  to   space 2560K, 0% used [0x00000000ee480000,0x00000000ee480000,0x00000000ee700000)
 ParOldGen       total 40448K, used 0K [0x00000000c4c00000, 0x00000000c7380000, 0x00000000ec400000)
  object space 40448K, 0% used [0x00000000c4c00000,0x00000000c4c00000,0x00000000c7380000)
 PSPermGen       total 21504K, used 3898K [0x00000000bfa00000, 0x00000000c0f00000, 0x00000000c4c00000)
  object space 21504K, 18% used [0x00000000bfa00000,0x00000000bfdcea60,0x00000000c0f00000)
}

Deoptimization events (0 events):
No events

Internal exceptions (10 events):
Event: 3.242 Thread 0x00007f4c3c001000 Threw 0x00000000ed1caa20 at /HUDSON/workspace/7u-2-build-linux-amd64/jdk7u80/2329/hotspot/src/share/vm/prims/jni.cpp:743
Event: 3.242 Thread 0x00007f4c38001000 Threw 0x00000000ed2174d0 at /HUDSON/workspace/7u-2-build-linux-amd64/jdk7u80/2329/hotspot/src/share/vm/prims/jni.cpp:743
Event: 3.243 Thread 0x00007f4c4c001000 Threw 0x00000000ed2657d0 at /HUDSON/workspace/7u-2-build-linux-amd64/jdk7u80/2329/hotspot/src/share/vm/prims/jni.cpp:743
Event: 3.245 Thread 0x00007f4c50001000 Threw 0x00000000ed29ae98 at /HUDSON/workspace/7u-2-build-linux-amd64/jdk7u80/2329/hotspot/src/share/vm/prims/jni.cpp:743
Event: 3.249 Thread 0x00007f4c3c001000 Threw 0x00000000ed1cc450 at /HUDSON/workspace/7u-2-build-linux-amd64/jdk7u80/2329/hotspot/src/share/vm/prims/jni.cpp:743
Event: 3.252 Thread 0x00007f4c38001000 Threw 0x00000000ed218f00 at /HUDSON/workspace/7u-2-build-linux-amd64/jdk7u80/2329/hotspot/src/share/vm/prims/jni.cpp:743
Event: 3.294 Thread 0x00007f4c4c001000 Threw 0x00000000ec455470 at /HUDSON/workspace/7u-2-build-linux-amd64/jdk7u80/2329/hotspot/src/share/vm/prims/jni.cpp:743
Event: 3.306 Thread 0x00007f4c50001000 Threw 0x00000000ec4f8f78 at /HUDSON/workspace/7u-2-build-linux-amd64/jdk7u80/2329/hotspot/src/share/vm/prims/jni.cpp:743
Event: 3.309 Thread 0x00007f4c3c001000 Threw 0x00000000ec54f058 at /HUDSON/workspace/7u-2-build-linux-amd64/jdk7u80/2329/hotspot/src/share/vm/prims/jni.cpp:743
Event: 3.311 Thread 0x00007f4c38001000 Threw 0x00000000ec400308 at /HUDSON/workspace/7u-2-build-linux-amd64/jdk7u80/2329/hotspot/src/share/vm/prims/jni.cpp:743

Events (10 events):
Event: 0.316 loading class 0x00007f4c50012750
Event: 0.316 loading class 0x00007f4c50012750 done
Event: 0.341 loading class 0x00007f4c942ef5c0
Event: 0.341 loading class 0x00007f4c942ef5c0 done
Event: 0.341 loading class 0x00007f4c900f36c0
Event: 0.342 loading class 0x00007f4c942e7c90
Event: 0.342 loading class 0x00007f4c942e7c90 done
Event: 0.342 loading class 0x00007f4c900f36c0 done
Event: 3.259 Executing VM operation: ParallelGCFailedAllocation
Event: 3.293 Executing VM operation: ParallelGCFailedAllocation done


Dynamic libraries:
00400000-00401000 r-xp 00000000 08:07 663942                             /home/elixandre/jdk1.7.0_80/bin/java
00600000-00601000 rw-p 00000000 08:07 663942                             /home/elixandre/jdk1.7.0_80/bin/java
01d66000-01d87000 rw-p 00000000 00:00 0                                  [heap]
bfa00000-c0f00000 rw-p 00000000 00:00 0 
c0f00000-c4c00000 rw-p 00000000 00:00 0 
c4c00000-c7380000 rw-p 00000000 00:00 0 
c7380000-ec400000 rw-p 00000000 00:00 0 
ec400000-ee700000 rw-p 00000000 00:00 0 
ee700000-100000000 rw-p 00000000 00:00 0 
7f4c30000000-7f4c30191000 rw-p 00000000 00:00 0 
7f4c30191000-7f4c34000000 ---p 00000000 00:00 0 
7f4c38000000-7f4c38193000 rw-p 00000000 00:00 0 
7f4c38193000-7f4c3c000000 ---p 00000000 00:00 0 
7f4c3c000000-7f4c3c194000 rw-p 00000000 00:00 0 
7f4c3c194000-7f4c40000000 ---p 00000000 00:00 0 
7f4c40000000-7f4c40192000 rw-p 00000000 00:00 0 
7f4c40192000-7f4c44000000 ---p 00000000 00:00 0 
7f4c457fb000-7f4c457fe000 ---p 00000000 00:00 0 
7f4c457fe000-7f4c45ffc000 rw-p 00000000 00:00 0 
7f4c45ffc000-7f4c45fff000 ---p 00000000 00:00 0 
7f4c45fff000-7f4c467fd000 rw-p 00000000 00:00 0 
7f4c467fd000-7f4c46800000 ---p 00000000 00:00 0 
7f4c46800000-7f4c46ffe000 rw-p 00000000 00:00 0 
7f4c46ffe000-7f4c47001000 ---p 00000000 00:00 0 
7f4c47001000-7f4c477ff000 rw-p 00000000 00:00 0 
7f4c477ff000-7f4c47802000 ---p 00000000 00:00 0 
7f4c47802000-7f4c48000000 rw-p 00000000 00:00 0 
7f4c48000000-7f4c4818e000 rw-p 00000000 00:00 0 
7f4c4818e000-7f4c4c000000 ---p 00000000 00:00 0 
7f4c4c000000-7f4c4c193000 rw-p 00000000 00:00 0 
7f4c4c193000-7f4c50000000 ---p 00000000 00:00 0 
7f4c50000000-7f4c501a8000 rw-p 00000000 00:00 0 
7f4c501a8000-7f4c54000000 ---p 00000000 00:00 0 
7f4c54000000-7f4c5418e000 rw-p 00000000 00:00 0 
7f4c5418e000-7f4c58000000 ---p 00000000 00:00 0 
7f4c58000000-7f4c58021000 rw-p 00000000 00:00 0 
7f4c58021000-7f4c5c000000 ---p 00000000 00:00 0 
7f4c5c000000-7f4c5c021000 rw-p 00000000 00:00 0 
7f4c5c021000-7f4c60000000 ---p 00000000 00:00 0 
7f4c60000000-7f4c60225000 rw-p 00000000 00:00 0 
7f4c60225000-7f4c64000000 ---p 00000000 00:00 0 
7f4c64000000-7f4c640fd000 rw-p 00000000 00:00 0 
7f4c640fd000-7f4c68000000 ---p 00000000 00:00 0 
7f4c68000000-7f4c68021000 rw-p 00000000 00:00 0 
7f4c68021000-7f4c6c000000 ---p 00000000 00:00 0 
7f4c6c000000-7f4c6c021000 rw-p 00000000 00:00 0 
7f4c6c021000-7f4c70000000 ---p 00000000 00:00 0 
7f4c70000000-7f4c70021000 rw-p 00000000 00:00 0 
7f4c70021000-7f4c74000000 ---p 00000000 00:00 0 
7f4c74000000-7f4c74021000 rw-p 00000000 00:00 0 
7f4c74021000-7f4c78000000 ---p 00000000 00:00 0 
7f4c78000000-7f4c78021000 rw-p 00000000 00:00 0 
7f4c78021000-7f4c7c000000 ---p 00000000 00:00 0 
7f4c7c000000-7f4c7c021000 rw-p 00000000 00:00 0 
7f4c7c021000-7f4c80000000 ---p 00000000 00:00 0 
7f4c80000000-7f4c80021000 rw-p 00000000 00:00 0 
7f4c80021000-7f4c84000000 ---p 00000000 00:00 0 
7f4c8452f000-7f4c84532000 ---p 00000000 00:00 0 
7f4c84532000-7f4c84d30000 rw-p 00000000 00:00 0 
7f4c84d30000-7f4c84d33000 ---p 00000000 00:00 0 
7f4c84d33000-7f4c85531000 rw-p 00000000 00:00 0 
7f4c85531000-7f4c85534000 ---p 00000000 00:00 0 
7f4c85534000-7f4c85d32000 rw-p 00000000 00:00 0 
7f4c85d32000-7f4c85d4a000 r-xp 00000000 08:07 544827                     /tmp/simgrid-java2149613569464061626/libsimgrid-java.so
7f4c85d4a000-7f4c85f4a000 ---p 00018000 08:07 544827                     /tmp/simgrid-java2149613569464061626/libsimgrid-java.so
7f4c85f4a000-7f4c85f4b000 rw-p 00018000 08:07 544827                     /tmp/simgrid-java2149613569464061626/libsimgrid-java.so
7f4c85f4b000-7f4c85f61000 r-xp 00000000 08:07 528568                     /lib/x86_64-linux-gnu/libgcc_s.so.1
7f4c85f61000-7f4c86160000 ---p 00016000 08:07 528568                     /lib/x86_64-linux-gnu/libgcc_s.so.1
7f4c86160000-7f4c86161000 r--p 00015000 08:07 528568                     /lib/x86_64-linux-gnu/libgcc_s.so.1
7f4c86161000-7f4c86162000 rw-p 00016000 08:07 528568                     /lib/x86_64-linux-gnu/libgcc_s.so.1
7f4c86162000-7f4c862d5000 r-xp 00000000 08:07 1059329                    /usr/lib/x86_64-linux-gnu/libstdc++.so.6.0.21
7f4c862d5000-7f4c864d4000 ---p 00173000 08:07 1059329                    /usr/lib/x86_64-linux-gnu/libstdc++.so.6.0.21
7f4c864d4000-7f4c864de000 r--p 00172000 08:07 1059329                    /usr/lib/x86_64-linux-gnu/libstdc++.so.6.0.21
7f4c864de000-7f4c864e0000 rw-p 0017c000 08:07 1059329                    /usr/lib/x86_64-linux-gnu/libstdc++.so.6.0.21
7f4c864e0000-7f4c864e4000 rw-p 00000000 00:00 0 
7f4c864e4000-7f4c867a9000 r-xp 00000000 08:07 544825                     /tmp/simgrid-java2149613569464061626/libsimgrid.so
7f4c867a9000-7f4c869a9000 ---p 002c5000 08:07 544825                     /tmp/simgrid-java2149613569464061626/libsimgrid.so
7f4c869a9000-7f4c869e4000 rw-p 002c5000 08:07 544825                     /tmp/simgrid-java2149613569464061626/libsimgrid.so
7f4c869e4000-7f4c86ced000 rw-p 00000000 00:00 0 
7f4c86ced000-7f4c86d04000 r-xp 00000000 08:07 663689                     /home/elixandre/jdk1.7.0_80/jre/lib/amd64/libnet.so
7f4c86d04000-7f4c86f03000 ---p 00017000 08:07 663689                     /home/elixandre/jdk1.7.0_80/jre/lib/amd64/libnet.so
7f4c86f03000-7f4c86f04000 rw-p 00016000 08:07 663689                     /home/elixandre/jdk1.7.0_80/jre/lib/amd64/libnet.so
7f4c86f04000-7f4c86f14000 r-xp 00000000 08:07 663688                     /home/elixandre/jdk1.7.0_80/jre/lib/amd64/libnio.so
7f4c86f14000-7f4c87114000 ---p 00010000 08:07 663688                     /home/elixandre/jdk1.7.0_80/jre/lib/amd64/libnio.so
7f4c87114000-7f4c87115000 rw-p 00010000 08:07 663688                     /home/elixandre/jdk1.7.0_80/jre/lib/amd64/libnio.so
7f4c87115000-7f4c87116000 ---p 00000000 00:00 0 
7f4c87116000-7f4c87216000 rw-p 00000000 00:00 0 
7f4c87216000-7f4c87219000 ---p 00000000 00:00 0 
7f4c87219000-7f4c87317000 rw-p 00000000 00:00 0 
7f4c87317000-7f4c8731a000 ---p 00000000 00:00 0 
7f4c8731a000-7f4c87418000 rw-p 00000000 00:00 0 
7f4c87418000-7f4c8741b000 ---p 00000000 00:00 0 
7f4c8741b000-7f4c87519000 rw-p 00000000 00:00 0 
7f4c87519000-7f4c8751c000 ---p 00000000 00:00 0 
7f4c8751c000-7f4c8761a000 rw-p 00000000 00:00 0 
7f4c8761a000-7f4c87cfd000 r--p 00000000 08:07 1055607                    /usr/lib/locale/locale-archive
7f4c87cfd000-7f4c87d00000 ---p 00000000 00:00 0 
7f4c87d00000-7f4c87dfe000 rw-p 00000000 00:00 0 
7f4c87dfe000-7f4c87e01000 ---p 00000000 00:00 0 
7f4c87e01000-7f4c87eff000 rw-p 00000000 00:00 0 
7f4c87eff000-7f4c87f00000 ---p 00000000 00:00 0 
7f4c87f00000-7f4c88000000 rw-p 00000000 00:00 0 
7f4c88000000-7f4c88021000 rw-p 00000000 00:00 0 
7f4c88021000-7f4c8c000000 ---p 00000000 00:00 0 
7f4c8c06d000-7f4c8d000000 rw-p 00000000 00:00 0 
7f4c8d000000-7f4c8d270000 rwxp 00000000 00:00 0 
7f4c8d270000-7f4c90403000 rw-p 00000000 00:00 0 
7f4c90403000-7f4c94000000 ---p 00000000 00:00 0 
7f4c9401e000-7f4c9408a000 rw-p 00000000 00:00 0 
7f4c9408a000-7f4c9424a000 r--s 039fb000 08:07 663892                     /home/elixandre/jdk1.7.0_80/jre/lib/rt.jar
7f4c9424a000-7f4c96576000 rw-p 00000000 00:00 0 
7f4c96576000-7f4c96577000 ---p 00000000 00:00 0 
7f4c96577000-7f4c96677000 rw-p 00000000 00:00 0 
7f4c96677000-7f4c96678000 ---p 00000000 00:00 0 
7f4c96678000-7f4c96778000 rw-p 00000000 00:00 0 
7f4c96778000-7f4c96779000 ---p 00000000 00:00 0 
7f4c96779000-7f4c96879000 rw-p 00000000 00:00 0 
7f4c96879000-7f4c9687a000 ---p 00000000 00:00 0 
7f4c9687a000-7f4c96985000 rw-p 00000000 00:00 0 
7f4c96985000-7f4c969a3000 rw-p 00000000 00:00 0 
7f4c969a3000-7f4c969b7000 rw-p 00000000 00:00 0 
7f4c969b7000-7f4c96adf000 rw-p 00000000 00:00 0 
7f4c96adf000-7f4c96aea000 rw-p 00000000 00:00 0 
7f4c96aea000-7f4c96b08000 rw-p 00000000 00:00 0 
7f4c96b08000-7f4c96b1c000 rw-p 00000000 00:00 0 
7f4c96b1c000-7f4c96c44000 rw-p 00000000 00:00 0 
7f4c96c44000-7f4c96c56000 rw-p 00000000 00:00 0 
7f4c96c56000-7f4c96ce2000 rw-p 00000000 00:00 0 
7f4c96ce2000-7f4c96ce3000 rw-p 00000000 00:00 0 
7f4c96ce3000-7f4c96cfa000 r-xp 00000000 08:07 663687                     /home/elixandre/jdk1.7.0_80/jre/lib/amd64/libzip.so
7f4c96cfa000-7f4c96efa000 ---p 00017000 08:07 663687                     /home/elixandre/jdk1.7.0_80/jre/lib/amd64/libzip.so
7f4c96efa000-7f4c96efb000 rw-p 00017000 08:07 663687                     /home/elixandre/jdk1.7.0_80/jre/lib/amd64/libzip.so
7f4c96efb000-7f4c96f05000 r-xp 00000000 08:07 529521                     /lib/x86_64-linux-gnu/libnss_files-2.21.so
7f4c96f05000-7f4c97105000 ---p 0000a000 08:07 529521                     /lib/x86_64-linux-gnu/libnss_files-2.21.so
7f4c97105000-7f4c97106000 r--p 0000a000 08:07 529521                     /lib/x86_64-linux-gnu/libnss_files-2.21.so
7f4c97106000-7f4c97107000 rw-p 0000b000 08:07 529521                     /lib/x86_64-linux-gnu/libnss_files-2.21.so
7f4c97107000-7f4c97112000 r-xp 00000000 08:07 529535                     /lib/x86_64-linux-gnu/libnss_nis-2.21.so
7f4c97112000-7f4c97311000 ---p 0000b000 08:07 529535                     /lib/x86_64-linux-gnu/libnss_nis-2.21.so
7f4c97311000-7f4c97312000 r--p 0000a000 08:07 529535                     /lib/x86_64-linux-gnu/libnss_nis-2.21.so
7f4c97312000-7f4c97313000 rw-p 0000b000 08:07 529535                     /lib/x86_64-linux-gnu/libnss_nis-2.21.so
7f4c97313000-7f4c9732a000 r-xp 00000000 08:07 529538                     /lib/x86_64-linux-gnu/libnsl-2.21.so
7f4c9732a000-7f4c97529000 ---p 00017000 08:07 529538                     /lib/x86_64-linux-gnu/libnsl-2.21.so
7f4c97529000-7f4c9752a000 r--p 00016000 08:07 529538                     /lib/x86_64-linux-gnu/libnsl-2.21.so
7f4c9752a000-7f4c9752b000 rw-p 00017000 08:07 529538                     /lib/x86_64-linux-gnu/libnsl-2.21.so
7f4c9752b000-7f4c9752d000 rw-p 00000000 00:00 0 
7f4c9752d000-7f4c97535000 r-xp 00000000 08:07 529523                     /lib/x86_64-linux-gnu/libnss_compat-2.21.so
7f4c97535000-7f4c97734000 ---p 00008000 08:07 529523                     /lib/x86_64-linux-gnu/libnss_compat-2.21.so
7f4c97734000-7f4c97735000 r--p 00007000 08:07 529523                     /lib/x86_64-linux-gnu/libnss_compat-2.21.so
7f4c97735000-7f4c97736000 rw-p 00008000 08:07 529523                     /lib/x86_64-linux-gnu/libnss_compat-2.21.so
7f4c97736000-7f4c9775f000 r-xp 00000000 08:07 663623                     /home/elixandre/jdk1.7.0_80/jre/lib/amd64/libjava.so
7f4c9775f000-7f4c9795f000 ---p 00029000 08:07 663623                     /home/elixandre/jdk1.7.0_80/jre/lib/amd64/libjava.so
7f4c9795f000-7f4c97961000 rw-p 00029000 08:07 663623                     /home/elixandre/jdk1.7.0_80/jre/lib/amd64/libjava.so
7f4c97961000-7f4c9796e000 r-xp 00000000 08:07 663501                     /home/elixandre/jdk1.7.0_80/jre/lib/amd64/libverify.so
7f4c9796e000-7f4c97b6d000 ---p 0000d000 08:07 663501                     /home/elixandre/jdk1.7.0_80/jre/lib/amd64/libverify.so
7f4c97b6d000-7f4c97b6f000 rw-p 0000c000 08:07 663501                     /home/elixandre/jdk1.7.0_80/jre/lib/amd64/libverify.so
7f4c97b6f000-7f4c97b76000 r-xp 00000000 08:07 529522                     /lib/x86_64-linux-gnu/librt-2.21.so
7f4c97b76000-7f4c97d75000 ---p 00007000 08:07 529522                     /lib/x86_64-linux-gnu/librt-2.21.so
7f4c97d75000-7f4c97d76000 r--p 00006000 08:07 529522                     /lib/x86_64-linux-gnu/librt-2.21.so
7f4c97d76000-7f4c97d77000 rw-p 00007000 08:07 529522                     /lib/x86_64-linux-gnu/librt-2.21.so
7f4c97d77000-7f4c97e7e000 r-xp 00000000 08:07 529524                     /lib/x86_64-linux-gnu/libm-2.21.so
7f4c97e7e000-7f4c9807d000 ---p 00107000 08:07 529524                     /lib/x86_64-linux-gnu/libm-2.21.so
7f4c9807d000-7f4c9807e000 r--p 00106000 08:07 529524                     /lib/x86_64-linux-gnu/libm-2.21.so
7f4c9807e000-7f4c9807f000 rw-p 00107000 08:07 529524                     /lib/x86_64-linux-gnu/libm-2.21.so
7f4c9807f000-7f4c98bf5000 r-xp 00000000 08:07 663273                     /home/elixandre/jdk1.7.0_80/jre/lib/amd64/server/libjvm.so
7f4c98bf5000-7f4c98df4000 ---p 00b76000 08:07 663273                     /home/elixandre/jdk1.7.0_80/jre/lib/amd64/server/libjvm.so
7f4c98df4000-7f4c98eb8000 rw-p 00b75000 08:07 663273                     /home/elixandre/jdk1.7.0_80/jre/lib/amd64/server/libjvm.so
7f4c98eb8000-7f4c98ef9000 rw-p 00000000 00:00 0 
7f4c98ef9000-7f4c990b9000 r-xp 00000000 08:07 529541                     /lib/x86_64-linux-gnu/libc-2.21.so
7f4c990b9000-7f4c992b9000 ---p 001c0000 08:07 529541                     /lib/x86_64-linux-gnu/libc-2.21.so
7f4c992b9000-7f4c992bd000 r--p 001c0000 08:07 529541                     /lib/x86_64-linux-gnu/libc-2.21.so
7f4c992bd000-7f4c992bf000 rw-p 001c4000 08:07 529541                     /lib/x86_64-linux-gnu/libc-2.21.so
7f4c992bf000-7f4c992c3000 rw-p 00000000 00:00 0 
7f4c992c3000-7f4c992c6000 r-xp 00000000 08:07 529528                     /lib/x86_64-linux-gnu/libdl-2.21.so
7f4c992c6000-7f4c994c5000 ---p 00003000 08:07 529528                     /lib/x86_64-linux-gnu/libdl-2.21.so
7f4c994c5000-7f4c994c6000 r--p 00002000 08:07 529528                     /lib/x86_64-linux-gnu/libdl-2.21.so
7f4c994c6000-7f4c994c7000 rw-p 00003000 08:07 529528                     /lib/x86_64-linux-gnu/libdl-2.21.so
7f4c994c7000-7f4c994dc000 r-xp 00000000 08:07 663695                     /home/elixandre/jdk1.7.0_80/lib/amd64/jli/libjli.so
7f4c994dc000-7f4c996db000 ---p 00015000 08:07 663695                     /home/elixandre/jdk1.7.0_80/lib/amd64/jli/libjli.so
7f4c996db000-7f4c996dc000 rw-p 00014000 08:07 663695                     /home/elixandre/jdk1.7.0_80/lib/amd64/jli/libjli.so
7f4c996dc000-7f4c996f4000 r-xp 00000000 08:07 529525                     /lib/x86_64-linux-gnu/libpthread-2.21.so
7f4c996f4000-7f4c998f4000 ---p 00018000 08:07 529525                     /lib/x86_64-linux-gnu/libpthread-2.21.so
7f4c998f4000-7f4c998f5000 r--p 00018000 08:07 529525                     /lib/x86_64-linux-gnu/libpthread-2.21.so
7f4c998f5000-7f4c998f6000 rw-p 00019000 08:07 529525                     /lib/x86_64-linux-gnu/libpthread-2.21.so
7f4c998f6000-7f4c998fa000 rw-p 00000000 00:00 0 
7f4c998fa000-7f4c9991e000 r-xp 00000000 08:07 529539                     /lib/x86_64-linux-gnu/ld-2.21.so
7f4c99928000-7f4c99947000 rw-p 00000000 00:00 0 
7f4c99947000-7f4c999fd000 rw-p 00000000 00:00 0 
7f4c999fd000-7f4c99a00000 ---p 00000000 00:00 0 
7f4c99a00000-7f4c99b02000 rw-p 00000000 00:00 0 
7f4c99b09000-7f4c99b0a000 rw-p 00000000 00:00 0 
7f4c99b0a000-7f4c99b0e000 r--s 0008b000 08:07 663627                     /home/elixandre/jdk1.7.0_80/jre/lib/jsse.jar
7f4c99b0e000-7f4c99b11000 r--s 00f76000 08:07 542783                     /home/elixandre/Downloads/simgrid.jar
7f4c99b11000-7f4c99b19000 rw-s 00000000 08:07 544799                     /tmp/hsperfdata_elixandre/2581
7f4c99b19000-7f4c99b1a000 rw-p 00000000 00:00 0 
7f4c99b1a000-7f4c99b1b000 r--p 00000000 00:00 0 
7f4c99b1b000-7f4c99b1d000 rw-p 00000000 00:00 0 
7f4c99b1d000-7f4c99b1e000 r--p 00023000 08:07 529539                     /lib/x86_64-linux-gnu/ld-2.21.so
7f4c99b1e000-7f4c99b1f000 rw-p 00024000 08:07 529539                     /lib/x86_64-linux-gnu/ld-2.21.so
7f4c99b1f000-7f4c99b20000 rw-p 00000000 00:00 0 
7ffe4c26e000-7ffe4c28f000 rw-p 00000000 00:00 0                          [stack]
7ffe4c2a9000-7ffe4c2ab000 r--p 00000000 00:00 0                          [vvar]
7ffe4c2ab000-7ffe4c2ad000 r-xp 00000000 00:00 0                          [vdso]
ffffffffff600000-ffffffffff601000 r-xp 00000000 00:00 0                  [vsyscall]

VM Arguments:
jvm_args: -Dfile.encoding=UTF-8 
java_command: vcube.VCube platform.xml deployment.xml
Launcher Type: SUN_STANDARD

Environment Variables:
PATH=/usr/local/sbin:/usr/local/bin:/usr/sbin:/usr/bin:/sbin:/bin:/usr/games:/usr/local/games:/home/elixandre/.rvm/bin
LD_LIBRARY_PATH=/home/elixandre/jdk1.7.0_80/jre/lib/amd64:/home/elixandre/jdk1.7.0_80/jre/lib/i386:
SHELL=/bin/bash
DISPLAY=:0

Signal Handlers:
SIGSEGV: [libjvm.so+0x9a3b20], sa_mask[0]=0x7ffbfeff, sa_flags=0x10000004
SIGBUS: [libjvm.so+0x9a3b20], sa_mask[0]=0x7ffbfeff, sa_flags=0x10000004
SIGFPE: [libjvm.so+0x81e740], sa_mask[0]=0x7ffbfeff, sa_flags=0x10000004
SIGPIPE: [libjvm.so+0x81e740], sa_mask[0]=0x7ffbfeff, sa_flags=0x10000004
SIGXFSZ: [libjvm.so+0x81e740], sa_mask[0]=0x7ffbfeff, sa_flags=0x10000004
SIGILL: [libjvm.so+0x81e740], sa_mask[0]=0x7ffbfeff, sa_flags=0x10000004
SIGUSR1: SIG_DFL, sa_mask[0]=0x00000000, sa_flags=0x00000000
SIGUSR2: [libjvm.so+0x81ffb0], sa_mask[0]=0x00000004, sa_flags=0x10000004
SIGHUP: [libjvm.so+0x8210d0], sa_mask[0]=0x7ffbfeff, sa_flags=0x10000004
SIGINT: [libsimgrid.so+0x8ff50], sa_mask[0]=0x00000002, sa_flags=0x10000000
SIGTERM: [libjvm.so+0x8210d0], sa_mask[0]=0x7ffbfeff, sa_flags=0x10000004
SIGQUIT: [libjvm.so+0x8210d0], sa_mask[0]=0x7ffbfeff, sa_flags=0x10000004


---------------  S Y S T E M  ---------------

OS:jessie/sid

uname:Linux 4.2.0-42-generic #49-Ubuntu SMP Tue Jun 28 21:26:26 UTC 2016 x86_64
libc:glibc 2.21 NPTL 2.21 
rlimit: STACK 8192k, CORE 0k, NPROC 15009, NOFILE 65536, AS infinity
load average:0.98 0.84 0.53

/proc/meminfo:
MemTotal:        3879128 kB
MemFree:         1602112 kB
MemAvailable:    2304712 kB
Buffers:           78308 kB
Cached:           943800 kB
SwapCached:            0 kB
Active:          1391216 kB
Inactive:         719904 kB
Active(anon):    1090880 kB
Inactive(anon):   169520 kB
Active(file):     300336 kB
Inactive(file):   550384 kB
Unevictable:          32 kB
Mlocked:              32 kB
SwapTotal:        975868 kB
SwapFree:         975868 kB
Dirty:             13212 kB
Writeback:             0 kB
AnonPages:       1089160 kB
Mapped:           264432 kB
Shmem:            171352 kB
Slab:              72744 kB
SReclaimable:      41628 kB
SUnreclaim:        31116 kB
KernelStack:        8672 kB
PageTables:        31260 kB
NFS_Unstable:          0 kB
Bounce:                0 kB
WritebackTmp:          0 kB
CommitLimit:     2915432 kB
Committed_AS:    4688124 kB
VmallocTotal:   34359738367 kB
VmallocUsed:      347648 kB
VmallocChunk:   34358947836 kB
HardwareCorrupted:     0 kB
AnonHugePages:    585728 kB
CmaTotal:              0 kB
CmaFree:               0 kB
HugePages_Total:       0
HugePages_Free:        0
HugePages_Rsvd:        0
HugePages_Surp:        0
Hugepagesize:       2048 kB
DirectMap4k:      125688 kB
DirectMap2M:     3901440 kB


CPU:total 4 (2 cores per cpu, 2 threads per core) family 6 model 58 stepping 9, cmov, cx8, fxsr, mmx, sse, sse2, sse3, ssse3, sse4.1, sse4.2, popcnt, avx, erms, ht, tsc, tscinvbit, tscinv

/proc/cpuinfo:
processor	: 0
vendor_id	: GenuineIntel
cpu family	: 6
model		: 58
model name	: Intel(R) Core(TM) i7-3517U CPU @ 1.90GHz
stepping	: 9
microcode	: 0x12
cpu MHz		: 2799.937
cache size	: 4096 KB
physical id	: 0
siblings	: 4
core id		: 0
cpu cores	: 2
apicid		: 0
initial apicid	: 0
fpu		: yes
fpu_exception	: yes
cpuid level	: 13
wp		: yes
flags		: fpu vme de pse tsc msr pae mce cx8 apic sep mtrr pge mca cmov pat pse36 clflush dts acpi mmx fxsr sse sse2 ss ht tm pbe syscall nx rdtscp lm constant_tsc arch_perfmon pebs bts rep_good nopl xtopology nonstop_tsc aperfmperf eagerfpu pni pclmulqdq dtes64 monitor ds_cpl vmx est tm2 ssse3 cx16 xtpr pdcm pcid sse4_1 sse4_2 x2apic popcnt tsc_deadline_timer xsave avx f16c rdrand lahf_lm ida arat epb pln pts dtherm tpr_shadow vnmi flexpriority ept vpid fsgsbase smep erms xsaveopt
bugs		:
bogomips	: 4788.88
clflush size	: 64
cache_alignment	: 64
address sizes	: 36 bits physical, 48 bits virtual
power management:

processor	: 1
vendor_id	: GenuineIntel
cpu family	: 6
model		: 58
model name	: Intel(R) Core(TM) i7-3517U CPU @ 1.90GHz
stepping	: 9
microcode	: 0x12
cpu MHz		: 2799.937
cache size	: 4096 KB
physical id	: 0
siblings	: 4
core id		: 0
cpu cores	: 2
apicid		: 1
initial apicid	: 1
fpu		: yes
fpu_exception	: yes
cpuid level	: 13
wp		: yes
flags		: fpu vme de pse tsc msr pae mce cx8 apic sep mtrr pge mca cmov pat pse36 clflush dts acpi mmx fxsr sse sse2 ss ht tm pbe syscall nx rdtscp lm constant_tsc arch_perfmon pebs bts rep_good nopl xtopology nonstop_tsc aperfmperf eagerfpu pni pclmulqdq dtes64 monitor ds_cpl vmx est tm2 ssse3 cx16 xtpr pdcm pcid sse4_1 sse4_2 x2apic popcnt tsc_deadline_timer xsave avx f16c rdrand lahf_lm ida arat epb pln pts dtherm tpr_shadow vnmi flexpriority ept vpid fsgsbase smep erms xsaveopt
bugs		:
bogomips	: 4788.88
clflush size	: 64
cache_alignment	: 64
address sizes	: 36 bits physical, 48 bits virtual
power management:

processor	: 2
vendor_id	: GenuineIntel
cpu family	: 6
model		: 58
model name	: Intel(R) Core(TM) i7-3517U CPU @ 1.90GHz
stepping	: 9
microcode	: 0x12
cpu MHz		: 2799.937
cache size	: 4096 KB
physical id	: 0
siblings	: 4
core id		: 1
cpu cores	: 2
apicid		: 2
initial apicid	: 2
fpu		: yes
fpu_exception	: yes
cpuid level	: 13
wp		: yes
flags		: fpu vme de pse tsc msr pae mce cx8 apic sep mtrr pge mca cmov pat pse36 clflush dts acpi mmx fxsr sse sse2 ss ht tm pbe syscall nx rdtscp lm constant_tsc arch_perfmon pebs bts rep_good nopl xtopology nonstop_tsc aperfmperf eagerfpu pni pclmulqdq dtes64 monitor ds_cpl vmx est tm2 ssse3 cx16 xtpr pdcm pcid sse4_1 sse4_2 x2apic popcnt tsc_deadline_timer xsave avx f16c rdrand lahf_lm ida arat epb pln pts dtherm tpr_shadow vnmi flexpriority ept vpid fsgsbase smep erms xsaveopt
bugs		:
bogomips	: 4788.88
clflush size	: 64
cache_alignment	: 64
address sizes	: 36 bits physical, 48 bits virtual
power management:

processor	: 3
vendor_id	: GenuineIntel
cpu family	: 6
model		: 58
model name	: Intel(R) Core(TM) i7-3517U CPU @ 1.90GHz
stepping	: 9
microcode	: 0x12
cpu MHz		: 2799.937
cache size	: 4096 KB
physical id	: 0
siblings	: 4
core id		: 1
cpu cores	: 2
apicid		: 3
initial apicid	: 3
fpu		: yes
fpu_exception	: yes
cpuid level	: 13
wp		: yes
flags		: fpu vme de pse tsc msr pae mce cx8 apic sep mtrr pge mca cmov pat pse36 clflush dts acpi mmx fxsr sse sse2 ss ht tm pbe syscall nx rdtscp lm constant_tsc arch_perfmon pebs bts rep_good nopl xtopology nonstop_tsc aperfmperf eagerfpu pni pclmulqdq dtes64 monitor ds_cpl vmx est tm2 ssse3 cx16 xtpr pdcm pcid sse4_1 sse4_2 x2apic popcnt tsc_deadline_timer xsave avx f16c rdrand lahf_lm ida arat epb pln pts dtherm tpr_shadow vnmi flexpriority ept vpid fsgsbase smep erms xsaveopt
bugs		:
bogomips	: 4788.88
clflush size	: 64
cache_alignment	: 64
address sizes	: 36 bits physical, 48 bits virtual
power management:



Memory: 4k page, physical 3879128k(1602112k free), swap 975868k(975868k free)

vm_info: Java HotSpot(TM) 64-Bit Server VM (24.80-b11) for linux-amd64 JRE (1.7.0_80-b15), built on Apr 10 2015 19:53:14 by "java_re" with gcc 4.3.0 20080428 (Red Hat 4.3.0-8)

time: Mon May  1 10:31:01 2017
elapsed time: 3 seconds

