#
# A fatal error has been detected by the Java Runtime Environment:
#
#  SIGSEGV (0xb) at pc=0x00007f7490bf93f3, pid=6091, tid=140138758792960
#
# JRE version: Java(TM) SE Runtime Environment (7.0_80-b15) (build 1.7.0_80-b15)
# Java VM: Java HotSpot(TM) 64-Bit Server VM (24.80-b11 mixed mode linux-amd64 compressed oops)
# Problematic frame:
# C  [libsimgrid-java.so+0xc3f3]
#
# Failed to write core dump. Core dumps have been disabled. To enable core dumping, try "ulimit -c unlimited" before starting Java again
#
# If you would like to submit a bug report, please visit:
#   http://bugreport.java.com/bugreport/crash.jsp
#

---------------  T H R E A D  ---------------

Current thread (0x00007f749c06a000):  VMThread [stack: 0x00007f7498dfe000,0x00007f7498eff000] [id=6101]

siginfo:si_signo=SIGSEGV: si_errno=0, si_code=1 (SEGV_MAPERR), si_addr=0x00000000000000b0

Registers:
RAX=0x00007f7448002c78, RBX=0x00007f7454103ed0, RCX=0x00007f74a4827340, RDX=0x0000000000000000
RSP=0x00007f7498efd6a0, RBP=0x00007f749c06a1e8, RSI=0x00007f7448002c78, RDI=0x00007f749c06a1e8
R8 =0x0000000000000000, R9 =0x0000000000000001, R10=0x0000000000000001, R11=0x00007f7490bf93d0
R12=0x00007f749c12a740, R13=0x00007f749c104a80, R14=0x00000000000003d8, R15=0x00007f749c027e58
RIP=0x00007f7490bf93f3, EFLAGS=0x0000000000010202, CSGSFS=0x0000000000000033, ERR=0x0000000000000004
  TRAPNO=0x000000000000000e

Top of Stack: (sp=0x00007f7498efd6a0)
0x00007f7498efd6a0:   00007f749189b760 00007f749c1fdfa0
0x00007f7498efd6b0:   00007f7491866400 00007f749154c175
0x00007f7498efd6c0:   0000000000000000 00007f749c06ac00
0x00007f7498efd6d0:   00007f749c06ac00 00007f749c3da5c0
0x00007f7498efd6e0:   00007f749c124980 00007f749c12a740
0x00007f7498efd6f0:   00007f749c104a80 00000000000003d8
0x00007f7498efd700:   00007f749c207000 00007f749c124980
0x00007f7498efd710:   00007f749c12a740 00007f749189b700
0x00007f7498efd720:   00007f749c124980 00007f749154c511
0x00007f7498efd730:   0000000000000000 00007f749c12a740
0x00007f7498efd740:   0000000000000005 0000000000000000
0x00007f7498efd750:   00007f749c027e58 00007f749189ea98
0x00007f7498efd760:   00007f749c11dbf0 0000000000000001
0x00007f7498efd770:   00007f749c104a80 00007f749152dd37
0x00007f7498efd780:   00007f749c104a80 00007f749189e098
0x00007f7498efd790:   00007f74918a6790 00007f749c124980
0x00007f7498efd7a0:   0000000000000001 00007f74915517bb
0x00007f7498efd7b0:   00007f749c027e58 00007f74a3eaf7ec
0x00007f7498efd7c0:   00007f749142aba0 00007f749c104c50
0x00007f7498efd7d0:   00007f749c104c50 000000000000008f
0x00007f7498efd7e0:   00007f74918a6110 00007f749189e098
0x00007f7498efd7f0:   00007f74a41ef698 0000000000000001
0x00007f7498efd800:   00007f749c104a80 000000000000008f
0x00007f7498efd810:   00007f74a41ef698 00007f74a3e64c92
0x00007f7498efd820:   00007f7498efd830 000000000000008f
0x00007f7498efd830:   00007f7498efd870 00007f749c069120
0x00007f7498efd840:   00007f749c027a70 00007f74a3e64ce5
0x00007f7498efd850:   00007f7498efd870 00007f74a35b0227
0x00007f7498efd860:   00007f7498efd8f0 00007f74903ea430
0x00007f7498efd870:   00007f7498efd8c0 00007f74a395cf35
0x00007f7498efd880:   00007f7498efd8a0 00007f749c027a80
0x00007f7498efd890:   00000000590777ea 0000000000000000 

Instructions: (pc=0x00007f7490bf93f3)
0x00007f7490bf93d3:   89 fb 48 83 ec 08 e8 22 cf ff ff 48 89 df 48 89
0x00007f7490bf93e3:   c5 e8 97 cb ff ff 48 8b 55 00 48 89 c6 48 89 ef
0x00007f7490bf93f3:   ff 92 b0 00 00 00 48 89 df 31 f6 e8 ed cf ff ff
0x00007f7490bf9403:   48 83 c4 08 48 89 df 5b 5d e9 2f cf ff ff 0f 1f 

Register to memory mapping:

RAX=0x00007f7448002c78 is a global jni handle
RBX=0x00007f7454103ed0 is an unknown value
RCX=0x00007f74a4827340: <offset 0x219340> in /lib/x86_64-linux-gnu/libpthread.so.0 at 0x00007f74a460e000
RDX=0x0000000000000000 is an unknown value
RSP=0x00007f7498efd6a0 is an unknown value
RBP=0x00007f749c06a1e8 is an unknown value
RSI=0x00007f7448002c78 is a global jni handle
RDI=0x00007f749c06a1e8 is an unknown value
R8 =0x0000000000000000 is an unknown value
R9 =0x0000000000000001 is an unknown value
R10=0x0000000000000001 is an unknown value
R11=0x00007f7490bf93d0: <offset 0xc3d0> in /tmp/simgrid-java8722626259765199636/libsimgrid-java.so at 0x00007f7490bed000
R12=0x00007f749c12a740 is an unknown value
R13=0x00007f749c104a80 is an unknown value
R14=0x00000000000003d8 is an unknown value
R15=0x00007f749c027e58 is an unknown value


Stack: [0x00007f7498dfe000,0x00007f7498eff000],  sp=0x00007f7498efd6a0,  free space=1021k
Native frames: (J=compiled Java code, j=interpreted, Vv=VM code, C=native code)
C  [libsimgrid-java.so+0xc3f3]

VM_Operation (0x00007f74903ea430): Exit, mode: safepoint, requested by thread 0x00007f746c001000


---------------  P R O C E S S  ---------------

Java Threads: ( => current thread )
  0x00007f7440001000 JavaThread "Thread-0" [_thread_blocked, id=6119, stack(0x00007f74901ea000,0x00007f74902eb000)]
  0x00007f746c001000 JavaThread "SIGTERM handler" daemon [_thread_blocked, id=6118, stack(0x00007f74902eb000,0x00007f74903ec000)]
  0x00007f743c001000 JavaThread "Thread-8" [_thread_in_native, id=6116, stack(0x00007f74887f9000,0x00007f7488ffa000)]
  0x00007f7448001000 JavaThread "Thread-7" [_thread_in_native, id=6115, stack(0x00007f7488ffa000,0x00007f74897fb000)]
  0x00007f7444001000 JavaThread "Thread-6" [_thread_in_native, id=6114, stack(0x00007f74897fb000,0x00007f7489ffc000)]
  0x00007f7450001000 JavaThread "Thread-5" [_thread_in_native, id=6113, stack(0x00007f7489ffc000,0x00007f748a7fd000)]
  0x00007f744c001000 JavaThread "Thread-4" [_thread_in_native, id=6112, stack(0x00007f748a7fd000,0x00007f748affe000)]
  0x00007f7458001000 JavaThread "Thread-3" [_thread_in_native, id=6111, stack(0x00007f748affe000,0x00007f748b7ff000)]
  0x00007f7454001000 JavaThread "Thread-2" [_thread_blocked, id=6110, stack(0x00007f748b7ff000,0x00007f748c000000)]
  0x00007f7460001000 JavaThread "Thread-1" [_thread_in_native, id=6109, stack(0x00007f74903ec000,0x00007f7490bed000)]
  0x00007f749c099000 JavaThread "Service Thread" daemon [_thread_blocked, id=6107, stack(0x00007f7498115000,0x00007f7498216000)]
  0x00007f749c096800 JavaThread "C2 CompilerThread1" daemon [_thread_blocked, id=6106, stack(0x00007f7498216000,0x00007f7498317000)]
  0x00007f749c093800 JavaThread "C2 CompilerThread0" daemon [_thread_blocked, id=6105, stack(0x00007f7498317000,0x00007f7498418000)]
  0x00007f749c091800 JavaThread "Signal Dispatcher" daemon [_thread_blocked, id=6104, stack(0x00007f7498418000,0x00007f7498519000)]
  0x00007f749c070800 JavaThread "Finalizer" daemon [_thread_blocked, id=6103, stack(0x00007f7498bfc000,0x00007f7498cfd000)]
  0x00007f749c06e000 JavaThread "Reference Handler" daemon [_thread_blocked, id=6102, stack(0x00007f7498cfd000,0x00007f7498dfe000)]
  0x00007f749c009800 JavaThread "main" [_thread_in_native, id=6096, stack(0x00007f74a492f000,0x00007f74a4a30000)]

Other Threads:
=>0x00007f749c06a000 VMThread [stack: 0x00007f7498dfe000,0x00007f7498eff000] [id=6101]

VM state:at safepoint (shutting down)

VM Mutex/Monitor currently owned by a thread:  ([mutex/lock_event])
[0x00007f749c0061b0] Threads_lock - owner thread: 0x00007f749c06a000

Heap
 PSYoungGen      total 17920K, used 11983K [0x00000000ec400000, 0x00000000ed800000, 0x0000000100000000)
  eden space 15360K, 78% used [0x00000000ec400000,0x00000000ecfb3f18,0x00000000ed300000)
  from space 2560K, 0% used [0x00000000ed580000,0x00000000ed580000,0x00000000ed800000)
  to   space 2560K, 0% used [0x00000000ed300000,0x00000000ed300000,0x00000000ed580000)
 ParOldGen       total 40448K, used 0K [0x00000000c4c00000, 0x00000000c7380000, 0x00000000ec400000)
  object space 40448K, 0% used [0x00000000c4c00000,0x00000000c4c00000,0x00000000c7380000)
 PSPermGen       total 21504K, used 3585K [0x00000000bfa00000, 0x00000000c0f00000, 0x00000000c4c00000)
  object space 21504K, 16% used [0x00000000bfa00000,0x00000000bfd804e8,0x00000000c0f00000)

Card table byte_map: [0x00007f74a1a11000,0x00007f74a1c15000] byte_map_base: 0x00007f74a1414000

Polling page: 0x00007f74a4a4c000

Code Cache  [0x00007f7499000000, 0x00007f7499270000, 0x00007f749c000000)
 total_blobs=245 nmethods=39 adapters=160 free_code_cache=48701Kb largest_free_block=49849856

Compilation events (10 events):
Event: 3.237 Thread 0x00007f749c093800   35             java.util.regex.Pattern::has (15 bytes)
Event: 3.237 Thread 0x00007f749c093800 nmethod 35 0x00007f7499070910 code [0x00007f7499070a40, 0x00007f7499070a98]
Event: 3.250 Thread 0x00007f749c093800   36             java.util.regex.Pattern::compile (406 bytes)
Event: 3.259 Thread 0x00007f749c096800   37             java.util.regex.Pattern::newSlice (181 bytes)
Event: 3.264 Thread 0x00007f749c096800 nmethod 37 0x00007f749906f110 code [0x00007f749906f260, 0x00007f749906f518]
Event: 3.302 Thread 0x00007f749c093800 nmethod 36 0x00007f7499073e10 code [0x00007f7499074000, 0x00007f74990751e8]
Event: 3.386 Thread 0x00007f749c096800   38             java.lang.CharacterData::of (120 bytes)
Event: 3.386 Thread 0x00007f749c096800 nmethod 38 0x00007f7499069a10 code [0x00007f7499069b40, 0x00007f7499069bb8]
Event: 3.386 Thread 0x00007f749c096800   39             java.lang.CharacterDataLatin1::getProperties (11 bytes)
Event: 3.387 Thread 0x00007f749c096800 nmethod 39 0x00007f7499069750 code [0x00007f7499069880, 0x00007f74990698f8]

GC Heap History (0 events):
No events

Deoptimization events (0 events):
No events

Internal exceptions (10 events):
Event: 3.476 Thread 0x00007f7458001000 Threw 0x00000000ece60458 at /HUDSON/workspace/7u-2-build-linux-amd64/jdk7u80/2329/hotspot/src/share/vm/prims/jni.cpp:743
Event: 3.477 Thread 0x00007f7454001000 Threw 0x00000000ecdcb590 at /HUDSON/workspace/7u-2-build-linux-amd64/jdk7u80/2329/hotspot/src/share/vm/prims/jni.cpp:743
Event: 3.478 Thread 0x00007f7450001000 Threw 0x00000000ece15f40 at /HUDSON/workspace/7u-2-build-linux-amd64/jdk7u80/2329/hotspot/src/share/vm/prims/jni.cpp:743
Event: 3.479 Thread 0x00007f743c001000 Threw 0x00000000eceaccf0 at /HUDSON/workspace/7u-2-build-linux-amd64/jdk7u80/2329/hotspot/src/share/vm/prims/jni.cpp:743
Event: 3.479 Thread 0x00007f7458001000 Threw 0x00000000ece62430 at /HUDSON/workspace/7u-2-build-linux-amd64/jdk7u80/2329/hotspot/src/share/vm/prims/jni.cpp:743
Event: 3.480 Thread 0x00007f7454001000 Threw 0x00000000ecdcd568 at /HUDSON/workspace/7u-2-build-linux-amd64/jdk7u80/2329/hotspot/src/share/vm/prims/jni.cpp:743
Event: 3.481 Thread 0x00007f7450001000 Threw 0x00000000ece17f18 at /HUDSON/workspace/7u-2-build-linux-amd64/jdk7u80/2329/hotspot/src/share/vm/prims/jni.cpp:743
Event: 3.484 Thread 0x00007f743c001000 Threw 0x00000000eceaecc8 at /HUDSON/workspace/7u-2-build-linux-amd64/jdk7u80/2329/hotspot/src/share/vm/prims/jni.cpp:743
Event: 3.485 Thread 0x00007f7458001000 Threw 0x00000000ece64408 at /HUDSON/workspace/7u-2-build-linux-amd64/jdk7u80/2329/hotspot/src/share/vm/prims/jni.cpp:743
Event: 3.487 Thread 0x00007f7454001000 Threw 0x00000000ecdcf540 at /HUDSON/workspace/7u-2-build-linux-amd64/jdk7u80/2329/hotspot/src/share/vm/prims/jni.cpp:743

Events (10 events):
Event: 3.482 loading class 0x00007f74a126a0a0 done
Event: 3.484 Thread 0x00007f746c001000 Thread added: 0x00007f746c001000
Event: 3.485 loading class 0x00007f746406c4c0
Event: 3.485 loading class 0x00007f746406c4c0 done
Event: 3.486 loading class 0x00007f746406c490
Event: 3.486 loading class 0x00007f746406c450
Event: 3.486 loading class 0x00007f746406c450 done
Event: 3.486 loading class 0x00007f746406c490 done
Event: 3.486 Thread 0x00007f7440001000 Thread added: 0x00007f7440001000
Event: 3.487 Executing VM operation: Exit


Dynamic libraries:
00400000-00401000 r-xp 00000000 08:07 663942                             /home/elixandre/jdk1.7.0_80/bin/java
00600000-00601000 rw-p 00000000 08:07 663942                             /home/elixandre/jdk1.7.0_80/bin/java
00609000-0062a000 rw-p 00000000 00:00 0                                  [heap]
bfa00000-c0f00000 rw-p 00000000 00:00 0 
c0f00000-c4c00000 rw-p 00000000 00:00 0 
c4c00000-c7380000 rw-p 00000000 00:00 0 
c7380000-ec400000 rw-p 00000000 00:00 0 
ec400000-ed800000 rw-p 00000000 00:00 0 
ed800000-100000000 rw-p 00000000 00:00 0 
7f7434000000-7f7434021000 rw-p 00000000 00:00 0 
7f7434021000-7f7438000000 ---p 00000000 00:00 0 
7f743c000000-7f743c103000 rw-p 00000000 00:00 0 
7f743c103000-7f7440000000 ---p 00000000 00:00 0 
7f7440000000-7f7440021000 rw-p 00000000 00:00 0 
7f7440021000-7f7444000000 ---p 00000000 00:00 0 
7f7444000000-7f7444100000 rw-p 00000000 00:00 0 
7f7444100000-7f7448000000 ---p 00000000 00:00 0 
7f7448000000-7f7448101000 rw-p 00000000 00:00 0 
7f7448101000-7f744c000000 ---p 00000000 00:00 0 
7f744c000000-7f744c101000 rw-p 00000000 00:00 0 
7f744c101000-7f7450000000 ---p 00000000 00:00 0 
7f7450000000-7f7450106000 rw-p 00000000 00:00 0 
7f7450106000-7f7454000000 ---p 00000000 00:00 0 
7f7454000000-7f7454105000 rw-p 00000000 00:00 0 
7f7454105000-7f7458000000 ---p 00000000 00:00 0 
7f7458000000-7f7458103000 rw-p 00000000 00:00 0 
7f7458103000-7f745c000000 ---p 00000000 00:00 0 
7f745c000000-7f745c021000 rw-p 00000000 00:00 0 
7f745c021000-7f7460000000 ---p 00000000 00:00 0 
7f7460000000-7f746010b000 rw-p 00000000 00:00 0 
7f746010b000-7f7464000000 ---p 00000000 00:00 0 
7f7464000000-7f7464123000 rw-p 00000000 00:00 0 
7f7464123000-7f7468000000 ---p 00000000 00:00 0 
7f7468000000-7f7468021000 rw-p 00000000 00:00 0 
7f7468021000-7f746c000000 ---p 00000000 00:00 0 
7f746c000000-7f746c021000 rw-p 00000000 00:00 0 
7f746c021000-7f7470000000 ---p 00000000 00:00 0 
7f7470000000-7f747026f000 rw-p 00000000 00:00 0 
7f747026f000-7f7474000000 ---p 00000000 00:00 0 
7f7474000000-7f7474021000 rw-p 00000000 00:00 0 
7f7474021000-7f7478000000 ---p 00000000 00:00 0 
7f7478000000-7f7478021000 rw-p 00000000 00:00 0 
7f7478021000-7f747c000000 ---p 00000000 00:00 0 
7f747c000000-7f747c021000 rw-p 00000000 00:00 0 
7f747c021000-7f7480000000 ---p 00000000 00:00 0 
7f7480000000-7f7480021000 rw-p 00000000 00:00 0 
7f7480021000-7f7484000000 ---p 00000000 00:00 0 
7f7484000000-7f7484021000 rw-p 00000000 00:00 0 
7f7484021000-7f7488000000 ---p 00000000 00:00 0 
7f74887f9000-7f74887fc000 ---p 00000000 00:00 0 
7f74887fc000-7f7488ffa000 rw-p 00000000 00:00 0 
7f7488ffa000-7f7488ffd000 ---p 00000000 00:00 0 
7f7488ffd000-7f74897fb000 rw-p 00000000 00:00 0 
7f74897fb000-7f74897fe000 ---p 00000000 00:00 0 
7f74897fe000-7f7489ffc000 rw-p 00000000 00:00 0 
7f7489ffc000-7f7489fff000 ---p 00000000 00:00 0 
7f7489fff000-7f748a7fd000 rw-p 00000000 00:00 0 
7f748a7fd000-7f748a800000 ---p 00000000 00:00 0 
7f748a800000-7f748affe000 rw-p 00000000 00:00 0 
7f748affe000-7f748b001000 ---p 00000000 00:00 0 
7f748b001000-7f748b7ff000 rw-p 00000000 00:00 0 
7f748b7ff000-7f748b802000 ---p 00000000 00:00 0 
7f748b802000-7f748c000000 rw-p 00000000 00:00 0 
7f748c000000-7f748c021000 rw-p 00000000 00:00 0 
7f748c021000-7f7490000000 ---p 00000000 00:00 0 
7f74901ea000-7f74901ed000 ---p 00000000 00:00 0 
7f74901ed000-7f74902eb000 rw-p 00000000 00:00 0 
7f74902eb000-7f74902ee000 ---p 00000000 00:00 0 
7f74902ee000-7f74903ec000 rw-p 00000000 00:00 0 
7f74903ec000-7f74903ef000 ---p 00000000 00:00 0 
7f74903ef000-7f7490bed000 rw-p 00000000 00:00 0 
7f7490bed000-7f7490c05000 r-xp 00000000 08:07 671522                     /tmp/simgrid-java8722626259765199636/libsimgrid-java.so (deleted)
7f7490c05000-7f7490e05000 ---p 00018000 08:07 671522                     /tmp/simgrid-java8722626259765199636/libsimgrid-java.so (deleted)
7f7490e05000-7f7490e06000 rw-p 00018000 08:07 671522                     /tmp/simgrid-java8722626259765199636/libsimgrid-java.so (deleted)
7f7490e06000-7f7490e1c000 r-xp 00000000 08:07 528568                     /lib/x86_64-linux-gnu/libgcc_s.so.1
7f7490e1c000-7f749101b000 ---p 00016000 08:07 528568                     /lib/x86_64-linux-gnu/libgcc_s.so.1
7f749101b000-7f749101c000 r--p 00015000 08:07 528568                     /lib/x86_64-linux-gnu/libgcc_s.so.1
7f749101c000-7f749101d000 rw-p 00016000 08:07 528568                     /lib/x86_64-linux-gnu/libgcc_s.so.1
7f749101d000-7f7491190000 r-xp 00000000 08:07 1059329                    /usr/lib/x86_64-linux-gnu/libstdc++.so.6.0.21
7f7491190000-7f749138f000 ---p 00173000 08:07 1059329                    /usr/lib/x86_64-linux-gnu/libstdc++.so.6.0.21
7f749138f000-7f7491399000 r--p 00172000 08:07 1059329                    /usr/lib/x86_64-linux-gnu/libstdc++.so.6.0.21
7f7491399000-7f749139b000 rw-p 0017c000 08:07 1059329                    /usr/lib/x86_64-linux-gnu/libstdc++.so.6.0.21
7f749139b000-7f749139f000 rw-p 00000000 00:00 0 
7f749139f000-7f7491664000 r-xp 00000000 08:07 671513                     /tmp/simgrid-java8722626259765199636/libsimgrid.so (deleted)
7f7491664000-7f7491864000 ---p 002c5000 08:07 671513                     /tmp/simgrid-java8722626259765199636/libsimgrid.so (deleted)
7f7491864000-7f749189f000 rw-p 002c5000 08:07 671513                     /tmp/simgrid-java8722626259765199636/libsimgrid.so (deleted)
7f749189f000-7f7491ba8000 rw-p 00000000 00:00 0 
7f7491ba8000-7f7491bbf000 r-xp 00000000 08:07 663689                     /home/elixandre/jdk1.7.0_80/jre/lib/amd64/libnet.so
7f7491bbf000-7f7491dbe000 ---p 00017000 08:07 663689                     /home/elixandre/jdk1.7.0_80/jre/lib/amd64/libnet.so
7f7491dbe000-7f7491dbf000 rw-p 00016000 08:07 663689                     /home/elixandre/jdk1.7.0_80/jre/lib/amd64/libnet.so
7f7491dbf000-7f7491dcf000 r-xp 00000000 08:07 663688                     /home/elixandre/jdk1.7.0_80/jre/lib/amd64/libnio.so
7f7491dcf000-7f7491fcf000 ---p 00010000 08:07 663688                     /home/elixandre/jdk1.7.0_80/jre/lib/amd64/libnio.so
7f7491fcf000-7f7491fd0000 rw-p 00010000 08:07 663688                     /home/elixandre/jdk1.7.0_80/jre/lib/amd64/libnio.so
7f7491fd0000-7f7494000000 rw-p 00000000 00:00 0 
7f7494000000-7f7494021000 rw-p 00000000 00:00 0 
7f7494021000-7f7498000000 ---p 00000000 00:00 0 
7f7498014000-7f7498015000 ---p 00000000 00:00 0 
7f7498015000-7f7498115000 rw-p 00000000 00:00 0 
7f7498115000-7f7498118000 ---p 00000000 00:00 0 
7f7498118000-7f7498216000 rw-p 00000000 00:00 0 
7f7498216000-7f7498219000 ---p 00000000 00:00 0 
7f7498219000-7f7498317000 rw-p 00000000 00:00 0 
7f7498317000-7f749831a000 ---p 00000000 00:00 0 
7f749831a000-7f7498418000 rw-p 00000000 00:00 0 
7f7498418000-7f749841b000 ---p 00000000 00:00 0 
7f749841b000-7f7498519000 rw-p 00000000 00:00 0 
7f7498519000-7f7498bfc000 r--p 00000000 08:07 1055607                    /usr/lib/locale/locale-archive
7f7498bfc000-7f7498bff000 ---p 00000000 00:00 0 
7f7498bff000-7f7498cfd000 rw-p 00000000 00:00 0 
7f7498cfd000-7f7498d00000 ---p 00000000 00:00 0 
7f7498d00000-7f7498dfe000 rw-p 00000000 00:00 0 
7f7498dfe000-7f7498dff000 ---p 00000000 00:00 0 
7f7498dff000-7f7499000000 rw-p 00000000 00:00 0 
7f7499000000-7f7499270000 rwxp 00000000 00:00 0 
7f7499270000-7f749c3db000 rw-p 00000000 00:00 0 
7f749c3db000-7f74a0000000 ---p 00000000 00:00 0 
7f74a00ee000-7f74a0fec000 rw-p 00000000 00:00 0 
7f74a0fec000-7f74a11ac000 r--s 039fb000 08:07 663892                     /home/elixandre/jdk1.7.0_80/jre/lib/rt.jar
7f74a11ac000-7f74a14a8000 rw-p 00000000 00:00 0 
7f74a14a8000-7f74a14a9000 ---p 00000000 00:00 0 
7f74a14a9000-7f74a15a9000 rw-p 00000000 00:00 0 
7f74a15a9000-7f74a15aa000 ---p 00000000 00:00 0 
7f74a15aa000-7f74a16aa000 rw-p 00000000 00:00 0 
7f74a16aa000-7f74a16ab000 ---p 00000000 00:00 0 
7f74a16ab000-7f74a17ab000 rw-p 00000000 00:00 0 
7f74a17ab000-7f74a17ac000 ---p 00000000 00:00 0 
7f74a17ac000-7f74a18b7000 rw-p 00000000 00:00 0 
7f74a18b7000-7f74a18d5000 rw-p 00000000 00:00 0 
7f74a18d5000-7f74a18e9000 rw-p 00000000 00:00 0 
7f74a18e9000-7f74a1a11000 rw-p 00000000 00:00 0 
7f74a1a11000-7f74a1a1c000 rw-p 00000000 00:00 0 
7f74a1a1c000-7f74a1a3a000 rw-p 00000000 00:00 0 
7f74a1a3a000-7f74a1a4e000 rw-p 00000000 00:00 0 
7f74a1a4e000-7f74a1b76000 rw-p 00000000 00:00 0 
7f74a1b76000-7f74a1b80000 rw-p 00000000 00:00 0 
7f74a1b80000-7f74a1c14000 rw-p 00000000 00:00 0 
7f74a1c14000-7f74a1c15000 rw-p 00000000 00:00 0 
7f74a1c15000-7f74a1c2c000 r-xp 00000000 08:07 663687                     /home/elixandre/jdk1.7.0_80/jre/lib/amd64/libzip.so
7f74a1c2c000-7f74a1e2c000 ---p 00017000 08:07 663687                     /home/elixandre/jdk1.7.0_80/jre/lib/amd64/libzip.so
7f74a1e2c000-7f74a1e2d000 rw-p 00017000 08:07 663687                     /home/elixandre/jdk1.7.0_80/jre/lib/amd64/libzip.so
7f74a1e2d000-7f74a1e37000 r-xp 00000000 08:07 529521                     /lib/x86_64-linux-gnu/libnss_files-2.21.so
7f74a1e37000-7f74a2037000 ---p 0000a000 08:07 529521                     /lib/x86_64-linux-gnu/libnss_files-2.21.so
7f74a2037000-7f74a2038000 r--p 0000a000 08:07 529521                     /lib/x86_64-linux-gnu/libnss_files-2.21.so
7f74a2038000-7f74a2039000 rw-p 0000b000 08:07 529521                     /lib/x86_64-linux-gnu/libnss_files-2.21.so
7f74a2039000-7f74a2044000 r-xp 00000000 08:07 529535                     /lib/x86_64-linux-gnu/libnss_nis-2.21.so
7f74a2044000-7f74a2243000 ---p 0000b000 08:07 529535                     /lib/x86_64-linux-gnu/libnss_nis-2.21.so
7f74a2243000-7f74a2244000 r--p 0000a000 08:07 529535                     /lib/x86_64-linux-gnu/libnss_nis-2.21.so
7f74a2244000-7f74a2245000 rw-p 0000b000 08:07 529535                     /lib/x86_64-linux-gnu/libnss_nis-2.21.so
7f74a2245000-7f74a225c000 r-xp 00000000 08:07 529538                     /lib/x86_64-linux-gnu/libnsl-2.21.so
7f74a225c000-7f74a245b000 ---p 00017000 08:07 529538                     /lib/x86_64-linux-gnu/libnsl-2.21.so
7f74a245b000-7f74a245c000 r--p 00016000 08:07 529538                     /lib/x86_64-linux-gnu/libnsl-2.21.so
7f74a245c000-7f74a245d000 rw-p 00017000 08:07 529538                     /lib/x86_64-linux-gnu/libnsl-2.21.so
7f74a245d000-7f74a245f000 rw-p 00000000 00:00 0 
7f74a245f000-7f74a2467000 r-xp 00000000 08:07 529523                     /lib/x86_64-linux-gnu/libnss_compat-2.21.so
7f74a2467000-7f74a2666000 ---p 00008000 08:07 529523                     /lib/x86_64-linux-gnu/libnss_compat-2.21.so
7f74a2666000-7f74a2667000 r--p 00007000 08:07 529523                     /lib/x86_64-linux-gnu/libnss_compat-2.21.so
7f74a2667000-7f74a2668000 rw-p 00008000 08:07 529523                     /lib/x86_64-linux-gnu/libnss_compat-2.21.so
7f74a2668000-7f74a2691000 r-xp 00000000 08:07 663623                     /home/elixandre/jdk1.7.0_80/jre/lib/amd64/libjava.so
7f74a2691000-7f74a2891000 ---p 00029000 08:07 663623                     /home/elixandre/jdk1.7.0_80/jre/lib/amd64/libjava.so
7f74a2891000-7f74a2893000 rw-p 00029000 08:07 663623                     /home/elixandre/jdk1.7.0_80/jre/lib/amd64/libjava.so
7f74a2893000-7f74a28a0000 r-xp 00000000 08:07 663501                     /home/elixandre/jdk1.7.0_80/jre/lib/amd64/libverify.so
7f74a28a0000-7f74a2a9f000 ---p 0000d000 08:07 663501                     /home/elixandre/jdk1.7.0_80/jre/lib/amd64/libverify.so
7f74a2a9f000-7f74a2aa1000 rw-p 0000c000 08:07 663501                     /home/elixandre/jdk1.7.0_80/jre/lib/amd64/libverify.so
7f74a2aa1000-7f74a2aa8000 r-xp 00000000 08:07 529522                     /lib/x86_64-linux-gnu/librt-2.21.so
7f74a2aa8000-7f74a2ca7000 ---p 00007000 08:07 529522                     /lib/x86_64-linux-gnu/librt-2.21.so
7f74a2ca7000-7f74a2ca8000 r--p 00006000 08:07 529522                     /lib/x86_64-linux-gnu/librt-2.21.so
7f74a2ca8000-7f74a2ca9000 rw-p 00007000 08:07 529522                     /lib/x86_64-linux-gnu/librt-2.21.so
7f74a2ca9000-7f74a2db0000 r-xp 00000000 08:07 529524                     /lib/x86_64-linux-gnu/libm-2.21.so
7f74a2db0000-7f74a2faf000 ---p 00107000 08:07 529524                     /lib/x86_64-linux-gnu/libm-2.21.so
7f74a2faf000-7f74a2fb0000 r--p 00106000 08:07 529524                     /lib/x86_64-linux-gnu/libm-2.21.so
7f74a2fb0000-7f74a2fb1000 rw-p 00107000 08:07 529524                     /lib/x86_64-linux-gnu/libm-2.21.so
7f74a2fb1000-7f74a3b27000 r-xp 00000000 08:07 663273                     /home/elixandre/jdk1.7.0_80/jre/lib/amd64/server/libjvm.so
7f74a3b27000-7f74a3d26000 ---p 00b76000 08:07 663273                     /home/elixandre/jdk1.7.0_80/jre/lib/amd64/server/libjvm.so
7f74a3d26000-7f74a3dea000 rw-p 00b75000 08:07 663273                     /home/elixandre/jdk1.7.0_80/jre/lib/amd64/server/libjvm.so
7f74a3dea000-7f74a3e2b000 rw-p 00000000 00:00 0 
7f74a3e2b000-7f74a3feb000 r-xp 00000000 08:07 529541                     /lib/x86_64-linux-gnu/libc-2.21.so
7f74a3feb000-7f74a41eb000 ---p 001c0000 08:07 529541                     /lib/x86_64-linux-gnu/libc-2.21.so
7f74a41eb000-7f74a41ef000 r--p 001c0000 08:07 529541                     /lib/x86_64-linux-gnu/libc-2.21.so
7f74a41ef000-7f74a41f1000 rw-p 001c4000 08:07 529541                     /lib/x86_64-linux-gnu/libc-2.21.so
7f74a41f1000-7f74a41f5000 rw-p 00000000 00:00 0 
7f74a41f5000-7f74a41f8000 r-xp 00000000 08:07 529528                     /lib/x86_64-linux-gnu/libdl-2.21.so
7f74a41f8000-7f74a43f7000 ---p 00003000 08:07 529528                     /lib/x86_64-linux-gnu/libdl-2.21.so
7f74a43f7000-7f74a43f8000 r--p 00002000 08:07 529528                     /lib/x86_64-linux-gnu/libdl-2.21.so
7f74a43f8000-7f74a43f9000 rw-p 00003000 08:07 529528                     /lib/x86_64-linux-gnu/libdl-2.21.so
7f74a43f9000-7f74a440e000 r-xp 00000000 08:07 663695                     /home/elixandre/jdk1.7.0_80/lib/amd64/jli/libjli.so
7f74a440e000-7f74a460d000 ---p 00015000 08:07 663695                     /home/elixandre/jdk1.7.0_80/lib/amd64/jli/libjli.so
7f74a460d000-7f74a460e000 rw-p 00014000 08:07 663695                     /home/elixandre/jdk1.7.0_80/lib/amd64/jli/libjli.so
7f74a460e000-7f74a4626000 r-xp 00000000 08:07 529525                     /lib/x86_64-linux-gnu/libpthread-2.21.so
7f74a4626000-7f74a4826000 ---p 00018000 08:07 529525                     /lib/x86_64-linux-gnu/libpthread-2.21.so
7f74a4826000-7f74a4827000 r--p 00018000 08:07 529525                     /lib/x86_64-linux-gnu/libpthread-2.21.so
7f74a4827000-7f74a4828000 rw-p 00019000 08:07 529525                     /lib/x86_64-linux-gnu/libpthread-2.21.so
7f74a4828000-7f74a482c000 rw-p 00000000 00:00 0 
7f74a482c000-7f74a4850000 r-xp 00000000 08:07 529539                     /lib/x86_64-linux-gnu/ld-2.21.so
7f74a485a000-7f74a4879000 rw-p 00000000 00:00 0 
7f74a4879000-7f74a492f000 rw-p 00000000 00:00 0 
7f74a492f000-7f74a4932000 ---p 00000000 00:00 0 
7f74a4932000-7f74a4a34000 rw-p 00000000 00:00 0 
7f74a4a3c000-7f74a4a40000 r--s 0008b000 08:07 663627                     /home/elixandre/jdk1.7.0_80/jre/lib/jsse.jar
7f74a4a40000-7f74a4a43000 r--s 00f76000 08:07 542783                     /home/elixandre/Downloads/simgrid.jar
7f74a4a43000-7f74a4a4b000 rw-s 00000000 08:07 544733                     /tmp/hsperfdata_elixandre/6091 (deleted)
7f74a4a4b000-7f74a4a4c000 rw-p 00000000 00:00 0 
7f74a4a4c000-7f74a4a4d000 ---p 00000000 00:00 0 
7f74a4a4d000-7f74a4a4f000 rw-p 00000000 00:00 0 
7f74a4a4f000-7f74a4a50000 r--p 00023000 08:07 529539                     /lib/x86_64-linux-gnu/ld-2.21.so
7f74a4a50000-7f74a4a51000 rw-p 00024000 08:07 529539                     /lib/x86_64-linux-gnu/ld-2.21.so
7f74a4a51000-7f74a4a52000 rw-p 00000000 00:00 0 
7fff44de5000-7fff44e06000 rw-p 00000000 00:00 0                          [stack]
7fff44eb6000-7fff44eb8000 r--p 00000000 00:00 0                          [vvar]
7fff44eb8000-7fff44eba000 r-xp 00000000 00:00 0                          [vdso]
ffffffffff600000-ffffffffff601000 r-xp 00000000 00:00 0                  [vsyscall]

VM Arguments:
jvm_args: -Dfile.encoding=UTF-8 
java_command: vcube.VCube platform.xml deployment.xml
Launcher Type: SUN_STANDARD

Environment Variables:
PATH=/usr/local/sbin:/usr/local/bin:/usr/sbin:/usr/bin:/sbin:/bin:/usr/games:/usr/local/games:/home/elixandre/.rvm/bin
LD_LIBRARY_PATH=/home/elixandre/jdk1.7.0_80/jre/lib/amd64:/home/elixandre/jdk1.7.0_80/jre/lib/i386:
SHELL=/bin/bash
DISPLAY=:0

Signal Handlers:
SIGSEGV: [libjvm.so+0x9a3b20], sa_mask[0]=0x7ffbfeff, sa_flags=0x10000004
SIGBUS: [libjvm.so+0x9a3b20], sa_mask[0]=0x7ffbfeff, sa_flags=0x10000004
SIGFPE: [libjvm.so+0x81e740], sa_mask[0]=0x7ffbfeff, sa_flags=0x10000004
SIGPIPE: [libjvm.so+0x81e740], sa_mask[0]=0x7ffbfeff, sa_flags=0x10000004
SIGXFSZ: [libjvm.so+0x81e740], sa_mask[0]=0x7ffbfeff, sa_flags=0x10000004
SIGILL: [libjvm.so+0x81e740], sa_mask[0]=0x7ffbfeff, sa_flags=0x10000004
SIGUSR1: SIG_DFL, sa_mask[0]=0x00000000, sa_flags=0x00000000
SIGUSR2: [libjvm.so+0x81ffb0], sa_mask[0]=0x00000004, sa_flags=0x10000004
SIGHUP: [libjvm.so+0x8210d0], sa_mask[0]=0x7ffbfeff, sa_flags=0x10000004
SIGINT: [libsimgrid.so+0x8ff50], sa_mask[0]=0x00000002, sa_flags=0x10000000
SIGTERM: [libjvm.so+0x8210d0], sa_mask[0]=0x7ffbfeff, sa_flags=0x10000004
SIGQUIT: [libjvm.so+0x8210d0], sa_mask[0]=0x7ffbfeff, sa_flags=0x10000004


---------------  S Y S T E M  ---------------

OS:jessie/sid

uname:Linux 4.2.0-42-generic #49-Ubuntu SMP Tue Jun 28 21:26:26 UTC 2016 x86_64
libc:glibc 2.21 NPTL 2.21 
rlimit: STACK 8192k, CORE 0k, NPROC 15009, NOFILE 65536, AS infinity
load average:0.52 1.22 1.41

/proc/meminfo:
MemTotal:        3879128 kB
MemFree:         1920216 kB
MemAvailable:    2226600 kB
Buffers:           41520 kB
Cached:           532144 kB
SwapCached:         6120 kB
Active:          1108112 kB
Inactive:         681548 kB
Active(anon):     719088 kB
Inactive(anon):   617388 kB
Active(file):     389024 kB
Inactive(file):    64160 kB
Unevictable:          32 kB
Mlocked:              32 kB
SwapTotal:        975868 kB
SwapFree:         887968 kB
Dirty:             12740 kB
Writeback:             0 kB
AnonPages:       1212692 kB
Mapped:           199356 kB
Shmem:            120484 kB
Slab:              76840 kB
SReclaimable:      44272 kB
SUnreclaim:        32568 kB
KernelStack:        8672 kB
PageTables:        31940 kB
NFS_Unstable:          0 kB
Bounce:                0 kB
WritebackTmp:          0 kB
CommitLimit:     2915432 kB
Committed_AS:    4831008 kB
VmallocTotal:   34359738367 kB
VmallocUsed:      347648 kB
VmallocChunk:   34358947836 kB
HardwareCorrupted:     0 kB
AnonHugePages:    858112 kB
CmaTotal:              0 kB
CmaFree:               0 kB
HugePages_Total:       0
HugePages_Free:        0
HugePages_Rsvd:        0
HugePages_Surp:        0
Hugepagesize:       2048 kB
DirectMap4k:      127736 kB
DirectMap2M:     3899392 kB


CPU:total 4 (2 cores per cpu, 2 threads per core) family 6 model 58 stepping 9, cmov, cx8, fxsr, mmx, sse, sse2, sse3, ssse3, sse4.1, sse4.2, popcnt, avx, erms, ht, tsc, tscinvbit, tscinv

/proc/cpuinfo:
processor	: 0
vendor_id	: GenuineIntel
cpu family	: 6
model		: 58
model name	: Intel(R) Core(TM) i7-3517U CPU @ 1.90GHz
stepping	: 9
microcode	: 0x12
cpu MHz		: 2799.937
cache size	: 4096 KB
physical id	: 0
siblings	: 4
core id		: 0
cpu cores	: 2
apicid		: 0
initial apicid	: 0
fpu		: yes
fpu_exception	: yes
cpuid level	: 13
wp		: yes
flags		: fpu vme de pse tsc msr pae mce cx8 apic sep mtrr pge mca cmov pat pse36 clflush dts acpi mmx fxsr sse sse2 ss ht tm pbe syscall nx rdtscp lm constant_tsc arch_perfmon pebs bts rep_good nopl xtopology nonstop_tsc aperfmperf eagerfpu pni pclmulqdq dtes64 monitor ds_cpl vmx est tm2 ssse3 cx16 xtpr pdcm pcid sse4_1 sse4_2 x2apic popcnt tsc_deadline_timer xsave avx f16c rdrand lahf_lm ida arat epb pln pts dtherm tpr_shadow vnmi flexpriority ept vpid fsgsbase smep erms xsaveopt
bugs		:
bogomips	: 4788.88
clflush size	: 64
cache_alignment	: 64
address sizes	: 36 bits physical, 48 bits virtual
power management:

processor	: 1
vendor_id	: GenuineIntel
cpu family	: 6
model		: 58
model name	: Intel(R) Core(TM) i7-3517U CPU @ 1.90GHz
stepping	: 9
microcode	: 0x12
cpu MHz		: 2799.937
cache size	: 4096 KB
physical id	: 0
siblings	: 4
core id		: 0
cpu cores	: 2
apicid		: 1
initial apicid	: 1
fpu		: yes
fpu_exception	: yes
cpuid level	: 13
wp		: yes
flags		: fpu vme de pse tsc msr pae mce cx8 apic sep mtrr pge mca cmov pat pse36 clflush dts acpi mmx fxsr sse sse2 ss ht tm pbe syscall nx rdtscp lm constant_tsc arch_perfmon pebs bts rep_good nopl xtopology nonstop_tsc aperfmperf eagerfpu pni pclmulqdq dtes64 monitor ds_cpl vmx est tm2 ssse3 cx16 xtpr pdcm pcid sse4_1 sse4_2 x2apic popcnt tsc_deadline_timer xsave avx f16c rdrand lahf_lm ida arat epb pln pts dtherm tpr_shadow vnmi flexpriority ept vpid fsgsbase smep erms xsaveopt
bugs		:
bogomips	: 4788.88
clflush size	: 64
cache_alignment	: 64
address sizes	: 36 bits physical, 48 bits virtual
power management:

processor	: 2
vendor_id	: GenuineIntel
cpu family	: 6
model		: 58
model name	: Intel(R) Core(TM) i7-3517U CPU @ 1.90GHz
stepping	: 9
microcode	: 0x12
cpu MHz		: 2799.937
cache size	: 4096 KB
physical id	: 0
siblings	: 4
core id		: 1
cpu cores	: 2
apicid		: 2
initial apicid	: 2
fpu		: yes
fpu_exception	: yes
cpuid level	: 13
wp		: yes
flags		: fpu vme de pse tsc msr pae mce cx8 apic sep mtrr pge mca cmov pat pse36 clflush dts acpi mmx fxsr sse sse2 ss ht tm pbe syscall nx rdtscp lm constant_tsc arch_perfmon pebs bts rep_good nopl xtopology nonstop_tsc aperfmperf eagerfpu pni pclmulqdq dtes64 monitor ds_cpl vmx est tm2 ssse3 cx16 xtpr pdcm pcid sse4_1 sse4_2 x2apic popcnt tsc_deadline_timer xsave avx f16c rdrand lahf_lm ida arat epb pln pts dtherm tpr_shadow vnmi flexpriority ept vpid fsgsbase smep erms xsaveopt
bugs		:
bogomips	: 4788.88
clflush size	: 64
cache_alignment	: 64
address sizes	: 36 bits physical, 48 bits virtual
power management:

processor	: 3
vendor_id	: GenuineIntel
cpu family	: 6
model		: 58
model name	: Intel(R) Core(TM) i7-3517U CPU @ 1.90GHz
stepping	: 9
microcode	: 0x12
cpu MHz		: 2799.937
cache size	: 4096 KB
physical id	: 0
siblings	: 4
core id		: 1
cpu cores	: 2
apicid		: 3
initial apicid	: 3
fpu		: yes
fpu_exception	: yes
cpuid level	: 13
wp		: yes
flags		: fpu vme de pse tsc msr pae mce cx8 apic sep mtrr pge mca cmov pat pse36 clflush dts acpi mmx fxsr sse sse2 ss ht tm pbe syscall nx rdtscp lm constant_tsc arch_perfmon pebs bts rep_good nopl xtopology nonstop_tsc aperfmperf eagerfpu pni pclmulqdq dtes64 monitor ds_cpl vmx est tm2 ssse3 cx16 xtpr pdcm pcid sse4_1 sse4_2 x2apic popcnt tsc_deadline_timer xsave avx f16c rdrand lahf_lm ida arat epb pln pts dtherm tpr_shadow vnmi flexpriority ept vpid fsgsbase smep erms xsaveopt
bugs		:
bogomips	: 4788.88
clflush size	: 64
cache_alignment	: 64
address sizes	: 36 bits physical, 48 bits virtual
power management:



Memory: 4k page, physical 3879128k(1920216k free), swap 975868k(887968k free)

vm_info: Java HotSpot(TM) 64-Bit Server VM (24.80-b11) for linux-amd64 JRE (1.7.0_80-b15), built on Apr 10 2015 19:53:14 by "java_re" with gcc 4.3.0 20080428 (Red Hat 4.3.0-8)

time: Mon May  1 15:01:14 2017
elapsed time: 3 seconds

