#
# A fatal error has been detected by the Java Runtime Environment:
#
#  SIGSEGV (0xb) at pc=0x00007fae5cd679c2, pid=8983, tid=0x00007fae449f9700
#
# JRE version: Java(TM) SE Runtime Environment (8.0_111-b14) (build 1.8.0_111-b14)
# Java VM: Java HotSpot(TM) 64-Bit Server VM (25.111-b14 mixed mode linux-amd64 compressed oops)
# Problematic frame:
# C  [libc.so.6+0x7f9c2]
#
# Failed to write core dump. Core dumps have been disabled. To enable core dumping, try "ulimit -c unlimited" before starting Java again
#
# If you would like to submit a bug report, please visit:
#   http://bugreport.java.com/bugreport/crash.jsp
# The crash happened outside the Java Virtual Machine in native code.
# See problematic frame for where to report the bug.
#

---------------  T H R E A D  ---------------

Current thread (0x00007fae54084000):  JavaThread "Finalizer" daemon [_thread_in_native, id=8996, stack(0x00007fae448f9000,0x00007fae449fa000)]

siginfo: si_signo: 11 (SIGSEGV), si_code: 128 (SI_KERNEL), si_addr: 0x0000000000000000

Registers:
RAX=0x00007fadfc154c50, RBX=0x00007fadfc012920, RCX=0x00007fae449f8780, RDX=0xffffff909b9e8f90
RSP=0x00007fae449f8620, RBP=0x00007fadfc000020, RSI=0x0000000000000001, RDI=0x00007fadfc000020
R8 =0x00007fae0801c5a0, R9 =0x0000000000000001, R10=0x0000000000000004, R11=0x00007fae5ccbbf88
R12=0x0000006f64617070, R13=0x0000801d60629990, R14=0x00007fae592f5040, R15=0x00007fae54084000
RIP=0x00007fae5cd679c2, EFLAGS=0x0000000000010202, CSGSFS=0x0000000000000033, ERR=0x0000000000000000
  TRAPNO=0x000000000000000d

Top of Stack: (sp=0x00007fae449f8620)
0x00007fae449f8620:   00000000449f8700 00007fae449f86f0
0x00007fae449f8630:   00007fae58f0a520 00007fae0801c6d0
0x00007fae449f8640:   00007fae26689ce0 00007fae0801c640
0x00007fae449f8650:   00007fae449f87e0 00007fae00000001
0x00007fae449f8660:   00007fae0801c6d0 00007fae5cd6b98c
0x00007fae449f8670:   00007fae449f8720 00007fae449f8770
0x00007fae449f8680:   00007fae449f8760 00007fadfc012860
0x00007fae449f8690:   00007fae26689ce0 0000000000000000
0x00007fae449f86a0:   00007fae449f87e0 00007fae592f5040
0x00007fae449f86b0:   00007fae54084000 00007fae5cd6b98c
0x00007fae449f86c0:   0000007f449f87e8 00007fae0801c6d0
0x00007fae449f86d0:   00007fae54084000 00007fae0801c5a0
0x00007fae449f86e0:   00007fae26689ce0 00007fadfc012860
0x00007fae449f86f0:   00007fae26689ce0 0000000000000000
0x00007fae449f8700:   00007fae449f87e0 00007fae26212683
0x00007fae449f8710:   00007fae592f0f30 00007fae54084000
0x00007fae449f8720:   00007fae449f8850 00007fae4501306d
0x00007fae449f8730:   00007fae450055d0 00007fae00000000
0x00007fae449f8740:   00007fae449f8890 00007fae449f8850
0x00007fae449f8750:   00007fae58f0a520 00007fae259e8de7
0x00007fae449f8760:   00007fae58f0a520 00007fae592f0fd0
0x00007fae449f8770:   00007fae449f87c0 00007fae4517bea6
0x00007fae449f8780:   00000000d65c6010 00007fade4004e90
0x00007fae449f8790:   00007fade4004e70 00007fae54084000
0x00007fae449f87a0:   00007fae449f8830 00007fae5404cd30
0x00007fae449f87b0:   00000000d64ce098 00007fae54084000
0x00007fae449f87c0:   00007fae449f8828 00007fae450082bd
0x00007fae449f87d0:   00007fae449f8810 00007fae450082bd
0x00007fae449f87e0:   00000000d65c6010 00007fae449f87e8
0x00007fae449f87f0:   00007fae592f0f09 00007fae449f8840
0x00007fae449f8800:   00007fae592f1e50 00007fae592f5040
0x00007fae449f8810:   00007fae592f0f30 00007fae449f87e0 

Instructions: (pc=0x00007fae5cd679c2)
0x00007fae5cd679a2:   2c 26 48 39 c6 0f 84 e1 0e 00 00 45 31 c9 c7 44
0x00007fae5cd679b2:   24 38 00 00 00 00 f6 45 04 02 0f 84 7e 08 00 00
0x00007fae5cd679c2:   49 8b 45 08 a8 01 0f 84 92 08 00 00 49 89 c7 49
0x00007fae5cd679d2:   83 e7 f8 48 83 f8 10 0f 86 d1 06 00 00 4c 3b bd 

Register to memory mapping:

RAX=0x00007fadfc154c50 is an unknown value
RBX=0x00007fadfc012920 is an unknown value
RCX=0x00007fae449f8780 is pointing into the stack for thread: 0x00007fae54084000
RDX=0xffffff909b9e8f90 is an unknown value
RSP=0x00007fae449f8620 is pointing into the stack for thread: 0x00007fae54084000
RBP=0x00007fadfc000020 is an unknown value
RSI=0x0000000000000001 is an unknown value
RDI=0x00007fadfc000020 is an unknown value
R8 =0x00007fae0801c5a0 is an unknown value
R9 =0x0000000000000001 is an unknown value
R10=0x0000000000000004 is an unknown value
R11=0x00007fae5ccbbf88: <offset 0xfc3f88> in /home/elixandrebaldi/jdk1.8.0_111/jre/lib/amd64/server/libjvm.so at 0x00007fae5bcf8000
R12=0x0000006f64617070 is an unknown value
R13=0x0000801d60629990 is an unknown value
R14=0x00007fae592f5040 is pointing into metadata
R15=0x00007fae54084000 is a thread


Stack: [0x00007fae448f9000,0x00007fae449fa000],  sp=0x00007fae449f8620,  free space=1021k
Native frames: (J=compiled Java code, j=interpreted, Vv=VM code, C=native code)
C  [libc.so.6+0x7f9c2]

Java frames: (J=compiled Java code, j=interpreted, Vv=VM code)
J 223  org.simgrid.msg.Task.nativeFinalize()V (0 bytes) @ 0x00007fae4517be38 [0x00007fae4517be00+0x38]
j  org.simgrid.msg.Task.finalize()V+1
j  java.lang.System$2.invokeFinalize(Ljava/lang/Object;)V+1
j  java.lang.ref.Finalizer.runFinalizer(Lsun/misc/JavaLangAccess;)V+46
j  java.lang.ref.Finalizer.access$100(Ljava/lang/ref/Finalizer;Lsun/misc/JavaLangAccess;)V+2
j  java.lang.ref.Finalizer$FinalizerThread.run()V+45
v  ~StubRoutines::call_stub

---------------  P R O C E S S  ---------------

Java Threads: ( => current thread )
  0x00007fade8001000 JavaThread "Thread-8" [_thread_in_native, id=9009, stack(0x00007fadf9ffc000,0x00007fadfa7fd000)]
  0x00007fade4001000 JavaThread "Thread-7" [_thread_in_native, id=9010, stack(0x00007fadf97fb000,0x00007fadf9ffc000)]
  0x00007fadf0001000 JavaThread "Thread-6" [_thread_in_native, id=9008, stack(0x00007fadfa7fd000,0x00007fadfaffe000)]
  0x00007fadec001000 JavaThread "Thread-5" [_thread_in_native, id=9007, stack(0x00007fadfaffe000,0x00007fadfb7ff000)]
  0x00007fadf4001000 JavaThread "Thread-3" [_thread_in_native, id=9006, stack(0x00007fadfb7ff000,0x00007fadfc000000)]
  0x00007fae00001000 JavaThread "Thread-4" [_thread_in_native, id=9005, stack(0x00007fae241da000,0x00007fae249db000)]
  0x00007fadfc001000 JavaThread "Thread-2" [_thread_in_vm, id=9004, stack(0x00007fae249db000,0x00007fae251dc000)]
  0x00007fae08001000 JavaThread "Thread-1" [_thread_in_native, id=9003, stack(0x00007fae251dc000,0x00007fae259dd000)]
  0x00007fae540c8000 JavaThread "Service Thread" daemon [_thread_blocked, id=9001, stack(0x00007fae443f4000,0x00007fae444f5000)]
  0x00007fae540bd000 JavaThread "C1 CompilerThread2" daemon [_thread_in_native, id=9000, stack(0x00007fae444f5000,0x00007fae445f6000)]
  0x00007fae540bb000 JavaThread "C2 CompilerThread1" daemon [_thread_blocked, id=8999, stack(0x00007fae445f6000,0x00007fae446f7000)]
  0x00007fae540b8800 JavaThread "C2 CompilerThread0" daemon [_thread_blocked, id=8998, stack(0x00007fae446f7000,0x00007fae447f8000)]
  0x00007fae540b7000 JavaThread "Signal Dispatcher" daemon [_thread_blocked, id=8997, stack(0x00007fae447f8000,0x00007fae448f9000)]
=>0x00007fae54084000 JavaThread "Finalizer" daemon [_thread_in_native, id=8996, stack(0x00007fae448f9000,0x00007fae449fa000)]
  0x00007fae5407f000 JavaThread "Reference Handler" daemon [_thread_in_Java, id=8995, stack(0x00007fae449fa000,0x00007fae44afb000)]
  0x00007fae5400a000 JavaThread "main" [_thread_in_native, id=8988, stack(0x00007fae5d7eb000,0x00007fae5d8ec000)]

Other Threads:
  0x00007fae54077800 VMThread [stack: 0x00007fae44afb000,0x00007fae44bfc000] [id=8994]
  0x00007fae540ca800 WatcherThread [stack: 0x00007fae442f3000,0x00007fae443f4000] [id=9002]

VM state:not at safepoint (normal execution)

VM Mutex/Monitor currently owned by a thread: None

Heap:
 PSYoungGen      total 17920K, used 3976K [0x00000000d5580000, 0x00000000d6980000, 0x0000000100000000)
  eden space 15360K, 10% used [0x00000000d5580000,0x00000000d571e208,0x00000000d6480000)
  from space 2560K, 90% used [0x00000000d6480000,0x00000000d66c4010,0x00000000d6700000)
  to   space 2560K, 0% used [0x00000000d6700000,0x00000000d6700000,0x00000000d6980000)
 ParOldGen       total 40960K, used 0K [0x0000000080000000, 0x0000000082800000, 0x00000000d5580000)
  object space 40960K, 0% used [0x0000000080000000,0x0000000080000000,0x0000000082800000)
 Metaspace       used 3736K, capacity 4640K, committed 4864K, reserved 1056768K
  class space    used 414K, capacity 464K, committed 512K, reserved 1048576K

Card table byte_map: [0x00007fae5a191000,0x00007fae5a592000] byte_map_base: 0x00007fae59d91000

Marking Bits: (ParMarkBitMap*) 0x00007fae5ccbb220
 Begin Bits: [0x00007fae3c000000, 0x00007fae3e000000)
 End Bits:   [0x00007fae3e000000, 0x00007fae40000000)

Polling page: 0x00007fae5d90a000

CodeCache: size=245760Kb used=1532Kb max_used=1545Kb free=244227Kb
 bounds [0x00007fae45000000, 0x00007fae45270000, 0x00007fae54000000]
 total_blobs=477 nmethods=214 adapters=177
 compilation: enabled

Compilation events (10 events):
Event: 1.073 Thread 0x00007fae540bb000 nmethod 207 0x00007fae4517b610 code [0x00007fae4517b780, 0x00007fae4517b888]
Event: 1.073 Thread 0x00007fae540bb000  208       4       java.lang.AbstractStringBuilder::append (144 bytes)
Event: 1.075 Thread 0x00007fae540b8800 nmethod 206 0x00007fae4517c350 code [0x00007fae4517c4c0, 0x00007fae4517c958]
Event: 1.109 Thread 0x00007fae540bb000 nmethod 208 0x00007fae4517efd0 code [0x00007fae4517f160, 0x00007fae4517f7d8]
Event: 1.525 Thread 0x00007fae540bd000  209       2       sun.misc.VM::addFinalRefCount (24 bytes)
Event: 1.525 Thread 0x00007fae540bd000 nmethod 209 0x00007fae4517ec90 code [0x00007fae4517ede0, 0x00007fae4517ef50]
Event: 1.525 Thread 0x00007fae540bd000  210   !   3       java.lang.ref.Reference::tryHandlePending (115 bytes)
Event: 1.526 Thread 0x00007fae540bd000 nmethod 210 0x00007fae45178d90 code [0x00007fae45178fc0, 0x00007fae45179c68]
Event: 1.527 Thread 0x00007fae540b8800  225   !   4       java.lang.ref.Reference::tryHandlePending (115 bytes)
Event: 1.527 Thread 0x00007fae540bd000  212   !   2       java.lang.ref.ReferenceQueue::enqueue (119 bytes)

GC Heap History (2 events):
Event: 1.505 GC heap before
{Heap before GC invocations=1 (full 0):
 PSYoungGen      total 17920K, used 15360K [0x00000000d5580000, 0x00000000d6980000, 0x0000000100000000)
  eden space 15360K, 100% used [0x00000000d5580000,0x00000000d6480000,0x00000000d6480000)
  from space 2560K, 0% used [0x00000000d6700000,0x00000000d6700000,0x00000000d6980000)
  to   space 2560K, 0% used [0x00000000d6480000,0x00000000d6480000,0x00000000d6700000)
 ParOldGen       total 40960K, used 0K [0x0000000080000000, 0x0000000082800000, 0x00000000d5580000)
  object space 40960K, 0% used [0x0000000080000000,0x0000000080000000,0x0000000082800000)
 Metaspace       used 3728K, capacity 4640K, committed 4864K, reserved 1056768K
  class space    used 414K, capacity 464K, committed 512K, reserved 1048576K
Event: 1.518 GC heap after
Heap after GC invocations=1 (full 0):
 PSYoungGen      total 17920K, used 2320K [0x00000000d5580000, 0x00000000d6980000, 0x0000000100000000)
  eden space 15360K, 0% used [0x00000000d5580000,0x00000000d5580000,0x00000000d6480000)
  from space 2560K, 90% used [0x00000000d6480000,0x00000000d66c4010,0x00000000d6700000)
  to   space 2560K, 0% used [0x00000000d6700000,0x00000000d6700000,0x00000000d6980000)
 ParOldGen       total 40960K, used 0K [0x0000000080000000, 0x0000000082800000, 0x00000000d5580000)
  object space 40960K, 0% used [0x0000000080000000,0x0000000080000000,0x0000000082800000)
 Metaspace       used 3728K, capacity 4640K, committed 4864K, reserved 1056768K
  class space    used 414K, capacity 464K, committed 512K, reserved 1048576K
}

Deoptimization events (0 events):
No events

Internal exceptions (10 events):
Event: 1.488 Thread 0x00007fae00001000 Exception <a 'org/simgrid/msg/TimeoutException'> (0x00000000d6181e78) thrown at [/HUDSON3/workspace/8-2-build-linux-amd64/jdk8u111/7883/hotspot/src/share/vm/prims/jni.cpp, line 735]
Event: 1.488 Thread 0x00007fadec001000 Exception <a 'org/simgrid/msg/TimeoutException'> (0x00000000d6135f98) thrown at [/HUDSON3/workspace/8-2-build-linux-amd64/jdk8u111/7883/hotspot/src/share/vm/prims/jni.cpp, line 735]
Event: 1.490 Thread 0x00007fae08001000 Exception <a 'org/simgrid/msg/TimeoutException'> (0x00000000d631b790) thrown at [/HUDSON3/workspace/8-2-build-linux-amd64/jdk8u111/7883/hotspot/src/share/vm/prims/jni.cpp, line 735]
Event: 1.490 Thread 0x00007fade8001000 Exception <a 'org/simgrid/msg/TimeoutException'> (0x00000000d62b3a10) thrown at [/HUDSON3/workspace/8-2-build-linux-amd64/jdk8u111/7883/hotspot/src/share/vm/prims/jni.cpp, line 735]
Event: 1.490 Thread 0x00007fadf4001000 Exception <a 'org/simgrid/msg/TimeoutException'> (0x00000000d621adc0) thrown at [/HUDSON3/workspace/8-2-build-linux-amd64/jdk8u111/7883/hotspot/src/share/vm/prims/jni.cpp, line 735]
Event: 1.502 Thread 0x00007fadf0001000 Exception <a 'org/simgrid/msg/TimeoutException'> (0x00000000d62ffbd0) thrown at [/HUDSON3/workspace/8-2-build-linux-amd64/jdk8u111/7883/hotspot/src/share/vm/prims/jni.cpp, line 735]
Event: 1.504 Thread 0x00007fade4001000 Exception <a 'org/simgrid/msg/TimeoutException'> (0x00000000d6268070) thrown at [/HUDSON3/workspace/8-2-build-linux-amd64/jdk8u111/7883/hotspot/src/share/vm/prims/jni.cpp, line 735]
Event: 1.504 Thread 0x00007fadfc001000 Exception <a 'org/simgrid/msg/TimeoutException'> (0x00000000d63e9d60) thrown at [/HUDSON3/workspace/8-2-build-linux-amd64/jdk8u111/7883/hotspot/src/share/vm/prims/jni.cpp, line 735]
Event: 1.504 Thread 0x00007fae00001000 Exception <a 'org/simgrid/msg/TimeoutException'> (0x00000000d639db40) thrown at [/HUDSON3/workspace/8-2-build-linux-amd64/jdk8u111/7883/hotspot/src/share/vm/prims/jni.cpp, line 735]
Event: 1.504 Thread 0x00007fadec001000 Exception <a 'org/simgrid/msg/TimeoutException'> (0x00000000d6351cc0) thrown at [/HUDSON3/workspace/8-2-build-linux-amd64/jdk8u111/7883/hotspot/src/share/vm/prims/jni.cpp, line 735]

Events (10 events):
Event: 0.199 loading class org/simgrid/msg/Task
Event: 0.199 loading class org/simgrid/msg/Task done
Event: 0.201 loading class org/simgrid/msg/Comm
Event: 0.201 loading class org/simgrid/msg/Comm done
Event: 0.209 loading class java/util/regex/Pattern$BnM
Event: 0.209 loading class java/util/regex/Pattern$BnM done
Event: 0.223 loading class org/simgrid/msg/TimeoutException
Event: 0.223 loading class org/simgrid/msg/TimeoutException done
Event: 1.505 Executing VM operation: ParallelGCFailedAllocation
Event: 1.518 Executing VM operation: ParallelGCFailedAllocation done


Dynamic libraries:
00400000-00401000 r-xp 00000000 08:01 8784123                            /home/elixandrebaldi/jdk1.8.0_111/bin/java
00600000-00601000 rw-p 00000000 08:01 8784123                            /home/elixandrebaldi/jdk1.8.0_111/bin/java
021af000-021d0000 rw-p 00000000 00:00 0                                  [heap]
80000000-82800000 rw-p 00000000 00:00 0 
82800000-d5580000 ---p 00000000 00:00 0 
d5580000-d6980000 rw-p 00000000 00:00 0 
d6980000-100000000 ---p 00000000 00:00 0 
100000000-100080000 rw-p 00000000 00:00 0 
100080000-140000000 ---p 00000000 00:00 0 
7fade4000000-7fade415d000 rw-p 00000000 00:00 0 
7fade415d000-7fade8000000 ---p 00000000 00:00 0 
7fade8000000-7fade8155000 rw-p 00000000 00:00 0 
7fade8155000-7fadec000000 ---p 00000000 00:00 0 
7fadec000000-7fadec158000 rw-p 00000000 00:00 0 
7fadec158000-7fadf0000000 ---p 00000000 00:00 0 
7fadf0000000-7fadf0153000 rw-p 00000000 00:00 0 
7fadf0153000-7fadf4000000 ---p 00000000 00:00 0 
7fadf4000000-7fadf4155000 rw-p 00000000 00:00 0 
7fadf4155000-7fadf8000000 ---p 00000000 00:00 0 
7fadf97fb000-7fadf97fe000 ---p 00000000 00:00 0 
7fadf97fe000-7fadf9ffc000 rw-p 00000000 00:00 0 
7fadf9ffc000-7fadf9fff000 ---p 00000000 00:00 0 
7fadf9fff000-7fadfa7fd000 rw-p 00000000 00:00 0 
7fadfa7fd000-7fadfa800000 ---p 00000000 00:00 0 
7fadfa800000-7fadfaffe000 rw-p 00000000 00:00 0 
7fadfaffe000-7fadfb001000 ---p 00000000 00:00 0 
7fadfb001000-7fadfb7ff000 rw-p 00000000 00:00 0 
7fadfb7ff000-7fadfb802000 ---p 00000000 00:00 0 
7fadfb802000-7fadfc000000 rw-p 00000000 00:00 0 
7fadfc000000-7fadfc155000 rw-p 00000000 00:00 0 
7fadfc155000-7fae00000000 ---p 00000000 00:00 0 
7fae00000000-7fae00157000 rw-p 00000000 00:00 0 
7fae00157000-7fae04000000 ---p 00000000 00:00 0 
7fae04000000-7fae04021000 rw-p 00000000 00:00 0 
7fae04021000-7fae08000000 ---p 00000000 00:00 0 
7fae08000000-7fae0815e000 rw-p 00000000 00:00 0 
7fae0815e000-7fae0c000000 ---p 00000000 00:00 0 
7fae0c000000-7fae0c15a000 rw-p 00000000 00:00 0 
7fae0c15a000-7fae10000000 ---p 00000000 00:00 0 
7fae10000000-7fae10021000 rw-p 00000000 00:00 0 
7fae10021000-7fae14000000 ---p 00000000 00:00 0 
7fae14000000-7fae140c7000 rw-p 00000000 00:00 0 
7fae140c7000-7fae18000000 ---p 00000000 00:00 0 
7fae18000000-7fae18039000 rw-p 00000000 00:00 0 
7fae18039000-7fae1c000000 ---p 00000000 00:00 0 
7fae1c000000-7fae1c021000 rw-p 00000000 00:00 0 
7fae1c021000-7fae20000000 ---p 00000000 00:00 0 
7fae20000000-7fae20021000 rw-p 00000000 00:00 0 
7fae20021000-7fae24000000 ---p 00000000 00:00 0 
7fae241da000-7fae241dd000 ---p 00000000 00:00 0 
7fae241dd000-7fae249db000 rw-p 00000000 00:00 0 
7fae249db000-7fae249de000 ---p 00000000 00:00 0 
7fae249de000-7fae251dc000 rw-p 00000000 00:00 0 
7fae251dc000-7fae251df000 ---p 00000000 00:00 0 
7fae251df000-7fae259dd000 rw-p 00000000 00:00 0 
7fae259dd000-7fae259f5000 r-xp 00000000 08:01 2359587                    /tmp/simgrid-java830393122546962488/libsimgrid-java.so
7fae259f5000-7fae25bf5000 ---p 00018000 08:01 2359587                    /tmp/simgrid-java830393122546962488/libsimgrid-java.so
7fae25bf5000-7fae25bf6000 rw-p 00018000 08:01 2359587                    /tmp/simgrid-java830393122546962488/libsimgrid-java.so
7fae25bf6000-7fae25c0c000 r-xp 00000000 08:01 3936627                    /lib/x86_64-linux-gnu/libgcc_s.so.1
7fae25c0c000-7fae25e0b000 ---p 00016000 08:01 3936627                    /lib/x86_64-linux-gnu/libgcc_s.so.1
7fae25e0b000-7fae25e0c000 rw-p 00015000 08:01 3936627                    /lib/x86_64-linux-gnu/libgcc_s.so.1
7fae25e0c000-7fae25f7e000 r-xp 00000000 08:01 23332798                   /usr/lib/x86_64-linux-gnu/libstdc++.so.6.0.21
7fae25f7e000-7fae2617e000 ---p 00172000 08:01 23332798                   /usr/lib/x86_64-linux-gnu/libstdc++.so.6.0.21
7fae2617e000-7fae26188000 r--p 00172000 08:01 23332798                   /usr/lib/x86_64-linux-gnu/libstdc++.so.6.0.21
7fae26188000-7fae2618a000 rw-p 0017c000 08:01 23332798                   /usr/lib/x86_64-linux-gnu/libstdc++.so.6.0.21
7fae2618a000-7fae2618e000 rw-p 00000000 00:00 0 
7fae2618e000-7fae26453000 r-xp 00000000 08:01 2359586                    /tmp/simgrid-java830393122546962488/libsimgrid.so
7fae26453000-7fae26653000 ---p 002c5000 08:01 2359586                    /tmp/simgrid-java830393122546962488/libsimgrid.so
7fae26653000-7fae2668e000 rw-p 002c5000 08:01 2359586                    /tmp/simgrid-java830393122546962488/libsimgrid.so
7fae2668e000-7fae26997000 rw-p 00000000 00:00 0 
7fae26997000-7fae269ad000 r-xp 00000000 08:01 8783936                    /home/elixandrebaldi/jdk1.8.0_111/jre/lib/amd64/libnet.so
7fae269ad000-7fae26bad000 ---p 00016000 08:01 8783936                    /home/elixandrebaldi/jdk1.8.0_111/jre/lib/amd64/libnet.so
7fae26bad000-7fae26bae000 rw-p 00016000 08:01 8783936                    /home/elixandrebaldi/jdk1.8.0_111/jre/lib/amd64/libnet.so
7fae26bae000-7fae28000000 r--p 00000000 08:01 23331759                   /usr/lib/locale/locale-archive
7fae28000000-7fae28021000 rw-p 00000000 00:00 0 
7fae28021000-7fae2c000000 ---p 00000000 00:00 0 
7fae2c000000-7fae2c021000 rw-p 00000000 00:00 0 
7fae2c021000-7fae30000000 ---p 00000000 00:00 0 
7fae30000000-7fae30021000 rw-p 00000000 00:00 0 
7fae30021000-7fae34000000 ---p 00000000 00:00 0 
7fae34000000-7fae34021000 rw-p 00000000 00:00 0 
7fae34021000-7fae38000000 ---p 00000000 00:00 0 
7fae38000000-7fae38021000 rw-p 00000000 00:00 0 
7fae38021000-7fae3c000000 ---p 00000000 00:00 0 
7fae3c000000-7fae40000000 rw-p 00000000 00:00 0 
7fae40000000-7fae40021000 rw-p 00000000 00:00 0 
7fae40021000-7fae44000000 ---p 00000000 00:00 0 
7fae440e2000-7fae440f3000 r-xp 00000000 08:01 8783935                    /home/elixandrebaldi/jdk1.8.0_111/jre/lib/amd64/libnio.so
7fae440f3000-7fae442f2000 ---p 00011000 08:01 8783935                    /home/elixandrebaldi/jdk1.8.0_111/jre/lib/amd64/libnio.so
7fae442f2000-7fae442f3000 rw-p 00010000 08:01 8783935                    /home/elixandrebaldi/jdk1.8.0_111/jre/lib/amd64/libnio.so
7fae442f3000-7fae442f4000 ---p 00000000 00:00 0 
7fae442f4000-7fae443f4000 rw-p 00000000 00:00 0 
7fae443f4000-7fae443f7000 ---p 00000000 00:00 0 
7fae443f7000-7fae444f5000 rw-p 00000000 00:00 0 
7fae444f5000-7fae444f8000 ---p 00000000 00:00 0 
7fae444f8000-7fae445f6000 rw-p 00000000 00:00 0 
7fae445f6000-7fae445f9000 ---p 00000000 00:00 0 
7fae445f9000-7fae446f7000 rw-p 00000000 00:00 0 
7fae446f7000-7fae446fa000 ---p 00000000 00:00 0 
7fae446fa000-7fae447f8000 rw-p 00000000 00:00 0 
7fae447f8000-7fae447fb000 ---p 00000000 00:00 0 
7fae447fb000-7fae448f9000 rw-p 00000000 00:00 0 
7fae448f9000-7fae448fc000 ---p 00000000 00:00 0 
7fae448fc000-7fae449fa000 rw-p 00000000 00:00 0 
7fae449fa000-7fae449fd000 ---p 00000000 00:00 0 
7fae449fd000-7fae44afb000 rw-p 00000000 00:00 0 
7fae44afb000-7fae44afc000 ---p 00000000 00:00 0 
7fae44afc000-7fae45000000 rw-p 00000000 00:00 0 
7fae45000000-7fae45270000 rwxp 00000000 00:00 0 
7fae45270000-7fae54000000 ---p 00000000 00:00 0 
7fae54000000-7fae54429000 rw-p 00000000 00:00 0 
7fae54429000-7fae58000000 ---p 00000000 00:00 0 
7fae580b6000-7fae58c94000 rw-p 00000000 00:00 0 
7fae58c94000-7fae58e6c000 r--s 03d2a000 08:01 8784070                    /home/elixandrebaldi/jdk1.8.0_111/jre/lib/rt.jar
7fae58e6c000-7fae59322000 rw-p 00000000 00:00 0 
7fae59322000-7fae596e2000 ---p 00000000 00:00 0 
7fae596e2000-7fae59ae2000 rw-p 00000000 00:00 0 
7fae59ae2000-7fae59ae3000 ---p 00000000 00:00 0 
7fae59ae3000-7fae59be3000 rw-p 00000000 00:00 0 
7fae59be3000-7fae59be4000 ---p 00000000 00:00 0 
7fae59be4000-7fae59ce4000 rw-p 00000000 00:00 0 
7fae59ce4000-7fae59ce5000 ---p 00000000 00:00 0 
7fae59ce5000-7fae59de5000 rw-p 00000000 00:00 0 
7fae59de5000-7fae59de6000 ---p 00000000 00:00 0 
7fae59de6000-7fae59efa000 rw-p 00000000 00:00 0 
7fae59efa000-7fae5a191000 ---p 00000000 00:00 0 
7fae5a191000-7fae5a1a5000 rw-p 00000000 00:00 0 
7fae5a1a5000-7fae5a43b000 ---p 00000000 00:00 0 
7fae5a43b000-7fae5a446000 rw-p 00000000 00:00 0 
7fae5a446000-7fae5a591000 ---p 00000000 00:00 0 
7fae5a591000-7fae5a59c000 rw-p 00000000 00:00 0 
7fae5a59c000-7fae5a952000 ---p 00000000 00:00 0 
7fae5a952000-7fae5a96c000 r-xp 00000000 08:01 8783934                    /home/elixandrebaldi/jdk1.8.0_111/jre/lib/amd64/libzip.so
7fae5a96c000-7fae5ab6c000 ---p 0001a000 08:01 8783934                    /home/elixandrebaldi/jdk1.8.0_111/jre/lib/amd64/libzip.so
7fae5ab6c000-7fae5ab6d000 rw-p 0001a000 08:01 8783934                    /home/elixandrebaldi/jdk1.8.0_111/jre/lib/amd64/libzip.so
7fae5ab6d000-7fae5ab78000 r-xp 00000000 08:01 3932251                    /lib/x86_64-linux-gnu/libnss_files-2.23.so
7fae5ab78000-7fae5ad77000 ---p 0000b000 08:01 3932251                    /lib/x86_64-linux-gnu/libnss_files-2.23.so
7fae5ad77000-7fae5ad78000 r--p 0000a000 08:01 3932251                    /lib/x86_64-linux-gnu/libnss_files-2.23.so
7fae5ad78000-7fae5ad79000 rw-p 0000b000 08:01 3932251                    /lib/x86_64-linux-gnu/libnss_files-2.23.so
7fae5ad79000-7fae5ad7f000 rw-p 00000000 00:00 0 
7fae5ad7f000-7fae5ad8a000 r-xp 00000000 08:01 3932244                    /lib/x86_64-linux-gnu/libnss_nis-2.23.so
7fae5ad8a000-7fae5af89000 ---p 0000b000 08:01 3932244                    /lib/x86_64-linux-gnu/libnss_nis-2.23.so
7fae5af89000-7fae5af8a000 r--p 0000a000 08:01 3932244                    /lib/x86_64-linux-gnu/libnss_nis-2.23.so
7fae5af8a000-7fae5af8b000 rw-p 0000b000 08:01 3932244                    /lib/x86_64-linux-gnu/libnss_nis-2.23.so
7fae5af8b000-7fae5afa1000 r-xp 00000000 08:01 3932246                    /lib/x86_64-linux-gnu/libnsl-2.23.so
7fae5afa1000-7fae5b1a0000 ---p 00016000 08:01 3932246                    /lib/x86_64-linux-gnu/libnsl-2.23.so
7fae5b1a0000-7fae5b1a1000 r--p 00015000 08:01 3932246                    /lib/x86_64-linux-gnu/libnsl-2.23.so
7fae5b1a1000-7fae5b1a2000 rw-p 00016000 08:01 3932246                    /lib/x86_64-linux-gnu/libnsl-2.23.so
7fae5b1a2000-7fae5b1a4000 rw-p 00000000 00:00 0 
7fae5b1a4000-7fae5b1ac000 r-xp 00000000 08:01 3932253                    /lib/x86_64-linux-gnu/libnss_compat-2.23.so
7fae5b1ac000-7fae5b3ab000 ---p 00008000 08:01 3932253                    /lib/x86_64-linux-gnu/libnss_compat-2.23.so
7fae5b3ab000-7fae5b3ac000 r--p 00007000 08:01 3932253                    /lib/x86_64-linux-gnu/libnss_compat-2.23.so
7fae5b3ac000-7fae5b3ad000 rw-p 00008000 08:01 3932253                    /lib/x86_64-linux-gnu/libnss_compat-2.23.so
7fae5b3ad000-7fae5b3d8000 r-xp 00000000 08:01 8783907                    /home/elixandrebaldi/jdk1.8.0_111/jre/lib/amd64/libjava.so
7fae5b3d8000-7fae5b5d7000 ---p 0002b000 08:01 8783907                    /home/elixandrebaldi/jdk1.8.0_111/jre/lib/amd64/libjava.so
7fae5b5d7000-7fae5b5d9000 rw-p 0002a000 08:01 8783907                    /home/elixandrebaldi/jdk1.8.0_111/jre/lib/amd64/libjava.so
7fae5b5d9000-7fae5b5e6000 r-xp 00000000 08:01 8783870                    /home/elixandrebaldi/jdk1.8.0_111/jre/lib/amd64/libverify.so
7fae5b5e6000-7fae5b7e5000 ---p 0000d000 08:01 8783870                    /home/elixandrebaldi/jdk1.8.0_111/jre/lib/amd64/libverify.so
7fae5b7e5000-7fae5b7e7000 rw-p 0000c000 08:01 8783870                    /home/elixandrebaldi/jdk1.8.0_111/jre/lib/amd64/libverify.so
7fae5b7e7000-7fae5b7ee000 r-xp 00000000 08:01 3932254                    /lib/x86_64-linux-gnu/librt-2.23.so
7fae5b7ee000-7fae5b9ed000 ---p 00007000 08:01 3932254                    /lib/x86_64-linux-gnu/librt-2.23.so
7fae5b9ed000-7fae5b9ee000 r--p 00006000 08:01 3932254                    /lib/x86_64-linux-gnu/librt-2.23.so
7fae5b9ee000-7fae5b9ef000 rw-p 00007000 08:01 3932254                    /lib/x86_64-linux-gnu/librt-2.23.so
7fae5b9ef000-7fae5baf7000 r-xp 00000000 08:01 3932245                    /lib/x86_64-linux-gnu/libm-2.23.so
7fae5baf7000-7fae5bcf6000 ---p 00108000 08:01 3932245                    /lib/x86_64-linux-gnu/libm-2.23.so
7fae5bcf6000-7fae5bcf7000 r--p 00107000 08:01 3932245                    /lib/x86_64-linux-gnu/libm-2.23.so
7fae5bcf7000-7fae5bcf8000 rw-p 00108000 08:01 3932245                    /lib/x86_64-linux-gnu/libm-2.23.so
7fae5bcf8000-7fae5c9c5000 r-xp 00000000 08:01 8783785                    /home/elixandrebaldi/jdk1.8.0_111/jre/lib/amd64/server/libjvm.so
7fae5c9c5000-7fae5cbc4000 ---p 00ccd000 08:01 8783785                    /home/elixandrebaldi/jdk1.8.0_111/jre/lib/amd64/server/libjvm.so
7fae5cbc4000-7fae5cc9d000 rw-p 00ccc000 08:01 8783785                    /home/elixandrebaldi/jdk1.8.0_111/jre/lib/amd64/server/libjvm.so
7fae5cc9d000-7fae5cce8000 rw-p 00000000 00:00 0 
7fae5cce8000-7fae5cea7000 r-xp 00000000 08:01 3932247                    /lib/x86_64-linux-gnu/libc-2.23.so
7fae5cea7000-7fae5d0a7000 ---p 001bf000 08:01 3932247                    /lib/x86_64-linux-gnu/libc-2.23.so
7fae5d0a7000-7fae5d0ab000 r--p 001bf000 08:01 3932247                    /lib/x86_64-linux-gnu/libc-2.23.so
7fae5d0ab000-7fae5d0ad000 rw-p 001c3000 08:01 3932247                    /lib/x86_64-linux-gnu/libc-2.23.so
7fae5d0ad000-7fae5d0b1000 rw-p 00000000 00:00 0 
7fae5d0b1000-7fae5d0b4000 r-xp 00000000 08:01 3932243                    /lib/x86_64-linux-gnu/libdl-2.23.so
7fae5d0b4000-7fae5d2b3000 ---p 00003000 08:01 3932243                    /lib/x86_64-linux-gnu/libdl-2.23.so
7fae5d2b3000-7fae5d2b4000 r--p 00002000 08:01 3932243                    /lib/x86_64-linux-gnu/libdl-2.23.so
7fae5d2b4000-7fae5d2b5000 rw-p 00003000 08:01 3932243                    /lib/x86_64-linux-gnu/libdl-2.23.so
7fae5d2b5000-7fae5d2ca000 r-xp 00000000 08:01 8783943                    /home/elixandrebaldi/jdk1.8.0_111/lib/amd64/jli/libjli.so
7fae5d2ca000-7fae5d4ca000 ---p 00015000 08:01 8783943                    /home/elixandrebaldi/jdk1.8.0_111/lib/amd64/jli/libjli.so
7fae5d4ca000-7fae5d4cb000 rw-p 00015000 08:01 8783943                    /home/elixandrebaldi/jdk1.8.0_111/lib/amd64/jli/libjli.so
7fae5d4cb000-7fae5d4e3000 r-xp 00000000 08:01 3932258                    /lib/x86_64-linux-gnu/libpthread-2.23.so
7fae5d4e3000-7fae5d6e2000 ---p 00018000 08:01 3932258                    /lib/x86_64-linux-gnu/libpthread-2.23.so
7fae5d6e2000-7fae5d6e3000 r--p 00017000 08:01 3932258                    /lib/x86_64-linux-gnu/libpthread-2.23.so
7fae5d6e3000-7fae5d6e4000 rw-p 00018000 08:01 3932258                    /lib/x86_64-linux-gnu/libpthread-2.23.so
7fae5d6e4000-7fae5d6e8000 rw-p 00000000 00:00 0 
7fae5d6e8000-7fae5d70e000 r-xp 00000000 08:01 3932248                    /lib/x86_64-linux-gnu/ld-2.23.so
7fae5d71f000-7fae5d7eb000 rw-p 00000000 00:00 0 
7fae5d7eb000-7fae5d7ee000 ---p 00000000 00:00 0 
7fae5d7ee000-7fae5d8f0000 rw-p 00000000 00:00 0 
7fae5d8f9000-7fae5d8fe000 r--s 00096000 08:01 8783911                    /home/elixandrebaldi/jdk1.8.0_111/jre/lib/jsse.jar
7fae5d8fe000-7fae5d901000 r--s 00f76000 08:01 8524426                    /home/elixandrebaldi/Documentos/VCubeDHT/simgrid.jar
7fae5d901000-7fae5d909000 rw-s 00000000 08:01 2359392                    /tmp/hsperfdata_elixandrebaldi/8983
7fae5d909000-7fae5d90a000 rw-p 00000000 00:00 0 
7fae5d90a000-7fae5d90b000 r--p 00000000 00:00 0 
7fae5d90b000-7fae5d90d000 rw-p 00000000 00:00 0 
7fae5d90d000-7fae5d90e000 r--p 00025000 08:01 3932248                    /lib/x86_64-linux-gnu/ld-2.23.so
7fae5d90e000-7fae5d90f000 rw-p 00026000 08:01 3932248                    /lib/x86_64-linux-gnu/ld-2.23.so
7fae5d90f000-7fae5d910000 rw-p 00000000 00:00 0 
7fffe9c99000-7fffe9cba000 rw-p 00000000 00:00 0                          [stack]
7fffe9d21000-7fffe9d23000 r--p 00000000 00:00 0                          [vvar]
7fffe9d23000-7fffe9d25000 r-xp 00000000 00:00 0                          [vdso]
ffffffffff600000-ffffffffff601000 r-xp 00000000 00:00 0                  [vsyscall]

VM Arguments:
jvm_args: -Dfile.encoding=UTF-8 -Xmx2048m 
java_command: vcube.VCube platform.xml deployment.xml
java_class_path (initial): /home/elixandrebaldi/Documentos/VCubeDHT/simgrid.jar:/home/elixandrebaldi/Documentos/VCubeDHT/VCube/build/classes
Launcher Type: SUN_STANDARD

Environment Variables:
PATH=/home/elixandrebaldi/bin:/home/elixandrebaldi/.local/bin:/usr/local/sbin:/usr/local/bin:/usr/sbin:/usr/bin:/sbin:/bin:/usr/games:/usr/local/games
LD_LIBRARY_PATH=/home/elixandrebaldi/jdk1.8.0_111/jre/lib/amd64:/home/elixandrebaldi/jdk1.8.0_111/jre/lib/i386:
SHELL=/bin/bash
DISPLAY=:0

Signal Handlers:
SIGSEGV: [libjvm.so+0xac64b0], sa_mask[0]=11111111011111111101111111111110, sa_flags=SA_RESTART|SA_SIGINFO
SIGBUS: [libjvm.so+0xac64b0], sa_mask[0]=11111111011111111101111111111110, sa_flags=SA_RESTART|SA_SIGINFO
SIGFPE: [libjvm.so+0x91f950], sa_mask[0]=11111111011111111101111111111110, sa_flags=SA_RESTART|SA_SIGINFO
SIGPIPE: [libjvm.so+0x91f950], sa_mask[0]=11111111011111111101111111111110, sa_flags=SA_RESTART|SA_SIGINFO
SIGXFSZ: [libjvm.so+0x91f950], sa_mask[0]=11111111011111111101111111111110, sa_flags=SA_RESTART|SA_SIGINFO
SIGILL: [libjvm.so+0x91f950], sa_mask[0]=11111111011111111101111111111110, sa_flags=SA_RESTART|SA_SIGINFO
SIGUSR1: SIG_DFL, sa_mask[0]=00000000000000000000000000000000, sa_flags=none
SIGUSR2: [libjvm.so+0x920f80], sa_mask[0]=00100000000000000000000000000000, sa_flags=SA_RESTART|SA_SIGINFO
SIGHUP: [libjvm.so+0x922380], sa_mask[0]=11111111011111111101111111111110, sa_flags=SA_RESTART|SA_SIGINFO
SIGINT: [libsimgrid.so+0x8ff50], sa_mask[0]=01000000000000000000000000000000, sa_flags=SA_RESTART
SIGTERM: [libjvm.so+0x922380], sa_mask[0]=11111111011111111101111111111110, sa_flags=SA_RESTART|SA_SIGINFO
SIGQUIT: [libjvm.so+0x922380], sa_mask[0]=11111111011111111101111111111110, sa_flags=SA_RESTART|SA_SIGINFO


---------------  S Y S T E M  ---------------

OS:DISTRIB_ID="elementary"
DISTRIB_RELEASE=0.4.1
DISTRIB_CODENAME=loki
DISTRIB_DESCRIPTION="elementary OS 0.4.1 Loki"

uname:Linux 4.4.0-79-generic #100-Ubuntu SMP Wed May 17 19:58:14 UTC 2017 x86_64
libc:glibc 2.23 NPTL 2.23 
rlimit: STACK 8192k, CORE 0k, NPROC 14991, NOFILE 65536, AS infinity
load average:0.36 0.47 0.64

/proc/meminfo:
MemTotal:        3878592 kB
MemFree:          884108 kB
MemAvailable:    1669488 kB
Buffers:          118840 kB
Cached:           949124 kB
SwapCached:          196 kB
Active:          1716952 kB
Inactive:        1034540 kB
Active(anon):    1160708 kB
Inactive(anon):   660152 kB
Active(file):     556244 kB
Inactive(file):   374388 kB
Unevictable:          48 kB
Mlocked:              48 kB
SwapTotal:       4025340 kB
SwapFree:        4022088 kB
Dirty:             12664 kB
Writeback:             0 kB
AnonPages:       1683692 kB
Mapped:           241416 kB
Shmem:            137220 kB
Slab:             145872 kB
SReclaimable:     114484 kB
SUnreclaim:        31388 kB
KernelStack:        8256 kB
PageTables:        30700 kB
NFS_Unstable:          0 kB
Bounce:                0 kB
WritebackTmp:          0 kB
CommitLimit:     5964636 kB
Committed_AS:    4998304 kB
VmallocTotal:   34359738367 kB
VmallocUsed:           0 kB
VmallocChunk:          0 kB
HardwareCorrupted:     0 kB
AnonHugePages:   1124352 kB
CmaTotal:              0 kB
CmaFree:               0 kB
HugePages_Total:       0
HugePages_Free:        0
HugePages_Rsvd:        0
HugePages_Surp:        0
Hugepagesize:       2048 kB
DirectMap4k:      144120 kB
DirectMap2M:     3883008 kB


CPU:total 4 (2 cores per cpu, 2 threads per core) family 6 model 58 stepping 9, cmov, cx8, fxsr, mmx, sse, sse2, sse3, ssse3, sse4.1, sse4.2, popcnt, avx, clmul, erms, ht, tsc, tscinvbit, tscinv

/proc/cpuinfo:
processor	: 0
vendor_id	: GenuineIntel
cpu family	: 6
model		: 58
model name	: Intel(R) Core(TM) i7-3517U CPU @ 1.90GHz
stepping	: 9
microcode	: 0x12
cpu MHz		: 2799.937
cache size	: 4096 KB
physical id	: 0
siblings	: 4
core id		: 0
cpu cores	: 2
apicid		: 0
initial apicid	: 0
fpu		: yes
fpu_exception	: yes
cpuid level	: 13
wp		: yes
flags		: fpu vme de pse tsc msr pae mce cx8 apic sep mtrr pge mca cmov pat pse36 clflush dts acpi mmx fxsr sse sse2 ss ht tm pbe syscall nx rdtscp lm constant_tsc arch_perfmon pebs bts rep_good nopl xtopology nonstop_tsc aperfmperf eagerfpu pni pclmulqdq dtes64 monitor ds_cpl vmx est tm2 ssse3 cx16 xtpr pdcm pcid sse4_1 sse4_2 x2apic popcnt tsc_deadline_timer xsave avx f16c rdrand lahf_lm epb tpr_shadow vnmi flexpriority ept vpid fsgsbase smep erms xsaveopt dtherm ida arat pln pts
bugs		:
bogomips	: 4789.43
clflush size	: 64
cache_alignment	: 64
address sizes	: 36 bits physical, 48 bits virtual
power management:

processor	: 1
vendor_id	: GenuineIntel
cpu family	: 6
model		: 58
model name	: Intel(R) Core(TM) i7-3517U CPU @ 1.90GHz
stepping	: 9
microcode	: 0x12
cpu MHz		: 2799.937
cache size	: 4096 KB
physical id	: 0
siblings	: 4
core id		: 0
cpu cores	: 2
apicid		: 1
initial apicid	: 1
fpu		: yes
fpu_exception	: yes
cpuid level	: 13
wp		: yes
flags		: fpu vme de pse tsc msr pae mce cx8 apic sep mtrr pge mca cmov pat pse36 clflush dts acpi mmx fxsr sse sse2 ss ht tm pbe syscall nx rdtscp lm constant_tsc arch_perfmon pebs bts rep_good nopl xtopology nonstop_tsc aperfmperf eagerfpu pni pclmulqdq dtes64 monitor ds_cpl vmx est tm2 ssse3 cx16 xtpr pdcm pcid sse4_1 sse4_2 x2apic popcnt tsc_deadline_timer xsave avx f16c rdrand lahf_lm epb tpr_shadow vnmi flexpriority ept vpid fsgsbase smep erms xsaveopt dtherm ida arat pln pts
bugs		:
bogomips	: 4789.43
clflush size	: 64
cache_alignment	: 64
address sizes	: 36 bits physical, 48 bits virtual
power management:

processor	: 2
vendor_id	: GenuineIntel
cpu family	: 6
model		: 58
model name	: Intel(R) Core(TM) i7-3517U CPU @ 1.90GHz
stepping	: 9
microcode	: 0x12
cpu MHz		: 2799.937
cache size	: 4096 KB
physical id	: 0
siblings	: 4
core id		: 1
cpu cores	: 2
apicid		: 2
initial apicid	: 2
fpu		: yes
fpu_exception	: yes
cpuid level	: 13
wp		: yes
flags		: fpu vme de pse tsc msr pae mce cx8 apic sep mtrr pge mca cmov pat pse36 clflush dts acpi mmx fxsr sse sse2 ss ht tm pbe syscall nx rdtscp lm constant_tsc arch_perfmon pebs bts rep_good nopl xtopology nonstop_tsc aperfmperf eagerfpu pni pclmulqdq dtes64 monitor ds_cpl vmx est tm2 ssse3 cx16 xtpr pdcm pcid sse4_1 sse4_2 x2apic popcnt tsc_deadline_timer xsave avx f16c rdrand lahf_lm epb tpr_shadow vnmi flexpriority ept vpid fsgsbase smep erms xsaveopt dtherm ida arat pln pts
bugs		:
bogomips	: 4789.43
clflush size	: 64
cache_alignment	: 64
address sizes	: 36 bits physical, 48 bits virtual
power management:

processor	: 3
vendor_id	: GenuineIntel
cpu family	: 6
model		: 58
model name	: Intel(R) Core(TM) i7-3517U CPU @ 1.90GHz
stepping	: 9
microcode	: 0x12
cpu MHz		: 2799.937
cache size	: 4096 KB
physical id	: 0
siblings	: 4
core id		: 1
cpu cores	: 2
apicid		: 3
initial apicid	: 3
fpu		: yes
fpu_exception	: yes
cpuid level	: 13
wp		: yes
flags		: fpu vme de pse tsc msr pae mce cx8 apic sep mtrr pge mca cmov pat pse36 clflush dts acpi mmx fxsr sse sse2 ss ht tm pbe syscall nx rdtscp lm constant_tsc arch_perfmon pebs bts rep_good nopl xtopology nonstop_tsc aperfmperf eagerfpu pni pclmulqdq dtes64 monitor ds_cpl vmx est tm2 ssse3 cx16 xtpr pdcm pcid sse4_1 sse4_2 x2apic popcnt tsc_deadline_timer xsave avx f16c rdrand lahf_lm epb tpr_shadow vnmi flexpriority ept vpid fsgsbase smep erms xsaveopt dtherm ida arat pln pts
bugs		:
bogomips	: 4789.43
clflush size	: 64
cache_alignment	: 64
address sizes	: 36 bits physical, 48 bits virtual
power management:



Memory: 4k page, physical 3878592k(884108k free), swap 4025340k(4022088k free)

vm_info: Java HotSpot(TM) 64-Bit Server VM (25.111-b14) for linux-amd64 JRE (1.8.0_111-b14), built on Sep 22 2016 16:14:03 by "java_re" with gcc 4.3.0 20080428 (Red Hat 4.3.0-8)

time: Tue Jun 13 22:25:17 2017
elapsed time: 1 seconds (0d 0h 0m 1s)

