#
# A fatal error has been detected by the Java Runtime Environment:
#
#  SIGSEGV (0xb) at pc=0x00007f587e4d69c2, pid=7754, tid=0x00007f58561f6700
#
# JRE version: Java(TM) SE Runtime Environment (8.0_111-b14) (build 1.8.0_111-b14)
# Java VM: Java HotSpot(TM) 64-Bit Server VM (25.111-b14 mixed mode linux-amd64 compressed oops)
# Problematic frame:
# C  [libc.so.6+0x7f9c2]
#
# Failed to write core dump. Core dumps have been disabled. To enable core dumping, try "ulimit -c unlimited" before starting Java again
#
# If you would like to submit a bug report, please visit:
#   http://bugreport.java.com/bugreport/crash.jsp
# The crash happened outside the Java Virtual Machine in native code.
# See problematic frame for where to report the bug.
#

---------------  T H R E A D  ---------------

Current thread (0x00007f5878084000):  JavaThread "Finalizer" daemon [_thread_in_native, id=7766, stack(0x00007f58560f6000,0x00007f58561f7000)]

siginfo: si_signo: 11 (SIGSEGV), si_code: 1 (SEGV_MAPERR), si_addr: 0x00007fc780629998

Registers:
RAX=0x00007f581c141790, RBX=0x00007f581c012920, RCX=0x00007f58561f5660, RDX=0xffffff909b9e8f90
RSP=0x00007f58561f5500, RBP=0x00007f581c000020, RSI=0x0000000000000001, RDI=0x00007f581c000020
R8 =0x000000010002e188, R9 =0x0000000000000001, R10=0x0000000000000004, R11=0x00007f587e42af88
R12=0x0000006f64617070, R13=0x00007fc780629990, R14=0x00007f58561f5868, R15=0x00007f5878084000
RIP=0x00007f587e4d69c2, EFLAGS=0x0000000000010202, CSGSFS=0x0000000000000033, ERR=0x0000000000000004
  TRAPNO=0x000000000000000e

Top of Stack: (sp=0x00007f58561f5500)
0x00007f58561f5500:   00000000561f56e0 00007f58690fd45e
0x00007f58561f5510:   0000000000000158 0000000000000000
0x00007f58561f5520:   00007f58561f5700 00007f58690fd45e
0x00007f58561f5530:   00007f58561f57f8 00007f5800000001
0x00007f58561f5540:   00007f582401c600 00007f587e4da98c
0x00007f58561f5550:   cafebabecafebabe 00007f587daa612f
0x00007f58561f5560:   00007f585742d820 00007f581c012860
0x00007f58561f5570:   00007f582fcf2ce0 0000000000000000
0x00007f58561f5580:   00007f58561f57f8 00007f58561f5868
0x00007f58561f5590:   00007f5878084000 00007f587e4da98c
0x00007f58561f55a0:   0000007f78084000 00007f582401c600
0x00007f58561f55b0:   00007f585742d820 00007f582401c4f0
0x00007f58561f55c0:   00007f582fcf2ce0 00007f581c012860
0x00007f58561f55d0:   00007f582fcf2ce0 0000000000000000
0x00007f58561f55e0:   00007f58561f57f8 00007f582f87b683
0x00007f58561f55f0:   3ff0000000000000 000005e908c48348
0x00007f58561f5600:   0001e097894d0000 00007f585742e650
0x00007f58561f5610:   00007f585742dcb8 00007f585742c9d8
0x00007f58561f5620:   00007f5878084000 0000000000000000
0x00007f58561f5630:   00007f58561f5800 00007f582f267de7
0x00007f58561f5640:   00007f58691a5d20 00007f5857812740
0x00007f58561f5650:   00007f58561f56a0 00007f58691adae6
0x00007f58561f5660:   00000000d6567610 00007f58561f5868
0x00007f58561f5670:   00007f58561f57f8 0000000000000000
0x00007f58561f5680:   00007f58691ac800 00000000d6554e90
0x00007f58561f5690:   0000000000000000 00007f582401c4f0
0x00007f58561f56a0:   00007f58561f5848 00007f58691b3904
0x00007f58561f56b0:   00007f58561f56e0 00007f58561f56e0
0x00007f58561f56c0:   00007f58577331b8 0000000000000190
0x00007f58561f56d0:   0000000000000780 00007f58561f5710
0x00007f58561f56e0:   00007f58561f5848 00007f58691b340b
0x00007f58561f56f0:   00007f58561f5710 0000000080000078 

Instructions: (pc=0x00007f587e4d69c2)
0x00007f587e4d69a2:   2c 26 48 39 c6 0f 84 e1 0e 00 00 45 31 c9 c7 44
0x00007f587e4d69b2:   24 38 00 00 00 00 f6 45 04 02 0f 84 7e 08 00 00
0x00007f587e4d69c2:   49 8b 45 08 a8 01 0f 84 92 08 00 00 49 89 c7 49
0x00007f587e4d69d2:   83 e7 f8 48 83 f8 10 0f 86 d1 06 00 00 4c 3b bd 

Register to memory mapping:

RAX=0x00007f581c141790 is an unknown value
RBX=0x00007f581c012920 is an unknown value
RCX=0x00007f58561f5660 is pointing into the stack for thread: 0x00007f5878084000
RDX=0xffffff909b9e8f90 is an unknown value
RSP=0x00007f58561f5500 is pointing into the stack for thread: 0x00007f5878084000
RBP=0x00007f581c000020 is an unknown value
RSI=0x0000000000000001 is an unknown value
RDI=0x00007f581c000020 is an unknown value
R8 =0x000000010002e188 is pointing into metadata
R9 =0x0000000000000001 is an unknown value
R10=0x0000000000000004 is an unknown value
R11=0x00007f587e42af88: <offset 0xfc3f88> in /home/elixandrebaldi/jdk1.8.0_111/jre/lib/amd64/server/libjvm.so at 0x00007f587d467000
R12=0x0000006f64617070 is an unknown value
R13=0x00007fc780629990 is an unknown value
R14=0x00007f58561f5868 is pointing into the stack for thread: 0x00007f5878084000
R15=0x00007f5878084000 is a thread


Stack: [0x00007f58560f6000,0x00007f58561f7000],  sp=0x00007f58561f5500,  free space=1021k
Native frames: (J=compiled Java code, j=interpreted, Vv=VM code, C=native code)
C  [libc.so.6+0x7f9c2]

Java frames: (J=compiled Java code, j=interpreted, Vv=VM code)
J 284  org.simgrid.msg.Task.nativeFinalize()V (0 bytes) @ 0x00007f58691ada78 [0x00007f58691ada40+0x38]
J 283 C1 org.simgrid.msg.Task.finalize()V (18 bytes) @ 0x00007f58691b3904 [0x00007f58691b3800+0x104]
J 279 C1 java.lang.ref.Finalizer.runFinalizer(Lsun/misc/JavaLangAccess;)V (62 bytes) @ 0x00007f58691b2904 [0x00007f58691b2380+0x584]
J 278 C1 java.lang.ref.Finalizer.access$100(Ljava/lang/ref/Finalizer;Lsun/misc/JavaLangAccess;)V (6 bytes) @ 0x00007f58691ac85c [0x00007f58691ac800+0x5c]
j  java.lang.ref.Finalizer$FinalizerThread.run()V+45
v  ~StubRoutines::call_stub

---------------  P R O C E S S  ---------------

Java Threads: ( => current thread )
  0x00007f57f8001000 JavaThread "Thread-8" [_thread_in_native, id=7780, stack(0x00007f581affe000,0x00007f581b7ff000)]
  0x00007f5804001000 JavaThread "Thread-5" [_thread_in_native, id=7776, stack(0x00007f582d258000,0x00007f582da59000)]
  0x00007f580c001000 JavaThread "Thread-1" [_thread_in_native, id=7779, stack(0x00007f58237ff000,0x00007f5824000000)]
  0x00007f57f4001000 JavaThread "Thread-7" [_thread_in_native, id=7778, stack(0x00007f582c256000,0x00007f582ca57000)]
  0x00007f5814001000 JavaThread "Thread-3" [_thread_in_native, id=7775, stack(0x00007f582da59000,0x00007f582e25a000)]
  0x00007f57fc001000 JavaThread "Thread-6" [_thread_in_native, id=7777, stack(0x00007f582ca57000,0x00007f582d258000)]
  0x00007f581c001000 JavaThread "Thread-4" [_thread_in_vm, id=7774, stack(0x00007f582e25a000,0x00007f582ea5b000)]
  0x00007f5824001000 JavaThread "Thread-2" [_thread_in_native, id=7773, stack(0x00007f582ea5b000,0x00007f582f25c000)]
  0x00007f58780d2000 JavaThread "Service Thread" daemon [_thread_blocked, id=7771, stack(0x00007f585479f000,0x00007f58548a0000)]
  0x00007f58780bd000 JavaThread "C1 CompilerThread2" daemon [_thread_blocked, id=7770, stack(0x00007f58548a0000,0x00007f58549a1000)]
  0x00007f58780bb000 JavaThread "C2 CompilerThread1" daemon [_thread_blocked, id=7769, stack(0x00007f58549a1000,0x00007f5854aa2000)]
  0x00007f58780b8800 JavaThread "C2 CompilerThread0" daemon [_thread_blocked, id=7768, stack(0x00007f5854aa2000,0x00007f5854ba3000)]
  0x00007f58780b7000 JavaThread "Signal Dispatcher" daemon [_thread_blocked, id=7767, stack(0x00007f5854ba3000,0x00007f5854ca4000)]
=>0x00007f5878084000 JavaThread "Finalizer" daemon [_thread_in_native, id=7766, stack(0x00007f58560f6000,0x00007f58561f7000)]
  0x00007f587807f000 JavaThread "Reference Handler" daemon [_thread_blocked, id=7765, stack(0x00007f58561f7000,0x00007f58562f8000)]
  0x00007f587800a000 JavaThread "main" [_thread_in_native, id=7759, stack(0x00007f587ef5a000,0x00007f587f05b000)]

Other Threads:
  0x00007f5878077800 VMThread [stack: 0x00007f58562f8000,0x00007f58563f9000] [id=7764]
  0x00007f58780d5000 WatcherThread [stack: 0x00007f585469e000,0x00007f585479f000] [id=7772]

VM state:not at safepoint (normal execution)

VM Mutex/Monitor currently owned by a thread: None

Heap:
 PSYoungGen      total 17920K, used 4017K [0x00000000d5580000, 0x00000000d7880000, 0x0000000100000000)
  eden space 15360K, 11% used [0x00000000d5580000,0x00000000d5744760,0x00000000d6480000)
  from space 2560K, 86% used [0x00000000d6480000,0x00000000d66a8020,0x00000000d6700000)
  to   space 2560K, 0% used [0x00000000d7600000,0x00000000d7600000,0x00000000d7880000)
 ParOldGen       total 40960K, used 8K [0x0000000080000000, 0x0000000082800000, 0x00000000d5580000)
  object space 40960K, 0% used [0x0000000080000000,0x0000000080002000,0x0000000082800000)
 Metaspace       used 3768K, capacity 4640K, committed 4864K, reserved 1056768K
  class space    used 414K, capacity 464K, committed 512K, reserved 1048576K

Card table byte_map: [0x00007f586883f000,0x00007f5868c40000] byte_map_base: 0x00007f586843f000

Marking Bits: (ParMarkBitMap*) 0x00007f587e42a220
 Begin Bits: [0x00007f5858000000, 0x00007f585a000000)
 End Bits:   [0x00007f585a000000, 0x00007f585c000000)

Polling page: 0x00007f587f079000

CodeCache: size=245760Kb used=1744Kb max_used=1757Kb free=244015Kb
 bounds [0x00007f5869000000, 0x00007f5869270000, 0x00007f5878000000]
 total_blobs=551 nmethods=288 adapters=177
 compilation: enabled

Compilation events (10 events):
Event: 1.286 Thread 0x00007f58780bb000  287   !   4       java.lang.ref.ReferenceQueue::enqueue (119 bytes)
Event: 1.286 Thread 0x00007f58780bd000 nmethod 282 0x00007f58691abed0 code [0x00007f58691ac040, 0x00007f58691ac268]
Event: 1.286 Thread 0x00007f58780bd000  283   !   3       org.simgrid.msg.Task::finalize (18 bytes)
Event: 1.286 Thread 0x00007f58780bd000 nmethod 283 0x00007f58691b3650 code [0x00007f58691b3800, 0x00007f58691b3cc8]
Event: 1.286 Thread 0x00007f58780bd000  285       3       java.lang.ref.Reference::clear (6 bytes)
Event: 1.291 Thread 0x00007f58780bd000 nmethod 285 0x00007f58691b3ed0 code [0x00007f58691b4020, 0x00007f58691b4190]
Event: 1.291 Thread 0x00007f58780bb000 nmethod 287 0x00007f58691b7310 code [0x00007f58691b7480, 0x00007f58691b7988]
Event: 1.293 Thread 0x00007f58780b8800 nmethod 286 0x00007f58691b5110 code [0x00007f58691b52c0, 0x00007f58691b5a48]
Event: 1.294 Thread 0x00007f58780bd000  288       1       java.lang.ref.Finalizer::access$000 (4 bytes)
Event: 1.294 Thread 0x00007f58780bd000 nmethod 288 0x00007f5869197150 code [0x00007f58691972a0, 0x00007f5869197390]

GC Heap History (2 events):
Event: 1.265 GC heap before
{Heap before GC invocations=1 (full 0):
 PSYoungGen      total 17920K, used 15360K [0x00000000d5580000, 0x00000000d6980000, 0x0000000100000000)
  eden space 15360K, 100% used [0x00000000d5580000,0x00000000d6480000,0x00000000d6480000)
  from space 2560K, 0% used [0x00000000d6700000,0x00000000d6700000,0x00000000d6980000)
  to   space 2560K, 0% used [0x00000000d6480000,0x00000000d6480000,0x00000000d6700000)
 ParOldGen       total 40960K, used 0K [0x0000000080000000, 0x0000000082800000, 0x00000000d5580000)
  object space 40960K, 0% used [0x0000000080000000,0x0000000080000000,0x0000000082800000)
 Metaspace       used 3758K, capacity 4640K, committed 4864K, reserved 1056768K
  class space    used 414K, capacity 464K, committed 512K, reserved 1048576K
Event: 1.278 GC heap after
Heap after GC invocations=1 (full 0):
 PSYoungGen      total 17920K, used 2208K [0x00000000d5580000, 0x00000000d7880000, 0x0000000100000000)
  eden space 15360K, 0% used [0x00000000d5580000,0x00000000d5580000,0x00000000d6480000)
  from space 2560K, 86% used [0x00000000d6480000,0x00000000d66a8020,0x00000000d6700000)
  to   space 2560K, 0% used [0x00000000d7600000,0x00000000d7600000,0x00000000d7880000)
 ParOldGen       total 40960K, used 8K [0x0000000080000000, 0x0000000082800000, 0x00000000d5580000)
  object space 40960K, 0% used [0x0000000080000000,0x0000000080002000,0x0000000082800000)
 Metaspace       used 3758K, capacity 4640K, committed 4864K, reserved 1056768K
  class space    used 414K, capacity 464K, committed 512K, reserved 1048576K
}

Deoptimization events (0 events):
No events

Internal exceptions (10 events):
Event: 1.280 Thread 0x00007f5814001000 Exception <a 'org/simgrid/msg/TimeoutException'> (0x00000000d55febc8) thrown at [/HUDSON3/workspace/8-2-build-linux-amd64/jdk8u111/7883/hotspot/src/share/vm/prims/jni.cpp, line 735]
Event: 1.280 Thread 0x00007f57fc001000 Exception <a 'org/simgrid/msg/TimeoutException'> (0x00000000d5628fb8) thrown at [/HUDSON3/workspace/8-2-build-linux-amd64/jdk8u111/7883/hotspot/src/share/vm/prims/jni.cpp, line 735]
Event: 1.284 Thread 0x00007f5824001000 Exception <a 'org/simgrid/msg/TimeoutException'> (0x00000000d5653600) thrown at [/HUDSON3/workspace/8-2-build-linux-amd64/jdk8u111/7883/hotspot/src/share/vm/prims/jni.cpp, line 735]
Event: 1.284 Thread 0x00007f580c001000 Exception <a 'org/simgrid/msg/TimeoutException'> (0x00000000d5580408) thrown at [/HUDSON3/workspace/8-2-build-linux-amd64/jdk8u111/7883/hotspot/src/share/vm/prims/jni.cpp, line 735]
Event: 1.284 Thread 0x00007f5804001000 Exception <a 'org/simgrid/msg/TimeoutException'> (0x00000000d56a7228) thrown at [/HUDSON3/workspace/8-2-build-linux-amd64/jdk8u111/7883/hotspot/src/share/vm/prims/jni.cpp, line 735]
Event: 1.284 Thread 0x00007f57f4001000 Exception <a 'org/simgrid/msg/TimeoutException'> (0x00000000d567da38) thrown at [/HUDSON3/workspace/8-2-build-linux-amd64/jdk8u111/7883/hotspot/src/share/vm/prims/jni.cpp, line 735]
Event: 1.293 Thread 0x00007f57f8001000 Exception <a 'org/simgrid/msg/TimeoutException'> (0x00000000d55ad528) thrown at [/HUDSON3/workspace/8-2-build-linux-amd64/jdk8u111/7883/hotspot/src/share/vm/prims/jni.cpp, line 735]
Event: 1.294 Thread 0x00007f581c001000 Exception <a 'org/simgrid/msg/TimeoutException'> (0x00000000d55d6cd0) thrown at [/HUDSON3/workspace/8-2-build-linux-amd64/jdk8u111/7883/hotspot/src/share/vm/prims/jni.cpp, line 735]
Event: 1.294 Thread 0x00007f5814001000 Exception <a 'org/simgrid/msg/TimeoutException'> (0x00000000d56010c0) thrown at [/HUDSON3/workspace/8-2-build-linux-amd64/jdk8u111/7883/hotspot/src/share/vm/prims/jni.cpp, line 735]
Event: 1.294 Thread 0x00007f57fc001000 Exception <a 'org/simgrid/msg/TimeoutException'> (0x00000000d562b4b0) thrown at [/HUDSON3/workspace/8-2-build-linux-amd64/jdk8u111/7883/hotspot/src/share/vm/prims/jni.cpp, line 735]

Events (10 events):
Event: 0.222 loading class org/simgrid/msg/Task done
Event: 0.222 loading class org/simgrid/msg/Comm
Event: 0.222 loading class org/simgrid/msg/Comm done
Event: 0.222 Thread 0x00007f57f8001000 Thread added: 0x00007f57f8001000
Event: 0.233 loading class java/util/regex/Pattern$BnM
Event: 0.233 loading class java/util/regex/Pattern$BnM done
Event: 0.239 loading class org/simgrid/msg/TimeoutException
Event: 0.239 loading class org/simgrid/msg/TimeoutException done
Event: 1.265 Executing VM operation: ParallelGCFailedAllocation
Event: 1.278 Executing VM operation: ParallelGCFailedAllocation done


Dynamic libraries:
00400000-00401000 r-xp 00000000 08:01 8784123                            /home/elixandrebaldi/jdk1.8.0_111/bin/java
00600000-00601000 rw-p 00000000 08:01 8784123                            /home/elixandrebaldi/jdk1.8.0_111/bin/java
02278000-02299000 rw-p 00000000 00:00 0                                  [heap]
80000000-82800000 rw-p 00000000 00:00 0 
82800000-d5580000 ---p 00000000 00:00 0 
d5580000-d7880000 rw-p 00000000 00:00 0 
d7880000-100000000 ---p 00000000 00:00 0 
100000000-100080000 rw-p 00000000 00:00 0 
100080000-140000000 ---p 00000000 00:00 0 
7f57f4000000-7f57f4140000 rw-p 00000000 00:00 0 
7f57f4140000-7f57f8000000 ---p 00000000 00:00 0 
7f57f8000000-7f57f8145000 rw-p 00000000 00:00 0 
7f57f8145000-7f57fc000000 ---p 00000000 00:00 0 
7f57fc000000-7f57fc145000 rw-p 00000000 00:00 0 
7f57fc145000-7f5800000000 ---p 00000000 00:00 0 
7f5804000000-7f5804142000 rw-p 00000000 00:00 0 
7f5804142000-7f5808000000 ---p 00000000 00:00 0 
7f580c000000-7f580c142000 rw-p 00000000 00:00 0 
7f580c142000-7f5810000000 ---p 00000000 00:00 0 
7f5814000000-7f5814144000 rw-p 00000000 00:00 0 
7f5814144000-7f5818000000 ---p 00000000 00:00 0 
7f581affe000-7f581b001000 ---p 00000000 00:00 0 
7f581b001000-7f581b7ff000 rw-p 00000000 00:00 0 
7f581c000000-7f581c142000 rw-p 00000000 00:00 0 
7f581c142000-7f5820000000 ---p 00000000 00:00 0 
7f58237ff000-7f5823802000 ---p 00000000 00:00 0 
7f5823802000-7f5824000000 rw-p 00000000 00:00 0 
7f5824000000-7f582414b000 rw-p 00000000 00:00 0 
7f582414b000-7f5828000000 ---p 00000000 00:00 0 
7f5828000000-7f5828021000 rw-p 00000000 00:00 0 
7f5828021000-7f582c000000 ---p 00000000 00:00 0 
7f582c256000-7f582c259000 ---p 00000000 00:00 0 
7f582c259000-7f582ca57000 rw-p 00000000 00:00 0 
7f582ca57000-7f582ca5a000 ---p 00000000 00:00 0 
7f582ca5a000-7f582d258000 rw-p 00000000 00:00 0 
7f582d258000-7f582d25b000 ---p 00000000 00:00 0 
7f582d25b000-7f582da59000 rw-p 00000000 00:00 0 
7f582da59000-7f582da5c000 ---p 00000000 00:00 0 
7f582da5c000-7f582e25a000 rw-p 00000000 00:00 0 
7f582e25a000-7f582e25d000 ---p 00000000 00:00 0 
7f582e25d000-7f582ea5b000 rw-p 00000000 00:00 0 
7f582ea5b000-7f582ea5e000 ---p 00000000 00:00 0 
7f582ea5e000-7f582f25c000 rw-p 00000000 00:00 0 
7f582f25c000-7f582f274000 r-xp 00000000 08:01 2359397                    /tmp/simgrid-java1038323693224684888/libsimgrid-java.so
7f582f274000-7f582f474000 ---p 00018000 08:01 2359397                    /tmp/simgrid-java1038323693224684888/libsimgrid-java.so
7f582f474000-7f582f475000 rw-p 00018000 08:01 2359397                    /tmp/simgrid-java1038323693224684888/libsimgrid-java.so
7f582f475000-7f582f5e7000 r-xp 00000000 08:01 23332798                   /usr/lib/x86_64-linux-gnu/libstdc++.so.6.0.21
7f582f5e7000-7f582f7e7000 ---p 00172000 08:01 23332798                   /usr/lib/x86_64-linux-gnu/libstdc++.so.6.0.21
7f582f7e7000-7f582f7f1000 r--p 00172000 08:01 23332798                   /usr/lib/x86_64-linux-gnu/libstdc++.so.6.0.21
7f582f7f1000-7f582f7f3000 rw-p 0017c000 08:01 23332798                   /usr/lib/x86_64-linux-gnu/libstdc++.so.6.0.21
7f582f7f3000-7f582f7f7000 rw-p 00000000 00:00 0 
7f582f7f7000-7f582fabc000 r-xp 00000000 08:01 2359396                    /tmp/simgrid-java1038323693224684888/libsimgrid.so
7f582fabc000-7f582fcbc000 ---p 002c5000 08:01 2359396                    /tmp/simgrid-java1038323693224684888/libsimgrid.so
7f582fcbc000-7f582fcf7000 rw-p 002c5000 08:01 2359396                    /tmp/simgrid-java1038323693224684888/libsimgrid.so
7f582fcf7000-7f5830000000 rw-p 00000000 00:00 0 
7f5830000000-7f5830149000 rw-p 00000000 00:00 0 
7f5830149000-7f5834000000 ---p 00000000 00:00 0 
7f5834000000-7f5834021000 rw-p 00000000 00:00 0 
7f5834021000-7f5838000000 ---p 00000000 00:00 0 
7f5838000000-7f5838189000 rw-p 00000000 00:00 0 
7f5838189000-7f583c000000 ---p 00000000 00:00 0 
7f583c000000-7f583c201000 rw-p 00000000 00:00 0 
7f583c201000-7f5840000000 ---p 00000000 00:00 0 
7f5840000000-7f5840021000 rw-p 00000000 00:00 0 
7f5840021000-7f5844000000 ---p 00000000 00:00 0 
7f5844000000-7f5844021000 rw-p 00000000 00:00 0 
7f5844021000-7f5848000000 ---p 00000000 00:00 0 
7f5848000000-7f5848021000 rw-p 00000000 00:00 0 
7f5848021000-7f584c000000 ---p 00000000 00:00 0 
7f584c000000-7f584c021000 rw-p 00000000 00:00 0 
7f584c021000-7f5850000000 ---p 00000000 00:00 0 
7f5850000000-7f5850021000 rw-p 00000000 00:00 0 
7f5850021000-7f5854000000 ---p 00000000 00:00 0 
7f5854060000-7f5854076000 r-xp 00000000 08:01 3936627                    /lib/x86_64-linux-gnu/libgcc_s.so.1
7f5854076000-7f5854275000 ---p 00016000 08:01 3936627                    /lib/x86_64-linux-gnu/libgcc_s.so.1
7f5854275000-7f5854276000 rw-p 00015000 08:01 3936627                    /lib/x86_64-linux-gnu/libgcc_s.so.1
7f5854276000-7f585428c000 r-xp 00000000 08:01 8783936                    /home/elixandrebaldi/jdk1.8.0_111/jre/lib/amd64/libnet.so
7f585428c000-7f585448c000 ---p 00016000 08:01 8783936                    /home/elixandrebaldi/jdk1.8.0_111/jre/lib/amd64/libnet.so
7f585448c000-7f585448d000 rw-p 00016000 08:01 8783936                    /home/elixandrebaldi/jdk1.8.0_111/jre/lib/amd64/libnet.so
7f585448d000-7f585449e000 r-xp 00000000 08:01 8783935                    /home/elixandrebaldi/jdk1.8.0_111/jre/lib/amd64/libnio.so
7f585449e000-7f585469d000 ---p 00011000 08:01 8783935                    /home/elixandrebaldi/jdk1.8.0_111/jre/lib/amd64/libnio.so
7f585469d000-7f585469e000 rw-p 00010000 08:01 8783935                    /home/elixandrebaldi/jdk1.8.0_111/jre/lib/amd64/libnio.so
7f585469e000-7f585469f000 ---p 00000000 00:00 0 
7f585469f000-7f585479f000 rw-p 00000000 00:00 0 
7f585479f000-7f58547a2000 ---p 00000000 00:00 0 
7f58547a2000-7f58548a0000 rw-p 00000000 00:00 0 
7f58548a0000-7f58548a3000 ---p 00000000 00:00 0 
7f58548a3000-7f58549a1000 rw-p 00000000 00:00 0 
7f58549a1000-7f58549a4000 ---p 00000000 00:00 0 
7f58549a4000-7f5854aa2000 rw-p 00000000 00:00 0 
7f5854aa2000-7f5854aa5000 ---p 00000000 00:00 0 
7f5854aa5000-7f5854ba3000 rw-p 00000000 00:00 0 
7f5854ba3000-7f5854ba6000 ---p 00000000 00:00 0 
7f5854ba6000-7f5854ca4000 rw-p 00000000 00:00 0 
7f5854ca4000-7f58560f6000 r--p 00000000 08:01 23331759                   /usr/lib/locale/locale-archive
7f58560f6000-7f58560f9000 ---p 00000000 00:00 0 
7f58560f9000-7f58561f7000 rw-p 00000000 00:00 0 
7f58561f7000-7f58561fa000 ---p 00000000 00:00 0 
7f58561fa000-7f58562f8000 rw-p 00000000 00:00 0 
7f58562f8000-7f58562f9000 ---p 00000000 00:00 0 
7f58562f9000-7f5857228000 rw-p 00000000 00:00 0 
7f5857228000-7f5857400000 r--s 03d2a000 08:01 8784070                    /home/elixandrebaldi/jdk1.8.0_111/jre/lib/rt.jar
7f5857400000-7f5857840000 rw-p 00000000 00:00 0 
7f5857840000-7f5857c00000 ---p 00000000 00:00 0 
7f5857c00000-7f585c000000 rw-p 00000000 00:00 0 
7f585c000000-7f585c021000 rw-p 00000000 00:00 0 
7f585c021000-7f5860000000 ---p 00000000 00:00 0 
7f5860000000-7f5860021000 rw-p 00000000 00:00 0 
7f5860021000-7f5864000000 ---p 00000000 00:00 0 
7f5864000000-7f5864021000 rw-p 00000000 00:00 0 
7f5864021000-7f5868000000 ---p 00000000 00:00 0 
7f586801f000-7f5868190000 rw-p 00000000 00:00 0 
7f5868190000-7f5868191000 ---p 00000000 00:00 0 
7f5868191000-7f5868291000 rw-p 00000000 00:00 0 
7f5868291000-7f5868292000 ---p 00000000 00:00 0 
7f5868292000-7f5868392000 rw-p 00000000 00:00 0 
7f5868392000-7f5868393000 ---p 00000000 00:00 0 
7f5868393000-7f5868493000 rw-p 00000000 00:00 0 
7f5868493000-7f5868494000 ---p 00000000 00:00 0 
7f5868494000-7f58685a8000 rw-p 00000000 00:00 0 
7f58685a8000-7f586883f000 ---p 00000000 00:00 0 
7f586883f000-7f5868853000 rw-p 00000000 00:00 0 
7f5868853000-7f5868ae9000 ---p 00000000 00:00 0 
7f5868ae9000-7f5868afc000 rw-p 00000000 00:00 0 
7f5868afc000-7f5868c3f000 ---p 00000000 00:00 0 
7f5868c3f000-7f5868c4a000 rw-p 00000000 00:00 0 
7f5868c4a000-7f5869000000 ---p 00000000 00:00 0 
7f5869000000-7f5869270000 rwxp 00000000 00:00 0 
7f5869270000-7f5878000000 ---p 00000000 00:00 0 
7f5878000000-7f5878421000 rw-p 00000000 00:00 0 
7f5878421000-7f587c000000 ---p 00000000 00:00 0 
7f587c009000-7f587c0c1000 rw-p 00000000 00:00 0 
7f587c0c1000-7f587c0db000 r-xp 00000000 08:01 8783934                    /home/elixandrebaldi/jdk1.8.0_111/jre/lib/amd64/libzip.so
7f587c0db000-7f587c2db000 ---p 0001a000 08:01 8783934                    /home/elixandrebaldi/jdk1.8.0_111/jre/lib/amd64/libzip.so
7f587c2db000-7f587c2dc000 rw-p 0001a000 08:01 8783934                    /home/elixandrebaldi/jdk1.8.0_111/jre/lib/amd64/libzip.so
7f587c2dc000-7f587c2e7000 r-xp 00000000 08:01 3932251                    /lib/x86_64-linux-gnu/libnss_files-2.23.so
7f587c2e7000-7f587c4e6000 ---p 0000b000 08:01 3932251                    /lib/x86_64-linux-gnu/libnss_files-2.23.so
7f587c4e6000-7f587c4e7000 r--p 0000a000 08:01 3932251                    /lib/x86_64-linux-gnu/libnss_files-2.23.so
7f587c4e7000-7f587c4e8000 rw-p 0000b000 08:01 3932251                    /lib/x86_64-linux-gnu/libnss_files-2.23.so
7f587c4e8000-7f587c4ee000 rw-p 00000000 00:00 0 
7f587c4ee000-7f587c4f9000 r-xp 00000000 08:01 3932244                    /lib/x86_64-linux-gnu/libnss_nis-2.23.so
7f587c4f9000-7f587c6f8000 ---p 0000b000 08:01 3932244                    /lib/x86_64-linux-gnu/libnss_nis-2.23.so
7f587c6f8000-7f587c6f9000 r--p 0000a000 08:01 3932244                    /lib/x86_64-linux-gnu/libnss_nis-2.23.so
7f587c6f9000-7f587c6fa000 rw-p 0000b000 08:01 3932244                    /lib/x86_64-linux-gnu/libnss_nis-2.23.so
7f587c6fa000-7f587c710000 r-xp 00000000 08:01 3932246                    /lib/x86_64-linux-gnu/libnsl-2.23.so
7f587c710000-7f587c90f000 ---p 00016000 08:01 3932246                    /lib/x86_64-linux-gnu/libnsl-2.23.so
7f587c90f000-7f587c910000 r--p 00015000 08:01 3932246                    /lib/x86_64-linux-gnu/libnsl-2.23.so
7f587c910000-7f587c911000 rw-p 00016000 08:01 3932246                    /lib/x86_64-linux-gnu/libnsl-2.23.so
7f587c911000-7f587c913000 rw-p 00000000 00:00 0 
7f587c913000-7f587c91b000 r-xp 00000000 08:01 3932253                    /lib/x86_64-linux-gnu/libnss_compat-2.23.so
7f587c91b000-7f587cb1a000 ---p 00008000 08:01 3932253                    /lib/x86_64-linux-gnu/libnss_compat-2.23.so
7f587cb1a000-7f587cb1b000 r--p 00007000 08:01 3932253                    /lib/x86_64-linux-gnu/libnss_compat-2.23.so
7f587cb1b000-7f587cb1c000 rw-p 00008000 08:01 3932253                    /lib/x86_64-linux-gnu/libnss_compat-2.23.so
7f587cb1c000-7f587cb47000 r-xp 00000000 08:01 8783907                    /home/elixandrebaldi/jdk1.8.0_111/jre/lib/amd64/libjava.so
7f587cb47000-7f587cd46000 ---p 0002b000 08:01 8783907                    /home/elixandrebaldi/jdk1.8.0_111/jre/lib/amd64/libjava.so
7f587cd46000-7f587cd48000 rw-p 0002a000 08:01 8783907                    /home/elixandrebaldi/jdk1.8.0_111/jre/lib/amd64/libjava.so
7f587cd48000-7f587cd55000 r-xp 00000000 08:01 8783870                    /home/elixandrebaldi/jdk1.8.0_111/jre/lib/amd64/libverify.so
7f587cd55000-7f587cf54000 ---p 0000d000 08:01 8783870                    /home/elixandrebaldi/jdk1.8.0_111/jre/lib/amd64/libverify.so
7f587cf54000-7f587cf56000 rw-p 0000c000 08:01 8783870                    /home/elixandrebaldi/jdk1.8.0_111/jre/lib/amd64/libverify.so
7f587cf56000-7f587cf5d000 r-xp 00000000 08:01 3932254                    /lib/x86_64-linux-gnu/librt-2.23.so
7f587cf5d000-7f587d15c000 ---p 00007000 08:01 3932254                    /lib/x86_64-linux-gnu/librt-2.23.so
7f587d15c000-7f587d15d000 r--p 00006000 08:01 3932254                    /lib/x86_64-linux-gnu/librt-2.23.so
7f587d15d000-7f587d15e000 rw-p 00007000 08:01 3932254                    /lib/x86_64-linux-gnu/librt-2.23.so
7f587d15e000-7f587d266000 r-xp 00000000 08:01 3932245                    /lib/x86_64-linux-gnu/libm-2.23.so
7f587d266000-7f587d465000 ---p 00108000 08:01 3932245                    /lib/x86_64-linux-gnu/libm-2.23.so
7f587d465000-7f587d466000 r--p 00107000 08:01 3932245                    /lib/x86_64-linux-gnu/libm-2.23.so
7f587d466000-7f587d467000 rw-p 00108000 08:01 3932245                    /lib/x86_64-linux-gnu/libm-2.23.so
7f587d467000-7f587e134000 r-xp 00000000 08:01 8783785                    /home/elixandrebaldi/jdk1.8.0_111/jre/lib/amd64/server/libjvm.so
7f587e134000-7f587e333000 ---p 00ccd000 08:01 8783785                    /home/elixandrebaldi/jdk1.8.0_111/jre/lib/amd64/server/libjvm.so
7f587e333000-7f587e40c000 rw-p 00ccc000 08:01 8783785                    /home/elixandrebaldi/jdk1.8.0_111/jre/lib/amd64/server/libjvm.so
7f587e40c000-7f587e457000 rw-p 00000000 00:00 0 
7f587e457000-7f587e616000 r-xp 00000000 08:01 3932247                    /lib/x86_64-linux-gnu/libc-2.23.so
7f587e616000-7f587e816000 ---p 001bf000 08:01 3932247                    /lib/x86_64-linux-gnu/libc-2.23.so
7f587e816000-7f587e81a000 r--p 001bf000 08:01 3932247                    /lib/x86_64-linux-gnu/libc-2.23.so
7f587e81a000-7f587e81c000 rw-p 001c3000 08:01 3932247                    /lib/x86_64-linux-gnu/libc-2.23.so
7f587e81c000-7f587e820000 rw-p 00000000 00:00 0 
7f587e820000-7f587e823000 r-xp 00000000 08:01 3932243                    /lib/x86_64-linux-gnu/libdl-2.23.so
7f587e823000-7f587ea22000 ---p 00003000 08:01 3932243                    /lib/x86_64-linux-gnu/libdl-2.23.so
7f587ea22000-7f587ea23000 r--p 00002000 08:01 3932243                    /lib/x86_64-linux-gnu/libdl-2.23.so
7f587ea23000-7f587ea24000 rw-p 00003000 08:01 3932243                    /lib/x86_64-linux-gnu/libdl-2.23.so
7f587ea24000-7f587ea39000 r-xp 00000000 08:01 8783943                    /home/elixandrebaldi/jdk1.8.0_111/lib/amd64/jli/libjli.so
7f587ea39000-7f587ec39000 ---p 00015000 08:01 8783943                    /home/elixandrebaldi/jdk1.8.0_111/lib/amd64/jli/libjli.so
7f587ec39000-7f587ec3a000 rw-p 00015000 08:01 8783943                    /home/elixandrebaldi/jdk1.8.0_111/lib/amd64/jli/libjli.so
7f587ec3a000-7f587ec52000 r-xp 00000000 08:01 3932258                    /lib/x86_64-linux-gnu/libpthread-2.23.so
7f587ec52000-7f587ee51000 ---p 00018000 08:01 3932258                    /lib/x86_64-linux-gnu/libpthread-2.23.so
7f587ee51000-7f587ee52000 r--p 00017000 08:01 3932258                    /lib/x86_64-linux-gnu/libpthread-2.23.so
7f587ee52000-7f587ee53000 rw-p 00018000 08:01 3932258                    /lib/x86_64-linux-gnu/libpthread-2.23.so
7f587ee53000-7f587ee57000 rw-p 00000000 00:00 0 
7f587ee57000-7f587ee7d000 r-xp 00000000 08:01 3932248                    /lib/x86_64-linux-gnu/ld-2.23.so
7f587ee8e000-7f587ef5a000 rw-p 00000000 00:00 0 
7f587ef5a000-7f587ef5d000 ---p 00000000 00:00 0 
7f587ef5d000-7f587f05f000 rw-p 00000000 00:00 0 
7f587f068000-7f587f06d000 r--s 00096000 08:01 8783911                    /home/elixandrebaldi/jdk1.8.0_111/jre/lib/jsse.jar
7f587f06d000-7f587f070000 r--s 00f76000 08:01 8524426                    /home/elixandrebaldi/Documentos/VCubeDHT/simgrid.jar
7f587f070000-7f587f078000 rw-s 00000000 08:01 2359392                    /tmp/hsperfdata_elixandrebaldi/7754
7f587f078000-7f587f079000 rw-p 00000000 00:00 0 
7f587f079000-7f587f07a000 r--p 00000000 00:00 0 
7f587f07a000-7f587f07c000 rw-p 00000000 00:00 0 
7f587f07c000-7f587f07d000 r--p 00025000 08:01 3932248                    /lib/x86_64-linux-gnu/ld-2.23.so
7f587f07d000-7f587f07e000 rw-p 00026000 08:01 3932248                    /lib/x86_64-linux-gnu/ld-2.23.so
7f587f07e000-7f587f07f000 rw-p 00000000 00:00 0 
7ffd70ad1000-7ffd70af2000 rw-p 00000000 00:00 0                          [stack]
7ffd70b58000-7ffd70b5a000 r--p 00000000 00:00 0                          [vvar]
7ffd70b5a000-7ffd70b5c000 r-xp 00000000 00:00 0                          [vdso]
ffffffffff600000-ffffffffff601000 r-xp 00000000 00:00 0                  [vsyscall]

VM Arguments:
jvm_args: -Dfile.encoding=UTF-8 -Xmx2048m 
java_command: vcube.VCube platform.xml deployment.xml
java_class_path (initial): /home/elixandrebaldi/Documentos/VCubeDHT/simgrid.jar:/home/elixandrebaldi/Documentos/VCubeDHT/VCube/build/classes
Launcher Type: SUN_STANDARD

Environment Variables:
PATH=/home/elixandrebaldi/bin:/home/elixandrebaldi/.local/bin:/usr/local/sbin:/usr/local/bin:/usr/sbin:/usr/bin:/sbin:/bin:/usr/games:/usr/local/games
LD_LIBRARY_PATH=/home/elixandrebaldi/jdk1.8.0_111/jre/lib/amd64:/home/elixandrebaldi/jdk1.8.0_111/jre/lib/i386:
SHELL=/bin/bash
DISPLAY=:0

Signal Handlers:
SIGSEGV: [libjvm.so+0xac64b0], sa_mask[0]=11111111011111111101111111111110, sa_flags=SA_RESTART|SA_SIGINFO
SIGBUS: [libjvm.so+0xac64b0], sa_mask[0]=11111111011111111101111111111110, sa_flags=SA_RESTART|SA_SIGINFO
SIGFPE: [libjvm.so+0x91f950], sa_mask[0]=11111111011111111101111111111110, sa_flags=SA_RESTART|SA_SIGINFO
SIGPIPE: [libjvm.so+0x91f950], sa_mask[0]=11111111011111111101111111111110, sa_flags=SA_RESTART|SA_SIGINFO
SIGXFSZ: [libjvm.so+0x91f950], sa_mask[0]=11111111011111111101111111111110, sa_flags=SA_RESTART|SA_SIGINFO
SIGILL: [libjvm.so+0x91f950], sa_mask[0]=11111111011111111101111111111110, sa_flags=SA_RESTART|SA_SIGINFO
SIGUSR1: SIG_DFL, sa_mask[0]=00000000000000000000000000000000, sa_flags=none
SIGUSR2: [libjvm.so+0x920f80], sa_mask[0]=00100000000000000000000000000000, sa_flags=SA_RESTART|SA_SIGINFO
SIGHUP: [libjvm.so+0x922380], sa_mask[0]=11111111011111111101111111111110, sa_flags=SA_RESTART|SA_SIGINFO
SIGINT: [libsimgrid.so+0x8ff50], sa_mask[0]=01000000000000000000000000000000, sa_flags=SA_RESTART
SIGTERM: [libjvm.so+0x922380], sa_mask[0]=11111111011111111101111111111110, sa_flags=SA_RESTART|SA_SIGINFO
SIGQUIT: [libjvm.so+0x922380], sa_mask[0]=11111111011111111101111111111110, sa_flags=SA_RESTART|SA_SIGINFO


---------------  S Y S T E M  ---------------

OS:DISTRIB_ID="elementary"
DISTRIB_RELEASE=0.4.1
DISTRIB_CODENAME=loki
DISTRIB_DESCRIPTION="elementary OS 0.4.1 Loki"

uname:Linux 4.4.0-79-generic #100-Ubuntu SMP Wed May 17 19:58:14 UTC 2017 x86_64
libc:glibc 2.23 NPTL 2.23 
rlimit: STACK 8192k, CORE 0k, NPROC 14991, NOFILE 65536, AS infinity
load average:0.35 0.51 0.73

/proc/meminfo:
MemTotal:        3878592 kB
MemFree:         1240808 kB
MemAvailable:    1668872 kB
Buffers:          105096 kB
Cached:           613580 kB
SwapCached:          100 kB
Active:          1452468 kB
Inactive:         947172 kB
Active(anon):    1152416 kB
Inactive(anon):   672052 kB
Active(file):     300052 kB
Inactive(file):   275120 kB
Unevictable:          48 kB
Mlocked:              48 kB
SwapTotal:       4025340 kB
SwapFree:        4021844 kB
Dirty:             12736 kB
Writeback:             0 kB
AnonPages:       1680936 kB
Mapped:           241920 kB
Shmem:            143484 kB
Slab:             142184 kB
SReclaimable:     110772 kB
SUnreclaim:        31412 kB
KernelStack:        8240 kB
PageTables:        30612 kB
NFS_Unstable:          0 kB
Bounce:                0 kB
WritebackTmp:          0 kB
CommitLimit:     5964636 kB
Committed_AS:    4991400 kB
VmallocTotal:   34359738367 kB
VmallocUsed:           0 kB
VmallocChunk:          0 kB
HardwareCorrupted:     0 kB
AnonHugePages:   1118208 kB
CmaTotal:              0 kB
CmaFree:               0 kB
HugePages_Total:       0
HugePages_Free:        0
HugePages_Rsvd:        0
HugePages_Surp:        0
Hugepagesize:       2048 kB
DirectMap4k:      140024 kB
DirectMap2M:     3887104 kB


CPU:total 4 (2 cores per cpu, 2 threads per core) family 6 model 58 stepping 9, cmov, cx8, fxsr, mmx, sse, sse2, sse3, ssse3, sse4.1, sse4.2, popcnt, avx, clmul, erms, ht, tsc, tscinvbit, tscinv

/proc/cpuinfo:
processor	: 0
vendor_id	: GenuineIntel
cpu family	: 6
model		: 58
model name	: Intel(R) Core(TM) i7-3517U CPU @ 1.90GHz
stepping	: 9
microcode	: 0x12
cpu MHz		: 2799.937
cache size	: 4096 KB
physical id	: 0
siblings	: 4
core id		: 0
cpu cores	: 2
apicid		: 0
initial apicid	: 0
fpu		: yes
fpu_exception	: yes
cpuid level	: 13
wp		: yes
flags		: fpu vme de pse tsc msr pae mce cx8 apic sep mtrr pge mca cmov pat pse36 clflush dts acpi mmx fxsr sse sse2 ss ht tm pbe syscall nx rdtscp lm constant_tsc arch_perfmon pebs bts rep_good nopl xtopology nonstop_tsc aperfmperf eagerfpu pni pclmulqdq dtes64 monitor ds_cpl vmx est tm2 ssse3 cx16 xtpr pdcm pcid sse4_1 sse4_2 x2apic popcnt tsc_deadline_timer xsave avx f16c rdrand lahf_lm epb tpr_shadow vnmi flexpriority ept vpid fsgsbase smep erms xsaveopt dtherm ida arat pln pts
bugs		:
bogomips	: 4789.43
clflush size	: 64
cache_alignment	: 64
address sizes	: 36 bits physical, 48 bits virtual
power management:

processor	: 1
vendor_id	: GenuineIntel
cpu family	: 6
model		: 58
model name	: Intel(R) Core(TM) i7-3517U CPU @ 1.90GHz
stepping	: 9
microcode	: 0x12
cpu MHz		: 2799.937
cache size	: 4096 KB
physical id	: 0
siblings	: 4
core id		: 0
cpu cores	: 2
apicid		: 1
initial apicid	: 1
fpu		: yes
fpu_exception	: yes
cpuid level	: 13
wp		: yes
flags		: fpu vme de pse tsc msr pae mce cx8 apic sep mtrr pge mca cmov pat pse36 clflush dts acpi mmx fxsr sse sse2 ss ht tm pbe syscall nx rdtscp lm constant_tsc arch_perfmon pebs bts rep_good nopl xtopology nonstop_tsc aperfmperf eagerfpu pni pclmulqdq dtes64 monitor ds_cpl vmx est tm2 ssse3 cx16 xtpr pdcm pcid sse4_1 sse4_2 x2apic popcnt tsc_deadline_timer xsave avx f16c rdrand lahf_lm epb tpr_shadow vnmi flexpriority ept vpid fsgsbase smep erms xsaveopt dtherm ida arat pln pts
bugs		:
bogomips	: 4789.43
clflush size	: 64
cache_alignment	: 64
address sizes	: 36 bits physical, 48 bits virtual
power management:

processor	: 2
vendor_id	: GenuineIntel
cpu family	: 6
model		: 58
model name	: Intel(R) Core(TM) i7-3517U CPU @ 1.90GHz
stepping	: 9
microcode	: 0x12
cpu MHz		: 2799.937
cache size	: 4096 KB
physical id	: 0
siblings	: 4
core id		: 1
cpu cores	: 2
apicid		: 2
initial apicid	: 2
fpu		: yes
fpu_exception	: yes
cpuid level	: 13
wp		: yes
flags		: fpu vme de pse tsc msr pae mce cx8 apic sep mtrr pge mca cmov pat pse36 clflush dts acpi mmx fxsr sse sse2 ss ht tm pbe syscall nx rdtscp lm constant_tsc arch_perfmon pebs bts rep_good nopl xtopology nonstop_tsc aperfmperf eagerfpu pni pclmulqdq dtes64 monitor ds_cpl vmx est tm2 ssse3 cx16 xtpr pdcm pcid sse4_1 sse4_2 x2apic popcnt tsc_deadline_timer xsave avx f16c rdrand lahf_lm epb tpr_shadow vnmi flexpriority ept vpid fsgsbase smep erms xsaveopt dtherm ida arat pln pts
bugs		:
bogomips	: 4789.43
clflush size	: 64
cache_alignment	: 64
address sizes	: 36 bits physical, 48 bits virtual
power management:

processor	: 3
vendor_id	: GenuineIntel
cpu family	: 6
model		: 58
model name	: Intel(R) Core(TM) i7-3517U CPU @ 1.90GHz
stepping	: 9
microcode	: 0x12
cpu MHz		: 2799.937
cache size	: 4096 KB
physical id	: 0
siblings	: 4
core id		: 1
cpu cores	: 2
apicid		: 3
initial apicid	: 3
fpu		: yes
fpu_exception	: yes
cpuid level	: 13
wp		: yes
flags		: fpu vme de pse tsc msr pae mce cx8 apic sep mtrr pge mca cmov pat pse36 clflush dts acpi mmx fxsr sse sse2 ss ht tm pbe syscall nx rdtscp lm constant_tsc arch_perfmon pebs bts rep_good nopl xtopology nonstop_tsc aperfmperf eagerfpu pni pclmulqdq dtes64 monitor ds_cpl vmx est tm2 ssse3 cx16 xtpr pdcm pcid sse4_1 sse4_2 x2apic popcnt tsc_deadline_timer xsave avx f16c rdrand lahf_lm epb tpr_shadow vnmi flexpriority ept vpid fsgsbase smep erms xsaveopt dtherm ida arat pln pts
bugs		:
bogomips	: 4789.43
clflush size	: 64
cache_alignment	: 64
address sizes	: 36 bits physical, 48 bits virtual
power management:



Memory: 4k page, physical 3878592k(1240808k free), swap 4025340k(4021844k free)

vm_info: Java HotSpot(TM) 64-Bit Server VM (25.111-b14) for linux-amd64 JRE (1.8.0_111-b14), built on Sep 22 2016 16:14:03 by "java_re" with gcc 4.3.0 20080428 (Red Hat 4.3.0-8)

time: Tue Jun 13 15:38:20 2017
elapsed time: 1 seconds (0d 0h 0m 1s)

