#
# A fatal error has been detected by the Java Runtime Environment:
#
#  SIGSEGV (0xb) at pc=0x00007f6925120646, pid=4322, tid=140089696950016
#
# JRE version: Java(TM) SE Runtime Environment (7.0_80-b15) (build 1.7.0_80-b15)
# Java VM: Java HotSpot(TM) 64-Bit Server VM (24.80-b11 mixed mode linux-amd64 compressed oops)
# Problematic frame:
# C  [libsimgrid.so+0x84646]  MSG_task_destroy+0x16
#
# Failed to write core dump. Core dumps have been disabled. To enable core dumping, try "ulimit -c unlimited" before starting Java again
#
# If you would like to submit a bug report, please visit:
#   http://bugreport.java.com/bugreport/crash.jsp
# The crash happened outside the Java Virtual Machine in native code.
# See problematic frame for where to report the bug.
#

---------------  T H R E A D  ---------------

Current thread (0x00007f6930070800):  JavaThread "Finalizer" daemon [_thread_in_native, id=4333, stack(0x00007f692c8f9000,0x00007f692c9fa000)]

siginfo:si_signo=SIGSEGV: si_errno=0, si_code=1 (SEGV_MAPERR), si_addr=0x000000000000007d

Registers:
RAX=0x0000000000000025, RBX=0x00007f68e424e260, RCX=0x00007f692c9f86c0, RDX=0x0000000000000042
RSP=0x00007f692c9f85e0, RBP=0x00007f692c9f86a0, RSI=0x00007f692c9f86c0, RDI=0x00007f68e424e260
R8 =0x00007f6937aee800, R9 =0x00000000c4c74700, R10=0x0000000000000004, R11=0x00007f6937af2de8
R12=0x0000000000000000, R13=0x00000000bfd7eb30, R14=0x00007f692c9f86c0, R15=0x00007f6930070800
RIP=0x00007f6925120646, EFLAGS=0x0000000000010206, CSGSFS=0x0000000000000033, ERR=0x0000000000000004
  TRAPNO=0x000000000000000e

Top of Stack: (sp=0x00007f692c9f85e0)
0x00007f692c9f85e0:   00007f692d005310 00007f6900000000
0x00007f692c9f85f0:   01007f692c9f87d8 00007f69374b1582
0x00007f692c9f8600:   000000000000137e 0000000000000000
0x00007f692c9f8610:   00007f692c9f8670 00007f69374b199c
0x00007f692c9f8620:   00007f6914003630 00007f69248f5de7
0x00007f692c9f8630:   ffffffff0000000b 00000000bfd7eb30
0x00007f692c9f8640:   00007f692c9f86a0 00007f692d012d98
0x00007f692c9f8650:   00007f6930070800 00007f6930070800
0x00007f692c9f8660:   00007f692c9f8660 0000000000000000
0x00007f692c9f8670:   00007f692c9f86c0 00000000bfd80508
0x00007f692c9f8680:   0000000000000000 00000000bfd7eb30
0x00007f692c9f8690:   0000000000000000 00007f692c9f86c0
0x00007f692c9f86a0:   00007f692c9f8708 00007f692d006058
0x00007f692c9f86b0:   0000000000000000 00007f692d00ecd8
0x00007f692c9f86c0:   00000000c4c74700 00007f692c9f86c8
0x00007f692c9f86d0:   00000000bfd7ea49 00007f692c9f8720
0x00007f692c9f86e0:   00000000bfd80508 0000000000000000
0x00007f692c9f86f0:   00000000bfd7ea70 00007f692c9f86c0
0x00007f692c9f8700:   00007f692c9f8720 00007f692c9f8768
0x00007f692c9f8710:   00007f692d006058 0000000000000000
0x00007f692c9f8720:   00000000c4c74700 00007f692c9f8728
0x00007f692c9f8730:   00000000bfbb67b9 00007f692c9f8780
0x00007f692c9f8740:   00000000bfbb6b28 0000000000000000
0x00007f692c9f8750:   00000000bfbb67c8 00007f692c9f8720
0x00007f692c9f8760:   00007f692c9f8778 00007f692c9f87d8
0x00007f692c9f8770:   00007f692d006706 00000000c4c74700
0x00007f692c9f8780:   00000000ed3009c8 0000000000000009
0x00007f692c9f8790:   0000000000000000 00007f692c9f8788
0x00007f692c9f87a0:   00000000bfa30ca6 00007f692c9f8800
0x00007f692c9f87b0:   00000000bfaab5a8 0000000000000000
0x00007f692c9f87c0:   00000000bfa30ce8 00007f692c9f8778
0x00007f692c9f87d0:   00007f692c9f87f8 00007f692c9f8848 

Instructions: (pc=0x00007f6925120646)
0x00007f6925120626:   ff 66 0f 1f 84 00 00 00 00 00 55 53 48 83 ec 58
0x00007f6925120636:   48 85 ff 0f 84 01 01 00 00 48 8b 47 08 48 89 fb
0x00007f6925120646:   48 83 78 58 00 74 05 e8 4e 04 fe ff 48 8b 2d 5f
0x00007f6925120656:   43 44 00 8b 55 28 85 d2 0f 84 bc 00 00 00 83 7d 

Register to memory mapping:

RAX=0x0000000000000025 is an unknown value
RBX=0x00007f68e424e260 is an unknown value
RCX=0x00007f692c9f86c0 is pointing into the stack for thread: 0x00007f6930070800
RDX=0x0000000000000042 is an unknown value
RSP=0x00007f692c9f85e0 is pointing into the stack for thread: 0x00007f6930070800
RBP=0x00007f692c9f86a0 is pointing into the stack for thread: 0x00007f6930070800
RSI=0x00007f692c9f86c0 is pointing into the stack for thread: 0x00007f6930070800
RDI=0x00007f68e424e260 is an unknown value
R8 =0x00007f6937aee800: <offset 0xe4b800> in /home/elixandre/jdk1.7.0_80/jre/lib/amd64/server/libjvm.so at 0x00007f6936ca3000
R9 =0x00000000c4c74700 is an oop
vcube.VCubeTask 
 - klass: 'vcube/VCubeTask'
R10=0x0000000000000004 is an unknown value
R11=0x00007f6937af2de8: <offset 0xe4fde8> in /home/elixandre/jdk1.7.0_80/jre/lib/amd64/server/libjvm.so at 0x00007f6936ca3000
R12=0x0000000000000000 is an unknown value
R13=0x00000000bfd7eb30 is an oop
{method} 
 - klass: {other class}
R14=0x00007f692c9f86c0 is pointing into the stack for thread: 0x00007f6930070800
R15=0x00007f6930070800 is a thread


Stack: [0x00007f692c8f9000,0x00007f692c9fa000],  sp=0x00007f692c9f85e0,  free space=1021k
Native frames: (J=compiled Java code, j=interpreted, Vv=VM code, C=native code)
C  [libsimgrid.so+0x84646]  MSG_task_destroy+0x16
j  org.simgrid.msg.Task.finalize()V+1
j  java.lang.System$2.invokeFinalize(Ljava/lang/Object;)V+1
j  java.lang.ref.Finalizer.runFinalizer(Lsun/misc/JavaLangAccess;)V+46
j  java.lang.ref.Finalizer.access$100(Ljava/lang/ref/Finalizer;Lsun/misc/JavaLangAccess;)V+2
j  java.lang.ref.Finalizer$FinalizerThread.run()V+45
v  ~StubRoutines::call_stub
V  [libjvm.so+0x6020a5]  JavaCalls::call_helper(JavaValue*, methodHandle*, JavaCallArguments*, Thread*)+0x365
V  [libjvm.so+0x600b08]  JavaCalls::call(JavaValue*, methodHandle, JavaCallArguments*, Thread*)+0x28
V  [libjvm.so+0x600dd7]  JavaCalls::call_virtual(JavaValue*, KlassHandle, Symbol*, Symbol*, JavaCallArguments*, Thread*)+0x197
V  [libjvm.so+0x600ef7]  JavaCalls::call_virtual(JavaValue*, Handle, KlassHandle, Symbol*, Symbol*, Thread*)+0x47
V  [libjvm.so+0x67f8d5]  thread_entry(JavaThread*, Thread*)+0xe5
V  [libjvm.so+0x95bfff]  JavaThread::thread_main_inner()+0xdf
V  [libjvm.so+0x95c105]  JavaThread::run()+0xf5
V  [libjvm.so+0x8238c8]  java_start(Thread*)+0x108

Java frames: (J=compiled Java code, j=interpreted, Vv=VM code)
j  org.simgrid.msg.Task.nativeFinalize()V+0
j  org.simgrid.msg.Task.finalize()V+1
j  java.lang.System$2.invokeFinalize(Ljava/lang/Object;)V+1
j  java.lang.ref.Finalizer.runFinalizer(Lsun/misc/JavaLangAccess;)V+46
j  java.lang.ref.Finalizer.access$100(Ljava/lang/ref/Finalizer;Lsun/misc/JavaLangAccess;)V+2
j  java.lang.ref.Finalizer$FinalizerThread.run()V+45
v  ~StubRoutines::call_stub

---------------  P R O C E S S  ---------------

Java Threads: ( => current thread )
  0x00007f68d0001000 JavaThread "Thread-8" [_thread_in_native, id=4346, stack(0x00007f68f47f9000,0x00007f68f4ffa000)]
  0x00007f68d8001000 JavaThread "Thread-5" [_thread_in_native, id=4345, stack(0x00007f68f4ffa000,0x00007f68f57fb000)]
  0x00007f68e0001000 JavaThread "Thread-7" [_thread_in_native, id=4344, stack(0x00007f68f57fb000,0x00007f68f5ffc000)]
  0x00007f68dc001000 JavaThread "Thread-4" [_thread_in_native, id=4341, stack(0x00007f68f6ffe000,0x00007f68f77ff000)]
  0x00007f68e8001000 JavaThread "Thread-3" [_thread_in_native, id=4342, stack(0x00007f68f67fd000,0x00007f68f6ffe000)]
  0x00007f68e4001000 JavaThread "Thread-6" [_thread_in_native, id=4343, stack(0x00007f68f5ffc000,0x00007f68f67fd000)]
  0x00007f68ec001000 JavaThread "Thread-2" [_thread_in_native, id=4340, stack(0x00007f68f77ff000,0x00007f68f8000000)]
  0x00007f6930099000 JavaThread "Service Thread" daemon [_thread_blocked, id=4337, stack(0x00007f6925dce000,0x00007f6925ecf000)]
  0x00007f6930096800 JavaThread "C2 CompilerThread1" daemon [_thread_blocked, id=4336, stack(0x00007f6925ecf000,0x00007f6925fd0000)]
  0x00007f6930093800 JavaThread "C2 CompilerThread0" daemon [_thread_in_native, id=4335, stack(0x00007f692c014000,0x00007f692c115000)]
  0x00007f6930091800 JavaThread "Signal Dispatcher" daemon [_thread_blocked, id=4334, stack(0x00007f692c115000,0x00007f692c216000)]
=>0x00007f6930070800 JavaThread "Finalizer" daemon [_thread_in_native, id=4333, stack(0x00007f692c8f9000,0x00007f692c9fa000)]
  0x00007f693006e000 JavaThread "Reference Handler" daemon [_thread_in_Java, id=4332, stack(0x00007f692c9fa000,0x00007f692cafb000)]
  0x00007f6930009800 JavaThread "main" [_thread_in_native, id=4326, stack(0x00007f6938621000,0x00007f6938722000)]

Other Threads:
  0x00007f693006a000 VMThread [stack: 0x00007f692cafb000,0x00007f692cbfc000] [id=4331]
  0x00007f69300a3800 WatcherThread [stack: 0x00007f6925ccd000,0x00007f6925dce000] [id=4338]

VM state:not at safepoint (normal execution)

VM Mutex/Monitor currently owned by a thread: None

Heap
 PSYoungGen      total 17920K, used 3930K [0x00000000ec400000, 0x00000000ed800000, 0x0000000100000000)
  eden space 15360K, 8% used [0x00000000ec400000,0x00000000ec556a68,0x00000000ed300000)
  from space 2560K, 100% used [0x00000000ed300000,0x00000000ed580000,0x00000000ed580000)
  to   space 2560K, 0% used [0x00000000ed580000,0x00000000ed580000,0x00000000ed800000)
 ParOldGen       total 40448K, used 840K [0x00000000c4c00000, 0x00000000c7380000, 0x00000000ec400000)
  object space 40448K, 2% used [0x00000000c4c00000,0x00000000c4cd2000,0x00000000c7380000)
 PSPermGen       total 21504K, used 3663K [0x00000000bfa00000, 0x00000000c0f00000, 0x00000000c4c00000)
  object space 21504K, 17% used [0x00000000bfa00000,0x00000000bfd93ed0,0x00000000c0f00000)

Card table byte_map: [0x00007f6935703000,0x00007f6935907000] byte_map_base: 0x00007f6935106000

Polling page: 0x00007f693873e000

Code Cache  [0x00007f692d000000, 0x00007f692d270000, 0x00007f6930000000)
 total_blobs=266 nmethods=58 adapters=162 free_code_cache=48648Kb largest_free_block=49773312

Compilation events (10 events):
Event: 0.887 Thread 0x00007f6930093800   55             java.lang.String::toString (2 bytes)
Event: 0.888 Thread 0x00007f6930093800 nmethod 55 0x00007f692d075150 code [0x00007f692d075280, 0x00007f692d0752d8]
Event: 0.888 Thread 0x00007f6930093800   56             vcube.VCubeTask::getTimestempStatus (5 bytes)
Event: 0.889 Thread 0x00007f6930093800 nmethod 56 0x00007f692d074f50 code [0x00007f692d075080, 0x00007f692d0750d8]
Event: 0.889 Thread 0x00007f6930093800   57             java.util.regex.Pattern$Node::study (21 bytes)
Event: 0.890 Thread 0x00007f6930093800 nmethod 57 0x00007f692d074b90 code [0x00007f692d074ce0, 0x00007f692d074de8]
Event: 0.890 Thread 0x00007f6930093800   58             java.util.regex.Matcher::find (69 bytes)
Event: 0.896 Thread 0x00007f6930093800 nmethod 58 0x00007f692d0743d0 code [0x00007f692d074540, 0x00007f692d074838]
Event: 1.064 Thread 0x00007f6930096800 nmethod 49% 0x00007f692d07e690 code [0x00007f692d07ee20, 0x00007f692d083ba0]
Event: 1.090 Thread 0x00007f6930093800   59 % !         vcube.Node::main @ 73 (1463 bytes)

GC Heap History (2 events):
Event: 1.108 GC heap before
{Heap before GC invocations=1 (full 0):
 PSYoungGen      total 17920K, used 15360K [0x00000000ec400000, 0x00000000ed800000, 0x0000000100000000)
  eden space 15360K, 100% used [0x00000000ec400000,0x00000000ed300000,0x00000000ed300000)
  from space 2560K, 0% used [0x00000000ed580000,0x00000000ed580000,0x00000000ed800000)
  to   space 2560K, 0% used [0x00000000ed300000,0x00000000ed300000,0x00000000ed580000)
 ParOldGen       total 40448K, used 0K [0x00000000c4c00000, 0x00000000c7380000, 0x00000000ec400000)
  object space 40448K, 0% used [0x00000000c4c00000,0x00000000c4c00000,0x00000000c7380000)
 PSPermGen       total 21504K, used 3662K [0x00000000bfa00000, 0x00000000c0f00000, 0x00000000c4c00000)
  object space 21504K, 17% used [0x00000000bfa00000,0x00000000bfd938b8,0x00000000c0f00000)
Event: 1.117 GC heap after
Heap after GC invocations=1 (full 0):
 PSYoungGen      total 17920K, used 2560K [0x00000000ec400000, 0x00000000ed800000, 0x0000000100000000)
  eden space 15360K, 0% used [0x00000000ec400000,0x00000000ec400000,0x00000000ed300000)
  from space 2560K, 100% used [0x00000000ed300000,0x00000000ed580000,0x00000000ed580000)
  to   space 2560K, 0% used [0x00000000ed580000,0x00000000ed580000,0x00000000ed800000)
 ParOldGen       total 40448K, used 840K [0x00000000c4c00000, 0x00000000c7380000, 0x00000000ec400000)
  object space 40448K, 2% used [0x00000000c4c00000,0x00000000c4cd2000,0x00000000c7380000)
 PSPermGen       total 21504K, used 3662K [0x00000000bfa00000, 0x00000000c0f00000, 0x00000000c4c00000)
  object space 21504K, 17% used [0x00000000bfa00000,0x00000000bfd938b8,0x00000000c0f00000)
}

Deoptimization events (0 events):
No events

Internal exceptions (10 events):
Event: 1.103 Thread 0x00007f68d8001000 Threw 0x00000000ed229440 at /HUDSON/workspace/7u-2-build-linux-amd64/jdk7u80/2329/hotspot/src/share/vm/prims/jni.cpp:743
Event: 1.105 Thread 0x00007f68ec001000 Threw 0x00000000ed1cb920 at /HUDSON/workspace/7u-2-build-linux-amd64/jdk7u80/2329/hotspot/src/share/vm/prims/jni.cpp:743
Event: 1.105 Thread 0x00007f68d0001000 Threw 0x00000000ed174980 at /HUDSON/workspace/7u-2-build-linux-amd64/jdk7u80/2329/hotspot/src/share/vm/prims/jni.cpp:743
Event: 1.106 Thread 0x00007f68dc001000 Threw 0x00000000ed207328 at /HUDSON/workspace/7u-2-build-linux-amd64/jdk7u80/2329/hotspot/src/share/vm/prims/jni.cpp:743
Event: 1.106 Thread 0x00007f68e4001000 Threw 0x00000000ed132a50 at /HUDSON/workspace/7u-2-build-linux-amd64/jdk7u80/2329/hotspot/src/share/vm/prims/jni.cpp:743
Event: 1.106 Thread 0x00007f68e0001000 Threw 0x00000000ed2740e0 at /HUDSON/workspace/7u-2-build-linux-amd64/jdk7u80/2329/hotspot/src/share/vm/prims/jni.cpp:743
Event: 1.106 Thread 0x00007f68e8001000 Threw 0x00000000ed2bf598 at /HUDSON/workspace/7u-2-build-linux-amd64/jdk7u80/2329/hotspot/src/share/vm/prims/jni.cpp:743
Event: 1.106 Thread 0x00007f68d8001000 Threw 0x00000000ed22a878 at /HUDSON/workspace/7u-2-build-linux-amd64/jdk7u80/2329/hotspot/src/share/vm/prims/jni.cpp:743
Event: 1.107 Thread 0x00007f68ec001000 Threw 0x00000000ed1cd758 at /HUDSON/workspace/7u-2-build-linux-amd64/jdk7u80/2329/hotspot/src/share/vm/prims/jni.cpp:743
Event: 1.118 Thread 0x00007f68d0001000 Threw 0x00000000ec42c8f8 at /HUDSON/workspace/7u-2-build-linux-amd64/jdk7u80/2329/hotspot/src/share/vm/prims/jni.cpp:743

Events (10 events):
Event: 0.199 loading class 0x00007f68ec0067b0
Event: 0.199 loading class 0x00007f68ec0067b0 done
Event: 0.200 loading class 0x00007f6934f435c0
Event: 0.200 loading class 0x00007f6934f435c0 done
Event: 0.200 loading class 0x00007f6930115f50
Event: 0.200 loading class 0x00007f6934f3bc90
Event: 0.200 loading class 0x00007f6934f3bc90 done
Event: 0.200 loading class 0x00007f6930115f50 done
Event: 1.107 Executing VM operation: ParallelGCFailedAllocation
Event: 1.117 Executing VM operation: ParallelGCFailedAllocation done


Dynamic libraries:
00400000-00401000 r-xp 00000000 08:07 663942                             /home/elixandre/jdk1.7.0_80/bin/java
00600000-00601000 rw-p 00000000 08:07 663942                             /home/elixandre/jdk1.7.0_80/bin/java
016bd000-016de000 rw-p 00000000 00:00 0                                  [heap]
bfa00000-c0f00000 rw-p 00000000 00:00 0 
c0f00000-c4c00000 rw-p 00000000 00:00 0 
c4c00000-c7380000 rw-p 00000000 00:00 0 
c7380000-ec400000 rw-p 00000000 00:00 0 
ec400000-ed800000 rw-p 00000000 00:00 0 
ed800000-100000000 rw-p 00000000 00:00 0 
7f68d0000000-7f68d032f000 rw-p 00000000 00:00 0 
7f68d032f000-7f68d4000000 ---p 00000000 00:00 0 
7f68d8000000-7f68d8209000 rw-p 00000000 00:00 0 
7f68d8209000-7f68dc000000 ---p 00000000 00:00 0 
7f68dc000000-7f68dc2d0000 rw-p 00000000 00:00 0 
7f68dc2d0000-7f68e0000000 ---p 00000000 00:00 0 
7f68e0000000-7f68e0209000 rw-p 00000000 00:00 0 
7f68e0209000-7f68e4000000 ---p 00000000 00:00 0 
7f68e4000000-7f68e426d000 rw-p 00000000 00:00 0 
7f68e426d000-7f68e8000000 ---p 00000000 00:00 0 
7f68e8000000-7f68e8207000 rw-p 00000000 00:00 0 
7f68e8207000-7f68ec000000 ---p 00000000 00:00 0 
7f68ec000000-7f68ec39e000 rw-p 00000000 00:00 0 
7f68ec39e000-7f68f0000000 ---p 00000000 00:00 0 
7f68f0000000-7f68f0022000 rw-p 00000000 00:00 0 
7f68f0022000-7f68f4000000 ---p 00000000 00:00 0 
7f68f468c000-7f68f47f9000 rw-p 00000000 00:00 0 
7f68f47f9000-7f68f47fc000 ---p 00000000 00:00 0 
7f68f47fc000-7f68f4ffa000 rw-p 00000000 00:00 0 
7f68f4ffa000-7f68f4ffd000 ---p 00000000 00:00 0 
7f68f4ffd000-7f68f57fb000 rw-p 00000000 00:00 0 
7f68f57fb000-7f68f57fe000 ---p 00000000 00:00 0 
7f68f57fe000-7f68f5ffc000 rw-p 00000000 00:00 0 
7f68f5ffc000-7f68f5fff000 ---p 00000000 00:00 0 
7f68f5fff000-7f68f67fd000 rw-p 00000000 00:00 0 
7f68f67fd000-7f68f6800000 ---p 00000000 00:00 0 
7f68f6800000-7f68f6ffe000 rw-p 00000000 00:00 0 
7f68f6ffe000-7f68f7001000 ---p 00000000 00:00 0 
7f68f7001000-7f68f77ff000 rw-p 00000000 00:00 0 
7f68f77ff000-7f68f7802000 ---p 00000000 00:00 0 
7f68f7802000-7f68f8000000 rw-p 00000000 00:00 0 
7f68f8000000-7f68f8021000 rw-p 00000000 00:00 0 
7f68f8021000-7f68fc000000 ---p 00000000 00:00 0 
7f68fc000000-7f68fc021000 rw-p 00000000 00:00 0 
7f68fc021000-7f6900000000 ---p 00000000 00:00 0 
7f6900000000-7f6900252000 rw-p 00000000 00:00 0 
7f6900252000-7f6904000000 ---p 00000000 00:00 0 
7f6904000000-7f6904afa000 rw-p 00000000 00:00 0 
7f6904afa000-7f6908000000 ---p 00000000 00:00 0 
7f6908000000-7f69080ea000 rw-p 00000000 00:00 0 
7f69080ea000-7f690c000000 ---p 00000000 00:00 0 
7f690c000000-7f690c021000 rw-p 00000000 00:00 0 
7f690c021000-7f6910000000 ---p 00000000 00:00 0 
7f6910000000-7f6910021000 rw-p 00000000 00:00 0 
7f6910021000-7f6914000000 ---p 00000000 00:00 0 
7f6914000000-7f6914021000 rw-p 00000000 00:00 0 
7f6914021000-7f6918000000 ---p 00000000 00:00 0 
7f6918000000-7f6918021000 rw-p 00000000 00:00 0 
7f6918021000-7f691c000000 ---p 00000000 00:00 0 
7f691c000000-7f691c021000 rw-p 00000000 00:00 0 
7f691c021000-7f6920000000 ---p 00000000 00:00 0 
7f6920000000-7f6920021000 rw-p 00000000 00:00 0 
7f6920021000-7f6924000000 ---p 00000000 00:00 0 
7f69240e9000-7f69240ec000 ---p 00000000 00:00 0 
7f69240ec000-7f69248ea000 rw-p 00000000 00:00 0 
7f69248ea000-7f6924902000 r-xp 00000000 08:07 544729                     /tmp/simgrid-java6918841156912140461/libsimgrid-java.so
7f6924902000-7f6924b02000 ---p 00018000 08:07 544729                     /tmp/simgrid-java6918841156912140461/libsimgrid-java.so
7f6924b02000-7f6924b03000 rw-p 00018000 08:07 544729                     /tmp/simgrid-java6918841156912140461/libsimgrid-java.so
7f6924b03000-7f6924b19000 r-xp 00000000 08:07 528568                     /lib/x86_64-linux-gnu/libgcc_s.so.1
7f6924b19000-7f6924d18000 ---p 00016000 08:07 528568                     /lib/x86_64-linux-gnu/libgcc_s.so.1
7f6924d18000-7f6924d19000 r--p 00015000 08:07 528568                     /lib/x86_64-linux-gnu/libgcc_s.so.1
7f6924d19000-7f6924d1a000 rw-p 00016000 08:07 528568                     /lib/x86_64-linux-gnu/libgcc_s.so.1
7f6924d1a000-7f6924e8d000 r-xp 00000000 08:07 1059329                    /usr/lib/x86_64-linux-gnu/libstdc++.so.6.0.21
7f6924e8d000-7f692508c000 ---p 00173000 08:07 1059329                    /usr/lib/x86_64-linux-gnu/libstdc++.so.6.0.21
7f692508c000-7f6925096000 r--p 00172000 08:07 1059329                    /usr/lib/x86_64-linux-gnu/libstdc++.so.6.0.21
7f6925096000-7f6925098000 rw-p 0017c000 08:07 1059329                    /usr/lib/x86_64-linux-gnu/libstdc++.so.6.0.21
7f6925098000-7f692509c000 rw-p 00000000 00:00 0 
7f692509c000-7f6925361000 r-xp 00000000 08:07 544723                     /tmp/simgrid-java6918841156912140461/libsimgrid.so
7f6925361000-7f6925561000 ---p 002c5000 08:07 544723                     /tmp/simgrid-java6918841156912140461/libsimgrid.so
7f6925561000-7f692559c000 rw-p 002c5000 08:07 544723                     /tmp/simgrid-java6918841156912140461/libsimgrid.so
7f692559c000-7f69258a5000 rw-p 00000000 00:00 0 
7f69258a5000-7f69258bc000 r-xp 00000000 08:07 663689                     /home/elixandre/jdk1.7.0_80/jre/lib/amd64/libnet.so
7f69258bc000-7f6925abb000 ---p 00017000 08:07 663689                     /home/elixandre/jdk1.7.0_80/jre/lib/amd64/libnet.so
7f6925abb000-7f6925abc000 rw-p 00016000 08:07 663689                     /home/elixandre/jdk1.7.0_80/jre/lib/amd64/libnet.so
7f6925abc000-7f6925acc000 r-xp 00000000 08:07 663688                     /home/elixandre/jdk1.7.0_80/jre/lib/amd64/libnio.so
7f6925acc000-7f6925ccc000 ---p 00010000 08:07 663688                     /home/elixandre/jdk1.7.0_80/jre/lib/amd64/libnio.so
7f6925ccc000-7f6925ccd000 rw-p 00010000 08:07 663688                     /home/elixandre/jdk1.7.0_80/jre/lib/amd64/libnio.so
7f6925ccd000-7f6925cce000 ---p 00000000 00:00 0 
7f6925cce000-7f6925dce000 rw-p 00000000 00:00 0 
7f6925dce000-7f6925dd1000 ---p 00000000 00:00 0 
7f6925dd1000-7f6925ecf000 rw-p 00000000 00:00 0 
7f6925ecf000-7f6925ed2000 ---p 00000000 00:00 0 
7f6925ed2000-7f6928000000 rw-p 00000000 00:00 0 
7f6928000000-7f6928021000 rw-p 00000000 00:00 0 
7f6928021000-7f692c000000 ---p 00000000 00:00 0 
7f692c014000-7f692c017000 ---p 00000000 00:00 0 
7f692c017000-7f692c115000 rw-p 00000000 00:00 0 
7f692c115000-7f692c118000 ---p 00000000 00:00 0 
7f692c118000-7f692c216000 rw-p 00000000 00:00 0 
7f692c216000-7f692c8f9000 r--p 00000000 08:07 1055607                    /usr/lib/locale/locale-archive
7f692c8f9000-7f692c8fc000 ---p 00000000 00:00 0 
7f692c8fc000-7f692c9fa000 rw-p 00000000 00:00 0 
7f692c9fa000-7f692c9fd000 ---p 00000000 00:00 0 
7f692c9fd000-7f692cafb000 rw-p 00000000 00:00 0 
7f692cafb000-7f692cafc000 ---p 00000000 00:00 0 
7f692cafc000-7f692d000000 rw-p 00000000 00:00 0 
7f692d000000-7f692d270000 rwxp 00000000 00:00 0 
7f692d270000-7f693044f000 rw-p 00000000 00:00 0 
7f693044f000-7f6934000000 ---p 00000000 00:00 0 
7f69340e3000-7f6934cde000 rw-p 00000000 00:00 0 
7f6934cde000-7f6934e9e000 r--s 039fb000 08:07 663892                     /home/elixandre/jdk1.7.0_80/jre/lib/rt.jar
7f6934e9e000-7f693519a000 rw-p 00000000 00:00 0 
7f693519a000-7f693519b000 ---p 00000000 00:00 0 
7f693519b000-7f693529b000 rw-p 00000000 00:00 0 
7f693529b000-7f693529c000 ---p 00000000 00:00 0 
7f693529c000-7f693539c000 rw-p 00000000 00:00 0 
7f693539c000-7f693539d000 ---p 00000000 00:00 0 
7f693539d000-7f693549d000 rw-p 00000000 00:00 0 
7f693549d000-7f693549e000 ---p 00000000 00:00 0 
7f693549e000-7f69355a9000 rw-p 00000000 00:00 0 
7f69355a9000-7f69355c7000 rw-p 00000000 00:00 0 
7f69355c7000-7f69355db000 rw-p 00000000 00:00 0 
7f69355db000-7f6935703000 rw-p 00000000 00:00 0 
7f6935703000-7f693570e000 rw-p 00000000 00:00 0 
7f693570e000-7f693572c000 rw-p 00000000 00:00 0 
7f693572c000-7f6935740000 rw-p 00000000 00:00 0 
7f6935740000-7f6935868000 rw-p 00000000 00:00 0 
7f6935868000-7f6935872000 rw-p 00000000 00:00 0 
7f6935872000-7f6935906000 rw-p 00000000 00:00 0 
7f6935906000-7f6935907000 rw-p 00000000 00:00 0 
7f6935907000-7f693591e000 r-xp 00000000 08:07 663687                     /home/elixandre/jdk1.7.0_80/jre/lib/amd64/libzip.so
7f693591e000-7f6935b1e000 ---p 00017000 08:07 663687                     /home/elixandre/jdk1.7.0_80/jre/lib/amd64/libzip.so
7f6935b1e000-7f6935b1f000 rw-p 00017000 08:07 663687                     /home/elixandre/jdk1.7.0_80/jre/lib/amd64/libzip.so
7f6935b1f000-7f6935b29000 r-xp 00000000 08:07 529521                     /lib/x86_64-linux-gnu/libnss_files-2.21.so
7f6935b29000-7f6935d29000 ---p 0000a000 08:07 529521                     /lib/x86_64-linux-gnu/libnss_files-2.21.so
7f6935d29000-7f6935d2a000 r--p 0000a000 08:07 529521                     /lib/x86_64-linux-gnu/libnss_files-2.21.so
7f6935d2a000-7f6935d2b000 rw-p 0000b000 08:07 529521                     /lib/x86_64-linux-gnu/libnss_files-2.21.so
7f6935d2b000-7f6935d36000 r-xp 00000000 08:07 529535                     /lib/x86_64-linux-gnu/libnss_nis-2.21.so
7f6935d36000-7f6935f35000 ---p 0000b000 08:07 529535                     /lib/x86_64-linux-gnu/libnss_nis-2.21.so
7f6935f35000-7f6935f36000 r--p 0000a000 08:07 529535                     /lib/x86_64-linux-gnu/libnss_nis-2.21.so
7f6935f36000-7f6935f37000 rw-p 0000b000 08:07 529535                     /lib/x86_64-linux-gnu/libnss_nis-2.21.so
7f6935f37000-7f6935f4e000 r-xp 00000000 08:07 529538                     /lib/x86_64-linux-gnu/libnsl-2.21.so
7f6935f4e000-7f693614d000 ---p 00017000 08:07 529538                     /lib/x86_64-linux-gnu/libnsl-2.21.so
7f693614d000-7f693614e000 r--p 00016000 08:07 529538                     /lib/x86_64-linux-gnu/libnsl-2.21.so
7f693614e000-7f693614f000 rw-p 00017000 08:07 529538                     /lib/x86_64-linux-gnu/libnsl-2.21.so
7f693614f000-7f6936151000 rw-p 00000000 00:00 0 
7f6936151000-7f6936159000 r-xp 00000000 08:07 529523                     /lib/x86_64-linux-gnu/libnss_compat-2.21.so
7f6936159000-7f6936358000 ---p 00008000 08:07 529523                     /lib/x86_64-linux-gnu/libnss_compat-2.21.so
7f6936358000-7f6936359000 r--p 00007000 08:07 529523                     /lib/x86_64-linux-gnu/libnss_compat-2.21.so
7f6936359000-7f693635a000 rw-p 00008000 08:07 529523                     /lib/x86_64-linux-gnu/libnss_compat-2.21.so
7f693635a000-7f6936383000 r-xp 00000000 08:07 663623                     /home/elixandre/jdk1.7.0_80/jre/lib/amd64/libjava.so
7f6936383000-7f6936583000 ---p 00029000 08:07 663623                     /home/elixandre/jdk1.7.0_80/jre/lib/amd64/libjava.so
7f6936583000-7f6936585000 rw-p 00029000 08:07 663623                     /home/elixandre/jdk1.7.0_80/jre/lib/amd64/libjava.so
7f6936585000-7f6936592000 r-xp 00000000 08:07 663501                     /home/elixandre/jdk1.7.0_80/jre/lib/amd64/libverify.so
7f6936592000-7f6936791000 ---p 0000d000 08:07 663501                     /home/elixandre/jdk1.7.0_80/jre/lib/amd64/libverify.so
7f6936791000-7f6936793000 rw-p 0000c000 08:07 663501                     /home/elixandre/jdk1.7.0_80/jre/lib/amd64/libverify.so
7f6936793000-7f693679a000 r-xp 00000000 08:07 529522                     /lib/x86_64-linux-gnu/librt-2.21.so
7f693679a000-7f6936999000 ---p 00007000 08:07 529522                     /lib/x86_64-linux-gnu/librt-2.21.so
7f6936999000-7f693699a000 r--p 00006000 08:07 529522                     /lib/x86_64-linux-gnu/librt-2.21.so
7f693699a000-7f693699b000 rw-p 00007000 08:07 529522                     /lib/x86_64-linux-gnu/librt-2.21.so
7f693699b000-7f6936aa2000 r-xp 00000000 08:07 529524                     /lib/x86_64-linux-gnu/libm-2.21.so
7f6936aa2000-7f6936ca1000 ---p 00107000 08:07 529524                     /lib/x86_64-linux-gnu/libm-2.21.so
7f6936ca1000-7f6936ca2000 r--p 00106000 08:07 529524                     /lib/x86_64-linux-gnu/libm-2.21.so
7f6936ca2000-7f6936ca3000 rw-p 00107000 08:07 529524                     /lib/x86_64-linux-gnu/libm-2.21.so
7f6936ca3000-7f6937819000 r-xp 00000000 08:07 663273                     /home/elixandre/jdk1.7.0_80/jre/lib/amd64/server/libjvm.so
7f6937819000-7f6937a18000 ---p 00b76000 08:07 663273                     /home/elixandre/jdk1.7.0_80/jre/lib/amd64/server/libjvm.so
7f6937a18000-7f6937adc000 rw-p 00b75000 08:07 663273                     /home/elixandre/jdk1.7.0_80/jre/lib/amd64/server/libjvm.so
7f6937adc000-7f6937b1d000 rw-p 00000000 00:00 0 
7f6937b1d000-7f6937cdd000 r-xp 00000000 08:07 529541                     /lib/x86_64-linux-gnu/libc-2.21.so
7f6937cdd000-7f6937edd000 ---p 001c0000 08:07 529541                     /lib/x86_64-linux-gnu/libc-2.21.so
7f6937edd000-7f6937ee1000 r--p 001c0000 08:07 529541                     /lib/x86_64-linux-gnu/libc-2.21.so
7f6937ee1000-7f6937ee3000 rw-p 001c4000 08:07 529541                     /lib/x86_64-linux-gnu/libc-2.21.so
7f6937ee3000-7f6937ee7000 rw-p 00000000 00:00 0 
7f6937ee7000-7f6937eea000 r-xp 00000000 08:07 529528                     /lib/x86_64-linux-gnu/libdl-2.21.so
7f6937eea000-7f69380e9000 ---p 00003000 08:07 529528                     /lib/x86_64-linux-gnu/libdl-2.21.so
7f69380e9000-7f69380ea000 r--p 00002000 08:07 529528                     /lib/x86_64-linux-gnu/libdl-2.21.so
7f69380ea000-7f69380eb000 rw-p 00003000 08:07 529528                     /lib/x86_64-linux-gnu/libdl-2.21.so
7f69380eb000-7f6938100000 r-xp 00000000 08:07 663695                     /home/elixandre/jdk1.7.0_80/lib/amd64/jli/libjli.so
7f6938100000-7f69382ff000 ---p 00015000 08:07 663695                     /home/elixandre/jdk1.7.0_80/lib/amd64/jli/libjli.so
7f69382ff000-7f6938300000 rw-p 00014000 08:07 663695                     /home/elixandre/jdk1.7.0_80/lib/amd64/jli/libjli.so
7f6938300000-7f6938318000 r-xp 00000000 08:07 529525                     /lib/x86_64-linux-gnu/libpthread-2.21.so
7f6938318000-7f6938518000 ---p 00018000 08:07 529525                     /lib/x86_64-linux-gnu/libpthread-2.21.so
7f6938518000-7f6938519000 r--p 00018000 08:07 529525                     /lib/x86_64-linux-gnu/libpthread-2.21.so
7f6938519000-7f693851a000 rw-p 00019000 08:07 529525                     /lib/x86_64-linux-gnu/libpthread-2.21.so
7f693851a000-7f693851e000 rw-p 00000000 00:00 0 
7f693851e000-7f6938542000 r-xp 00000000 08:07 529539                     /lib/x86_64-linux-gnu/ld-2.21.so
7f693854c000-7f693856b000 rw-p 00000000 00:00 0 
7f693856b000-7f6938621000 rw-p 00000000 00:00 0 
7f6938621000-7f6938624000 ---p 00000000 00:00 0 
7f6938624000-7f6938726000 rw-p 00000000 00:00 0 
7f693872d000-7f693872e000 rw-p 00000000 00:00 0 
7f693872e000-7f6938732000 r--s 0008b000 08:07 663627                     /home/elixandre/jdk1.7.0_80/jre/lib/jsse.jar
7f6938732000-7f6938735000 r--s 00f76000 08:07 542783                     /home/elixandre/Downloads/simgrid.jar
7f6938735000-7f693873d000 rw-s 00000000 08:07 807469                     /tmp/hsperfdata_elixandre/4322
7f693873d000-7f693873e000 rw-p 00000000 00:00 0 
7f693873e000-7f693873f000 r--p 00000000 00:00 0 
7f693873f000-7f6938741000 rw-p 00000000 00:00 0 
7f6938741000-7f6938742000 r--p 00023000 08:07 529539                     /lib/x86_64-linux-gnu/ld-2.21.so
7f6938742000-7f6938743000 rw-p 00024000 08:07 529539                     /lib/x86_64-linux-gnu/ld-2.21.so
7f6938743000-7f6938744000 rw-p 00000000 00:00 0 
7ffd67ec1000-7ffd67ee2000 rw-p 00000000 00:00 0                          [stack]
7ffd67f83000-7ffd67f85000 r--p 00000000 00:00 0                          [vvar]
7ffd67f85000-7ffd67f87000 r-xp 00000000 00:00 0                          [vdso]
ffffffffff600000-ffffffffff601000 r-xp 00000000 00:00 0                  [vsyscall]

VM Arguments:
jvm_args: -Dfile.encoding=UTF-8 
java_command: vcube.VCube platform.xml deployment.xml
Launcher Type: SUN_STANDARD

Environment Variables:
PATH=/usr/local/sbin:/usr/local/bin:/usr/sbin:/usr/bin:/sbin:/bin:/usr/games:/usr/local/games:/home/elixandre/.rvm/bin
LD_LIBRARY_PATH=/home/elixandre/jdk1.7.0_80/jre/lib/amd64:/home/elixandre/jdk1.7.0_80/jre/lib/i386:
SHELL=/bin/bash
DISPLAY=:0

Signal Handlers:
SIGSEGV: [libjvm.so+0x9a3b20], sa_mask[0]=0x7ffbfeff, sa_flags=0x10000004
SIGBUS: [libjvm.so+0x9a3b20], sa_mask[0]=0x7ffbfeff, sa_flags=0x10000004
SIGFPE: [libjvm.so+0x81e740], sa_mask[0]=0x7ffbfeff, sa_flags=0x10000004
SIGPIPE: [libjvm.so+0x81e740], sa_mask[0]=0x7ffbfeff, sa_flags=0x10000004
SIGXFSZ: [libjvm.so+0x81e740], sa_mask[0]=0x7ffbfeff, sa_flags=0x10000004
SIGILL: [libjvm.so+0x81e740], sa_mask[0]=0x7ffbfeff, sa_flags=0x10000004
SIGUSR1: SIG_DFL, sa_mask[0]=0x00000000, sa_flags=0x00000000
SIGUSR2: [libjvm.so+0x81ffb0], sa_mask[0]=0x00000004, sa_flags=0x10000004
SIGHUP: [libjvm.so+0x8210d0], sa_mask[0]=0x7ffbfeff, sa_flags=0x10000004
SIGINT: [libsimgrid.so+0x8ff50], sa_mask[0]=0x00000002, sa_flags=0x10000000
SIGTERM: [libjvm.so+0x8210d0], sa_mask[0]=0x7ffbfeff, sa_flags=0x10000004
SIGQUIT: [libjvm.so+0x8210d0], sa_mask[0]=0x7ffbfeff, sa_flags=0x10000004


---------------  S Y S T E M  ---------------

OS:jessie/sid

uname:Linux 4.2.0-42-generic #49-Ubuntu SMP Tue Jun 28 21:26:26 UTC 2016 x86_64
libc:glibc 2.21 NPTL 2.21 
rlimit: STACK 8192k, CORE 0k, NPROC 15009, NOFILE 65536, AS infinity
load average:1.30 0.62 0.41

/proc/meminfo:
MemTotal:        3879128 kB
MemFree:          181860 kB
MemAvailable:    1383712 kB
Buffers:          165004 kB
Cached:          1453660 kB
SwapCached:         1068 kB
Active:          2571516 kB
Inactive:         878808 kB
Active(anon):    1805684 kB
Inactive(anon):   331308 kB
Active(file):     765832 kB
Inactive(file):   547500 kB
Unevictable:          48 kB
Mlocked:              48 kB
SwapTotal:        975868 kB
SwapFree:         974012 kB
Dirty:             12956 kB
Writeback:             0 kB
AnonPages:       1830852 kB
Mapped:           366672 kB
Shmem:            305324 kB
Slab:             147692 kB
SReclaimable:     114908 kB
SUnreclaim:        32784 kB
KernelStack:        9824 kB
PageTables:        36072 kB
NFS_Unstable:          0 kB
Bounce:                0 kB
WritebackTmp:          0 kB
CommitLimit:     2915432 kB
Committed_AS:    6267380 kB
VmallocTotal:   34359738367 kB
VmallocUsed:      347648 kB
VmallocChunk:   34358947836 kB
HardwareCorrupted:     0 kB
AnonHugePages:   1081344 kB
CmaTotal:              0 kB
CmaFree:               0 kB
HugePages_Total:       0
HugePages_Free:        0
HugePages_Rsvd:        0
HugePages_Surp:        0
Hugepagesize:       2048 kB
DirectMap4k:      125688 kB
DirectMap2M:     3901440 kB


CPU:total 4 (2 cores per cpu, 2 threads per core) family 6 model 58 stepping 9, cmov, cx8, fxsr, mmx, sse, sse2, sse3, ssse3, sse4.1, sse4.2, popcnt, avx, erms, ht, tsc, tscinvbit, tscinv

/proc/cpuinfo:
processor	: 0
vendor_id	: GenuineIntel
cpu family	: 6
model		: 58
model name	: Intel(R) Core(TM) i7-3517U CPU @ 1.90GHz
stepping	: 9
microcode	: 0x12
cpu MHz		: 2799.937
cache size	: 4096 KB
physical id	: 0
siblings	: 4
core id		: 0
cpu cores	: 2
apicid		: 0
initial apicid	: 0
fpu		: yes
fpu_exception	: yes
cpuid level	: 13
wp		: yes
flags		: fpu vme de pse tsc msr pae mce cx8 apic sep mtrr pge mca cmov pat pse36 clflush dts acpi mmx fxsr sse sse2 ss ht tm pbe syscall nx rdtscp lm constant_tsc arch_perfmon pebs bts rep_good nopl xtopology nonstop_tsc aperfmperf eagerfpu pni pclmulqdq dtes64 monitor ds_cpl vmx est tm2 ssse3 cx16 xtpr pdcm pcid sse4_1 sse4_2 x2apic popcnt tsc_deadline_timer xsave avx f16c rdrand lahf_lm ida arat epb pln pts dtherm tpr_shadow vnmi flexpriority ept vpid fsgsbase smep erms xsaveopt
bugs		:
bogomips	: 4788.86
clflush size	: 64
cache_alignment	: 64
address sizes	: 36 bits physical, 48 bits virtual
power management:

processor	: 1
vendor_id	: GenuineIntel
cpu family	: 6
model		: 58
model name	: Intel(R) Core(TM) i7-3517U CPU @ 1.90GHz
stepping	: 9
microcode	: 0x12
cpu MHz		: 2799.937
cache size	: 4096 KB
physical id	: 0
siblings	: 4
core id		: 0
cpu cores	: 2
apicid		: 1
initial apicid	: 1
fpu		: yes
fpu_exception	: yes
cpuid level	: 13
wp		: yes
flags		: fpu vme de pse tsc msr pae mce cx8 apic sep mtrr pge mca cmov pat pse36 clflush dts acpi mmx fxsr sse sse2 ss ht tm pbe syscall nx rdtscp lm constant_tsc arch_perfmon pebs bts rep_good nopl xtopology nonstop_tsc aperfmperf eagerfpu pni pclmulqdq dtes64 monitor ds_cpl vmx est tm2 ssse3 cx16 xtpr pdcm pcid sse4_1 sse4_2 x2apic popcnt tsc_deadline_timer xsave avx f16c rdrand lahf_lm ida arat epb pln pts dtherm tpr_shadow vnmi flexpriority ept vpid fsgsbase smep erms xsaveopt
bugs		:
bogomips	: 4788.86
clflush size	: 64
cache_alignment	: 64
address sizes	: 36 bits physical, 48 bits virtual
power management:

processor	: 2
vendor_id	: GenuineIntel
cpu family	: 6
model		: 58
model name	: Intel(R) Core(TM) i7-3517U CPU @ 1.90GHz
stepping	: 9
microcode	: 0x12
cpu MHz		: 2799.937
cache size	: 4096 KB
physical id	: 0
siblings	: 4
core id		: 1
cpu cores	: 2
apicid		: 2
initial apicid	: 2
fpu		: yes
fpu_exception	: yes
cpuid level	: 13
wp		: yes
flags		: fpu vme de pse tsc msr pae mce cx8 apic sep mtrr pge mca cmov pat pse36 clflush dts acpi mmx fxsr sse sse2 ss ht tm pbe syscall nx rdtscp lm constant_tsc arch_perfmon pebs bts rep_good nopl xtopology nonstop_tsc aperfmperf eagerfpu pni pclmulqdq dtes64 monitor ds_cpl vmx est tm2 ssse3 cx16 xtpr pdcm pcid sse4_1 sse4_2 x2apic popcnt tsc_deadline_timer xsave avx f16c rdrand lahf_lm ida arat epb pln pts dtherm tpr_shadow vnmi flexpriority ept vpid fsgsbase smep erms xsaveopt
bugs		:
bogomips	: 4788.86
clflush size	: 64
cache_alignment	: 64
address sizes	: 36 bits physical, 48 bits virtual
power management:

processor	: 3
vendor_id	: GenuineIntel
cpu family	: 6
model		: 58
model name	: Intel(R) Core(TM) i7-3517U CPU @ 1.90GHz
stepping	: 9
microcode	: 0x12
cpu MHz		: 2799.937
cache size	: 4096 KB
physical id	: 0
siblings	: 4
core id		: 1
cpu cores	: 2
apicid		: 3
initial apicid	: 3
fpu		: yes
fpu_exception	: yes
cpuid level	: 13
wp		: yes
flags		: fpu vme de pse tsc msr pae mce cx8 apic sep mtrr pge mca cmov pat pse36 clflush dts acpi mmx fxsr sse sse2 ss ht tm pbe syscall nx rdtscp lm constant_tsc arch_perfmon pebs bts rep_good nopl xtopology nonstop_tsc aperfmperf eagerfpu pni pclmulqdq dtes64 monitor ds_cpl vmx est tm2 ssse3 cx16 xtpr pdcm pcid sse4_1 sse4_2 x2apic popcnt tsc_deadline_timer xsave avx f16c rdrand lahf_lm ida arat epb pln pts dtherm tpr_shadow vnmi flexpriority ept vpid fsgsbase smep erms xsaveopt
bugs		:
bogomips	: 4788.86
clflush size	: 64
cache_alignment	: 64
address sizes	: 36 bits physical, 48 bits virtual
power management:



Memory: 4k page, physical 3879128k(181860k free), swap 975868k(974012k free)

vm_info: Java HotSpot(TM) 64-Bit Server VM (24.80-b11) for linux-amd64 JRE (1.7.0_80-b15), built on Apr 10 2015 19:53:14 by "java_re" with gcc 4.3.0 20080428 (Red Hat 4.3.0-8)

time: Thu May  4 11:11:51 2017
elapsed time: 1 seconds

