#
# A fatal error has been detected by the Java Runtime Environment:
#
#  SIGSEGV (0xb) at pc=0x00007f05b3770263, pid=28331, tid=0x00007f05ea099700
#
# JRE version: Java(TM) SE Runtime Environment (8.0_111-b14) (build 1.8.0_111-b14)
# Java VM: Java HotSpot(TM) 64-Bit Server VM (25.111-b14 mixed mode linux-amd64 compressed oops)
# Problematic frame:
# C  [libsimgrid.so+0x190263]  xbt_dynar_member+0x23
#
# Failed to write core dump. Core dumps have been disabled. To enable core dumping, try "ulimit -c unlimited" before starting Java again
#
# If you would like to submit a bug report, please visit:
#   http://bugreport.java.com/bugreport/crash.jsp
#

---------------  T H R E A D  ---------------

Current thread (0x00007f0604077800):  VMThread [stack: 0x00007f05e9f99000,0x00007f05ea09a000] [id=28340]

siginfo: si_signo: 11 (SIGSEGV), si_code: 1 (SEGV_MAPERR), si_addr: 0x0000000000000000

Registers:
RAX=0x0000000000000000, RBX=0x00007f05b3adc700, RCX=0x00007f05b3ae7790, RDX=0x00007f05ea099a30
RSP=0x00007f05ea098590, RBP=0x00007f0604132800, RSI=0x00007f05ea098738, RDI=0x00007f05ea098650
R8 =0x00007f0604129810, R9 =0x0000000000000001, R10=0x0000000000000c58, R11=0x00007f05b3770240
R12=0x00007f05b3ae7790, R13=0x00007f0604112810, R14=0x00000000000003d8, R15=0x00007f0604026ea8
RIP=0x00007f05b3770263, EFLAGS=0x0000000000010206, CSGSFS=0x0000000000000033, ERR=0x0000000000000004
  TRAPNO=0x000000000000000e

Top of Stack: (sp=0x00007f05ea098590)
0x00007f05ea098590:   0000000000000000 0000000000000000
0x00007f05ea0985a0:   00007f0604129880 00007f05ea098738
0x00007f05ea0985b0:   0000000000000000 0000000000000000
0x00007f05ea0985c0:   406a90ed0af29d25 0000000000000000
0x00007f05ea0985d0:   0000000000000000 0000000000000000
0x00007f05ea0985e0:   406a90ed0af29d25 0000000000000000
0x00007f05ea0985f0:   0000000000000000 0000000000000000
0x00007f05ea098600:   0000ff00000000ff 00000000ff000000
0x00007f05ea098610:   0000000000000000 0000000000000000
0x00007f05ea098620:   0000000000000000 0000000000000000
0x00007f05ea098630:   0000000000000000 0000000000000000
0x00007f05ea098640:   0000000042c80000 0000000000000000
0x00007f05ea098650:   0000000000000000 0000000000000000
0x00007f05ea098660:   0000000100000001 0000000100000001
0x00007f05ea098670:   0000000000000000 0000000000000000
0x00007f05ea098680:   00007f05b3aa7400 00007f06041389e0
0x00007f05ea098690:   00007f0604112810 00007f05b3766a0a
0x00007f05ea0986a0:   00007f06044dd610 00007f05b3aa7400
0x00007f05ea0986b0:   00007f06041389e0 00007f05b378d1a7
0x00007f05ea0986c0:   00007f0604208800 00007f05b3ae7790
0x00007f05ea0986d0:   00007f0604129810 00007f05ea098738
0x00007f05ea0986e0:   00007f0604129880 00007f0604129810
0x00007f05ea0986f0:   0000000000000001 00007f05b3adfa98
0x00007f05ea098700:   00007f06042c1920 00007f0604132800
0x00007f05ea098710:   00007f05b3adc700 00007f0604110d00
0x00007f05ea098720:   00007f05b3adc700 00007f05b378d34f
0x00007f05ea098730:   0000000000000000 00007f06041389e0
0x00007f05ea098740:   0000000100000001 0000000100000001
0x00007f05ea098750:   0000000000000000 00007f05b3adfa98
0x00007f05ea098760:   00007f060412ba70 0000000000000001
0x00007f05ea098770:   00007f0604112810 00007f05b376ed37
0x00007f05ea098780:   00007f0604112810 00007f05b3adf098 

Instructions: (pc=0x00007f05b3770263)
0x00007f05b3770243:   ec 90 01 00 00 48 8b 05 01 a2 33 00 48 89 7c 24
0x00007f05b3770253:   10 48 89 74 24 18 ff 10 48 8d bc 24 c0 00 00 00
0x00007f05b3770263:   48 8b 08 48 89 04 24 48 89 38 48 89 4c 24 08 e8
0x00007f05b3770273:   79 31 ed ff 85 c0 74 75 48 8b 14 24 c7 42 08 01 

Register to memory mapping:

RAX=0x0000000000000000 is an unknown value
RBX=0x00007f05b3adc700: _simgrid_log_category__simix_process+0 in /tmp/simgrid-java6207318276550926727/libsimgrid.so at 0x00007f05b35e0000
RCX=0x00007f05b3ae7790: simix_global+0 in /tmp/simgrid-java6207318276550926727/libsimgrid.so at 0x00007f05b35e0000
RDX=0x00007f05ea099a30 is an unknown value
RSP=0x00007f05ea098590 is an unknown value
RBP=0x00007f0604132800 is an unknown value
RSI=0x00007f05ea098738 is an unknown value
RDI=0x00007f05ea098650 is an unknown value
R8 =0x00007f0604129810 is an unknown value
R9 =0x0000000000000001 is an unknown value
R10=0x0000000000000c58 is an unknown value
R11=0x00007f05b3770240: xbt_dynar_member+0 in /tmp/simgrid-java6207318276550926727/libsimgrid.so at 0x00007f05b35e0000
R12=0x00007f05b3ae7790: simix_global+0 in /tmp/simgrid-java6207318276550926727/libsimgrid.so at 0x00007f05b35e0000
R13=0x00007f0604112810 is an unknown value
R14=0x00000000000003d8 is an unknown value
R15=0x00007f0604026ea8 is an unknown value


Stack: [0x00007f05e9f99000,0x00007f05ea09a000],  sp=0x00007f05ea098590,  free space=1021k
Native frames: (J=compiled Java code, j=interpreted, Vv=VM code, C=native code)
C  [libsimgrid.so+0x190263]  xbt_dynar_member+0x23

VM_Operation (0x00007f05e812c450): Exit, mode: safepoint, requested by thread 0x00007f05c41aa800


---------------  P R O C E S S  ---------------

Java Threads: ( => current thread )
  0x00007f05c41aa800 JavaThread "SIGTERM handler" daemon [_thread_blocked, id=28415, stack(0x00007f05e802d000,0x00007f05e812e000)]
  0x00007f058c034000 JavaThread "Thread-47" [_thread_in_native, id=28392, stack(0x00007f0556fee000,0x00007f05577ef000)]
  0x00007f0588032800 JavaThread "Thread-50" [_thread_in_native, id=28406, stack(0x00007f054ffe0000,0x00007f05507e1000)]
  0x00007f0560031000 JavaThread "Thread-51" [_thread_in_native, id=28389, stack(0x00007f05587f1000,0x00007f0558ff2000)]
  0x00007f0604505000 JavaThread "Thread-52" [_thread_in_native, id=28387, stack(0x00007f05597f3000,0x00007f0559ff4000)]
  0x00007f056c032800 JavaThread "Thread-55" [_thread_in_native, id=28402, stack(0x00007f0551fe4000,0x00007f05527e5000)]
  0x00007f0580033000 JavaThread "Thread-57" [_thread_in_native, id=28404, stack(0x00007f0550fe2000,0x00007f05517e3000)]
  0x00007f05a0033000 JavaThread "Thread-49" [_thread_in_native, id=28394, stack(0x00007f0555fec000,0x00007f05567ed000)]
  0x00007f0594034000 JavaThread "Thread-54" [_thread_in_native, id=28393, stack(0x00007f05567ed000,0x00007f0556fee000)]
  0x00007f0590033800 JavaThread "Thread-62" [_thread_in_native, id=28391, stack(0x00007f05577ef000,0x00007f0557ff0000)]
  0x00007f0570032000 JavaThread "Thread-60" [_thread_in_native, id=28401, stack(0x00007f05527e5000,0x00007f0552fe6000)]
  0x00007f057c031800 JavaThread "Thread-63" [_thread_in_native, id=28405, stack(0x00007f05507e1000,0x00007f0550fe2000)]
  0x00007f059c034800 JavaThread "Thread-56" [_thread_in_native, id=28395, stack(0x00007f05557eb000,0x00007f0555fec000)]
  0x00007f0574034800 JavaThread "Thread-53" [_thread_in_native, id=28403, stack(0x00007f05517e3000,0x00007f0551fe4000)]
  0x00007f05d4001000 JavaThread "Thread-48" [_thread_in_native, id=28383, stack(0x00007f055b7f7000,0x00007f055bff8000)]
  0x00007f05e0001000 JavaThread "Thread-44" [_thread_in_native, id=28384, stack(0x00007f055aff6000,0x00007f055b7f7000)]
  0x00007f0568031800 JavaThread "Thread-43" [_thread_in_native, id=28390, stack(0x00007f0557ff0000,0x00007f05587f1000)]
  0x00007f05dc001000 JavaThread "Thread-64" [_thread_in_native, id=28385, stack(0x00007f055a7f5000,0x00007f055aff6000)]
  0x00007f05e4001000 JavaThread "Thread-59" [_thread_in_native, id=28386, stack(0x00007f0559ff4000,0x00007f055a7f5000)]
  0x0000000001c5c000 JavaThread "Thread-58" [_thread_in_native, id=28388, stack(0x00007f0558ff2000,0x00007f05597f3000)]
  0x00007f0584032800 JavaThread "Thread-46" [_thread_in_native, id=28407, stack(0x00007f054f7df000,0x00007f054ffe0000)]
  0x00007f05d8001000 JavaThread "Thread-61" [_thread_in_native, id=28382, stack(0x00007f055bff8000,0x00007f055c7f9000)]
  0x00007f05cc006800 JavaThread "Thread-41" [_thread_in_native, id=28381, stack(0x00007f055c7f9000,0x00007f055cffa000)]
  0x00007f05b4001000 JavaThread "Thread-38" [_thread_in_native, id=28396, stack(0x00007f0554fea000,0x00007f05557eb000)]
  0x00007f05c4001000 JavaThread "Thread-45" [_thread_in_native, id=28399, stack(0x00007f05537e7000,0x00007f0553fe8000)]
  0x00007f05d0001000 JavaThread "Thread-39" [_thread_in_native, id=28400, stack(0x00007f0552fe6000,0x00007f05537e7000)]
  0x00007f05c014d000 JavaThread "Thread-37" [_thread_in_native, id=28397, stack(0x00007f05547e9000,0x00007f0554fea000)]
  0x00007f05bc040800 JavaThread "Thread-40" [_thread_in_native, id=28409, stack(0x00007f054e7dd000,0x00007f054efde000)]
  0x00007f05c8097000 JavaThread "Thread-42" [_thread_in_native, id=28398, stack(0x00007f0553fe8000,0x00007f05547e9000)]
  0x00007f05b8001000 JavaThread "Thread-36" [_thread_in_native, id=28408, stack(0x00007f054efde000,0x00007f054f7df000)]
  0x00007f05ac032000 JavaThread "Thread-35" [_thread_in_native, id=28410, stack(0x00007f054dfdc000,0x00007f054e7dd000)]
  0x00007f05a4022000 JavaThread "Thread-34" [_thread_in_native, id=28411, stack(0x00007f054d7db000,0x00007f054dfdc000)]
  0x00007f05a8017800 JavaThread "Thread-33" [_thread_in_native, id=28412, stack(0x00007f054cfda000,0x00007f054d7db000)]
  0x00007f059c013800 JavaThread "Thread-32" [_thread_in_native, id=28380, stack(0x00007f055cffa000,0x00007f055d7fb000)]
  0x00007f0594013800 JavaThread "Thread-31" [_thread_in_native, id=28378, stack(0x00007f055dffc000,0x00007f055e7fd000)]
  0x00007f05a0012800 JavaThread "Thread-27" [_thread_in_native, id=28379, stack(0x00007f055d7fb000,0x00007f055dffc000)]
  0x00007f058c014000 JavaThread "Thread-26" [_thread_in_native, id=28377, stack(0x00007f055e7fd000,0x00007f055effe000)]
  0x00007f0590013800 JavaThread "Thread-28" [_thread_blocked, id=28376, stack(0x00007f055effe000,0x00007f055f7ff000)]
  0x00007f0584012800 JavaThread "Thread-25" [_thread_in_native, id=28375, stack(0x00007f055f7ff000,0x00007f0560000000)]
  0x00007f0588013800 JavaThread "Thread-23" [_thread_in_native, id=28374, stack(0x00007f05647f9000,0x00007f0564ffa000)]
  0x00007f056c014800 JavaThread "Thread-30" [_thread_in_native, id=28370, stack(0x00007f05667fd000,0x00007f0566ffe000)]
  0x00007f057c013800 JavaThread "Thread-24" [_thread_in_native, id=28373, stack(0x00007f0564ffa000,0x00007f05657fb000)]
  0x00007f0580014000 JavaThread "Thread-29" [_thread_in_native, id=28372, stack(0x00007f05657fb000,0x00007f0565ffc000)]
  0x00007f0574015000 JavaThread "Thread-21" [_thread_in_native, id=28371, stack(0x00007f0565ffc000,0x00007f05667fd000)]
  0x00007f0570014800 JavaThread "Thread-22" [_thread_in_native, id=28369, stack(0x00007f0566ffe000,0x00007f05677ff000)]
  0x00007f0568014000 JavaThread "Thread-20" [_thread_in_native, id=28367, stack(0x00007f05787f9000,0x00007f0578ffa000)]
  0x00007f0560002800 JavaThread "Thread-18" [_thread_in_native, id=28368, stack(0x00007f05677ff000,0x00007f0568000000)]
  0x0000000001c44800 JavaThread "Thread-19" [_thread_in_native, id=28366, stack(0x00007f0578ffa000,0x00007f05797fb000)]
  0x00007f0560001000 JavaThread "Thread-17" [_thread_in_native, id=28365, stack(0x00007f05797fb000,0x00007f0579ffc000)]
  0x00007f0568001000 JavaThread "Thread-16" [_thread_in_native, id=28361, stack(0x00007f057b7ff000,0x00007f057c000000)]
  0x00007f0570001000 JavaThread "Thread-15" [_thread_in_native, id=28362, stack(0x00007f057affe000,0x00007f057b7ff000)]
  0x00007f056c001000 JavaThread "Thread-14" [_thread_in_native, id=28363, stack(0x00007f057a7fd000,0x00007f057affe000)]
  0x00007f0574001000 JavaThread "Thread-13" [_thread_in_native, id=28364, stack(0x00007f0579ffc000,0x00007f057a7fd000)]
  0x00007f0580001000 JavaThread "Thread-11" [_thread_in_native, id=28360, stack(0x00007f05987f9000,0x00007f0598ffa000)]
  0x00007f057c001000 JavaThread "Thread-12" [_thread_in_native, id=28359, stack(0x00007f0598ffa000,0x00007f05997fb000)]
  0x00007f0588001000 JavaThread "Thread-10" [_thread_in_native, id=28358, stack(0x00007f05997fb000,0x00007f0599ffc000)]
  0x00007f0584001000 JavaThread "Thread-9" [_thread_in_native, id=28357, stack(0x00007f0599ffc000,0x00007f059a7fd000)]
  0x00007f0590001000 JavaThread "Thread-8" [_thread_in_native, id=28354, stack(0x00007f059b7ff000,0x00007f059c000000)]
  0x00007f058c001000 JavaThread "Thread-7" [_thread_in_native, id=28356, stack(0x00007f059a7fd000,0x00007f059affe000)]
  0x00007f0594001000 JavaThread "Thread-6" [_thread_in_native, id=28355, stack(0x00007f059affe000,0x00007f059b7ff000)]
  0x00007f05a0001000 JavaThread "Thread-5" [_thread_in_native, id=28353, stack(0x00007f05b062a000,0x00007f05b0e2b000)]
  0x00007f059c001000 JavaThread "Thread-4" [_thread_in_native, id=28352, stack(0x00007f05b0e2b000,0x00007f05b162c000)]
  0x00007f05a8001000 JavaThread "Thread-3" [_thread_in_native, id=28351, stack(0x00007f05b162c000,0x00007f05b1e2d000)]
  0x00007f05a4001000 JavaThread "Thread-2" [_thread_in_native, id=28350, stack(0x00007f05b1e2d000,0x00007f05b262e000)]
  0x00007f05ac001000 JavaThread "Thread-1" [_thread_in_native, id=28349, stack(0x00007f05b262e000,0x00007f05b2e2f000)]
  0x00007f06040c0000 JavaThread "Service Thread" daemon [_thread_blocked, id=28347, stack(0x00007f05e8440000,0x00007f05e8541000)]
  0x00007f06040bd000 JavaThread "C1 CompilerThread2" daemon [_thread_blocked, id=28346, stack(0x00007f05e8541000,0x00007f05e8642000)]
  0x00007f06040bb000 JavaThread "C2 CompilerThread1" daemon [_thread_blocked, id=28345, stack(0x00007f05e8642000,0x00007f05e8743000)]
  0x00007f06040b8800 JavaThread "C2 CompilerThread0" daemon [_thread_blocked, id=28344, stack(0x00007f05e8743000,0x00007f05e8844000)]
  0x00007f06040b7000 JavaThread "Signal Dispatcher" daemon [_thread_blocked, id=28343, stack(0x00007f05e8844000,0x00007f05e8945000)]
  0x00007f0604084000 JavaThread "Finalizer" daemon [_thread_blocked, id=28342, stack(0x00007f05e9d97000,0x00007f05e9e98000)]
  0x00007f060407f000 JavaThread "Reference Handler" daemon [_thread_blocked, id=28341, stack(0x00007f05e9e98000,0x00007f05e9f99000)]
  0x00007f060400a000 JavaThread "main" [_thread_in_native, id=28333, stack(0x00007f060b6a1000,0x00007f060b7a2000)]

Other Threads:
=>0x00007f0604077800 VMThread [stack: 0x00007f05e9f99000,0x00007f05ea09a000] [id=28340]

VM state:at safepoint (shutting down)

VM Mutex/Monitor currently owned by a thread:  ([mutex/lock_event])
[0x00007f0604006110] Threads_lock - owner thread: 0x00007f0604077800

Heap:
 PSYoungGen      total 1223168K, used 895136K [0x000000076ab00000, 0x00000007c0000000, 0x00000007c0000000)
  eden space 1048576K, 85% used [0x000000076ab00000,0x00000007a12fc058,0x00000007aab00000)
  from space 174592K, 1% used [0x00000007aab00000,0x00000007aad2c010,0x00000007b5580000)
  to   space 174592K, 0% used [0x00000007b5580000,0x00000007b5580000,0x00000007c0000000)
 ParOldGen       total 2796544K, used 8K [0x00000006c0000000, 0x000000076ab00000, 0x000000076ab00000)
  object space 2796544K, 0% used [0x00000006c0000000,0x00000006c0002000,0x000000076ab00000)
 Metaspace       used 3788K, capacity 4704K, committed 4864K, reserved 1056768K
  class space    used 417K, capacity 464K, committed 512K, reserved 1048576K

Card table byte_map: [0x00007f05f47ff000,0x00007f05f5000000] byte_map_base: 0x00007f05f11ff000

Marking Bits: (ParMarkBitMap*) 0x00007f060ab72220
 Begin Bits: [0x00007f05ec2a9000, 0x00007f05f02a9000)
 End Bits:   [0x00007f05f02a9000, 0x00007f05f42a9000)

Polling page: 0x00007f060b7c1000

CodeCache: size=245760Kb used=2726Kb max_used=2786Kb free=243033Kb
 bounds [0x00007f05f5000000, 0x00007f05f52e0000, 0x00007f0604000000]
 total_blobs=558 nmethods=295 adapters=177
 compilation: enabled

Compilation events (10 events):
Event: 9.274 Thread 0x00007f06040bb000  291 % !   4       vcube.Node::main @ 59 (1764 bytes)
Event: 11.157 Thread 0x00007f06040b8800  292       4       java.util.regex.Pattern$LastNode::match (45 bytes)
Event: 11.159 Thread 0x00007f06040b8800 nmethod 292 0x00007f05f5223910 code [0x00007f05f5223a60, 0x00007f05f5223b38]
Event: 12.048 Thread 0x00007f06040bb000 nmethod 291% 0x00007f05f52a5590 code [0x00007f05f52a6800, 0x00007f05f52b5318]
Event: 12.239 Thread 0x00007f06040b8800  293 % !   4       vcube.Node::main @ 35 (1764 bytes)
Event: 12.388 Thread 0x00007f06040bb000  294       4       java.lang.String::split (326 bytes)
Event: 12.422 Thread 0x00007f06040bb000 nmethod 294 0x00007f05f521fa50 code [0x00007f05f521fca0, 0x00007f05f5220950]
Event: 12.693 Thread 0x00007f06040bb000  295       4       java.util.regex.Pattern$SliceNode::study (37 bytes)
Event: 12.697 Thread 0x00007f06040bb000 nmethod 295 0x00007f05f5221f90 code [0x00007f05f5222100, 0x00007f05f5222248]
Event: 13.014 Thread 0x00007f06040b8800 nmethod 293% 0x00007f05f52bd990 code [0x00007f05f52beb20, 0x00007f05f52ccd38]

GC Heap History (2 events):
Event: 0.992 GC heap before
{Heap before GC invocations=1 (full 0):
 PSYoungGen      total 1223168K, used 1048576K [0x000000076ab00000, 0x00000007c0000000, 0x00000007c0000000)
  eden space 1048576K, 100% used [0x000000076ab00000,0x00000007aab00000,0x00000007aab00000)
  from space 174592K, 0% used [0x00000007b5580000,0x00000007b5580000,0x00000007c0000000)
  to   space 174592K, 0% used [0x00000007aab00000,0x00000007aab00000,0x00000007b5580000)
 ParOldGen       total 2796544K, used 0K [0x00000006c0000000, 0x000000076ab00000, 0x000000076ab00000)
  object space 2796544K, 0% used [0x00000006c0000000,0x00000006c0000000,0x000000076ab00000)
 Metaspace       used 3725K, capacity 4640K, committed 4864K, reserved 1056768K
  class space    used 414K, capacity 464K, committed 512K, reserved 1048576K
Event: 0.998 GC heap after
Heap after GC invocations=1 (full 0):
 PSYoungGen      total 1223168K, used 2224K [0x000000076ab00000, 0x00000007c0000000, 0x00000007c0000000)
  eden space 1048576K, 0% used [0x000000076ab00000,0x000000076ab00000,0x00000007aab00000)
  from space 174592K, 1% used [0x00000007aab00000,0x00000007aad2c010,0x00000007b5580000)
  to   space 174592K, 0% used [0x00000007b5580000,0x00000007b5580000,0x00000007c0000000)
 ParOldGen       total 2796544K, used 8K [0x00000006c0000000, 0x000000076ab00000, 0x000000076ab00000)
  object space 2796544K, 0% used [0x00000006c0000000,0x00000006c0002000,0x000000076ab00000)
 Metaspace       used 3725K, capacity 4640K, committed 4864K, reserved 1056768K
  class space    used 414K, capacity 464K, committed 512K, reserved 1048576K
}

Deoptimization events (5 events):
Event: 1.428 Thread 0x00007f0590033800 Uncommon trap: reason=unstable_if action=reinterpret pc=0x00007f05f5169964 method=java.util.regex.Pattern$Start.match(Ljava/util/regex/Matcher;ILjava/lang/CharSequence;)Z @ 10
Event: 4.131 Thread 0x00007f059c034800 Uncommon trap: reason=unstable_if action=reinterpret pc=0x00007f05f51da694 method=vcube.Node.encontrarMaisAdequado()I @ 113
Event: 5.024 Thread 0x00007f0568001000 Uncommon trap: reason=unstable_if action=reinterpret pc=0x00007f05f51d8d08 method=vcube.Node.encontrarMaisAdequado()I @ 113
Event: 8.060 Thread 0x00007f05ac001000 Uncommon trap: reason=unstable_if action=reinterpret pc=0x00007f05f5237e20 method=vcube.Node.conferirTimestempStatus([I)V @ 28
Event: 8.562 Thread 0x00007f05ac001000 Uncommon trap: reason=unstable_if action=reinterpret pc=0x00007f05f525f070 method=vcube.Node.conferirTimestempStatus([I)V @ 28

Internal exceptions (10 events):
Event: 13.559 Thread 0x00007f059c001000 Exception <a 'org/simgrid/msg/TimeoutException'> (0x00000007909fbde8) thrown at [/HUDSON3/workspace/8-2-build-linux-amd64/jdk8u111/7883/hotspot/src/share/vm/prims/jni.cpp, line 735]
Event: 13.560 Thread 0x00007f05b8001000 Exception <a 'org/simgrid/msg/TimeoutException'> (0x0000000787bb7a58) thrown at [/HUDSON3/workspace/8-2-build-linux-amd64/jdk8u111/7883/hotspot/src/share/vm/prims/jni.cpp, line 735]
Event: 13.561 Thread 0x00007f057c031800 Exception <a 'org/simgrid/msg/TimeoutException'> (0x0000000780031670) thrown at [/HUDSON3/workspace/8-2-build-linux-amd64/jdk8u111/7883/hotspot/src/share/vm/prims/jni.cpp, line 735]
Event: 13.561 Thread 0x00007f0574034800 Exception <a 'org/simgrid/msg/TimeoutException'> (0x00000007748bff88) thrown at [/HUDSON3/workspace/8-2-build-linux-amd64/jdk8u111/7883/hotspot/src/share/vm/prims/jni.cpp, line 735]
Event: 13.563 Thread 0x00007f05b4001000 Exception <a 'org/simgrid/msg/TimeoutException'> (0x0000000783eb5060) thrown at [/HUDSON3/workspace/8-2-build-linux-amd64/jdk8u111/7883/hotspot/src/share/vm/prims/jni.cpp, line 735]
Event: 13.570 Thread 0x00007f057c013800 Exception <a 'org/simgrid/msg/TimeoutException'> (0x000000079a48ad60) thrown at [/HUDSON3/workspace/8-2-build-linux-amd64/jdk8u111/7883/hotspot/src/share/vm/prims/jni.cpp, line 735]
Event: 13.571 Thread 0x0000000001c44800 Exception <a 'org/simgrid/msg/TimeoutException'> (0x00000007985d2340) thrown at [/HUDSON3/workspace/8-2-build-linux-amd64/jdk8u111/7883/hotspot/src/share/vm/prims/jni.cpp, line 735]
Event: 13.571 Thread 0x00007f0588001000 Exception <a 'org/simgrid/msg/TimeoutException'> (0x000000079d776430) thrown at [/HUDSON3/workspace/8-2-build-linux-amd64/jdk8u111/7883/hotspot/src/share/vm/prims/jni.cpp, line 735]
Event: 13.571 Thread 0x00007f0594013800 Exception <a 'org/simgrid/msg/TimeoutException'> (0x0000000798f64468) thrown at [/HUDSON3/workspace/8-2-build-linux-amd64/jdk8u111/7883/hotspot/src/share/vm/prims/jni.cpp, line 735]
Event: 13.571 Thread 0x00007f0590013800 Exception <a 'org/simgrid/msg/TimeoutException'> (0x000000079e161390) thrown at [/HUDSON3/workspace/8-2-build-linux-amd64/jdk8u111/7883/hotspot/src/share/vm/prims/jni.cpp, line 735]

Events (10 events):
Event: 13.533 Thread 0x00007f05c41aa800 Thread added: 0x00007f05c41aa800
Event: 13.533 loading class java/util/IdentityHashMap$KeySet
Event: 13.549 loading class java/util/IdentityHashMap$KeySet done
Event: 13.549 loading class java/util/IdentityHashMap$KeyIterator
Event: 13.549 loading class java/util/IdentityHashMap$IdentityHashMapIterator
Event: 13.549 loading class java/util/IdentityHashMap$IdentityHashMapIterator done
Event: 13.549 loading class java/util/IdentityHashMap$KeyIterator done
Event: 13.549 Thread 0x00007f05a82fc800 Thread added: 0x00007f05a82fc800
Event: 13.572 Thread 0x00007f05a82fc800 Thread exited: 0x00007f05a82fc800
Event: 13.572 Executing VM operation: Exit


Dynamic libraries:
00400000-00401000 r-xp 00000000 08:01 8784123                            /home/elixandrebaldi/jdk1.8.0_111/bin/java
00600000-00601000 rw-p 00000000 08:01 8784123                            /home/elixandrebaldi/jdk1.8.0_111/bin/java
01c42000-01fff000 rw-p 00000000 00:00 0                                  [heap]
6c0000000-7c0080000 rw-p 00000000 00:00 0 
7c0080000-800000000 ---p 00000000 00:00 0 
7f054cfda000-7f054cfdd000 ---p 00000000 00:00 0 
7f054cfdd000-7f054d7db000 rw-p 00000000 00:00 0 
7f054d7db000-7f054d7de000 ---p 00000000 00:00 0 
7f054d7de000-7f054dfdc000 rw-p 00000000 00:00 0 
7f054dfdc000-7f054dfdf000 ---p 00000000 00:00 0 
7f054dfdf000-7f054e7dd000 rw-p 00000000 00:00 0 
7f054e7dd000-7f054e7e0000 ---p 00000000 00:00 0 
7f054e7e0000-7f054efde000 rw-p 00000000 00:00 0 
7f054efde000-7f054efe1000 ---p 00000000 00:00 0 
7f054efe1000-7f054f7df000 rw-p 00000000 00:00 0 
7f054f7df000-7f054f7e2000 ---p 00000000 00:00 0 
7f054f7e2000-7f054ffe0000 rw-p 00000000 00:00 0 
7f054ffe0000-7f054ffe3000 ---p 00000000 00:00 0 
7f054ffe3000-7f05507e1000 rw-p 00000000 00:00 0 
7f05507e1000-7f05507e4000 ---p 00000000 00:00 0 
7f05507e4000-7f0550fe2000 rw-p 00000000 00:00 0 
7f0550fe2000-7f0550fe5000 ---p 00000000 00:00 0 
7f0550fe5000-7f05517e3000 rw-p 00000000 00:00 0 
7f05517e3000-7f05517e6000 ---p 00000000 00:00 0 
7f05517e6000-7f0551fe4000 rw-p 00000000 00:00 0 
7f0551fe4000-7f0551fe7000 ---p 00000000 00:00 0 
7f0551fe7000-7f05527e5000 rw-p 00000000 00:00 0 
7f05527e5000-7f05527e8000 ---p 00000000 00:00 0 
7f05527e8000-7f0552fe6000 rw-p 00000000 00:00 0 
7f0552fe6000-7f0552fe9000 ---p 00000000 00:00 0 
7f0552fe9000-7f05537e7000 rw-p 00000000 00:00 0 
7f05537e7000-7f05537ea000 ---p 00000000 00:00 0 
7f05537ea000-7f0553fe8000 rw-p 00000000 00:00 0 
7f0553fe8000-7f0553feb000 ---p 00000000 00:00 0 
7f0553feb000-7f05547e9000 rw-p 00000000 00:00 0 
7f05547e9000-7f05547ec000 ---p 00000000 00:00 0 
7f05547ec000-7f0554fea000 rw-p 00000000 00:00 0 
7f0554fea000-7f0554fed000 ---p 00000000 00:00 0 
7f0554fed000-7f05557eb000 rw-p 00000000 00:00 0 
7f05557eb000-7f05557ee000 ---p 00000000 00:00 0 
7f05557ee000-7f0555fec000 rw-p 00000000 00:00 0 
7f0555fec000-7f0555fef000 ---p 00000000 00:00 0 
7f0555fef000-7f05567ed000 rw-p 00000000 00:00 0 
7f05567ed000-7f05567f0000 ---p 00000000 00:00 0 
7f05567f0000-7f0556fee000 rw-p 00000000 00:00 0 
7f0556fee000-7f0556ff1000 ---p 00000000 00:00 0 
7f0556ff1000-7f05577ef000 rw-p 00000000 00:00 0 
7f05577ef000-7f05577f2000 ---p 00000000 00:00 0 
7f05577f2000-7f0557ff0000 rw-p 00000000 00:00 0 
7f0557ff0000-7f0557ff3000 ---p 00000000 00:00 0 
7f0557ff3000-7f05587f1000 rw-p 00000000 00:00 0 
7f05587f1000-7f05587f4000 ---p 00000000 00:00 0 
7f05587f4000-7f0558ff2000 rw-p 00000000 00:00 0 
7f0558ff2000-7f0558ff5000 ---p 00000000 00:00 0 
7f0558ff5000-7f05597f3000 rw-p 00000000 00:00 0 
7f05597f3000-7f05597f6000 ---p 00000000 00:00 0 
7f05597f6000-7f0559ff4000 rw-p 00000000 00:00 0 
7f0559ff4000-7f0559ff7000 ---p 00000000 00:00 0 
7f0559ff7000-7f055a7f5000 rw-p 00000000 00:00 0 
7f055a7f5000-7f055a7f8000 ---p 00000000 00:00 0 
7f055a7f8000-7f055aff6000 rw-p 00000000 00:00 0 
7f055aff6000-7f055aff9000 ---p 00000000 00:00 0 
7f055aff9000-7f055b7f7000 rw-p 00000000 00:00 0 
7f055b7f7000-7f055b7fa000 ---p 00000000 00:00 0 
7f055b7fa000-7f055bff8000 rw-p 00000000 00:00 0 
7f055bff8000-7f055bffb000 ---p 00000000 00:00 0 
7f055bffb000-7f055c7f9000 rw-p 00000000 00:00 0 
7f055c7f9000-7f055c7fc000 ---p 00000000 00:00 0 
7f055c7fc000-7f055cffa000 rw-p 00000000 00:00 0 
7f055cffa000-7f055cffd000 ---p 00000000 00:00 0 
7f055cffd000-7f055d7fb000 rw-p 00000000 00:00 0 
7f055d7fb000-7f055d7fe000 ---p 00000000 00:00 0 
7f055d7fe000-7f055dffc000 rw-p 00000000 00:00 0 
7f055dffc000-7f055dfff000 ---p 00000000 00:00 0 
7f055dfff000-7f055e7fd000 rw-p 00000000 00:00 0 
7f055e7fd000-7f055e800000 ---p 00000000 00:00 0 
7f055e800000-7f055effe000 rw-p 00000000 00:00 0 
7f055effe000-7f055f001000 ---p 00000000 00:00 0 
7f055f001000-7f055f7ff000 rw-p 00000000 00:00 0 
7f055f7ff000-7f055f802000 ---p 00000000 00:00 0 
7f055f802000-7f0560000000 rw-p 00000000 00:00 0 
7f0560000000-7f05605b9000 rw-p 00000000 00:00 0 
7f05605b9000-7f0564000000 ---p 00000000 00:00 0 
7f05647f9000-7f05647fc000 ---p 00000000 00:00 0 
7f05647fc000-7f0564ffa000 rw-p 00000000 00:00 0 
7f0564ffa000-7f0564ffd000 ---p 00000000 00:00 0 
7f0564ffd000-7f05657fb000 rw-p 00000000 00:00 0 
7f05657fb000-7f05657fe000 ---p 00000000 00:00 0 
7f05657fe000-7f0565ffc000 rw-p 00000000 00:00 0 
7f0565ffc000-7f0565fff000 ---p 00000000 00:00 0 
7f0565fff000-7f05667fd000 rw-p 00000000 00:00 0 
7f05667fd000-7f0566800000 ---p 00000000 00:00 0 
7f0566800000-7f0566ffe000 rw-p 00000000 00:00 0 
7f0566ffe000-7f0567001000 ---p 00000000 00:00 0 
7f0567001000-7f05677ff000 rw-p 00000000 00:00 0 
7f05677ff000-7f0567802000 ---p 00000000 00:00 0 
7f0567802000-7f0568000000 rw-p 00000000 00:00 0 
7f0568000000-7f0568676000 rw-p 00000000 00:00 0 
7f0568676000-7f056c000000 ---p 00000000 00:00 0 
7f056c000000-7f056c601000 rw-p 00000000 00:00 0 
7f056c601000-7f0570000000 ---p 00000000 00:00 0 
7f0570000000-7f05705ac000 rw-p 00000000 00:00 0 
7f05705ac000-7f0574000000 ---p 00000000 00:00 0 
7f0574000000-7f05745fc000 rw-p 00000000 00:00 0 
7f05745fc000-7f0578000000 ---p 00000000 00:00 0 
7f05787f9000-7f05787fc000 ---p 00000000 00:00 0 
7f05787fc000-7f0578ffa000 rw-p 00000000 00:00 0 
7f0578ffa000-7f0578ffd000 ---p 00000000 00:00 0 
7f0578ffd000-7f05797fb000 rw-p 00000000 00:00 0 
7f05797fb000-7f05797fe000 ---p 00000000 00:00 0 
7f05797fe000-7f0579ffc000 rw-p 00000000 00:00 0 
7f0579ffc000-7f0579fff000 ---p 00000000 00:00 0 
7f0579fff000-7f057a7fd000 rw-p 00000000 00:00 0 
7f057a7fd000-7f057a800000 ---p 00000000 00:00 0 
7f057a800000-7f057affe000 rw-p 00000000 00:00 0 
7f057affe000-7f057b001000 ---p 00000000 00:00 0 
7f057b001000-7f057b7ff000 rw-p 00000000 00:00 0 
7f057b7ff000-7f057b802000 ---p 00000000 00:00 0 
7f057b802000-7f057c000000 rw-p 00000000 00:00 0 
7f057c000000-7f057c55a000 rw-p 00000000 00:00 0 
7f057c55a000-7f0580000000 ---p 00000000 00:00 0 
7f0580000000-7f058050a000 rw-p 00000000 00:00 0 
7f058050a000-7f0584000000 ---p 00000000 00:00 0 
7f0584000000-7f058455d000 rw-p 00000000 00:00 0 
7f058455d000-7f0588000000 ---p 00000000 00:00 0 
7f0588000000-7f05884a2000 rw-p 00000000 00:00 0 
7f05884a2000-7f058c000000 ---p 00000000 00:00 0 
7f058c000000-7f058c4f2000 rw-p 00000000 00:00 0 
7f058c4f2000-7f0590000000 ---p 00000000 00:00 0 
7f0590000000-7f0590503000 rw-p 00000000 00:00 0 
7f0590503000-7f0594000000 ---p 00000000 00:00 0 
7f0594000000-7f059447a000 rw-p 00000000 00:00 0 
7f059447a000-7f0598000000 ---p 00000000 00:00 0 
7f05987f9000-7f05987fc000 ---p 00000000 00:00 0 
7f05987fc000-7f0598ffa000 rw-p 00000000 00:00 0 
7f0598ffa000-7f0598ffd000 ---p 00000000 00:00 0 
7f0598ffd000-7f05997fb000 rw-p 00000000 00:00 0 
7f05997fb000-7f05997fe000 ---p 00000000 00:00 0 
7f05997fe000-7f0599ffc000 rw-p 00000000 00:00 0 
7f0599ffc000-7f0599fff000 ---p 00000000 00:00 0 
7f0599fff000-7f059a7fd000 rw-p 00000000 00:00 0 
7f059a7fd000-7f059a800000 ---p 00000000 00:00 0 
7f059a800000-7f059affe000 rw-p 00000000 00:00 0 
7f059affe000-7f059b001000 ---p 00000000 00:00 0 
7f059b001000-7f059b7ff000 rw-p 00000000 00:00 0 
7f059b7ff000-7f059b802000 ---p 00000000 00:00 0 
7f059b802000-7f059c000000 rw-p 00000000 00:00 0 
7f059c000000-7f059c4ab000 rw-p 00000000 00:00 0 
7f059c4ab000-7f05a0000000 ---p 00000000 00:00 0 
7f05a0000000-7f05a051d000 rw-p 00000000 00:00 0 
7f05a051d000-7f05a4000000 ---p 00000000 00:00 0 
7f05a4000000-7f05a42f6000 rw-p 00000000 00:00 0 
7f05a42f6000-7f05a8000000 ---p 00000000 00:00 0 
7f05a8000000-7f05a8300000 rw-p 00000000 00:00 0 
7f05a8300000-7f05ac000000 ---p 00000000 00:00 0 
7f05ac000000-7f05ac371000 rw-p 00000000 00:00 0 
7f05ac371000-7f05b0000000 ---p 00000000 00:00 0 
7f05b0529000-7f05b052c000 ---p 00000000 00:00 0 
7f05b052c000-7f05b062a000 rw-p 00000000 00:00 0 
7f05b062a000-7f05b062d000 ---p 00000000 00:00 0 
7f05b062d000-7f05b0e2b000 rw-p 00000000 00:00 0 
7f05b0e2b000-7f05b0e2e000 ---p 00000000 00:00 0 
7f05b0e2e000-7f05b162c000 rw-p 00000000 00:00 0 
7f05b162c000-7f05b162f000 ---p 00000000 00:00 0 
7f05b162f000-7f05b1e2d000 rw-p 00000000 00:00 0 
7f05b1e2d000-7f05b1e30000 ---p 00000000 00:00 0 
7f05b1e30000-7f05b262e000 rw-p 00000000 00:00 0 
7f05b262e000-7f05b2631000 ---p 00000000 00:00 0 
7f05b2631000-7f05b2e2f000 rw-p 00000000 00:00 0 
7f05b2e2f000-7f05b2e47000 r-xp 00000000 08:01 2360424                    /tmp/simgrid-java6207318276550926727/libsimgrid-java.so (deleted)
7f05b2e47000-7f05b3047000 ---p 00018000 08:01 2360424                    /tmp/simgrid-java6207318276550926727/libsimgrid-java.so (deleted)
7f05b3047000-7f05b3048000 rw-p 00018000 08:01 2360424                    /tmp/simgrid-java6207318276550926727/libsimgrid-java.so (deleted)
7f05b3048000-7f05b305e000 r-xp 00000000 08:01 3936627                    /lib/x86_64-linux-gnu/libgcc_s.so.1
7f05b305e000-7f05b325d000 ---p 00016000 08:01 3936627                    /lib/x86_64-linux-gnu/libgcc_s.so.1
7f05b325d000-7f05b325e000 rw-p 00015000 08:01 3936627                    /lib/x86_64-linux-gnu/libgcc_s.so.1
7f05b325e000-7f05b33d0000 r-xp 00000000 08:01 23332798                   /usr/lib/x86_64-linux-gnu/libstdc++.so.6.0.21
7f05b33d0000-7f05b35d0000 ---p 00172000 08:01 23332798                   /usr/lib/x86_64-linux-gnu/libstdc++.so.6.0.21
7f05b35d0000-7f05b35da000 r--p 00172000 08:01 23332798                   /usr/lib/x86_64-linux-gnu/libstdc++.so.6.0.21
7f05b35da000-7f05b35dc000 rw-p 0017c000 08:01 23332798                   /usr/lib/x86_64-linux-gnu/libstdc++.so.6.0.21
7f05b35dc000-7f05b35e0000 rw-p 00000000 00:00 0 
7f05b35e0000-7f05b38a5000 r-xp 00000000 08:01 2360423                    /tmp/simgrid-java6207318276550926727/libsimgrid.so (deleted)
7f05b38a5000-7f05b3aa5000 ---p 002c5000 08:01 2360423                    /tmp/simgrid-java6207318276550926727/libsimgrid.so (deleted)
7f05b3aa5000-7f05b3ae0000 rw-p 002c5000 08:01 2360423                    /tmp/simgrid-java6207318276550926727/libsimgrid.so (deleted)
7f05b3ae0000-7f05b3de9000 rw-p 00000000 00:00 0 
7f05b3de9000-7f05b3dff000 r-xp 00000000 08:01 8783936                    /home/elixandrebaldi/jdk1.8.0_111/jre/lib/amd64/libnet.so
7f05b3dff000-7f05b3fff000 ---p 00016000 08:01 8783936                    /home/elixandrebaldi/jdk1.8.0_111/jre/lib/amd64/libnet.so
7f05b3fff000-7f05b4000000 rw-p 00016000 08:01 8783936                    /home/elixandrebaldi/jdk1.8.0_111/jre/lib/amd64/libnet.so
7f05b4000000-7f05b4238000 rw-p 00000000 00:00 0 
7f05b4238000-7f05b8000000 ---p 00000000 00:00 0 
7f05b8000000-7f05b81c7000 rw-p 00000000 00:00 0 
7f05b81c7000-7f05bc000000 ---p 00000000 00:00 0 
7f05bc000000-7f05befba000 rw-p 00000000 00:00 0 
7f05befba000-7f05c0000000 ---p 00000000 00:00 0 
7f05c0000000-7f05c0289000 rw-p 00000000 00:00 0 
7f05c0289000-7f05c4000000 ---p 00000000 00:00 0 
7f05c4000000-7f05c41ad000 rw-p 00000000 00:00 0 
7f05c41ad000-7f05c8000000 ---p 00000000 00:00 0 
7f05c8000000-7f05cb52b000 rw-p 00000000 00:00 0 
7f05cb52b000-7f05cc000000 ---p 00000000 00:00 0 
7f05cc000000-7f05cc316000 rw-p 00000000 00:00 0 
7f05cc316000-7f05d0000000 ---p 00000000 00:00 0 
7f05d0000000-7f05d02da000 rw-p 00000000 00:00 0 
7f05d02da000-7f05d4000000 ---p 00000000 00:00 0 
7f05d4000000-7f05d41fa000 rw-p 00000000 00:00 0 
7f05d41fa000-7f05d8000000 ---p 00000000 00:00 0 
7f05d8000000-7f05d816e000 rw-p 00000000 00:00 0 
7f05d816e000-7f05dc000000 ---p 00000000 00:00 0 
7f05dc000000-7f05dc1c0000 rw-p 00000000 00:00 0 
7f05dc1c0000-7f05e0000000 ---p 00000000 00:00 0 
7f05e0000000-7f05e018b000 rw-p 00000000 00:00 0 
7f05e018b000-7f05e4000000 ---p 00000000 00:00 0 
7f05e4000000-7f05e4180000 rw-p 00000000 00:00 0 
7f05e4180000-7f05e8000000 ---p 00000000 00:00 0 
7f05e802d000-7f05e8030000 ---p 00000000 00:00 0 
7f05e8030000-7f05e812e000 rw-p 00000000 00:00 0 
7f05e812e000-7f05e813f000 r-xp 00000000 08:01 8783935                    /home/elixandrebaldi/jdk1.8.0_111/jre/lib/amd64/libnio.so
7f05e813f000-7f05e833e000 ---p 00011000 08:01 8783935                    /home/elixandrebaldi/jdk1.8.0_111/jre/lib/amd64/libnio.so
7f05e833e000-7f05e833f000 rw-p 00010000 08:01 8783935                    /home/elixandrebaldi/jdk1.8.0_111/jre/lib/amd64/libnio.so
7f05e833f000-7f05e8340000 ---p 00000000 00:00 0 
7f05e8340000-7f05e8440000 rw-p 00000000 00:00 0 
7f05e8440000-7f05e8443000 ---p 00000000 00:00 0 
7f05e8443000-7f05e8541000 rw-p 00000000 00:00 0 
7f05e8541000-7f05e8544000 ---p 00000000 00:00 0 
7f05e8544000-7f05e8642000 rw-p 00000000 00:00 0 
7f05e8642000-7f05e8645000 ---p 00000000 00:00 0 
7f05e8645000-7f05e8743000 rw-p 00000000 00:00 0 
7f05e8743000-7f05e8746000 ---p 00000000 00:00 0 
7f05e8746000-7f05e8844000 rw-p 00000000 00:00 0 
7f05e8844000-7f05e8847000 ---p 00000000 00:00 0 
7f05e8847000-7f05e8945000 rw-p 00000000 00:00 0 
7f05e8945000-7f05e9d97000 r--p 00000000 08:01 23331759                   /usr/lib/locale/locale-archive
7f05e9d97000-7f05e9d9a000 ---p 00000000 00:00 0 
7f05e9d9a000-7f05e9e98000 rw-p 00000000 00:00 0 
7f05e9e98000-7f05e9e9b000 ---p 00000000 00:00 0 
7f05e9e9b000-7f05e9f99000 rw-p 00000000 00:00 0 
7f05e9f99000-7f05e9f9a000 ---p 00000000 00:00 0 
7f05e9f9a000-7f05eb05b000 rw-p 00000000 00:00 0 
7f05eb05b000-7f05eb233000 r--s 03d2a000 08:01 8784070                    /home/elixandrebaldi/jdk1.8.0_111/jre/lib/rt.jar
7f05eb233000-7f05eb6e9000 rw-p 00000000 00:00 0 
7f05eb6e9000-7f05ebaa9000 ---p 00000000 00:00 0 
7f05ebaa9000-7f05f5000000 rw-p 00000000 00:00 0 
7f05f5000000-7f05f52e0000 rwxp 00000000 00:00 0 
7f05f52e0000-7f0604000000 ---p 00000000 00:00 0 
7f0604000000-7f06046cb000 rw-p 00000000 00:00 0 
7f06046cb000-7f0608000000 ---p 00000000 00:00 0 
7f0608003000-7f0608045000 rw-p 00000000 00:00 0 
7f0608045000-7f0608046000 ---p 00000000 00:00 0 
7f0608046000-7f0608146000 rw-p 00000000 00:00 0 
7f0608146000-7f0608147000 ---p 00000000 00:00 0 
7f0608147000-7f0608247000 rw-p 00000000 00:00 0 
7f0608247000-7f0608248000 ---p 00000000 00:00 0 
7f0608248000-7f0608348000 rw-p 00000000 00:00 0 
7f0608348000-7f0608349000 ---p 00000000 00:00 0 
7f0608349000-7f0608455000 rw-p 00000000 00:00 0 
7f0608455000-7f0608809000 ---p 00000000 00:00 0 
7f0608809000-7f0608823000 r-xp 00000000 08:01 8783934                    /home/elixandrebaldi/jdk1.8.0_111/jre/lib/amd64/libzip.so
7f0608823000-7f0608a23000 ---p 0001a000 08:01 8783934                    /home/elixandrebaldi/jdk1.8.0_111/jre/lib/amd64/libzip.so
7f0608a23000-7f0608a24000 rw-p 0001a000 08:01 8783934                    /home/elixandrebaldi/jdk1.8.0_111/jre/lib/amd64/libzip.so
7f0608a24000-7f0608a2f000 r-xp 00000000 08:01 3932251                    /lib/x86_64-linux-gnu/libnss_files-2.23.so
7f0608a2f000-7f0608c2e000 ---p 0000b000 08:01 3932251                    /lib/x86_64-linux-gnu/libnss_files-2.23.so
7f0608c2e000-7f0608c2f000 r--p 0000a000 08:01 3932251                    /lib/x86_64-linux-gnu/libnss_files-2.23.so
7f0608c2f000-7f0608c30000 rw-p 0000b000 08:01 3932251                    /lib/x86_64-linux-gnu/libnss_files-2.23.so
7f0608c30000-7f0608c36000 rw-p 00000000 00:00 0 
7f0608c36000-7f0608c41000 r-xp 00000000 08:01 3932244                    /lib/x86_64-linux-gnu/libnss_nis-2.23.so
7f0608c41000-7f0608e40000 ---p 0000b000 08:01 3932244                    /lib/x86_64-linux-gnu/libnss_nis-2.23.so
7f0608e40000-7f0608e41000 r--p 0000a000 08:01 3932244                    /lib/x86_64-linux-gnu/libnss_nis-2.23.so
7f0608e41000-7f0608e42000 rw-p 0000b000 08:01 3932244                    /lib/x86_64-linux-gnu/libnss_nis-2.23.so
7f0608e42000-7f0608e58000 r-xp 00000000 08:01 3932246                    /lib/x86_64-linux-gnu/libnsl-2.23.so
7f0608e58000-7f0609057000 ---p 00016000 08:01 3932246                    /lib/x86_64-linux-gnu/libnsl-2.23.so
7f0609057000-7f0609058000 r--p 00015000 08:01 3932246                    /lib/x86_64-linux-gnu/libnsl-2.23.so
7f0609058000-7f0609059000 rw-p 00016000 08:01 3932246                    /lib/x86_64-linux-gnu/libnsl-2.23.so
7f0609059000-7f060905b000 rw-p 00000000 00:00 0 
7f060905b000-7f0609063000 r-xp 00000000 08:01 3932253                    /lib/x86_64-linux-gnu/libnss_compat-2.23.so
7f0609063000-7f0609262000 ---p 00008000 08:01 3932253                    /lib/x86_64-linux-gnu/libnss_compat-2.23.so
7f0609262000-7f0609263000 r--p 00007000 08:01 3932253                    /lib/x86_64-linux-gnu/libnss_compat-2.23.so
7f0609263000-7f0609264000 rw-p 00008000 08:01 3932253                    /lib/x86_64-linux-gnu/libnss_compat-2.23.so
7f0609264000-7f060928f000 r-xp 00000000 08:01 8783907                    /home/elixandrebaldi/jdk1.8.0_111/jre/lib/amd64/libjava.so
7f060928f000-7f060948e000 ---p 0002b000 08:01 8783907                    /home/elixandrebaldi/jdk1.8.0_111/jre/lib/amd64/libjava.so
7f060948e000-7f0609490000 rw-p 0002a000 08:01 8783907                    /home/elixandrebaldi/jdk1.8.0_111/jre/lib/amd64/libjava.so
7f0609490000-7f060949d000 r-xp 00000000 08:01 8783870                    /home/elixandrebaldi/jdk1.8.0_111/jre/lib/amd64/libverify.so
7f060949d000-7f060969c000 ---p 0000d000 08:01 8783870                    /home/elixandrebaldi/jdk1.8.0_111/jre/lib/amd64/libverify.so
7f060969c000-7f060969e000 rw-p 0000c000 08:01 8783870                    /home/elixandrebaldi/jdk1.8.0_111/jre/lib/amd64/libverify.so
7f060969e000-7f06096a5000 r-xp 00000000 08:01 3932254                    /lib/x86_64-linux-gnu/librt-2.23.so
7f06096a5000-7f06098a4000 ---p 00007000 08:01 3932254                    /lib/x86_64-linux-gnu/librt-2.23.so
7f06098a4000-7f06098a5000 r--p 00006000 08:01 3932254                    /lib/x86_64-linux-gnu/librt-2.23.so
7f06098a5000-7f06098a6000 rw-p 00007000 08:01 3932254                    /lib/x86_64-linux-gnu/librt-2.23.so
7f06098a6000-7f06099ae000 r-xp 00000000 08:01 3932245                    /lib/x86_64-linux-gnu/libm-2.23.so
7f06099ae000-7f0609bad000 ---p 00108000 08:01 3932245                    /lib/x86_64-linux-gnu/libm-2.23.so
7f0609bad000-7f0609bae000 r--p 00107000 08:01 3932245                    /lib/x86_64-linux-gnu/libm-2.23.so
7f0609bae000-7f0609baf000 rw-p 00108000 08:01 3932245                    /lib/x86_64-linux-gnu/libm-2.23.so
7f0609baf000-7f060a87c000 r-xp 00000000 08:01 8783785                    /home/elixandrebaldi/jdk1.8.0_111/jre/lib/amd64/server/libjvm.so
7f060a87c000-7f060aa7b000 ---p 00ccd000 08:01 8783785                    /home/elixandrebaldi/jdk1.8.0_111/jre/lib/amd64/server/libjvm.so
7f060aa7b000-7f060ab54000 rw-p 00ccc000 08:01 8783785                    /home/elixandrebaldi/jdk1.8.0_111/jre/lib/amd64/server/libjvm.so
7f060ab54000-7f060ab9f000 rw-p 00000000 00:00 0 
7f060ab9f000-7f060ad5e000 r-xp 00000000 08:01 3932247                    /lib/x86_64-linux-gnu/libc-2.23.so
7f060ad5e000-7f060af5e000 ---p 001bf000 08:01 3932247                    /lib/x86_64-linux-gnu/libc-2.23.so
7f060af5e000-7f060af62000 r--p 001bf000 08:01 3932247                    /lib/x86_64-linux-gnu/libc-2.23.so
7f060af62000-7f060af64000 rw-p 001c3000 08:01 3932247                    /lib/x86_64-linux-gnu/libc-2.23.so
7f060af64000-7f060af68000 rw-p 00000000 00:00 0 
7f060af68000-7f060af6b000 r-xp 00000000 08:01 3932243                    /lib/x86_64-linux-gnu/libdl-2.23.so
7f060af6b000-7f060b16a000 ---p 00003000 08:01 3932243                    /lib/x86_64-linux-gnu/libdl-2.23.so
7f060b16a000-7f060b16b000 r--p 00002000 08:01 3932243                    /lib/x86_64-linux-gnu/libdl-2.23.so
7f060b16b000-7f060b16c000 rw-p 00003000 08:01 3932243                    /lib/x86_64-linux-gnu/libdl-2.23.so
7f060b16c000-7f060b181000 r-xp 00000000 08:01 8783943                    /home/elixandrebaldi/jdk1.8.0_111/lib/amd64/jli/libjli.so
7f060b181000-7f060b381000 ---p 00015000 08:01 8783943                    /home/elixandrebaldi/jdk1.8.0_111/lib/amd64/jli/libjli.so
7f060b381000-7f060b382000 rw-p 00015000 08:01 8783943                    /home/elixandrebaldi/jdk1.8.0_111/lib/amd64/jli/libjli.so
7f060b382000-7f060b39a000 r-xp 00000000 08:01 3932258                    /lib/x86_64-linux-gnu/libpthread-2.23.so
7f060b39a000-7f060b599000 ---p 00018000 08:01 3932258                    /lib/x86_64-linux-gnu/libpthread-2.23.so
7f060b599000-7f060b59a000 r--p 00017000 08:01 3932258                    /lib/x86_64-linux-gnu/libpthread-2.23.so
7f060b59a000-7f060b59b000 rw-p 00018000 08:01 3932258                    /lib/x86_64-linux-gnu/libpthread-2.23.so
7f060b59b000-7f060b59f000 rw-p 00000000 00:00 0 
7f060b59f000-7f060b5c5000 r-xp 00000000 08:01 3932248                    /lib/x86_64-linux-gnu/ld-2.23.so
7f060b5ce000-7f060b6a1000 rw-p 00000000 00:00 0 
7f060b6a1000-7f060b6a4000 ---p 00000000 00:00 0 
7f060b6a4000-7f060b7a6000 rw-p 00000000 00:00 0 
7f060b7b0000-7f060b7b5000 r--s 00096000 08:01 8783911                    /home/elixandrebaldi/jdk1.8.0_111/jre/lib/jsse.jar
7f060b7b5000-7f060b7b8000 r--s 00f76000 08:01 8524426                    /home/elixandrebaldi/Documentos/VCubeDHT/simgrid.jar
7f060b7b8000-7f060b7c0000 rw-s 00000000 08:01 2360413                    /tmp/hsperfdata_elixandrebaldi/28331 (deleted)
7f060b7c0000-7f060b7c1000 rw-p 00000000 00:00 0 
7f060b7c1000-7f060b7c2000 ---p 00000000 00:00 0 
7f060b7c2000-7f060b7c4000 rw-p 00000000 00:00 0 
7f060b7c4000-7f060b7c5000 r--p 00025000 08:01 3932248                    /lib/x86_64-linux-gnu/ld-2.23.so
7f060b7c5000-7f060b7c6000 rw-p 00026000 08:01 3932248                    /lib/x86_64-linux-gnu/ld-2.23.so
7f060b7c6000-7f060b7c7000 rw-p 00000000 00:00 0 
7ffc09840000-7ffc09861000 rw-p 00000000 00:00 0                          [stack]
7ffc098d8000-7ffc098da000 r--p 00000000 00:00 0                          [vvar]
7ffc098da000-7ffc098dc000 r-xp 00000000 00:00 0                          [vdso]
ffffffffff600000-ffffffffff601000 r-xp 00000000 00:00 0                  [vsyscall]

VM Arguments:
jvm_args: -Dfile.encoding=UTF-8 -Xms4096m -Xmx4096m 
java_command: vcube.VCube platform.xml deployment.xml
java_class_path (initial): /home/elixandrebaldi/Documentos/VCubeDHT/simgrid.jar:/home/elixandrebaldi/Documentos/VCubeDHT/VCube/build/classes
Launcher Type: SUN_STANDARD

Environment Variables:
PATH=/home/elixandrebaldi/bin:/home/elixandrebaldi/.local/bin:/usr/local/sbin:/usr/local/bin:/usr/sbin:/usr/bin:/sbin:/bin:/usr/games:/usr/local/games
LD_LIBRARY_PATH=/home/elixandrebaldi/jdk1.8.0_111/jre/lib/amd64:/home/elixandrebaldi/jdk1.8.0_111/jre/lib/i386:
SHELL=/bin/bash
DISPLAY=:0

Signal Handlers:
SIGSEGV: [libjvm.so+0xac64b0], sa_mask[0]=11111111011111111101111111111110, sa_flags=SA_RESTART|SA_SIGINFO
SIGBUS: [libjvm.so+0xac64b0], sa_mask[0]=11111111011111111101111111111110, sa_flags=SA_RESTART|SA_SIGINFO
SIGFPE: [libjvm.so+0x91f950], sa_mask[0]=11111111011111111101111111111110, sa_flags=SA_RESTART|SA_SIGINFO
SIGPIPE: [libjvm.so+0x91f950], sa_mask[0]=11111111011111111101111111111110, sa_flags=SA_RESTART|SA_SIGINFO
SIGXFSZ: [libjvm.so+0x91f950], sa_mask[0]=11111111011111111101111111111110, sa_flags=SA_RESTART|SA_SIGINFO
SIGILL: [libjvm.so+0x91f950], sa_mask[0]=11111111011111111101111111111110, sa_flags=SA_RESTART|SA_SIGINFO
SIGUSR1: SIG_DFL, sa_mask[0]=00000000000000000000000000000000, sa_flags=none
SIGUSR2: [libjvm.so+0x920f80], sa_mask[0]=00100000000000000000000000000000, sa_flags=SA_RESTART|SA_SIGINFO
SIGHUP: [libjvm.so+0x922380], sa_mask[0]=11111111011111111101111111111110, sa_flags=SA_RESTART|SA_SIGINFO
SIGINT: [libsimgrid.so+0x8ff50], sa_mask[0]=01000000000000000000000000000000, sa_flags=SA_RESTART
SIGTERM: [libjvm.so+0x922380], sa_mask[0]=11111111011111111101111111111110, sa_flags=SA_RESTART|SA_SIGINFO
SIGQUIT: [libjvm.so+0x922380], sa_mask[0]=11111111011111111101111111111110, sa_flags=SA_RESTART|SA_SIGINFO


---------------  S Y S T E M  ---------------

OS:DISTRIB_ID="elementary"
DISTRIB_RELEASE=0.4.1
DISTRIB_CODENAME=loki
DISTRIB_DESCRIPTION="elementary OS 0.4.1 Loki"

uname:Linux 4.4.0-79-generic #100-Ubuntu SMP Wed May 17 19:58:14 UTC 2017 x86_64
libc:glibc 2.23 NPTL 2.23 
rlimit: STACK 8192k, CORE 0k, NPROC 14991, NOFILE 65536, AS infinity
load average:0.93 0.70 0.67

/proc/meminfo:
MemTotal:        3878592 kB
MemFree:          132412 kB
MemAvailable:     430216 kB
Buffers:           32304 kB
Cached:           743320 kB
SwapCached:        22184 kB
Active:          2548948 kB
Inactive:         971868 kB
Active(anon):    2311216 kB
Inactive(anon):   745528 kB
Active(file):     237732 kB
Inactive(file):   226340 kB
Unevictable:          64 kB
Mlocked:              64 kB
SwapTotal:       4025340 kB
SwapFree:        3558100 kB
Dirty:             12272 kB
Writeback:            20 kB
AnonPages:       2726004 kB
Mapped:           364464 kB
Shmem:            311444 kB
Slab:             110280 kB
SReclaimable:      72452 kB
SUnreclaim:        37828 kB
KernelStack:       10912 kB
PageTables:        43796 kB
NFS_Unstable:          0 kB
Bounce:                0 kB
WritebackTmp:          0 kB
CommitLimit:     5964636 kB
Committed_AS:   12052060 kB
VmallocTotal:   34359738367 kB
VmallocUsed:           0 kB
VmallocChunk:          0 kB
HardwareCorrupted:     0 kB
AnonHugePages:   1239040 kB
CmaTotal:              0 kB
CmaFree:               0 kB
HugePages_Total:       0
HugePages_Free:        0
HugePages_Rsvd:        0
HugePages_Surp:        0
Hugepagesize:       2048 kB
DirectMap4k:      193272 kB
DirectMap2M:     3833856 kB


CPU:total 4 (2 cores per cpu, 2 threads per core) family 6 model 58 stepping 9, cmov, cx8, fxsr, mmx, sse, sse2, sse3, ssse3, sse4.1, sse4.2, popcnt, avx, clmul, erms, ht, tsc, tscinvbit, tscinv

/proc/cpuinfo:
processor	: 0
vendor_id	: GenuineIntel
cpu family	: 6
model		: 58
model name	: Intel(R) Core(TM) i7-3517U CPU @ 1.90GHz
stepping	: 9
microcode	: 0x12
cpu MHz		: 860.062
cache size	: 4096 KB
physical id	: 0
siblings	: 4
core id		: 0
cpu cores	: 2
apicid		: 0
initial apicid	: 0
fpu		: yes
fpu_exception	: yes
cpuid level	: 13
wp		: yes
flags		: fpu vme de pse tsc msr pae mce cx8 apic sep mtrr pge mca cmov pat pse36 clflush dts acpi mmx fxsr sse sse2 ss ht tm pbe syscall nx rdtscp lm constant_tsc arch_perfmon pebs bts rep_good nopl xtopology nonstop_tsc aperfmperf eagerfpu pni pclmulqdq dtes64 monitor ds_cpl vmx est tm2 ssse3 cx16 xtpr pdcm pcid sse4_1 sse4_2 x2apic popcnt tsc_deadline_timer xsave avx f16c rdrand lahf_lm epb tpr_shadow vnmi flexpriority ept vpid fsgsbase smep erms xsaveopt dtherm ida arat pln pts
bugs		:
bogomips	: 4788.97
clflush size	: 64
cache_alignment	: 64
address sizes	: 36 bits physical, 48 bits virtual
power management:

processor	: 1
vendor_id	: GenuineIntel
cpu family	: 6
model		: 58
model name	: Intel(R) Core(TM) i7-3517U CPU @ 1.90GHz
stepping	: 9
microcode	: 0x12
cpu MHz		: 1430.437
cache size	: 4096 KB
physical id	: 0
siblings	: 4
core id		: 0
cpu cores	: 2
apicid		: 1
initial apicid	: 1
fpu		: yes
fpu_exception	: yes
cpuid level	: 13
wp		: yes
flags		: fpu vme de pse tsc msr pae mce cx8 apic sep mtrr pge mca cmov pat pse36 clflush dts acpi mmx fxsr sse sse2 ss ht tm pbe syscall nx rdtscp lm constant_tsc arch_perfmon pebs bts rep_good nopl xtopology nonstop_tsc aperfmperf eagerfpu pni pclmulqdq dtes64 monitor ds_cpl vmx est tm2 ssse3 cx16 xtpr pdcm pcid sse4_1 sse4_2 x2apic popcnt tsc_deadline_timer xsave avx f16c rdrand lahf_lm epb tpr_shadow vnmi flexpriority ept vpid fsgsbase smep erms xsaveopt dtherm ida arat pln pts
bugs		:
bogomips	: 4788.97
clflush size	: 64
cache_alignment	: 64
address sizes	: 36 bits physical, 48 bits virtual
power management:

processor	: 2
vendor_id	: GenuineIntel
cpu family	: 6
model		: 58
model name	: Intel(R) Core(TM) i7-3517U CPU @ 1.90GHz
stepping	: 9
microcode	: 0x12
cpu MHz		: 1491.281
cache size	: 4096 KB
physical id	: 0
siblings	: 4
core id		: 1
cpu cores	: 2
apicid		: 2
initial apicid	: 2
fpu		: yes
fpu_exception	: yes
cpuid level	: 13
wp		: yes
flags		: fpu vme de pse tsc msr pae mce cx8 apic sep mtrr pge mca cmov pat pse36 clflush dts acpi mmx fxsr sse sse2 ss ht tm pbe syscall nx rdtscp lm constant_tsc arch_perfmon pebs bts rep_good nopl xtopology nonstop_tsc aperfmperf eagerfpu pni pclmulqdq dtes64 monitor ds_cpl vmx est tm2 ssse3 cx16 xtpr pdcm pcid sse4_1 sse4_2 x2apic popcnt tsc_deadline_timer xsave avx f16c rdrand lahf_lm epb tpr_shadow vnmi flexpriority ept vpid fsgsbase smep erms xsaveopt dtherm ida arat pln pts
bugs		:
bogomips	: 4788.97
clflush size	: 64
cache_alignment	: 64
address sizes	: 36 bits physical, 48 bits virtual
power management:

processor	: 3
vendor_id	: GenuineIntel
cpu family	: 6
model		: 58
model name	: Intel(R) Core(TM) i7-3517U CPU @ 1.90GHz
stepping	: 9
microcode	: 0x12
cpu MHz		: 994.687
cache size	: 4096 KB
physical id	: 0
siblings	: 4
core id		: 1
cpu cores	: 2
apicid		: 3
initial apicid	: 3
fpu		: yes
fpu_exception	: yes
cpuid level	: 13
wp		: yes
flags		: fpu vme de pse tsc msr pae mce cx8 apic sep mtrr pge mca cmov pat pse36 clflush dts acpi mmx fxsr sse sse2 ss ht tm pbe syscall nx rdtscp lm constant_tsc arch_perfmon pebs bts rep_good nopl xtopology nonstop_tsc aperfmperf eagerfpu pni pclmulqdq dtes64 monitor ds_cpl vmx est tm2 ssse3 cx16 xtpr pdcm pcid sse4_1 sse4_2 x2apic popcnt tsc_deadline_timer xsave avx f16c rdrand lahf_lm epb tpr_shadow vnmi flexpriority ept vpid fsgsbase smep erms xsaveopt dtherm ida arat pln pts
bugs		:
bogomips	: 4788.97
clflush size	: 64
cache_alignment	: 64
address sizes	: 36 bits physical, 48 bits virtual
power management:



Memory: 4k page, physical 3878592k(132412k free), swap 4025340k(3558100k free)

vm_info: Java HotSpot(TM) 64-Bit Server VM (25.111-b14) for linux-amd64 JRE (1.8.0_111-b14), built on Sep 22 2016 16:14:03 by "java_re" with gcc 4.3.0 20080428 (Red Hat 4.3.0-8)

time: Fri Jun 16 02:31:38 2017
elapsed time: 13 seconds (0d 0h 0m 13s)

