#
# A fatal error has been detected by the Java Runtime Environment:
#
#  SIGSEGV (0xb) at pc=0x00007f3cde535263, pid=7622, tid=0x00007f3cfcfff700
#
# JRE version: Java(TM) SE Runtime Environment (8.0_111-b14) (build 1.8.0_111-b14)
# Java VM: Java HotSpot(TM) 64-Bit Server VM (25.111-b14 mixed mode linux-amd64 compressed oops)
# Problematic frame:
# C  [libsimgrid.so+0x190263]  xbt_dynar_member+0x23
#
# Failed to write core dump. Core dumps have been disabled. To enable core dumping, try "ulimit -c unlimited" before starting Java again
#
# If you would like to submit a bug report, please visit:
#   http://bugreport.java.com/bugreport/crash.jsp
#

---------------  T H R E A D  ---------------

Current thread (0x00007f3d10077800):  VMThread [stack: 0x00007f3cfceff000,0x00007f3cfd000000] [id=7631]

siginfo: si_signo: 11 (SIGSEGV), si_code: 1 (SEGV_MAPERR), si_addr: 0x0000000000000000

Registers:
RAX=0x0000000000000000, RBX=0x00007f3cde8a1700, RCX=0x00007f3d10179bc0, RDX=0x00007f3cfcfffa30
RSP=0x00007f3cfcffe810, RBP=0x00007f3d10172d50, RSI=0x00007f3cfcffe9b8, RDI=0x00007f3cfcffe8d0
R8 =0x00007f3d10169d60, R9 =0x0000000000000000, R10=0x0000000000000c58, R11=0x00007f3cde535240
R12=0x00007f3cde8ac790, R13=0x00007f3d10152d50, R14=0x00000000000003d8, R15=0x00007f3d10026e88
RIP=0x00007f3cde535263, EFLAGS=0x0000000000010202, CSGSFS=0x0000000000000033, ERR=0x0000000000000004
  TRAPNO=0x000000000000000e

Top of Stack: (sp=0x00007f3cfcffe810)
0x00007f3cfcffe810:   0000000000000000 0000000000000000
0x00007f3cfcffe820:   00007f3d10169dd0 00007f3cfcffe9b8
0x00007f3cfcffe830:   0000000000000000 0000000000000000
0x00007f3cfcffe840:   632d00706d742f00 68732f6e69622f00
0x00007f3cfcffe850:   0000000000000000 0000000000000000
0x00007f3cfcffe860:   0000000000000000 0000000000000000
0x00007f3cfcffe870:   0000000000000000 0000000000000000
0x00007f3cfcffe880:   0000ff00000000ff 00000000ff000000
0x00007f3cfcffe890:   0000000000000000 0000000000000000
0x00007f3cfcffe8a0:   48dc8b4c24048b48 4cc38b4950f0e483
0x00007f3cfcffe8b0:   0000000000000000 0000000000000000
0x00007f3cfcffe8c0:   00007f3d1527c538 00007f3d1527bd20
0x00007f3cfcffe8d0:   0000000000000000 0000000000000000
0x00007f3cfcffe8e0:   00007f3d1527bff0 00007f3d1527c4b0
0x00007f3cfcffe8f0:   0000000000000000 0000000000000000
0x00007f3cfcffe900:   0000000000000000 00000000000000ff
0x00007f3cfcffe910:   0000000000000000 0000000000000000
0x00007f3cfcffe920:   632d00706d742f00 68732f6e69622f00
0x00007f3cfcffe930:   0000000000000000 0000000000000000
0x00007f3cfcffe940:   00007f3d10179bc0 00007f3d10179bc0
0x00007f3cfcffe950:   0000000000000001 00007f3cfcffe9b8
0x00007f3cfcffe960:   00007f3d10169dd0 00007f3d10169d60
0x00007f3cfcffe970:   0000000000000000 00007f3cde8a4a98
0x00007f3cfcffe980:   00007f3d1016bfc0 0000000000000001
0x00007f3cfcffe990:   00007f3cde8a1700 00007f3d10151230
0x00007f3cfcffe9a0:   00007f3cde8a1700 00007f3cde55234f
0x00007f3cfcffe9b0:   0000000000000000 00007f3d10179bc0
0x00007f3cfcffe9c0:   00007f3d1527bff0 00007f3d1527c4b0
0x00007f3cfcffe9d0:   0000000000000000 00007f3cde8a4a98
0x00007f3cfcffe9e0:   00007f3d1016bfc0 0000000000000001
0x00007f3cfcffe9f0:   00007f3d10152d50 00007f3cde533d37
0x00007f3cfcffea00:   00007f3d10152d50 00007f3cde8a4098 

Instructions: (pc=0x00007f3cde535263)
0x00007f3cde535243:   ec 90 01 00 00 48 8b 05 01 a2 33 00 48 89 7c 24
0x00007f3cde535253:   10 48 89 74 24 18 ff 10 48 8d bc 24 c0 00 00 00
0x00007f3cde535263:   48 8b 08 48 89 04 24 48 89 38 48 89 4c 24 08 e8
0x00007f3cde535273:   79 31 ed ff 85 c0 74 75 48 8b 14 24 c7 42 08 01 

Register to memory mapping:

RAX=0x0000000000000000 is an unknown value
RBX=0x00007f3cde8a1700: _simgrid_log_category__simix_process+0 in /tmp/simgrid-java3818418075543773529/libsimgrid.so at 0x00007f3cde3a5000
RCX=0x00007f3d10179bc0 is an unknown value
RDX=0x00007f3cfcfffa30 is an unknown value
RSP=0x00007f3cfcffe810 is an unknown value
RBP=0x00007f3d10172d50 is an unknown value
RSI=0x00007f3cfcffe9b8 is an unknown value
RDI=0x00007f3cfcffe8d0 is an unknown value
R8 =0x00007f3d10169d60 is an unknown value
R9 =0x0000000000000000 is an unknown value
R10=0x0000000000000c58 is an unknown value
R11=0x00007f3cde535240: xbt_dynar_member+0 in /tmp/simgrid-java3818418075543773529/libsimgrid.so at 0x00007f3cde3a5000
R12=0x00007f3cde8ac790: simix_global+0 in /tmp/simgrid-java3818418075543773529/libsimgrid.so at 0x00007f3cde3a5000
R13=0x00007f3d10152d50 is an unknown value
R14=0x00000000000003d8 is an unknown value
R15=0x00007f3d10026e88 is an unknown value


Stack: [0x00007f3cfceff000,0x00007f3cfd000000],  sp=0x00007f3cfcffe810,  free space=1022k
Native frames: (J=compiled Java code, j=interpreted, Vv=VM code, C=native code)
C  [libsimgrid.so+0x190263]  xbt_dynar_member+0x23

VM_Operation (0x00007f3cdc6055d0): Exit, mode: safepoint, requested by thread 0x00007f3cd8001000


---------------  P R O C E S S  ---------------

Java Threads: ( => current thread )
  0x00007f3cd8001000 JavaThread "SIGTERM handler" daemon [_thread_blocked, id=7656, stack(0x00007f3cdc506000,0x00007f3cdc607000)]
  0x00007f3c88001000 JavaThread "Thread-16" [_thread_in_native, id=7652, stack(0x00007f3c9a7fd000,0x00007f3c9affe000)]
  0x00007f3c80001000 JavaThread "Thread-15" [_thread_in_native, id=7655, stack(0x00007f3c98ffa000,0x00007f3c997fb000)]
  0x00007f3c7c001000 JavaThread "Thread-14" [_thread_in_native, id=7654, stack(0x00007f3c997fb000,0x00007f3c99ffc000)]
  0x00007f3c84001000 JavaThread "Thread-13" [_thread_in_native, id=7653, stack(0x00007f3c99ffc000,0x00007f3c9a7fd000)]
  0x00007f3c90001000 JavaThread "Thread-12" [_thread_in_native, id=7651, stack(0x00007f3c9affe000,0x00007f3c9b7ff000)]
  0x00007f3c8c001000 JavaThread "Thread-10" [_thread_in_native, id=7650, stack(0x00007f3c9b7ff000,0x00007f3c9c000000)]
  0x00007f3c94001000 JavaThread "Thread-11" [_thread_in_native, id=7649, stack(0x00007f3cbc7f9000,0x00007f3cbcffa000)]
  0x00007f3ca0001000 JavaThread "Thread-9" [_thread_in_native, id=7648, stack(0x00007f3cbcffa000,0x00007f3cbd7fb000)]
  0x00007f3c9c001000 JavaThread "Thread-8" [_thread_in_native, id=7647, stack(0x00007f3cbd7fb000,0x00007f3cbdffc000)]
  0x00007f3ca8001000 JavaThread "Thread-7" [_thread_in_native, id=7646, stack(0x00007f3cbdffc000,0x00007f3cbe7fd000)]
  0x00007f3ca4001000 JavaThread "Thread-6" [_thread_in_native, id=7645, stack(0x00007f3cbe7fd000,0x00007f3cbeffe000)]
  0x00007f3cb0001000 JavaThread "Thread-5" [_thread_in_native, id=7644, stack(0x00007f3cbeffe000,0x00007f3cbf7ff000)]
  0x00007f3cac001000 JavaThread "Thread-3" [_thread_in_native, id=7643, stack(0x00007f3cbf7ff000,0x00007f3cc0000000)]
  0x00007f3cb4001000 JavaThread "Thread-4" [_thread_in_native, id=7642, stack(0x00007f3cdc607000,0x00007f3cdce08000)]
  0x00007f3cb8001000 JavaThread "Thread-2" [_thread_in_native, id=7641, stack(0x00007f3cdce08000,0x00007f3cdd609000)]
  0x00007f3cc4001000 JavaThread "Thread-1" [_thread_blocked, id=7640, stack(0x00007f3cdd609000,0x00007f3cdde0a000)]
  0x00007f3d100c0000 JavaThread "Service Thread" daemon [_thread_blocked, id=7638, stack(0x00007f3cfc7f8000,0x00007f3cfc8f9000)]
  0x00007f3d100bd000 JavaThread "C1 CompilerThread2" daemon [_thread_blocked, id=7637, stack(0x00007f3cfc8f9000,0x00007f3cfc9fa000)]
  0x00007f3d100bb000 JavaThread "C2 CompilerThread1" daemon [_thread_blocked, id=7636, stack(0x00007f3cfc9fa000,0x00007f3cfcafb000)]
  0x00007f3d100b8800 JavaThread "C2 CompilerThread0" daemon [_thread_blocked, id=7635, stack(0x00007f3cfcafb000,0x00007f3cfcbfc000)]
  0x00007f3d10084000 JavaThread "Finalizer" daemon [_thread_blocked, id=7633, stack(0x00007f3cfccfd000,0x00007f3cfcdfe000)]
  0x00007f3d1007f000 JavaThread "Reference Handler" daemon [_thread_blocked, id=7632, stack(0x00007f3cfcdfe000,0x00007f3cfceff000)]
  0x00007f3d1000a000 JavaThread "main" [_thread_in_native, id=7624, stack(0x00007f3d19b69000,0x00007f3d19c6a000)]

Other Threads:
=>0x00007f3d10077800 VMThread [stack: 0x00007f3cfceff000,0x00007f3cfd000000] [id=7631]

VM state:at safepoint (shutting down)

VM Mutex/Monitor currently owned by a thread:  ([mutex/lock_event])
[0x00007f3d100060f0] Threads_lock - owner thread: 0x00007f3d10077800

Heap:
 PSYoungGen      total 17920K, used 12917K [0x00000000d5580000, 0x00000000d6980000, 0x0000000100000000)
  eden space 15360K, 84% used [0x00000000d5580000,0x00000000d621d4b0,0x00000000d6480000)
  from space 2560K, 0% used [0x00000000d6700000,0x00000000d6700000,0x00000000d6980000)
  to   space 2560K, 0% used [0x00000000d6480000,0x00000000d6480000,0x00000000d6700000)
 ParOldGen       total 40960K, used 0K [0x0000000080000000, 0x0000000082800000, 0x00000000d5580000)
  object space 40960K, 0% used [0x0000000080000000,0x0000000080000000,0x0000000082800000)
 Metaspace       used 3750K, capacity 4640K, committed 4864K, reserved 1056768K
  class space    used 418K, capacity 464K, committed 512K, reserved 1048576K

Card table byte_map: [0x00007f3d1650f000,0x00007f3d16910000] byte_map_base: 0x00007f3d1610f000

Marking Bits: (ParMarkBitMap*) 0x00007f3d19039220
 Begin Bits: [0x00007f3cfd000000, 0x00007f3cff000000)
 End Bits:   [0x00007f3cff000000, 0x00007f3d01000000)

Polling page: 0x00007f3d19c88000

CodeCache: size=245760Kb used=1584Kb max_used=1594Kb free=244175Kb
 bounds [0x00007f3d01000000, 0x00007f3d01270000, 0x00007f3d10000000]
 total_blobs=491 nmethods=228 adapters=177
 compilation: enabled

Compilation events (10 events):
Event: 1.244 Thread 0x00007f3d100bd000  224       3       java.util.ArrayList$SubList::<init> (46 bytes)
Event: 1.244 Thread 0x00007f3d100bd000 nmethod 224 0x00007f3d01181950 code [0x00007f3d01181ac0, 0x00007f3d01181d90]
Event: 1.289 Thread 0x00007f3d100bb000  225       4       java.lang.CharacterDataLatin1::digit (91 bytes)
Event: 1.290 Thread 0x00007f3d100bb000 nmethod 225 0x00007f3d01188450 code [0x00007f3d011885a0, 0x00007f3d011886d8]
Event: 1.503 Thread 0x00007f3d100bb000  226       4       java.util.ArrayList$SubList$1::hasNext (20 bytes)
Event: 1.504 Thread 0x00007f3d100bb000 nmethod 226 0x00007f3d0117b910 code [0x00007f3d0117ba60, 0x00007f3d0117baf8]
Event: 1.504 Thread 0x00007f3d100bd000  228       3       java.lang.ThreadLocal::getMap (5 bytes)
Event: 1.504 Thread 0x00007f3d100bd000 nmethod 228 0x00007f3d011815d0 code [0x00007f3d01181740, 0x00007f3d01181890]
Event: 1.504 Thread 0x00007f3d100bd000  227       3       java.lang.ref.SoftReference::get (29 bytes)
Event: 1.505 Thread 0x00007f3d100bd000 nmethod 227 0x00007f3d01181210 code [0x00007f3d01181380, 0x00007f3d01181570]

GC Heap History (0 events):
No events

Deoptimization events (0 events):
No events

Internal exceptions (10 events):
Event: 1.503 Thread 0x00007f3cc4001000 Exception <a 'java/io/IOException'> (0x00000000d5cae100) thrown at [/HUDSON3/workspace/8-2-build-linux-amd64/jdk8u111/7883/hotspot/src/share/vm/prims/jni.cpp, line 709]
Event: 1.503 Thread 0x00007f3cc4001000 Exception <a 'java/io/IOException'> (0x00000000d5cae7a0) thrown at [/HUDSON3/workspace/8-2-build-linux-amd64/jdk8u111/7883/hotspot/src/share/vm/prims/jni.cpp, line 709]
Event: 1.503 Thread 0x00007f3cc4001000 Exception <a 'java/io/IOException'> (0x00000000d5caea40) thrown at [/HUDSON3/workspace/8-2-build-linux-amd64/jdk8u111/7883/hotspot/src/share/vm/prims/jni.cpp, line 709]
Event: 1.503 Thread 0x00007f3cc4001000 Exception <a 'java/io/IOException'> (0x00000000d5caecb0) thrown at [/HUDSON3/workspace/8-2-build-linux-amd64/jdk8u111/7883/hotspot/src/share/vm/prims/jni.cpp, line 709]
Event: 1.504 Thread 0x00007f3cc4001000 Exception <a 'java/io/IOException'> (0x00000000d5caf340) thrown at [/HUDSON3/workspace/8-2-build-linux-amd64/jdk8u111/7883/hotspot/src/share/vm/prims/jni.cpp, line 709]
Event: 1.504 Thread 0x00007f3cc4001000 Exception <a 'java/io/IOException'> (0x00000000d5caf5e0) thrown at [/HUDSON3/workspace/8-2-build-linux-amd64/jdk8u111/7883/hotspot/src/share/vm/prims/jni.cpp, line 709]
Event: 1.504 Thread 0x00007f3cc4001000 Exception <a 'java/io/IOException'> (0x00000000d5caf850) thrown at [/HUDSON3/workspace/8-2-build-linux-amd64/jdk8u111/7883/hotspot/src/share/vm/prims/jni.cpp, line 709]
Event: 1.504 Thread 0x00007f3cc4001000 Exception <a 'java/io/IOException'> (0x00000000d5caff78) thrown at [/HUDSON3/workspace/8-2-build-linux-amd64/jdk8u111/7883/hotspot/src/share/vm/prims/jni.cpp, line 709]
Event: 1.504 Thread 0x00007f3cc4001000 Exception <a 'java/io/IOException'> (0x00000000d5cb0218) thrown at [/HUDSON3/workspace/8-2-build-linux-amd64/jdk8u111/7883/hotspot/src/share/vm/prims/jni.cpp, line 709]
Event: 1.504 Thread 0x00007f3cc4001000 Exception <a 'java/io/IOException'> (0x00000000d5cb0488) thrown at [/HUDSON3/workspace/8-2-build-linux-amd64/jdk8u111/7883/hotspot/src/share/vm/prims/jni.cpp, line 709]

Events (10 events):
Event: 1.503 loading class java/util/IdentityHashMap$KeySet
Event: 1.503 loading class java/util/IdentityHashMap$KeySet done
Event: 1.503 loading class java/util/IdentityHashMap$KeyIterator
Event: 1.503 loading class java/util/IdentityHashMap$IdentityHashMapIterator
Event: 1.503 loading class java/util/IdentityHashMap$IdentityHashMapIterator done
Event: 1.504 loading class java/util/IdentityHashMap$KeyIterator done
Event: 1.504 Thread 0x00007f3c74001000 Thread added: 0x00007f3c74001000
Event: 1.504 Thread 0x00007f3c74001000 Thread exited: 0x00007f3c74001000
Event: 1.504 Thread 0x00007f3d100b7000 Thread exited: 0x00007f3d100b7000
Event: 1.505 Executing VM operation: Exit


Dynamic libraries:
00400000-00401000 r-xp 00000000 08:01 8784123                            /home/elixandrebaldi/jdk1.8.0_111/bin/java
00600000-00601000 rw-p 00000000 08:01 8784123                            /home/elixandrebaldi/jdk1.8.0_111/bin/java
021f4000-02215000 rw-p 00000000 00:00 0                                  [heap]
80000000-82800000 rw-p 00000000 00:00 0 
82800000-d5580000 ---p 00000000 00:00 0 
d5580000-d6980000 rw-p 00000000 00:00 0 
d6980000-100000000 ---p 00000000 00:00 0 
100000000-100080000 rw-p 00000000 00:00 0 
100080000-140000000 ---p 00000000 00:00 0 
7f3c74000000-7f3c74021000 rw-p 00000000 00:00 0 
7f3c74021000-7f3c78000000 ---p 00000000 00:00 0 
7f3c7c000000-7f3c7c069000 rw-p 00000000 00:00 0 
7f3c7c069000-7f3c80000000 ---p 00000000 00:00 0 
7f3c80000000-7f3c80069000 rw-p 00000000 00:00 0 
7f3c80069000-7f3c84000000 ---p 00000000 00:00 0 
7f3c84000000-7f3c84069000 rw-p 00000000 00:00 0 
7f3c84069000-7f3c88000000 ---p 00000000 00:00 0 
7f3c88000000-7f3c88069000 rw-p 00000000 00:00 0 
7f3c88069000-7f3c8c000000 ---p 00000000 00:00 0 
7f3c8c000000-7f3c8c069000 rw-p 00000000 00:00 0 
7f3c8c069000-7f3c90000000 ---p 00000000 00:00 0 
7f3c90000000-7f3c90069000 rw-p 00000000 00:00 0 
7f3c90069000-7f3c94000000 ---p 00000000 00:00 0 
7f3c94000000-7f3c9406a000 rw-p 00000000 00:00 0 
7f3c9406a000-7f3c98000000 ---p 00000000 00:00 0 
7f3c98ffa000-7f3c98ffd000 ---p 00000000 00:00 0 
7f3c98ffd000-7f3c997fb000 rw-p 00000000 00:00 0 
7f3c997fb000-7f3c997fe000 ---p 00000000 00:00 0 
7f3c997fe000-7f3c99ffc000 rw-p 00000000 00:00 0 
7f3c99ffc000-7f3c99fff000 ---p 00000000 00:00 0 
7f3c99fff000-7f3c9a7fd000 rw-p 00000000 00:00 0 
7f3c9a7fd000-7f3c9a800000 ---p 00000000 00:00 0 
7f3c9a800000-7f3c9affe000 rw-p 00000000 00:00 0 
7f3c9affe000-7f3c9b001000 ---p 00000000 00:00 0 
7f3c9b001000-7f3c9b7ff000 rw-p 00000000 00:00 0 
7f3c9b7ff000-7f3c9b802000 ---p 00000000 00:00 0 
7f3c9b802000-7f3c9c000000 rw-p 00000000 00:00 0 
7f3c9c000000-7f3c9c068000 rw-p 00000000 00:00 0 
7f3c9c068000-7f3ca0000000 ---p 00000000 00:00 0 
7f3ca0000000-7f3ca006a000 rw-p 00000000 00:00 0 
7f3ca006a000-7f3ca4000000 ---p 00000000 00:00 0 
7f3ca4000000-7f3ca4067000 rw-p 00000000 00:00 0 
7f3ca4067000-7f3ca8000000 ---p 00000000 00:00 0 
7f3ca8000000-7f3ca8068000 rw-p 00000000 00:00 0 
7f3ca8068000-7f3cac000000 ---p 00000000 00:00 0 
7f3cac000000-7f3cac067000 rw-p 00000000 00:00 0 
7f3cac067000-7f3cb0000000 ---p 00000000 00:00 0 
7f3cb0000000-7f3cb0067000 rw-p 00000000 00:00 0 
7f3cb0067000-7f3cb4000000 ---p 00000000 00:00 0 
7f3cb4000000-7f3cb4067000 rw-p 00000000 00:00 0 
7f3cb4067000-7f3cb8000000 ---p 00000000 00:00 0 
7f3cb8000000-7f3cb8066000 rw-p 00000000 00:00 0 
7f3cb8066000-7f3cbc000000 ---p 00000000 00:00 0 
7f3cbc7f9000-7f3cbc7fc000 ---p 00000000 00:00 0 
7f3cbc7fc000-7f3cbcffa000 rw-p 00000000 00:00 0 
7f3cbcffa000-7f3cbcffd000 ---p 00000000 00:00 0 
7f3cbcffd000-7f3cbd7fb000 rw-p 00000000 00:00 0 
7f3cbd7fb000-7f3cbd7fe000 ---p 00000000 00:00 0 
7f3cbd7fe000-7f3cbdffc000 rw-p 00000000 00:00 0 
7f3cbdffc000-7f3cbdfff000 ---p 00000000 00:00 0 
7f3cbdfff000-7f3cbe7fd000 rw-p 00000000 00:00 0 
7f3cbe7fd000-7f3cbe800000 ---p 00000000 00:00 0 
7f3cbe800000-7f3cbeffe000 rw-p 00000000 00:00 0 
7f3cbeffe000-7f3cbf001000 ---p 00000000 00:00 0 
7f3cbf001000-7f3cbf7ff000 rw-p 00000000 00:00 0 
7f3cbf7ff000-7f3cbf802000 ---p 00000000 00:00 0 
7f3cbf802000-7f3cc0000000 rw-p 00000000 00:00 0 
7f3cc0000000-7f3cc0021000 rw-p 00000000 00:00 0 
7f3cc0021000-7f3cc4000000 ---p 00000000 00:00 0 
7f3cc4000000-7f3cc406e000 rw-p 00000000 00:00 0 
7f3cc406e000-7f3cc8000000 ---p 00000000 00:00 0 
7f3cc8000000-7f3cc8114000 rw-p 00000000 00:00 0 
7f3cc8114000-7f3ccc000000 ---p 00000000 00:00 0 
7f3ccc000000-7f3ccc021000 rw-p 00000000 00:00 0 
7f3ccc021000-7f3cd0000000 ---p 00000000 00:00 0 
7f3cd0000000-7f3cd0165000 rw-p 00000000 00:00 0 
7f3cd0165000-7f3cd4000000 ---p 00000000 00:00 0 
7f3cd4000000-7f3cd41bd000 rw-p 00000000 00:00 0 
7f3cd41bd000-7f3cd8000000 ---p 00000000 00:00 0 
7f3cd8000000-7f3cd8021000 rw-p 00000000 00:00 0 
7f3cd8021000-7f3cdc000000 ---p 00000000 00:00 0 
7f3cdc405000-7f3cdc408000 ---p 00000000 00:00 0 
7f3cdc408000-7f3cdc506000 rw-p 00000000 00:00 0 
7f3cdc506000-7f3cdc509000 ---p 00000000 00:00 0 
7f3cdc509000-7f3cdc607000 rw-p 00000000 00:00 0 
7f3cdc607000-7f3cdc60a000 ---p 00000000 00:00 0 
7f3cdc60a000-7f3cdce08000 rw-p 00000000 00:00 0 
7f3cdce08000-7f3cdce0b000 ---p 00000000 00:00 0 
7f3cdce0b000-7f3cdd609000 rw-p 00000000 00:00 0 
7f3cdd609000-7f3cdd60c000 ---p 00000000 00:00 0 
7f3cdd60c000-7f3cdde0a000 rw-p 00000000 00:00 0 
7f3cdde0a000-7f3cdde22000 r-xp 00000000 08:01 2359397                    /tmp/simgrid-java3818418075543773529/libsimgrid-java.so (deleted)
7f3cdde22000-7f3cde022000 ---p 00018000 08:01 2359397                    /tmp/simgrid-java3818418075543773529/libsimgrid-java.so (deleted)
7f3cde022000-7f3cde023000 rw-p 00018000 08:01 2359397                    /tmp/simgrid-java3818418075543773529/libsimgrid-java.so (deleted)
7f3cde023000-7f3cde195000 r-xp 00000000 08:01 23332798                   /usr/lib/x86_64-linux-gnu/libstdc++.so.6.0.21
7f3cde195000-7f3cde395000 ---p 00172000 08:01 23332798                   /usr/lib/x86_64-linux-gnu/libstdc++.so.6.0.21
7f3cde395000-7f3cde39f000 r--p 00172000 08:01 23332798                   /usr/lib/x86_64-linux-gnu/libstdc++.so.6.0.21
7f3cde39f000-7f3cde3a1000 rw-p 0017c000 08:01 23332798                   /usr/lib/x86_64-linux-gnu/libstdc++.so.6.0.21
7f3cde3a1000-7f3cde3a5000 rw-p 00000000 00:00 0 
7f3cde3a5000-7f3cde66a000 r-xp 00000000 08:01 2359396                    /tmp/simgrid-java3818418075543773529/libsimgrid.so (deleted)
7f3cde66a000-7f3cde86a000 ---p 002c5000 08:01 2359396                    /tmp/simgrid-java3818418075543773529/libsimgrid.so (deleted)
7f3cde86a000-7f3cde8a5000 rw-p 002c5000 08:01 2359396                    /tmp/simgrid-java3818418075543773529/libsimgrid.so (deleted)
7f3cde8a5000-7f3cdebae000 rw-p 00000000 00:00 0 
7f3cdebae000-7f3ce0000000 r--p 00000000 08:01 23331759                   /usr/lib/locale/locale-archive
7f3ce0000000-7f3ce0021000 rw-p 00000000 00:00 0 
7f3ce0021000-7f3ce4000000 ---p 00000000 00:00 0 
7f3ce4000000-7f3ce4021000 rw-p 00000000 00:00 0 
7f3ce4021000-7f3ce8000000 ---p 00000000 00:00 0 
7f3ce8000000-7f3ce8021000 rw-p 00000000 00:00 0 
7f3ce8021000-7f3cec000000 ---p 00000000 00:00 0 
7f3cec000000-7f3cec021000 rw-p 00000000 00:00 0 
7f3cec021000-7f3cf0000000 ---p 00000000 00:00 0 
7f3cf0000000-7f3cf0021000 rw-p 00000000 00:00 0 
7f3cf0021000-7f3cf4000000 ---p 00000000 00:00 0 
7f3cf4000000-7f3cf4021000 rw-p 00000000 00:00 0 
7f3cf4021000-7f3cf8000000 ---p 00000000 00:00 0 
7f3cf8000000-7f3cf8021000 rw-p 00000000 00:00 0 
7f3cf8021000-7f3cfc000000 ---p 00000000 00:00 0 
7f3cfc0b9000-7f3cfc0cf000 r-xp 00000000 08:01 3936627                    /lib/x86_64-linux-gnu/libgcc_s.so.1
7f3cfc0cf000-7f3cfc2ce000 ---p 00016000 08:01 3936627                    /lib/x86_64-linux-gnu/libgcc_s.so.1
7f3cfc2ce000-7f3cfc2cf000 rw-p 00015000 08:01 3936627                    /lib/x86_64-linux-gnu/libgcc_s.so.1
7f3cfc2cf000-7f3cfc2e5000 r-xp 00000000 08:01 8783936                    /home/elixandrebaldi/jdk1.8.0_111/jre/lib/amd64/libnet.so
7f3cfc2e5000-7f3cfc4e5000 ---p 00016000 08:01 8783936                    /home/elixandrebaldi/jdk1.8.0_111/jre/lib/amd64/libnet.so
7f3cfc4e5000-7f3cfc4e6000 rw-p 00016000 08:01 8783936                    /home/elixandrebaldi/jdk1.8.0_111/jre/lib/amd64/libnet.so
7f3cfc4e6000-7f3cfc4f7000 r-xp 00000000 08:01 8783935                    /home/elixandrebaldi/jdk1.8.0_111/jre/lib/amd64/libnio.so
7f3cfc4f7000-7f3cfc6f6000 ---p 00011000 08:01 8783935                    /home/elixandrebaldi/jdk1.8.0_111/jre/lib/amd64/libnio.so
7f3cfc6f6000-7f3cfc6f7000 rw-p 00010000 08:01 8783935                    /home/elixandrebaldi/jdk1.8.0_111/jre/lib/amd64/libnio.so
7f3cfc6f7000-7f3cfc6f8000 ---p 00000000 00:00 0 
7f3cfc6f8000-7f3cfc7f8000 rw-p 00000000 00:00 0 
7f3cfc7f8000-7f3cfc7fb000 ---p 00000000 00:00 0 
7f3cfc7fb000-7f3cfc8f9000 rw-p 00000000 00:00 0 
7f3cfc8f9000-7f3cfc8fc000 ---p 00000000 00:00 0 
7f3cfc8fc000-7f3cfc9fa000 rw-p 00000000 00:00 0 
7f3cfc9fa000-7f3cfc9fd000 ---p 00000000 00:00 0 
7f3cfc9fd000-7f3cfcafb000 rw-p 00000000 00:00 0 
7f3cfcafb000-7f3cfcafe000 ---p 00000000 00:00 0 
7f3cfcafe000-7f3cfcbfc000 rw-p 00000000 00:00 0 
7f3cfcbfc000-7f3cfcbff000 ---p 00000000 00:00 0 
7f3cfcbff000-7f3cfccfd000 rw-p 00000000 00:00 0 
7f3cfccfd000-7f3cfcd00000 ---p 00000000 00:00 0 
7f3cfcd00000-7f3cfcdfe000 rw-p 00000000 00:00 0 
7f3cfcdfe000-7f3cfce01000 ---p 00000000 00:00 0 
7f3cfce01000-7f3cfceff000 rw-p 00000000 00:00 0 
7f3cfceff000-7f3cfcf00000 ---p 00000000 00:00 0 
7f3cfcf00000-7f3d01000000 rw-p 00000000 00:00 0 
7f3d01000000-7f3d01270000 rwxp 00000000 00:00 0 
7f3d01270000-7f3d10000000 ---p 00000000 00:00 0 
7f3d10000000-7f3d1055b000 rw-p 00000000 00:00 0 
7f3d1055b000-7f3d14000000 ---p 00000000 00:00 0 
7f3d1400f000-7f3d14030000 r--p 00000000 08:01 24787980                   /usr/share/locale-langpack/pt_BR/LC_MESSAGES/libc.mo
7f3d14030000-7f3d15012000 rw-p 00000000 00:00 0 
7f3d15012000-7f3d151ea000 r--s 03d2a000 08:01 8784070                    /home/elixandrebaldi/jdk1.8.0_111/jre/lib/rt.jar
7f3d151ea000-7f3d156a0000 rw-p 00000000 00:00 0 
7f3d156a0000-7f3d15a60000 ---p 00000000 00:00 0 
7f3d15a60000-7f3d15e60000 rw-p 00000000 00:00 0 
7f3d15e60000-7f3d15e61000 ---p 00000000 00:00 0 
7f3d15e61000-7f3d15f61000 rw-p 00000000 00:00 0 
7f3d15f61000-7f3d15f62000 ---p 00000000 00:00 0 
7f3d15f62000-7f3d16062000 rw-p 00000000 00:00 0 
7f3d16062000-7f3d16063000 ---p 00000000 00:00 0 
7f3d16063000-7f3d16163000 rw-p 00000000 00:00 0 
7f3d16163000-7f3d16164000 ---p 00000000 00:00 0 
7f3d16164000-7f3d16278000 rw-p 00000000 00:00 0 
7f3d16278000-7f3d1650f000 ---p 00000000 00:00 0 
7f3d1650f000-7f3d16523000 rw-p 00000000 00:00 0 
7f3d16523000-7f3d167b9000 ---p 00000000 00:00 0 
7f3d167b9000-7f3d167c4000 rw-p 00000000 00:00 0 
7f3d167c4000-7f3d1690f000 ---p 00000000 00:00 0 
7f3d1690f000-7f3d1691a000 rw-p 00000000 00:00 0 
7f3d1691a000-7f3d16cd0000 ---p 00000000 00:00 0 
7f3d16cd0000-7f3d16cea000 r-xp 00000000 08:01 8783934                    /home/elixandrebaldi/jdk1.8.0_111/jre/lib/amd64/libzip.so
7f3d16cea000-7f3d16eea000 ---p 0001a000 08:01 8783934                    /home/elixandrebaldi/jdk1.8.0_111/jre/lib/amd64/libzip.so
7f3d16eea000-7f3d16eeb000 rw-p 0001a000 08:01 8783934                    /home/elixandrebaldi/jdk1.8.0_111/jre/lib/amd64/libzip.so
7f3d16eeb000-7f3d16ef6000 r-xp 00000000 08:01 3932251                    /lib/x86_64-linux-gnu/libnss_files-2.23.so
7f3d16ef6000-7f3d170f5000 ---p 0000b000 08:01 3932251                    /lib/x86_64-linux-gnu/libnss_files-2.23.so
7f3d170f5000-7f3d170f6000 r--p 0000a000 08:01 3932251                    /lib/x86_64-linux-gnu/libnss_files-2.23.so
7f3d170f6000-7f3d170f7000 rw-p 0000b000 08:01 3932251                    /lib/x86_64-linux-gnu/libnss_files-2.23.so
7f3d170f7000-7f3d170fd000 rw-p 00000000 00:00 0 
7f3d170fd000-7f3d17108000 r-xp 00000000 08:01 3932244                    /lib/x86_64-linux-gnu/libnss_nis-2.23.so
7f3d17108000-7f3d17307000 ---p 0000b000 08:01 3932244                    /lib/x86_64-linux-gnu/libnss_nis-2.23.so
7f3d17307000-7f3d17308000 r--p 0000a000 08:01 3932244                    /lib/x86_64-linux-gnu/libnss_nis-2.23.so
7f3d17308000-7f3d17309000 rw-p 0000b000 08:01 3932244                    /lib/x86_64-linux-gnu/libnss_nis-2.23.so
7f3d17309000-7f3d1731f000 r-xp 00000000 08:01 3932246                    /lib/x86_64-linux-gnu/libnsl-2.23.so
7f3d1731f000-7f3d1751e000 ---p 00016000 08:01 3932246                    /lib/x86_64-linux-gnu/libnsl-2.23.so
7f3d1751e000-7f3d1751f000 r--p 00015000 08:01 3932246                    /lib/x86_64-linux-gnu/libnsl-2.23.so
7f3d1751f000-7f3d17520000 rw-p 00016000 08:01 3932246                    /lib/x86_64-linux-gnu/libnsl-2.23.so
7f3d17520000-7f3d17522000 rw-p 00000000 00:00 0 
7f3d17522000-7f3d1752a000 r-xp 00000000 08:01 3932253                    /lib/x86_64-linux-gnu/libnss_compat-2.23.so
7f3d1752a000-7f3d17729000 ---p 00008000 08:01 3932253                    /lib/x86_64-linux-gnu/libnss_compat-2.23.so
7f3d17729000-7f3d1772a000 r--p 00007000 08:01 3932253                    /lib/x86_64-linux-gnu/libnss_compat-2.23.so
7f3d1772a000-7f3d1772b000 rw-p 00008000 08:01 3932253                    /lib/x86_64-linux-gnu/libnss_compat-2.23.so
7f3d1772b000-7f3d17756000 r-xp 00000000 08:01 8783907                    /home/elixandrebaldi/jdk1.8.0_111/jre/lib/amd64/libjava.so
7f3d17756000-7f3d17955000 ---p 0002b000 08:01 8783907                    /home/elixandrebaldi/jdk1.8.0_111/jre/lib/amd64/libjava.so
7f3d17955000-7f3d17957000 rw-p 0002a000 08:01 8783907                    /home/elixandrebaldi/jdk1.8.0_111/jre/lib/amd64/libjava.so
7f3d17957000-7f3d17964000 r-xp 00000000 08:01 8783870                    /home/elixandrebaldi/jdk1.8.0_111/jre/lib/amd64/libverify.so
7f3d17964000-7f3d17b63000 ---p 0000d000 08:01 8783870                    /home/elixandrebaldi/jdk1.8.0_111/jre/lib/amd64/libverify.so
7f3d17b63000-7f3d17b65000 rw-p 0000c000 08:01 8783870                    /home/elixandrebaldi/jdk1.8.0_111/jre/lib/amd64/libverify.so
7f3d17b65000-7f3d17b6c000 r-xp 00000000 08:01 3932254                    /lib/x86_64-linux-gnu/librt-2.23.so
7f3d17b6c000-7f3d17d6b000 ---p 00007000 08:01 3932254                    /lib/x86_64-linux-gnu/librt-2.23.so
7f3d17d6b000-7f3d17d6c000 r--p 00006000 08:01 3932254                    /lib/x86_64-linux-gnu/librt-2.23.so
7f3d17d6c000-7f3d17d6d000 rw-p 00007000 08:01 3932254                    /lib/x86_64-linux-gnu/librt-2.23.so
7f3d17d6d000-7f3d17e75000 r-xp 00000000 08:01 3932245                    /lib/x86_64-linux-gnu/libm-2.23.so
7f3d17e75000-7f3d18074000 ---p 00108000 08:01 3932245                    /lib/x86_64-linux-gnu/libm-2.23.so
7f3d18074000-7f3d18075000 r--p 00107000 08:01 3932245                    /lib/x86_64-linux-gnu/libm-2.23.so
7f3d18075000-7f3d18076000 rw-p 00108000 08:01 3932245                    /lib/x86_64-linux-gnu/libm-2.23.so
7f3d18076000-7f3d18d43000 r-xp 00000000 08:01 8783785                    /home/elixandrebaldi/jdk1.8.0_111/jre/lib/amd64/server/libjvm.so
7f3d18d43000-7f3d18f42000 ---p 00ccd000 08:01 8783785                    /home/elixandrebaldi/jdk1.8.0_111/jre/lib/amd64/server/libjvm.so
7f3d18f42000-7f3d1901b000 rw-p 00ccc000 08:01 8783785                    /home/elixandrebaldi/jdk1.8.0_111/jre/lib/amd64/server/libjvm.so
7f3d1901b000-7f3d19066000 rw-p 00000000 00:00 0 
7f3d19066000-7f3d19225000 r-xp 00000000 08:01 3932247                    /lib/x86_64-linux-gnu/libc-2.23.so
7f3d19225000-7f3d19425000 ---p 001bf000 08:01 3932247                    /lib/x86_64-linux-gnu/libc-2.23.so
7f3d19425000-7f3d19429000 r--p 001bf000 08:01 3932247                    /lib/x86_64-linux-gnu/libc-2.23.so
7f3d19429000-7f3d1942b000 rw-p 001c3000 08:01 3932247                    /lib/x86_64-linux-gnu/libc-2.23.so
7f3d1942b000-7f3d1942f000 rw-p 00000000 00:00 0 
7f3d1942f000-7f3d19432000 r-xp 00000000 08:01 3932243                    /lib/x86_64-linux-gnu/libdl-2.23.so
7f3d19432000-7f3d19631000 ---p 00003000 08:01 3932243                    /lib/x86_64-linux-gnu/libdl-2.23.so
7f3d19631000-7f3d19632000 r--p 00002000 08:01 3932243                    /lib/x86_64-linux-gnu/libdl-2.23.so
7f3d19632000-7f3d19633000 rw-p 00003000 08:01 3932243                    /lib/x86_64-linux-gnu/libdl-2.23.so
7f3d19633000-7f3d19648000 r-xp 00000000 08:01 8783943                    /home/elixandrebaldi/jdk1.8.0_111/lib/amd64/jli/libjli.so
7f3d19648000-7f3d19848000 ---p 00015000 08:01 8783943                    /home/elixandrebaldi/jdk1.8.0_111/lib/amd64/jli/libjli.so
7f3d19848000-7f3d19849000 rw-p 00015000 08:01 8783943                    /home/elixandrebaldi/jdk1.8.0_111/lib/amd64/jli/libjli.so
7f3d19849000-7f3d19861000 r-xp 00000000 08:01 3932258                    /lib/x86_64-linux-gnu/libpthread-2.23.so
7f3d19861000-7f3d19a60000 ---p 00018000 08:01 3932258                    /lib/x86_64-linux-gnu/libpthread-2.23.so
7f3d19a60000-7f3d19a61000 r--p 00017000 08:01 3932258                    /lib/x86_64-linux-gnu/libpthread-2.23.so
7f3d19a61000-7f3d19a62000 rw-p 00018000 08:01 3932258                    /lib/x86_64-linux-gnu/libpthread-2.23.so
7f3d19a62000-7f3d19a66000 rw-p 00000000 00:00 0 
7f3d19a66000-7f3d19a8c000 r-xp 00000000 08:01 3932248                    /lib/x86_64-linux-gnu/ld-2.23.so
7f3d19a9d000-7f3d19b69000 rw-p 00000000 00:00 0 
7f3d19b69000-7f3d19b6c000 ---p 00000000 00:00 0 
7f3d19b6c000-7f3d19c6e000 rw-p 00000000 00:00 0 
7f3d19c70000-7f3d19c77000 r--s 00000000 08:01 23463272                   /usr/lib/x86_64-linux-gnu/gconv/gconv-modules.cache
7f3d19c77000-7f3d19c7c000 r--s 00096000 08:01 8783911                    /home/elixandrebaldi/jdk1.8.0_111/jre/lib/jsse.jar
7f3d19c7c000-7f3d19c7f000 r--s 00f76000 08:01 8524426                    /home/elixandrebaldi/Documentos/VCubeDHT/simgrid.jar
7f3d19c7f000-7f3d19c87000 rw-s 00000000 08:01 2359392                    /tmp/hsperfdata_elixandrebaldi/7622 (deleted)
7f3d19c87000-7f3d19c88000 rw-p 00000000 00:00 0 
7f3d19c88000-7f3d19c89000 ---p 00000000 00:00 0 
7f3d19c89000-7f3d19c8b000 rw-p 00000000 00:00 0 
7f3d19c8b000-7f3d19c8c000 r--p 00025000 08:01 3932248                    /lib/x86_64-linux-gnu/ld-2.23.so
7f3d19c8c000-7f3d19c8d000 rw-p 00026000 08:01 3932248                    /lib/x86_64-linux-gnu/ld-2.23.so
7f3d19c8d000-7f3d19c8e000 rw-p 00000000 00:00 0 
7ffdaf8cd000-7ffdaf8ee000 rw-p 00000000 00:00 0                          [stack]
7ffdaf910000-7ffdaf912000 r--p 00000000 00:00 0                          [vvar]
7ffdaf912000-7ffdaf914000 r-xp 00000000 00:00 0                          [vdso]
ffffffffff600000-ffffffffff601000 r-xp 00000000 00:00 0                  [vsyscall]

VM Arguments:
jvm_args: -Dfile.encoding=UTF-8 -Xmx2048m 
java_command: vcube.VCube platform.xml deployment.xml
java_class_path (initial): /home/elixandrebaldi/Documentos/VCubeDHT/simgrid.jar:/home/elixandrebaldi/Documentos/VCubeDHT/VCube/build/classes
Launcher Type: SUN_STANDARD

Environment Variables:
PATH=/home/elixandrebaldi/bin:/home/elixandrebaldi/.local/bin:/usr/local/sbin:/usr/local/bin:/usr/sbin:/usr/bin:/sbin:/bin:/usr/games:/usr/local/games
LD_LIBRARY_PATH=/home/elixandrebaldi/jdk1.8.0_111/jre/lib/amd64:/home/elixandrebaldi/jdk1.8.0_111/jre/lib/i386:
SHELL=/bin/bash
DISPLAY=:0

Signal Handlers:
SIGSEGV: [libjvm.so+0xac64b0], sa_mask[0]=11111111011111111101111111111110, sa_flags=SA_RESTART|SA_SIGINFO
SIGBUS: [libjvm.so+0xac64b0], sa_mask[0]=11111111011111111101111111111110, sa_flags=SA_RESTART|SA_SIGINFO
SIGFPE: [libjvm.so+0x91f950], sa_mask[0]=11111111011111111101111111111110, sa_flags=SA_RESTART|SA_SIGINFO
SIGPIPE: [libjvm.so+0x91f950], sa_mask[0]=11111111011111111101111111111110, sa_flags=SA_RESTART|SA_SIGINFO
SIGXFSZ: [libjvm.so+0x91f950], sa_mask[0]=11111111011111111101111111111110, sa_flags=SA_RESTART|SA_SIGINFO
SIGILL: [libjvm.so+0x91f950], sa_mask[0]=11111111011111111101111111111110, sa_flags=SA_RESTART|SA_SIGINFO
SIGUSR1: SIG_DFL, sa_mask[0]=00000000000000000000000000000000, sa_flags=none
SIGUSR2: [libjvm.so+0x920f80], sa_mask[0]=00100000000000000000000000000000, sa_flags=SA_RESTART|SA_SIGINFO
SIGHUP: [libjvm.so+0x922380], sa_mask[0]=11111111011111111101111111111110, sa_flags=SA_RESTART|SA_SIGINFO
SIGINT: [libsimgrid.so+0x8ff50], sa_mask[0]=01000000000000000000000000000000, sa_flags=SA_RESTART
SIGTERM: [libjvm.so+0x922380], sa_mask[0]=11111111011111111101111111111110, sa_flags=SA_RESTART|SA_SIGINFO
SIGQUIT: [libjvm.so+0x922380], sa_mask[0]=11111111011111111101111111111110, sa_flags=SA_RESTART|SA_SIGINFO


---------------  S Y S T E M  ---------------

OS:DISTRIB_ID="elementary"
DISTRIB_RELEASE=0.4.1
DISTRIB_CODENAME=loki
DISTRIB_DESCRIPTION="elementary OS 0.4.1 Loki"

uname:Linux 4.4.0-79-generic #100-Ubuntu SMP Wed May 17 19:58:14 UTC 2017 x86_64
libc:glibc 2.23 NPTL 2.23 
rlimit: STACK 8192k, CORE 0k, NPROC 14991, NOFILE 65536, AS infinity
load average:1.33 0.76 0.87

/proc/meminfo:
MemTotal:        3878592 kB
MemFree:         1253312 kB
MemAvailable:    1679696 kB
Buffers:          104332 kB
Cached:           608012 kB
SwapCached:           76 kB
Active:          1440768 kB
Inactive:         945092 kB
Active(anon):    1141820 kB
Inactive(anon):   670556 kB
Active(file):     298948 kB
Inactive(file):   274536 kB
Unevictable:          48 kB
Mlocked:              48 kB
SwapTotal:       4025340 kB
SwapFree:        4021740 kB
Dirty:             13044 kB
Writeback:             0 kB
AnonPages:       1673512 kB
Mapped:           242264 kB
Shmem:            138860 kB
Slab:             143128 kB
SReclaimable:     110792 kB
SUnreclaim:        32336 kB
KernelStack:        8384 kB
PageTables:        30680 kB
NFS_Unstable:          0 kB
Bounce:                0 kB
WritebackTmp:          0 kB
CommitLimit:     5964636 kB
Committed_AS:    5024096 kB
VmallocTotal:   34359738367 kB
VmallocUsed:           0 kB
VmallocChunk:          0 kB
HardwareCorrupted:     0 kB
AnonHugePages:   1107968 kB
CmaTotal:              0 kB
CmaFree:               0 kB
HugePages_Total:       0
HugePages_Free:        0
HugePages_Rsvd:        0
HugePages_Surp:        0
Hugepagesize:       2048 kB
DirectMap4k:      140024 kB
DirectMap2M:     3887104 kB


CPU:total 4 (2 cores per cpu, 2 threads per core) family 6 model 58 stepping 9, cmov, cx8, fxsr, mmx, sse, sse2, sse3, ssse3, sse4.1, sse4.2, popcnt, avx, clmul, erms, ht, tsc, tscinvbit, tscinv

/proc/cpuinfo:
processor	: 0
vendor_id	: GenuineIntel
cpu family	: 6
model		: 58
model name	: Intel(R) Core(TM) i7-3517U CPU @ 1.90GHz
stepping	: 9
microcode	: 0x12
cpu MHz		: 934.218
cache size	: 4096 KB
physical id	: 0
siblings	: 4
core id		: 0
cpu cores	: 2
apicid		: 0
initial apicid	: 0
fpu		: yes
fpu_exception	: yes
cpuid level	: 13
wp		: yes
flags		: fpu vme de pse tsc msr pae mce cx8 apic sep mtrr pge mca cmov pat pse36 clflush dts acpi mmx fxsr sse sse2 ss ht tm pbe syscall nx rdtscp lm constant_tsc arch_perfmon pebs bts rep_good nopl xtopology nonstop_tsc aperfmperf eagerfpu pni pclmulqdq dtes64 monitor ds_cpl vmx est tm2 ssse3 cx16 xtpr pdcm pcid sse4_1 sse4_2 x2apic popcnt tsc_deadline_timer xsave avx f16c rdrand lahf_lm epb tpr_shadow vnmi flexpriority ept vpid fsgsbase smep erms xsaveopt dtherm ida arat pln pts
bugs		:
bogomips	: 4789.43
clflush size	: 64
cache_alignment	: 64
address sizes	: 36 bits physical, 48 bits virtual
power management:

processor	: 1
vendor_id	: GenuineIntel
cpu family	: 6
model		: 58
model name	: Intel(R) Core(TM) i7-3517U CPU @ 1.90GHz
stepping	: 9
microcode	: 0x12
cpu MHz		: 864.281
cache size	: 4096 KB
physical id	: 0
siblings	: 4
core id		: 0
cpu cores	: 2
apicid		: 1
initial apicid	: 1
fpu		: yes
fpu_exception	: yes
cpuid level	: 13
wp		: yes
flags		: fpu vme de pse tsc msr pae mce cx8 apic sep mtrr pge mca cmov pat pse36 clflush dts acpi mmx fxsr sse sse2 ss ht tm pbe syscall nx rdtscp lm constant_tsc arch_perfmon pebs bts rep_good nopl xtopology nonstop_tsc aperfmperf eagerfpu pni pclmulqdq dtes64 monitor ds_cpl vmx est tm2 ssse3 cx16 xtpr pdcm pcid sse4_1 sse4_2 x2apic popcnt tsc_deadline_timer xsave avx f16c rdrand lahf_lm epb tpr_shadow vnmi flexpriority ept vpid fsgsbase smep erms xsaveopt dtherm ida arat pln pts
bugs		:
bogomips	: 4789.43
clflush size	: 64
cache_alignment	: 64
address sizes	: 36 bits physical, 48 bits virtual
power management:

processor	: 2
vendor_id	: GenuineIntel
cpu family	: 6
model		: 58
model name	: Intel(R) Core(TM) i7-3517U CPU @ 1.90GHz
stepping	: 9
microcode	: 0x12
cpu MHz		: 838.875
cache size	: 4096 KB
physical id	: 0
siblings	: 4
core id		: 1
cpu cores	: 2
apicid		: 2
initial apicid	: 2
fpu		: yes
fpu_exception	: yes
cpuid level	: 13
wp		: yes
flags		: fpu vme de pse tsc msr pae mce cx8 apic sep mtrr pge mca cmov pat pse36 clflush dts acpi mmx fxsr sse sse2 ss ht tm pbe syscall nx rdtscp lm constant_tsc arch_perfmon pebs bts rep_good nopl xtopology nonstop_tsc aperfmperf eagerfpu pni pclmulqdq dtes64 monitor ds_cpl vmx est tm2 ssse3 cx16 xtpr pdcm pcid sse4_1 sse4_2 x2apic popcnt tsc_deadline_timer xsave avx f16c rdrand lahf_lm epb tpr_shadow vnmi flexpriority ept vpid fsgsbase smep erms xsaveopt dtherm ida arat pln pts
bugs		:
bogomips	: 4789.43
clflush size	: 64
cache_alignment	: 64
address sizes	: 36 bits physical, 48 bits virtual
power management:

processor	: 3
vendor_id	: GenuineIntel
cpu family	: 6
model		: 58
model name	: Intel(R) Core(TM) i7-3517U CPU @ 1.90GHz
stepping	: 9
microcode	: 0x12
cpu MHz		: 926.437
cache size	: 4096 KB
physical id	: 0
siblings	: 4
core id		: 1
cpu cores	: 2
apicid		: 3
initial apicid	: 3
fpu		: yes
fpu_exception	: yes
cpuid level	: 13
wp		: yes
flags		: fpu vme de pse tsc msr pae mce cx8 apic sep mtrr pge mca cmov pat pse36 clflush dts acpi mmx fxsr sse sse2 ss ht tm pbe syscall nx rdtscp lm constant_tsc arch_perfmon pebs bts rep_good nopl xtopology nonstop_tsc aperfmperf eagerfpu pni pclmulqdq dtes64 monitor ds_cpl vmx est tm2 ssse3 cx16 xtpr pdcm pcid sse4_1 sse4_2 x2apic popcnt tsc_deadline_timer xsave avx f16c rdrand lahf_lm epb tpr_shadow vnmi flexpriority ept vpid fsgsbase smep erms xsaveopt dtherm ida arat pln pts
bugs		:
bogomips	: 4789.43
clflush size	: 64
cache_alignment	: 64
address sizes	: 36 bits physical, 48 bits virtual
power management:



Memory: 4k page, physical 3878592k(1253312k free), swap 4025340k(4021740k free)

vm_info: Java HotSpot(TM) 64-Bit Server VM (25.111-b14) for linux-amd64 JRE (1.8.0_111-b14), built on Sep 22 2016 16:14:03 by "java_re" with gcc 4.3.0 20080428 (Red Hat 4.3.0-8)

time: Tue Jun 13 15:35:00 2017
elapsed time: 1 seconds (0d 0h 0m 1s)

