#
# A fatal error has been detected by the Java Runtime Environment:
#
#  SIGSEGV (0xb) at pc=0x00007febc9703263, pid=7419, tid=0x00007febcbefe700
#
# JRE version: Java(TM) SE Runtime Environment (8.0_111-b14) (build 1.8.0_111-b14)
# Java VM: Java HotSpot(TM) 64-Bit Server VM (25.111-b14 mixed mode linux-amd64 compressed oops)
# Problematic frame:
# C  [libsimgrid.so+0x190263]  xbt_dynar_member+0x23
#
# Failed to write core dump. Core dumps have been disabled. To enable core dumping, try "ulimit -c unlimited" before starting Java again
#
# If you would like to submit a bug report, please visit:
#   http://bugreport.java.com/bugreport/crash.jsp
#

---------------  T H R E A D  ---------------

Current thread (0x00007febf0077800):  VMThread [stack: 0x00007febcbdfe000,0x00007febcbeff000] [id=7429]

siginfo: si_signo: 11 (SIGSEGV), si_code: 1 (SEGV_MAPERR), si_addr: 0x0000000000000000

Registers:
RAX=0x0000000000000000, RBX=0x00007febc9a6f700, RCX=0x0000000000000000, RDX=0x00007febcbefea30
RSP=0x00007febcbefd590, RBP=0x00007febf0152c30, RSI=0x00007febcbefd738, RDI=0x00007febcbefd650
R8 =0x00007febf0149c40, R9 =0x00007febf0149c40, R10=0x0000000000000c58, R11=0x00007febc9703240
R12=0x00007febc9a7a790, R13=0x00007febf0132cc0, R14=0x00000000000003d8, R15=0x00007febf0026e88
RIP=0x00007febc9703263, EFLAGS=0x0000000000010206, CSGSFS=0x0000000000000033, ERR=0x0000000000000004
  TRAPNO=0x000000000000000e

Top of Stack: (sp=0x00007febcbefd590)
0x00007febcbefd590:   0000000000000000 0000000000000000
0x00007febcbefd5a0:   00007febf0149cb0 00007febcbefd738
0x00007febcbefd5b0:   0000000000000000 0000000000000000
0x00007febcbefd5c0:   0000000000000000 0000000000000000
0x00007febcbefd5d0:   0000000000000000 0000000000000000
0x00007febcbefd5e0:   0000000000000000 0000000000000000
0x00007febcbefd5f0:   0000000000000000 0000000000000000
0x00007febcbefd600:   0000ff00000000ff 00000000ff000000
0x00007febcbefd610:   0000000000000000 0000000000000000
0x00007febcbefd620:   0000000000000000 0000000000000000
0x00007febcbefd630:   0000000000000000 0000000000000000
0x00007febcbefd640:   0000000042c80000 0000000000000000
0x00007febcbefd650:   0000000000000000 0000000000000000
0x00007febcbefd660:   0000000000000000 0000000000000000
0x00007febcbefd670:   0000000000000000 0000000000000000
0x00007febcbefd680:   00007febc9a3a400 00007febf0158840
0x00007febcbefd690:   00007febf0132cc0 00007febc96f9a0a
0x00007febcbefd6a0:   00007febf21d13c0 00007febc9a3a400
0x00007febcbefd6b0:   00007febf0158840 00007febc9769286
0x00007febcbefd6c0:   00007febf0191110 0000000000000000
0x00007febcbefd6d0:   0000000000000000 00007febcbefd738
0x00007febcbefd6e0:   00007febf0149cb0 00007febf0149c40
0x00007febcbefd6f0:   00007febf0149c40 00007febc9a72a98
0x00007febcbefd700:   00007febf014bea0 0000000000000001
0x00007febcbefd710:   00007febc9a6f700 00007febf0131200
0x00007febcbefd720:   00007febc9a6f700 00007febc972034f
0x00007febcbefd730:   0000000000000000 00007febf0158840
0x00007febcbefd740:   0000000000000000 0000000000000000
0x00007febcbefd750:   0000000000000000 00007febc9a72a98
0x00007febcbefd760:   00007febf014bea0 0000000000000001
0x00007febcbefd770:   00007febf0132cc0 00007febc9701d37
0x00007febcbefd780:   00007febf0132cc0 00007febc9a72098 

Instructions: (pc=0x00007febc9703263)
0x00007febc9703243:   ec 90 01 00 00 48 8b 05 01 a2 33 00 48 89 7c 24
0x00007febc9703253:   10 48 89 74 24 18 ff 10 48 8d bc 24 c0 00 00 00
0x00007febc9703263:   48 8b 08 48 89 04 24 48 89 38 48 89 4c 24 08 e8
0x00007febc9703273:   79 31 ed ff 85 c0 74 75 48 8b 14 24 c7 42 08 01 

Register to memory mapping:

RAX=0x0000000000000000 is an unknown value
RBX=0x00007febc9a6f700: _simgrid_log_category__simix_process+0 in /tmp/simgrid-java4250295772741609034/libsimgrid.so at 0x00007febc9573000
RCX=0x0000000000000000 is an unknown value
RDX=0x00007febcbefea30 is an unknown value
RSP=0x00007febcbefd590 is an unknown value
RBP=0x00007febf0152c30 is an unknown value
RSI=0x00007febcbefd738 is an unknown value
RDI=0x00007febcbefd650 is an unknown value
R8 =0x00007febf0149c40 is an unknown value
R9 =0x00007febf0149c40 is an unknown value
R10=0x0000000000000c58 is an unknown value
R11=0x00007febc9703240: xbt_dynar_member+0 in /tmp/simgrid-java4250295772741609034/libsimgrid.so at 0x00007febc9573000
R12=0x00007febc9a7a790: simix_global+0 in /tmp/simgrid-java4250295772741609034/libsimgrid.so at 0x00007febc9573000
R13=0x00007febf0132cc0 is an unknown value
R14=0x00000000000003d8 is an unknown value
R15=0x00007febf0026e88 is an unknown value


Stack: [0x00007febcbdfe000,0x00007febcbeff000],  sp=0x00007febcbefd590,  free space=1021k
Native frames: (J=compiled Java code, j=interpreted, Vv=VM code, C=native code)
C  [libsimgrid.so+0x190263]  xbt_dynar_member+0x23

VM_Operation (0x00007febc85bf450): Exit, mode: safepoint, requested by thread 0x00007febb4001000


---------------  P R O C E S S  ---------------

Java Threads: ( => current thread )
  0x00007febb4001000 JavaThread "SIGTERM handler" daemon [_thread_blocked, id=7456, stack(0x00007febc84c0000,0x00007febc85c1000)]
  0x00007feb5c001000 JavaThread "Thread-16" [_thread_in_native, id=7453, stack(0x00007feb7c7f9000,0x00007feb7cffa000)]
  0x00007feb64001000 JavaThread "Thread-14" [_thread_in_native, id=7451, stack(0x00007feb7d7fb000,0x00007feb7dffc000)]
  0x00007feb58001000 JavaThread "Thread-13" [_thread_in_native, id=7452, stack(0x00007feb7cffa000,0x00007feb7d7fb000)]
  0x00007feb60001000 JavaThread "Thread-15" [_thread_in_native, id=7450, stack(0x00007feb7dffc000,0x00007feb7e7fd000)]
  0x00007feb6c001000 JavaThread "Thread-12" [_thread_in_native, id=7449, stack(0x00007feb7e7fd000,0x00007feb7effe000)]
  0x00007feb68001000 JavaThread "Thread-11" [_thread_blocked, id=7448, stack(0x00007feb7effe000,0x00007feb7f7ff000)]
  0x00007feb70001000 JavaThread "Thread-10" [_thread_in_native, id=7447, stack(0x00007feb777ff000,0x00007feb78000000)]
  0x00007feb78001000 JavaThread "Thread-9" [_thread_in_native, id=7446, stack(0x00007feb7f7ff000,0x00007feb80000000)]
  0x00007feb84001000 JavaThread "Thread-8" [_thread_in_native, id=7445, stack(0x00007feba07f9000,0x00007feba0ffa000)]
  0x00007feb80001000 JavaThread "Thread-7" [_thread_in_native, id=7444, stack(0x00007feba0ffa000,0x00007feba17fb000)]
  0x00007feb8c001000 JavaThread "Thread-6" [_thread_in_native, id=7443, stack(0x00007feba17fb000,0x00007feba1ffc000)]
  0x00007feb88001000 JavaThread "Thread-5" [_thread_in_native, id=7442, stack(0x00007feba1ffc000,0x00007feba27fd000)]
  0x00007feb94001000 JavaThread "Thread-4" [_thread_in_native, id=7441, stack(0x00007feba27fd000,0x00007feba2ffe000)]
  0x00007feb98001000 JavaThread "Thread-2" [_thread_in_native, id=7439, stack(0x00007feba37ff000,0x00007feba4000000)]
  0x00007feb90001000 JavaThread "Thread-3" [_thread_in_native, id=7440, stack(0x00007feba2ffe000,0x00007feba37ff000)]
  0x00007feb9c001000 JavaThread "Thread-1" [_thread_in_native, id=7438, stack(0x00007febc85c1000,0x00007febc8dc2000)]
  0x00007febf00c8000 JavaThread "Service Thread" daemon [_thread_blocked, id=7436, stack(0x00007febca2a5000,0x00007febca3a6000)]
  0x00007febf00bd000 JavaThread "C1 CompilerThread2" daemon [_thread_blocked, id=7435, stack(0x00007febca3a6000,0x00007febca4a7000)]
  0x00007febf00bb000 JavaThread "C2 CompilerThread1" daemon [_thread_blocked, id=7434, stack(0x00007febca4a7000,0x00007febca5a8000)]
  0x00007febf00b8800 JavaThread "C2 CompilerThread0" daemon [_thread_blocked, id=7433, stack(0x00007febca5a8000,0x00007febca6a9000)]
  0x00007febf0084000 JavaThread "Finalizer" daemon [_thread_blocked, id=7431, stack(0x00007febcbbfc000,0x00007febcbcfd000)]
  0x00007febf007f000 JavaThread "Reference Handler" daemon [_thread_blocked, id=7430, stack(0x00007febcbcfd000,0x00007febcbdfe000)]
  0x00007febf000a000 JavaThread "main" [_thread_in_native, id=7424, stack(0x00007febf8a86000,0x00007febf8b87000)]

Other Threads:
=>0x00007febf0077800 VMThread [stack: 0x00007febcbdfe000,0x00007febcbeff000] [id=7429]

VM state:at safepoint (shutting down)

VM Mutex/Monitor currently owned by a thread:  ([mutex/lock_event])
[0x00007febf00060f0] Threads_lock - owner thread: 0x00007febf0077800

Heap:
 PSYoungGen      total 22016K, used 12405K [0x00000000d5580000, 0x00000000d7980000, 0x0000000100000000)
  eden space 13312K, 27% used [0x00000000d5580000,0x00000000d591d668,0x00000000d6280000)
  from space 8704K, 100% used [0x00000000d6d00000,0x00000000d7580000,0x00000000d7580000)
  to   space 10752K, 0% used [0x00000000d6280000,0x00000000d6280000,0x00000000d6d00000)
 ParOldGen       total 40960K, used 14708K [0x0000000080000000, 0x0000000082800000, 0x00000000d5580000)
  object space 40960K, 35% used [0x0000000080000000,0x0000000080e5d060,0x0000000082800000)
 Metaspace       used 3757K, capacity 4704K, committed 4864K, reserved 1056768K
  class space    used 417K, capacity 464K, committed 512K, reserved 1048576K

Card table byte_map: [0x00007febf542c000,0x00007febf582d000] byte_map_base: 0x00007febf502c000

Marking Bits: (ParMarkBitMap*) 0x00007febf7f56220
 Begin Bits: [0x00007febd0000000, 0x00007febd2000000)
 End Bits:   [0x00007febd2000000, 0x00007febd4000000)

Polling page: 0x00007febf8ba5000

CodeCache: size=245760Kb used=2754Kb max_used=2799Kb free=243005Kb
 bounds [0x00007febe1000000, 0x00007febe12d0000, 0x00007febf0000000]
 total_blobs=476 nmethods=213 adapters=177
 compilation: enabled

Compilation events (10 events):
Event: 13.677 Thread 0x00007febf00bd000  209 % !   3       vcube.Node::main @ 35 (1856 bytes)
Event: 13.709 Thread 0x00007febf00bd000 nmethod 209% 0x00007febe12611d0 code [0x00007febe1262580, 0x00007febe12719e8]
Event: 15.564 Thread 0x00007febf00b8800  210 % !   4       vcube.Node::main @ 59 (1856 bytes)
Event: 16.521 Thread 0x00007febf00b8800 nmethod 210% 0x00007febe1288a10 code [0x00007febe12895e0, 0x00007febe1294178]
Event: 16.556 Thread 0x00007febf00bb000  211 % !   4       vcube.Node::main @ 35 (1856 bytes)
Event: 17.421 Thread 0x00007febf00bb000 nmethod 211% 0x00007febe12991d0 code [0x00007febe1299ce0, 0x00007febe12a3f98]
Event: 19.120 Thread 0x00007febf00b8800  212 % !   4       vcube.Node::main @ 11 (1856 bytes)
Event: 19.838 Thread 0x00007febf00b8800 nmethod 212% 0x00007febe12a8ad0 code [0x00007febe12a9620, 0x00007febe12b3d58]
Event: 20.053 Thread 0x00007febf00bb000  213 % !   4       vcube.Node::main @ 1769 (1856 bytes)
Event: 20.950 Thread 0x00007febf00bb000 nmethod 213% 0x00007febe12b8750 code [0x00007febe12b92c0, 0x00007febe12c3a78]

GC Heap History (10 events):
Event: 13.412 GC heap before
{Heap before GC invocations=4 (full 0):
 PSYoungGen      total 17920K, used 17920K [0x00000000d5580000, 0x00000000d6980000, 0x0000000100000000)
  eden space 15360K, 100% used [0x00000000d5580000,0x00000000d6480000,0x00000000d6480000)
  from space 2560K, 100% used [0x00000000d6480000,0x00000000d6700000,0x00000000d6700000)
  to   space 2560K, 0% used [0x00000000d6700000,0x00000000d6700000,0x00000000d6980000)
 ParOldGen       total 40960K, used 4992K [0x0000000080000000, 0x0000000082800000, 0x00000000d5580000)
  object space 40960K, 12% used [0x0000000080000000,0x00000000804e0030,0x0000000082800000)
 Metaspace       used 3742K, capacity 4704K, committed 4864K, reserved 1056768K
  class space    used 414K, capacity 464K, committed 512K, reserved 1048576K
Event: 13.427 GC heap after
Heap after GC invocations=4 (full 0):
 PSYoungGen      total 17920K, used 2560K [0x00000000d5580000, 0x00000000d6980000, 0x0000000100000000)
  eden space 15360K, 0% used [0x00000000d5580000,0x00000000d5580000,0x00000000d6480000)
  from space 2560K, 100% used [0x00000000d6700000,0x00000000d6980000,0x00000000d6980000)
  to   space 2560K, 0% used [0x00000000d6480000,0x00000000d6480000,0x00000000d6700000)
 ParOldGen       total 40960K, used 8204K [0x0000000080000000, 0x0000000082800000, 0x00000000d5580000)
  object space 40960K, 20% used [0x0000000080000000,0x0000000080803040,0x0000000082800000)
 Metaspace       used 3742K, capacity 4704K, committed 4864K, reserved 1056768K
  class space    used 414K, capacity 464K, committed 512K, reserved 1048576K
}
Event: 16.851 GC heap before
{Heap before GC invocations=5 (full 0):
 PSYoungGen      total 17920K, used 17920K [0x00000000d5580000, 0x00000000d6980000, 0x0000000100000000)
  eden space 15360K, 100% used [0x00000000d5580000,0x00000000d6480000,0x00000000d6480000)
  from space 2560K, 100% used [0x00000000d6700000,0x00000000d6980000,0x00000000d6980000)
  to   space 2560K, 0% used [0x00000000d6480000,0x00000000d6480000,0x00000000d6700000)
 ParOldGen       total 40960K, used 8204K [0x0000000080000000, 0x0000000082800000, 0x00000000d5580000)
  object space 40960K, 20% used [0x0000000080000000,0x0000000080803040,0x0000000082800000)
 Metaspace       used 3742K, capacity 4704K, committed 4864K, reserved 1056768K
  class space    used 414K, capacity 464K, committed 512K, reserved 1048576K
Event: 16.863 GC heap after
Heap after GC invocations=5 (full 0):
 PSYoungGen      total 17920K, used 2560K [0x00000000d5580000, 0x00000000d7380000, 0x0000000100000000)
  eden space 15360K, 0% used [0x00000000d5580000,0x00000000d5580000,0x00000000d6480000)
  from space 2560K, 100% used [0x00000000d6480000,0x00000000d6700000,0x00000000d6700000)
  to   space 7680K, 0% used [0x00000000d6c00000,0x00000000d6c00000,0x00000000d7380000)
 ParOldGen       total 40960K, used 11212K [0x0000000080000000, 0x0000000082800000, 0x00000000d5580000)
  object space 40960K, 27% used [0x0000000080000000,0x0000000080af3060,0x0000000082800000)
 Metaspace       used 3742K, capacity 4704K, committed 4864K, reserved 1056768K
  class space    used 414K, capacity 464K, committed 512K, reserved 1048576K
}
Event: 19.800 GC heap before
{Heap before GC invocations=6 (full 0):
 PSYoungGen      total 17920K, used 17920K [0x00000000d5580000, 0x00000000d7380000, 0x0000000100000000)
  eden space 15360K, 100% used [0x00000000d5580000,0x00000000d6480000,0x00000000d6480000)
  from space 2560K, 100% used [0x00000000d6480000,0x00000000d6700000,0x00000000d6700000)
  to   space 7680K, 0% used [0x00000000d6c00000,0x00000000d6c00000,0x00000000d7380000)
 ParOldGen       total 40960K, used 11212K [0x0000000080000000, 0x0000000082800000, 0x00000000d5580000)
  object space 40960K, 27% used [0x0000000080000000,0x0000000080af3060,0x0000000082800000)
 Metaspace       used 3742K, capacity 4704K, committed 4864K, reserved 1056768K
  class space    used 414K, capacity 464K, committed 512K, reserved 1048576K
Event: 19.816 GC heap after
Heap after GC invocations=6 (full 0):
 PSYoungGen      total 23040K, used 5600K [0x00000000d5580000, 0x00000000d7380000, 0x0000000100000000)
  eden space 15360K, 0% used [0x00000000d5580000,0x00000000d5580000,0x00000000d6480000)
  from space 7680K, 72% used [0x00000000d6c00000,0x00000000d7178000,0x00000000d7380000)
  to   space 7680K, 0% used [0x00000000d6480000,0x00000000d6480000,0x00000000d6c00000)
 ParOldGen       total 40960K, used 11212K [0x0000000080000000, 0x0000000082800000, 0x00000000d5580000)
  object space 40960K, 27% used [0x0000000080000000,0x0000000080af3060,0x0000000082800000)
 Metaspace       used 3742K, capacity 4704K, committed 4864K, reserved 1056768K
  class space    used 414K, capacity 464K, committed 512K, reserved 1048576K
}
Event: 23.163 GC heap before
{Heap before GC invocations=7 (full 0):
 PSYoungGen      total 23040K, used 20960K [0x00000000d5580000, 0x00000000d7380000, 0x0000000100000000)
  eden space 15360K, 100% used [0x00000000d5580000,0x00000000d6480000,0x00000000d6480000)
  from space 7680K, 72% used [0x00000000d6c00000,0x00000000d7178000,0x00000000d7380000)
  to   space 7680K, 0% used [0x00000000d6480000,0x00000000d6480000,0x00000000d6c00000)
 ParOldGen       total 40960K, used 11212K [0x0000000080000000, 0x0000000082800000, 0x00000000d5580000)
  object space 40960K, 27% used [0x0000000080000000,0x0000000080af3060,0x0000000082800000)
 Metaspace       used 3742K, capacity 4704K, committed 4864K, reserved 1056768K
  class space    used 414K, capacity 464K, committed 512K, reserved 1048576K
Event: 23.187 GC heap after
Heap after GC invocations=7 (full 0):
 PSYoungGen      total 23040K, used 7168K [0x00000000d5580000, 0x00000000d7580000, 0x0000000100000000)
  eden space 15360K, 0% used [0x00000000d5580000,0x00000000d5580000,0x00000000d6480000)
  from space 7680K, 93% used [0x00000000d6480000,0x00000000d6b80000,0x00000000d6c00000)
  to   space 8704K, 0% used [0x00000000d6d00000,0x00000000d6d00000,0x00000000d7580000)
 ParOldGen       total 40960K, used 12796K [0x0000000080000000, 0x0000000082800000, 0x00000000d5580000)
  object space 40960K, 31% used [0x0000000080000000,0x0000000080c7f060,0x0000000082800000)
 Metaspace       used 3742K, capacity 4704K, committed 4864K, reserved 1056768K
  class space    used 414K, capacity 464K, committed 512K, reserved 1048576K
}
Event: 27.153 GC heap before
{Heap before GC invocations=8 (full 0):
 PSYoungGen      total 23040K, used 22528K [0x00000000d5580000, 0x00000000d7580000, 0x0000000100000000)
  eden space 15360K, 100% used [0x00000000d5580000,0x00000000d6480000,0x00000000d6480000)
  from space 7680K, 93% used [0x00000000d6480000,0x00000000d6b80000,0x00000000d6c00000)
  to   space 8704K, 0% used [0x00000000d6d00000,0x00000000d6d00000,0x00000000d7580000)
 ParOldGen       total 40960K, used 12796K [0x0000000080000000, 0x0000000082800000, 0x00000000d5580000)
  object space 40960K, 31% used [0x0000000080000000,0x0000000080c7f060,0x0000000082800000)
 Metaspace       used 3742K, capacity 4704K, committed 4864K, reserved 1056768K
  class space    used 414K, capacity 464K, committed 512K, reserved 1048576K
Event: 27.174 GC heap after
Heap after GC invocations=8 (full 0):
 PSYoungGen      total 22016K, used 8704K [0x00000000d5580000, 0x00000000d7980000, 0x0000000100000000)
  eden space 13312K, 0% used [0x00000000d5580000,0x00000000d5580000,0x00000000d6280000)
  from space 8704K, 100% used [0x00000000d6d00000,0x00000000d7580000,0x00000000d7580000)
  to   space 10752K, 0% used [0x00000000d6280000,0x00000000d6280000,0x00000000d6d00000)
 ParOldGen       total 40960K, used 14708K [0x0000000080000000, 0x0000000082800000, 0x00000000d5580000)
  object space 40960K, 35% used [0x0000000080000000,0x0000000080e5d060,0x0000000082800000)
 Metaspace       used 3742K, capacity 4704K, committed 4864K, reserved 1056768K
  class space    used 414K, capacity 464K, committed 512K, reserved 1048576K
}

Deoptimization events (10 events):
Event: 12.119 Thread 0x00007feb88001000 Uncommon trap: reason=unstable_if action=reinterpret pc=0x00007febe1201090 method=vcube.Node.main([Ljava/lang/String;)V @ 418
Event: 12.153 Thread 0x00007feb8c001000 Uncommon trap: reason=unstable_if action=reinterpret pc=0x00007febe11f8370 method=vcube.Node.main([Ljava/lang/String;)V @ 418
Event: 12.176 Thread 0x00007feb80001000 Uncommon trap: reason=unstable_if action=reinterpret pc=0x00007febe12095b8 method=vcube.Node.main([Ljava/lang/String;)V @ 418
Event: 12.208 Thread 0x00007feb84001000 Uncommon trap: reason=unstable_if action=reinterpret pc=0x00007febe11f8370 method=vcube.Node.main([Ljava/lang/String;)V @ 418
Event: 14.710 Thread 0x00007feb78001000 Uncommon trap: reason=unstable_if action=reinterpret pc=0x00007febe11f8370 method=vcube.Node.main([Ljava/lang/String;)V @ 418
Event: 14.801 Thread 0x00007feb70001000 Uncommon trap: reason=unstable_if action=reinterpret pc=0x00007febe12095b8 method=vcube.Node.main([Ljava/lang/String;)V @ 418
Event: 15.860 Thread 0x00007feb6c001000 Uncommon trap: reason=unstable_if action=reinterpret pc=0x00007febe1201090 method=vcube.Node.main([Ljava/lang/String;)V @ 418
Event: 15.933 Thread 0x00007feb60001000 Uncommon trap: reason=unstable_if action=reinterpret pc=0x00007febe12095b8 method=vcube.Node.main([Ljava/lang/String;)V @ 418
Event: 15.994 Thread 0x00007feb64001000 Uncommon trap: reason=unstable_if action=reinterpret pc=0x00007febe11f8370 method=vcube.Node.main([Ljava/lang/String;)V @ 418
Event: 16.063 Thread 0x00007feb5c001000 Uncommon trap: reason=unstable_if action=reinterpret pc=0x00007febe11f8370 method=vcube.Node.main([Ljava/lang/String;)V @ 418

Internal exceptions (10 events):
Event: 11.022 Thread 0x00007feb68001000 Exception <a 'java/lang/ArrayIndexOutOfBoundsException'> (0x00000000d5adf1c8) thrown at [/HUDSON3/workspace/8-2-build-linux-amd64/jdk8u111/7883/hotspot/src/share/vm/runtime/sharedRuntime.cpp, line 605]
Event: 11.084 Thread 0x00007feb90001000 Exception <a 'java/lang/ArrayIndexOutOfBoundsException'> (0x00000000d5abdc70) thrown at [/HUDSON3/workspace/8-2-build-linux-amd64/jdk8u111/7883/hotspot/src/share/vm/runtime/sharedRuntime.cpp, line 605]
Event: 11.084 Thread 0x00007feb94001000 Exception <a 'java/lang/ArrayIndexOutOfBoundsException'> (0x00000000d5a55600) thrown at [/HUDSON3/workspace/8-2-build-linux-amd64/jdk8u111/7883/hotspot/src/share/vm/runtime/sharedRuntime.cpp, line 605]
Event: 11.085 Thread 0x00007feb98001000 Exception <a 'java/lang/ArrayIndexOutOfBoundsException'> (0x00000000d5af3948) thrown at [/HUDSON3/workspace/8-2-build-linux-amd64/jdk8u111/7883/hotspot/src/share/vm/runtime/sharedRuntime.cpp, line 605]
Event: 11.113 Thread 0x00007feb9c001000 Exception <a 'java/lang/ArrayIndexOutOfBoundsException'> (0x00000000d5a69788) thrown at [/HUDSON3/workspace/8-2-build-linux-amd64/jdk8u111/7883/hotspot/src/share/vm/runtime/sharedRuntime.cpp, line 605]
Event: 11.156 Thread 0x00007feb68001000 Exception <a 'java/lang/ArrayIndexOutOfBoundsException'> (0x00000000d5ae33d0) thrown at [/HUDSON3/workspace/8-2-build-linux-amd64/jdk8u111/7883/hotspot/src/share/vm/runtime/sharedRuntime.cpp, line 605]
Event: 11.157 Thread 0x00007feb58001000 Exception <a 'java/lang/ArrayIndexOutOfBoundsException'> (0x00000000d5acf9a8) thrown at [/HUDSON3/workspace/8-2-build-linux-amd64/jdk8u111/7883/hotspot/src/share/vm/runtime/sharedRuntime.cpp, line 605]
Event: 11.251 Thread 0x00007feb90001000 Exception <a 'java/lang/ArrayIndexOutOfBoundsException'> (0x00000000d5ac1d10) thrown at [/HUDSON3/workspace/8-2-build-linux-amd64/jdk8u111/7883/hotspot/src/share/vm/runtime/sharedRuntime.cpp, line 605]
Event: 11.251 Thread 0x00007feb98001000 Exception <a 'java/lang/ArrayIndexOutOfBoundsException'> (0x00000000d5af79d8) thrown at [/HUDSON3/workspace/8-2-build-linux-amd64/jdk8u111/7883/hotspot/src/share/vm/runtime/sharedRuntime.cpp, line 605]
Event: 11.251 Thread 0x00007feb94001000 Exception <a 'java/lang/ArrayIndexOutOfBoundsException'> (0x00000000d5b07ec8) thrown at [/HUDSON3/workspace/8-2-build-linux-amd64/jdk8u111/7883/hotspot/src/share/vm/runtime/sharedRuntime.cpp, line 605]

Events (10 events):
Event: 28.105 loading class java/util/IdentityHashMap$KeySet
Event: 28.118 loading class java/util/IdentityHashMap$KeySet done
Event: 28.118 loading class java/util/IdentityHashMap$KeyIterator
Event: 28.118 loading class java/util/IdentityHashMap$IdentityHashMapIterator
Event: 28.119 loading class java/util/IdentityHashMap$IdentityHashMapIterator done
Event: 28.119 loading class java/util/IdentityHashMap$KeyIterator done
Event: 28.119 Thread 0x00007feb50001000 Thread added: 0x00007feb50001000
Event: 28.120 Thread 0x00007feb50001000 Thread exited: 0x00007feb50001000
Event: 28.120 Thread 0x00007febf00b7000 Thread exited: 0x00007febf00b7000
Event: 28.120 Executing VM operation: Exit


Dynamic libraries:
00400000-00401000 r-xp 00000000 08:01 8784123                            /home/elixandrebaldi/jdk1.8.0_111/bin/java
00600000-00601000 rw-p 00000000 08:01 8784123                            /home/elixandrebaldi/jdk1.8.0_111/bin/java
018c4000-018e5000 rw-p 00000000 00:00 0                                  [heap]
80000000-82800000 rw-p 00000000 00:00 0 
82800000-d5580000 ---p 00000000 00:00 0 
d5580000-d7980000 rw-p 00000000 00:00 0 
d7980000-100000000 ---p 00000000 00:00 0 
100000000-100080000 rw-p 00000000 00:00 0 
100080000-140000000 ---p 00000000 00:00 0 
7feb50000000-7feb50021000 rw-p 00000000 00:00 0 
7feb50021000-7feb54000000 ---p 00000000 00:00 0 
7feb58000000-7feb58984000 rw-p 00000000 00:00 0 
7feb58984000-7feb5c000000 ---p 00000000 00:00 0 
7feb5c000000-7feb5c981000 rw-p 00000000 00:00 0 
7feb5c981000-7feb60000000 ---p 00000000 00:00 0 
7feb60000000-7feb6097f000 rw-p 00000000 00:00 0 
7feb6097f000-7feb64000000 ---p 00000000 00:00 0 
7feb64000000-7feb64978000 rw-p 00000000 00:00 0 
7feb64978000-7feb68000000 ---p 00000000 00:00 0 
7feb68000000-7feb6897f000 rw-p 00000000 00:00 0 
7feb6897f000-7feb6c000000 ---p 00000000 00:00 0 
7feb6c000000-7feb6c982000 rw-p 00000000 00:00 0 
7feb6c982000-7feb70000000 ---p 00000000 00:00 0 
7feb70000000-7feb7097d000 rw-p 00000000 00:00 0 
7feb7097d000-7feb74000000 ---p 00000000 00:00 0 
7feb777ff000-7feb77802000 ---p 00000000 00:00 0 
7feb77802000-7feb78000000 rw-p 00000000 00:00 0 
7feb78000000-7feb78984000 rw-p 00000000 00:00 0 
7feb78984000-7feb7c000000 ---p 00000000 00:00 0 
7feb7c7f9000-7feb7c7fc000 ---p 00000000 00:00 0 
7feb7c7fc000-7feb7cffa000 rw-p 00000000 00:00 0 
7feb7cffa000-7feb7cffd000 ---p 00000000 00:00 0 
7feb7cffd000-7feb7d7fb000 rw-p 00000000 00:00 0 
7feb7d7fb000-7feb7d7fe000 ---p 00000000 00:00 0 
7feb7d7fe000-7feb7dffc000 rw-p 00000000 00:00 0 
7feb7dffc000-7feb7dfff000 ---p 00000000 00:00 0 
7feb7dfff000-7feb7e7fd000 rw-p 00000000 00:00 0 
7feb7e7fd000-7feb7e800000 ---p 00000000 00:00 0 
7feb7e800000-7feb7effe000 rw-p 00000000 00:00 0 
7feb7effe000-7feb7f001000 ---p 00000000 00:00 0 
7feb7f001000-7feb7f7ff000 rw-p 00000000 00:00 0 
7feb7f7ff000-7feb7f802000 ---p 00000000 00:00 0 
7feb7f802000-7feb80000000 rw-p 00000000 00:00 0 
7feb80000000-7feb80985000 rw-p 00000000 00:00 0 
7feb80985000-7feb84000000 ---p 00000000 00:00 0 
7feb84000000-7feb84987000 rw-p 00000000 00:00 0 
7feb84987000-7feb88000000 ---p 00000000 00:00 0 
7feb88000000-7feb8897b000 rw-p 00000000 00:00 0 
7feb8897b000-7feb8c000000 ---p 00000000 00:00 0 
7feb8c000000-7feb8c978000 rw-p 00000000 00:00 0 
7feb8c978000-7feb90000000 ---p 00000000 00:00 0 
7feb90000000-7feb9097a000 rw-p 00000000 00:00 0 
7feb9097a000-7feb94000000 ---p 00000000 00:00 0 
7feb94000000-7feb94985000 rw-p 00000000 00:00 0 
7feb94985000-7feb98000000 ---p 00000000 00:00 0 
7feb98000000-7feb98979000 rw-p 00000000 00:00 0 
7feb98979000-7feb9c000000 ---p 00000000 00:00 0 
7feb9c000000-7feb9c983000 rw-p 00000000 00:00 0 
7feb9c983000-7feba0000000 ---p 00000000 00:00 0 
7feba07f9000-7feba07fc000 ---p 00000000 00:00 0 
7feba07fc000-7feba0ffa000 rw-p 00000000 00:00 0 
7feba0ffa000-7feba0ffd000 ---p 00000000 00:00 0 
7feba0ffd000-7feba17fb000 rw-p 00000000 00:00 0 
7feba17fb000-7feba17fe000 ---p 00000000 00:00 0 
7feba17fe000-7feba1ffc000 rw-p 00000000 00:00 0 
7feba1ffc000-7feba1fff000 ---p 00000000 00:00 0 
7feba1fff000-7feba27fd000 rw-p 00000000 00:00 0 
7feba27fd000-7feba2800000 ---p 00000000 00:00 0 
7feba2800000-7feba2ffe000 rw-p 00000000 00:00 0 
7feba2ffe000-7feba3001000 ---p 00000000 00:00 0 
7feba3001000-7feba37ff000 rw-p 00000000 00:00 0 
7feba37ff000-7feba3802000 ---p 00000000 00:00 0 
7feba3802000-7feba4000000 rw-p 00000000 00:00 0 
7feba4000000-7feba4021000 rw-p 00000000 00:00 0 
7feba4021000-7feba8000000 ---p 00000000 00:00 0 
7feba8000000-7feba8021000 rw-p 00000000 00:00 0 
7feba8021000-7febac000000 ---p 00000000 00:00 0 
7febac000000-7febad887000 rw-p 00000000 00:00 0 
7febad887000-7febb0000000 ---p 00000000 00:00 0 
7febb0000000-7febb04bd000 rw-p 00000000 00:00 0 
7febb04bd000-7febb4000000 ---p 00000000 00:00 0 
7febb4000000-7febb4021000 rw-p 00000000 00:00 0 
7febb4021000-7febb8000000 ---p 00000000 00:00 0 
7febb8000000-7febb9f04000 rw-p 00000000 00:00 0 
7febb9f04000-7febbc000000 ---p 00000000 00:00 0 
7febbc000000-7febbc021000 rw-p 00000000 00:00 0 
7febbc021000-7febc0000000 ---p 00000000 00:00 0 
7febc0000000-7febc0021000 rw-p 00000000 00:00 0 
7febc0021000-7febc4000000 ---p 00000000 00:00 0 
7febc4000000-7febc4021000 rw-p 00000000 00:00 0 
7febc4021000-7febc8000000 ---p 00000000 00:00 0 
7febc83bf000-7febc83c2000 ---p 00000000 00:00 0 
7febc83c2000-7febc84c0000 rw-p 00000000 00:00 0 
7febc84c0000-7febc84c3000 ---p 00000000 00:00 0 
7febc84c3000-7febc85c1000 rw-p 00000000 00:00 0 
7febc85c1000-7febc85c4000 ---p 00000000 00:00 0 
7febc85c4000-7febc8dc2000 rw-p 00000000 00:00 0 
7febc8dc2000-7febc8dda000 r-xp 00000000 08:01 2359394                    /tmp/simgrid-java4250295772741609034/libsimgrid-java.so (deleted)
7febc8dda000-7febc8fda000 ---p 00018000 08:01 2359394                    /tmp/simgrid-java4250295772741609034/libsimgrid-java.so (deleted)
7febc8fda000-7febc8fdb000 rw-p 00018000 08:01 2359394                    /tmp/simgrid-java4250295772741609034/libsimgrid-java.so (deleted)
7febc8fdb000-7febc8ff1000 r-xp 00000000 08:01 3936627                    /lib/x86_64-linux-gnu/libgcc_s.so.1
7febc8ff1000-7febc91f0000 ---p 00016000 08:01 3936627                    /lib/x86_64-linux-gnu/libgcc_s.so.1
7febc91f0000-7febc91f1000 rw-p 00015000 08:01 3936627                    /lib/x86_64-linux-gnu/libgcc_s.so.1
7febc91f1000-7febc9363000 r-xp 00000000 08:01 23332798                   /usr/lib/x86_64-linux-gnu/libstdc++.so.6.0.21
7febc9363000-7febc9563000 ---p 00172000 08:01 23332798                   /usr/lib/x86_64-linux-gnu/libstdc++.so.6.0.21
7febc9563000-7febc956d000 r--p 00172000 08:01 23332798                   /usr/lib/x86_64-linux-gnu/libstdc++.so.6.0.21
7febc956d000-7febc956f000 rw-p 0017c000 08:01 23332798                   /usr/lib/x86_64-linux-gnu/libstdc++.so.6.0.21
7febc956f000-7febc9573000 rw-p 00000000 00:00 0 
7febc9573000-7febc9838000 r-xp 00000000 08:01 2359392                    /tmp/simgrid-java4250295772741609034/libsimgrid.so (deleted)
7febc9838000-7febc9a38000 ---p 002c5000 08:01 2359392                    /tmp/simgrid-java4250295772741609034/libsimgrid.so (deleted)
7febc9a38000-7febc9a73000 rw-p 002c5000 08:01 2359392                    /tmp/simgrid-java4250295772741609034/libsimgrid.so (deleted)
7febc9a73000-7febc9d7c000 rw-p 00000000 00:00 0 
7febc9d7c000-7febc9d92000 r-xp 00000000 08:01 8783936                    /home/elixandrebaldi/jdk1.8.0_111/jre/lib/amd64/libnet.so
7febc9d92000-7febc9f92000 ---p 00016000 08:01 8783936                    /home/elixandrebaldi/jdk1.8.0_111/jre/lib/amd64/libnet.so
7febc9f92000-7febc9f93000 rw-p 00016000 08:01 8783936                    /home/elixandrebaldi/jdk1.8.0_111/jre/lib/amd64/libnet.so
7febc9f93000-7febc9fa4000 r-xp 00000000 08:01 8783935                    /home/elixandrebaldi/jdk1.8.0_111/jre/lib/amd64/libnio.so
7febc9fa4000-7febca1a3000 ---p 00011000 08:01 8783935                    /home/elixandrebaldi/jdk1.8.0_111/jre/lib/amd64/libnio.so
7febca1a3000-7febca1a4000 rw-p 00010000 08:01 8783935                    /home/elixandrebaldi/jdk1.8.0_111/jre/lib/amd64/libnio.so
7febca1a4000-7febca1a5000 ---p 00000000 00:00 0 
7febca1a5000-7febca2a5000 rw-p 00000000 00:00 0 
7febca2a5000-7febca2a8000 ---p 00000000 00:00 0 
7febca2a8000-7febca3a6000 rw-p 00000000 00:00 0 
7febca3a6000-7febca3a9000 ---p 00000000 00:00 0 
7febca3a9000-7febca4a7000 rw-p 00000000 00:00 0 
7febca4a7000-7febca4aa000 ---p 00000000 00:00 0 
7febca4aa000-7febca5a8000 rw-p 00000000 00:00 0 
7febca5a8000-7febca5ab000 ---p 00000000 00:00 0 
7febca5ab000-7febca6a9000 rw-p 00000000 00:00 0 
7febca6a9000-7febca6ac000 ---p 00000000 00:00 0 
7febca6ac000-7febca7aa000 rw-p 00000000 00:00 0 
7febca7aa000-7febcbbfc000 r--p 00000000 08:01 23331759                   /usr/lib/locale/locale-archive
7febcbbfc000-7febcbbff000 ---p 00000000 00:00 0 
7febcbbff000-7febcbcfd000 rw-p 00000000 00:00 0 
7febcbcfd000-7febcbd00000 ---p 00000000 00:00 0 
7febcbd00000-7febcbdfe000 rw-p 00000000 00:00 0 
7febcbdfe000-7febcbdff000 ---p 00000000 00:00 0 
7febcbdff000-7febcc000000 rw-p 00000000 00:00 0 
7febcc000000-7febcc021000 rw-p 00000000 00:00 0 
7febcc021000-7febd0000000 ---p 00000000 00:00 0 
7febd0000000-7febd4000000 rw-p 00000000 00:00 0 
7febd4000000-7febd4021000 rw-p 00000000 00:00 0 
7febd4021000-7febd8000000 ---p 00000000 00:00 0 
7febd8000000-7febd8021000 rw-p 00000000 00:00 0 
7febd8021000-7febdc000000 ---p 00000000 00:00 0 
7febdc000000-7febdc021000 rw-p 00000000 00:00 0 
7febdc021000-7febe0000000 ---p 00000000 00:00 0 
7febe001a000-7febe0e28000 rw-p 00000000 00:00 0 
7febe0e28000-7febe1000000 r--s 03d2a000 08:01 8784070                    /home/elixandrebaldi/jdk1.8.0_111/jre/lib/rt.jar
7febe1000000-7febe12d0000 rwxp 00000000 00:00 0 
7febe12d0000-7febf0000000 ---p 00000000 00:00 0 
7febf0000000-7febf220a000 rw-p 00000000 00:00 0 
7febf220a000-7febf4000000 ---p 00000000 00:00 0 
7febf4034000-7febf45bd000 rw-p 00000000 00:00 0 
7febf45bd000-7febf497d000 ---p 00000000 00:00 0 
7febf497d000-7febf4d7d000 rw-p 00000000 00:00 0 
7febf4d7d000-7febf4d7e000 ---p 00000000 00:00 0 
7febf4d7e000-7febf4e7e000 rw-p 00000000 00:00 0 
7febf4e7e000-7febf4e7f000 ---p 00000000 00:00 0 
7febf4e7f000-7febf4f7f000 rw-p 00000000 00:00 0 
7febf4f7f000-7febf4f80000 ---p 00000000 00:00 0 
7febf4f80000-7febf5080000 rw-p 00000000 00:00 0 
7febf5080000-7febf5081000 ---p 00000000 00:00 0 
7febf5081000-7febf5195000 rw-p 00000000 00:00 0 
7febf5195000-7febf542c000 ---p 00000000 00:00 0 
7febf542c000-7febf5440000 rw-p 00000000 00:00 0 
7febf5440000-7febf56d6000 ---p 00000000 00:00 0 
7febf56d6000-7febf56e9000 rw-p 00000000 00:00 0 
7febf56e9000-7febf582c000 ---p 00000000 00:00 0 
7febf582c000-7febf5839000 rw-p 00000000 00:00 0 
7febf5839000-7febf5bed000 ---p 00000000 00:00 0 
7febf5bed000-7febf5c07000 r-xp 00000000 08:01 8783934                    /home/elixandrebaldi/jdk1.8.0_111/jre/lib/amd64/libzip.so
7febf5c07000-7febf5e07000 ---p 0001a000 08:01 8783934                    /home/elixandrebaldi/jdk1.8.0_111/jre/lib/amd64/libzip.so
7febf5e07000-7febf5e08000 rw-p 0001a000 08:01 8783934                    /home/elixandrebaldi/jdk1.8.0_111/jre/lib/amd64/libzip.so
7febf5e08000-7febf5e13000 r-xp 00000000 08:01 3932251                    /lib/x86_64-linux-gnu/libnss_files-2.23.so
7febf5e13000-7febf6012000 ---p 0000b000 08:01 3932251                    /lib/x86_64-linux-gnu/libnss_files-2.23.so
7febf6012000-7febf6013000 r--p 0000a000 08:01 3932251                    /lib/x86_64-linux-gnu/libnss_files-2.23.so
7febf6013000-7febf6014000 rw-p 0000b000 08:01 3932251                    /lib/x86_64-linux-gnu/libnss_files-2.23.so
7febf6014000-7febf601a000 rw-p 00000000 00:00 0 
7febf601a000-7febf6025000 r-xp 00000000 08:01 3932244                    /lib/x86_64-linux-gnu/libnss_nis-2.23.so
7febf6025000-7febf6224000 ---p 0000b000 08:01 3932244                    /lib/x86_64-linux-gnu/libnss_nis-2.23.so
7febf6224000-7febf6225000 r--p 0000a000 08:01 3932244                    /lib/x86_64-linux-gnu/libnss_nis-2.23.so
7febf6225000-7febf6226000 rw-p 0000b000 08:01 3932244                    /lib/x86_64-linux-gnu/libnss_nis-2.23.so
7febf6226000-7febf623c000 r-xp 00000000 08:01 3932246                    /lib/x86_64-linux-gnu/libnsl-2.23.so
7febf623c000-7febf643b000 ---p 00016000 08:01 3932246                    /lib/x86_64-linux-gnu/libnsl-2.23.so
7febf643b000-7febf643c000 r--p 00015000 08:01 3932246                    /lib/x86_64-linux-gnu/libnsl-2.23.so
7febf643c000-7febf643d000 rw-p 00016000 08:01 3932246                    /lib/x86_64-linux-gnu/libnsl-2.23.so
7febf643d000-7febf643f000 rw-p 00000000 00:00 0 
7febf643f000-7febf6447000 r-xp 00000000 08:01 3932253                    /lib/x86_64-linux-gnu/libnss_compat-2.23.so
7febf6447000-7febf6646000 ---p 00008000 08:01 3932253                    /lib/x86_64-linux-gnu/libnss_compat-2.23.so
7febf6646000-7febf6647000 r--p 00007000 08:01 3932253                    /lib/x86_64-linux-gnu/libnss_compat-2.23.so
7febf6647000-7febf6648000 rw-p 00008000 08:01 3932253                    /lib/x86_64-linux-gnu/libnss_compat-2.23.so
7febf6648000-7febf6673000 r-xp 00000000 08:01 8783907                    /home/elixandrebaldi/jdk1.8.0_111/jre/lib/amd64/libjava.so
7febf6673000-7febf6872000 ---p 0002b000 08:01 8783907                    /home/elixandrebaldi/jdk1.8.0_111/jre/lib/amd64/libjava.so
7febf6872000-7febf6874000 rw-p 0002a000 08:01 8783907                    /home/elixandrebaldi/jdk1.8.0_111/jre/lib/amd64/libjava.so
7febf6874000-7febf6881000 r-xp 00000000 08:01 8783870                    /home/elixandrebaldi/jdk1.8.0_111/jre/lib/amd64/libverify.so
7febf6881000-7febf6a80000 ---p 0000d000 08:01 8783870                    /home/elixandrebaldi/jdk1.8.0_111/jre/lib/amd64/libverify.so
7febf6a80000-7febf6a82000 rw-p 0000c000 08:01 8783870                    /home/elixandrebaldi/jdk1.8.0_111/jre/lib/amd64/libverify.so
7febf6a82000-7febf6a89000 r-xp 00000000 08:01 3932254                    /lib/x86_64-linux-gnu/librt-2.23.so
7febf6a89000-7febf6c88000 ---p 00007000 08:01 3932254                    /lib/x86_64-linux-gnu/librt-2.23.so
7febf6c88000-7febf6c89000 r--p 00006000 08:01 3932254                    /lib/x86_64-linux-gnu/librt-2.23.so
7febf6c89000-7febf6c8a000 rw-p 00007000 08:01 3932254                    /lib/x86_64-linux-gnu/librt-2.23.so
7febf6c8a000-7febf6d92000 r-xp 00000000 08:01 3932245                    /lib/x86_64-linux-gnu/libm-2.23.so
7febf6d92000-7febf6f91000 ---p 00108000 08:01 3932245                    /lib/x86_64-linux-gnu/libm-2.23.so
7febf6f91000-7febf6f92000 r--p 00107000 08:01 3932245                    /lib/x86_64-linux-gnu/libm-2.23.so
7febf6f92000-7febf6f93000 rw-p 00108000 08:01 3932245                    /lib/x86_64-linux-gnu/libm-2.23.so
7febf6f93000-7febf7c60000 r-xp 00000000 08:01 8783785                    /home/elixandrebaldi/jdk1.8.0_111/jre/lib/amd64/server/libjvm.so
7febf7c60000-7febf7e5f000 ---p 00ccd000 08:01 8783785                    /home/elixandrebaldi/jdk1.8.0_111/jre/lib/amd64/server/libjvm.so
7febf7e5f000-7febf7f38000 rw-p 00ccc000 08:01 8783785                    /home/elixandrebaldi/jdk1.8.0_111/jre/lib/amd64/server/libjvm.so
7febf7f38000-7febf7f83000 rw-p 00000000 00:00 0 
7febf7f83000-7febf8142000 r-xp 00000000 08:01 3932247                    /lib/x86_64-linux-gnu/libc-2.23.so
7febf8142000-7febf8342000 ---p 001bf000 08:01 3932247                    /lib/x86_64-linux-gnu/libc-2.23.so
7febf8342000-7febf8346000 r--p 001bf000 08:01 3932247                    /lib/x86_64-linux-gnu/libc-2.23.so
7febf8346000-7febf8348000 rw-p 001c3000 08:01 3932247                    /lib/x86_64-linux-gnu/libc-2.23.so
7febf8348000-7febf834c000 rw-p 00000000 00:00 0 
7febf834c000-7febf834f000 r-xp 00000000 08:01 3932243                    /lib/x86_64-linux-gnu/libdl-2.23.so
7febf834f000-7febf854e000 ---p 00003000 08:01 3932243                    /lib/x86_64-linux-gnu/libdl-2.23.so
7febf854e000-7febf854f000 r--p 00002000 08:01 3932243                    /lib/x86_64-linux-gnu/libdl-2.23.so
7febf854f000-7febf8550000 rw-p 00003000 08:01 3932243                    /lib/x86_64-linux-gnu/libdl-2.23.so
7febf8550000-7febf8565000 r-xp 00000000 08:01 8783943                    /home/elixandrebaldi/jdk1.8.0_111/lib/amd64/jli/libjli.so
7febf8565000-7febf8765000 ---p 00015000 08:01 8783943                    /home/elixandrebaldi/jdk1.8.0_111/lib/amd64/jli/libjli.so
7febf8765000-7febf8766000 rw-p 00015000 08:01 8783943                    /home/elixandrebaldi/jdk1.8.0_111/lib/amd64/jli/libjli.so
7febf8766000-7febf877e000 r-xp 00000000 08:01 3932258                    /lib/x86_64-linux-gnu/libpthread-2.23.so
7febf877e000-7febf897d000 ---p 00018000 08:01 3932258                    /lib/x86_64-linux-gnu/libpthread-2.23.so
7febf897d000-7febf897e000 r--p 00017000 08:01 3932258                    /lib/x86_64-linux-gnu/libpthread-2.23.so
7febf897e000-7febf897f000 rw-p 00018000 08:01 3932258                    /lib/x86_64-linux-gnu/libpthread-2.23.so
7febf897f000-7febf8983000 rw-p 00000000 00:00 0 
7febf8983000-7febf89a9000 r-xp 00000000 08:01 3932248                    /lib/x86_64-linux-gnu/ld-2.23.so
7febf89ba000-7febf8a86000 rw-p 00000000 00:00 0 
7febf8a86000-7febf8a89000 ---p 00000000 00:00 0 
7febf8a89000-7febf8b8b000 rw-p 00000000 00:00 0 
7febf8b94000-7febf8b99000 r--s 00096000 08:01 8783911                    /home/elixandrebaldi/jdk1.8.0_111/jre/lib/jsse.jar
7febf8b99000-7febf8b9c000 r--s 00f76000 08:01 8524426                    /home/elixandrebaldi/Documentos/VCubeDHT/simgrid.jar
7febf8b9c000-7febf8ba4000 rw-s 00000000 08:01 2359372                    /tmp/hsperfdata_elixandrebaldi/7419 (deleted)
7febf8ba4000-7febf8ba5000 rw-p 00000000 00:00 0 
7febf8ba5000-7febf8ba6000 ---p 00000000 00:00 0 
7febf8ba6000-7febf8ba8000 rw-p 00000000 00:00 0 
7febf8ba8000-7febf8ba9000 r--p 00025000 08:01 3932248                    /lib/x86_64-linux-gnu/ld-2.23.so
7febf8ba9000-7febf8baa000 rw-p 00026000 08:01 3932248                    /lib/x86_64-linux-gnu/ld-2.23.so
7febf8baa000-7febf8bab000 rw-p 00000000 00:00 0 
7ffe4694d000-7ffe4696e000 rw-p 00000000 00:00 0                          [stack]
7ffe46986000-7ffe46988000 r--p 00000000 00:00 0                          [vvar]
7ffe46988000-7ffe4698a000 r-xp 00000000 00:00 0                          [vdso]
ffffffffff600000-ffffffffff601000 r-xp 00000000 00:00 0                  [vsyscall]

VM Arguments:
jvm_args: -Dfile.encoding=UTF-8 -Xmx2048m 
java_command: vcube.VCube platform.xml deployment.xml
java_class_path (initial): /home/elixandrebaldi/Documentos/VCubeDHT/simgrid.jar:/home/elixandrebaldi/Documentos/VCubeDHT/VCube/build/classes
Launcher Type: SUN_STANDARD

Environment Variables:
PATH=/home/elixandrebaldi/bin:/home/elixandrebaldi/.local/bin:/usr/local/sbin:/usr/local/bin:/usr/sbin:/usr/bin:/sbin:/bin:/usr/games:/usr/local/games
LD_LIBRARY_PATH=/home/elixandrebaldi/jdk1.8.0_111/jre/lib/amd64:/home/elixandrebaldi/jdk1.8.0_111/jre/lib/i386:
SHELL=/bin/bash
DISPLAY=:0

Signal Handlers:
SIGSEGV: [libjvm.so+0xac64b0], sa_mask[0]=11111111011111111101111111111110, sa_flags=SA_RESTART|SA_SIGINFO
SIGBUS: [libjvm.so+0xac64b0], sa_mask[0]=11111111011111111101111111111110, sa_flags=SA_RESTART|SA_SIGINFO
SIGFPE: [libjvm.so+0x91f950], sa_mask[0]=11111111011111111101111111111110, sa_flags=SA_RESTART|SA_SIGINFO
SIGPIPE: [libjvm.so+0x91f950], sa_mask[0]=11111111011111111101111111111110, sa_flags=SA_RESTART|SA_SIGINFO
SIGXFSZ: [libjvm.so+0x91f950], sa_mask[0]=11111111011111111101111111111110, sa_flags=SA_RESTART|SA_SIGINFO
SIGILL: [libjvm.so+0x91f950], sa_mask[0]=11111111011111111101111111111110, sa_flags=SA_RESTART|SA_SIGINFO
SIGUSR1: SIG_DFL, sa_mask[0]=00000000000000000000000000000000, sa_flags=none
SIGUSR2: [libjvm.so+0x920f80], sa_mask[0]=00100000000000000000000000000000, sa_flags=SA_RESTART|SA_SIGINFO
SIGHUP: [libjvm.so+0x922380], sa_mask[0]=11111111011111111101111111111110, sa_flags=SA_RESTART|SA_SIGINFO
SIGINT: [libsimgrid.so+0x8ff50], sa_mask[0]=01000000000000000000000000000000, sa_flags=SA_RESTART
SIGTERM: [libjvm.so+0x922380], sa_mask[0]=11111111011111111101111111111110, sa_flags=SA_RESTART|SA_SIGINFO
SIGQUIT: [libjvm.so+0x922380], sa_mask[0]=11111111011111111101111111111110, sa_flags=SA_RESTART|SA_SIGINFO


---------------  S Y S T E M  ---------------

OS:DISTRIB_ID="elementary"
DISTRIB_RELEASE=0.4.1
DISTRIB_CODENAME=loki
DISTRIB_DESCRIPTION="elementary OS 0.4.1 Loki"

uname:Linux 4.4.0-79-generic #100-Ubuntu SMP Wed May 17 19:58:14 UTC 2017 x86_64
libc:glibc 2.23 NPTL 2.23 
rlimit: STACK 8192k, CORE 0k, NPROC 14991, NOFILE 65536, AS infinity
load average:1.91 1.27 1.11

/proc/meminfo:
MemTotal:        3878592 kB
MemFree:         1059228 kB
MemAvailable:    1480476 kB
Buffers:          102560 kB
Cached:           605068 kB
SwapCached:           72 kB
Active:          1638044 kB
Inactive:         939564 kB
Active(anon):    1337264 kB
Inactive(anon):   672112 kB
Active(file):     300780 kB
Inactive(file):   267452 kB
Unevictable:          48 kB
Mlocked:              48 kB
SwapTotal:       4025340 kB
SwapFree:        4021680 kB
Dirty:              6012 kB
Writeback:             0 kB
AnonPages:       1870156 kB
Mapped:           241404 kB
Shmem:            139288 kB
Slab:             142832 kB
SReclaimable:     111020 kB
SUnreclaim:        31812 kB
KernelStack:        9632 kB
PageTables:        31748 kB
NFS_Unstable:          0 kB
Bounce:                0 kB
WritebackTmp:          0 kB
CommitLimit:     5964636 kB
Committed_AS:    5038324 kB
VmallocTotal:   34359738367 kB
VmallocUsed:           0 kB
VmallocChunk:          0 kB
HardwareCorrupted:     0 kB
AnonHugePages:   1112064 kB
CmaTotal:              0 kB
CmaFree:               0 kB
HugePages_Total:       0
HugePages_Free:        0
HugePages_Rsvd:        0
HugePages_Surp:        0
Hugepagesize:       2048 kB
DirectMap4k:      140024 kB
DirectMap2M:     3887104 kB


CPU:total 4 (2 cores per cpu, 2 threads per core) family 6 model 58 stepping 9, cmov, cx8, fxsr, mmx, sse, sse2, sse3, ssse3, sse4.1, sse4.2, popcnt, avx, clmul, erms, ht, tsc, tscinvbit, tscinv

/proc/cpuinfo:
processor	: 0
vendor_id	: GenuineIntel
cpu family	: 6
model		: 58
model name	: Intel(R) Core(TM) i7-3517U CPU @ 1.90GHz
stepping	: 9
microcode	: 0x12
cpu MHz		: 2799.937
cache size	: 4096 KB
physical id	: 0
siblings	: 4
core id		: 0
cpu cores	: 2
apicid		: 0
initial apicid	: 0
fpu		: yes
fpu_exception	: yes
cpuid level	: 13
wp		: yes
flags		: fpu vme de pse tsc msr pae mce cx8 apic sep mtrr pge mca cmov pat pse36 clflush dts acpi mmx fxsr sse sse2 ss ht tm pbe syscall nx rdtscp lm constant_tsc arch_perfmon pebs bts rep_good nopl xtopology nonstop_tsc aperfmperf eagerfpu pni pclmulqdq dtes64 monitor ds_cpl vmx est tm2 ssse3 cx16 xtpr pdcm pcid sse4_1 sse4_2 x2apic popcnt tsc_deadline_timer xsave avx f16c rdrand lahf_lm epb tpr_shadow vnmi flexpriority ept vpid fsgsbase smep erms xsaveopt dtherm ida arat pln pts
bugs		:
bogomips	: 4789.43
clflush size	: 64
cache_alignment	: 64
address sizes	: 36 bits physical, 48 bits virtual
power management:

processor	: 1
vendor_id	: GenuineIntel
cpu family	: 6
model		: 58
model name	: Intel(R) Core(TM) i7-3517U CPU @ 1.90GHz
stepping	: 9
microcode	: 0x12
cpu MHz		: 2785.968
cache size	: 4096 KB
physical id	: 0
siblings	: 4
core id		: 0
cpu cores	: 2
apicid		: 1
initial apicid	: 1
fpu		: yes
fpu_exception	: yes
cpuid level	: 13
wp		: yes
flags		: fpu vme de pse tsc msr pae mce cx8 apic sep mtrr pge mca cmov pat pse36 clflush dts acpi mmx fxsr sse sse2 ss ht tm pbe syscall nx rdtscp lm constant_tsc arch_perfmon pebs bts rep_good nopl xtopology nonstop_tsc aperfmperf eagerfpu pni pclmulqdq dtes64 monitor ds_cpl vmx est tm2 ssse3 cx16 xtpr pdcm pcid sse4_1 sse4_2 x2apic popcnt tsc_deadline_timer xsave avx f16c rdrand lahf_lm epb tpr_shadow vnmi flexpriority ept vpid fsgsbase smep erms xsaveopt dtherm ida arat pln pts
bugs		:
bogomips	: 4789.43
clflush size	: 64
cache_alignment	: 64
address sizes	: 36 bits physical, 48 bits virtual
power management:

processor	: 2
vendor_id	: GenuineIntel
cpu family	: 6
model		: 58
model name	: Intel(R) Core(TM) i7-3517U CPU @ 1.90GHz
stepping	: 9
microcode	: 0x12
cpu MHz		: 2799.937
cache size	: 4096 KB
physical id	: 0
siblings	: 4
core id		: 1
cpu cores	: 2
apicid		: 2
initial apicid	: 2
fpu		: yes
fpu_exception	: yes
cpuid level	: 13
wp		: yes
flags		: fpu vme de pse tsc msr pae mce cx8 apic sep mtrr pge mca cmov pat pse36 clflush dts acpi mmx fxsr sse sse2 ss ht tm pbe syscall nx rdtscp lm constant_tsc arch_perfmon pebs bts rep_good nopl xtopology nonstop_tsc aperfmperf eagerfpu pni pclmulqdq dtes64 monitor ds_cpl vmx est tm2 ssse3 cx16 xtpr pdcm pcid sse4_1 sse4_2 x2apic popcnt tsc_deadline_timer xsave avx f16c rdrand lahf_lm epb tpr_shadow vnmi flexpriority ept vpid fsgsbase smep erms xsaveopt dtherm ida arat pln pts
bugs		:
bogomips	: 4789.43
clflush size	: 64
cache_alignment	: 64
address sizes	: 36 bits physical, 48 bits virtual
power management:

processor	: 3
vendor_id	: GenuineIntel
cpu family	: 6
model		: 58
model name	: Intel(R) Core(TM) i7-3517U CPU @ 1.90GHz
stepping	: 9
microcode	: 0x12
cpu MHz		: 2799.937
cache size	: 4096 KB
physical id	: 0
siblings	: 4
core id		: 1
cpu cores	: 2
apicid		: 3
initial apicid	: 3
fpu		: yes
fpu_exception	: yes
cpuid level	: 13
wp		: yes
flags		: fpu vme de pse tsc msr pae mce cx8 apic sep mtrr pge mca cmov pat pse36 clflush dts acpi mmx fxsr sse sse2 ss ht tm pbe syscall nx rdtscp lm constant_tsc arch_perfmon pebs bts rep_good nopl xtopology nonstop_tsc aperfmperf eagerfpu pni pclmulqdq dtes64 monitor ds_cpl vmx est tm2 ssse3 cx16 xtpr pdcm pcid sse4_1 sse4_2 x2apic popcnt tsc_deadline_timer xsave avx f16c rdrand lahf_lm epb tpr_shadow vnmi flexpriority ept vpid fsgsbase smep erms xsaveopt dtherm ida arat pln pts
bugs		:
bogomips	: 4789.43
clflush size	: 64
cache_alignment	: 64
address sizes	: 36 bits physical, 48 bits virtual
power management:



Memory: 4k page, physical 3878592k(1059228k free), swap 4025340k(4021680k free)

vm_info: Java HotSpot(TM) 64-Bit Server VM (25.111-b14) for linux-amd64 JRE (1.8.0_111-b14), built on Sep 22 2016 16:14:03 by "java_re" with gcc 4.3.0 20080428 (Red Hat 4.3.0-8)

time: Tue Jun 13 15:27:04 2017
elapsed time: 28 seconds (0d 0h 0m 28s)

