#
# A fatal error has been detected by the Java Runtime Environment:
#
#  SIGSEGV (0xb) at pc=0x00007f143355f263, pid=5941, tid=139724831344384
#
# JRE version: Java(TM) SE Runtime Environment (7.0_80-b15) (build 1.7.0_80-b15)
# Java VM: Java HotSpot(TM) 64-Bit Server VM (24.80-b11 mixed mode linux-amd64 compressed oops)
# Problematic frame:
# C  [libsimgrid.so+0x190263]  xbt_dynar_member+0x23
#
# Failed to write core dump. Core dumps have been disabled. To enable core dumping, try "ulimit -c unlimited" before starting Java again
#
# If you would like to submit a bug report, please visit:
#   http://bugreport.java.com/bugreport/crash.jsp
#

---------------  T H R E A D  ---------------

Current thread (0x00007f144006a000):  VMThread [stack: 0x00007f1438e04000,0x00007f1438f05000] [id=5951]

siginfo:si_signo=SIGSEGV: si_errno=0, si_code=1 (SEGV_MAPERR), si_addr=0x0000000000000000

Registers:
RAX=0x0000000000000000, RBX=0x00007f14338cb700, RCX=0x00007f14338d6790, RDX=0x00007f1438f04a30
RSP=0x00007f1438f03890, RBP=0x00007f1440134b10, RSI=0x00007f1438f03a38, RDI=0x00007f1438f03950
R8 =0x00007f144012bb20, R9 =0x0000000000000001, R10=0x0000000000000c58, R11=0x00007f143355f240
R12=0x00007f14338d6790, R13=0x00007f1440114b80, R14=0x00000000000003d8, R15=0x00007f1440027e58
RIP=0x00007f143355f263, EFLAGS=0x0000000000010206, CSGSFS=0x0000000000000033, ERR=0x0000000000000004
  TRAPNO=0x000000000000000e

Top of Stack: (sp=0x00007f1438f03890)
0x00007f1438f03890:   00007f1440113520 00007f1438f038b0
0x00007f1438f038a0:   00007f144012bbc0 00007f1438f03a38
0x00007f1438f038b0:   00000000ffffffff 00007f14402543a0
0x00007f1438f038c0:   00007f14333e8628 00007f1440113520
0x00007f1438f038d0:   00007f143ca35ac0 00007f14402543a0
0x00007f1438f038e0:   00007f144013c270 00007f1400000001
0x00007f1438f038f0:   0000000000000000 0000000000000000
0x00007f1438f03900:   00007f1440134de0 00007f1440402bd0
0x00007f1438f03910:   00000000000003d8 00007f1440404320
0x00007f1438f03920:   00007f1433896400 00007f143389ade8
0x00007f1438f03930:   00007f14338d6790 00007f1440114b80
0x00007f1438f03940:   00000000000003d8 00007f1440027e58
0x00007f1438f03950:   0000000000000000 00007f14467889ad
0x00007f1438f03960:   0000000000000005 0000000000000000
0x00007f1438f03970:   00007f1440114b80 00007f14333e8628
0x00007f1438f03980:   00007f14338cb700 00007f1440134b10
0x00007f1438f03990:   00007f14338d6790 00007f144678ff30
0x00007f1438f039a0:   00007f1440222ab0 00007f1433896400
0x00007f1438f039b0:   00007f14401399a0 00007f143357c1a7
0x00007f1438f039c0:   00007f144013bc58 00007f144013bbb0
0x00007f1438f039d0:   00007f144013bdb0 00007f14401281a0
0x00007f1438f039e0:   00007f144016ede0 00007f14338d6790
0x00007f1438f039f0:   00007f144012bb20 00007f1438f03a38
0x00007f1438f03a00:   00007f144012bbc0 00007f144012bb20
0x00007f1438f03a10:   0000000000000001 00007f1440113520
0x00007f1438f03a20:   00007f14338cb700 00007f143357c34f
0x00007f1438f03a30:   0000000000000000 00007f14401399a0
0x00007f1438f03a40:   0000000000000005 0000000000000000
0x00007f1438f03a50:   00007f1440027e58 00007f14338cea98
0x00007f1438f03a60:   00007f144012dd80 0000000000000001
0x00007f1438f03a70:   00007f1440114b80 00007f143355dd37
0x00007f1438f03a80:   00007f1440114b80 00007f14338ce098 

Instructions: (pc=0x00007f143355f263)
0x00007f143355f243:   ec 90 01 00 00 48 8b 05 01 a2 33 00 48 89 7c 24
0x00007f143355f253:   10 48 89 74 24 18 ff 10 48 8d bc 24 c0 00 00 00
0x00007f143355f263:   48 8b 08 48 89 04 24 48 89 38 48 89 4c 24 08 e8
0x00007f143355f273:   79 31 ed ff 85 c0 74 75 48 8b 14 24 c7 42 08 01 

Register to memory mapping:

RAX=0x0000000000000000 is an unknown value
RBX=0x00007f14338cb700: _simgrid_log_category__simix_process+0 in /tmp/simgrid-java1765629392168475815/libsimgrid.so at 0x00007f14333cf000
RCX=0x00007f14338d6790: simix_global+0 in /tmp/simgrid-java1765629392168475815/libsimgrid.so at 0x00007f14333cf000
RDX=0x00007f1438f04a30 is an unknown value
RSP=0x00007f1438f03890 is an unknown value
RBP=0x00007f1440134b10 is an unknown value
RSI=0x00007f1438f03a38 is an unknown value
RDI=0x00007f1438f03950 is an unknown value
R8 =0x00007f144012bb20 is an unknown value
R9 =0x0000000000000001 is an unknown value
R10=0x0000000000000c58 is an unknown value
R11=0x00007f143355f240: xbt_dynar_member+0 in /tmp/simgrid-java1765629392168475815/libsimgrid.so at 0x00007f14333cf000
R12=0x00007f14338d6790: simix_global+0 in /tmp/simgrid-java1765629392168475815/libsimgrid.so at 0x00007f14333cf000
R13=0x00007f1440114b80 is an unknown value
R14=0x00000000000003d8 is an unknown value
R15=0x00007f1440027e58 is an unknown value


Stack: [0x00007f1438e04000,0x00007f1438f05000],  sp=0x00007f1438f03890,  free space=1022k
Native frames: (J=compiled Java code, j=interpreted, Vv=VM code, C=native code)
C  [libsimgrid.so+0x190263]  xbt_dynar_member+0x23

VM_Operation (0x00007f1430416730): Exit, mode: safepoint, requested by thread 0x00007f1418001000


---------------  P R O C E S S  ---------------

Java Threads: ( => current thread )
  0x00007f1418001000 JavaThread "SIGTERM handler" daemon [_thread_blocked, id=5974, stack(0x00007f1430317000,0x00007f1430418000)]
  0x00007f13c4001000 JavaThread "Thread-15" [_thread_in_native, id=5973, stack(0x00007f13d27fd000,0x00007f13d2ffe000)]
  0x00007f13c0001000 JavaThread "Thread-14" [_thread_in_native, id=5972, stack(0x00007f13d2ffe000,0x00007f13d37ff000)]
  0x00007f13c8001000 JavaThread "Thread-13" [_thread_in_native, id=5971, stack(0x00007f13d37ff000,0x00007f13d4000000)]
  0x00007f13cc001000 JavaThread "Thread-12" [_thread_in_native, id=5970, stack(0x00007f13f07f9000,0x00007f13f0ffa000)]
  0x00007f13d8001000 JavaThread "Thread-11" [_thread_in_native, id=5969, stack(0x00007f13f0ffa000,0x00007f13f17fb000)]
  0x00007f13d4001000 JavaThread "Thread-10" [_thread_blocked, id=5968, stack(0x00007f13f17fb000,0x00007f13f1ffc000)]
  0x00007f13e0001000 JavaThread "Thread-9" [_thread_in_native, id=5967, stack(0x00007f13f1ffc000,0x00007f13f27fd000)]
  0x00007f13dc001000 JavaThread "Thread-7" [_thread_in_native, id=5966, stack(0x00007f13f27fd000,0x00007f13f2ffe000)]
  0x00007f13e8001000 JavaThread "Thread-6" [_thread_in_native, id=5965, stack(0x00007f13f2ffe000,0x00007f13f37ff000)]
  0x00007f13e4001000 JavaThread "Thread-8" [_thread_in_native, id=5964, stack(0x00007f13f37ff000,0x00007f13f4000000)]
  0x00007f13ec001000 JavaThread "Thread-5" [_thread_in_native, id=5963, stack(0x00007f1430418000,0x00007f1430c19000)]
  0x00007f13f8001000 JavaThread "Thread-4" [_thread_in_native, id=5962, stack(0x00007f1430c19000,0x00007f143141a000)]
  0x00007f13f4001000 JavaThread "Thread-3" [_thread_in_native, id=5961, stack(0x00007f143141a000,0x00007f1431c1b000)]
  0x00007f1400001000 JavaThread "Thread-2" [_thread_in_native, id=5960, stack(0x00007f1431c1b000,0x00007f143241c000)]
  0x00007f13fc001000 JavaThread "Thread-1" [_thread_in_native, id=5959, stack(0x00007f143241c000,0x00007f1432c1d000)]
  0x00007f1440099000 JavaThread "Service Thread" daemon [_thread_blocked, id=5957, stack(0x00007f143811b000,0x00007f143821c000)]
  0x00007f1440096800 JavaThread "C2 CompilerThread1" daemon [_thread_blocked, id=5956, stack(0x00007f143821c000,0x00007f143831d000)]
  0x00007f1440093800 JavaThread "C2 CompilerThread0" daemon [_thread_blocked, id=5955, stack(0x00007f143831d000,0x00007f143841e000)]
  0x00007f1440070800 JavaThread "Finalizer" daemon [_thread_blocked, id=5953, stack(0x00007f1438c02000,0x00007f1438d03000)]
  0x00007f144006e000 JavaThread "Reference Handler" daemon [_thread_blocked, id=5952, stack(0x00007f1438d03000,0x00007f1438e04000)]
  0x00007f1440009800 JavaThread "main" [_thread_in_native, id=5946, stack(0x00007f144687c000,0x00007f144697d000)]

Other Threads:
=>0x00007f144006a000 VMThread [stack: 0x00007f1438e04000,0x00007f1438f05000] [id=5951]

VM state:at safepoint (shutting down)

VM Mutex/Monitor currently owned by a thread:  ([mutex/lock_event])
[0x00007f14400061b0] Threads_lock - owner thread: 0x00007f144006a000

Heap
 PSYoungGen      total 17920K, used 12291K [0x00000000ec400000, 0x00000000ed800000, 0x0000000100000000)
  eden space 15360K, 80% used [0x00000000ec400000,0x00000000ed000ce0,0x00000000ed300000)
  from space 2560K, 0% used [0x00000000ed580000,0x00000000ed580000,0x00000000ed800000)
  to   space 2560K, 0% used [0x00000000ed300000,0x00000000ed300000,0x00000000ed580000)
 ParOldGen       total 40448K, used 0K [0x00000000c4c00000, 0x00000000c7380000, 0x00000000ec400000)
  object space 40448K, 0% used [0x00000000c4c00000,0x00000000c4c00000,0x00000000c7380000)
 PSPermGen       total 21504K, used 3902K [0x00000000bfa00000, 0x00000000c0f00000, 0x00000000c4c00000)
  object space 21504K, 18% used [0x00000000bfa00000,0x00000000bfdcfa88,0x00000000c0f00000)

Card table byte_map: [0x00007f143c7cc000,0x00007f143c9d0000] byte_map_base: 0x00007f143c1cf000

Polling page: 0x00007f1446999000

Code Cache  [0x00007f143c9d0000, 0x00007f143cc40000, 0x00007f143f9d0000)
 total_blobs=248 nmethods=39 adapters=163 free_code_cache=48701Kb largest_free_block=49851328

Compilation events (10 events):
Event: 1.476 Thread 0x00007f1440093800 nmethod 35 0x00007f143ca3a650 code [0x00007f143ca3a7a0, 0x00007f143ca3aa58]
Event: 1.509 Thread 0x00007f1440096800 nmethod 34 0x00007f143ca43850 code [0x00007f143ca43a40, 0x00007f143ca44c28]
Event: 1.564 Thread 0x00007f1440093800   36             java.lang.CharacterData::of (120 bytes)
Event: 1.564 Thread 0x00007f1440096800   37             java.lang.CharacterDataLatin1::getProperties (11 bytes)
Event: 1.565 Thread 0x00007f1440093800 nmethod 36 0x00007f143ca3a410 code [0x00007f143ca3a540, 0x00007f143ca3a5b8]
Event: 1.565 Thread 0x00007f1440096800 nmethod 37 0x00007f143ca3a1d0 code [0x00007f143ca3a300, 0x00007f143ca3a378]
Event: 1.583 Thread 0x00007f1440093800   38             java.lang.StringBuilder::append (8 bytes)
Event: 1.583 Thread 0x00007f1440096800   39             java.lang.AbstractStringBuilder::append (62 bytes)
Event: 1.587 Thread 0x00007f1440093800 nmethod 38 0x00007f143ca41150 code [0x00007f143ca412c0, 0x00007f143ca41778]
Event: 1.588 Thread 0x00007f1440096800 nmethod 39 0x00007f143ca42d90 code [0x00007f143ca42f00, 0x00007f143ca433f8]

GC Heap History (0 events):
No events

Deoptimization events (0 events):
No events

Internal exceptions (10 events):
Event: 1.631 Thread 0x00007f13c0001000 Threw 0x00000000ec8df5d8 at /HUDSON/workspace/7u-2-build-linux-amd64/jdk7u80/2329/hotspot/src/share/vm/prims/jni.cpp:743
Event: 1.631 Thread 0x00007f13fc001000 Threw 0x00000000ecdcb300 at /HUDSON/workspace/7u-2-build-linux-amd64/jdk7u80/2329/hotspot/src/share/vm/prims/jni.cpp:743
Event: 1.631 Thread 0x00007f13d8001000 Threw 0x00000000ec7fa708 at /HUDSON/workspace/7u-2-build-linux-amd64/jdk7u80/2329/hotspot/src/share/vm/prims/jni.cpp:743
Event: 1.631 Thread 0x00007f13c4001000 Threw 0x00000000ec978820 at /HUDSON/workspace/7u-2-build-linux-amd64/jdk7u80/2329/hotspot/src/share/vm/prims/jni.cpp:743
Event: 1.631 Thread 0x00007f13cc001000 Threw 0x00000000ec846cb8 at /HUDSON/workspace/7u-2-build-linux-amd64/jdk7u80/2329/hotspot/src/share/vm/prims/jni.cpp:743
Event: 1.632 Thread 0x00007f13e4001000 Threw 0x00000000ecc5e180 at /HUDSON/workspace/7u-2-build-linux-amd64/jdk7u80/2329/hotspot/src/share/vm/prims/jni.cpp:743
Event: 1.632 Thread 0x00007f13e8001000 Threw 0x00000000ecc9f7b0 at /HUDSON/workspace/7u-2-build-linux-amd64/jdk7u80/2329/hotspot/src/share/vm/prims/jni.cpp:743
Event: 1.632 Thread 0x00007f13f8001000 Threw 0x00000000ecd48ce0 at /HUDSON/workspace/7u-2-build-linux-amd64/jdk7u80/2329/hotspot/src/share/vm/prims/jni.cpp:743
Event: 1.634 Thread 0x00007f13c8001000 Threw 0x00000000ec8931a8 at /HUDSON/workspace/7u-2-build-linux-amd64/jdk7u80/2329/hotspot/src/share/vm/prims/jni.cpp:743
Event: 1.634 Thread 0x00007f13e0001000 Threw 0x00000000ec761f30 at /HUDSON/workspace/7u-2-build-linux-amd64/jdk7u80/2329/hotspot/src/share/vm/prims/jni.cpp:743

Events (10 events):
Event: 1.632 loading class 0x00007f14400f46c0
Event: 1.632 loading class 0x00007f14400f46c0 done
Event: 1.633 loading class 0x00007f14400f4690
Event: 1.633 loading class 0x00007f14400f4650
Event: 1.633 loading class 0x00007f14400f4650 done
Event: 1.633 loading class 0x00007f14400f4690 done
Event: 1.634 Thread 0x00007f13b8001000 Thread added: 0x00007f13b8001000
Event: 1.634 Thread 0x00007f13b8001000 Thread exited: 0x00007f13b8001000
Event: 1.634 Thread 0x00007f1440091800 Thread exited: 0x00007f1440091800
Event: 1.634 Executing VM operation: Exit


Dynamic libraries:
00400000-00401000 r-xp 00000000 08:07 663942                             /home/elixandre/jdk1.7.0_80/bin/java
00600000-00601000 rw-p 00000000 08:07 663942                             /home/elixandre/jdk1.7.0_80/bin/java
016c5000-016e6000 rw-p 00000000 00:00 0                                  [heap]
bfa00000-c0f00000 rw-p 00000000 00:00 0 
c0f00000-c4c00000 rw-p 00000000 00:00 0 
c4c00000-c7380000 rw-p 00000000 00:00 0 
c7380000-ec400000 rw-p 00000000 00:00 0 
ec400000-ed800000 rw-p 00000000 00:00 0 
ed800000-100000000 rw-p 00000000 00:00 0 
7f13b8000000-7f13b8021000 rw-p 00000000 00:00 0 
7f13b8021000-7f13bc000000 ---p 00000000 00:00 0 
7f13bc000000-7f13bc021000 rw-p 00000000 00:00 0 
7f13bc021000-7f13c0000000 ---p 00000000 00:00 0 
7f13c0000000-7f13c0022000 rw-p 00000000 00:00 0 
7f13c0022000-7f13c4000000 ---p 00000000 00:00 0 
7f13c4000000-7f13c4022000 rw-p 00000000 00:00 0 
7f13c4022000-7f13c8000000 ---p 00000000 00:00 0 
7f13c8000000-7f13c8022000 rw-p 00000000 00:00 0 
7f13c8022000-7f13cc000000 ---p 00000000 00:00 0 
7f13cc000000-7f13cc022000 rw-p 00000000 00:00 0 
7f13cc022000-7f13d0000000 ---p 00000000 00:00 0 
7f13d27fd000-7f13d2800000 ---p 00000000 00:00 0 
7f13d2800000-7f13d2ffe000 rw-p 00000000 00:00 0 
7f13d2ffe000-7f13d3001000 ---p 00000000 00:00 0 
7f13d3001000-7f13d37ff000 rw-p 00000000 00:00 0 
7f13d37ff000-7f13d3802000 ---p 00000000 00:00 0 
7f13d3802000-7f13d4000000 rw-p 00000000 00:00 0 
7f13d4000000-7f13d4022000 rw-p 00000000 00:00 0 
7f13d4022000-7f13d8000000 ---p 00000000 00:00 0 
7f13d8000000-7f13d8022000 rw-p 00000000 00:00 0 
7f13d8022000-7f13dc000000 ---p 00000000 00:00 0 
7f13dc000000-7f13dc125000 rw-p 00000000 00:00 0 
7f13dc125000-7f13e0000000 ---p 00000000 00:00 0 
7f13e0000000-7f13e0022000 rw-p 00000000 00:00 0 
7f13e0022000-7f13e4000000 ---p 00000000 00:00 0 
7f13e4000000-7f13e40f0000 rw-p 00000000 00:00 0 
7f13e40f0000-7f13e8000000 ---p 00000000 00:00 0 
7f13e8000000-7f13e80f0000 rw-p 00000000 00:00 0 
7f13e80f0000-7f13ec000000 ---p 00000000 00:00 0 
7f13ec000000-7f13ec0ef000 rw-p 00000000 00:00 0 
7f13ec0ef000-7f13f0000000 ---p 00000000 00:00 0 
7f13f07f9000-7f13f07fc000 ---p 00000000 00:00 0 
7f13f07fc000-7f13f0ffa000 rw-p 00000000 00:00 0 
7f13f0ffa000-7f13f0ffd000 ---p 00000000 00:00 0 
7f13f0ffd000-7f13f17fb000 rw-p 00000000 00:00 0 
7f13f17fb000-7f13f17fe000 ---p 00000000 00:00 0 
7f13f17fe000-7f13f1ffc000 rw-p 00000000 00:00 0 
7f13f1ffc000-7f13f1fff000 ---p 00000000 00:00 0 
7f13f1fff000-7f13f27fd000 rw-p 00000000 00:00 0 
7f13f27fd000-7f13f2800000 ---p 00000000 00:00 0 
7f13f2800000-7f13f2ffe000 rw-p 00000000 00:00 0 
7f13f2ffe000-7f13f3001000 ---p 00000000 00:00 0 
7f13f3001000-7f13f37ff000 rw-p 00000000 00:00 0 
7f13f37ff000-7f13f3802000 ---p 00000000 00:00 0 
7f13f3802000-7f13f4000000 rw-p 00000000 00:00 0 
7f13f4000000-7f13f40ef000 rw-p 00000000 00:00 0 
7f13f40ef000-7f13f8000000 ---p 00000000 00:00 0 
7f13f8000000-7f13f80f0000 rw-p 00000000 00:00 0 
7f13f80f0000-7f13fc000000 ---p 00000000 00:00 0 
7f13fc000000-7f13fc13c000 rw-p 00000000 00:00 0 
7f13fc13c000-7f1400000000 ---p 00000000 00:00 0 
7f1400000000-7f14000f4000 rw-p 00000000 00:00 0 
7f14000f4000-7f1404000000 ---p 00000000 00:00 0 
7f1404000000-7f1404021000 rw-p 00000000 00:00 0 
7f1404021000-7f1408000000 ---p 00000000 00:00 0 
7f1408000000-7f1408021000 rw-p 00000000 00:00 0 
7f1408021000-7f140c000000 ---p 00000000 00:00 0 
7f140c000000-7f140c165000 rw-p 00000000 00:00 0 
7f140c165000-7f1410000000 ---p 00000000 00:00 0 
7f1410000000-7f14101c3000 rw-p 00000000 00:00 0 
7f14101c3000-7f1414000000 ---p 00000000 00:00 0 
7f1414000000-7f1414021000 rw-p 00000000 00:00 0 
7f1414021000-7f1418000000 ---p 00000000 00:00 0 
7f1418000000-7f1418021000 rw-p 00000000 00:00 0 
7f1418021000-7f141c000000 ---p 00000000 00:00 0 
7f141c000000-7f141c021000 rw-p 00000000 00:00 0 
7f141c021000-7f1420000000 ---p 00000000 00:00 0 
7f1420000000-7f1420021000 rw-p 00000000 00:00 0 
7f1420021000-7f1424000000 ---p 00000000 00:00 0 
7f1424000000-7f1424021000 rw-p 00000000 00:00 0 
7f1424021000-7f1428000000 ---p 00000000 00:00 0 
7f1428000000-7f1428021000 rw-p 00000000 00:00 0 
7f1428021000-7f142c000000 ---p 00000000 00:00 0 
7f142c000000-7f142c021000 rw-p 00000000 00:00 0 
7f142c021000-7f1430000000 ---p 00000000 00:00 0 
7f1430216000-7f1430219000 ---p 00000000 00:00 0 
7f1430219000-7f1430317000 rw-p 00000000 00:00 0 
7f1430317000-7f143031a000 ---p 00000000 00:00 0 
7f143031a000-7f1430418000 rw-p 00000000 00:00 0 
7f1430418000-7f143041b000 ---p 00000000 00:00 0 
7f143041b000-7f1430c19000 rw-p 00000000 00:00 0 
7f1430c19000-7f1430c1c000 ---p 00000000 00:00 0 
7f1430c1c000-7f143141a000 rw-p 00000000 00:00 0 
7f143141a000-7f143141d000 ---p 00000000 00:00 0 
7f143141d000-7f1431c1b000 rw-p 00000000 00:00 0 
7f1431c1b000-7f1431c1e000 ---p 00000000 00:00 0 
7f1431c1e000-7f143241c000 rw-p 00000000 00:00 0 
7f143241c000-7f143241f000 ---p 00000000 00:00 0 
7f143241f000-7f1432c1d000 rw-p 00000000 00:00 0 
7f1432c1d000-7f1432c35000 r-xp 00000000 08:07 794697                     /tmp/simgrid-java1765629392168475815/libsimgrid-java.so (deleted)
7f1432c35000-7f1432e35000 ---p 00018000 08:07 794697                     /tmp/simgrid-java1765629392168475815/libsimgrid-java.so (deleted)
7f1432e35000-7f1432e36000 rw-p 00018000 08:07 794697                     /tmp/simgrid-java1765629392168475815/libsimgrid-java.so (deleted)
7f1432e36000-7f1432e4c000 r-xp 00000000 08:07 528568                     /lib/x86_64-linux-gnu/libgcc_s.so.1
7f1432e4c000-7f143304b000 ---p 00016000 08:07 528568                     /lib/x86_64-linux-gnu/libgcc_s.so.1
7f143304b000-7f143304c000 r--p 00015000 08:07 528568                     /lib/x86_64-linux-gnu/libgcc_s.so.1
7f143304c000-7f143304d000 rw-p 00016000 08:07 528568                     /lib/x86_64-linux-gnu/libgcc_s.so.1
7f143304d000-7f14331c0000 r-xp 00000000 08:07 1059329                    /usr/lib/x86_64-linux-gnu/libstdc++.so.6.0.21
7f14331c0000-7f14333bf000 ---p 00173000 08:07 1059329                    /usr/lib/x86_64-linux-gnu/libstdc++.so.6.0.21
7f14333bf000-7f14333c9000 r--p 00172000 08:07 1059329                    /usr/lib/x86_64-linux-gnu/libstdc++.so.6.0.21
7f14333c9000-7f14333cb000 rw-p 0017c000 08:07 1059329                    /usr/lib/x86_64-linux-gnu/libstdc++.so.6.0.21
7f14333cb000-7f14333cf000 rw-p 00000000 00:00 0 
7f14333cf000-7f1433694000 r-xp 00000000 08:07 794682                     /tmp/simgrid-java1765629392168475815/libsimgrid.so (deleted)
7f1433694000-7f1433894000 ---p 002c5000 08:07 794682                     /tmp/simgrid-java1765629392168475815/libsimgrid.so (deleted)
7f1433894000-7f14338cf000 rw-p 002c5000 08:07 794682                     /tmp/simgrid-java1765629392168475815/libsimgrid.so (deleted)
7f14338cf000-7f1433bd8000 rw-p 00000000 00:00 0 
7f1433bd8000-7f1433bef000 r-xp 00000000 08:07 663689                     /home/elixandre/jdk1.7.0_80/jre/lib/amd64/libnet.so
7f1433bef000-7f1433dee000 ---p 00017000 08:07 663689                     /home/elixandre/jdk1.7.0_80/jre/lib/amd64/libnet.so
7f1433dee000-7f1433def000 rw-p 00016000 08:07 663689                     /home/elixandre/jdk1.7.0_80/jre/lib/amd64/libnet.so
7f1433def000-7f1433dff000 r-xp 00000000 08:07 663688                     /home/elixandre/jdk1.7.0_80/jre/lib/amd64/libnio.so
7f1433dff000-7f1433fff000 ---p 00010000 08:07 663688                     /home/elixandre/jdk1.7.0_80/jre/lib/amd64/libnio.so
7f1433fff000-7f1434000000 rw-p 00010000 08:07 663688                     /home/elixandre/jdk1.7.0_80/jre/lib/amd64/libnio.so
7f1434000000-7f1434021000 rw-p 00000000 00:00 0 
7f1434021000-7f1438000000 ---p 00000000 00:00 0 
7f143801a000-7f143801b000 ---p 00000000 00:00 0 
7f143801b000-7f143811b000 rw-p 00000000 00:00 0 
7f143811b000-7f143811e000 ---p 00000000 00:00 0 
7f143811e000-7f143821c000 rw-p 00000000 00:00 0 
7f143821c000-7f143821f000 ---p 00000000 00:00 0 
7f143821f000-7f143831d000 rw-p 00000000 00:00 0 
7f143831d000-7f1438320000 ---p 00000000 00:00 0 
7f1438320000-7f143841e000 rw-p 00000000 00:00 0 
7f143841e000-7f1438421000 ---p 00000000 00:00 0 
7f1438421000-7f143851f000 rw-p 00000000 00:00 0 
7f143851f000-7f1438c02000 r--p 00000000 08:07 1055607                    /usr/lib/locale/locale-archive
7f1438c02000-7f1438c05000 ---p 00000000 00:00 0 
7f1438c05000-7f1438d03000 rw-p 00000000 00:00 0 
7f1438d03000-7f1438d06000 ---p 00000000 00:00 0 
7f1438d06000-7f1438e04000 rw-p 00000000 00:00 0 
7f1438e04000-7f1438e05000 ---p 00000000 00:00 0 
7f1438e05000-7f1439f04000 rw-p 00000000 00:00 0 
7f1439f04000-7f143a0c4000 r--s 039fb000 08:07 663892                     /home/elixandre/jdk1.7.0_80/jre/lib/rt.jar
7f143a0c4000-7f143c3c8000 rw-p 00000000 00:00 0 
7f143c3c8000-7f143c3c9000 ---p 00000000 00:00 0 
7f143c3c9000-7f143c4c9000 rw-p 00000000 00:00 0 
7f143c4c9000-7f143c4ca000 ---p 00000000 00:00 0 
7f143c4ca000-7f143c5ca000 rw-p 00000000 00:00 0 
7f143c5ca000-7f143c5cb000 ---p 00000000 00:00 0 
7f143c5cb000-7f143c6cb000 rw-p 00000000 00:00 0 
7f143c6cb000-7f143c6cc000 ---p 00000000 00:00 0 
7f143c6cc000-7f143c7d7000 rw-p 00000000 00:00 0 
7f143c7d7000-7f143c7f5000 rw-p 00000000 00:00 0 
7f143c7f5000-7f143c809000 rw-p 00000000 00:00 0 
7f143c809000-7f143c931000 rw-p 00000000 00:00 0 
7f143c931000-7f143c93b000 rw-p 00000000 00:00 0 
7f143c93b000-7f143c9cf000 rw-p 00000000 00:00 0 
7f143c9cf000-7f143c9d0000 rw-p 00000000 00:00 0 
7f143c9d0000-7f143cc40000 rwxp 00000000 00:00 0 
7f143cc40000-7f143f9d0000 rw-p 00000000 00:00 0 
7f143f9d0000-7f143f9e7000 r-xp 00000000 08:07 663687                     /home/elixandre/jdk1.7.0_80/jre/lib/amd64/libzip.so
7f143f9e7000-7f143fbe7000 ---p 00017000 08:07 663687                     /home/elixandre/jdk1.7.0_80/jre/lib/amd64/libzip.so
7f143fbe7000-7f143fbe8000 rw-p 00017000 08:07 663687                     /home/elixandre/jdk1.7.0_80/jre/lib/amd64/libzip.so
7f143fbe8000-7f143fbf2000 r-xp 00000000 08:07 529521                     /lib/x86_64-linux-gnu/libnss_files-2.21.so
7f143fbf2000-7f143fdf2000 ---p 0000a000 08:07 529521                     /lib/x86_64-linux-gnu/libnss_files-2.21.so
7f143fdf2000-7f143fdf3000 r--p 0000a000 08:07 529521                     /lib/x86_64-linux-gnu/libnss_files-2.21.so
7f143fdf3000-7f143fdf4000 rw-p 0000b000 08:07 529521                     /lib/x86_64-linux-gnu/libnss_files-2.21.so
7f143fdf4000-7f143fdff000 r-xp 00000000 08:07 529535                     /lib/x86_64-linux-gnu/libnss_nis-2.21.so
7f143fdff000-7f143fffe000 ---p 0000b000 08:07 529535                     /lib/x86_64-linux-gnu/libnss_nis-2.21.so
7f143fffe000-7f143ffff000 r--p 0000a000 08:07 529535                     /lib/x86_64-linux-gnu/libnss_nis-2.21.so
7f143ffff000-7f1440000000 rw-p 0000b000 08:07 529535                     /lib/x86_64-linux-gnu/libnss_nis-2.21.so
7f1440000000-7f1440408000 rw-p 00000000 00:00 0 
7f1440408000-7f1444000000 ---p 00000000 00:00 0 
7f1444005000-7f1444038000 rw-p 00000000 00:00 0 
7f1444038000-7f1444056000 rw-p 00000000 00:00 0 
7f1444056000-7f144406a000 rw-p 00000000 00:00 0 
7f144406a000-7f1444192000 rw-p 00000000 00:00 0 
7f1444192000-7f14441a9000 r-xp 00000000 08:07 529538                     /lib/x86_64-linux-gnu/libnsl-2.21.so
7f14441a9000-7f14443a8000 ---p 00017000 08:07 529538                     /lib/x86_64-linux-gnu/libnsl-2.21.so
7f14443a8000-7f14443a9000 r--p 00016000 08:07 529538                     /lib/x86_64-linux-gnu/libnsl-2.21.so
7f14443a9000-7f14443aa000 rw-p 00017000 08:07 529538                     /lib/x86_64-linux-gnu/libnsl-2.21.so
7f14443aa000-7f14443ac000 rw-p 00000000 00:00 0 
7f14443ac000-7f14443b4000 r-xp 00000000 08:07 529523                     /lib/x86_64-linux-gnu/libnss_compat-2.21.so
7f14443b4000-7f14445b3000 ---p 00008000 08:07 529523                     /lib/x86_64-linux-gnu/libnss_compat-2.21.so
7f14445b3000-7f14445b4000 r--p 00007000 08:07 529523                     /lib/x86_64-linux-gnu/libnss_compat-2.21.so
7f14445b4000-7f14445b5000 rw-p 00008000 08:07 529523                     /lib/x86_64-linux-gnu/libnss_compat-2.21.so
7f14445b5000-7f14445de000 r-xp 00000000 08:07 663623                     /home/elixandre/jdk1.7.0_80/jre/lib/amd64/libjava.so
7f14445de000-7f14447de000 ---p 00029000 08:07 663623                     /home/elixandre/jdk1.7.0_80/jre/lib/amd64/libjava.so
7f14447de000-7f14447e0000 rw-p 00029000 08:07 663623                     /home/elixandre/jdk1.7.0_80/jre/lib/amd64/libjava.so
7f14447e0000-7f14447ed000 r-xp 00000000 08:07 663501                     /home/elixandre/jdk1.7.0_80/jre/lib/amd64/libverify.so
7f14447ed000-7f14449ec000 ---p 0000d000 08:07 663501                     /home/elixandre/jdk1.7.0_80/jre/lib/amd64/libverify.so
7f14449ec000-7f14449ee000 rw-p 0000c000 08:07 663501                     /home/elixandre/jdk1.7.0_80/jre/lib/amd64/libverify.so
7f14449ee000-7f14449f5000 r-xp 00000000 08:07 529522                     /lib/x86_64-linux-gnu/librt-2.21.so
7f14449f5000-7f1444bf4000 ---p 00007000 08:07 529522                     /lib/x86_64-linux-gnu/librt-2.21.so
7f1444bf4000-7f1444bf5000 r--p 00006000 08:07 529522                     /lib/x86_64-linux-gnu/librt-2.21.so
7f1444bf5000-7f1444bf6000 rw-p 00007000 08:07 529522                     /lib/x86_64-linux-gnu/librt-2.21.so
7f1444bf6000-7f1444cfd000 r-xp 00000000 08:07 529524                     /lib/x86_64-linux-gnu/libm-2.21.so
7f1444cfd000-7f1444efc000 ---p 00107000 08:07 529524                     /lib/x86_64-linux-gnu/libm-2.21.so
7f1444efc000-7f1444efd000 r--p 00106000 08:07 529524                     /lib/x86_64-linux-gnu/libm-2.21.so
7f1444efd000-7f1444efe000 rw-p 00107000 08:07 529524                     /lib/x86_64-linux-gnu/libm-2.21.so
7f1444efe000-7f1445a74000 r-xp 00000000 08:07 663273                     /home/elixandre/jdk1.7.0_80/jre/lib/amd64/server/libjvm.so
7f1445a74000-7f1445c73000 ---p 00b76000 08:07 663273                     /home/elixandre/jdk1.7.0_80/jre/lib/amd64/server/libjvm.so
7f1445c73000-7f1445d37000 rw-p 00b75000 08:07 663273                     /home/elixandre/jdk1.7.0_80/jre/lib/amd64/server/libjvm.so
7f1445d37000-7f1445d78000 rw-p 00000000 00:00 0 
7f1445d78000-7f1445f38000 r-xp 00000000 08:07 529541                     /lib/x86_64-linux-gnu/libc-2.21.so
7f1445f38000-7f1446138000 ---p 001c0000 08:07 529541                     /lib/x86_64-linux-gnu/libc-2.21.so
7f1446138000-7f144613c000 r--p 001c0000 08:07 529541                     /lib/x86_64-linux-gnu/libc-2.21.so
7f144613c000-7f144613e000 rw-p 001c4000 08:07 529541                     /lib/x86_64-linux-gnu/libc-2.21.so
7f144613e000-7f1446142000 rw-p 00000000 00:00 0 
7f1446142000-7f1446145000 r-xp 00000000 08:07 529528                     /lib/x86_64-linux-gnu/libdl-2.21.so
7f1446145000-7f1446344000 ---p 00003000 08:07 529528                     /lib/x86_64-linux-gnu/libdl-2.21.so
7f1446344000-7f1446345000 r--p 00002000 08:07 529528                     /lib/x86_64-linux-gnu/libdl-2.21.so
7f1446345000-7f1446346000 rw-p 00003000 08:07 529528                     /lib/x86_64-linux-gnu/libdl-2.21.so
7f1446346000-7f144635b000 r-xp 00000000 08:07 663695                     /home/elixandre/jdk1.7.0_80/lib/amd64/jli/libjli.so
7f144635b000-7f144655a000 ---p 00015000 08:07 663695                     /home/elixandre/jdk1.7.0_80/lib/amd64/jli/libjli.so
7f144655a000-7f144655b000 rw-p 00014000 08:07 663695                     /home/elixandre/jdk1.7.0_80/lib/amd64/jli/libjli.so
7f144655b000-7f1446573000 r-xp 00000000 08:07 529525                     /lib/x86_64-linux-gnu/libpthread-2.21.so
7f1446573000-7f1446773000 ---p 00018000 08:07 529525                     /lib/x86_64-linux-gnu/libpthread-2.21.so
7f1446773000-7f1446774000 r--p 00018000 08:07 529525                     /lib/x86_64-linux-gnu/libpthread-2.21.so
7f1446774000-7f1446775000 rw-p 00019000 08:07 529525                     /lib/x86_64-linux-gnu/libpthread-2.21.so
7f1446775000-7f1446779000 rw-p 00000000 00:00 0 
7f1446779000-7f144679d000 r-xp 00000000 08:07 529539                     /lib/x86_64-linux-gnu/ld-2.21.so
7f14467a7000-7f14467c6000 rw-p 00000000 00:00 0 
7f14467c6000-7f144687c000 rw-p 00000000 00:00 0 
7f144687c000-7f144687f000 ---p 00000000 00:00 0 
7f144687f000-7f1446981000 rw-p 00000000 00:00 0 
7f1446989000-7f144698d000 r--s 0008b000 08:07 663627                     /home/elixandre/jdk1.7.0_80/jre/lib/jsse.jar
7f144698d000-7f1446990000 r--s 00f76000 08:07 542783                     /home/elixandre/Downloads/simgrid.jar
7f1446990000-7f1446998000 rw-s 00000000 08:07 544733                     /tmp/hsperfdata_elixandre/5941 (deleted)
7f1446998000-7f1446999000 rw-p 00000000 00:00 0 
7f1446999000-7f144699a000 ---p 00000000 00:00 0 
7f144699a000-7f144699c000 rw-p 00000000 00:00 0 
7f144699c000-7f144699d000 r--p 00023000 08:07 529539                     /lib/x86_64-linux-gnu/ld-2.21.so
7f144699d000-7f144699e000 rw-p 00024000 08:07 529539                     /lib/x86_64-linux-gnu/ld-2.21.so
7f144699e000-7f144699f000 rw-p 00000000 00:00 0 
7ffcb0ac2000-7ffcb0ae3000 rw-p 00000000 00:00 0                          [stack]
7ffcb0b11000-7ffcb0b13000 r--p 00000000 00:00 0                          [vvar]
7ffcb0b13000-7ffcb0b15000 r-xp 00000000 00:00 0                          [vdso]
ffffffffff600000-ffffffffff601000 r-xp 00000000 00:00 0                  [vsyscall]

VM Arguments:
jvm_args: -Dfile.encoding=UTF-8 
java_command: vcube.VCube platform.xml deployment.xml
Launcher Type: SUN_STANDARD

Environment Variables:
PATH=/usr/local/sbin:/usr/local/bin:/usr/sbin:/usr/bin:/sbin:/bin:/usr/games:/usr/local/games:/home/elixandre/.rvm/bin
LD_LIBRARY_PATH=/home/elixandre/jdk1.7.0_80/jre/lib/amd64:/home/elixandre/jdk1.7.0_80/jre/lib/i386:
SHELL=/bin/bash
DISPLAY=:0

Signal Handlers:
SIGSEGV: [libjvm.so+0x9a3b20], sa_mask[0]=0x7ffbfeff, sa_flags=0x10000004
SIGBUS: [libjvm.so+0x9a3b20], sa_mask[0]=0x7ffbfeff, sa_flags=0x10000004
SIGFPE: [libjvm.so+0x81e740], sa_mask[0]=0x7ffbfeff, sa_flags=0x10000004
SIGPIPE: [libjvm.so+0x81e740], sa_mask[0]=0x7ffbfeff, sa_flags=0x10000004
SIGXFSZ: [libjvm.so+0x81e740], sa_mask[0]=0x7ffbfeff, sa_flags=0x10000004
SIGILL: [libjvm.so+0x81e740], sa_mask[0]=0x7ffbfeff, sa_flags=0x10000004
SIGUSR1: SIG_DFL, sa_mask[0]=0x00000000, sa_flags=0x00000000
SIGUSR2: [libjvm.so+0x81ffb0], sa_mask[0]=0x00000004, sa_flags=0x10000004
SIGHUP: [libjvm.so+0x8210d0], sa_mask[0]=0x7ffbfeff, sa_flags=0x10000004
SIGINT: [libsimgrid.so+0x8ff50], sa_mask[0]=0x00000002, sa_flags=0x10000000
SIGTERM: [libjvm.so+0x8210d0], sa_mask[0]=0x7ffbfeff, sa_flags=0x10000004
SIGQUIT: [libjvm.so+0x8210d0], sa_mask[0]=0x7ffbfeff, sa_flags=0x10000004


---------------  S Y S T E M  ---------------

OS:jessie/sid

uname:Linux 4.2.0-42-generic #49-Ubuntu SMP Tue Jun 28 21:26:26 UTC 2016 x86_64
libc:glibc 2.21 NPTL 2.21 
rlimit: STACK 8192k, CORE 0k, NPROC 15009, NOFILE 65536, AS infinity
load average:0.77 0.25 0.14

/proc/meminfo:
MemTotal:        3879128 kB
MemFree:         1054888 kB
MemAvailable:    1976648 kB
Buffers:           79332 kB
Cached:          1117812 kB
SwapCached:         2720 kB
Active:          1465672 kB
Inactive:        1119692 kB
Active(anon):     892816 kB
Inactive(anon):   657504 kB
Active(file):     572856 kB
Inactive(file):   462188 kB
Unevictable:          32 kB
Mlocked:              32 kB
SwapTotal:        975868 kB
SwapFree:         947596 kB
Dirty:             12484 kB
Writeback:             0 kB
AnonPages:       1385968 kB
Mapped:           288672 kB
Shmem:            162100 kB
Slab:             144352 kB
SReclaimable:     111300 kB
SUnreclaim:        33052 kB
KernelStack:        9040 kB
PageTables:        33908 kB
NFS_Unstable:          0 kB
Bounce:                0 kB
WritebackTmp:          0 kB
CommitLimit:     2915432 kB
Committed_AS:    5089640 kB
VmallocTotal:   34359738367 kB
VmallocUsed:      347648 kB
VmallocChunk:   34358947836 kB
HardwareCorrupted:     0 kB
AnonHugePages:    989184 kB
CmaTotal:              0 kB
CmaFree:               0 kB
HugePages_Total:       0
HugePages_Free:        0
HugePages_Rsvd:        0
HugePages_Surp:        0
Hugepagesize:       2048 kB
DirectMap4k:      131832 kB
DirectMap2M:     3895296 kB


CPU:total 4 (2 cores per cpu, 2 threads per core) family 6 model 58 stepping 9, cmov, cx8, fxsr, mmx, sse, sse2, sse3, ssse3, sse4.1, sse4.2, popcnt, avx, erms, ht, tsc, tscinvbit, tscinv

/proc/cpuinfo:
processor	: 0
vendor_id	: GenuineIntel
cpu family	: 6
model		: 58
model name	: Intel(R) Core(TM) i7-3517U CPU @ 1.90GHz
stepping	: 9
microcode	: 0x12
cpu MHz		: 1533.562
cache size	: 4096 KB
physical id	: 0
siblings	: 4
core id		: 0
cpu cores	: 2
apicid		: 0
initial apicid	: 0
fpu		: yes
fpu_exception	: yes
cpuid level	: 13
wp		: yes
flags		: fpu vme de pse tsc msr pae mce cx8 apic sep mtrr pge mca cmov pat pse36 clflush dts acpi mmx fxsr sse sse2 ss ht tm pbe syscall nx rdtscp lm constant_tsc arch_perfmon pebs bts rep_good nopl xtopology nonstop_tsc aperfmperf eagerfpu pni pclmulqdq dtes64 monitor ds_cpl vmx est tm2 ssse3 cx16 xtpr pdcm pcid sse4_1 sse4_2 x2apic popcnt tsc_deadline_timer xsave avx f16c rdrand lahf_lm ida arat epb pln pts dtherm tpr_shadow vnmi flexpriority ept vpid fsgsbase smep erms xsaveopt
bugs		:
bogomips	: 4789.11
clflush size	: 64
cache_alignment	: 64
address sizes	: 36 bits physical, 48 bits virtual
power management:

processor	: 1
vendor_id	: GenuineIntel
cpu family	: 6
model		: 58
model name	: Intel(R) Core(TM) i7-3517U CPU @ 1.90GHz
stepping	: 9
microcode	: 0x12
cpu MHz		: 1542.281
cache size	: 4096 KB
physical id	: 0
siblings	: 4
core id		: 0
cpu cores	: 2
apicid		: 1
initial apicid	: 1
fpu		: yes
fpu_exception	: yes
cpuid level	: 13
wp		: yes
flags		: fpu vme de pse tsc msr pae mce cx8 apic sep mtrr pge mca cmov pat pse36 clflush dts acpi mmx fxsr sse sse2 ss ht tm pbe syscall nx rdtscp lm constant_tsc arch_perfmon pebs bts rep_good nopl xtopology nonstop_tsc aperfmperf eagerfpu pni pclmulqdq dtes64 monitor ds_cpl vmx est tm2 ssse3 cx16 xtpr pdcm pcid sse4_1 sse4_2 x2apic popcnt tsc_deadline_timer xsave avx f16c rdrand lahf_lm ida arat epb pln pts dtherm tpr_shadow vnmi flexpriority ept vpid fsgsbase smep erms xsaveopt
bugs		:
bogomips	: 4789.11
clflush size	: 64
cache_alignment	: 64
address sizes	: 36 bits physical, 48 bits virtual
power management:

processor	: 2
vendor_id	: GenuineIntel
cpu family	: 6
model		: 58
model name	: Intel(R) Core(TM) i7-3517U CPU @ 1.90GHz
stepping	: 9
microcode	: 0x12
cpu MHz		: 2442.750
cache size	: 4096 KB
physical id	: 0
siblings	: 4
core id		: 1
cpu cores	: 2
apicid		: 2
initial apicid	: 2
fpu		: yes
fpu_exception	: yes
cpuid level	: 13
wp		: yes
flags		: fpu vme de pse tsc msr pae mce cx8 apic sep mtrr pge mca cmov pat pse36 clflush dts acpi mmx fxsr sse sse2 ss ht tm pbe syscall nx rdtscp lm constant_tsc arch_perfmon pebs bts rep_good nopl xtopology nonstop_tsc aperfmperf eagerfpu pni pclmulqdq dtes64 monitor ds_cpl vmx est tm2 ssse3 cx16 xtpr pdcm pcid sse4_1 sse4_2 x2apic popcnt tsc_deadline_timer xsave avx f16c rdrand lahf_lm ida arat epb pln pts dtherm tpr_shadow vnmi flexpriority ept vpid fsgsbase smep erms xsaveopt
bugs		:
bogomips	: 4789.11
clflush size	: 64
cache_alignment	: 64
address sizes	: 36 bits physical, 48 bits virtual
power management:

processor	: 3
vendor_id	: GenuineIntel
cpu family	: 6
model		: 58
model name	: Intel(R) Core(TM) i7-3517U CPU @ 1.90GHz
stepping	: 9
microcode	: 0x12
cpu MHz		: 2567.250
cache size	: 4096 KB
physical id	: 0
siblings	: 4
core id		: 1
cpu cores	: 2
apicid		: 3
initial apicid	: 3
fpu		: yes
fpu_exception	: yes
cpuid level	: 13
wp		: yes
flags		: fpu vme de pse tsc msr pae mce cx8 apic sep mtrr pge mca cmov pat pse36 clflush dts acpi mmx fxsr sse sse2 ss ht tm pbe syscall nx rdtscp lm constant_tsc arch_perfmon pebs bts rep_good nopl xtopology nonstop_tsc aperfmperf eagerfpu pni pclmulqdq dtes64 monitor ds_cpl vmx est tm2 ssse3 cx16 xtpr pdcm pcid sse4_1 sse4_2 x2apic popcnt tsc_deadline_timer xsave avx f16c rdrand lahf_lm ida arat epb pln pts dtherm tpr_shadow vnmi flexpriority ept vpid fsgsbase smep erms xsaveopt
bugs		:
bogomips	: 4789.11
clflush size	: 64
cache_alignment	: 64
address sizes	: 36 bits physical, 48 bits virtual
power management:



Memory: 4k page, physical 3879128k(1054888k free), swap 975868k(947596k free)

vm_info: Java HotSpot(TM) 64-Bit Server VM (24.80-b11) for linux-amd64 JRE (1.7.0_80-b15), built on Apr 10 2015 19:53:14 by "java_re" with gcc 4.3.0 20080428 (Red Hat 4.3.0-8)

time: Sat Apr 29 13:55:55 2017
elapsed time: 1 seconds

