#
# A fatal error has been detected by the Java Runtime Environment:
#
#  SIGSEGV (0xb) at pc=0x00007fcc33453646, pid=4354, tid=140515573819136
#
# JRE version: Java(TM) SE Runtime Environment (7.0_80-b15) (build 1.7.0_80-b15)
# Java VM: Java HotSpot(TM) 64-Bit Server VM (24.80-b11 mixed mode linux-amd64 compressed oops)
# Problematic frame:
# C  [libsimgrid.so+0x84646]  MSG_task_destroy+0x16
#
# Failed to write core dump. Core dumps have been disabled. To enable core dumping, try "ulimit -c unlimited" before starting Java again
#
# If you would like to submit a bug report, please visit:
#   http://bugreport.java.com/bugreport/crash.jsp
# The crash happened outside the Java Virtual Machine in native code.
# See problematic frame for where to report the bug.
#

---------------  T H R E A D  ---------------

Current thread (0x00007fcc68070800):  JavaThread "Finalizer" daemon [_thread_in_native, id=4365, stack(0x00007fcc54cce000,0x00007fcc54dcf000)]

siginfo:si_signo=SIGSEGV: si_errno=0, si_code=1 (SEGV_MAPERR), si_addr=0x000000000000007d

Registers:
RAX=0x0000000000000025, RBX=0x00007fcc180a9010, RCX=0x00007fcc54dcd6c0, RDX=0x0000000000000042
RSP=0x00007fcc54dcd5e0, RBP=0x00007fcc54dcd6a0, RSI=0x00007fcc54dcd6c0, RDI=0x00007fcc180a9010
R8 =0x00007fcc6de26800, R9 =0x00000000c4c4c738, R10=0x0000000000000004, R11=0x00007fcc6de2ade8
R12=0x0000000000000000, R13=0x00000000bfd7eb60, R14=0x00007fcc54dcd6c0, R15=0x00007fcc68070800
RIP=0x00007fcc33453646, EFLAGS=0x0000000000010202, CSGSFS=0x0000000000000033, ERR=0x0000000000000004
  TRAPNO=0x000000000000000e

Top of Stack: (sp=0x00007fcc54dcd5e0)
0x00007fcc54dcd5e0:   00007fcc64be1310 00007fcc00000000
0x00007fcc54dcd5f0:   01007fcc54dcd7d8 00007fcc6d7e9582
0x00007fcc54dcd600:   0000000000001374 0000000000000000
0x00007fcc54dcd610:   00007fcc54dcd670 00007fcc6d7e999c
0x00007fcc54dcd620:   00007fcc44003580 00007fcc32c28de7
0x00007fcc54dcd630:   ffffffff00000015 00000000bfd7eb60
0x00007fcc54dcd640:   00007fcc54dcd6a0 00007fcc64beed98
0x00007fcc54dcd650:   00007fcc68070800 00007fcc68070800
0x00007fcc54dcd660:   00007fcc54dcd660 0000000000000000
0x00007fcc54dcd670:   00007fcc54dcd6c0 00000000bfd80538
0x00007fcc54dcd680:   0000000000000000 00000000bfd7eb60
0x00007fcc54dcd690:   0000000000000000 00007fcc54dcd6c0
0x00007fcc54dcd6a0:   00007fcc54dcd708 00007fcc64be2058
0x00007fcc54dcd6b0:   0000000000000000 00007fcc64beacd8
0x00007fcc54dcd6c0:   00000000c4c4c738 00007fcc54dcd6c8
0x00007fcc54dcd6d0:   00000000bfd7ea79 00007fcc54dcd720
0x00007fcc54dcd6e0:   00000000bfd80538 0000000000000000
0x00007fcc54dcd6f0:   00000000bfd7eaa0 00007fcc54dcd6c0
0x00007fcc54dcd700:   00007fcc54dcd720 00007fcc54dcd768
0x00007fcc54dcd710:   00007fcc64be2058 0000000000000000
0x00007fcc54dcd720:   00000000c4c4c738 00007fcc54dcd728
0x00007fcc54dcd730:   00000000bfbb67b9 00007fcc54dcd780
0x00007fcc54dcd740:   00000000bfbb6b28 0000000000000000
0x00007fcc54dcd750:   00000000bfbb67c8 00007fcc54dcd720
0x00007fcc54dcd760:   00007fcc54dcd778 00007fcc54dcd7d8
0x00007fcc54dcd770:   00007fcc64be2706 00000000c4c4c738
0x00007fcc54dcd780:   00000000ed3605c0 0000000000000009
0x00007fcc54dcd790:   0000000000000000 00007fcc54dcd788
0x00007fcc54dcd7a0:   00000000bfa30ca6 00007fcc54dcd800
0x00007fcc54dcd7b0:   00000000bfaab5a8 0000000000000000
0x00007fcc54dcd7c0:   00000000bfa30ce8 00007fcc54dcd778
0x00007fcc54dcd7d0:   00007fcc54dcd7f8 00007fcc54dcd848 

Instructions: (pc=0x00007fcc33453646)
0x00007fcc33453626:   ff 66 0f 1f 84 00 00 00 00 00 55 53 48 83 ec 58
0x00007fcc33453636:   48 85 ff 0f 84 01 01 00 00 48 8b 47 08 48 89 fb
0x00007fcc33453646:   48 83 78 58 00 74 05 e8 4e 04 fe ff 48 8b 2d 5f
0x00007fcc33453656:   43 44 00 8b 55 28 85 d2 0f 84 bc 00 00 00 83 7d 

Register to memory mapping:

RAX=0x0000000000000025 is an unknown value
RBX=0x00007fcc180a9010 is an unknown value
RCX=0x00007fcc54dcd6c0 is pointing into the stack for thread: 0x00007fcc68070800
RDX=0x0000000000000042 is an unknown value
RSP=0x00007fcc54dcd5e0 is pointing into the stack for thread: 0x00007fcc68070800
RBP=0x00007fcc54dcd6a0 is pointing into the stack for thread: 0x00007fcc68070800
RSI=0x00007fcc54dcd6c0 is pointing into the stack for thread: 0x00007fcc68070800
RDI=0x00007fcc180a9010 is an unknown value
R8 =0x00007fcc6de26800: <offset 0xe4b800> in /home/elixandre/jdk1.7.0_80/jre/lib/amd64/server/libjvm.so at 0x00007fcc6cfdb000
R9 =0x00000000c4c4c738 is an oop
vcube.VCubeTask 
 - klass: 'vcube/VCubeTask'
R10=0x0000000000000004 is an unknown value
R11=0x00007fcc6de2ade8: <offset 0xe4fde8> in /home/elixandre/jdk1.7.0_80/jre/lib/amd64/server/libjvm.so at 0x00007fcc6cfdb000
R12=0x0000000000000000 is an unknown value
R13=0x00000000bfd7eb60 is an oop
{method} 
 - klass: {other class}
R14=0x00007fcc54dcd6c0 is pointing into the stack for thread: 0x00007fcc68070800
R15=0x00007fcc68070800 is a thread


Stack: [0x00007fcc54cce000,0x00007fcc54dcf000],  sp=0x00007fcc54dcd5e0,  free space=1021k
Native frames: (J=compiled Java code, j=interpreted, Vv=VM code, C=native code)
C  [libsimgrid.so+0x84646]  MSG_task_destroy+0x16
j  org.simgrid.msg.Task.finalize()V+1
j  java.lang.System$2.invokeFinalize(Ljava/lang/Object;)V+1
j  java.lang.ref.Finalizer.runFinalizer(Lsun/misc/JavaLangAccess;)V+46
j  java.lang.ref.Finalizer.access$100(Ljava/lang/ref/Finalizer;Lsun/misc/JavaLangAccess;)V+2
j  java.lang.ref.Finalizer$FinalizerThread.run()V+45
v  ~StubRoutines::call_stub
V  [libjvm.so+0x6020a5]  JavaCalls::call_helper(JavaValue*, methodHandle*, JavaCallArguments*, Thread*)+0x365
V  [libjvm.so+0x600b08]  JavaCalls::call(JavaValue*, methodHandle, JavaCallArguments*, Thread*)+0x28
V  [libjvm.so+0x600dd7]  JavaCalls::call_virtual(JavaValue*, KlassHandle, Symbol*, Symbol*, JavaCallArguments*, Thread*)+0x197
V  [libjvm.so+0x600ef7]  JavaCalls::call_virtual(JavaValue*, Handle, KlassHandle, Symbol*, Symbol*, Thread*)+0x47
V  [libjvm.so+0x67f8d5]  thread_entry(JavaThread*, Thread*)+0xe5
V  [libjvm.so+0x95bfff]  JavaThread::thread_main_inner()+0xdf
V  [libjvm.so+0x95c105]  JavaThread::run()+0xf5
V  [libjvm.so+0x8238c8]  java_start(Thread*)+0x108

Java frames: (J=compiled Java code, j=interpreted, Vv=VM code)
j  org.simgrid.msg.Task.nativeFinalize()V+0
j  org.simgrid.msg.Task.finalize()V+1
j  java.lang.System$2.invokeFinalize(Ljava/lang/Object;)V+1
j  java.lang.ref.Finalizer.runFinalizer(Lsun/misc/JavaLangAccess;)V+46
j  java.lang.ref.Finalizer.access$100(Ljava/lang/ref/Finalizer;Lsun/misc/JavaLangAccess;)V+2
j  java.lang.ref.Finalizer$FinalizerThread.run()V+45
v  ~StubRoutines::call_stub

---------------  P R O C E S S  ---------------

Java Threads: ( => current thread )
  0x00007fcc04001000 JavaThread "Thread-8" [_thread_in_native, id=4378, stack(0x00007fcc2a7fd000,0x00007fcc2affe000)]
  0x00007fcc10001000 JavaThread "Thread-7" [_thread_in_native, id=4377, stack(0x00007fcc2affe000,0x00007fcc2b7ff000)]
  0x00007fcc0c001000 JavaThread "Thread-6" [_thread_in_native, id=4376, stack(0x00007fcc2b7ff000,0x00007fcc2c000000)]
  0x00007fcc18001000 JavaThread "Thread-5" [_thread_in_native, id=4375, stack(0x00007fcc30418000,0x00007fcc30c19000)]
  0x00007fcc14001000 JavaThread "Thread-4" [_thread_in_native, id=4374, stack(0x00007fcc30c19000,0x00007fcc3141a000)]
  0x00007fcc20001000 JavaThread "Thread-3" [_thread_in_native, id=4373, stack(0x00007fcc3141a000,0x00007fcc31c1b000)]
  0x00007fcc1c001000 JavaThread "Thread-2" [_thread_in_native, id=4372, stack(0x00007fcc31c1b000,0x00007fcc3241c000)]
  0x00007fcc68099000 JavaThread "Service Thread" daemon [_thread_blocked, id=4369, stack(0x00007fcc541e7000,0x00007fcc542e8000)]
  0x00007fcc68096800 JavaThread "C2 CompilerThread1" daemon [_thread_in_native, id=4368, stack(0x00007fcc542e8000,0x00007fcc543e9000)]
  0x00007fcc68093800 JavaThread "C2 CompilerThread0" daemon [_thread_blocked, id=4367, stack(0x00007fcc543e9000,0x00007fcc544ea000)]
  0x00007fcc68091800 JavaThread "Signal Dispatcher" daemon [_thread_blocked, id=4366, stack(0x00007fcc544ea000,0x00007fcc545eb000)]
=>0x00007fcc68070800 JavaThread "Finalizer" daemon [_thread_in_native, id=4365, stack(0x00007fcc54cce000,0x00007fcc54dcf000)]
  0x00007fcc6806e000 JavaThread "Reference Handler" daemon [_thread_in_vm, id=4364, stack(0x00007fcc54dcf000,0x00007fcc54ed0000)]
  0x00007fcc68009800 JavaThread "main" [_thread_in_native, id=4358, stack(0x00007fcc6e959000,0x00007fcc6ea5a000)]

Other Threads:
  0x00007fcc6806a000 VMThread [stack: 0x00007fcc54ed0000,0x00007fcc54fd1000] [id=4363]
  0x00007fcc680a4000 WatcherThread [stack: 0x00007fcc540e6000,0x00007fcc541e7000] [id=4370]

VM state:not at safepoint (normal execution)

VM Mutex/Monitor currently owned by a thread: None

Heap
 PSYoungGen      total 17920K, used 2856K [0x00000000ec400000, 0x00000000ee700000, 0x0000000100000000)
  eden space 15360K, 2% used [0x00000000ec400000,0x00000000ec452348,0x00000000ed300000)
  from space 2560K, 98% used [0x00000000ed300000,0x00000000ed578020,0x00000000ed580000)
  to   space 2560K, 0% used [0x00000000ee480000,0x00000000ee480000,0x00000000ee700000)
 ParOldGen       total 40448K, used 840K [0x00000000c4c00000, 0x00000000c7380000, 0x00000000ec400000)
  object space 40448K, 2% used [0x00000000c4c00000,0x00000000c4cd2000,0x00000000c7380000)
 PSPermGen       total 21504K, used 3663K [0x00000000bfa00000, 0x00000000c0f00000, 0x00000000c4c00000)
  object space 21504K, 17% used [0x00000000bfa00000,0x00000000bfd93f00,0x00000000c0f00000)

Card table byte_map: [0x00007fcc649d8000,0x00007fcc64bdc000] byte_map_base: 0x00007fcc643db000

Polling page: 0x00007fcc6ea76000

Code Cache  [0x00007fcc64bdc000, 0x00007fcc64e4c000, 0x00007fcc67bdc000)
 total_blobs=266 nmethods=58 adapters=162 free_code_cache=48647Kb largest_free_block=49773952

Compilation events (10 events):
Event: 0.894 Thread 0x00007fcc68096800   55             java.lang.String::toString (2 bytes)
Event: 0.895 Thread 0x00007fcc68096800 nmethod 55 0x00007fcc64c4f650 code [0x00007fcc64c4f780, 0x00007fcc64c4f7d8]
Event: 0.895 Thread 0x00007fcc68096800   56             vcube.VCubeTask::getTimestempStatus (5 bytes)
Event: 0.895 Thread 0x00007fcc68096800 nmethod 56 0x00007fcc64c4f450 code [0x00007fcc64c4f580, 0x00007fcc64c4f5d8]
Event: 0.895 Thread 0x00007fcc68096800   57             java.util.regex.Pattern$Node::study (21 bytes)
Event: 0.897 Thread 0x00007fcc68096800 nmethod 57 0x00007fcc64c4f090 code [0x00007fcc64c4f1e0, 0x00007fcc64c4f2e8]
Event: 0.897 Thread 0x00007fcc68096800   58             java.util.regex.Matcher::find (69 bytes)
Event: 0.903 Thread 0x00007fcc68096800 nmethod 58 0x00007fcc64c4e850 code [0x00007fcc64c4e9c0, 0x00007fcc64c4ecb8]
Event: 1.015 Thread 0x00007fcc68093800 nmethod 49% 0x00007fcc64c5a3d0 code [0x00007fcc64c5ab60, 0x00007fcc64c5f900]
Event: 1.019 Thread 0x00007fcc68096800   59 % !         vcube.Node::main @ 307 (1463 bytes)

GC Heap History (2 events):
Event: 1.107 GC heap before
{Heap before GC invocations=1 (full 0):
 PSYoungGen      total 17920K, used 15360K [0x00000000ec400000, 0x00000000ed800000, 0x0000000100000000)
  eden space 15360K, 100% used [0x00000000ec400000,0x00000000ed300000,0x00000000ed300000)
  from space 2560K, 0% used [0x00000000ed580000,0x00000000ed580000,0x00000000ed800000)
  to   space 2560K, 0% used [0x00000000ed300000,0x00000000ed300000,0x00000000ed580000)
 ParOldGen       total 40448K, used 0K [0x00000000c4c00000, 0x00000000c7380000, 0x00000000ec400000)
  object space 40448K, 0% used [0x00000000c4c00000,0x00000000c4c00000,0x00000000c7380000)
 PSPermGen       total 21504K, used 3662K [0x00000000bfa00000, 0x00000000c0f00000, 0x00000000c4c00000)
  object space 21504K, 17% used [0x00000000bfa00000,0x00000000bfd938e8,0x00000000c0f00000)
Event: 1.122 GC heap after
Heap after GC invocations=1 (full 0):
 PSYoungGen      total 17920K, used 2528K [0x00000000ec400000, 0x00000000ee700000, 0x0000000100000000)
  eden space 15360K, 0% used [0x00000000ec400000,0x00000000ec400000,0x00000000ed300000)
  from space 2560K, 98% used [0x00000000ed300000,0x00000000ed578020,0x00000000ed580000)
  to   space 2560K, 0% used [0x00000000ee480000,0x00000000ee480000,0x00000000ee700000)
 ParOldGen       total 40448K, used 840K [0x00000000c4c00000, 0x00000000c7380000, 0x00000000ec400000)
  object space 40448K, 2% used [0x00000000c4c00000,0x00000000c4cd2000,0x00000000c7380000)
 PSPermGen       total 21504K, used 3662K [0x00000000bfa00000, 0x00000000c0f00000, 0x00000000c4c00000)
  object space 21504K, 17% used [0x00000000bfa00000,0x00000000bfd938e8,0x00000000c0f00000)
}

Deoptimization events (0 events):
No events

Internal exceptions (10 events):
Event: 1.103 Thread 0x00007fcc0c001000 Threw 0x00000000ed272bd0 at /HUDSON/workspace/7u-2-build-linux-amd64/jdk7u80/2329/hotspot/src/share/vm/prims/jni.cpp:743
Event: 1.103 Thread 0x00007fcc14001000 Threw 0x00000000ed2bbe50 at /HUDSON/workspace/7u-2-build-linux-amd64/jdk7u80/2329/hotspot/src/share/vm/prims/jni.cpp:743
Event: 1.103 Thread 0x00007fcc10001000 Threw 0x00000000ed229298 at /HUDSON/workspace/7u-2-build-linux-amd64/jdk7u80/2329/hotspot/src/share/vm/prims/jni.cpp:743
Event: 1.105 Thread 0x00007fcc1c001000 Threw 0x00000000ed1cb9e8 at /HUDSON/workspace/7u-2-build-linux-amd64/jdk7u80/2329/hotspot/src/share/vm/prims/jni.cpp:743
Event: 1.105 Thread 0x00007fcc04001000 Threw 0x00000000ed174af8 at /HUDSON/workspace/7u-2-build-linux-amd64/jdk7u80/2329/hotspot/src/share/vm/prims/jni.cpp:743
Event: 1.105 Thread 0x00007fcc20001000 Threw 0x00000000ed206a00 at /HUDSON/workspace/7u-2-build-linux-amd64/jdk7u80/2329/hotspot/src/share/vm/prims/jni.cpp:743
Event: 1.105 Thread 0x00007fcc18001000 Threw 0x00000000ed133008 at /HUDSON/workspace/7u-2-build-linux-amd64/jdk7u80/2329/hotspot/src/share/vm/prims/jni.cpp:743
Event: 1.106 Thread 0x00007fcc0c001000 Threw 0x00000000ed274008 at /HUDSON/workspace/7u-2-build-linux-amd64/jdk7u80/2329/hotspot/src/share/vm/prims/jni.cpp:743
Event: 1.106 Thread 0x00007fcc14001000 Threw 0x00000000ed2bd048 at /HUDSON/workspace/7u-2-build-linux-amd64/jdk7u80/2329/hotspot/src/share/vm/prims/jni.cpp:743
Event: 1.106 Thread 0x00007fcc10001000 Threw 0x00000000ed22a6d0 at /HUDSON/workspace/7u-2-build-linux-amd64/jdk7u80/2329/hotspot/src/share/vm/prims/jni.cpp:743

Events (10 events):
Event: 0.204 loading class 0x00007fcc1c0067b0
Event: 0.204 loading class 0x00007fcc1c0067b0 done
Event: 0.204 loading class 0x00007fcc642695c0
Event: 0.204 loading class 0x00007fcc642695c0 done
Event: 0.204 loading class 0x00007fcc3404da90
Event: 0.204 loading class 0x00007fcc64261c90
Event: 0.204 loading class 0x00007fcc64261c90 done
Event: 0.204 loading class 0x00007fcc3404da90 done
Event: 1.107 Executing VM operation: ParallelGCFailedAllocation
Event: 1.122 Executing VM operation: ParallelGCFailedAllocation done


Dynamic libraries:
00400000-00401000 r-xp 00000000 08:07 663942                             /home/elixandre/jdk1.7.0_80/bin/java
00600000-00601000 rw-p 00000000 08:07 663942                             /home/elixandre/jdk1.7.0_80/bin/java
01dcd000-01dee000 rw-p 00000000 00:00 0                                  [heap]
bfa00000-c0f00000 rw-p 00000000 00:00 0 
c0f00000-c4c00000 rw-p 00000000 00:00 0 
c4c00000-c7380000 rw-p 00000000 00:00 0 
c7380000-ec400000 rw-p 00000000 00:00 0 
ec400000-ee700000 rw-p 00000000 00:00 0 
ee700000-100000000 rw-p 00000000 00:00 0 
7fcc04000000-7fcc0432c000 rw-p 00000000 00:00 0 
7fcc0432c000-7fcc08000000 ---p 00000000 00:00 0 
7fcc0c000000-7fcc0c206000 rw-p 00000000 00:00 0 
7fcc0c206000-7fcc10000000 ---p 00000000 00:00 0 
7fcc10000000-7fcc10207000 rw-p 00000000 00:00 0 
7fcc10207000-7fcc14000000 ---p 00000000 00:00 0 
7fcc14000000-7fcc14205000 rw-p 00000000 00:00 0 
7fcc14205000-7fcc18000000 ---p 00000000 00:00 0 
7fcc18000000-7fcc18269000 rw-p 00000000 00:00 0 
7fcc18269000-7fcc1c000000 ---p 00000000 00:00 0 
7fcc1c000000-7fcc1c398000 rw-p 00000000 00:00 0 
7fcc1c398000-7fcc20000000 ---p 00000000 00:00 0 
7fcc20000000-7fcc202cb000 rw-p 00000000 00:00 0 
7fcc202cb000-7fcc24000000 ---p 00000000 00:00 0 
7fcc24000000-7fcc24022000 rw-p 00000000 00:00 0 
7fcc24022000-7fcc28000000 ---p 00000000 00:00 0 
7fcc2a7fd000-7fcc2a800000 ---p 00000000 00:00 0 
7fcc2a800000-7fcc2affe000 rw-p 00000000 00:00 0 
7fcc2affe000-7fcc2b001000 ---p 00000000 00:00 0 
7fcc2b001000-7fcc2b7ff000 rw-p 00000000 00:00 0 
7fcc2b7ff000-7fcc2b802000 ---p 00000000 00:00 0 
7fcc2b802000-7fcc2c000000 rw-p 00000000 00:00 0 
7fcc2c000000-7fcc2c021000 rw-p 00000000 00:00 0 
7fcc2c021000-7fcc30000000 ---p 00000000 00:00 0 
7fcc302ab000-7fcc30418000 rw-p 00000000 00:00 0 
7fcc30418000-7fcc3041b000 ---p 00000000 00:00 0 
7fcc3041b000-7fcc30c19000 rw-p 00000000 00:00 0 
7fcc30c19000-7fcc30c1c000 ---p 00000000 00:00 0 
7fcc30c1c000-7fcc3141a000 rw-p 00000000 00:00 0 
7fcc3141a000-7fcc3141d000 ---p 00000000 00:00 0 
7fcc3141d000-7fcc31c1b000 rw-p 00000000 00:00 0 
7fcc31c1b000-7fcc31c1e000 ---p 00000000 00:00 0 
7fcc31c1e000-7fcc3241c000 rw-p 00000000 00:00 0 
7fcc3241c000-7fcc3241f000 ---p 00000000 00:00 0 
7fcc3241f000-7fcc32c1d000 rw-p 00000000 00:00 0 
7fcc32c1d000-7fcc32c35000 r-xp 00000000 08:07 544799                     /tmp/simgrid-java2401342492188731583/libsimgrid-java.so
7fcc32c35000-7fcc32e35000 ---p 00018000 08:07 544799                     /tmp/simgrid-java2401342492188731583/libsimgrid-java.so
7fcc32e35000-7fcc32e36000 rw-p 00018000 08:07 544799                     /tmp/simgrid-java2401342492188731583/libsimgrid-java.so
7fcc32e36000-7fcc32e4c000 r-xp 00000000 08:07 528568                     /lib/x86_64-linux-gnu/libgcc_s.so.1
7fcc32e4c000-7fcc3304b000 ---p 00016000 08:07 528568                     /lib/x86_64-linux-gnu/libgcc_s.so.1
7fcc3304b000-7fcc3304c000 r--p 00015000 08:07 528568                     /lib/x86_64-linux-gnu/libgcc_s.so.1
7fcc3304c000-7fcc3304d000 rw-p 00016000 08:07 528568                     /lib/x86_64-linux-gnu/libgcc_s.so.1
7fcc3304d000-7fcc331c0000 r-xp 00000000 08:07 1059329                    /usr/lib/x86_64-linux-gnu/libstdc++.so.6.0.21
7fcc331c0000-7fcc333bf000 ---p 00173000 08:07 1059329                    /usr/lib/x86_64-linux-gnu/libstdc++.so.6.0.21
7fcc333bf000-7fcc333c9000 r--p 00172000 08:07 1059329                    /usr/lib/x86_64-linux-gnu/libstdc++.so.6.0.21
7fcc333c9000-7fcc333cb000 rw-p 0017c000 08:07 1059329                    /usr/lib/x86_64-linux-gnu/libstdc++.so.6.0.21
7fcc333cb000-7fcc333cf000 rw-p 00000000 00:00 0 
7fcc333cf000-7fcc33694000 r-xp 00000000 08:07 544733                     /tmp/simgrid-java2401342492188731583/libsimgrid.so
7fcc33694000-7fcc33894000 ---p 002c5000 08:07 544733                     /tmp/simgrid-java2401342492188731583/libsimgrid.so
7fcc33894000-7fcc338cf000 rw-p 002c5000 08:07 544733                     /tmp/simgrid-java2401342492188731583/libsimgrid.so
7fcc338cf000-7fcc33bd8000 rw-p 00000000 00:00 0 
7fcc33bd8000-7fcc33bef000 r-xp 00000000 08:07 663689                     /home/elixandre/jdk1.7.0_80/jre/lib/amd64/libnet.so
7fcc33bef000-7fcc33dee000 ---p 00017000 08:07 663689                     /home/elixandre/jdk1.7.0_80/jre/lib/amd64/libnet.so
7fcc33dee000-7fcc33def000 rw-p 00016000 08:07 663689                     /home/elixandre/jdk1.7.0_80/jre/lib/amd64/libnet.so
7fcc33def000-7fcc33dff000 r-xp 00000000 08:07 663688                     /home/elixandre/jdk1.7.0_80/jre/lib/amd64/libnio.so
7fcc33dff000-7fcc33fff000 ---p 00010000 08:07 663688                     /home/elixandre/jdk1.7.0_80/jre/lib/amd64/libnio.so
7fcc33fff000-7fcc34000000 rw-p 00010000 08:07 663688                     /home/elixandre/jdk1.7.0_80/jre/lib/amd64/libnio.so
7fcc34000000-7fcc3445c000 rw-p 00000000 00:00 0 
7fcc3445c000-7fcc38000000 ---p 00000000 00:00 0 
7fcc38000000-7fcc38021000 rw-p 00000000 00:00 0 
7fcc38021000-7fcc3c000000 ---p 00000000 00:00 0 
7fcc3c000000-7fcc3c021000 rw-p 00000000 00:00 0 
7fcc3c021000-7fcc40000000 ---p 00000000 00:00 0 
7fcc40000000-7fcc40b8d000 rw-p 00000000 00:00 0 
7fcc40b8d000-7fcc44000000 ---p 00000000 00:00 0 
7fcc44000000-7fcc44021000 rw-p 00000000 00:00 0 
7fcc44021000-7fcc48000000 ---p 00000000 00:00 0 
7fcc48000000-7fcc480e9000 rw-p 00000000 00:00 0 
7fcc480e9000-7fcc4c000000 ---p 00000000 00:00 0 
7fcc4c000000-7fcc4c021000 rw-p 00000000 00:00 0 
7fcc4c021000-7fcc50000000 ---p 00000000 00:00 0 
7fcc50000000-7fcc50021000 rw-p 00000000 00:00 0 
7fcc50021000-7fcc54000000 ---p 00000000 00:00 0 
7fcc540e6000-7fcc540e7000 ---p 00000000 00:00 0 
7fcc540e7000-7fcc541e7000 rw-p 00000000 00:00 0 
7fcc541e7000-7fcc541ea000 ---p 00000000 00:00 0 
7fcc541ea000-7fcc542e8000 rw-p 00000000 00:00 0 
7fcc542e8000-7fcc542eb000 ---p 00000000 00:00 0 
7fcc542eb000-7fcc543e9000 rw-p 00000000 00:00 0 
7fcc543e9000-7fcc543ec000 ---p 00000000 00:00 0 
7fcc543ec000-7fcc544ea000 rw-p 00000000 00:00 0 
7fcc544ea000-7fcc544ed000 ---p 00000000 00:00 0 
7fcc544ed000-7fcc545eb000 rw-p 00000000 00:00 0 
7fcc545eb000-7fcc54cce000 r--p 00000000 08:07 1055607                    /usr/lib/locale/locale-archive
7fcc54cce000-7fcc54cd1000 ---p 00000000 00:00 0 
7fcc54cd1000-7fcc54dcf000 rw-p 00000000 00:00 0 
7fcc54dcf000-7fcc54dd2000 ---p 00000000 00:00 0 
7fcc54dd2000-7fcc54ed0000 rw-p 00000000 00:00 0 
7fcc54ed0000-7fcc54ed1000 ---p 00000000 00:00 0 
7fcc54ed1000-7fcc58000000 rw-p 00000000 00:00 0 
7fcc58000000-7fcc58021000 rw-p 00000000 00:00 0 
7fcc58021000-7fcc5c000000 ---p 00000000 00:00 0 
7fcc5c000000-7fcc5c021000 rw-p 00000000 00:00 0 
7fcc5c021000-7fcc60000000 ---p 00000000 00:00 0 
7fcc60000000-7fcc60021000 rw-p 00000000 00:00 0 
7fcc60021000-7fcc64000000 ---p 00000000 00:00 0 
7fcc64004000-7fcc641c4000 r--s 039fb000 08:07 663892                     /home/elixandre/jdk1.7.0_80/jre/lib/rt.jar
7fcc641c4000-7fcc64498000 rw-p 00000000 00:00 0 
7fcc64498000-7fcc64499000 ---p 00000000 00:00 0 
7fcc64499000-7fcc64599000 rw-p 00000000 00:00 0 
7fcc64599000-7fcc6459a000 ---p 00000000 00:00 0 
7fcc6459a000-7fcc6469a000 rw-p 00000000 00:00 0 
7fcc6469a000-7fcc6469b000 ---p 00000000 00:00 0 
7fcc6469b000-7fcc6479b000 rw-p 00000000 00:00 0 
7fcc6479b000-7fcc6479c000 ---p 00000000 00:00 0 
7fcc6479c000-7fcc648b0000 rw-p 00000000 00:00 0 
7fcc648b0000-7fcc649d8000 rw-p 00000000 00:00 0 
7fcc649d8000-7fcc649e3000 rw-p 00000000 00:00 0 
7fcc649e3000-7fcc64a01000 rw-p 00000000 00:00 0 
7fcc64a01000-7fcc64a15000 rw-p 00000000 00:00 0 
7fcc64a15000-7fcc64b3d000 rw-p 00000000 00:00 0 
7fcc64b3d000-7fcc64b4f000 rw-p 00000000 00:00 0 
7fcc64b4f000-7fcc64bdb000 rw-p 00000000 00:00 0 
7fcc64bdb000-7fcc64bdc000 rw-p 00000000 00:00 0 
7fcc64bdc000-7fcc64e4c000 rwxp 00000000 00:00 0 
7fcc64e4c000-7fcc67bdc000 rw-p 00000000 00:00 0 
7fcc67bdc000-7fcc67bf3000 r-xp 00000000 08:07 663687                     /home/elixandre/jdk1.7.0_80/jre/lib/amd64/libzip.so
7fcc67bf3000-7fcc67df3000 ---p 00017000 08:07 663687                     /home/elixandre/jdk1.7.0_80/jre/lib/amd64/libzip.so
7fcc67df3000-7fcc67df4000 rw-p 00017000 08:07 663687                     /home/elixandre/jdk1.7.0_80/jre/lib/amd64/libzip.so
7fcc67df4000-7fcc67dfe000 r-xp 00000000 08:07 529521                     /lib/x86_64-linux-gnu/libnss_files-2.21.so
7fcc67dfe000-7fcc67ffe000 ---p 0000a000 08:07 529521                     /lib/x86_64-linux-gnu/libnss_files-2.21.so
7fcc67ffe000-7fcc67fff000 r--p 0000a000 08:07 529521                     /lib/x86_64-linux-gnu/libnss_files-2.21.so
7fcc67fff000-7fcc68000000 rw-p 0000b000 08:07 529521                     /lib/x86_64-linux-gnu/libnss_files-2.21.so
7fcc68000000-7fcc6840c000 rw-p 00000000 00:00 0 
7fcc6840c000-7fcc6c000000 ---p 00000000 00:00 0 
7fcc6c012000-7fcc6c045000 rw-p 00000000 00:00 0 
7fcc6c045000-7fcc6c063000 rw-p 00000000 00:00 0 
7fcc6c063000-7fcc6c06e000 r-xp 00000000 08:07 529535                     /lib/x86_64-linux-gnu/libnss_nis-2.21.so
7fcc6c06e000-7fcc6c26d000 ---p 0000b000 08:07 529535                     /lib/x86_64-linux-gnu/libnss_nis-2.21.so
7fcc6c26d000-7fcc6c26e000 r--p 0000a000 08:07 529535                     /lib/x86_64-linux-gnu/libnss_nis-2.21.so
7fcc6c26e000-7fcc6c26f000 rw-p 0000b000 08:07 529535                     /lib/x86_64-linux-gnu/libnss_nis-2.21.so
7fcc6c26f000-7fcc6c286000 r-xp 00000000 08:07 529538                     /lib/x86_64-linux-gnu/libnsl-2.21.so
7fcc6c286000-7fcc6c485000 ---p 00017000 08:07 529538                     /lib/x86_64-linux-gnu/libnsl-2.21.so
7fcc6c485000-7fcc6c486000 r--p 00016000 08:07 529538                     /lib/x86_64-linux-gnu/libnsl-2.21.so
7fcc6c486000-7fcc6c487000 rw-p 00017000 08:07 529538                     /lib/x86_64-linux-gnu/libnsl-2.21.so
7fcc6c487000-7fcc6c489000 rw-p 00000000 00:00 0 
7fcc6c489000-7fcc6c491000 r-xp 00000000 08:07 529523                     /lib/x86_64-linux-gnu/libnss_compat-2.21.so
7fcc6c491000-7fcc6c690000 ---p 00008000 08:07 529523                     /lib/x86_64-linux-gnu/libnss_compat-2.21.so
7fcc6c690000-7fcc6c691000 r--p 00007000 08:07 529523                     /lib/x86_64-linux-gnu/libnss_compat-2.21.so
7fcc6c691000-7fcc6c692000 rw-p 00008000 08:07 529523                     /lib/x86_64-linux-gnu/libnss_compat-2.21.so
7fcc6c692000-7fcc6c6bb000 r-xp 00000000 08:07 663623                     /home/elixandre/jdk1.7.0_80/jre/lib/amd64/libjava.so
7fcc6c6bb000-7fcc6c8bb000 ---p 00029000 08:07 663623                     /home/elixandre/jdk1.7.0_80/jre/lib/amd64/libjava.so
7fcc6c8bb000-7fcc6c8bd000 rw-p 00029000 08:07 663623                     /home/elixandre/jdk1.7.0_80/jre/lib/amd64/libjava.so
7fcc6c8bd000-7fcc6c8ca000 r-xp 00000000 08:07 663501                     /home/elixandre/jdk1.7.0_80/jre/lib/amd64/libverify.so
7fcc6c8ca000-7fcc6cac9000 ---p 0000d000 08:07 663501                     /home/elixandre/jdk1.7.0_80/jre/lib/amd64/libverify.so
7fcc6cac9000-7fcc6cacb000 rw-p 0000c000 08:07 663501                     /home/elixandre/jdk1.7.0_80/jre/lib/amd64/libverify.so
7fcc6cacb000-7fcc6cad2000 r-xp 00000000 08:07 529522                     /lib/x86_64-linux-gnu/librt-2.21.so
7fcc6cad2000-7fcc6ccd1000 ---p 00007000 08:07 529522                     /lib/x86_64-linux-gnu/librt-2.21.so
7fcc6ccd1000-7fcc6ccd2000 r--p 00006000 08:07 529522                     /lib/x86_64-linux-gnu/librt-2.21.so
7fcc6ccd2000-7fcc6ccd3000 rw-p 00007000 08:07 529522                     /lib/x86_64-linux-gnu/librt-2.21.so
7fcc6ccd3000-7fcc6cdda000 r-xp 00000000 08:07 529524                     /lib/x86_64-linux-gnu/libm-2.21.so
7fcc6cdda000-7fcc6cfd9000 ---p 00107000 08:07 529524                     /lib/x86_64-linux-gnu/libm-2.21.so
7fcc6cfd9000-7fcc6cfda000 r--p 00106000 08:07 529524                     /lib/x86_64-linux-gnu/libm-2.21.so
7fcc6cfda000-7fcc6cfdb000 rw-p 00107000 08:07 529524                     /lib/x86_64-linux-gnu/libm-2.21.so
7fcc6cfdb000-7fcc6db51000 r-xp 00000000 08:07 663273                     /home/elixandre/jdk1.7.0_80/jre/lib/amd64/server/libjvm.so
7fcc6db51000-7fcc6dd50000 ---p 00b76000 08:07 663273                     /home/elixandre/jdk1.7.0_80/jre/lib/amd64/server/libjvm.so
7fcc6dd50000-7fcc6de14000 rw-p 00b75000 08:07 663273                     /home/elixandre/jdk1.7.0_80/jre/lib/amd64/server/libjvm.so
7fcc6de14000-7fcc6de55000 rw-p 00000000 00:00 0 
7fcc6de55000-7fcc6e015000 r-xp 00000000 08:07 529541                     /lib/x86_64-linux-gnu/libc-2.21.so
7fcc6e015000-7fcc6e215000 ---p 001c0000 08:07 529541                     /lib/x86_64-linux-gnu/libc-2.21.so
7fcc6e215000-7fcc6e219000 r--p 001c0000 08:07 529541                     /lib/x86_64-linux-gnu/libc-2.21.so
7fcc6e219000-7fcc6e21b000 rw-p 001c4000 08:07 529541                     /lib/x86_64-linux-gnu/libc-2.21.so
7fcc6e21b000-7fcc6e21f000 rw-p 00000000 00:00 0 
7fcc6e21f000-7fcc6e222000 r-xp 00000000 08:07 529528                     /lib/x86_64-linux-gnu/libdl-2.21.so
7fcc6e222000-7fcc6e421000 ---p 00003000 08:07 529528                     /lib/x86_64-linux-gnu/libdl-2.21.so
7fcc6e421000-7fcc6e422000 r--p 00002000 08:07 529528                     /lib/x86_64-linux-gnu/libdl-2.21.so
7fcc6e422000-7fcc6e423000 rw-p 00003000 08:07 529528                     /lib/x86_64-linux-gnu/libdl-2.21.so
7fcc6e423000-7fcc6e438000 r-xp 00000000 08:07 663695                     /home/elixandre/jdk1.7.0_80/lib/amd64/jli/libjli.so
7fcc6e438000-7fcc6e637000 ---p 00015000 08:07 663695                     /home/elixandre/jdk1.7.0_80/lib/amd64/jli/libjli.so
7fcc6e637000-7fcc6e638000 rw-p 00014000 08:07 663695                     /home/elixandre/jdk1.7.0_80/lib/amd64/jli/libjli.so
7fcc6e638000-7fcc6e650000 r-xp 00000000 08:07 529525                     /lib/x86_64-linux-gnu/libpthread-2.21.so
7fcc6e650000-7fcc6e850000 ---p 00018000 08:07 529525                     /lib/x86_64-linux-gnu/libpthread-2.21.so
7fcc6e850000-7fcc6e851000 r--p 00018000 08:07 529525                     /lib/x86_64-linux-gnu/libpthread-2.21.so
7fcc6e851000-7fcc6e852000 rw-p 00019000 08:07 529525                     /lib/x86_64-linux-gnu/libpthread-2.21.so
7fcc6e852000-7fcc6e856000 rw-p 00000000 00:00 0 
7fcc6e856000-7fcc6e87a000 r-xp 00000000 08:07 529539                     /lib/x86_64-linux-gnu/ld-2.21.so
7fcc6e884000-7fcc6e8a3000 rw-p 00000000 00:00 0 
7fcc6e8a3000-7fcc6e959000 rw-p 00000000 00:00 0 
7fcc6e959000-7fcc6e95c000 ---p 00000000 00:00 0 
7fcc6e95c000-7fcc6ea5e000 rw-p 00000000 00:00 0 
7fcc6ea65000-7fcc6ea66000 rw-p 00000000 00:00 0 
7fcc6ea66000-7fcc6ea6a000 r--s 0008b000 08:07 663627                     /home/elixandre/jdk1.7.0_80/jre/lib/jsse.jar
7fcc6ea6a000-7fcc6ea6d000 r--s 00f76000 08:07 542783                     /home/elixandre/Downloads/simgrid.jar
7fcc6ea6d000-7fcc6ea75000 rw-s 00000000 08:07 807427                     /tmp/hsperfdata_elixandre/4354
7fcc6ea75000-7fcc6ea76000 rw-p 00000000 00:00 0 
7fcc6ea76000-7fcc6ea77000 r--p 00000000 00:00 0 
7fcc6ea77000-7fcc6ea79000 rw-p 00000000 00:00 0 
7fcc6ea79000-7fcc6ea7a000 r--p 00023000 08:07 529539                     /lib/x86_64-linux-gnu/ld-2.21.so
7fcc6ea7a000-7fcc6ea7b000 rw-p 00024000 08:07 529539                     /lib/x86_64-linux-gnu/ld-2.21.so
7fcc6ea7b000-7fcc6ea7c000 rw-p 00000000 00:00 0 
7ffcc1ad5000-7ffcc1af6000 rw-p 00000000 00:00 0                          [stack]
7ffcc1b3e000-7ffcc1b40000 r--p 00000000 00:00 0                          [vvar]
7ffcc1b40000-7ffcc1b42000 r-xp 00000000 00:00 0                          [vdso]
ffffffffff600000-ffffffffff601000 r-xp 00000000 00:00 0                  [vsyscall]

VM Arguments:
jvm_args: -Dfile.encoding=UTF-8 
java_command: vcube.VCube platform.xml deployment.xml
Launcher Type: SUN_STANDARD

Environment Variables:
PATH=/usr/local/sbin:/usr/local/bin:/usr/sbin:/usr/bin:/sbin:/bin:/usr/games:/usr/local/games:/home/elixandre/.rvm/bin
LD_LIBRARY_PATH=/home/elixandre/jdk1.7.0_80/jre/lib/amd64:/home/elixandre/jdk1.7.0_80/jre/lib/i386:
SHELL=/bin/bash
DISPLAY=:0

Signal Handlers:
SIGSEGV: [libjvm.so+0x9a3b20], sa_mask[0]=0x7ffbfeff, sa_flags=0x10000004
SIGBUS: [libjvm.so+0x9a3b20], sa_mask[0]=0x7ffbfeff, sa_flags=0x10000004
SIGFPE: [libjvm.so+0x81e740], sa_mask[0]=0x7ffbfeff, sa_flags=0x10000004
SIGPIPE: [libjvm.so+0x81e740], sa_mask[0]=0x7ffbfeff, sa_flags=0x10000004
SIGXFSZ: [libjvm.so+0x81e740], sa_mask[0]=0x7ffbfeff, sa_flags=0x10000004
SIGILL: [libjvm.so+0x81e740], sa_mask[0]=0x7ffbfeff, sa_flags=0x10000004
SIGUSR1: SIG_DFL, sa_mask[0]=0x00000000, sa_flags=0x00000000
SIGUSR2: [libjvm.so+0x81ffb0], sa_mask[0]=0x00000004, sa_flags=0x10000004
SIGHUP: [libjvm.so+0x8210d0], sa_mask[0]=0x7ffbfeff, sa_flags=0x10000004
SIGINT: [libsimgrid.so+0x8ff50], sa_mask[0]=0x00000002, sa_flags=0x10000000
SIGTERM: [libjvm.so+0x8210d0], sa_mask[0]=0x7ffbfeff, sa_flags=0x10000004
SIGQUIT: [libjvm.so+0x8210d0], sa_mask[0]=0x7ffbfeff, sa_flags=0x10000004


---------------  S Y S T E M  ---------------

OS:jessie/sid

uname:Linux 4.2.0-42-generic #49-Ubuntu SMP Tue Jun 28 21:26:26 UTC 2016 x86_64
libc:glibc 2.21 NPTL 2.21 
rlimit: STACK 8192k, CORE 0k, NPROC 15009, NOFILE 65536, AS infinity
load average:1.08 0.65 0.43

/proc/meminfo:
MemTotal:        3879128 kB
MemFree:          164396 kB
MemAvailable:    1378816 kB
Buffers:          165256 kB
Cached:          1460320 kB
SwapCached:         1068 kB
Active:          2593240 kB
Inactive:         873420 kB
Active(anon):    1815096 kB
Inactive(anon):   325828 kB
Active(file):     778144 kB
Inactive(file):   547592 kB
Unevictable:          48 kB
Mlocked:              48 kB
SwapTotal:        975868 kB
SwapFree:         974012 kB
Dirty:             12420 kB
Writeback:             0 kB
AnonPages:       1840184 kB
Mapped:           367120 kB
Shmem:            299844 kB
Slab:             148056 kB
SReclaimable:     115240 kB
SUnreclaim:        32816 kB
KernelStack:        9808 kB
PageTables:        36092 kB
NFS_Unstable:          0 kB
Bounce:                0 kB
WritebackTmp:          0 kB
CommitLimit:     2915432 kB
Committed_AS:    6278864 kB
VmallocTotal:   34359738367 kB
VmallocUsed:      347648 kB
VmallocChunk:   34358947836 kB
HardwareCorrupted:     0 kB
AnonHugePages:   1081344 kB
CmaTotal:              0 kB
CmaFree:               0 kB
HugePages_Total:       0
HugePages_Free:        0
HugePages_Rsvd:        0
HugePages_Surp:        0
Hugepagesize:       2048 kB
DirectMap4k:      125688 kB
DirectMap2M:     3901440 kB


CPU:total 4 (2 cores per cpu, 2 threads per core) family 6 model 58 stepping 9, cmov, cx8, fxsr, mmx, sse, sse2, sse3, ssse3, sse4.1, sse4.2, popcnt, avx, erms, ht, tsc, tscinvbit, tscinv

/proc/cpuinfo:
processor	: 0
vendor_id	: GenuineIntel
cpu family	: 6
model		: 58
model name	: Intel(R) Core(TM) i7-3517U CPU @ 1.90GHz
stepping	: 9
microcode	: 0x12
cpu MHz		: 2805.000
cache size	: 4096 KB
physical id	: 0
siblings	: 4
core id		: 0
cpu cores	: 2
apicid		: 0
initial apicid	: 0
fpu		: yes
fpu_exception	: yes
cpuid level	: 13
wp		: yes
flags		: fpu vme de pse tsc msr pae mce cx8 apic sep mtrr pge mca cmov pat pse36 clflush dts acpi mmx fxsr sse sse2 ss ht tm pbe syscall nx rdtscp lm constant_tsc arch_perfmon pebs bts rep_good nopl xtopology nonstop_tsc aperfmperf eagerfpu pni pclmulqdq dtes64 monitor ds_cpl vmx est tm2 ssse3 cx16 xtpr pdcm pcid sse4_1 sse4_2 x2apic popcnt tsc_deadline_timer xsave avx f16c rdrand lahf_lm ida arat epb pln pts dtherm tpr_shadow vnmi flexpriority ept vpid fsgsbase smep erms xsaveopt
bugs		:
bogomips	: 4788.86
clflush size	: 64
cache_alignment	: 64
address sizes	: 36 bits physical, 48 bits virtual
power management:

processor	: 1
vendor_id	: GenuineIntel
cpu family	: 6
model		: 58
model name	: Intel(R) Core(TM) i7-3517U CPU @ 1.90GHz
stepping	: 9
microcode	: 0x12
cpu MHz		: 2805.000
cache size	: 4096 KB
physical id	: 0
siblings	: 4
core id		: 0
cpu cores	: 2
apicid		: 1
initial apicid	: 1
fpu		: yes
fpu_exception	: yes
cpuid level	: 13
wp		: yes
flags		: fpu vme de pse tsc msr pae mce cx8 apic sep mtrr pge mca cmov pat pse36 clflush dts acpi mmx fxsr sse sse2 ss ht tm pbe syscall nx rdtscp lm constant_tsc arch_perfmon pebs bts rep_good nopl xtopology nonstop_tsc aperfmperf eagerfpu pni pclmulqdq dtes64 monitor ds_cpl vmx est tm2 ssse3 cx16 xtpr pdcm pcid sse4_1 sse4_2 x2apic popcnt tsc_deadline_timer xsave avx f16c rdrand lahf_lm ida arat epb pln pts dtherm tpr_shadow vnmi flexpriority ept vpid fsgsbase smep erms xsaveopt
bugs		:
bogomips	: 4788.86
clflush size	: 64
cache_alignment	: 64
address sizes	: 36 bits physical, 48 bits virtual
power management:

processor	: 2
vendor_id	: GenuineIntel
cpu family	: 6
model		: 58
model name	: Intel(R) Core(TM) i7-3517U CPU @ 1.90GHz
stepping	: 9
microcode	: 0x12
cpu MHz		: 2799.937
cache size	: 4096 KB
physical id	: 0
siblings	: 4
core id		: 1
cpu cores	: 2
apicid		: 2
initial apicid	: 2
fpu		: yes
fpu_exception	: yes
cpuid level	: 13
wp		: yes
flags		: fpu vme de pse tsc msr pae mce cx8 apic sep mtrr pge mca cmov pat pse36 clflush dts acpi mmx fxsr sse sse2 ss ht tm pbe syscall nx rdtscp lm constant_tsc arch_perfmon pebs bts rep_good nopl xtopology nonstop_tsc aperfmperf eagerfpu pni pclmulqdq dtes64 monitor ds_cpl vmx est tm2 ssse3 cx16 xtpr pdcm pcid sse4_1 sse4_2 x2apic popcnt tsc_deadline_timer xsave avx f16c rdrand lahf_lm ida arat epb pln pts dtherm tpr_shadow vnmi flexpriority ept vpid fsgsbase smep erms xsaveopt
bugs		:
bogomips	: 4788.86
clflush size	: 64
cache_alignment	: 64
address sizes	: 36 bits physical, 48 bits virtual
power management:

processor	: 3
vendor_id	: GenuineIntel
cpu family	: 6
model		: 58
model name	: Intel(R) Core(TM) i7-3517U CPU @ 1.90GHz
stepping	: 9
microcode	: 0x12
cpu MHz		: 2799.937
cache size	: 4096 KB
physical id	: 0
siblings	: 4
core id		: 1
cpu cores	: 2
apicid		: 3
initial apicid	: 3
fpu		: yes
fpu_exception	: yes
cpuid level	: 13
wp		: yes
flags		: fpu vme de pse tsc msr pae mce cx8 apic sep mtrr pge mca cmov pat pse36 clflush dts acpi mmx fxsr sse sse2 ss ht tm pbe syscall nx rdtscp lm constant_tsc arch_perfmon pebs bts rep_good nopl xtopology nonstop_tsc aperfmperf eagerfpu pni pclmulqdq dtes64 monitor ds_cpl vmx est tm2 ssse3 cx16 xtpr pdcm pcid sse4_1 sse4_2 x2apic popcnt tsc_deadline_timer xsave avx f16c rdrand lahf_lm ida arat epb pln pts dtherm tpr_shadow vnmi flexpriority ept vpid fsgsbase smep erms xsaveopt
bugs		:
bogomips	: 4788.86
clflush size	: 64
cache_alignment	: 64
address sizes	: 36 bits physical, 48 bits virtual
power management:



Memory: 4k page, physical 3879128k(164396k free), swap 975868k(974012k free)

vm_info: Java HotSpot(TM) 64-Bit Server VM (24.80-b11) for linux-amd64 JRE (1.7.0_80-b15), built on Apr 10 2015 19:53:14 by "java_re" with gcc 4.3.0 20080428 (Red Hat 4.3.0-8)

time: Thu May  4 11:12:37 2017
elapsed time: 1 seconds

