#
# A fatal error has been detected by the Java Runtime Environment:
#
#  SIGSEGV (0xb) at pc=0x00007ff6614fe263, pid=5828, tid=0x00007ff68a78f700
#
# JRE version: OpenJDK Runtime Environment (8.0_131-b11) (build 1.8.0_131-8u131-b11-0ubuntu1.16.04.2-b11)
# Java VM: OpenJDK 64-Bit Server VM (25.131-b11 mixed mode linux-amd64 compressed oops)
# Problematic frame:
# C  [libsimgrid.so+0x190263]  xbt_dynar_member+0x23
#
# Failed to write core dump. Core dumps have been disabled. To enable core dumping, try "ulimit -c unlimited" before starting Java again
#
# If you would like to submit a bug report, please visit:
#   http://bugreport.java.com/bugreport/crash.jsp
#

---------------  T H R E A D  ---------------

Current thread is native thread

siginfo: si_signo: 11 (SIGSEGV), si_code: 1 (SEGV_MAPERR), si_addr: 0x0000000000000000

Registers:
RAX=0x0000000000000000, RBX=0x00007ff66186a700, RCX=0x0000000000000000, RDX=0x00007ff68a78fa30
RSP=0x00007ffc5a644b10, RBP=0x00007ff68427f5c0, RSI=0x00007ffc5a644cb8, RDI=0x00007ffc5a644bd0
R8 =0x00007ff6842765d0, R9 =0x00007ff6842765d0, R10=0x0000000000000c58, R11=0x00007ff6614fe240
R12=0x00007ff661875790, R13=0x00007ff6842720d0, R14=0x00007ff68a78f700, R15=0x00007ff68a78dd28
RIP=0x00007ff6614fe263, EFLAGS=0x0000000000010202, CSGSFS=0x0000000000000033, ERR=0x0000000000000004
  TRAPNO=0x000000000000000e

Top of Stack: (sp=0x00007ffc5a644b10)
0x00007ffc5a644b10:   0000000000000000 0000000000000000
0x00007ffc5a644b20:   00007ff684276670 00007ffc5a644cb8
0x00007ffc5a644b30:   0000000000000000 0000000000000000
0x00007ffc5a644b40:   0000000000000000 0000000000000000
0x00007ffc5a644b50:   0000000000000000 0000000000000000
0x00007ffc5a644b60:   0000000000000000 00000000ff000000
0x00007ffc5a644b70:   0000000000000000 0000000000000000
0x00007ffc5a644b80:   0000000000000000 0000000000000000
0x00007ffc5a644b90:   0000000000000000 0000000000000000
0x00007ffc5a644ba0:   0000000000000000 0000000000000000
0x00007ffc5a644bb0:   0000000000000000 0000000000000000
0x00007ffc5a644bc0:   0000000000000000 0000000000000000
0x00007ffc5a644bd0:   0000000000000000 0000000000000000
0x00007ffc5a644be0:   0000000000000000 0000000000000000
0x00007ffc5a644bf0:   0000000000000000 0000000000000000
0x00007ffc5a644c00:   00007ff661835400 00007ff6842861e0
0x00007ffc5a644c10:   00007ff6842720d0 00007ff6614f4a0a
0x00007ffc5a644c20:   00007ff686426970 00007ff661835400
0x00007ffc5a644c30:   00007ff6842861e0 00007ff661564286
0x00007ffc5a644c40:   00007ff6842bdc70 0000000000000000
0x00007ffc5a644c50:   0000000000000000 00007ffc5a644cb8
0x00007ffc5a644c60:   00007ff684276670 00007ff6842765d0
0x00007ffc5a644c70:   00007ff6842765d0 00007ff66186da98
0x00007ffc5a644c80:   00007ff684278830 0000000000000001
0x00007ffc5a644c90:   00007ff66186a700 00007ff684271730
0x00007ffc5a644ca0:   00007ff66186a700 00007ff66151b34f
0x00007ffc5a644cb0:   0000000000000000 00007ff6842861e0
0x00007ffc5a644cc0:   0000000000000000 0000000000000000
0x00007ffc5a644cd0:   0000000000000000 00007ff66186da98
0x00007ffc5a644ce0:   00007ff684278830 0000000000000001
0x00007ffc5a644cf0:   00007ff6842720d0 00007ff6614fcd37
0x00007ffc5a644d00:   00007ff6842720d0 00007ff66186d098 

Instructions: (pc=0x00007ff6614fe263)
0x00007ff6614fe243:   ec 90 01 00 00 48 8b 05 01 a2 33 00 48 89 7c 24
0x00007ff6614fe253:   10 48 89 74 24 18 ff 10 48 8d bc 24 c0 00 00 00
0x00007ff6614fe263:   48 8b 08 48 89 04 24 48 89 38 48 89 4c 24 08 e8
0x00007ff6614fe273:   79 31 ed ff 85 c0 74 75 48 8b 14 24 c7 42 08 01 

Register to memory mapping:

RAX=0x0000000000000000 is an unknown value
RBX=0x00007ff66186a700: _simgrid_log_category__simix_process+0 in /tmp/simgrid-java9154008132662697190/libsimgrid.so at 0x00007ff66136e000
RCX=0x0000000000000000 is an unknown value
RDX=0x00007ff68a78fa30 is an unknown value
RSP=0x00007ffc5a644b10 is an unknown value
RBP=0x00007ff68427f5c0 is an unknown value
RSI=0x00007ffc5a644cb8 is an unknown value
RDI=0x00007ffc5a644bd0 is an unknown value
R8 =0x00007ff6842765d0 is an unknown value
R9 =0x00007ff6842765d0 is an unknown value
R10=0x0000000000000c58 is an unknown value
R11=0x00007ff6614fe240: xbt_dynar_member+0 in /tmp/simgrid-java9154008132662697190/libsimgrid.so at 0x00007ff66136e000
R12=0x00007ff661875790: simix_global+0 in /tmp/simgrid-java9154008132662697190/libsimgrid.so at 0x00007ff66136e000
R13=0x00007ff6842720d0 is an unknown value
R14=0x00007ff68a78f700 is an unknown value
R15=0x00007ff68a78dd28 is pointing into the stack for thread: 0x00007ff684009800


Stack: [0x00007ffc5a54c000,0x00007ffc5a64c000],  sp=0x00007ffc5a644b10,  free space=994k
Native frames: (J=compiled Java code, j=interpreted, Vv=VM code, C=native code)
C  [libsimgrid.so+0x190263]  xbt_dynar_member+0x23


---------------  P R O C E S S  ---------------

VM state:not at safepoint (normal execution)

VM Mutex/Monitor currently owned by a thread: None

Heap:
 PSYoungGen      total 64000K, used 20706K [0x00000000ec400000, 0x00000000f0500000, 0x0000000100000000)
  eden space 61440K, 29% used [0x00000000ec400000,0x00000000ed5c0a28,0x00000000f0000000)
  from space 2560K, 98% used [0x00000000f0280000,0x00000000f04f8020,0x00000000f0500000)
  to   space 2560K, 0% used [0x00000000f0000000,0x00000000f0000000,0x00000000f0280000)
 ParOldGen       total 40960K, used 18524K [0x00000000c4c00000, 0x00000000c7400000, 0x00000000ec400000)
  object space 40960K, 45% used [0x00000000c4c00000,0x00000000c5e17030,0x00000000c7400000)
 Metaspace       used 3704K, capacity 4668K, committed 4864K, reserved 1056768K
  class space    used 397K, capacity 428K, committed 512K, reserved 1048576K

Card table byte_map: [0x00007ff6739d4000,0x00007ff673baf000] byte_map_base: 0x00007ff6733ae000

Marking Bits: (ParMarkBitMap*) 0x00007ff68995b260
 Begin Bits: [0x00007ff671830000, 0x00007ff672700000)
 End Bits:   [0x00007ff672700000, 0x00007ff6735d0000)

Polling page: 0x00007ff68a7ad000

CodeCache: size=245760Kb used=2474Kb max_used=2516Kb free=243285Kb
 bounds [0x00007ff673f6f000, 0x00007ff6741ff000, 0x00007ff682f6f000]
 total_blobs=476 nmethods=214 adapters=177
 compilation: enabled

Compilation events (10 events):
Event: 3.098 Thread 0x00007ff684174000  210       4       java.lang.String::equals (81 bytes)
Event: 3.125 Thread 0x00007ff684174000 nmethod 210 0x00007ff67414e4d0 code [0x00007ff67414e620, 0x00007ff67414e878]
Event: 3.559 Thread 0x00007ff684178800  211 % !   3       vcube.Node::main @ 35 (1818 bytes)
Event: 3.585 Thread 0x00007ff684178800 nmethod 211% 0x00007ff6741a7b90 code [0x00007ff6741a8ea0, 0x00007ff6741b7a88]
Event: 5.528 Thread 0x00007ff684177000  212 % !   4       vcube.Node::main @ 59 (1818 bytes)
Event: 6.030 Thread 0x00007ff684177000 nmethod 212% 0x00007ff6741cd890 code [0x00007ff6741ce360, 0x00007ff6741d8208]
Event: 6.517 Thread 0x00007ff684174000  213 % !   4       vcube.Node::main @ 2 (1818 bytes)
Event: 7.658 Thread 0x00007ff684174000 nmethod 213% 0x00007ff6741dd110 code [0x00007ff6741ddb60, 0x00007ff6741e73a8]
Event: 7.658 Thread 0x00007ff684177000  214 % !   4       vcube.Node::main @ 35 (1818 bytes)
Event: 8.815 Thread 0x00007ff684177000 nmethod 214% 0x00007ff6741ebbd0 code [0x00007ff6741ec600, 0x00007ff6741f5e88]

GC Heap History (8 events):
Event: 0.569 GC heap before
{Heap before GC invocations=1 (full 0):
 PSYoungGen      total 17920K, used 15360K [0x00000000ec400000, 0x00000000ed800000, 0x0000000100000000)
  eden space 15360K, 100% used [0x00000000ec400000,0x00000000ed300000,0x00000000ed300000)
  from space 2560K, 0% used [0x00000000ed580000,0x00000000ed580000,0x00000000ed800000)
  to   space 2560K, 0% used [0x00000000ed300000,0x00000000ed300000,0x00000000ed580000)
 ParOldGen       total 40960K, used 0K [0x00000000c4c00000, 0x00000000c7400000, 0x00000000ec400000)
  object space 40960K, 0% used [0x00000000c4c00000,0x00000000c4c00000,0x00000000c7400000)
 Metaspace       used 3694K, capacity 4668K, committed 4864K, reserved 1056768K
  class space    used 397K, capacity 428K, committed 512K, reserved 1048576K
Event: 0.581 GC heap after
Heap after GC invocations=1 (full 0):
 PSYoungGen      total 17920K, used 2544K [0x00000000ec400000, 0x00000000ee700000, 0x0000000100000000)
  eden space 15360K, 0% used [0x00000000ec400000,0x00000000ec400000,0x00000000ed300000)
  from space 2560K, 99% used [0x00000000ed300000,0x00000000ed57c010,0x00000000ed580000)
  to   space 2560K, 0% used [0x00000000ee480000,0x00000000ee480000,0x00000000ee700000)
 ParOldGen       total 40960K, used 320K [0x00000000c4c00000, 0x00000000c7400000, 0x00000000ec400000)
  object space 40960K, 0% used [0x00000000c4c00000,0x00000000c4c50020,0x00000000c7400000)
 Metaspace       used 3694K, capacity 4668K, committed 4864K, reserved 1056768K
  class space    used 397K, capacity 428K, committed 512K, reserved 1048576K
}
Event: 1.621 GC heap before
{Heap before GC invocations=2 (full 0):
 PSYoungGen      total 17920K, used 17904K [0x00000000ec400000, 0x00000000ee700000, 0x0000000100000000)
  eden space 15360K, 100% used [0x00000000ec400000,0x00000000ed300000,0x00000000ed300000)
  from space 2560K, 99% used [0x00000000ed300000,0x00000000ed57c010,0x00000000ed580000)
  to   space 2560K, 0% used [0x00000000ee480000,0x00000000ee480000,0x00000000ee700000)
 ParOldGen       total 40960K, used 320K [0x00000000c4c00000, 0x00000000c7400000, 0x00000000ec400000)
  object space 40960K, 0% used [0x00000000c4c00000,0x00000000c4c50020,0x00000000c7400000)
 Metaspace       used 3704K, capacity 4668K, committed 4864K, reserved 1056768K
  class space    used 397K, capacity 428K, committed 512K, reserved 1048576K
Event: 1.686 GC heap after
Heap after GC invocations=2 (full 0):
 PSYoungGen      total 33280K, used 2560K [0x00000000ec400000, 0x00000000ee700000, 0x0000000100000000)
  eden space 30720K, 0% used [0x00000000ec400000,0x00000000ec400000,0x00000000ee200000)
  from space 2560K, 100% used [0x00000000ee480000,0x00000000ee700000,0x00000000ee700000)
  to   space 2560K, 0% used [0x00000000ee200000,0x00000000ee200000,0x00000000ee480000)
 ParOldGen       total 40960K, used 3200K [0x00000000c4c00000, 0x00000000c7400000, 0x00000000ec400000)
  object space 40960K, 7% used [0x00000000c4c00000,0x00000000c4f20020,0x00000000c7400000)
 Metaspace       used 3704K, capacity 4668K, committed 4864K, reserved 1056768K
  class space    used 397K, capacity 428K, committed 512K, reserved 1048576K
}
Event: 5.379 GC heap before
{Heap before GC invocations=3 (full 0):
 PSYoungGen      total 33280K, used 33280K [0x00000000ec400000, 0x00000000ee700000, 0x0000000100000000)
  eden space 30720K, 100% used [0x00000000ec400000,0x00000000ee200000,0x00000000ee200000)
  from space 2560K, 100% used [0x00000000ee480000,0x00000000ee700000,0x00000000ee700000)
  to   space 2560K, 0% used [0x00000000ee200000,0x00000000ee200000,0x00000000ee480000)
 ParOldGen       total 40960K, used 3200K [0x00000000c4c00000, 0x00000000c7400000, 0x00000000ec400000)
  object space 40960K, 7% used [0x00000000c4c00000,0x00000000c4f20020,0x00000000c7400000)
 Metaspace       used 3704K, capacity 4668K, committed 4864K, reserved 1056768K
  class space    used 397K, capacity 428K, committed 512K, reserved 1048576K
Event: 5.404 GC heap after
Heap after GC invocations=3 (full 0):
 PSYoungGen      total 33280K, used 2544K [0x00000000ec400000, 0x00000000f0500000, 0x0000000100000000)
  eden space 30720K, 0% used [0x00000000ec400000,0x00000000ec400000,0x00000000ee200000)
  from space 2560K, 99% used [0x00000000ee200000,0x00000000ee47c010,0x00000000ee480000)
  to   space 2560K, 0% used [0x00000000f0280000,0x00000000f0280000,0x00000000f0500000)
 ParOldGen       total 40960K, used 10840K [0x00000000c4c00000, 0x00000000c7400000, 0x00000000ec400000)
  object space 40960K, 26% used [0x00000000c4c00000,0x00000000c5696020,0x00000000c7400000)
 Metaspace       used 3704K, capacity 4668K, committed 4864K, reserved 1056768K
  class space    used 397K, capacity 428K, committed 512K, reserved 1048576K
}
Event: 11.894 GC heap before
{Heap before GC invocations=4 (full 0):
 PSYoungGen      total 33280K, used 33264K [0x00000000ec400000, 0x00000000f0500000, 0x0000000100000000)
  eden space 30720K, 100% used [0x00000000ec400000,0x00000000ee200000,0x00000000ee200000)
  from space 2560K, 99% used [0x00000000ee200000,0x00000000ee47c010,0x00000000ee480000)
  to   space 2560K, 0% used [0x00000000f0280000,0x00000000f0280000,0x00000000f0500000)
 ParOldGen       total 40960K, used 10840K [0x00000000c4c00000, 0x00000000c7400000, 0x00000000ec400000)
  object space 40960K, 26% used [0x00000000c4c00000,0x00000000c5696020,0x00000000c7400000)
 Metaspace       used 3704K, capacity 4668K, committed 4864K, reserved 1056768K
  class space    used 397K, capacity 428K, committed 512K, reserved 1048576K
Event: 11.931 GC heap after
Heap after GC invocations=4 (full 0):
 PSYoungGen      total 64000K, used 2528K [0x00000000ec400000, 0x00000000f0500000, 0x0000000100000000)
  eden space 61440K, 0% used [0x00000000ec400000,0x00000000ec400000,0x00000000f0000000)
  from space 2560K, 98% used [0x00000000f0280000,0x00000000f04f8020,0x00000000f0500000)
  to   space 2560K, 0% used [0x00000000f0000000,0x00000000f0000000,0x00000000f0280000)
 ParOldGen       total 40960K, used 18524K [0x00000000c4c00000, 0x00000000c7400000, 0x00000000ec400000)
  object space 40960K, 45% used [0x00000000c4c00000,0x00000000c5e17030,0x00000000c7400000)
 Metaspace       used 3704K, capacity 4668K, committed 4864K, reserved 1056768K
  class space    used 397K, capacity 428K, committed 512K, reserved 1048576K
}

Deoptimization events (10 events):
Event: 3.505 Thread 0x00007ff60c001000 Uncommon trap: reason=unstable_if action=reinterpret pc=0x00007ff674160258 method=vcube.Node.main([Ljava/lang/String;)V @ 380
Event: 3.520 Thread 0x00007ff620001000 Uncommon trap: reason=unstable_if action=reinterpret pc=0x00007ff674160258 method=vcube.Node.main([Ljava/lang/String;)V @ 380
Event: 4.711 Thread 0x00007ff614001000 Uncommon trap: reason=unstable_if action=reinterpret pc=0x00007ff674160258 method=vcube.Node.main([Ljava/lang/String;)V @ 380
Event: 4.735 Thread 0x00007ff5f8001000 Uncommon trap: reason=unstable_if action=reinterpret pc=0x00007ff674160258 method=vcube.Node.main([Ljava/lang/String;)V @ 380
Event: 5.119 Thread 0x00007ff610001000 Uncommon trap: reason=unstable_if action=reinterpret pc=0x00007ff674160258 method=vcube.Node.main([Ljava/lang/String;)V @ 380
Event: 5.145 Thread 0x00007ff608001000 Uncommon trap: reason=unstable_if action=reinterpret pc=0x00007ff6741685fc method=vcube.Node.main([Ljava/lang/String;)V @ 380
Event: 5.171 Thread 0x00007ff600001000 Uncommon trap: reason=unstable_if action=reinterpret pc=0x00007ff674160258 method=vcube.Node.main([Ljava/lang/String;)V @ 380
Event: 5.198 Thread 0x00007ff5fc001000 Uncommon trap: reason=unstable_if action=reinterpret pc=0x00007ff674160258 method=vcube.Node.main([Ljava/lang/String;)V @ 380
Event: 5.225 Thread 0x00007ff5f4001000 Uncommon trap: reason=unstable_if action=reinterpret pc=0x00007ff674160258 method=vcube.Node.main([Ljava/lang/String;)V @ 380
Event: 5.253 Thread 0x00007ff5f0001000 Uncommon trap: reason=unstable_if action=reinterpret pc=0x00007ff674160258 method=vcube.Node.main([Ljava/lang/String;)V @ 380

Internal exceptions (10 events):
Event: 2.714 Thread 0x00007ff618001000 Exception <a 'java/lang/ArrayIndexOutOfBoundsException'> (0x00000000ecb65200) thrown at [/build/openjdk-8-VTMhfL/openjdk-8-8u131-b11/src/hotspot/src/share/vm/runtime/sharedRuntime.cpp, line 605]
Event: 2.714 Thread 0x00007ff61c001000 Exception <a 'java/lang/ArrayIndexOutOfBoundsException'> (0x00000000ecc072c0) thrown at [/build/openjdk-8-VTMhfL/openjdk-8-8u131-b11/src/hotspot/src/share/vm/runtime/sharedRuntime.cpp, line 605]
Event: 2.733 Thread 0x00007ff62c001000 Exception <a 'java/lang/ArrayIndexOutOfBoundsException'> (0x00000000ecc3dcd0) thrown at [/build/openjdk-8-VTMhfL/openjdk-8-8u131-b11/src/hotspot/src/share/vm/runtime/sharedRuntime.cpp, line 605]
Event: 2.737 Thread 0x00007ff620001000 Exception <a 'java/lang/ArrayIndexOutOfBoundsException'> (0x00000000ecb9e060) thrown at [/build/openjdk-8-VTMhfL/openjdk-8-8u131-b11/src/hotspot/src/share/vm/runtime/sharedRuntime.cpp, line 605]
Event: 2.737 Thread 0x00007ff618001000 Exception <a 'java/lang/ArrayIndexOutOfBoundsException'> (0x00000000ecb684b8) thrown at [/build/openjdk-8-VTMhfL/openjdk-8-8u131-b11/src/hotspot/src/share/vm/runtime/sharedRuntime.cpp, line 605]
Event: 2.738 Thread 0x00007ff61c001000 Exception <a 'java/lang/ArrayIndexOutOfBoundsException'> (0x00000000ecc0a550) thrown at [/build/openjdk-8-VTMhfL/openjdk-8-8u131-b11/src/hotspot/src/share/vm/runtime/sharedRuntime.cpp, line 605]
Event: 2.757 Thread 0x00007ff62c001000 Exception <a 'java/lang/ArrayIndexOutOfBoundsException'> (0x00000000ecc40f50) thrown at [/build/openjdk-8-VTMhfL/openjdk-8-8u131-b11/src/hotspot/src/share/vm/runtime/sharedRuntime.cpp, line 605]
Event: 2.761 Thread 0x00007ff620001000 Exception <a 'java/lang/ArrayIndexOutOfBoundsException'> (0x00000000ecba1348) thrown at [/build/openjdk-8-VTMhfL/openjdk-8-8u131-b11/src/hotspot/src/share/vm/runtime/sharedRuntime.cpp, line 605]
Event: 2.762 Thread 0x00007ff61c001000 Exception <a 'java/lang/ArrayIndexOutOfBoundsException'> (0x00000000ecc0d7e0) thrown at [/build/openjdk-8-VTMhfL/openjdk-8-8u131-b11/src/hotspot/src/share/vm/runtime/sharedRuntime.cpp, line 605]
Event: 2.762 Thread 0x00007ff618001000 Exception <a 'java/lang/ArrayIndexOutOfBoundsException'> (0x00000000ecb6b770) thrown at [/build/openjdk-8-VTMhfL/openjdk-8-8u131-b11/src/hotspot/src/share/vm/runtime/sharedRuntime.cpp, line 605]

Events (10 events):
Event: 10.352 Thread 0x00007ff5f8001000 DEOPT PACKING pc=0x00007ff67419ad37 sp=0x00007ff630ff85c0
Event: 10.352 Thread 0x00007ff5f8001000 DEOPT UNPACKING pc=0x00007ff673fb6373 sp=0x00007ff630ff8618 mode 0
Event: 11.141 Thread 0x00007ff608001000 DEOPT PACKING pc=0x00007ff674199971 sp=0x00007ff62affc5c0
Event: 11.141 Thread 0x00007ff608001000 DEOPT UNPACKING pc=0x00007ff673fb6373 sp=0x00007ff62affc618 mode 0
Event: 11.894 Executing VM operation: ParallelGCFailedAllocation
Event: 11.931 Executing VM operation: ParallelGCFailedAllocation done
Event: 12.328 Thread 0x00007ff618001000 DEOPT PACKING pc=0x00007ff67419ad37 sp=0x00007ff632ffc5c0
Event: 12.328 Thread 0x00007ff618001000 DEOPT UNPACKING pc=0x00007ff673fb6373 sp=0x00007ff632ffc618 mode 0
Event: 15.069 Thread 0x00007ff5f4001000 DEOPT PACKING pc=0x00007ff674199971 sp=0x00007ff6297f95c0
Event: 15.069 Thread 0x00007ff5f4001000 DEOPT UNPACKING pc=0x00007ff673fb6373 sp=0x00007ff6297f9618 mode 0


Dynamic libraries:
00400000-00401000 r-xp 00000000 08:01 27394964                           /usr/lib/jvm/java-8-openjdk-amd64/jre/bin/java
00600000-00601000 r--p 00000000 08:01 27394964                           /usr/lib/jvm/java-8-openjdk-amd64/jre/bin/java
00601000-00602000 rw-p 00001000 08:01 27394964                           /usr/lib/jvm/java-8-openjdk-amd64/jre/bin/java
01ddc000-01dfd000 rw-p 00000000 00:00 0                                  [heap]
c4c00000-c7400000 rw-p 00000000 00:00 0 
c7400000-ec400000 ---p 00000000 00:00 0 
ec400000-f0500000 rw-p 00000000 00:00 0 
f0500000-100000000 ---p 00000000 00:00 0 
100000000-100080000 rw-p 00000000 00:00 0 
100080000-140000000 ---p 00000000 00:00 0 
7ff5f0000000-7ff5f09d6000 rw-p 00000000 00:00 0 
7ff5f09d6000-7ff5f4000000 ---p 00000000 00:00 0 
7ff5f4000000-7ff5f49cf000 rw-p 00000000 00:00 0 
7ff5f49cf000-7ff5f8000000 ---p 00000000 00:00 0 
7ff5f8000000-7ff5f89d8000 rw-p 00000000 00:00 0 
7ff5f89d8000-7ff5fc000000 ---p 00000000 00:00 0 
7ff5fc000000-7ff5fc9d3000 rw-p 00000000 00:00 0 
7ff5fc9d3000-7ff600000000 ---p 00000000 00:00 0 
7ff600000000-7ff6009d4000 rw-p 00000000 00:00 0 
7ff6009d4000-7ff604000000 ---p 00000000 00:00 0 
7ff604000000-7ff6049d5000 rw-p 00000000 00:00 0 
7ff6049d5000-7ff608000000 ---p 00000000 00:00 0 
7ff608000000-7ff6089cf000 rw-p 00000000 00:00 0 
7ff6089cf000-7ff60c000000 ---p 00000000 00:00 0 
7ff60c000000-7ff60c9d0000 rw-p 00000000 00:00 0 
7ff60c9d0000-7ff610000000 ---p 00000000 00:00 0 
7ff610000000-7ff6109d2000 rw-p 00000000 00:00 0 
7ff6109d2000-7ff614000000 ---p 00000000 00:00 0 
7ff614000000-7ff6149d2000 rw-p 00000000 00:00 0 
7ff6149d2000-7ff618000000 ---p 00000000 00:00 0 
7ff618000000-7ff6189d3000 rw-p 00000000 00:00 0 
7ff6189d3000-7ff61c000000 ---p 00000000 00:00 0 
7ff61c000000-7ff61c9d3000 rw-p 00000000 00:00 0 
7ff61c9d3000-7ff620000000 ---p 00000000 00:00 0 
7ff620000000-7ff6209cf000 rw-p 00000000 00:00 0 
7ff6209cf000-7ff624000000 ---p 00000000 00:00 0 
7ff624000000-7ff6249d4000 rw-p 00000000 00:00 0 
7ff6249d4000-7ff628000000 ---p 00000000 00:00 0 
7ff6287f9000-7ff6287fc000 ---p 00000000 00:00 0 
7ff6287fc000-7ff628ffa000 rw-p 00000000 00:00 0 
7ff628ffa000-7ff628ffd000 ---p 00000000 00:00 0 
7ff628ffd000-7ff6297fb000 rw-p 00000000 00:00 0 
7ff6297fb000-7ff6297fe000 ---p 00000000 00:00 0 
7ff6297fe000-7ff629ffc000 rw-p 00000000 00:00 0 
7ff629ffc000-7ff629fff000 ---p 00000000 00:00 0 
7ff629fff000-7ff62a7fd000 rw-p 00000000 00:00 0 
7ff62a7fd000-7ff62a800000 ---p 00000000 00:00 0 
7ff62a800000-7ff62affe000 rw-p 00000000 00:00 0 
7ff62affe000-7ff62b001000 ---p 00000000 00:00 0 
7ff62b001000-7ff62b7ff000 rw-p 00000000 00:00 0 
7ff62b7ff000-7ff62b802000 ---p 00000000 00:00 0 
7ff62b802000-7ff62c000000 rw-p 00000000 00:00 0 
7ff62c000000-7ff62c9d6000 rw-p 00000000 00:00 0 
7ff62c9d6000-7ff630000000 ---p 00000000 00:00 0 
7ff6307f9000-7ff6307fc000 ---p 00000000 00:00 0 
7ff6307fc000-7ff630ffa000 rw-p 00000000 00:00 0 
7ff630ffa000-7ff630ffd000 ---p 00000000 00:00 0 
7ff630ffd000-7ff6317fb000 rw-p 00000000 00:00 0 
7ff6317fb000-7ff6317fe000 ---p 00000000 00:00 0 
7ff6317fe000-7ff631ffc000 rw-p 00000000 00:00 0 
7ff631ffc000-7ff631fff000 ---p 00000000 00:00 0 
7ff631fff000-7ff6327fd000 rw-p 00000000 00:00 0 
7ff6327fd000-7ff632800000 ---p 00000000 00:00 0 
7ff632800000-7ff632ffe000 rw-p 00000000 00:00 0 
7ff632ffe000-7ff633001000 ---p 00000000 00:00 0 
7ff633001000-7ff6337ff000 rw-p 00000000 00:00 0 
7ff6337ff000-7ff633802000 ---p 00000000 00:00 0 
7ff633802000-7ff634000000 rw-p 00000000 00:00 0 
7ff634000000-7ff634021000 rw-p 00000000 00:00 0 
7ff634021000-7ff638000000 ---p 00000000 00:00 0 
7ff638000000-7ff6389d3000 rw-p 00000000 00:00 0 
7ff6389d3000-7ff63c000000 ---p 00000000 00:00 0 
7ff63c000000-7ff63c403000 rw-p 00000000 00:00 0 
7ff63c403000-7ff640000000 ---p 00000000 00:00 0 
7ff640000000-7ff640021000 rw-p 00000000 00:00 0 
7ff640021000-7ff644000000 ---p 00000000 00:00 0 
7ff644000000-7ff6452dc000 rw-p 00000000 00:00 0 
7ff6452dc000-7ff648000000 ---p 00000000 00:00 0 
7ff648000000-7ff649bc4000 rw-p 00000000 00:00 0 
7ff649bc4000-7ff64c000000 ---p 00000000 00:00 0 
7ff64c000000-7ff64c021000 rw-p 00000000 00:00 0 
7ff64c021000-7ff650000000 ---p 00000000 00:00 0 
7ff650000000-7ff650021000 rw-p 00000000 00:00 0 
7ff650021000-7ff654000000 ---p 00000000 00:00 0 
7ff654000000-7ff654021000 rw-p 00000000 00:00 0 
7ff654021000-7ff658000000 ---p 00000000 00:00 0 
7ff658000000-7ff658021000 rw-p 00000000 00:00 0 
7ff658021000-7ff65c000000 ---p 00000000 00:00 0 
7ff65c000000-7ff65c021000 rw-p 00000000 00:00 0 
7ff65c021000-7ff660000000 ---p 00000000 00:00 0 
7ff660153000-7ff660156000 ---p 00000000 00:00 0 
7ff660156000-7ff660954000 rw-p 00000000 00:00 0 
7ff660954000-7ff660957000 ---p 00000000 00:00 0 
7ff660957000-7ff661155000 rw-p 00000000 00:00 0 
7ff661155000-7ff66116d000 r-xp 00000000 08:01 2359397                    /tmp/simgrid-java9154008132662697190/libsimgrid-java.so
7ff66116d000-7ff66136d000 ---p 00018000 08:01 2359397                    /tmp/simgrid-java9154008132662697190/libsimgrid-java.so
7ff66136d000-7ff66136e000 rw-p 00018000 08:01 2359397                    /tmp/simgrid-java9154008132662697190/libsimgrid-java.so
7ff66136e000-7ff661633000 r-xp 00000000 08:01 2359396                    /tmp/simgrid-java9154008132662697190/libsimgrid.so
7ff661633000-7ff661833000 ---p 002c5000 08:01 2359396                    /tmp/simgrid-java9154008132662697190/libsimgrid.so
7ff661833000-7ff66186e000 rw-p 002c5000 08:01 2359396                    /tmp/simgrid-java9154008132662697190/libsimgrid.so
7ff66186e000-7ff661b77000 rw-p 00000000 00:00 0 
7ff661b77000-7ff661b8e000 r-xp 00000000 08:01 27394913                   /usr/lib/jvm/java-8-openjdk-amd64/jre/lib/amd64/libnet.so
7ff661b8e000-7ff661d8d000 ---p 00017000 08:01 27394913                   /usr/lib/jvm/java-8-openjdk-amd64/jre/lib/amd64/libnet.so
7ff661d8d000-7ff661d8e000 r--p 00016000 08:01 27394913                   /usr/lib/jvm/java-8-openjdk-amd64/jre/lib/amd64/libnet.so
7ff661d8e000-7ff661d8f000 rw-p 00017000 08:01 27394913                   /usr/lib/jvm/java-8-openjdk-amd64/jre/lib/amd64/libnet.so
7ff661d8f000-7ff661da0000 r-xp 00000000 08:01 27394925                   /usr/lib/jvm/java-8-openjdk-amd64/jre/lib/amd64/libnio.so
7ff661da0000-7ff661fa0000 ---p 00011000 08:01 27394925                   /usr/lib/jvm/java-8-openjdk-amd64/jre/lib/amd64/libnio.so
7ff661fa0000-7ff661fa1000 r--p 00011000 08:01 27394925                   /usr/lib/jvm/java-8-openjdk-amd64/jre/lib/amd64/libnio.so
7ff661fa1000-7ff661fa2000 rw-p 00012000 08:01 27394925                   /usr/lib/jvm/java-8-openjdk-amd64/jre/lib/amd64/libnio.so
7ff661fa2000-7ff661fa3000 ---p 00000000 00:00 0 
7ff661fa3000-7ff6620a3000 rw-p 00000000 00:00 0 
7ff6620a3000-7ff6620a6000 ---p 00000000 00:00 0 
7ff6620a6000-7ff6621a4000 rw-p 00000000 00:00 0 
7ff6621a4000-7ff6621a7000 ---p 00000000 00:00 0 
7ff6621a7000-7ff6622a5000 rw-p 00000000 00:00 0 
7ff6622a5000-7ff6622a8000 ---p 00000000 00:00 0 
7ff6622a8000-7ff6623a6000 rw-p 00000000 00:00 0 
7ff6623a6000-7ff6623a9000 ---p 00000000 00:00 0 
7ff6623a9000-7ff6624a7000 rw-p 00000000 00:00 0 
7ff6624a7000-7ff6624aa000 ---p 00000000 00:00 0 
7ff6624aa000-7ff6625a8000 rw-p 00000000 00:00 0 
7ff6625a8000-7ff6639fa000 r--p 00000000 08:01 23331759                   /usr/lib/locale/locale-archive
7ff6639fa000-7ff6639fd000 ---p 00000000 00:00 0 
7ff6639fd000-7ff663afb000 rw-p 00000000 00:00 0 
7ff663afb000-7ff663afe000 ---p 00000000 00:00 0 
7ff663afe000-7ff663bfc000 rw-p 00000000 00:00 0 
7ff663bfc000-7ff663bfd000 ---p 00000000 00:00 0 
7ff663bfd000-7ff664000000 rw-p 00000000 00:00 0 
7ff664000000-7ff664021000 rw-p 00000000 00:00 0 
7ff664021000-7ff668000000 ---p 00000000 00:00 0 
7ff668000000-7ff668021000 rw-p 00000000 00:00 0 
7ff668021000-7ff66c000000 ---p 00000000 00:00 0 
7ff66c000000-7ff66c021000 rw-p 00000000 00:00 0 
7ff66c021000-7ff670000000 ---p 00000000 00:00 0 
7ff670005000-7ff670c11000 rw-p 00000000 00:00 0 
7ff670c11000-7ff670de0000 r--s 03c07000 08:01 27394927                   /usr/lib/jvm/java-8-openjdk-amd64/jre/lib/rt.jar
7ff670de0000-7ff671296000 rw-p 00000000 00:00 0 
7ff671296000-7ff671656000 ---p 00000000 00:00 0 
7ff671656000-7ff6735d0000 rw-p 00000000 00:00 0 
7ff6735d0000-7ff6735d1000 ---p 00000000 00:00 0 
7ff6735d1000-7ff6736d1000 rw-p 00000000 00:00 0 
7ff6736d1000-7ff6736d2000 ---p 00000000 00:00 0 
7ff6736d2000-7ff6737d2000 rw-p 00000000 00:00 0 
7ff6737d2000-7ff6737d3000 ---p 00000000 00:00 0 
7ff6737d3000-7ff6738d3000 rw-p 00000000 00:00 0 
7ff6738d3000-7ff6738d4000 ---p 00000000 00:00 0 
7ff6738d4000-7ff6739e8000 rw-p 00000000 00:00 0 
7ff6739e8000-7ff673b10000 ---p 00000000 00:00 0 
7ff673b10000-7ff673b31000 rw-p 00000000 00:00 0 
7ff673b31000-7ff673bae000 ---p 00000000 00:00 0 
7ff673bae000-7ff673bba000 rw-p 00000000 00:00 0 
7ff673bba000-7ff673f6f000 ---p 00000000 00:00 0 
7ff673f6f000-7ff6741ff000 rwxp 00000000 00:00 0 
7ff6741ff000-7ff682f6f000 ---p 00000000 00:00 0 
7ff682f6f000-7ff682f77000 r-xp 00000000 08:01 27394905                   /usr/lib/jvm/java-8-openjdk-amd64/jre/lib/amd64/libzip.so
7ff682f77000-7ff683176000 ---p 00008000 08:01 27394905                   /usr/lib/jvm/java-8-openjdk-amd64/jre/lib/amd64/libzip.so
7ff683176000-7ff683177000 r--p 00007000 08:01 27394905                   /usr/lib/jvm/java-8-openjdk-amd64/jre/lib/amd64/libzip.so
7ff683177000-7ff683178000 rw-p 00008000 08:01 27394905                   /usr/lib/jvm/java-8-openjdk-amd64/jre/lib/amd64/libzip.so
7ff683178000-7ff683183000 r-xp 00000000 08:01 3932251                    /lib/x86_64-linux-gnu/libnss_files-2.23.so
7ff683183000-7ff683382000 ---p 0000b000 08:01 3932251                    /lib/x86_64-linux-gnu/libnss_files-2.23.so
7ff683382000-7ff683383000 r--p 0000a000 08:01 3932251                    /lib/x86_64-linux-gnu/libnss_files-2.23.so
7ff683383000-7ff683384000 rw-p 0000b000 08:01 3932251                    /lib/x86_64-linux-gnu/libnss_files-2.23.so
7ff683384000-7ff68338a000 rw-p 00000000 00:00 0 
7ff68338a000-7ff683395000 r-xp 00000000 08:01 3932244                    /lib/x86_64-linux-gnu/libnss_nis-2.23.so
7ff683395000-7ff683594000 ---p 0000b000 08:01 3932244                    /lib/x86_64-linux-gnu/libnss_nis-2.23.so
7ff683594000-7ff683595000 r--p 0000a000 08:01 3932244                    /lib/x86_64-linux-gnu/libnss_nis-2.23.so
7ff683595000-7ff683596000 rw-p 0000b000 08:01 3932244                    /lib/x86_64-linux-gnu/libnss_nis-2.23.so
7ff683596000-7ff6835ac000 r-xp 00000000 08:01 3932246                    /lib/x86_64-linux-gnu/libnsl-2.23.so
7ff6835ac000-7ff6837ab000 ---p 00016000 08:01 3932246                    /lib/x86_64-linux-gnu/libnsl-2.23.so
7ff6837ab000-7ff6837ac000 r--p 00015000 08:01 3932246                    /lib/x86_64-linux-gnu/libnsl-2.23.so
7ff6837ac000-7ff6837ad000 rw-p 00016000 08:01 3932246                    /lib/x86_64-linux-gnu/libnsl-2.23.so
7ff6837ad000-7ff6837af000 rw-p 00000000 00:00 0 
7ff6837af000-7ff6837b7000 r-xp 00000000 08:01 3932253                    /lib/x86_64-linux-gnu/libnss_compat-2.23.so
7ff6837b7000-7ff6839b6000 ---p 00008000 08:01 3932253                    /lib/x86_64-linux-gnu/libnss_compat-2.23.so
7ff6839b6000-7ff6839b7000 r--p 00007000 08:01 3932253                    /lib/x86_64-linux-gnu/libnss_compat-2.23.so
7ff6839b7000-7ff6839b8000 rw-p 00008000 08:01 3932253                    /lib/x86_64-linux-gnu/libnss_compat-2.23.so
7ff6839b8000-7ff6839e5000 r-xp 00000000 08:01 27394900                   /usr/lib/jvm/java-8-openjdk-amd64/jre/lib/amd64/libjava.so
7ff6839e5000-7ff683be4000 ---p 0002d000 08:01 27394900                   /usr/lib/jvm/java-8-openjdk-amd64/jre/lib/amd64/libjava.so
7ff683be4000-7ff683be5000 r--p 0002c000 08:01 27394900                   /usr/lib/jvm/java-8-openjdk-amd64/jre/lib/amd64/libjava.so
7ff683be5000-7ff683be7000 rw-p 0002d000 08:01 27394900                   /usr/lib/jvm/java-8-openjdk-amd64/jre/lib/amd64/libjava.so
7ff683be7000-7ff683bf6000 r-xp 00000000 08:01 27394897                   /usr/lib/jvm/java-8-openjdk-amd64/jre/lib/amd64/libverify.so
7ff683bf6000-7ff683df5000 ---p 0000f000 08:01 27394897                   /usr/lib/jvm/java-8-openjdk-amd64/jre/lib/amd64/libverify.so
7ff683df5000-7ff683df7000 r--p 0000e000 08:01 27394897                   /usr/lib/jvm/java-8-openjdk-amd64/jre/lib/amd64/libverify.so
7ff683df7000-7ff683df8000 rw-p 00010000 08:01 27394897                   /usr/lib/jvm/java-8-openjdk-amd64/jre/lib/amd64/libverify.so
7ff683df8000-7ff683dff000 r-xp 00000000 08:01 3932254                    /lib/x86_64-linux-gnu/librt-2.23.so
7ff683dff000-7ff683ffe000 ---p 00007000 08:01 3932254                    /lib/x86_64-linux-gnu/librt-2.23.so
7ff683ffe000-7ff683fff000 r--p 00006000 08:01 3932254                    /lib/x86_64-linux-gnu/librt-2.23.so
7ff683fff000-7ff684000000 rw-p 00007000 08:01 3932254                    /lib/x86_64-linux-gnu/librt-2.23.so
7ff684000000-7ff686463000 rw-p 00000000 00:00 0 
7ff686463000-7ff688000000 ---p 00000000 00:00 0 
7ff688034000-7ff688039000 r--s 0009a000 08:01 27394949                   /usr/lib/jvm/java-8-openjdk-amd64/jre/lib/jsse.jar
7ff688039000-7ff688043000 r--s 00116000 08:01 27394885                   /usr/lib/jvm/java-8-openjdk-amd64/jre/lib/ext/localedata.jar
7ff688043000-7ff68805e000 r--s 001d6000 08:01 27394886                   /usr/lib/jvm/java-8-openjdk-amd64/jre/lib/ext/nashorn.jar
7ff68805e000-7ff688072000 rw-p 00000000 00:00 0 
7ff688072000-7ff68819a000 ---p 00000000 00:00 0 
7ff68819a000-7ff6881b0000 r-xp 00000000 08:01 3936627                    /lib/x86_64-linux-gnu/libgcc_s.so.1
7ff6881b0000-7ff6883af000 ---p 00016000 08:01 3936627                    /lib/x86_64-linux-gnu/libgcc_s.so.1
7ff6883af000-7ff6883b0000 rw-p 00015000 08:01 3936627                    /lib/x86_64-linux-gnu/libgcc_s.so.1
7ff6883b0000-7ff6884b8000 r-xp 00000000 08:01 3932245                    /lib/x86_64-linux-gnu/libm-2.23.so
7ff6884b8000-7ff6886b7000 ---p 00108000 08:01 3932245                    /lib/x86_64-linux-gnu/libm-2.23.so
7ff6886b7000-7ff6886b8000 r--p 00107000 08:01 3932245                    /lib/x86_64-linux-gnu/libm-2.23.so
7ff6886b8000-7ff6886b9000 rw-p 00108000 08:01 3932245                    /lib/x86_64-linux-gnu/libm-2.23.so
7ff6886b9000-7ff68882b000 r-xp 00000000 08:01 23332798                   /usr/lib/x86_64-linux-gnu/libstdc++.so.6.0.21
7ff68882b000-7ff688a2b000 ---p 00172000 08:01 23332798                   /usr/lib/x86_64-linux-gnu/libstdc++.so.6.0.21
7ff688a2b000-7ff688a35000 r--p 00172000 08:01 23332798                   /usr/lib/x86_64-linux-gnu/libstdc++.so.6.0.21
7ff688a35000-7ff688a37000 rw-p 0017c000 08:01 23332798                   /usr/lib/x86_64-linux-gnu/libstdc++.so.6.0.21
7ff688a37000-7ff688a3b000 rw-p 00000000 00:00 0 
7ff688a3b000-7ff68968c000 r-xp 00000000 08:01 27394896                   /usr/lib/jvm/java-8-openjdk-amd64/jre/lib/amd64/server/libjvm.so
7ff68968c000-7ff68988c000 ---p 00c51000 08:01 27394896                   /usr/lib/jvm/java-8-openjdk-amd64/jre/lib/amd64/server/libjvm.so
7ff68988c000-7ff68991f000 r--p 00c51000 08:01 27394896                   /usr/lib/jvm/java-8-openjdk-amd64/jre/lib/amd64/server/libjvm.so
7ff68991f000-7ff689948000 rw-p 00ce4000 08:01 27394896                   /usr/lib/jvm/java-8-openjdk-amd64/jre/lib/amd64/server/libjvm.so
7ff689948000-7ff689978000 rw-p 00000000 00:00 0 
7ff689978000-7ff689990000 r-xp 00000000 08:01 3932258                    /lib/x86_64-linux-gnu/libpthread-2.23.so
7ff689990000-7ff689b8f000 ---p 00018000 08:01 3932258                    /lib/x86_64-linux-gnu/libpthread-2.23.so
7ff689b8f000-7ff689b90000 r--p 00017000 08:01 3932258                    /lib/x86_64-linux-gnu/libpthread-2.23.so
7ff689b90000-7ff689b91000 rw-p 00018000 08:01 3932258                    /lib/x86_64-linux-gnu/libpthread-2.23.so
7ff689b91000-7ff689b95000 rw-p 00000000 00:00 0 
7ff689b95000-7ff689b98000 r-xp 00000000 08:01 3932243                    /lib/x86_64-linux-gnu/libdl-2.23.so
7ff689b98000-7ff689d97000 ---p 00003000 08:01 3932243                    /lib/x86_64-linux-gnu/libdl-2.23.so
7ff689d97000-7ff689d98000 r--p 00002000 08:01 3932243                    /lib/x86_64-linux-gnu/libdl-2.23.so
7ff689d98000-7ff689d99000 rw-p 00003000 08:01 3932243                    /lib/x86_64-linux-gnu/libdl-2.23.so
7ff689d99000-7ff689db2000 r-xp 00000000 08:01 3932671                    /lib/x86_64-linux-gnu/libz.so.1.2.8
7ff689db2000-7ff689fb1000 ---p 00019000 08:01 3932671                    /lib/x86_64-linux-gnu/libz.so.1.2.8
7ff689fb1000-7ff689fb2000 r--p 00018000 08:01 3932671                    /lib/x86_64-linux-gnu/libz.so.1.2.8
7ff689fb2000-7ff689fb3000 rw-p 00019000 08:01 3932671                    /lib/x86_64-linux-gnu/libz.so.1.2.8
7ff689fb3000-7ff68a172000 r-xp 00000000 08:01 3932247                    /lib/x86_64-linux-gnu/libc-2.23.so
7ff68a172000-7ff68a372000 ---p 001bf000 08:01 3932247                    /lib/x86_64-linux-gnu/libc-2.23.so
7ff68a372000-7ff68a376000 r--p 001bf000 08:01 3932247                    /lib/x86_64-linux-gnu/libc-2.23.so
7ff68a376000-7ff68a378000 rw-p 001c3000 08:01 3932247                    /lib/x86_64-linux-gnu/libc-2.23.so
7ff68a378000-7ff68a37c000 rw-p 00000000 00:00 0 
7ff68a37c000-7ff68a389000 r-xp 00000000 08:01 27394912                   /usr/lib/jvm/java-8-openjdk-amd64/jre/lib/amd64/jli/libjli.so
7ff68a389000-7ff68a589000 ---p 0000d000 08:01 27394912                   /usr/lib/jvm/java-8-openjdk-amd64/jre/lib/amd64/jli/libjli.so
7ff68a589000-7ff68a58a000 r--p 0000d000 08:01 27394912                   /usr/lib/jvm/java-8-openjdk-amd64/jre/lib/amd64/jli/libjli.so
7ff68a58a000-7ff68a58b000 rw-p 0000e000 08:01 27394912                   /usr/lib/jvm/java-8-openjdk-amd64/jre/lib/amd64/jli/libjli.so
7ff68a58b000-7ff68a5b1000 r-xp 00000000 08:01 3932248                    /lib/x86_64-linux-gnu/ld-2.23.so
7ff68a5b2000-7ff68a5b7000 r--s 0003b000 08:01 27394882                   /usr/lib/jvm/java-8-openjdk-amd64/jre/lib/ext/sunjce_provider.jar
7ff68a5b7000-7ff68a5d2000 r--s 00394000 08:01 27394884                   /usr/lib/jvm/java-8-openjdk-amd64/jre/lib/ext/cldrdata.jar
7ff68a5d2000-7ff68a68d000 rw-p 00000000 00:00 0 
7ff68a68d000-7ff68a690000 ---p 00000000 00:00 0 
7ff68a690000-7ff68a793000 rw-p 00000000 00:00 0 
7ff68a793000-7ff68a796000 r--s 00f76000 08:01 9967704                    /home/elixandrebaldi/Documentos/VCubeDHT/VCube/dist/lib/simgrid.jar
7ff68a796000-7ff68a797000 r--s 00005000 08:01 9832829                    /home/elixandrebaldi/Documentos/VCubeDHT/VCube/dist/VCube.jar
7ff68a797000-7ff68a798000 r--s 0000a000 08:01 27394878                   /usr/lib/jvm/java-8-openjdk-amd64/jre/lib/ext/jaccess.jar
7ff68a798000-7ff68a799000 r--s 00010000 08:01 27394880                   /usr/lib/jvm/java-8-openjdk-amd64/jre/lib/ext/zipfs.jar
7ff68a799000-7ff68a79c000 r--s 0000f000 08:01 27394883                   /usr/lib/jvm/java-8-openjdk-amd64/jre/lib/ext/icedtea-sound.jar
7ff68a79c000-7ff68a79e000 r--s 00001000 08:01 27394877                   /usr/lib/jvm/java-8-openjdk-amd64/jre/lib/ext/dnsns.jar
7ff68a79e000-7ff68a7a2000 r--s 00037000 08:01 27394879                   /usr/lib/jvm/java-8-openjdk-amd64/jre/lib/ext/sunpkcs11.jar
7ff68a7a2000-7ff68a7a4000 r--s 00008000 08:01 27394881                   /usr/lib/jvm/java-8-openjdk-amd64/jre/lib/ext/sunec.jar
7ff68a7a4000-7ff68a7ac000 rw-s 00000000 08:01 2359380                    /tmp/hsperfdata_elixandrebaldi/5828
7ff68a7ac000-7ff68a7ad000 rw-p 00000000 00:00 0 
7ff68a7ad000-7ff68a7ae000 r--p 00000000 00:00 0 
7ff68a7ae000-7ff68a7b0000 rw-p 00000000 00:00 0 
7ff68a7b0000-7ff68a7b1000 r--p 00025000 08:01 3932248                    /lib/x86_64-linux-gnu/ld-2.23.so
7ff68a7b1000-7ff68a7b2000 rw-p 00026000 08:01 3932248                    /lib/x86_64-linux-gnu/ld-2.23.so
7ff68a7b2000-7ff68a7b3000 rw-p 00000000 00:00 0 
7ffc5a62b000-7ffc5a64c000 rw-p 00000000 00:00 0                          [stack]
7ffc5a776000-7ffc5a778000 r--p 00000000 00:00 0                          [vvar]
7ffc5a778000-7ffc5a77a000 r-xp 00000000 00:00 0                          [vdso]
ffffffffff600000-ffffffffff601000 r-xp 00000000 00:00 0                  [vsyscall]

VM Arguments:
java_command: VCube.jar ../platform.xml ../deployment.xml
java_class_path (initial): VCube.jar
Launcher Type: SUN_STANDARD

Environment Variables:
PATH=/home/elixandrebaldi/bin:/home/elixandrebaldi/.local/bin:/usr/local/sbin:/usr/local/bin:/usr/sbin:/usr/bin:/sbin:/bin:/usr/games:/usr/local/games
SHELL=/bin/bash
DISPLAY=:0

Signal Handlers:
SIGSEGV: [libjvm.so+0xa67f40], sa_mask[0]=11111111011111111101111111111110, sa_flags=SA_RESTART|SA_SIGINFO
SIGBUS: [libjvm.so+0xa67f40], sa_mask[0]=11111111011111111101111111111110, sa_flags=SA_RESTART|SA_SIGINFO
SIGFPE: [libjvm.so+0x8b0ec0], sa_mask[0]=11111111011111111101111111111110, sa_flags=SA_RESTART|SA_SIGINFO
SIGPIPE: [libjvm.so+0x8b0ec0], sa_mask[0]=11111111011111111101111111111110, sa_flags=SA_RESTART|SA_SIGINFO
SIGXFSZ: [libjvm.so+0x8b0ec0], sa_mask[0]=11111111011111111101111111111110, sa_flags=SA_RESTART|SA_SIGINFO
SIGILL: [libjvm.so+0x8b0ec0], sa_mask[0]=11111111011111111101111111111110, sa_flags=SA_RESTART|SA_SIGINFO
SIGUSR1: SIG_DFL, sa_mask[0]=00000000000000000000000000000000, sa_flags=none
SIGUSR2: [libjvm.so+0x8b0d70], sa_mask[0]=00000000000000000000000000000000, sa_flags=SA_RESTART|SA_SIGINFO
SIGHUP: [libjvm.so+0x8b1240], sa_mask[0]=11111111011111111101111111111110, sa_flags=SA_RESTART|SA_SIGINFO
SIGINT: [libsimgrid.so+0x8ff50], sa_mask[0]=01000000000000000000000000000000, sa_flags=SA_RESTART
SIGTERM: [libjvm.so+0x8b1240], sa_mask[0]=11111111011111111101111111111110, sa_flags=SA_RESTART|SA_SIGINFO
SIGQUIT: [libjvm.so+0x8b1240], sa_mask[0]=11111111011111111101111111111110, sa_flags=SA_RESTART|SA_SIGINFO


---------------  S Y S T E M  ---------------

OS:DISTRIB_ID="elementary"
DISTRIB_RELEASE=0.4.1
DISTRIB_CODENAME=loki
DISTRIB_DESCRIPTION="elementary OS 0.4.1 Loki"

uname:Linux 4.4.0-79-generic #100-Ubuntu SMP Wed May 17 19:58:14 UTC 2017 x86_64
libc:glibc 2.23 NPTL 2.23 
rlimit: STACK 8192k, CORE 0k, NPROC 14991, NOFILE 65536, AS infinity
load average:0.52 0.55 0.74

/proc/meminfo:
MemTotal:        3878592 kB
MemFree:          130832 kB
MemAvailable:     991596 kB
Buffers:          132896 kB
Cached:          1052416 kB
SwapCached:         2268 kB
Active:          2494452 kB
Inactive:         992312 kB
Active(anon):    1889284 kB
Inactive(anon):   592496 kB
Active(file):     605168 kB
Inactive(file):   399816 kB
Unevictable:          48 kB
Mlocked:              48 kB
SwapTotal:       4025340 kB
SwapFree:        3992604 kB
Dirty:             12024 kB
Writeback:             0 kB
AnonPages:       2299200 kB
Mapped:           410804 kB
Shmem:            180328 kB
Slab:             151664 kB
SReclaimable:     116552 kB
SUnreclaim:        35112 kB
KernelStack:        9776 kB
PageTables:        39976 kB
NFS_Unstable:          0 kB
Bounce:                0 kB
WritebackTmp:          0 kB
CommitLimit:     5964636 kB
Committed_AS:    6700724 kB
VmallocTotal:   34359738367 kB
VmallocUsed:           0 kB
VmallocChunk:          0 kB
HardwareCorrupted:     0 kB
AnonHugePages:    815104 kB
CmaTotal:              0 kB
CmaFree:               0 kB
HugePages_Total:       0
HugePages_Free:        0
HugePages_Rsvd:        0
HugePages_Surp:        0
Hugepagesize:       2048 kB
DirectMap4k:      156408 kB
DirectMap2M:     3870720 kB


CPU:total 4 (initial active 4) (2 cores per cpu, 2 threads per core) family 6 model 58 stepping 9, cmov, cx8, fxsr, mmx, sse, sse2, sse3, ssse3, sse4.1, sse4.2, popcnt, avx, clmul, erms, ht, tsc, tscinvbit, tscinv

/proc/cpuinfo:
processor	: 0
vendor_id	: GenuineIntel
cpu family	: 6
model		: 58
model name	: Intel(R) Core(TM) i7-3517U CPU @ 1.90GHz
stepping	: 9
microcode	: 0x12
cpu MHz		: 2799.937
cache size	: 4096 KB
physical id	: 0
siblings	: 4
core id		: 0
cpu cores	: 2
apicid		: 0
initial apicid	: 0
fpu		: yes
fpu_exception	: yes
cpuid level	: 13
wp		: yes
flags		: fpu vme de pse tsc msr pae mce cx8 apic sep mtrr pge mca cmov pat pse36 clflush dts acpi mmx fxsr sse sse2 ss ht tm pbe syscall nx rdtscp lm constant_tsc arch_perfmon pebs bts rep_good nopl xtopology nonstop_tsc aperfmperf eagerfpu pni pclmulqdq dtes64 monitor ds_cpl vmx est tm2 ssse3 cx16 xtpr pdcm pcid sse4_1 sse4_2 x2apic popcnt tsc_deadline_timer xsave avx f16c rdrand lahf_lm epb tpr_shadow vnmi flexpriority ept vpid fsgsbase smep erms xsaveopt dtherm ida arat pln pts
bugs		:
bogomips	: 4788.84
clflush size	: 64
cache_alignment	: 64
address sizes	: 36 bits physical, 48 bits virtual
power management:

processor	: 1
vendor_id	: GenuineIntel
cpu family	: 6
model		: 58
model name	: Intel(R) Core(TM) i7-3517U CPU @ 1.90GHz
stepping	: 9
microcode	: 0x12
cpu MHz		: 2799.843
cache size	: 4096 KB
physical id	: 0
siblings	: 4
core id		: 0
cpu cores	: 2
apicid		: 1
initial apicid	: 1
fpu		: yes
fpu_exception	: yes
cpuid level	: 13
wp		: yes
flags		: fpu vme de pse tsc msr pae mce cx8 apic sep mtrr pge mca cmov pat pse36 clflush dts acpi mmx fxsr sse sse2 ss ht tm pbe syscall nx rdtscp lm constant_tsc arch_perfmon pebs bts rep_good nopl xtopology nonstop_tsc aperfmperf eagerfpu pni pclmulqdq dtes64 monitor ds_cpl vmx est tm2 ssse3 cx16 xtpr pdcm pcid sse4_1 sse4_2 x2apic popcnt tsc_deadline_timer xsave avx f16c rdrand lahf_lm epb tpr_shadow vnmi flexpriority ept vpid fsgsbase smep erms xsaveopt dtherm ida arat pln pts
bugs		:
bogomips	: 4788.84
clflush size	: 64
cache_alignment	: 64
address sizes	: 36 bits physical, 48 bits virtual
power management:

processor	: 2
vendor_id	: GenuineIntel
cpu family	: 6
model		: 58
model name	: Intel(R) Core(TM) i7-3517U CPU @ 1.90GHz
stepping	: 9
microcode	: 0x12
cpu MHz		: 2717.250
cache size	: 4096 KB
physical id	: 0
siblings	: 4
core id		: 1
cpu cores	: 2
apicid		: 2
initial apicid	: 2
fpu		: yes
fpu_exception	: yes
cpuid level	: 13
wp		: yes
flags		: fpu vme de pse tsc msr pae mce cx8 apic sep mtrr pge mca cmov pat pse36 clflush dts acpi mmx fxsr sse sse2 ss ht tm pbe syscall nx rdtscp lm constant_tsc arch_perfmon pebs bts rep_good nopl xtopology nonstop_tsc aperfmperf eagerfpu pni pclmulqdq dtes64 monitor ds_cpl vmx est tm2 ssse3 cx16 xtpr pdcm pcid sse4_1 sse4_2 x2apic popcnt tsc_deadline_timer xsave avx f16c rdrand lahf_lm epb tpr_shadow vnmi flexpriority ept vpid fsgsbase smep erms xsaveopt dtherm ida arat pln pts
bugs		:
bogomips	: 4788.84
clflush size	: 64
cache_alignment	: 64
address sizes	: 36 bits physical, 48 bits virtual
power management:

processor	: 3
vendor_id	: GenuineIntel
cpu family	: 6
model		: 58
model name	: Intel(R) Core(TM) i7-3517U CPU @ 1.90GHz
stepping	: 9
microcode	: 0x12
cpu MHz		: 2896.781
cache size	: 4096 KB
physical id	: 0
siblings	: 4
core id		: 1
cpu cores	: 2
apicid		: 3
initial apicid	: 3
fpu		: yes
fpu_exception	: yes
cpuid level	: 13
wp		: yes
flags		: fpu vme de pse tsc msr pae mce cx8 apic sep mtrr pge mca cmov pat pse36 clflush dts acpi mmx fxsr sse sse2 ss ht tm pbe syscall nx rdtscp lm constant_tsc arch_perfmon pebs bts rep_good nopl xtopology nonstop_tsc aperfmperf eagerfpu pni pclmulqdq dtes64 monitor ds_cpl vmx est tm2 ssse3 cx16 xtpr pdcm pcid sse4_1 sse4_2 x2apic popcnt tsc_deadline_timer xsave avx f16c rdrand lahf_lm epb tpr_shadow vnmi flexpriority ept vpid fsgsbase smep erms xsaveopt dtherm ida arat pln pts
bugs		:
bogomips	: 4788.84
clflush size	: 64
cache_alignment	: 64
address sizes	: 36 bits physical, 48 bits virtual
power management:



Memory: 4k page, physical 3878592k(130832k free), swap 4025340k(3992604k free)

vm_info: OpenJDK 64-Bit Server VM (25.131-b11) for linux-amd64 JRE (1.8.0_131-8u131-b11-0ubuntu1.16.04.2-b11), built on May  6 2017 02:45:27 by "buildd" with gcc 5.4.0 20160609

time: Mon Jun 12 14:06:25 2017
elapsed time: 16 seconds (0d 0h 0m 16s)

